INFO:root:{'exp_name': 'singlehead_rotated_tasks', 'dataset': 'cifar10', 'task': [2, 3], 'angles': [0], 'task_aware': True, 'tune_alpha': False, 'net': 'smallconv', 'augment': False, 'n': 100, 'm_n_ratio': [0, 3, 5, 10, 20], 'sample_scheme': False, 'hp': {'epochs': 100, 'batch_size': 128, 'lr': 0.01, 'l2_reg': 1e-05}, 'reps': 10, 'val_split': 0.15, 'save_folder': './experiments/results/cifar10_rotated_tasks/no_aug_cus_0_nai_Naive_Task_Aware_2022_07_25_11:30:52', 'custom_sampler': True, 'setting': 'Naive_Task_Aware'}
INFO:root:{'epoch': 0, 'train_loss': 0.6954, 'train_acc': 0.58}
INFO:root:{'epoch': 10, 'train_loss': 0.0738, 'train_acc': 1.0}
INFO:root:{'epoch': 20, 'train_loss': 0.0127, 'train_acc': 1.0}
INFO:root:{'epoch': 30, 'train_loss': 0.0049, 'train_acc': 1.0}
INFO:root:{'epoch': 40, 'train_loss': 0.0031, 'train_acc': 1.0}
INFO:root:{'epoch': 50, 'train_loss': 0.0024, 'train_acc': 1.0}
INFO:root:{'epoch': 60, 'train_loss': 0.0021, 'train_acc': 1.0}
INFO:root:{'epoch': 70, 'train_loss': 0.002, 'train_acc': 1.0}
INFO:root:{'epoch': 80, 'train_loss': 0.002, 'train_acc': 1.0}
INFO:root:{'epoch': 90, 'train_loss': 0.0019, 'train_acc': 1.0}
INFO:root:{'angle': 0, 'm_n_ratio': 0, 'replicate_id': 0, 'alpha': 0.5, 'target_risk': 0.3245}
INFO:root:{'epoch': 0, 'train_loss': 1.0813, 'train_acc': 0.51}
INFO:root:{'epoch': 10, 'train_loss': 0.0984, 'train_acc': 1.0}
INFO:root:{'epoch': 20, 'train_loss': 0.0165, 'train_acc': 1.0}
INFO:root:{'epoch': 30, 'train_loss': 0.0059, 'train_acc': 1.0}
INFO:root:{'epoch': 40, 'train_loss': 0.0035, 'train_acc': 1.0}
INFO:root:{'epoch': 50, 'train_loss': 0.0028, 'train_acc': 1.0}
INFO:root:{'epoch': 60, 'train_loss': 0.0024, 'train_acc': 1.0}
INFO:root:{'epoch': 70, 'train_loss': 0.0023, 'train_acc': 1.0}
INFO:root:{'epoch': 80, 'train_loss': 0.0022, 'train_acc': 1.0}
INFO:root:{'epoch': 90, 'train_loss': 0.0022, 'train_acc': 1.0}
INFO:root:{'angle': 0, 'm_n_ratio': 0, 'replicate_id': 1, 'alpha': 0.5, 'target_risk': 0.334}
INFO:root:{'epoch': 0, 'train_loss': 0.8552, 'train_acc': 0.48}
INFO:root:{'epoch': 10, 'train_loss': 0.0867, 'train_acc': 1.0}
INFO:root:{'epoch': 20, 'train_loss': 0.0148, 'train_acc': 1.0}
INFO:root:{'epoch': 30, 'train_loss': 0.0054, 'train_acc': 1.0}
INFO:root:{'epoch': 40, 'train_loss': 0.0033, 'train_acc': 1.0}
INFO:root:{'epoch': 50, 'train_loss': 0.0026, 'train_acc': 1.0}
INFO:root:{'epoch': 60, 'train_loss': 0.0023, 'train_acc': 1.0}
INFO:root:{'epoch': 70, 'train_loss': 0.0021, 'train_acc': 1.0}
INFO:root:{'epoch': 80, 'train_loss': 0.0021, 'train_acc': 1.0}
INFO:root:{'epoch': 90, 'train_loss': 0.002, 'train_acc': 1.0}
INFO:root:{'angle': 0, 'm_n_ratio': 0, 'replicate_id': 2, 'alpha': 0.5, 'target_risk': 0.3255}
INFO:root:{'epoch': 0, 'train_loss': 0.7553, 'train_acc': 0.52}
INFO:root:{'epoch': 10, 'train_loss': 0.0844, 'train_acc': 1.0}
INFO:root:{'epoch': 20, 'train_loss': 0.0144, 'train_acc': 1.0}
INFO:root:{'epoch': 30, 'train_loss': 0.0053, 'train_acc': 1.0}
INFO:root:{'epoch': 40, 'train_loss': 0.0033, 'train_acc': 1.0}
INFO:root:{'epoch': 50, 'train_loss': 0.0026, 'train_acc': 1.0}
INFO:root:{'epoch': 60, 'train_loss': 0.0023, 'train_acc': 1.0}
INFO:root:{'epoch': 70, 'train_loss': 0.0021, 'train_acc': 1.0}
INFO:root:{'epoch': 80, 'train_loss': 0.0021, 'train_acc': 1.0}
INFO:root:{'epoch': 90, 'train_loss': 0.0021, 'train_acc': 1.0}
INFO:root:{'angle': 0, 'm_n_ratio': 0, 'replicate_id': 3, 'alpha': 0.5, 'target_risk': 0.3315}
INFO:root:{'epoch': 0, 'train_loss': 0.9768, 'train_acc': 0.5}
INFO:root:{'epoch': 10, 'train_loss': 0.0808, 'train_acc': 1.0}
INFO:root:{'epoch': 20, 'train_loss': 0.0143, 'train_acc': 1.0}
INFO:root:{'epoch': 30, 'train_loss': 0.0053, 'train_acc': 1.0}
INFO:root:{'epoch': 40, 'train_loss': 0.0033, 'train_acc': 1.0}
INFO:root:{'epoch': 50, 'train_loss': 0.0026, 'train_acc': 1.0}
INFO:root:{'epoch': 60, 'train_loss': 0.0023, 'train_acc': 1.0}
INFO:root:{'epoch': 70, 'train_loss': 0.0021, 'train_acc': 1.0}
INFO:root:{'epoch': 80, 'train_loss': 0.0021, 'train_acc': 1.0}
INFO:root:{'epoch': 90, 'train_loss': 0.0021, 'train_acc': 1.0}
INFO:root:{'angle': 0, 'm_n_ratio': 0, 'replicate_id': 4, 'alpha': 0.5, 'target_risk': 0.3165}
INFO:root:{'epoch': 0, 'train_loss': 0.706, 'train_acc': 0.62}
INFO:root:{'epoch': 10, 'train_loss': 0.0766, 'train_acc': 1.0}
INFO:root:{'epoch': 20, 'train_loss': 0.0139, 'train_acc': 1.0}
INFO:root:{'epoch': 30, 'train_loss': 0.0053, 'train_acc': 1.0}
INFO:root:{'epoch': 40, 'train_loss': 0.0033, 'train_acc': 1.0}
INFO:root:{'epoch': 50, 'train_loss': 0.0026, 'train_acc': 1.0}
INFO:root:{'epoch': 60, 'train_loss': 0.0023, 'train_acc': 1.0}
INFO:root:{'epoch': 70, 'train_loss': 0.0022, 'train_acc': 1.0}
INFO:root:{'epoch': 80, 'train_loss': 0.0021, 'train_acc': 1.0}
INFO:root:{'epoch': 90, 'train_loss': 0.0021, 'train_acc': 1.0}
INFO:root:{'angle': 0, 'm_n_ratio': 0, 'replicate_id': 5, 'alpha': 0.5, 'target_risk': 0.335}
INFO:root:{'epoch': 0, 'train_loss': 0.9383, 'train_acc': 0.5}
INFO:root:{'epoch': 10, 'train_loss': 0.0915, 'train_acc': 1.0}
INFO:root:{'epoch': 20, 'train_loss': 0.017, 'train_acc': 1.0}
INFO:root:{'epoch': 30, 'train_loss': 0.0061, 'train_acc': 1.0}
INFO:root:{'epoch': 40, 'train_loss': 0.0036, 'train_acc': 1.0}
INFO:root:{'epoch': 50, 'train_loss': 0.0028, 'train_acc': 1.0}
INFO:root:{'epoch': 60, 'train_loss': 0.0025, 'train_acc': 1.0}
INFO:root:{'epoch': 70, 'train_loss': 0.0023, 'train_acc': 1.0}
INFO:root:{'epoch': 80, 'train_loss': 0.0023, 'train_acc': 1.0}
INFO:root:{'epoch': 90, 'train_loss': 0.0022, 'train_acc': 1.0}
INFO:root:{'angle': 0, 'm_n_ratio': 0, 'replicate_id': 6, 'alpha': 0.5, 'target_risk': 0.323}
INFO:root:{'epoch': 0, 'train_loss': 0.7744, 'train_acc': 0.37}
INFO:root:{'epoch': 10, 'train_loss': 0.0734, 'train_acc': 1.0}
INFO:root:{'epoch': 20, 'train_loss': 0.0131, 'train_acc': 1.0}
INFO:root:{'epoch': 30, 'train_loss': 0.0049, 'train_acc': 1.0}
INFO:root:{'epoch': 40, 'train_loss': 0.0031, 'train_acc': 1.0}
INFO:root:{'epoch': 50, 'train_loss': 0.0024, 'train_acc': 1.0}
INFO:root:{'epoch': 60, 'train_loss': 0.0021, 'train_acc': 1.0}
INFO:root:{'epoch': 70, 'train_loss': 0.002, 'train_acc': 1.0}
INFO:root:{'epoch': 80, 'train_loss': 0.0019, 'train_acc': 1.0}
INFO:root:{'epoch': 90, 'train_loss': 0.0019, 'train_acc': 1.0}
INFO:root:{'angle': 0, 'm_n_ratio': 0, 'replicate_id': 7, 'alpha': 0.5, 'target_risk': 0.3345}
INFO:root:{'epoch': 0, 'train_loss': 0.8507, 'train_acc': 0.43}
INFO:root:{'epoch': 10, 'train_loss': 0.086, 'train_acc': 1.0}
INFO:root:{'epoch': 20, 'train_loss': 0.0161, 'train_acc': 1.0}
INFO:root:{'epoch': 30, 'train_loss': 0.0059, 'train_acc': 1.0}
INFO:root:{'epoch': 40, 'train_loss': 0.0036, 'train_acc': 1.0}
INFO:root:{'epoch': 50, 'train_loss': 0.0028, 'train_acc': 1.0}
INFO:root:{'epoch': 60, 'train_loss': 0.0025, 'train_acc': 1.0}
INFO:root:{'epoch': 70, 'train_loss': 0.0023, 'train_acc': 1.0}
INFO:root:{'epoch': 80, 'train_loss': 0.0022, 'train_acc': 1.0}
INFO:root:{'epoch': 90, 'train_loss': 0.0022, 'train_acc': 1.0}
INFO:root:{'angle': 0, 'm_n_ratio': 0, 'replicate_id': 8, 'alpha': 0.5, 'target_risk': 0.3295}
INFO:root:{'epoch': 0, 'train_loss': 0.762, 'train_acc': 0.44}
INFO:root:{'epoch': 10, 'train_loss': 0.0757, 'train_acc': 1.0}
INFO:root:{'epoch': 20, 'train_loss': 0.0131, 'train_acc': 1.0}
INFO:root:{'epoch': 30, 'train_loss': 0.0049, 'train_acc': 1.0}
INFO:root:{'epoch': 40, 'train_loss': 0.003, 'train_acc': 1.0}
INFO:root:{'epoch': 50, 'train_loss': 0.0024, 'train_acc': 1.0}
INFO:root:{'epoch': 60, 'train_loss': 0.0021, 'train_acc': 1.0}
INFO:root:{'epoch': 70, 'train_loss': 0.002, 'train_acc': 1.0}
INFO:root:{'epoch': 80, 'train_loss': 0.0019, 'train_acc': 1.0}
INFO:root:{'epoch': 90, 'train_loss': 0.0019, 'train_acc': 1.0}
INFO:root:{'angle': 0, 'm_n_ratio': 0, 'replicate_id': 9, 'alpha': 0.5, 'target_risk': 0.3185}
INFO:root:{'epoch': 0, 'target_train_loss': 0.5889, 'ood_train_loss': 0.7179, 'train_loss': 0.6534, 'train_acc': 0.5703, 'batch_target_fraction': 0.25}
INFO:root:{'epoch': 10, 'target_train_loss': 0.04, 'ood_train_loss': 0.1184, 'train_loss': 0.0792, 'train_acc': 0.9896, 'batch_target_fraction': 0.25}
INFO:root:{'epoch': 20, 'target_train_loss': 0.0056, 'ood_train_loss': 0.0177, 'train_loss': 0.0117, 'train_acc': 1.0, 'batch_target_fraction': 0.25}
INFO:root:{'epoch': 30, 'target_train_loss': 0.0025, 'ood_train_loss': 0.0078, 'train_loss': 0.0052, 'train_acc': 1.0, 'batch_target_fraction': 0.25}
INFO:root:{'epoch': 40, 'target_train_loss': 0.0018, 'ood_train_loss': 0.0059, 'train_loss': 0.0038, 'train_acc': 1.0, 'batch_target_fraction': 0.25}
INFO:root:{'epoch': 50, 'target_train_loss': 0.0013, 'ood_train_loss': 0.0043, 'train_loss': 0.0028, 'train_acc': 1.0, 'batch_target_fraction': 0.25}
INFO:root:{'epoch': 60, 'target_train_loss': 0.0014, 'ood_train_loss': 0.0049, 'train_loss': 0.0031, 'train_acc': 1.0, 'batch_target_fraction': 0.25}
INFO:root:{'epoch': 70, 'target_train_loss': 0.0011, 'ood_train_loss': 0.0039, 'train_loss': 0.0025, 'train_acc': 1.0, 'batch_target_fraction': 0.25}
INFO:root:{'epoch': 80, 'target_train_loss': 0.001, 'ood_train_loss': 0.0036, 'train_loss': 0.0023, 'train_acc': 1.0, 'batch_target_fraction': 0.25}
INFO:root:{'epoch': 90, 'target_train_loss': 0.001, 'ood_train_loss': 0.0034, 'train_loss': 0.0022, 'train_acc': 1.0, 'batch_target_fraction': 0.25}
INFO:root:{'angle': 0, 'm_n_ratio': 3, 'replicate_id': 0, 'alpha': 0.5, 'target_risk': 0.251}
INFO:root:{'epoch': 0, 'target_train_loss': 0.546, 'ood_train_loss': 0.626, 'train_loss': 0.586, 'train_acc': 0.6302, 'batch_target_fraction': 0.25}
INFO:root:{'epoch': 10, 'target_train_loss': 0.0269, 'ood_train_loss': 0.132, 'train_loss': 0.0794, 'train_acc': 0.9844, 'batch_target_fraction': 0.25}
INFO:root:{'epoch': 20, 'target_train_loss': 0.0051, 'ood_train_loss': 0.0171, 'train_loss': 0.0111, 'train_acc': 1.0, 'batch_target_fraction': 0.25}
INFO:root:{'epoch': 30, 'target_train_loss': 0.0019, 'ood_train_loss': 0.0068, 'train_loss': 0.0043, 'train_acc': 1.0, 'batch_target_fraction': 0.25}
INFO:root:{'epoch': 40, 'target_train_loss': 0.0013, 'ood_train_loss': 0.0047, 'train_loss': 0.003, 'train_acc': 1.0, 'batch_target_fraction': 0.25}
INFO:root:{'epoch': 50, 'target_train_loss': 0.0013, 'ood_train_loss': 0.0036, 'train_loss': 0.0025, 'train_acc': 1.0, 'batch_target_fraction': 0.25}
INFO:root:{'epoch': 60, 'target_train_loss': 0.001, 'ood_train_loss': 0.0033, 'train_loss': 0.0022, 'train_acc': 1.0, 'batch_target_fraction': 0.25}
INFO:root:{'epoch': 70, 'target_train_loss': 0.0009, 'ood_train_loss': 0.0036, 'train_loss': 0.0023, 'train_acc': 1.0, 'batch_target_fraction': 0.25}
INFO:root:{'epoch': 80, 'target_train_loss': 0.0008, 'ood_train_loss': 0.0028, 'train_loss': 0.0018, 'train_acc': 1.0, 'batch_target_fraction': 0.25}
INFO:root:{'epoch': 90, 'target_train_loss': 0.001, 'ood_train_loss': 0.003, 'train_loss': 0.002, 'train_acc': 1.0, 'batch_target_fraction': 0.25}
INFO:root:{'angle': 0, 'm_n_ratio': 3, 'replicate_id': 1, 'alpha': 0.5, 'target_risk': 0.244}
INFO:root:{'epoch': 0, 'target_train_loss': 0.6443, 'ood_train_loss': 0.6563, 'train_loss': 0.6503, 'train_acc': 0.5964, 'batch_target_fraction': 0.25}
INFO:root:{'epoch': 10, 'target_train_loss': 0.0324, 'ood_train_loss': 0.0912, 'train_loss': 0.0618, 'train_acc': 0.9948, 'batch_target_fraction': 0.25}
INFO:root:{'epoch': 20, 'target_train_loss': 0.0039, 'ood_train_loss': 0.0153, 'train_loss': 0.0096, 'train_acc': 1.0, 'batch_target_fraction': 0.25}
INFO:root:{'epoch': 30, 'target_train_loss': 0.0023, 'ood_train_loss': 0.0074, 'train_loss': 0.0049, 'train_acc': 1.0, 'batch_target_fraction': 0.25}
INFO:root:{'epoch': 40, 'target_train_loss': 0.002, 'ood_train_loss': 0.0051, 'train_loss': 0.0036, 'train_acc': 1.0, 'batch_target_fraction': 0.25}
INFO:root:{'epoch': 50, 'target_train_loss': 0.0013, 'ood_train_loss': 0.0041, 'train_loss': 0.0027, 'train_acc': 1.0, 'batch_target_fraction': 0.25}
INFO:root:{'epoch': 60, 'target_train_loss': 0.0011, 'ood_train_loss': 0.0034, 'train_loss': 0.0022, 'train_acc': 1.0, 'batch_target_fraction': 0.25}
INFO:root:{'epoch': 70, 'target_train_loss': 0.0009, 'ood_train_loss': 0.0034, 'train_loss': 0.0022, 'train_acc': 1.0, 'batch_target_fraction': 0.25}
INFO:root:{'epoch': 80, 'target_train_loss': 0.001, 'ood_train_loss': 0.0034, 'train_loss': 0.0022, 'train_acc': 1.0, 'batch_target_fraction': 0.25}
INFO:root:{'epoch': 90, 'target_train_loss': 0.001, 'ood_train_loss': 0.003, 'train_loss': 0.002, 'train_acc': 1.0, 'batch_target_fraction': 0.25}
INFO:root:{'angle': 0, 'm_n_ratio': 3, 'replicate_id': 2, 'alpha': 0.5, 'target_risk': 0.2595}
INFO:root:{'epoch': 0, 'target_train_loss': 0.7774, 'ood_train_loss': 0.7542, 'train_loss': 0.7658, 'train_acc': 0.5781, 'batch_target_fraction': 0.25}
INFO:root:{'epoch': 10, 'target_train_loss': 0.0338, 'ood_train_loss': 0.1227, 'train_loss': 0.0782, 'train_acc': 0.9844, 'batch_target_fraction': 0.25}
INFO:root:{'epoch': 20, 'target_train_loss': 0.0043, 'ood_train_loss': 0.0167, 'train_loss': 0.0105, 'train_acc': 1.0, 'batch_target_fraction': 0.25}
INFO:root:{'epoch': 30, 'target_train_loss': 0.0024, 'ood_train_loss': 0.0066, 'train_loss': 0.0045, 'train_acc': 1.0, 'batch_target_fraction': 0.25}
INFO:root:{'epoch': 40, 'target_train_loss': 0.0015, 'ood_train_loss': 0.005, 'train_loss': 0.0032, 'train_acc': 1.0, 'batch_target_fraction': 0.25}
INFO:root:{'epoch': 50, 'target_train_loss': 0.0012, 'ood_train_loss': 0.0037, 'train_loss': 0.0024, 'train_acc': 1.0, 'batch_target_fraction': 0.25}
INFO:root:{'epoch': 60, 'target_train_loss': 0.0009, 'ood_train_loss': 0.0034, 'train_loss': 0.0022, 'train_acc': 1.0, 'batch_target_fraction': 0.25}
INFO:root:{'epoch': 70, 'target_train_loss': 0.0009, 'ood_train_loss': 0.0033, 'train_loss': 0.0021, 'train_acc': 1.0, 'batch_target_fraction': 0.25}
INFO:root:{'epoch': 80, 'target_train_loss': 0.0012, 'ood_train_loss': 0.0034, 'train_loss': 0.0023, 'train_acc': 1.0, 'batch_target_fraction': 0.25}
INFO:root:{'epoch': 90, 'target_train_loss': 0.0011, 'ood_train_loss': 0.0029, 'train_loss': 0.002, 'train_acc': 1.0, 'batch_target_fraction': 0.25}
INFO:root:{'angle': 0, 'm_n_ratio': 3, 'replicate_id': 3, 'alpha': 0.5, 'target_risk': 0.256}
INFO:root:{'epoch': 0, 'target_train_loss': 0.6528, 'ood_train_loss': 0.7376, 'train_loss': 0.6952, 'train_acc': 0.599, 'batch_target_fraction': 0.25}
INFO:root:{'epoch': 10, 'target_train_loss': 0.0338, 'ood_train_loss': 0.1251, 'train_loss': 0.0795, 'train_acc': 0.9896, 'batch_target_fraction': 0.25}
INFO:root:{'epoch': 20, 'target_train_loss': 0.0052, 'ood_train_loss': 0.0165, 'train_loss': 0.0109, 'train_acc': 1.0, 'batch_target_fraction': 0.25}
INFO:root:{'epoch': 30, 'target_train_loss': 0.002, 'ood_train_loss': 0.0072, 'train_loss': 0.0046, 'train_acc': 1.0, 'batch_target_fraction': 0.25}
INFO:root:{'epoch': 40, 'target_train_loss': 0.0016, 'ood_train_loss': 0.0046, 'train_loss': 0.0031, 'train_acc': 1.0, 'batch_target_fraction': 0.25}
INFO:root:{'epoch': 50, 'target_train_loss': 0.0012, 'ood_train_loss': 0.0035, 'train_loss': 0.0023, 'train_acc': 1.0, 'batch_target_fraction': 0.25}
INFO:root:{'epoch': 60, 'target_train_loss': 0.001, 'ood_train_loss': 0.0036, 'train_loss': 0.0023, 'train_acc': 1.0, 'batch_target_fraction': 0.25}
INFO:root:{'epoch': 70, 'target_train_loss': 0.0011, 'ood_train_loss': 0.0031, 'train_loss': 0.0021, 'train_acc': 1.0, 'batch_target_fraction': 0.25}
INFO:root:{'epoch': 80, 'target_train_loss': 0.0009, 'ood_train_loss': 0.0032, 'train_loss': 0.0021, 'train_acc': 1.0, 'batch_target_fraction': 0.25}
INFO:root:{'epoch': 90, 'target_train_loss': 0.0009, 'ood_train_loss': 0.0035, 'train_loss': 0.0022, 'train_acc': 1.0, 'batch_target_fraction': 0.25}
INFO:root:{'angle': 0, 'm_n_ratio': 3, 'replicate_id': 4, 'alpha': 0.5, 'target_risk': 0.245}
INFO:root:{'epoch': 0, 'target_train_loss': 0.684, 'ood_train_loss': 0.7032, 'train_loss': 0.6936, 'train_acc': 0.5625, 'batch_target_fraction': 0.25}
INFO:root:{'epoch': 10, 'target_train_loss': 0.0253, 'ood_train_loss': 0.1044, 'train_loss': 0.0649, 'train_acc': 0.9948, 'batch_target_fraction': 0.25}
INFO:root:{'epoch': 20, 'target_train_loss': 0.0042, 'ood_train_loss': 0.0152, 'train_loss': 0.0097, 'train_acc': 1.0, 'batch_target_fraction': 0.25}
INFO:root:{'epoch': 30, 'target_train_loss': 0.0019, 'ood_train_loss': 0.0064, 'train_loss': 0.0042, 'train_acc': 1.0, 'batch_target_fraction': 0.25}
INFO:root:{'epoch': 40, 'target_train_loss': 0.0015, 'ood_train_loss': 0.0049, 'train_loss': 0.0032, 'train_acc': 1.0, 'batch_target_fraction': 0.25}
INFO:root:{'epoch': 50, 'target_train_loss': 0.0011, 'ood_train_loss': 0.0038, 'train_loss': 0.0024, 'train_acc': 1.0, 'batch_target_fraction': 0.25}
INFO:root:{'epoch': 60, 'target_train_loss': 0.0011, 'ood_train_loss': 0.0032, 'train_loss': 0.0022, 'train_acc': 1.0, 'batch_target_fraction': 0.25}
INFO:root:{'epoch': 70, 'target_train_loss': 0.0011, 'ood_train_loss': 0.003, 'train_loss': 0.0021, 'train_acc': 1.0, 'batch_target_fraction': 0.25}
INFO:root:{'epoch': 80, 'target_train_loss': 0.0011, 'ood_train_loss': 0.0031, 'train_loss': 0.0021, 'train_acc': 1.0, 'batch_target_fraction': 0.25}
INFO:root:{'epoch': 90, 'target_train_loss': 0.001, 'ood_train_loss': 0.0027, 'train_loss': 0.0018, 'train_acc': 1.0, 'batch_target_fraction': 0.25}
INFO:root:{'angle': 0, 'm_n_ratio': 3, 'replicate_id': 5, 'alpha': 0.5, 'target_risk': 0.2585}
INFO:root:{'epoch': 0, 'target_train_loss': 0.5743, 'ood_train_loss': 0.6624, 'train_loss': 0.6184, 'train_acc': 0.612, 'batch_target_fraction': 0.25}
INFO:root:{'epoch': 10, 'target_train_loss': 0.0315, 'ood_train_loss': 0.0927, 'train_loss': 0.0621, 'train_acc': 0.9896, 'batch_target_fraction': 0.25}
INFO:root:{'epoch': 20, 'target_train_loss': 0.004, 'ood_train_loss': 0.0138, 'train_loss': 0.0089, 'train_acc': 1.0, 'batch_target_fraction': 0.25}
INFO:root:{'epoch': 30, 'target_train_loss': 0.0022, 'ood_train_loss': 0.0068, 'train_loss': 0.0045, 'train_acc': 1.0, 'batch_target_fraction': 0.25}
INFO:root:{'epoch': 40, 'target_train_loss': 0.0016, 'ood_train_loss': 0.0043, 'train_loss': 0.0029, 'train_acc': 1.0, 'batch_target_fraction': 0.25}
INFO:root:{'epoch': 50, 'target_train_loss': 0.0011, 'ood_train_loss': 0.0034, 'train_loss': 0.0023, 'train_acc': 1.0, 'batch_target_fraction': 0.25}
INFO:root:{'epoch': 60, 'target_train_loss': 0.001, 'ood_train_loss': 0.0031, 'train_loss': 0.002, 'train_acc': 1.0, 'batch_target_fraction': 0.25}
INFO:root:{'epoch': 70, 'target_train_loss': 0.001, 'ood_train_loss': 0.0029, 'train_loss': 0.002, 'train_acc': 1.0, 'batch_target_fraction': 0.25}
INFO:root:{'epoch': 80, 'target_train_loss': 0.0009, 'ood_train_loss': 0.0025, 'train_loss': 0.0017, 'train_acc': 1.0, 'batch_target_fraction': 0.25}
INFO:root:{'epoch': 90, 'target_train_loss': 0.0008, 'ood_train_loss': 0.003, 'train_loss': 0.0019, 'train_acc': 1.0, 'batch_target_fraction': 0.25}
INFO:root:{'angle': 0, 'm_n_ratio': 3, 'replicate_id': 6, 'alpha': 0.5, 'target_risk': 0.247}
INFO:root:{'epoch': 0, 'target_train_loss': 0.6701, 'ood_train_loss': 0.6542, 'train_loss': 0.6622, 'train_acc': 0.6094, 'batch_target_fraction': 0.25}
INFO:root:{'epoch': 10, 'target_train_loss': 0.0349, 'ood_train_loss': 0.1192, 'train_loss': 0.077, 'train_acc': 0.9818, 'batch_target_fraction': 0.25}
INFO:root:{'epoch': 20, 'target_train_loss': 0.0044, 'ood_train_loss': 0.0141, 'train_loss': 0.0093, 'train_acc': 1.0, 'batch_target_fraction': 0.25}
INFO:root:{'epoch': 30, 'target_train_loss': 0.0022, 'ood_train_loss': 0.0072, 'train_loss': 0.0047, 'train_acc': 1.0, 'batch_target_fraction': 0.25}
INFO:root:{'epoch': 40, 'target_train_loss': 0.0018, 'ood_train_loss': 0.0057, 'train_loss': 0.0037, 'train_acc': 1.0, 'batch_target_fraction': 0.25}
INFO:root:{'epoch': 50, 'target_train_loss': 0.0014, 'ood_train_loss': 0.0042, 'train_loss': 0.0028, 'train_acc': 1.0, 'batch_target_fraction': 0.25}
INFO:root:{'epoch': 60, 'target_train_loss': 0.001, 'ood_train_loss': 0.0035, 'train_loss': 0.0022, 'train_acc': 1.0, 'batch_target_fraction': 0.25}
INFO:root:{'epoch': 70, 'target_train_loss': 0.0012, 'ood_train_loss': 0.0029, 'train_loss': 0.002, 'train_acc': 1.0, 'batch_target_fraction': 0.25}
INFO:root:{'epoch': 80, 'target_train_loss': 0.001, 'ood_train_loss': 0.0031, 'train_loss': 0.002, 'train_acc': 1.0, 'batch_target_fraction': 0.25}
INFO:root:{'epoch': 90, 'target_train_loss': 0.001, 'ood_train_loss': 0.0027, 'train_loss': 0.0018, 'train_acc': 1.0, 'batch_target_fraction': 0.25}
INFO:root:{'angle': 0, 'm_n_ratio': 3, 'replicate_id': 7, 'alpha': 0.5, 'target_risk': 0.2465}
INFO:root:{'epoch': 0, 'target_train_loss': 0.5832, 'ood_train_loss': 0.7129, 'train_loss': 0.648, 'train_acc': 0.5781, 'batch_target_fraction': 0.25}
INFO:root:{'epoch': 10, 'target_train_loss': 0.0286, 'ood_train_loss': 0.0893, 'train_loss': 0.059, 'train_acc': 0.9974, 'batch_target_fraction': 0.25}
INFO:root:{'epoch': 20, 'target_train_loss': 0.0062, 'ood_train_loss': 0.0181, 'train_loss': 0.0121, 'train_acc': 1.0, 'batch_target_fraction': 0.25}
INFO:root:{'epoch': 30, 'target_train_loss': 0.0024, 'ood_train_loss': 0.0079, 'train_loss': 0.0051, 'train_acc': 1.0, 'batch_target_fraction': 0.25}
INFO:root:{'epoch': 40, 'target_train_loss': 0.0017, 'ood_train_loss': 0.0048, 'train_loss': 0.0032, 'train_acc': 1.0, 'batch_target_fraction': 0.25}
INFO:root:{'epoch': 50, 'target_train_loss': 0.0013, 'ood_train_loss': 0.0043, 'train_loss': 0.0028, 'train_acc': 1.0, 'batch_target_fraction': 0.25}
INFO:root:{'epoch': 60, 'target_train_loss': 0.0011, 'ood_train_loss': 0.0037, 'train_loss': 0.0024, 'train_acc': 1.0, 'batch_target_fraction': 0.25}
INFO:root:{'epoch': 70, 'target_train_loss': 0.0011, 'ood_train_loss': 0.003, 'train_loss': 0.002, 'train_acc': 1.0, 'batch_target_fraction': 0.25}
INFO:root:{'epoch': 80, 'target_train_loss': 0.001, 'ood_train_loss': 0.003, 'train_loss': 0.002, 'train_acc': 1.0, 'batch_target_fraction': 0.25}
INFO:root:{'epoch': 90, 'target_train_loss': 0.0009, 'ood_train_loss': 0.0029, 'train_loss': 0.0019, 'train_acc': 1.0, 'batch_target_fraction': 0.25}
INFO:root:{'angle': 0, 'm_n_ratio': 3, 'replicate_id': 8, 'alpha': 0.5, 'target_risk': 0.2595}
INFO:root:{'epoch': 0, 'target_train_loss': 0.6271, 'ood_train_loss': 0.6421, 'train_loss': 0.6346, 'train_acc': 0.625, 'batch_target_fraction': 0.25}
INFO:root:{'epoch': 10, 'target_train_loss': 0.0368, 'ood_train_loss': 0.0826, 'train_loss': 0.0597, 'train_acc': 0.9896, 'batch_target_fraction': 0.25}
INFO:root:{'epoch': 20, 'target_train_loss': 0.0035, 'ood_train_loss': 0.0113, 'train_loss': 0.0074, 'train_acc': 1.0, 'batch_target_fraction': 0.25}
INFO:root:{'epoch': 30, 'target_train_loss': 0.0021, 'ood_train_loss': 0.0064, 'train_loss': 0.0042, 'train_acc': 1.0, 'batch_target_fraction': 0.25}
INFO:root:{'epoch': 40, 'target_train_loss': 0.0014, 'ood_train_loss': 0.0043, 'train_loss': 0.0028, 'train_acc': 1.0, 'batch_target_fraction': 0.25}
INFO:root:{'epoch': 50, 'target_train_loss': 0.001, 'ood_train_loss': 0.0036, 'train_loss': 0.0023, 'train_acc': 1.0, 'batch_target_fraction': 0.25}
INFO:root:{'epoch': 60, 'target_train_loss': 0.0011, 'ood_train_loss': 0.0037, 'train_loss': 0.0024, 'train_acc': 1.0, 'batch_target_fraction': 0.25}
INFO:root:{'epoch': 70, 'target_train_loss': 0.0008, 'ood_train_loss': 0.0031, 'train_loss': 0.002, 'train_acc': 1.0, 'batch_target_fraction': 0.25}
INFO:root:{'epoch': 80, 'target_train_loss': 0.0009, 'ood_train_loss': 0.0026, 'train_loss': 0.0017, 'train_acc': 1.0, 'batch_target_fraction': 0.25}
INFO:root:{'epoch': 90, 'target_train_loss': 0.0009, 'ood_train_loss': 0.0031, 'train_loss': 0.002, 'train_acc': 1.0, 'batch_target_fraction': 0.25}
INFO:root:{'angle': 0, 'm_n_ratio': 3, 'replicate_id': 9, 'alpha': 0.5, 'target_risk': 0.256}
INFO:root:{'epoch': 0, 'target_train_loss': 0.6155, 'ood_train_loss': 0.6668, 'train_loss': 0.6412, 'train_acc': 0.6328, 'batch_target_fraction': 0.1641}
INFO:root:{'epoch': 10, 'target_train_loss': 0.0268, 'ood_train_loss': 0.1498, 'train_loss': 0.0883, 'train_acc': 0.9727, 'batch_target_fraction': 0.1641}
INFO:root:{'epoch': 20, 'target_train_loss': 0.0032, 'ood_train_loss': 0.0217, 'train_loss': 0.0124, 'train_acc': 1.0, 'batch_target_fraction': 0.1641}
INFO:root:{'epoch': 30, 'target_train_loss': 0.0014, 'ood_train_loss': 0.0081, 'train_loss': 0.0048, 'train_acc': 1.0, 'batch_target_fraction': 0.1641}
INFO:root:{'epoch': 40, 'target_train_loss': 0.001, 'ood_train_loss': 0.0055, 'train_loss': 0.0033, 'train_acc': 1.0, 'batch_target_fraction': 0.1641}
INFO:root:{'epoch': 50, 'target_train_loss': 0.001, 'ood_train_loss': 0.0047, 'train_loss': 0.0029, 'train_acc': 1.0, 'batch_target_fraction': 0.1641}
INFO:root:{'epoch': 60, 'target_train_loss': 0.0008, 'ood_train_loss': 0.0039, 'train_loss': 0.0023, 'train_acc': 1.0, 'batch_target_fraction': 0.1641}
INFO:root:{'epoch': 70, 'target_train_loss': 0.0008, 'ood_train_loss': 0.0045, 'train_loss': 0.0027, 'train_acc': 1.0, 'batch_target_fraction': 0.1641}
INFO:root:{'epoch': 80, 'target_train_loss': 0.0007, 'ood_train_loss': 0.0036, 'train_loss': 0.0022, 'train_acc': 1.0, 'batch_target_fraction': 0.1641}
INFO:root:{'epoch': 90, 'target_train_loss': 0.0006, 'ood_train_loss': 0.0036, 'train_loss': 0.0021, 'train_acc': 1.0, 'batch_target_fraction': 0.1641}
INFO:root:{'angle': 0, 'm_n_ratio': 5, 'replicate_id': 0, 'alpha': 0.5, 'target_risk': 0.2345}
INFO:root:{'epoch': 0, 'target_train_loss': 0.5734, 'ood_train_loss': 0.6711, 'train_loss': 0.6222, 'train_acc': 0.6016, 'batch_target_fraction': 0.1641}
INFO:root:{'epoch': 10, 'target_train_loss': 0.0226, 'ood_train_loss': 0.1295, 'train_loss': 0.076, 'train_acc': 0.9805, 'batch_target_fraction': 0.1641}
INFO:root:{'epoch': 20, 'target_train_loss': 0.0042, 'ood_train_loss': 0.0223, 'train_loss': 0.0133, 'train_acc': 1.0, 'batch_target_fraction': 0.1641}
INFO:root:{'epoch': 30, 'target_train_loss': 0.0016, 'ood_train_loss': 0.01, 'train_loss': 0.0058, 'train_acc': 1.0, 'batch_target_fraction': 0.1641}
INFO:root:{'epoch': 40, 'target_train_loss': 0.0011, 'ood_train_loss': 0.0062, 'train_loss': 0.0036, 'train_acc': 1.0, 'batch_target_fraction': 0.1641}
INFO:root:{'epoch': 50, 'target_train_loss': 0.0008, 'ood_train_loss': 0.005, 'train_loss': 0.0029, 'train_acc': 1.0, 'batch_target_fraction': 0.1641}
INFO:root:{'epoch': 60, 'target_train_loss': 0.0006, 'ood_train_loss': 0.004, 'train_loss': 0.0023, 'train_acc': 1.0, 'batch_target_fraction': 0.1641}
INFO:root:{'epoch': 70, 'target_train_loss': 0.0006, 'ood_train_loss': 0.0037, 'train_loss': 0.0022, 'train_acc': 1.0, 'batch_target_fraction': 0.1641}
INFO:root:{'epoch': 80, 'target_train_loss': 0.0006, 'ood_train_loss': 0.0036, 'train_loss': 0.0021, 'train_acc': 1.0, 'batch_target_fraction': 0.1641}
INFO:root:{'epoch': 90, 'target_train_loss': 0.0006, 'ood_train_loss': 0.0036, 'train_loss': 0.0021, 'train_acc': 1.0, 'batch_target_fraction': 0.1641}
INFO:root:{'angle': 0, 'm_n_ratio': 5, 'replicate_id': 1, 'alpha': 0.5, 'target_risk': 0.2265}
INFO:root:{'epoch': 0, 'target_train_loss': 0.6741, 'ood_train_loss': 0.6565, 'train_loss': 0.6653, 'train_acc': 0.5898, 'batch_target_fraction': 0.1641}
INFO:root:{'epoch': 10, 'target_train_loss': 0.0209, 'ood_train_loss': 0.1318, 'train_loss': 0.0764, 'train_acc': 0.9785, 'batch_target_fraction': 0.1641}
INFO:root:{'epoch': 20, 'target_train_loss': 0.0034, 'ood_train_loss': 0.0171, 'train_loss': 0.0102, 'train_acc': 1.0, 'batch_target_fraction': 0.1641}
INFO:root:{'epoch': 30, 'target_train_loss': 0.0015, 'ood_train_loss': 0.0095, 'train_loss': 0.0055, 'train_acc': 1.0, 'batch_target_fraction': 0.1641}
INFO:root:{'epoch': 40, 'target_train_loss': 0.001, 'ood_train_loss': 0.0061, 'train_loss': 0.0036, 'train_acc': 1.0, 'batch_target_fraction': 0.1641}
INFO:root:{'epoch': 50, 'target_train_loss': 0.0008, 'ood_train_loss': 0.0046, 'train_loss': 0.0027, 'train_acc': 1.0, 'batch_target_fraction': 0.1641}
INFO:root:{'epoch': 60, 'target_train_loss': 0.0006, 'ood_train_loss': 0.0043, 'train_loss': 0.0025, 'train_acc': 1.0, 'batch_target_fraction': 0.1641}
INFO:root:{'epoch': 70, 'target_train_loss': 0.0007, 'ood_train_loss': 0.0035, 'train_loss': 0.0021, 'train_acc': 1.0, 'batch_target_fraction': 0.1641}
INFO:root:{'epoch': 80, 'target_train_loss': 0.0007, 'ood_train_loss': 0.0035, 'train_loss': 0.0021, 'train_acc': 1.0, 'batch_target_fraction': 0.1641}
INFO:root:{'epoch': 90, 'target_train_loss': 0.0006, 'ood_train_loss': 0.0034, 'train_loss': 0.002, 'train_acc': 1.0, 'batch_target_fraction': 0.1641}
INFO:root:{'angle': 0, 'm_n_ratio': 5, 'replicate_id': 2, 'alpha': 0.5, 'target_risk': 0.2275}
INFO:root:{'epoch': 0, 'target_train_loss': 0.6044, 'ood_train_loss': 0.7325, 'train_loss': 0.6685, 'train_acc': 0.584, 'batch_target_fraction': 0.1641}
INFO:root:{'epoch': 10, 'target_train_loss': 0.0218, 'ood_train_loss': 0.1318, 'train_loss': 0.0768, 'train_acc': 0.9766, 'batch_target_fraction': 0.1641}
INFO:root:{'epoch': 20, 'target_train_loss': 0.0027, 'ood_train_loss': 0.0223, 'train_loss': 0.0125, 'train_acc': 1.0, 'batch_target_fraction': 0.1641}
INFO:root:{'epoch': 30, 'target_train_loss': 0.0014, 'ood_train_loss': 0.0098, 'train_loss': 0.0056, 'train_acc': 1.0, 'batch_target_fraction': 0.1641}
INFO:root:{'epoch': 40, 'target_train_loss': 0.001, 'ood_train_loss': 0.0065, 'train_loss': 0.0037, 'train_acc': 1.0, 'batch_target_fraction': 0.1641}
INFO:root:{'epoch': 50, 'target_train_loss': 0.0007, 'ood_train_loss': 0.0049, 'train_loss': 0.0028, 'train_acc': 1.0, 'batch_target_fraction': 0.1641}
INFO:root:{'epoch': 60, 'target_train_loss': 0.0006, 'ood_train_loss': 0.0038, 'train_loss': 0.0022, 'train_acc': 1.0, 'batch_target_fraction': 0.1641}
INFO:root:{'epoch': 70, 'target_train_loss': 0.0006, 'ood_train_loss': 0.0038, 'train_loss': 0.0022, 'train_acc': 1.0, 'batch_target_fraction': 0.1641}
INFO:root:{'epoch': 80, 'target_train_loss': 0.0005, 'ood_train_loss': 0.004, 'train_loss': 0.0023, 'train_acc': 1.0, 'batch_target_fraction': 0.1641}
INFO:root:{'epoch': 90, 'target_train_loss': 0.0006, 'ood_train_loss': 0.0036, 'train_loss': 0.0021, 'train_acc': 1.0, 'batch_target_fraction': 0.1641}
INFO:root:{'angle': 0, 'm_n_ratio': 5, 'replicate_id': 3, 'alpha': 0.5, 'target_risk': 0.2245}
INFO:root:{'epoch': 0, 'target_train_loss': 0.6037, 'ood_train_loss': 0.7177, 'train_loss': 0.6607, 'train_acc': 0.6309, 'batch_target_fraction': 0.1641}
INFO:root:{'epoch': 10, 'target_train_loss': 0.0223, 'ood_train_loss': 0.1415, 'train_loss': 0.0819, 'train_acc': 0.9766, 'batch_target_fraction': 0.1641}
INFO:root:{'epoch': 20, 'target_train_loss': 0.0035, 'ood_train_loss': 0.0221, 'train_loss': 0.0128, 'train_acc': 1.0, 'batch_target_fraction': 0.1641}
INFO:root:{'epoch': 30, 'target_train_loss': 0.0013, 'ood_train_loss': 0.009, 'train_loss': 0.0052, 'train_acc': 1.0, 'batch_target_fraction': 0.1641}
INFO:root:{'epoch': 40, 'target_train_loss': 0.0013, 'ood_train_loss': 0.0069, 'train_loss': 0.0041, 'train_acc': 1.0, 'batch_target_fraction': 0.1641}
INFO:root:{'epoch': 50, 'target_train_loss': 0.0008, 'ood_train_loss': 0.005, 'train_loss': 0.0029, 'train_acc': 1.0, 'batch_target_fraction': 0.1641}
INFO:root:{'epoch': 60, 'target_train_loss': 0.001, 'ood_train_loss': 0.0047, 'train_loss': 0.0028, 'train_acc': 1.0, 'batch_target_fraction': 0.1641}
INFO:root:{'epoch': 70, 'target_train_loss': 0.0006, 'ood_train_loss': 0.0038, 'train_loss': 0.0022, 'train_acc': 1.0, 'batch_target_fraction': 0.1641}
INFO:root:{'epoch': 80, 'target_train_loss': 0.0006, 'ood_train_loss': 0.0041, 'train_loss': 0.0024, 'train_acc': 1.0, 'batch_target_fraction': 0.1641}
INFO:root:{'epoch': 90, 'target_train_loss': 0.0007, 'ood_train_loss': 0.0043, 'train_loss': 0.0025, 'train_acc': 1.0, 'batch_target_fraction': 0.1641}
INFO:root:{'angle': 0, 'm_n_ratio': 5, 'replicate_id': 4, 'alpha': 0.5, 'target_risk': 0.24}
INFO:root:{'epoch': 0, 'target_train_loss': 0.7229, 'ood_train_loss': 0.7002, 'train_loss': 0.7115, 'train_acc': 0.6074, 'batch_target_fraction': 0.1641}
INFO:root:{'epoch': 10, 'target_train_loss': 0.0202, 'ood_train_loss': 0.1339, 'train_loss': 0.0771, 'train_acc': 0.9844, 'batch_target_fraction': 0.1641}
INFO:root:{'epoch': 20, 'target_train_loss': 0.0034, 'ood_train_loss': 0.0199, 'train_loss': 0.0116, 'train_acc': 1.0, 'batch_target_fraction': 0.1641}
INFO:root:{'epoch': 30, 'target_train_loss': 0.0015, 'ood_train_loss': 0.0094, 'train_loss': 0.0054, 'train_acc': 1.0, 'batch_target_fraction': 0.1641}
INFO:root:{'epoch': 40, 'target_train_loss': 0.0011, 'ood_train_loss': 0.0055, 'train_loss': 0.0033, 'train_acc': 1.0, 'batch_target_fraction': 0.1641}
INFO:root:{'epoch': 50, 'target_train_loss': 0.0009, 'ood_train_loss': 0.0047, 'train_loss': 0.0028, 'train_acc': 1.0, 'batch_target_fraction': 0.1641}
INFO:root:{'epoch': 60, 'target_train_loss': 0.0008, 'ood_train_loss': 0.0037, 'train_loss': 0.0023, 'train_acc': 1.0, 'batch_target_fraction': 0.1641}
INFO:root:{'epoch': 70, 'target_train_loss': 0.0007, 'ood_train_loss': 0.0036, 'train_loss': 0.0021, 'train_acc': 1.0, 'batch_target_fraction': 0.1641}
INFO:root:{'epoch': 80, 'target_train_loss': 0.0006, 'ood_train_loss': 0.0037, 'train_loss': 0.0022, 'train_acc': 1.0, 'batch_target_fraction': 0.1641}
INFO:root:{'epoch': 90, 'target_train_loss': 0.0006, 'ood_train_loss': 0.0032, 'train_loss': 0.0019, 'train_acc': 1.0, 'batch_target_fraction': 0.1641}
INFO:root:{'angle': 0, 'm_n_ratio': 5, 'replicate_id': 5, 'alpha': 0.5, 'target_risk': 0.2305}
INFO:root:{'epoch': 0, 'target_train_loss': 0.8411, 'ood_train_loss': 0.8198, 'train_loss': 0.8305, 'train_acc': 0.5488, 'batch_target_fraction': 0.1641}
INFO:root:{'epoch': 10, 'target_train_loss': 0.0398, 'ood_train_loss': 0.1684, 'train_loss': 0.1041, 'train_acc': 0.9707, 'batch_target_fraction': 0.1641}
INFO:root:{'epoch': 20, 'target_train_loss': 0.0034, 'ood_train_loss': 0.0229, 'train_loss': 0.0131, 'train_acc': 1.0, 'batch_target_fraction': 0.1641}
INFO:root:{'epoch': 30, 'target_train_loss': 0.0017, 'ood_train_loss': 0.0094, 'train_loss': 0.0056, 'train_acc': 1.0, 'batch_target_fraction': 0.1641}
INFO:root:{'epoch': 40, 'target_train_loss': 0.0012, 'ood_train_loss': 0.0064, 'train_loss': 0.0038, 'train_acc': 1.0, 'batch_target_fraction': 0.1641}
INFO:root:{'epoch': 50, 'target_train_loss': 0.0008, 'ood_train_loss': 0.005, 'train_loss': 0.0029, 'train_acc': 1.0, 'batch_target_fraction': 0.1641}
INFO:root:{'epoch': 60, 'target_train_loss': 0.0008, 'ood_train_loss': 0.0043, 'train_loss': 0.0026, 'train_acc': 1.0, 'batch_target_fraction': 0.1641}
INFO:root:{'epoch': 70, 'target_train_loss': 0.0008, 'ood_train_loss': 0.0042, 'train_loss': 0.0025, 'train_acc': 1.0, 'batch_target_fraction': 0.1641}
INFO:root:{'epoch': 80, 'target_train_loss': 0.0006, 'ood_train_loss': 0.004, 'train_loss': 0.0023, 'train_acc': 1.0, 'batch_target_fraction': 0.1641}
INFO:root:{'epoch': 90, 'target_train_loss': 0.0007, 'ood_train_loss': 0.0034, 'train_loss': 0.002, 'train_acc': 1.0, 'batch_target_fraction': 0.1641}
INFO:root:{'angle': 0, 'm_n_ratio': 5, 'replicate_id': 6, 'alpha': 0.5, 'target_risk': 0.239}
INFO:root:{'epoch': 0, 'target_train_loss': 0.614, 'ood_train_loss': 0.6415, 'train_loss': 0.6278, 'train_acc': 0.6484, 'batch_target_fraction': 0.1641}
INFO:root:{'epoch': 10, 'target_train_loss': 0.0222, 'ood_train_loss': 0.1233, 'train_loss': 0.0727, 'train_acc': 0.9805, 'batch_target_fraction': 0.1641}
INFO:root:{'epoch': 20, 'target_train_loss': 0.0031, 'ood_train_loss': 0.02, 'train_loss': 0.0116, 'train_acc': 1.0, 'batch_target_fraction': 0.1641}
INFO:root:{'epoch': 30, 'target_train_loss': 0.0013, 'ood_train_loss': 0.0083, 'train_loss': 0.0048, 'train_acc': 1.0, 'batch_target_fraction': 0.1641}
INFO:root:{'epoch': 40, 'target_train_loss': 0.0011, 'ood_train_loss': 0.0062, 'train_loss': 0.0036, 'train_acc': 1.0, 'batch_target_fraction': 0.1641}
INFO:root:{'epoch': 50, 'target_train_loss': 0.0008, 'ood_train_loss': 0.0046, 'train_loss': 0.0027, 'train_acc': 1.0, 'batch_target_fraction': 0.1641}
INFO:root:{'epoch': 60, 'target_train_loss': 0.0006, 'ood_train_loss': 0.0037, 'train_loss': 0.0021, 'train_acc': 1.0, 'batch_target_fraction': 0.1641}
INFO:root:{'epoch': 70, 'target_train_loss': 0.0006, 'ood_train_loss': 0.0036, 'train_loss': 0.0021, 'train_acc': 1.0, 'batch_target_fraction': 0.1641}
INFO:root:{'epoch': 80, 'target_train_loss': 0.0006, 'ood_train_loss': 0.0038, 'train_loss': 0.0022, 'train_acc': 1.0, 'batch_target_fraction': 0.1641}
INFO:root:{'epoch': 90, 'target_train_loss': 0.0006, 'ood_train_loss': 0.0038, 'train_loss': 0.0022, 'train_acc': 1.0, 'batch_target_fraction': 0.1641}
INFO:root:{'angle': 0, 'm_n_ratio': 5, 'replicate_id': 7, 'alpha': 0.5, 'target_risk': 0.229}
INFO:root:{'epoch': 0, 'target_train_loss': 0.6523, 'ood_train_loss': 0.7306, 'train_loss': 0.6915, 'train_acc': 0.5273, 'batch_target_fraction': 0.1641}
INFO:root:{'epoch': 10, 'target_train_loss': 0.0226, 'ood_train_loss': 0.1581, 'train_loss': 0.0903, 'train_acc': 0.9727, 'batch_target_fraction': 0.1641}
INFO:root:{'epoch': 20, 'target_train_loss': 0.0039, 'ood_train_loss': 0.0241, 'train_loss': 0.014, 'train_acc': 1.0, 'batch_target_fraction': 0.1641}
INFO:root:{'epoch': 30, 'target_train_loss': 0.0013, 'ood_train_loss': 0.0096, 'train_loss': 0.0054, 'train_acc': 1.0, 'batch_target_fraction': 0.1641}
INFO:root:{'epoch': 40, 'target_train_loss': 0.0011, 'ood_train_loss': 0.006, 'train_loss': 0.0035, 'train_acc': 1.0, 'batch_target_fraction': 0.1641}
INFO:root:{'epoch': 50, 'target_train_loss': 0.001, 'ood_train_loss': 0.0055, 'train_loss': 0.0032, 'train_acc': 1.0, 'batch_target_fraction': 0.1641}
INFO:root:{'epoch': 60, 'target_train_loss': 0.0006, 'ood_train_loss': 0.0043, 'train_loss': 0.0025, 'train_acc': 1.0, 'batch_target_fraction': 0.1641}
INFO:root:{'epoch': 70, 'target_train_loss': 0.0007, 'ood_train_loss': 0.0035, 'train_loss': 0.0021, 'train_acc': 1.0, 'batch_target_fraction': 0.1641}
INFO:root:{'epoch': 80, 'target_train_loss': 0.0006, 'ood_train_loss': 0.0036, 'train_loss': 0.0021, 'train_acc': 1.0, 'batch_target_fraction': 0.1641}
INFO:root:{'epoch': 90, 'target_train_loss': 0.0007, 'ood_train_loss': 0.0035, 'train_loss': 0.0021, 'train_acc': 1.0, 'batch_target_fraction': 0.1641}
INFO:root:{'angle': 0, 'm_n_ratio': 5, 'replicate_id': 8, 'alpha': 0.5, 'target_risk': 0.2335}
INFO:root:{'epoch': 0, 'target_train_loss': 0.6161, 'ood_train_loss': 0.684, 'train_loss': 0.6501, 'train_acc': 0.625, 'batch_target_fraction': 0.1641}
INFO:root:{'epoch': 10, 'target_train_loss': 0.0345, 'ood_train_loss': 0.134, 'train_loss': 0.0843, 'train_acc': 0.9824, 'batch_target_fraction': 0.1641}
INFO:root:{'epoch': 20, 'target_train_loss': 0.0036, 'ood_train_loss': 0.0214, 'train_loss': 0.0125, 'train_acc': 1.0, 'batch_target_fraction': 0.1641}
INFO:root:{'epoch': 30, 'target_train_loss': 0.0018, 'ood_train_loss': 0.0095, 'train_loss': 0.0057, 'train_acc': 1.0, 'batch_target_fraction': 0.1641}
INFO:root:{'epoch': 40, 'target_train_loss': 0.0009, 'ood_train_loss': 0.0065, 'train_loss': 0.0037, 'train_acc': 1.0, 'batch_target_fraction': 0.1641}
INFO:root:{'epoch': 50, 'target_train_loss': 0.0007, 'ood_train_loss': 0.0048, 'train_loss': 0.0028, 'train_acc': 1.0, 'batch_target_fraction': 0.1641}
INFO:root:{'epoch': 60, 'target_train_loss': 0.0009, 'ood_train_loss': 0.0048, 'train_loss': 0.0028, 'train_acc': 1.0, 'batch_target_fraction': 0.1641}
INFO:root:{'epoch': 70, 'target_train_loss': 0.0007, 'ood_train_loss': 0.0039, 'train_loss': 0.0023, 'train_acc': 1.0, 'batch_target_fraction': 0.1641}
INFO:root:{'epoch': 80, 'target_train_loss': 0.0006, 'ood_train_loss': 0.0037, 'train_loss': 0.0022, 'train_acc': 1.0, 'batch_target_fraction': 0.1641}
INFO:root:{'epoch': 90, 'target_train_loss': 0.0007, 'ood_train_loss': 0.0038, 'train_loss': 0.0023, 'train_acc': 1.0, 'batch_target_fraction': 0.1641}
INFO:root:{'angle': 0, 'm_n_ratio': 5, 'replicate_id': 9, 'alpha': 0.5, 'target_risk': 0.244}
INFO:root:{'epoch': 0, 'target_train_loss': 0.5768, 'ood_train_loss': 0.6921, 'train_loss': 0.6344, 'train_acc': 0.5977, 'batch_target_fraction': 0.0938}
INFO:root:{'epoch': 10, 'target_train_loss': 0.0066, 'ood_train_loss': 0.0997, 'train_loss': 0.0531, 'train_acc': 0.9805, 'batch_target_fraction': 0.0938}
INFO:root:{'epoch': 20, 'target_train_loss': 0.0009, 'ood_train_loss': 0.0162, 'train_loss': 0.0086, 'train_acc': 1.0, 'batch_target_fraction': 0.0938}
INFO:root:{'epoch': 30, 'target_train_loss': 0.0006, 'ood_train_loss': 0.008, 'train_loss': 0.0043, 'train_acc': 1.0, 'batch_target_fraction': 0.0938}
INFO:root:{'epoch': 40, 'target_train_loss': 0.0002, 'ood_train_loss': 0.005, 'train_loss': 0.0026, 'train_acc': 1.0, 'batch_target_fraction': 0.0938}
INFO:root:{'epoch': 50, 'target_train_loss': 0.0002, 'ood_train_loss': 0.0037, 'train_loss': 0.0019, 'train_acc': 1.0, 'batch_target_fraction': 0.0938}
INFO:root:{'epoch': 60, 'target_train_loss': 0.0002, 'ood_train_loss': 0.0037, 'train_loss': 0.0019, 'train_acc': 1.0, 'batch_target_fraction': 0.0938}
INFO:root:{'epoch': 70, 'target_train_loss': 0.0002, 'ood_train_loss': 0.0028, 'train_loss': 0.0015, 'train_acc': 1.0, 'batch_target_fraction': 0.0938}
INFO:root:{'epoch': 80, 'target_train_loss': 0.0002, 'ood_train_loss': 0.0028, 'train_loss': 0.0015, 'train_acc': 1.0, 'batch_target_fraction': 0.0938}
INFO:root:{'epoch': 90, 'target_train_loss': 0.0002, 'ood_train_loss': 0.0027, 'train_loss': 0.0014, 'train_acc': 1.0, 'batch_target_fraction': 0.0938}
INFO:root:{'angle': 0, 'm_n_ratio': 10, 'replicate_id': 0, 'alpha': 0.5, 'target_risk': 0.227}
INFO:root:{'epoch': 0, 'target_train_loss': 0.5333, 'ood_train_loss': 0.6401, 'train_loss': 0.5867, 'train_acc': 0.6602, 'batch_target_fraction': 0.0938}
INFO:root:{'epoch': 10, 'target_train_loss': 0.0087, 'ood_train_loss': 0.1008, 'train_loss': 0.0548, 'train_acc': 0.9873, 'batch_target_fraction': 0.0938}
INFO:root:{'epoch': 20, 'target_train_loss': 0.0008, 'ood_train_loss': 0.016, 'train_loss': 0.0084, 'train_acc': 1.0, 'batch_target_fraction': 0.0938}
INFO:root:{'epoch': 30, 'target_train_loss': 0.0005, 'ood_train_loss': 0.0076, 'train_loss': 0.0041, 'train_acc': 1.0, 'batch_target_fraction': 0.0938}
INFO:root:{'epoch': 40, 'target_train_loss': 0.0003, 'ood_train_loss': 0.0048, 'train_loss': 0.0026, 'train_acc': 1.0, 'batch_target_fraction': 0.0938}
INFO:root:{'epoch': 50, 'target_train_loss': 0.0002, 'ood_train_loss': 0.0043, 'train_loss': 0.0022, 'train_acc': 1.0, 'batch_target_fraction': 0.0938}
INFO:root:{'epoch': 60, 'target_train_loss': 0.0002, 'ood_train_loss': 0.003, 'train_loss': 0.0016, 'train_acc': 1.0, 'batch_target_fraction': 0.0938}
INFO:root:{'epoch': 70, 'target_train_loss': 0.0002, 'ood_train_loss': 0.0029, 'train_loss': 0.0016, 'train_acc': 1.0, 'batch_target_fraction': 0.0938}
INFO:root:{'epoch': 80, 'target_train_loss': 0.0002, 'ood_train_loss': 0.0031, 'train_loss': 0.0017, 'train_acc': 1.0, 'batch_target_fraction': 0.0938}
INFO:root:{'epoch': 90, 'target_train_loss': 0.0002, 'ood_train_loss': 0.003, 'train_loss': 0.0016, 'train_acc': 1.0, 'batch_target_fraction': 0.0938}
INFO:root:{'angle': 0, 'm_n_ratio': 10, 'replicate_id': 1, 'alpha': 0.5, 'target_risk': 0.2245}
INFO:root:{'epoch': 0, 'target_train_loss': 0.5601, 'ood_train_loss': 0.6715, 'train_loss': 0.6158, 'train_acc': 0.6006, 'batch_target_fraction': 0.0938}
INFO:root:{'epoch': 10, 'target_train_loss': 0.0078, 'ood_train_loss': 0.0892, 'train_loss': 0.0485, 'train_acc': 0.9873, 'batch_target_fraction': 0.0938}
INFO:root:{'epoch': 20, 'target_train_loss': 0.0011, 'ood_train_loss': 0.0145, 'train_loss': 0.0078, 'train_acc': 1.0, 'batch_target_fraction': 0.0938}
INFO:root:{'epoch': 30, 'target_train_loss': 0.0005, 'ood_train_loss': 0.0068, 'train_loss': 0.0036, 'train_acc': 1.0, 'batch_target_fraction': 0.0938}
INFO:root:{'epoch': 40, 'target_train_loss': 0.0003, 'ood_train_loss': 0.0047, 'train_loss': 0.0025, 'train_acc': 1.0, 'batch_target_fraction': 0.0938}
INFO:root:{'epoch': 50, 'target_train_loss': 0.0002, 'ood_train_loss': 0.0035, 'train_loss': 0.0019, 'train_acc': 1.0, 'batch_target_fraction': 0.0938}
INFO:root:{'epoch': 60, 'target_train_loss': 0.0002, 'ood_train_loss': 0.0028, 'train_loss': 0.0015, 'train_acc': 1.0, 'batch_target_fraction': 0.0938}
INFO:root:{'epoch': 70, 'target_train_loss': 0.0002, 'ood_train_loss': 0.0031, 'train_loss': 0.0016, 'train_acc': 1.0, 'batch_target_fraction': 0.0938}
INFO:root:{'epoch': 80, 'target_train_loss': 0.0001, 'ood_train_loss': 0.0027, 'train_loss': 0.0014, 'train_acc': 1.0, 'batch_target_fraction': 0.0938}
INFO:root:{'epoch': 90, 'target_train_loss': 0.0002, 'ood_train_loss': 0.0028, 'train_loss': 0.0015, 'train_acc': 1.0, 'batch_target_fraction': 0.0938}
INFO:root:{'angle': 0, 'm_n_ratio': 10, 'replicate_id': 2, 'alpha': 0.5, 'target_risk': 0.222}
INFO:root:{'epoch': 0, 'target_train_loss': 0.6686, 'ood_train_loss': 0.6832, 'train_loss': 0.6759, 'train_acc': 0.6475, 'batch_target_fraction': 0.0938}
INFO:root:{'epoch': 10, 'target_train_loss': 0.0091, 'ood_train_loss': 0.1163, 'train_loss': 0.0627, 'train_acc': 0.9824, 'batch_target_fraction': 0.0938}
INFO:root:{'epoch': 20, 'target_train_loss': 0.0012, 'ood_train_loss': 0.0173, 'train_loss': 0.0093, 'train_acc': 1.0, 'batch_target_fraction': 0.0938}
INFO:root:{'epoch': 30, 'target_train_loss': 0.0007, 'ood_train_loss': 0.0074, 'train_loss': 0.0041, 'train_acc': 1.0, 'batch_target_fraction': 0.0938}
INFO:root:{'epoch': 40, 'target_train_loss': 0.0003, 'ood_train_loss': 0.005, 'train_loss': 0.0027, 'train_acc': 1.0, 'batch_target_fraction': 0.0938}
INFO:root:{'epoch': 50, 'target_train_loss': 0.0003, 'ood_train_loss': 0.004, 'train_loss': 0.0021, 'train_acc': 1.0, 'batch_target_fraction': 0.0938}
INFO:root:{'epoch': 60, 'target_train_loss': 0.0003, 'ood_train_loss': 0.0036, 'train_loss': 0.0019, 'train_acc': 1.0, 'batch_target_fraction': 0.0938}
INFO:root:{'epoch': 70, 'target_train_loss': 0.0002, 'ood_train_loss': 0.0031, 'train_loss': 0.0016, 'train_acc': 1.0, 'batch_target_fraction': 0.0938}
INFO:root:{'epoch': 80, 'target_train_loss': 0.0002, 'ood_train_loss': 0.0028, 'train_loss': 0.0015, 'train_acc': 1.0, 'batch_target_fraction': 0.0938}
INFO:root:{'epoch': 90, 'target_train_loss': 0.0002, 'ood_train_loss': 0.0026, 'train_loss': 0.0014, 'train_acc': 1.0, 'batch_target_fraction': 0.0938}
INFO:root:{'angle': 0, 'm_n_ratio': 10, 'replicate_id': 3, 'alpha': 0.5, 'target_risk': 0.229}
INFO:root:{'epoch': 0, 'target_train_loss': 0.5687, 'ood_train_loss': 0.6738, 'train_loss': 0.6212, 'train_acc': 0.6318, 'batch_target_fraction': 0.0938}
INFO:root:{'epoch': 10, 'target_train_loss': 0.0108, 'ood_train_loss': 0.1079, 'train_loss': 0.0593, 'train_acc': 0.9775, 'batch_target_fraction': 0.0938}
INFO:root:{'epoch': 20, 'target_train_loss': 0.0011, 'ood_train_loss': 0.0168, 'train_loss': 0.009, 'train_acc': 1.0, 'batch_target_fraction': 0.0938}
INFO:root:{'epoch': 30, 'target_train_loss': 0.0005, 'ood_train_loss': 0.0072, 'train_loss': 0.0038, 'train_acc': 1.0, 'batch_target_fraction': 0.0938}
INFO:root:{'epoch': 40, 'target_train_loss': 0.0002, 'ood_train_loss': 0.0046, 'train_loss': 0.0024, 'train_acc': 1.0, 'batch_target_fraction': 0.0938}
INFO:root:{'epoch': 50, 'target_train_loss': 0.0002, 'ood_train_loss': 0.0036, 'train_loss': 0.0019, 'train_acc': 1.0, 'batch_target_fraction': 0.0938}
INFO:root:{'epoch': 60, 'target_train_loss': 0.0002, 'ood_train_loss': 0.0033, 'train_loss': 0.0018, 'train_acc': 1.0, 'batch_target_fraction': 0.0938}
INFO:root:{'epoch': 70, 'target_train_loss': 0.0002, 'ood_train_loss': 0.0026, 'train_loss': 0.0014, 'train_acc': 1.0, 'batch_target_fraction': 0.0938}
INFO:root:{'epoch': 80, 'target_train_loss': 0.0002, 'ood_train_loss': 0.0024, 'train_loss': 0.0013, 'train_acc': 1.0, 'batch_target_fraction': 0.0938}
INFO:root:{'epoch': 90, 'target_train_loss': 0.0002, 'ood_train_loss': 0.0027, 'train_loss': 0.0014, 'train_acc': 1.0, 'batch_target_fraction': 0.0938}
INFO:root:{'angle': 0, 'm_n_ratio': 10, 'replicate_id': 4, 'alpha': 0.5, 'target_risk': 0.2235}
INFO:root:{'epoch': 0, 'target_train_loss': 0.4689, 'ood_train_loss': 0.6684, 'train_loss': 0.5686, 'train_acc': 0.6377, 'batch_target_fraction': 0.0938}
INFO:root:{'epoch': 10, 'target_train_loss': 0.0099, 'ood_train_loss': 0.1074, 'train_loss': 0.0587, 'train_acc': 0.9766, 'batch_target_fraction': 0.0938}
INFO:root:{'epoch': 20, 'target_train_loss': 0.0014, 'ood_train_loss': 0.0157, 'train_loss': 0.0086, 'train_acc': 1.0, 'batch_target_fraction': 0.0938}
INFO:root:{'epoch': 30, 'target_train_loss': 0.0005, 'ood_train_loss': 0.0076, 'train_loss': 0.004, 'train_acc': 1.0, 'batch_target_fraction': 0.0938}
INFO:root:{'epoch': 40, 'target_train_loss': 0.0003, 'ood_train_loss': 0.0046, 'train_loss': 0.0025, 'train_acc': 1.0, 'batch_target_fraction': 0.0938}
INFO:root:{'epoch': 50, 'target_train_loss': 0.0003, 'ood_train_loss': 0.0042, 'train_loss': 0.0022, 'train_acc': 1.0, 'batch_target_fraction': 0.0938}
INFO:root:{'epoch': 60, 'target_train_loss': 0.0002, 'ood_train_loss': 0.0032, 'train_loss': 0.0017, 'train_acc': 1.0, 'batch_target_fraction': 0.0938}
INFO:root:{'epoch': 70, 'target_train_loss': 0.0002, 'ood_train_loss': 0.003, 'train_loss': 0.0016, 'train_acc': 1.0, 'batch_target_fraction': 0.0938}
INFO:root:{'epoch': 80, 'target_train_loss': 0.0002, 'ood_train_loss': 0.003, 'train_loss': 0.0016, 'train_acc': 1.0, 'batch_target_fraction': 0.0938}
INFO:root:{'epoch': 90, 'target_train_loss': 0.0002, 'ood_train_loss': 0.0028, 'train_loss': 0.0015, 'train_acc': 1.0, 'batch_target_fraction': 0.0938}
INFO:root:{'angle': 0, 'm_n_ratio': 10, 'replicate_id': 5, 'alpha': 0.5, 'target_risk': 0.2185}
INFO:root:{'epoch': 0, 'target_train_loss': 0.5886, 'ood_train_loss': 0.6382, 'train_loss': 0.6134, 'train_acc': 0.6455, 'batch_target_fraction': 0.0938}
INFO:root:{'epoch': 10, 'target_train_loss': 0.0063, 'ood_train_loss': 0.1065, 'train_loss': 0.0564, 'train_acc': 0.9814, 'batch_target_fraction': 0.0938}
INFO:root:{'epoch': 20, 'target_train_loss': 0.0019, 'ood_train_loss': 0.0166, 'train_loss': 0.0092, 'train_acc': 1.0, 'batch_target_fraction': 0.0938}
INFO:root:{'epoch': 30, 'target_train_loss': 0.0004, 'ood_train_loss': 0.0081, 'train_loss': 0.0043, 'train_acc': 1.0, 'batch_target_fraction': 0.0938}
INFO:root:{'epoch': 40, 'target_train_loss': 0.0004, 'ood_train_loss': 0.005, 'train_loss': 0.0027, 'train_acc': 1.0, 'batch_target_fraction': 0.0938}
INFO:root:{'epoch': 50, 'target_train_loss': 0.0003, 'ood_train_loss': 0.0039, 'train_loss': 0.0021, 'train_acc': 1.0, 'batch_target_fraction': 0.0938}
INFO:root:{'epoch': 60, 'target_train_loss': 0.0003, 'ood_train_loss': 0.0037, 'train_loss': 0.002, 'train_acc': 1.0, 'batch_target_fraction': 0.0938}
INFO:root:{'epoch': 70, 'target_train_loss': 0.0002, 'ood_train_loss': 0.0031, 'train_loss': 0.0017, 'train_acc': 1.0, 'batch_target_fraction': 0.0938}
INFO:root:{'epoch': 80, 'target_train_loss': 0.0002, 'ood_train_loss': 0.0029, 'train_loss': 0.0015, 'train_acc': 1.0, 'batch_target_fraction': 0.0938}
INFO:root:{'epoch': 90, 'target_train_loss': 0.0002, 'ood_train_loss': 0.003, 'train_loss': 0.0016, 'train_acc': 1.0, 'batch_target_fraction': 0.0938}
INFO:root:{'angle': 0, 'm_n_ratio': 10, 'replicate_id': 6, 'alpha': 0.5, 'target_risk': 0.2275}
INFO:root:{'epoch': 0, 'target_train_loss': 0.547, 'ood_train_loss': 0.6097, 'train_loss': 0.5784, 'train_acc': 0.6699, 'batch_target_fraction': 0.0938}
INFO:root:{'epoch': 10, 'target_train_loss': 0.0079, 'ood_train_loss': 0.122, 'train_loss': 0.065, 'train_acc': 0.9766, 'batch_target_fraction': 0.0938}
INFO:root:{'epoch': 20, 'target_train_loss': 0.0009, 'ood_train_loss': 0.0158, 'train_loss': 0.0084, 'train_acc': 1.0, 'batch_target_fraction': 0.0938}
INFO:root:{'epoch': 30, 'target_train_loss': 0.0004, 'ood_train_loss': 0.0068, 'train_loss': 0.0036, 'train_acc': 1.0, 'batch_target_fraction': 0.0938}
INFO:root:{'epoch': 40, 'target_train_loss': 0.0004, 'ood_train_loss': 0.0047, 'train_loss': 0.0025, 'train_acc': 1.0, 'batch_target_fraction': 0.0938}
INFO:root:{'epoch': 50, 'target_train_loss': 0.0003, 'ood_train_loss': 0.0037, 'train_loss': 0.002, 'train_acc': 1.0, 'batch_target_fraction': 0.0938}
INFO:root:{'epoch': 60, 'target_train_loss': 0.0003, 'ood_train_loss': 0.0034, 'train_loss': 0.0019, 'train_acc': 1.0, 'batch_target_fraction': 0.0938}
INFO:root:{'epoch': 70, 'target_train_loss': 0.0002, 'ood_train_loss': 0.0027, 'train_loss': 0.0015, 'train_acc': 1.0, 'batch_target_fraction': 0.0938}
INFO:root:{'epoch': 80, 'target_train_loss': 0.0002, 'ood_train_loss': 0.003, 'train_loss': 0.0016, 'train_acc': 1.0, 'batch_target_fraction': 0.0938}
INFO:root:{'epoch': 90, 'target_train_loss': 0.0002, 'ood_train_loss': 0.0029, 'train_loss': 0.0015, 'train_acc': 1.0, 'batch_target_fraction': 0.0938}
INFO:root:{'angle': 0, 'm_n_ratio': 10, 'replicate_id': 7, 'alpha': 0.5, 'target_risk': 0.2275}
INFO:root:{'epoch': 0, 'target_train_loss': 0.5019, 'ood_train_loss': 0.7002, 'train_loss': 0.601, 'train_acc': 0.6123, 'batch_target_fraction': 0.0938}
INFO:root:{'epoch': 10, 'target_train_loss': 0.0075, 'ood_train_loss': 0.1204, 'train_loss': 0.064, 'train_acc': 0.9766, 'batch_target_fraction': 0.0938}
INFO:root:{'epoch': 20, 'target_train_loss': 0.0013, 'ood_train_loss': 0.0183, 'train_loss': 0.0098, 'train_acc': 1.0, 'batch_target_fraction': 0.0938}
INFO:root:{'epoch': 30, 'target_train_loss': 0.0004, 'ood_train_loss': 0.0087, 'train_loss': 0.0046, 'train_acc': 1.0, 'batch_target_fraction': 0.0938}
INFO:root:{'epoch': 40, 'target_train_loss': 0.0004, 'ood_train_loss': 0.0054, 'train_loss': 0.0029, 'train_acc': 1.0, 'batch_target_fraction': 0.0938}
INFO:root:{'epoch': 50, 'target_train_loss': 0.0002, 'ood_train_loss': 0.0042, 'train_loss': 0.0022, 'train_acc': 1.0, 'batch_target_fraction': 0.0938}
INFO:root:{'epoch': 60, 'target_train_loss': 0.0001, 'ood_train_loss': 0.0034, 'train_loss': 0.0018, 'train_acc': 1.0, 'batch_target_fraction': 0.0938}
INFO:root:{'epoch': 70, 'target_train_loss': 0.0002, 'ood_train_loss': 0.0029, 'train_loss': 0.0016, 'train_acc': 1.0, 'batch_target_fraction': 0.0938}
INFO:root:{'epoch': 80, 'target_train_loss': 0.0002, 'ood_train_loss': 0.0029, 'train_loss': 0.0015, 'train_acc': 1.0, 'batch_target_fraction': 0.0938}
INFO:root:{'epoch': 90, 'target_train_loss': 0.0002, 'ood_train_loss': 0.0027, 'train_loss': 0.0015, 'train_acc': 1.0, 'batch_target_fraction': 0.0938}
INFO:root:{'angle': 0, 'm_n_ratio': 10, 'replicate_id': 8, 'alpha': 0.5, 'target_risk': 0.223}
INFO:root:{'epoch': 0, 'target_train_loss': 0.5476, 'ood_train_loss': 0.6462, 'train_loss': 0.5969, 'train_acc': 0.6689, 'batch_target_fraction': 0.0938}
INFO:root:{'epoch': 10, 'target_train_loss': 0.0096, 'ood_train_loss': 0.1212, 'train_loss': 0.0654, 'train_acc': 0.9727, 'batch_target_fraction': 0.0938}
INFO:root:{'epoch': 20, 'target_train_loss': 0.0012, 'ood_train_loss': 0.0165, 'train_loss': 0.0089, 'train_acc': 1.0, 'batch_target_fraction': 0.0938}
INFO:root:{'epoch': 30, 'target_train_loss': 0.0005, 'ood_train_loss': 0.0072, 'train_loss': 0.0039, 'train_acc': 1.0, 'batch_target_fraction': 0.0938}
INFO:root:{'epoch': 40, 'target_train_loss': 0.0004, 'ood_train_loss': 0.0047, 'train_loss': 0.0025, 'train_acc': 1.0, 'batch_target_fraction': 0.0938}
INFO:root:{'epoch': 50, 'target_train_loss': 0.0003, 'ood_train_loss': 0.004, 'train_loss': 0.0021, 'train_acc': 1.0, 'batch_target_fraction': 0.0938}
INFO:root:{'epoch': 60, 'target_train_loss': 0.0003, 'ood_train_loss': 0.0032, 'train_loss': 0.0017, 'train_acc': 1.0, 'batch_target_fraction': 0.0938}
INFO:root:{'epoch': 70, 'target_train_loss': 0.0002, 'ood_train_loss': 0.0033, 'train_loss': 0.0018, 'train_acc': 1.0, 'batch_target_fraction': 0.0938}
INFO:root:{'epoch': 80, 'target_train_loss': 0.0002, 'ood_train_loss': 0.003, 'train_loss': 0.0016, 'train_acc': 1.0, 'batch_target_fraction': 0.0938}
INFO:root:{'epoch': 90, 'target_train_loss': 0.0002, 'ood_train_loss': 0.0027, 'train_loss': 0.0014, 'train_acc': 1.0, 'batch_target_fraction': 0.0938}
INFO:root:{'angle': 0, 'm_n_ratio': 10, 'replicate_id': 9, 'alpha': 0.5, 'target_risk': 0.2385}
INFO:root:{'epoch': 0, 'target_train_loss': 0.4732, 'ood_train_loss': 0.6786, 'train_loss': 0.5759, 'train_acc': 0.6665, 'batch_target_fraction': 0.0469}
INFO:root:{'epoch': 10, 'target_train_loss': 0.0119, 'ood_train_loss': 0.1448, 'train_loss': 0.0784, 'train_acc': 0.9609, 'batch_target_fraction': 0.0469}
INFO:root:{'epoch': 20, 'target_train_loss': 0.0005, 'ood_train_loss': 0.02, 'train_loss': 0.0103, 'train_acc': 1.0, 'batch_target_fraction': 0.0469}
INFO:root:{'epoch': 30, 'target_train_loss': 0.0002, 'ood_train_loss': 0.0077, 'train_loss': 0.004, 'train_acc': 1.0, 'batch_target_fraction': 0.0469}
INFO:root:{'epoch': 40, 'target_train_loss': 0.0001, 'ood_train_loss': 0.0048, 'train_loss': 0.0024, 'train_acc': 1.0, 'batch_target_fraction': 0.0469}
INFO:root:{'epoch': 50, 'target_train_loss': 0.0001, 'ood_train_loss': 0.0035, 'train_loss': 0.0018, 'train_acc': 1.0, 'batch_target_fraction': 0.0469}
INFO:root:{'epoch': 60, 'target_train_loss': 0.0001, 'ood_train_loss': 0.0029, 'train_loss': 0.0015, 'train_acc': 1.0, 'batch_target_fraction': 0.0469}
INFO:root:{'epoch': 70, 'target_train_loss': 0.0001, 'ood_train_loss': 0.0027, 'train_loss': 0.0014, 'train_acc': 1.0, 'batch_target_fraction': 0.0469}
INFO:root:{'epoch': 80, 'target_train_loss': 0.0001, 'ood_train_loss': 0.0026, 'train_loss': 0.0013, 'train_acc': 1.0, 'batch_target_fraction': 0.0469}
INFO:root:{'epoch': 90, 'target_train_loss': 0.0001, 'ood_train_loss': 0.0026, 'train_loss': 0.0013, 'train_acc': 1.0, 'batch_target_fraction': 0.0469}
INFO:root:{'angle': 0, 'm_n_ratio': 20, 'replicate_id': 0, 'alpha': 0.5, 'target_risk': 0.2255}
INFO:root:{'epoch': 0, 'target_train_loss': 0.5801, 'ood_train_loss': 0.6609, 'train_loss': 0.6205, 'train_acc': 0.6538, 'batch_target_fraction': 0.0469}
INFO:root:{'epoch': 10, 'target_train_loss': 0.0048, 'ood_train_loss': 0.1259, 'train_loss': 0.0653, 'train_acc': 0.9707, 'batch_target_fraction': 0.0469}
INFO:root:{'epoch': 20, 'target_train_loss': 0.0005, 'ood_train_loss': 0.0195, 'train_loss': 0.01, 'train_acc': 0.9995, 'batch_target_fraction': 0.0469}
INFO:root:{'epoch': 30, 'target_train_loss': 0.0002, 'ood_train_loss': 0.0071, 'train_loss': 0.0036, 'train_acc': 1.0, 'batch_target_fraction': 0.0469}
INFO:root:{'epoch': 40, 'target_train_loss': 0.0002, 'ood_train_loss': 0.0047, 'train_loss': 0.0024, 'train_acc': 1.0, 'batch_target_fraction': 0.0469}
INFO:root:{'epoch': 50, 'target_train_loss': 0.0001, 'ood_train_loss': 0.0034, 'train_loss': 0.0018, 'train_acc': 1.0, 'batch_target_fraction': 0.0469}
INFO:root:{'epoch': 60, 'target_train_loss': 0.0001, 'ood_train_loss': 0.0029, 'train_loss': 0.0015, 'train_acc': 1.0, 'batch_target_fraction': 0.0469}
INFO:root:{'epoch': 70, 'target_train_loss': 0.0001, 'ood_train_loss': 0.0024, 'train_loss': 0.0012, 'train_acc': 1.0, 'batch_target_fraction': 0.0469}
INFO:root:{'epoch': 80, 'target_train_loss': 0.0001, 'ood_train_loss': 0.0022, 'train_loss': 0.0012, 'train_acc': 1.0, 'batch_target_fraction': 0.0469}
INFO:root:{'epoch': 90, 'target_train_loss': 0.0001, 'ood_train_loss': 0.0023, 'train_loss': 0.0012, 'train_acc': 1.0, 'batch_target_fraction': 0.0469}
INFO:root:{'angle': 0, 'm_n_ratio': 20, 'replicate_id': 1, 'alpha': 0.5, 'target_risk': 0.213}
INFO:root:{'epoch': 0, 'target_train_loss': 0.5514, 'ood_train_loss': 0.7004, 'train_loss': 0.6259, 'train_acc': 0.6265, 'batch_target_fraction': 0.0469}
INFO:root:{'epoch': 10, 'target_train_loss': 0.0103, 'ood_train_loss': 0.192, 'train_loss': 0.1012, 'train_acc': 0.9424, 'batch_target_fraction': 0.0469}
INFO:root:{'epoch': 20, 'target_train_loss': 0.0007, 'ood_train_loss': 0.0235, 'train_loss': 0.0121, 'train_acc': 1.0, 'batch_target_fraction': 0.0469}
INFO:root:{'epoch': 30, 'target_train_loss': 0.0004, 'ood_train_loss': 0.0085, 'train_loss': 0.0044, 'train_acc': 1.0, 'batch_target_fraction': 0.0469}
INFO:root:{'epoch': 40, 'target_train_loss': 0.0001, 'ood_train_loss': 0.005, 'train_loss': 0.0025, 'train_acc': 1.0, 'batch_target_fraction': 0.0469}
INFO:root:{'epoch': 50, 'target_train_loss': 0.0001, 'ood_train_loss': 0.0038, 'train_loss': 0.002, 'train_acc': 1.0, 'batch_target_fraction': 0.0469}
INFO:root:{'epoch': 60, 'target_train_loss': 0.0001, 'ood_train_loss': 0.0033, 'train_loss': 0.0017, 'train_acc': 1.0, 'batch_target_fraction': 0.0469}
INFO:root:{'epoch': 70, 'target_train_loss': 0.0001, 'ood_train_loss': 0.0026, 'train_loss': 0.0013, 'train_acc': 1.0, 'batch_target_fraction': 0.0469}
INFO:root:{'epoch': 80, 'target_train_loss': 0.0001, 'ood_train_loss': 0.0025, 'train_loss': 0.0013, 'train_acc': 1.0, 'batch_target_fraction': 0.0469}
INFO:root:{'epoch': 90, 'target_train_loss': 0.0001, 'ood_train_loss': 0.0026, 'train_loss': 0.0014, 'train_acc': 1.0, 'batch_target_fraction': 0.0469}
INFO:root:{'angle': 0, 'm_n_ratio': 20, 'replicate_id': 2, 'alpha': 0.5, 'target_risk': 0.219}
INFO:root:{'epoch': 0, 'target_train_loss': 0.5356, 'ood_train_loss': 0.666, 'train_loss': 0.6008, 'train_acc': 0.6548, 'batch_target_fraction': 0.0469}
INFO:root:{'epoch': 10, 'target_train_loss': 0.0066, 'ood_train_loss': 0.1288, 'train_loss': 0.0677, 'train_acc': 0.9697, 'batch_target_fraction': 0.0469}
INFO:root:{'epoch': 20, 'target_train_loss': 0.0007, 'ood_train_loss': 0.0169, 'train_loss': 0.0088, 'train_acc': 1.0, 'batch_target_fraction': 0.0469}
INFO:root:{'epoch': 30, 'target_train_loss': 0.0002, 'ood_train_loss': 0.0065, 'train_loss': 0.0034, 'train_acc': 1.0, 'batch_target_fraction': 0.0469}
INFO:root:{'epoch': 40, 'target_train_loss': 0.0001, 'ood_train_loss': 0.0039, 'train_loss': 0.002, 'train_acc': 1.0, 'batch_target_fraction': 0.0469}
INFO:root:{'epoch': 50, 'target_train_loss': 0.0001, 'ood_train_loss': 0.0032, 'train_loss': 0.0017, 'train_acc': 1.0, 'batch_target_fraction': 0.0469}
INFO:root:{'epoch': 60, 'target_train_loss': 0.0001, 'ood_train_loss': 0.0025, 'train_loss': 0.0013, 'train_acc': 1.0, 'batch_target_fraction': 0.0469}
INFO:root:{'epoch': 70, 'target_train_loss': 0.0001, 'ood_train_loss': 0.0023, 'train_loss': 0.0012, 'train_acc': 1.0, 'batch_target_fraction': 0.0469}
INFO:root:{'epoch': 80, 'target_train_loss': 0.0001, 'ood_train_loss': 0.0026, 'train_loss': 0.0013, 'train_acc': 1.0, 'batch_target_fraction': 0.0469}
INFO:root:{'epoch': 90, 'target_train_loss': 0.0001, 'ood_train_loss': 0.0024, 'train_loss': 0.0013, 'train_acc': 1.0, 'batch_target_fraction': 0.0469}
INFO:root:{'angle': 0, 'm_n_ratio': 20, 'replicate_id': 3, 'alpha': 0.5, 'target_risk': 0.2075}
INFO:root:{'epoch': 0, 'target_train_loss': 0.6308, 'ood_train_loss': 0.727, 'train_loss': 0.6789, 'train_acc': 0.623, 'batch_target_fraction': 0.0469}
INFO:root:{'epoch': 10, 'target_train_loss': 0.0105, 'ood_train_loss': 0.165, 'train_loss': 0.0877, 'train_acc': 0.9546, 'batch_target_fraction': 0.0469}
INFO:root:{'epoch': 20, 'target_train_loss': 0.0006, 'ood_train_loss': 0.0217, 'train_loss': 0.0111, 'train_acc': 1.0, 'batch_target_fraction': 0.0469}
INFO:root:{'epoch': 30, 'target_train_loss': 0.0002, 'ood_train_loss': 0.0075, 'train_loss': 0.0038, 'train_acc': 1.0, 'batch_target_fraction': 0.0469}
INFO:root:{'epoch': 40, 'target_train_loss': 0.0001, 'ood_train_loss': 0.0048, 'train_loss': 0.0024, 'train_acc': 1.0, 'batch_target_fraction': 0.0469}
INFO:root:{'epoch': 50, 'target_train_loss': 0.0001, 'ood_train_loss': 0.0034, 'train_loss': 0.0018, 'train_acc': 1.0, 'batch_target_fraction': 0.0469}
INFO:root:{'epoch': 60, 'target_train_loss': 0.0001, 'ood_train_loss': 0.003, 'train_loss': 0.0015, 'train_acc': 1.0, 'batch_target_fraction': 0.0469}
INFO:root:{'epoch': 70, 'target_train_loss': 0.0001, 'ood_train_loss': 0.0028, 'train_loss': 0.0015, 'train_acc': 1.0, 'batch_target_fraction': 0.0469}
INFO:root:{'epoch': 80, 'target_train_loss': 0.0, 'ood_train_loss': 0.0024, 'train_loss': 0.0012, 'train_acc': 1.0, 'batch_target_fraction': 0.0469}
INFO:root:{'epoch': 90, 'target_train_loss': 0.0001, 'ood_train_loss': 0.0024, 'train_loss': 0.0012, 'train_acc': 1.0, 'batch_target_fraction': 0.0469}
INFO:root:{'angle': 0, 'm_n_ratio': 20, 'replicate_id': 4, 'alpha': 0.5, 'target_risk': 0.2175}
INFO:root:{'epoch': 0, 'target_train_loss': 0.5774, 'ood_train_loss': 0.67, 'train_loss': 0.6237, 'train_acc': 0.6431, 'batch_target_fraction': 0.0469}
INFO:root:{'epoch': 10, 'target_train_loss': 0.0112, 'ood_train_loss': 0.1824, 'train_loss': 0.0968, 'train_acc': 0.9419, 'batch_target_fraction': 0.0469}
INFO:root:{'epoch': 20, 'target_train_loss': 0.0006, 'ood_train_loss': 0.0262, 'train_loss': 0.0134, 'train_acc': 0.9995, 'batch_target_fraction': 0.0469}
INFO:root:{'epoch': 30, 'target_train_loss': 0.0003, 'ood_train_loss': 0.0085, 'train_loss': 0.0044, 'train_acc': 1.0, 'batch_target_fraction': 0.0469}
INFO:root:{'epoch': 40, 'target_train_loss': 0.0001, 'ood_train_loss': 0.0049, 'train_loss': 0.0025, 'train_acc': 1.0, 'batch_target_fraction': 0.0469}
INFO:root:{'epoch': 50, 'target_train_loss': 0.0001, 'ood_train_loss': 0.0037, 'train_loss': 0.0019, 'train_acc': 1.0, 'batch_target_fraction': 0.0469}
INFO:root:{'epoch': 60, 'target_train_loss': 0.0001, 'ood_train_loss': 0.0029, 'train_loss': 0.0015, 'train_acc': 1.0, 'batch_target_fraction': 0.0469}
INFO:root:{'epoch': 70, 'target_train_loss': 0.0001, 'ood_train_loss': 0.0028, 'train_loss': 0.0014, 'train_acc': 1.0, 'batch_target_fraction': 0.0469}
INFO:root:{'epoch': 80, 'target_train_loss': 0.0001, 'ood_train_loss': 0.0024, 'train_loss': 0.0012, 'train_acc': 1.0, 'batch_target_fraction': 0.0469}
INFO:root:{'epoch': 90, 'target_train_loss': 0.0001, 'ood_train_loss': 0.0025, 'train_loss': 0.0013, 'train_acc': 1.0, 'batch_target_fraction': 0.0469}
INFO:root:{'angle': 0, 'm_n_ratio': 20, 'replicate_id': 5, 'alpha': 0.5, 'target_risk': 0.2175}
INFO:root:{'epoch': 0, 'target_train_loss': 0.556, 'ood_train_loss': 0.6482, 'train_loss': 0.6021, 'train_acc': 0.6724, 'batch_target_fraction': 0.0469}
INFO:root:{'epoch': 10, 'target_train_loss': 0.0098, 'ood_train_loss': 0.1673, 'train_loss': 0.0885, 'train_acc': 0.9526, 'batch_target_fraction': 0.0469}
INFO:root:{'epoch': 20, 'target_train_loss': 0.0006, 'ood_train_loss': 0.0224, 'train_loss': 0.0115, 'train_acc': 0.9995, 'batch_target_fraction': 0.0469}
INFO:root:{'epoch': 30, 'target_train_loss': 0.0002, 'ood_train_loss': 0.0072, 'train_loss': 0.0037, 'train_acc': 1.0, 'batch_target_fraction': 0.0469}
INFO:root:{'epoch': 40, 'target_train_loss': 0.0001, 'ood_train_loss': 0.005, 'train_loss': 0.0026, 'train_acc': 1.0, 'batch_target_fraction': 0.0469}
INFO:root:{'epoch': 50, 'target_train_loss': 0.0001, 'ood_train_loss': 0.0035, 'train_loss': 0.0018, 'train_acc': 1.0, 'batch_target_fraction': 0.0469}
INFO:root:{'epoch': 60, 'target_train_loss': 0.0001, 'ood_train_loss': 0.0029, 'train_loss': 0.0015, 'train_acc': 1.0, 'batch_target_fraction': 0.0469}
INFO:root:{'epoch': 70, 'target_train_loss': 0.0001, 'ood_train_loss': 0.0027, 'train_loss': 0.0014, 'train_acc': 1.0, 'batch_target_fraction': 0.0469}
INFO:root:{'epoch': 80, 'target_train_loss': 0.0001, 'ood_train_loss': 0.0026, 'train_loss': 0.0013, 'train_acc': 1.0, 'batch_target_fraction': 0.0469}
INFO:root:{'epoch': 90, 'target_train_loss': 0.0001, 'ood_train_loss': 0.0026, 'train_loss': 0.0013, 'train_acc': 1.0, 'batch_target_fraction': 0.0469}
INFO:root:{'angle': 0, 'm_n_ratio': 20, 'replicate_id': 6, 'alpha': 0.5, 'target_risk': 0.212}
INFO:root:{'epoch': 0, 'target_train_loss': 0.6484, 'ood_train_loss': 0.6995, 'train_loss': 0.6739, 'train_acc': 0.6216, 'batch_target_fraction': 0.0469}
INFO:root:{'epoch': 10, 'target_train_loss': 0.0112, 'ood_train_loss': 0.161, 'train_loss': 0.0861, 'train_acc': 0.9556, 'batch_target_fraction': 0.0469}
INFO:root:{'epoch': 20, 'target_train_loss': 0.0006, 'ood_train_loss': 0.0202, 'train_loss': 0.0104, 'train_acc': 0.999, 'batch_target_fraction': 0.0469}
INFO:root:{'epoch': 30, 'target_train_loss': 0.0003, 'ood_train_loss': 0.008, 'train_loss': 0.0041, 'train_acc': 1.0, 'batch_target_fraction': 0.0469}
INFO:root:{'epoch': 40, 'target_train_loss': 0.0002, 'ood_train_loss': 0.0047, 'train_loss': 0.0024, 'train_acc': 1.0, 'batch_target_fraction': 0.0469}
INFO:root:{'epoch': 50, 'target_train_loss': 0.0001, 'ood_train_loss': 0.0036, 'train_loss': 0.0019, 'train_acc': 1.0, 'batch_target_fraction': 0.0469}
INFO:root:{'epoch': 60, 'target_train_loss': 0.0001, 'ood_train_loss': 0.0029, 'train_loss': 0.0015, 'train_acc': 1.0, 'batch_target_fraction': 0.0469}
INFO:root:{'epoch': 70, 'target_train_loss': 0.0001, 'ood_train_loss': 0.0028, 'train_loss': 0.0014, 'train_acc': 1.0, 'batch_target_fraction': 0.0469}
INFO:root:{'epoch': 80, 'target_train_loss': 0.0001, 'ood_train_loss': 0.0026, 'train_loss': 0.0013, 'train_acc': 1.0, 'batch_target_fraction': 0.0469}
INFO:root:{'epoch': 90, 'target_train_loss': 0.0001, 'ood_train_loss': 0.0025, 'train_loss': 0.0013, 'train_acc': 1.0, 'batch_target_fraction': 0.0469}
INFO:root:{'angle': 0, 'm_n_ratio': 20, 'replicate_id': 7, 'alpha': 0.5, 'target_risk': 0.226}
INFO:root:{'epoch': 0, 'target_train_loss': 0.485, 'ood_train_loss': 0.6429, 'train_loss': 0.564, 'train_acc': 0.6538, 'batch_target_fraction': 0.0469}
INFO:root:{'epoch': 10, 'target_train_loss': 0.0095, 'ood_train_loss': 0.1801, 'train_loss': 0.0948, 'train_acc': 0.9492, 'batch_target_fraction': 0.0469}
INFO:root:{'epoch': 20, 'target_train_loss': 0.0006, 'ood_train_loss': 0.0256, 'train_loss': 0.0131, 'train_acc': 0.9985, 'batch_target_fraction': 0.0469}
INFO:root:{'epoch': 30, 'target_train_loss': 0.0002, 'ood_train_loss': 0.0081, 'train_loss': 0.0042, 'train_acc': 1.0, 'batch_target_fraction': 0.0469}
INFO:root:{'epoch': 40, 'target_train_loss': 0.0001, 'ood_train_loss': 0.0047, 'train_loss': 0.0024, 'train_acc': 1.0, 'batch_target_fraction': 0.0469}
INFO:root:{'epoch': 50, 'target_train_loss': 0.0001, 'ood_train_loss': 0.0035, 'train_loss': 0.0018, 'train_acc': 1.0, 'batch_target_fraction': 0.0469}
INFO:root:{'epoch': 60, 'target_train_loss': 0.0001, 'ood_train_loss': 0.0031, 'train_loss': 0.0016, 'train_acc': 1.0, 'batch_target_fraction': 0.0469}
INFO:root:{'epoch': 70, 'target_train_loss': 0.0001, 'ood_train_loss': 0.0026, 'train_loss': 0.0013, 'train_acc': 1.0, 'batch_target_fraction': 0.0469}
INFO:root:{'epoch': 80, 'target_train_loss': 0.0001, 'ood_train_loss': 0.0026, 'train_loss': 0.0014, 'train_acc': 1.0, 'batch_target_fraction': 0.0469}
INFO:root:{'epoch': 90, 'target_train_loss': 0.0001, 'ood_train_loss': 0.0024, 'train_loss': 0.0012, 'train_acc': 1.0, 'batch_target_fraction': 0.0469}
INFO:root:{'angle': 0, 'm_n_ratio': 20, 'replicate_id': 8, 'alpha': 0.5, 'target_risk': 0.2065}
INFO:root:{'epoch': 0, 'target_train_loss': 0.7206, 'ood_train_loss': 0.7295, 'train_loss': 0.7251, 'train_acc': 0.6152, 'batch_target_fraction': 0.0469}
INFO:root:{'epoch': 10, 'target_train_loss': 0.0092, 'ood_train_loss': 0.2011, 'train_loss': 0.1051, 'train_acc': 0.9482, 'batch_target_fraction': 0.0469}
INFO:root:{'epoch': 20, 'target_train_loss': 0.0006, 'ood_train_loss': 0.0259, 'train_loss': 0.0133, 'train_acc': 0.9976, 'batch_target_fraction': 0.0469}
INFO:root:{'epoch': 30, 'target_train_loss': 0.0002, 'ood_train_loss': 0.0086, 'train_loss': 0.0044, 'train_acc': 1.0, 'batch_target_fraction': 0.0469}
INFO:root:{'epoch': 40, 'target_train_loss': 0.0001, 'ood_train_loss': 0.0053, 'train_loss': 0.0027, 'train_acc': 1.0, 'batch_target_fraction': 0.0469}
INFO:root:{'epoch': 50, 'target_train_loss': 0.0001, 'ood_train_loss': 0.0037, 'train_loss': 0.0019, 'train_acc': 1.0, 'batch_target_fraction': 0.0469}
INFO:root:{'epoch': 60, 'target_train_loss': 0.0001, 'ood_train_loss': 0.0031, 'train_loss': 0.0016, 'train_acc': 1.0, 'batch_target_fraction': 0.0469}
INFO:root:{'epoch': 70, 'target_train_loss': 0.0001, 'ood_train_loss': 0.0028, 'train_loss': 0.0014, 'train_acc': 1.0, 'batch_target_fraction': 0.0469}
INFO:root:{'epoch': 80, 'target_train_loss': 0.0001, 'ood_train_loss': 0.0027, 'train_loss': 0.0014, 'train_acc': 1.0, 'batch_target_fraction': 0.0469}
INFO:root:{'epoch': 90, 'target_train_loss': 0.0001, 'ood_train_loss': 0.0031, 'train_loss': 0.0016, 'train_acc': 1.0, 'batch_target_fraction': 0.0469}
INFO:root:{'angle': 0, 'm_n_ratio': 20, 'replicate_id': 9, 'alpha': 0.5, 'target_risk': 0.217}
