{'deploy': True, 'tag': '02_beta/task_loss_group', 'seed': 10, 'device': 'cuda:0', 'reps': 10, 'loss': {'α': 0.5, 'tune_α': False, 'group_task_loss': True}, 'task': {'dataset': 'split_cifar10', 'task_map': [[0, 1], [2, 3], [4, 5], [6, 7], [8, 9]], 'target': 0, 'ood': [4], 'augment': False, 'n': 50, 'm_n': 7.5, 'β': 0.5, 'custom_sampler': False}, 'hp': {'epochs': 100, 'bs': 16, 'lr': 0.01}, 'net': 'conv'}
Files already downloaded and verified
Files already downloaded and verified
/home/ubuntu/tools/miniconda3/envs/manifold/lib/python3.9/site-packages/torch/optim/lr_scheduler.py:131: UserWarning: Detected call of `lr_scheduler.step()` before `optimizer.step()`. In PyTorch 1.1.0 and later, you should call them in the opposite order: `optimizer.step()` before `lr_scheduler.step()`.  Failure to do this will result in PyTorch skipping the first value of the learning rate schedule. See more details at https://pytorch.org/docs/stable/optim.html#how-to-adjust-learning-rate
  warnings.warn("Detected call of `lr_scheduler.step()` before `optimizer.step()`. "
{'epoch': 1, 'train_loss': 0.8382, 'train_acc': 0.6565, 'task_loss': (0.4106, 0.4276)}
{'epoch': 2, 'train_loss': 0.7192, 'train_acc': 0.7247, 'task_loss': (0.2782, 0.441)}
{'epoch': 3, 'train_loss': 0.5625, 'train_acc': 0.7553, 'task_loss': (0.1985, 0.3641)}
{'epoch': 4, 'train_loss': 0.4379, 'train_acc': 0.7918, 'task_loss': (0.1609, 0.277)}
{'epoch': 5, 'train_loss': 0.2794, 'train_acc': 0.8541, 'task_loss': (0.0868, 0.1926)}
{'epoch': 6, 'train_loss': 0.23, 'train_acc': 0.8553, 'task_loss': (0.0449, 0.1851)}
{'epoch': 7, 'train_loss': 0.1705, 'train_acc': 0.8976, 'task_loss': (0.033, 0.1375)}
{'epoch': 8, 'train_loss': 0.1216, 'train_acc': 0.9176, 'task_loss': (0.0159, 0.1057)}
{'epoch': 9, 'train_loss': 0.0793, 'train_acc': 0.9541, 'task_loss': (0.0102, 0.0691)}
{'epoch': 10, 'train_loss': 0.065, 'train_acc': 0.9624, 'task_loss': (0.0094, 0.0556)}
{'epoch': 11, 'train_loss': 0.0344, 'train_acc': 0.9847, 'task_loss': (0.0027, 0.0317)}
{'epoch': 12, 'train_loss': 0.0252, 'train_acc': 0.9882, 'task_loss': (0.0025, 0.0227)}
{'epoch': 13, 'train_loss': 0.0845, 'train_acc': 0.9435, 'task_loss': (0.0097, 0.0748)}
{'epoch': 14, 'train_loss': 0.0369, 'train_acc': 0.9859, 'task_loss': (0.0085, 0.0284)}
{'epoch': 15, 'train_loss': 0.0125, 'train_acc': 0.9953, 'task_loss': (0.001, 0.0115)}
{'epoch': 16, 'train_loss': 0.0097, 'train_acc': 0.9988, 'task_loss': (0.0011, 0.0087)}
{'epoch': 17, 'train_loss': 0.0091, 'train_acc': 1.0, 'task_loss': (0.002, 0.0071)}
{'epoch': 18, 'train_loss': 0.0059, 'train_acc': 1.0, 'task_loss': (0.0009, 0.005)}
{'epoch': 19, 'train_loss': 0.0054, 'train_acc': 0.9988, 'task_loss': (0.0004, 0.005)}
{'epoch': 20, 'train_loss': 0.0041, 'train_acc': 1.0, 'task_loss': (0.0004, 0.0038)}
{'epoch': 21, 'train_loss': 0.0029, 'train_acc': 1.0, 'task_loss': (0.0003, 0.0026)}
{'epoch': 22, 'train_loss': 0.0055, 'train_acc': 0.9976, 'task_loss': (0.0005, 0.0051)}
{'epoch': 23, 'train_loss': 0.0041, 'train_acc': 1.0, 'task_loss': (0.0007, 0.0033)}
{'epoch': 24, 'train_loss': 0.002, 'train_acc': 1.0, 'task_loss': (0.0002, 0.0018)}
{'epoch': 25, 'train_loss': 0.0022, 'train_acc': 1.0, 'task_loss': (0.0004, 0.0019)}
{'epoch': 26, 'train_loss': 0.0023, 'train_acc': 1.0, 'task_loss': (0.0002, 0.0021)}
{'epoch': 27, 'train_loss': 0.0017, 'train_acc': 1.0, 'task_loss': (0.0002, 0.0015)}
{'epoch': 28, 'train_loss': 0.0014, 'train_acc': 1.0, 'task_loss': (1e-04, 0.0012)}
{'epoch': 29, 'train_loss': 0.0022, 'train_acc': 0.9988, 'task_loss': (1e-04, 0.0022)}
{'epoch': 30, 'train_loss': 0.1136, 'train_acc': 0.9471, 'task_loss': (0.0353, 0.0783)}
{'epoch': 31, 'train_loss': 0.0151, 'train_acc': 0.9965, 'task_loss': (0.0022, 0.0129)}
{'epoch': 32, 'train_loss': 0.01, 'train_acc': 0.9988, 'task_loss': (0.0022, 0.0078)}
{'epoch': 33, 'train_loss': 0.0043, 'train_acc': 1.0, 'task_loss': (0.0003, 0.004)}
{'epoch': 34, 'train_loss': 0.0033, 'train_acc': 1.0, 'task_loss': (0.0004, 0.0029)}
{'epoch': 35, 'train_loss': 0.0056, 'train_acc': 0.9988, 'task_loss': (0.0008, 0.0048)}
{'epoch': 36, 'train_loss': 0.003, 'train_acc': 1.0, 'task_loss': (0.0003, 0.0027)}
{'epoch': 37, 'train_loss': 0.0028, 'train_acc': 0.9988, 'task_loss': (0.0002, 0.0026)}
{'epoch': 38, 'train_loss': 0.0121, 'train_acc': 0.9929, 'task_loss': (0.0015, 0.0105)}
{'epoch': 39, 'train_loss': 0.0317, 'train_acc': 0.9788, 'task_loss': (0.0034, 0.0284)}
{'epoch': 40, 'train_loss': 0.0298, 'train_acc': 0.9871, 'task_loss': (0.0074, 0.0223)}
{'epoch': 41, 'train_loss': 0.0149, 'train_acc': 0.9929, 'task_loss': (0.0012, 0.0138)}
{'epoch': 42, 'train_loss': 0.0034, 'train_acc': 1.0, 'task_loss': (0.0005, 0.0028)}
{'epoch': 43, 'train_loss': 0.0038, 'train_acc': 1.0, 'task_loss': (0.0008, 0.003)}
{'epoch': 44, 'train_loss': 0.0031, 'train_acc': 1.0, 'task_loss': (0.0005, 0.0026)}
{'epoch': 45, 'train_loss': 0.0018, 'train_acc': 1.0, 'task_loss': (0.0002, 0.0016)}
{'epoch': 46, 'train_loss': 0.003, 'train_acc': 1.0, 'task_loss': (0.0006, 0.0023)}
{'epoch': 47, 'train_loss': 0.0016, 'train_acc': 1.0, 'task_loss': (0.0002, 0.0014)}
{'epoch': 48, 'train_loss': 0.0014, 'train_acc': 1.0, 'task_loss': (0.0002, 0.0012)}
{'epoch': 49, 'train_loss': 0.0018, 'train_acc': 1.0, 'task_loss': (0.0002, 0.0016)}
{'epoch': 50, 'train_loss': 0.0014, 'train_acc': 1.0, 'task_loss': (1e-04, 0.0013)}
{'epoch': 51, 'train_loss': 0.0013, 'train_acc': 1.0, 'task_loss': (1e-04, 0.0012)}
{'epoch': 52, 'train_loss': 0.0008, 'train_acc': 1.0, 'task_loss': (1e-04, 0.0007)}
{'epoch': 53, 'train_loss': 0.0014, 'train_acc': 1.0, 'task_loss': (0.0002, 0.0012)}
{'epoch': 54, 'train_loss': 0.0009, 'train_acc': 1.0, 'task_loss': (1e-04, 0.0008)}
{'epoch': 55, 'train_loss': 0.0009, 'train_acc': 1.0, 'task_loss': (1e-04, 0.0008)}
{'epoch': 56, 'train_loss': 0.0011, 'train_acc': 1.0, 'task_loss': (1e-04, 0.0011)}
{'epoch': 57, 'train_loss': 0.001, 'train_acc': 1.0, 'task_loss': (1e-04, 0.0009)}
{'epoch': 58, 'train_loss': 0.001, 'train_acc': 1.0, 'task_loss': (1e-04, 0.0009)}
{'epoch': 59, 'train_loss': 0.0039, 'train_acc': 0.9988, 'task_loss': (0.0002, 0.0037)}
{'epoch': 60, 'train_loss': 0.0022, 'train_acc': 1.0, 'task_loss': (1e-04, 0.0021)}
{'epoch': 61, 'train_loss': 0.0012, 'train_acc': 1.0, 'task_loss': (0.0002, 0.001)}
{'epoch': 62, 'train_loss': 0.0009, 'train_acc': 1.0, 'task_loss': (1e-04, 0.0008)}
{'epoch': 63, 'train_loss': 0.0009, 'train_acc': 1.0, 'task_loss': (1e-04, 0.0008)}
{'epoch': 64, 'train_loss': 0.0012, 'train_acc': 1.0, 'task_loss': (1e-04, 0.0011)}
{'epoch': 65, 'train_loss': 0.0006, 'train_acc': 1.0, 'task_loss': (1e-04, 0.0005)}
{'epoch': 66, 'train_loss': 0.001, 'train_acc': 1.0, 'task_loss': (1e-04, 0.0008)}
{'epoch': 67, 'train_loss': 0.001, 'train_acc': 1.0, 'task_loss': (0.0002, 0.0008)}
{'epoch': 68, 'train_loss': 0.0009, 'train_acc': 1.0, 'task_loss': (1e-04, 0.0008)}
{'epoch': 69, 'train_loss': 0.001, 'train_acc': 1.0, 'task_loss': (1e-04, 0.0009)}
{'epoch': 70, 'train_loss': 0.0007, 'train_acc': 1.0, 'task_loss': (1e-04, 0.0006)}
{'epoch': 71, 'train_loss': 0.0007, 'train_acc': 1.0, 'task_loss': (1e-04, 0.0005)}
{'epoch': 72, 'train_loss': 0.0007, 'train_acc': 1.0, 'task_loss': (1e-04, 0.0006)}
{'epoch': 73, 'train_loss': 0.0015, 'train_acc': 0.9988, 'task_loss': (1e-04, 0.0014)}
{'epoch': 74, 'train_loss': 0.0016, 'train_acc': 1.0, 'task_loss': (1e-04, 0.0015)}
{'epoch': 75, 'train_loss': 0.0032, 'train_acc': 0.9988, 'task_loss': (1e-04, 0.0031)}
{'epoch': 76, 'train_loss': 0.0061, 'train_acc': 0.9976, 'task_loss': (0.0006, 0.0054)}
{'epoch': 77, 'train_loss': 0.0021, 'train_acc': 1.0, 'task_loss': (0.0003, 0.0019)}
{'epoch': 78, 'train_loss': 0.0023, 'train_acc': 1.0, 'task_loss': (0.0004, 0.0019)}
{'epoch': 79, 'train_loss': 0.0018, 'train_acc': 1.0, 'task_loss': (0.0002, 0.0016)}
{'epoch': 80, 'train_loss': 0.0014, 'train_acc': 1.0, 'task_loss': (0.0002, 0.0013)}
{'epoch': 81, 'train_loss': 0.0012, 'train_acc': 1.0, 'task_loss': (0.0002, 0.001)}
{'epoch': 82, 'train_loss': 0.0029, 'train_acc': 1.0, 'task_loss': (0.0016, 0.0013)}
{'epoch': 83, 'train_loss': 0.0011, 'train_acc': 1.0, 'task_loss': (1e-04, 0.001)}
{'epoch': 84, 'train_loss': 0.0017, 'train_acc': 1.0, 'task_loss': (1e-04, 0.0016)}
{'epoch': 85, 'train_loss': 0.0012, 'train_acc': 1.0, 'task_loss': (1e-04, 0.001)}
{'epoch': 86, 'train_loss': 0.001, 'train_acc': 1.0, 'task_loss': (1e-04, 0.0009)}
{'epoch': 87, 'train_loss': 0.001, 'train_acc': 1.0, 'task_loss': (1e-04, 0.0009)}
{'epoch': 88, 'train_loss': 0.0014, 'train_acc': 1.0, 'task_loss': (1e-04, 0.0013)}
{'epoch': 89, 'train_loss': 0.0015, 'train_acc': 0.9988, 'task_loss': (1e-04, 0.0015)}
{'epoch': 90, 'train_loss': 0.0008, 'train_acc': 1.0, 'task_loss': (1e-04, 0.0007)}
{'epoch': 91, 'train_loss': 0.0014, 'train_acc': 1.0, 'task_loss': (1e-04, 0.0013)}
{'epoch': 92, 'train_loss': 0.0009, 'train_acc': 1.0, 'task_loss': (1e-04, 0.0009)}
{'epoch': 93, 'train_loss': 0.0012, 'train_acc': 1.0, 'task_loss': (0.0002, 0.001)}
{'epoch': 94, 'train_loss': 0.0015, 'train_acc': 1.0, 'task_loss': (1e-04, 0.0014)}
{'epoch': 95, 'train_loss': 0.0007, 'train_acc': 1.0, 'task_loss': (1e-04, 0.0006)}
{'epoch': 96, 'train_loss': 0.0017, 'train_acc': 1.0, 'task_loss': (0.0002, 0.0016)}
{'epoch': 97, 'train_loss': 0.0017, 'train_acc': 0.9988, 'task_loss': (1e-04, 0.0016)}
{'epoch': 98, 'train_loss': 0.0011, 'train_acc': 1.0, 'task_loss': (0.0002, 0.0009)}
{'epoch': 99, 'train_loss': 0.0012, 'train_acc': 1.0, 'task_loss': (0.0002, 0.001)}
{'epoch': 100, 'train_loss': 0.0011, 'train_acc': 1.0, 'task_loss': (1e-04, 0.0011)}
{'run_num': 0, 'final_test_err': 0.16225}
Files already downloaded and verified
Files already downloaded and verified
{'epoch': 1, 'train_loss': 0.7372, 'train_acc': 0.6188, 'task_loss': (0.3026, 0.4346)}
{'epoch': 2, 'train_loss': 0.6013, 'train_acc': 0.7306, 'task_loss': (0.2503, 0.351)}
{'epoch': 3, 'train_loss': 0.5765, 'train_acc': 0.7635, 'task_loss': (0.2388, 0.3377)}
{'epoch': 4, 'train_loss': 0.6012, 'train_acc': 0.7282, 'task_loss': (0.2173, 0.3839)}
{'epoch': 5, 'train_loss': 0.3834, 'train_acc': 0.7953, 'task_loss': (0.0978, 0.2856)}
{'epoch': 6, 'train_loss': 0.1924, 'train_acc': 0.8776, 'task_loss': (0.0328, 0.1596)}
{'epoch': 7, 'train_loss': 0.1791, 'train_acc': 0.8976, 'task_loss': (0.0522, 0.1269)}
{'epoch': 8, 'train_loss': 0.1353, 'train_acc': 0.9141, 'task_loss': (0.0152, 0.12)}
{'epoch': 9, 'train_loss': 0.0835, 'train_acc': 0.9459, 'task_loss': (0.0107, 0.0728)}
{'epoch': 10, 'train_loss': 0.0948, 'train_acc': 0.9435, 'task_loss': (0.0219, 0.073)}
{'epoch': 11, 'train_loss': 0.0958, 'train_acc': 0.9541, 'task_loss': (0.0236, 0.0722)}
{'epoch': 12, 'train_loss': 0.0525, 'train_acc': 0.9612, 'task_loss': (0.0054, 0.0471)}
{'epoch': 13, 'train_loss': 0.0319, 'train_acc': 0.9824, 'task_loss': (0.0031, 0.0287)}
{'epoch': 14, 'train_loss': 0.0193, 'train_acc': 0.9918, 'task_loss': (0.0028, 0.0164)}
{'epoch': 15, 'train_loss': 0.0544, 'train_acc': 0.9647, 'task_loss': (0.0047, 0.0497)}
{'epoch': 16, 'train_loss': 0.0133, 'train_acc': 0.9976, 'task_loss': (0.0012, 0.012)}
{'epoch': 17, 'train_loss': 0.0073, 'train_acc': 0.9988, 'task_loss': (0.0007, 0.0066)}
{'epoch': 18, 'train_loss': 0.0354, 'train_acc': 0.9824, 'task_loss': (0.0075, 0.0279)}
{'epoch': 19, 'train_loss': 0.1231, 'train_acc': 0.9282, 'task_loss': (0.0372, 0.0859)}
{'epoch': 20, 'train_loss': 0.0372, 'train_acc': 0.9788, 'task_loss': (0.0031, 0.0341)}
{'epoch': 21, 'train_loss': 0.0129, 'train_acc': 0.9988, 'task_loss': (0.0012, 0.0117)}
{'epoch': 22, 'train_loss': 0.0096, 'train_acc': 0.9988, 'task_loss': (0.0011, 0.0085)}
{'epoch': 23, 'train_loss': 0.0058, 'train_acc': 1.0, 'task_loss': (0.0004, 0.0054)}
{'epoch': 24, 'train_loss': 0.0065, 'train_acc': 0.9988, 'task_loss': (0.0004, 0.0061)}
{'epoch': 25, 'train_loss': 0.0059, 'train_acc': 0.9988, 'task_loss': (0.0006, 0.0053)}
{'epoch': 26, 'train_loss': 0.0043, 'train_acc': 1.0, 'task_loss': (0.0003, 0.004)}
{'epoch': 27, 'train_loss': 0.0031, 'train_acc': 1.0, 'task_loss': (0.0003, 0.0028)}
{'epoch': 28, 'train_loss': 0.0046, 'train_acc': 1.0, 'task_loss': (0.0005, 0.0041)}
{'epoch': 29, 'train_loss': 0.0027, 'train_acc': 1.0, 'task_loss': (0.0002, 0.0025)}
{'epoch': 30, 'train_loss': 0.0054, 'train_acc': 0.9988, 'task_loss': (0.0004, 0.005)}
{'epoch': 31, 'train_loss': 0.0023, 'train_acc': 1.0, 'task_loss': (0.0003, 0.0019)}
{'epoch': 32, 'train_loss': 0.0024, 'train_acc': 1.0, 'task_loss': (0.0003, 0.002)}
{'epoch': 33, 'train_loss': 0.002, 'train_acc': 1.0, 'task_loss': (1e-04, 0.0019)}
{'epoch': 34, 'train_loss': 0.0024, 'train_acc': 1.0, 'task_loss': (0.0002, 0.0022)}
{'epoch': 35, 'train_loss': 0.0017, 'train_acc': 1.0, 'task_loss': (0.0003, 0.0014)}
{'epoch': 36, 'train_loss': 0.0013, 'train_acc': 1.0, 'task_loss': (1e-04, 0.0012)}
{'epoch': 37, 'train_loss': 0.0015, 'train_acc': 1.0, 'task_loss': (1e-04, 0.0014)}
{'epoch': 38, 'train_loss': 0.0011, 'train_acc': 1.0, 'task_loss': (1e-04, 0.001)}
{'epoch': 39, 'train_loss': 0.001, 'train_acc': 1.0, 'task_loss': (1e-04, 0.0009)}
{'epoch': 40, 'train_loss': 0.0013, 'train_acc': 1.0, 'task_loss': (0.0002, 0.0012)}
{'epoch': 41, 'train_loss': 0.0017, 'train_acc': 0.9988, 'task_loss': (1e-04, 0.0015)}
{'epoch': 42, 'train_loss': 0.0196, 'train_acc': 0.9929, 'task_loss': (0.001, 0.0186)}
{'epoch': 43, 'train_loss': 0.0037, 'train_acc': 0.9988, 'task_loss': (0.0003, 0.0033)}
{'epoch': 44, 'train_loss': 0.0018, 'train_acc': 1.0, 'task_loss': (0.0004, 0.0014)}
{'epoch': 45, 'train_loss': 0.0016, 'train_acc': 1.0, 'task_loss': (0.0002, 0.0014)}
{'epoch': 46, 'train_loss': 0.0095, 'train_acc': 0.9988, 'task_loss': (0.0005, 0.0089)}
{'epoch': 47, 'train_loss': 0.0022, 'train_acc': 0.9988, 'task_loss': (0.0002, 0.0019)}
{'epoch': 48, 'train_loss': 0.0019, 'train_acc': 1.0, 'task_loss': (1e-04, 0.0018)}
{'epoch': 49, 'train_loss': 0.0013, 'train_acc': 1.0, 'task_loss': (1e-04, 0.0012)}
{'epoch': 50, 'train_loss': 0.001, 'train_acc': 1.0, 'task_loss': (1e-04, 0.0009)}
{'epoch': 51, 'train_loss': 0.0009, 'train_acc': 1.0, 'task_loss': (1e-04, 0.0008)}
{'epoch': 52, 'train_loss': 0.0009, 'train_acc': 1.0, 'task_loss': (1e-04, 0.0008)}
{'epoch': 53, 'train_loss': 0.0007, 'train_acc': 1.0, 'task_loss': (1e-04, 0.0006)}
{'epoch': 54, 'train_loss': 0.0007, 'train_acc': 1.0, 'task_loss': (1e-04, 0.0006)}
{'epoch': 55, 'train_loss': 0.0008, 'train_acc': 1.0, 'task_loss': (1e-04, 0.0007)}
{'epoch': 56, 'train_loss': 0.0009, 'train_acc': 1.0, 'task_loss': (1e-04, 0.0008)}
{'epoch': 57, 'train_loss': 0.0009, 'train_acc': 1.0, 'task_loss': (0.0002, 0.0007)}
{'epoch': 58, 'train_loss': 0.0007, 'train_acc': 1.0, 'task_loss': (1e-04, 0.0006)}
{'epoch': 59, 'train_loss': 0.0007, 'train_acc': 1.0, 'task_loss': (1e-04, 0.0007)}
{'epoch': 60, 'train_loss': 0.0007, 'train_acc': 1.0, 'task_loss': (1e-04, 0.0006)}
{'epoch': 61, 'train_loss': 0.001, 'train_acc': 1.0, 'task_loss': (1e-04, 0.0009)}
{'epoch': 62, 'train_loss': 0.0008, 'train_acc': 1.0, 'task_loss': (1e-04, 0.0007)}
{'epoch': 63, 'train_loss': 0.0007, 'train_acc': 1.0, 'task_loss': (1e-04, 0.0007)}
{'epoch': 64, 'train_loss': 0.0007, 'train_acc': 1.0, 'task_loss': (0.0, 0.0006)}
{'epoch': 65, 'train_loss': 0.0011, 'train_acc': 1.0, 'task_loss': (1e-04, 0.0011)}
{'epoch': 66, 'train_loss': 0.0019, 'train_acc': 1.0, 'task_loss': (0.0002, 0.0017)}
{'epoch': 67, 'train_loss': 0.0012, 'train_acc': 1.0, 'task_loss': (1e-04, 0.0011)}
{'epoch': 68, 'train_loss': 0.001, 'train_acc': 1.0, 'task_loss': (1e-04, 0.0008)}
{'epoch': 69, 'train_loss': 0.003, 'train_acc': 0.9988, 'task_loss': (0.0002, 0.0028)}
{'epoch': 70, 'train_loss': 0.0054, 'train_acc': 0.9976, 'task_loss': (0.0003, 0.0051)}
{'epoch': 71, 'train_loss': 0.0032, 'train_acc': 1.0, 'task_loss': (0.0005, 0.0027)}
{'epoch': 72, 'train_loss': 0.0028, 'train_acc': 1.0, 'task_loss': (0.0004, 0.0024)}
{'epoch': 73, 'train_loss': 0.0032, 'train_acc': 0.9976, 'task_loss': (0.0004, 0.0028)}
{'epoch': 74, 'train_loss': 0.002, 'train_acc': 1.0, 'task_loss': (0.0002, 0.0018)}
{'epoch': 75, 'train_loss': 0.0015, 'train_acc': 1.0, 'task_loss': (0.0002, 0.0014)}
{'epoch': 76, 'train_loss': 0.0016, 'train_acc': 1.0, 'task_loss': (0.0005, 0.0011)}
{'epoch': 77, 'train_loss': 0.0013, 'train_acc': 1.0, 'task_loss': (1e-04, 0.0012)}
{'epoch': 78, 'train_loss': 0.0012, 'train_acc': 1.0, 'task_loss': (0.0002, 0.0011)}
{'epoch': 79, 'train_loss': 0.0017, 'train_acc': 1.0, 'task_loss': (0.0002, 0.0015)}
{'epoch': 80, 'train_loss': 0.0013, 'train_acc': 1.0, 'task_loss': (0.0002, 0.0011)}
{'epoch': 81, 'train_loss': 0.0009, 'train_acc': 1.0, 'task_loss': (1e-04, 0.0008)}
{'epoch': 82, 'train_loss': 0.0011, 'train_acc': 1.0, 'task_loss': (1e-04, 0.001)}
{'epoch': 83, 'train_loss': 0.0009, 'train_acc': 1.0, 'task_loss': (1e-04, 0.0008)}
{'epoch': 84, 'train_loss': 0.0013, 'train_acc': 1.0, 'task_loss': (1e-04, 0.0012)}
{'epoch': 85, 'train_loss': 0.0013, 'train_acc': 1.0, 'task_loss': (1e-04, 0.0012)}
{'epoch': 86, 'train_loss': 0.0014, 'train_acc': 1.0, 'task_loss': (0.0002, 0.0012)}
{'epoch': 87, 'train_loss': 0.0009, 'train_acc': 1.0, 'task_loss': (0.0002, 0.0007)}
{'epoch': 88, 'train_loss': 0.0011, 'train_acc': 1.0, 'task_loss': (1e-04, 0.001)}
{'epoch': 89, 'train_loss': 0.0012, 'train_acc': 1.0, 'task_loss': (1e-04, 0.0011)}
{'epoch': 90, 'train_loss': 0.0009, 'train_acc': 1.0, 'task_loss': (0.0002, 0.0007)}
{'epoch': 91, 'train_loss': 0.0008, 'train_acc': 1.0, 'task_loss': (1e-04, 0.0008)}
{'epoch': 92, 'train_loss': 0.0009, 'train_acc': 1.0, 'task_loss': (1e-04, 0.0008)}
{'epoch': 93, 'train_loss': 0.0013, 'train_acc': 1.0, 'task_loss': (1e-04, 0.0012)}
{'epoch': 94, 'train_loss': 0.0008, 'train_acc': 1.0, 'task_loss': (1e-04, 0.0007)}
{'epoch': 95, 'train_loss': 0.0009, 'train_acc': 1.0, 'task_loss': (1e-04, 0.0008)}
{'epoch': 96, 'train_loss': 0.0009, 'train_acc': 1.0, 'task_loss': (1e-04, 0.0008)}
{'epoch': 97, 'train_loss': 0.0009, 'train_acc': 1.0, 'task_loss': (1e-04, 0.0008)}
{'epoch': 98, 'train_loss': 0.001, 'train_acc': 1.0, 'task_loss': (1e-04, 0.0009)}
{'epoch': 99, 'train_loss': 0.0008, 'train_acc': 1.0, 'task_loss': (1e-04, 0.0007)}
{'epoch': 100, 'train_loss': 0.0012, 'train_acc': 1.0, 'task_loss': (0.0002, 0.001)}
{'run_num': 1, 'final_test_err': 0.18025000000000002}
Files already downloaded and verified
Files already downloaded and verified
{'epoch': 1, 'train_loss': 0.9599, 'train_acc': 0.6271, 'task_loss': (0.5039, 0.456)}
{'epoch': 2, 'train_loss': 0.7325, 'train_acc': 0.7235, 'task_loss': (0.3436, 0.3889)}
{'epoch': 3, 'train_loss': 0.5944, 'train_acc': 0.7376, 'task_loss': (0.2645, 0.3299)}
{'epoch': 4, 'train_loss': 0.3286, 'train_acc': 0.8071, 'task_loss': (0.0972, 0.2314)}
{'epoch': 5, 'train_loss': 0.3319, 'train_acc': 0.8306, 'task_loss': (0.0954, 0.2365)}
{'epoch': 6, 'train_loss': 0.1922, 'train_acc': 0.88, 'task_loss': (0.0282, 0.1641)}
{'epoch': 7, 'train_loss': 0.1318, 'train_acc': 0.9071, 'task_loss': (0.0199, 0.1119)}
{'epoch': 8, 'train_loss': 0.1677, 'train_acc': 0.8965, 'task_loss': (0.0105, 0.1571)}
{'epoch': 9, 'train_loss': 0.1082, 'train_acc': 0.9271, 'task_loss': (0.0206, 0.0876)}
{'epoch': 10, 'train_loss': 0.0914, 'train_acc': 0.9482, 'task_loss': (0.0168, 0.0746)}
{'epoch': 11, 'train_loss': 0.0608, 'train_acc': 0.9659, 'task_loss': (0.009, 0.0518)}
{'epoch': 12, 'train_loss': 0.0332, 'train_acc': 0.9871, 'task_loss': (0.0028, 0.0304)}
{'epoch': 13, 'train_loss': 0.0171, 'train_acc': 0.9941, 'task_loss': (0.0015, 0.0156)}
{'epoch': 14, 'train_loss': 0.0231, 'train_acc': 0.9941, 'task_loss': (0.0034, 0.0197)}
{'epoch': 15, 'train_loss': 0.0196, 'train_acc': 0.9941, 'task_loss': (0.0045, 0.0151)}
{'epoch': 16, 'train_loss': 0.0119, 'train_acc': 0.9988, 'task_loss': (0.0014, 0.0104)}
{'epoch': 17, 'train_loss': 0.0084, 'train_acc': 0.9988, 'task_loss': (0.0008, 0.0076)}
{'epoch': 18, 'train_loss': 0.0043, 'train_acc': 1.0, 'task_loss': (0.0004, 0.0039)}
{'epoch': 19, 'train_loss': 0.0061, 'train_acc': 0.9988, 'task_loss': (0.0005, 0.0056)}
{'epoch': 20, 'train_loss': 0.0425, 'train_acc': 0.9753, 'task_loss': (0.0064, 0.0361)}
{'epoch': 21, 'train_loss': 0.0181, 'train_acc': 0.9965, 'task_loss': (0.0026, 0.0156)}
{'epoch': 22, 'train_loss': 0.0056, 'train_acc': 1.0, 'task_loss': (0.0006, 0.005)}
{'epoch': 23, 'train_loss': 0.0404, 'train_acc': 0.9788, 'task_loss': (0.0073, 0.0331)}
{'epoch': 24, 'train_loss': 0.0116, 'train_acc': 0.9953, 'task_loss': (0.0015, 0.0101)}
{'epoch': 25, 'train_loss': 0.0156, 'train_acc': 0.9953, 'task_loss': (0.0026, 0.013)}
{'epoch': 26, 'train_loss': 0.1107, 'train_acc': 0.9365, 'task_loss': (0.0107, 0.1)}
{'epoch': 27, 'train_loss': 0.0401, 'train_acc': 0.9741, 'task_loss': (0.0066, 0.0335)}
{'epoch': 28, 'train_loss': 0.254, 'train_acc': 0.8788, 'task_loss': (0.0501, 0.204)}
{'epoch': 29, 'train_loss': 0.0646, 'train_acc': 0.96, 'task_loss': (0.0092, 0.0553)}
{'epoch': 30, 'train_loss': 0.0224, 'train_acc': 0.9882, 'task_loss': (0.0047, 0.0177)}
{'epoch': 31, 'train_loss': 0.0145, 'train_acc': 0.9953, 'task_loss': (0.0015, 0.013)}
{'epoch': 32, 'train_loss': 0.0082, 'train_acc': 1.0, 'task_loss': (0.0004, 0.0078)}
{'epoch': 33, 'train_loss': 0.0074, 'train_acc': 0.9988, 'task_loss': (0.0008, 0.0066)}
{'epoch': 34, 'train_loss': 0.0052, 'train_acc': 1.0, 'task_loss': (0.0007, 0.0045)}
{'epoch': 35, 'train_loss': 0.0043, 'train_acc': 1.0, 'task_loss': (0.0005, 0.0038)}
{'epoch': 36, 'train_loss': 0.0041, 'train_acc': 1.0, 'task_loss': (0.0003, 0.0038)}
{'epoch': 37, 'train_loss': 0.0034, 'train_acc': 1.0, 'task_loss': (0.0007, 0.0027)}
{'epoch': 38, 'train_loss': 0.0026, 'train_acc': 1.0, 'task_loss': (0.0004, 0.0022)}
{'epoch': 39, 'train_loss': 0.0027, 'train_acc': 1.0, 'task_loss': (0.0004, 0.0023)}
{'epoch': 40, 'train_loss': 0.0023, 'train_acc': 1.0, 'task_loss': (0.0003, 0.002)}
{'epoch': 41, 'train_loss': 0.0024, 'train_acc': 1.0, 'task_loss': (0.0003, 0.0021)}
{'epoch': 42, 'train_loss': 0.0042, 'train_acc': 0.9988, 'task_loss': (0.0002, 0.004)}
{'epoch': 43, 'train_loss': 0.0184, 'train_acc': 0.9918, 'task_loss': (0.0037, 0.0147)}
{'epoch': 44, 'train_loss': 0.0039, 'train_acc': 1.0, 'task_loss': (0.0003, 0.0036)}
{'epoch': 45, 'train_loss': 0.0038, 'train_acc': 1.0, 'task_loss': (0.0006, 0.0032)}
{'epoch': 46, 'train_loss': 0.0036, 'train_acc': 0.9988, 'task_loss': (0.0004, 0.0031)}
{'epoch': 47, 'train_loss': 0.0205, 'train_acc': 0.9918, 'task_loss': (0.0029, 0.0176)}
{'epoch': 48, 'train_loss': 0.0042, 'train_acc': 1.0, 'task_loss': (0.0005, 0.0037)}
{'epoch': 49, 'train_loss': 0.0036, 'train_acc': 1.0, 'task_loss': (0.0004, 0.0031)}
{'epoch': 50, 'train_loss': 0.0028, 'train_acc': 1.0, 'task_loss': (0.0002, 0.0026)}
{'epoch': 51, 'train_loss': 0.0021, 'train_acc': 1.0, 'task_loss': (0.0003, 0.0018)}
{'epoch': 52, 'train_loss': 0.0019, 'train_acc': 1.0, 'task_loss': (0.0002, 0.0017)}
{'epoch': 53, 'train_loss': 0.0026, 'train_acc': 1.0, 'task_loss': (0.0003, 0.0023)}
{'epoch': 54, 'train_loss': 0.0015, 'train_acc': 1.0, 'task_loss': (0.0002, 0.0013)}
{'epoch': 55, 'train_loss': 0.0015, 'train_acc': 1.0, 'task_loss': (0.0002, 0.0014)}
{'epoch': 56, 'train_loss': 0.0011, 'train_acc': 1.0, 'task_loss': (0.0002, 0.0009)}
{'epoch': 57, 'train_loss': 0.0015, 'train_acc': 1.0, 'task_loss': (0.0003, 0.0012)}
{'epoch': 58, 'train_loss': 0.0028, 'train_acc': 0.9988, 'task_loss': (0.0002, 0.0026)}
{'epoch': 59, 'train_loss': 0.005, 'train_acc': 1.0, 'task_loss': (0.0008, 0.0042)}
{'epoch': 60, 'train_loss': 0.0026, 'train_acc': 1.0, 'task_loss': (1e-04, 0.0024)}
{'epoch': 61, 'train_loss': 0.0025, 'train_acc': 1.0, 'task_loss': (0.0004, 0.0021)}
{'epoch': 62, 'train_loss': 0.0013, 'train_acc': 1.0, 'task_loss': (0.0002, 0.0012)}
{'epoch': 63, 'train_loss': 0.0013, 'train_acc': 1.0, 'task_loss': (1e-04, 0.0012)}
{'epoch': 64, 'train_loss': 0.0011, 'train_acc': 1.0, 'task_loss': (1e-04, 0.001)}
{'epoch': 65, 'train_loss': 0.0012, 'train_acc': 1.0, 'task_loss': (1e-04, 0.0011)}
{'epoch': 66, 'train_loss': 0.0024, 'train_acc': 0.9988, 'task_loss': (1e-04, 0.0023)}
{'epoch': 67, 'train_loss': 0.0012, 'train_acc': 1.0, 'task_loss': (1e-04, 0.0011)}
{'epoch': 68, 'train_loss': 0.001, 'train_acc': 1.0, 'task_loss': (1e-04, 0.0009)}
{'epoch': 69, 'train_loss': 0.0011, 'train_acc': 1.0, 'task_loss': (0.0002, 0.0009)}
{'epoch': 70, 'train_loss': 0.0011, 'train_acc': 1.0, 'task_loss': (0.0002, 0.0008)}
{'epoch': 71, 'train_loss': 0.0012, 'train_acc': 1.0, 'task_loss': (1e-04, 0.0011)}
{'epoch': 72, 'train_loss': 0.0009, 'train_acc': 1.0, 'task_loss': (1e-04, 0.0008)}
{'epoch': 73, 'train_loss': 0.001, 'train_acc': 1.0, 'task_loss': (0.0002, 0.0008)}
{'epoch': 74, 'train_loss': 0.0008, 'train_acc': 1.0, 'task_loss': (1e-04, 0.0007)}
{'epoch': 75, 'train_loss': 0.0008, 'train_acc': 1.0, 'task_loss': (1e-04, 0.0007)}
{'epoch': 76, 'train_loss': 0.0006, 'train_acc': 1.0, 'task_loss': (0.0, 0.0006)}
{'epoch': 77, 'train_loss': 0.0008, 'train_acc': 1.0, 'task_loss': (1e-04, 0.0008)}
{'epoch': 78, 'train_loss': 0.0009, 'train_acc': 1.0, 'task_loss': (1e-04, 0.0008)}
{'epoch': 79, 'train_loss': 0.0008, 'train_acc': 1.0, 'task_loss': (1e-04, 0.0008)}
{'epoch': 80, 'train_loss': 0.0008, 'train_acc': 1.0, 'task_loss': (1e-04, 0.0007)}
{'epoch': 81, 'train_loss': 0.0008, 'train_acc': 1.0, 'task_loss': (1e-04, 0.0007)}
{'epoch': 82, 'train_loss': 0.001, 'train_acc': 1.0, 'task_loss': (1e-04, 0.001)}
{'epoch': 83, 'train_loss': 0.0007, 'train_acc': 1.0, 'task_loss': (1e-04, 0.0006)}
{'epoch': 84, 'train_loss': 0.0008, 'train_acc': 1.0, 'task_loss': (1e-04, 0.0007)}
{'epoch': 85, 'train_loss': 0.0008, 'train_acc': 1.0, 'task_loss': (1e-04, 0.0008)}
{'epoch': 86, 'train_loss': 0.0009, 'train_acc': 1.0, 'task_loss': (1e-04, 0.0008)}
{'epoch': 87, 'train_loss': 0.0007, 'train_acc': 1.0, 'task_loss': (1e-04, 0.0006)}
{'epoch': 88, 'train_loss': 0.0009, 'train_acc': 1.0, 'task_loss': (1e-04, 0.0008)}
{'epoch': 89, 'train_loss': 0.0009, 'train_acc': 1.0, 'task_loss': (1e-04, 0.0008)}
{'epoch': 90, 'train_loss': 0.0012, 'train_acc': 1.0, 'task_loss': (0.0, 0.0012)}
{'epoch': 91, 'train_loss': 0.001, 'train_acc': 1.0, 'task_loss': (1e-04, 0.0009)}
{'epoch': 92, 'train_loss': 0.0008, 'train_acc': 1.0, 'task_loss': (1e-04, 0.0007)}
{'epoch': 93, 'train_loss': 0.0009, 'train_acc': 1.0, 'task_loss': (1e-04, 0.0009)}
{'epoch': 94, 'train_loss': 0.0007, 'train_acc': 1.0, 'task_loss': (1e-04, 0.0006)}
{'epoch': 95, 'train_loss': 0.0009, 'train_acc': 1.0, 'task_loss': (1e-04, 0.0008)}
{'epoch': 96, 'train_loss': 0.0008, 'train_acc': 1.0, 'task_loss': (1e-04, 0.0007)}
{'epoch': 97, 'train_loss': 0.0007, 'train_acc': 1.0, 'task_loss': (1e-04, 0.0006)}
{'epoch': 98, 'train_loss': 0.001, 'train_acc': 1.0, 'task_loss': (1e-04, 0.0009)}
{'epoch': 99, 'train_loss': 0.0008, 'train_acc': 1.0, 'task_loss': (1e-04, 0.0007)}
{'epoch': 100, 'train_loss': 0.0007, 'train_acc': 1.0, 'task_loss': (1e-04, 0.0006)}
{'run_num': 2, 'final_test_err': 0.18300000000000005}
Files already downloaded and verified
Files already downloaded and verified
{'epoch': 1, 'train_loss': 0.7764, 'train_acc': 0.6729, 'task_loss': (0.3587, 0.4176)}
{'epoch': 2, 'train_loss': 0.7293, 'train_acc': 0.7094, 'task_loss': (0.3407, 0.3885)}
{'epoch': 3, 'train_loss': 0.5875, 'train_acc': 0.7235, 'task_loss': (0.1776, 0.4098)}
{'epoch': 4, 'train_loss': 0.5205, 'train_acc': 0.78, 'task_loss': (0.2043, 0.3162)}
{'epoch': 5, 'train_loss': 0.2558, 'train_acc': 0.8353, 'task_loss': (0.0539, 0.2019)}
{'epoch': 6, 'train_loss': 0.3631, 'train_acc': 0.8353, 'task_loss': (0.1363, 0.2268)}
{'epoch': 7, 'train_loss': 0.6088, 'train_acc': 0.7694, 'task_loss': (0.2202, 0.3886)}
{'epoch': 8, 'train_loss': 0.2553, 'train_acc': 0.8529, 'task_loss': (0.058, 0.1973)}
{'epoch': 9, 'train_loss': 0.2898, 'train_acc': 0.8435, 'task_loss': (0.0708, 0.219)}
{'epoch': 10, 'train_loss': 0.1345, 'train_acc': 0.9071, 'task_loss': (0.0154, 0.1191)}
{'epoch': 11, 'train_loss': 0.0861, 'train_acc': 0.9459, 'task_loss': (0.0122, 0.0739)}
{'epoch': 12, 'train_loss': 0.0591, 'train_acc': 0.9694, 'task_loss': (0.0084, 0.0507)}
{'epoch': 13, 'train_loss': 0.0458, 'train_acc': 0.9788, 'task_loss': (0.0038, 0.042)}
{'epoch': 14, 'train_loss': 0.0861, 'train_acc': 0.9447, 'task_loss': (0.0159, 0.0701)}
{'epoch': 15, 'train_loss': 0.0403, 'train_acc': 0.9824, 'task_loss': (0.0054, 0.0349)}
{'epoch': 16, 'train_loss': 0.0239, 'train_acc': 0.9906, 'task_loss': (0.0015, 0.0224)}
{'epoch': 17, 'train_loss': 0.0144, 'train_acc': 0.9953, 'task_loss': (0.0011, 0.0133)}
{'epoch': 18, 'train_loss': 0.0147, 'train_acc': 0.9965, 'task_loss': (0.0009, 0.0138)}
{'epoch': 19, 'train_loss': 0.0092, 'train_acc': 0.9976, 'task_loss': (0.0006, 0.0086)}
{'epoch': 20, 'train_loss': 0.0059, 'train_acc': 1.0, 'task_loss': (0.0007, 0.0052)}
{'epoch': 21, 'train_loss': 0.0075, 'train_acc': 0.9988, 'task_loss': (0.0007, 0.0069)}
{'epoch': 22, 'train_loss': 0.0057, 'train_acc': 0.9988, 'task_loss': (0.0007, 0.005)}
{'epoch': 23, 'train_loss': 0.0051, 'train_acc': 1.0, 'task_loss': (0.0003, 0.0048)}
{'epoch': 24, 'train_loss': 0.005, 'train_acc': 1.0, 'task_loss': (0.0006, 0.0045)}
{'epoch': 25, 'train_loss': 0.0031, 'train_acc': 1.0, 'task_loss': (0.0002, 0.0029)}
{'epoch': 26, 'train_loss': 0.0031, 'train_acc': 1.0, 'task_loss': (0.0002, 0.0028)}
{'epoch': 27, 'train_loss': 0.0034, 'train_acc': 0.9988, 'task_loss': (0.0002, 0.0032)}
{'epoch': 28, 'train_loss': 0.0145, 'train_acc': 0.9941, 'task_loss': (0.0018, 0.0128)}
{'epoch': 29, 'train_loss': 0.0047, 'train_acc': 1.0, 'task_loss': (0.0004, 0.0043)}
{'epoch': 30, 'train_loss': 0.0038, 'train_acc': 1.0, 'task_loss': (0.0003, 0.0035)}
{'epoch': 31, 'train_loss': 0.003, 'train_acc': 1.0, 'task_loss': (0.0002, 0.0028)}
{'epoch': 32, 'train_loss': 0.0028, 'train_acc': 1.0, 'task_loss': (0.0002, 0.0026)}
{'epoch': 33, 'train_loss': 0.0021, 'train_acc': 1.0, 'task_loss': (0.0003, 0.0019)}
{'epoch': 34, 'train_loss': 0.002, 'train_acc': 1.0, 'task_loss': (0.0002, 0.0019)}
{'epoch': 35, 'train_loss': 0.0023, 'train_acc': 1.0, 'task_loss': (0.0004, 0.0019)}
{'epoch': 36, 'train_loss': 0.0016, 'train_acc': 1.0, 'task_loss': (1e-04, 0.0015)}
{'epoch': 37, 'train_loss': 0.0018, 'train_acc': 1.0, 'task_loss': (0.0002, 0.0016)}
{'epoch': 38, 'train_loss': 0.0021, 'train_acc': 1.0, 'task_loss': (0.0003, 0.0018)}
{'epoch': 39, 'train_loss': 0.0057, 'train_acc': 0.9988, 'task_loss': (0.0008, 0.0049)}
{'epoch': 40, 'train_loss': 0.0025, 'train_acc': 1.0, 'task_loss': (0.0005, 0.002)}
{'epoch': 41, 'train_loss': 0.0018, 'train_acc': 1.0, 'task_loss': (1e-04, 0.0017)}
{'epoch': 42, 'train_loss': 0.0015, 'train_acc': 1.0, 'task_loss': (0.0002, 0.0013)}
{'epoch': 43, 'train_loss': 0.0016, 'train_acc': 1.0, 'task_loss': (1e-04, 0.0014)}
{'epoch': 44, 'train_loss': 0.0012, 'train_acc': 1.0, 'task_loss': (0.0002, 0.001)}
{'epoch': 45, 'train_loss': 0.0012, 'train_acc': 1.0, 'task_loss': (1e-04, 0.0011)}
{'epoch': 46, 'train_loss': 0.0015, 'train_acc': 1.0, 'task_loss': (1e-04, 0.0014)}
{'epoch': 47, 'train_loss': 0.0011, 'train_acc': 1.0, 'task_loss': (1e-04, 0.001)}
{'epoch': 48, 'train_loss': 0.0011, 'train_acc': 1.0, 'task_loss': (1e-04, 0.001)}
{'epoch': 49, 'train_loss': 0.001, 'train_acc': 1.0, 'task_loss': (1e-04, 0.0009)}
{'epoch': 50, 'train_loss': 0.0011, 'train_acc': 1.0, 'task_loss': (1e-04, 0.001)}
{'epoch': 51, 'train_loss': 0.001, 'train_acc': 1.0, 'task_loss': (1e-04, 0.0009)}
{'epoch': 52, 'train_loss': 0.0052, 'train_acc': 0.9988, 'task_loss': (1e-04, 0.0051)}
{'epoch': 53, 'train_loss': 0.0278, 'train_acc': 0.9847, 'task_loss': (0.0094, 0.0184)}
{'epoch': 54, 'train_loss': 0.0071, 'train_acc': 0.9965, 'task_loss': (0.0005, 0.0067)}
{'epoch': 55, 'train_loss': 0.0029, 'train_acc': 1.0, 'task_loss': (0.0003, 0.0026)}
{'epoch': 56, 'train_loss': 0.0041, 'train_acc': 1.0, 'task_loss': (0.0017, 0.0024)}
{'epoch': 57, 'train_loss': 0.0022, 'train_acc': 1.0, 'task_loss': (0.0003, 0.0019)}
{'epoch': 58, 'train_loss': 0.0022, 'train_acc': 1.0, 'task_loss': (1e-04, 0.002)}
{'epoch': 59, 'train_loss': 0.0022, 'train_acc': 0.9988, 'task_loss': (0.0002, 0.002)}
{'epoch': 60, 'train_loss': 0.0018, 'train_acc': 1.0, 'task_loss': (1e-04, 0.0017)}
{'epoch': 61, 'train_loss': 0.0018, 'train_acc': 1.0, 'task_loss': (1e-04, 0.0017)}
{'epoch': 62, 'train_loss': 0.0017, 'train_acc': 1.0, 'task_loss': (0.0002, 0.0015)}
{'epoch': 63, 'train_loss': 0.0015, 'train_acc': 1.0, 'task_loss': (1e-04, 0.0014)}
{'epoch': 64, 'train_loss': 0.0012, 'train_acc': 1.0, 'task_loss': (1e-04, 0.0011)}
{'epoch': 65, 'train_loss': 0.0016, 'train_acc': 1.0, 'task_loss': (1e-04, 0.0015)}
{'epoch': 66, 'train_loss': 0.0009, 'train_acc': 1.0, 'task_loss': (1e-04, 0.0009)}
{'epoch': 67, 'train_loss': 0.0011, 'train_acc': 1.0, 'task_loss': (1e-04, 0.001)}
{'epoch': 68, 'train_loss': 0.0012, 'train_acc': 1.0, 'task_loss': (0.0002, 0.001)}
{'epoch': 69, 'train_loss': 0.0014, 'train_acc': 1.0, 'task_loss': (0.0002, 0.0012)}
{'epoch': 70, 'train_loss': 0.0014, 'train_acc': 1.0, 'task_loss': (1e-04, 0.0013)}
{'epoch': 71, 'train_loss': 0.0017, 'train_acc': 1.0, 'task_loss': (1e-04, 0.0017)}
{'epoch': 72, 'train_loss': 0.0014, 'train_acc': 1.0, 'task_loss': (1e-04, 0.0013)}
{'epoch': 73, 'train_loss': 0.0014, 'train_acc': 1.0, 'task_loss': (1e-04, 0.0013)}
{'epoch': 74, 'train_loss': 0.0012, 'train_acc': 1.0, 'task_loss': (1e-04, 0.0011)}
{'epoch': 75, 'train_loss': 0.0015, 'train_acc': 1.0, 'task_loss': (0.0002, 0.0013)}
{'epoch': 76, 'train_loss': 0.0011, 'train_acc': 1.0, 'task_loss': (1e-04, 0.001)}
{'epoch': 77, 'train_loss': 0.0014, 'train_acc': 1.0, 'task_loss': (0.0002, 0.0013)}
{'epoch': 78, 'train_loss': 0.0011, 'train_acc': 1.0, 'task_loss': (0.0002, 0.0009)}
{'epoch': 79, 'train_loss': 0.0013, 'train_acc': 1.0, 'task_loss': (0.0002, 0.0011)}
{'epoch': 80, 'train_loss': 0.0014, 'train_acc': 1.0, 'task_loss': (0.0003, 0.0011)}
{'epoch': 81, 'train_loss': 0.001, 'train_acc': 1.0, 'task_loss': (0.0002, 0.0009)}
{'epoch': 82, 'train_loss': 0.0014, 'train_acc': 1.0, 'task_loss': (1e-04, 0.0013)}
{'epoch': 83, 'train_loss': 0.0013, 'train_acc': 1.0, 'task_loss': (1e-04, 0.0012)}
{'epoch': 84, 'train_loss': 0.0011, 'train_acc': 1.0, 'task_loss': (1e-04, 0.0011)}
{'epoch': 85, 'train_loss': 0.0009, 'train_acc': 1.0, 'task_loss': (1e-04, 0.0008)}
{'epoch': 86, 'train_loss': 0.0011, 'train_acc': 1.0, 'task_loss': (1e-04, 0.001)}
{'epoch': 87, 'train_loss': 0.0012, 'train_acc': 1.0, 'task_loss': (0.0003, 0.0009)}
{'epoch': 88, 'train_loss': 0.0009, 'train_acc': 1.0, 'task_loss': (1e-04, 0.0008)}
{'epoch': 89, 'train_loss': 0.0007, 'train_acc': 1.0, 'task_loss': (1e-04, 0.0007)}
{'epoch': 90, 'train_loss': 0.0011, 'train_acc': 1.0, 'task_loss': (1e-04, 0.0009)}
{'epoch': 91, 'train_loss': 0.001, 'train_acc': 1.0, 'task_loss': (1e-04, 0.0009)}
{'epoch': 92, 'train_loss': 0.0012, 'train_acc': 1.0, 'task_loss': (1e-04, 0.0011)}
{'epoch': 93, 'train_loss': 0.0011, 'train_acc': 1.0, 'task_loss': (1e-04, 0.001)}
{'epoch': 94, 'train_loss': 0.0008, 'train_acc': 1.0, 'task_loss': (1e-04, 0.0007)}
{'epoch': 95, 'train_loss': 0.0008, 'train_acc': 1.0, 'task_loss': (1e-04, 0.0007)}
{'epoch': 96, 'train_loss': 0.0009, 'train_acc': 1.0, 'task_loss': (1e-04, 0.0008)}
{'epoch': 97, 'train_loss': 0.0008, 'train_acc': 1.0, 'task_loss': (1e-04, 0.0007)}
{'epoch': 98, 'train_loss': 0.0011, 'train_acc': 1.0, 'task_loss': (1e-04, 0.001)}
{'epoch': 99, 'train_loss': 0.001, 'train_acc': 1.0, 'task_loss': (1e-04, 0.0009)}
{'epoch': 100, 'train_loss': 0.0012, 'train_acc': 1.0, 'task_loss': (1e-04, 0.0011)}
{'run_num': 3, 'final_test_err': 0.16925}
Files already downloaded and verified
Files already downloaded and verified
{'epoch': 1, 'train_loss': 0.7751, 'train_acc': 0.6612, 'task_loss': (0.3607, 0.4144)}
{'epoch': 2, 'train_loss': 0.6823, 'train_acc': 0.6565, 'task_loss': (0.2754, 0.4069)}
{'epoch': 3, 'train_loss': 0.5845, 'train_acc': 0.7541, 'task_loss': (0.2699, 0.3147)}
{'epoch': 4, 'train_loss': 0.5631, 'train_acc': 0.7459, 'task_loss': (0.2486, 0.3145)}
{'epoch': 5, 'train_loss': 0.3951, 'train_acc': 0.8024, 'task_loss': (0.1095, 0.2856)}
{'epoch': 6, 'train_loss': 0.2703, 'train_acc': 0.8588, 'task_loss': (0.0738, 0.1965)}
{'epoch': 7, 'train_loss': 0.1937, 'train_acc': 0.8847, 'task_loss': (0.038, 0.1557)}
{'epoch': 8, 'train_loss': 0.1682, 'train_acc': 0.8965, 'task_loss': (0.033, 0.1352)}
{'epoch': 9, 'train_loss': 0.335, 'train_acc': 0.8459, 'task_loss': (0.1194, 0.2156)}
{'epoch': 10, 'train_loss': 0.1137, 'train_acc': 0.9353, 'task_loss': (0.0152, 0.0985)}
{'epoch': 11, 'train_loss': 0.0672, 'train_acc': 0.9647, 'task_loss': (0.0083, 0.0588)}
{'epoch': 12, 'train_loss': 0.0525, 'train_acc': 0.9729, 'task_loss': (0.003, 0.0495)}
{'epoch': 13, 'train_loss': 0.0286, 'train_acc': 0.9894, 'task_loss': (0.003, 0.0255)}
{'epoch': 14, 'train_loss': 0.0423, 'train_acc': 0.9812, 'task_loss': (0.0078, 0.0345)}
{'epoch': 15, 'train_loss': 0.0155, 'train_acc': 0.9988, 'task_loss': (0.0022, 0.0133)}
{'epoch': 16, 'train_loss': 0.0129, 'train_acc': 0.9976, 'task_loss': (0.0015, 0.0115)}
{'epoch': 17, 'train_loss': 0.0117, 'train_acc': 0.9941, 'task_loss': (0.0007, 0.011)}
{'epoch': 18, 'train_loss': 0.0175, 'train_acc': 0.9906, 'task_loss': (0.001, 0.0165)}
{'epoch': 19, 'train_loss': 0.0707, 'train_acc': 0.9553, 'task_loss': (0.0119, 0.0589)}
{'epoch': 20, 'train_loss': 0.0217, 'train_acc': 0.9918, 'task_loss': (0.0029, 0.0188)}
{'epoch': 21, 'train_loss': 0.0136, 'train_acc': 0.9953, 'task_loss': (0.0013, 0.0124)}
{'epoch': 22, 'train_loss': 0.0074, 'train_acc': 1.0, 'task_loss': (0.0007, 0.0067)}
{'epoch': 23, 'train_loss': 0.0061, 'train_acc': 1.0, 'task_loss': (0.0008, 0.0052)}
{'epoch': 24, 'train_loss': 0.0042, 'train_acc': 0.9988, 'task_loss': (0.0004, 0.0037)}
{'epoch': 25, 'train_loss': 0.0029, 'train_acc': 1.0, 'task_loss': (0.0003, 0.0026)}
{'epoch': 26, 'train_loss': 0.0027, 'train_acc': 1.0, 'task_loss': (0.0003, 0.0023)}
{'epoch': 27, 'train_loss': 0.0029, 'train_acc': 1.0, 'task_loss': (0.0004, 0.0025)}
{'epoch': 28, 'train_loss': 0.0022, 'train_acc': 1.0, 'task_loss': (0.0002, 0.0019)}
{'epoch': 29, 'train_loss': 0.0022, 'train_acc': 1.0, 'task_loss': (0.0002, 0.0021)}
{'epoch': 30, 'train_loss': 0.0015, 'train_acc': 1.0, 'task_loss': (1e-04, 0.0013)}
{'epoch': 31, 'train_loss': 0.0017, 'train_acc': 1.0, 'task_loss': (0.0002, 0.0015)}
{'epoch': 32, 'train_loss': 0.0015, 'train_acc': 1.0, 'task_loss': (0.0002, 0.0013)}
{'epoch': 33, 'train_loss': 0.0012, 'train_acc': 1.0, 'task_loss': (1e-04, 0.0011)}
{'epoch': 34, 'train_loss': 0.0012, 'train_acc': 1.0, 'task_loss': (0.0003, 0.0009)}
{'epoch': 35, 'train_loss': 0.0012, 'train_acc': 1.0, 'task_loss': (0.0002, 0.001)}
{'epoch': 36, 'train_loss': 0.0013, 'train_acc': 1.0, 'task_loss': (1e-04, 0.0012)}
{'epoch': 37, 'train_loss': 0.0011, 'train_acc': 1.0, 'task_loss': (0.0002, 0.0009)}
{'epoch': 38, 'train_loss': 0.0024, 'train_acc': 0.9988, 'task_loss': (1e-04, 0.0023)}
{'epoch': 39, 'train_loss': 0.0443, 'train_acc': 0.9753, 'task_loss': (0.0064, 0.0378)}
{'epoch': 40, 'train_loss': 0.0075, 'train_acc': 0.9976, 'task_loss': (0.0011, 0.0064)}
{'epoch': 41, 'train_loss': 0.003, 'train_acc': 1.0, 'task_loss': (0.0005, 0.0025)}
{'epoch': 42, 'train_loss': 0.004, 'train_acc': 0.9988, 'task_loss': (0.0002, 0.0039)}
{'epoch': 43, 'train_loss': 0.0475, 'train_acc': 0.98, 'task_loss': (0.0131, 0.0344)}
{'epoch': 44, 'train_loss': 0.0067, 'train_acc': 0.9988, 'task_loss': (0.0009, 0.0058)}
{'epoch': 45, 'train_loss': 0.0034, 'train_acc': 1.0, 'task_loss': (0.0003, 0.0031)}
{'epoch': 46, 'train_loss': 0.0027, 'train_acc': 1.0, 'task_loss': (0.0003, 0.0024)}
{'epoch': 47, 'train_loss': 0.0026, 'train_acc': 1.0, 'task_loss': (0.0004, 0.0023)}
{'epoch': 48, 'train_loss': 0.0026, 'train_acc': 1.0, 'task_loss': (0.0003, 0.0023)}
{'epoch': 49, 'train_loss': 0.0019, 'train_acc': 1.0, 'task_loss': (0.0002, 0.0017)}
{'epoch': 50, 'train_loss': 0.0026, 'train_acc': 0.9988, 'task_loss': (0.0002, 0.0024)}
{'epoch': 51, 'train_loss': 0.0022, 'train_acc': 1.0, 'task_loss': (0.0005, 0.0017)}
{'epoch': 52, 'train_loss': 0.0017, 'train_acc': 1.0, 'task_loss': (0.0002, 0.0015)}
{'epoch': 53, 'train_loss': 0.002, 'train_acc': 1.0, 'task_loss': (0.0004, 0.0017)}
{'epoch': 54, 'train_loss': 0.0015, 'train_acc': 1.0, 'task_loss': (0.0003, 0.0012)}
{'epoch': 55, 'train_loss': 0.0013, 'train_acc': 1.0, 'task_loss': (0.0002, 0.0012)}
{'epoch': 56, 'train_loss': 0.0011, 'train_acc': 1.0, 'task_loss': (1e-04, 0.001)}
{'epoch': 57, 'train_loss': 0.0013, 'train_acc': 1.0, 'task_loss': (0.0003, 0.001)}
{'epoch': 58, 'train_loss': 0.0015, 'train_acc': 1.0, 'task_loss': (0.0003, 0.0012)}
{'epoch': 59, 'train_loss': 0.001, 'train_acc': 1.0, 'task_loss': (0.0002, 0.0008)}
{'epoch': 60, 'train_loss': 0.0013, 'train_acc': 1.0, 'task_loss': (0.0002, 0.0011)}
{'epoch': 61, 'train_loss': 0.0009, 'train_acc': 1.0, 'task_loss': (1e-04, 0.0007)}
{'epoch': 62, 'train_loss': 0.001, 'train_acc': 1.0, 'task_loss': (0.0002, 0.0008)}
{'epoch': 63, 'train_loss': 0.0008, 'train_acc': 1.0, 'task_loss': (1e-04, 0.0007)}
{'epoch': 64, 'train_loss': 0.0012, 'train_acc': 1.0, 'task_loss': (1e-04, 0.0011)}
{'epoch': 65, 'train_loss': 0.0017, 'train_acc': 1.0, 'task_loss': (0.0003, 0.0015)}
{'epoch': 66, 'train_loss': 0.0011, 'train_acc': 1.0, 'task_loss': (1e-04, 0.001)}
{'epoch': 67, 'train_loss': 0.0008, 'train_acc': 1.0, 'task_loss': (1e-04, 0.0007)}
{'epoch': 68, 'train_loss': 0.0008, 'train_acc': 1.0, 'task_loss': (1e-04, 0.0007)}
{'epoch': 69, 'train_loss': 0.0008, 'train_acc': 1.0, 'task_loss': (1e-04, 0.0007)}
{'epoch': 70, 'train_loss': 0.0008, 'train_acc': 1.0, 'task_loss': (1e-04, 0.0007)}
{'epoch': 71, 'train_loss': 0.0008, 'train_acc': 1.0, 'task_loss': (1e-04, 0.0007)}
{'epoch': 72, 'train_loss': 0.0008, 'train_acc': 1.0, 'task_loss': (1e-04, 0.0007)}
{'epoch': 73, 'train_loss': 0.0008, 'train_acc': 1.0, 'task_loss': (1e-04, 0.0007)}
{'epoch': 74, 'train_loss': 0.0008, 'train_acc': 1.0, 'task_loss': (1e-04, 0.0007)}
{'epoch': 75, 'train_loss': 0.0009, 'train_acc': 1.0, 'task_loss': (1e-04, 0.0008)}
{'epoch': 76, 'train_loss': 0.0008, 'train_acc': 1.0, 'task_loss': (1e-04, 0.0006)}
{'epoch': 77, 'train_loss': 0.0007, 'train_acc': 1.0, 'task_loss': (1e-04, 0.0007)}
{'epoch': 78, 'train_loss': 0.0007, 'train_acc': 1.0, 'task_loss': (1e-04, 0.0006)}
{'epoch': 79, 'train_loss': 0.0009, 'train_acc': 1.0, 'task_loss': (1e-04, 0.0008)}
{'epoch': 80, 'train_loss': 0.0007, 'train_acc': 1.0, 'task_loss': (1e-04, 0.0006)}
{'epoch': 81, 'train_loss': 0.0007, 'train_acc': 1.0, 'task_loss': (1e-04, 0.0006)}
{'epoch': 82, 'train_loss': 0.0007, 'train_acc': 1.0, 'task_loss': (1e-04, 0.0006)}
{'epoch': 83, 'train_loss': 0.0008, 'train_acc': 1.0, 'task_loss': (1e-04, 0.0007)}
{'epoch': 84, 'train_loss': 0.0008, 'train_acc': 1.0, 'task_loss': (1e-04, 0.0007)}
{'epoch': 85, 'train_loss': 0.0007, 'train_acc': 1.0, 'task_loss': (1e-04, 0.0006)}
{'epoch': 86, 'train_loss': 0.0007, 'train_acc': 1.0, 'task_loss': (1e-04, 0.0006)}
{'epoch': 87, 'train_loss': 0.0008, 'train_acc': 1.0, 'task_loss': (1e-04, 0.0007)}
{'epoch': 88, 'train_loss': 0.0006, 'train_acc': 1.0, 'task_loss': (1e-04, 0.0006)}
{'epoch': 89, 'train_loss': 0.0006, 'train_acc': 1.0, 'task_loss': (1e-04, 0.0005)}
{'epoch': 90, 'train_loss': 0.0006, 'train_acc': 1.0, 'task_loss': (1e-04, 0.0005)}
{'epoch': 91, 'train_loss': 0.0007, 'train_acc': 1.0, 'task_loss': (1e-04, 0.0006)}
{'epoch': 92, 'train_loss': 0.0007, 'train_acc': 1.0, 'task_loss': (1e-04, 0.0007)}
{'epoch': 93, 'train_loss': 0.0011, 'train_acc': 1.0, 'task_loss': (0.0002, 0.0009)}
{'epoch': 94, 'train_loss': 0.001, 'train_acc': 1.0, 'task_loss': (0.0002, 0.0008)}
{'epoch': 95, 'train_loss': 0.0007, 'train_acc': 1.0, 'task_loss': (1e-04, 0.0006)}
{'epoch': 96, 'train_loss': 0.0011, 'train_acc': 1.0, 'task_loss': (1e-04, 0.0011)}
{'epoch': 97, 'train_loss': 0.0007, 'train_acc': 1.0, 'task_loss': (1e-04, 0.0006)}
{'epoch': 98, 'train_loss': 0.0011, 'train_acc': 1.0, 'task_loss': (1e-04, 0.001)}
{'epoch': 99, 'train_loss': 0.0009, 'train_acc': 1.0, 'task_loss': (0.0002, 0.0006)}
{'epoch': 100, 'train_loss': 0.0008, 'train_acc': 1.0, 'task_loss': (1e-04, 0.0007)}
{'run_num': 4, 'final_test_err': 0.16800000000000004}
Files already downloaded and verified
Files already downloaded and verified
{'epoch': 1, 'train_loss': 1.0157, 'train_acc': 0.6047, 'task_loss': (0.5475, 0.4682)}
{'epoch': 2, 'train_loss': 0.8414, 'train_acc': 0.6812, 'task_loss': (0.2957, 0.5457)}
{'epoch': 3, 'train_loss': 0.8033, 'train_acc': 0.7224, 'task_loss': (0.3855, 0.4178)}
{'epoch': 4, 'train_loss': 0.443, 'train_acc': 0.7835, 'task_loss': (0.1468, 0.2962)}
{'epoch': 5, 'train_loss': 0.418, 'train_acc': 0.7953, 'task_loss': (0.1402, 0.2779)}
{'epoch': 6, 'train_loss': 0.3166, 'train_acc': 0.8329, 'task_loss': (0.1017, 0.2149)}
{'epoch': 7, 'train_loss': 0.1949, 'train_acc': 0.8765, 'task_loss': (0.0366, 0.1583)}
{'epoch': 8, 'train_loss': 0.1344, 'train_acc': 0.9106, 'task_loss': (0.0221, 0.1124)}
{'epoch': 9, 'train_loss': 0.1143, 'train_acc': 0.9224, 'task_loss': (0.0178, 0.0965)}
{'epoch': 10, 'train_loss': 0.0791, 'train_acc': 0.9541, 'task_loss': (0.0134, 0.0657)}
{'epoch': 11, 'train_loss': 0.0849, 'train_acc': 0.9435, 'task_loss': (0.0113, 0.0736)}
{'epoch': 12, 'train_loss': 0.0664, 'train_acc': 0.9659, 'task_loss': (0.0098, 0.0566)}
{'epoch': 13, 'train_loss': 0.0332, 'train_acc': 0.9894, 'task_loss': (0.0048, 0.0284)}
{'epoch': 14, 'train_loss': 0.0251, 'train_acc': 0.9965, 'task_loss': (0.0049, 0.0202)}
{'epoch': 15, 'train_loss': 0.0489, 'train_acc': 0.9694, 'task_loss': (0.0067, 0.0422)}
{'epoch': 16, 'train_loss': 0.023, 'train_acc': 0.9929, 'task_loss': (0.0025, 0.0204)}
{'epoch': 17, 'train_loss': 0.0127, 'train_acc': 0.9965, 'task_loss': (0.0015, 0.0111)}
{'epoch': 18, 'train_loss': 0.0165, 'train_acc': 0.9965, 'task_loss': (0.003, 0.0135)}
{'epoch': 19, 'train_loss': 0.0059, 'train_acc': 1.0, 'task_loss': (0.0008, 0.0051)}
{'epoch': 20, 'train_loss': 0.0056, 'train_acc': 0.9976, 'task_loss': (0.0003, 0.0053)}
{'epoch': 21, 'train_loss': 0.0056, 'train_acc': 0.9976, 'task_loss': (0.0004, 0.0051)}
{'epoch': 22, 'train_loss': 0.0043, 'train_acc': 0.9988, 'task_loss': (0.0003, 0.0039)}
{'epoch': 23, 'train_loss': 0.0026, 'train_acc': 1.0, 'task_loss': (0.0002, 0.0023)}
{'epoch': 24, 'train_loss': 0.0023, 'train_acc': 1.0, 'task_loss': (0.0003, 0.002)}
{'epoch': 25, 'train_loss': 0.0052, 'train_acc': 0.9988, 'task_loss': (0.0009, 0.0043)}
{'epoch': 26, 'train_loss': 0.0044, 'train_acc': 0.9988, 'task_loss': (0.0005, 0.0039)}
{'epoch': 27, 'train_loss': 0.0025, 'train_acc': 1.0, 'task_loss': (0.0005, 0.0021)}
{'epoch': 28, 'train_loss': 0.002, 'train_acc': 1.0, 'task_loss': (0.0002, 0.0018)}
{'epoch': 29, 'train_loss': 0.0016, 'train_acc': 1.0, 'task_loss': (1e-04, 0.0014)}
{'epoch': 30, 'train_loss': 0.0016, 'train_acc': 1.0, 'task_loss': (0.0002, 0.0014)}
{'epoch': 31, 'train_loss': 0.0011, 'train_acc': 1.0, 'task_loss': (1e-04, 0.001)}
{'epoch': 32, 'train_loss': 0.0016, 'train_acc': 1.0, 'task_loss': (1e-04, 0.0015)}
{'epoch': 33, 'train_loss': 0.0018, 'train_acc': 1.0, 'task_loss': (0.0002, 0.0015)}
{'epoch': 34, 'train_loss': 0.0014, 'train_acc': 1.0, 'task_loss': (1e-04, 0.0013)}
{'epoch': 35, 'train_loss': 0.001, 'train_acc': 1.0, 'task_loss': (1e-04, 0.0009)}
{'epoch': 36, 'train_loss': 0.0015, 'train_acc': 1.0, 'task_loss': (0.0002, 0.0013)}
{'epoch': 37, 'train_loss': 0.0015, 'train_acc': 0.9988, 'task_loss': (1e-04, 0.0014)}
{'epoch': 38, 'train_loss': 0.0125, 'train_acc': 0.9976, 'task_loss': (0.0019, 0.0106)}
{'epoch': 39, 'train_loss': 0.0038, 'train_acc': 0.9976, 'task_loss': (0.0003, 0.0035)}
{'epoch': 40, 'train_loss': 0.0132, 'train_acc': 0.9929, 'task_loss': (0.0008, 0.0124)}
{'epoch': 41, 'train_loss': 0.0027, 'train_acc': 1.0, 'task_loss': (0.0004, 0.0023)}
{'epoch': 42, 'train_loss': 0.0032, 'train_acc': 1.0, 'task_loss': (0.0005, 0.0027)}
{'epoch': 43, 'train_loss': 0.0057, 'train_acc': 0.9965, 'task_loss': (1e-04, 0.0056)}
{'epoch': 44, 'train_loss': 0.0529, 'train_acc': 0.9741, 'task_loss': (0.0087, 0.0442)}
{'epoch': 45, 'train_loss': 0.0215, 'train_acc': 0.9906, 'task_loss': (0.0022, 0.0193)}
{'epoch': 46, 'train_loss': 0.0051, 'train_acc': 1.0, 'task_loss': (0.001, 0.0041)}
{'epoch': 47, 'train_loss': 0.0039, 'train_acc': 1.0, 'task_loss': (0.0006, 0.0033)}
{'epoch': 48, 'train_loss': 0.003, 'train_acc': 1.0, 'task_loss': (0.0005, 0.0025)}
{'epoch': 49, 'train_loss': 0.0022, 'train_acc': 1.0, 'task_loss': (1e-04, 0.0021)}
{'epoch': 50, 'train_loss': 0.0019, 'train_acc': 1.0, 'task_loss': (1e-04, 0.0018)}
{'epoch': 51, 'train_loss': 0.0027, 'train_acc': 1.0, 'task_loss': (0.0002, 0.0025)}
{'epoch': 52, 'train_loss': 0.0015, 'train_acc': 1.0, 'task_loss': (0.0002, 0.0013)}
{'epoch': 53, 'train_loss': 0.0015, 'train_acc': 1.0, 'task_loss': (0.0002, 0.0014)}
{'epoch': 54, 'train_loss': 0.0019, 'train_acc': 1.0, 'task_loss': (1e-04, 0.0017)}
{'epoch': 55, 'train_loss': 0.003, 'train_acc': 1.0, 'task_loss': (0.0006, 0.0024)}
{'epoch': 56, 'train_loss': 0.0295, 'train_acc': 0.9835, 'task_loss': (0.0105, 0.019)}
{'epoch': 57, 'train_loss': 0.0046, 'train_acc': 1.0, 'task_loss': (0.0004, 0.0042)}
{'epoch': 58, 'train_loss': 0.0032, 'train_acc': 1.0, 'task_loss': (0.0002, 0.003)}
{'epoch': 59, 'train_loss': 0.0022, 'train_acc': 1.0, 'task_loss': (0.0004, 0.0018)}
{'epoch': 60, 'train_loss': 0.0014, 'train_acc': 1.0, 'task_loss': (0.0002, 0.0012)}
{'epoch': 61, 'train_loss': 0.0012, 'train_acc': 1.0, 'task_loss': (1e-04, 0.001)}
{'epoch': 62, 'train_loss': 0.0018, 'train_acc': 1.0, 'task_loss': (1e-04, 0.0017)}
{'epoch': 63, 'train_loss': 0.0017, 'train_acc': 1.0, 'task_loss': (1e-04, 0.0016)}
{'epoch': 64, 'train_loss': 0.0013, 'train_acc': 1.0, 'task_loss': (0.0002, 0.0011)}
{'epoch': 65, 'train_loss': 0.0012, 'train_acc': 1.0, 'task_loss': (1e-04, 0.0011)}
{'epoch': 66, 'train_loss': 0.0019, 'train_acc': 0.9988, 'task_loss': (1e-04, 0.0018)}
{'epoch': 67, 'train_loss': 0.0039, 'train_acc': 0.9988, 'task_loss': (0.0003, 0.0035)}
{'epoch': 68, 'train_loss': 0.0018, 'train_acc': 1.0, 'task_loss': (0.0002, 0.0016)}
{'epoch': 69, 'train_loss': 0.0017, 'train_acc': 1.0, 'task_loss': (0.0002, 0.0015)}
{'epoch': 70, 'train_loss': 0.0018, 'train_acc': 1.0, 'task_loss': (0.0005, 0.0013)}
{'epoch': 71, 'train_loss': 0.0014, 'train_acc': 1.0, 'task_loss': (1e-04, 0.0012)}
{'epoch': 72, 'train_loss': 0.0012, 'train_acc': 1.0, 'task_loss': (0.0003, 0.0009)}
{'epoch': 73, 'train_loss': 0.0018, 'train_acc': 1.0, 'task_loss': (1e-04, 0.0017)}
{'epoch': 74, 'train_loss': 0.0012, 'train_acc': 1.0, 'task_loss': (1e-04, 0.0012)}
{'epoch': 75, 'train_loss': 0.0012, 'train_acc': 1.0, 'task_loss': (1e-04, 0.0011)}
{'epoch': 76, 'train_loss': 0.0011, 'train_acc': 1.0, 'task_loss': (1e-04, 0.0009)}
{'epoch': 77, 'train_loss': 0.0012, 'train_acc': 1.0, 'task_loss': (1e-04, 0.0012)}
{'epoch': 78, 'train_loss': 0.0013, 'train_acc': 1.0, 'task_loss': (1e-04, 0.0011)}
{'epoch': 79, 'train_loss': 0.0009, 'train_acc': 1.0, 'task_loss': (1e-04, 0.0008)}
{'epoch': 80, 'train_loss': 0.0009, 'train_acc': 1.0, 'task_loss': (1e-04, 0.0008)}
{'epoch': 81, 'train_loss': 0.0012, 'train_acc': 1.0, 'task_loss': (1e-04, 0.0011)}
{'epoch': 82, 'train_loss': 0.0013, 'train_acc': 1.0, 'task_loss': (1e-04, 0.0011)}
{'epoch': 83, 'train_loss': 0.001, 'train_acc': 1.0, 'task_loss': (1e-04, 0.0009)}
{'epoch': 84, 'train_loss': 0.0015, 'train_acc': 0.9988, 'task_loss': (1e-04, 0.0014)}
{'epoch': 85, 'train_loss': 0.0007, 'train_acc': 1.0, 'task_loss': (1e-04, 0.0007)}
{'epoch': 86, 'train_loss': 0.0009, 'train_acc': 1.0, 'task_loss': (1e-04, 0.0008)}
{'epoch': 87, 'train_loss': 0.0009, 'train_acc': 1.0, 'task_loss': (1e-04, 0.0009)}
{'epoch': 88, 'train_loss': 0.0014, 'train_acc': 1.0, 'task_loss': (1e-04, 0.0013)}
{'epoch': 89, 'train_loss': 0.0012, 'train_acc': 1.0, 'task_loss': (1e-04, 0.0011)}
{'epoch': 90, 'train_loss': 0.0009, 'train_acc': 1.0, 'task_loss': (1e-04, 0.0007)}
{'epoch': 91, 'train_loss': 0.0014, 'train_acc': 1.0, 'task_loss': (1e-04, 0.0013)}
{'epoch': 92, 'train_loss': 0.0007, 'train_acc': 1.0, 'task_loss': (1e-04, 0.0006)}
{'epoch': 93, 'train_loss': 0.0009, 'train_acc': 1.0, 'task_loss': (1e-04, 0.0008)}
{'epoch': 94, 'train_loss': 0.0007, 'train_acc': 1.0, 'task_loss': (1e-04, 0.0006)}
{'epoch': 95, 'train_loss': 0.0007, 'train_acc': 1.0, 'task_loss': (1e-04, 0.0006)}
{'epoch': 96, 'train_loss': 0.001, 'train_acc': 1.0, 'task_loss': (1e-04, 0.0009)}
{'epoch': 97, 'train_loss': 0.0009, 'train_acc': 1.0, 'task_loss': (0.0002, 0.0008)}
{'epoch': 98, 'train_loss': 0.001, 'train_acc': 1.0, 'task_loss': (1e-04, 0.0008)}
{'epoch': 99, 'train_loss': 0.0007, 'train_acc': 1.0, 'task_loss': (1e-04, 0.0006)}
{'epoch': 100, 'train_loss': 0.0008, 'train_acc': 1.0, 'task_loss': (1e-04, 0.0007)}
{'run_num': 5, 'final_test_err': 0.15825}
Files already downloaded and verified
Files already downloaded and verified
{'epoch': 1, 'train_loss': 0.7358, 'train_acc': 0.6812, 'task_loss': (0.3316, 0.4042)}
{'epoch': 2, 'train_loss': 0.9467, 'train_acc': 0.6847, 'task_loss': (0.5158, 0.431)}
{'epoch': 3, 'train_loss': 0.621, 'train_acc': 0.7447, 'task_loss': (0.2999, 0.3211)}
{'epoch': 4, 'train_loss': 0.4535, 'train_acc': 0.7776, 'task_loss': (0.1695, 0.2841)}
{'epoch': 5, 'train_loss': 0.4041, 'train_acc': 0.7965, 'task_loss': (0.1466, 0.2575)}
{'epoch': 6, 'train_loss': 0.2209, 'train_acc': 0.8671, 'task_loss': (0.0503, 0.1706)}
{'epoch': 7, 'train_loss': 0.1735, 'train_acc': 0.8988, 'task_loss': (0.0364, 0.1371)}
{'epoch': 8, 'train_loss': 0.2061, 'train_acc': 0.9059, 'task_loss': (0.0673, 0.1388)}
{'epoch': 9, 'train_loss': 0.1389, 'train_acc': 0.9129, 'task_loss': (0.0184, 0.1205)}
{'epoch': 10, 'train_loss': 0.1464, 'train_acc': 0.9235, 'task_loss': (0.0321, 0.1142)}
{'epoch': 11, 'train_loss': 0.0822, 'train_acc': 0.9518, 'task_loss': (0.0065, 0.0758)}
{'epoch': 12, 'train_loss': 0.0438, 'train_acc': 0.9824, 'task_loss': (0.0063, 0.0374)}
{'epoch': 13, 'train_loss': 0.0247, 'train_acc': 0.9906, 'task_loss': (0.0028, 0.0219)}
{'epoch': 14, 'train_loss': 0.0217, 'train_acc': 0.9918, 'task_loss': (0.0019, 0.0198)}
{'epoch': 15, 'train_loss': 0.0943, 'train_acc': 0.9482, 'task_loss': (0.0232, 0.071)}
{'epoch': 16, 'train_loss': 0.1091, 'train_acc': 0.9282, 'task_loss': (0.0221, 0.087)}
{'epoch': 17, 'train_loss': 0.0483, 'train_acc': 0.9741, 'task_loss': (0.0085, 0.0398)}
{'epoch': 18, 'train_loss': 0.0834, 'train_acc': 0.9565, 'task_loss': (0.0176, 0.0658)}
{'epoch': 19, 'train_loss': 0.0231, 'train_acc': 0.9882, 'task_loss': (0.0012, 0.0219)}
{'epoch': 20, 'train_loss': 0.0204, 'train_acc': 0.9953, 'task_loss': (0.004, 0.0163)}
{'epoch': 21, 'train_loss': 0.0082, 'train_acc': 0.9988, 'task_loss': (0.0007, 0.0075)}
{'epoch': 22, 'train_loss': 0.0086, 'train_acc': 0.9976, 'task_loss': (0.0012, 0.0074)}
{'epoch': 23, 'train_loss': 0.0047, 'train_acc': 0.9988, 'task_loss': (0.0002, 0.0045)}
{'epoch': 24, 'train_loss': 0.0047, 'train_acc': 0.9976, 'task_loss': (0.0003, 0.0044)}
{'epoch': 25, 'train_loss': 0.0057, 'train_acc': 1.0, 'task_loss': (0.0014, 0.0043)}
{'epoch': 26, 'train_loss': 0.0037, 'train_acc': 1.0, 'task_loss': (0.0003, 0.0034)}
{'epoch': 27, 'train_loss': 0.003, 'train_acc': 1.0, 'task_loss': (0.0002, 0.0029)}
{'epoch': 28, 'train_loss': 0.0037, 'train_acc': 1.0, 'task_loss': (1e-04, 0.0035)}
{'epoch': 29, 'train_loss': 0.0022, 'train_acc': 1.0, 'task_loss': (1e-04, 0.0021)}
{'epoch': 30, 'train_loss': 0.0016, 'train_acc': 1.0, 'task_loss': (1e-04, 0.0015)}
{'epoch': 31, 'train_loss': 0.0014, 'train_acc': 1.0, 'task_loss': (1e-04, 0.0013)}
{'epoch': 32, 'train_loss': 0.0019, 'train_acc': 1.0, 'task_loss': (1e-04, 0.0019)}
{'epoch': 33, 'train_loss': 0.0117, 'train_acc': 0.9976, 'task_loss': (0.0034, 0.0083)}
{'epoch': 34, 'train_loss': 0.0057, 'train_acc': 0.9988, 'task_loss': (0.0007, 0.005)}
{'epoch': 35, 'train_loss': 0.0029, 'train_acc': 1.0, 'task_loss': (0.0002, 0.0027)}
{'epoch': 36, 'train_loss': 0.0017, 'train_acc': 1.0, 'task_loss': (0.0002, 0.0015)}
{'epoch': 37, 'train_loss': 0.0014, 'train_acc': 1.0, 'task_loss': (1e-04, 0.0012)}
{'epoch': 38, 'train_loss': 0.0015, 'train_acc': 1.0, 'task_loss': (1e-04, 0.0014)}
{'epoch': 39, 'train_loss': 0.0014, 'train_acc': 1.0, 'task_loss': (0.0002, 0.0011)}
{'epoch': 40, 'train_loss': 0.0017, 'train_acc': 1.0, 'task_loss': (1e-04, 0.0015)}
{'epoch': 41, 'train_loss': 0.0012, 'train_acc': 1.0, 'task_loss': (1e-04, 0.0011)}
{'epoch': 42, 'train_loss': 0.0014, 'train_acc': 1.0, 'task_loss': (1e-04, 0.0013)}
{'epoch': 43, 'train_loss': 0.0009, 'train_acc': 1.0, 'task_loss': (1e-04, 0.0009)}
{'epoch': 44, 'train_loss': 0.0011, 'train_acc': 1.0, 'task_loss': (1e-04, 0.001)}
{'epoch': 45, 'train_loss': 0.0012, 'train_acc': 1.0, 'task_loss': (1e-04, 0.0011)}
{'epoch': 46, 'train_loss': 0.0009, 'train_acc': 1.0, 'task_loss': (1e-04, 0.0008)}
{'epoch': 47, 'train_loss': 0.0011, 'train_acc': 1.0, 'task_loss': (1e-04, 0.001)}
{'epoch': 48, 'train_loss': 0.0008, 'train_acc': 1.0, 'task_loss': (1e-04, 0.0008)}
{'epoch': 49, 'train_loss': 0.0013, 'train_acc': 1.0, 'task_loss': (1e-04, 0.0012)}
{'epoch': 50, 'train_loss': 0.0012, 'train_acc': 1.0, 'task_loss': (0.0002, 0.001)}
{'epoch': 51, 'train_loss': 0.0008, 'train_acc': 1.0, 'task_loss': (0.0, 0.0008)}
{'epoch': 52, 'train_loss': 0.0029, 'train_acc': 0.9988, 'task_loss': (1e-04, 0.0028)}
{'epoch': 53, 'train_loss': 0.0175, 'train_acc': 0.9906, 'task_loss': (0.0006, 0.0169)}
{'epoch': 54, 'train_loss': 0.0059, 'train_acc': 0.9976, 'task_loss': (0.0013, 0.0045)}
{'epoch': 55, 'train_loss': 0.0022, 'train_acc': 1.0, 'task_loss': (0.0002, 0.0019)}
{'epoch': 56, 'train_loss': 0.0024, 'train_acc': 1.0, 'task_loss': (1e-04, 0.0023)}
{'epoch': 57, 'train_loss': 0.0023, 'train_acc': 1.0, 'task_loss': (0.0002, 0.0021)}
{'epoch': 58, 'train_loss': 0.006, 'train_acc': 0.9976, 'task_loss': (1e-04, 0.0059)}
{'epoch': 59, 'train_loss': 0.0027, 'train_acc': 0.9988, 'task_loss': (1e-04, 0.0026)}
{'epoch': 60, 'train_loss': 0.0015, 'train_acc': 1.0, 'task_loss': (1e-04, 0.0014)}
{'epoch': 61, 'train_loss': 0.0012, 'train_acc': 1.0, 'task_loss': (1e-04, 0.0011)}
{'epoch': 62, 'train_loss': 0.0014, 'train_acc': 1.0, 'task_loss': (1e-04, 0.0013)}
{'epoch': 63, 'train_loss': 0.0015, 'train_acc': 1.0, 'task_loss': (1e-04, 0.0014)}
{'epoch': 64, 'train_loss': 0.0013, 'train_acc': 1.0, 'task_loss': (0.0002, 0.0011)}
{'epoch': 65, 'train_loss': 0.0009, 'train_acc': 1.0, 'task_loss': (1e-04, 0.0008)}
{'epoch': 66, 'train_loss': 0.0012, 'train_acc': 1.0, 'task_loss': (1e-04, 0.0011)}
{'epoch': 67, 'train_loss': 0.0019, 'train_acc': 1.0, 'task_loss': (0.0006, 0.0013)}
{'epoch': 68, 'train_loss': 0.0023, 'train_acc': 1.0, 'task_loss': (0.0002, 0.0021)}
{'epoch': 69, 'train_loss': 0.0023, 'train_acc': 0.9988, 'task_loss': (1e-04, 0.0022)}
{'epoch': 70, 'train_loss': 0.0012, 'train_acc': 1.0, 'task_loss': (1e-04, 0.0011)}
{'epoch': 71, 'train_loss': 0.001, 'train_acc': 1.0, 'task_loss': (1e-04, 0.0009)}
{'epoch': 72, 'train_loss': 0.0009, 'train_acc': 1.0, 'task_loss': (1e-04, 0.0008)}
{'epoch': 73, 'train_loss': 0.001, 'train_acc': 1.0, 'task_loss': (1e-04, 0.001)}
{'epoch': 74, 'train_loss': 0.0013, 'train_acc': 1.0, 'task_loss': (1e-04, 0.0012)}
{'epoch': 75, 'train_loss': 0.0007, 'train_acc': 1.0, 'task_loss': (1e-04, 0.0007)}
{'epoch': 76, 'train_loss': 0.0011, 'train_acc': 1.0, 'task_loss': (1e-04, 0.001)}
{'epoch': 77, 'train_loss': 0.0022, 'train_acc': 0.9988, 'task_loss': (1e-04, 0.0021)}
{'epoch': 78, 'train_loss': 0.0029, 'train_acc': 0.9988, 'task_loss': (1e-04, 0.0027)}
{'epoch': 79, 'train_loss': 0.0019, 'train_acc': 0.9988, 'task_loss': (1e-04, 0.0019)}
{'epoch': 80, 'train_loss': 0.0021, 'train_acc': 1.0, 'task_loss': (1e-04, 0.002)}
{'epoch': 81, 'train_loss': 0.001, 'train_acc': 1.0, 'task_loss': (1e-04, 0.0009)}
{'epoch': 82, 'train_loss': 0.0011, 'train_acc': 1.0, 'task_loss': (1e-04, 0.001)}
{'epoch': 83, 'train_loss': 0.0013, 'train_acc': 1.0, 'task_loss': (1e-04, 0.0012)}
{'epoch': 84, 'train_loss': 0.0013, 'train_acc': 1.0, 'task_loss': (1e-04, 0.0012)}
{'epoch': 85, 'train_loss': 0.001, 'train_acc': 1.0, 'task_loss': (0.0, 0.001)}
{'epoch': 86, 'train_loss': 0.0012, 'train_acc': 1.0, 'task_loss': (1e-04, 0.0011)}
{'epoch': 87, 'train_loss': 0.0009, 'train_acc': 1.0, 'task_loss': (1e-04, 0.0009)}
{'epoch': 88, 'train_loss': 0.0011, 'train_acc': 1.0, 'task_loss': (1e-04, 0.001)}
{'epoch': 89, 'train_loss': 0.0011, 'train_acc': 1.0, 'task_loss': (1e-04, 0.0011)}
{'epoch': 90, 'train_loss': 0.0013, 'train_acc': 1.0, 'task_loss': (1e-04, 0.0012)}
{'epoch': 91, 'train_loss': 0.0011, 'train_acc': 1.0, 'task_loss': (1e-04, 0.001)}
{'epoch': 92, 'train_loss': 0.0008, 'train_acc': 1.0, 'task_loss': (1e-04, 0.0008)}
{'epoch': 93, 'train_loss': 0.0012, 'train_acc': 1.0, 'task_loss': (1e-04, 0.0011)}
{'epoch': 94, 'train_loss': 0.0014, 'train_acc': 0.9988, 'task_loss': (1e-04, 0.0013)}
{'epoch': 95, 'train_loss': 0.001, 'train_acc': 1.0, 'task_loss': (1e-04, 0.0009)}
{'epoch': 96, 'train_loss': 0.0015, 'train_acc': 1.0, 'task_loss': (1e-04, 0.0014)}
{'epoch': 97, 'train_loss': 0.0014, 'train_acc': 1.0, 'task_loss': (1e-04, 0.0013)}
{'epoch': 98, 'train_loss': 0.0008, 'train_acc': 1.0, 'task_loss': (1e-04, 0.0007)}
{'epoch': 99, 'train_loss': 0.0009, 'train_acc': 1.0, 'task_loss': (1e-04, 0.0008)}
{'epoch': 100, 'train_loss': 0.001, 'train_acc': 1.0, 'task_loss': (1e-04, 0.0009)}
{'run_num': 6, 'final_test_err': 0.17200000000000004}
Files already downloaded and verified
Files already downloaded and verified
{'epoch': 1, 'train_loss': 0.7838, 'train_acc': 0.6388, 'task_loss': (0.372, 0.4117)}
{'epoch': 2, 'train_loss': 0.6522, 'train_acc': 0.7035, 'task_loss': (0.3037, 0.3485)}
{'epoch': 3, 'train_loss': 0.453, 'train_acc': 0.7541, 'task_loss': (0.1395, 0.3135)}
{'epoch': 4, 'train_loss': 0.3894, 'train_acc': 0.8059, 'task_loss': (0.1121, 0.2774)}
{'epoch': 5, 'train_loss': 0.3291, 'train_acc': 0.8165, 'task_loss': (0.1025, 0.2265)}
{'epoch': 6, 'train_loss': 0.2612, 'train_acc': 0.84, 'task_loss': (0.0723, 0.1888)}
{'epoch': 7, 'train_loss': 0.1377, 'train_acc': 0.9141, 'task_loss': (0.017, 0.1207)}
{'epoch': 8, 'train_loss': 0.1045, 'train_acc': 0.94, 'task_loss': (0.0133, 0.0912)}
{'epoch': 9, 'train_loss': 0.0786, 'train_acc': 0.9506, 'task_loss': (0.0075, 0.071)}
{'epoch': 10, 'train_loss': 0.0878, 'train_acc': 0.9435, 'task_loss': (0.0131, 0.0747)}
{'epoch': 11, 'train_loss': 0.048, 'train_acc': 0.9776, 'task_loss': (0.0088, 0.0392)}
{'epoch': 12, 'train_loss': 0.0327, 'train_acc': 0.9847, 'task_loss': (0.0038, 0.029)}
{'epoch': 13, 'train_loss': 0.0206, 'train_acc': 0.9929, 'task_loss': (0.0034, 0.0172)}
{'epoch': 14, 'train_loss': 0.0133, 'train_acc': 0.9965, 'task_loss': (0.0017, 0.0116)}
{'epoch': 15, 'train_loss': 0.008, 'train_acc': 0.9988, 'task_loss': (0.0009, 0.0071)}
{'epoch': 16, 'train_loss': 0.0065, 'train_acc': 1.0, 'task_loss': (0.0005, 0.006)}
{'epoch': 17, 'train_loss': 0.016, 'train_acc': 0.9941, 'task_loss': (0.0009, 0.015)}
{'epoch': 18, 'train_loss': 0.01, 'train_acc': 0.9941, 'task_loss': (0.0019, 0.0081)}
{'epoch': 19, 'train_loss': 0.0068, 'train_acc': 0.9988, 'task_loss': (0.0007, 0.0061)}
{'epoch': 20, 'train_loss': 0.0448, 'train_acc': 0.9729, 'task_loss': (0.003, 0.0418)}
{'epoch': 21, 'train_loss': 0.1805, 'train_acc': 0.92, 'task_loss': (0.0688, 0.1117)}
{'epoch': 22, 'train_loss': 0.0683, 'train_acc': 0.96, 'task_loss': (0.0134, 0.0549)}
{'epoch': 23, 'train_loss': 0.2424, 'train_acc': 0.8824, 'task_loss': (0.0964, 0.146)}
{'epoch': 24, 'train_loss': 0.0976, 'train_acc': 0.9435, 'task_loss': (0.0168, 0.0809)}
{'epoch': 25, 'train_loss': 0.0423, 'train_acc': 0.9753, 'task_loss': (0.0038, 0.0385)}
{'epoch': 26, 'train_loss': 0.0586, 'train_acc': 0.9694, 'task_loss': (0.0113, 0.0473)}
{'epoch': 27, 'train_loss': 0.0264, 'train_acc': 0.9847, 'task_loss': (0.0013, 0.0252)}
{'epoch': 28, 'train_loss': 0.0091, 'train_acc': 0.9988, 'task_loss': (0.0006, 0.0085)}
{'epoch': 29, 'train_loss': 0.0107, 'train_acc': 0.9953, 'task_loss': (0.0006, 0.01)}
{'epoch': 30, 'train_loss': 0.0076, 'train_acc': 0.9988, 'task_loss': (0.0015, 0.0062)}
{'epoch': 31, 'train_loss': 0.0114, 'train_acc': 0.9965, 'task_loss': (0.001, 0.0104)}
{'epoch': 32, 'train_loss': 0.0053, 'train_acc': 0.9976, 'task_loss': (0.0004, 0.0049)}
{'epoch': 33, 'train_loss': 0.003, 'train_acc': 1.0, 'task_loss': (0.0003, 0.0027)}
{'epoch': 34, 'train_loss': 0.0035, 'train_acc': 1.0, 'task_loss': (0.0003, 0.0032)}
{'epoch': 35, 'train_loss': 0.0052, 'train_acc': 0.9988, 'task_loss': (0.0003, 0.0049)}
{'epoch': 36, 'train_loss': 0.047, 'train_acc': 0.9812, 'task_loss': (0.0176, 0.0294)}
{'epoch': 37, 'train_loss': 0.0132, 'train_acc': 0.9965, 'task_loss': (0.0023, 0.0108)}
{'epoch': 38, 'train_loss': 0.0076, 'train_acc': 1.0, 'task_loss': (0.0015, 0.0061)}
{'epoch': 39, 'train_loss': 0.0054, 'train_acc': 0.9976, 'task_loss': (0.0003, 0.0051)}
{'epoch': 40, 'train_loss': 0.003, 'train_acc': 1.0, 'task_loss': (0.0002, 0.0028)}
{'epoch': 41, 'train_loss': 0.0038, 'train_acc': 1.0, 'task_loss': (0.0002, 0.0036)}
{'epoch': 42, 'train_loss': 0.0019, 'train_acc': 1.0, 'task_loss': (1e-04, 0.0017)}
{'epoch': 43, 'train_loss': 0.0017, 'train_acc': 1.0, 'task_loss': (1e-04, 0.0016)}
{'epoch': 44, 'train_loss': 0.0028, 'train_acc': 1.0, 'task_loss': (1e-04, 0.0027)}
{'epoch': 45, 'train_loss': 0.0023, 'train_acc': 1.0, 'task_loss': (1e-04, 0.0022)}
{'epoch': 46, 'train_loss': 0.0017, 'train_acc': 1.0, 'task_loss': (1e-04, 0.0017)}
{'epoch': 47, 'train_loss': 0.0024, 'train_acc': 1.0, 'task_loss': (0.0002, 0.0022)}
{'epoch': 48, 'train_loss': 0.0017, 'train_acc': 1.0, 'task_loss': (1e-04, 0.0016)}
{'epoch': 49, 'train_loss': 0.0013, 'train_acc': 1.0, 'task_loss': (1e-04, 0.0012)}
{'epoch': 50, 'train_loss': 0.0015, 'train_acc': 1.0, 'task_loss': (1e-04, 0.0013)}
{'epoch': 51, 'train_loss': 0.001, 'train_acc': 1.0, 'task_loss': (1e-04, 0.0009)}
{'epoch': 52, 'train_loss': 0.0025, 'train_acc': 0.9988, 'task_loss': (0.0004, 0.0021)}
{'epoch': 53, 'train_loss': 0.0102, 'train_acc': 0.9941, 'task_loss': (0.0008, 0.0095)}
{'epoch': 54, 'train_loss': 0.0032, 'train_acc': 1.0, 'task_loss': (0.0006, 0.0027)}
{'epoch': 55, 'train_loss': 0.0019, 'train_acc': 1.0, 'task_loss': (1e-04, 0.0018)}
{'epoch': 56, 'train_loss': 0.0017, 'train_acc': 1.0, 'task_loss': (1e-04, 0.0015)}
{'epoch': 57, 'train_loss': 0.0017, 'train_acc': 1.0, 'task_loss': (0.0002, 0.0016)}
{'epoch': 58, 'train_loss': 0.0018, 'train_acc': 1.0, 'task_loss': (0.0002, 0.0016)}
{'epoch': 59, 'train_loss': 0.0012, 'train_acc': 1.0, 'task_loss': (1e-04, 0.0011)}
{'epoch': 60, 'train_loss': 0.0029, 'train_acc': 0.9988, 'task_loss': (1e-04, 0.0029)}
{'epoch': 61, 'train_loss': 0.0098, 'train_acc': 0.9941, 'task_loss': (0.0002, 0.0095)}
{'epoch': 62, 'train_loss': 0.0028, 'train_acc': 1.0, 'task_loss': (1e-04, 0.0027)}
{'epoch': 63, 'train_loss': 0.0039, 'train_acc': 0.9976, 'task_loss': (0.0003, 0.0037)}
{'epoch': 64, 'train_loss': 0.0019, 'train_acc': 0.9988, 'task_loss': (1e-04, 0.0018)}
{'epoch': 65, 'train_loss': 0.002, 'train_acc': 1.0, 'task_loss': (1e-04, 0.0019)}
{'epoch': 66, 'train_loss': 0.0016, 'train_acc': 1.0, 'task_loss': (1e-04, 0.0015)}
{'epoch': 67, 'train_loss': 0.0021, 'train_acc': 1.0, 'task_loss': (0.0002, 0.0019)}
{'epoch': 68, 'train_loss': 0.0036, 'train_acc': 0.9988, 'task_loss': (0.0002, 0.0033)}
{'epoch': 69, 'train_loss': 0.0012, 'train_acc': 1.0, 'task_loss': (1e-04, 0.0012)}
{'epoch': 70, 'train_loss': 0.001, 'train_acc': 1.0, 'task_loss': (1e-04, 0.0009)}
{'epoch': 71, 'train_loss': 0.001, 'train_acc': 1.0, 'task_loss': (1e-04, 0.0009)}
{'epoch': 72, 'train_loss': 0.0049, 'train_acc': 0.9988, 'task_loss': (1e-04, 0.0049)}
{'epoch': 73, 'train_loss': 0.001, 'train_acc': 1.0, 'task_loss': (1e-04, 0.0009)}
{'epoch': 74, 'train_loss': 0.0011, 'train_acc': 1.0, 'task_loss': (0.0002, 0.0009)}
{'epoch': 75, 'train_loss': 0.0008, 'train_acc': 1.0, 'task_loss': (1e-04, 0.0007)}
{'epoch': 76, 'train_loss': 0.0008, 'train_acc': 1.0, 'task_loss': (0.0, 0.0008)}
{'epoch': 77, 'train_loss': 0.0009, 'train_acc': 1.0, 'task_loss': (1e-04, 0.0008)}
{'epoch': 78, 'train_loss': 0.002, 'train_acc': 1.0, 'task_loss': (1e-04, 0.0019)}
{'epoch': 79, 'train_loss': 0.0011, 'train_acc': 1.0, 'task_loss': (1e-04, 0.001)}
{'epoch': 80, 'train_loss': 0.0015, 'train_acc': 1.0, 'task_loss': (1e-04, 0.0014)}
{'epoch': 81, 'train_loss': 0.0012, 'train_acc': 1.0, 'task_loss': (0.0, 0.0011)}
{'epoch': 82, 'train_loss': 0.0009, 'train_acc': 1.0, 'task_loss': (1e-04, 0.0008)}
{'epoch': 83, 'train_loss': 0.0007, 'train_acc': 1.0, 'task_loss': (1e-04, 0.0007)}
{'epoch': 84, 'train_loss': 0.0009, 'train_acc': 1.0, 'task_loss': (1e-04, 0.0008)}
{'epoch': 85, 'train_loss': 0.0006, 'train_acc': 1.0, 'task_loss': (1e-04, 0.0005)}
{'epoch': 86, 'train_loss': 0.0007, 'train_acc': 1.0, 'task_loss': (1e-04, 0.0006)}
{'epoch': 87, 'train_loss': 0.0008, 'train_acc': 1.0, 'task_loss': (1e-04, 0.0007)}
{'epoch': 88, 'train_loss': 0.0006, 'train_acc': 1.0, 'task_loss': (1e-04, 0.0005)}
{'epoch': 89, 'train_loss': 0.0008, 'train_acc': 1.0, 'task_loss': (1e-04, 0.0007)}
{'epoch': 90, 'train_loss': 0.0007, 'train_acc': 1.0, 'task_loss': (1e-04, 0.0006)}
{'epoch': 91, 'train_loss': 0.0007, 'train_acc': 1.0, 'task_loss': (1e-04, 0.0007)}
{'epoch': 92, 'train_loss': 0.001, 'train_acc': 1.0, 'task_loss': (1e-04, 0.001)}
{'epoch': 93, 'train_loss': 0.0008, 'train_acc': 1.0, 'task_loss': (1e-04, 0.0007)}
{'epoch': 94, 'train_loss': 0.0008, 'train_acc': 1.0, 'task_loss': (1e-04, 0.0007)}
{'epoch': 95, 'train_loss': 0.0007, 'train_acc': 1.0, 'task_loss': (1e-04, 0.0006)}
{'epoch': 96, 'train_loss': 0.001, 'train_acc': 1.0, 'task_loss': (1e-04, 0.0009)}
{'epoch': 97, 'train_loss': 0.0008, 'train_acc': 1.0, 'task_loss': (0.0002, 0.0006)}
{'epoch': 98, 'train_loss': 0.002, 'train_acc': 0.9988, 'task_loss': (0.0, 0.0019)}
{'epoch': 99, 'train_loss': 0.0007, 'train_acc': 1.0, 'task_loss': (1e-04, 0.0007)}
{'epoch': 100, 'train_loss': 0.0007, 'train_acc': 1.0, 'task_loss': (0.0, 0.0007)}
{'run_num': 7, 'final_test_err': 0.17225000000000001}
Files already downloaded and verified
Files already downloaded and verified
{'epoch': 1, 'train_loss': 0.8718, 'train_acc': 0.6518, 'task_loss': (0.3985, 0.4733)}
{'epoch': 2, 'train_loss': 0.6478, 'train_acc': 0.6988, 'task_loss': (0.2264, 0.4214)}
{'epoch': 3, 'train_loss': 0.3643, 'train_acc': 0.7988, 'task_loss': (0.1016, 0.2627)}
{'epoch': 4, 'train_loss': 0.3499, 'train_acc': 0.8094, 'task_loss': (0.1099, 0.24)}
{'epoch': 5, 'train_loss': 0.266, 'train_acc': 0.8424, 'task_loss': (0.0635, 0.2025)}
{'epoch': 6, 'train_loss': 0.1984, 'train_acc': 0.8871, 'task_loss': (0.0331, 0.1652)}
{'epoch': 7, 'train_loss': 0.1277, 'train_acc': 0.9129, 'task_loss': (0.0188, 0.1089)}
{'epoch': 8, 'train_loss': 0.1055, 'train_acc': 0.94, 'task_loss': (0.0112, 0.0944)}
{'epoch': 9, 'train_loss': 0.1619, 'train_acc': 0.9318, 'task_loss': (0.0616, 0.1003)}
{'epoch': 10, 'train_loss': 0.3118, 'train_acc': 0.8553, 'task_loss': (0.1089, 0.2029)}
{'epoch': 11, 'train_loss': 0.2073, 'train_acc': 0.8941, 'task_loss': (0.0517, 0.1556)}
{'epoch': 12, 'train_loss': 0.103, 'train_acc': 0.9306, 'task_loss': (0.0192, 0.0838)}
{'epoch': 13, 'train_loss': 0.0953, 'train_acc': 0.9529, 'task_loss': (0.021, 0.0743)}
{'epoch': 14, 'train_loss': 0.0896, 'train_acc': 0.9494, 'task_loss': (0.0151, 0.0744)}
{'epoch': 15, 'train_loss': 0.0481, 'train_acc': 0.9682, 'task_loss': (0.0049, 0.0433)}
{'epoch': 16, 'train_loss': 0.0315, 'train_acc': 0.98, 'task_loss': (0.0018, 0.0298)}
{'epoch': 17, 'train_loss': 0.0149, 'train_acc': 0.9976, 'task_loss': (0.0019, 0.013)}
{'epoch': 18, 'train_loss': 0.0108, 'train_acc': 0.9953, 'task_loss': (0.0007, 0.0101)}
{'epoch': 19, 'train_loss': 0.0083, 'train_acc': 0.9988, 'task_loss': (0.0008, 0.0074)}
{'epoch': 20, 'train_loss': 0.0065, 'train_acc': 1.0, 'task_loss': (0.0004, 0.006)}
{'epoch': 21, 'train_loss': 0.0061, 'train_acc': 0.9988, 'task_loss': (0.0003, 0.0058)}
{'epoch': 22, 'train_loss': 0.0052, 'train_acc': 1.0, 'task_loss': (0.0003, 0.0049)}
{'epoch': 23, 'train_loss': 0.0032, 'train_acc': 1.0, 'task_loss': (0.0003, 0.0029)}
{'epoch': 24, 'train_loss': 0.0041, 'train_acc': 1.0, 'task_loss': (0.0003, 0.0038)}
{'epoch': 25, 'train_loss': 0.0031, 'train_acc': 0.9988, 'task_loss': (0.0002, 0.0029)}
{'epoch': 26, 'train_loss': 0.0022, 'train_acc': 1.0, 'task_loss': (0.0002, 0.002)}
{'epoch': 27, 'train_loss': 0.0023, 'train_acc': 1.0, 'task_loss': (0.0002, 0.0021)}
{'epoch': 28, 'train_loss': 0.0022, 'train_acc': 1.0, 'task_loss': (1e-04, 0.0021)}
{'epoch': 29, 'train_loss': 0.0019, 'train_acc': 1.0, 'task_loss': (0.0002, 0.0018)}
{'epoch': 30, 'train_loss': 0.002, 'train_acc': 1.0, 'task_loss': (0.0002, 0.0018)}
{'epoch': 31, 'train_loss': 0.0015, 'train_acc': 1.0, 'task_loss': (1e-04, 0.0014)}
{'epoch': 32, 'train_loss': 0.0018, 'train_acc': 1.0, 'task_loss': (0.0002, 0.0016)}
{'epoch': 33, 'train_loss': 0.0016, 'train_acc': 1.0, 'task_loss': (1e-04, 0.0014)}
{'epoch': 34, 'train_loss': 0.0013, 'train_acc': 1.0, 'task_loss': (1e-04, 0.0012)}
{'epoch': 35, 'train_loss': 0.0018, 'train_acc': 1.0, 'task_loss': (1e-04, 0.0017)}
{'epoch': 36, 'train_loss': 0.0013, 'train_acc': 1.0, 'task_loss': (1e-04, 0.0012)}
{'epoch': 37, 'train_loss': 0.0011, 'train_acc': 1.0, 'task_loss': (1e-04, 0.001)}
{'epoch': 38, 'train_loss': 0.0011, 'train_acc': 1.0, 'task_loss': (1e-04, 0.001)}
{'epoch': 39, 'train_loss': 0.001, 'train_acc': 1.0, 'task_loss': (1e-04, 0.001)}
{'epoch': 40, 'train_loss': 0.0012, 'train_acc': 1.0, 'task_loss': (1e-04, 0.0011)}
{'epoch': 41, 'train_loss': 0.0015, 'train_acc': 1.0, 'task_loss': (1e-04, 0.0014)}
{'epoch': 42, 'train_loss': 0.0012, 'train_acc': 1.0, 'task_loss': (1e-04, 0.0011)}
{'epoch': 43, 'train_loss': 0.003, 'train_acc': 0.9988, 'task_loss': (1e-04, 0.0029)}
{'epoch': 44, 'train_loss': 0.0154, 'train_acc': 0.9906, 'task_loss': (0.0018, 0.0137)}
{'epoch': 45, 'train_loss': 0.0077, 'train_acc': 0.9988, 'task_loss': (0.0019, 0.0059)}
{'epoch': 46, 'train_loss': 0.0031, 'train_acc': 1.0, 'task_loss': (0.0002, 0.003)}
{'epoch': 47, 'train_loss': 0.0014, 'train_acc': 1.0, 'task_loss': (1e-04, 0.0014)}
{'epoch': 48, 'train_loss': 0.0013, 'train_acc': 1.0, 'task_loss': (1e-04, 0.0012)}
{'epoch': 49, 'train_loss': 0.0012, 'train_acc': 1.0, 'task_loss': (1e-04, 0.0011)}
{'epoch': 50, 'train_loss': 0.0012, 'train_acc': 1.0, 'task_loss': (1e-04, 0.0011)}
{'epoch': 51, 'train_loss': 0.0052, 'train_acc': 0.9988, 'task_loss': (0.0015, 0.0037)}
{'epoch': 52, 'train_loss': 0.0134, 'train_acc': 0.9918, 'task_loss': (0.0014, 0.0121)}
{'epoch': 53, 'train_loss': 0.0037, 'train_acc': 1.0, 'task_loss': (0.0002, 0.0036)}
{'epoch': 54, 'train_loss': 0.0029, 'train_acc': 1.0, 'task_loss': (0.0002, 0.0027)}
{'epoch': 55, 'train_loss': 0.0023, 'train_acc': 1.0, 'task_loss': (0.0003, 0.002)}
{'epoch': 56, 'train_loss': 0.0022, 'train_acc': 1.0, 'task_loss': (0.0002, 0.002)}
{'epoch': 57, 'train_loss': 0.0019, 'train_acc': 1.0, 'task_loss': (1e-04, 0.0018)}
{'epoch': 58, 'train_loss': 0.0016, 'train_acc': 1.0, 'task_loss': (1e-04, 0.0015)}
{'epoch': 59, 'train_loss': 0.0014, 'train_acc': 1.0, 'task_loss': (1e-04, 0.0013)}
{'epoch': 60, 'train_loss': 0.0015, 'train_acc': 1.0, 'task_loss': (0.0002, 0.0013)}
{'epoch': 61, 'train_loss': 0.0012, 'train_acc': 1.0, 'task_loss': (1e-04, 0.0011)}
{'epoch': 62, 'train_loss': 0.0013, 'train_acc': 1.0, 'task_loss': (1e-04, 0.0012)}
{'epoch': 63, 'train_loss': 0.0018, 'train_acc': 1.0, 'task_loss': (1e-04, 0.0017)}
{'epoch': 64, 'train_loss': 0.0012, 'train_acc': 1.0, 'task_loss': (1e-04, 0.0011)}
{'epoch': 65, 'train_loss': 0.0014, 'train_acc': 1.0, 'task_loss': (1e-04, 0.0013)}
{'epoch': 66, 'train_loss': 0.0011, 'train_acc': 1.0, 'task_loss': (1e-04, 0.001)}
{'epoch': 67, 'train_loss': 0.0017, 'train_acc': 0.9988, 'task_loss': (1e-04, 0.0017)}
{'epoch': 68, 'train_loss': 0.0032, 'train_acc': 1.0, 'task_loss': (0.0005, 0.0027)}
{'epoch': 69, 'train_loss': 0.0018, 'train_acc': 1.0, 'task_loss': (1e-04, 0.0017)}
{'epoch': 70, 'train_loss': 0.0019, 'train_acc': 1.0, 'task_loss': (1e-04, 0.0018)}
{'epoch': 71, 'train_loss': 0.0017, 'train_acc': 1.0, 'task_loss': (1e-04, 0.0016)}
{'epoch': 72, 'train_loss': 0.0012, 'train_acc': 1.0, 'task_loss': (1e-04, 0.0011)}
{'epoch': 73, 'train_loss': 0.0019, 'train_acc': 0.9988, 'task_loss': (1e-04, 0.0018)}
{'epoch': 74, 'train_loss': 0.001, 'train_acc': 1.0, 'task_loss': (1e-04, 0.001)}
{'epoch': 75, 'train_loss': 0.0011, 'train_acc': 1.0, 'task_loss': (1e-04, 0.001)}
{'epoch': 76, 'train_loss': 0.0016, 'train_acc': 1.0, 'task_loss': (1e-04, 0.0015)}
{'epoch': 77, 'train_loss': 0.0008, 'train_acc': 1.0, 'task_loss': (0.0, 0.0008)}
{'epoch': 78, 'train_loss': 0.001, 'train_acc': 1.0, 'task_loss': (1e-04, 0.0009)}
{'epoch': 79, 'train_loss': 0.0015, 'train_acc': 1.0, 'task_loss': (1e-04, 0.0014)}
{'epoch': 80, 'train_loss': 0.0009, 'train_acc': 1.0, 'task_loss': (1e-04, 0.0008)}
{'epoch': 81, 'train_loss': 0.0011, 'train_acc': 1.0, 'task_loss': (1e-04, 0.001)}
{'epoch': 82, 'train_loss': 0.0013, 'train_acc': 1.0, 'task_loss': (1e-04, 0.0011)}
{'epoch': 83, 'train_loss': 0.0008, 'train_acc': 1.0, 'task_loss': (1e-04, 0.0007)}
{'epoch': 84, 'train_loss': 0.001, 'train_acc': 1.0, 'task_loss': (1e-04, 0.0008)}
{'epoch': 85, 'train_loss': 0.0009, 'train_acc': 1.0, 'task_loss': (1e-04, 0.0008)}
{'epoch': 86, 'train_loss': 0.0009, 'train_acc': 1.0, 'task_loss': (1e-04, 0.0008)}
{'epoch': 87, 'train_loss': 0.0009, 'train_acc': 1.0, 'task_loss': (1e-04, 0.0009)}
{'epoch': 88, 'train_loss': 0.0008, 'train_acc': 1.0, 'task_loss': (1e-04, 0.0007)}
{'epoch': 89, 'train_loss': 0.001, 'train_acc': 1.0, 'task_loss': (1e-04, 0.001)}
{'epoch': 90, 'train_loss': 0.0015, 'train_acc': 1.0, 'task_loss': (0.0002, 0.0013)}
{'epoch': 91, 'train_loss': 0.0028, 'train_acc': 0.9988, 'task_loss': (1e-04, 0.0027)}
{'epoch': 92, 'train_loss': 0.0009, 'train_acc': 1.0, 'task_loss': (1e-04, 0.0008)}
{'epoch': 93, 'train_loss': 0.001, 'train_acc': 1.0, 'task_loss': (1e-04, 0.0009)}
{'epoch': 94, 'train_loss': 0.0014, 'train_acc': 0.9988, 'task_loss': (1e-04, 0.0013)}
{'epoch': 95, 'train_loss': 0.0008, 'train_acc': 1.0, 'task_loss': (1e-04, 0.0007)}
{'epoch': 96, 'train_loss': 0.0007, 'train_acc': 1.0, 'task_loss': (1e-04, 0.0007)}
{'epoch': 97, 'train_loss': 0.0011, 'train_acc': 1.0, 'task_loss': (1e-04, 0.001)}
{'epoch': 98, 'train_loss': 0.0007, 'train_acc': 1.0, 'task_loss': (1e-04, 0.0007)}
{'epoch': 99, 'train_loss': 0.001, 'train_acc': 1.0, 'task_loss': (1e-04, 0.0009)}
{'epoch': 100, 'train_loss': 0.0008, 'train_acc': 1.0, 'task_loss': (1e-04, 0.0007)}
{'run_num': 8, 'final_test_err': 0.17149999999999999}
Files already downloaded and verified
Files already downloaded and verified
{'epoch': 1, 'train_loss': 0.8497, 'train_acc': 0.6612, 'task_loss': (0.3959, 0.4538)}
{'epoch': 2, 'train_loss': 0.5938, 'train_acc': 0.7412, 'task_loss': (0.2647, 0.3291)}
{'epoch': 3, 'train_loss': 0.5572, 'train_acc': 0.7576, 'task_loss': (0.2271, 0.3301)}
{'epoch': 4, 'train_loss': 0.3579, 'train_acc': 0.7941, 'task_loss': (0.0956, 0.2623)}
{'epoch': 5, 'train_loss': 0.2366, 'train_acc': 0.8565, 'task_loss': (0.0524, 0.1842)}
{'epoch': 6, 'train_loss': 0.1869, 'train_acc': 0.8941, 'task_loss': (0.0437, 0.1431)}
{'epoch': 7, 'train_loss': 0.1434, 'train_acc': 0.9071, 'task_loss': (0.0147, 0.1287)}
{'epoch': 8, 'train_loss': 0.2397, 'train_acc': 0.88, 'task_loss': (0.0576, 0.1821)}
{'epoch': 9, 'train_loss': 0.1459, 'train_acc': 0.9118, 'task_loss': (0.033, 0.1128)}
{'epoch': 10, 'train_loss': 0.4113, 'train_acc': 0.8435, 'task_loss': (0.1169, 0.2944)}
{'epoch': 11, 'train_loss': 0.114, 'train_acc': 0.9282, 'task_loss': (0.0174, 0.0967)}
{'epoch': 12, 'train_loss': 0.0641, 'train_acc': 0.96, 'task_loss': (0.0097, 0.0544)}
{'epoch': 13, 'train_loss': 0.0586, 'train_acc': 0.9671, 'task_loss': (0.014, 0.0446)}
{'epoch': 14, 'train_loss': 0.0492, 'train_acc': 0.9788, 'task_loss': (0.0079, 0.0413)}
{'epoch': 15, 'train_loss': 0.0273, 'train_acc': 0.9918, 'task_loss': (0.0043, 0.023)}
{'epoch': 16, 'train_loss': 0.0133, 'train_acc': 0.9988, 'task_loss': (0.0015, 0.0118)}
{'epoch': 17, 'train_loss': 0.0103, 'train_acc': 0.9988, 'task_loss': (0.0009, 0.0094)}
{'epoch': 18, 'train_loss': 0.0205, 'train_acc': 0.9882, 'task_loss': (0.0031, 0.0174)}
{'epoch': 19, 'train_loss': 0.0142, 'train_acc': 0.9953, 'task_loss': (0.0012, 0.013)}
{'epoch': 20, 'train_loss': 0.0064, 'train_acc': 0.9988, 'task_loss': (0.0006, 0.0059)}
{'epoch': 21, 'train_loss': 0.0042, 'train_acc': 1.0, 'task_loss': (0.0005, 0.0037)}
{'epoch': 22, 'train_loss': 0.0045, 'train_acc': 1.0, 'task_loss': (0.0003, 0.0042)}
{'epoch': 23, 'train_loss': 0.0098, 'train_acc': 0.9976, 'task_loss': (0.0011, 0.0087)}
{'epoch': 24, 'train_loss': 0.0036, 'train_acc': 1.0, 'task_loss': (0.0004, 0.0032)}
{'epoch': 25, 'train_loss': 0.0031, 'train_acc': 1.0, 'task_loss': (0.0005, 0.0027)}
{'epoch': 26, 'train_loss': 0.0038, 'train_acc': 0.9988, 'task_loss': (0.0003, 0.0035)}
{'epoch': 27, 'train_loss': 0.0033, 'train_acc': 0.9988, 'task_loss': (0.0002, 0.0031)}
{'epoch': 28, 'train_loss': 0.032, 'train_acc': 0.9776, 'task_loss': (0.0018, 0.0302)}
{'epoch': 29, 'train_loss': 0.0079, 'train_acc': 0.9988, 'task_loss': (0.0005, 0.0074)}
{'epoch': 30, 'train_loss': 0.0051, 'train_acc': 1.0, 'task_loss': (0.0007, 0.0044)}
{'epoch': 31, 'train_loss': 0.0077, 'train_acc': 0.9965, 'task_loss': (0.0016, 0.0061)}
{'epoch': 32, 'train_loss': 0.0035, 'train_acc': 1.0, 'task_loss': (0.0003, 0.0032)}
{'epoch': 33, 'train_loss': 0.0024, 'train_acc': 1.0, 'task_loss': (0.0002, 0.0022)}
{'epoch': 34, 'train_loss': 0.0018, 'train_acc': 1.0, 'task_loss': (0.0002, 0.0016)}
{'epoch': 35, 'train_loss': 0.0019, 'train_acc': 1.0, 'task_loss': (0.0004, 0.0015)}
{'epoch': 36, 'train_loss': 0.0023, 'train_acc': 1.0, 'task_loss': (1e-04, 0.0022)}
{'epoch': 37, 'train_loss': 0.0014, 'train_acc': 1.0, 'task_loss': (1e-04, 0.0012)}
{'epoch': 38, 'train_loss': 0.0016, 'train_acc': 1.0, 'task_loss': (0.0002, 0.0015)}
{'epoch': 39, 'train_loss': 0.0016, 'train_acc': 1.0, 'task_loss': (0.0002, 0.0014)}
{'epoch': 40, 'train_loss': 0.0015, 'train_acc': 1.0, 'task_loss': (0.0002, 0.0013)}
{'epoch': 41, 'train_loss': 0.001, 'train_acc': 1.0, 'task_loss': (1e-04, 0.0009)}
{'epoch': 42, 'train_loss': 0.002, 'train_acc': 1.0, 'task_loss': (1e-04, 0.0019)}
{'epoch': 43, 'train_loss': 0.0015, 'train_acc': 1.0, 'task_loss': (0.0002, 0.0013)}
{'epoch': 44, 'train_loss': 0.0015, 'train_acc': 1.0, 'task_loss': (0.0002, 0.0014)}
{'epoch': 45, 'train_loss': 0.0009, 'train_acc': 1.0, 'task_loss': (1e-04, 0.0008)}
{'epoch': 46, 'train_loss': 0.0008, 'train_acc': 1.0, 'task_loss': (1e-04, 0.0007)}
{'epoch': 47, 'train_loss': 0.0013, 'train_acc': 1.0, 'task_loss': (0.0002, 0.0012)}
{'epoch': 48, 'train_loss': 0.0009, 'train_acc': 1.0, 'task_loss': (1e-04, 0.0008)}
{'epoch': 49, 'train_loss': 0.0015, 'train_acc': 1.0, 'task_loss': (0.0002, 0.0013)}
{'epoch': 50, 'train_loss': 0.001, 'train_acc': 1.0, 'task_loss': (1e-04, 0.0009)}
{'epoch': 51, 'train_loss': 0.0007, 'train_acc': 1.0, 'task_loss': (1e-04, 0.0006)}
{'epoch': 52, 'train_loss': 0.0017, 'train_acc': 0.9988, 'task_loss': (1e-04, 0.0016)}
{'epoch': 53, 'train_loss': 0.0039, 'train_acc': 0.9976, 'task_loss': (0.0002, 0.0037)}
{'epoch': 54, 'train_loss': 0.0021, 'train_acc': 1.0, 'task_loss': (0.0002, 0.0019)}
{'epoch': 55, 'train_loss': 0.0023, 'train_acc': 1.0, 'task_loss': (0.0003, 0.002)}
{'epoch': 56, 'train_loss': 0.0017, 'train_acc': 1.0, 'task_loss': (0.0006, 0.0011)}
{'epoch': 57, 'train_loss': 0.001, 'train_acc': 1.0, 'task_loss': (1e-04, 0.0009)}
{'epoch': 58, 'train_loss': 0.004, 'train_acc': 0.9988, 'task_loss': (1e-04, 0.0039)}
{'epoch': 59, 'train_loss': 0.0144, 'train_acc': 0.9941, 'task_loss': (0.0023, 0.0122)}
{'epoch': 60, 'train_loss': 0.0016, 'train_acc': 1.0, 'task_loss': (0.0002, 0.0014)}
{'epoch': 61, 'train_loss': 0.0024, 'train_acc': 1.0, 'task_loss': (0.0003, 0.0021)}
{'epoch': 62, 'train_loss': 0.0015, 'train_acc': 1.0, 'task_loss': (1e-04, 0.0013)}
{'epoch': 63, 'train_loss': 0.0012, 'train_acc': 1.0, 'task_loss': (1e-04, 0.0011)}
{'epoch': 64, 'train_loss': 0.0011, 'train_acc': 1.0, 'task_loss': (1e-04, 0.001)}
{'epoch': 65, 'train_loss': 0.0009, 'train_acc': 1.0, 'task_loss': (1e-04, 0.0008)}
{'epoch': 66, 'train_loss': 0.0015, 'train_acc': 1.0, 'task_loss': (1e-04, 0.0013)}
{'epoch': 67, 'train_loss': 0.0019, 'train_acc': 0.9988, 'task_loss': (1e-04, 0.0017)}
{'epoch': 68, 'train_loss': 0.0036, 'train_acc': 0.9988, 'task_loss': (0.0003, 0.0034)}
{'epoch': 69, 'train_loss': 0.0016, 'train_acc': 1.0, 'task_loss': (1e-04, 0.0015)}
{'epoch': 70, 'train_loss': 0.0013, 'train_acc': 1.0, 'task_loss': (1e-04, 0.0011)}
{'epoch': 71, 'train_loss': 0.0016, 'train_acc': 1.0, 'task_loss': (1e-04, 0.0015)}
{'epoch': 72, 'train_loss': 0.0012, 'train_acc': 1.0, 'task_loss': (0.0002, 0.001)}
{'epoch': 73, 'train_loss': 0.0008, 'train_acc': 1.0, 'task_loss': (1e-04, 0.0007)}
{'epoch': 74, 'train_loss': 0.0016, 'train_acc': 1.0, 'task_loss': (0.0002, 0.0014)}
{'epoch': 75, 'train_loss': 0.0007, 'train_acc': 1.0, 'task_loss': (1e-04, 0.0006)}
{'epoch': 76, 'train_loss': 0.0007, 'train_acc': 1.0, 'task_loss': (1e-04, 0.0006)}
{'epoch': 77, 'train_loss': 0.001, 'train_acc': 1.0, 'task_loss': (1e-04, 0.0009)}
{'epoch': 78, 'train_loss': 0.0008, 'train_acc': 1.0, 'task_loss': (1e-04, 0.0007)}
{'epoch': 79, 'train_loss': 0.0011, 'train_acc': 1.0, 'task_loss': (1e-04, 0.001)}
{'epoch': 80, 'train_loss': 0.0008, 'train_acc': 1.0, 'task_loss': (1e-04, 0.0007)}
{'epoch': 81, 'train_loss': 0.0008, 'train_acc': 1.0, 'task_loss': (1e-04, 0.0007)}
{'epoch': 82, 'train_loss': 0.001, 'train_acc': 1.0, 'task_loss': (1e-04, 0.0008)}
{'epoch': 83, 'train_loss': 0.0009, 'train_acc': 1.0, 'task_loss': (1e-04, 0.0008)}
{'epoch': 84, 'train_loss': 0.0007, 'train_acc': 1.0, 'task_loss': (1e-04, 0.0006)}
{'epoch': 85, 'train_loss': 0.0008, 'train_acc': 1.0, 'task_loss': (0.0002, 0.0007)}
{'epoch': 86, 'train_loss': 0.0009, 'train_acc': 1.0, 'task_loss': (1e-04, 0.0008)}
{'epoch': 87, 'train_loss': 0.0006, 'train_acc': 1.0, 'task_loss': (1e-04, 0.0005)}
{'epoch': 88, 'train_loss': 0.0009, 'train_acc': 1.0, 'task_loss': (1e-04, 0.0009)}
{'epoch': 89, 'train_loss': 0.0007, 'train_acc': 1.0, 'task_loss': (0.0002, 0.0005)}
{'epoch': 90, 'train_loss': 0.0007, 'train_acc': 1.0, 'task_loss': (1e-04, 0.0007)}
{'epoch': 91, 'train_loss': 0.0009, 'train_acc': 1.0, 'task_loss': (1e-04, 0.0008)}
{'epoch': 92, 'train_loss': 0.001, 'train_acc': 1.0, 'task_loss': (1e-04, 0.0009)}
{'epoch': 93, 'train_loss': 0.0008, 'train_acc': 1.0, 'task_loss': (1e-04, 0.0007)}
{'epoch': 94, 'train_loss': 0.0008, 'train_acc': 1.0, 'task_loss': (1e-04, 0.0007)}
{'epoch': 95, 'train_loss': 0.0007, 'train_acc': 1.0, 'task_loss': (1e-04, 0.0006)}
{'epoch': 96, 'train_loss': 0.0006, 'train_acc': 1.0, 'task_loss': (1e-04, 0.0005)}
{'epoch': 97, 'train_loss': 0.0005, 'train_acc': 1.0, 'task_loss': (1e-04, 0.0004)}
{'epoch': 98, 'train_loss': 0.0006, 'train_acc': 1.0, 'task_loss': (1e-04, 0.0006)}
{'epoch': 99, 'train_loss': 0.0007, 'train_acc': 1.0, 'task_loss': (1e-04, 0.0006)}
{'epoch': 100, 'train_loss': 0.0006, 'train_acc': 1.0, 'task_loss': (1e-04, 0.0005)}
{'run_num': 9, 'final_test_err': 0.16125}
{'avg_err': 0.1698, 'std_err': 0.0075}
