{'deploy': True, 'tag': '02_beta/task_loss_group', 'seed': 10, 'device': 'cuda:0', 'reps': 10, 'loss': {'α': 0.5, 'tune_α': False, 'group_task_loss': True}, 'task': {'dataset': 'split_cifar10', 'task_map': [[0, 1], [2, 3], [4, 5], [6, 7], [8, 9]], 'target': 0, 'ood': [4], 'augment': True, 'n': 50, 'm_n': 1, 'β': 0.5, 'custom_sampler': False}, 'hp': {'epochs': 100, 'bs': 16, 'lr': 0.01}, 'net': 'conv'}
Files already downloaded and verified
Files already downloaded and verified
{'epoch': 1, 'train_loss': 0.7975, 'train_acc': 0.6, 'task_loss': (0.4001, 0.3974)}
{'epoch': 2, 'train_loss': 0.637, 'train_acc': 0.645, 'task_loss': (0.3221, 0.3149)}
{'epoch': 3, 'train_loss': 0.7202, 'train_acc': 0.66, 'task_loss': (0.4019, 0.3183)}
{'epoch': 4, 'train_loss': 0.6277, 'train_acc': 0.71, 'task_loss': (0.3187, 0.309)}
{'epoch': 5, 'train_loss': 0.6176, 'train_acc': 0.72, 'task_loss': (0.3342, 0.2834)}
{'epoch': 6, 'train_loss': 0.6019, 'train_acc': 0.77, 'task_loss': (0.3105, 0.2914)}
{'epoch': 7, 'train_loss': 0.536, 'train_acc': 0.74, 'task_loss': (0.3179, 0.2181)}
{'epoch': 8, 'train_loss': 0.5185, 'train_acc': 0.765, 'task_loss': (0.2261, 0.2923)}
{'epoch': 9, 'train_loss': 0.4686, 'train_acc': 0.79, 'task_loss': (0.2445, 0.2241)}
{'epoch': 10, 'train_loss': 0.4442, 'train_acc': 0.78, 'task_loss': (0.2016, 0.2426)}
{'epoch': 11, 'train_loss': 0.3531, 'train_acc': 0.85, 'task_loss': (0.173, 0.1801)}
{'epoch': 12, 'train_loss': 0.3434, 'train_acc': 0.845, 'task_loss': (0.1456, 0.1978)}
{'epoch': 13, 'train_loss': 0.2813, 'train_acc': 0.885, 'task_loss': (0.143, 0.1382)}
{'epoch': 14, 'train_loss': 0.3695, 'train_acc': 0.83, 'task_loss': (0.2012, 0.1683)}
{'epoch': 15, 'train_loss': 0.2978, 'train_acc': 0.88, 'task_loss': (0.1707, 0.1272)}
{'epoch': 16, 'train_loss': 0.3606, 'train_acc': 0.875, 'task_loss': (0.2065, 0.1542)}
{'epoch': 17, 'train_loss': 0.3487, 'train_acc': 0.85, 'task_loss': (0.1413, 0.2074)}
{'epoch': 18, 'train_loss': 0.2673, 'train_acc': 0.89, 'task_loss': (0.1409, 0.1264)}
{'epoch': 19, 'train_loss': 0.3265, 'train_acc': 0.88, 'task_loss': (0.1623, 0.1642)}
{'epoch': 20, 'train_loss': 0.2518, 'train_acc': 0.89, 'task_loss': (0.0927, 0.1591)}
{'epoch': 21, 'train_loss': 0.3277, 'train_acc': 0.875, 'task_loss': (0.1609, 0.1667)}
{'epoch': 22, 'train_loss': 0.2049, 'train_acc': 0.925, 'task_loss': (0.0891, 0.1158)}
{'epoch': 23, 'train_loss': 0.2704, 'train_acc': 0.9, 'task_loss': (0.1597, 0.1107)}
{'epoch': 24, 'train_loss': 0.1968, 'train_acc': 0.92, 'task_loss': (0.0751, 0.1217)}
{'epoch': 25, 'train_loss': 0.2156, 'train_acc': 0.89, 'task_loss': (0.1285, 0.0871)}
{'epoch': 26, 'train_loss': 0.2146, 'train_acc': 0.92, 'task_loss': (0.1163, 0.0983)}
{'epoch': 27, 'train_loss': 0.2009, 'train_acc': 0.915, 'task_loss': (0.0907, 0.1103)}
{'epoch': 28, 'train_loss': 0.1293, 'train_acc': 0.955, 'task_loss': (0.0622, 0.0672)}
{'epoch': 29, 'train_loss': 0.2322, 'train_acc': 0.925, 'task_loss': (0.1522, 0.08)}
{'epoch': 30, 'train_loss': 0.1998, 'train_acc': 0.925, 'task_loss': (0.106, 0.0938)}
{'epoch': 31, 'train_loss': 0.1938, 'train_acc': 0.93, 'task_loss': (0.0957, 0.098)}
{'epoch': 32, 'train_loss': 0.1184, 'train_acc': 0.96, 'task_loss': (0.0625, 0.0558)}
{'epoch': 33, 'train_loss': 0.1552, 'train_acc': 0.95, 'task_loss': (0.0683, 0.0869)}
{'epoch': 34, 'train_loss': 0.2221, 'train_acc': 0.91, 'task_loss': (0.1052, 0.1169)}
{'epoch': 35, 'train_loss': 0.19, 'train_acc': 0.93, 'task_loss': (0.1218, 0.0682)}
{'epoch': 36, 'train_loss': 0.1435, 'train_acc': 0.935, 'task_loss': (0.0596, 0.0839)}
{'epoch': 37, 'train_loss': 0.213, 'train_acc': 0.885, 'task_loss': (0.1199, 0.0931)}
{'epoch': 38, 'train_loss': 0.1508, 'train_acc': 0.935, 'task_loss': (0.0654, 0.0854)}
{'epoch': 39, 'train_loss': 0.1191, 'train_acc': 0.95, 'task_loss': (0.0536, 0.0655)}
{'epoch': 40, 'train_loss': 0.1107, 'train_acc': 0.945, 'task_loss': (0.0497, 0.061)}
{'epoch': 41, 'train_loss': 0.145, 'train_acc': 0.955, 'task_loss': (0.0687, 0.0764)}
{'epoch': 42, 'train_loss': 0.1803, 'train_acc': 0.915, 'task_loss': (0.0835, 0.0968)}
{'epoch': 43, 'train_loss': 0.1091, 'train_acc': 0.955, 'task_loss': (0.0639, 0.0452)}
{'epoch': 44, 'train_loss': 0.1234, 'train_acc': 0.935, 'task_loss': (0.0479, 0.0754)}
{'epoch': 45, 'train_loss': 0.1534, 'train_acc': 0.94, 'task_loss': (0.0408, 0.1126)}
{'epoch': 46, 'train_loss': 0.1177, 'train_acc': 0.955, 'task_loss': (0.0229, 0.0948)}
{'epoch': 47, 'train_loss': 0.13, 'train_acc': 0.93, 'task_loss': (0.0404, 0.0896)}
{'epoch': 48, 'train_loss': 0.0804, 'train_acc': 0.98, 'task_loss': (0.0498, 0.0306)}
{'epoch': 49, 'train_loss': 0.0844, 'train_acc': 0.975, 'task_loss': (0.0501, 0.0343)}
{'epoch': 50, 'train_loss': 0.0853, 'train_acc': 0.965, 'task_loss': (0.0441, 0.0412)}
{'epoch': 51, 'train_loss': 0.0768, 'train_acc': 0.97, 'task_loss': (0.0347, 0.0421)}
{'epoch': 52, 'train_loss': 0.0465, 'train_acc': 0.985, 'task_loss': (0.0121, 0.0344)}
{'epoch': 53, 'train_loss': 0.0562, 'train_acc': 0.975, 'task_loss': (0.0291, 0.0271)}
{'epoch': 54, 'train_loss': 0.062, 'train_acc': 0.98, 'task_loss': (0.0353, 0.0266)}
{'epoch': 55, 'train_loss': 0.1037, 'train_acc': 0.965, 'task_loss': (0.0488, 0.0548)}
{'epoch': 56, 'train_loss': 0.077, 'train_acc': 0.96, 'task_loss': (0.0258, 0.0512)}
{'epoch': 57, 'train_loss': 0.1055, 'train_acc': 0.95, 'task_loss': (0.0347, 0.0708)}
{'epoch': 58, 'train_loss': 0.0549, 'train_acc': 0.985, 'task_loss': (0.0292, 0.0257)}
{'epoch': 59, 'train_loss': 0.0225, 'train_acc': 1.0, 'task_loss': (0.0105, 0.0121)}
{'epoch': 60, 'train_loss': 0.0982, 'train_acc': 0.985, 'task_loss': (0.0635, 0.0347)}
{'epoch': 61, 'train_loss': 0.0437, 'train_acc': 0.995, 'task_loss': (0.0126, 0.0311)}
{'epoch': 62, 'train_loss': 0.0265, 'train_acc': 0.995, 'task_loss': (0.0079, 0.0185)}
{'epoch': 63, 'train_loss': 0.0688, 'train_acc': 0.975, 'task_loss': (0.0292, 0.0395)}
{'epoch': 64, 'train_loss': 0.0387, 'train_acc': 0.99, 'task_loss': (0.0206, 0.0181)}
{'epoch': 65, 'train_loss': 0.0429, 'train_acc': 0.995, 'task_loss': (0.0246, 0.0184)}
{'epoch': 66, 'train_loss': 0.0144, 'train_acc': 1.0, 'task_loss': (0.0069, 0.0075)}
{'epoch': 67, 'train_loss': 0.0447, 'train_acc': 0.99, 'task_loss': (0.0248, 0.0199)}
{'epoch': 68, 'train_loss': 0.0213, 'train_acc': 0.995, 'task_loss': (0.0096, 0.0117)}
{'epoch': 69, 'train_loss': 0.0325, 'train_acc': 0.98, 'task_loss': (0.015, 0.0175)}
{'epoch': 70, 'train_loss': 0.0156, 'train_acc': 1.0, 'task_loss': (0.0084, 0.0072)}
{'epoch': 71, 'train_loss': 0.0497, 'train_acc': 0.98, 'task_loss': (0.0336, 0.0161)}
{'epoch': 72, 'train_loss': 0.0314, 'train_acc': 0.99, 'task_loss': (0.0096, 0.0218)}
{'epoch': 73, 'train_loss': 0.0505, 'train_acc': 0.97, 'task_loss': (0.0196, 0.0308)}
{'epoch': 74, 'train_loss': 0.063, 'train_acc': 0.965, 'task_loss': (0.0236, 0.0395)}
{'epoch': 75, 'train_loss': 0.0378, 'train_acc': 0.99, 'task_loss': (0.0189, 0.0189)}
{'epoch': 76, 'train_loss': 0.0412, 'train_acc': 0.985, 'task_loss': (0.0277, 0.0135)}
{'epoch': 77, 'train_loss': 0.0308, 'train_acc': 0.99, 'task_loss': (0.0164, 0.0144)}
{'epoch': 78, 'train_loss': 0.0442, 'train_acc': 0.985, 'task_loss': (0.0257, 0.0185)}
{'epoch': 79, 'train_loss': 0.0219, 'train_acc': 0.99, 'task_loss': (0.0114, 0.0105)}
{'epoch': 80, 'train_loss': 0.0383, 'train_acc': 0.98, 'task_loss': (0.0124, 0.0259)}
{'epoch': 81, 'train_loss': 0.0252, 'train_acc': 0.99, 'task_loss': (0.0088, 0.0163)}
{'epoch': 82, 'train_loss': 0.0481, 'train_acc': 0.98, 'task_loss': (0.0251, 0.023)}
{'epoch': 83, 'train_loss': 0.0342, 'train_acc': 0.99, 'task_loss': (0.013, 0.0213)}
{'epoch': 84, 'train_loss': 0.0196, 'train_acc': 1.0, 'task_loss': (0.0134, 0.0063)}
{'epoch': 85, 'train_loss': 0.0118, 'train_acc': 1.0, 'task_loss': (0.0057, 0.0061)}
{'epoch': 86, 'train_loss': 0.0277, 'train_acc': 0.995, 'task_loss': (0.0162, 0.0114)}
{'epoch': 87, 'train_loss': 0.0217, 'train_acc': 0.995, 'task_loss': (0.0069, 0.0148)}
{'epoch': 88, 'train_loss': 0.0235, 'train_acc': 0.99, 'task_loss': (0.0148, 0.0087)}
{'epoch': 89, 'train_loss': 0.0398, 'train_acc': 0.985, 'task_loss': (0.01, 0.0299)}
{'epoch': 90, 'train_loss': 0.0278, 'train_acc': 0.99, 'task_loss': (0.0149, 0.013)}
{'epoch': 91, 'train_loss': 0.0354, 'train_acc': 0.985, 'task_loss': (0.02, 0.0153)}
{'epoch': 92, 'train_loss': 0.0275, 'train_acc': 0.985, 'task_loss': (0.0151, 0.0125)}
{'epoch': 93, 'train_loss': 0.0179, 'train_acc': 0.995, 'task_loss': (0.0043, 0.0136)}
{'epoch': 94, 'train_loss': 0.0194, 'train_acc': 0.99, 'task_loss': (0.0067, 0.0127)}
{'epoch': 95, 'train_loss': 0.0177, 'train_acc': 1.0, 'task_loss': (0.0068, 0.011)}
{'epoch': 96, 'train_loss': 0.0174, 'train_acc': 1.0, 'task_loss': (0.0062, 0.0111)}
{'epoch': 97, 'train_loss': 0.0223, 'train_acc': 0.995, 'task_loss': (0.0085, 0.0138)}
{'epoch': 98, 'train_loss': 0.0142, 'train_acc': 1.0, 'task_loss': (0.0082, 0.0059)}
{'epoch': 99, 'train_loss': 0.0367, 'train_acc': 0.99, 'task_loss': (0.0247, 0.012)}
{'epoch': 100, 'train_loss': 0.0217, 'train_acc': 0.995, 'task_loss': (0.01, 0.0117)}
{'run_num': 0, 'final_test_err': 0.16900000000000004}
Files already downloaded and verified
Files already downloaded and verified
{'epoch': 1, 'train_loss': 0.7276, 'train_acc': 0.625, 'task_loss': (0.4193, 0.3083)}
{'epoch': 2, 'train_loss': 0.5882, 'train_acc': 0.71, 'task_loss': (0.2874, 0.3008)}
{'epoch': 3, 'train_loss': 0.5025, 'train_acc': 0.77, 'task_loss': (0.2424, 0.2601)}
{'epoch': 4, 'train_loss': 0.6928, 'train_acc': 0.71, 'task_loss': (0.367, 0.3258)}
{'epoch': 5, 'train_loss': 0.4933, 'train_acc': 0.775, 'task_loss': (0.2007, 0.2926)}
{'epoch': 6, 'train_loss': 0.6036, 'train_acc': 0.78, 'task_loss': (0.333, 0.2706)}
{'epoch': 7, 'train_loss': 0.5523, 'train_acc': 0.73, 'task_loss': (0.2407, 0.3115)}
{'epoch': 8, 'train_loss': 0.5667, 'train_acc': 0.76, 'task_loss': (0.2479, 0.3189)}
{'epoch': 9, 'train_loss': 0.4156, 'train_acc': 0.8, 'task_loss': (0.1861, 0.2295)}
{'epoch': 10, 'train_loss': 0.4, 'train_acc': 0.84, 'task_loss': (0.1367, 0.2633)}
{'epoch': 11, 'train_loss': 0.4283, 'train_acc': 0.81, 'task_loss': (0.2369, 0.1914)}
{'epoch': 12, 'train_loss': 0.3743, 'train_acc': 0.865, 'task_loss': (0.1681, 0.2062)}
{'epoch': 13, 'train_loss': 0.3581, 'train_acc': 0.82, 'task_loss': (0.1885, 0.1696)}
{'epoch': 14, 'train_loss': 0.325, 'train_acc': 0.855, 'task_loss': (0.1563, 0.1687)}
{'epoch': 15, 'train_loss': 0.3617, 'train_acc': 0.89, 'task_loss': (0.1998, 0.162)}
{'epoch': 16, 'train_loss': 0.3413, 'train_acc': 0.85, 'task_loss': (0.1112, 0.2301)}
{'epoch': 17, 'train_loss': 0.2995, 'train_acc': 0.85, 'task_loss': (0.1548, 0.1447)}
{'epoch': 18, 'train_loss': 0.3091, 'train_acc': 0.87, 'task_loss': (0.1517, 0.1574)}
{'epoch': 19, 'train_loss': 0.2812, 'train_acc': 0.88, 'task_loss': (0.115, 0.1662)}
{'epoch': 20, 'train_loss': 0.2794, 'train_acc': 0.89, 'task_loss': (0.1166, 0.1628)}
{'epoch': 21, 'train_loss': 0.206, 'train_acc': 0.92, 'task_loss': (0.091, 0.115)}
{'epoch': 22, 'train_loss': 0.265, 'train_acc': 0.885, 'task_loss': (0.146, 0.1189)}
{'epoch': 23, 'train_loss': 0.2127, 'train_acc': 0.92, 'task_loss': (0.099, 0.1137)}
{'epoch': 24, 'train_loss': 0.2106, 'train_acc': 0.925, 'task_loss': (0.1312, 0.0794)}
{'epoch': 25, 'train_loss': 0.2569, 'train_acc': 0.92, 'task_loss': (0.0898, 0.167)}
{'epoch': 26, 'train_loss': 0.1958, 'train_acc': 0.91, 'task_loss': (0.0859, 0.1099)}
{'epoch': 27, 'train_loss': 0.1974, 'train_acc': 0.915, 'task_loss': (0.0835, 0.1139)}
{'epoch': 28, 'train_loss': 0.1392, 'train_acc': 0.93, 'task_loss': (0.0838, 0.0555)}
{'epoch': 29, 'train_loss': 0.1951, 'train_acc': 0.905, 'task_loss': (0.0678, 0.1272)}
{'epoch': 30, 'train_loss': 0.2537, 'train_acc': 0.895, 'task_loss': (0.1254, 0.1283)}
{'epoch': 31, 'train_loss': 0.2899, 'train_acc': 0.885, 'task_loss': (0.1322, 0.1577)}
{'epoch': 32, 'train_loss': 0.1888, 'train_acc': 0.9, 'task_loss': (0.08, 0.1087)}
{'epoch': 33, 'train_loss': 0.0845, 'train_acc': 0.975, 'task_loss': (0.0247, 0.0598)}
{'epoch': 34, 'train_loss': 0.1102, 'train_acc': 0.965, 'task_loss': (0.0777, 0.0325)}
{'epoch': 35, 'train_loss': 0.135, 'train_acc': 0.955, 'task_loss': (0.0301, 0.1049)}
{'epoch': 36, 'train_loss': 0.1845, 'train_acc': 0.935, 'task_loss': (0.1111, 0.0733)}
{'epoch': 37, 'train_loss': 0.0828, 'train_acc': 0.975, 'task_loss': (0.0407, 0.0421)}
{'epoch': 38, 'train_loss': 0.0989, 'train_acc': 0.95, 'task_loss': (0.0499, 0.0491)}
{'epoch': 39, 'train_loss': 0.1327, 'train_acc': 0.955, 'task_loss': (0.0666, 0.0661)}
{'epoch': 40, 'train_loss': 0.112, 'train_acc': 0.955, 'task_loss': (0.048, 0.064)}
{'epoch': 41, 'train_loss': 0.0685, 'train_acc': 0.96, 'task_loss': (0.0289, 0.0396)}
{'epoch': 42, 'train_loss': 0.1603, 'train_acc': 0.93, 'task_loss': (0.0794, 0.0809)}
{'epoch': 43, 'train_loss': 0.1141, 'train_acc': 0.96, 'task_loss': (0.0338, 0.0803)}
{'epoch': 44, 'train_loss': 0.1209, 'train_acc': 0.95, 'task_loss': (0.0475, 0.0734)}
{'epoch': 45, 'train_loss': 0.0735, 'train_acc': 0.98, 'task_loss': (0.0256, 0.048)}
{'epoch': 46, 'train_loss': 0.1303, 'train_acc': 0.945, 'task_loss': (0.0382, 0.0921)}
{'epoch': 47, 'train_loss': 0.0999, 'train_acc': 0.965, 'task_loss': (0.0714, 0.0285)}
{'epoch': 48, 'train_loss': 0.0515, 'train_acc': 0.995, 'task_loss': (0.0214, 0.0301)}
{'epoch': 49, 'train_loss': 0.0833, 'train_acc': 0.975, 'task_loss': (0.0409, 0.0424)}
{'epoch': 50, 'train_loss': 0.0392, 'train_acc': 0.99, 'task_loss': (0.0243, 0.0149)}
{'epoch': 51, 'train_loss': 0.0409, 'train_acc': 0.975, 'task_loss': (0.0215, 0.0194)}
{'epoch': 52, 'train_loss': 0.0778, 'train_acc': 0.975, 'task_loss': (0.0523, 0.0255)}
{'epoch': 53, 'train_loss': 0.0551, 'train_acc': 0.975, 'task_loss': (0.0306, 0.0245)}
{'epoch': 54, 'train_loss': 0.0324, 'train_acc': 0.995, 'task_loss': (0.0201, 0.0123)}
{'epoch': 55, 'train_loss': 0.0523, 'train_acc': 0.99, 'task_loss': (0.0186, 0.0338)}
{'epoch': 56, 'train_loss': 0.072, 'train_acc': 0.97, 'task_loss': (0.0243, 0.0477)}
{'epoch': 57, 'train_loss': 0.0532, 'train_acc': 0.99, 'task_loss': (0.0229, 0.0303)}
{'epoch': 58, 'train_loss': 0.0552, 'train_acc': 0.985, 'task_loss': (0.0183, 0.0369)}
{'epoch': 59, 'train_loss': 0.0266, 'train_acc': 0.995, 'task_loss': (0.0069, 0.0197)}
{'epoch': 60, 'train_loss': 0.0492, 'train_acc': 0.97, 'task_loss': (0.0267, 0.0225)}
{'epoch': 61, 'train_loss': 0.0182, 'train_acc': 0.995, 'task_loss': (0.0067, 0.0115)}
{'epoch': 62, 'train_loss': 0.0552, 'train_acc': 0.975, 'task_loss': (0.0313, 0.0239)}
{'epoch': 63, 'train_loss': 0.0474, 'train_acc': 0.98, 'task_loss': (0.017, 0.0304)}
{'epoch': 64, 'train_loss': 0.0305, 'train_acc': 0.985, 'task_loss': (0.0239, 0.0066)}
{'epoch': 65, 'train_loss': 0.0313, 'train_acc': 0.99, 'task_loss': (0.0146, 0.0167)}
{'epoch': 66, 'train_loss': 0.0674, 'train_acc': 0.975, 'task_loss': (0.0409, 0.0265)}
{'epoch': 67, 'train_loss': 0.0343, 'train_acc': 0.995, 'task_loss': (0.0101, 0.0242)}
{'epoch': 68, 'train_loss': 0.0273, 'train_acc': 0.995, 'task_loss': (0.0109, 0.0163)}
{'epoch': 69, 'train_loss': 0.0405, 'train_acc': 0.99, 'task_loss': (0.0209, 0.0196)}
{'epoch': 70, 'train_loss': 0.0299, 'train_acc': 0.99, 'task_loss': (0.0173, 0.0126)}
{'epoch': 71, 'train_loss': 0.0148, 'train_acc': 1.0, 'task_loss': (0.0069, 0.0079)}
{'epoch': 72, 'train_loss': 0.0369, 'train_acc': 0.99, 'task_loss': (0.0149, 0.022)}
{'epoch': 73, 'train_loss': 0.0256, 'train_acc': 0.995, 'task_loss': (0.0122, 0.0135)}
{'epoch': 74, 'train_loss': 0.037, 'train_acc': 0.985, 'task_loss': (0.026, 0.011)}
{'epoch': 75, 'train_loss': 0.0164, 'train_acc': 0.995, 'task_loss': (0.0118, 0.0045)}
{'epoch': 76, 'train_loss': 0.0177, 'train_acc': 0.995, 'task_loss': (0.0128, 0.0049)}
{'epoch': 77, 'train_loss': 0.0161, 'train_acc': 1.0, 'task_loss': (0.0041, 0.0119)}
{'epoch': 78, 'train_loss': 0.0184, 'train_acc': 1.0, 'task_loss': (0.0093, 0.0091)}
{'epoch': 79, 'train_loss': 0.0489, 'train_acc': 0.99, 'task_loss': (0.0261, 0.0228)}
{'epoch': 80, 'train_loss': 0.0185, 'train_acc': 0.995, 'task_loss': (0.0044, 0.0141)}
{'epoch': 81, 'train_loss': 0.0125, 'train_acc': 1.0, 'task_loss': (0.0074, 0.0052)}
{'epoch': 82, 'train_loss': 0.0246, 'train_acc': 0.99, 'task_loss': (0.0081, 0.0165)}
{'epoch': 83, 'train_loss': 0.0507, 'train_acc': 0.975, 'task_loss': (0.0101, 0.0406)}
{'epoch': 84, 'train_loss': 0.0466, 'train_acc': 0.99, 'task_loss': (0.0165, 0.0301)}
{'epoch': 85, 'train_loss': 0.0172, 'train_acc': 1.0, 'task_loss': (0.0079, 0.0093)}
{'epoch': 86, 'train_loss': 0.0153, 'train_acc': 1.0, 'task_loss': (0.0055, 0.0099)}
{'epoch': 87, 'train_loss': 0.0198, 'train_acc': 0.995, 'task_loss': (0.0057, 0.0141)}
{'epoch': 88, 'train_loss': 0.0112, 'train_acc': 1.0, 'task_loss': (0.0065, 0.0047)}
{'epoch': 89, 'train_loss': 0.0392, 'train_acc': 0.98, 'task_loss': (0.0087, 0.0305)}
{'epoch': 90, 'train_loss': 0.0156, 'train_acc': 0.995, 'task_loss': (0.01, 0.0056)}
{'epoch': 91, 'train_loss': 0.0149, 'train_acc': 1.0, 'task_loss': (0.0091, 0.0057)}
{'epoch': 92, 'train_loss': 0.0153, 'train_acc': 1.0, 'task_loss': (0.0081, 0.0072)}
{'epoch': 93, 'train_loss': 0.015, 'train_acc': 1.0, 'task_loss': (0.0084, 0.0066)}
{'epoch': 94, 'train_loss': 0.0206, 'train_acc': 0.995, 'task_loss': (0.0071, 0.0135)}
{'epoch': 95, 'train_loss': 0.0173, 'train_acc': 0.995, 'task_loss': (0.006, 0.0113)}
{'epoch': 96, 'train_loss': 0.0197, 'train_acc': 1.0, 'task_loss': (0.0098, 0.0099)}
{'epoch': 97, 'train_loss': 0.0246, 'train_acc': 0.995, 'task_loss': (0.0135, 0.0111)}
{'epoch': 98, 'train_loss': 0.0208, 'train_acc': 0.995, 'task_loss': (0.007, 0.0139)}
{'epoch': 99, 'train_loss': 0.0187, 'train_acc': 0.995, 'task_loss': (0.0052, 0.0135)}
{'epoch': 100, 'train_loss': 0.0376, 'train_acc': 0.985, 'task_loss': (0.0145, 0.0231)}
{'run_num': 1, 'final_test_err': 0.15974999999999995}
Files already downloaded and verified
Files already downloaded and verified
{'epoch': 1, 'train_loss': 0.8043, 'train_acc': 0.625, 'task_loss': (0.4624, 0.3419)}
{'epoch': 2, 'train_loss': 0.6115, 'train_acc': 0.72, 'task_loss': (0.3099, 0.3016)}
{'epoch': 3, 'train_loss': 0.5791, 'train_acc': 0.73, 'task_loss': (0.3264, 0.2526)}
{'epoch': 4, 'train_loss': 0.6077, 'train_acc': 0.725, 'task_loss': (0.3013, 0.3065)}
{'epoch': 5, 'train_loss': 0.5069, 'train_acc': 0.76, 'task_loss': (0.2359, 0.2709)}
{'epoch': 6, 'train_loss': 0.4968, 'train_acc': 0.775, 'task_loss': (0.2463, 0.2505)}
{'epoch': 7, 'train_loss': 0.5211, 'train_acc': 0.765, 'task_loss': (0.2433, 0.2778)}
{'epoch': 8, 'train_loss': 0.5796, 'train_acc': 0.78, 'task_loss': (0.3232, 0.2564)}
{'epoch': 9, 'train_loss': 0.4982, 'train_acc': 0.775, 'task_loss': (0.2676, 0.2307)}
{'epoch': 10, 'train_loss': 0.507, 'train_acc': 0.775, 'task_loss': (0.2584, 0.2486)}
{'epoch': 11, 'train_loss': 0.3653, 'train_acc': 0.83, 'task_loss': (0.1254, 0.24)}
{'epoch': 12, 'train_loss': 0.4284, 'train_acc': 0.81, 'task_loss': (0.2155, 0.213)}
{'epoch': 13, 'train_loss': 0.3295, 'train_acc': 0.845, 'task_loss': (0.1586, 0.1708)}
{'epoch': 14, 'train_loss': 0.3841, 'train_acc': 0.81, 'task_loss': (0.1503, 0.2339)}
{'epoch': 15, 'train_loss': 0.3812, 'train_acc': 0.815, 'task_loss': (0.1942, 0.187)}
{'epoch': 16, 'train_loss': 0.3323, 'train_acc': 0.855, 'task_loss': (0.1626, 0.1697)}
{'epoch': 17, 'train_loss': 0.2485, 'train_acc': 0.9, 'task_loss': (0.0875, 0.1611)}
{'epoch': 18, 'train_loss': 0.3571, 'train_acc': 0.835, 'task_loss': (0.2034, 0.1537)}
{'epoch': 19, 'train_loss': 0.4032, 'train_acc': 0.85, 'task_loss': (0.1707, 0.2325)}
{'epoch': 20, 'train_loss': 0.3434, 'train_acc': 0.82, 'task_loss': (0.1636, 0.1799)}
{'epoch': 21, 'train_loss': 0.2474, 'train_acc': 0.9, 'task_loss': (0.1207, 0.1267)}
{'epoch': 22, 'train_loss': 0.2664, 'train_acc': 0.885, 'task_loss': (0.1329, 0.1335)}
{'epoch': 23, 'train_loss': 0.2684, 'train_acc': 0.875, 'task_loss': (0.1097, 0.1587)}
{'epoch': 24, 'train_loss': 0.1831, 'train_acc': 0.89, 'task_loss': (0.0801, 0.1029)}
{'epoch': 25, 'train_loss': 0.185, 'train_acc': 0.91, 'task_loss': (0.0862, 0.0988)}
{'epoch': 26, 'train_loss': 0.1501, 'train_acc': 0.935, 'task_loss': (0.09, 0.0602)}
{'epoch': 27, 'train_loss': 0.2337, 'train_acc': 0.905, 'task_loss': (0.1272, 0.1064)}
{'epoch': 28, 'train_loss': 0.2178, 'train_acc': 0.9, 'task_loss': (0.1315, 0.0864)}
{'epoch': 29, 'train_loss': 0.2558, 'train_acc': 0.925, 'task_loss': (0.1375, 0.1183)}
{'epoch': 30, 'train_loss': 0.189, 'train_acc': 0.915, 'task_loss': (0.0938, 0.0952)}
{'epoch': 31, 'train_loss': 0.1751, 'train_acc': 0.94, 'task_loss': (0.0931, 0.082)}
{'epoch': 32, 'train_loss': 0.177, 'train_acc': 0.91, 'task_loss': (0.0772, 0.0998)}
{'epoch': 33, 'train_loss': 0.1698, 'train_acc': 0.945, 'task_loss': (0.1027, 0.0671)}
{'epoch': 34, 'train_loss': 0.1173, 'train_acc': 0.95, 'task_loss': (0.053, 0.0643)}
{'epoch': 35, 'train_loss': 0.0877, 'train_acc': 0.965, 'task_loss': (0.033, 0.0546)}
{'epoch': 36, 'train_loss': 0.0905, 'train_acc': 0.96, 'task_loss': (0.0303, 0.0603)}
{'epoch': 37, 'train_loss': 0.0869, 'train_acc': 0.98, 'task_loss': (0.0275, 0.0595)}
{'epoch': 38, 'train_loss': 0.1081, 'train_acc': 0.965, 'task_loss': (0.058, 0.0501)}
{'epoch': 39, 'train_loss': 0.1448, 'train_acc': 0.94, 'task_loss': (0.0609, 0.0839)}
{'epoch': 40, 'train_loss': 0.1988, 'train_acc': 0.94, 'task_loss': (0.0865, 0.1122)}
{'epoch': 41, 'train_loss': 0.178, 'train_acc': 0.92, 'task_loss': (0.0989, 0.0791)}
{'epoch': 42, 'train_loss': 0.2364, 'train_acc': 0.92, 'task_loss': (0.1168, 0.1196)}
{'epoch': 43, 'train_loss': 0.2042, 'train_acc': 0.91, 'task_loss': (0.0619, 0.1423)}
{'epoch': 44, 'train_loss': 0.1249, 'train_acc': 0.93, 'task_loss': (0.0711, 0.0538)}
{'epoch': 45, 'train_loss': 0.1284, 'train_acc': 0.955, 'task_loss': (0.0552, 0.0731)}
{'epoch': 46, 'train_loss': 0.0921, 'train_acc': 0.985, 'task_loss': (0.0568, 0.0353)}
{'epoch': 47, 'train_loss': 0.1853, 'train_acc': 0.935, 'task_loss': (0.0746, 0.1107)}
{'epoch': 48, 'train_loss': 0.1448, 'train_acc': 0.935, 'task_loss': (0.0676, 0.0772)}
{'epoch': 49, 'train_loss': 0.0974, 'train_acc': 0.965, 'task_loss': (0.039, 0.0584)}
{'epoch': 50, 'train_loss': 0.1361, 'train_acc': 0.96, 'task_loss': (0.0426, 0.0936)}
{'epoch': 51, 'train_loss': 0.0804, 'train_acc': 0.97, 'task_loss': (0.0371, 0.0433)}
{'epoch': 52, 'train_loss': 0.077, 'train_acc': 0.98, 'task_loss': (0.0495, 0.0275)}
{'epoch': 53, 'train_loss': 0.0471, 'train_acc': 0.975, 'task_loss': (0.0133, 0.0338)}
{'epoch': 54, 'train_loss': 0.0962, 'train_acc': 0.955, 'task_loss': (0.065, 0.0312)}
{'epoch': 55, 'train_loss': 0.0601, 'train_acc': 0.99, 'task_loss': (0.0295, 0.0306)}
{'epoch': 56, 'train_loss': 0.0603, 'train_acc': 0.985, 'task_loss': (0.0251, 0.0352)}
{'epoch': 57, 'train_loss': 0.0781, 'train_acc': 0.985, 'task_loss': (0.0399, 0.0383)}
{'epoch': 58, 'train_loss': 0.0531, 'train_acc': 0.975, 'task_loss': (0.0225, 0.0306)}
{'epoch': 59, 'train_loss': 0.0676, 'train_acc': 0.98, 'task_loss': (0.0286, 0.0389)}
{'epoch': 60, 'train_loss': 0.0776, 'train_acc': 0.97, 'task_loss': (0.0336, 0.044)}
{'epoch': 61, 'train_loss': 0.055, 'train_acc': 0.985, 'task_loss': (0.0264, 0.0286)}
{'epoch': 62, 'train_loss': 0.0853, 'train_acc': 0.95, 'task_loss': (0.0444, 0.0409)}
{'epoch': 63, 'train_loss': 0.056, 'train_acc': 0.985, 'task_loss': (0.0216, 0.0343)}
{'epoch': 64, 'train_loss': 0.0407, 'train_acc': 0.995, 'task_loss': (0.0167, 0.0239)}
{'epoch': 65, 'train_loss': 0.0458, 'train_acc': 0.99, 'task_loss': (0.0336, 0.0122)}
{'epoch': 66, 'train_loss': 0.0238, 'train_acc': 0.995, 'task_loss': (0.0096, 0.0142)}
{'epoch': 67, 'train_loss': 0.0455, 'train_acc': 0.985, 'task_loss': (0.0183, 0.0273)}
{'epoch': 68, 'train_loss': 0.0275, 'train_acc': 1.0, 'task_loss': (0.0128, 0.0147)}
{'epoch': 69, 'train_loss': 0.0333, 'train_acc': 0.995, 'task_loss': (0.0191, 0.0143)}
{'epoch': 70, 'train_loss': 0.0258, 'train_acc': 0.995, 'task_loss': (0.0072, 0.0186)}
{'epoch': 71, 'train_loss': 0.0414, 'train_acc': 0.98, 'task_loss': (0.012, 0.0294)}
{'epoch': 72, 'train_loss': 0.0287, 'train_acc': 0.995, 'task_loss': (0.0188, 0.0099)}
{'epoch': 73, 'train_loss': 0.0341, 'train_acc': 0.99, 'task_loss': (0.0178, 0.0163)}
{'epoch': 74, 'train_loss': 0.0341, 'train_acc': 0.99, 'task_loss': (0.0128, 0.0214)}
{'epoch': 75, 'train_loss': 0.0318, 'train_acc': 0.995, 'task_loss': (0.0217, 0.0101)}
{'epoch': 76, 'train_loss': 0.0508, 'train_acc': 0.975, 'task_loss': (0.0295, 0.0213)}
{'epoch': 77, 'train_loss': 0.0282, 'train_acc': 0.99, 'task_loss': (0.0137, 0.0145)}
{'epoch': 78, 'train_loss': 0.0323, 'train_acc': 0.99, 'task_loss': (0.0139, 0.0184)}
{'epoch': 79, 'train_loss': 0.0392, 'train_acc': 0.985, 'task_loss': (0.006, 0.0332)}
{'epoch': 80, 'train_loss': 0.0299, 'train_acc': 0.995, 'task_loss': (0.0111, 0.0188)}
{'epoch': 81, 'train_loss': 0.0281, 'train_acc': 0.995, 'task_loss': (0.0109, 0.0172)}
{'epoch': 82, 'train_loss': 0.0351, 'train_acc': 0.985, 'task_loss': (0.0164, 0.0187)}
{'epoch': 83, 'train_loss': 0.0259, 'train_acc': 0.995, 'task_loss': (0.0054, 0.0206)}
{'epoch': 84, 'train_loss': 0.0264, 'train_acc': 0.99, 'task_loss': (0.0165, 0.01)}
{'epoch': 85, 'train_loss': 0.0245, 'train_acc': 0.995, 'task_loss': (0.0109, 0.0136)}
{'epoch': 86, 'train_loss': 0.02, 'train_acc': 0.99, 'task_loss': (0.006, 0.0139)}
{'epoch': 87, 'train_loss': 0.0206, 'train_acc': 0.995, 'task_loss': (0.0054, 0.0152)}
{'epoch': 88, 'train_loss': 0.0163, 'train_acc': 1.0, 'task_loss': (0.0114, 0.0049)}
{'epoch': 89, 'train_loss': 0.0293, 'train_acc': 0.99, 'task_loss': (0.0164, 0.0129)}
{'epoch': 90, 'train_loss': 0.0168, 'train_acc': 1.0, 'task_loss': (0.0101, 0.0068)}
{'epoch': 91, 'train_loss': 0.0261, 'train_acc': 0.99, 'task_loss': (0.0121, 0.014)}
{'epoch': 92, 'train_loss': 0.032, 'train_acc': 0.995, 'task_loss': (0.0158, 0.0162)}
{'epoch': 93, 'train_loss': 0.0161, 'train_acc': 1.0, 'task_loss': (0.0067, 0.0094)}
{'epoch': 94, 'train_loss': 0.0179, 'train_acc': 1.0, 'task_loss': (0.0057, 0.0122)}
{'epoch': 95, 'train_loss': 0.0233, 'train_acc': 1.0, 'task_loss': (0.0099, 0.0135)}
{'epoch': 96, 'train_loss': 0.0231, 'train_acc': 0.995, 'task_loss': (0.006, 0.0171)}
{'epoch': 97, 'train_loss': 0.0316, 'train_acc': 0.99, 'task_loss': (0.0149, 0.0168)}
{'epoch': 98, 'train_loss': 0.0419, 'train_acc': 0.985, 'task_loss': (0.021, 0.0208)}
{'epoch': 99, 'train_loss': 0.0356, 'train_acc': 0.985, 'task_loss': (0.0088, 0.0268)}
{'epoch': 100, 'train_loss': 0.0289, 'train_acc': 0.99, 'task_loss': (0.0172, 0.0117)}
{'run_num': 2, 'final_test_err': 0.17074999999999996}
Files already downloaded and verified
Files already downloaded and verified
{'epoch': 1, 'train_loss': 0.8202, 'train_acc': 0.595, 'task_loss': (0.4067, 0.4135)}
{'epoch': 2, 'train_loss': 0.6947, 'train_acc': 0.675, 'task_loss': (0.3622, 0.3325)}
{'epoch': 3, 'train_loss': 0.6606, 'train_acc': 0.73, 'task_loss': (0.3349, 0.3257)}
{'epoch': 4, 'train_loss': 0.7803, 'train_acc': 0.665, 'task_loss': (0.3965, 0.3838)}
{'epoch': 5, 'train_loss': 0.5254, 'train_acc': 0.755, 'task_loss': (0.2848, 0.2406)}
{'epoch': 6, 'train_loss': 0.4914, 'train_acc': 0.785, 'task_loss': (0.2631, 0.2283)}
{'epoch': 7, 'train_loss': 0.4425, 'train_acc': 0.815, 'task_loss': (0.186, 0.2566)}
{'epoch': 8, 'train_loss': 0.3759, 'train_acc': 0.82, 'task_loss': (0.2184, 0.1575)}
{'epoch': 9, 'train_loss': 0.4646, 'train_acc': 0.775, 'task_loss': (0.2416, 0.223)}
{'epoch': 10, 'train_loss': 0.4602, 'train_acc': 0.815, 'task_loss': (0.1989, 0.2614)}
{'epoch': 11, 'train_loss': 0.4781, 'train_acc': 0.82, 'task_loss': (0.2595, 0.2186)}
{'epoch': 12, 'train_loss': 0.4743, 'train_acc': 0.785, 'task_loss': (0.2415, 0.2328)}
{'epoch': 13, 'train_loss': 0.373, 'train_acc': 0.82, 'task_loss': (0.176, 0.197)}
{'epoch': 14, 'train_loss': 0.4252, 'train_acc': 0.815, 'task_loss': (0.1878, 0.2374)}
{'epoch': 15, 'train_loss': 0.4858, 'train_acc': 0.77, 'task_loss': (0.2587, 0.2271)}
{'epoch': 16, 'train_loss': 0.326, 'train_acc': 0.855, 'task_loss': (0.168, 0.158)}
{'epoch': 17, 'train_loss': 0.3916, 'train_acc': 0.85, 'task_loss': (0.1499, 0.2417)}
{'epoch': 18, 'train_loss': 0.2687, 'train_acc': 0.88, 'task_loss': (0.1158, 0.1529)}
{'epoch': 19, 'train_loss': 0.3799, 'train_acc': 0.835, 'task_loss': (0.1354, 0.2445)}
{'epoch': 20, 'train_loss': 0.2334, 'train_acc': 0.9, 'task_loss': (0.102, 0.1314)}
{'epoch': 21, 'train_loss': 0.1935, 'train_acc': 0.925, 'task_loss': (0.0876, 0.1059)}
{'epoch': 22, 'train_loss': 0.1944, 'train_acc': 0.93, 'task_loss': (0.13, 0.0644)}
{'epoch': 23, 'train_loss': 0.1798, 'train_acc': 0.925, 'task_loss': (0.1026, 0.0771)}
{'epoch': 24, 'train_loss': 0.2286, 'train_acc': 0.89, 'task_loss': (0.0829, 0.1457)}
{'epoch': 25, 'train_loss': 0.434, 'train_acc': 0.855, 'task_loss': (0.1814, 0.2527)}
{'epoch': 26, 'train_loss': 0.2872, 'train_acc': 0.895, 'task_loss': (0.128, 0.1592)}
{'epoch': 27, 'train_loss': 0.1951, 'train_acc': 0.93, 'task_loss': (0.0647, 0.1304)}
{'epoch': 28, 'train_loss': 0.1687, 'train_acc': 0.925, 'task_loss': (0.0911, 0.0776)}
{'epoch': 29, 'train_loss': 0.5011, 'train_acc': 0.83, 'task_loss': (0.2675, 0.2336)}
{'epoch': 30, 'train_loss': 0.2495, 'train_acc': 0.905, 'task_loss': (0.0898, 0.1597)}
{'epoch': 31, 'train_loss': 0.1084, 'train_acc': 0.95, 'task_loss': (0.0582, 0.0502)}
{'epoch': 32, 'train_loss': 0.1622, 'train_acc': 0.93, 'task_loss': (0.0619, 0.1003)}
{'epoch': 33, 'train_loss': 0.186, 'train_acc': 0.91, 'task_loss': (0.1052, 0.0809)}
{'epoch': 34, 'train_loss': 0.1486, 'train_acc': 0.96, 'task_loss': (0.056, 0.0927)}
{'epoch': 35, 'train_loss': 0.2282, 'train_acc': 0.93, 'task_loss': (0.1227, 0.1055)}
{'epoch': 36, 'train_loss': 0.1754, 'train_acc': 0.9, 'task_loss': (0.079, 0.0964)}
{'epoch': 37, 'train_loss': 0.1975, 'train_acc': 0.935, 'task_loss': (0.052, 0.1455)}
{'epoch': 38, 'train_loss': 0.187, 'train_acc': 0.915, 'task_loss': (0.0711, 0.1159)}
{'epoch': 39, 'train_loss': 0.1734, 'train_acc': 0.91, 'task_loss': (0.1056, 0.0678)}
{'epoch': 40, 'train_loss': 0.148, 'train_acc': 0.945, 'task_loss': (0.0764, 0.0716)}
{'epoch': 41, 'train_loss': 0.1844, 'train_acc': 0.955, 'task_loss': (0.1074, 0.077)}
{'epoch': 42, 'train_loss': 0.1424, 'train_acc': 0.93, 'task_loss': (0.0514, 0.0911)}
{'epoch': 43, 'train_loss': 0.2275, 'train_acc': 0.915, 'task_loss': (0.1141, 0.1134)}
{'epoch': 44, 'train_loss': 0.1866, 'train_acc': 0.93, 'task_loss': (0.1038, 0.0828)}
{'epoch': 45, 'train_loss': 0.1079, 'train_acc': 0.96, 'task_loss': (0.0425, 0.0654)}
{'epoch': 46, 'train_loss': 0.12, 'train_acc': 0.965, 'task_loss': (0.0663, 0.0537)}
{'epoch': 47, 'train_loss': 0.1316, 'train_acc': 0.94, 'task_loss': (0.0738, 0.0578)}
{'epoch': 48, 'train_loss': 0.1407, 'train_acc': 0.935, 'task_loss': (0.064, 0.0767)}
{'epoch': 49, 'train_loss': 0.1095, 'train_acc': 0.945, 'task_loss': (0.0437, 0.0658)}
{'epoch': 50, 'train_loss': 0.0606, 'train_acc': 0.98, 'task_loss': (0.0227, 0.0378)}
{'epoch': 51, 'train_loss': 0.0747, 'train_acc': 0.97, 'task_loss': (0.0526, 0.0221)}
{'epoch': 52, 'train_loss': 0.113, 'train_acc': 0.95, 'task_loss': (0.0477, 0.0653)}
{'epoch': 53, 'train_loss': 0.0529, 'train_acc': 0.99, 'task_loss': (0.0231, 0.0297)}
{'epoch': 54, 'train_loss': 0.0531, 'train_acc': 0.985, 'task_loss': (0.012, 0.0411)}
{'epoch': 55, 'train_loss': 0.061, 'train_acc': 0.98, 'task_loss': (0.0353, 0.0257)}
{'epoch': 56, 'train_loss': 0.0811, 'train_acc': 0.975, 'task_loss': (0.0438, 0.0373)}
{'epoch': 57, 'train_loss': 0.0802, 'train_acc': 0.98, 'task_loss': (0.0364, 0.0438)}
{'epoch': 58, 'train_loss': 0.0932, 'train_acc': 0.965, 'task_loss': (0.0629, 0.0303)}
{'epoch': 59, 'train_loss': 0.1442, 'train_acc': 0.945, 'task_loss': (0.056, 0.0882)}
{'epoch': 60, 'train_loss': 0.0534, 'train_acc': 0.98, 'task_loss': (0.0203, 0.0331)}
{'epoch': 61, 'train_loss': 0.0464, 'train_acc': 0.995, 'task_loss': (0.0166, 0.0298)}
{'epoch': 62, 'train_loss': 0.0407, 'train_acc': 0.99, 'task_loss': (0.0204, 0.0202)}
{'epoch': 63, 'train_loss': 0.0737, 'train_acc': 0.965, 'task_loss': (0.0524, 0.0213)}
{'epoch': 64, 'train_loss': 0.0287, 'train_acc': 0.995, 'task_loss': (0.0124, 0.0163)}
{'epoch': 65, 'train_loss': 0.0499, 'train_acc': 0.985, 'task_loss': (0.0305, 0.0194)}
{'epoch': 66, 'train_loss': 0.0636, 'train_acc': 0.98, 'task_loss': (0.0259, 0.0377)}
{'epoch': 67, 'train_loss': 0.0642, 'train_acc': 0.97, 'task_loss': (0.0249, 0.0393)}
{'epoch': 68, 'train_loss': 0.0579, 'train_acc': 0.975, 'task_loss': (0.0363, 0.0216)}
{'epoch': 69, 'train_loss': 0.0616, 'train_acc': 0.975, 'task_loss': (0.0394, 0.0221)}
{'epoch': 70, 'train_loss': 0.0557, 'train_acc': 0.985, 'task_loss': (0.0217, 0.034)}
{'epoch': 71, 'train_loss': 0.0407, 'train_acc': 0.985, 'task_loss': (0.0127, 0.0281)}
{'epoch': 72, 'train_loss': 0.0371, 'train_acc': 0.99, 'task_loss': (0.0144, 0.0227)}
{'epoch': 73, 'train_loss': 0.0227, 'train_acc': 1.0, 'task_loss': (0.0105, 0.0122)}
{'epoch': 74, 'train_loss': 0.0358, 'train_acc': 0.99, 'task_loss': (0.0156, 0.0202)}
{'epoch': 75, 'train_loss': 0.0333, 'train_acc': 0.99, 'task_loss': (0.0242, 0.0092)}
{'epoch': 76, 'train_loss': 0.0294, 'train_acc': 1.0, 'task_loss': (0.0161, 0.0133)}
{'epoch': 77, 'train_loss': 0.0285, 'train_acc': 0.995, 'task_loss': (0.0072, 0.0213)}
{'epoch': 78, 'train_loss': 0.0179, 'train_acc': 1.0, 'task_loss': (0.0055, 0.0123)}
{'epoch': 79, 'train_loss': 0.0353, 'train_acc': 0.99, 'task_loss': (0.016, 0.0193)}
{'epoch': 80, 'train_loss': 0.0272, 'train_acc': 1.0, 'task_loss': (0.0099, 0.0173)}
{'epoch': 81, 'train_loss': 0.0101, 'train_acc': 1.0, 'task_loss': (0.006, 0.0041)}
{'epoch': 82, 'train_loss': 0.0287, 'train_acc': 1.0, 'task_loss': (0.0181, 0.0105)}
{'epoch': 83, 'train_loss': 0.0278, 'train_acc': 0.99, 'task_loss': (0.0065, 0.0213)}
{'epoch': 84, 'train_loss': 0.017, 'train_acc': 0.99, 'task_loss': (0.0086, 0.0084)}
{'epoch': 85, 'train_loss': 0.0306, 'train_acc': 0.99, 'task_loss': (0.0147, 0.0159)}
{'epoch': 86, 'train_loss': 0.0268, 'train_acc': 1.0, 'task_loss': (0.0112, 0.0156)}
{'epoch': 87, 'train_loss': 0.0164, 'train_acc': 1.0, 'task_loss': (0.0083, 0.0081)}
{'epoch': 88, 'train_loss': 0.0236, 'train_acc': 0.995, 'task_loss': (0.0131, 0.0105)}
{'epoch': 89, 'train_loss': 0.0223, 'train_acc': 0.995, 'task_loss': (0.0157, 0.0066)}
{'epoch': 90, 'train_loss': 0.0163, 'train_acc': 1.0, 'task_loss': (0.0108, 0.0054)}
{'epoch': 91, 'train_loss': 0.0448, 'train_acc': 0.98, 'task_loss': (0.0093, 0.0355)}
{'epoch': 92, 'train_loss': 0.0205, 'train_acc': 0.995, 'task_loss': (0.0145, 0.006)}
{'epoch': 93, 'train_loss': 0.0193, 'train_acc': 1.0, 'task_loss': (0.0093, 0.01)}
{'epoch': 94, 'train_loss': 0.0233, 'train_acc': 1.0, 'task_loss': (0.0093, 0.014)}
{'epoch': 95, 'train_loss': 0.0238, 'train_acc': 0.99, 'task_loss': (0.0067, 0.0171)}
{'epoch': 96, 'train_loss': 0.0186, 'train_acc': 1.0, 'task_loss': (0.0073, 0.0113)}
{'epoch': 97, 'train_loss': 0.0339, 'train_acc': 0.995, 'task_loss': (0.0066, 0.0273)}
{'epoch': 98, 'train_loss': 0.035, 'train_acc': 0.985, 'task_loss': (0.0252, 0.0097)}
{'epoch': 99, 'train_loss': 0.0231, 'train_acc': 1.0, 'task_loss': (0.0116, 0.0115)}
{'epoch': 100, 'train_loss': 0.0244, 'train_acc': 0.995, 'task_loss': (0.0088, 0.0157)}
{'run_num': 3, 'final_test_err': 0.18174999999999997}
Files already downloaded and verified
Files already downloaded and verified
{'epoch': 1, 'train_loss': 0.6775, 'train_acc': 0.66, 'task_loss': (0.3611, 0.3164)}
{'epoch': 2, 'train_loss': 0.7122, 'train_acc': 0.7, 'task_loss': (0.3356, 0.3765)}
{'epoch': 3, 'train_loss': 0.7103, 'train_acc': 0.665, 'task_loss': (0.4027, 0.3076)}
{'epoch': 4, 'train_loss': 0.5994, 'train_acc': 0.705, 'task_loss': (0.3345, 0.2649)}
{'epoch': 5, 'train_loss': 0.5032, 'train_acc': 0.805, 'task_loss': (0.2732, 0.23)}
{'epoch': 6, 'train_loss': 0.4431, 'train_acc': 0.785, 'task_loss': (0.2109, 0.2322)}
{'epoch': 7, 'train_loss': 0.5857, 'train_acc': 0.765, 'task_loss': (0.3077, 0.278)}
{'epoch': 8, 'train_loss': 0.4524, 'train_acc': 0.81, 'task_loss': (0.2262, 0.2262)}
{'epoch': 9, 'train_loss': 0.3566, 'train_acc': 0.84, 'task_loss': (0.1725, 0.1841)}
{'epoch': 10, 'train_loss': 0.3638, 'train_acc': 0.84, 'task_loss': (0.1908, 0.173)}
{'epoch': 11, 'train_loss': 0.3316, 'train_acc': 0.87, 'task_loss': (0.1379, 0.1937)}
{'epoch': 12, 'train_loss': 0.447, 'train_acc': 0.84, 'task_loss': (0.2249, 0.2222)}
{'epoch': 13, 'train_loss': 0.3609, 'train_acc': 0.865, 'task_loss': (0.2289, 0.132)}
{'epoch': 14, 'train_loss': 0.4182, 'train_acc': 0.855, 'task_loss': (0.2129, 0.2053)}
{'epoch': 15, 'train_loss': 0.3922, 'train_acc': 0.84, 'task_loss': (0.1713, 0.2209)}
{'epoch': 16, 'train_loss': 0.4158, 'train_acc': 0.815, 'task_loss': (0.1993, 0.2165)}
{'epoch': 17, 'train_loss': 0.4205, 'train_acc': 0.815, 'task_loss': (0.2172, 0.2033)}
{'epoch': 18, 'train_loss': 0.2969, 'train_acc': 0.865, 'task_loss': (0.135, 0.1619)}
{'epoch': 19, 'train_loss': 0.4905, 'train_acc': 0.85, 'task_loss': (0.2085, 0.282)}
{'epoch': 20, 'train_loss': 0.2662, 'train_acc': 0.885, 'task_loss': (0.1271, 0.1391)}
{'epoch': 21, 'train_loss': 0.3782, 'train_acc': 0.85, 'task_loss': (0.1918, 0.1864)}
{'epoch': 22, 'train_loss': 0.3174, 'train_acc': 0.855, 'task_loss': (0.206, 0.1114)}
{'epoch': 23, 'train_loss': 0.2586, 'train_acc': 0.89, 'task_loss': (0.1341, 0.1244)}
{'epoch': 24, 'train_loss': 0.229, 'train_acc': 0.895, 'task_loss': (0.1103, 0.1187)}
{'epoch': 25, 'train_loss': 0.1996, 'train_acc': 0.905, 'task_loss': (0.0922, 0.1074)}
{'epoch': 26, 'train_loss': 0.2795, 'train_acc': 0.91, 'task_loss': (0.1646, 0.115)}
{'epoch': 27, 'train_loss': 0.1373, 'train_acc': 0.935, 'task_loss': (0.0543, 0.0831)}
{'epoch': 28, 'train_loss': 0.1851, 'train_acc': 0.915, 'task_loss': (0.0744, 0.1107)}
{'epoch': 29, 'train_loss': 0.2112, 'train_acc': 0.92, 'task_loss': (0.1074, 0.1038)}
{'epoch': 30, 'train_loss': 0.2685, 'train_acc': 0.9, 'task_loss': (0.1346, 0.1338)}
{'epoch': 31, 'train_loss': 0.2122, 'train_acc': 0.905, 'task_loss': (0.1244, 0.0878)}
{'epoch': 32, 'train_loss': 0.1499, 'train_acc': 0.935, 'task_loss': (0.059, 0.091)}
{'epoch': 33, 'train_loss': 0.1364, 'train_acc': 0.93, 'task_loss': (0.0428, 0.0936)}
{'epoch': 34, 'train_loss': 0.1236, 'train_acc': 0.95, 'task_loss': (0.0445, 0.0791)}
{'epoch': 35, 'train_loss': 0.1397, 'train_acc': 0.955, 'task_loss': (0.0593, 0.0804)}
{'epoch': 36, 'train_loss': 0.0743, 'train_acc': 0.98, 'task_loss': (0.0335, 0.0408)}
{'epoch': 37, 'train_loss': 0.1121, 'train_acc': 0.965, 'task_loss': (0.0626, 0.0495)}
{'epoch': 38, 'train_loss': 0.1299, 'train_acc': 0.95, 'task_loss': (0.0498, 0.0802)}
{'epoch': 39, 'train_loss': 0.1432, 'train_acc': 0.945, 'task_loss': (0.085, 0.0582)}
{'epoch': 40, 'train_loss': 0.1442, 'train_acc': 0.93, 'task_loss': (0.0688, 0.0754)}
{'epoch': 41, 'train_loss': 0.0659, 'train_acc': 0.985, 'task_loss': (0.0312, 0.0347)}
{'epoch': 42, 'train_loss': 0.1181, 'train_acc': 0.96, 'task_loss': (0.0457, 0.0725)}
{'epoch': 43, 'train_loss': 0.0862, 'train_acc': 0.975, 'task_loss': (0.046, 0.0402)}
{'epoch': 44, 'train_loss': 0.0712, 'train_acc': 0.975, 'task_loss': (0.029, 0.0421)}
{'epoch': 45, 'train_loss': 0.0778, 'train_acc': 0.975, 'task_loss': (0.0296, 0.0483)}
{'epoch': 46, 'train_loss': 0.0709, 'train_acc': 0.975, 'task_loss': (0.0328, 0.0381)}
{'epoch': 47, 'train_loss': 0.0854, 'train_acc': 0.965, 'task_loss': (0.0423, 0.0431)}
{'epoch': 48, 'train_loss': 0.0648, 'train_acc': 0.985, 'task_loss': (0.0435, 0.0213)}
{'epoch': 49, 'train_loss': 0.0896, 'train_acc': 0.97, 'task_loss': (0.0345, 0.0551)}
{'epoch': 50, 'train_loss': 0.0529, 'train_acc': 0.99, 'task_loss': (0.0367, 0.0162)}
{'epoch': 51, 'train_loss': 0.0361, 'train_acc': 0.99, 'task_loss': (0.012, 0.0242)}
{'epoch': 52, 'train_loss': 0.0577, 'train_acc': 0.975, 'task_loss': (0.0373, 0.0204)}
{'epoch': 53, 'train_loss': 0.1252, 'train_acc': 0.96, 'task_loss': (0.0492, 0.076)}
{'epoch': 54, 'train_loss': 0.048, 'train_acc': 0.985, 'task_loss': (0.031, 0.017)}
{'epoch': 55, 'train_loss': 0.0617, 'train_acc': 0.98, 'task_loss': (0.043, 0.0187)}
{'epoch': 56, 'train_loss': 0.0612, 'train_acc': 0.98, 'task_loss': (0.0261, 0.0351)}
{'epoch': 57, 'train_loss': 0.0577, 'train_acc': 0.975, 'task_loss': (0.0247, 0.033)}
{'epoch': 58, 'train_loss': 0.0989, 'train_acc': 0.955, 'task_loss': (0.0281, 0.0709)}
{'epoch': 59, 'train_loss': 0.05, 'train_acc': 0.985, 'task_loss': (0.0249, 0.0251)}
{'epoch': 60, 'train_loss': 0.0556, 'train_acc': 0.985, 'task_loss': (0.036, 0.0195)}
{'epoch': 61, 'train_loss': 0.0605, 'train_acc': 0.985, 'task_loss': (0.0161, 0.0444)}
{'epoch': 62, 'train_loss': 0.0815, 'train_acc': 0.97, 'task_loss': (0.0376, 0.0439)}
{'epoch': 63, 'train_loss': 0.0407, 'train_acc': 0.99, 'task_loss': (0.0256, 0.0151)}
{'epoch': 64, 'train_loss': 0.0995, 'train_acc': 0.975, 'task_loss': (0.0588, 0.0407)}
{'epoch': 65, 'train_loss': 0.0553, 'train_acc': 0.98, 'task_loss': (0.0227, 0.0325)}
{'epoch': 66, 'train_loss': 0.0312, 'train_acc': 0.99, 'task_loss': (0.0194, 0.0117)}
{'epoch': 67, 'train_loss': 0.0632, 'train_acc': 0.975, 'task_loss': (0.0229, 0.0404)}
{'epoch': 68, 'train_loss': 0.0259, 'train_acc': 1.0, 'task_loss': (0.0102, 0.0157)}
{'epoch': 69, 'train_loss': 0.0513, 'train_acc': 0.98, 'task_loss': (0.0187, 0.0326)}
{'epoch': 70, 'train_loss': 0.0329, 'train_acc': 0.995, 'task_loss': (0.0125, 0.0204)}
{'epoch': 71, 'train_loss': 0.0277, 'train_acc': 1.0, 'task_loss': (0.0133, 0.0145)}
{'epoch': 72, 'train_loss': 0.0518, 'train_acc': 0.985, 'task_loss': (0.0334, 0.0184)}
{'epoch': 73, 'train_loss': 0.0349, 'train_acc': 0.98, 'task_loss': (0.017, 0.0179)}
{'epoch': 74, 'train_loss': 0.0231, 'train_acc': 0.995, 'task_loss': (0.006, 0.0171)}
{'epoch': 75, 'train_loss': 0.0303, 'train_acc': 0.995, 'task_loss': (0.019, 0.0113)}
{'epoch': 76, 'train_loss': 0.0327, 'train_acc': 0.985, 'task_loss': (0.0083, 0.0244)}
{'epoch': 77, 'train_loss': 0.0315, 'train_acc': 0.99, 'task_loss': (0.019, 0.0125)}
{'epoch': 78, 'train_loss': 0.0298, 'train_acc': 0.995, 'task_loss': (0.0131, 0.0167)}
{'epoch': 79, 'train_loss': 0.059, 'train_acc': 0.98, 'task_loss': (0.0453, 0.0136)}
{'epoch': 80, 'train_loss': 0.0219, 'train_acc': 0.99, 'task_loss': (0.0104, 0.0115)}
{'epoch': 81, 'train_loss': 0.0325, 'train_acc': 0.99, 'task_loss': (0.02, 0.0125)}
{'epoch': 82, 'train_loss': 0.0195, 'train_acc': 1.0, 'task_loss': (0.0097, 0.0098)}
{'epoch': 83, 'train_loss': 0.0177, 'train_acc': 1.0, 'task_loss': (0.0057, 0.012)}
{'epoch': 84, 'train_loss': 0.0272, 'train_acc': 0.995, 'task_loss': (0.017, 0.0103)}
{'epoch': 85, 'train_loss': 0.0228, 'train_acc': 0.99, 'task_loss': (0.01, 0.0128)}
{'epoch': 86, 'train_loss': 0.0208, 'train_acc': 1.0, 'task_loss': (0.0071, 0.0137)}
{'epoch': 87, 'train_loss': 0.0373, 'train_acc': 0.985, 'task_loss': (0.0259, 0.0114)}
{'epoch': 88, 'train_loss': 0.0357, 'train_acc': 0.985, 'task_loss': (0.0105, 0.0252)}
{'epoch': 89, 'train_loss': 0.0296, 'train_acc': 0.985, 'task_loss': (0.0199, 0.0097)}
{'epoch': 90, 'train_loss': 0.0277, 'train_acc': 0.995, 'task_loss': (0.0057, 0.0221)}
{'epoch': 91, 'train_loss': 0.0291, 'train_acc': 0.995, 'task_loss': (0.0208, 0.0083)}
{'epoch': 92, 'train_loss': 0.0241, 'train_acc': 0.99, 'task_loss': (0.0097, 0.0144)}
{'epoch': 93, 'train_loss': 0.0307, 'train_acc': 0.975, 'task_loss': (0.0084, 0.0223)}
{'epoch': 94, 'train_loss': 0.0218, 'train_acc': 0.995, 'task_loss': (0.0134, 0.0083)}
{'epoch': 95, 'train_loss': 0.0193, 'train_acc': 0.995, 'task_loss': (0.0106, 0.0087)}
{'epoch': 96, 'train_loss': 0.0193, 'train_acc': 0.995, 'task_loss': (0.0118, 0.0076)}
{'epoch': 97, 'train_loss': 0.0209, 'train_acc': 0.995, 'task_loss': (0.0093, 0.0116)}
{'epoch': 98, 'train_loss': 0.0188, 'train_acc': 0.99, 'task_loss': (0.008, 0.0108)}
{'epoch': 99, 'train_loss': 0.0256, 'train_acc': 0.995, 'task_loss': (0.0095, 0.0161)}
{'epoch': 100, 'train_loss': 0.031, 'train_acc': 0.995, 'task_loss': (0.0145, 0.0165)}
{'run_num': 4, 'final_test_err': 0.16100000000000003}
Files already downloaded and verified
Files already downloaded and verified
{'epoch': 1, 'train_loss': 0.679, 'train_acc': 0.695, 'task_loss': (0.4097, 0.2693)}
{'epoch': 2, 'train_loss': 0.6893, 'train_acc': 0.71, 'task_loss': (0.2787, 0.4106)}
{'epoch': 3, 'train_loss': 0.5527, 'train_acc': 0.76, 'task_loss': (0.3037, 0.249)}
{'epoch': 4, 'train_loss': 0.6932, 'train_acc': 0.69, 'task_loss': (0.2937, 0.3994)}
{'epoch': 5, 'train_loss': 0.6745, 'train_acc': 0.735, 'task_loss': (0.3006, 0.3739)}
{'epoch': 6, 'train_loss': 0.5496, 'train_acc': 0.75, 'task_loss': (0.2601, 0.2896)}
{'epoch': 7, 'train_loss': 0.562, 'train_acc': 0.785, 'task_loss': (0.2516, 0.3104)}
{'epoch': 8, 'train_loss': 0.4096, 'train_acc': 0.845, 'task_loss': (0.2248, 0.1848)}
{'epoch': 9, 'train_loss': 0.5147, 'train_acc': 0.77, 'task_loss': (0.233, 0.2817)}
{'epoch': 10, 'train_loss': 0.4176, 'train_acc': 0.825, 'task_loss': (0.2013, 0.2163)}
{'epoch': 11, 'train_loss': 0.5055, 'train_acc': 0.815, 'task_loss': (0.2678, 0.2377)}
{'epoch': 12, 'train_loss': 0.4481, 'train_acc': 0.815, 'task_loss': (0.18, 0.2682)}
{'epoch': 13, 'train_loss': 0.3609, 'train_acc': 0.845, 'task_loss': (0.1618, 0.1991)}
{'epoch': 14, 'train_loss': 0.3864, 'train_acc': 0.85, 'task_loss': (0.1997, 0.1867)}
{'epoch': 15, 'train_loss': 0.3189, 'train_acc': 0.875, 'task_loss': (0.124, 0.1949)}
{'epoch': 16, 'train_loss': 0.3976, 'train_acc': 0.825, 'task_loss': (0.1695, 0.2281)}
{'epoch': 17, 'train_loss': 0.3306, 'train_acc': 0.875, 'task_loss': (0.1016, 0.229)}
{'epoch': 18, 'train_loss': 0.2986, 'train_acc': 0.88, 'task_loss': (0.166, 0.1326)}
{'epoch': 19, 'train_loss': 0.2788, 'train_acc': 0.9, 'task_loss': (0.1417, 0.1371)}
{'epoch': 20, 'train_loss': 0.3554, 'train_acc': 0.86, 'task_loss': (0.1791, 0.1763)}
{'epoch': 21, 'train_loss': 0.2457, 'train_acc': 0.92, 'task_loss': (0.1294, 0.1163)}
{'epoch': 22, 'train_loss': 0.2198, 'train_acc': 0.91, 'task_loss': (0.1173, 0.1025)}
{'epoch': 23, 'train_loss': 0.2132, 'train_acc': 0.905, 'task_loss': (0.0956, 0.1176)}
{'epoch': 24, 'train_loss': 0.2251, 'train_acc': 0.895, 'task_loss': (0.1338, 0.0914)}
{'epoch': 25, 'train_loss': 0.2326, 'train_acc': 0.89, 'task_loss': (0.0863, 0.1463)}
{'epoch': 26, 'train_loss': 0.1886, 'train_acc': 0.925, 'task_loss': (0.0913, 0.0973)}
{'epoch': 27, 'train_loss': 0.2418, 'train_acc': 0.91, 'task_loss': (0.1121, 0.1296)}
{'epoch': 28, 'train_loss': 0.2009, 'train_acc': 0.91, 'task_loss': (0.1386, 0.0623)}
{'epoch': 29, 'train_loss': 0.2268, 'train_acc': 0.93, 'task_loss': (0.1552, 0.0717)}
{'epoch': 30, 'train_loss': 0.1332, 'train_acc': 0.935, 'task_loss': (0.0715, 0.0617)}
{'epoch': 31, 'train_loss': 0.1676, 'train_acc': 0.94, 'task_loss': (0.0752, 0.0924)}
{'epoch': 32, 'train_loss': 0.1894, 'train_acc': 0.935, 'task_loss': (0.0845, 0.1049)}
{'epoch': 33, 'train_loss': 0.1552, 'train_acc': 0.94, 'task_loss': (0.0841, 0.0711)}
{'epoch': 34, 'train_loss': 0.2127, 'train_acc': 0.91, 'task_loss': (0.0839, 0.1288)}
{'epoch': 35, 'train_loss': 0.1452, 'train_acc': 0.945, 'task_loss': (0.082, 0.0632)}
{'epoch': 36, 'train_loss': 0.1489, 'train_acc': 0.935, 'task_loss': (0.0843, 0.0646)}
{'epoch': 37, 'train_loss': 0.1352, 'train_acc': 0.965, 'task_loss': (0.0825, 0.0527)}
{'epoch': 38, 'train_loss': 0.0751, 'train_acc': 0.97, 'task_loss': (0.0322, 0.0429)}
{'epoch': 39, 'train_loss': 0.1495, 'train_acc': 0.935, 'task_loss': (0.0861, 0.0634)}
{'epoch': 40, 'train_loss': 0.1618, 'train_acc': 0.96, 'task_loss': (0.081, 0.0808)}
{'epoch': 41, 'train_loss': 0.1128, 'train_acc': 0.96, 'task_loss': (0.061, 0.0518)}
{'epoch': 42, 'train_loss': 0.1171, 'train_acc': 0.96, 'task_loss': (0.0571, 0.06)}
{'epoch': 43, 'train_loss': 0.2437, 'train_acc': 0.895, 'task_loss': (0.1033, 0.1405)}
{'epoch': 44, 'train_loss': 0.2508, 'train_acc': 0.91, 'task_loss': (0.1356, 0.1152)}
{'epoch': 45, 'train_loss': 0.103, 'train_acc': 0.97, 'task_loss': (0.0355, 0.0675)}
{'epoch': 46, 'train_loss': 0.1389, 'train_acc': 0.96, 'task_loss': (0.0846, 0.0543)}
{'epoch': 47, 'train_loss': 0.1232, 'train_acc': 0.96, 'task_loss': (0.0627, 0.0605)}
{'epoch': 48, 'train_loss': 0.0829, 'train_acc': 0.975, 'task_loss': (0.0418, 0.0411)}
{'epoch': 49, 'train_loss': 0.0757, 'train_acc': 0.985, 'task_loss': (0.0293, 0.0464)}
{'epoch': 50, 'train_loss': 0.0861, 'train_acc': 0.97, 'task_loss': (0.0478, 0.0383)}
{'epoch': 51, 'train_loss': 0.0902, 'train_acc': 0.955, 'task_loss': (0.0435, 0.0467)}
{'epoch': 52, 'train_loss': 0.1171, 'train_acc': 0.965, 'task_loss': (0.073, 0.0441)}
{'epoch': 53, 'train_loss': 0.1189, 'train_acc': 0.955, 'task_loss': (0.0717, 0.0472)}
{'epoch': 54, 'train_loss': 0.0689, 'train_acc': 0.97, 'task_loss': (0.0431, 0.0257)}
{'epoch': 55, 'train_loss': 0.1047, 'train_acc': 0.955, 'task_loss': (0.0644, 0.0403)}
{'epoch': 56, 'train_loss': 0.0732, 'train_acc': 0.975, 'task_loss': (0.0171, 0.0561)}
{'epoch': 57, 'train_loss': 0.0936, 'train_acc': 0.96, 'task_loss': (0.0469, 0.0467)}
{'epoch': 58, 'train_loss': 0.111, 'train_acc': 0.945, 'task_loss': (0.0422, 0.0688)}
{'epoch': 59, 'train_loss': 0.06, 'train_acc': 0.975, 'task_loss': (0.0174, 0.0427)}
{'epoch': 60, 'train_loss': 0.0544, 'train_acc': 0.975, 'task_loss': (0.0151, 0.0394)}
{'epoch': 61, 'train_loss': 0.0672, 'train_acc': 0.965, 'task_loss': (0.0243, 0.0429)}
{'epoch': 62, 'train_loss': 0.0538, 'train_acc': 0.99, 'task_loss': (0.0181, 0.0357)}
{'epoch': 63, 'train_loss': 0.0412, 'train_acc': 0.98, 'task_loss': (0.0148, 0.0264)}
{'epoch': 64, 'train_loss': 0.0377, 'train_acc': 0.98, 'task_loss': (0.0249, 0.0129)}
{'epoch': 65, 'train_loss': 0.0321, 'train_acc': 0.99, 'task_loss': (0.0113, 0.0208)}
{'epoch': 66, 'train_loss': 0.0532, 'train_acc': 0.99, 'task_loss': (0.022, 0.0312)}
{'epoch': 67, 'train_loss': 0.0322, 'train_acc': 0.995, 'task_loss': (0.0144, 0.0178)}
{'epoch': 68, 'train_loss': 0.0352, 'train_acc': 0.99, 'task_loss': (0.0118, 0.0234)}
{'epoch': 69, 'train_loss': 0.0328, 'train_acc': 0.99, 'task_loss': (0.0223, 0.0105)}
{'epoch': 70, 'train_loss': 0.0426, 'train_acc': 0.985, 'task_loss': (0.0203, 0.0223)}
{'epoch': 71, 'train_loss': 0.0396, 'train_acc': 0.985, 'task_loss': (0.0161, 0.0235)}
{'epoch': 72, 'train_loss': 0.0589, 'train_acc': 0.97, 'task_loss': (0.0213, 0.0376)}
{'epoch': 73, 'train_loss': 0.0225, 'train_acc': 0.995, 'task_loss': (0.0078, 0.0148)}
{'epoch': 74, 'train_loss': 0.0246, 'train_acc': 0.995, 'task_loss': (0.0185, 0.0061)}
{'epoch': 75, 'train_loss': 0.0293, 'train_acc': 0.99, 'task_loss': (0.0168, 0.0124)}
{'epoch': 76, 'train_loss': 0.0642, 'train_acc': 0.975, 'task_loss': (0.0324, 0.0318)}
{'epoch': 77, 'train_loss': 0.0652, 'train_acc': 0.975, 'task_loss': (0.0329, 0.0323)}
{'epoch': 78, 'train_loss': 0.0242, 'train_acc': 1.0, 'task_loss': (0.0104, 0.0138)}
{'epoch': 79, 'train_loss': 0.0449, 'train_acc': 0.985, 'task_loss': (0.0203, 0.0245)}
{'epoch': 80, 'train_loss': 0.0193, 'train_acc': 1.0, 'task_loss': (0.0109, 0.0085)}
{'epoch': 81, 'train_loss': 0.0364, 'train_acc': 0.985, 'task_loss': (0.0239, 0.0126)}
{'epoch': 82, 'train_loss': 0.0214, 'train_acc': 1.0, 'task_loss': (0.0087, 0.0127)}
{'epoch': 83, 'train_loss': 0.0345, 'train_acc': 0.99, 'task_loss': (0.0165, 0.018)}
{'epoch': 84, 'train_loss': 0.0232, 'train_acc': 1.0, 'task_loss': (0.0149, 0.0083)}
{'epoch': 85, 'train_loss': 0.0222, 'train_acc': 0.995, 'task_loss': (0.0162, 0.006)}
{'epoch': 86, 'train_loss': 0.0281, 'train_acc': 0.995, 'task_loss': (0.019, 0.009)}
{'epoch': 87, 'train_loss': 0.0263, 'train_acc': 0.99, 'task_loss': (0.0105, 0.0158)}
{'epoch': 88, 'train_loss': 0.0209, 'train_acc': 0.995, 'task_loss': (0.0084, 0.0124)}
{'epoch': 89, 'train_loss': 0.02, 'train_acc': 1.0, 'task_loss': (0.0089, 0.0111)}
{'epoch': 90, 'train_loss': 0.0206, 'train_acc': 1.0, 'task_loss': (0.0104, 0.0102)}
{'epoch': 91, 'train_loss': 0.0312, 'train_acc': 0.995, 'task_loss': (0.0219, 0.0093)}
{'epoch': 92, 'train_loss': 0.0248, 'train_acc': 0.99, 'task_loss': (0.0119, 0.013)}
{'epoch': 93, 'train_loss': 0.0176, 'train_acc': 0.995, 'task_loss': (0.0091, 0.0085)}
{'epoch': 94, 'train_loss': 0.0183, 'train_acc': 1.0, 'task_loss': (0.0107, 0.0077)}
{'epoch': 95, 'train_loss': 0.0419, 'train_acc': 0.985, 'task_loss': (0.0059, 0.036)}
{'epoch': 96, 'train_loss': 0.0273, 'train_acc': 0.995, 'task_loss': (0.0137, 0.0136)}
{'epoch': 97, 'train_loss': 0.0167, 'train_acc': 1.0, 'task_loss': (0.0112, 0.0055)}
{'epoch': 98, 'train_loss': 0.0325, 'train_acc': 0.99, 'task_loss': (0.0081, 0.0245)}
{'epoch': 99, 'train_loss': 0.0184, 'train_acc': 1.0, 'task_loss': (0.012, 0.0063)}
{'epoch': 100, 'train_loss': 0.0342, 'train_acc': 0.99, 'task_loss': (0.0219, 0.0124)}
{'run_num': 5, 'final_test_err': 0.17025}
Files already downloaded and verified
Files already downloaded and verified
{'epoch': 1, 'train_loss': 0.6874, 'train_acc': 0.64, 'task_loss': (0.3458, 0.3417)}
{'epoch': 2, 'train_loss': 0.6437, 'train_acc': 0.705, 'task_loss': (0.3056, 0.3381)}
{'epoch': 3, 'train_loss': 0.5639, 'train_acc': 0.75, 'task_loss': (0.3433, 0.2206)}
{'epoch': 4, 'train_loss': 0.4823, 'train_acc': 0.78, 'task_loss': (0.2638, 0.2185)}
{'epoch': 5, 'train_loss': 0.5828, 'train_acc': 0.745, 'task_loss': (0.2299, 0.353)}
{'epoch': 6, 'train_loss': 0.4676, 'train_acc': 0.815, 'task_loss': (0.2314, 0.2362)}
{'epoch': 7, 'train_loss': 0.4899, 'train_acc': 0.77, 'task_loss': (0.2443, 0.2456)}
{'epoch': 8, 'train_loss': 0.4077, 'train_acc': 0.83, 'task_loss': (0.2023, 0.2054)}
{'epoch': 9, 'train_loss': 0.3542, 'train_acc': 0.875, 'task_loss': (0.1642, 0.19)}
{'epoch': 10, 'train_loss': 0.387, 'train_acc': 0.815, 'task_loss': (0.1762, 0.2107)}
{'epoch': 11, 'train_loss': 0.3436, 'train_acc': 0.865, 'task_loss': (0.1741, 0.1695)}
{'epoch': 12, 'train_loss': 0.3724, 'train_acc': 0.83, 'task_loss': (0.1795, 0.1929)}
{'epoch': 13, 'train_loss': 0.4408, 'train_acc': 0.825, 'task_loss': (0.2256, 0.2151)}
{'epoch': 14, 'train_loss': 0.3297, 'train_acc': 0.855, 'task_loss': (0.1546, 0.1751)}
{'epoch': 15, 'train_loss': 0.2992, 'train_acc': 0.895, 'task_loss': (0.132, 0.1672)}
{'epoch': 16, 'train_loss': 0.2927, 'train_acc': 0.89, 'task_loss': (0.1299, 0.1628)}
{'epoch': 17, 'train_loss': 0.3102, 'train_acc': 0.86, 'task_loss': (0.1526, 0.1576)}
{'epoch': 18, 'train_loss': 0.3602, 'train_acc': 0.87, 'task_loss': (0.1319, 0.2282)}
{'epoch': 19, 'train_loss': 0.353, 'train_acc': 0.855, 'task_loss': (0.1738, 0.1792)}
{'epoch': 20, 'train_loss': 0.2978, 'train_acc': 0.88, 'task_loss': (0.1418, 0.1561)}
{'epoch': 21, 'train_loss': 0.2715, 'train_acc': 0.88, 'task_loss': (0.1224, 0.1491)}
{'epoch': 22, 'train_loss': 0.238, 'train_acc': 0.885, 'task_loss': (0.1072, 0.1308)}
{'epoch': 23, 'train_loss': 0.185, 'train_acc': 0.92, 'task_loss': (0.0714, 0.1137)}
{'epoch': 24, 'train_loss': 0.2484, 'train_acc': 0.89, 'task_loss': (0.1401, 0.1083)}
{'epoch': 25, 'train_loss': 0.2075, 'train_acc': 0.925, 'task_loss': (0.0867, 0.1208)}
{'epoch': 26, 'train_loss': 0.2496, 'train_acc': 0.915, 'task_loss': (0.1084, 0.1411)}
{'epoch': 27, 'train_loss': 0.1946, 'train_acc': 0.93, 'task_loss': (0.1077, 0.0869)}
{'epoch': 28, 'train_loss': 0.1765, 'train_acc': 0.945, 'task_loss': (0.1112, 0.0652)}
{'epoch': 29, 'train_loss': 0.1579, 'train_acc': 0.93, 'task_loss': (0.0813, 0.0767)}
{'epoch': 30, 'train_loss': 0.1557, 'train_acc': 0.94, 'task_loss': (0.081, 0.0747)}
{'epoch': 31, 'train_loss': 0.1657, 'train_acc': 0.92, 'task_loss': (0.072, 0.0937)}
{'epoch': 32, 'train_loss': 0.1966, 'train_acc': 0.93, 'task_loss': (0.0983, 0.0983)}
{'epoch': 33, 'train_loss': 0.1538, 'train_acc': 0.955, 'task_loss': (0.099, 0.0548)}
{'epoch': 34, 'train_loss': 0.1217, 'train_acc': 0.955, 'task_loss': (0.0706, 0.0511)}
{'epoch': 35, 'train_loss': 0.138, 'train_acc': 0.955, 'task_loss': (0.0541, 0.0839)}
{'epoch': 36, 'train_loss': 0.1216, 'train_acc': 0.94, 'task_loss': (0.063, 0.0586)}
{'epoch': 37, 'train_loss': 0.1302, 'train_acc': 0.96, 'task_loss': (0.0504, 0.0798)}
{'epoch': 38, 'train_loss': 0.1859, 'train_acc': 0.93, 'task_loss': (0.103, 0.0829)}
{'epoch': 39, 'train_loss': 0.1254, 'train_acc': 0.95, 'task_loss': (0.0777, 0.0477)}
{'epoch': 40, 'train_loss': 0.1529, 'train_acc': 0.94, 'task_loss': (0.0824, 0.0705)}
{'epoch': 41, 'train_loss': 0.149, 'train_acc': 0.95, 'task_loss': (0.0786, 0.0705)}
{'epoch': 42, 'train_loss': 0.0991, 'train_acc': 0.955, 'task_loss': (0.0556, 0.0435)}
{'epoch': 43, 'train_loss': 0.0586, 'train_acc': 0.975, 'task_loss': (0.0389, 0.0196)}
{'epoch': 44, 'train_loss': 0.0493, 'train_acc': 0.975, 'task_loss': (0.0207, 0.0286)}
{'epoch': 45, 'train_loss': 0.0979, 'train_acc': 0.975, 'task_loss': (0.0485, 0.0495)}
{'epoch': 46, 'train_loss': 0.2142, 'train_acc': 0.93, 'task_loss': (0.1266, 0.0876)}
{'epoch': 47, 'train_loss': 0.1099, 'train_acc': 0.965, 'task_loss': (0.0385, 0.0715)}
{'epoch': 48, 'train_loss': 0.0862, 'train_acc': 0.98, 'task_loss': (0.0408, 0.0453)}
{'epoch': 49, 'train_loss': 0.0654, 'train_acc': 0.975, 'task_loss': (0.0412, 0.0241)}
{'epoch': 50, 'train_loss': 0.0821, 'train_acc': 0.985, 'task_loss': (0.0204, 0.0617)}
{'epoch': 51, 'train_loss': 0.0777, 'train_acc': 0.975, 'task_loss': (0.0351, 0.0426)}
{'epoch': 52, 'train_loss': 0.0646, 'train_acc': 0.985, 'task_loss': (0.0286, 0.036)}
{'epoch': 53, 'train_loss': 0.075, 'train_acc': 0.98, 'task_loss': (0.0281, 0.0469)}
{'epoch': 54, 'train_loss': 0.0356, 'train_acc': 0.985, 'task_loss': (0.007, 0.0286)}
{'epoch': 55, 'train_loss': 0.0411, 'train_acc': 0.985, 'task_loss': (0.0239, 0.0172)}
{'epoch': 56, 'train_loss': 0.0505, 'train_acc': 0.98, 'task_loss': (0.026, 0.0245)}
{'epoch': 57, 'train_loss': 0.0295, 'train_acc': 0.995, 'task_loss': (0.0074, 0.0221)}
{'epoch': 58, 'train_loss': 0.0348, 'train_acc': 0.985, 'task_loss': (0.0198, 0.015)}
{'epoch': 59, 'train_loss': 0.063, 'train_acc': 0.975, 'task_loss': (0.0127, 0.0503)}
{'epoch': 60, 'train_loss': 0.0426, 'train_acc': 0.99, 'task_loss': (0.0336, 0.0091)}
{'epoch': 61, 'train_loss': 0.0844, 'train_acc': 0.97, 'task_loss': (0.0391, 0.0453)}
{'epoch': 62, 'train_loss': 0.0698, 'train_acc': 0.965, 'task_loss': (0.0241, 0.0457)}
{'epoch': 63, 'train_loss': 0.0455, 'train_acc': 0.995, 'task_loss': (0.017, 0.0285)}
{'epoch': 64, 'train_loss': 0.0286, 'train_acc': 0.995, 'task_loss': (0.0134, 0.0152)}
{'epoch': 65, 'train_loss': 0.0624, 'train_acc': 0.98, 'task_loss': (0.0171, 0.0453)}
{'epoch': 66, 'train_loss': 0.0256, 'train_acc': 1.0, 'task_loss': (0.0168, 0.0088)}
{'epoch': 67, 'train_loss': 0.0362, 'train_acc': 0.99, 'task_loss': (0.0142, 0.022)}
{'epoch': 68, 'train_loss': 0.0192, 'train_acc': 1.0, 'task_loss': (0.0093, 0.0099)}
{'epoch': 69, 'train_loss': 0.0453, 'train_acc': 0.985, 'task_loss': (0.0322, 0.013)}
{'epoch': 70, 'train_loss': 0.0441, 'train_acc': 0.985, 'task_loss': (0.0297, 0.0144)}
{'epoch': 71, 'train_loss': 0.0332, 'train_acc': 0.99, 'task_loss': (0.0217, 0.0114)}
{'epoch': 72, 'train_loss': 0.0527, 'train_acc': 0.975, 'task_loss': (0.0171, 0.0356)}
{'epoch': 73, 'train_loss': 0.0186, 'train_acc': 1.0, 'task_loss': (0.0093, 0.0093)}
{'epoch': 74, 'train_loss': 0.0437, 'train_acc': 0.985, 'task_loss': (0.0146, 0.0291)}
{'epoch': 75, 'train_loss': 0.0508, 'train_acc': 0.98, 'task_loss': (0.0128, 0.038)}
{'epoch': 76, 'train_loss': 0.0437, 'train_acc': 0.975, 'task_loss': (0.0266, 0.0171)}
{'epoch': 77, 'train_loss': 0.0173, 'train_acc': 1.0, 'task_loss': (0.009, 0.0083)}
{'epoch': 78, 'train_loss': 0.0302, 'train_acc': 0.995, 'task_loss': (0.0174, 0.0127)}
{'epoch': 79, 'train_loss': 0.0262, 'train_acc': 0.985, 'task_loss': (0.015, 0.0111)}
{'epoch': 80, 'train_loss': 0.0253, 'train_acc': 0.99, 'task_loss': (0.0162, 0.0092)}
{'epoch': 81, 'train_loss': 0.0182, 'train_acc': 1.0, 'task_loss': (0.0094, 0.0088)}
{'epoch': 82, 'train_loss': 0.0239, 'train_acc': 0.995, 'task_loss': (0.0107, 0.0131)}
{'epoch': 83, 'train_loss': 0.0303, 'train_acc': 0.995, 'task_loss': (0.0057, 0.0245)}
{'epoch': 84, 'train_loss': 0.0261, 'train_acc': 1.0, 'task_loss': (0.01, 0.0162)}
{'epoch': 85, 'train_loss': 0.0195, 'train_acc': 1.0, 'task_loss': (0.0056, 0.0138)}
{'epoch': 86, 'train_loss': 0.0129, 'train_acc': 1.0, 'task_loss': (0.0087, 0.0042)}
{'epoch': 87, 'train_loss': 0.0303, 'train_acc': 0.99, 'task_loss': (0.0074, 0.0229)}
{'epoch': 88, 'train_loss': 0.0173, 'train_acc': 1.0, 'task_loss': (0.0083, 0.009)}
{'epoch': 89, 'train_loss': 0.0291, 'train_acc': 0.995, 'task_loss': (0.0182, 0.0109)}
{'epoch': 90, 'train_loss': 0.0341, 'train_acc': 0.99, 'task_loss': (0.0162, 0.0179)}
{'epoch': 91, 'train_loss': 0.055, 'train_acc': 0.98, 'task_loss': (0.0291, 0.0259)}
{'epoch': 92, 'train_loss': 0.0379, 'train_acc': 0.985, 'task_loss': (0.0136, 0.0243)}
{'epoch': 93, 'train_loss': 0.0347, 'train_acc': 0.985, 'task_loss': (0.0162, 0.0185)}
{'epoch': 94, 'train_loss': 0.0073, 'train_acc': 1.0, 'task_loss': (0.0041, 0.0031)}
{'epoch': 95, 'train_loss': 0.0115, 'train_acc': 1.0, 'task_loss': (0.0079, 0.0036)}
{'epoch': 96, 'train_loss': 0.0192, 'train_acc': 1.0, 'task_loss': (0.0069, 0.0123)}
{'epoch': 97, 'train_loss': 0.037, 'train_acc': 0.985, 'task_loss': (0.015, 0.022)}
{'epoch': 98, 'train_loss': 0.0305, 'train_acc': 0.99, 'task_loss': (0.0101, 0.0204)}
{'epoch': 99, 'train_loss': 0.0159, 'train_acc': 1.0, 'task_loss': (0.0067, 0.0092)}
{'epoch': 100, 'train_loss': 0.0222, 'train_acc': 0.995, 'task_loss': (0.005, 0.0172)}
{'run_num': 6, 'final_test_err': 0.16700000000000004}
Files already downloaded and verified
Files already downloaded and verified
{'epoch': 1, 'train_loss': 0.8342, 'train_acc': 0.61, 'task_loss': (0.373, 0.4611)}
{'epoch': 2, 'train_loss': 0.639, 'train_acc': 0.695, 'task_loss': (0.3403, 0.2987)}
{'epoch': 3, 'train_loss': 0.6487, 'train_acc': 0.71, 'task_loss': (0.2769, 0.3719)}
{'epoch': 4, 'train_loss': 0.6263, 'train_acc': 0.72, 'task_loss': (0.3107, 0.3156)}
{'epoch': 5, 'train_loss': 0.6024, 'train_acc': 0.725, 'task_loss': (0.3253, 0.2771)}
{'epoch': 6, 'train_loss': 0.5402, 'train_acc': 0.775, 'task_loss': (0.2585, 0.2817)}
{'epoch': 7, 'train_loss': 0.3937, 'train_acc': 0.835, 'task_loss': (0.1942, 0.1994)}
{'epoch': 8, 'train_loss': 0.5866, 'train_acc': 0.765, 'task_loss': (0.2615, 0.3251)}
{'epoch': 9, 'train_loss': 0.4493, 'train_acc': 0.76, 'task_loss': (0.1991, 0.2501)}
{'epoch': 10, 'train_loss': 0.3258, 'train_acc': 0.84, 'task_loss': (0.1526, 0.1733)}
{'epoch': 11, 'train_loss': 0.4893, 'train_acc': 0.785, 'task_loss': (0.2232, 0.2662)}
{'epoch': 12, 'train_loss': 0.42, 'train_acc': 0.805, 'task_loss': (0.1976, 0.2224)}
{'epoch': 13, 'train_loss': 0.3842, 'train_acc': 0.835, 'task_loss': (0.1891, 0.195)}
{'epoch': 14, 'train_loss': 0.4036, 'train_acc': 0.815, 'task_loss': (0.1656, 0.238)}
{'epoch': 15, 'train_loss': 0.3713, 'train_acc': 0.885, 'task_loss': (0.1898, 0.1816)}
{'epoch': 16, 'train_loss': 0.4121, 'train_acc': 0.85, 'task_loss': (0.2238, 0.1884)}
{'epoch': 17, 'train_loss': 0.2747, 'train_acc': 0.86, 'task_loss': (0.1293, 0.1454)}
{'epoch': 18, 'train_loss': 0.2519, 'train_acc': 0.905, 'task_loss': (0.1234, 0.1286)}
{'epoch': 19, 'train_loss': 0.2515, 'train_acc': 0.915, 'task_loss': (0.1167, 0.1348)}
{'epoch': 20, 'train_loss': 0.3078, 'train_acc': 0.875, 'task_loss': (0.1177, 0.1901)}
{'epoch': 21, 'train_loss': 0.2512, 'train_acc': 0.895, 'task_loss': (0.0989, 0.1523)}
{'epoch': 22, 'train_loss': 0.3153, 'train_acc': 0.89, 'task_loss': (0.145, 0.1702)}
{'epoch': 23, 'train_loss': 0.2433, 'train_acc': 0.91, 'task_loss': (0.1127, 0.1306)}
{'epoch': 24, 'train_loss': 0.3088, 'train_acc': 0.87, 'task_loss': (0.166, 0.1429)}
{'epoch': 25, 'train_loss': 0.2545, 'train_acc': 0.855, 'task_loss': (0.1171, 0.1374)}
{'epoch': 26, 'train_loss': 0.2476, 'train_acc': 0.895, 'task_loss': (0.1191, 0.1285)}
{'epoch': 27, 'train_loss': 0.2967, 'train_acc': 0.89, 'task_loss': (0.1381, 0.1586)}
{'epoch': 28, 'train_loss': 0.2287, 'train_acc': 0.9, 'task_loss': (0.1267, 0.102)}
{'epoch': 29, 'train_loss': 0.2264, 'train_acc': 0.925, 'task_loss': (0.1317, 0.0947)}
{'epoch': 30, 'train_loss': 0.3101, 'train_acc': 0.885, 'task_loss': (0.1209, 0.1892)}
{'epoch': 31, 'train_loss': 0.2232, 'train_acc': 0.915, 'task_loss': (0.1099, 0.1133)}
{'epoch': 32, 'train_loss': 0.1544, 'train_acc': 0.95, 'task_loss': (0.0558, 0.0986)}
{'epoch': 33, 'train_loss': 0.1354, 'train_acc': 0.95, 'task_loss': (0.0601, 0.0753)}
{'epoch': 34, 'train_loss': 0.1947, 'train_acc': 0.92, 'task_loss': (0.0938, 0.1009)}
{'epoch': 35, 'train_loss': 0.2236, 'train_acc': 0.92, 'task_loss': (0.1158, 0.1078)}
{'epoch': 36, 'train_loss': 0.2143, 'train_acc': 0.915, 'task_loss': (0.123, 0.0913)}
{'epoch': 37, 'train_loss': 0.1163, 'train_acc': 0.95, 'task_loss': (0.0462, 0.0701)}
{'epoch': 38, 'train_loss': 0.1915, 'train_acc': 0.93, 'task_loss': (0.1292, 0.0624)}
{'epoch': 39, 'train_loss': 0.1471, 'train_acc': 0.945, 'task_loss': (0.0909, 0.0563)}
{'epoch': 40, 'train_loss': 0.1788, 'train_acc': 0.95, 'task_loss': (0.075, 0.1038)}
{'epoch': 41, 'train_loss': 0.0881, 'train_acc': 0.97, 'task_loss': (0.0456, 0.0426)}
{'epoch': 42, 'train_loss': 0.0501, 'train_acc': 0.99, 'task_loss': (0.0207, 0.0294)}
{'epoch': 43, 'train_loss': 0.1098, 'train_acc': 0.955, 'task_loss': (0.0519, 0.0579)}
{'epoch': 44, 'train_loss': 0.1434, 'train_acc': 0.955, 'task_loss': (0.0651, 0.0784)}
{'epoch': 45, 'train_loss': 0.1362, 'train_acc': 0.955, 'task_loss': (0.0947, 0.0416)}
{'epoch': 46, 'train_loss': 0.1442, 'train_acc': 0.955, 'task_loss': (0.0467, 0.0975)}
{'epoch': 47, 'train_loss': 0.1366, 'train_acc': 0.94, 'task_loss': (0.0864, 0.0502)}
{'epoch': 48, 'train_loss': 0.0524, 'train_acc': 0.99, 'task_loss': (0.0242, 0.0282)}
{'epoch': 49, 'train_loss': 0.0728, 'train_acc': 0.975, 'task_loss': (0.0301, 0.0427)}
{'epoch': 50, 'train_loss': 0.0584, 'train_acc': 0.99, 'task_loss': (0.0341, 0.0243)}
{'epoch': 51, 'train_loss': 0.0424, 'train_acc': 0.99, 'task_loss': (0.0161, 0.0263)}
{'epoch': 52, 'train_loss': 0.0518, 'train_acc': 0.99, 'task_loss': (0.0187, 0.0332)}
{'epoch': 53, 'train_loss': 0.0326, 'train_acc': 0.995, 'task_loss': (0.017, 0.0156)}
{'epoch': 54, 'train_loss': 0.0753, 'train_acc': 0.975, 'task_loss': (0.047, 0.0283)}
{'epoch': 55, 'train_loss': 0.06, 'train_acc': 0.975, 'task_loss': (0.0463, 0.0137)}
{'epoch': 56, 'train_loss': 0.0444, 'train_acc': 0.99, 'task_loss': (0.0199, 0.0245)}
{'epoch': 57, 'train_loss': 0.103, 'train_acc': 0.965, 'task_loss': (0.0557, 0.0473)}
{'epoch': 58, 'train_loss': 0.0532, 'train_acc': 0.975, 'task_loss': (0.023, 0.0302)}
{'epoch': 59, 'train_loss': 0.0502, 'train_acc': 0.985, 'task_loss': (0.0205, 0.0297)}
{'epoch': 60, 'train_loss': 0.0446, 'train_acc': 0.985, 'task_loss': (0.0223, 0.0223)}
{'epoch': 61, 'train_loss': 0.0975, 'train_acc': 0.96, 'task_loss': (0.0545, 0.043)}
{'epoch': 62, 'train_loss': 0.0804, 'train_acc': 0.965, 'task_loss': (0.0318, 0.0486)}
{'epoch': 63, 'train_loss': 0.0568, 'train_acc': 0.985, 'task_loss': (0.0333, 0.0234)}
{'epoch': 64, 'train_loss': 0.0652, 'train_acc': 0.98, 'task_loss': (0.0181, 0.047)}
{'epoch': 65, 'train_loss': 0.0251, 'train_acc': 1.0, 'task_loss': (0.0142, 0.0108)}
{'epoch': 66, 'train_loss': 0.0884, 'train_acc': 0.965, 'task_loss': (0.041, 0.0474)}
{'epoch': 67, 'train_loss': 0.0446, 'train_acc': 0.985, 'task_loss': (0.0225, 0.0221)}
{'epoch': 68, 'train_loss': 0.0347, 'train_acc': 0.995, 'task_loss': (0.0258, 0.0089)}
{'epoch': 69, 'train_loss': 0.0355, 'train_acc': 0.99, 'task_loss': (0.0183, 0.0172)}
{'epoch': 70, 'train_loss': 0.051, 'train_acc': 0.98, 'task_loss': (0.0197, 0.0313)}
{'epoch': 71, 'train_loss': 0.019, 'train_acc': 0.995, 'task_loss': (0.009, 0.01)}
{'epoch': 72, 'train_loss': 0.0522, 'train_acc': 0.985, 'task_loss': (0.0191, 0.0331)}
{'epoch': 73, 'train_loss': 0.0398, 'train_acc': 0.985, 'task_loss': (0.0122, 0.0276)}
{'epoch': 74, 'train_loss': 0.0357, 'train_acc': 0.99, 'task_loss': (0.0257, 0.0101)}
{'epoch': 75, 'train_loss': 0.0713, 'train_acc': 0.97, 'task_loss': (0.0474, 0.0238)}
{'epoch': 76, 'train_loss': 0.0342, 'train_acc': 0.99, 'task_loss': (0.0146, 0.0196)}
{'epoch': 77, 'train_loss': 0.0417, 'train_acc': 0.98, 'task_loss': (0.0204, 0.0213)}
{'epoch': 78, 'train_loss': 0.0212, 'train_acc': 1.0, 'task_loss': (0.0132, 0.008)}
{'epoch': 79, 'train_loss': 0.0318, 'train_acc': 0.99, 'task_loss': (0.012, 0.0198)}
{'epoch': 80, 'train_loss': 0.0324, 'train_acc': 0.99, 'task_loss': (0.0204, 0.0121)}
{'epoch': 81, 'train_loss': 0.0315, 'train_acc': 0.985, 'task_loss': (0.0141, 0.0173)}
{'epoch': 82, 'train_loss': 0.0375, 'train_acc': 0.995, 'task_loss': (0.0078, 0.0296)}
{'epoch': 83, 'train_loss': 0.0294, 'train_acc': 0.99, 'task_loss': (0.0131, 0.0164)}
{'epoch': 84, 'train_loss': 0.0139, 'train_acc': 1.0, 'task_loss': (0.0085, 0.0054)}
{'epoch': 85, 'train_loss': 0.0227, 'train_acc': 0.995, 'task_loss': (0.0091, 0.0136)}
{'epoch': 86, 'train_loss': 0.0167, 'train_acc': 1.0, 'task_loss': (0.0059, 0.0108)}
{'epoch': 87, 'train_loss': 0.0407, 'train_acc': 0.995, 'task_loss': (0.0226, 0.0181)}
{'epoch': 88, 'train_loss': 0.0235, 'train_acc': 1.0, 'task_loss': (0.0132, 0.0103)}
{'epoch': 89, 'train_loss': 0.0295, 'train_acc': 0.995, 'task_loss': (0.0048, 0.0247)}
{'epoch': 90, 'train_loss': 0.0433, 'train_acc': 0.98, 'task_loss': (0.0156, 0.0277)}
{'epoch': 91, 'train_loss': 0.0303, 'train_acc': 0.99, 'task_loss': (0.0055, 0.0248)}
{'epoch': 92, 'train_loss': 0.0328, 'train_acc': 0.98, 'task_loss': (0.0177, 0.0151)}
{'epoch': 93, 'train_loss': 0.0296, 'train_acc': 0.99, 'task_loss': (0.0125, 0.017)}
{'epoch': 94, 'train_loss': 0.0283, 'train_acc': 0.995, 'task_loss': (0.0131, 0.0152)}
{'epoch': 95, 'train_loss': 0.0239, 'train_acc': 0.995, 'task_loss': (0.008, 0.0159)}
{'epoch': 96, 'train_loss': 0.022, 'train_acc': 0.99, 'task_loss': (0.0116, 0.0105)}
{'epoch': 97, 'train_loss': 0.0189, 'train_acc': 1.0, 'task_loss': (0.0073, 0.0116)}
{'epoch': 98, 'train_loss': 0.0232, 'train_acc': 0.995, 'task_loss': (0.0161, 0.0071)}
{'epoch': 99, 'train_loss': 0.0281, 'train_acc': 0.985, 'task_loss': (0.0165, 0.0116)}
{'epoch': 100, 'train_loss': 0.0195, 'train_acc': 0.995, 'task_loss': (0.0065, 0.0131)}
{'run_num': 7, 'final_test_err': 0.17300000000000004}
Files already downloaded and verified
Files already downloaded and verified
{'epoch': 1, 'train_loss': 0.8249, 'train_acc': 0.605, 'task_loss': (0.4522, 0.3727)}
{'epoch': 2, 'train_loss': 0.6076, 'train_acc': 0.74, 'task_loss': (0.2556, 0.352)}
{'epoch': 3, 'train_loss': 0.6263, 'train_acc': 0.715, 'task_loss': (0.3244, 0.3019)}
{'epoch': 4, 'train_loss': 0.551, 'train_acc': 0.73, 'task_loss': (0.2984, 0.2526)}
{'epoch': 5, 'train_loss': 0.5373, 'train_acc': 0.695, 'task_loss': (0.264, 0.2733)}
{'epoch': 6, 'train_loss': 0.4791, 'train_acc': 0.77, 'task_loss': (0.2434, 0.2357)}
{'epoch': 7, 'train_loss': 0.4337, 'train_acc': 0.815, 'task_loss': (0.2025, 0.2312)}
{'epoch': 8, 'train_loss': 0.39, 'train_acc': 0.81, 'task_loss': (0.1644, 0.2256)}
{'epoch': 9, 'train_loss': 0.4882, 'train_acc': 0.795, 'task_loss': (0.2959, 0.1922)}
{'epoch': 10, 'train_loss': 0.4388, 'train_acc': 0.785, 'task_loss': (0.1982, 0.2406)}
{'epoch': 11, 'train_loss': 0.2911, 'train_acc': 0.875, 'task_loss': (0.1537, 0.1374)}
{'epoch': 12, 'train_loss': 0.4808, 'train_acc': 0.805, 'task_loss': (0.2698, 0.2109)}
{'epoch': 13, 'train_loss': 0.4014, 'train_acc': 0.825, 'task_loss': (0.2191, 0.1823)}
{'epoch': 14, 'train_loss': 0.3807, 'train_acc': 0.85, 'task_loss': (0.1496, 0.2311)}
{'epoch': 15, 'train_loss': 0.3394, 'train_acc': 0.85, 'task_loss': (0.1468, 0.1925)}
{'epoch': 16, 'train_loss': 0.3081, 'train_acc': 0.865, 'task_loss': (0.1377, 0.1704)}
{'epoch': 17, 'train_loss': 0.2938, 'train_acc': 0.875, 'task_loss': (0.1076, 0.1862)}
{'epoch': 18, 'train_loss': 0.3118, 'train_acc': 0.88, 'task_loss': (0.1341, 0.1778)}
{'epoch': 19, 'train_loss': 0.3377, 'train_acc': 0.84, 'task_loss': (0.1833, 0.1544)}
{'epoch': 20, 'train_loss': 0.4434, 'train_acc': 0.825, 'task_loss': (0.2886, 0.1548)}
{'epoch': 21, 'train_loss': 0.2168, 'train_acc': 0.94, 'task_loss': (0.1427, 0.0741)}
{'epoch': 22, 'train_loss': 0.2949, 'train_acc': 0.895, 'task_loss': (0.124, 0.1708)}
{'epoch': 23, 'train_loss': 0.3236, 'train_acc': 0.855, 'task_loss': (0.1429, 0.1807)}
{'epoch': 24, 'train_loss': 0.3098, 'train_acc': 0.87, 'task_loss': (0.173, 0.1368)}
{'epoch': 25, 'train_loss': 0.2391, 'train_acc': 0.91, 'task_loss': (0.1466, 0.0925)}
{'epoch': 26, 'train_loss': 0.22, 'train_acc': 0.92, 'task_loss': (0.0985, 0.1216)}
{'epoch': 27, 'train_loss': 0.2593, 'train_acc': 0.91, 'task_loss': (0.142, 0.1173)}
{'epoch': 28, 'train_loss': 0.2262, 'train_acc': 0.9, 'task_loss': (0.0868, 0.1394)}
{'epoch': 29, 'train_loss': 0.3312, 'train_acc': 0.87, 'task_loss': (0.1718, 0.1594)}
{'epoch': 30, 'train_loss': 0.2923, 'train_acc': 0.87, 'task_loss': (0.121, 0.1713)}
{'epoch': 31, 'train_loss': 0.219, 'train_acc': 0.93, 'task_loss': (0.09, 0.129)}
{'epoch': 32, 'train_loss': 0.2046, 'train_acc': 0.915, 'task_loss': (0.1039, 0.1007)}
{'epoch': 33, 'train_loss': 0.1816, 'train_acc': 0.95, 'task_loss': (0.1179, 0.0637)}
{'epoch': 34, 'train_loss': 0.1106, 'train_acc': 0.965, 'task_loss': (0.052, 0.0585)}
{'epoch': 35, 'train_loss': 0.1472, 'train_acc': 0.955, 'task_loss': (0.0975, 0.0497)}
{'epoch': 36, 'train_loss': 0.1057, 'train_acc': 0.975, 'task_loss': (0.046, 0.0596)}
{'epoch': 37, 'train_loss': 0.1949, 'train_acc': 0.915, 'task_loss': (0.0682, 0.1267)}
{'epoch': 38, 'train_loss': 0.1665, 'train_acc': 0.91, 'task_loss': (0.0926, 0.0739)}
{'epoch': 39, 'train_loss': 0.1133, 'train_acc': 0.95, 'task_loss': (0.0505, 0.0628)}
{'epoch': 40, 'train_loss': 0.1084, 'train_acc': 0.96, 'task_loss': (0.0449, 0.0635)}
{'epoch': 41, 'train_loss': 0.0929, 'train_acc': 0.975, 'task_loss': (0.0456, 0.0473)}
{'epoch': 42, 'train_loss': 0.1321, 'train_acc': 0.955, 'task_loss': (0.0765, 0.0556)}
{'epoch': 43, 'train_loss': 0.0956, 'train_acc': 0.96, 'task_loss': (0.0396, 0.0559)}
{'epoch': 44, 'train_loss': 0.1342, 'train_acc': 0.965, 'task_loss': (0.0768, 0.0574)}
{'epoch': 45, 'train_loss': 0.0888, 'train_acc': 0.965, 'task_loss': (0.0448, 0.044)}
{'epoch': 46, 'train_loss': 0.0903, 'train_acc': 0.97, 'task_loss': (0.0381, 0.0523)}
{'epoch': 47, 'train_loss': 0.091, 'train_acc': 0.96, 'task_loss': (0.0215, 0.0695)}
{'epoch': 48, 'train_loss': 0.0728, 'train_acc': 0.985, 'task_loss': (0.0297, 0.0432)}
{'epoch': 49, 'train_loss': 0.0919, 'train_acc': 0.96, 'task_loss': (0.044, 0.0479)}
{'epoch': 50, 'train_loss': 0.1343, 'train_acc': 0.94, 'task_loss': (0.0825, 0.0518)}
{'epoch': 51, 'train_loss': 0.0612, 'train_acc': 0.985, 'task_loss': (0.025, 0.0362)}
{'epoch': 52, 'train_loss': 0.1351, 'train_acc': 0.955, 'task_loss': (0.0977, 0.0374)}
{'epoch': 53, 'train_loss': 0.0798, 'train_acc': 0.965, 'task_loss': (0.0289, 0.0509)}
{'epoch': 54, 'train_loss': 0.0537, 'train_acc': 0.985, 'task_loss': (0.0221, 0.0316)}
{'epoch': 55, 'train_loss': 0.0384, 'train_acc': 0.995, 'task_loss': (0.0109, 0.0275)}
{'epoch': 56, 'train_loss': 0.0581, 'train_acc': 0.975, 'task_loss': (0.0235, 0.0346)}
{'epoch': 57, 'train_loss': 0.0515, 'train_acc': 0.98, 'task_loss': (0.0186, 0.0329)}
{'epoch': 58, 'train_loss': 0.0356, 'train_acc': 0.99, 'task_loss': (0.0089, 0.0267)}
{'epoch': 59, 'train_loss': 0.0566, 'train_acc': 0.985, 'task_loss': (0.0354, 0.0212)}
{'epoch': 60, 'train_loss': 0.0616, 'train_acc': 0.97, 'task_loss': (0.0194, 0.0422)}
{'epoch': 61, 'train_loss': 0.0396, 'train_acc': 0.995, 'task_loss': (0.0208, 0.0188)}
{'epoch': 62, 'train_loss': 0.0306, 'train_acc': 0.995, 'task_loss': (0.0098, 0.0208)}
{'epoch': 63, 'train_loss': 0.052, 'train_acc': 0.985, 'task_loss': (0.0355, 0.0165)}
{'epoch': 64, 'train_loss': 0.0348, 'train_acc': 0.995, 'task_loss': (0.0173, 0.0176)}
{'epoch': 65, 'train_loss': 0.0323, 'train_acc': 0.99, 'task_loss': (0.0129, 0.0194)}
{'epoch': 66, 'train_loss': 0.0306, 'train_acc': 0.985, 'task_loss': (0.0112, 0.0194)}
{'epoch': 67, 'train_loss': 0.039, 'train_acc': 0.99, 'task_loss': (0.0152, 0.0238)}
{'epoch': 68, 'train_loss': 0.0652, 'train_acc': 0.97, 'task_loss': (0.0315, 0.0337)}
{'epoch': 69, 'train_loss': 0.0454, 'train_acc': 0.98, 'task_loss': (0.0233, 0.0221)}
{'epoch': 70, 'train_loss': 0.05, 'train_acc': 0.975, 'task_loss': (0.0221, 0.0279)}
{'epoch': 71, 'train_loss': 0.0227, 'train_acc': 0.995, 'task_loss': (0.0118, 0.0108)}
{'epoch': 72, 'train_loss': 0.0463, 'train_acc': 0.98, 'task_loss': (0.0303, 0.0161)}
{'epoch': 73, 'train_loss': 0.0367, 'train_acc': 0.985, 'task_loss': (0.0191, 0.0177)}
{'epoch': 74, 'train_loss': 0.0485, 'train_acc': 0.98, 'task_loss': (0.0267, 0.0218)}
{'epoch': 75, 'train_loss': 0.0277, 'train_acc': 1.0, 'task_loss': (0.0151, 0.0126)}
{'epoch': 76, 'train_loss': 0.053, 'train_acc': 0.985, 'task_loss': (0.0286, 0.0244)}
{'epoch': 77, 'train_loss': 0.0626, 'train_acc': 0.96, 'task_loss': (0.0364, 0.0262)}
{'epoch': 78, 'train_loss': 0.0211, 'train_acc': 0.995, 'task_loss': (0.0074, 0.0137)}
{'epoch': 79, 'train_loss': 0.0182, 'train_acc': 1.0, 'task_loss': (0.0114, 0.0068)}
{'epoch': 80, 'train_loss': 0.0213, 'train_acc': 0.995, 'task_loss': (0.0115, 0.0098)}
{'epoch': 81, 'train_loss': 0.0389, 'train_acc': 0.99, 'task_loss': (0.0191, 0.0199)}
{'epoch': 82, 'train_loss': 0.0184, 'train_acc': 1.0, 'task_loss': (0.0068, 0.0116)}
{'epoch': 83, 'train_loss': 0.018, 'train_acc': 1.0, 'task_loss': (0.0087, 0.0094)}
{'epoch': 84, 'train_loss': 0.025, 'train_acc': 0.995, 'task_loss': (0.0102, 0.0148)}
{'epoch': 85, 'train_loss': 0.0195, 'train_acc': 1.0, 'task_loss': (0.0097, 0.0098)}
{'epoch': 86, 'train_loss': 0.0322, 'train_acc': 1.0, 'task_loss': (0.0108, 0.0213)}
{'epoch': 87, 'train_loss': 0.0408, 'train_acc': 0.995, 'task_loss': (0.0133, 0.0275)}
{'epoch': 88, 'train_loss': 0.0479, 'train_acc': 0.98, 'task_loss': (0.0227, 0.0252)}
{'epoch': 89, 'train_loss': 0.0251, 'train_acc': 0.995, 'task_loss': (0.016, 0.0092)}
{'epoch': 90, 'train_loss': 0.0323, 'train_acc': 0.995, 'task_loss': (0.0087, 0.0237)}
{'epoch': 91, 'train_loss': 0.0447, 'train_acc': 0.985, 'task_loss': (0.013, 0.0318)}
{'epoch': 92, 'train_loss': 0.0189, 'train_acc': 1.0, 'task_loss': (0.0075, 0.0114)}
{'epoch': 93, 'train_loss': 0.0131, 'train_acc': 1.0, 'task_loss': (0.0077, 0.0054)}
{'epoch': 94, 'train_loss': 0.0188, 'train_acc': 0.995, 'task_loss': (0.0128, 0.006)}
{'epoch': 95, 'train_loss': 0.0205, 'train_acc': 0.995, 'task_loss': (0.0111, 0.0094)}
{'epoch': 96, 'train_loss': 0.0264, 'train_acc': 0.99, 'task_loss': (0.0107, 0.0157)}
{'epoch': 97, 'train_loss': 0.0315, 'train_acc': 0.985, 'task_loss': (0.0121, 0.0193)}
{'epoch': 98, 'train_loss': 0.0089, 'train_acc': 1.0, 'task_loss': (0.0036, 0.0053)}
{'epoch': 99, 'train_loss': 0.0121, 'train_acc': 1.0, 'task_loss': (0.0064, 0.0057)}
{'epoch': 100, 'train_loss': 0.0434, 'train_acc': 0.985, 'task_loss': (0.0204, 0.0229)}
{'run_num': 8, 'final_test_err': 0.16225}
Files already downloaded and verified
Files already downloaded and verified
{'epoch': 1, 'train_loss': 0.6529, 'train_acc': 0.685, 'task_loss': (0.3184, 0.3345)}
{'epoch': 2, 'train_loss': 0.6386, 'train_acc': 0.705, 'task_loss': (0.328, 0.3105)}
{'epoch': 3, 'train_loss': 0.6054, 'train_acc': 0.715, 'task_loss': (0.2963, 0.3091)}
{'epoch': 4, 'train_loss': 0.6487, 'train_acc': 0.73, 'task_loss': (0.3186, 0.3302)}
{'epoch': 5, 'train_loss': 0.5409, 'train_acc': 0.77, 'task_loss': (0.2651, 0.2758)}
{'epoch': 6, 'train_loss': 0.4903, 'train_acc': 0.77, 'task_loss': (0.2294, 0.2609)}
{'epoch': 7, 'train_loss': 0.5282, 'train_acc': 0.805, 'task_loss': (0.272, 0.2562)}
{'epoch': 8, 'train_loss': 0.4451, 'train_acc': 0.775, 'task_loss': (0.2587, 0.1865)}
{'epoch': 9, 'train_loss': 0.4087, 'train_acc': 0.84, 'task_loss': (0.2315, 0.1772)}
{'epoch': 10, 'train_loss': 0.4914, 'train_acc': 0.795, 'task_loss': (0.1886, 0.3028)}
{'epoch': 11, 'train_loss': 0.4815, 'train_acc': 0.815, 'task_loss': (0.2377, 0.2437)}
{'epoch': 12, 'train_loss': 0.3456, 'train_acc': 0.87, 'task_loss': (0.1583, 0.1872)}
{'epoch': 13, 'train_loss': 0.3798, 'train_acc': 0.85, 'task_loss': (0.1617, 0.2181)}
{'epoch': 14, 'train_loss': 0.3698, 'train_acc': 0.88, 'task_loss': (0.174, 0.1958)}
{'epoch': 15, 'train_loss': 0.4004, 'train_acc': 0.815, 'task_loss': (0.2284, 0.172)}
{'epoch': 16, 'train_loss': 0.3227, 'train_acc': 0.875, 'task_loss': (0.1919, 0.1308)}
{'epoch': 17, 'train_loss': 0.3441, 'train_acc': 0.845, 'task_loss': (0.1576, 0.1865)}
{'epoch': 18, 'train_loss': 0.3379, 'train_acc': 0.88, 'task_loss': (0.1707, 0.1672)}
{'epoch': 19, 'train_loss': 0.3468, 'train_acc': 0.885, 'task_loss': (0.1586, 0.1882)}
{'epoch': 20, 'train_loss': 0.2911, 'train_acc': 0.865, 'task_loss': (0.1528, 0.1383)}
{'epoch': 21, 'train_loss': 0.2221, 'train_acc': 0.915, 'task_loss': (0.1262, 0.0959)}
{'epoch': 22, 'train_loss': 0.2451, 'train_acc': 0.885, 'task_loss': (0.1033, 0.1418)}
{'epoch': 23, 'train_loss': 0.2035, 'train_acc': 0.905, 'task_loss': (0.1058, 0.0977)}
{'epoch': 24, 'train_loss': 0.257, 'train_acc': 0.935, 'task_loss': (0.1416, 0.1154)}
{'epoch': 25, 'train_loss': 0.1693, 'train_acc': 0.925, 'task_loss': (0.0681, 0.1012)}
{'epoch': 26, 'train_loss': 0.2158, 'train_acc': 0.9, 'task_loss': (0.073, 0.1429)}
{'epoch': 27, 'train_loss': 0.2377, 'train_acc': 0.935, 'task_loss': (0.1232, 0.1145)}
{'epoch': 28, 'train_loss': 0.1727, 'train_acc': 0.935, 'task_loss': (0.0845, 0.0882)}
{'epoch': 29, 'train_loss': 0.1724, 'train_acc': 0.925, 'task_loss': (0.0842, 0.0882)}
{'epoch': 30, 'train_loss': 0.1375, 'train_acc': 0.97, 'task_loss': (0.0493, 0.0883)}
{'epoch': 31, 'train_loss': 0.1374, 'train_acc': 0.945, 'task_loss': (0.077, 0.0603)}
{'epoch': 32, 'train_loss': 0.1404, 'train_acc': 0.94, 'task_loss': (0.0725, 0.0678)}
{'epoch': 33, 'train_loss': 0.1921, 'train_acc': 0.95, 'task_loss': (0.1003, 0.0918)}
{'epoch': 34, 'train_loss': 0.1823, 'train_acc': 0.925, 'task_loss': (0.0459, 0.1364)}
{'epoch': 35, 'train_loss': 0.1679, 'train_acc': 0.94, 'task_loss': (0.1165, 0.0515)}
{'epoch': 36, 'train_loss': 0.1172, 'train_acc': 0.96, 'task_loss': (0.0636, 0.0536)}
{'epoch': 37, 'train_loss': 0.1682, 'train_acc': 0.945, 'task_loss': (0.1152, 0.0529)}
{'epoch': 38, 'train_loss': 0.1384, 'train_acc': 0.94, 'task_loss': (0.0757, 0.0627)}
{'epoch': 39, 'train_loss': 0.1554, 'train_acc': 0.945, 'task_loss': (0.0876, 0.0679)}
{'epoch': 40, 'train_loss': 0.1234, 'train_acc': 0.945, 'task_loss': (0.0604, 0.0629)}
{'epoch': 41, 'train_loss': 0.0949, 'train_acc': 0.96, 'task_loss': (0.0385, 0.0565)}
{'epoch': 42, 'train_loss': 0.0963, 'train_acc': 0.96, 'task_loss': (0.045, 0.0513)}
{'epoch': 43, 'train_loss': 0.0942, 'train_acc': 0.975, 'task_loss': (0.0294, 0.0648)}
{'epoch': 44, 'train_loss': 0.1303, 'train_acc': 0.955, 'task_loss': (0.0703, 0.06)}
{'epoch': 45, 'train_loss': 0.1114, 'train_acc': 0.94, 'task_loss': (0.0577, 0.0536)}
{'epoch': 46, 'train_loss': 0.1004, 'train_acc': 0.96, 'task_loss': (0.0435, 0.0569)}
{'epoch': 47, 'train_loss': 0.0923, 'train_acc': 0.955, 'task_loss': (0.0617, 0.0306)}
{'epoch': 48, 'train_loss': 0.0734, 'train_acc': 0.97, 'task_loss': (0.03, 0.0433)}
{'epoch': 49, 'train_loss': 0.0537, 'train_acc': 0.985, 'task_loss': (0.0249, 0.0288)}
{'epoch': 50, 'train_loss': 0.0552, 'train_acc': 0.99, 'task_loss': (0.0262, 0.0289)}
{'epoch': 51, 'train_loss': 0.0569, 'train_acc': 0.975, 'task_loss': (0.0282, 0.0287)}
{'epoch': 52, 'train_loss': 0.0696, 'train_acc': 0.98, 'task_loss': (0.0361, 0.0335)}
{'epoch': 53, 'train_loss': 0.0479, 'train_acc': 0.99, 'task_loss': (0.0293, 0.0186)}
{'epoch': 54, 'train_loss': 0.0634, 'train_acc': 0.97, 'task_loss': (0.0131, 0.0503)}
{'epoch': 55, 'train_loss': 0.1039, 'train_acc': 0.96, 'task_loss': (0.0474, 0.0565)}
{'epoch': 56, 'train_loss': 0.0617, 'train_acc': 0.98, 'task_loss': (0.0291, 0.0326)}
{'epoch': 57, 'train_loss': 0.0507, 'train_acc': 0.985, 'task_loss': (0.0233, 0.0274)}
{'epoch': 58, 'train_loss': 0.0505, 'train_acc': 0.98, 'task_loss': (0.0201, 0.0304)}
{'epoch': 59, 'train_loss': 0.0371, 'train_acc': 0.985, 'task_loss': (0.018, 0.0191)}
{'epoch': 60, 'train_loss': 0.0504, 'train_acc': 0.98, 'task_loss': (0.0298, 0.0207)}
{'epoch': 61, 'train_loss': 0.0479, 'train_acc': 0.985, 'task_loss': (0.0307, 0.0172)}
{'epoch': 62, 'train_loss': 0.0293, 'train_acc': 0.99, 'task_loss': (0.0117, 0.0176)}
{'epoch': 63, 'train_loss': 0.0503, 'train_acc': 0.98, 'task_loss': (0.0392, 0.0111)}
{'epoch': 64, 'train_loss': 0.0345, 'train_acc': 0.99, 'task_loss': (0.0068, 0.0277)}
{'epoch': 65, 'train_loss': 0.0303, 'train_acc': 0.995, 'task_loss': (0.0079, 0.0224)}
{'epoch': 66, 'train_loss': 0.0205, 'train_acc': 0.99, 'task_loss': (0.0105, 0.0099)}
{'epoch': 67, 'train_loss': 0.0207, 'train_acc': 0.995, 'task_loss': (0.011, 0.0098)}
{'epoch': 68, 'train_loss': 0.0376, 'train_acc': 0.985, 'task_loss': (0.0183, 0.0193)}
{'epoch': 69, 'train_loss': 0.0181, 'train_acc': 0.995, 'task_loss': (0.01, 0.0081)}
{'epoch': 70, 'train_loss': 0.028, 'train_acc': 0.995, 'task_loss': (0.0085, 0.0195)}
{'epoch': 71, 'train_loss': 0.0411, 'train_acc': 0.985, 'task_loss': (0.0176, 0.0235)}
{'epoch': 72, 'train_loss': 0.0517, 'train_acc': 0.985, 'task_loss': (0.0112, 0.0405)}
{'epoch': 73, 'train_loss': 0.03, 'train_acc': 0.995, 'task_loss': (0.0039, 0.0261)}
{'epoch': 74, 'train_loss': 0.0295, 'train_acc': 0.99, 'task_loss': (0.0088, 0.0207)}
{'epoch': 75, 'train_loss': 0.0175, 'train_acc': 1.0, 'task_loss': (0.005, 0.0125)}
{'epoch': 76, 'train_loss': 0.0254, 'train_acc': 0.995, 'task_loss': (0.0144, 0.011)}
{'epoch': 77, 'train_loss': 0.0245, 'train_acc': 0.99, 'task_loss': (0.0115, 0.013)}
{'epoch': 78, 'train_loss': 0.0224, 'train_acc': 1.0, 'task_loss': (0.0123, 0.0101)}
{'epoch': 79, 'train_loss': 0.0361, 'train_acc': 0.985, 'task_loss': (0.016, 0.0202)}
{'epoch': 80, 'train_loss': 0.0157, 'train_acc': 0.995, 'task_loss': (0.0071, 0.0086)}
{'epoch': 81, 'train_loss': 0.0224, 'train_acc': 0.995, 'task_loss': (0.0124, 0.01)}
{'epoch': 82, 'train_loss': 0.0245, 'train_acc': 0.995, 'task_loss': (0.0043, 0.0203)}
{'epoch': 83, 'train_loss': 0.0156, 'train_acc': 0.995, 'task_loss': (0.0099, 0.0057)}
{'epoch': 84, 'train_loss': 0.0154, 'train_acc': 0.995, 'task_loss': (0.0098, 0.0056)}
{'epoch': 85, 'train_loss': 0.0196, 'train_acc': 1.0, 'task_loss': (0.0082, 0.0114)}
{'epoch': 86, 'train_loss': 0.0102, 'train_acc': 1.0, 'task_loss': (0.0053, 0.0049)}
{'epoch': 87, 'train_loss': 0.019, 'train_acc': 0.995, 'task_loss': (0.0064, 0.0126)}
{'epoch': 88, 'train_loss': 0.0155, 'train_acc': 1.0, 'task_loss': (0.0057, 0.0098)}
{'epoch': 89, 'train_loss': 0.0162, 'train_acc': 1.0, 'task_loss': (0.0072, 0.009)}
{'epoch': 90, 'train_loss': 0.0113, 'train_acc': 1.0, 'task_loss': (0.0069, 0.0044)}
{'epoch': 91, 'train_loss': 0.0193, 'train_acc': 0.995, 'task_loss': (0.0044, 0.015)}
{'epoch': 92, 'train_loss': 0.016, 'train_acc': 1.0, 'task_loss': (0.0092, 0.0069)}
{'epoch': 93, 'train_loss': 0.0209, 'train_acc': 0.99, 'task_loss': (0.0128, 0.0081)}
{'epoch': 94, 'train_loss': 0.0344, 'train_acc': 0.985, 'task_loss': (0.0162, 0.0182)}
{'epoch': 95, 'train_loss': 0.0216, 'train_acc': 0.995, 'task_loss': (0.0161, 0.0055)}
{'epoch': 96, 'train_loss': 0.0438, 'train_acc': 0.98, 'task_loss': (0.0101, 0.0337)}
{'epoch': 97, 'train_loss': 0.018, 'train_acc': 1.0, 'task_loss': (0.0098, 0.0082)}
{'epoch': 98, 'train_loss': 0.0291, 'train_acc': 0.99, 'task_loss': (0.0134, 0.0157)}
{'epoch': 99, 'train_loss': 0.0117, 'train_acc': 1.0, 'task_loss': (0.0077, 0.004)}
{'epoch': 100, 'train_loss': 0.015, 'train_acc': 1.0, 'task_loss': (0.0046, 0.0105)}
{'run_num': 9, 'final_test_err': 0.16874999999999996}
{'avg_err': 0.1684, 'std_err': 0.0061}
