{'deploy': True, 'tag': '02_beta/task_loss_group', 'seed': 10, 'device': 'cuda:0', 'reps': 10, 'loss': {'α': 0.5, 'tune_α': False, 'group_task_loss': True}, 'task': {'dataset': 'split_cifar10', 'task_map': [[0, 1], [2, 3], [4, 5], [6, 7], [8, 9]], 'target': 0, 'ood': [4], 'augment': True, 'n': 50, 'm_n': 12.5, 'β': 0.5, 'custom_sampler': False}, 'hp': {'epochs': 100, 'bs': 16, 'lr': 0.01}, 'net': 'conv'}
Files already downloaded and verified
Files already downloaded and verified
{'epoch': 1, 'train_loss': 0.8056, 'train_acc': 0.6585, 'task_loss': (0.3282, 0.4775)}
{'epoch': 2, 'train_loss': 0.5835, 'train_acc': 0.7207, 'task_loss': (0.2275, 0.356)}
{'epoch': 3, 'train_loss': 0.5532, 'train_acc': 0.7193, 'task_loss': (0.2156, 0.3376)}
{'epoch': 4, 'train_loss': 0.46, 'train_acc': 0.7711, 'task_loss': (0.1522, 0.3078)}
{'epoch': 5, 'train_loss': 0.5471, 'train_acc': 0.7215, 'task_loss': (0.2124, 0.3347)}
{'epoch': 6, 'train_loss': 0.4591, 'train_acc': 0.7696, 'task_loss': (0.1601, 0.299)}
{'epoch': 7, 'train_loss': 0.3809, 'train_acc': 0.7748, 'task_loss': (0.1152, 0.2657)}
{'epoch': 8, 'train_loss': 0.4806, 'train_acc': 0.7711, 'task_loss': (0.2282, 0.2524)}
{'epoch': 9, 'train_loss': 0.3937, 'train_acc': 0.7874, 'task_loss': (0.1553, 0.2384)}
{'epoch': 10, 'train_loss': 0.3746, 'train_acc': 0.7926, 'task_loss': (0.1427, 0.232)}
{'epoch': 11, 'train_loss': 0.3375, 'train_acc': 0.8081, 'task_loss': (0.1107, 0.2268)}
{'epoch': 12, 'train_loss': 0.3485, 'train_acc': 0.8044, 'task_loss': (0.1287, 0.2198)}
{'epoch': 13, 'train_loss': 0.3023, 'train_acc': 0.8185, 'task_loss': (0.0945, 0.2079)}
{'epoch': 14, 'train_loss': 0.2837, 'train_acc': 0.8319, 'task_loss': (0.0866, 0.1971)}
{'epoch': 15, 'train_loss': 0.3433, 'train_acc': 0.8215, 'task_loss': (0.137, 0.2062)}
{'epoch': 16, 'train_loss': 0.2854, 'train_acc': 0.8259, 'task_loss': (0.0806, 0.2047)}
{'epoch': 17, 'train_loss': 0.2727, 'train_acc': 0.8459, 'task_loss': (0.0944, 0.1782)}
{'epoch': 18, 'train_loss': 0.3142, 'train_acc': 0.8326, 'task_loss': (0.12, 0.1942)}
{'epoch': 19, 'train_loss': 0.3206, 'train_acc': 0.8267, 'task_loss': (0.124, 0.1967)}
{'epoch': 20, 'train_loss': 0.222, 'train_acc': 0.8644, 'task_loss': (0.0582, 0.1639)}
{'epoch': 21, 'train_loss': 0.2226, 'train_acc': 0.86, 'task_loss': (0.0405, 0.1821)}
{'epoch': 22, 'train_loss': 0.2414, 'train_acc': 0.8585, 'task_loss': (0.0624, 0.1791)}
{'epoch': 23, 'train_loss': 0.2321, 'train_acc': 0.8519, 'task_loss': (0.0624, 0.1697)}
{'epoch': 24, 'train_loss': 0.2701, 'train_acc': 0.8407, 'task_loss': (0.0885, 0.1816)}
{'epoch': 25, 'train_loss': 0.233, 'train_acc': 0.863, 'task_loss': (0.0617, 0.1713)}
{'epoch': 26, 'train_loss': 0.263, 'train_acc': 0.843, 'task_loss': (0.083, 0.18)}
{'epoch': 27, 'train_loss': 0.2571, 'train_acc': 0.8541, 'task_loss': (0.0712, 0.1859)}
{'epoch': 28, 'train_loss': 0.215, 'train_acc': 0.8785, 'task_loss': (0.0598, 0.1552)}
{'epoch': 29, 'train_loss': 0.2488, 'train_acc': 0.8593, 'task_loss': (0.086, 0.1628)}
{'epoch': 30, 'train_loss': 0.2497, 'train_acc': 0.8585, 'task_loss': (0.08, 0.1697)}
{'epoch': 31, 'train_loss': 0.1959, 'train_acc': 0.8904, 'task_loss': (0.0539, 0.1421)}
{'epoch': 32, 'train_loss': 0.201, 'train_acc': 0.883, 'task_loss': (0.051, 0.15)}
{'epoch': 33, 'train_loss': 0.2182, 'train_acc': 0.8844, 'task_loss': (0.0657, 0.1525)}
{'epoch': 34, 'train_loss': 0.2075, 'train_acc': 0.8785, 'task_loss': (0.0546, 0.1529)}
{'epoch': 35, 'train_loss': 0.1781, 'train_acc': 0.8933, 'task_loss': (0.0384, 0.1396)}
{'epoch': 36, 'train_loss': 0.192, 'train_acc': 0.8741, 'task_loss': (0.0385, 0.1536)}
{'epoch': 37, 'train_loss': 0.1867, 'train_acc': 0.8978, 'task_loss': (0.0472, 0.1395)}
{'epoch': 38, 'train_loss': 0.1864, 'train_acc': 0.8904, 'task_loss': (0.0462, 0.1402)}
{'epoch': 39, 'train_loss': 0.167, 'train_acc': 0.9037, 'task_loss': (0.0406, 0.1264)}
{'epoch': 40, 'train_loss': 0.1698, 'train_acc': 0.8911, 'task_loss': (0.0389, 0.131)}
{'epoch': 41, 'train_loss': 0.1848, 'train_acc': 0.8793, 'task_loss': (0.0375, 0.1473)}
{'epoch': 42, 'train_loss': 0.1533, 'train_acc': 0.9096, 'task_loss': (0.0427, 0.1107)}
{'epoch': 43, 'train_loss': 0.1732, 'train_acc': 0.8941, 'task_loss': (0.0403, 0.1329)}
{'epoch': 44, 'train_loss': 0.1514, 'train_acc': 0.9059, 'task_loss': (0.0293, 0.1221)}
{'epoch': 45, 'train_loss': 0.1443, 'train_acc': 0.9059, 'task_loss': (0.03, 0.1143)}
{'epoch': 46, 'train_loss': 0.1346, 'train_acc': 0.9133, 'task_loss': (0.0209, 0.1137)}
{'epoch': 47, 'train_loss': 0.1347, 'train_acc': 0.9111, 'task_loss': (0.0188, 0.1159)}
{'epoch': 48, 'train_loss': 0.1313, 'train_acc': 0.92, 'task_loss': (0.0213, 0.11)}
{'epoch': 49, 'train_loss': 0.159, 'train_acc': 0.9015, 'task_loss': (0.0329, 0.126)}
{'epoch': 50, 'train_loss': 0.157, 'train_acc': 0.9052, 'task_loss': (0.037, 0.1199)}
{'epoch': 51, 'train_loss': 0.1292, 'train_acc': 0.9133, 'task_loss': (0.0195, 0.1097)}
{'epoch': 52, 'train_loss': 0.1333, 'train_acc': 0.9141, 'task_loss': (0.0244, 0.109)}
{'epoch': 53, 'train_loss': 0.1333, 'train_acc': 0.9044, 'task_loss': (0.0221, 0.1112)}
{'epoch': 54, 'train_loss': 0.1241, 'train_acc': 0.9281, 'task_loss': (0.0307, 0.0934)}
{'epoch': 55, 'train_loss': 0.128, 'train_acc': 0.9185, 'task_loss': (0.0226, 0.1054)}
{'epoch': 56, 'train_loss': 0.1521, 'train_acc': 0.9119, 'task_loss': (0.0349, 0.1171)}
{'epoch': 57, 'train_loss': 0.1271, 'train_acc': 0.9163, 'task_loss': (0.0204, 0.1066)}
{'epoch': 58, 'train_loss': 0.0988, 'train_acc': 0.9326, 'task_loss': (0.0125, 0.0864)}
{'epoch': 59, 'train_loss': 0.1085, 'train_acc': 0.9319, 'task_loss': (0.0169, 0.0916)}
{'epoch': 60, 'train_loss': 0.1007, 'train_acc': 0.9289, 'task_loss': (0.0107, 0.0899)}
{'epoch': 61, 'train_loss': 0.101, 'train_acc': 0.94, 'task_loss': (0.0181, 0.0829)}
{'epoch': 62, 'train_loss': 0.1055, 'train_acc': 0.9319, 'task_loss': (0.0137, 0.0918)}
{'epoch': 63, 'train_loss': 0.1238, 'train_acc': 0.9281, 'task_loss': (0.0325, 0.0913)}
{'epoch': 64, 'train_loss': 0.0972, 'train_acc': 0.9407, 'task_loss': (0.0155, 0.0817)}
{'epoch': 65, 'train_loss': 0.0977, 'train_acc': 0.9356, 'task_loss': (0.0199, 0.0778)}
{'epoch': 66, 'train_loss': 0.0999, 'train_acc': 0.9319, 'task_loss': (0.013, 0.0869)}
{'epoch': 67, 'train_loss': 0.088, 'train_acc': 0.9378, 'task_loss': (0.0082, 0.0798)}
{'epoch': 68, 'train_loss': 0.0919, 'train_acc': 0.9415, 'task_loss': (0.0135, 0.0783)}
{'epoch': 69, 'train_loss': 0.0925, 'train_acc': 0.9378, 'task_loss': (0.0158, 0.0767)}
{'epoch': 70, 'train_loss': 0.0878, 'train_acc': 0.9533, 'task_loss': (0.0196, 0.0682)}
{'epoch': 71, 'train_loss': 0.1113, 'train_acc': 0.9274, 'task_loss': (0.0145, 0.0968)}
{'epoch': 72, 'train_loss': 0.0831, 'train_acc': 0.94, 'task_loss': (0.0122, 0.071)}
{'epoch': 73, 'train_loss': 0.0882, 'train_acc': 0.9452, 'task_loss': (0.0072, 0.0809)}
{'epoch': 74, 'train_loss': 0.0819, 'train_acc': 0.9444, 'task_loss': (0.0081, 0.0739)}
{'epoch': 75, 'train_loss': 0.084, 'train_acc': 0.9474, 'task_loss': (0.0082, 0.0758)}
{'epoch': 76, 'train_loss': 0.0787, 'train_acc': 0.9437, 'task_loss': (0.0083, 0.0704)}
{'epoch': 77, 'train_loss': 0.0753, 'train_acc': 0.9489, 'task_loss': (0.0111, 0.0642)}
{'epoch': 78, 'train_loss': 0.0746, 'train_acc': 0.9496, 'task_loss': (0.0068, 0.0677)}
{'epoch': 79, 'train_loss': 0.0745, 'train_acc': 0.9548, 'task_loss': (0.0137, 0.0608)}
{'epoch': 80, 'train_loss': 0.0755, 'train_acc': 0.9533, 'task_loss': (0.0097, 0.0657)}
{'epoch': 81, 'train_loss': 0.0793, 'train_acc': 0.9437, 'task_loss': (0.0143, 0.065)}
{'epoch': 82, 'train_loss': 0.0731, 'train_acc': 0.9526, 'task_loss': (0.0097, 0.0634)}
{'epoch': 83, 'train_loss': 0.0709, 'train_acc': 0.9556, 'task_loss': (0.0071, 0.0637)}
{'epoch': 84, 'train_loss': 0.0729, 'train_acc': 0.957, 'task_loss': (0.006, 0.0669)}
{'epoch': 85, 'train_loss': 0.0872, 'train_acc': 0.9474, 'task_loss': (0.0162, 0.0711)}
{'epoch': 86, 'train_loss': 0.0672, 'train_acc': 0.9556, 'task_loss': (0.0052, 0.062)}
{'epoch': 87, 'train_loss': 0.0753, 'train_acc': 0.9533, 'task_loss': (0.0107, 0.0646)}
{'epoch': 88, 'train_loss': 0.0673, 'train_acc': 0.9548, 'task_loss': (0.0072, 0.0601)}
{'epoch': 89, 'train_loss': 0.0644, 'train_acc': 0.963, 'task_loss': (0.0075, 0.0569)}
{'epoch': 90, 'train_loss': 0.0706, 'train_acc': 0.9533, 'task_loss': (0.0073, 0.0633)}
{'epoch': 91, 'train_loss': 0.0669, 'train_acc': 0.9578, 'task_loss': (0.006, 0.0608)}
{'epoch': 92, 'train_loss': 0.073, 'train_acc': 0.9467, 'task_loss': (0.0053, 0.0678)}
{'epoch': 93, 'train_loss': 0.0684, 'train_acc': 0.9541, 'task_loss': (0.0069, 0.0615)}
{'epoch': 94, 'train_loss': 0.0638, 'train_acc': 0.957, 'task_loss': (0.0068, 0.057)}
{'epoch': 95, 'train_loss': 0.0731, 'train_acc': 0.9578, 'task_loss': (0.0089, 0.0641)}
{'epoch': 96, 'train_loss': 0.064, 'train_acc': 0.9593, 'task_loss': (0.0046, 0.0594)}
{'epoch': 97, 'train_loss': 0.0689, 'train_acc': 0.957, 'task_loss': (0.0092, 0.0598)}
{'epoch': 98, 'train_loss': 0.0673, 'train_acc': 0.957, 'task_loss': (0.0138, 0.0534)}
{'epoch': 99, 'train_loss': 0.0663, 'train_acc': 0.9556, 'task_loss': (0.0064, 0.0599)}
{'epoch': 100, 'train_loss': 0.0778, 'train_acc': 0.9526, 'task_loss': (0.0112, 0.0666)}
{'run_num': 0, 'final_test_err': 0.10850000000000004}
Files already downloaded and verified
Files already downloaded and verified
/home/ubuntu/tools/miniconda3/envs/manifold/lib/python3.9/site-packages/torch/optim/lr_scheduler.py:131: UserWarning: Detected call of `lr_scheduler.step()` before `optimizer.step()`. In PyTorch 1.1.0 and later, you should call them in the opposite order: `optimizer.step()` before `lr_scheduler.step()`.  Failure to do this will result in PyTorch skipping the first value of the learning rate schedule. See more details at https://pytorch.org/docs/stable/optim.html#how-to-adjust-learning-rate
  warnings.warn("Detected call of `lr_scheduler.step()` before `optimizer.step()`. "
{'epoch': 1, 'train_loss': 0.9036, 'train_acc': 0.6467, 'task_loss': (0.4077, 0.4959)}
{'epoch': 2, 'train_loss': 0.5789, 'train_acc': 0.7274, 'task_loss': (0.2377, 0.3411)}
{'epoch': 3, 'train_loss': 0.6014, 'train_acc': 0.7119, 'task_loss': (0.2345, 0.3669)}
{'epoch': 4, 'train_loss': 0.5788, 'train_acc': 0.7348, 'task_loss': (0.265, 0.3137)}
{'epoch': 5, 'train_loss': 0.4755, 'train_acc': 0.7311, 'task_loss': (0.1699, 0.3057)}
{'epoch': 6, 'train_loss': 0.4068, 'train_acc': 0.7548, 'task_loss': (0.1273, 0.2795)}
{'epoch': 7, 'train_loss': 0.4634, 'train_acc': 0.7622, 'task_loss': (0.1852, 0.2782)}
{'epoch': 8, 'train_loss': 0.3813, 'train_acc': 0.7844, 'task_loss': (0.1511, 0.2301)}
{'epoch': 9, 'train_loss': 0.4109, 'train_acc': 0.7941, 'task_loss': (0.1646, 0.2463)}
{'epoch': 10, 'train_loss': 0.3593, 'train_acc': 0.7785, 'task_loss': (0.1118, 0.2475)}
{'epoch': 11, 'train_loss': 0.3313, 'train_acc': 0.7956, 'task_loss': (0.1044, 0.2269)}
{'epoch': 12, 'train_loss': 0.2976, 'train_acc': 0.8133, 'task_loss': (0.0762, 0.2214)}
{'epoch': 13, 'train_loss': 0.3717, 'train_acc': 0.803, 'task_loss': (0.1436, 0.2281)}
{'epoch': 14, 'train_loss': 0.3098, 'train_acc': 0.8252, 'task_loss': (0.0932, 0.2166)}
{'epoch': 15, 'train_loss': 0.2972, 'train_acc': 0.8215, 'task_loss': (0.0887, 0.2085)}
{'epoch': 16, 'train_loss': 0.3162, 'train_acc': 0.8296, 'task_loss': (0.1135, 0.2027)}
{'epoch': 17, 'train_loss': 0.2748, 'train_acc': 0.8281, 'task_loss': (0.0756, 0.1992)}
{'epoch': 18, 'train_loss': 0.244, 'train_acc': 0.8504, 'task_loss': (0.0563, 0.1878)}
{'epoch': 19, 'train_loss': 0.248, 'train_acc': 0.8556, 'task_loss': (0.0725, 0.1756)}
{'epoch': 20, 'train_loss': 0.2559, 'train_acc': 0.8437, 'task_loss': (0.0683, 0.1875)}
{'epoch': 21, 'train_loss': 0.256, 'train_acc': 0.8541, 'task_loss': (0.0793, 0.1767)}
{'epoch': 22, 'train_loss': 0.2677, 'train_acc': 0.8437, 'task_loss': (0.0816, 0.1861)}
{'epoch': 23, 'train_loss': 0.2446, 'train_acc': 0.8444, 'task_loss': (0.0656, 0.1789)}
{'epoch': 24, 'train_loss': 0.2357, 'train_acc': 0.86, 'task_loss': (0.0641, 0.1716)}
{'epoch': 25, 'train_loss': 0.2402, 'train_acc': 0.8511, 'task_loss': (0.0662, 0.174)}
{'epoch': 26, 'train_loss': 0.2121, 'train_acc': 0.8607, 'task_loss': (0.0527, 0.1594)}
{'epoch': 27, 'train_loss': 0.186, 'train_acc': 0.8785, 'task_loss': (0.0376, 0.1484)}
{'epoch': 28, 'train_loss': 0.232, 'train_acc': 0.8474, 'task_loss': (0.062, 0.1701)}
{'epoch': 29, 'train_loss': 0.2523, 'train_acc': 0.8504, 'task_loss': (0.0735, 0.1787)}
{'epoch': 30, 'train_loss': 0.2164, 'train_acc': 0.8689, 'task_loss': (0.0551, 0.1613)}
{'epoch': 31, 'train_loss': 0.2568, 'train_acc': 0.8733, 'task_loss': (0.0985, 0.1583)}
{'epoch': 32, 'train_loss': 0.2333, 'train_acc': 0.8652, 'task_loss': (0.0683, 0.1649)}
{'epoch': 33, 'train_loss': 0.1907, 'train_acc': 0.8733, 'task_loss': (0.0391, 0.1516)}
{'epoch': 34, 'train_loss': 0.2067, 'train_acc': 0.8837, 'task_loss': (0.0649, 0.1418)}
{'epoch': 35, 'train_loss': 0.1892, 'train_acc': 0.8822, 'task_loss': (0.0475, 0.1417)}
{'epoch': 36, 'train_loss': 0.2037, 'train_acc': 0.883, 'task_loss': (0.0626, 0.1412)}
{'epoch': 37, 'train_loss': 0.2778, 'train_acc': 0.8578, 'task_loss': (0.1036, 0.1742)}
{'epoch': 38, 'train_loss': 0.1875, 'train_acc': 0.8763, 'task_loss': (0.044, 0.1436)}
{'epoch': 39, 'train_loss': 0.1808, 'train_acc': 0.8904, 'task_loss': (0.0465, 0.1342)}
{'epoch': 40, 'train_loss': 0.1686, 'train_acc': 0.8919, 'task_loss': (0.0305, 0.1381)}
{'epoch': 41, 'train_loss': 0.1405, 'train_acc': 0.903, 'task_loss': (0.0194, 0.1211)}
{'epoch': 42, 'train_loss': 0.1449, 'train_acc': 0.9037, 'task_loss': (0.0331, 0.1118)}
{'epoch': 43, 'train_loss': 0.1845, 'train_acc': 0.8822, 'task_loss': (0.0415, 0.143)}
{'epoch': 44, 'train_loss': 0.1475, 'train_acc': 0.9, 'task_loss': (0.0237, 0.1238)}
{'epoch': 45, 'train_loss': 0.1585, 'train_acc': 0.9111, 'task_loss': (0.0327, 0.1258)}
{'epoch': 46, 'train_loss': 0.1336, 'train_acc': 0.9148, 'task_loss': (0.0222, 0.1114)}
{'epoch': 47, 'train_loss': 0.1409, 'train_acc': 0.9067, 'task_loss': (0.0204, 0.1205)}
{'epoch': 48, 'train_loss': 0.142, 'train_acc': 0.9104, 'task_loss': (0.0226, 0.1195)}
{'epoch': 49, 'train_loss': 0.1211, 'train_acc': 0.923, 'task_loss': (0.0219, 0.0992)}
{'epoch': 50, 'train_loss': 0.1368, 'train_acc': 0.9067, 'task_loss': (0.0246, 0.1122)}
{'epoch': 51, 'train_loss': 0.1556, 'train_acc': 0.9052, 'task_loss': (0.0392, 0.1164)}
{'epoch': 52, 'train_loss': 0.1407, 'train_acc': 0.9141, 'task_loss': (0.0273, 0.1133)}
{'epoch': 53, 'train_loss': 0.1141, 'train_acc': 0.9222, 'task_loss': (0.0132, 0.1009)}
{'epoch': 54, 'train_loss': 0.1263, 'train_acc': 0.9222, 'task_loss': (0.0223, 0.104)}
{'epoch': 55, 'train_loss': 0.1353, 'train_acc': 0.9148, 'task_loss': (0.0258, 0.1096)}
{'epoch': 56, 'train_loss': 0.1083, 'train_acc': 0.9378, 'task_loss': (0.0177, 0.0907)}
{'epoch': 57, 'train_loss': 0.1397, 'train_acc': 0.9156, 'task_loss': (0.0253, 0.1144)}
{'epoch': 58, 'train_loss': 0.1162, 'train_acc': 0.9207, 'task_loss': (0.0245, 0.0918)}
{'epoch': 59, 'train_loss': 0.1388, 'train_acc': 0.9059, 'task_loss': (0.0219, 0.1169)}
{'epoch': 60, 'train_loss': 0.102, 'train_acc': 0.937, 'task_loss': (0.0173, 0.0847)}
{'epoch': 61, 'train_loss': 0.1078, 'train_acc': 0.9237, 'task_loss': (0.0169, 0.0909)}
{'epoch': 62, 'train_loss': 0.1225, 'train_acc': 0.9326, 'task_loss': (0.0322, 0.0903)}
{'epoch': 63, 'train_loss': 0.1171, 'train_acc': 0.917, 'task_loss': (0.0161, 0.1011)}
{'epoch': 64, 'train_loss': 0.0906, 'train_acc': 0.9363, 'task_loss': (0.0103, 0.0803)}
{'epoch': 65, 'train_loss': 0.0913, 'train_acc': 0.9489, 'task_loss': (0.014, 0.0773)}
{'epoch': 66, 'train_loss': 0.0918, 'train_acc': 0.9407, 'task_loss': (0.0116, 0.0802)}
{'epoch': 67, 'train_loss': 0.0977, 'train_acc': 0.943, 'task_loss': (0.0155, 0.0822)}
{'epoch': 68, 'train_loss': 0.0781, 'train_acc': 0.9459, 'task_loss': (0.0053, 0.0728)}
{'epoch': 69, 'train_loss': 0.1043, 'train_acc': 0.9385, 'task_loss': (0.0144, 0.0899)}
{'epoch': 70, 'train_loss': 0.083, 'train_acc': 0.9474, 'task_loss': (0.0182, 0.0649)}
{'epoch': 71, 'train_loss': 0.0897, 'train_acc': 0.9407, 'task_loss': (0.0117, 0.0779)}
{'epoch': 72, 'train_loss': 0.0892, 'train_acc': 0.9378, 'task_loss': (0.0113, 0.0779)}
{'epoch': 73, 'train_loss': 0.0884, 'train_acc': 0.9385, 'task_loss': (0.0174, 0.071)}
{'epoch': 74, 'train_loss': 0.0798, 'train_acc': 0.9496, 'task_loss': (0.0083, 0.0715)}
{'epoch': 75, 'train_loss': 0.0849, 'train_acc': 0.9526, 'task_loss': (0.0141, 0.0708)}
{'epoch': 76, 'train_loss': 0.091, 'train_acc': 0.9363, 'task_loss': (0.0116, 0.0794)}
{'epoch': 77, 'train_loss': 0.0773, 'train_acc': 0.9467, 'task_loss': (0.0103, 0.067)}
{'epoch': 78, 'train_loss': 0.0835, 'train_acc': 0.9459, 'task_loss': (0.0137, 0.0698)}
{'epoch': 79, 'train_loss': 0.0773, 'train_acc': 0.9489, 'task_loss': (0.0055, 0.0718)}
{'epoch': 80, 'train_loss': 0.0705, 'train_acc': 0.9541, 'task_loss': (0.0055, 0.065)}
{'epoch': 81, 'train_loss': 0.0798, 'train_acc': 0.9489, 'task_loss': (0.007, 0.0728)}
{'epoch': 82, 'train_loss': 0.0637, 'train_acc': 0.9637, 'task_loss': (0.0049, 0.0588)}
{'epoch': 83, 'train_loss': 0.0691, 'train_acc': 0.9615, 'task_loss': (0.0093, 0.0598)}
{'epoch': 84, 'train_loss': 0.07, 'train_acc': 0.9548, 'task_loss': (0.0087, 0.0613)}
{'epoch': 85, 'train_loss': 0.0792, 'train_acc': 0.9511, 'task_loss': (0.0083, 0.0709)}
{'epoch': 86, 'train_loss': 0.0781, 'train_acc': 0.957, 'task_loss': (0.0155, 0.0627)}
{'epoch': 87, 'train_loss': 0.0687, 'train_acc': 0.9533, 'task_loss': (0.0058, 0.0629)}
{'epoch': 88, 'train_loss': 0.0673, 'train_acc': 0.9496, 'task_loss': (0.0061, 0.0612)}
{'epoch': 89, 'train_loss': 0.0777, 'train_acc': 0.9496, 'task_loss': (0.0103, 0.0674)}
{'epoch': 90, 'train_loss': 0.0837, 'train_acc': 0.9474, 'task_loss': (0.0125, 0.0711)}
{'epoch': 91, 'train_loss': 0.0794, 'train_acc': 0.9526, 'task_loss': (0.0092, 0.0701)}
{'epoch': 92, 'train_loss': 0.0708, 'train_acc': 0.9585, 'task_loss': (0.0079, 0.0629)}
{'epoch': 93, 'train_loss': 0.0661, 'train_acc': 0.963, 'task_loss': (0.0068, 0.0592)}
{'epoch': 94, 'train_loss': 0.0669, 'train_acc': 0.9585, 'task_loss': (0.0075, 0.0594)}
{'epoch': 95, 'train_loss': 0.0682, 'train_acc': 0.9585, 'task_loss': (0.008, 0.0602)}
{'epoch': 96, 'train_loss': 0.0888, 'train_acc': 0.9459, 'task_loss': (0.02, 0.0688)}
{'epoch': 97, 'train_loss': 0.0713, 'train_acc': 0.9519, 'task_loss': (0.0053, 0.066)}
{'epoch': 98, 'train_loss': 0.0724, 'train_acc': 0.9593, 'task_loss': (0.0084, 0.0641)}
{'epoch': 99, 'train_loss': 0.0803, 'train_acc': 0.9511, 'task_loss': (0.0113, 0.069)}
{'epoch': 100, 'train_loss': 0.0711, 'train_acc': 0.9578, 'task_loss': (0.0098, 0.0613)}
{'run_num': 1, 'final_test_err': 0.12524999999999997}
Files already downloaded and verified
Files already downloaded and verified
{'epoch': 1, 'train_loss': 0.7601, 'train_acc': 0.6519, 'task_loss': (0.283, 0.4771)}
{'epoch': 2, 'train_loss': 0.7777, 'train_acc': 0.6904, 'task_loss': (0.3942, 0.3836)}
{'epoch': 3, 'train_loss': 0.5321, 'train_acc': 0.7222, 'task_loss': (0.2009, 0.3312)}
{'epoch': 4, 'train_loss': 0.6322, 'train_acc': 0.7252, 'task_loss': (0.2531, 0.3791)}
{'epoch': 5, 'train_loss': 0.4501, 'train_acc': 0.7726, 'task_loss': (0.1751, 0.275)}
{'epoch': 6, 'train_loss': 0.3931, 'train_acc': 0.7837, 'task_loss': (0.1429, 0.2502)}
{'epoch': 7, 'train_loss': 0.4224, 'train_acc': 0.7593, 'task_loss': (0.1498, 0.2726)}
{'epoch': 8, 'train_loss': 0.3791, 'train_acc': 0.7881, 'task_loss': (0.1404, 0.2386)}
{'epoch': 9, 'train_loss': 0.3456, 'train_acc': 0.8044, 'task_loss': (0.1155, 0.2301)}
{'epoch': 10, 'train_loss': 0.3434, 'train_acc': 0.7948, 'task_loss': (0.1198, 0.2236)}
{'epoch': 11, 'train_loss': 0.3601, 'train_acc': 0.8, 'task_loss': (0.1277, 0.2324)}
{'epoch': 12, 'train_loss': 0.2674, 'train_acc': 0.8304, 'task_loss': (0.0765, 0.1909)}
{'epoch': 13, 'train_loss': 0.3034, 'train_acc': 0.8259, 'task_loss': (0.1027, 0.2007)}
{'epoch': 14, 'train_loss': 0.3473, 'train_acc': 0.8074, 'task_loss': (0.1318, 0.2155)}
{'epoch': 15, 'train_loss': 0.2758, 'train_acc': 0.8133, 'task_loss': (0.0708, 0.205)}
{'epoch': 16, 'train_loss': 0.3219, 'train_acc': 0.84, 'task_loss': (0.119, 0.2029)}
{'epoch': 17, 'train_loss': 0.3213, 'train_acc': 0.8259, 'task_loss': (0.1113, 0.2099)}
{'epoch': 18, 'train_loss': 0.2561, 'train_acc': 0.8474, 'task_loss': (0.071, 0.1851)}
{'epoch': 19, 'train_loss': 0.2768, 'train_acc': 0.8437, 'task_loss': (0.0866, 0.1902)}
{'epoch': 20, 'train_loss': 0.2847, 'train_acc': 0.837, 'task_loss': (0.0965, 0.1882)}
{'epoch': 21, 'train_loss': 0.2637, 'train_acc': 0.8496, 'task_loss': (0.0818, 0.1819)}
{'epoch': 22, 'train_loss': 0.2425, 'train_acc': 0.8496, 'task_loss': (0.0762, 0.1663)}
{'epoch': 23, 'train_loss': 0.2782, 'train_acc': 0.8452, 'task_loss': (0.0857, 0.1925)}
{'epoch': 24, 'train_loss': 0.2196, 'train_acc': 0.8733, 'task_loss': (0.0599, 0.1596)}
{'epoch': 25, 'train_loss': 0.2539, 'train_acc': 0.8593, 'task_loss': (0.082, 0.1719)}
{'epoch': 26, 'train_loss': 0.2324, 'train_acc': 0.8504, 'task_loss': (0.0616, 0.1708)}
{'epoch': 27, 'train_loss': 0.2078, 'train_acc': 0.8733, 'task_loss': (0.0454, 0.1624)}
{'epoch': 28, 'train_loss': 0.1925, 'train_acc': 0.8696, 'task_loss': (0.0344, 0.1581)}
{'epoch': 29, 'train_loss': 0.226, 'train_acc': 0.8763, 'task_loss': (0.0714, 0.1545)}
{'epoch': 30, 'train_loss': 0.2191, 'train_acc': 0.8556, 'task_loss': (0.0526, 0.1664)}
{'epoch': 31, 'train_loss': 0.2293, 'train_acc': 0.8844, 'task_loss': (0.078, 0.1513)}
{'epoch': 32, 'train_loss': 0.2031, 'train_acc': 0.8667, 'task_loss': (0.0402, 0.1629)}
{'epoch': 33, 'train_loss': 0.2003, 'train_acc': 0.8807, 'task_loss': (0.0496, 0.1507)}
{'epoch': 34, 'train_loss': 0.2151, 'train_acc': 0.8704, 'task_loss': (0.055, 0.16)}
{'epoch': 35, 'train_loss': 0.1707, 'train_acc': 0.9067, 'task_loss': (0.0396, 0.131)}
{'epoch': 36, 'train_loss': 0.1874, 'train_acc': 0.8756, 'task_loss': (0.0394, 0.1479)}
{'epoch': 37, 'train_loss': 0.1701, 'train_acc': 0.8874, 'task_loss': (0.0393, 0.1308)}
{'epoch': 38, 'train_loss': 0.2374, 'train_acc': 0.8696, 'task_loss': (0.082, 0.1554)}
{'epoch': 39, 'train_loss': 0.1794, 'train_acc': 0.883, 'task_loss': (0.0366, 0.1428)}
{'epoch': 40, 'train_loss': 0.1766, 'train_acc': 0.883, 'task_loss': (0.0369, 0.1397)}
{'epoch': 41, 'train_loss': 0.1652, 'train_acc': 0.8978, 'task_loss': (0.0338, 0.1314)}
{'epoch': 42, 'train_loss': 0.1914, 'train_acc': 0.8919, 'task_loss': (0.0545, 0.1369)}
{'epoch': 43, 'train_loss': 0.179, 'train_acc': 0.8881, 'task_loss': (0.0428, 0.1362)}
{'epoch': 44, 'train_loss': 0.1471, 'train_acc': 0.903, 'task_loss': (0.0258, 0.1213)}
{'epoch': 45, 'train_loss': 0.1701, 'train_acc': 0.8948, 'task_loss': (0.0434, 0.1267)}
{'epoch': 46, 'train_loss': 0.1627, 'train_acc': 0.8978, 'task_loss': (0.0382, 0.1245)}
{'epoch': 47, 'train_loss': 0.1479, 'train_acc': 0.9067, 'task_loss': (0.0213, 0.1266)}
{'epoch': 48, 'train_loss': 0.1311, 'train_acc': 0.9111, 'task_loss': (0.0241, 0.107)}
{'epoch': 49, 'train_loss': 0.1254, 'train_acc': 0.9141, 'task_loss': (0.0174, 0.1081)}
{'epoch': 50, 'train_loss': 0.1356, 'train_acc': 0.9111, 'task_loss': (0.0291, 0.1065)}
{'epoch': 51, 'train_loss': 0.1426, 'train_acc': 0.9074, 'task_loss': (0.0252, 0.1174)}
{'epoch': 52, 'train_loss': 0.1105, 'train_acc': 0.9274, 'task_loss': (0.0171, 0.0934)}
{'epoch': 53, 'train_loss': 0.1487, 'train_acc': 0.917, 'task_loss': (0.0286, 0.12)}
{'epoch': 54, 'train_loss': 0.1171, 'train_acc': 0.9207, 'task_loss': (0.0203, 0.0968)}
{'epoch': 55, 'train_loss': 0.1533, 'train_acc': 0.9067, 'task_loss': (0.0327, 0.1206)}
{'epoch': 56, 'train_loss': 0.1118, 'train_acc': 0.9274, 'task_loss': (0.0189, 0.0929)}
{'epoch': 57, 'train_loss': 0.1127, 'train_acc': 0.9259, 'task_loss': (0.0176, 0.0951)}
{'epoch': 58, 'train_loss': 0.113, 'train_acc': 0.9222, 'task_loss': (0.0137, 0.0992)}
{'epoch': 59, 'train_loss': 0.11, 'train_acc': 0.923, 'task_loss': (0.0152, 0.0948)}
{'epoch': 60, 'train_loss': 0.1175, 'train_acc': 0.917, 'task_loss': (0.0181, 0.0994)}
{'epoch': 61, 'train_loss': 0.0938, 'train_acc': 0.9407, 'task_loss': (0.0109, 0.0829)}
{'epoch': 62, 'train_loss': 0.0925, 'train_acc': 0.9444, 'task_loss': (0.0159, 0.0766)}
{'epoch': 63, 'train_loss': 0.1152, 'train_acc': 0.9407, 'task_loss': (0.0361, 0.079)}
{'epoch': 64, 'train_loss': 0.1257, 'train_acc': 0.9148, 'task_loss': (0.0265, 0.0992)}
{'epoch': 65, 'train_loss': 0.1057, 'train_acc': 0.937, 'task_loss': (0.0199, 0.0859)}
{'epoch': 66, 'train_loss': 0.0928, 'train_acc': 0.9348, 'task_loss': (0.0103, 0.0824)}
{'epoch': 67, 'train_loss': 0.1046, 'train_acc': 0.9296, 'task_loss': (0.0177, 0.0869)}
{'epoch': 68, 'train_loss': 0.0999, 'train_acc': 0.9422, 'task_loss': (0.0122, 0.0877)}
{'epoch': 69, 'train_loss': 0.0775, 'train_acc': 0.9533, 'task_loss': (0.009, 0.0685)}
{'epoch': 70, 'train_loss': 0.091, 'train_acc': 0.9467, 'task_loss': (0.0171, 0.0739)}
{'epoch': 71, 'train_loss': 0.0845, 'train_acc': 0.9444, 'task_loss': (0.0113, 0.0732)}
{'epoch': 72, 'train_loss': 0.0798, 'train_acc': 0.9437, 'task_loss': (0.0097, 0.07)}
{'epoch': 73, 'train_loss': 0.0791, 'train_acc': 0.9378, 'task_loss': (0.0075, 0.0717)}
{'epoch': 74, 'train_loss': 0.0858, 'train_acc': 0.9385, 'task_loss': (0.0122, 0.0736)}
{'epoch': 75, 'train_loss': 0.0863, 'train_acc': 0.9496, 'task_loss': (0.0144, 0.0719)}
{'epoch': 76, 'train_loss': 0.0829, 'train_acc': 0.9504, 'task_loss': (0.0166, 0.0663)}
{'epoch': 77, 'train_loss': 0.0734, 'train_acc': 0.9519, 'task_loss': (0.0102, 0.0632)}
{'epoch': 78, 'train_loss': 0.086, 'train_acc': 0.9437, 'task_loss': (0.0108, 0.0752)}
{'epoch': 79, 'train_loss': 0.0815, 'train_acc': 0.9504, 'task_loss': (0.0141, 0.0673)}
{'epoch': 80, 'train_loss': 0.0837, 'train_acc': 0.9511, 'task_loss': (0.0218, 0.0619)}
{'epoch': 81, 'train_loss': 0.0772, 'train_acc': 0.9496, 'task_loss': (0.0109, 0.0663)}
{'epoch': 82, 'train_loss': 0.0859, 'train_acc': 0.9452, 'task_loss': (0.0115, 0.0744)}
{'epoch': 83, 'train_loss': 0.0768, 'train_acc': 0.9511, 'task_loss': (0.0099, 0.0669)}
{'epoch': 84, 'train_loss': 0.0747, 'train_acc': 0.9533, 'task_loss': (0.0105, 0.0642)}
{'epoch': 85, 'train_loss': 0.0685, 'train_acc': 0.9526, 'task_loss': (0.0093, 0.0593)}
{'epoch': 86, 'train_loss': 0.0755, 'train_acc': 0.9481, 'task_loss': (0.0096, 0.0659)}
{'epoch': 87, 'train_loss': 0.0634, 'train_acc': 0.9652, 'task_loss': (0.0059, 0.0575)}
{'epoch': 88, 'train_loss': 0.067, 'train_acc': 0.957, 'task_loss': (0.007, 0.06)}
{'epoch': 89, 'train_loss': 0.0812, 'train_acc': 0.9459, 'task_loss': (0.0133, 0.068)}
{'epoch': 90, 'train_loss': 0.0718, 'train_acc': 0.9637, 'task_loss': (0.009, 0.0627)}
{'epoch': 91, 'train_loss': 0.0643, 'train_acc': 0.963, 'task_loss': (0.0078, 0.0565)}
{'epoch': 92, 'train_loss': 0.0619, 'train_acc': 0.9593, 'task_loss': (0.0058, 0.0561)}
{'epoch': 93, 'train_loss': 0.0645, 'train_acc': 0.9622, 'task_loss': (0.0049, 0.0596)}
{'epoch': 94, 'train_loss': 0.0625, 'train_acc': 0.9622, 'task_loss': (0.0066, 0.0558)}
{'epoch': 95, 'train_loss': 0.0762, 'train_acc': 0.957, 'task_loss': (0.0062, 0.07)}
{'epoch': 96, 'train_loss': 0.0676, 'train_acc': 0.9593, 'task_loss': (0.0086, 0.059)}
{'epoch': 97, 'train_loss': 0.0626, 'train_acc': 0.9593, 'task_loss': (0.0041, 0.0586)}
{'epoch': 98, 'train_loss': 0.0695, 'train_acc': 0.9504, 'task_loss': (0.0071, 0.0623)}
{'epoch': 99, 'train_loss': 0.062, 'train_acc': 0.9607, 'task_loss': (0.0066, 0.0554)}
{'epoch': 100, 'train_loss': 0.0591, 'train_acc': 0.9578, 'task_loss': (0.0045, 0.0545)}
{'run_num': 2, 'final_test_err': 0.11524999999999996}
Files already downloaded and verified
Files already downloaded and verified
{'epoch': 1, 'train_loss': 0.8123, 'train_acc': 0.6481, 'task_loss': (0.3449, 0.4673)}
{'epoch': 2, 'train_loss': 0.7318, 'train_acc': 0.6652, 'task_loss': (0.3347, 0.3971)}
{'epoch': 3, 'train_loss': 0.5502, 'train_acc': 0.7326, 'task_loss': (0.225, 0.3253)}
{'epoch': 4, 'train_loss': 0.5078, 'train_acc': 0.7578, 'task_loss': (0.1978, 0.3099)}
{'epoch': 5, 'train_loss': 0.3895, 'train_acc': 0.7963, 'task_loss': (0.1369, 0.2527)}
{'epoch': 6, 'train_loss': 0.3175, 'train_acc': 0.8007, 'task_loss': (0.0704, 0.2471)}
{'epoch': 7, 'train_loss': 0.391, 'train_acc': 0.783, 'task_loss': (0.1341, 0.2568)}
{'epoch': 8, 'train_loss': 0.3402, 'train_acc': 0.8037, 'task_loss': (0.111, 0.2292)}
{'epoch': 9, 'train_loss': 0.3675, 'train_acc': 0.8059, 'task_loss': (0.1352, 0.2322)}
{'epoch': 10, 'train_loss': 0.4257, 'train_acc': 0.7793, 'task_loss': (0.187, 0.2387)}
{'epoch': 11, 'train_loss': 0.3566, 'train_acc': 0.8081, 'task_loss': (0.1179, 0.2388)}
{'epoch': 12, 'train_loss': 0.3236, 'train_acc': 0.8185, 'task_loss': (0.1082, 0.2154)}
{'epoch': 13, 'train_loss': 0.3445, 'train_acc': 0.817, 'task_loss': (0.1309, 0.2136)}
{'epoch': 14, 'train_loss': 0.292, 'train_acc': 0.8326, 'task_loss': (0.0856, 0.2064)}
{'epoch': 15, 'train_loss': 0.337, 'train_acc': 0.8148, 'task_loss': (0.125, 0.212)}
{'epoch': 16, 'train_loss': 0.2774, 'train_acc': 0.8467, 'task_loss': (0.0888, 0.1886)}
{'epoch': 17, 'train_loss': 0.2859, 'train_acc': 0.8259, 'task_loss': (0.0897, 0.1963)}
{'epoch': 18, 'train_loss': 0.2974, 'train_acc': 0.84, 'task_loss': (0.1022, 0.1952)}
{'epoch': 19, 'train_loss': 0.2779, 'train_acc': 0.84, 'task_loss': (0.0801, 0.1978)}
{'epoch': 20, 'train_loss': 0.2862, 'train_acc': 0.8437, 'task_loss': (0.109, 0.1772)}
{'epoch': 21, 'train_loss': 0.3126, 'train_acc': 0.8363, 'task_loss': (0.1242, 0.1883)}
{'epoch': 22, 'train_loss': 0.2343, 'train_acc': 0.8459, 'task_loss': (0.0488, 0.1855)}
{'epoch': 23, 'train_loss': 0.2484, 'train_acc': 0.8526, 'task_loss': (0.0756, 0.1728)}
{'epoch': 24, 'train_loss': 0.2466, 'train_acc': 0.8607, 'task_loss': (0.0633, 0.1833)}
{'epoch': 25, 'train_loss': 0.233, 'train_acc': 0.8607, 'task_loss': (0.0699, 0.1631)}
{'epoch': 26, 'train_loss': 0.19, 'train_acc': 0.8704, 'task_loss': (0.0369, 0.1531)}
{'epoch': 27, 'train_loss': 0.2295, 'train_acc': 0.88, 'task_loss': (0.0795, 0.1501)}
{'epoch': 28, 'train_loss': 0.2223, 'train_acc': 0.8822, 'task_loss': (0.072, 0.1503)}
{'epoch': 29, 'train_loss': 0.2402, 'train_acc': 0.8533, 'task_loss': (0.0574, 0.1828)}
{'epoch': 30, 'train_loss': 0.2128, 'train_acc': 0.8652, 'task_loss': (0.0484, 0.1644)}
{'epoch': 31, 'train_loss': 0.1922, 'train_acc': 0.8822, 'task_loss': (0.0445, 0.1477)}
{'epoch': 32, 'train_loss': 0.2037, 'train_acc': 0.8859, 'task_loss': (0.055, 0.1487)}
{'epoch': 33, 'train_loss': 0.1939, 'train_acc': 0.8867, 'task_loss': (0.0515, 0.1423)}
{'epoch': 34, 'train_loss': 0.1773, 'train_acc': 0.8881, 'task_loss': (0.0345, 0.1428)}
{'epoch': 35, 'train_loss': 0.2168, 'train_acc': 0.8704, 'task_loss': (0.0604, 0.1564)}
{'epoch': 36, 'train_loss': 0.169, 'train_acc': 0.897, 'task_loss': (0.0335, 0.1356)}
{'epoch': 37, 'train_loss': 0.1732, 'train_acc': 0.8956, 'task_loss': (0.0292, 0.144)}
{'epoch': 38, 'train_loss': 0.1733, 'train_acc': 0.8941, 'task_loss': (0.0379, 0.1354)}
{'epoch': 39, 'train_loss': 0.1804, 'train_acc': 0.8852, 'task_loss': (0.0396, 0.1407)}
{'epoch': 40, 'train_loss': 0.1518, 'train_acc': 0.9052, 'task_loss': (0.0277, 0.1241)}
{'epoch': 41, 'train_loss': 0.1473, 'train_acc': 0.9044, 'task_loss': (0.0213, 0.126)}
{'epoch': 42, 'train_loss': 0.2205, 'train_acc': 0.8874, 'task_loss': (0.0727, 0.1478)}
{'epoch': 43, 'train_loss': 0.1814, 'train_acc': 0.8978, 'task_loss': (0.0512, 0.1303)}
{'epoch': 44, 'train_loss': 0.1699, 'train_acc': 0.897, 'task_loss': (0.0327, 0.1372)}
{'epoch': 45, 'train_loss': 0.1468, 'train_acc': 0.9067, 'task_loss': (0.0309, 0.1158)}
{'epoch': 46, 'train_loss': 0.1465, 'train_acc': 0.9133, 'task_loss': (0.0355, 0.111)}
{'epoch': 47, 'train_loss': 0.1369, 'train_acc': 0.9215, 'task_loss': (0.0221, 0.1148)}
{'epoch': 48, 'train_loss': 0.1304, 'train_acc': 0.9059, 'task_loss': (0.0193, 0.1111)}
{'epoch': 49, 'train_loss': 0.1364, 'train_acc': 0.9178, 'task_loss': (0.0295, 0.1069)}
{'epoch': 50, 'train_loss': 0.1384, 'train_acc': 0.9222, 'task_loss': (0.0323, 0.1062)}
{'epoch': 51, 'train_loss': 0.1198, 'train_acc': 0.9296, 'task_loss': (0.0167, 0.1031)}
{'epoch': 52, 'train_loss': 0.1264, 'train_acc': 0.9281, 'task_loss': (0.0246, 0.1018)}
{'epoch': 53, 'train_loss': 0.1289, 'train_acc': 0.9185, 'task_loss': (0.0247, 0.1042)}
{'epoch': 54, 'train_loss': 0.106, 'train_acc': 0.9326, 'task_loss': (0.0185, 0.0875)}
{'epoch': 55, 'train_loss': 0.1375, 'train_acc': 0.9141, 'task_loss': (0.027, 0.1105)}
{'epoch': 56, 'train_loss': 0.1204, 'train_acc': 0.9237, 'task_loss': (0.0223, 0.0981)}
{'epoch': 57, 'train_loss': 0.1388, 'train_acc': 0.923, 'task_loss': (0.039, 0.0998)}
{'epoch': 58, 'train_loss': 0.1432, 'train_acc': 0.9222, 'task_loss': (0.0331, 0.1102)}
{'epoch': 59, 'train_loss': 0.1032, 'train_acc': 0.9304, 'task_loss': (0.0166, 0.0866)}
{'epoch': 60, 'train_loss': 0.0918, 'train_acc': 0.9474, 'task_loss': (0.016, 0.0758)}
{'epoch': 61, 'train_loss': 0.1205, 'train_acc': 0.9319, 'task_loss': (0.0236, 0.0969)}
{'epoch': 62, 'train_loss': 0.0973, 'train_acc': 0.9407, 'task_loss': (0.0143, 0.083)}
{'epoch': 63, 'train_loss': 0.1125, 'train_acc': 0.9393, 'task_loss': (0.0212, 0.0913)}
{'epoch': 64, 'train_loss': 0.0895, 'train_acc': 0.9437, 'task_loss': (0.0094, 0.0801)}
{'epoch': 65, 'train_loss': 0.0899, 'train_acc': 0.9378, 'task_loss': (0.0123, 0.0776)}
{'epoch': 66, 'train_loss': 0.0916, 'train_acc': 0.9356, 'task_loss': (0.0125, 0.0791)}
{'epoch': 67, 'train_loss': 0.0995, 'train_acc': 0.937, 'task_loss': (0.0137, 0.0858)}
{'epoch': 68, 'train_loss': 0.0934, 'train_acc': 0.9452, 'task_loss': (0.0209, 0.0725)}
{'epoch': 69, 'train_loss': 0.0924, 'train_acc': 0.94, 'task_loss': (0.0084, 0.084)}
{'epoch': 70, 'train_loss': 0.0983, 'train_acc': 0.9385, 'task_loss': (0.0194, 0.0789)}
{'epoch': 71, 'train_loss': 0.1005, 'train_acc': 0.9415, 'task_loss': (0.0188, 0.0817)}
{'epoch': 72, 'train_loss': 0.0984, 'train_acc': 0.9496, 'task_loss': (0.0247, 0.0737)}
{'epoch': 73, 'train_loss': 0.0929, 'train_acc': 0.9356, 'task_loss': (0.014, 0.079)}
{'epoch': 74, 'train_loss': 0.0956, 'train_acc': 0.9437, 'task_loss': (0.018, 0.0776)}
{'epoch': 75, 'train_loss': 0.0831, 'train_acc': 0.943, 'task_loss': (0.0122, 0.0709)}
{'epoch': 76, 'train_loss': 0.076, 'train_acc': 0.9489, 'task_loss': (0.0065, 0.0695)}
{'epoch': 77, 'train_loss': 0.0765, 'train_acc': 0.9519, 'task_loss': (0.0086, 0.0679)}
{'epoch': 78, 'train_loss': 0.09, 'train_acc': 0.9422, 'task_loss': (0.0152, 0.0748)}
{'epoch': 79, 'train_loss': 0.078, 'train_acc': 0.9467, 'task_loss': (0.0105, 0.0674)}
{'epoch': 80, 'train_loss': 0.0774, 'train_acc': 0.9474, 'task_loss': (0.0124, 0.065)}
{'epoch': 81, 'train_loss': 0.072, 'train_acc': 0.9563, 'task_loss': (0.0101, 0.0619)}
{'epoch': 82, 'train_loss': 0.0755, 'train_acc': 0.9467, 'task_loss': (0.0074, 0.0681)}
{'epoch': 83, 'train_loss': 0.0641, 'train_acc': 0.9563, 'task_loss': (0.0044, 0.0597)}
{'epoch': 84, 'train_loss': 0.0762, 'train_acc': 0.9533, 'task_loss': (0.0083, 0.0679)}
{'epoch': 85, 'train_loss': 0.068, 'train_acc': 0.9556, 'task_loss': (0.0074, 0.0606)}
{'epoch': 86, 'train_loss': 0.0751, 'train_acc': 0.9526, 'task_loss': (0.0106, 0.0645)}
{'epoch': 87, 'train_loss': 0.0646, 'train_acc': 0.9541, 'task_loss': (0.0066, 0.058)}
{'epoch': 88, 'train_loss': 0.0702, 'train_acc': 0.9533, 'task_loss': (0.0069, 0.0633)}
{'epoch': 89, 'train_loss': 0.07, 'train_acc': 0.9578, 'task_loss': (0.0069, 0.0631)}
{'epoch': 90, 'train_loss': 0.067, 'train_acc': 0.957, 'task_loss': (0.0042, 0.0629)}
{'epoch': 91, 'train_loss': 0.0715, 'train_acc': 0.9578, 'task_loss': (0.0071, 0.0644)}
{'epoch': 92, 'train_loss': 0.0744, 'train_acc': 0.9489, 'task_loss': (0.0087, 0.0658)}
{'epoch': 93, 'train_loss': 0.0638, 'train_acc': 0.957, 'task_loss': (0.0064, 0.0574)}
{'epoch': 94, 'train_loss': 0.073, 'train_acc': 0.9585, 'task_loss': (0.0087, 0.0643)}
{'epoch': 95, 'train_loss': 0.0663, 'train_acc': 0.9556, 'task_loss': (0.0082, 0.0581)}
{'epoch': 96, 'train_loss': 0.0814, 'train_acc': 0.9541, 'task_loss': (0.0205, 0.0608)}
{'epoch': 97, 'train_loss': 0.0743, 'train_acc': 0.9563, 'task_loss': (0.01, 0.0643)}
{'epoch': 98, 'train_loss': 0.0556, 'train_acc': 0.9652, 'task_loss': (0.0042, 0.0514)}
{'epoch': 99, 'train_loss': 0.0746, 'train_acc': 0.9541, 'task_loss': (0.0082, 0.0664)}
{'epoch': 100, 'train_loss': 0.0742, 'train_acc': 0.9585, 'task_loss': (0.0145, 0.0597)}
{'run_num': 3, 'final_test_err': 0.11175000000000002}
Files already downloaded and verified
Files already downloaded and verified
{'epoch': 1, 'train_loss': 0.8947, 'train_acc': 0.6259, 'task_loss': (0.3996, 0.4952)}
{'epoch': 2, 'train_loss': 0.7277, 'train_acc': 0.6837, 'task_loss': (0.3305, 0.3972)}
{'epoch': 3, 'train_loss': 0.5881, 'train_acc': 0.7237, 'task_loss': (0.2442, 0.3439)}
{'epoch': 4, 'train_loss': 0.5225, 'train_acc': 0.7311, 'task_loss': (0.2294, 0.293)}
{'epoch': 5, 'train_loss': 0.5165, 'train_acc': 0.7289, 'task_loss': (0.2106, 0.306)}
{'epoch': 6, 'train_loss': 0.406, 'train_acc': 0.7585, 'task_loss': (0.129, 0.2771)}
{'epoch': 7, 'train_loss': 0.4313, 'train_acc': 0.7644, 'task_loss': (0.1651, 0.2662)}
{'epoch': 8, 'train_loss': 0.4242, 'train_acc': 0.7689, 'task_loss': (0.1474, 0.2768)}
{'epoch': 9, 'train_loss': 0.3925, 'train_acc': 0.7896, 'task_loss': (0.1554, 0.2371)}
{'epoch': 10, 'train_loss': 0.3625, 'train_acc': 0.8037, 'task_loss': (0.1399, 0.2226)}
{'epoch': 11, 'train_loss': 0.2891, 'train_acc': 0.8281, 'task_loss': (0.0851, 0.204)}
{'epoch': 12, 'train_loss': 0.3367, 'train_acc': 0.8074, 'task_loss': (0.1177, 0.219)}
{'epoch': 13, 'train_loss': 0.3043, 'train_acc': 0.8207, 'task_loss': (0.0979, 0.2064)}
{'epoch': 14, 'train_loss': 0.2599, 'train_acc': 0.837, 'task_loss': (0.0778, 0.1821)}
{'epoch': 15, 'train_loss': 0.3079, 'train_acc': 0.8252, 'task_loss': (0.1027, 0.2053)}
{'epoch': 16, 'train_loss': 0.2624, 'train_acc': 0.8393, 'task_loss': (0.0769, 0.1855)}
{'epoch': 17, 'train_loss': 0.3164, 'train_acc': 0.8252, 'task_loss': (0.1063, 0.2101)}
{'epoch': 18, 'train_loss': 0.2873, 'train_acc': 0.837, 'task_loss': (0.0921, 0.1951)}
{'epoch': 19, 'train_loss': 0.2456, 'train_acc': 0.8563, 'task_loss': (0.0656, 0.18)}
{'epoch': 20, 'train_loss': 0.2497, 'train_acc': 0.8511, 'task_loss': (0.077, 0.1727)}
{'epoch': 21, 'train_loss': 0.263, 'train_acc': 0.8489, 'task_loss': (0.0921, 0.1709)}
{'epoch': 22, 'train_loss': 0.2843, 'train_acc': 0.8393, 'task_loss': (0.0913, 0.193)}
{'epoch': 23, 'train_loss': 0.267, 'train_acc': 0.8393, 'task_loss': (0.0877, 0.1793)}
{'epoch': 24, 'train_loss': 0.2384, 'train_acc': 0.8481, 'task_loss': (0.0592, 0.1792)}
{'epoch': 25, 'train_loss': 0.2299, 'train_acc': 0.8733, 'task_loss': (0.0737, 0.1562)}
{'epoch': 26, 'train_loss': 0.2481, 'train_acc': 0.8467, 'task_loss': (0.0728, 0.1753)}
{'epoch': 27, 'train_loss': 0.2164, 'train_acc': 0.8667, 'task_loss': (0.052, 0.1644)}
{'epoch': 28, 'train_loss': 0.1933, 'train_acc': 0.8815, 'task_loss': (0.0462, 0.1471)}
{'epoch': 29, 'train_loss': 0.2398, 'train_acc': 0.8593, 'task_loss': (0.0702, 0.1696)}
{'epoch': 30, 'train_loss': 0.1906, 'train_acc': 0.8867, 'task_loss': (0.0452, 0.1453)}
{'epoch': 31, 'train_loss': 0.202, 'train_acc': 0.8733, 'task_loss': (0.0516, 0.1505)}
{'epoch': 32, 'train_loss': 0.2032, 'train_acc': 0.8852, 'task_loss': (0.056, 0.1472)}
{'epoch': 33, 'train_loss': 0.1726, 'train_acc': 0.8933, 'task_loss': (0.0431, 0.1295)}
{'epoch': 34, 'train_loss': 0.1737, 'train_acc': 0.8904, 'task_loss': (0.0336, 0.1401)}
{'epoch': 35, 'train_loss': 0.1993, 'train_acc': 0.8911, 'task_loss': (0.0618, 0.1375)}
{'epoch': 36, 'train_loss': 0.1765, 'train_acc': 0.8896, 'task_loss': (0.0351, 0.1415)}
{'epoch': 37, 'train_loss': 0.1589, 'train_acc': 0.8985, 'task_loss': (0.0345, 0.1244)}
{'epoch': 38, 'train_loss': 0.1948, 'train_acc': 0.8859, 'task_loss': (0.0574, 0.1374)}
{'epoch': 39, 'train_loss': 0.1977, 'train_acc': 0.88, 'task_loss': (0.0539, 0.1438)}
{'epoch': 40, 'train_loss': 0.1944, 'train_acc': 0.8793, 'task_loss': (0.0486, 0.1457)}
{'epoch': 41, 'train_loss': 0.1647, 'train_acc': 0.8993, 'task_loss': (0.0351, 0.1296)}
{'epoch': 42, 'train_loss': 0.1928, 'train_acc': 0.8837, 'task_loss': (0.0534, 0.1394)}
{'epoch': 43, 'train_loss': 0.1256, 'train_acc': 0.9163, 'task_loss': (0.0195, 0.1061)}
{'epoch': 44, 'train_loss': 0.135, 'train_acc': 0.9133, 'task_loss': (0.0192, 0.1158)}
{'epoch': 45, 'train_loss': 0.1409, 'train_acc': 0.9148, 'task_loss': (0.0329, 0.108)}
{'epoch': 46, 'train_loss': 0.1533, 'train_acc': 0.9067, 'task_loss': (0.0298, 0.1235)}
{'epoch': 47, 'train_loss': 0.1476, 'train_acc': 0.9089, 'task_loss': (0.0329, 0.1147)}
{'epoch': 48, 'train_loss': 0.1458, 'train_acc': 0.9126, 'task_loss': (0.0362, 0.1095)}
{'epoch': 49, 'train_loss': 0.1303, 'train_acc': 0.9207, 'task_loss': (0.0181, 0.1122)}
{'epoch': 50, 'train_loss': 0.1136, 'train_acc': 0.923, 'task_loss': (0.0149, 0.0986)}
{'epoch': 51, 'train_loss': 0.1323, 'train_acc': 0.9163, 'task_loss': (0.0264, 0.1059)}
{'epoch': 52, 'train_loss': 0.1151, 'train_acc': 0.9319, 'task_loss': (0.0176, 0.0975)}
{'epoch': 53, 'train_loss': 0.116, 'train_acc': 0.9237, 'task_loss': (0.0181, 0.0979)}
{'epoch': 54, 'train_loss': 0.1076, 'train_acc': 0.9363, 'task_loss': (0.0139, 0.0937)}
{'epoch': 55, 'train_loss': 0.1091, 'train_acc': 0.9304, 'task_loss': (0.0191, 0.0899)}
{'epoch': 56, 'train_loss': 0.1187, 'train_acc': 0.9304, 'task_loss': (0.025, 0.0936)}
{'epoch': 57, 'train_loss': 0.1085, 'train_acc': 0.9267, 'task_loss': (0.0151, 0.0934)}
{'epoch': 58, 'train_loss': 0.096, 'train_acc': 0.9385, 'task_loss': (0.0122, 0.0838)}
{'epoch': 59, 'train_loss': 0.094, 'train_acc': 0.94, 'task_loss': (0.0104, 0.0837)}
{'epoch': 60, 'train_loss': 0.1011, 'train_acc': 0.9341, 'task_loss': (0.018, 0.083)}
{'epoch': 61, 'train_loss': 0.0975, 'train_acc': 0.9378, 'task_loss': (0.0134, 0.0841)}
{'epoch': 62, 'train_loss': 0.1236, 'train_acc': 0.9363, 'task_loss': (0.0334, 0.0902)}
{'epoch': 63, 'train_loss': 0.0876, 'train_acc': 0.9437, 'task_loss': (0.0118, 0.0759)}
{'epoch': 64, 'train_loss': 0.0867, 'train_acc': 0.9393, 'task_loss': (0.0077, 0.079)}
{'epoch': 65, 'train_loss': 0.0794, 'train_acc': 0.9504, 'task_loss': (0.0082, 0.0711)}
{'epoch': 66, 'train_loss': 0.0732, 'train_acc': 0.9489, 'task_loss': (0.0088, 0.0643)}
{'epoch': 67, 'train_loss': 0.098, 'train_acc': 0.94, 'task_loss': (0.0184, 0.0795)}
{'epoch': 68, 'train_loss': 0.0751, 'train_acc': 0.9511, 'task_loss': (0.0123, 0.0627)}
{'epoch': 69, 'train_loss': 0.0751, 'train_acc': 0.9541, 'task_loss': (0.0106, 0.0645)}
{'epoch': 70, 'train_loss': 0.0781, 'train_acc': 0.9526, 'task_loss': (0.0122, 0.0659)}
{'epoch': 71, 'train_loss': 0.0605, 'train_acc': 0.9593, 'task_loss': (0.0053, 0.0552)}
{'epoch': 72, 'train_loss': 0.0826, 'train_acc': 0.9459, 'task_loss': (0.0134, 0.0692)}
{'epoch': 73, 'train_loss': 0.079, 'train_acc': 0.9511, 'task_loss': (0.0052, 0.0737)}
{'epoch': 74, 'train_loss': 0.0708, 'train_acc': 0.9526, 'task_loss': (0.0088, 0.062)}
{'epoch': 75, 'train_loss': 0.0657, 'train_acc': 0.9526, 'task_loss': (0.007, 0.0587)}
{'epoch': 76, 'train_loss': 0.0757, 'train_acc': 0.9615, 'task_loss': (0.0153, 0.0604)}
{'epoch': 77, 'train_loss': 0.0762, 'train_acc': 0.943, 'task_loss': (0.0073, 0.0689)}
{'epoch': 78, 'train_loss': 0.0689, 'train_acc': 0.96, 'task_loss': (0.0065, 0.0623)}
{'epoch': 79, 'train_loss': 0.062, 'train_acc': 0.9622, 'task_loss': (0.0047, 0.0572)}
{'epoch': 80, 'train_loss': 0.0725, 'train_acc': 0.9489, 'task_loss': (0.009, 0.0635)}
{'epoch': 81, 'train_loss': 0.0686, 'train_acc': 0.9541, 'task_loss': (0.0074, 0.0612)}
{'epoch': 82, 'train_loss': 0.071, 'train_acc': 0.9526, 'task_loss': (0.0078, 0.0632)}
{'epoch': 83, 'train_loss': 0.0565, 'train_acc': 0.9667, 'task_loss': (0.0057, 0.0508)}
{'epoch': 84, 'train_loss': 0.0639, 'train_acc': 0.9519, 'task_loss': (0.0048, 0.0591)}
{'epoch': 85, 'train_loss': 0.0653, 'train_acc': 0.9585, 'task_loss': (0.0085, 0.0567)}
{'epoch': 86, 'train_loss': 0.0639, 'train_acc': 0.9548, 'task_loss': (0.0038, 0.0601)}
{'epoch': 87, 'train_loss': 0.0705, 'train_acc': 0.96, 'task_loss': (0.0052, 0.0653)}
{'epoch': 88, 'train_loss': 0.0699, 'train_acc': 0.9511, 'task_loss': (0.0069, 0.063)}
{'epoch': 89, 'train_loss': 0.0617, 'train_acc': 0.9615, 'task_loss': (0.0074, 0.0544)}
{'epoch': 90, 'train_loss': 0.07, 'train_acc': 0.957, 'task_loss': (0.0108, 0.0592)}
{'epoch': 91, 'train_loss': 0.059, 'train_acc': 0.9667, 'task_loss': (0.0047, 0.0543)}
{'epoch': 92, 'train_loss': 0.0536, 'train_acc': 0.9689, 'task_loss': (0.0055, 0.0481)}
{'epoch': 93, 'train_loss': 0.0613, 'train_acc': 0.9607, 'task_loss': (0.004, 0.0573)}
{'epoch': 94, 'train_loss': 0.0642, 'train_acc': 0.9548, 'task_loss': (0.0044, 0.0598)}
{'epoch': 95, 'train_loss': 0.0665, 'train_acc': 0.9622, 'task_loss': (0.0085, 0.058)}
{'epoch': 96, 'train_loss': 0.0555, 'train_acc': 0.9644, 'task_loss': (0.0072, 0.0483)}
{'epoch': 97, 'train_loss': 0.0656, 'train_acc': 0.9607, 'task_loss': (0.0089, 0.0568)}
{'epoch': 98, 'train_loss': 0.0606, 'train_acc': 0.963, 'task_loss': (0.0095, 0.0511)}
{'epoch': 99, 'train_loss': 0.0576, 'train_acc': 0.9659, 'task_loss': (0.0044, 0.0532)}
{'epoch': 100, 'train_loss': 0.0607, 'train_acc': 0.9659, 'task_loss': (0.0058, 0.0549)}
{'run_num': 4, 'final_test_err': 0.11550000000000005}
Files already downloaded and verified
Files already downloaded and verified
{'epoch': 1, 'train_loss': 1.1667, 'train_acc': 0.6407, 'task_loss': (0.5467, 0.62)}
{'epoch': 2, 'train_loss': 0.6365, 'train_acc': 0.7111, 'task_loss': (0.27, 0.3666)}
{'epoch': 3, 'train_loss': 0.6786, 'train_acc': 0.7037, 'task_loss': (0.3064, 0.3722)}
{'epoch': 4, 'train_loss': 0.5492, 'train_acc': 0.717, 'task_loss': (0.2104, 0.3388)}
{'epoch': 5, 'train_loss': 0.3936, 'train_acc': 0.7511, 'task_loss': (0.1163, 0.2773)}
{'epoch': 6, 'train_loss': 0.4321, 'train_acc': 0.7719, 'task_loss': (0.1756, 0.2565)}
{'epoch': 7, 'train_loss': 0.4507, 'train_acc': 0.7807, 'task_loss': (0.1941, 0.2566)}
{'epoch': 8, 'train_loss': 0.4203, 'train_acc': 0.7741, 'task_loss': (0.1669, 0.2534)}
{'epoch': 9, 'train_loss': 0.3597, 'train_acc': 0.7852, 'task_loss': (0.1205, 0.2392)}
{'epoch': 10, 'train_loss': 0.4559, 'train_acc': 0.7793, 'task_loss': (0.2211, 0.2348)}
{'epoch': 11, 'train_loss': 0.3314, 'train_acc': 0.7837, 'task_loss': (0.0921, 0.2393)}
{'epoch': 12, 'train_loss': 0.3237, 'train_acc': 0.8244, 'task_loss': (0.1167, 0.2069)}
{'epoch': 13, 'train_loss': 0.3054, 'train_acc': 0.837, 'task_loss': (0.1128, 0.1927)}
{'epoch': 14, 'train_loss': 0.3047, 'train_acc': 0.8193, 'task_loss': (0.0961, 0.2086)}
{'epoch': 15, 'train_loss': 0.2729, 'train_acc': 0.8378, 'task_loss': (0.0816, 0.1914)}
{'epoch': 16, 'train_loss': 0.2958, 'train_acc': 0.8215, 'task_loss': (0.0856, 0.2102)}
{'epoch': 17, 'train_loss': 0.2242, 'train_acc': 0.8659, 'task_loss': (0.0621, 0.1621)}
{'epoch': 18, 'train_loss': 0.278, 'train_acc': 0.857, 'task_loss': (0.1043, 0.1737)}
{'epoch': 19, 'train_loss': 0.2981, 'train_acc': 0.8274, 'task_loss': (0.0984, 0.1997)}
{'epoch': 20, 'train_loss': 0.2429, 'train_acc': 0.8467, 'task_loss': (0.0637, 0.1793)}
{'epoch': 21, 'train_loss': 0.2666, 'train_acc': 0.8667, 'task_loss': (0.0959, 0.1707)}
{'epoch': 22, 'train_loss': 0.2259, 'train_acc': 0.8615, 'task_loss': (0.054, 0.1719)}
{'epoch': 23, 'train_loss': 0.1923, 'train_acc': 0.8748, 'task_loss': (0.0402, 0.1521)}
{'epoch': 24, 'train_loss': 0.2311, 'train_acc': 0.8667, 'task_loss': (0.0683, 0.1628)}
{'epoch': 25, 'train_loss': 0.2435, 'train_acc': 0.8519, 'task_loss': (0.0663, 0.1772)}
{'epoch': 26, 'train_loss': 0.2209, 'train_acc': 0.8681, 'task_loss': (0.0554, 0.1655)}
{'epoch': 27, 'train_loss': 0.2419, 'train_acc': 0.8726, 'task_loss': (0.0823, 0.1596)}
{'epoch': 28, 'train_loss': 0.237, 'train_acc': 0.8637, 'task_loss': (0.0686, 0.1684)}
{'epoch': 29, 'train_loss': 0.2464, 'train_acc': 0.8526, 'task_loss': (0.0791, 0.1674)}
{'epoch': 30, 'train_loss': 0.2064, 'train_acc': 0.8889, 'task_loss': (0.056, 0.1504)}
{'epoch': 31, 'train_loss': 0.2142, 'train_acc': 0.8652, 'task_loss': (0.0556, 0.1586)}
{'epoch': 32, 'train_loss': 0.1888, 'train_acc': 0.8859, 'task_loss': (0.0456, 0.1432)}
{'epoch': 33, 'train_loss': 0.1818, 'train_acc': 0.8837, 'task_loss': (0.0383, 0.1435)}
{'epoch': 34, 'train_loss': 0.1634, 'train_acc': 0.9096, 'task_loss': (0.0361, 0.1274)}
{'epoch': 35, 'train_loss': 0.2028, 'train_acc': 0.9007, 'task_loss': (0.064, 0.1388)}
{'epoch': 36, 'train_loss': 0.192, 'train_acc': 0.877, 'task_loss': (0.0413, 0.1507)}
{'epoch': 37, 'train_loss': 0.1654, 'train_acc': 0.897, 'task_loss': (0.0323, 0.1331)}
{'epoch': 38, 'train_loss': 0.1606, 'train_acc': 0.8881, 'task_loss': (0.0289, 0.1317)}
{'epoch': 39, 'train_loss': 0.2034, 'train_acc': 0.8904, 'task_loss': (0.0647, 0.1387)}
{'epoch': 40, 'train_loss': 0.1587, 'train_acc': 0.9052, 'task_loss': (0.0306, 0.1281)}
{'epoch': 41, 'train_loss': 0.1522, 'train_acc': 0.9052, 'task_loss': (0.0351, 0.1171)}
{'epoch': 42, 'train_loss': 0.1725, 'train_acc': 0.9, 'task_loss': (0.0385, 0.1339)}
{'epoch': 43, 'train_loss': 0.1478, 'train_acc': 0.9104, 'task_loss': (0.0316, 0.1163)}
{'epoch': 44, 'train_loss': 0.1398, 'train_acc': 0.9044, 'task_loss': (0.0212, 0.1186)}
{'epoch': 45, 'train_loss': 0.1509, 'train_acc': 0.9111, 'task_loss': (0.0383, 0.1126)}
{'epoch': 46, 'train_loss': 0.1643, 'train_acc': 0.9037, 'task_loss': (0.0446, 0.1197)}
{'epoch': 47, 'train_loss': 0.1427, 'train_acc': 0.8993, 'task_loss': (0.0185, 0.1242)}
{'epoch': 48, 'train_loss': 0.1318, 'train_acc': 0.9178, 'task_loss': (0.0226, 0.1092)}
{'epoch': 49, 'train_loss': 0.1186, 'train_acc': 0.923, 'task_loss': (0.0195, 0.0991)}
{'epoch': 50, 'train_loss': 0.1313, 'train_acc': 0.9126, 'task_loss': (0.0242, 0.1072)}
{'epoch': 51, 'train_loss': 0.1201, 'train_acc': 0.9163, 'task_loss': (0.0181, 0.1019)}
{'epoch': 52, 'train_loss': 0.1289, 'train_acc': 0.9252, 'task_loss': (0.0295, 0.0994)}
{'epoch': 53, 'train_loss': 0.1272, 'train_acc': 0.9089, 'task_loss': (0.0214, 0.1058)}
{'epoch': 54, 'train_loss': 0.1381, 'train_acc': 0.917, 'task_loss': (0.0302, 0.1078)}
{'epoch': 55, 'train_loss': 0.1201, 'train_acc': 0.9319, 'task_loss': (0.0241, 0.096)}
{'epoch': 56, 'train_loss': 0.1112, 'train_acc': 0.9259, 'task_loss': (0.0172, 0.094)}
{'epoch': 57, 'train_loss': 0.1048, 'train_acc': 0.9281, 'task_loss': (0.0152, 0.0896)}
{'epoch': 58, 'train_loss': 0.0977, 'train_acc': 0.9378, 'task_loss': (0.0141, 0.0836)}
{'epoch': 59, 'train_loss': 0.1011, 'train_acc': 0.94, 'task_loss': (0.0178, 0.0832)}
{'epoch': 60, 'train_loss': 0.1043, 'train_acc': 0.9304, 'task_loss': (0.0188, 0.0855)}
{'epoch': 61, 'train_loss': 0.0982, 'train_acc': 0.9341, 'task_loss': (0.0121, 0.0861)}
{'epoch': 62, 'train_loss': 0.0902, 'train_acc': 0.9356, 'task_loss': (0.007, 0.0832)}
{'epoch': 63, 'train_loss': 0.0937, 'train_acc': 0.9378, 'task_loss': (0.0147, 0.079)}
{'epoch': 64, 'train_loss': 0.1087, 'train_acc': 0.9333, 'task_loss': (0.0237, 0.085)}
{'epoch': 65, 'train_loss': 0.1083, 'train_acc': 0.94, 'task_loss': (0.0228, 0.0854)}
{'epoch': 66, 'train_loss': 0.119, 'train_acc': 0.9385, 'task_loss': (0.0348, 0.0841)}
{'epoch': 67, 'train_loss': 0.0993, 'train_acc': 0.9289, 'task_loss': (0.0117, 0.0876)}
{'epoch': 68, 'train_loss': 0.0884, 'train_acc': 0.9393, 'task_loss': (0.012, 0.0764)}
{'epoch': 69, 'train_loss': 0.0943, 'train_acc': 0.9385, 'task_loss': (0.0178, 0.0765)}
{'epoch': 70, 'train_loss': 0.0902, 'train_acc': 0.9422, 'task_loss': (0.0141, 0.0761)}
{'epoch': 71, 'train_loss': 0.0905, 'train_acc': 0.9319, 'task_loss': (0.0077, 0.0828)}
{'epoch': 72, 'train_loss': 0.0818, 'train_acc': 0.9481, 'task_loss': (0.0097, 0.0721)}
{'epoch': 73, 'train_loss': 0.0758, 'train_acc': 0.9481, 'task_loss': (0.0123, 0.0635)}
{'epoch': 74, 'train_loss': 0.0816, 'train_acc': 0.9444, 'task_loss': (0.013, 0.0685)}
{'epoch': 75, 'train_loss': 0.0831, 'train_acc': 0.943, 'task_loss': (0.0092, 0.0739)}
{'epoch': 76, 'train_loss': 0.0794, 'train_acc': 0.9519, 'task_loss': (0.0102, 0.0691)}
{'epoch': 77, 'train_loss': 0.0659, 'train_acc': 0.9585, 'task_loss': (0.0073, 0.0586)}
{'epoch': 78, 'train_loss': 0.0691, 'train_acc': 0.9541, 'task_loss': (0.0037, 0.0654)}
{'epoch': 79, 'train_loss': 0.0666, 'train_acc': 0.9563, 'task_loss': (0.0052, 0.0615)}
{'epoch': 80, 'train_loss': 0.0845, 'train_acc': 0.9481, 'task_loss': (0.0143, 0.0702)}
{'epoch': 81, 'train_loss': 0.0774, 'train_acc': 0.9481, 'task_loss': (0.0093, 0.0681)}
{'epoch': 82, 'train_loss': 0.0751, 'train_acc': 0.9474, 'task_loss': (0.0066, 0.0685)}
{'epoch': 83, 'train_loss': 0.0828, 'train_acc': 0.9578, 'task_loss': (0.0235, 0.0593)}
{'epoch': 84, 'train_loss': 0.0785, 'train_acc': 0.9504, 'task_loss': (0.0085, 0.07)}
{'epoch': 85, 'train_loss': 0.09, 'train_acc': 0.9593, 'task_loss': (0.0363, 0.0536)}
{'epoch': 86, 'train_loss': 0.0742, 'train_acc': 0.9511, 'task_loss': (0.0123, 0.0619)}
{'epoch': 87, 'train_loss': 0.0669, 'train_acc': 0.9533, 'task_loss': (0.0085, 0.0584)}
{'epoch': 88, 'train_loss': 0.0675, 'train_acc': 0.9585, 'task_loss': (0.0089, 0.0586)}
{'epoch': 89, 'train_loss': 0.0729, 'train_acc': 0.9652, 'task_loss': (0.0115, 0.0614)}
{'epoch': 90, 'train_loss': 0.0679, 'train_acc': 0.9556, 'task_loss': (0.0064, 0.0615)}
{'epoch': 91, 'train_loss': 0.0635, 'train_acc': 0.957, 'task_loss': (0.0074, 0.0561)}
{'epoch': 92, 'train_loss': 0.0666, 'train_acc': 0.9578, 'task_loss': (0.0058, 0.0608)}
{'epoch': 93, 'train_loss': 0.0684, 'train_acc': 0.9481, 'task_loss': (0.0068, 0.0616)}
{'epoch': 94, 'train_loss': 0.0787, 'train_acc': 0.9496, 'task_loss': (0.0098, 0.0689)}
{'epoch': 95, 'train_loss': 0.0581, 'train_acc': 0.9593, 'task_loss': (0.0027, 0.0554)}
{'epoch': 96, 'train_loss': 0.0686, 'train_acc': 0.9556, 'task_loss': (0.0085, 0.0602)}
{'epoch': 97, 'train_loss': 0.0596, 'train_acc': 0.9622, 'task_loss': (0.0046, 0.055)}
{'epoch': 98, 'train_loss': 0.0726, 'train_acc': 0.9548, 'task_loss': (0.0107, 0.062)}
{'epoch': 99, 'train_loss': 0.0632, 'train_acc': 0.9585, 'task_loss': (0.0061, 0.0571)}
{'epoch': 100, 'train_loss': 0.0722, 'train_acc': 0.9452, 'task_loss': (0.0054, 0.0668)}
{'run_num': 5, 'final_test_err': 0.10950000000000004}
Files already downloaded and verified
Files already downloaded and verified
{'epoch': 1, 'train_loss': 0.8837, 'train_acc': 0.6422, 'task_loss': (0.3607, 0.5231)}
{'epoch': 2, 'train_loss': 0.6912, 'train_acc': 0.6452, 'task_loss': (0.2856, 0.4055)}
{'epoch': 3, 'train_loss': 0.6809, 'train_acc': 0.6881, 'task_loss': (0.2647, 0.4162)}
{'epoch': 4, 'train_loss': 0.5447, 'train_acc': 0.7163, 'task_loss': (0.2276, 0.3171)}
{'epoch': 5, 'train_loss': 0.5032, 'train_acc': 0.7533, 'task_loss': (0.2075, 0.2957)}
{'epoch': 6, 'train_loss': 0.3491, 'train_acc': 0.797, 'task_loss': (0.1089, 0.2401)}
{'epoch': 7, 'train_loss': 0.3956, 'train_acc': 0.7859, 'task_loss': (0.1468, 0.2488)}
{'epoch': 8, 'train_loss': 0.3574, 'train_acc': 0.7956, 'task_loss': (0.1288, 0.2286)}
{'epoch': 9, 'train_loss': 0.367, 'train_acc': 0.8193, 'task_loss': (0.1453, 0.2216)}
{'epoch': 10, 'train_loss': 0.3689, 'train_acc': 0.7837, 'task_loss': (0.1382, 0.2307)}
{'epoch': 11, 'train_loss': 0.3737, 'train_acc': 0.7919, 'task_loss': (0.1393, 0.2344)}
{'epoch': 12, 'train_loss': 0.3539, 'train_acc': 0.7963, 'task_loss': (0.1244, 0.2296)}
{'epoch': 13, 'train_loss': 0.3427, 'train_acc': 0.8, 'task_loss': (0.1168, 0.2259)}
{'epoch': 14, 'train_loss': 0.3393, 'train_acc': 0.8, 'task_loss': (0.1142, 0.2251)}
{'epoch': 15, 'train_loss': 0.302, 'train_acc': 0.8393, 'task_loss': (0.0944, 0.2075)}
{'epoch': 16, 'train_loss': 0.2531, 'train_acc': 0.8393, 'task_loss': (0.0646, 0.1886)}
{'epoch': 17, 'train_loss': 0.2503, 'train_acc': 0.8437, 'task_loss': (0.0679, 0.1824)}
{'epoch': 18, 'train_loss': 0.2305, 'train_acc': 0.8519, 'task_loss': (0.05, 0.1804)}
{'epoch': 19, 'train_loss': 0.2353, 'train_acc': 0.8519, 'task_loss': (0.0595, 0.1758)}
{'epoch': 20, 'train_loss': 0.2437, 'train_acc': 0.8578, 'task_loss': (0.0675, 0.1762)}
{'epoch': 21, 'train_loss': 0.3044, 'train_acc': 0.843, 'task_loss': (0.115, 0.1894)}
{'epoch': 22, 'train_loss': 0.2627, 'train_acc': 0.8519, 'task_loss': (0.0719, 0.1908)}
{'epoch': 23, 'train_loss': 0.2671, 'train_acc': 0.8356, 'task_loss': (0.0799, 0.1873)}
{'epoch': 24, 'train_loss': 0.2134, 'train_acc': 0.8689, 'task_loss': (0.0611, 0.1523)}
{'epoch': 25, 'train_loss': 0.2604, 'train_acc': 0.8489, 'task_loss': (0.0758, 0.1846)}
{'epoch': 26, 'train_loss': 0.2399, 'train_acc': 0.8541, 'task_loss': (0.0649, 0.1749)}
{'epoch': 27, 'train_loss': 0.2042, 'train_acc': 0.8756, 'task_loss': (0.0513, 0.1529)}
{'epoch': 28, 'train_loss': 0.2476, 'train_acc': 0.8659, 'task_loss': (0.0799, 0.1677)}
{'epoch': 29, 'train_loss': 0.2044, 'train_acc': 0.8652, 'task_loss': (0.0449, 0.1595)}
{'epoch': 30, 'train_loss': 0.2457, 'train_acc': 0.8652, 'task_loss': (0.0832, 0.1625)}
{'epoch': 31, 'train_loss': 0.2032, 'train_acc': 0.8815, 'task_loss': (0.0487, 0.1545)}
{'epoch': 32, 'train_loss': 0.1858, 'train_acc': 0.8763, 'task_loss': (0.0336, 0.1522)}
{'epoch': 33, 'train_loss': 0.2039, 'train_acc': 0.8607, 'task_loss': (0.0376, 0.1663)}
{'epoch': 34, 'train_loss': 0.1846, 'train_acc': 0.883, 'task_loss': (0.0499, 0.1347)}
{'epoch': 35, 'train_loss': 0.1869, 'train_acc': 0.8822, 'task_loss': (0.0412, 0.1457)}
{'epoch': 36, 'train_loss': 0.2048, 'train_acc': 0.8933, 'task_loss': (0.0667, 0.1381)}
{'epoch': 37, 'train_loss': 0.1889, 'train_acc': 0.8807, 'task_loss': (0.0424, 0.1465)}
{'epoch': 38, 'train_loss': 0.1457, 'train_acc': 0.9015, 'task_loss': (0.0246, 0.1211)}
{'epoch': 39, 'train_loss': 0.1344, 'train_acc': 0.9067, 'task_loss': (0.0195, 0.1149)}
{'epoch': 40, 'train_loss': 0.1901, 'train_acc': 0.8933, 'task_loss': (0.0654, 0.1248)}
{'epoch': 41, 'train_loss': 0.1765, 'train_acc': 0.8881, 'task_loss': (0.0371, 0.1394)}
{'epoch': 42, 'train_loss': 0.1527, 'train_acc': 0.8948, 'task_loss': (0.0254, 0.1273)}
{'epoch': 43, 'train_loss': 0.1509, 'train_acc': 0.9156, 'task_loss': (0.0285, 0.1224)}
{'epoch': 44, 'train_loss': 0.1422, 'train_acc': 0.9141, 'task_loss': (0.0336, 0.1086)}
{'epoch': 45, 'train_loss': 0.1467, 'train_acc': 0.9126, 'task_loss': (0.0313, 0.1154)}
{'epoch': 46, 'train_loss': 0.152, 'train_acc': 0.903, 'task_loss': (0.0349, 0.1171)}
{'epoch': 47, 'train_loss': 0.1662, 'train_acc': 0.8911, 'task_loss': (0.0286, 0.1377)}
{'epoch': 48, 'train_loss': 0.165, 'train_acc': 0.9059, 'task_loss': (0.0413, 0.1237)}
{'epoch': 49, 'train_loss': 0.1402, 'train_acc': 0.9141, 'task_loss': (0.025, 0.1152)}
{'epoch': 50, 'train_loss': 0.1544, 'train_acc': 0.9059, 'task_loss': (0.037, 0.1174)}
{'epoch': 51, 'train_loss': 0.1579, 'train_acc': 0.9133, 'task_loss': (0.0454, 0.1126)}
{'epoch': 52, 'train_loss': 0.1405, 'train_acc': 0.9163, 'task_loss': (0.0147, 0.1257)}
{'epoch': 53, 'train_loss': 0.1198, 'train_acc': 0.9304, 'task_loss': (0.0199, 0.0999)}
{'epoch': 54, 'train_loss': 0.1124, 'train_acc': 0.9215, 'task_loss': (0.0133, 0.0992)}
{'epoch': 55, 'train_loss': 0.1031, 'train_acc': 0.9326, 'task_loss': (0.0162, 0.0869)}
{'epoch': 56, 'train_loss': 0.1131, 'train_acc': 0.9341, 'task_loss': (0.0224, 0.0906)}
{'epoch': 57, 'train_loss': 0.1087, 'train_acc': 0.9281, 'task_loss': (0.0164, 0.0923)}
{'epoch': 58, 'train_loss': 0.124, 'train_acc': 0.9193, 'task_loss': (0.0286, 0.0954)}
{'epoch': 59, 'train_loss': 0.1339, 'train_acc': 0.9274, 'task_loss': (0.038, 0.0959)}
{'epoch': 60, 'train_loss': 0.1059, 'train_acc': 0.9296, 'task_loss': (0.0118, 0.0942)}
{'epoch': 61, 'train_loss': 0.1117, 'train_acc': 0.9341, 'task_loss': (0.0207, 0.0909)}
{'epoch': 62, 'train_loss': 0.1461, 'train_acc': 0.9156, 'task_loss': (0.0484, 0.0977)}
{'epoch': 63, 'train_loss': 0.1105, 'train_acc': 0.9252, 'task_loss': (0.0164, 0.0941)}
{'epoch': 64, 'train_loss': 0.1042, 'train_acc': 0.9319, 'task_loss': (0.0154, 0.0888)}
{'epoch': 65, 'train_loss': 0.0911, 'train_acc': 0.9415, 'task_loss': (0.0138, 0.0773)}
{'epoch': 66, 'train_loss': 0.1031, 'train_acc': 0.9296, 'task_loss': (0.0084, 0.0946)}
{'epoch': 67, 'train_loss': 0.1415, 'train_acc': 0.9378, 'task_loss': (0.0603, 0.0811)}
{'epoch': 68, 'train_loss': 0.0999, 'train_acc': 0.9319, 'task_loss': (0.0067, 0.0933)}
{'epoch': 69, 'train_loss': 0.1167, 'train_acc': 0.9407, 'task_loss': (0.0343, 0.0825)}
{'epoch': 70, 'train_loss': 0.0947, 'train_acc': 0.9407, 'task_loss': (0.0139, 0.0808)}
{'epoch': 71, 'train_loss': 0.0846, 'train_acc': 0.943, 'task_loss': (0.0088, 0.0759)}
{'epoch': 72, 'train_loss': 0.0902, 'train_acc': 0.9459, 'task_loss': (0.0138, 0.0764)}
{'epoch': 73, 'train_loss': 0.0821, 'train_acc': 0.9541, 'task_loss': (0.0142, 0.0679)}
{'epoch': 74, 'train_loss': 0.0903, 'train_acc': 0.9341, 'task_loss': (0.0114, 0.0789)}
{'epoch': 75, 'train_loss': 0.0829, 'train_acc': 0.9533, 'task_loss': (0.0118, 0.0711)}
{'epoch': 76, 'train_loss': 0.0818, 'train_acc': 0.9437, 'task_loss': (0.0079, 0.0739)}
{'epoch': 77, 'train_loss': 0.0842, 'train_acc': 0.9467, 'task_loss': (0.0122, 0.072)}
{'epoch': 78, 'train_loss': 0.0841, 'train_acc': 0.9467, 'task_loss': (0.0082, 0.0759)}
{'epoch': 79, 'train_loss': 0.0737, 'train_acc': 0.9504, 'task_loss': (0.0107, 0.063)}
{'epoch': 80, 'train_loss': 0.0787, 'train_acc': 0.9481, 'task_loss': (0.0121, 0.0666)}
{'epoch': 81, 'train_loss': 0.0796, 'train_acc': 0.9489, 'task_loss': (0.0135, 0.066)}
{'epoch': 82, 'train_loss': 0.0843, 'train_acc': 0.9467, 'task_loss': (0.0173, 0.067)}
{'epoch': 83, 'train_loss': 0.0685, 'train_acc': 0.9578, 'task_loss': (0.0058, 0.0627)}
{'epoch': 84, 'train_loss': 0.0706, 'train_acc': 0.9585, 'task_loss': (0.0078, 0.0628)}
{'epoch': 85, 'train_loss': 0.067, 'train_acc': 0.963, 'task_loss': (0.0059, 0.0611)}
{'epoch': 86, 'train_loss': 0.0766, 'train_acc': 0.9504, 'task_loss': (0.007, 0.0696)}
{'epoch': 87, 'train_loss': 0.0704, 'train_acc': 0.9511, 'task_loss': (0.0049, 0.0655)}
{'epoch': 88, 'train_loss': 0.0808, 'train_acc': 0.9481, 'task_loss': (0.0123, 0.0685)}
{'epoch': 89, 'train_loss': 0.0841, 'train_acc': 0.9481, 'task_loss': (0.0118, 0.0723)}
{'epoch': 90, 'train_loss': 0.0693, 'train_acc': 0.9519, 'task_loss': (0.0074, 0.0619)}
{'epoch': 91, 'train_loss': 0.0651, 'train_acc': 0.9563, 'task_loss': (0.0063, 0.0588)}
{'epoch': 92, 'train_loss': 0.0737, 'train_acc': 0.9541, 'task_loss': (0.0089, 0.0648)}
{'epoch': 93, 'train_loss': 0.0737, 'train_acc': 0.963, 'task_loss': (0.0129, 0.0608)}
{'epoch': 94, 'train_loss': 0.0725, 'train_acc': 0.9585, 'task_loss': (0.008, 0.0645)}
{'epoch': 95, 'train_loss': 0.072, 'train_acc': 0.9504, 'task_loss': (0.008, 0.0639)}
{'epoch': 96, 'train_loss': 0.0807, 'train_acc': 0.9489, 'task_loss': (0.009, 0.0718)}
{'epoch': 97, 'train_loss': 0.0689, 'train_acc': 0.9563, 'task_loss': (0.0079, 0.061)}
{'epoch': 98, 'train_loss': 0.083, 'train_acc': 0.9533, 'task_loss': (0.0197, 0.0633)}
{'epoch': 99, 'train_loss': 0.0612, 'train_acc': 0.9637, 'task_loss': (0.0043, 0.0569)}
{'epoch': 100, 'train_loss': 0.0649, 'train_acc': 0.96, 'task_loss': (0.006, 0.0589)}
{'run_num': 6, 'final_test_err': 0.10975000000000001}
Files already downloaded and verified
Files already downloaded and verified
{'epoch': 1, 'train_loss': 0.9622, 'train_acc': 0.6207, 'task_loss': (0.4394, 0.5229)}
{'epoch': 2, 'train_loss': 0.9251, 'train_acc': 0.6748, 'task_loss': (0.4107, 0.5144)}
{'epoch': 3, 'train_loss': 0.5234, 'train_acc': 0.7067, 'task_loss': (0.1978, 0.3256)}
{'epoch': 4, 'train_loss': 0.5116, 'train_acc': 0.7415, 'task_loss': (0.2067, 0.3049)}
{'epoch': 5, 'train_loss': 0.4828, 'train_acc': 0.74, 'task_loss': (0.1893, 0.2936)}
{'epoch': 6, 'train_loss': 0.4096, 'train_acc': 0.7452, 'task_loss': (0.1138, 0.2958)}
{'epoch': 7, 'train_loss': 0.4139, 'train_acc': 0.7741, 'task_loss': (0.1499, 0.264)}
{'epoch': 8, 'train_loss': 0.4384, 'train_acc': 0.7481, 'task_loss': (0.1673, 0.2711)}
{'epoch': 9, 'train_loss': 0.3065, 'train_acc': 0.8067, 'task_loss': (0.0965, 0.21)}
{'epoch': 10, 'train_loss': 0.4082, 'train_acc': 0.8, 'task_loss': (0.184, 0.2242)}
{'epoch': 11, 'train_loss': 0.3281, 'train_acc': 0.8052, 'task_loss': (0.0979, 0.2302)}
{'epoch': 12, 'train_loss': 0.3192, 'train_acc': 0.8126, 'task_loss': (0.0963, 0.2228)}
{'epoch': 13, 'train_loss': 0.2935, 'train_acc': 0.8326, 'task_loss': (0.0961, 0.1974)}
{'epoch': 14, 'train_loss': 0.2721, 'train_acc': 0.8289, 'task_loss': (0.0745, 0.1976)}
{'epoch': 15, 'train_loss': 0.2632, 'train_acc': 0.8504, 'task_loss': (0.0853, 0.1779)}
{'epoch': 16, 'train_loss': 0.28, 'train_acc': 0.8452, 'task_loss': (0.0888, 0.1913)}
{'epoch': 17, 'train_loss': 0.306, 'train_acc': 0.84, 'task_loss': (0.1072, 0.1988)}
{'epoch': 18, 'train_loss': 0.2759, 'train_acc': 0.837, 'task_loss': (0.0753, 0.2006)}
{'epoch': 19, 'train_loss': 0.2531, 'train_acc': 0.8452, 'task_loss': (0.0726, 0.1805)}
{'epoch': 20, 'train_loss': 0.2669, 'train_acc': 0.8363, 'task_loss': (0.0724, 0.1945)}
{'epoch': 21, 'train_loss': 0.2665, 'train_acc': 0.8659, 'task_loss': (0.0876, 0.1789)}
{'epoch': 22, 'train_loss': 0.2244, 'train_acc': 0.8711, 'task_loss': (0.056, 0.1684)}
{'epoch': 23, 'train_loss': 0.2288, 'train_acc': 0.8556, 'task_loss': (0.0606, 0.1682)}
{'epoch': 24, 'train_loss': 0.1945, 'train_acc': 0.8815, 'task_loss': (0.0385, 0.156)}
{'epoch': 25, 'train_loss': 0.2227, 'train_acc': 0.863, 'task_loss': (0.0571, 0.1656)}
{'epoch': 26, 'train_loss': 0.2557, 'train_acc': 0.8785, 'task_loss': (0.1028, 0.153)}
{'epoch': 27, 'train_loss': 0.2443, 'train_acc': 0.8415, 'task_loss': (0.0544, 0.1899)}
{'epoch': 28, 'train_loss': 0.2036, 'train_acc': 0.8889, 'task_loss': (0.0542, 0.1493)}
{'epoch': 29, 'train_loss': 0.2138, 'train_acc': 0.8704, 'task_loss': (0.0512, 0.1625)}
{'epoch': 30, 'train_loss': 0.184, 'train_acc': 0.8807, 'task_loss': (0.0278, 0.1562)}
{'epoch': 31, 'train_loss': 0.2335, 'train_acc': 0.86, 'task_loss': (0.0642, 0.1693)}
{'epoch': 32, 'train_loss': 0.1954, 'train_acc': 0.8859, 'task_loss': (0.05, 0.1454)}
{'epoch': 33, 'train_loss': 0.2526, 'train_acc': 0.86, 'task_loss': (0.0782, 0.1744)}
{'epoch': 34, 'train_loss': 0.1833, 'train_acc': 0.883, 'task_loss': (0.0359, 0.1474)}
{'epoch': 35, 'train_loss': 0.1824, 'train_acc': 0.8941, 'task_loss': (0.0433, 0.1391)}
{'epoch': 36, 'train_loss': 0.183, 'train_acc': 0.8919, 'task_loss': (0.0413, 0.1417)}
{'epoch': 37, 'train_loss': 0.184, 'train_acc': 0.8822, 'task_loss': (0.0426, 0.1414)}
{'epoch': 38, 'train_loss': 0.1495, 'train_acc': 0.9067, 'task_loss': (0.0344, 0.1151)}
{'epoch': 39, 'train_loss': 0.1574, 'train_acc': 0.8956, 'task_loss': (0.0271, 0.1303)}
{'epoch': 40, 'train_loss': 0.18, 'train_acc': 0.8985, 'task_loss': (0.0448, 0.1351)}
{'epoch': 41, 'train_loss': 0.1657, 'train_acc': 0.897, 'task_loss': (0.0419, 0.1237)}
{'epoch': 42, 'train_loss': 0.1575, 'train_acc': 0.9, 'task_loss': (0.0249, 0.1326)}
{'epoch': 43, 'train_loss': 0.1689, 'train_acc': 0.9059, 'task_loss': (0.0413, 0.1276)}
{'epoch': 44, 'train_loss': 0.1344, 'train_acc': 0.9133, 'task_loss': (0.0177, 0.1168)}
{'epoch': 45, 'train_loss': 0.1461, 'train_acc': 0.9074, 'task_loss': (0.0305, 0.1156)}
{'epoch': 46, 'train_loss': 0.1671, 'train_acc': 0.9059, 'task_loss': (0.0381, 0.129)}
{'epoch': 47, 'train_loss': 0.1475, 'train_acc': 0.9126, 'task_loss': (0.0226, 0.1249)}
{'epoch': 48, 'train_loss': 0.1305, 'train_acc': 0.9222, 'task_loss': (0.0278, 0.1027)}
{'epoch': 49, 'train_loss': 0.1581, 'train_acc': 0.903, 'task_loss': (0.0372, 0.1209)}
{'epoch': 50, 'train_loss': 0.1264, 'train_acc': 0.9207, 'task_loss': (0.0182, 0.1082)}
{'epoch': 51, 'train_loss': 0.1407, 'train_acc': 0.9141, 'task_loss': (0.0316, 0.1091)}
{'epoch': 52, 'train_loss': 0.1143, 'train_acc': 0.9119, 'task_loss': (0.0115, 0.1028)}
{'epoch': 53, 'train_loss': 0.1125, 'train_acc': 0.9289, 'task_loss': (0.0177, 0.0949)}
{'epoch': 54, 'train_loss': 0.1195, 'train_acc': 0.92, 'task_loss': (0.023, 0.0965)}
{'epoch': 55, 'train_loss': 0.1268, 'train_acc': 0.9156, 'task_loss': (0.0242, 0.1026)}
{'epoch': 56, 'train_loss': 0.1223, 'train_acc': 0.9259, 'task_loss': (0.0206, 0.1017)}
{'epoch': 57, 'train_loss': 0.111, 'train_acc': 0.9304, 'task_loss': (0.0163, 0.0948)}
{'epoch': 58, 'train_loss': 0.1141, 'train_acc': 0.9237, 'task_loss': (0.0154, 0.0986)}
{'epoch': 59, 'train_loss': 0.1248, 'train_acc': 0.917, 'task_loss': (0.026, 0.0988)}
{'epoch': 60, 'train_loss': 0.0906, 'train_acc': 0.9356, 'task_loss': (0.0097, 0.0809)}
{'epoch': 61, 'train_loss': 0.1147, 'train_acc': 0.9333, 'task_loss': (0.0286, 0.0861)}
{'epoch': 62, 'train_loss': 0.1007, 'train_acc': 0.9311, 'task_loss': (0.0178, 0.0829)}
{'epoch': 63, 'train_loss': 0.0963, 'train_acc': 0.94, 'task_loss': (0.0177, 0.0786)}
{'epoch': 64, 'train_loss': 0.0969, 'train_acc': 0.9444, 'task_loss': (0.0207, 0.0762)}
{'epoch': 65, 'train_loss': 0.1009, 'train_acc': 0.9311, 'task_loss': (0.0187, 0.0821)}
{'epoch': 66, 'train_loss': 0.0956, 'train_acc': 0.9341, 'task_loss': (0.0148, 0.0809)}
{'epoch': 67, 'train_loss': 0.0889, 'train_acc': 0.9474, 'task_loss': (0.0146, 0.0743)}
{'epoch': 68, 'train_loss': 0.0805, 'train_acc': 0.9496, 'task_loss': (0.009, 0.0715)}
{'epoch': 69, 'train_loss': 0.0865, 'train_acc': 0.9452, 'task_loss': (0.0118, 0.0747)}
{'epoch': 70, 'train_loss': 0.0846, 'train_acc': 0.9459, 'task_loss': (0.0153, 0.0693)}
{'epoch': 71, 'train_loss': 0.0801, 'train_acc': 0.957, 'task_loss': (0.0126, 0.0675)}
{'epoch': 72, 'train_loss': 0.0773, 'train_acc': 0.9511, 'task_loss': (0.0114, 0.0659)}
{'epoch': 73, 'train_loss': 0.1015, 'train_acc': 0.9452, 'task_loss': (0.0263, 0.0752)}
{'epoch': 74, 'train_loss': 0.086, 'train_acc': 0.9437, 'task_loss': (0.0088, 0.0773)}
{'epoch': 75, 'train_loss': 0.0682, 'train_acc': 0.9615, 'task_loss': (0.0088, 0.0593)}
{'epoch': 76, 'train_loss': 0.0742, 'train_acc': 0.9474, 'task_loss': (0.0074, 0.0668)}
{'epoch': 77, 'train_loss': 0.0685, 'train_acc': 0.9578, 'task_loss': (0.0098, 0.0587)}
{'epoch': 78, 'train_loss': 0.0687, 'train_acc': 0.963, 'task_loss': (0.0144, 0.0544)}
{'epoch': 79, 'train_loss': 0.0878, 'train_acc': 0.9437, 'task_loss': (0.0088, 0.079)}
{'epoch': 80, 'train_loss': 0.0687, 'train_acc': 0.9563, 'task_loss': (0.0094, 0.0593)}
{'epoch': 81, 'train_loss': 0.0921, 'train_acc': 0.9415, 'task_loss': (0.0175, 0.0746)}
{'epoch': 82, 'train_loss': 0.0683, 'train_acc': 0.9548, 'task_loss': (0.0112, 0.0571)}
{'epoch': 83, 'train_loss': 0.0694, 'train_acc': 0.9593, 'task_loss': (0.0044, 0.065)}
{'epoch': 84, 'train_loss': 0.0832, 'train_acc': 0.9556, 'task_loss': (0.0181, 0.0651)}
{'epoch': 85, 'train_loss': 0.0688, 'train_acc': 0.9541, 'task_loss': (0.0045, 0.0643)}
{'epoch': 86, 'train_loss': 0.0661, 'train_acc': 0.9519, 'task_loss': (0.0055, 0.0606)}
{'epoch': 87, 'train_loss': 0.0749, 'train_acc': 0.9511, 'task_loss': (0.0044, 0.0705)}
{'epoch': 88, 'train_loss': 0.064, 'train_acc': 0.9585, 'task_loss': (0.0058, 0.0582)}
{'epoch': 89, 'train_loss': 0.0675, 'train_acc': 0.9607, 'task_loss': (0.0068, 0.0607)}
{'epoch': 90, 'train_loss': 0.0648, 'train_acc': 0.9585, 'task_loss': (0.0066, 0.0582)}
{'epoch': 91, 'train_loss': 0.0677, 'train_acc': 0.9615, 'task_loss': (0.0121, 0.0556)}
{'epoch': 92, 'train_loss': 0.0604, 'train_acc': 0.9578, 'task_loss': (0.006, 0.0544)}
{'epoch': 93, 'train_loss': 0.062, 'train_acc': 0.96, 'task_loss': (0.0051, 0.0569)}
{'epoch': 94, 'train_loss': 0.0622, 'train_acc': 0.9585, 'task_loss': (0.006, 0.0562)}
{'epoch': 95, 'train_loss': 0.0714, 'train_acc': 0.9556, 'task_loss': (0.0073, 0.0641)}
{'epoch': 96, 'train_loss': 0.0557, 'train_acc': 0.9696, 'task_loss': (0.0086, 0.0471)}
{'epoch': 97, 'train_loss': 0.0603, 'train_acc': 0.9696, 'task_loss': (0.0096, 0.0507)}
{'epoch': 98, 'train_loss': 0.06, 'train_acc': 0.963, 'task_loss': (0.0058, 0.0542)}
{'epoch': 99, 'train_loss': 0.068, 'train_acc': 0.9541, 'task_loss': (0.0048, 0.0632)}
{'epoch': 100, 'train_loss': 0.069, 'train_acc': 0.9578, 'task_loss': (0.0095, 0.0595)}
{'run_num': 7, 'final_test_err': 0.11350000000000005}
Files already downloaded and verified
Files already downloaded and verified
{'epoch': 1, 'train_loss': 0.8844, 'train_acc': 0.6415, 'task_loss': (0.3771, 0.5074)}
{'epoch': 2, 'train_loss': 0.6192, 'train_acc': 0.6963, 'task_loss': (0.211, 0.4082)}
{'epoch': 3, 'train_loss': 0.5529, 'train_acc': 0.7481, 'task_loss': (0.2355, 0.3174)}
{'epoch': 4, 'train_loss': 0.4169, 'train_acc': 0.7533, 'task_loss': (0.1493, 0.2676)}
{'epoch': 5, 'train_loss': 0.4687, 'train_acc': 0.7489, 'task_loss': (0.1712, 0.2975)}
{'epoch': 6, 'train_loss': 0.4986, 'train_acc': 0.7556, 'task_loss': (0.2187, 0.2799)}
{'epoch': 7, 'train_loss': 0.4086, 'train_acc': 0.7881, 'task_loss': (0.141, 0.2677)}
{'epoch': 8, 'train_loss': 0.4174, 'train_acc': 0.7711, 'task_loss': (0.1336, 0.2839)}
{'epoch': 9, 'train_loss': 0.3806, 'train_acc': 0.7859, 'task_loss': (0.1508, 0.2298)}
{'epoch': 10, 'train_loss': 0.3692, 'train_acc': 0.8081, 'task_loss': (0.1479, 0.2213)}
{'epoch': 11, 'train_loss': 0.4152, 'train_acc': 0.8067, 'task_loss': (0.1809, 0.2343)}
{'epoch': 12, 'train_loss': 0.2999, 'train_acc': 0.837, 'task_loss': (0.1047, 0.1952)}
{'epoch': 13, 'train_loss': 0.286, 'train_acc': 0.8341, 'task_loss': (0.0807, 0.2052)}
{'epoch': 14, 'train_loss': 0.3152, 'train_acc': 0.8126, 'task_loss': (0.1146, 0.2006)}
{'epoch': 15, 'train_loss': 0.3192, 'train_acc': 0.8333, 'task_loss': (0.1218, 0.1974)}
{'epoch': 16, 'train_loss': 0.2727, 'train_acc': 0.8319, 'task_loss': (0.0816, 0.1911)}
{'epoch': 17, 'train_loss': 0.3022, 'train_acc': 0.8267, 'task_loss': (0.091, 0.2112)}
{'epoch': 18, 'train_loss': 0.2462, 'train_acc': 0.8489, 'task_loss': (0.0604, 0.1857)}
{'epoch': 19, 'train_loss': 0.2811, 'train_acc': 0.8415, 'task_loss': (0.0874, 0.1937)}
{'epoch': 20, 'train_loss': 0.2717, 'train_acc': 0.8585, 'task_loss': (0.095, 0.1766)}
{'epoch': 21, 'train_loss': 0.2756, 'train_acc': 0.8385, 'task_loss': (0.0842, 0.1914)}
{'epoch': 22, 'train_loss': 0.2579, 'train_acc': 0.8519, 'task_loss': (0.0763, 0.1816)}
{'epoch': 23, 'train_loss': 0.2808, 'train_acc': 0.8519, 'task_loss': (0.0932, 0.1876)}
{'epoch': 24, 'train_loss': 0.2533, 'train_acc': 0.8296, 'task_loss': (0.0573, 0.196)}
{'epoch': 25, 'train_loss': 0.2497, 'train_acc': 0.8533, 'task_loss': (0.0765, 0.1732)}
{'epoch': 26, 'train_loss': 0.2036, 'train_acc': 0.8859, 'task_loss': (0.0507, 0.1529)}
{'epoch': 27, 'train_loss': 0.2145, 'train_acc': 0.8696, 'task_loss': (0.0632, 0.1513)}
{'epoch': 28, 'train_loss': 0.2151, 'train_acc': 0.8667, 'task_loss': (0.0507, 0.1644)}
{'epoch': 29, 'train_loss': 0.2194, 'train_acc': 0.8733, 'task_loss': (0.065, 0.1545)}
{'epoch': 30, 'train_loss': 0.1959, 'train_acc': 0.8741, 'task_loss': (0.0472, 0.1486)}
{'epoch': 31, 'train_loss': 0.254, 'train_acc': 0.8585, 'task_loss': (0.086, 0.168)}
{'epoch': 32, 'train_loss': 0.2347, 'train_acc': 0.8719, 'task_loss': (0.076, 0.1587)}
{'epoch': 33, 'train_loss': 0.2253, 'train_acc': 0.8756, 'task_loss': (0.0574, 0.1678)}
{'epoch': 34, 'train_loss': 0.1825, 'train_acc': 0.8778, 'task_loss': (0.039, 0.1435)}
{'epoch': 35, 'train_loss': 0.2188, 'train_acc': 0.8681, 'task_loss': (0.0571, 0.1617)}
{'epoch': 36, 'train_loss': 0.1764, 'train_acc': 0.8911, 'task_loss': (0.0407, 0.1357)}
{'epoch': 37, 'train_loss': 0.1679, 'train_acc': 0.9059, 'task_loss': (0.0365, 0.1314)}
{'epoch': 38, 'train_loss': 0.2054, 'train_acc': 0.88, 'task_loss': (0.0573, 0.1481)}
{'epoch': 39, 'train_loss': 0.1839, 'train_acc': 0.8985, 'task_loss': (0.0512, 0.1327)}
{'epoch': 40, 'train_loss': 0.1637, 'train_acc': 0.897, 'task_loss': (0.0349, 0.1288)}
{'epoch': 41, 'train_loss': 0.164, 'train_acc': 0.897, 'task_loss': (0.0384, 0.1256)}
{'epoch': 42, 'train_loss': 0.1731, 'train_acc': 0.897, 'task_loss': (0.0413, 0.1318)}
{'epoch': 43, 'train_loss': 0.1971, 'train_acc': 0.8956, 'task_loss': (0.0678, 0.1293)}
{'epoch': 44, 'train_loss': 0.1875, 'train_acc': 0.8919, 'task_loss': (0.0514, 0.1361)}
{'epoch': 45, 'train_loss': 0.1551, 'train_acc': 0.8978, 'task_loss': (0.0313, 0.1238)}
{'epoch': 46, 'train_loss': 0.2008, 'train_acc': 0.883, 'task_loss': (0.0584, 0.1424)}
{'epoch': 47, 'train_loss': 0.1509, 'train_acc': 0.9015, 'task_loss': (0.026, 0.1248)}
{'epoch': 48, 'train_loss': 0.1629, 'train_acc': 0.9015, 'task_loss': (0.0451, 0.1178)}
{'epoch': 49, 'train_loss': 0.1391, 'train_acc': 0.917, 'task_loss': (0.027, 0.1122)}
{'epoch': 50, 'train_loss': 0.1555, 'train_acc': 0.9044, 'task_loss': (0.0341, 0.1214)}
{'epoch': 51, 'train_loss': 0.143, 'train_acc': 0.9089, 'task_loss': (0.0314, 0.1116)}
{'epoch': 52, 'train_loss': 0.1449, 'train_acc': 0.9096, 'task_loss': (0.0324, 0.1125)}
{'epoch': 53, 'train_loss': 0.1063, 'train_acc': 0.9348, 'task_loss': (0.0149, 0.0914)}
{'epoch': 54, 'train_loss': 0.1161, 'train_acc': 0.9267, 'task_loss': (0.0199, 0.0962)}
{'epoch': 55, 'train_loss': 0.1402, 'train_acc': 0.9119, 'task_loss': (0.0293, 0.1109)}
{'epoch': 56, 'train_loss': 0.1266, 'train_acc': 0.9163, 'task_loss': (0.0278, 0.0988)}
{'epoch': 57, 'train_loss': 0.122, 'train_acc': 0.9237, 'task_loss': (0.0213, 0.1008)}
{'epoch': 58, 'train_loss': 0.1105, 'train_acc': 0.9267, 'task_loss': (0.0161, 0.0943)}
{'epoch': 59, 'train_loss': 0.1102, 'train_acc': 0.9237, 'task_loss': (0.0189, 0.0913)}
{'epoch': 60, 'train_loss': 0.1281, 'train_acc': 0.92, 'task_loss': (0.0178, 0.1102)}
{'epoch': 61, 'train_loss': 0.1163, 'train_acc': 0.9333, 'task_loss': (0.0236, 0.0927)}
{'epoch': 62, 'train_loss': 0.1129, 'train_acc': 0.9296, 'task_loss': (0.0181, 0.0948)}
{'epoch': 63, 'train_loss': 0.1011, 'train_acc': 0.9356, 'task_loss': (0.0149, 0.0862)}
{'epoch': 64, 'train_loss': 0.0868, 'train_acc': 0.9452, 'task_loss': (0.0109, 0.0758)}
{'epoch': 65, 'train_loss': 0.1095, 'train_acc': 0.9363, 'task_loss': (0.0207, 0.0888)}
{'epoch': 66, 'train_loss': 0.1013, 'train_acc': 0.9289, 'task_loss': (0.0092, 0.0921)}
{'epoch': 67, 'train_loss': 0.0992, 'train_acc': 0.9304, 'task_loss': (0.0123, 0.0869)}
{'epoch': 68, 'train_loss': 0.0923, 'train_acc': 0.9415, 'task_loss': (0.0166, 0.0757)}
{'epoch': 69, 'train_loss': 0.1019, 'train_acc': 0.94, 'task_loss': (0.0231, 0.0789)}
{'epoch': 70, 'train_loss': 0.091, 'train_acc': 0.9393, 'task_loss': (0.0122, 0.0787)}
{'epoch': 71, 'train_loss': 0.1, 'train_acc': 0.9348, 'task_loss': (0.0151, 0.0849)}
{'epoch': 72, 'train_loss': 0.0976, 'train_acc': 0.9385, 'task_loss': (0.0152, 0.0824)}
{'epoch': 73, 'train_loss': 0.0928, 'train_acc': 0.9481, 'task_loss': (0.0152, 0.0775)}
{'epoch': 74, 'train_loss': 0.0763, 'train_acc': 0.9504, 'task_loss': (0.0054, 0.0709)}
{'epoch': 75, 'train_loss': 0.0798, 'train_acc': 0.9489, 'task_loss': (0.0077, 0.0721)}
{'epoch': 76, 'train_loss': 0.0789, 'train_acc': 0.9459, 'task_loss': (0.01, 0.0689)}
{'epoch': 77, 'train_loss': 0.0836, 'train_acc': 0.9504, 'task_loss': (0.0102, 0.0734)}
{'epoch': 78, 'train_loss': 0.0806, 'train_acc': 0.9496, 'task_loss': (0.0092, 0.0715)}
{'epoch': 79, 'train_loss': 0.0729, 'train_acc': 0.9533, 'task_loss': (0.0103, 0.0626)}
{'epoch': 80, 'train_loss': 0.0755, 'train_acc': 0.9474, 'task_loss': (0.0048, 0.0707)}
{'epoch': 81, 'train_loss': 0.0839, 'train_acc': 0.9578, 'task_loss': (0.0113, 0.0725)}
{'epoch': 82, 'train_loss': 0.0884, 'train_acc': 0.9422, 'task_loss': (0.0102, 0.0782)}
{'epoch': 83, 'train_loss': 0.0694, 'train_acc': 0.9496, 'task_loss': (0.0064, 0.063)}
{'epoch': 84, 'train_loss': 0.0747, 'train_acc': 0.9474, 'task_loss': (0.0078, 0.0669)}
{'epoch': 85, 'train_loss': 0.0817, 'train_acc': 0.9444, 'task_loss': (0.0104, 0.0713)}
{'epoch': 86, 'train_loss': 0.0608, 'train_acc': 0.9637, 'task_loss': (0.0086, 0.0522)}
{'epoch': 87, 'train_loss': 0.07, 'train_acc': 0.9533, 'task_loss': (0.0084, 0.0616)}
{'epoch': 88, 'train_loss': 0.0704, 'train_acc': 0.9607, 'task_loss': (0.0113, 0.0591)}
{'epoch': 89, 'train_loss': 0.075, 'train_acc': 0.9533, 'task_loss': (0.0128, 0.0622)}
{'epoch': 90, 'train_loss': 0.0741, 'train_acc': 0.9563, 'task_loss': (0.0105, 0.0635)}
{'epoch': 91, 'train_loss': 0.084, 'train_acc': 0.9496, 'task_loss': (0.0157, 0.0683)}
{'epoch': 92, 'train_loss': 0.0695, 'train_acc': 0.9556, 'task_loss': (0.0089, 0.0606)}
{'epoch': 93, 'train_loss': 0.076, 'train_acc': 0.9519, 'task_loss': (0.0093, 0.0666)}
{'epoch': 94, 'train_loss': 0.0722, 'train_acc': 0.9496, 'task_loss': (0.0063, 0.0658)}
{'epoch': 95, 'train_loss': 0.0722, 'train_acc': 0.9607, 'task_loss': (0.0098, 0.0624)}
{'epoch': 96, 'train_loss': 0.0894, 'train_acc': 0.9474, 'task_loss': (0.0184, 0.071)}
{'epoch': 97, 'train_loss': 0.0839, 'train_acc': 0.9541, 'task_loss': (0.0119, 0.072)}
{'epoch': 98, 'train_loss': 0.0633, 'train_acc': 0.9593, 'task_loss': (0.0066, 0.0567)}
{'epoch': 99, 'train_loss': 0.0816, 'train_acc': 0.9474, 'task_loss': (0.0124, 0.0691)}
{'epoch': 100, 'train_loss': 0.0757, 'train_acc': 0.9556, 'task_loss': (0.0141, 0.0616)}
{'run_num': 8, 'final_test_err': 0.11175000000000002}
Files already downloaded and verified
Files already downloaded and verified
{'epoch': 1, 'train_loss': 0.7389, 'train_acc': 0.6244, 'task_loss': (0.3244, 0.4145)}
{'epoch': 2, 'train_loss': 0.9856, 'train_acc': 0.6274, 'task_loss': (0.4576, 0.528)}
{'epoch': 3, 'train_loss': 0.6129, 'train_acc': 0.7178, 'task_loss': (0.2563, 0.3566)}
{'epoch': 4, 'train_loss': 0.4771, 'train_acc': 0.7415, 'task_loss': (0.1654, 0.3117)}
{'epoch': 5, 'train_loss': 0.5245, 'train_acc': 0.7415, 'task_loss': (0.1952, 0.3293)}
{'epoch': 6, 'train_loss': 0.4126, 'train_acc': 0.7659, 'task_loss': (0.1634, 0.2492)}
{'epoch': 7, 'train_loss': 0.3812, 'train_acc': 0.78, 'task_loss': (0.1316, 0.2496)}
{'epoch': 8, 'train_loss': 0.4817, 'train_acc': 0.783, 'task_loss': (0.2168, 0.2649)}
{'epoch': 9, 'train_loss': 0.3986, 'train_acc': 0.783, 'task_loss': (0.158, 0.2406)}
{'epoch': 10, 'train_loss': 0.4423, 'train_acc': 0.7785, 'task_loss': (0.19, 0.2523)}
{'epoch': 11, 'train_loss': 0.3441, 'train_acc': 0.7948, 'task_loss': (0.1195, 0.2247)}
{'epoch': 12, 'train_loss': 0.3107, 'train_acc': 0.803, 'task_loss': (0.0989, 0.2118)}
{'epoch': 13, 'train_loss': 0.3538, 'train_acc': 0.7993, 'task_loss': (0.1335, 0.2203)}
{'epoch': 14, 'train_loss': 0.3089, 'train_acc': 0.8222, 'task_loss': (0.0958, 0.2131)}
{'epoch': 15, 'train_loss': 0.295, 'train_acc': 0.8296, 'task_loss': (0.1017, 0.1934)}
{'epoch': 16, 'train_loss': 0.3202, 'train_acc': 0.8311, 'task_loss': (0.1257, 0.1945)}
{'epoch': 17, 'train_loss': 0.286, 'train_acc': 0.8193, 'task_loss': (0.0852, 0.2008)}
{'epoch': 18, 'train_loss': 0.3187, 'train_acc': 0.8267, 'task_loss': (0.1191, 0.1995)}
{'epoch': 19, 'train_loss': 0.2958, 'train_acc': 0.8341, 'task_loss': (0.1095, 0.1862)}
{'epoch': 20, 'train_loss': 0.3122, 'train_acc': 0.823, 'task_loss': (0.1033, 0.2089)}
{'epoch': 21, 'train_loss': 0.2539, 'train_acc': 0.8504, 'task_loss': (0.0787, 0.1752)}
{'epoch': 22, 'train_loss': 0.3069, 'train_acc': 0.8244, 'task_loss': (0.101, 0.206)}
{'epoch': 23, 'train_loss': 0.2898, 'train_acc': 0.8296, 'task_loss': (0.0936, 0.1962)}
{'epoch': 24, 'train_loss': 0.2453, 'train_acc': 0.8593, 'task_loss': (0.0626, 0.1827)}
{'epoch': 25, 'train_loss': 0.2171, 'train_acc': 0.8659, 'task_loss': (0.0434, 0.1736)}
{'epoch': 26, 'train_loss': 0.26, 'train_acc': 0.8659, 'task_loss': (0.0982, 0.1617)}
{'epoch': 27, 'train_loss': 0.264, 'train_acc': 0.8556, 'task_loss': (0.1003, 0.1637)}
{'epoch': 28, 'train_loss': 0.2251, 'train_acc': 0.8644, 'task_loss': (0.055, 0.1702)}
{'epoch': 29, 'train_loss': 0.2656, 'train_acc': 0.8548, 'task_loss': (0.094, 0.1717)}
{'epoch': 30, 'train_loss': 0.1998, 'train_acc': 0.8756, 'task_loss': (0.0435, 0.1563)}
{'epoch': 31, 'train_loss': 0.2009, 'train_acc': 0.8719, 'task_loss': (0.0534, 0.1475)}
{'epoch': 32, 'train_loss': 0.1772, 'train_acc': 0.8881, 'task_loss': (0.0332, 0.1439)}
{'epoch': 33, 'train_loss': 0.1848, 'train_acc': 0.8881, 'task_loss': (0.0447, 0.1401)}
{'epoch': 34, 'train_loss': 0.2071, 'train_acc': 0.8733, 'task_loss': (0.0515, 0.1556)}
{'epoch': 35, 'train_loss': 0.2001, 'train_acc': 0.8904, 'task_loss': (0.0598, 0.1403)}
{'epoch': 36, 'train_loss': 0.1897, 'train_acc': 0.8733, 'task_loss': (0.0387, 0.151)}
{'epoch': 37, 'train_loss': 0.1667, 'train_acc': 0.8993, 'task_loss': (0.0312, 0.1355)}
{'epoch': 38, 'train_loss': 0.191, 'train_acc': 0.883, 'task_loss': (0.0506, 0.1404)}
{'epoch': 39, 'train_loss': 0.18, 'train_acc': 0.8822, 'task_loss': (0.0374, 0.1425)}
{'epoch': 40, 'train_loss': 0.179, 'train_acc': 0.897, 'task_loss': (0.0499, 0.1291)}
{'epoch': 41, 'train_loss': 0.1377, 'train_acc': 0.9185, 'task_loss': (0.0267, 0.111)}
{'epoch': 42, 'train_loss': 0.1781, 'train_acc': 0.8919, 'task_loss': (0.0341, 0.144)}
{'epoch': 43, 'train_loss': 0.1623, 'train_acc': 0.9007, 'task_loss': (0.0324, 0.1299)}
{'epoch': 44, 'train_loss': 0.1617, 'train_acc': 0.9022, 'task_loss': (0.035, 0.1267)}
{'epoch': 45, 'train_loss': 0.1384, 'train_acc': 0.9126, 'task_loss': (0.0251, 0.1133)}
{'epoch': 46, 'train_loss': 0.142, 'train_acc': 0.9111, 'task_loss': (0.0231, 0.1188)}
{'epoch': 47, 'train_loss': 0.1411, 'train_acc': 0.9074, 'task_loss': (0.0271, 0.114)}
{'epoch': 48, 'train_loss': 0.123, 'train_acc': 0.9193, 'task_loss': (0.0177, 0.1053)}
{'epoch': 49, 'train_loss': 0.1164, 'train_acc': 0.9296, 'task_loss': (0.0215, 0.0949)}
{'epoch': 50, 'train_loss': 0.1546, 'train_acc': 0.9141, 'task_loss': (0.0428, 0.1118)}
{'epoch': 51, 'train_loss': 0.1516, 'train_acc': 0.9148, 'task_loss': (0.0367, 0.1149)}
{'epoch': 52, 'train_loss': 0.1558, 'train_acc': 0.8933, 'task_loss': (0.033, 0.1229)}
{'epoch': 53, 'train_loss': 0.1122, 'train_acc': 0.9311, 'task_loss': (0.0125, 0.0997)}
{'epoch': 54, 'train_loss': 0.1082, 'train_acc': 0.9333, 'task_loss': (0.0138, 0.0944)}
{'epoch': 55, 'train_loss': 0.1118, 'train_acc': 0.9348, 'task_loss': (0.0188, 0.093)}
{'epoch': 56, 'train_loss': 0.1063, 'train_acc': 0.9281, 'task_loss': (0.0117, 0.0946)}
{'epoch': 57, 'train_loss': 0.1372, 'train_acc': 0.923, 'task_loss': (0.0415, 0.0957)}
{'epoch': 58, 'train_loss': 0.1223, 'train_acc': 0.9289, 'task_loss': (0.0262, 0.0961)}
{'epoch': 59, 'train_loss': 0.1171, 'train_acc': 0.923, 'task_loss': (0.0135, 0.1036)}
{'epoch': 60, 'train_loss': 0.1109, 'train_acc': 0.9319, 'task_loss': (0.0169, 0.094)}
{'epoch': 61, 'train_loss': 0.1034, 'train_acc': 0.9341, 'task_loss': (0.0152, 0.0882)}
{'epoch': 62, 'train_loss': 0.1225, 'train_acc': 0.9296, 'task_loss': (0.0355, 0.087)}
{'epoch': 63, 'train_loss': 0.0979, 'train_acc': 0.9348, 'task_loss': (0.0154, 0.0825)}
{'epoch': 64, 'train_loss': 0.088, 'train_acc': 0.9467, 'task_loss': (0.0175, 0.0704)}
{'epoch': 65, 'train_loss': 0.0899, 'train_acc': 0.9444, 'task_loss': (0.0121, 0.0778)}
{'epoch': 66, 'train_loss': 0.1386, 'train_acc': 0.9326, 'task_loss': (0.049, 0.0896)}
{'epoch': 67, 'train_loss': 0.1161, 'train_acc': 0.923, 'task_loss': (0.025, 0.0911)}
{'epoch': 68, 'train_loss': 0.0923, 'train_acc': 0.9393, 'task_loss': (0.0106, 0.0817)}
{'epoch': 69, 'train_loss': 0.0932, 'train_acc': 0.9481, 'task_loss': (0.0073, 0.0859)}
{'epoch': 70, 'train_loss': 0.0934, 'train_acc': 0.9407, 'task_loss': (0.0124, 0.0809)}
{'epoch': 71, 'train_loss': 0.0816, 'train_acc': 0.9474, 'task_loss': (0.0099, 0.0717)}
{'epoch': 72, 'train_loss': 0.1098, 'train_acc': 0.9444, 'task_loss': (0.0228, 0.087)}
{'epoch': 73, 'train_loss': 0.0851, 'train_acc': 0.9407, 'task_loss': (0.0071, 0.078)}
{'epoch': 74, 'train_loss': 0.0852, 'train_acc': 0.9452, 'task_loss': (0.0134, 0.0718)}
{'epoch': 75, 'train_loss': 0.0715, 'train_acc': 0.9585, 'task_loss': (0.0069, 0.0646)}
{'epoch': 76, 'train_loss': 0.1099, 'train_acc': 0.9393, 'task_loss': (0.0286, 0.0813)}
{'epoch': 77, 'train_loss': 0.0769, 'train_acc': 0.9511, 'task_loss': (0.0054, 0.0715)}
{'epoch': 78, 'train_loss': 0.0777, 'train_acc': 0.9437, 'task_loss': (0.008, 0.0697)}
{'epoch': 79, 'train_loss': 0.0846, 'train_acc': 0.9407, 'task_loss': (0.0098, 0.0748)}
{'epoch': 80, 'train_loss': 0.1019, 'train_acc': 0.9415, 'task_loss': (0.0243, 0.0775)}
{'epoch': 81, 'train_loss': 0.0881, 'train_acc': 0.9407, 'task_loss': (0.0083, 0.0798)}
{'epoch': 82, 'train_loss': 0.0731, 'train_acc': 0.9541, 'task_loss': (0.0078, 0.0653)}
{'epoch': 83, 'train_loss': 0.0716, 'train_acc': 0.9585, 'task_loss': (0.0058, 0.0658)}
{'epoch': 84, 'train_loss': 0.074, 'train_acc': 0.9556, 'task_loss': (0.006, 0.068)}
{'epoch': 85, 'train_loss': 0.077, 'train_acc': 0.9474, 'task_loss': (0.0106, 0.0663)}
{'epoch': 86, 'train_loss': 0.0704, 'train_acc': 0.9474, 'task_loss': (0.009, 0.0615)}
{'epoch': 87, 'train_loss': 0.079, 'train_acc': 0.9548, 'task_loss': (0.0127, 0.0663)}
{'epoch': 88, 'train_loss': 0.0683, 'train_acc': 0.9526, 'task_loss': (0.0058, 0.0625)}
{'epoch': 89, 'train_loss': 0.077, 'train_acc': 0.9533, 'task_loss': (0.0081, 0.0689)}
{'epoch': 90, 'train_loss': 0.0755, 'train_acc': 0.957, 'task_loss': (0.0083, 0.0672)}
{'epoch': 91, 'train_loss': 0.0782, 'train_acc': 0.9541, 'task_loss': (0.0102, 0.068)}
{'epoch': 92, 'train_loss': 0.0688, 'train_acc': 0.9556, 'task_loss': (0.0072, 0.0617)}
{'epoch': 93, 'train_loss': 0.0637, 'train_acc': 0.9548, 'task_loss': (0.0063, 0.0575)}
{'epoch': 94, 'train_loss': 0.0678, 'train_acc': 0.957, 'task_loss': (0.0101, 0.0578)}
{'epoch': 95, 'train_loss': 0.0806, 'train_acc': 0.9496, 'task_loss': (0.0139, 0.0668)}
{'epoch': 96, 'train_loss': 0.0726, 'train_acc': 0.9563, 'task_loss': (0.0037, 0.0689)}
{'epoch': 97, 'train_loss': 0.073, 'train_acc': 0.9607, 'task_loss': (0.0124, 0.0606)}
{'epoch': 98, 'train_loss': 0.0729, 'train_acc': 0.96, 'task_loss': (0.0085, 0.0644)}
{'epoch': 99, 'train_loss': 0.0653, 'train_acc': 0.96, 'task_loss': (0.0065, 0.0587)}
{'epoch': 100, 'train_loss': 0.0698, 'train_acc': 0.9578, 'task_loss': (0.0049, 0.0649)}
{'run_num': 9, 'final_test_err': 0.11450000000000005}
{'avg_err': 0.1135, 'std_err': 0.0046}
