{'deploy': True, 'tag': '02_beta/task_loss_group', 'seed': 10, 'device': 'cuda:0', 'reps': 10, 'loss': {'α': 0.5, 'tune_α': False, 'group_task_loss': True}, 'task': {'dataset': 'split_cifar10', 'task_map': [[0, 1], [2, 3], [4, 5], [6, 7], [8, 9]], 'target': 0, 'ood': [4], 'augment': True, 'n': 50, 'm_n': 5, 'β': 0.5, 'custom_sampler': False}, 'hp': {'epochs': 100, 'bs': 16, 'lr': 0.01}, 'net': 'conv'}
Files already downloaded and verified
Files already downloaded and verified
{'epoch': 1, 'train_loss': 0.9449, 'train_acc': 0.6233, 'task_loss': (0.4788, 0.4662)}
{'epoch': 2, 'train_loss': 0.695, 'train_acc': 0.6667, 'task_loss': (0.323, 0.372)}
{'epoch': 3, 'train_loss': 0.757, 'train_acc': 0.66, 'task_loss': (0.2789, 0.4782)}
{'epoch': 4, 'train_loss': 0.581, 'train_acc': 0.72, 'task_loss': (0.2514, 0.3295)}
{'epoch': 5, 'train_loss': 0.6399, 'train_acc': 0.7317, 'task_loss': (0.2999, 0.34)}
{'epoch': 6, 'train_loss': 0.6174, 'train_acc': 0.7217, 'task_loss': (0.3104, 0.3069)}
{'epoch': 7, 'train_loss': 0.4687, 'train_acc': 0.7833, 'task_loss': (0.1822, 0.2865)}
{'epoch': 8, 'train_loss': 0.4947, 'train_acc': 0.7483, 'task_loss': (0.2077, 0.2869)}
{'epoch': 9, 'train_loss': 0.3995, 'train_acc': 0.7917, 'task_loss': (0.1612, 0.2383)}
{'epoch': 10, 'train_loss': 0.6296, 'train_acc': 0.7283, 'task_loss': (0.3302, 0.2994)}
{'epoch': 11, 'train_loss': 0.4106, 'train_acc': 0.8017, 'task_loss': (0.1528, 0.2577)}
{'epoch': 12, 'train_loss': 0.3573, 'train_acc': 0.8183, 'task_loss': (0.1462, 0.2111)}
{'epoch': 13, 'train_loss': 0.3479, 'train_acc': 0.825, 'task_loss': (0.1476, 0.2003)}
{'epoch': 14, 'train_loss': 0.3551, 'train_acc': 0.85, 'task_loss': (0.148, 0.2071)}
{'epoch': 15, 'train_loss': 0.3558, 'train_acc': 0.8283, 'task_loss': (0.1389, 0.217)}
{'epoch': 16, 'train_loss': 0.3123, 'train_acc': 0.835, 'task_loss': (0.1084, 0.2039)}
{'epoch': 17, 'train_loss': 0.3942, 'train_acc': 0.8367, 'task_loss': (0.1974, 0.1968)}
{'epoch': 18, 'train_loss': 0.3237, 'train_acc': 0.8233, 'task_loss': (0.1101, 0.2137)}
{'epoch': 19, 'train_loss': 0.3316, 'train_acc': 0.815, 'task_loss': (0.1231, 0.2085)}
{'epoch': 20, 'train_loss': 0.3085, 'train_acc': 0.8367, 'task_loss': (0.1068, 0.2017)}
{'epoch': 21, 'train_loss': 0.3246, 'train_acc': 0.8567, 'task_loss': (0.1621, 0.1625)}
{'epoch': 22, 'train_loss': 0.4358, 'train_acc': 0.7983, 'task_loss': (0.1745, 0.2613)}
{'epoch': 23, 'train_loss': 0.3062, 'train_acc': 0.83, 'task_loss': (0.1093, 0.1969)}
{'epoch': 24, 'train_loss': 0.31, 'train_acc': 0.8483, 'task_loss': (0.1217, 0.1883)}
{'epoch': 25, 'train_loss': 0.2633, 'train_acc': 0.8533, 'task_loss': (0.0824, 0.1809)}
{'epoch': 26, 'train_loss': 0.2429, 'train_acc': 0.86, 'task_loss': (0.068, 0.1749)}
{'epoch': 27, 'train_loss': 0.2964, 'train_acc': 0.8383, 'task_loss': (0.0925, 0.2039)}
{'epoch': 28, 'train_loss': 0.2252, 'train_acc': 0.875, 'task_loss': (0.0804, 0.1448)}
{'epoch': 29, 'train_loss': 0.3134, 'train_acc': 0.855, 'task_loss': (0.1262, 0.1872)}
{'epoch': 30, 'train_loss': 0.2231, 'train_acc': 0.88, 'task_loss': (0.0677, 0.1554)}
{'epoch': 31, 'train_loss': 0.2215, 'train_acc': 0.8683, 'task_loss': (0.0685, 0.153)}
{'epoch': 32, 'train_loss': 0.1646, 'train_acc': 0.9, 'task_loss': (0.046, 0.1186)}
{'epoch': 33, 'train_loss': 0.2327, 'train_acc': 0.8717, 'task_loss': (0.0746, 0.158)}
{'epoch': 34, 'train_loss': 0.2405, 'train_acc': 0.8733, 'task_loss': (0.0891, 0.1514)}
{'epoch': 35, 'train_loss': 0.2017, 'train_acc': 0.8917, 'task_loss': (0.0688, 0.1329)}
{'epoch': 36, 'train_loss': 0.2179, 'train_acc': 0.8783, 'task_loss': (0.09, 0.1279)}
{'epoch': 37, 'train_loss': 0.2441, 'train_acc': 0.8867, 'task_loss': (0.1041, 0.14)}
{'epoch': 38, 'train_loss': 0.2223, 'train_acc': 0.8717, 'task_loss': (0.0742, 0.148)}
{'epoch': 39, 'train_loss': 0.1976, 'train_acc': 0.895, 'task_loss': (0.0515, 0.1461)}
{'epoch': 40, 'train_loss': 0.1978, 'train_acc': 0.8817, 'task_loss': (0.0502, 0.1476)}
{'epoch': 41, 'train_loss': 0.2236, 'train_acc': 0.8883, 'task_loss': (0.0749, 0.1488)}
{'epoch': 42, 'train_loss': 0.1509, 'train_acc': 0.9167, 'task_loss': (0.026, 0.1249)}
{'epoch': 43, 'train_loss': 0.1685, 'train_acc': 0.92, 'task_loss': (0.0627, 0.1058)}
{'epoch': 44, 'train_loss': 0.1768, 'train_acc': 0.9083, 'task_loss': (0.0528, 0.124)}
{'epoch': 45, 'train_loss': 0.1598, 'train_acc': 0.91, 'task_loss': (0.0355, 0.1243)}
{'epoch': 46, 'train_loss': 0.1607, 'train_acc': 0.895, 'task_loss': (0.0351, 0.1256)}
{'epoch': 47, 'train_loss': 0.1971, 'train_acc': 0.9067, 'task_loss': (0.0821, 0.115)}
{'epoch': 48, 'train_loss': 0.1826, 'train_acc': 0.8967, 'task_loss': (0.048, 0.1346)}
{'epoch': 49, 'train_loss': 0.1336, 'train_acc': 0.9217, 'task_loss': (0.0277, 0.1059)}
{'epoch': 50, 'train_loss': 0.159, 'train_acc': 0.93, 'task_loss': (0.056, 0.103)}
{'epoch': 51, 'train_loss': 0.1598, 'train_acc': 0.9217, 'task_loss': (0.0411, 0.1187)}
{'epoch': 52, 'train_loss': 0.1482, 'train_acc': 0.9333, 'task_loss': (0.0522, 0.096)}
{'epoch': 53, 'train_loss': 0.1628, 'train_acc': 0.9183, 'task_loss': (0.0368, 0.126)}
{'epoch': 54, 'train_loss': 0.1087, 'train_acc': 0.9517, 'task_loss': (0.0205, 0.0881)}
{'epoch': 55, 'train_loss': 0.1316, 'train_acc': 0.935, 'task_loss': (0.0348, 0.0968)}
{'epoch': 56, 'train_loss': 0.125, 'train_acc': 0.9333, 'task_loss': (0.037, 0.088)}
{'epoch': 57, 'train_loss': 0.0996, 'train_acc': 0.9367, 'task_loss': (0.0204, 0.0792)}
{'epoch': 58, 'train_loss': 0.1104, 'train_acc': 0.945, 'task_loss': (0.0349, 0.0755)}
{'epoch': 59, 'train_loss': 0.1171, 'train_acc': 0.9383, 'task_loss': (0.0318, 0.0853)}
{'epoch': 60, 'train_loss': 0.1021, 'train_acc': 0.9483, 'task_loss': (0.0179, 0.0842)}
{'epoch': 61, 'train_loss': 0.0998, 'train_acc': 0.9383, 'task_loss': (0.0224, 0.0774)}
{'epoch': 62, 'train_loss': 0.0706, 'train_acc': 0.96, 'task_loss': (0.0129, 0.0577)}
{'epoch': 63, 'train_loss': 0.1038, 'train_acc': 0.9417, 'task_loss': (0.0239, 0.0799)}
{'epoch': 64, 'train_loss': 0.1126, 'train_acc': 0.9533, 'task_loss': (0.0351, 0.0775)}
{'epoch': 65, 'train_loss': 0.0941, 'train_acc': 0.9583, 'task_loss': (0.0237, 0.0704)}
{'epoch': 66, 'train_loss': 0.0758, 'train_acc': 0.95, 'task_loss': (0.0073, 0.0685)}
{'epoch': 67, 'train_loss': 0.0832, 'train_acc': 0.955, 'task_loss': (0.0141, 0.0691)}
{'epoch': 68, 'train_loss': 0.0708, 'train_acc': 0.9583, 'task_loss': (0.0116, 0.0592)}
{'epoch': 69, 'train_loss': 0.0785, 'train_acc': 0.9617, 'task_loss': (0.0195, 0.059)}
{'epoch': 70, 'train_loss': 0.1055, 'train_acc': 0.95, 'task_loss': (0.0283, 0.0772)}
{'epoch': 71, 'train_loss': 0.06, 'train_acc': 0.9667, 'task_loss': (0.0104, 0.0497)}
{'epoch': 72, 'train_loss': 0.0852, 'train_acc': 0.95, 'task_loss': (0.015, 0.0702)}
{'epoch': 73, 'train_loss': 0.0639, 'train_acc': 0.9717, 'task_loss': (0.0112, 0.0528)}
{'epoch': 74, 'train_loss': 0.0657, 'train_acc': 0.9717, 'task_loss': (0.012, 0.0537)}
{'epoch': 75, 'train_loss': 0.0686, 'train_acc': 0.9633, 'task_loss': (0.0147, 0.054)}
{'epoch': 76, 'train_loss': 0.0745, 'train_acc': 0.9533, 'task_loss': (0.0158, 0.0587)}
{'epoch': 77, 'train_loss': 0.0647, 'train_acc': 0.9667, 'task_loss': (0.0165, 0.0481)}
{'epoch': 78, 'train_loss': 0.0545, 'train_acc': 0.9733, 'task_loss': (0.0105, 0.0439)}
{'epoch': 79, 'train_loss': 0.0741, 'train_acc': 0.96, 'task_loss': (0.0175, 0.0566)}
{'epoch': 80, 'train_loss': 0.0528, 'train_acc': 0.9667, 'task_loss': (0.0082, 0.0445)}
{'epoch': 81, 'train_loss': 0.055, 'train_acc': 0.9667, 'task_loss': (0.0086, 0.0465)}
{'epoch': 82, 'train_loss': 0.0813, 'train_acc': 0.9683, 'task_loss': (0.0364, 0.0449)}
{'epoch': 83, 'train_loss': 0.0443, 'train_acc': 0.9783, 'task_loss': (0.008, 0.0363)}
{'epoch': 84, 'train_loss': 0.0534, 'train_acc': 0.9717, 'task_loss': (0.0127, 0.0407)}
{'epoch': 85, 'train_loss': 0.0836, 'train_acc': 0.9767, 'task_loss': (0.0435, 0.0401)}
{'epoch': 86, 'train_loss': 0.0469, 'train_acc': 0.98, 'task_loss': (0.0113, 0.0356)}
{'epoch': 87, 'train_loss': 0.0585, 'train_acc': 0.9733, 'task_loss': (0.0092, 0.0494)}
{'epoch': 88, 'train_loss': 0.0779, 'train_acc': 0.9533, 'task_loss': (0.0184, 0.0596)}
{'epoch': 89, 'train_loss': 0.0661, 'train_acc': 0.9683, 'task_loss': (0.0221, 0.044)}
{'epoch': 90, 'train_loss': 0.0473, 'train_acc': 0.985, 'task_loss': (0.0085, 0.0388)}
{'epoch': 91, 'train_loss': 0.062, 'train_acc': 0.965, 'task_loss': (0.0108, 0.0512)}
{'epoch': 92, 'train_loss': 0.0438, 'train_acc': 0.9783, 'task_loss': (0.009, 0.0348)}
{'epoch': 93, 'train_loss': 0.0536, 'train_acc': 0.9717, 'task_loss': (0.0058, 0.0477)}
{'epoch': 94, 'train_loss': 0.0522, 'train_acc': 0.9717, 'task_loss': (0.0069, 0.0453)}
{'epoch': 95, 'train_loss': 0.0477, 'train_acc': 0.975, 'task_loss': (0.0087, 0.0389)}
{'epoch': 96, 'train_loss': 0.0615, 'train_acc': 0.965, 'task_loss': (0.006, 0.0555)}
{'epoch': 97, 'train_loss': 0.0677, 'train_acc': 0.9667, 'task_loss': (0.01, 0.0576)}
{'epoch': 98, 'train_loss': 0.0571, 'train_acc': 0.9617, 'task_loss': (0.0042, 0.0528)}
{'epoch': 99, 'train_loss': 0.0409, 'train_acc': 0.9833, 'task_loss': (0.0083, 0.0326)}
{'epoch': 100, 'train_loss': 0.0583, 'train_acc': 0.9733, 'task_loss': (0.0195, 0.0389)}
{'run_num': 0, 'final_test_err': 0.12424999999999997}
Files already downloaded and verified
Files already downloaded and verified
{'epoch': 1, 'train_loss': 0.7967, 'train_acc': 0.6333, 'task_loss': (0.3872, 0.4094)}
{'epoch': 2, 'train_loss': 0.7109, 'train_acc': 0.675, 'task_loss': (0.3023, 0.4087)}
{'epoch': 3, 'train_loss': 0.645, 'train_acc': 0.74, 'task_loss': (0.3127, 0.3323)}
{'epoch': 4, 'train_loss': 0.6056, 'train_acc': 0.7217, 'task_loss': (0.2667, 0.339)}
{'epoch': 5, 'train_loss': 0.6236, 'train_acc': 0.7467, 'task_loss': (0.3353, 0.2883)}
{'epoch': 6, 'train_loss': 0.6138, 'train_acc': 0.75, 'task_loss': (0.2952, 0.3186)}
{'epoch': 7, 'train_loss': 0.423, 'train_acc': 0.7717, 'task_loss': (0.1532, 0.2698)}
{'epoch': 8, 'train_loss': 0.3769, 'train_acc': 0.8033, 'task_loss': (0.1288, 0.2481)}
{'epoch': 9, 'train_loss': 0.3786, 'train_acc': 0.8217, 'task_loss': (0.1617, 0.2169)}
{'epoch': 10, 'train_loss': 0.4724, 'train_acc': 0.77, 'task_loss': (0.1757, 0.2967)}
{'epoch': 11, 'train_loss': 0.3583, 'train_acc': 0.81, 'task_loss': (0.1061, 0.2522)}
{'epoch': 12, 'train_loss': 0.6544, 'train_acc': 0.74, 'task_loss': (0.33, 0.3244)}
{'epoch': 13, 'train_loss': 0.5635, 'train_acc': 0.7367, 'task_loss': (0.2507, 0.3128)}
{'epoch': 14, 'train_loss': 0.3338, 'train_acc': 0.8217, 'task_loss': (0.1169, 0.217)}
{'epoch': 15, 'train_loss': 0.3523, 'train_acc': 0.83, 'task_loss': (0.139, 0.2133)}
{'epoch': 16, 'train_loss': 0.3857, 'train_acc': 0.8233, 'task_loss': (0.1655, 0.2201)}
{'epoch': 17, 'train_loss': 0.4434, 'train_acc': 0.8017, 'task_loss': (0.2047, 0.2387)}
{'epoch': 18, 'train_loss': 0.4782, 'train_acc': 0.7983, 'task_loss': (0.2073, 0.2709)}
{'epoch': 19, 'train_loss': 0.4839, 'train_acc': 0.785, 'task_loss': (0.243, 0.2409)}
{'epoch': 20, 'train_loss': 0.3264, 'train_acc': 0.8367, 'task_loss': (0.1291, 0.1973)}
{'epoch': 21, 'train_loss': 0.3612, 'train_acc': 0.8267, 'task_loss': (0.1662, 0.1949)}
{'epoch': 22, 'train_loss': 0.3313, 'train_acc': 0.8183, 'task_loss': (0.108, 0.2233)}
{'epoch': 23, 'train_loss': 0.3614, 'train_acc': 0.8367, 'task_loss': (0.1268, 0.2345)}
{'epoch': 24, 'train_loss': 0.3117, 'train_acc': 0.8533, 'task_loss': (0.1246, 0.1871)}
{'epoch': 25, 'train_loss': 0.2952, 'train_acc': 0.8367, 'task_loss': (0.0957, 0.1995)}
{'epoch': 26, 'train_loss': 0.2735, 'train_acc': 0.855, 'task_loss': (0.0868, 0.1867)}
{'epoch': 27, 'train_loss': 0.252, 'train_acc': 0.88, 'task_loss': (0.0817, 0.1702)}
{'epoch': 28, 'train_loss': 0.2598, 'train_acc': 0.8683, 'task_loss': (0.09, 0.1698)}
{'epoch': 29, 'train_loss': 0.2816, 'train_acc': 0.8517, 'task_loss': (0.0885, 0.1931)}
{'epoch': 30, 'train_loss': 0.2174, 'train_acc': 0.8717, 'task_loss': (0.0647, 0.1527)}
{'epoch': 31, 'train_loss': 0.2035, 'train_acc': 0.8867, 'task_loss': (0.0493, 0.1542)}
{'epoch': 32, 'train_loss': 0.203, 'train_acc': 0.8883, 'task_loss': (0.0528, 0.1502)}
{'epoch': 33, 'train_loss': 0.2878, 'train_acc': 0.8767, 'task_loss': (0.1083, 0.1796)}
{'epoch': 34, 'train_loss': 0.2206, 'train_acc': 0.885, 'task_loss': (0.0755, 0.1451)}
{'epoch': 35, 'train_loss': 0.1737, 'train_acc': 0.9, 'task_loss': (0.0416, 0.1321)}
{'epoch': 36, 'train_loss': 0.2196, 'train_acc': 0.8783, 'task_loss': (0.0661, 0.1534)}
{'epoch': 37, 'train_loss': 0.244, 'train_acc': 0.8833, 'task_loss': (0.0714, 0.1726)}
{'epoch': 38, 'train_loss': 0.1745, 'train_acc': 0.8983, 'task_loss': (0.0676, 0.1069)}
{'epoch': 39, 'train_loss': 0.1976, 'train_acc': 0.905, 'task_loss': (0.0634, 0.1342)}
{'epoch': 40, 'train_loss': 0.2044, 'train_acc': 0.885, 'task_loss': (0.0724, 0.132)}
{'epoch': 41, 'train_loss': 0.1718, 'train_acc': 0.9017, 'task_loss': (0.0464, 0.1254)}
{'epoch': 42, 'train_loss': 0.2612, 'train_acc': 0.8717, 'task_loss': (0.11, 0.1512)}
{'epoch': 43, 'train_loss': 0.1659, 'train_acc': 0.91, 'task_loss': (0.0561, 0.1098)}
{'epoch': 44, 'train_loss': 0.2119, 'train_acc': 0.8967, 'task_loss': (0.065, 0.1469)}
{'epoch': 45, 'train_loss': 0.207, 'train_acc': 0.9017, 'task_loss': (0.0812, 0.1258)}
{'epoch': 46, 'train_loss': 0.1539, 'train_acc': 0.9083, 'task_loss': (0.0309, 0.1229)}
{'epoch': 47, 'train_loss': 0.1802, 'train_acc': 0.905, 'task_loss': (0.0591, 0.1211)}
{'epoch': 48, 'train_loss': 0.1718, 'train_acc': 0.905, 'task_loss': (0.058, 0.1138)}
{'epoch': 49, 'train_loss': 0.1573, 'train_acc': 0.9183, 'task_loss': (0.0401, 0.1172)}
{'epoch': 50, 'train_loss': 0.1408, 'train_acc': 0.935, 'task_loss': (0.0423, 0.0985)}
{'epoch': 51, 'train_loss': 0.13, 'train_acc': 0.925, 'task_loss': (0.0492, 0.0808)}
{'epoch': 52, 'train_loss': 0.1211, 'train_acc': 0.93, 'task_loss': (0.0282, 0.0928)}
{'epoch': 53, 'train_loss': 0.1171, 'train_acc': 0.9317, 'task_loss': (0.0253, 0.0918)}
{'epoch': 54, 'train_loss': 0.1534, 'train_acc': 0.9217, 'task_loss': (0.0498, 0.1036)}
{'epoch': 55, 'train_loss': 0.1595, 'train_acc': 0.9167, 'task_loss': (0.0634, 0.0961)}
{'epoch': 56, 'train_loss': 0.1122, 'train_acc': 0.9333, 'task_loss': (0.0223, 0.0899)}
{'epoch': 57, 'train_loss': 0.1155, 'train_acc': 0.94, 'task_loss': (0.0345, 0.081)}
{'epoch': 58, 'train_loss': 0.1185, 'train_acc': 0.935, 'task_loss': (0.0204, 0.0981)}
{'epoch': 59, 'train_loss': 0.1118, 'train_acc': 0.9483, 'task_loss': (0.036, 0.0757)}
{'epoch': 60, 'train_loss': 0.1075, 'train_acc': 0.9517, 'task_loss': (0.0213, 0.0862)}
{'epoch': 61, 'train_loss': 0.0968, 'train_acc': 0.9567, 'task_loss': (0.0231, 0.0737)}
{'epoch': 62, 'train_loss': 0.0904, 'train_acc': 0.945, 'task_loss': (0.0185, 0.0719)}
{'epoch': 63, 'train_loss': 0.0914, 'train_acc': 0.9467, 'task_loss': (0.0178, 0.0737)}
{'epoch': 64, 'train_loss': 0.0872, 'train_acc': 0.9483, 'task_loss': (0.0138, 0.0734)}
{'epoch': 65, 'train_loss': 0.0873, 'train_acc': 0.9567, 'task_loss': (0.0213, 0.066)}
{'epoch': 66, 'train_loss': 0.0987, 'train_acc': 0.95, 'task_loss': (0.0304, 0.0683)}
{'epoch': 67, 'train_loss': 0.1032, 'train_acc': 0.9383, 'task_loss': (0.0265, 0.0767)}
{'epoch': 68, 'train_loss': 0.0695, 'train_acc': 0.9567, 'task_loss': (0.0112, 0.0583)}
{'epoch': 69, 'train_loss': 0.0781, 'train_acc': 0.965, 'task_loss': (0.0156, 0.0625)}
{'epoch': 70, 'train_loss': 0.0626, 'train_acc': 0.9683, 'task_loss': (0.0121, 0.0505)}
{'epoch': 71, 'train_loss': 0.0927, 'train_acc': 0.9467, 'task_loss': (0.0234, 0.0693)}
{'epoch': 72, 'train_loss': 0.0691, 'train_acc': 0.965, 'task_loss': (0.0145, 0.0546)}
{'epoch': 73, 'train_loss': 0.0708, 'train_acc': 0.955, 'task_loss': (0.0088, 0.062)}
{'epoch': 74, 'train_loss': 0.0685, 'train_acc': 0.9617, 'task_loss': (0.0088, 0.0596)}
{'epoch': 75, 'train_loss': 0.1031, 'train_acc': 0.9433, 'task_loss': (0.0223, 0.0808)}
{'epoch': 76, 'train_loss': 0.0657, 'train_acc': 0.9667, 'task_loss': (0.0156, 0.0501)}
{'epoch': 77, 'train_loss': 0.062, 'train_acc': 0.9567, 'task_loss': (0.0097, 0.0524)}
{'epoch': 78, 'train_loss': 0.0664, 'train_acc': 0.975, 'task_loss': (0.011, 0.0554)}
{'epoch': 79, 'train_loss': 0.0771, 'train_acc': 0.9617, 'task_loss': (0.0227, 0.0543)}
{'epoch': 80, 'train_loss': 0.0618, 'train_acc': 0.965, 'task_loss': (0.013, 0.0488)}
{'epoch': 81, 'train_loss': 0.0576, 'train_acc': 0.9767, 'task_loss': (0.0132, 0.0444)}
{'epoch': 82, 'train_loss': 0.0801, 'train_acc': 0.9567, 'task_loss': (0.0194, 0.0607)}
{'epoch': 83, 'train_loss': 0.061, 'train_acc': 0.9683, 'task_loss': (0.0146, 0.0464)}
{'epoch': 84, 'train_loss': 0.0677, 'train_acc': 0.9817, 'task_loss': (0.0227, 0.045)}
{'epoch': 85, 'train_loss': 0.0633, 'train_acc': 0.9717, 'task_loss': (0.0094, 0.0539)}
{'epoch': 86, 'train_loss': 0.058, 'train_acc': 0.9717, 'task_loss': (0.0139, 0.0441)}
{'epoch': 87, 'train_loss': 0.0647, 'train_acc': 0.9617, 'task_loss': (0.012, 0.0528)}
{'epoch': 88, 'train_loss': 0.0611, 'train_acc': 0.9667, 'task_loss': (0.0138, 0.0473)}
{'epoch': 89, 'train_loss': 0.0615, 'train_acc': 0.965, 'task_loss': (0.0159, 0.0457)}
{'epoch': 90, 'train_loss': 0.0664, 'train_acc': 0.9633, 'task_loss': (0.0131, 0.0533)}
{'epoch': 91, 'train_loss': 0.0589, 'train_acc': 0.9717, 'task_loss': (0.0147, 0.0442)}
{'epoch': 92, 'train_loss': 0.0554, 'train_acc': 0.97, 'task_loss': (0.0164, 0.039)}
{'epoch': 93, 'train_loss': 0.0703, 'train_acc': 0.9617, 'task_loss': (0.0129, 0.0574)}
{'epoch': 94, 'train_loss': 0.0669, 'train_acc': 0.9633, 'task_loss': (0.0132, 0.0537)}
{'epoch': 95, 'train_loss': 0.0631, 'train_acc': 0.9683, 'task_loss': (0.0086, 0.0545)}
{'epoch': 96, 'train_loss': 0.0593, 'train_acc': 0.9667, 'task_loss': (0.0093, 0.05)}
{'epoch': 97, 'train_loss': 0.0591, 'train_acc': 0.9667, 'task_loss': (0.0058, 0.0532)}
{'epoch': 98, 'train_loss': 0.0523, 'train_acc': 0.975, 'task_loss': (0.0048, 0.0475)}
{'epoch': 99, 'train_loss': 0.068, 'train_acc': 0.9617, 'task_loss': (0.016, 0.0519)}
{'epoch': 100, 'train_loss': 0.0552, 'train_acc': 0.975, 'task_loss': (0.0117, 0.0436)}
{'run_num': 1, 'final_test_err': 0.127}
Files already downloaded and verified
Files already downloaded and verified
{'epoch': 1, 'train_loss': 1.0204, 'train_acc': 0.5983, 'task_loss': (0.5422, 0.4782)}
{'epoch': 2, 'train_loss': 1.0358, 'train_acc': 0.69, 'task_loss': (0.5268, 0.509)}
{'epoch': 3, 'train_loss': 0.7772, 'train_acc': 0.6767, 'task_loss': (0.2969, 0.4803)}
{'epoch': 4, 'train_loss': 0.5444, 'train_acc': 0.7383, 'task_loss': (0.2393, 0.3051)}
{'epoch': 5, 'train_loss': 0.5072, 'train_acc': 0.7683, 'task_loss': (0.2183, 0.289)}
{'epoch': 6, 'train_loss': 0.492, 'train_acc': 0.7733, 'task_loss': (0.2164, 0.2756)}
{'epoch': 7, 'train_loss': 0.4673, 'train_acc': 0.76, 'task_loss': (0.1751, 0.2922)}
{'epoch': 8, 'train_loss': 0.581, 'train_acc': 0.76, 'task_loss': (0.3182, 0.2628)}
{'epoch': 9, 'train_loss': 0.4664, 'train_acc': 0.7633, 'task_loss': (0.1679, 0.2985)}
{'epoch': 10, 'train_loss': 0.5121, 'train_acc': 0.7533, 'task_loss': (0.2335, 0.2786)}
{'epoch': 11, 'train_loss': 0.4307, 'train_acc': 0.785, 'task_loss': (0.1753, 0.2554)}
{'epoch': 12, 'train_loss': 0.3254, 'train_acc': 0.815, 'task_loss': (0.102, 0.2234)}
{'epoch': 13, 'train_loss': 0.3456, 'train_acc': 0.845, 'task_loss': (0.1428, 0.2028)}
{'epoch': 14, 'train_loss': 0.3472, 'train_acc': 0.8217, 'task_loss': (0.1439, 0.2032)}
{'epoch': 15, 'train_loss': 0.3716, 'train_acc': 0.8083, 'task_loss': (0.1211, 0.2505)}
{'epoch': 16, 'train_loss': 0.3847, 'train_acc': 0.8083, 'task_loss': (0.1494, 0.2353)}
{'epoch': 17, 'train_loss': 0.4385, 'train_acc': 0.8017, 'task_loss': (0.2138, 0.2246)}
{'epoch': 18, 'train_loss': 0.4037, 'train_acc': 0.8267, 'task_loss': (0.1947, 0.209)}
{'epoch': 19, 'train_loss': 0.406, 'train_acc': 0.8083, 'task_loss': (0.1699, 0.2361)}
{'epoch': 20, 'train_loss': 0.2925, 'train_acc': 0.8567, 'task_loss': (0.0874, 0.2051)}
{'epoch': 21, 'train_loss': 0.28, 'train_acc': 0.8617, 'task_loss': (0.1092, 0.1708)}
{'epoch': 22, 'train_loss': 0.2525, 'train_acc': 0.8833, 'task_loss': (0.0952, 0.1573)}
{'epoch': 23, 'train_loss': 0.2858, 'train_acc': 0.8617, 'task_loss': (0.0959, 0.1899)}
{'epoch': 24, 'train_loss': 0.2973, 'train_acc': 0.8633, 'task_loss': (0.1307, 0.1666)}
{'epoch': 25, 'train_loss': 0.2528, 'train_acc': 0.865, 'task_loss': (0.0754, 0.1773)}
{'epoch': 26, 'train_loss': 0.265, 'train_acc': 0.855, 'task_loss': (0.0834, 0.1816)}
{'epoch': 27, 'train_loss': 0.2353, 'train_acc': 0.8783, 'task_loss': (0.0857, 0.1496)}
{'epoch': 28, 'train_loss': 0.273, 'train_acc': 0.8833, 'task_loss': (0.1059, 0.1671)}
{'epoch': 29, 'train_loss': 0.2495, 'train_acc': 0.855, 'task_loss': (0.0761, 0.1734)}
{'epoch': 30, 'train_loss': 0.3652, 'train_acc': 0.835, 'task_loss': (0.1772, 0.188)}
{'epoch': 31, 'train_loss': 0.3206, 'train_acc': 0.84, 'task_loss': (0.0952, 0.2254)}
{'epoch': 32, 'train_loss': 0.236, 'train_acc': 0.8883, 'task_loss': (0.0831, 0.1529)}
{'epoch': 33, 'train_loss': 0.3237, 'train_acc': 0.8533, 'task_loss': (0.1474, 0.1763)}
{'epoch': 34, 'train_loss': 0.2764, 'train_acc': 0.8717, 'task_loss': (0.0898, 0.1866)}
{'epoch': 35, 'train_loss': 0.2462, 'train_acc': 0.875, 'task_loss': (0.0759, 0.1702)}
{'epoch': 36, 'train_loss': 0.2301, 'train_acc': 0.8733, 'task_loss': (0.0662, 0.1639)}
{'epoch': 37, 'train_loss': 0.2128, 'train_acc': 0.88, 'task_loss': (0.0639, 0.1488)}
{'epoch': 38, 'train_loss': 0.1861, 'train_acc': 0.91, 'task_loss': (0.0435, 0.1426)}
{'epoch': 39, 'train_loss': 0.2697, 'train_acc': 0.8633, 'task_loss': (0.099, 0.1707)}
{'epoch': 40, 'train_loss': 0.1876, 'train_acc': 0.9033, 'task_loss': (0.0448, 0.1428)}
{'epoch': 41, 'train_loss': 0.1503, 'train_acc': 0.92, 'task_loss': (0.0378, 0.1124)}
{'epoch': 42, 'train_loss': 0.1918, 'train_acc': 0.91, 'task_loss': (0.0675, 0.1244)}
{'epoch': 43, 'train_loss': 0.2185, 'train_acc': 0.8783, 'task_loss': (0.0691, 0.1494)}
{'epoch': 44, 'train_loss': 0.2514, 'train_acc': 0.8817, 'task_loss': (0.0989, 0.1525)}
{'epoch': 45, 'train_loss': 0.1959, 'train_acc': 0.8933, 'task_loss': (0.0625, 0.1334)}
{'epoch': 46, 'train_loss': 0.1493, 'train_acc': 0.9117, 'task_loss': (0.0315, 0.1178)}
{'epoch': 47, 'train_loss': 0.1341, 'train_acc': 0.935, 'task_loss': (0.043, 0.0911)}
{'epoch': 48, 'train_loss': 0.1516, 'train_acc': 0.9117, 'task_loss': (0.0383, 0.1134)}
{'epoch': 49, 'train_loss': 0.1418, 'train_acc': 0.9167, 'task_loss': (0.0295, 0.1122)}
{'epoch': 50, 'train_loss': 0.1129, 'train_acc': 0.94, 'task_loss': (0.023, 0.0899)}
{'epoch': 51, 'train_loss': 0.1137, 'train_acc': 0.94, 'task_loss': (0.0175, 0.0962)}
{'epoch': 52, 'train_loss': 0.1281, 'train_acc': 0.945, 'task_loss': (0.0426, 0.0855)}
{'epoch': 53, 'train_loss': 0.1222, 'train_acc': 0.93, 'task_loss': (0.0318, 0.0904)}
{'epoch': 54, 'train_loss': 0.1004, 'train_acc': 0.9417, 'task_loss': (0.0144, 0.086)}
{'epoch': 55, 'train_loss': 0.1284, 'train_acc': 0.9283, 'task_loss': (0.0413, 0.0871)}
{'epoch': 56, 'train_loss': 0.1161, 'train_acc': 0.9367, 'task_loss': (0.03, 0.086)}
{'epoch': 57, 'train_loss': 0.1362, 'train_acc': 0.9333, 'task_loss': (0.0477, 0.0885)}
{'epoch': 58, 'train_loss': 0.1094, 'train_acc': 0.9367, 'task_loss': (0.0176, 0.0917)}
{'epoch': 59, 'train_loss': 0.0882, 'train_acc': 0.955, 'task_loss': (0.0158, 0.0724)}
{'epoch': 60, 'train_loss': 0.092, 'train_acc': 0.95, 'task_loss': (0.0171, 0.0749)}
{'epoch': 61, 'train_loss': 0.1063, 'train_acc': 0.9483, 'task_loss': (0.0331, 0.0732)}
{'epoch': 62, 'train_loss': 0.1165, 'train_acc': 0.9333, 'task_loss': (0.023, 0.0935)}
{'epoch': 63, 'train_loss': 0.119, 'train_acc': 0.94, 'task_loss': (0.0327, 0.0863)}
{'epoch': 64, 'train_loss': 0.1112, 'train_acc': 0.9283, 'task_loss': (0.0206, 0.0905)}
{'epoch': 65, 'train_loss': 0.1075, 'train_acc': 0.93, 'task_loss': (0.0172, 0.0904)}
{'epoch': 66, 'train_loss': 0.088, 'train_acc': 0.95, 'task_loss': (0.0162, 0.0719)}
{'epoch': 67, 'train_loss': 0.0843, 'train_acc': 0.9533, 'task_loss': (0.0179, 0.0664)}
{'epoch': 68, 'train_loss': 0.0881, 'train_acc': 0.95, 'task_loss': (0.0145, 0.0736)}
{'epoch': 69, 'train_loss': 0.0904, 'train_acc': 0.9583, 'task_loss': (0.0211, 0.0693)}
{'epoch': 70, 'train_loss': 0.1199, 'train_acc': 0.925, 'task_loss': (0.0318, 0.0881)}
{'epoch': 71, 'train_loss': 0.0887, 'train_acc': 0.9517, 'task_loss': (0.0193, 0.0695)}
{'epoch': 72, 'train_loss': 0.0638, 'train_acc': 0.9583, 'task_loss': (0.0062, 0.0576)}
{'epoch': 73, 'train_loss': 0.0873, 'train_acc': 0.9633, 'task_loss': (0.0249, 0.0624)}
{'epoch': 74, 'train_loss': 0.0735, 'train_acc': 0.9683, 'task_loss': (0.0235, 0.0501)}
{'epoch': 75, 'train_loss': 0.1026, 'train_acc': 0.9483, 'task_loss': (0.0298, 0.0727)}
{'epoch': 76, 'train_loss': 0.0943, 'train_acc': 0.9517, 'task_loss': (0.0292, 0.065)}
{'epoch': 77, 'train_loss': 0.0915, 'train_acc': 0.9533, 'task_loss': (0.0245, 0.067)}
{'epoch': 78, 'train_loss': 0.0735, 'train_acc': 0.96, 'task_loss': (0.0084, 0.0652)}
{'epoch': 79, 'train_loss': 0.0673, 'train_acc': 0.97, 'task_loss': (0.0162, 0.0511)}
{'epoch': 80, 'train_loss': 0.0592, 'train_acc': 0.975, 'task_loss': (0.007, 0.0522)}
{'epoch': 81, 'train_loss': 0.0639, 'train_acc': 0.9583, 'task_loss': (0.0183, 0.0456)}
{'epoch': 82, 'train_loss': 0.065, 'train_acc': 0.9667, 'task_loss': (0.0155, 0.0495)}
{'epoch': 83, 'train_loss': 0.0667, 'train_acc': 0.97, 'task_loss': (0.0105, 0.0562)}
{'epoch': 84, 'train_loss': 0.0677, 'train_acc': 0.97, 'task_loss': (0.0165, 0.0512)}
{'epoch': 85, 'train_loss': 0.0602, 'train_acc': 0.965, 'task_loss': (0.0126, 0.0476)}
{'epoch': 86, 'train_loss': 0.0655, 'train_acc': 0.9683, 'task_loss': (0.0128, 0.0527)}
{'epoch': 87, 'train_loss': 0.0758, 'train_acc': 0.9617, 'task_loss': (0.0195, 0.0564)}
{'epoch': 88, 'train_loss': 0.0688, 'train_acc': 0.975, 'task_loss': (0.0241, 0.0446)}
{'epoch': 89, 'train_loss': 0.0642, 'train_acc': 0.9667, 'task_loss': (0.0124, 0.0518)}
{'epoch': 90, 'train_loss': 0.07, 'train_acc': 0.9683, 'task_loss': (0.021, 0.0489)}
{'epoch': 91, 'train_loss': 0.0643, 'train_acc': 0.9633, 'task_loss': (0.0054, 0.0589)}
{'epoch': 92, 'train_loss': 0.0722, 'train_acc': 0.9617, 'task_loss': (0.0141, 0.0581)}
{'epoch': 93, 'train_loss': 0.0503, 'train_acc': 0.9683, 'task_loss': (0.0068, 0.0435)}
{'epoch': 94, 'train_loss': 0.0527, 'train_acc': 0.9833, 'task_loss': (0.0132, 0.0395)}
{'epoch': 95, 'train_loss': 0.0682, 'train_acc': 0.965, 'task_loss': (0.011, 0.0572)}
{'epoch': 96, 'train_loss': 0.0612, 'train_acc': 0.9633, 'task_loss': (0.0151, 0.0461)}
{'epoch': 97, 'train_loss': 0.0643, 'train_acc': 0.9667, 'task_loss': (0.006, 0.0582)}
{'epoch': 98, 'train_loss': 0.0595, 'train_acc': 0.975, 'task_loss': (0.008, 0.0515)}
{'epoch': 99, 'train_loss': 0.0695, 'train_acc': 0.9783, 'task_loss': (0.0216, 0.0479)}
{'epoch': 100, 'train_loss': 0.0762, 'train_acc': 0.9633, 'task_loss': (0.0195, 0.0568)}
{'run_num': 2, 'final_test_err': 0.12724999999999997}
Files already downloaded and verified
Files already downloaded and verified
{'epoch': 1, 'train_loss': 0.8345, 'train_acc': 0.6217, 'task_loss': (0.3857, 0.4488)}
{'epoch': 2, 'train_loss': 0.8694, 'train_acc': 0.665, 'task_loss': (0.4091, 0.4602)}
{'epoch': 3, 'train_loss': 0.8076, 'train_acc': 0.6783, 'task_loss': (0.4233, 0.3843)}
{'epoch': 4, 'train_loss': 0.5093, 'train_acc': 0.7433, 'task_loss': (0.2188, 0.2905)}
{'epoch': 5, 'train_loss': 0.6276, 'train_acc': 0.7383, 'task_loss': (0.2884, 0.3391)}
{'epoch': 6, 'train_loss': 0.625, 'train_acc': 0.72, 'task_loss': (0.2809, 0.3441)}
{'epoch': 7, 'train_loss': 0.5692, 'train_acc': 0.7367, 'task_loss': (0.2778, 0.2915)}
{'epoch': 8, 'train_loss': 0.4396, 'train_acc': 0.7833, 'task_loss': (0.1919, 0.2476)}
{'epoch': 9, 'train_loss': 0.3773, 'train_acc': 0.815, 'task_loss': (0.1379, 0.2394)}
{'epoch': 10, 'train_loss': 0.3851, 'train_acc': 0.8167, 'task_loss': (0.1507, 0.2344)}
{'epoch': 11, 'train_loss': 0.448, 'train_acc': 0.7917, 'task_loss': (0.2011, 0.2468)}
{'epoch': 12, 'train_loss': 0.3432, 'train_acc': 0.8033, 'task_loss': (0.1269, 0.2163)}
{'epoch': 13, 'train_loss': 0.3437, 'train_acc': 0.83, 'task_loss': (0.112, 0.2317)}
{'epoch': 14, 'train_loss': 0.3173, 'train_acc': 0.8267, 'task_loss': (0.1208, 0.1965)}
{'epoch': 15, 'train_loss': 0.4222, 'train_acc': 0.8117, 'task_loss': (0.1842, 0.238)}
{'epoch': 16, 'train_loss': 0.3328, 'train_acc': 0.815, 'task_loss': (0.1092, 0.2237)}
{'epoch': 17, 'train_loss': 0.3439, 'train_acc': 0.82, 'task_loss': (0.1317, 0.2122)}
{'epoch': 18, 'train_loss': 0.3542, 'train_acc': 0.8517, 'task_loss': (0.1777, 0.1765)}
{'epoch': 19, 'train_loss': 0.3556, 'train_acc': 0.845, 'task_loss': (0.1586, 0.197)}
{'epoch': 20, 'train_loss': 0.3071, 'train_acc': 0.8317, 'task_loss': (0.1041, 0.2029)}
{'epoch': 21, 'train_loss': 0.3206, 'train_acc': 0.8217, 'task_loss': (0.1063, 0.2142)}
{'epoch': 22, 'train_loss': 0.2855, 'train_acc': 0.8483, 'task_loss': (0.0849, 0.2007)}
{'epoch': 23, 'train_loss': 0.299, 'train_acc': 0.8483, 'task_loss': (0.1177, 0.1813)}
{'epoch': 24, 'train_loss': 0.2858, 'train_acc': 0.8467, 'task_loss': (0.0913, 0.1945)}
{'epoch': 25, 'train_loss': 0.2728, 'train_acc': 0.8583, 'task_loss': (0.0895, 0.1833)}
{'epoch': 26, 'train_loss': 0.3327, 'train_acc': 0.8333, 'task_loss': (0.1357, 0.197)}
{'epoch': 27, 'train_loss': 0.2288, 'train_acc': 0.8833, 'task_loss': (0.0616, 0.1671)}
{'epoch': 28, 'train_loss': 0.28, 'train_acc': 0.8583, 'task_loss': (0.1016, 0.1784)}
{'epoch': 29, 'train_loss': 0.319, 'train_acc': 0.84, 'task_loss': (0.1309, 0.1881)}
{'epoch': 30, 'train_loss': 0.1954, 'train_acc': 0.8767, 'task_loss': (0.0534, 0.1419)}
{'epoch': 31, 'train_loss': 0.2911, 'train_acc': 0.885, 'task_loss': (0.1322, 0.159)}
{'epoch': 32, 'train_loss': 0.2863, 'train_acc': 0.855, 'task_loss': (0.111, 0.1753)}
{'epoch': 33, 'train_loss': 0.2804, 'train_acc': 0.865, 'task_loss': (0.1183, 0.1621)}
{'epoch': 34, 'train_loss': 0.2705, 'train_acc': 0.8717, 'task_loss': (0.0869, 0.1836)}
{'epoch': 35, 'train_loss': 0.2233, 'train_acc': 0.89, 'task_loss': (0.0807, 0.1426)}
{'epoch': 36, 'train_loss': 0.2357, 'train_acc': 0.8783, 'task_loss': (0.07, 0.1657)}
{'epoch': 37, 'train_loss': 0.2274, 'train_acc': 0.8833, 'task_loss': (0.0788, 0.1485)}
{'epoch': 38, 'train_loss': 0.2009, 'train_acc': 0.8883, 'task_loss': (0.0592, 0.1416)}
{'epoch': 39, 'train_loss': 0.2136, 'train_acc': 0.885, 'task_loss': (0.0805, 0.1331)}
{'epoch': 40, 'train_loss': 0.1786, 'train_acc': 0.8967, 'task_loss': (0.0509, 0.1277)}
{'epoch': 41, 'train_loss': 0.2484, 'train_acc': 0.8983, 'task_loss': (0.1054, 0.143)}
{'epoch': 42, 'train_loss': 0.2191, 'train_acc': 0.89, 'task_loss': (0.0692, 0.1499)}
{'epoch': 43, 'train_loss': 0.1728, 'train_acc': 0.9167, 'task_loss': (0.0502, 0.1226)}
{'epoch': 44, 'train_loss': 0.2123, 'train_acc': 0.89, 'task_loss': (0.0873, 0.125)}
{'epoch': 45, 'train_loss': 0.1791, 'train_acc': 0.8983, 'task_loss': (0.0427, 0.1364)}
{'epoch': 46, 'train_loss': 0.1797, 'train_acc': 0.92, 'task_loss': (0.0623, 0.1175)}
{'epoch': 47, 'train_loss': 0.1575, 'train_acc': 0.9267, 'task_loss': (0.0492, 0.1083)}
{'epoch': 48, 'train_loss': 0.2656, 'train_acc': 0.8567, 'task_loss': (0.1131, 0.1526)}
{'epoch': 49, 'train_loss': 0.168, 'train_acc': 0.9133, 'task_loss': (0.032, 0.136)}
{'epoch': 50, 'train_loss': 0.1369, 'train_acc': 0.9217, 'task_loss': (0.0333, 0.1036)}
{'epoch': 51, 'train_loss': 0.1273, 'train_acc': 0.9467, 'task_loss': (0.0364, 0.0909)}
{'epoch': 52, 'train_loss': 0.1186, 'train_acc': 0.9317, 'task_loss': (0.0205, 0.098)}
{'epoch': 53, 'train_loss': 0.1854, 'train_acc': 0.9183, 'task_loss': (0.0694, 0.1159)}
{'epoch': 54, 'train_loss': 0.1506, 'train_acc': 0.9117, 'task_loss': (0.0364, 0.1142)}
{'epoch': 55, 'train_loss': 0.134, 'train_acc': 0.9183, 'task_loss': (0.0266, 0.1074)}
{'epoch': 56, 'train_loss': 0.1171, 'train_acc': 0.9433, 'task_loss': (0.0288, 0.0883)}
{'epoch': 57, 'train_loss': 0.1155, 'train_acc': 0.9517, 'task_loss': (0.0381, 0.0774)}
{'epoch': 58, 'train_loss': 0.0915, 'train_acc': 0.945, 'task_loss': (0.0153, 0.0763)}
{'epoch': 59, 'train_loss': 0.1124, 'train_acc': 0.9433, 'task_loss': (0.0367, 0.0758)}
{'epoch': 60, 'train_loss': 0.1127, 'train_acc': 0.945, 'task_loss': (0.024, 0.0888)}
{'epoch': 61, 'train_loss': 0.1536, 'train_acc': 0.9383, 'task_loss': (0.0599, 0.0937)}
{'epoch': 62, 'train_loss': 0.1117, 'train_acc': 0.9283, 'task_loss': (0.0226, 0.0891)}
{'epoch': 63, 'train_loss': 0.091, 'train_acc': 0.9567, 'task_loss': (0.0208, 0.0703)}
{'epoch': 64, 'train_loss': 0.1108, 'train_acc': 0.9417, 'task_loss': (0.0287, 0.0821)}
{'epoch': 65, 'train_loss': 0.1042, 'train_acc': 0.9383, 'task_loss': (0.0255, 0.0788)}
{'epoch': 66, 'train_loss': 0.0872, 'train_acc': 0.9467, 'task_loss': (0.0124, 0.0748)}
{'epoch': 67, 'train_loss': 0.091, 'train_acc': 0.9533, 'task_loss': (0.0148, 0.0762)}
{'epoch': 68, 'train_loss': 0.0889, 'train_acc': 0.96, 'task_loss': (0.0296, 0.0593)}
{'epoch': 69, 'train_loss': 0.083, 'train_acc': 0.95, 'task_loss': (0.0129, 0.0701)}
{'epoch': 70, 'train_loss': 0.0701, 'train_acc': 0.96, 'task_loss': (0.0086, 0.0614)}
{'epoch': 71, 'train_loss': 0.0678, 'train_acc': 0.97, 'task_loss': (0.016, 0.0518)}
{'epoch': 72, 'train_loss': 0.0805, 'train_acc': 0.9483, 'task_loss': (0.0063, 0.0742)}
{'epoch': 73, 'train_loss': 0.0898, 'train_acc': 0.955, 'task_loss': (0.02, 0.0698)}
{'epoch': 74, 'train_loss': 0.1016, 'train_acc': 0.9417, 'task_loss': (0.0193, 0.0823)}
{'epoch': 75, 'train_loss': 0.0991, 'train_acc': 0.9517, 'task_loss': (0.0255, 0.0736)}
{'epoch': 76, 'train_loss': 0.1097, 'train_acc': 0.955, 'task_loss': (0.0458, 0.0639)}
{'epoch': 77, 'train_loss': 0.0752, 'train_acc': 0.9617, 'task_loss': (0.0109, 0.0643)}
{'epoch': 78, 'train_loss': 0.0865, 'train_acc': 0.9583, 'task_loss': (0.019, 0.0675)}
{'epoch': 79, 'train_loss': 0.0833, 'train_acc': 0.955, 'task_loss': (0.0186, 0.0647)}
{'epoch': 80, 'train_loss': 0.0979, 'train_acc': 0.9483, 'task_loss': (0.0283, 0.0695)}
{'epoch': 81, 'train_loss': 0.0738, 'train_acc': 0.9617, 'task_loss': (0.0085, 0.0653)}
{'epoch': 82, 'train_loss': 0.078, 'train_acc': 0.9583, 'task_loss': (0.0194, 0.0585)}
{'epoch': 83, 'train_loss': 0.0658, 'train_acc': 0.9683, 'task_loss': (0.0106, 0.0553)}
{'epoch': 84, 'train_loss': 0.0577, 'train_acc': 0.9733, 'task_loss': (0.013, 0.0446)}
{'epoch': 85, 'train_loss': 0.0633, 'train_acc': 0.9617, 'task_loss': (0.0107, 0.0526)}
{'epoch': 86, 'train_loss': 0.0577, 'train_acc': 0.9667, 'task_loss': (0.007, 0.0507)}
{'epoch': 87, 'train_loss': 0.0722, 'train_acc': 0.9633, 'task_loss': (0.0126, 0.0595)}
{'epoch': 88, 'train_loss': 0.069, 'train_acc': 0.9633, 'task_loss': (0.0135, 0.0554)}
{'epoch': 89, 'train_loss': 0.0715, 'train_acc': 0.96, 'task_loss': (0.0107, 0.0608)}
{'epoch': 90, 'train_loss': 0.0675, 'train_acc': 0.9617, 'task_loss': (0.0113, 0.0562)}
{'epoch': 91, 'train_loss': 0.0699, 'train_acc': 0.9567, 'task_loss': (0.0096, 0.0603)}
{'epoch': 92, 'train_loss': 0.0817, 'train_acc': 0.96, 'task_loss': (0.0212, 0.0605)}
{'epoch': 93, 'train_loss': 0.0605, 'train_acc': 0.9667, 'task_loss': (0.0105, 0.0501)}
{'epoch': 94, 'train_loss': 0.0629, 'train_acc': 0.97, 'task_loss': (0.0097, 0.0532)}
{'epoch': 95, 'train_loss': 0.0667, 'train_acc': 0.9683, 'task_loss': (0.0115, 0.0552)}
{'epoch': 96, 'train_loss': 0.0634, 'train_acc': 0.9633, 'task_loss': (0.0079, 0.0555)}
{'epoch': 97, 'train_loss': 0.0684, 'train_acc': 0.965, 'task_loss': (0.0089, 0.0595)}
{'epoch': 98, 'train_loss': 0.0542, 'train_acc': 0.9733, 'task_loss': (0.0045, 0.0496)}
{'epoch': 99, 'train_loss': 0.062, 'train_acc': 0.9617, 'task_loss': (0.0126, 0.0494)}
{'epoch': 100, 'train_loss': 0.0785, 'train_acc': 0.9467, 'task_loss': (0.0132, 0.0653)}
{'run_num': 3, 'final_test_err': 0.12824999999999998}
Files already downloaded and verified
Files already downloaded and verified
{'epoch': 1, 'train_loss': 0.9958, 'train_acc': 0.63, 'task_loss': (0.4585, 0.5373)}
{'epoch': 2, 'train_loss': 0.8567, 'train_acc': 0.6467, 'task_loss': (0.3709, 0.4858)}
{'epoch': 3, 'train_loss': 0.7913, 'train_acc': 0.7017, 'task_loss': (0.3958, 0.3955)}
{'epoch': 4, 'train_loss': 0.721, 'train_acc': 0.7183, 'task_loss': (0.3605, 0.3605)}
{'epoch': 5, 'train_loss': 0.6321, 'train_acc': 0.725, 'task_loss': (0.2985, 0.3335)}
{'epoch': 6, 'train_loss': 0.5873, 'train_acc': 0.7667, 'task_loss': (0.2561, 0.3313)}
{'epoch': 7, 'train_loss': 0.5298, 'train_acc': 0.7483, 'task_loss': (0.2635, 0.2663)}
{'epoch': 8, 'train_loss': 0.4971, 'train_acc': 0.7733, 'task_loss': (0.2277, 0.2694)}
{'epoch': 9, 'train_loss': 0.483, 'train_acc': 0.76, 'task_loss': (0.2226, 0.2604)}
{'epoch': 10, 'train_loss': 0.5177, 'train_acc': 0.7717, 'task_loss': (0.2548, 0.2629)}
{'epoch': 11, 'train_loss': 0.4447, 'train_acc': 0.7817, 'task_loss': (0.1761, 0.2686)}
{'epoch': 12, 'train_loss': 0.3637, 'train_acc': 0.8133, 'task_loss': (0.1276, 0.2361)}
{'epoch': 13, 'train_loss': 0.4476, 'train_acc': 0.7917, 'task_loss': (0.2167, 0.2309)}
{'epoch': 14, 'train_loss': 0.4208, 'train_acc': 0.8067, 'task_loss': (0.185, 0.2358)}
{'epoch': 15, 'train_loss': 0.3883, 'train_acc': 0.8, 'task_loss': (0.1146, 0.2738)}
{'epoch': 16, 'train_loss': 0.3353, 'train_acc': 0.8317, 'task_loss': (0.1213, 0.214)}
{'epoch': 17, 'train_loss': 0.3337, 'train_acc': 0.8167, 'task_loss': (0.0997, 0.2339)}
{'epoch': 18, 'train_loss': 0.3665, 'train_acc': 0.8217, 'task_loss': (0.1577, 0.2088)}
{'epoch': 19, 'train_loss': 0.3963, 'train_acc': 0.8033, 'task_loss': (0.1366, 0.2597)}
{'epoch': 20, 'train_loss': 0.3094, 'train_acc': 0.8433, 'task_loss': (0.1119, 0.1975)}
{'epoch': 21, 'train_loss': 0.33, 'train_acc': 0.84, 'task_loss': (0.1389, 0.1911)}
{'epoch': 22, 'train_loss': 0.2724, 'train_acc': 0.855, 'task_loss': (0.0878, 0.1846)}
{'epoch': 23, 'train_loss': 0.3194, 'train_acc': 0.8433, 'task_loss': (0.1421, 0.1772)}
{'epoch': 24, 'train_loss': 0.3274, 'train_acc': 0.8367, 'task_loss': (0.1333, 0.1941)}
{'epoch': 25, 'train_loss': 0.2567, 'train_acc': 0.86, 'task_loss': (0.0761, 0.1806)}
{'epoch': 26, 'train_loss': 0.2556, 'train_acc': 0.8783, 'task_loss': (0.0861, 0.1695)}
{'epoch': 27, 'train_loss': 0.2111, 'train_acc': 0.895, 'task_loss': (0.0616, 0.1495)}
{'epoch': 28, 'train_loss': 0.2204, 'train_acc': 0.8667, 'task_loss': (0.0518, 0.1686)}
{'epoch': 29, 'train_loss': 0.2713, 'train_acc': 0.855, 'task_loss': (0.0708, 0.2005)}
{'epoch': 30, 'train_loss': 0.2006, 'train_acc': 0.8783, 'task_loss': (0.0428, 0.1579)}
{'epoch': 31, 'train_loss': 0.2399, 'train_acc': 0.8883, 'task_loss': (0.084, 0.1559)}
{'epoch': 32, 'train_loss': 0.2553, 'train_acc': 0.8783, 'task_loss': (0.0987, 0.1566)}
{'epoch': 33, 'train_loss': 0.2623, 'train_acc': 0.875, 'task_loss': (0.1007, 0.1616)}
{'epoch': 34, 'train_loss': 0.2172, 'train_acc': 0.89, 'task_loss': (0.0742, 0.143)}
{'epoch': 35, 'train_loss': 0.2345, 'train_acc': 0.8717, 'task_loss': (0.0818, 0.1527)}
{'epoch': 36, 'train_loss': 0.1901, 'train_acc': 0.8733, 'task_loss': (0.0411, 0.149)}
{'epoch': 37, 'train_loss': 0.2079, 'train_acc': 0.8983, 'task_loss': (0.0564, 0.1515)}
{'epoch': 38, 'train_loss': 0.2075, 'train_acc': 0.8867, 'task_loss': (0.0553, 0.1522)}
{'epoch': 39, 'train_loss': 0.1738, 'train_acc': 0.8983, 'task_loss': (0.0298, 0.1439)}
{'epoch': 40, 'train_loss': 0.1728, 'train_acc': 0.9, 'task_loss': (0.0406, 0.1322)}
{'epoch': 41, 'train_loss': 0.2144, 'train_acc': 0.8883, 'task_loss': (0.0829, 0.1314)}
{'epoch': 42, 'train_loss': 0.1867, 'train_acc': 0.9083, 'task_loss': (0.0469, 0.1398)}
{'epoch': 43, 'train_loss': 0.178, 'train_acc': 0.9017, 'task_loss': (0.0473, 0.1307)}
{'epoch': 44, 'train_loss': 0.1834, 'train_acc': 0.8983, 'task_loss': (0.0548, 0.1286)}
{'epoch': 45, 'train_loss': 0.1482, 'train_acc': 0.92, 'task_loss': (0.0271, 0.1211)}
{'epoch': 46, 'train_loss': 0.1236, 'train_acc': 0.9283, 'task_loss': (0.0233, 0.1003)}
{'epoch': 47, 'train_loss': 0.1615, 'train_acc': 0.91, 'task_loss': (0.0437, 0.1178)}
{'epoch': 48, 'train_loss': 0.1634, 'train_acc': 0.915, 'task_loss': (0.0401, 0.1233)}
{'epoch': 49, 'train_loss': 0.1103, 'train_acc': 0.9467, 'task_loss': (0.0384, 0.0719)}
{'epoch': 50, 'train_loss': 0.1185, 'train_acc': 0.9283, 'task_loss': (0.0243, 0.0942)}
{'epoch': 51, 'train_loss': 0.1286, 'train_acc': 0.9383, 'task_loss': (0.0409, 0.0877)}
{'epoch': 52, 'train_loss': 0.1105, 'train_acc': 0.94, 'task_loss': (0.0233, 0.0872)}
{'epoch': 53, 'train_loss': 0.1107, 'train_acc': 0.94, 'task_loss': (0.0217, 0.089)}
{'epoch': 54, 'train_loss': 0.1373, 'train_acc': 0.94, 'task_loss': (0.0496, 0.0877)}
{'epoch': 55, 'train_loss': 0.1243, 'train_acc': 0.935, 'task_loss': (0.0319, 0.0924)}
{'epoch': 56, 'train_loss': 0.1063, 'train_acc': 0.935, 'task_loss': (0.0127, 0.0936)}
{'epoch': 57, 'train_loss': 0.1186, 'train_acc': 0.9383, 'task_loss': (0.0273, 0.0913)}
{'epoch': 58, 'train_loss': 0.0792, 'train_acc': 0.96, 'task_loss': (0.0125, 0.0667)}
{'epoch': 59, 'train_loss': 0.1481, 'train_acc': 0.9167, 'task_loss': (0.0413, 0.1068)}
{'epoch': 60, 'train_loss': 0.1214, 'train_acc': 0.9467, 'task_loss': (0.0442, 0.0772)}
{'epoch': 61, 'train_loss': 0.1106, 'train_acc': 0.95, 'task_loss': (0.026, 0.0846)}
{'epoch': 62, 'train_loss': 0.0787, 'train_acc': 0.9567, 'task_loss': (0.0138, 0.0649)}
{'epoch': 63, 'train_loss': 0.0837, 'train_acc': 0.9567, 'task_loss': (0.0213, 0.0624)}
{'epoch': 64, 'train_loss': 0.0759, 'train_acc': 0.9667, 'task_loss': (0.021, 0.0549)}
{'epoch': 65, 'train_loss': 0.0818, 'train_acc': 0.96, 'task_loss': (0.0165, 0.0653)}
{'epoch': 66, 'train_loss': 0.0745, 'train_acc': 0.9583, 'task_loss': (0.0177, 0.0568)}
{'epoch': 67, 'train_loss': 0.1028, 'train_acc': 0.95, 'task_loss': (0.0258, 0.0771)}
{'epoch': 68, 'train_loss': 0.0871, 'train_acc': 0.95, 'task_loss': (0.0164, 0.0707)}
{'epoch': 69, 'train_loss': 0.0673, 'train_acc': 0.9633, 'task_loss': (0.0124, 0.0549)}
{'epoch': 70, 'train_loss': 0.0726, 'train_acc': 0.9683, 'task_loss': (0.0191, 0.0535)}
{'epoch': 71, 'train_loss': 0.0735, 'train_acc': 0.96, 'task_loss': (0.0134, 0.0601)}
{'epoch': 72, 'train_loss': 0.064, 'train_acc': 0.9683, 'task_loss': (0.0081, 0.0559)}
{'epoch': 73, 'train_loss': 0.0815, 'train_acc': 0.95, 'task_loss': (0.0105, 0.071)}
{'epoch': 74, 'train_loss': 0.0869, 'train_acc': 0.95, 'task_loss': (0.0222, 0.0647)}
{'epoch': 75, 'train_loss': 0.0674, 'train_acc': 0.9683, 'task_loss': (0.0085, 0.0589)}
{'epoch': 76, 'train_loss': 0.0638, 'train_acc': 0.965, 'task_loss': (0.0137, 0.0501)}
{'epoch': 77, 'train_loss': 0.0763, 'train_acc': 0.97, 'task_loss': (0.0312, 0.0452)}
{'epoch': 78, 'train_loss': 0.0666, 'train_acc': 0.9733, 'task_loss': (0.0141, 0.0525)}
{'epoch': 79, 'train_loss': 0.0632, 'train_acc': 0.9683, 'task_loss': (0.0135, 0.0497)}
{'epoch': 80, 'train_loss': 0.073, 'train_acc': 0.96, 'task_loss': (0.0142, 0.0588)}
{'epoch': 81, 'train_loss': 0.0872, 'train_acc': 0.9733, 'task_loss': (0.0389, 0.0482)}
{'epoch': 82, 'train_loss': 0.0722, 'train_acc': 0.965, 'task_loss': (0.0206, 0.0516)}
{'epoch': 83, 'train_loss': 0.0532, 'train_acc': 0.9767, 'task_loss': (0.0077, 0.0454)}
{'epoch': 84, 'train_loss': 0.0737, 'train_acc': 0.9633, 'task_loss': (0.0151, 0.0586)}
{'epoch': 85, 'train_loss': 0.0598, 'train_acc': 0.9717, 'task_loss': (0.0124, 0.0475)}
{'epoch': 86, 'train_loss': 0.0715, 'train_acc': 0.96, 'task_loss': (0.0075, 0.064)}
{'epoch': 87, 'train_loss': 0.0739, 'train_acc': 0.965, 'task_loss': (0.0233, 0.0505)}
{'epoch': 88, 'train_loss': 0.0591, 'train_acc': 0.9783, 'task_loss': (0.0173, 0.0419)}
{'epoch': 89, 'train_loss': 0.0544, 'train_acc': 0.9683, 'task_loss': (0.0066, 0.0478)}
{'epoch': 90, 'train_loss': 0.0546, 'train_acc': 0.9733, 'task_loss': (0.0095, 0.0451)}
{'epoch': 91, 'train_loss': 0.0447, 'train_acc': 0.9817, 'task_loss': (0.0114, 0.0332)}
{'epoch': 92, 'train_loss': 0.0578, 'train_acc': 0.975, 'task_loss': (0.0144, 0.0434)}
{'epoch': 93, 'train_loss': 0.0548, 'train_acc': 0.9733, 'task_loss': (0.0133, 0.0415)}
{'epoch': 94, 'train_loss': 0.0476, 'train_acc': 0.9783, 'task_loss': (0.0086, 0.039)}
{'epoch': 95, 'train_loss': 0.0722, 'train_acc': 0.9583, 'task_loss': (0.0157, 0.0565)}
{'epoch': 96, 'train_loss': 0.081, 'train_acc': 0.9617, 'task_loss': (0.0251, 0.0559)}
{'epoch': 97, 'train_loss': 0.0597, 'train_acc': 0.965, 'task_loss': (0.012, 0.0477)}
{'epoch': 98, 'train_loss': 0.0445, 'train_acc': 0.9767, 'task_loss': (0.0058, 0.0386)}
{'epoch': 99, 'train_loss': 0.0632, 'train_acc': 0.9717, 'task_loss': (0.0191, 0.0441)}
{'epoch': 100, 'train_loss': 0.056, 'train_acc': 0.9783, 'task_loss': (0.0164, 0.0395)}
{'run_num': 4, 'final_test_err': 0.125}
Files already downloaded and verified
Files already downloaded and verified
{'epoch': 1, 'train_loss': 0.7726, 'train_acc': 0.6217, 'task_loss': (0.3728, 0.3998)}
{'epoch': 2, 'train_loss': 1.0076, 'train_acc': 0.6667, 'task_loss': (0.5443, 0.4633)}
{'epoch': 3, 'train_loss': 0.8759, 'train_acc': 0.6233, 'task_loss': (0.3904, 0.4855)}
{'epoch': 4, 'train_loss': 0.6169, 'train_acc': 0.7467, 'task_loss': (0.2896, 0.3273)}
{'epoch': 5, 'train_loss': 0.5426, 'train_acc': 0.775, 'task_loss': (0.2616, 0.281)}
{'epoch': 6, 'train_loss': 0.8084, 'train_acc': 0.7217, 'task_loss': (0.4065, 0.402)}
{'epoch': 7, 'train_loss': 0.626, 'train_acc': 0.7133, 'task_loss': (0.2935, 0.3325)}
{'epoch': 8, 'train_loss': 0.4635, 'train_acc': 0.7767, 'task_loss': (0.2114, 0.252)}
{'epoch': 9, 'train_loss': 0.4754, 'train_acc': 0.785, 'task_loss': (0.2086, 0.2668)}
{'epoch': 10, 'train_loss': 0.4257, 'train_acc': 0.785, 'task_loss': (0.1888, 0.2369)}
{'epoch': 11, 'train_loss': 0.5569, 'train_acc': 0.77, 'task_loss': (0.3032, 0.2537)}
{'epoch': 12, 'train_loss': 0.4132, 'train_acc': 0.7967, 'task_loss': (0.1459, 0.2673)}
{'epoch': 13, 'train_loss': 0.3934, 'train_acc': 0.7983, 'task_loss': (0.151, 0.2425)}
{'epoch': 14, 'train_loss': 0.4159, 'train_acc': 0.805, 'task_loss': (0.1583, 0.2577)}
{'epoch': 15, 'train_loss': 0.3653, 'train_acc': 0.8233, 'task_loss': (0.1295, 0.2358)}
{'epoch': 16, 'train_loss': 0.3481, 'train_acc': 0.8183, 'task_loss': (0.1097, 0.2384)}
{'epoch': 17, 'train_loss': 0.365, 'train_acc': 0.8283, 'task_loss': (0.1514, 0.2136)}
{'epoch': 18, 'train_loss': 0.3546, 'train_acc': 0.835, 'task_loss': (0.1495, 0.2051)}
{'epoch': 19, 'train_loss': 0.3848, 'train_acc': 0.8183, 'task_loss': (0.1705, 0.2143)}
{'epoch': 20, 'train_loss': 0.3492, 'train_acc': 0.8117, 'task_loss': (0.1215, 0.2277)}
{'epoch': 21, 'train_loss': 0.4074, 'train_acc': 0.8017, 'task_loss': (0.1649, 0.2425)}
{'epoch': 22, 'train_loss': 0.2675, 'train_acc': 0.845, 'task_loss': (0.0787, 0.1888)}
{'epoch': 23, 'train_loss': 0.2853, 'train_acc': 0.845, 'task_loss': (0.1017, 0.1835)}
{'epoch': 24, 'train_loss': 0.3396, 'train_acc': 0.8633, 'task_loss': (0.1674, 0.1723)}
{'epoch': 25, 'train_loss': 0.3216, 'train_acc': 0.84, 'task_loss': (0.1314, 0.1903)}
{'epoch': 26, 'train_loss': 0.2529, 'train_acc': 0.8533, 'task_loss': (0.0603, 0.1926)}
{'epoch': 27, 'train_loss': 0.249, 'train_acc': 0.8633, 'task_loss': (0.0666, 0.1824)}
{'epoch': 28, 'train_loss': 0.3253, 'train_acc': 0.8317, 'task_loss': (0.113, 0.2124)}
{'epoch': 29, 'train_loss': 0.2941, 'train_acc': 0.8617, 'task_loss': (0.1243, 0.1698)}
{'epoch': 30, 'train_loss': 0.3554, 'train_acc': 0.845, 'task_loss': (0.1594, 0.196)}
{'epoch': 31, 'train_loss': 0.265, 'train_acc': 0.8617, 'task_loss': (0.0828, 0.1822)}
{'epoch': 32, 'train_loss': 0.2287, 'train_acc': 0.8817, 'task_loss': (0.0711, 0.1576)}
{'epoch': 33, 'train_loss': 0.2927, 'train_acc': 0.8683, 'task_loss': (0.1348, 0.1579)}
{'epoch': 34, 'train_loss': 0.4184, 'train_acc': 0.84, 'task_loss': (0.222, 0.1964)}
{'epoch': 35, 'train_loss': 0.2353, 'train_acc': 0.8683, 'task_loss': (0.0816, 0.1537)}
{'epoch': 36, 'train_loss': 0.2154, 'train_acc': 0.8917, 'task_loss': (0.0576, 0.1578)}
{'epoch': 37, 'train_loss': 0.2171, 'train_acc': 0.8833, 'task_loss': (0.0719, 0.1452)}
{'epoch': 38, 'train_loss': 0.1723, 'train_acc': 0.9017, 'task_loss': (0.0496, 0.1227)}
{'epoch': 39, 'train_loss': 0.2254, 'train_acc': 0.8833, 'task_loss': (0.0699, 0.1555)}
{'epoch': 40, 'train_loss': 0.2035, 'train_acc': 0.915, 'task_loss': (0.082, 0.1215)}
{'epoch': 41, 'train_loss': 0.1993, 'train_acc': 0.8983, 'task_loss': (0.0514, 0.1478)}
{'epoch': 42, 'train_loss': 0.1819, 'train_acc': 0.9017, 'task_loss': (0.0529, 0.1291)}
{'epoch': 43, 'train_loss': 0.1772, 'train_acc': 0.9033, 'task_loss': (0.0454, 0.1318)}
{'epoch': 44, 'train_loss': 0.1682, 'train_acc': 0.8967, 'task_loss': (0.0511, 0.1171)}
{'epoch': 45, 'train_loss': 0.1579, 'train_acc': 0.9317, 'task_loss': (0.0567, 0.1012)}
{'epoch': 46, 'train_loss': 0.1327, 'train_acc': 0.92, 'task_loss': (0.0259, 0.1068)}
{'epoch': 47, 'train_loss': 0.1612, 'train_acc': 0.9167, 'task_loss': (0.0594, 0.1017)}
{'epoch': 48, 'train_loss': 0.1702, 'train_acc': 0.9133, 'task_loss': (0.0677, 0.1025)}
{'epoch': 49, 'train_loss': 0.1476, 'train_acc': 0.9167, 'task_loss': (0.037, 0.1106)}
{'epoch': 50, 'train_loss': 0.1514, 'train_acc': 0.9183, 'task_loss': (0.0312, 0.1202)}
{'epoch': 51, 'train_loss': 0.1644, 'train_acc': 0.9317, 'task_loss': (0.0635, 0.1009)}
{'epoch': 52, 'train_loss': 0.129, 'train_acc': 0.9433, 'task_loss': (0.0469, 0.0821)}
{'epoch': 53, 'train_loss': 0.1227, 'train_acc': 0.9333, 'task_loss': (0.0279, 0.0948)}
{'epoch': 54, 'train_loss': 0.1357, 'train_acc': 0.9333, 'task_loss': (0.0381, 0.0976)}
{'epoch': 55, 'train_loss': 0.1334, 'train_acc': 0.9367, 'task_loss': (0.0362, 0.0972)}
{'epoch': 56, 'train_loss': 0.1298, 'train_acc': 0.925, 'task_loss': (0.0311, 0.0987)}
{'epoch': 57, 'train_loss': 0.1173, 'train_acc': 0.9367, 'task_loss': (0.0209, 0.0964)}
{'epoch': 58, 'train_loss': 0.1106, 'train_acc': 0.9383, 'task_loss': (0.0304, 0.0801)}
{'epoch': 59, 'train_loss': 0.1377, 'train_acc': 0.9233, 'task_loss': (0.0304, 0.1073)}
{'epoch': 60, 'train_loss': 0.1033, 'train_acc': 0.9383, 'task_loss': (0.0223, 0.081)}
{'epoch': 61, 'train_loss': 0.0854, 'train_acc': 0.9567, 'task_loss': (0.017, 0.0684)}
{'epoch': 62, 'train_loss': 0.0856, 'train_acc': 0.9567, 'task_loss': (0.0198, 0.0658)}
{'epoch': 63, 'train_loss': 0.1026, 'train_acc': 0.9483, 'task_loss': (0.0201, 0.0825)}
{'epoch': 64, 'train_loss': 0.1079, 'train_acc': 0.925, 'task_loss': (0.0267, 0.0813)}
{'epoch': 65, 'train_loss': 0.1029, 'train_acc': 0.9517, 'task_loss': (0.0241, 0.0789)}
{'epoch': 66, 'train_loss': 0.0823, 'train_acc': 0.9667, 'task_loss': (0.028, 0.0544)}
{'epoch': 67, 'train_loss': 0.092, 'train_acc': 0.945, 'task_loss': (0.0088, 0.0832)}
{'epoch': 68, 'train_loss': 0.0949, 'train_acc': 0.9533, 'task_loss': (0.0237, 0.0711)}
{'epoch': 69, 'train_loss': 0.1051, 'train_acc': 0.94, 'task_loss': (0.0187, 0.0863)}
{'epoch': 70, 'train_loss': 0.0891, 'train_acc': 0.95, 'task_loss': (0.0178, 0.0713)}
{'epoch': 71, 'train_loss': 0.0886, 'train_acc': 0.9567, 'task_loss': (0.0146, 0.0741)}
{'epoch': 72, 'train_loss': 0.0633, 'train_acc': 0.9667, 'task_loss': (0.0114, 0.0519)}
{'epoch': 73, 'train_loss': 0.0656, 'train_acc': 0.975, 'task_loss': (0.0128, 0.0528)}
{'epoch': 74, 'train_loss': 0.0612, 'train_acc': 0.9617, 'task_loss': (0.0095, 0.0517)}
{'epoch': 75, 'train_loss': 0.0837, 'train_acc': 0.9533, 'task_loss': (0.0154, 0.0683)}
{'epoch': 76, 'train_loss': 0.0884, 'train_acc': 0.9533, 'task_loss': (0.0176, 0.0708)}
{'epoch': 77, 'train_loss': 0.0648, 'train_acc': 0.96, 'task_loss': (0.01, 0.0548)}
{'epoch': 78, 'train_loss': 0.0611, 'train_acc': 0.98, 'task_loss': (0.0212, 0.0399)}
{'epoch': 79, 'train_loss': 0.0768, 'train_acc': 0.96, 'task_loss': (0.0101, 0.0668)}
{'epoch': 80, 'train_loss': 0.102, 'train_acc': 0.9517, 'task_loss': (0.0353, 0.0668)}
{'epoch': 81, 'train_loss': 0.0628, 'train_acc': 0.9617, 'task_loss': (0.0096, 0.0532)}
{'epoch': 82, 'train_loss': 0.0855, 'train_acc': 0.9567, 'task_loss': (0.0192, 0.0662)}
{'epoch': 83, 'train_loss': 0.0954, 'train_acc': 0.9583, 'task_loss': (0.0237, 0.0717)}
{'epoch': 84, 'train_loss': 0.0909, 'train_acc': 0.9533, 'task_loss': (0.0243, 0.0666)}
{'epoch': 85, 'train_loss': 0.0577, 'train_acc': 0.9733, 'task_loss': (0.0104, 0.0473)}
{'epoch': 86, 'train_loss': 0.0721, 'train_acc': 0.96, 'task_loss': (0.0147, 0.0573)}
{'epoch': 87, 'train_loss': 0.0628, 'train_acc': 0.9683, 'task_loss': (0.0127, 0.05)}
{'epoch': 88, 'train_loss': 0.0638, 'train_acc': 0.9617, 'task_loss': (0.0116, 0.0522)}
{'epoch': 89, 'train_loss': 0.0656, 'train_acc': 0.965, 'task_loss': (0.0091, 0.0565)}
{'epoch': 90, 'train_loss': 0.0672, 'train_acc': 0.9667, 'task_loss': (0.0136, 0.0536)}
{'epoch': 91, 'train_loss': 0.085, 'train_acc': 0.9583, 'task_loss': (0.0273, 0.0578)}
{'epoch': 92, 'train_loss': 0.0618, 'train_acc': 0.96, 'task_loss': (0.0095, 0.0524)}
{'epoch': 93, 'train_loss': 0.0654, 'train_acc': 0.9667, 'task_loss': (0.011, 0.0544)}
{'epoch': 94, 'train_loss': 0.0704, 'train_acc': 0.9683, 'task_loss': (0.0165, 0.0539)}
{'epoch': 95, 'train_loss': 0.0712, 'train_acc': 0.9633, 'task_loss': (0.0185, 0.0527)}
{'epoch': 96, 'train_loss': 0.0642, 'train_acc': 0.9683, 'task_loss': (0.0137, 0.0505)}
{'epoch': 97, 'train_loss': 0.0591, 'train_acc': 0.965, 'task_loss': (0.0083, 0.0508)}
{'epoch': 98, 'train_loss': 0.0718, 'train_acc': 0.9617, 'task_loss': (0.0112, 0.0606)}
{'epoch': 99, 'train_loss': 0.0576, 'train_acc': 0.9667, 'task_loss': (0.0114, 0.0462)}
{'epoch': 100, 'train_loss': 0.062, 'train_acc': 0.965, 'task_loss': (0.0066, 0.0554)}
{'run_num': 5, 'final_test_err': 0.12050000000000005}
Files already downloaded and verified
Files already downloaded and verified
{'epoch': 1, 'train_loss': 0.903, 'train_acc': 0.6167, 'task_loss': (0.4728, 0.4302)}
{'epoch': 2, 'train_loss': 0.6479, 'train_acc': 0.6983, 'task_loss': (0.3144, 0.3335)}
{'epoch': 3, 'train_loss': 0.7455, 'train_acc': 0.695, 'task_loss': (0.3386, 0.4069)}
{'epoch': 4, 'train_loss': 0.5786, 'train_acc': 0.73, 'task_loss': (0.2455, 0.3332)}
{'epoch': 5, 'train_loss': 0.5933, 'train_acc': 0.7267, 'task_loss': (0.2846, 0.3086)}
{'epoch': 6, 'train_loss': 0.4717, 'train_acc': 0.7633, 'task_loss': (0.1891, 0.2826)}
{'epoch': 7, 'train_loss': 0.5986, 'train_acc': 0.735, 'task_loss': (0.2691, 0.3295)}
{'epoch': 8, 'train_loss': 0.5203, 'train_acc': 0.745, 'task_loss': (0.2079, 0.3124)}
{'epoch': 9, 'train_loss': 0.5787, 'train_acc': 0.7567, 'task_loss': (0.2978, 0.2809)}
{'epoch': 10, 'train_loss': 0.4728, 'train_acc': 0.7817, 'task_loss': (0.2169, 0.256)}
{'epoch': 11, 'train_loss': 0.4348, 'train_acc': 0.8067, 'task_loss': (0.1927, 0.2421)}
{'epoch': 12, 'train_loss': 0.4208, 'train_acc': 0.7983, 'task_loss': (0.1615, 0.2594)}
{'epoch': 13, 'train_loss': 0.3463, 'train_acc': 0.82, 'task_loss': (0.1356, 0.2107)}
{'epoch': 14, 'train_loss': 0.3387, 'train_acc': 0.82, 'task_loss': (0.1143, 0.2244)}
{'epoch': 15, 'train_loss': 0.3576, 'train_acc': 0.82, 'task_loss': (0.1288, 0.2289)}
{'epoch': 16, 'train_loss': 0.3039, 'train_acc': 0.8333, 'task_loss': (0.0953, 0.2085)}
{'epoch': 17, 'train_loss': 0.3676, 'train_acc': 0.8267, 'task_loss': (0.1436, 0.224)}
{'epoch': 18, 'train_loss': 0.2902, 'train_acc': 0.84, 'task_loss': (0.0924, 0.1978)}
{'epoch': 19, 'train_loss': 0.3953, 'train_acc': 0.82, 'task_loss': (0.1617, 0.2336)}
{'epoch': 20, 'train_loss': 0.3861, 'train_acc': 0.8183, 'task_loss': (0.1423, 0.2438)}
{'epoch': 21, 'train_loss': 0.327, 'train_acc': 0.8217, 'task_loss': (0.1063, 0.2207)}
{'epoch': 22, 'train_loss': 0.3297, 'train_acc': 0.8033, 'task_loss': (0.1183, 0.2114)}
{'epoch': 23, 'train_loss': 0.2933, 'train_acc': 0.8683, 'task_loss': (0.1227, 0.1706)}
{'epoch': 24, 'train_loss': 0.3913, 'train_acc': 0.82, 'task_loss': (0.1513, 0.24)}
{'epoch': 25, 'train_loss': 0.3128, 'train_acc': 0.8283, 'task_loss': (0.0922, 0.2206)}
{'epoch': 26, 'train_loss': 0.366, 'train_acc': 0.8517, 'task_loss': (0.1702, 0.1958)}
{'epoch': 27, 'train_loss': 0.3184, 'train_acc': 0.8583, 'task_loss': (0.1157, 0.2027)}
{'epoch': 28, 'train_loss': 0.2473, 'train_acc': 0.86, 'task_loss': (0.0704, 0.1768)}
{'epoch': 29, 'train_loss': 0.296, 'train_acc': 0.8483, 'task_loss': (0.1242, 0.1718)}
{'epoch': 30, 'train_loss': 0.3314, 'train_acc': 0.8383, 'task_loss': (0.1554, 0.1761)}
{'epoch': 31, 'train_loss': 0.2656, 'train_acc': 0.8667, 'task_loss': (0.105, 0.1606)}
{'epoch': 32, 'train_loss': 0.1992, 'train_acc': 0.89, 'task_loss': (0.0577, 0.1415)}
{'epoch': 33, 'train_loss': 0.2472, 'train_acc': 0.875, 'task_loss': (0.0694, 0.1778)}
{'epoch': 34, 'train_loss': 0.2197, 'train_acc': 0.8933, 'task_loss': (0.0782, 0.1415)}
{'epoch': 35, 'train_loss': 0.17, 'train_acc': 0.905, 'task_loss': (0.0521, 0.1178)}
{'epoch': 36, 'train_loss': 0.2256, 'train_acc': 0.8867, 'task_loss': (0.0889, 0.1367)}
{'epoch': 37, 'train_loss': 0.1895, 'train_acc': 0.9033, 'task_loss': (0.0554, 0.1342)}
{'epoch': 38, 'train_loss': 0.2015, 'train_acc': 0.9, 'task_loss': (0.0605, 0.1409)}
{'epoch': 39, 'train_loss': 0.2042, 'train_acc': 0.8967, 'task_loss': (0.0657, 0.1385)}
{'epoch': 40, 'train_loss': 0.1918, 'train_acc': 0.885, 'task_loss': (0.0583, 0.1335)}
{'epoch': 41, 'train_loss': 0.221, 'train_acc': 0.8733, 'task_loss': (0.062, 0.159)}
{'epoch': 42, 'train_loss': 0.1635, 'train_acc': 0.9067, 'task_loss': (0.0446, 0.1189)}
{'epoch': 43, 'train_loss': 0.153, 'train_acc': 0.9183, 'task_loss': (0.0426, 0.1104)}
{'epoch': 44, 'train_loss': 0.1635, 'train_acc': 0.9117, 'task_loss': (0.0448, 0.1186)}
{'epoch': 45, 'train_loss': 0.1727, 'train_acc': 0.91, 'task_loss': (0.0491, 0.1236)}
{'epoch': 46, 'train_loss': 0.1411, 'train_acc': 0.9133, 'task_loss': (0.033, 0.1081)}
{'epoch': 47, 'train_loss': 0.1226, 'train_acc': 0.9367, 'task_loss': (0.0266, 0.096)}
{'epoch': 48, 'train_loss': 0.1327, 'train_acc': 0.9283, 'task_loss': (0.0419, 0.0908)}
{'epoch': 49, 'train_loss': 0.1683, 'train_acc': 0.91, 'task_loss': (0.0518, 0.1165)}
{'epoch': 50, 'train_loss': 0.1531, 'train_acc': 0.9117, 'task_loss': (0.0463, 0.1069)}
{'epoch': 51, 'train_loss': 0.1367, 'train_acc': 0.9267, 'task_loss': (0.0342, 0.1025)}
{'epoch': 52, 'train_loss': 0.1313, 'train_acc': 0.9417, 'task_loss': (0.0406, 0.0907)}
{'epoch': 53, 'train_loss': 0.1131, 'train_acc': 0.945, 'task_loss': (0.0254, 0.0877)}
{'epoch': 54, 'train_loss': 0.1197, 'train_acc': 0.9333, 'task_loss': (0.0263, 0.0934)}
{'epoch': 55, 'train_loss': 0.1144, 'train_acc': 0.9417, 'task_loss': (0.0282, 0.0862)}
{'epoch': 56, 'train_loss': 0.1084, 'train_acc': 0.9367, 'task_loss': (0.0203, 0.088)}
{'epoch': 57, 'train_loss': 0.0987, 'train_acc': 0.9567, 'task_loss': (0.0245, 0.0741)}
{'epoch': 58, 'train_loss': 0.1124, 'train_acc': 0.9383, 'task_loss': (0.0298, 0.0826)}
{'epoch': 59, 'train_loss': 0.0933, 'train_acc': 0.9467, 'task_loss': (0.0155, 0.0778)}
{'epoch': 60, 'train_loss': 0.1009, 'train_acc': 0.945, 'task_loss': (0.0259, 0.075)}
{'epoch': 61, 'train_loss': 0.0792, 'train_acc': 0.9667, 'task_loss': (0.0161, 0.0631)}
{'epoch': 62, 'train_loss': 0.092, 'train_acc': 0.95, 'task_loss': (0.0208, 0.0712)}
{'epoch': 63, 'train_loss': 0.0857, 'train_acc': 0.9567, 'task_loss': (0.0154, 0.0703)}
{'epoch': 64, 'train_loss': 0.0929, 'train_acc': 0.9467, 'task_loss': (0.02, 0.0728)}
{'epoch': 65, 'train_loss': 0.084, 'train_acc': 0.955, 'task_loss': (0.012, 0.072)}
{'epoch': 66, 'train_loss': 0.0819, 'train_acc': 0.9533, 'task_loss': (0.017, 0.0649)}
{'epoch': 67, 'train_loss': 0.0913, 'train_acc': 0.9533, 'task_loss': (0.0154, 0.076)}
{'epoch': 68, 'train_loss': 0.0744, 'train_acc': 0.9683, 'task_loss': (0.0169, 0.0575)}
{'epoch': 69, 'train_loss': 0.0875, 'train_acc': 0.9517, 'task_loss': (0.0174, 0.0701)}
{'epoch': 70, 'train_loss': 0.0946, 'train_acc': 0.95, 'task_loss': (0.0268, 0.0678)}
{'epoch': 71, 'train_loss': 0.07, 'train_acc': 0.96, 'task_loss': (0.0204, 0.0496)}
{'epoch': 72, 'train_loss': 0.069, 'train_acc': 0.96, 'task_loss': (0.0096, 0.0594)}
{'epoch': 73, 'train_loss': 0.0637, 'train_acc': 0.9717, 'task_loss': (0.0117, 0.052)}
{'epoch': 74, 'train_loss': 0.084, 'train_acc': 0.9533, 'task_loss': (0.0217, 0.0623)}
{'epoch': 75, 'train_loss': 0.079, 'train_acc': 0.9583, 'task_loss': (0.0249, 0.0541)}
{'epoch': 76, 'train_loss': 0.0868, 'train_acc': 0.9567, 'task_loss': (0.0197, 0.0671)}
{'epoch': 77, 'train_loss': 0.061, 'train_acc': 0.9817, 'task_loss': (0.02, 0.0409)}
{'epoch': 78, 'train_loss': 0.0627, 'train_acc': 0.9667, 'task_loss': (0.0175, 0.0452)}
{'epoch': 79, 'train_loss': 0.0622, 'train_acc': 0.97, 'task_loss': (0.0132, 0.049)}
{'epoch': 80, 'train_loss': 0.0664, 'train_acc': 0.9733, 'task_loss': (0.0137, 0.0526)}
{'epoch': 81, 'train_loss': 0.0654, 'train_acc': 0.9633, 'task_loss': (0.0069, 0.0585)}
{'epoch': 82, 'train_loss': 0.0688, 'train_acc': 0.9583, 'task_loss': (0.0078, 0.061)}
{'epoch': 83, 'train_loss': 0.0634, 'train_acc': 0.9683, 'task_loss': (0.0107, 0.0527)}
{'epoch': 84, 'train_loss': 0.0756, 'train_acc': 0.9583, 'task_loss': (0.0191, 0.0565)}
{'epoch': 85, 'train_loss': 0.0776, 'train_acc': 0.965, 'task_loss': (0.0149, 0.0627)}
{'epoch': 86, 'train_loss': 0.0632, 'train_acc': 0.9617, 'task_loss': (0.0084, 0.0547)}
{'epoch': 87, 'train_loss': 0.0787, 'train_acc': 0.965, 'task_loss': (0.0257, 0.053)}
{'epoch': 88, 'train_loss': 0.0802, 'train_acc': 0.9733, 'task_loss': (0.0361, 0.0441)}
{'epoch': 89, 'train_loss': 0.0705, 'train_acc': 0.965, 'task_loss': (0.0146, 0.0559)}
{'epoch': 90, 'train_loss': 0.0536, 'train_acc': 0.9733, 'task_loss': (0.0053, 0.0483)}
{'epoch': 91, 'train_loss': 0.0829, 'train_acc': 0.96, 'task_loss': (0.0206, 0.0623)}
{'epoch': 92, 'train_loss': 0.0564, 'train_acc': 0.9617, 'task_loss': (0.0066, 0.0498)}
{'epoch': 93, 'train_loss': 0.064, 'train_acc': 0.9683, 'task_loss': (0.0141, 0.0499)}
{'epoch': 94, 'train_loss': 0.0683, 'train_acc': 0.9767, 'task_loss': (0.0217, 0.0466)}
{'epoch': 95, 'train_loss': 0.0567, 'train_acc': 0.9733, 'task_loss': (0.0132, 0.0435)}
{'epoch': 96, 'train_loss': 0.0653, 'train_acc': 0.9683, 'task_loss': (0.0119, 0.0534)}
{'epoch': 97, 'train_loss': 0.0598, 'train_acc': 0.97, 'task_loss': (0.0131, 0.0466)}
{'epoch': 98, 'train_loss': 0.0601, 'train_acc': 0.975, 'task_loss': (0.0087, 0.0514)}
{'epoch': 99, 'train_loss': 0.0623, 'train_acc': 0.965, 'task_loss': (0.0101, 0.0522)}
{'epoch': 100, 'train_loss': 0.0687, 'train_acc': 0.9717, 'task_loss': (0.0108, 0.0579)}
{'run_num': 6, 'final_test_err': 0.12324999999999997}
Files already downloaded and verified
Files already downloaded and verified
{'epoch': 1, 'train_loss': 0.7799, 'train_acc': 0.6383, 'task_loss': (0.375, 0.4048)}
{'epoch': 2, 'train_loss': 0.705, 'train_acc': 0.6833, 'task_loss': (0.3373, 0.3677)}
{'epoch': 3, 'train_loss': 0.5565, 'train_acc': 0.7383, 'task_loss': (0.2372, 0.3192)}
{'epoch': 4, 'train_loss': 0.7119, 'train_acc': 0.7183, 'task_loss': (0.3196, 0.3922)}
{'epoch': 5, 'train_loss': 0.6835, 'train_acc': 0.7367, 'task_loss': (0.3458, 0.3378)}
{'epoch': 6, 'train_loss': 0.6666, 'train_acc': 0.7383, 'task_loss': (0.3361, 0.3305)}
{'epoch': 7, 'train_loss': 0.3871, 'train_acc': 0.78, 'task_loss': (0.1375, 0.2496)}
{'epoch': 8, 'train_loss': 0.449, 'train_acc': 0.7833, 'task_loss': (0.1859, 0.2631)}
{'epoch': 9, 'train_loss': 0.4574, 'train_acc': 0.7817, 'task_loss': (0.1963, 0.2612)}
{'epoch': 10, 'train_loss': 0.4671, 'train_acc': 0.7767, 'task_loss': (0.2003, 0.2668)}
{'epoch': 11, 'train_loss': 0.4093, 'train_acc': 0.78, 'task_loss': (0.1565, 0.2528)}
{'epoch': 12, 'train_loss': 0.4975, 'train_acc': 0.79, 'task_loss': (0.2333, 0.2642)}
{'epoch': 13, 'train_loss': 0.443, 'train_acc': 0.8133, 'task_loss': (0.184, 0.259)}
{'epoch': 14, 'train_loss': 0.5007, 'train_acc': 0.765, 'task_loss': (0.1578, 0.3429)}
{'epoch': 15, 'train_loss': 0.4165, 'train_acc': 0.81, 'task_loss': (0.1787, 0.2379)}
{'epoch': 16, 'train_loss': 0.3712, 'train_acc': 0.8233, 'task_loss': (0.1639, 0.2073)}
{'epoch': 17, 'train_loss': 0.4176, 'train_acc': 0.8017, 'task_loss': (0.1464, 0.2712)}
{'epoch': 18, 'train_loss': 0.3228, 'train_acc': 0.8367, 'task_loss': (0.1094, 0.2133)}
{'epoch': 19, 'train_loss': 0.2592, 'train_acc': 0.8667, 'task_loss': (0.0931, 0.1661)}
{'epoch': 20, 'train_loss': 0.2976, 'train_acc': 0.8583, 'task_loss': (0.1187, 0.1789)}
{'epoch': 21, 'train_loss': 0.3262, 'train_acc': 0.8333, 'task_loss': (0.1343, 0.1919)}
{'epoch': 22, 'train_loss': 0.4389, 'train_acc': 0.7933, 'task_loss': (0.172, 0.2669)}
{'epoch': 23, 'train_loss': 0.3109, 'train_acc': 0.8433, 'task_loss': (0.0984, 0.2124)}
{'epoch': 24, 'train_loss': 0.261, 'train_acc': 0.8517, 'task_loss': (0.089, 0.172)}
{'epoch': 25, 'train_loss': 0.2438, 'train_acc': 0.8583, 'task_loss': (0.0599, 0.1839)}
{'epoch': 26, 'train_loss': 0.2337, 'train_acc': 0.885, 'task_loss': (0.0869, 0.1467)}
{'epoch': 27, 'train_loss': 0.1786, 'train_acc': 0.9, 'task_loss': (0.042, 0.1366)}
{'epoch': 28, 'train_loss': 0.2455, 'train_acc': 0.885, 'task_loss': (0.0849, 0.1606)}
{'epoch': 29, 'train_loss': 0.1954, 'train_acc': 0.8867, 'task_loss': (0.0457, 0.1497)}
{'epoch': 30, 'train_loss': 0.2899, 'train_acc': 0.87, 'task_loss': (0.1182, 0.1717)}
{'epoch': 31, 'train_loss': 0.2303, 'train_acc': 0.8833, 'task_loss': (0.0727, 0.1576)}
{'epoch': 32, 'train_loss': 0.2056, 'train_acc': 0.8833, 'task_loss': (0.0542, 0.1514)}
{'epoch': 33, 'train_loss': 0.2452, 'train_acc': 0.8883, 'task_loss': (0.0884, 0.1568)}
{'epoch': 34, 'train_loss': 0.2333, 'train_acc': 0.8867, 'task_loss': (0.0771, 0.1562)}
{'epoch': 35, 'train_loss': 0.2161, 'train_acc': 0.8867, 'task_loss': (0.0776, 0.1384)}
{'epoch': 36, 'train_loss': 0.2423, 'train_acc': 0.865, 'task_loss': (0.0878, 0.1544)}
{'epoch': 37, 'train_loss': 0.1925, 'train_acc': 0.88, 'task_loss': (0.0608, 0.1316)}
{'epoch': 38, 'train_loss': 0.2499, 'train_acc': 0.9, 'task_loss': (0.0967, 0.1533)}
{'epoch': 39, 'train_loss': 0.1842, 'train_acc': 0.9, 'task_loss': (0.0473, 0.1369)}
{'epoch': 40, 'train_loss': 0.1651, 'train_acc': 0.895, 'task_loss': (0.0382, 0.127)}
{'epoch': 41, 'train_loss': 0.1949, 'train_acc': 0.9117, 'task_loss': (0.0663, 0.1286)}
{'epoch': 42, 'train_loss': 0.19, 'train_acc': 0.8717, 'task_loss': (0.0412, 0.1488)}
{'epoch': 43, 'train_loss': 0.1365, 'train_acc': 0.9267, 'task_loss': (0.0402, 0.0964)}
{'epoch': 44, 'train_loss': 0.1462, 'train_acc': 0.9167, 'task_loss': (0.0483, 0.0979)}
{'epoch': 45, 'train_loss': 0.1706, 'train_acc': 0.9267, 'task_loss': (0.0563, 0.1143)}
{'epoch': 46, 'train_loss': 0.1231, 'train_acc': 0.9217, 'task_loss': (0.0293, 0.0938)}
{'epoch': 47, 'train_loss': 0.1482, 'train_acc': 0.9267, 'task_loss': (0.0404, 0.1078)}
{'epoch': 48, 'train_loss': 0.1723, 'train_acc': 0.9167, 'task_loss': (0.0633, 0.1091)}
{'epoch': 49, 'train_loss': 0.1856, 'train_acc': 0.905, 'task_loss': (0.0479, 0.1377)}
{'epoch': 50, 'train_loss': 0.111, 'train_acc': 0.93, 'task_loss': (0.0195, 0.0915)}
{'epoch': 51, 'train_loss': 0.0866, 'train_acc': 0.9517, 'task_loss': (0.0186, 0.068)}
{'epoch': 52, 'train_loss': 0.1698, 'train_acc': 0.9217, 'task_loss': (0.051, 0.1187)}
{'epoch': 53, 'train_loss': 0.1546, 'train_acc': 0.925, 'task_loss': (0.0604, 0.0942)}
{'epoch': 54, 'train_loss': 0.0938, 'train_acc': 0.9367, 'task_loss': (0.013, 0.0808)}
{'epoch': 55, 'train_loss': 0.0923, 'train_acc': 0.9533, 'task_loss': (0.0211, 0.0713)}
{'epoch': 56, 'train_loss': 0.1169, 'train_acc': 0.945, 'task_loss': (0.0332, 0.0837)}
{'epoch': 57, 'train_loss': 0.1204, 'train_acc': 0.935, 'task_loss': (0.038, 0.0824)}
{'epoch': 58, 'train_loss': 0.145, 'train_acc': 0.9167, 'task_loss': (0.038, 0.107)}
{'epoch': 59, 'train_loss': 0.1216, 'train_acc': 0.9417, 'task_loss': (0.0414, 0.0802)}
{'epoch': 60, 'train_loss': 0.1095, 'train_acc': 0.9383, 'task_loss': (0.0217, 0.0878)}
{'epoch': 61, 'train_loss': 0.1032, 'train_acc': 0.9367, 'task_loss': (0.0169, 0.0863)}
{'epoch': 62, 'train_loss': 0.0934, 'train_acc': 0.94, 'task_loss': (0.0185, 0.0749)}
{'epoch': 63, 'train_loss': 0.0886, 'train_acc': 0.9533, 'task_loss': (0.0182, 0.0704)}
{'epoch': 64, 'train_loss': 0.0683, 'train_acc': 0.97, 'task_loss': (0.013, 0.0553)}
{'epoch': 65, 'train_loss': 0.0891, 'train_acc': 0.9733, 'task_loss': (0.0382, 0.0509)}
{'epoch': 66, 'train_loss': 0.1149, 'train_acc': 0.93, 'task_loss': (0.023, 0.0919)}
{'epoch': 67, 'train_loss': 0.1392, 'train_acc': 0.94, 'task_loss': (0.0518, 0.0874)}
{'epoch': 68, 'train_loss': 0.1127, 'train_acc': 0.9533, 'task_loss': (0.0307, 0.0819)}
{'epoch': 69, 'train_loss': 0.0967, 'train_acc': 0.96, 'task_loss': (0.0248, 0.0719)}
{'epoch': 70, 'train_loss': 0.0944, 'train_acc': 0.95, 'task_loss': (0.0244, 0.07)}
{'epoch': 71, 'train_loss': 0.0827, 'train_acc': 0.9533, 'task_loss': (0.0137, 0.069)}
{'epoch': 72, 'train_loss': 0.0838, 'train_acc': 0.9583, 'task_loss': (0.0141, 0.0697)}
{'epoch': 73, 'train_loss': 0.0904, 'train_acc': 0.9483, 'task_loss': (0.0164, 0.074)}
{'epoch': 74, 'train_loss': 0.0917, 'train_acc': 0.965, 'task_loss': (0.0325, 0.0592)}
{'epoch': 75, 'train_loss': 0.0636, 'train_acc': 0.975, 'task_loss': (0.0127, 0.051)}
{'epoch': 76, 'train_loss': 0.079, 'train_acc': 0.9533, 'task_loss': (0.0074, 0.0716)}
{'epoch': 77, 'train_loss': 0.0693, 'train_acc': 0.9617, 'task_loss': (0.0127, 0.0566)}
{'epoch': 78, 'train_loss': 0.0656, 'train_acc': 0.965, 'task_loss': (0.0166, 0.049)}
{'epoch': 79, 'train_loss': 0.0665, 'train_acc': 0.97, 'task_loss': (0.015, 0.0515)}
{'epoch': 80, 'train_loss': 0.0525, 'train_acc': 0.9817, 'task_loss': (0.012, 0.0406)}
{'epoch': 81, 'train_loss': 0.0675, 'train_acc': 0.9583, 'task_loss': (0.0086, 0.0589)}
{'epoch': 82, 'train_loss': 0.0825, 'train_acc': 0.955, 'task_loss': (0.0139, 0.0686)}
{'epoch': 83, 'train_loss': 0.0683, 'train_acc': 0.9667, 'task_loss': (0.0097, 0.0586)}
{'epoch': 84, 'train_loss': 0.0684, 'train_acc': 0.9583, 'task_loss': (0.0158, 0.0526)}
{'epoch': 85, 'train_loss': 0.059, 'train_acc': 0.9617, 'task_loss': (0.0069, 0.052)}
{'epoch': 86, 'train_loss': 0.0706, 'train_acc': 0.97, 'task_loss': (0.018, 0.0525)}
{'epoch': 87, 'train_loss': 0.0704, 'train_acc': 0.9667, 'task_loss': (0.0146, 0.0558)}
{'epoch': 88, 'train_loss': 0.0556, 'train_acc': 0.9833, 'task_loss': (0.0158, 0.0398)}
{'epoch': 89, 'train_loss': 0.0541, 'train_acc': 0.9867, 'task_loss': (0.0099, 0.0442)}
{'epoch': 90, 'train_loss': 0.0472, 'train_acc': 0.9717, 'task_loss': (0.0072, 0.04)}
{'epoch': 91, 'train_loss': 0.0558, 'train_acc': 0.9667, 'task_loss': (0.0079, 0.0479)}
{'epoch': 92, 'train_loss': 0.0577, 'train_acc': 0.9733, 'task_loss': (0.0082, 0.0495)}
{'epoch': 93, 'train_loss': 0.0495, 'train_acc': 0.9767, 'task_loss': (0.0081, 0.0414)}
{'epoch': 94, 'train_loss': 0.0683, 'train_acc': 0.9633, 'task_loss': (0.0209, 0.0474)}
{'epoch': 95, 'train_loss': 0.0515, 'train_acc': 0.9667, 'task_loss': (0.0063, 0.0453)}
{'epoch': 96, 'train_loss': 0.0623, 'train_acc': 0.9717, 'task_loss': (0.0113, 0.051)}
{'epoch': 97, 'train_loss': 0.0721, 'train_acc': 0.9633, 'task_loss': (0.0109, 0.0613)}
{'epoch': 98, 'train_loss': 0.075, 'train_acc': 0.9617, 'task_loss': (0.0192, 0.0558)}
{'epoch': 99, 'train_loss': 0.0443, 'train_acc': 0.9867, 'task_loss': (0.0111, 0.0333)}
{'epoch': 100, 'train_loss': 0.0674, 'train_acc': 0.9733, 'task_loss': (0.0172, 0.0502)}
{'run_num': 7, 'final_test_err': 0.12549999999999994}
Files already downloaded and verified
Files already downloaded and verified
{'epoch': 1, 'train_loss': 0.8345, 'train_acc': 0.6267, 'task_loss': (0.4175, 0.417)}
{'epoch': 2, 'train_loss': 0.8297, 'train_acc': 0.6967, 'task_loss': (0.434, 0.3958)}
{'epoch': 3, 'train_loss': 0.8077, 'train_acc': 0.6783, 'task_loss': (0.3601, 0.4476)}
{'epoch': 4, 'train_loss': 0.7099, 'train_acc': 0.7083, 'task_loss': (0.3339, 0.3761)}
{'epoch': 5, 'train_loss': 0.5308, 'train_acc': 0.7217, 'task_loss': (0.2059, 0.3249)}
{'epoch': 6, 'train_loss': 0.5105, 'train_acc': 0.77, 'task_loss': (0.2007, 0.3098)}
{'epoch': 7, 'train_loss': 0.5355, 'train_acc': 0.7583, 'task_loss': (0.2539, 0.2815)}
{'epoch': 8, 'train_loss': 0.4546, 'train_acc': 0.7933, 'task_loss': (0.1893, 0.2653)}
{'epoch': 9, 'train_loss': 0.5753, 'train_acc': 0.7633, 'task_loss': (0.2385, 0.3368)}
{'epoch': 10, 'train_loss': 0.508, 'train_acc': 0.7667, 'task_loss': (0.1834, 0.3246)}
{'epoch': 11, 'train_loss': 0.4231, 'train_acc': 0.7883, 'task_loss': (0.1785, 0.2446)}
{'epoch': 12, 'train_loss': 0.392, 'train_acc': 0.8067, 'task_loss': (0.1529, 0.239)}
{'epoch': 13, 'train_loss': 0.4007, 'train_acc': 0.8033, 'task_loss': (0.1402, 0.2605)}
{'epoch': 14, 'train_loss': 0.4047, 'train_acc': 0.8167, 'task_loss': (0.1914, 0.2133)}
{'epoch': 15, 'train_loss': 0.3908, 'train_acc': 0.805, 'task_loss': (0.1671, 0.2237)}
{'epoch': 16, 'train_loss': 0.3343, 'train_acc': 0.8167, 'task_loss': (0.0981, 0.2362)}
{'epoch': 17, 'train_loss': 0.3244, 'train_acc': 0.8417, 'task_loss': (0.1307, 0.1937)}
{'epoch': 18, 'train_loss': 0.2882, 'train_acc': 0.8433, 'task_loss': (0.0905, 0.1977)}
{'epoch': 19, 'train_loss': 0.2834, 'train_acc': 0.855, 'task_loss': (0.1023, 0.1811)}
{'epoch': 20, 'train_loss': 0.2982, 'train_acc': 0.8467, 'task_loss': (0.1178, 0.1803)}
{'epoch': 21, 'train_loss': 0.3046, 'train_acc': 0.84, 'task_loss': (0.1288, 0.1758)}
{'epoch': 22, 'train_loss': 0.3892, 'train_acc': 0.8467, 'task_loss': (0.1715, 0.2177)}
{'epoch': 23, 'train_loss': 0.3097, 'train_acc': 0.84, 'task_loss': (0.107, 0.2028)}
{'epoch': 24, 'train_loss': 0.2993, 'train_acc': 0.85, 'task_loss': (0.1338, 0.1654)}
{'epoch': 25, 'train_loss': 0.2868, 'train_acc': 0.8583, 'task_loss': (0.0899, 0.1969)}
{'epoch': 26, 'train_loss': 0.2392, 'train_acc': 0.8667, 'task_loss': (0.0752, 0.164)}
{'epoch': 27, 'train_loss': 0.221, 'train_acc': 0.8767, 'task_loss': (0.0577, 0.1632)}
{'epoch': 28, 'train_loss': 0.2428, 'train_acc': 0.8917, 'task_loss': (0.1017, 0.1411)}
{'epoch': 29, 'train_loss': 0.224, 'train_acc': 0.8833, 'task_loss': (0.0795, 0.1445)}
{'epoch': 30, 'train_loss': 0.2235, 'train_acc': 0.8767, 'task_loss': (0.0715, 0.1519)}
{'epoch': 31, 'train_loss': 0.2103, 'train_acc': 0.895, 'task_loss': (0.0701, 0.1401)}
{'epoch': 32, 'train_loss': 0.1935, 'train_acc': 0.8983, 'task_loss': (0.0608, 0.1327)}
{'epoch': 33, 'train_loss': 0.2851, 'train_acc': 0.8583, 'task_loss': (0.1169, 0.1682)}
{'epoch': 34, 'train_loss': 0.2451, 'train_acc': 0.8683, 'task_loss': (0.059, 0.1862)}
{'epoch': 35, 'train_loss': 0.2152, 'train_acc': 0.87, 'task_loss': (0.0679, 0.1473)}
{'epoch': 36, 'train_loss': 0.1933, 'train_acc': 0.895, 'task_loss': (0.057, 0.1363)}
{'epoch': 37, 'train_loss': 0.232, 'train_acc': 0.8783, 'task_loss': (0.0915, 0.1405)}
{'epoch': 38, 'train_loss': 0.1852, 'train_acc': 0.92, 'task_loss': (0.0497, 0.1355)}
{'epoch': 39, 'train_loss': 0.1549, 'train_acc': 0.9117, 'task_loss': (0.044, 0.1109)}
{'epoch': 40, 'train_loss': 0.2275, 'train_acc': 0.8967, 'task_loss': (0.0805, 0.147)}
{'epoch': 41, 'train_loss': 0.1507, 'train_acc': 0.9133, 'task_loss': (0.0479, 0.1028)}
{'epoch': 42, 'train_loss': 0.2348, 'train_acc': 0.9017, 'task_loss': (0.1172, 0.1177)}
{'epoch': 43, 'train_loss': 0.1778, 'train_acc': 0.9117, 'task_loss': (0.0463, 0.1315)}
{'epoch': 44, 'train_loss': 0.1822, 'train_acc': 0.9083, 'task_loss': (0.0635, 0.1188)}
{'epoch': 45, 'train_loss': 0.1505, 'train_acc': 0.9217, 'task_loss': (0.041, 0.1095)}
{'epoch': 46, 'train_loss': 0.1435, 'train_acc': 0.9083, 'task_loss': (0.0407, 0.1028)}
{'epoch': 47, 'train_loss': 0.1592, 'train_acc': 0.9233, 'task_loss': (0.0543, 0.1049)}
{'epoch': 48, 'train_loss': 0.1216, 'train_acc': 0.9233, 'task_loss': (0.0178, 0.1038)}
{'epoch': 49, 'train_loss': 0.1355, 'train_acc': 0.9283, 'task_loss': (0.0393, 0.0962)}
{'epoch': 50, 'train_loss': 0.1515, 'train_acc': 0.915, 'task_loss': (0.0499, 0.1015)}
{'epoch': 51, 'train_loss': 0.1424, 'train_acc': 0.9183, 'task_loss': (0.0368, 0.1056)}
{'epoch': 52, 'train_loss': 0.1201, 'train_acc': 0.9383, 'task_loss': (0.0438, 0.0763)}
{'epoch': 53, 'train_loss': 0.1066, 'train_acc': 0.9383, 'task_loss': (0.0187, 0.0879)}
{'epoch': 54, 'train_loss': 0.1277, 'train_acc': 0.9383, 'task_loss': (0.0423, 0.0854)}
{'epoch': 55, 'train_loss': 0.1503, 'train_acc': 0.9167, 'task_loss': (0.04, 0.1102)}
{'epoch': 56, 'train_loss': 0.1471, 'train_acc': 0.9417, 'task_loss': (0.0615, 0.0856)}
{'epoch': 57, 'train_loss': 0.1553, 'train_acc': 0.925, 'task_loss': (0.0649, 0.0905)}
{'epoch': 58, 'train_loss': 0.1088, 'train_acc': 0.93, 'task_loss': (0.0264, 0.0824)}
{'epoch': 59, 'train_loss': 0.094, 'train_acc': 0.9567, 'task_loss': (0.0193, 0.0746)}
{'epoch': 60, 'train_loss': 0.1028, 'train_acc': 0.9433, 'task_loss': (0.0161, 0.0867)}
{'epoch': 61, 'train_loss': 0.0942, 'train_acc': 0.9483, 'task_loss': (0.0188, 0.0754)}
{'epoch': 62, 'train_loss': 0.1023, 'train_acc': 0.93, 'task_loss': (0.0157, 0.0866)}
{'epoch': 63, 'train_loss': 0.0996, 'train_acc': 0.9467, 'task_loss': (0.0308, 0.0688)}
{'epoch': 64, 'train_loss': 0.0895, 'train_acc': 0.95, 'task_loss': (0.0204, 0.0691)}
{'epoch': 65, 'train_loss': 0.0893, 'train_acc': 0.9617, 'task_loss': (0.0241, 0.0652)}
{'epoch': 66, 'train_loss': 0.1095, 'train_acc': 0.9433, 'task_loss': (0.0241, 0.0854)}
{'epoch': 67, 'train_loss': 0.0899, 'train_acc': 0.95, 'task_loss': (0.0217, 0.0682)}
{'epoch': 68, 'train_loss': 0.0759, 'train_acc': 0.9567, 'task_loss': (0.0145, 0.0614)}
{'epoch': 69, 'train_loss': 0.067, 'train_acc': 0.9683, 'task_loss': (0.0095, 0.0574)}
{'epoch': 70, 'train_loss': 0.0775, 'train_acc': 0.9617, 'task_loss': (0.0158, 0.0617)}
{'epoch': 71, 'train_loss': 0.0938, 'train_acc': 0.9533, 'task_loss': (0.0347, 0.0591)}
{'epoch': 72, 'train_loss': 0.0787, 'train_acc': 0.96, 'task_loss': (0.017, 0.0617)}
{'epoch': 73, 'train_loss': 0.0711, 'train_acc': 0.9617, 'task_loss': (0.0189, 0.0522)}
{'epoch': 74, 'train_loss': 0.0621, 'train_acc': 0.965, 'task_loss': (0.0093, 0.0527)}
{'epoch': 75, 'train_loss': 0.0882, 'train_acc': 0.9383, 'task_loss': (0.0124, 0.0758)}
{'epoch': 76, 'train_loss': 0.0757, 'train_acc': 0.9583, 'task_loss': (0.0177, 0.058)}
{'epoch': 77, 'train_loss': 0.0543, 'train_acc': 0.975, 'task_loss': (0.0082, 0.0461)}
{'epoch': 78, 'train_loss': 0.0733, 'train_acc': 0.97, 'task_loss': (0.0167, 0.0566)}
{'epoch': 79, 'train_loss': 0.0678, 'train_acc': 0.9617, 'task_loss': (0.0197, 0.0481)}
{'epoch': 80, 'train_loss': 0.0728, 'train_acc': 0.965, 'task_loss': (0.0197, 0.0532)}
{'epoch': 81, 'train_loss': 0.0856, 'train_acc': 0.9533, 'task_loss': (0.0191, 0.0665)}
{'epoch': 82, 'train_loss': 0.0581, 'train_acc': 0.9667, 'task_loss': (0.0071, 0.051)}
{'epoch': 83, 'train_loss': 0.0631, 'train_acc': 0.97, 'task_loss': (0.018, 0.0451)}
{'epoch': 84, 'train_loss': 0.0703, 'train_acc': 0.965, 'task_loss': (0.0206, 0.0498)}
{'epoch': 85, 'train_loss': 0.0593, 'train_acc': 0.9633, 'task_loss': (0.0075, 0.0518)}
{'epoch': 86, 'train_loss': 0.0743, 'train_acc': 0.9633, 'task_loss': (0.0212, 0.0531)}
{'epoch': 87, 'train_loss': 0.0776, 'train_acc': 0.9517, 'task_loss': (0.0165, 0.0611)}
{'epoch': 88, 'train_loss': 0.0622, 'train_acc': 0.9617, 'task_loss': (0.0088, 0.0534)}
{'epoch': 89, 'train_loss': 0.0667, 'train_acc': 0.9583, 'task_loss': (0.0094, 0.0573)}
{'epoch': 90, 'train_loss': 0.0709, 'train_acc': 0.9633, 'task_loss': (0.0222, 0.0487)}
{'epoch': 91, 'train_loss': 0.0446, 'train_acc': 0.9767, 'task_loss': (0.0074, 0.0371)}
{'epoch': 92, 'train_loss': 0.0667, 'train_acc': 0.9667, 'task_loss': (0.0114, 0.0554)}
{'epoch': 93, 'train_loss': 0.0491, 'train_acc': 0.9717, 'task_loss': (0.0082, 0.0409)}
{'epoch': 94, 'train_loss': 0.0579, 'train_acc': 0.9767, 'task_loss': (0.0127, 0.0452)}
{'epoch': 95, 'train_loss': 0.0597, 'train_acc': 0.975, 'task_loss': (0.0179, 0.0419)}
{'epoch': 96, 'train_loss': 0.0563, 'train_acc': 0.9767, 'task_loss': (0.0125, 0.0438)}
{'epoch': 97, 'train_loss': 0.0502, 'train_acc': 0.9733, 'task_loss': (0.0114, 0.0388)}
{'epoch': 98, 'train_loss': 0.0704, 'train_acc': 0.9583, 'task_loss': (0.0124, 0.058)}
{'epoch': 99, 'train_loss': 0.0616, 'train_acc': 0.9683, 'task_loss': (0.0199, 0.0418)}
{'epoch': 100, 'train_loss': 0.0545, 'train_acc': 0.96, 'task_loss': (0.0064, 0.0481)}
{'run_num': 8, 'final_test_err': 0.13049999999999995}
Files already downloaded and verified
Files already downloaded and verified
{'epoch': 1, 'train_loss': 1.0583, 'train_acc': 0.62, 'task_loss': (0.5303, 0.528)}
{'epoch': 2, 'train_loss': 0.7483, 'train_acc': 0.6567, 'task_loss': (0.3688, 0.3795)}
{'epoch': 3, 'train_loss': 0.7312, 'train_acc': 0.7, 'task_loss': (0.4079, 0.3232)}
{'epoch': 4, 'train_loss': 0.6329, 'train_acc': 0.7183, 'task_loss': (0.2898, 0.343)}
{'epoch': 5, 'train_loss': 0.5406, 'train_acc': 0.715, 'task_loss': (0.2384, 0.3022)}
{'epoch': 6, 'train_loss': 0.5276, 'train_acc': 0.7417, 'task_loss': (0.235, 0.2926)}
{'epoch': 7, 'train_loss': 0.5111, 'train_acc': 0.7383, 'task_loss': (0.2428, 0.2683)}
{'epoch': 8, 'train_loss': 0.4491, 'train_acc': 0.7933, 'task_loss': (0.191, 0.2581)}
{'epoch': 9, 'train_loss': 0.3676, 'train_acc': 0.7983, 'task_loss': (0.132, 0.2356)}
{'epoch': 10, 'train_loss': 0.3648, 'train_acc': 0.81, 'task_loss': (0.1138, 0.251)}
{'epoch': 11, 'train_loss': 0.504, 'train_acc': 0.7783, 'task_loss': (0.2511, 0.2529)}
{'epoch': 12, 'train_loss': 0.5702, 'train_acc': 0.745, 'task_loss': (0.2872, 0.283)}
{'epoch': 13, 'train_loss': 0.3905, 'train_acc': 0.8133, 'task_loss': (0.1574, 0.233)}
{'epoch': 14, 'train_loss': 0.4885, 'train_acc': 0.7883, 'task_loss': (0.2324, 0.256)}
{'epoch': 15, 'train_loss': 0.4461, 'train_acc': 0.7867, 'task_loss': (0.1867, 0.2594)}
{'epoch': 16, 'train_loss': 0.3219, 'train_acc': 0.83, 'task_loss': (0.1103, 0.2116)}
{'epoch': 17, 'train_loss': 0.3395, 'train_acc': 0.84, 'task_loss': (0.1105, 0.229)}
{'epoch': 18, 'train_loss': 0.3446, 'train_acc': 0.825, 'task_loss': (0.122, 0.2226)}
{'epoch': 19, 'train_loss': 0.3391, 'train_acc': 0.8333, 'task_loss': (0.1295, 0.2097)}
{'epoch': 20, 'train_loss': 0.3657, 'train_acc': 0.7967, 'task_loss': (0.1625, 0.2033)}
{'epoch': 21, 'train_loss': 0.331, 'train_acc': 0.8417, 'task_loss': (0.1352, 0.1958)}
{'epoch': 22, 'train_loss': 0.2959, 'train_acc': 0.8317, 'task_loss': (0.102, 0.1939)}
{'epoch': 23, 'train_loss': 0.2889, 'train_acc': 0.8667, 'task_loss': (0.1043, 0.1845)}
{'epoch': 24, 'train_loss': 0.3138, 'train_acc': 0.8367, 'task_loss': (0.122, 0.1919)}
{'epoch': 25, 'train_loss': 0.2916, 'train_acc': 0.8367, 'task_loss': (0.0793, 0.2124)}
{'epoch': 26, 'train_loss': 0.3193, 'train_acc': 0.855, 'task_loss': (0.118, 0.2013)}
{'epoch': 27, 'train_loss': 0.2824, 'train_acc': 0.86, 'task_loss': (0.097, 0.1854)}
{'epoch': 28, 'train_loss': 0.2398, 'train_acc': 0.8817, 'task_loss': (0.0799, 0.1599)}
{'epoch': 29, 'train_loss': 0.3317, 'train_acc': 0.8583, 'task_loss': (0.1471, 0.1846)}
{'epoch': 30, 'train_loss': 0.3219, 'train_acc': 0.8417, 'task_loss': (0.1226, 0.1993)}
{'epoch': 31, 'train_loss': 0.247, 'train_acc': 0.87, 'task_loss': (0.0838, 0.1632)}
{'epoch': 32, 'train_loss': 0.2187, 'train_acc': 0.8883, 'task_loss': (0.0677, 0.151)}
{'epoch': 33, 'train_loss': 0.2528, 'train_acc': 0.8717, 'task_loss': (0.0913, 0.1615)}
{'epoch': 34, 'train_loss': 0.2739, 'train_acc': 0.86, 'task_loss': (0.1016, 0.1723)}
{'epoch': 35, 'train_loss': 0.2841, 'train_acc': 0.8617, 'task_loss': (0.1128, 0.1713)}
{'epoch': 36, 'train_loss': 0.2616, 'train_acc': 0.875, 'task_loss': (0.096, 0.1656)}
{'epoch': 37, 'train_loss': 0.2378, 'train_acc': 0.8667, 'task_loss': (0.0538, 0.1841)}
{'epoch': 38, 'train_loss': 0.1823, 'train_acc': 0.8933, 'task_loss': (0.049, 0.1333)}
{'epoch': 39, 'train_loss': 0.1962, 'train_acc': 0.9017, 'task_loss': (0.062, 0.1342)}
{'epoch': 40, 'train_loss': 0.1895, 'train_acc': 0.8933, 'task_loss': (0.0538, 0.1357)}
{'epoch': 41, 'train_loss': 0.1789, 'train_acc': 0.905, 'task_loss': (0.0546, 0.1243)}
{'epoch': 42, 'train_loss': 0.2037, 'train_acc': 0.895, 'task_loss': (0.0698, 0.134)}
{'epoch': 43, 'train_loss': 0.2197, 'train_acc': 0.915, 'task_loss': (0.0976, 0.1221)}
{'epoch': 44, 'train_loss': 0.1719, 'train_acc': 0.9167, 'task_loss': (0.0539, 0.118)}
{'epoch': 45, 'train_loss': 0.2151, 'train_acc': 0.8933, 'task_loss': (0.0899, 0.1252)}
{'epoch': 46, 'train_loss': 0.2239, 'train_acc': 0.9, 'task_loss': (0.0925, 0.1314)}
{'epoch': 47, 'train_loss': 0.2217, 'train_acc': 0.8867, 'task_loss': (0.0888, 0.133)}
{'epoch': 48, 'train_loss': 0.1659, 'train_acc': 0.905, 'task_loss': (0.0494, 0.1166)}
{'epoch': 49, 'train_loss': 0.1525, 'train_acc': 0.9183, 'task_loss': (0.0473, 0.1052)}
{'epoch': 50, 'train_loss': 0.1637, 'train_acc': 0.9283, 'task_loss': (0.0699, 0.0938)}
{'epoch': 51, 'train_loss': 0.1324, 'train_acc': 0.925, 'task_loss': (0.0318, 0.1006)}
{'epoch': 52, 'train_loss': 0.1513, 'train_acc': 0.9167, 'task_loss': (0.043, 0.1083)}
{'epoch': 53, 'train_loss': 0.1567, 'train_acc': 0.9133, 'task_loss': (0.0494, 0.1073)}
{'epoch': 54, 'train_loss': 0.1493, 'train_acc': 0.9217, 'task_loss': (0.0567, 0.0926)}
{'epoch': 55, 'train_loss': 0.1561, 'train_acc': 0.925, 'task_loss': (0.0514, 0.1046)}
{'epoch': 56, 'train_loss': 0.1104, 'train_acc': 0.9417, 'task_loss': (0.0229, 0.0875)}
{'epoch': 57, 'train_loss': 0.1631, 'train_acc': 0.9383, 'task_loss': (0.0779, 0.0852)}
{'epoch': 58, 'train_loss': 0.133, 'train_acc': 0.93, 'task_loss': (0.0399, 0.0931)}
{'epoch': 59, 'train_loss': 0.1406, 'train_acc': 0.9317, 'task_loss': (0.0499, 0.0907)}
{'epoch': 60, 'train_loss': 0.1089, 'train_acc': 0.945, 'task_loss': (0.0241, 0.0848)}
{'epoch': 61, 'train_loss': 0.0928, 'train_acc': 0.9433, 'task_loss': (0.0182, 0.0746)}
{'epoch': 62, 'train_loss': 0.1247, 'train_acc': 0.945, 'task_loss': (0.05, 0.0747)}
{'epoch': 63, 'train_loss': 0.1183, 'train_acc': 0.94, 'task_loss': (0.0287, 0.0896)}
{'epoch': 64, 'train_loss': 0.1206, 'train_acc': 0.9317, 'task_loss': (0.0362, 0.0844)}
{'epoch': 65, 'train_loss': 0.1122, 'train_acc': 0.9417, 'task_loss': (0.0234, 0.0888)}
{'epoch': 66, 'train_loss': 0.077, 'train_acc': 0.9617, 'task_loss': (0.0127, 0.0643)}
{'epoch': 67, 'train_loss': 0.204, 'train_acc': 0.93, 'task_loss': (0.1011, 0.1029)}
{'epoch': 68, 'train_loss': 0.1116, 'train_acc': 0.9317, 'task_loss': (0.0145, 0.0971)}
{'epoch': 69, 'train_loss': 0.1189, 'train_acc': 0.9233, 'task_loss': (0.0239, 0.095)}
{'epoch': 70, 'train_loss': 0.1136, 'train_acc': 0.95, 'task_loss': (0.0384, 0.0753)}
{'epoch': 71, 'train_loss': 0.0922, 'train_acc': 0.9467, 'task_loss': (0.0211, 0.0711)}
{'epoch': 72, 'train_loss': 0.0938, 'train_acc': 0.945, 'task_loss': (0.0203, 0.0735)}
{'epoch': 73, 'train_loss': 0.085, 'train_acc': 0.9467, 'task_loss': (0.0124, 0.0726)}
{'epoch': 74, 'train_loss': 0.1059, 'train_acc': 0.935, 'task_loss': (0.0299, 0.076)}
{'epoch': 75, 'train_loss': 0.0814, 'train_acc': 0.96, 'task_loss': (0.0216, 0.0599)}
{'epoch': 76, 'train_loss': 0.087, 'train_acc': 0.955, 'task_loss': (0.018, 0.069)}
{'epoch': 77, 'train_loss': 0.0673, 'train_acc': 0.9617, 'task_loss': (0.0135, 0.0538)}
{'epoch': 78, 'train_loss': 0.0743, 'train_acc': 0.96, 'task_loss': (0.0117, 0.0626)}
{'epoch': 79, 'train_loss': 0.0829, 'train_acc': 0.9533, 'task_loss': (0.0212, 0.0618)}
{'epoch': 80, 'train_loss': 0.0698, 'train_acc': 0.975, 'task_loss': (0.0135, 0.0563)}
{'epoch': 81, 'train_loss': 0.079, 'train_acc': 0.9567, 'task_loss': (0.0173, 0.0616)}
{'epoch': 82, 'train_loss': 0.0824, 'train_acc': 0.96, 'task_loss': (0.0185, 0.064)}
{'epoch': 83, 'train_loss': 0.0589, 'train_acc': 0.9783, 'task_loss': (0.0129, 0.046)}
{'epoch': 84, 'train_loss': 0.0855, 'train_acc': 0.96, 'task_loss': (0.0288, 0.0567)}
{'epoch': 85, 'train_loss': 0.0736, 'train_acc': 0.9683, 'task_loss': (0.0151, 0.0585)}
{'epoch': 86, 'train_loss': 0.0706, 'train_acc': 0.9633, 'task_loss': (0.0142, 0.0564)}
{'epoch': 87, 'train_loss': 0.0599, 'train_acc': 0.975, 'task_loss': (0.0185, 0.0414)}
{'epoch': 88, 'train_loss': 0.0775, 'train_acc': 0.9533, 'task_loss': (0.0088, 0.0687)}
{'epoch': 89, 'train_loss': 0.062, 'train_acc': 0.9667, 'task_loss': (0.0117, 0.0503)}
{'epoch': 90, 'train_loss': 0.0669, 'train_acc': 0.9567, 'task_loss': (0.0198, 0.0471)}
{'epoch': 91, 'train_loss': 0.0688, 'train_acc': 0.96, 'task_loss': (0.0153, 0.0535)}
{'epoch': 92, 'train_loss': 0.0633, 'train_acc': 0.97, 'task_loss': (0.0195, 0.0438)}
{'epoch': 93, 'train_loss': 0.0565, 'train_acc': 0.975, 'task_loss': (0.0144, 0.0421)}
{'epoch': 94, 'train_loss': 0.0674, 'train_acc': 0.9717, 'task_loss': (0.0155, 0.0519)}
{'epoch': 95, 'train_loss': 0.064, 'train_acc': 0.9683, 'task_loss': (0.009, 0.055)}
{'epoch': 96, 'train_loss': 0.0734, 'train_acc': 0.9617, 'task_loss': (0.0151, 0.0583)}
{'epoch': 97, 'train_loss': 0.0733, 'train_acc': 0.9583, 'task_loss': (0.0201, 0.0531)}
{'epoch': 98, 'train_loss': 0.0597, 'train_acc': 0.9667, 'task_loss': (0.0136, 0.0461)}
{'epoch': 99, 'train_loss': 0.0587, 'train_acc': 0.9717, 'task_loss': (0.0084, 0.0502)}
{'epoch': 100, 'train_loss': 0.0516, 'train_acc': 0.9817, 'task_loss': (0.0147, 0.0369)}
{'run_num': 9, 'final_test_err': 0.12150000000000005}
{'avg_err': 0.1253, 'std_err': 0.0029}
