{'deploy': True, 'tag': '02_beta/ta_sampler_loss', 'seed': 10, 'device': 'cuda:0', 'reps': 10, 'loss': {'alpha': 0.5, 'tune_alpha': False, 'group_task_loss': True}, 'task': {'dataset': 'split_cifar10', 'task_map': [[0, 1], [2, 3], [4, 5], [6, 7], [8, 9]], 'target': 0, 'ood': [4], 'augment': True, 'n': 50, 'm_n': 3, 'beta': 'unbiased', 'custom_sampler': True}, 'hp': {'epochs': 100, 'bs': 16, 'lr': 0.01}, 'net': 'conv'}
Files already downloaded and verified
Files already downloaded and verified
{'epoch': 1, 'train_loss': 0.7914, 'train_acc': 0.635, 'task_loss': (0.4112, 0.3801)}
{'epoch': 2, 'train_loss': 0.7301, 'train_acc': 0.675, 'task_loss': (0.3743, 0.3557)}
{'epoch': 3, 'train_loss': 0.6062, 'train_acc': 0.74, 'task_loss': (0.3022, 0.304)}
{'epoch': 4, 'train_loss': 0.5862, 'train_acc': 0.725, 'task_loss': (0.2686, 0.3176)}
{'epoch': 5, 'train_loss': 0.4687, 'train_acc': 0.78, 'task_loss': (0.2112, 0.2575)}
{'epoch': 6, 'train_loss': 0.4865, 'train_acc': 0.78, 'task_loss': (0.2024, 0.2842)}
{'epoch': 7, 'train_loss': 0.4926, 'train_acc': 0.7475, 'task_loss': (0.1898, 0.3027)}
{'epoch': 8, 'train_loss': 0.4911, 'train_acc': 0.8025, 'task_loss': (0.258, 0.2331)}
{'epoch': 9, 'train_loss': 0.4323, 'train_acc': 0.8075, 'task_loss': (0.2025, 0.2298)}
{'epoch': 10, 'train_loss': 0.5356, 'train_acc': 0.79, 'task_loss': (0.2514, 0.2843)}
{'epoch': 11, 'train_loss': 0.3932, 'train_acc': 0.8125, 'task_loss': (0.1841, 0.2091)}
{'epoch': 12, 'train_loss': 0.4365, 'train_acc': 0.82, 'task_loss': (0.1868, 0.2497)}
{'epoch': 13, 'train_loss': 0.3355, 'train_acc': 0.8825, 'task_loss': (0.1567, 0.1788)}
{'epoch': 14, 'train_loss': 0.3785, 'train_acc': 0.8425, 'task_loss': (0.1718, 0.2067)}
{'epoch': 15, 'train_loss': 0.3161, 'train_acc': 0.845, 'task_loss': (0.1039, 0.2122)}
{'epoch': 16, 'train_loss': 0.3843, 'train_acc': 0.815, 'task_loss': (0.145, 0.2394)}
{'epoch': 17, 'train_loss': 0.3378, 'train_acc': 0.8525, 'task_loss': (0.1607, 0.177)}
{'epoch': 18, 'train_loss': 0.2853, 'train_acc': 0.8775, 'task_loss': (0.1271, 0.1582)}
{'epoch': 19, 'train_loss': 0.2504, 'train_acc': 0.885, 'task_loss': (0.0826, 0.1679)}
{'epoch': 20, 'train_loss': 0.2652, 'train_acc': 0.855, 'task_loss': (0.0914, 0.1738)}
{'epoch': 21, 'train_loss': 0.2669, 'train_acc': 0.8725, 'task_loss': (0.1076, 0.1593)}
{'epoch': 22, 'train_loss': 0.2958, 'train_acc': 0.8925, 'task_loss': (0.1153, 0.1805)}
{'epoch': 23, 'train_loss': 0.2916, 'train_acc': 0.86, 'task_loss': (0.1004, 0.1912)}
{'epoch': 24, 'train_loss': 0.2411, 'train_acc': 0.885, 'task_loss': (0.0834, 0.1577)}
{'epoch': 25, 'train_loss': 0.2772, 'train_acc': 0.8775, 'task_loss': (0.1004, 0.1767)}
{'epoch': 26, 'train_loss': 0.225, 'train_acc': 0.9, 'task_loss': (0.0861, 0.1389)}
{'epoch': 27, 'train_loss': 0.2188, 'train_acc': 0.885, 'task_loss': (0.0942, 0.1246)}
{'epoch': 28, 'train_loss': 0.2077, 'train_acc': 0.905, 'task_loss': (0.0713, 0.1364)}
{'epoch': 29, 'train_loss': 0.2165, 'train_acc': 0.9275, 'task_loss': (0.1085, 0.108)}
{'epoch': 30, 'train_loss': 0.3097, 'train_acc': 0.87, 'task_loss': (0.1438, 0.1659)}
{'epoch': 31, 'train_loss': 0.3289, 'train_acc': 0.86, 'task_loss': (0.1564, 0.1725)}
{'epoch': 32, 'train_loss': 0.2286, 'train_acc': 0.885, 'task_loss': (0.0877, 0.1409)}
{'epoch': 33, 'train_loss': 0.186, 'train_acc': 0.9025, 'task_loss': (0.0609, 0.1251)}
{'epoch': 34, 'train_loss': 0.1603, 'train_acc': 0.9175, 'task_loss': (0.0385, 0.1218)}
{'epoch': 35, 'train_loss': 0.1872, 'train_acc': 0.905, 'task_loss': (0.0688, 0.1184)}
{'epoch': 36, 'train_loss': 0.1501, 'train_acc': 0.9375, 'task_loss': (0.0531, 0.097)}
{'epoch': 37, 'train_loss': 0.1466, 'train_acc': 0.9275, 'task_loss': (0.0381, 0.1085)}
{'epoch': 38, 'train_loss': 0.1578, 'train_acc': 0.9375, 'task_loss': (0.0608, 0.097)}
{'epoch': 39, 'train_loss': 0.1567, 'train_acc': 0.9425, 'task_loss': (0.0468, 0.1099)}
{'epoch': 40, 'train_loss': 0.1554, 'train_acc': 0.915, 'task_loss': (0.0421, 0.1133)}
{'epoch': 41, 'train_loss': 0.1217, 'train_acc': 0.93, 'task_loss': (0.0461, 0.0756)}
{'epoch': 42, 'train_loss': 0.163, 'train_acc': 0.9225, 'task_loss': (0.0586, 0.1044)}
{'epoch': 43, 'train_loss': 0.1357, 'train_acc': 0.94, 'task_loss': (0.0485, 0.0872)}
{'epoch': 44, 'train_loss': 0.1118, 'train_acc': 0.955, 'task_loss': (0.0348, 0.077)}
{'epoch': 45, 'train_loss': 0.1264, 'train_acc': 0.9375, 'task_loss': (0.0384, 0.0881)}
{'epoch': 46, 'train_loss': 0.1047, 'train_acc': 0.9525, 'task_loss': (0.0398, 0.0648)}
{'epoch': 47, 'train_loss': 0.1453, 'train_acc': 0.935, 'task_loss': (0.0508, 0.0945)}
{'epoch': 48, 'train_loss': 0.1597, 'train_acc': 0.925, 'task_loss': (0.0625, 0.0972)}
{'epoch': 49, 'train_loss': 0.1248, 'train_acc': 0.945, 'task_loss': (0.0392, 0.0857)}
{'epoch': 50, 'train_loss': 0.1089, 'train_acc': 0.955, 'task_loss': (0.0411, 0.0677)}
{'epoch': 51, 'train_loss': 0.0956, 'train_acc': 0.9625, 'task_loss': (0.0252, 0.0704)}
{'epoch': 52, 'train_loss': 0.0919, 'train_acc': 0.9575, 'task_loss': (0.0248, 0.0671)}
{'epoch': 53, 'train_loss': 0.079, 'train_acc': 0.975, 'task_loss': (0.0308, 0.0482)}
{'epoch': 54, 'train_loss': 0.0827, 'train_acc': 0.955, 'task_loss': (0.0263, 0.0564)}
{'epoch': 55, 'train_loss': 0.1251, 'train_acc': 0.9475, 'task_loss': (0.0672, 0.0579)}
{'epoch': 56, 'train_loss': 0.0724, 'train_acc': 0.96, 'task_loss': (0.0218, 0.0505)}
{'epoch': 57, 'train_loss': 0.0621, 'train_acc': 0.975, 'task_loss': (0.013, 0.049)}
{'epoch': 58, 'train_loss': 0.0903, 'train_acc': 0.955, 'task_loss': (0.0181, 0.0722)}
{'epoch': 59, 'train_loss': 0.0922, 'train_acc': 0.9625, 'task_loss': (0.0349, 0.0573)}
{'epoch': 60, 'train_loss': 0.0807, 'train_acc': 0.97, 'task_loss': (0.0336, 0.0471)}
{'epoch': 61, 'train_loss': 0.1004, 'train_acc': 0.955, 'task_loss': (0.0311, 0.0693)}
{'epoch': 62, 'train_loss': 0.0625, 'train_acc': 0.97, 'task_loss': (0.0125, 0.05)}
{'epoch': 63, 'train_loss': 0.0619, 'train_acc': 0.9725, 'task_loss': (0.0171, 0.0448)}
{'epoch': 64, 'train_loss': 0.0477, 'train_acc': 0.9825, 'task_loss': (0.0113, 0.0363)}
{'epoch': 65, 'train_loss': 0.0464, 'train_acc': 0.98, 'task_loss': (0.0081, 0.0384)}
{'epoch': 66, 'train_loss': 0.0614, 'train_acc': 0.9725, 'task_loss': (0.0225, 0.0388)}
{'epoch': 67, 'train_loss': 0.0606, 'train_acc': 0.975, 'task_loss': (0.0118, 0.0488)}
{'epoch': 68, 'train_loss': 0.0455, 'train_acc': 0.9775, 'task_loss': (0.0092, 0.0363)}
{'epoch': 69, 'train_loss': 0.06, 'train_acc': 0.97, 'task_loss': (0.0121, 0.0479)}
{'epoch': 70, 'train_loss': 0.0471, 'train_acc': 0.9825, 'task_loss': (0.0149, 0.0322)}
{'epoch': 71, 'train_loss': 0.0388, 'train_acc': 0.9875, 'task_loss': (0.01, 0.0287)}
{'epoch': 72, 'train_loss': 0.0458, 'train_acc': 0.985, 'task_loss': (0.0106, 0.0351)}
{'epoch': 73, 'train_loss': 0.0405, 'train_acc': 0.985, 'task_loss': (0.0107, 0.0298)}
{'epoch': 74, 'train_loss': 0.0403, 'train_acc': 0.99, 'task_loss': (0.0128, 0.0275)}
{'epoch': 75, 'train_loss': 0.0305, 'train_acc': 0.9925, 'task_loss': (0.0052, 0.0253)}
{'epoch': 76, 'train_loss': 0.0449, 'train_acc': 0.98, 'task_loss': (0.0097, 0.0352)}
{'epoch': 77, 'train_loss': 0.046, 'train_acc': 0.975, 'task_loss': (0.0108, 0.0353)}
{'epoch': 78, 'train_loss': 0.0271, 'train_acc': 0.995, 'task_loss': (0.0061, 0.021)}
{'epoch': 79, 'train_loss': 0.0294, 'train_acc': 0.99, 'task_loss': (0.0068, 0.0226)}
{'epoch': 80, 'train_loss': 0.0257, 'train_acc': 0.9975, 'task_loss': (0.0061, 0.0196)}
{'epoch': 81, 'train_loss': 0.0302, 'train_acc': 0.985, 'task_loss': (0.0019, 0.0283)}
{'epoch': 82, 'train_loss': 0.0393, 'train_acc': 0.9825, 'task_loss': (0.0114, 0.028)}
{'epoch': 83, 'train_loss': 0.0568, 'train_acc': 0.9775, 'task_loss': (0.0134, 0.0435)}
{'epoch': 84, 'train_loss': 0.0361, 'train_acc': 0.9875, 'task_loss': (0.011, 0.025)}
{'epoch': 85, 'train_loss': 0.0188, 'train_acc': 0.995, 'task_loss': (0.0035, 0.0154)}
{'epoch': 86, 'train_loss': 0.0379, 'train_acc': 0.975, 'task_loss': (0.0075, 0.0305)}
{'epoch': 87, 'train_loss': 0.0346, 'train_acc': 0.9825, 'task_loss': (0.0088, 0.0258)}
{'epoch': 88, 'train_loss': 0.0371, 'train_acc': 0.9875, 'task_loss': (0.0071, 0.03)}
{'epoch': 89, 'train_loss': 0.0456, 'train_acc': 0.9825, 'task_loss': (0.0138, 0.0318)}
{'epoch': 90, 'train_loss': 0.0463, 'train_acc': 0.99, 'task_loss': (0.0252, 0.0212)}
{'epoch': 91, 'train_loss': 0.0294, 'train_acc': 0.995, 'task_loss': (0.0102, 0.0192)}
{'epoch': 92, 'train_loss': 0.0356, 'train_acc': 0.9875, 'task_loss': (0.0181, 0.0175)}
{'epoch': 93, 'train_loss': 0.029, 'train_acc': 0.9975, 'task_loss': (0.0107, 0.0183)}
{'epoch': 94, 'train_loss': 0.0351, 'train_acc': 0.99, 'task_loss': (0.0096, 0.0255)}
{'epoch': 95, 'train_loss': 0.0245, 'train_acc': 0.99, 'task_loss': (0.0049, 0.0196)}
{'epoch': 96, 'train_loss': 0.0345, 'train_acc': 0.99, 'task_loss': (0.0114, 0.0231)}
{'epoch': 97, 'train_loss': 0.0212, 'train_acc': 0.995, 'task_loss': (0.0041, 0.0171)}
{'epoch': 98, 'train_loss': 0.0305, 'train_acc': 0.9875, 'task_loss': (0.0093, 0.0213)}
{'epoch': 99, 'train_loss': 0.033, 'train_acc': 0.985, 'task_loss': (0.0056, 0.0274)}
{'epoch': 100, 'train_loss': 0.0232, 'train_acc': 0.995, 'task_loss': (0.0098, 0.0134)}
{'run_num': 0, 'final_test_err': 0.13124999999999998}
Files already downloaded and verified
Files already downloaded and verified
{'epoch': 1, 'train_loss': 0.8199, 'train_acc': 0.6075, 'task_loss': (0.4341, 0.3858)}
{'epoch': 2, 'train_loss': 0.6493, 'train_acc': 0.68, 'task_loss': (0.3222, 0.3271)}
{'epoch': 3, 'train_loss': 0.6409, 'train_acc': 0.7, 'task_loss': (0.2872, 0.3537)}
{'epoch': 4, 'train_loss': 0.5895, 'train_acc': 0.7425, 'task_loss': (0.3105, 0.2789)}
{'epoch': 5, 'train_loss': 0.5668, 'train_acc': 0.7325, 'task_loss': (0.2852, 0.2816)}
{'epoch': 6, 'train_loss': 0.6282, 'train_acc': 0.725, 'task_loss': (0.2836, 0.3446)}
{'epoch': 7, 'train_loss': 0.4727, 'train_acc': 0.775, 'task_loss': (0.214, 0.2587)}
{'epoch': 8, 'train_loss': 0.4286, 'train_acc': 0.8025, 'task_loss': (0.1966, 0.232)}
{'epoch': 9, 'train_loss': 0.4275, 'train_acc': 0.83, 'task_loss': (0.1937, 0.2338)}
{'epoch': 10, 'train_loss': 0.5029, 'train_acc': 0.7725, 'task_loss': (0.2418, 0.2611)}
{'epoch': 11, 'train_loss': 0.3191, 'train_acc': 0.845, 'task_loss': (0.1353, 0.1838)}
{'epoch': 12, 'train_loss': 0.4019, 'train_acc': 0.81, 'task_loss': (0.1435, 0.2585)}
{'epoch': 13, 'train_loss': 0.3373, 'train_acc': 0.835, 'task_loss': (0.1444, 0.1929)}
{'epoch': 14, 'train_loss': 0.3265, 'train_acc': 0.835, 'task_loss': (0.1344, 0.1922)}
{'epoch': 15, 'train_loss': 0.4003, 'train_acc': 0.825, 'task_loss': (0.1978, 0.2025)}
{'epoch': 16, 'train_loss': 0.371, 'train_acc': 0.84, 'task_loss': (0.1427, 0.2283)}
{'epoch': 17, 'train_loss': 0.3801, 'train_acc': 0.845, 'task_loss': (0.1638, 0.2162)}
{'epoch': 18, 'train_loss': 0.3673, 'train_acc': 0.83, 'task_loss': (0.1413, 0.226)}
{'epoch': 19, 'train_loss': 0.4016, 'train_acc': 0.8325, 'task_loss': (0.1753, 0.2264)}
{'epoch': 20, 'train_loss': 0.3337, 'train_acc': 0.8475, 'task_loss': (0.144, 0.1898)}
{'epoch': 21, 'train_loss': 0.2854, 'train_acc': 0.855, 'task_loss': (0.1068, 0.1786)}
{'epoch': 22, 'train_loss': 0.2684, 'train_acc': 0.8625, 'task_loss': (0.091, 0.1774)}
{'epoch': 23, 'train_loss': 0.3125, 'train_acc': 0.845, 'task_loss': (0.1218, 0.1906)}
{'epoch': 24, 'train_loss': 0.3078, 'train_acc': 0.84, 'task_loss': (0.0945, 0.2134)}
{'epoch': 25, 'train_loss': 0.2996, 'train_acc': 0.885, 'task_loss': (0.1293, 0.1703)}
{'epoch': 26, 'train_loss': 0.2655, 'train_acc': 0.8825, 'task_loss': (0.1174, 0.1481)}
{'epoch': 27, 'train_loss': 0.2801, 'train_acc': 0.855, 'task_loss': (0.1135, 0.1667)}
{'epoch': 28, 'train_loss': 0.2856, 'train_acc': 0.8925, 'task_loss': (0.1146, 0.1709)}
{'epoch': 29, 'train_loss': 0.242, 'train_acc': 0.8875, 'task_loss': (0.095, 0.147)}
{'epoch': 30, 'train_loss': 0.2164, 'train_acc': 0.9025, 'task_loss': (0.0695, 0.1469)}
{'epoch': 31, 'train_loss': 0.2147, 'train_acc': 0.8975, 'task_loss': (0.09, 0.1247)}
{'epoch': 32, 'train_loss': 0.2047, 'train_acc': 0.8975, 'task_loss': (0.0928, 0.1119)}
{'epoch': 33, 'train_loss': 0.2006, 'train_acc': 0.895, 'task_loss': (0.0739, 0.1266)}
{'epoch': 34, 'train_loss': 0.1461, 'train_acc': 0.925, 'task_loss': (0.0368, 0.1093)}
{'epoch': 35, 'train_loss': 0.1744, 'train_acc': 0.9225, 'task_loss': (0.0488, 0.1255)}
{'epoch': 36, 'train_loss': 0.1645, 'train_acc': 0.9125, 'task_loss': (0.0476, 0.1169)}
{'epoch': 37, 'train_loss': 0.1845, 'train_acc': 0.9225, 'task_loss': (0.0743, 0.1102)}
{'epoch': 38, 'train_loss': 0.1607, 'train_acc': 0.94, 'task_loss': (0.0636, 0.0971)}
{'epoch': 39, 'train_loss': 0.1071, 'train_acc': 0.9375, 'task_loss': (0.0233, 0.0838)}
{'epoch': 40, 'train_loss': 0.1646, 'train_acc': 0.93, 'task_loss': (0.0638, 0.1008)}
{'epoch': 41, 'train_loss': 0.1525, 'train_acc': 0.93, 'task_loss': (0.0465, 0.106)}
{'epoch': 42, 'train_loss': 0.1691, 'train_acc': 0.94, 'task_loss': (0.0939, 0.0752)}
{'epoch': 43, 'train_loss': 0.1524, 'train_acc': 0.93, 'task_loss': (0.0553, 0.0971)}
{'epoch': 44, 'train_loss': 0.1473, 'train_acc': 0.9375, 'task_loss': (0.0501, 0.0972)}
{'epoch': 45, 'train_loss': 0.1171, 'train_acc': 0.945, 'task_loss': (0.0346, 0.0825)}
{'epoch': 46, 'train_loss': 0.1481, 'train_acc': 0.94, 'task_loss': (0.0647, 0.0834)}
{'epoch': 47, 'train_loss': 0.133, 'train_acc': 0.93, 'task_loss': (0.0438, 0.0892)}
{'epoch': 48, 'train_loss': 0.0961, 'train_acc': 0.9575, 'task_loss': (0.0302, 0.0659)}
{'epoch': 49, 'train_loss': 0.087, 'train_acc': 0.96, 'task_loss': (0.0245, 0.0625)}
{'epoch': 50, 'train_loss': 0.0773, 'train_acc': 0.9675, 'task_loss': (0.0218, 0.0555)}
{'epoch': 51, 'train_loss': 0.0956, 'train_acc': 0.955, 'task_loss': (0.0385, 0.057)}
{'epoch': 52, 'train_loss': 0.0981, 'train_acc': 0.9375, 'task_loss': (0.0209, 0.0772)}
{'epoch': 53, 'train_loss': 0.0795, 'train_acc': 0.955, 'task_loss': (0.0148, 0.0647)}
{'epoch': 54, 'train_loss': 0.0861, 'train_acc': 0.9575, 'task_loss': (0.03, 0.0561)}
{'epoch': 55, 'train_loss': 0.0644, 'train_acc': 0.975, 'task_loss': (0.0126, 0.0518)}
{'epoch': 56, 'train_loss': 0.0883, 'train_acc': 0.95, 'task_loss': (0.0357, 0.0526)}
{'epoch': 57, 'train_loss': 0.0875, 'train_acc': 0.9525, 'task_loss': (0.0142, 0.0733)}
{'epoch': 58, 'train_loss': 0.0741, 'train_acc': 0.9675, 'task_loss': (0.0314, 0.0427)}
{'epoch': 59, 'train_loss': 0.0881, 'train_acc': 0.965, 'task_loss': (0.0394, 0.0487)}
{'epoch': 60, 'train_loss': 0.086, 'train_acc': 0.945, 'task_loss': (0.0238, 0.0622)}
{'epoch': 61, 'train_loss': 0.0751, 'train_acc': 0.96, 'task_loss': (0.0265, 0.0486)}
{'epoch': 62, 'train_loss': 0.0873, 'train_acc': 0.935, 'task_loss': (0.0166, 0.0707)}
{'epoch': 63, 'train_loss': 0.0622, 'train_acc': 0.9725, 'task_loss': (0.0137, 0.0485)}
{'epoch': 64, 'train_loss': 0.074, 'train_acc': 0.97, 'task_loss': (0.0308, 0.0432)}
{'epoch': 65, 'train_loss': 0.0812, 'train_acc': 0.9525, 'task_loss': (0.0279, 0.0533)}
{'epoch': 66, 'train_loss': 0.0689, 'train_acc': 0.965, 'task_loss': (0.0153, 0.0537)}
{'epoch': 67, 'train_loss': 0.088, 'train_acc': 0.9625, 'task_loss': (0.0415, 0.0465)}
{'epoch': 68, 'train_loss': 0.0482, 'train_acc': 0.9825, 'task_loss': (0.0154, 0.0327)}
{'epoch': 69, 'train_loss': 0.0396, 'train_acc': 0.985, 'task_loss': (0.0118, 0.0278)}
{'epoch': 70, 'train_loss': 0.0435, 'train_acc': 0.9875, 'task_loss': (0.02, 0.0235)}
{'epoch': 71, 'train_loss': 0.0515, 'train_acc': 0.9725, 'task_loss': (0.0102, 0.0413)}
{'epoch': 72, 'train_loss': 0.0545, 'train_acc': 0.9775, 'task_loss': (0.014, 0.0405)}
{'epoch': 73, 'train_loss': 0.0498, 'train_acc': 0.9875, 'task_loss': (0.0252, 0.0246)}
{'epoch': 74, 'train_loss': 0.0437, 'train_acc': 0.98, 'task_loss': (0.0111, 0.0326)}
{'epoch': 75, 'train_loss': 0.0456, 'train_acc': 0.98, 'task_loss': (0.0072, 0.0384)}
{'epoch': 76, 'train_loss': 0.0294, 'train_acc': 0.9925, 'task_loss': (0.0085, 0.0209)}
{'epoch': 77, 'train_loss': 0.0502, 'train_acc': 0.98, 'task_loss': (0.0178, 0.0325)}
{'epoch': 78, 'train_loss': 0.0436, 'train_acc': 0.98, 'task_loss': (0.0101, 0.0335)}
{'epoch': 79, 'train_loss': 0.0423, 'train_acc': 0.9875, 'task_loss': (0.0124, 0.0299)}
{'epoch': 80, 'train_loss': 0.0474, 'train_acc': 0.98, 'task_loss': (0.012, 0.0354)}
{'epoch': 81, 'train_loss': 0.0377, 'train_acc': 0.985, 'task_loss': (0.0077, 0.03)}
{'epoch': 82, 'train_loss': 0.0431, 'train_acc': 0.9825, 'task_loss': (0.0088, 0.0343)}
{'epoch': 83, 'train_loss': 0.0393, 'train_acc': 0.985, 'task_loss': (0.0105, 0.0289)}
{'epoch': 84, 'train_loss': 0.0446, 'train_acc': 0.9775, 'task_loss': (0.0071, 0.0375)}
{'epoch': 85, 'train_loss': 0.0343, 'train_acc': 0.985, 'task_loss': (0.0092, 0.0252)}
{'epoch': 86, 'train_loss': 0.0364, 'train_acc': 0.99, 'task_loss': (0.0113, 0.0251)}
{'epoch': 87, 'train_loss': 0.0459, 'train_acc': 0.9775, 'task_loss': (0.0167, 0.0292)}
{'epoch': 88, 'train_loss': 0.0288, 'train_acc': 0.9925, 'task_loss': (0.0065, 0.0223)}
{'epoch': 89, 'train_loss': 0.0422, 'train_acc': 0.9825, 'task_loss': (0.0116, 0.0306)}
{'epoch': 90, 'train_loss': 0.0336, 'train_acc': 0.99, 'task_loss': (0.0081, 0.0256)}
{'epoch': 91, 'train_loss': 0.0349, 'train_acc': 0.985, 'task_loss': (0.0093, 0.0256)}
{'epoch': 92, 'train_loss': 0.0501, 'train_acc': 0.9775, 'task_loss': (0.0178, 0.0323)}
{'epoch': 93, 'train_loss': 0.0352, 'train_acc': 0.9875, 'task_loss': (0.0104, 0.0248)}
{'epoch': 94, 'train_loss': 0.036, 'train_acc': 0.9875, 'task_loss': (0.0144, 0.0216)}
{'epoch': 95, 'train_loss': 0.0324, 'train_acc': 0.9875, 'task_loss': (0.0086, 0.0238)}
{'epoch': 96, 'train_loss': 0.0319, 'train_acc': 0.99, 'task_loss': (0.0093, 0.0226)}
{'epoch': 97, 'train_loss': 0.0256, 'train_acc': 0.9925, 'task_loss': (0.0061, 0.0195)}
{'epoch': 98, 'train_loss': 0.0384, 'train_acc': 0.98, 'task_loss': (0.0122, 0.0263)}
{'epoch': 99, 'train_loss': 0.0393, 'train_acc': 0.9875, 'task_loss': (0.0065, 0.0328)}
{'epoch': 100, 'train_loss': 0.0255, 'train_acc': 0.9875, 'task_loss': (0.0033, 0.0221)}
{'run_num': 1, 'final_test_err': 0.13175000000000003}
Files already downloaded and verified
Files already downloaded and verified
{'epoch': 1, 'train_loss': 0.7784, 'train_acc': 0.635, 'task_loss': (0.3852, 0.3932)}
{'epoch': 2, 'train_loss': 0.7192, 'train_acc': 0.6825, 'task_loss': (0.3733, 0.3459)}
{'epoch': 3, 'train_loss': 0.6555, 'train_acc': 0.695, 'task_loss': (0.3409, 0.3147)}
{'epoch': 4, 'train_loss': 0.4878, 'train_acc': 0.7475, 'task_loss': (0.1795, 0.3082)}
{'epoch': 5, 'train_loss': 0.5351, 'train_acc': 0.7625, 'task_loss': (0.2629, 0.2722)}
{'epoch': 6, 'train_loss': 0.5379, 'train_acc': 0.7525, 'task_loss': (0.2693, 0.2686)}
{'epoch': 7, 'train_loss': 0.5258, 'train_acc': 0.7625, 'task_loss': (0.2776, 0.2482)}
{'epoch': 8, 'train_loss': 0.499, 'train_acc': 0.785, 'task_loss': (0.2424, 0.2566)}
{'epoch': 9, 'train_loss': 0.3539, 'train_acc': 0.8325, 'task_loss': (0.1339, 0.2199)}
{'epoch': 10, 'train_loss': 0.4184, 'train_acc': 0.8125, 'task_loss': (0.1838, 0.2346)}
{'epoch': 11, 'train_loss': 0.3818, 'train_acc': 0.8125, 'task_loss': (0.1438, 0.238)}
{'epoch': 12, 'train_loss': 0.3898, 'train_acc': 0.8225, 'task_loss': (0.1758, 0.214)}
{'epoch': 13, 'train_loss': 0.3638, 'train_acc': 0.8325, 'task_loss': (0.1518, 0.212)}
{'epoch': 14, 'train_loss': 0.3456, 'train_acc': 0.8475, 'task_loss': (0.1391, 0.2065)}
{'epoch': 15, 'train_loss': 0.3698, 'train_acc': 0.855, 'task_loss': (0.1436, 0.2261)}
{'epoch': 16, 'train_loss': 0.3128, 'train_acc': 0.8625, 'task_loss': (0.1537, 0.1591)}
{'epoch': 17, 'train_loss': 0.3868, 'train_acc': 0.805, 'task_loss': (0.145, 0.2418)}
{'epoch': 18, 'train_loss': 0.3607, 'train_acc': 0.8375, 'task_loss': (0.1525, 0.2082)}
{'epoch': 19, 'train_loss': 0.2656, 'train_acc': 0.8825, 'task_loss': (0.1018, 0.1638)}
{'epoch': 20, 'train_loss': 0.2939, 'train_acc': 0.8725, 'task_loss': (0.0943, 0.1996)}
{'epoch': 21, 'train_loss': 0.2691, 'train_acc': 0.875, 'task_loss': (0.12, 0.1491)}
{'epoch': 22, 'train_loss': 0.3386, 'train_acc': 0.855, 'task_loss': (0.1488, 0.1899)}
{'epoch': 23, 'train_loss': 0.2878, 'train_acc': 0.8825, 'task_loss': (0.1058, 0.182)}
{'epoch': 24, 'train_loss': 0.2598, 'train_acc': 0.88, 'task_loss': (0.0748, 0.185)}
{'epoch': 25, 'train_loss': 0.2827, 'train_acc': 0.8625, 'task_loss': (0.1108, 0.1719)}
{'epoch': 26, 'train_loss': 0.2393, 'train_acc': 0.9025, 'task_loss': (0.0965, 0.1427)}
{'epoch': 27, 'train_loss': 0.2294, 'train_acc': 0.88, 'task_loss': (0.0812, 0.1483)}
{'epoch': 28, 'train_loss': 0.1807, 'train_acc': 0.92, 'task_loss': (0.0585, 0.1222)}
{'epoch': 29, 'train_loss': 0.1957, 'train_acc': 0.9, 'task_loss': (0.0469, 0.1488)}
{'epoch': 30, 'train_loss': 0.2388, 'train_acc': 0.88, 'task_loss': (0.0667, 0.1721)}
{'epoch': 31, 'train_loss': 0.1659, 'train_acc': 0.93, 'task_loss': (0.0506, 0.1153)}
{'epoch': 32, 'train_loss': 0.1737, 'train_acc': 0.9125, 'task_loss': (0.0417, 0.132)}
{'epoch': 33, 'train_loss': 0.1833, 'train_acc': 0.9225, 'task_loss': (0.0824, 0.101)}
{'epoch': 34, 'train_loss': 0.1983, 'train_acc': 0.905, 'task_loss': (0.0706, 0.1277)}
{'epoch': 35, 'train_loss': 0.1764, 'train_acc': 0.915, 'task_loss': (0.0621, 0.1143)}
{'epoch': 36, 'train_loss': 0.2231, 'train_acc': 0.9075, 'task_loss': (0.101, 0.1221)}
{'epoch': 37, 'train_loss': 0.1827, 'train_acc': 0.9225, 'task_loss': (0.0938, 0.0888)}
{'epoch': 38, 'train_loss': 0.2135, 'train_acc': 0.885, 'task_loss': (0.0746, 0.1389)}
{'epoch': 39, 'train_loss': 0.1942, 'train_acc': 0.9075, 'task_loss': (0.0548, 0.1394)}
{'epoch': 40, 'train_loss': 0.1127, 'train_acc': 0.945, 'task_loss': (0.028, 0.0847)}
{'epoch': 41, 'train_loss': 0.0997, 'train_acc': 0.955, 'task_loss': (0.0325, 0.0672)}
{'epoch': 42, 'train_loss': 0.1436, 'train_acc': 0.925, 'task_loss': (0.045, 0.0986)}
{'epoch': 43, 'train_loss': 0.1441, 'train_acc': 0.9375, 'task_loss': (0.0422, 0.1019)}
{'epoch': 44, 'train_loss': 0.1027, 'train_acc': 0.945, 'task_loss': (0.0212, 0.0815)}
{'epoch': 45, 'train_loss': 0.1044, 'train_acc': 0.945, 'task_loss': (0.0279, 0.0765)}
{'epoch': 46, 'train_loss': 0.1525, 'train_acc': 0.9275, 'task_loss': (0.0532, 0.0993)}
{'epoch': 47, 'train_loss': 0.1423, 'train_acc': 0.9325, 'task_loss': (0.0541, 0.0882)}
{'epoch': 48, 'train_loss': 0.1329, 'train_acc': 0.935, 'task_loss': (0.0491, 0.0838)}
{'epoch': 49, 'train_loss': 0.1212, 'train_acc': 0.9475, 'task_loss': (0.0438, 0.0774)}
{'epoch': 50, 'train_loss': 0.0769, 'train_acc': 0.975, 'task_loss': (0.0289, 0.048)}
{'epoch': 51, 'train_loss': 0.0886, 'train_acc': 0.96, 'task_loss': (0.0115, 0.0771)}
{'epoch': 52, 'train_loss': 0.1379, 'train_acc': 0.945, 'task_loss': (0.0484, 0.0895)}
{'epoch': 53, 'train_loss': 0.1068, 'train_acc': 0.9675, 'task_loss': (0.042, 0.0648)}
{'epoch': 54, 'train_loss': 0.0968, 'train_acc': 0.95, 'task_loss': (0.0408, 0.056)}
{'epoch': 55, 'train_loss': 0.0935, 'train_acc': 0.95, 'task_loss': (0.0131, 0.0803)}
{'epoch': 56, 'train_loss': 0.0989, 'train_acc': 0.96, 'task_loss': (0.0306, 0.0683)}
{'epoch': 57, 'train_loss': 0.0753, 'train_acc': 0.9725, 'task_loss': (0.0151, 0.0602)}
{'epoch': 58, 'train_loss': 0.0724, 'train_acc': 0.965, 'task_loss': (0.0138, 0.0586)}
{'epoch': 59, 'train_loss': 0.0652, 'train_acc': 0.9725, 'task_loss': (0.0191, 0.0461)}
{'epoch': 60, 'train_loss': 0.0814, 'train_acc': 0.9525, 'task_loss': (0.0266, 0.0548)}
{'epoch': 61, 'train_loss': 0.071, 'train_acc': 0.965, 'task_loss': (0.0226, 0.0484)}
{'epoch': 62, 'train_loss': 0.0714, 'train_acc': 0.9575, 'task_loss': (0.0186, 0.0529)}
{'epoch': 63, 'train_loss': 0.0509, 'train_acc': 0.98, 'task_loss': (0.0237, 0.0272)}
{'epoch': 64, 'train_loss': 0.0954, 'train_acc': 0.97, 'task_loss': (0.0508, 0.0446)}
{'epoch': 65, 'train_loss': 0.0707, 'train_acc': 0.9575, 'task_loss': (0.0082, 0.0624)}
{'epoch': 66, 'train_loss': 0.0534, 'train_acc': 0.9775, 'task_loss': (0.0147, 0.0387)}
{'epoch': 67, 'train_loss': 0.0876, 'train_acc': 0.9525, 'task_loss': (0.0236, 0.064)}
{'epoch': 68, 'train_loss': 0.0604, 'train_acc': 0.97, 'task_loss': (0.0049, 0.0555)}
{'epoch': 69, 'train_loss': 0.051, 'train_acc': 0.9775, 'task_loss': (0.0145, 0.0365)}
{'epoch': 70, 'train_loss': 0.0654, 'train_acc': 0.98, 'task_loss': (0.0134, 0.0521)}
{'epoch': 71, 'train_loss': 0.0499, 'train_acc': 0.9725, 'task_loss': (0.0134, 0.0365)}
{'epoch': 72, 'train_loss': 0.0397, 'train_acc': 0.985, 'task_loss': (0.0065, 0.0332)}
{'epoch': 73, 'train_loss': 0.0599, 'train_acc': 0.9675, 'task_loss': (0.0169, 0.043)}
{'epoch': 74, 'train_loss': 0.078, 'train_acc': 0.9675, 'task_loss': (0.0166, 0.0614)}
{'epoch': 75, 'train_loss': 0.0463, 'train_acc': 0.9875, 'task_loss': (0.018, 0.0283)}
{'epoch': 76, 'train_loss': 0.0559, 'train_acc': 0.98, 'task_loss': (0.024, 0.0319)}
{'epoch': 77, 'train_loss': 0.0687, 'train_acc': 0.9675, 'task_loss': (0.0175, 0.0512)}
{'epoch': 78, 'train_loss': 0.0441, 'train_acc': 0.9725, 'task_loss': (0.0054, 0.0387)}
{'epoch': 79, 'train_loss': 0.0423, 'train_acc': 0.9825, 'task_loss': (0.0117, 0.0306)}
{'epoch': 80, 'train_loss': 0.0492, 'train_acc': 0.9825, 'task_loss': (0.0192, 0.03)}
{'epoch': 81, 'train_loss': 0.031, 'train_acc': 0.9875, 'task_loss': (0.0083, 0.0227)}
{'epoch': 82, 'train_loss': 0.0335, 'train_acc': 0.9925, 'task_loss': (0.0149, 0.0186)}
{'epoch': 83, 'train_loss': 0.0497, 'train_acc': 0.9825, 'task_loss': (0.0147, 0.035)}
{'epoch': 84, 'train_loss': 0.0302, 'train_acc': 0.99, 'task_loss': (0.007, 0.0232)}
{'epoch': 85, 'train_loss': 0.0621, 'train_acc': 0.9725, 'task_loss': (0.0193, 0.0428)}
{'epoch': 86, 'train_loss': 0.0281, 'train_acc': 0.9925, 'task_loss': (0.007, 0.0211)}
{'epoch': 87, 'train_loss': 0.045, 'train_acc': 0.9775, 'task_loss': (0.0085, 0.0365)}
{'epoch': 88, 'train_loss': 0.0335, 'train_acc': 0.9925, 'task_loss': (0.0124, 0.0211)}
{'epoch': 89, 'train_loss': 0.0524, 'train_acc': 0.9825, 'task_loss': (0.0132, 0.0393)}
{'epoch': 90, 'train_loss': 0.051, 'train_acc': 0.9775, 'task_loss': (0.0191, 0.0319)}
{'epoch': 91, 'train_loss': 0.0399, 'train_acc': 0.98, 'task_loss': (0.0111, 0.0288)}
{'epoch': 92, 'train_loss': 0.0371, 'train_acc': 0.985, 'task_loss': (0.0069, 0.0302)}
{'epoch': 93, 'train_loss': 0.0413, 'train_acc': 0.98, 'task_loss': (0.0057, 0.0357)}
{'epoch': 94, 'train_loss': 0.044, 'train_acc': 0.9825, 'task_loss': (0.014, 0.03)}
{'epoch': 95, 'train_loss': 0.0375, 'train_acc': 0.9825, 'task_loss': (0.0133, 0.0241)}
{'epoch': 96, 'train_loss': 0.0412, 'train_acc': 0.9875, 'task_loss': (0.015, 0.0262)}
{'epoch': 97, 'train_loss': 0.0564, 'train_acc': 0.9825, 'task_loss': (0.027, 0.0295)}
{'epoch': 98, 'train_loss': 0.0408, 'train_acc': 0.9875, 'task_loss': (0.006, 0.0348)}
{'epoch': 99, 'train_loss': 0.0451, 'train_acc': 0.9825, 'task_loss': (0.0127, 0.0324)}
{'epoch': 100, 'train_loss': 0.0262, 'train_acc': 0.995, 'task_loss': (0.0071, 0.0191)}
{'run_num': 2, 'final_test_err': 0.13924999999999998}
Files already downloaded and verified
Files already downloaded and verified
{'epoch': 1, 'train_loss': 0.756, 'train_acc': 0.6025, 'task_loss': (0.353, 0.4029)}
{'epoch': 2, 'train_loss': 0.7272, 'train_acc': 0.6975, 'task_loss': (0.3733, 0.3539)}
{'epoch': 3, 'train_loss': 0.5534, 'train_acc': 0.775, 'task_loss': (0.3091, 0.2443)}
{'epoch': 4, 'train_loss': 0.6155, 'train_acc': 0.7325, 'task_loss': (0.2999, 0.3156)}
{'epoch': 5, 'train_loss': 0.5726, 'train_acc': 0.7625, 'task_loss': (0.2842, 0.2884)}
{'epoch': 6, 'train_loss': 0.6029, 'train_acc': 0.74, 'task_loss': (0.247, 0.3559)}
{'epoch': 7, 'train_loss': 0.4716, 'train_acc': 0.7975, 'task_loss': (0.24, 0.2316)}
{'epoch': 8, 'train_loss': 0.5044, 'train_acc': 0.755, 'task_loss': (0.2061, 0.2982)}
{'epoch': 9, 'train_loss': 0.3805, 'train_acc': 0.8325, 'task_loss': (0.183, 0.1975)}
{'epoch': 10, 'train_loss': 0.38, 'train_acc': 0.835, 'task_loss': (0.1648, 0.2152)}
{'epoch': 11, 'train_loss': 0.3331, 'train_acc': 0.83, 'task_loss': (0.1175, 0.2156)}
{'epoch': 12, 'train_loss': 0.3329, 'train_acc': 0.84, 'task_loss': (0.1347, 0.1982)}
{'epoch': 13, 'train_loss': 0.2918, 'train_acc': 0.86, 'task_loss': (0.1088, 0.1829)}
{'epoch': 14, 'train_loss': 0.4367, 'train_acc': 0.8125, 'task_loss': (0.1847, 0.2519)}
{'epoch': 15, 'train_loss': 0.2936, 'train_acc': 0.8725, 'task_loss': (0.1078, 0.1858)}
{'epoch': 16, 'train_loss': 0.3553, 'train_acc': 0.82, 'task_loss': (0.1301, 0.2252)}
{'epoch': 17, 'train_loss': 0.3044, 'train_acc': 0.8675, 'task_loss': (0.1285, 0.176)}
{'epoch': 18, 'train_loss': 0.4135, 'train_acc': 0.8175, 'task_loss': (0.1859, 0.2276)}
{'epoch': 19, 'train_loss': 0.3194, 'train_acc': 0.85, 'task_loss': (0.1229, 0.1965)}
{'epoch': 20, 'train_loss': 0.3373, 'train_acc': 0.8425, 'task_loss': (0.1371, 0.2002)}
{'epoch': 21, 'train_loss': 0.2828, 'train_acc': 0.8675, 'task_loss': (0.1047, 0.1781)}
{'epoch': 22, 'train_loss': 0.2166, 'train_acc': 0.89, 'task_loss': (0.0809, 0.1356)}
{'epoch': 23, 'train_loss': 0.2442, 'train_acc': 0.8975, 'task_loss': (0.0822, 0.162)}
{'epoch': 24, 'train_loss': 0.2426, 'train_acc': 0.885, 'task_loss': (0.0848, 0.1577)}
{'epoch': 25, 'train_loss': 0.3768, 'train_acc': 0.855, 'task_loss': (0.1725, 0.2043)}
{'epoch': 26, 'train_loss': 0.2874, 'train_acc': 0.895, 'task_loss': (0.128, 0.1594)}
{'epoch': 27, 'train_loss': 0.2129, 'train_acc': 0.8825, 'task_loss': (0.0793, 0.1335)}
{'epoch': 28, 'train_loss': 0.1656, 'train_acc': 0.9175, 'task_loss': (0.0424, 0.1232)}
{'epoch': 29, 'train_loss': 0.1971, 'train_acc': 0.9025, 'task_loss': (0.0767, 0.1204)}
{'epoch': 30, 'train_loss': 0.1902, 'train_acc': 0.91, 'task_loss': (0.0807, 0.1094)}
{'epoch': 31, 'train_loss': 0.2364, 'train_acc': 0.885, 'task_loss': (0.0845, 0.1519)}
{'epoch': 32, 'train_loss': 0.1756, 'train_acc': 0.93, 'task_loss': (0.0782, 0.0974)}
{'epoch': 33, 'train_loss': 0.2435, 'train_acc': 0.8875, 'task_loss': (0.0934, 0.1502)}
{'epoch': 34, 'train_loss': 0.1872, 'train_acc': 0.91, 'task_loss': (0.0636, 0.1236)}
{'epoch': 35, 'train_loss': 0.224, 'train_acc': 0.895, 'task_loss': (0.0785, 0.1455)}
{'epoch': 36, 'train_loss': 0.2309, 'train_acc': 0.8975, 'task_loss': (0.083, 0.1479)}
{'epoch': 37, 'train_loss': 0.2303, 'train_acc': 0.89, 'task_loss': (0.0835, 0.1468)}
{'epoch': 38, 'train_loss': 0.1655, 'train_acc': 0.9175, 'task_loss': (0.055, 0.1105)}
{'epoch': 39, 'train_loss': 0.1905, 'train_acc': 0.925, 'task_loss': (0.1031, 0.0874)}
{'epoch': 40, 'train_loss': 0.1544, 'train_acc': 0.925, 'task_loss': (0.0574, 0.097)}
{'epoch': 41, 'train_loss': 0.1523, 'train_acc': 0.935, 'task_loss': (0.0534, 0.0989)}
{'epoch': 42, 'train_loss': 0.1598, 'train_acc': 0.925, 'task_loss': (0.0595, 0.1003)}
{'epoch': 43, 'train_loss': 0.1495, 'train_acc': 0.9175, 'task_loss': (0.0437, 0.1058)}
{'epoch': 44, 'train_loss': 0.166, 'train_acc': 0.92, 'task_loss': (0.0483, 0.1177)}
{'epoch': 45, 'train_loss': 0.1598, 'train_acc': 0.9175, 'task_loss': (0.0497, 0.1101)}
{'epoch': 46, 'train_loss': 0.1174, 'train_acc': 0.945, 'task_loss': (0.0416, 0.0758)}
{'epoch': 47, 'train_loss': 0.1314, 'train_acc': 0.94, 'task_loss': (0.0382, 0.0932)}
{'epoch': 48, 'train_loss': 0.1046, 'train_acc': 0.9575, 'task_loss': (0.0257, 0.0789)}
{'epoch': 49, 'train_loss': 0.094, 'train_acc': 0.955, 'task_loss': (0.0386, 0.0554)}
{'epoch': 50, 'train_loss': 0.089, 'train_acc': 0.96, 'task_loss': (0.026, 0.0629)}
{'epoch': 51, 'train_loss': 0.1224, 'train_acc': 0.93, 'task_loss': (0.0267, 0.0957)}
{'epoch': 52, 'train_loss': 0.1008, 'train_acc': 0.96, 'task_loss': (0.0433, 0.0575)}
{'epoch': 53, 'train_loss': 0.1378, 'train_acc': 0.94, 'task_loss': (0.0464, 0.0915)}
{'epoch': 54, 'train_loss': 0.1062, 'train_acc': 0.9575, 'task_loss': (0.0443, 0.0619)}
{'epoch': 55, 'train_loss': 0.0963, 'train_acc': 0.9675, 'task_loss': (0.0355, 0.0608)}
{'epoch': 56, 'train_loss': 0.1042, 'train_acc': 0.9575, 'task_loss': (0.0285, 0.0757)}
{'epoch': 57, 'train_loss': 0.076, 'train_acc': 0.97, 'task_loss': (0.0216, 0.0544)}
{'epoch': 58, 'train_loss': 0.1117, 'train_acc': 0.955, 'task_loss': (0.0373, 0.0744)}
{'epoch': 59, 'train_loss': 0.0873, 'train_acc': 0.955, 'task_loss': (0.0196, 0.0677)}
{'epoch': 60, 'train_loss': 0.1008, 'train_acc': 0.935, 'task_loss': (0.0295, 0.0714)}
{'epoch': 61, 'train_loss': 0.0831, 'train_acc': 0.955, 'task_loss': (0.0246, 0.0585)}
{'epoch': 62, 'train_loss': 0.0564, 'train_acc': 0.9775, 'task_loss': (0.0175, 0.039)}
{'epoch': 63, 'train_loss': 0.0696, 'train_acc': 0.975, 'task_loss': (0.0227, 0.0469)}
{'epoch': 64, 'train_loss': 0.0611, 'train_acc': 0.9675, 'task_loss': (0.0183, 0.0428)}
{'epoch': 65, 'train_loss': 0.0444, 'train_acc': 0.985, 'task_loss': (0.0088, 0.0356)}
{'epoch': 66, 'train_loss': 0.0495, 'train_acc': 0.985, 'task_loss': (0.0122, 0.0373)}
{'epoch': 67, 'train_loss': 0.0567, 'train_acc': 0.9825, 'task_loss': (0.0177, 0.0391)}
{'epoch': 68, 'train_loss': 0.0396, 'train_acc': 0.985, 'task_loss': (0.0064, 0.0332)}
{'epoch': 69, 'train_loss': 0.0609, 'train_acc': 0.9625, 'task_loss': (0.01, 0.0509)}
{'epoch': 70, 'train_loss': 0.0654, 'train_acc': 0.9775, 'task_loss': (0.0199, 0.0454)}
{'epoch': 71, 'train_loss': 0.0316, 'train_acc': 0.9875, 'task_loss': (0.0076, 0.024)}
{'epoch': 72, 'train_loss': 0.0345, 'train_acc': 0.9825, 'task_loss': (0.0076, 0.0269)}
{'epoch': 73, 'train_loss': 0.0588, 'train_acc': 0.965, 'task_loss': (0.0093, 0.0496)}
{'epoch': 74, 'train_loss': 0.0516, 'train_acc': 0.9725, 'task_loss': (0.0159, 0.0357)}
{'epoch': 75, 'train_loss': 0.0422, 'train_acc': 0.985, 'task_loss': (0.0124, 0.0298)}
{'epoch': 76, 'train_loss': 0.0683, 'train_acc': 0.9575, 'task_loss': (0.0156, 0.0527)}
{'epoch': 77, 'train_loss': 0.0365, 'train_acc': 0.985, 'task_loss': (0.0122, 0.0242)}
{'epoch': 78, 'train_loss': 0.0518, 'train_acc': 0.98, 'task_loss': (0.0158, 0.0361)}
{'epoch': 79, 'train_loss': 0.0378, 'train_acc': 0.9825, 'task_loss': (0.0095, 0.0283)}
{'epoch': 80, 'train_loss': 0.0354, 'train_acc': 0.99, 'task_loss': (0.0092, 0.0262)}
{'epoch': 81, 'train_loss': 0.0345, 'train_acc': 0.9875, 'task_loss': (0.0061, 0.0284)}
{'epoch': 82, 'train_loss': 0.0286, 'train_acc': 0.995, 'task_loss': (0.0101, 0.0185)}
{'epoch': 83, 'train_loss': 0.0373, 'train_acc': 0.9825, 'task_loss': (0.0118, 0.0255)}
{'epoch': 84, 'train_loss': 0.0393, 'train_acc': 0.9775, 'task_loss': (0.0047, 0.0346)}
{'epoch': 85, 'train_loss': 0.0424, 'train_acc': 0.9825, 'task_loss': (0.0106, 0.0318)}
{'epoch': 86, 'train_loss': 0.0329, 'train_acc': 0.985, 'task_loss': (0.0055, 0.0274)}
{'epoch': 87, 'train_loss': 0.0339, 'train_acc': 0.985, 'task_loss': (0.0082, 0.0257)}
{'epoch': 88, 'train_loss': 0.0265, 'train_acc': 0.9925, 'task_loss': (0.0057, 0.0207)}
{'epoch': 89, 'train_loss': 0.038, 'train_acc': 0.9825, 'task_loss': (0.0061, 0.032)}
{'epoch': 90, 'train_loss': 0.0282, 'train_acc': 0.9925, 'task_loss': (0.0102, 0.018)}
{'epoch': 91, 'train_loss': 0.0225, 'train_acc': 0.9925, 'task_loss': (0.005, 0.0175)}
{'epoch': 92, 'train_loss': 0.0471, 'train_acc': 0.98, 'task_loss': (0.0108, 0.0364)}
{'epoch': 93, 'train_loss': 0.0307, 'train_acc': 0.9925, 'task_loss': (0.0066, 0.0241)}
{'epoch': 94, 'train_loss': 0.034, 'train_acc': 0.985, 'task_loss': (0.0091, 0.0249)}
{'epoch': 95, 'train_loss': 0.0414, 'train_acc': 0.9875, 'task_loss': (0.0159, 0.0254)}
{'epoch': 96, 'train_loss': 0.0289, 'train_acc': 0.99, 'task_loss': (0.0079, 0.021)}
{'epoch': 97, 'train_loss': 0.0419, 'train_acc': 0.9875, 'task_loss': (0.0126, 0.0293)}
{'epoch': 98, 'train_loss': 0.0446, 'train_acc': 0.98, 'task_loss': (0.0157, 0.029)}
{'epoch': 99, 'train_loss': 0.033, 'train_acc': 0.99, 'task_loss': (0.0061, 0.0269)}
{'epoch': 100, 'train_loss': 0.0329, 'train_acc': 0.9825, 'task_loss': (0.006, 0.0268)}
{'run_num': 3, 'final_test_err': 0.12175000000000002}
Files already downloaded and verified
Files already downloaded and verified
{'epoch': 1, 'train_loss': 0.8643, 'train_acc': 0.58, 'task_loss': (0.4602, 0.4041)}
{'epoch': 2, 'train_loss': 0.5952, 'train_acc': 0.725, 'task_loss': (0.3014, 0.2938)}
{'epoch': 3, 'train_loss': 0.6349, 'train_acc': 0.71, 'task_loss': (0.293, 0.3419)}
{'epoch': 4, 'train_loss': 0.5416, 'train_acc': 0.73, 'task_loss': (0.2534, 0.2882)}
{'epoch': 5, 'train_loss': 0.52, 'train_acc': 0.75, 'task_loss': (0.2389, 0.2811)}
{'epoch': 6, 'train_loss': 0.4434, 'train_acc': 0.7775, 'task_loss': (0.1741, 0.2693)}
{'epoch': 7, 'train_loss': 0.4693, 'train_acc': 0.7825, 'task_loss': (0.197, 0.2723)}
{'epoch': 8, 'train_loss': 0.4932, 'train_acc': 0.7975, 'task_loss': (0.2473, 0.2459)}
{'epoch': 9, 'train_loss': 0.3711, 'train_acc': 0.8425, 'task_loss': (0.151, 0.2201)}
{'epoch': 10, 'train_loss': 0.4104, 'train_acc': 0.8, 'task_loss': (0.1711, 0.2394)}
{'epoch': 11, 'train_loss': 0.4106, 'train_acc': 0.83, 'task_loss': (0.1846, 0.226)}
{'epoch': 12, 'train_loss': 0.4526, 'train_acc': 0.785, 'task_loss': (0.1858, 0.2668)}
{'epoch': 13, 'train_loss': 0.411, 'train_acc': 0.825, 'task_loss': (0.2033, 0.2077)}
{'epoch': 14, 'train_loss': 0.4172, 'train_acc': 0.81, 'task_loss': (0.1828, 0.2344)}
{'epoch': 15, 'train_loss': 0.3218, 'train_acc': 0.8325, 'task_loss': (0.1098, 0.212)}
{'epoch': 16, 'train_loss': 0.3417, 'train_acc': 0.8375, 'task_loss': (0.1153, 0.2265)}
{'epoch': 17, 'train_loss': 0.3885, 'train_acc': 0.845, 'task_loss': (0.1799, 0.2086)}
{'epoch': 18, 'train_loss': 0.3065, 'train_acc': 0.8525, 'task_loss': (0.0989, 0.2076)}
{'epoch': 19, 'train_loss': 0.3348, 'train_acc': 0.8425, 'task_loss': (0.1253, 0.2095)}
{'epoch': 20, 'train_loss': 0.303, 'train_acc': 0.845, 'task_loss': (0.1175, 0.1855)}
{'epoch': 21, 'train_loss': 0.2704, 'train_acc': 0.875, 'task_loss': (0.0882, 0.1821)}
{'epoch': 22, 'train_loss': 0.3322, 'train_acc': 0.85, 'task_loss': (0.1502, 0.182)}
{'epoch': 23, 'train_loss': 0.3098, 'train_acc': 0.84, 'task_loss': (0.1286, 0.1812)}
{'epoch': 24, 'train_loss': 0.2308, 'train_acc': 0.8925, 'task_loss': (0.1058, 0.125)}
{'epoch': 25, 'train_loss': 0.2756, 'train_acc': 0.875, 'task_loss': (0.0988, 0.1768)}
{'epoch': 26, 'train_loss': 0.323, 'train_acc': 0.8625, 'task_loss': (0.1451, 0.1779)}
{'epoch': 27, 'train_loss': 0.1633, 'train_acc': 0.9075, 'task_loss': (0.0428, 0.1204)}
{'epoch': 28, 'train_loss': 0.2004, 'train_acc': 0.9075, 'task_loss': (0.0829, 0.1175)}
{'epoch': 29, 'train_loss': 0.1933, 'train_acc': 0.91, 'task_loss': (0.0815, 0.1117)}
{'epoch': 30, 'train_loss': 0.2418, 'train_acc': 0.8875, 'task_loss': (0.1081, 0.1337)}
{'epoch': 31, 'train_loss': 0.2189, 'train_acc': 0.9, 'task_loss': (0.0794, 0.1395)}
{'epoch': 32, 'train_loss': 0.2643, 'train_acc': 0.865, 'task_loss': (0.0876, 0.1766)}
{'epoch': 33, 'train_loss': 0.2148, 'train_acc': 0.9175, 'task_loss': (0.0939, 0.1209)}
{'epoch': 34, 'train_loss': 0.2296, 'train_acc': 0.91, 'task_loss': (0.1186, 0.111)}
{'epoch': 35, 'train_loss': 0.2386, 'train_acc': 0.9075, 'task_loss': (0.1054, 0.1332)}
{'epoch': 36, 'train_loss': 0.1828, 'train_acc': 0.9175, 'task_loss': (0.053, 0.1298)}
{'epoch': 37, 'train_loss': 0.1356, 'train_acc': 0.9275, 'task_loss': (0.0265, 0.1091)}
{'epoch': 38, 'train_loss': 0.1913, 'train_acc': 0.915, 'task_loss': (0.0808, 0.1104)}
{'epoch': 39, 'train_loss': 0.1745, 'train_acc': 0.92, 'task_loss': (0.0711, 0.1034)}
{'epoch': 40, 'train_loss': 0.1428, 'train_acc': 0.9325, 'task_loss': (0.0456, 0.0972)}
{'epoch': 41, 'train_loss': 0.1368, 'train_acc': 0.93, 'task_loss': (0.0454, 0.0915)}
{'epoch': 42, 'train_loss': 0.1664, 'train_acc': 0.9125, 'task_loss': (0.0531, 0.1133)}
{'epoch': 43, 'train_loss': 0.0895, 'train_acc': 0.95, 'task_loss': (0.0262, 0.0633)}
{'epoch': 44, 'train_loss': 0.1144, 'train_acc': 0.935, 'task_loss': (0.035, 0.0794)}
{'epoch': 45, 'train_loss': 0.1221, 'train_acc': 0.9475, 'task_loss': (0.0472, 0.0749)}
{'epoch': 46, 'train_loss': 0.1028, 'train_acc': 0.95, 'task_loss': (0.0258, 0.077)}
{'epoch': 47, 'train_loss': 0.1657, 'train_acc': 0.92, 'task_loss': (0.0525, 0.1133)}
{'epoch': 48, 'train_loss': 0.1384, 'train_acc': 0.9475, 'task_loss': (0.0625, 0.0758)}
{'epoch': 49, 'train_loss': 0.1106, 'train_acc': 0.9625, 'task_loss': (0.0436, 0.0671)}
{'epoch': 50, 'train_loss': 0.134, 'train_acc': 0.9425, 'task_loss': (0.0323, 0.1017)}
{'epoch': 51, 'train_loss': 0.0946, 'train_acc': 0.96, 'task_loss': (0.0227, 0.0719)}
{'epoch': 52, 'train_loss': 0.0914, 'train_acc': 0.9575, 'task_loss': (0.0303, 0.0611)}
{'epoch': 53, 'train_loss': 0.0802, 'train_acc': 0.9525, 'task_loss': (0.0205, 0.0597)}
{'epoch': 54, 'train_loss': 0.0865, 'train_acc': 0.955, 'task_loss': (0.0351, 0.0514)}
{'epoch': 55, 'train_loss': 0.1123, 'train_acc': 0.94, 'task_loss': (0.0311, 0.0812)}
{'epoch': 56, 'train_loss': 0.1464, 'train_acc': 0.9275, 'task_loss': (0.0358, 0.1106)}
{'epoch': 57, 'train_loss': 0.0773, 'train_acc': 0.955, 'task_loss': (0.0214, 0.0559)}
{'epoch': 58, 'train_loss': 0.0633, 'train_acc': 0.9725, 'task_loss': (0.0154, 0.0478)}
{'epoch': 59, 'train_loss': 0.0595, 'train_acc': 0.9725, 'task_loss': (0.0156, 0.0439)}
{'epoch': 60, 'train_loss': 0.0907, 'train_acc': 0.96, 'task_loss': (0.0331, 0.0575)}
{'epoch': 61, 'train_loss': 0.1072, 'train_acc': 0.9625, 'task_loss': (0.0461, 0.0611)}
{'epoch': 62, 'train_loss': 0.0827, 'train_acc': 0.96, 'task_loss': (0.0166, 0.0661)}
{'epoch': 63, 'train_loss': 0.0619, 'train_acc': 0.9725, 'task_loss': (0.017, 0.0449)}
{'epoch': 64, 'train_loss': 0.0516, 'train_acc': 0.9775, 'task_loss': (0.0154, 0.0362)}
{'epoch': 65, 'train_loss': 0.0605, 'train_acc': 0.97, 'task_loss': (0.0159, 0.0446)}
{'epoch': 66, 'train_loss': 0.0554, 'train_acc': 0.97, 'task_loss': (0.0147, 0.0407)}
{'epoch': 67, 'train_loss': 0.0465, 'train_acc': 0.9775, 'task_loss': (0.0089, 0.0376)}
{'epoch': 68, 'train_loss': 0.0985, 'train_acc': 0.97, 'task_loss': (0.0578, 0.0407)}
{'epoch': 69, 'train_loss': 0.0836, 'train_acc': 0.955, 'task_loss': (0.0211, 0.0625)}
{'epoch': 70, 'train_loss': 0.0604, 'train_acc': 0.98, 'task_loss': (0.0225, 0.0379)}
{'epoch': 71, 'train_loss': 0.0801, 'train_acc': 0.9625, 'task_loss': (0.024, 0.0561)}
{'epoch': 72, 'train_loss': 0.0516, 'train_acc': 0.98, 'task_loss': (0.0156, 0.036)}
{'epoch': 73, 'train_loss': 0.0561, 'train_acc': 0.985, 'task_loss': (0.0187, 0.0374)}
{'epoch': 74, 'train_loss': 0.0391, 'train_acc': 0.985, 'task_loss': (0.0091, 0.03)}
{'epoch': 75, 'train_loss': 0.0642, 'train_acc': 0.9725, 'task_loss': (0.0227, 0.0415)}
{'epoch': 76, 'train_loss': 0.0485, 'train_acc': 0.98, 'task_loss': (0.0077, 0.0408)}
{'epoch': 77, 'train_loss': 0.0542, 'train_acc': 0.9775, 'task_loss': (0.0199, 0.0343)}
{'epoch': 78, 'train_loss': 0.04, 'train_acc': 0.985, 'task_loss': (0.0095, 0.0305)}
{'epoch': 79, 'train_loss': 0.0542, 'train_acc': 0.9725, 'task_loss': (0.0083, 0.0459)}
{'epoch': 80, 'train_loss': 0.0437, 'train_acc': 0.98, 'task_loss': (0.0119, 0.0319)}
{'epoch': 81, 'train_loss': 0.0269, 'train_acc': 0.99, 'task_loss': (0.0094, 0.0175)}
{'epoch': 82, 'train_loss': 0.0559, 'train_acc': 0.97, 'task_loss': (0.0109, 0.045)}
{'epoch': 83, 'train_loss': 0.0473, 'train_acc': 0.9825, 'task_loss': (0.0149, 0.0325)}
{'epoch': 84, 'train_loss': 0.0372, 'train_acc': 0.985, 'task_loss': (0.0065, 0.0307)}
{'epoch': 85, 'train_loss': 0.0416, 'train_acc': 0.9775, 'task_loss': (0.0105, 0.0311)}
{'epoch': 86, 'train_loss': 0.0355, 'train_acc': 0.9975, 'task_loss': (0.0192, 0.0163)}
{'epoch': 87, 'train_loss': 0.0549, 'train_acc': 0.9725, 'task_loss': (0.0106, 0.0443)}
{'epoch': 88, 'train_loss': 0.0227, 'train_acc': 1.0, 'task_loss': (0.0077, 0.015)}
{'epoch': 89, 'train_loss': 0.0453, 'train_acc': 0.9825, 'task_loss': (0.0134, 0.0319)}
{'epoch': 90, 'train_loss': 0.0422, 'train_acc': 0.9825, 'task_loss': (0.0103, 0.0319)}
{'epoch': 91, 'train_loss': 0.038, 'train_acc': 0.985, 'task_loss': (0.0079, 0.0301)}
{'epoch': 92, 'train_loss': 0.0312, 'train_acc': 0.99, 'task_loss': (0.0082, 0.023)}
{'epoch': 93, 'train_loss': 0.0415, 'train_acc': 0.9875, 'task_loss': (0.0199, 0.0216)}
{'epoch': 94, 'train_loss': 0.0405, 'train_acc': 0.9775, 'task_loss': (0.006, 0.0345)}
{'epoch': 95, 'train_loss': 0.0383, 'train_acc': 0.9825, 'task_loss': (0.0121, 0.0263)}
{'epoch': 96, 'train_loss': 0.0405, 'train_acc': 0.985, 'task_loss': (0.0082, 0.0323)}
{'epoch': 97, 'train_loss': 0.0352, 'train_acc': 0.99, 'task_loss': (0.0103, 0.0249)}
{'epoch': 98, 'train_loss': 0.0307, 'train_acc': 0.995, 'task_loss': (0.0066, 0.0241)}
{'epoch': 99, 'train_loss': 0.0258, 'train_acc': 0.9925, 'task_loss': (0.0087, 0.0171)}
{'epoch': 100, 'train_loss': 0.0285, 'train_acc': 0.9975, 'task_loss': (0.0095, 0.019)}
{'run_num': 4, 'final_test_err': 0.12675000000000003}
Files already downloaded and verified
Files already downloaded and verified
{'epoch': 1, 'train_loss': 0.7377, 'train_acc': 0.645, 'task_loss': (0.3886, 0.3491)}
{'epoch': 2, 'train_loss': 0.8129, 'train_acc': 0.6725, 'task_loss': (0.45, 0.3629)}
{'epoch': 3, 'train_loss': 0.5631, 'train_acc': 0.74, 'task_loss': (0.2372, 0.3259)}
{'epoch': 4, 'train_loss': 0.5393, 'train_acc': 0.7375, 'task_loss': (0.2376, 0.3017)}
{'epoch': 5, 'train_loss': 0.4877, 'train_acc': 0.7825, 'task_loss': (0.2133, 0.2745)}
{'epoch': 6, 'train_loss': 0.5203, 'train_acc': 0.77, 'task_loss': (0.2505, 0.2698)}
{'epoch': 7, 'train_loss': 0.4491, 'train_acc': 0.7775, 'task_loss': (0.182, 0.267)}
{'epoch': 8, 'train_loss': 0.4562, 'train_acc': 0.81, 'task_loss': (0.2227, 0.2335)}
{'epoch': 9, 'train_loss': 0.4363, 'train_acc': 0.8, 'task_loss': (0.1736, 0.2627)}
{'epoch': 10, 'train_loss': 0.4042, 'train_acc': 0.825, 'task_loss': (0.1661, 0.2381)}
{'epoch': 11, 'train_loss': 0.4515, 'train_acc': 0.7775, 'task_loss': (0.1867, 0.2648)}
{'epoch': 12, 'train_loss': 0.4309, 'train_acc': 0.79, 'task_loss': (0.1721, 0.2588)}
{'epoch': 13, 'train_loss': 0.4423, 'train_acc': 0.7875, 'task_loss': (0.1665, 0.2758)}
{'epoch': 14, 'train_loss': 0.4188, 'train_acc': 0.835, 'task_loss': (0.1906, 0.2282)}
{'epoch': 15, 'train_loss': 0.3718, 'train_acc': 0.8475, 'task_loss': (0.1732, 0.1986)}
{'epoch': 16, 'train_loss': 0.3362, 'train_acc': 0.8375, 'task_loss': (0.1409, 0.1954)}
{'epoch': 17, 'train_loss': 0.4061, 'train_acc': 0.8, 'task_loss': (0.1718, 0.2343)}
{'epoch': 18, 'train_loss': 0.3375, 'train_acc': 0.84, 'task_loss': (0.0912, 0.2463)}
{'epoch': 19, 'train_loss': 0.2793, 'train_acc': 0.8825, 'task_loss': (0.1116, 0.1678)}
{'epoch': 20, 'train_loss': 0.2672, 'train_acc': 0.8775, 'task_loss': (0.0853, 0.182)}
{'epoch': 21, 'train_loss': 0.3328, 'train_acc': 0.8475, 'task_loss': (0.1511, 0.1817)}
{'epoch': 22, 'train_loss': 0.2423, 'train_acc': 0.8825, 'task_loss': (0.0942, 0.1481)}
{'epoch': 23, 'train_loss': 0.2839, 'train_acc': 0.8875, 'task_loss': (0.1185, 0.1654)}
{'epoch': 24, 'train_loss': 0.2781, 'train_acc': 0.885, 'task_loss': (0.1258, 0.1523)}
{'epoch': 25, 'train_loss': 0.2224, 'train_acc': 0.895, 'task_loss': (0.0782, 0.1442)}
{'epoch': 26, 'train_loss': 0.2232, 'train_acc': 0.89, 'task_loss': (0.0947, 0.1285)}
{'epoch': 27, 'train_loss': 0.2596, 'train_acc': 0.895, 'task_loss': (0.1171, 0.1426)}
{'epoch': 28, 'train_loss': 0.2515, 'train_acc': 0.89, 'task_loss': (0.0944, 0.1571)}
{'epoch': 29, 'train_loss': 0.2417, 'train_acc': 0.8725, 'task_loss': (0.0754, 0.1663)}
{'epoch': 30, 'train_loss': 0.1807, 'train_acc': 0.93, 'task_loss': (0.0598, 0.1209)}
{'epoch': 31, 'train_loss': 0.2127, 'train_acc': 0.9025, 'task_loss': (0.0984, 0.1143)}
{'epoch': 32, 'train_loss': 0.1841, 'train_acc': 0.91, 'task_loss': (0.0596, 0.1245)}
{'epoch': 33, 'train_loss': 0.1922, 'train_acc': 0.91, 'task_loss': (0.0722, 0.12)}
{'epoch': 34, 'train_loss': 0.2215, 'train_acc': 0.9125, 'task_loss': (0.0957, 0.1258)}
{'epoch': 35, 'train_loss': 0.1601, 'train_acc': 0.9275, 'task_loss': (0.0582, 0.1019)}
{'epoch': 36, 'train_loss': 0.1299, 'train_acc': 0.9425, 'task_loss': (0.0395, 0.0904)}
{'epoch': 37, 'train_loss': 0.1731, 'train_acc': 0.9175, 'task_loss': (0.0636, 0.1096)}
{'epoch': 38, 'train_loss': 0.1711, 'train_acc': 0.935, 'task_loss': (0.0687, 0.1024)}
{'epoch': 39, 'train_loss': 0.1742, 'train_acc': 0.915, 'task_loss': (0.0665, 0.1077)}
{'epoch': 40, 'train_loss': 0.165, 'train_acc': 0.9175, 'task_loss': (0.0421, 0.1229)}
{'epoch': 41, 'train_loss': 0.124, 'train_acc': 0.9475, 'task_loss': (0.0435, 0.0806)}
{'epoch': 42, 'train_loss': 0.1708, 'train_acc': 0.9225, 'task_loss': (0.0595, 0.1113)}
{'epoch': 43, 'train_loss': 0.1659, 'train_acc': 0.9275, 'task_loss': (0.0591, 0.1067)}
{'epoch': 44, 'train_loss': 0.143, 'train_acc': 0.9375, 'task_loss': (0.0536, 0.0894)}
{'epoch': 45, 'train_loss': 0.1286, 'train_acc': 0.9375, 'task_loss': (0.044, 0.0846)}
{'epoch': 46, 'train_loss': 0.1246, 'train_acc': 0.9325, 'task_loss': (0.0501, 0.0745)}
{'epoch': 47, 'train_loss': 0.1095, 'train_acc': 0.955, 'task_loss': (0.0429, 0.0666)}
{'epoch': 48, 'train_loss': 0.1321, 'train_acc': 0.92, 'task_loss': (0.0344, 0.0977)}
{'epoch': 49, 'train_loss': 0.1193, 'train_acc': 0.945, 'task_loss': (0.0471, 0.0722)}
{'epoch': 50, 'train_loss': 0.1002, 'train_acc': 0.9675, 'task_loss': (0.0275, 0.0727)}
{'epoch': 51, 'train_loss': 0.1149, 'train_acc': 0.9575, 'task_loss': (0.0579, 0.057)}
{'epoch': 52, 'train_loss': 0.0856, 'train_acc': 0.9625, 'task_loss': (0.0232, 0.0625)}
{'epoch': 53, 'train_loss': 0.0822, 'train_acc': 0.9725, 'task_loss': (0.0189, 0.0634)}
{'epoch': 54, 'train_loss': 0.1015, 'train_acc': 0.955, 'task_loss': (0.0288, 0.0727)}
{'epoch': 55, 'train_loss': 0.0694, 'train_acc': 0.9775, 'task_loss': (0.0175, 0.0519)}
{'epoch': 56, 'train_loss': 0.075, 'train_acc': 0.965, 'task_loss': (0.0233, 0.0517)}
{'epoch': 57, 'train_loss': 0.1042, 'train_acc': 0.96, 'task_loss': (0.0337, 0.0705)}
{'epoch': 58, 'train_loss': 0.0811, 'train_acc': 0.96, 'task_loss': (0.0273, 0.0538)}
{'epoch': 59, 'train_loss': 0.0558, 'train_acc': 0.9725, 'task_loss': (0.0132, 0.0426)}
{'epoch': 60, 'train_loss': 0.1073, 'train_acc': 0.9575, 'task_loss': (0.0438, 0.0636)}
{'epoch': 61, 'train_loss': 0.1048, 'train_acc': 0.965, 'task_loss': (0.0573, 0.0475)}
{'epoch': 62, 'train_loss': 0.0707, 'train_acc': 0.965, 'task_loss': (0.017, 0.0536)}
{'epoch': 63, 'train_loss': 0.0725, 'train_acc': 0.97, 'task_loss': (0.0211, 0.0514)}
{'epoch': 64, 'train_loss': 0.0599, 'train_acc': 0.97, 'task_loss': (0.011, 0.0489)}
{'epoch': 65, 'train_loss': 0.053, 'train_acc': 0.9825, 'task_loss': (0.017, 0.036)}
{'epoch': 66, 'train_loss': 0.0565, 'train_acc': 0.975, 'task_loss': (0.0127, 0.0438)}
{'epoch': 67, 'train_loss': 0.0574, 'train_acc': 0.9725, 'task_loss': (0.0197, 0.0377)}
{'epoch': 68, 'train_loss': 0.0479, 'train_acc': 0.9825, 'task_loss': (0.0145, 0.0334)}
{'epoch': 69, 'train_loss': 0.0392, 'train_acc': 0.9925, 'task_loss': (0.0096, 0.0296)}
{'epoch': 70, 'train_loss': 0.0377, 'train_acc': 0.9925, 'task_loss': (0.0062, 0.0315)}
{'epoch': 71, 'train_loss': 0.0461, 'train_acc': 0.98, 'task_loss': (0.0098, 0.0363)}
{'epoch': 72, 'train_loss': 0.0479, 'train_acc': 0.985, 'task_loss': (0.0162, 0.0317)}
{'epoch': 73, 'train_loss': 0.0401, 'train_acc': 0.98, 'task_loss': (0.0111, 0.0289)}
{'epoch': 74, 'train_loss': 0.0523, 'train_acc': 0.975, 'task_loss': (0.0148, 0.0375)}
{'epoch': 75, 'train_loss': 0.0487, 'train_acc': 0.975, 'task_loss': (0.0026, 0.0461)}
{'epoch': 76, 'train_loss': 0.0406, 'train_acc': 0.9825, 'task_loss': (0.0084, 0.0322)}
{'epoch': 77, 'train_loss': 0.0315, 'train_acc': 0.9875, 'task_loss': (0.0071, 0.0244)}
{'epoch': 78, 'train_loss': 0.0323, 'train_acc': 0.995, 'task_loss': (0.0095, 0.0228)}
{'epoch': 79, 'train_loss': 0.0253, 'train_acc': 0.99, 'task_loss': (0.0071, 0.0182)}
{'epoch': 80, 'train_loss': 0.0401, 'train_acc': 0.975, 'task_loss': (0.0071, 0.033)}
{'epoch': 81, 'train_loss': 0.0271, 'train_acc': 0.9925, 'task_loss': (0.0079, 0.0192)}
{'epoch': 82, 'train_loss': 0.0385, 'train_acc': 0.9875, 'task_loss': (0.0139, 0.0245)}
{'epoch': 83, 'train_loss': 0.0333, 'train_acc': 0.9825, 'task_loss': (0.0125, 0.0208)}
{'epoch': 84, 'train_loss': 0.0342, 'train_acc': 0.9875, 'task_loss': (0.0076, 0.0266)}
{'epoch': 85, 'train_loss': 0.0319, 'train_acc': 0.99, 'task_loss': (0.0056, 0.0264)}
{'epoch': 86, 'train_loss': 0.0273, 'train_acc': 0.9925, 'task_loss': (0.0041, 0.0232)}
{'epoch': 87, 'train_loss': 0.0348, 'train_acc': 0.99, 'task_loss': (0.0112, 0.0235)}
{'epoch': 88, 'train_loss': 0.0468, 'train_acc': 0.98, 'task_loss': (0.0146, 0.0322)}
{'epoch': 89, 'train_loss': 0.0293, 'train_acc': 0.99, 'task_loss': (0.0061, 0.0232)}
{'epoch': 90, 'train_loss': 0.0333, 'train_acc': 0.985, 'task_loss': (0.007, 0.0263)}
{'epoch': 91, 'train_loss': 0.0292, 'train_acc': 0.985, 'task_loss': (0.0074, 0.0218)}
{'epoch': 92, 'train_loss': 0.0267, 'train_acc': 0.99, 'task_loss': (0.0053, 0.0214)}
{'epoch': 93, 'train_loss': 0.0308, 'train_acc': 0.9875, 'task_loss': (0.0081, 0.0227)}
{'epoch': 94, 'train_loss': 0.0269, 'train_acc': 0.9975, 'task_loss': (0.0089, 0.018)}
{'epoch': 95, 'train_loss': 0.0402, 'train_acc': 0.975, 'task_loss': (0.0037, 0.0365)}
{'epoch': 96, 'train_loss': 0.0465, 'train_acc': 0.9825, 'task_loss': (0.0178, 0.0287)}
{'epoch': 97, 'train_loss': 0.0278, 'train_acc': 0.995, 'task_loss': (0.0072, 0.0206)}
{'epoch': 98, 'train_loss': 0.0423, 'train_acc': 0.9875, 'task_loss': (0.0194, 0.0229)}
{'epoch': 99, 'train_loss': 0.043, 'train_acc': 0.975, 'task_loss': (0.0116, 0.0314)}
{'epoch': 100, 'train_loss': 0.0269, 'train_acc': 0.99, 'task_loss': (0.0045, 0.0224)}
{'run_num': 5, 'final_test_err': 0.13049999999999995}
Files already downloaded and verified
Files already downloaded and verified
{'epoch': 1, 'train_loss': 0.7571, 'train_acc': 0.685, 'task_loss': (0.3742, 0.3829)}
{'epoch': 2, 'train_loss': 0.7581, 'train_acc': 0.6625, 'task_loss': (0.3555, 0.4026)}
{'epoch': 3, 'train_loss': 0.6484, 'train_acc': 0.72, 'task_loss': (0.3113, 0.3372)}
{'epoch': 4, 'train_loss': 0.5607, 'train_acc': 0.7575, 'task_loss': (0.2675, 0.2932)}
{'epoch': 5, 'train_loss': 0.6055, 'train_acc': 0.7375, 'task_loss': (0.3009, 0.3046)}
{'epoch': 6, 'train_loss': 0.4716, 'train_acc': 0.7875, 'task_loss': (0.223, 0.2486)}
{'epoch': 7, 'train_loss': 0.52, 'train_acc': 0.8, 'task_loss': (0.2528, 0.2673)}
{'epoch': 8, 'train_loss': 0.4279, 'train_acc': 0.7925, 'task_loss': (0.1902, 0.2378)}
{'epoch': 9, 'train_loss': 0.3769, 'train_acc': 0.83, 'task_loss': (0.1481, 0.2288)}
{'epoch': 10, 'train_loss': 0.3912, 'train_acc': 0.8275, 'task_loss': (0.1868, 0.2044)}
{'epoch': 11, 'train_loss': 0.4039, 'train_acc': 0.7975, 'task_loss': (0.1528, 0.2511)}
{'epoch': 12, 'train_loss': 0.3108, 'train_acc': 0.8525, 'task_loss': (0.1414, 0.1695)}
{'epoch': 13, 'train_loss': 0.4439, 'train_acc': 0.8, 'task_loss': (0.1726, 0.2713)}
{'epoch': 14, 'train_loss': 0.3839, 'train_acc': 0.8225, 'task_loss': (0.1615, 0.2224)}
{'epoch': 15, 'train_loss': 0.3211, 'train_acc': 0.8475, 'task_loss': (0.1338, 0.1873)}
{'epoch': 16, 'train_loss': 0.334, 'train_acc': 0.8575, 'task_loss': (0.1594, 0.1746)}
{'epoch': 17, 'train_loss': 0.277, 'train_acc': 0.8675, 'task_loss': (0.0895, 0.1876)}
{'epoch': 18, 'train_loss': 0.2863, 'train_acc': 0.865, 'task_loss': (0.1208, 0.1655)}
{'epoch': 19, 'train_loss': 0.3036, 'train_acc': 0.845, 'task_loss': (0.099, 0.2046)}
{'epoch': 20, 'train_loss': 0.3568, 'train_acc': 0.83, 'task_loss': (0.1392, 0.2176)}
{'epoch': 21, 'train_loss': 0.2521, 'train_acc': 0.87, 'task_loss': (0.0915, 0.1606)}
{'epoch': 22, 'train_loss': 0.2772, 'train_acc': 0.8675, 'task_loss': (0.1039, 0.1732)}
{'epoch': 23, 'train_loss': 0.3201, 'train_acc': 0.86, 'task_loss': (0.1399, 0.1802)}
{'epoch': 24, 'train_loss': 0.2534, 'train_acc': 0.8875, 'task_loss': (0.0993, 0.1542)}
{'epoch': 25, 'train_loss': 0.2837, 'train_acc': 0.87, 'task_loss': (0.1377, 0.1461)}
{'epoch': 26, 'train_loss': 0.2462, 'train_acc': 0.8675, 'task_loss': (0.0908, 0.1554)}
{'epoch': 27, 'train_loss': 0.3623, 'train_acc': 0.845, 'task_loss': (0.1502, 0.2121)}
{'epoch': 28, 'train_loss': 0.2812, 'train_acc': 0.8825, 'task_loss': (0.1315, 0.1497)}
{'epoch': 29, 'train_loss': 0.2703, 'train_acc': 0.8775, 'task_loss': (0.1029, 0.1674)}
{'epoch': 30, 'train_loss': 0.1933, 'train_acc': 0.9, 'task_loss': (0.0594, 0.1339)}
{'epoch': 31, 'train_loss': 0.1377, 'train_acc': 0.9425, 'task_loss': (0.03, 0.1078)}
{'epoch': 32, 'train_loss': 0.1987, 'train_acc': 0.9075, 'task_loss': (0.0679, 0.1308)}
{'epoch': 33, 'train_loss': 0.213, 'train_acc': 0.89, 'task_loss': (0.0638, 0.1492)}
{'epoch': 34, 'train_loss': 0.1924, 'train_acc': 0.905, 'task_loss': (0.0782, 0.1143)}
{'epoch': 35, 'train_loss': 0.1776, 'train_acc': 0.9125, 'task_loss': (0.0562, 0.1213)}
{'epoch': 36, 'train_loss': 0.1739, 'train_acc': 0.9175, 'task_loss': (0.064, 0.1099)}
{'epoch': 37, 'train_loss': 0.2066, 'train_acc': 0.895, 'task_loss': (0.073, 0.1335)}
{'epoch': 38, 'train_loss': 0.1607, 'train_acc': 0.925, 'task_loss': (0.0482, 0.1124)}
{'epoch': 39, 'train_loss': 0.1514, 'train_acc': 0.94, 'task_loss': (0.0559, 0.0955)}
{'epoch': 40, 'train_loss': 0.1455, 'train_acc': 0.9275, 'task_loss': (0.05, 0.0955)}
{'epoch': 41, 'train_loss': 0.159, 'train_acc': 0.9, 'task_loss': (0.0343, 0.1248)}
{'epoch': 42, 'train_loss': 0.1205, 'train_acc': 0.9375, 'task_loss': (0.041, 0.0794)}
{'epoch': 43, 'train_loss': 0.1301, 'train_acc': 0.945, 'task_loss': (0.0504, 0.0797)}
{'epoch': 44, 'train_loss': 0.124, 'train_acc': 0.945, 'task_loss': (0.0444, 0.0796)}
{'epoch': 45, 'train_loss': 0.1198, 'train_acc': 0.9425, 'task_loss': (0.0432, 0.0766)}
{'epoch': 46, 'train_loss': 0.1452, 'train_acc': 0.93, 'task_loss': (0.0391, 0.1061)}
{'epoch': 47, 'train_loss': 0.1028, 'train_acc': 0.945, 'task_loss': (0.022, 0.0808)}
{'epoch': 48, 'train_loss': 0.1231, 'train_acc': 0.9625, 'task_loss': (0.0632, 0.0599)}
{'epoch': 49, 'train_loss': 0.1894, 'train_acc': 0.905, 'task_loss': (0.0595, 0.1299)}
{'epoch': 50, 'train_loss': 0.1636, 'train_acc': 0.93, 'task_loss': (0.0824, 0.0812)}
{'epoch': 51, 'train_loss': 0.1186, 'train_acc': 0.935, 'task_loss': (0.0165, 0.1021)}
{'epoch': 52, 'train_loss': 0.1105, 'train_acc': 0.945, 'task_loss': (0.0249, 0.0856)}
{'epoch': 53, 'train_loss': 0.1046, 'train_acc': 0.945, 'task_loss': (0.0304, 0.0742)}
{'epoch': 54, 'train_loss': 0.1382, 'train_acc': 0.925, 'task_loss': (0.0396, 0.0986)}
{'epoch': 55, 'train_loss': 0.1172, 'train_acc': 0.9475, 'task_loss': (0.0404, 0.0768)}
{'epoch': 56, 'train_loss': 0.1157, 'train_acc': 0.94, 'task_loss': (0.0414, 0.0743)}
{'epoch': 57, 'train_loss': 0.0696, 'train_acc': 0.9675, 'task_loss': (0.0235, 0.046)}
{'epoch': 58, 'train_loss': 0.0513, 'train_acc': 0.9825, 'task_loss': (0.0137, 0.0376)}
{'epoch': 59, 'train_loss': 0.0636, 'train_acc': 0.9675, 'task_loss': (0.0212, 0.0423)}
{'epoch': 60, 'train_loss': 0.1179, 'train_acc': 0.9625, 'task_loss': (0.053, 0.0649)}
{'epoch': 61, 'train_loss': 0.101, 'train_acc': 0.945, 'task_loss': (0.0362, 0.0649)}
{'epoch': 62, 'train_loss': 0.0537, 'train_acc': 0.9625, 'task_loss': (0.0092, 0.0446)}
{'epoch': 63, 'train_loss': 0.0471, 'train_acc': 0.985, 'task_loss': (0.0139, 0.0332)}
{'epoch': 64, 'train_loss': 0.0735, 'train_acc': 0.9625, 'task_loss': (0.0161, 0.0574)}
{'epoch': 65, 'train_loss': 0.0596, 'train_acc': 0.9825, 'task_loss': (0.0251, 0.0345)}
{'epoch': 66, 'train_loss': 0.0711, 'train_acc': 0.9625, 'task_loss': (0.0174, 0.0538)}
{'epoch': 67, 'train_loss': 0.0564, 'train_acc': 0.97, 'task_loss': (0.0106, 0.0459)}
{'epoch': 68, 'train_loss': 0.0487, 'train_acc': 0.9825, 'task_loss': (0.0143, 0.0344)}
{'epoch': 69, 'train_loss': 0.0781, 'train_acc': 0.9675, 'task_loss': (0.0198, 0.0583)}
{'epoch': 70, 'train_loss': 0.0517, 'train_acc': 0.98, 'task_loss': (0.0107, 0.041)}
{'epoch': 71, 'train_loss': 0.0482, 'train_acc': 0.9775, 'task_loss': (0.0098, 0.0384)}
{'epoch': 72, 'train_loss': 0.0678, 'train_acc': 0.98, 'task_loss': (0.037, 0.0308)}
{'epoch': 73, 'train_loss': 0.0455, 'train_acc': 0.985, 'task_loss': (0.0132, 0.0324)}
{'epoch': 74, 'train_loss': 0.0494, 'train_acc': 0.975, 'task_loss': (0.0116, 0.0378)}
{'epoch': 75, 'train_loss': 0.0394, 'train_acc': 0.9875, 'task_loss': (0.0092, 0.0302)}
{'epoch': 76, 'train_loss': 0.0371, 'train_acc': 0.985, 'task_loss': (0.0087, 0.0284)}
{'epoch': 77, 'train_loss': 0.0582, 'train_acc': 0.98, 'task_loss': (0.0197, 0.0385)}
{'epoch': 78, 'train_loss': 0.0401, 'train_acc': 0.9875, 'task_loss': (0.0075, 0.0326)}
{'epoch': 79, 'train_loss': 0.0555, 'train_acc': 0.9825, 'task_loss': (0.0165, 0.039)}
{'epoch': 80, 'train_loss': 0.0635, 'train_acc': 0.975, 'task_loss': (0.0135, 0.0501)}
{'epoch': 81, 'train_loss': 0.0465, 'train_acc': 0.9775, 'task_loss': (0.0054, 0.0411)}
{'epoch': 82, 'train_loss': 0.0447, 'train_acc': 0.98, 'task_loss': (0.0127, 0.0321)}
{'epoch': 83, 'train_loss': 0.0273, 'train_acc': 0.9975, 'task_loss': (0.0094, 0.018)}
{'epoch': 84, 'train_loss': 0.0495, 'train_acc': 0.9725, 'task_loss': (0.0063, 0.0432)}
{'epoch': 85, 'train_loss': 0.0377, 'train_acc': 0.9875, 'task_loss': (0.0112, 0.0265)}
{'epoch': 86, 'train_loss': 0.0407, 'train_acc': 0.9775, 'task_loss': (0.0051, 0.0357)}
{'epoch': 87, 'train_loss': 0.0432, 'train_acc': 0.985, 'task_loss': (0.0179, 0.0253)}
{'epoch': 88, 'train_loss': 0.0394, 'train_acc': 0.9825, 'task_loss': (0.0102, 0.0292)}
{'epoch': 89, 'train_loss': 0.0411, 'train_acc': 0.9825, 'task_loss': (0.0051, 0.036)}
{'epoch': 90, 'train_loss': 0.0417, 'train_acc': 0.9825, 'task_loss': (0.0074, 0.0343)}
{'epoch': 91, 'train_loss': 0.0294, 'train_acc': 0.9875, 'task_loss': (0.0102, 0.0192)}
{'epoch': 92, 'train_loss': 0.0411, 'train_acc': 0.9875, 'task_loss': (0.0092, 0.0318)}
{'epoch': 93, 'train_loss': 0.0362, 'train_acc': 0.9925, 'task_loss': (0.0073, 0.0289)}
{'epoch': 94, 'train_loss': 0.0354, 'train_acc': 0.9875, 'task_loss': (0.0093, 0.0261)}
{'epoch': 95, 'train_loss': 0.0458, 'train_acc': 0.985, 'task_loss': (0.0123, 0.0335)}
{'epoch': 96, 'train_loss': 0.0363, 'train_acc': 0.9775, 'task_loss': (0.0111, 0.0252)}
{'epoch': 97, 'train_loss': 0.0347, 'train_acc': 0.985, 'task_loss': (0.009, 0.0257)}
{'epoch': 98, 'train_loss': 0.0319, 'train_acc': 0.99, 'task_loss': (0.0088, 0.0231)}
{'epoch': 99, 'train_loss': 0.0427, 'train_acc': 0.98, 'task_loss': (0.0145, 0.0283)}
{'epoch': 100, 'train_loss': 0.0564, 'train_acc': 0.9725, 'task_loss': (0.0171, 0.0392)}
{'run_num': 6, 'final_test_err': 0.13024999999999998}
Files already downloaded and verified
Files already downloaded and verified
{'epoch': 1, 'train_loss': 0.8279, 'train_acc': 0.5625, 'task_loss': (0.4268, 0.4011)}
{'epoch': 2, 'train_loss': 0.7322, 'train_acc': 0.6875, 'task_loss': (0.3983, 0.3339)}
{'epoch': 3, 'train_loss': 0.542, 'train_acc': 0.7325, 'task_loss': (0.2486, 0.2934)}
{'epoch': 4, 'train_loss': 0.5397, 'train_acc': 0.755, 'task_loss': (0.243, 0.2967)}
{'epoch': 5, 'train_loss': 0.4919, 'train_acc': 0.78, 'task_loss': (0.2175, 0.2745)}
{'epoch': 6, 'train_loss': 0.6995, 'train_acc': 0.7475, 'task_loss': (0.3253, 0.3743)}
{'epoch': 7, 'train_loss': 0.5064, 'train_acc': 0.775, 'task_loss': (0.2444, 0.2619)}
{'epoch': 8, 'train_loss': 0.4321, 'train_acc': 0.83, 'task_loss': (0.189, 0.2431)}
{'epoch': 9, 'train_loss': 0.3681, 'train_acc': 0.8375, 'task_loss': (0.1935, 0.1746)}
{'epoch': 10, 'train_loss': 0.4037, 'train_acc': 0.8, 'task_loss': (0.1695, 0.2342)}
{'epoch': 11, 'train_loss': 0.3655, 'train_acc': 0.8225, 'task_loss': (0.1496, 0.2159)}
{'epoch': 12, 'train_loss': 0.4353, 'train_acc': 0.8075, 'task_loss': (0.2221, 0.2132)}
{'epoch': 13, 'train_loss': 0.3627, 'train_acc': 0.825, 'task_loss': (0.1314, 0.2312)}
{'epoch': 14, 'train_loss': 0.3566, 'train_acc': 0.8475, 'task_loss': (0.1425, 0.2141)}
{'epoch': 15, 'train_loss': 0.2959, 'train_acc': 0.8425, 'task_loss': (0.1004, 0.1956)}
{'epoch': 16, 'train_loss': 0.3126, 'train_acc': 0.8575, 'task_loss': (0.1283, 0.1844)}
{'epoch': 17, 'train_loss': 0.2343, 'train_acc': 0.8825, 'task_loss': (0.0865, 0.1478)}
{'epoch': 18, 'train_loss': 0.3293, 'train_acc': 0.8525, 'task_loss': (0.1476, 0.1817)}
{'epoch': 19, 'train_loss': 0.3028, 'train_acc': 0.87, 'task_loss': (0.1175, 0.1854)}
{'epoch': 20, 'train_loss': 0.3131, 'train_acc': 0.8725, 'task_loss': (0.132, 0.1811)}
{'epoch': 21, 'train_loss': 0.3118, 'train_acc': 0.865, 'task_loss': (0.1423, 0.1695)}
{'epoch': 22, 'train_loss': 0.3068, 'train_acc': 0.835, 'task_loss': (0.1027, 0.2041)}
{'epoch': 23, 'train_loss': 0.2962, 'train_acc': 0.86, 'task_loss': (0.133, 0.1632)}
{'epoch': 24, 'train_loss': 0.2668, 'train_acc': 0.8775, 'task_loss': (0.1102, 0.1567)}
{'epoch': 25, 'train_loss': 0.2196, 'train_acc': 0.8875, 'task_loss': (0.0779, 0.1417)}
{'epoch': 26, 'train_loss': 0.2859, 'train_acc': 0.87, 'task_loss': (0.1242, 0.1616)}
{'epoch': 27, 'train_loss': 0.2532, 'train_acc': 0.88, 'task_loss': (0.064, 0.1892)}
{'epoch': 28, 'train_loss': 0.2279, 'train_acc': 0.8975, 'task_loss': (0.0935, 0.1344)}
{'epoch': 29, 'train_loss': 0.2424, 'train_acc': 0.8925, 'task_loss': (0.1143, 0.1281)}
{'epoch': 30, 'train_loss': 0.2509, 'train_acc': 0.8875, 'task_loss': (0.1044, 0.1465)}
{'epoch': 31, 'train_loss': 0.1791, 'train_acc': 0.905, 'task_loss': (0.0566, 0.1225)}
{'epoch': 32, 'train_loss': 0.216, 'train_acc': 0.9, 'task_loss': (0.0719, 0.1441)}
{'epoch': 33, 'train_loss': 0.1834, 'train_acc': 0.9075, 'task_loss': (0.0435, 0.1399)}
{'epoch': 34, 'train_loss': 0.2225, 'train_acc': 0.885, 'task_loss': (0.0984, 0.1241)}
{'epoch': 35, 'train_loss': 0.2861, 'train_acc': 0.8625, 'task_loss': (0.1001, 0.1861)}
{'epoch': 36, 'train_loss': 0.2292, 'train_acc': 0.915, 'task_loss': (0.1282, 0.1011)}
{'epoch': 37, 'train_loss': 0.2061, 'train_acc': 0.9, 'task_loss': (0.0718, 0.1343)}
{'epoch': 38, 'train_loss': 0.2043, 'train_acc': 0.8925, 'task_loss': (0.0779, 0.1264)}
{'epoch': 39, 'train_loss': 0.1471, 'train_acc': 0.9225, 'task_loss': (0.0492, 0.098)}
{'epoch': 40, 'train_loss': 0.1636, 'train_acc': 0.9, 'task_loss': (0.0484, 0.1152)}
{'epoch': 41, 'train_loss': 0.1253, 'train_acc': 0.9325, 'task_loss': (0.0289, 0.0964)}
{'epoch': 42, 'train_loss': 0.1275, 'train_acc': 0.925, 'task_loss': (0.0238, 0.1037)}
{'epoch': 43, 'train_loss': 0.1048, 'train_acc': 0.955, 'task_loss': (0.0304, 0.0744)}
{'epoch': 44, 'train_loss': 0.1366, 'train_acc': 0.9325, 'task_loss': (0.0356, 0.1009)}
{'epoch': 45, 'train_loss': 0.2136, 'train_acc': 0.9075, 'task_loss': (0.0815, 0.1321)}
{'epoch': 46, 'train_loss': 0.1487, 'train_acc': 0.9275, 'task_loss': (0.0365, 0.1121)}
{'epoch': 47, 'train_loss': 0.1236, 'train_acc': 0.94, 'task_loss': (0.0361, 0.0876)}
{'epoch': 48, 'train_loss': 0.1048, 'train_acc': 0.945, 'task_loss': (0.0256, 0.0792)}
{'epoch': 49, 'train_loss': 0.1412, 'train_acc': 0.95, 'task_loss': (0.0708, 0.0703)}
{'epoch': 50, 'train_loss': 0.1485, 'train_acc': 0.925, 'task_loss': (0.0503, 0.0982)}
{'epoch': 51, 'train_loss': 0.0977, 'train_acc': 0.955, 'task_loss': (0.0287, 0.0689)}
{'epoch': 52, 'train_loss': 0.0914, 'train_acc': 0.965, 'task_loss': (0.0387, 0.0527)}
{'epoch': 53, 'train_loss': 0.1045, 'train_acc': 0.9575, 'task_loss': (0.0359, 0.0686)}
{'epoch': 54, 'train_loss': 0.0922, 'train_acc': 0.9625, 'task_loss': (0.034, 0.0582)}
{'epoch': 55, 'train_loss': 0.079, 'train_acc': 0.96, 'task_loss': (0.0169, 0.0621)}
{'epoch': 56, 'train_loss': 0.0761, 'train_acc': 0.9675, 'task_loss': (0.0286, 0.0476)}
{'epoch': 57, 'train_loss': 0.082, 'train_acc': 0.965, 'task_loss': (0.0254, 0.0565)}
{'epoch': 58, 'train_loss': 0.0697, 'train_acc': 0.965, 'task_loss': (0.0163, 0.0534)}
{'epoch': 59, 'train_loss': 0.1227, 'train_acc': 0.9425, 'task_loss': (0.0655, 0.0572)}
{'epoch': 60, 'train_loss': 0.0665, 'train_acc': 0.9725, 'task_loss': (0.0264, 0.0401)}
{'epoch': 61, 'train_loss': 0.0771, 'train_acc': 0.965, 'task_loss': (0.0148, 0.0623)}
{'epoch': 62, 'train_loss': 0.0744, 'train_acc': 0.9575, 'task_loss': (0.0224, 0.0519)}
{'epoch': 63, 'train_loss': 0.0679, 'train_acc': 0.9775, 'task_loss': (0.0256, 0.0423)}
{'epoch': 64, 'train_loss': 0.0605, 'train_acc': 0.9725, 'task_loss': (0.0159, 0.0446)}
{'epoch': 65, 'train_loss': 0.0649, 'train_acc': 0.9675, 'task_loss': (0.0285, 0.0364)}
{'epoch': 66, 'train_loss': 0.0411, 'train_acc': 0.9825, 'task_loss': (0.0072, 0.0339)}
{'epoch': 67, 'train_loss': 0.0473, 'train_acc': 0.98, 'task_loss': (0.0167, 0.0305)}
{'epoch': 68, 'train_loss': 0.0551, 'train_acc': 0.9725, 'task_loss': (0.0188, 0.0363)}
{'epoch': 69, 'train_loss': 0.0429, 'train_acc': 0.9825, 'task_loss': (0.0121, 0.0308)}
{'epoch': 70, 'train_loss': 0.0547, 'train_acc': 0.985, 'task_loss': (0.0192, 0.0355)}
{'epoch': 71, 'train_loss': 0.0581, 'train_acc': 0.975, 'task_loss': (0.0095, 0.0487)}
{'epoch': 72, 'train_loss': 0.0472, 'train_acc': 0.9725, 'task_loss': (0.009, 0.0383)}
{'epoch': 73, 'train_loss': 0.0406, 'train_acc': 0.98, 'task_loss': (0.0159, 0.0248)}
{'epoch': 74, 'train_loss': 0.0397, 'train_acc': 0.985, 'task_loss': (0.0059, 0.0338)}
{'epoch': 75, 'train_loss': 0.0623, 'train_acc': 0.9775, 'task_loss': (0.0214, 0.0409)}
{'epoch': 76, 'train_loss': 0.0311, 'train_acc': 0.985, 'task_loss': (0.0056, 0.0255)}
{'epoch': 77, 'train_loss': 0.0323, 'train_acc': 0.9925, 'task_loss': (0.0047, 0.0276)}
{'epoch': 78, 'train_loss': 0.0528, 'train_acc': 0.975, 'task_loss': (0.0146, 0.0382)}
{'epoch': 79, 'train_loss': 0.0337, 'train_acc': 0.9925, 'task_loss': (0.0157, 0.0179)}
{'epoch': 80, 'train_loss': 0.0355, 'train_acc': 0.99, 'task_loss': (0.0092, 0.0263)}
{'epoch': 81, 'train_loss': 0.0277, 'train_acc': 0.9975, 'task_loss': (0.0068, 0.0209)}
{'epoch': 82, 'train_loss': 0.0456, 'train_acc': 0.975, 'task_loss': (0.0121, 0.0335)}
{'epoch': 83, 'train_loss': 0.0344, 'train_acc': 0.9875, 'task_loss': (0.0154, 0.019)}
{'epoch': 84, 'train_loss': 0.0324, 'train_acc': 0.985, 'task_loss': (0.0079, 0.0245)}
{'epoch': 85, 'train_loss': 0.0309, 'train_acc': 0.9925, 'task_loss': (0.011, 0.02)}
{'epoch': 86, 'train_loss': 0.0377, 'train_acc': 0.98, 'task_loss': (0.0052, 0.0326)}
{'epoch': 87, 'train_loss': 0.0375, 'train_acc': 0.985, 'task_loss': (0.0054, 0.0321)}
{'epoch': 88, 'train_loss': 0.0364, 'train_acc': 0.9825, 'task_loss': (0.006, 0.0304)}
{'epoch': 89, 'train_loss': 0.0209, 'train_acc': 0.995, 'task_loss': (0.0054, 0.0156)}
{'epoch': 90, 'train_loss': 0.0714, 'train_acc': 0.9675, 'task_loss': (0.0285, 0.0429)}
{'epoch': 91, 'train_loss': 0.0206, 'train_acc': 0.9975, 'task_loss': (0.0051, 0.0155)}
{'epoch': 92, 'train_loss': 0.0399, 'train_acc': 0.985, 'task_loss': (0.0122, 0.0277)}
{'epoch': 93, 'train_loss': 0.0407, 'train_acc': 0.985, 'task_loss': (0.0154, 0.0253)}
{'epoch': 94, 'train_loss': 0.0315, 'train_acc': 0.995, 'task_loss': (0.0085, 0.023)}
{'epoch': 95, 'train_loss': 0.0268, 'train_acc': 0.9875, 'task_loss': (0.0065, 0.0203)}
{'epoch': 96, 'train_loss': 0.0353, 'train_acc': 0.9825, 'task_loss': (0.0076, 0.0277)}
{'epoch': 97, 'train_loss': 0.0434, 'train_acc': 0.9775, 'task_loss': (0.0102, 0.0332)}
{'epoch': 98, 'train_loss': 0.0417, 'train_acc': 0.985, 'task_loss': (0.0092, 0.0325)}
{'epoch': 99, 'train_loss': 0.0248, 'train_acc': 0.99, 'task_loss': (0.0049, 0.0199)}
{'epoch': 100, 'train_loss': 0.0399, 'train_acc': 0.985, 'task_loss': (0.0133, 0.0266)}
{'run_num': 7, 'final_test_err': 0.13049999999999995}
Files already downloaded and verified
Files already downloaded and verified
{'epoch': 1, 'train_loss': 0.8335, 'train_acc': 0.615, 'task_loss': (0.4288, 0.4047)}
{'epoch': 2, 'train_loss': 0.6445, 'train_acc': 0.7, 'task_loss': (0.3308, 0.3137)}
{'epoch': 3, 'train_loss': 0.5682, 'train_acc': 0.7425, 'task_loss': (0.2915, 0.2767)}
{'epoch': 4, 'train_loss': 0.5728, 'train_acc': 0.7425, 'task_loss': (0.258, 0.3148)}
{'epoch': 5, 'train_loss': 0.5972, 'train_acc': 0.7175, 'task_loss': (0.2778, 0.3195)}
{'epoch': 6, 'train_loss': 0.4778, 'train_acc': 0.78, 'task_loss': (0.2143, 0.2635)}
{'epoch': 7, 'train_loss': 0.456, 'train_acc': 0.795, 'task_loss': (0.1824, 0.2736)}
{'epoch': 8, 'train_loss': 0.3733, 'train_acc': 0.8125, 'task_loss': (0.1595, 0.2139)}
{'epoch': 9, 'train_loss': 0.4082, 'train_acc': 0.7975, 'task_loss': (0.1753, 0.2328)}
{'epoch': 10, 'train_loss': 0.5247, 'train_acc': 0.8, 'task_loss': (0.2452, 0.2796)}
{'epoch': 11, 'train_loss': 0.4575, 'train_acc': 0.78, 'task_loss': (0.2167, 0.2408)}
{'epoch': 12, 'train_loss': 0.3159, 'train_acc': 0.8475, 'task_loss': (0.1128, 0.2031)}
{'epoch': 13, 'train_loss': 0.3999, 'train_acc': 0.835, 'task_loss': (0.2094, 0.1905)}
{'epoch': 14, 'train_loss': 0.3782, 'train_acc': 0.8225, 'task_loss': (0.1733, 0.205)}
{'epoch': 15, 'train_loss': 0.3259, 'train_acc': 0.855, 'task_loss': (0.157, 0.169)}
{'epoch': 16, 'train_loss': 0.3745, 'train_acc': 0.82, 'task_loss': (0.1523, 0.2221)}
{'epoch': 17, 'train_loss': 0.3482, 'train_acc': 0.8425, 'task_loss': (0.1331, 0.215)}
{'epoch': 18, 'train_loss': 0.3136, 'train_acc': 0.86, 'task_loss': (0.1188, 0.1948)}
{'epoch': 19, 'train_loss': 0.3104, 'train_acc': 0.86, 'task_loss': (0.1594, 0.151)}
{'epoch': 20, 'train_loss': 0.2824, 'train_acc': 0.8725, 'task_loss': (0.1144, 0.168)}
{'epoch': 21, 'train_loss': 0.2305, 'train_acc': 0.8675, 'task_loss': (0.0623, 0.1683)}
{'epoch': 22, 'train_loss': 0.3205, 'train_acc': 0.8525, 'task_loss': (0.1325, 0.188)}
{'epoch': 23, 'train_loss': 0.2825, 'train_acc': 0.875, 'task_loss': (0.0983, 0.1842)}
{'epoch': 24, 'train_loss': 0.2909, 'train_acc': 0.89, 'task_loss': (0.1234, 0.1675)}
{'epoch': 25, 'train_loss': 0.2281, 'train_acc': 0.8825, 'task_loss': (0.0506, 0.1775)}
{'epoch': 26, 'train_loss': 0.2302, 'train_acc': 0.905, 'task_loss': (0.0915, 0.1387)}
{'epoch': 27, 'train_loss': 0.2253, 'train_acc': 0.9075, 'task_loss': (0.0861, 0.1393)}
{'epoch': 28, 'train_loss': 0.2001, 'train_acc': 0.9025, 'task_loss': (0.054, 0.1461)}
{'epoch': 29, 'train_loss': 0.1965, 'train_acc': 0.8975, 'task_loss': (0.077, 0.1195)}
{'epoch': 30, 'train_loss': 0.2287, 'train_acc': 0.8925, 'task_loss': (0.1065, 0.1221)}
{'epoch': 31, 'train_loss': 0.2066, 'train_acc': 0.89, 'task_loss': (0.0655, 0.1411)}
{'epoch': 32, 'train_loss': 0.1785, 'train_acc': 0.925, 'task_loss': (0.0606, 0.1179)}
{'epoch': 33, 'train_loss': 0.2385, 'train_acc': 0.8825, 'task_loss': (0.0779, 0.1606)}
{'epoch': 34, 'train_loss': 0.1879, 'train_acc': 0.925, 'task_loss': (0.0467, 0.1412)}
{'epoch': 35, 'train_loss': 0.1888, 'train_acc': 0.905, 'task_loss': (0.0661, 0.1227)}
{'epoch': 36, 'train_loss': 0.1562, 'train_acc': 0.92, 'task_loss': (0.0473, 0.1089)}
{'epoch': 37, 'train_loss': 0.1692, 'train_acc': 0.9225, 'task_loss': (0.0723, 0.0969)}
{'epoch': 38, 'train_loss': 0.2113, 'train_acc': 0.89, 'task_loss': (0.071, 0.1403)}
{'epoch': 39, 'train_loss': 0.1575, 'train_acc': 0.9275, 'task_loss': (0.0393, 0.1181)}
{'epoch': 40, 'train_loss': 0.1507, 'train_acc': 0.9325, 'task_loss': (0.0518, 0.0989)}
{'epoch': 41, 'train_loss': 0.1601, 'train_acc': 0.93, 'task_loss': (0.0527, 0.1075)}
{'epoch': 42, 'train_loss': 0.1554, 'train_acc': 0.92, 'task_loss': (0.0396, 0.1158)}
{'epoch': 43, 'train_loss': 0.1083, 'train_acc': 0.9525, 'task_loss': (0.0385, 0.0697)}
{'epoch': 44, 'train_loss': 0.1056, 'train_acc': 0.9525, 'task_loss': (0.0353, 0.0704)}
{'epoch': 45, 'train_loss': 0.1089, 'train_acc': 0.9425, 'task_loss': (0.0185, 0.0904)}
{'epoch': 46, 'train_loss': 0.1012, 'train_acc': 0.9475, 'task_loss': (0.0344, 0.0668)}
{'epoch': 47, 'train_loss': 0.1295, 'train_acc': 0.945, 'task_loss': (0.0632, 0.0664)}
{'epoch': 48, 'train_loss': 0.1059, 'train_acc': 0.9475, 'task_loss': (0.0295, 0.0764)}
{'epoch': 49, 'train_loss': 0.0931, 'train_acc': 0.9575, 'task_loss': (0.0259, 0.0672)}
{'epoch': 50, 'train_loss': 0.0929, 'train_acc': 0.9575, 'task_loss': (0.0368, 0.0561)}
{'epoch': 51, 'train_loss': 0.0986, 'train_acc': 0.96, 'task_loss': (0.0272, 0.0714)}
{'epoch': 52, 'train_loss': 0.0928, 'train_acc': 0.945, 'task_loss': (0.0247, 0.0681)}
{'epoch': 53, 'train_loss': 0.0757, 'train_acc': 0.975, 'task_loss': (0.0213, 0.0544)}
{'epoch': 54, 'train_loss': 0.1008, 'train_acc': 0.9475, 'task_loss': (0.0285, 0.0723)}
{'epoch': 55, 'train_loss': 0.0773, 'train_acc': 0.9625, 'task_loss': (0.0244, 0.0529)}
{'epoch': 56, 'train_loss': 0.1253, 'train_acc': 0.95, 'task_loss': (0.0328, 0.0925)}
{'epoch': 57, 'train_loss': 0.0818, 'train_acc': 0.9575, 'task_loss': (0.0382, 0.0436)}
{'epoch': 58, 'train_loss': 0.1204, 'train_acc': 0.935, 'task_loss': (0.0393, 0.0812)}
{'epoch': 59, 'train_loss': 0.1239, 'train_acc': 0.9525, 'task_loss': (0.0567, 0.0671)}
{'epoch': 60, 'train_loss': 0.0581, 'train_acc': 0.975, 'task_loss': (0.0167, 0.0413)}
{'epoch': 61, 'train_loss': 0.0603, 'train_acc': 0.97, 'task_loss': (0.0101, 0.0502)}
{'epoch': 62, 'train_loss': 0.0686, 'train_acc': 0.97, 'task_loss': (0.0289, 0.0397)}
{'epoch': 63, 'train_loss': 0.0444, 'train_acc': 0.985, 'task_loss': (0.0085, 0.0359)}
{'epoch': 64, 'train_loss': 0.0661, 'train_acc': 0.9775, 'task_loss': (0.0241, 0.042)}
{'epoch': 65, 'train_loss': 0.0376, 'train_acc': 0.985, 'task_loss': (0.004, 0.0336)}
{'epoch': 66, 'train_loss': 0.0632, 'train_acc': 0.9825, 'task_loss': (0.0254, 0.0378)}
{'epoch': 67, 'train_loss': 0.0608, 'train_acc': 0.9775, 'task_loss': (0.0275, 0.0332)}
{'epoch': 68, 'train_loss': 0.0436, 'train_acc': 0.98, 'task_loss': (0.0098, 0.0338)}
{'epoch': 69, 'train_loss': 0.0653, 'train_acc': 0.97, 'task_loss': (0.0239, 0.0414)}
{'epoch': 70, 'train_loss': 0.0592, 'train_acc': 0.97, 'task_loss': (0.0114, 0.0478)}
{'epoch': 71, 'train_loss': 0.0349, 'train_acc': 0.99, 'task_loss': (0.0116, 0.0233)}
{'epoch': 72, 'train_loss': 0.0321, 'train_acc': 0.98, 'task_loss': (0.0048, 0.0272)}
{'epoch': 73, 'train_loss': 0.0477, 'train_acc': 0.9825, 'task_loss': (0.0155, 0.0322)}
{'epoch': 74, 'train_loss': 0.0469, 'train_acc': 0.98, 'task_loss': (0.013, 0.0339)}
{'epoch': 75, 'train_loss': 0.0567, 'train_acc': 0.975, 'task_loss': (0.0235, 0.0332)}
{'epoch': 76, 'train_loss': 0.0455, 'train_acc': 0.9875, 'task_loss': (0.0059, 0.0396)}
{'epoch': 77, 'train_loss': 0.0369, 'train_acc': 0.9875, 'task_loss': (0.0079, 0.0291)}
{'epoch': 78, 'train_loss': 0.0388, 'train_acc': 0.9775, 'task_loss': (0.0053, 0.0335)}
{'epoch': 79, 'train_loss': 0.0166, 'train_acc': 0.9975, 'task_loss': (0.0029, 0.0137)}
{'epoch': 80, 'train_loss': 0.0505, 'train_acc': 0.98, 'task_loss': (0.0085, 0.0419)}
{'epoch': 81, 'train_loss': 0.0272, 'train_acc': 0.9925, 'task_loss': (0.0103, 0.0169)}
{'epoch': 82, 'train_loss': 0.0353, 'train_acc': 0.9875, 'task_loss': (0.005, 0.0303)}
{'epoch': 83, 'train_loss': 0.0488, 'train_acc': 0.9775, 'task_loss': (0.0168, 0.032)}
{'epoch': 84, 'train_loss': 0.0313, 'train_acc': 0.9925, 'task_loss': (0.0086, 0.0227)}
{'epoch': 85, 'train_loss': 0.0298, 'train_acc': 0.99, 'task_loss': (0.0082, 0.0216)}
{'epoch': 86, 'train_loss': 0.0366, 'train_acc': 0.9875, 'task_loss': (0.0112, 0.0254)}
{'epoch': 87, 'train_loss': 0.0313, 'train_acc': 0.985, 'task_loss': (0.0042, 0.0271)}
{'epoch': 88, 'train_loss': 0.0401, 'train_acc': 0.9775, 'task_loss': (0.0141, 0.026)}
{'epoch': 89, 'train_loss': 0.0386, 'train_acc': 0.985, 'task_loss': (0.0147, 0.0239)}
{'epoch': 90, 'train_loss': 0.0363, 'train_acc': 0.985, 'task_loss': (0.0126, 0.0237)}
{'epoch': 91, 'train_loss': 0.022, 'train_acc': 0.995, 'task_loss': (0.0048, 0.0173)}
{'epoch': 92, 'train_loss': 0.0283, 'train_acc': 0.9875, 'task_loss': (0.0057, 0.0226)}
{'epoch': 93, 'train_loss': 0.0258, 'train_acc': 0.985, 'task_loss': (0.0057, 0.0201)}
{'epoch': 94, 'train_loss': 0.0182, 'train_acc': 0.9975, 'task_loss': (0.0039, 0.0144)}
{'epoch': 95, 'train_loss': 0.057, 'train_acc': 0.9825, 'task_loss': (0.0193, 0.0377)}
{'epoch': 96, 'train_loss': 0.0275, 'train_acc': 0.995, 'task_loss': (0.0091, 0.0185)}
{'epoch': 97, 'train_loss': 0.0303, 'train_acc': 0.99, 'task_loss': (0.0081, 0.0221)}
{'epoch': 98, 'train_loss': 0.0313, 'train_acc': 0.9825, 'task_loss': (0.009, 0.0223)}
{'epoch': 99, 'train_loss': 0.0289, 'train_acc': 0.9925, 'task_loss': (0.0043, 0.0246)}
{'epoch': 100, 'train_loss': 0.0172, 'train_acc': 1.0, 'task_loss': (0.0039, 0.0133)}
{'run_num': 8, 'final_test_err': 0.12724999999999997}
Files already downloaded and verified
Files already downloaded and verified
{'epoch': 1, 'train_loss': 0.7604, 'train_acc': 0.625, 'task_loss': (0.4122, 0.3482)}
{'epoch': 2, 'train_loss': 0.6895, 'train_acc': 0.6825, 'task_loss': (0.35, 0.3396)}
{'epoch': 3, 'train_loss': 0.5618, 'train_acc': 0.7575, 'task_loss': (0.2779, 0.2839)}
{'epoch': 4, 'train_loss': 0.4997, 'train_acc': 0.7725, 'task_loss': (0.2241, 0.2756)}
{'epoch': 5, 'train_loss': 0.5296, 'train_acc': 0.7575, 'task_loss': (0.2516, 0.278)}
{'epoch': 6, 'train_loss': 0.5727, 'train_acc': 0.7575, 'task_loss': (0.281, 0.2916)}
{'epoch': 7, 'train_loss': 0.3721, 'train_acc': 0.82, 'task_loss': (0.1593, 0.2128)}
{'epoch': 8, 'train_loss': 0.434, 'train_acc': 0.815, 'task_loss': (0.2098, 0.2243)}
{'epoch': 9, 'train_loss': 0.412, 'train_acc': 0.7925, 'task_loss': (0.1616, 0.2505)}
{'epoch': 10, 'train_loss': 0.3672, 'train_acc': 0.8, 'task_loss': (0.1015, 0.2658)}
{'epoch': 11, 'train_loss': 0.4337, 'train_acc': 0.8275, 'task_loss': (0.2129, 0.2208)}
{'epoch': 12, 'train_loss': 0.4851, 'train_acc': 0.83, 'task_loss': (0.237, 0.2481)}
{'epoch': 13, 'train_loss': 0.5134, 'train_acc': 0.7725, 'task_loss': (0.2476, 0.2658)}
{'epoch': 14, 'train_loss': 0.4391, 'train_acc': 0.795, 'task_loss': (0.199, 0.2401)}
{'epoch': 15, 'train_loss': 0.3205, 'train_acc': 0.8475, 'task_loss': (0.1165, 0.204)}
{'epoch': 16, 'train_loss': 0.3066, 'train_acc': 0.86, 'task_loss': (0.1084, 0.1982)}
{'epoch': 17, 'train_loss': 0.2781, 'train_acc': 0.8825, 'task_loss': (0.1163, 0.1619)}
{'epoch': 18, 'train_loss': 0.4002, 'train_acc': 0.82, 'task_loss': (0.1443, 0.2559)}
{'epoch': 19, 'train_loss': 0.2987, 'train_acc': 0.8775, 'task_loss': (0.1084, 0.1903)}
{'epoch': 20, 'train_loss': 0.2735, 'train_acc': 0.865, 'task_loss': (0.1011, 0.1725)}
{'epoch': 21, 'train_loss': 0.3334, 'train_acc': 0.87, 'task_loss': (0.1519, 0.1815)}
{'epoch': 22, 'train_loss': 0.3237, 'train_acc': 0.8375, 'task_loss': (0.1286, 0.1951)}
{'epoch': 23, 'train_loss': 0.2949, 'train_acc': 0.86, 'task_loss': (0.1166, 0.1783)}
{'epoch': 24, 'train_loss': 0.2833, 'train_acc': 0.8775, 'task_loss': (0.1296, 0.1538)}
{'epoch': 25, 'train_loss': 0.4088, 'train_acc': 0.835, 'task_loss': (0.177, 0.2318)}
{'epoch': 26, 'train_loss': 0.2222, 'train_acc': 0.915, 'task_loss': (0.0934, 0.1288)}
{'epoch': 27, 'train_loss': 0.2445, 'train_acc': 0.885, 'task_loss': (0.0887, 0.1558)}
{'epoch': 28, 'train_loss': 0.2281, 'train_acc': 0.895, 'task_loss': (0.0986, 0.1295)}
{'epoch': 29, 'train_loss': 0.2338, 'train_acc': 0.9, 'task_loss': (0.1024, 0.1315)}
{'epoch': 30, 'train_loss': 0.1966, 'train_acc': 0.9075, 'task_loss': (0.0752, 0.1213)}
{'epoch': 31, 'train_loss': 0.1875, 'train_acc': 0.9175, 'task_loss': (0.0442, 0.1433)}
{'epoch': 32, 'train_loss': 0.2058, 'train_acc': 0.8975, 'task_loss': (0.0729, 0.1329)}
{'epoch': 33, 'train_loss': 0.1982, 'train_acc': 0.91, 'task_loss': (0.0713, 0.1269)}
{'epoch': 34, 'train_loss': 0.2637, 'train_acc': 0.8875, 'task_loss': (0.1204, 0.1433)}
{'epoch': 35, 'train_loss': 0.2132, 'train_acc': 0.8925, 'task_loss': (0.047, 0.1662)}
{'epoch': 36, 'train_loss': 0.2029, 'train_acc': 0.905, 'task_loss': (0.0791, 0.1238)}
{'epoch': 37, 'train_loss': 0.136, 'train_acc': 0.955, 'task_loss': (0.0497, 0.0863)}
{'epoch': 38, 'train_loss': 0.1391, 'train_acc': 0.9325, 'task_loss': (0.0637, 0.0754)}
{'epoch': 39, 'train_loss': 0.168, 'train_acc': 0.905, 'task_loss': (0.0594, 0.1086)}
{'epoch': 40, 'train_loss': 0.1731, 'train_acc': 0.925, 'task_loss': (0.055, 0.118)}
{'epoch': 41, 'train_loss': 0.1413, 'train_acc': 0.9325, 'task_loss': (0.052, 0.0893)}
{'epoch': 42, 'train_loss': 0.1157, 'train_acc': 0.9425, 'task_loss': (0.0394, 0.0763)}
{'epoch': 43, 'train_loss': 0.1342, 'train_acc': 0.94, 'task_loss': (0.0379, 0.0963)}
{'epoch': 44, 'train_loss': 0.1366, 'train_acc': 0.9225, 'task_loss': (0.0372, 0.0994)}
{'epoch': 45, 'train_loss': 0.1025, 'train_acc': 0.945, 'task_loss': (0.0282, 0.0742)}
{'epoch': 46, 'train_loss': 0.0839, 'train_acc': 0.97, 'task_loss': (0.0327, 0.0512)}
{'epoch': 47, 'train_loss': 0.1573, 'train_acc': 0.93, 'task_loss': (0.054, 0.1033)}
{'epoch': 48, 'train_loss': 0.1222, 'train_acc': 0.945, 'task_loss': (0.03, 0.0922)}
{'epoch': 49, 'train_loss': 0.1602, 'train_acc': 0.93, 'task_loss': (0.0624, 0.0978)}
{'epoch': 50, 'train_loss': 0.1, 'train_acc': 0.95, 'task_loss': (0.0167, 0.0833)}
{'epoch': 51, 'train_loss': 0.1114, 'train_acc': 0.955, 'task_loss': (0.0433, 0.0681)}
{'epoch': 52, 'train_loss': 0.1314, 'train_acc': 0.9425, 'task_loss': (0.0534, 0.078)}
{'epoch': 53, 'train_loss': 0.0663, 'train_acc': 0.9725, 'task_loss': (0.0111, 0.0553)}
{'epoch': 54, 'train_loss': 0.1067, 'train_acc': 0.9425, 'task_loss': (0.0304, 0.0763)}
{'epoch': 55, 'train_loss': 0.085, 'train_acc': 0.9575, 'task_loss': (0.0167, 0.0683)}
{'epoch': 56, 'train_loss': 0.1063, 'train_acc': 0.9525, 'task_loss': (0.0215, 0.0849)}
{'epoch': 57, 'train_loss': 0.0682, 'train_acc': 0.97, 'task_loss': (0.0187, 0.0494)}
{'epoch': 58, 'train_loss': 0.0961, 'train_acc': 0.9575, 'task_loss': (0.0265, 0.0697)}
{'epoch': 59, 'train_loss': 0.0419, 'train_acc': 0.9825, 'task_loss': (0.0078, 0.0342)}
{'epoch': 60, 'train_loss': 0.0692, 'train_acc': 0.9775, 'task_loss': (0.0303, 0.0389)}
{'epoch': 61, 'train_loss': 0.073, 'train_acc': 0.975, 'task_loss': (0.0169, 0.0561)}
{'epoch': 62, 'train_loss': 0.0696, 'train_acc': 0.9675, 'task_loss': (0.0116, 0.0581)}
{'epoch': 63, 'train_loss': 0.0413, 'train_acc': 0.9825, 'task_loss': (0.0045, 0.0368)}
{'epoch': 64, 'train_loss': 0.0455, 'train_acc': 0.98, 'task_loss': (0.0083, 0.0372)}
{'epoch': 65, 'train_loss': 0.066, 'train_acc': 0.965, 'task_loss': (0.0279, 0.0381)}
{'epoch': 66, 'train_loss': 0.0603, 'train_acc': 0.975, 'task_loss': (0.0099, 0.0504)}
{'epoch': 67, 'train_loss': 0.0574, 'train_acc': 0.975, 'task_loss': (0.0196, 0.0378)}
{'epoch': 68, 'train_loss': 0.0363, 'train_acc': 0.985, 'task_loss': (0.0079, 0.0284)}
{'epoch': 69, 'train_loss': 0.0464, 'train_acc': 0.9775, 'task_loss': (0.0088, 0.0376)}
{'epoch': 70, 'train_loss': 0.0289, 'train_acc': 0.9875, 'task_loss': (0.0052, 0.0237)}
{'epoch': 71, 'train_loss': 0.0516, 'train_acc': 0.975, 'task_loss': (0.0061, 0.0454)}
{'epoch': 72, 'train_loss': 0.0415, 'train_acc': 0.98, 'task_loss': (0.0096, 0.0319)}
{'epoch': 73, 'train_loss': 0.0391, 'train_acc': 0.9875, 'task_loss': (0.0094, 0.0297)}
{'epoch': 74, 'train_loss': 0.0337, 'train_acc': 0.985, 'task_loss': (0.0058, 0.0279)}
{'epoch': 75, 'train_loss': 0.0267, 'train_acc': 0.9925, 'task_loss': (0.0088, 0.0179)}
{'epoch': 76, 'train_loss': 0.0457, 'train_acc': 0.9875, 'task_loss': (0.0168, 0.0289)}
{'epoch': 77, 'train_loss': 0.0368, 'train_acc': 0.985, 'task_loss': (0.006, 0.0308)}
{'epoch': 78, 'train_loss': 0.0338, 'train_acc': 0.9875, 'task_loss': (0.0043, 0.0294)}
{'epoch': 79, 'train_loss': 0.0301, 'train_acc': 0.99, 'task_loss': (0.0097, 0.0204)}
{'epoch': 80, 'train_loss': 0.0279, 'train_acc': 0.9925, 'task_loss': (0.0063, 0.0216)}
{'epoch': 81, 'train_loss': 0.0362, 'train_acc': 0.9775, 'task_loss': (0.0064, 0.0299)}
{'epoch': 82, 'train_loss': 0.0538, 'train_acc': 0.98, 'task_loss': (0.0227, 0.0311)}
{'epoch': 83, 'train_loss': 0.0325, 'train_acc': 0.9875, 'task_loss': (0.0067, 0.0258)}
{'epoch': 84, 'train_loss': 0.0516, 'train_acc': 0.9725, 'task_loss': (0.0147, 0.0369)}
{'epoch': 85, 'train_loss': 0.0461, 'train_acc': 0.975, 'task_loss': (0.0062, 0.0399)}
{'epoch': 86, 'train_loss': 0.0365, 'train_acc': 0.99, 'task_loss': (0.0116, 0.0248)}
{'epoch': 87, 'train_loss': 0.0379, 'train_acc': 0.9875, 'task_loss': (0.015, 0.0228)}
{'epoch': 88, 'train_loss': 0.0496, 'train_acc': 0.9875, 'task_loss': (0.0187, 0.0309)}
{'epoch': 89, 'train_loss': 0.0455, 'train_acc': 0.985, 'task_loss': (0.0157, 0.0298)}
{'epoch': 90, 'train_loss': 0.0325, 'train_acc': 0.99, 'task_loss': (0.0073, 0.0252)}
{'epoch': 91, 'train_loss': 0.0397, 'train_acc': 0.9875, 'task_loss': (0.0118, 0.0279)}
{'epoch': 92, 'train_loss': 0.0269, 'train_acc': 0.995, 'task_loss': (0.0047, 0.0222)}
{'epoch': 93, 'train_loss': 0.0429, 'train_acc': 0.9825, 'task_loss': (0.0086, 0.0343)}
{'epoch': 94, 'train_loss': 0.0213, 'train_acc': 0.9975, 'task_loss': (0.0032, 0.0181)}
{'epoch': 95, 'train_loss': 0.0258, 'train_acc': 0.9925, 'task_loss': (0.0078, 0.0179)}
{'epoch': 96, 'train_loss': 0.0431, 'train_acc': 0.9825, 'task_loss': (0.0125, 0.0306)}
{'epoch': 97, 'train_loss': 0.0336, 'train_acc': 0.9875, 'task_loss': (0.0074, 0.0263)}
{'epoch': 98, 'train_loss': 0.0301, 'train_acc': 0.9875, 'task_loss': (0.0065, 0.0237)}
{'epoch': 99, 'train_loss': 0.0327, 'train_acc': 0.99, 'task_loss': (0.0086, 0.0241)}
{'epoch': 100, 'train_loss': 0.0248, 'train_acc': 0.9925, 'task_loss': (0.0047, 0.0201)}
{'run_num': 9, 'final_test_err': 0.13}
{'avg_err': 0.1299, 'std_err': 0.0042}
