{'deploy': True, 'tag': '02_beta/ta_sampler_loss', 'seed': 10, 'device': 'cuda:0', 'reps': 10, 'loss': {'alpha': 0.5, 'tune_alpha': False, 'group_task_loss': True}, 'task': {'dataset': 'split_cifar10', 'task_map': [[0, 1], [2, 3], [4, 5], [6, 7], [8, 9]], 'target': 0, 'ood': [4], 'augment': False, 'n': 50, 'm_n': 3, 'beta': 'unbiased', 'custom_sampler': True}, 'hp': {'epochs': 100, 'bs': 16, 'lr': 0.01}, 'net': 'conv'}
Files already downloaded and verified
Files already downloaded and verified
{'epoch': 1, 'train_loss': 0.7084, 'train_acc': 0.6775, 'task_loss': (0.3412, 0.3672)}
{'epoch': 2, 'train_loss': 0.5002, 'train_acc': 0.755, 'task_loss': (0.2434, 0.2567)}
{'epoch': 3, 'train_loss': 0.3253, 'train_acc': 0.8575, 'task_loss': (0.1332, 0.1921)}
{'epoch': 4, 'train_loss': 0.2265, 'train_acc': 0.8775, 'task_loss': (0.0627, 0.1638)}
{'epoch': 5, 'train_loss': 0.0987, 'train_acc': 0.9625, 'task_loss': (0.0293, 0.0693)}
{'epoch': 6, 'train_loss': 0.0703, 'train_acc': 0.965, 'task_loss': (0.0185, 0.0518)}
{'epoch': 7, 'train_loss': 0.0378, 'train_acc': 0.99, 'task_loss': (0.01, 0.0278)}
{'epoch': 8, 'train_loss': 0.0202, 'train_acc': 1.0, 'task_loss': (0.0047, 0.0155)}
{'epoch': 9, 'train_loss': 0.0102, 'train_acc': 1.0, 'task_loss': (0.002, 0.0082)}
{'epoch': 10, 'train_loss': 0.0093, 'train_acc': 1.0, 'task_loss': (0.0021, 0.0073)}
{'epoch': 11, 'train_loss': 0.007, 'train_acc': 1.0, 'task_loss': (0.0023, 0.0047)}
{'epoch': 12, 'train_loss': 0.0052, 'train_acc': 1.0, 'task_loss': (0.0007, 0.0045)}
{'epoch': 13, 'train_loss': 0.0031, 'train_acc': 1.0, 'task_loss': (0.0007, 0.0024)}
{'epoch': 14, 'train_loss': 0.0024, 'train_acc': 1.0, 'task_loss': (0.0005, 0.0019)}
{'epoch': 15, 'train_loss': 0.0028, 'train_acc': 1.0, 'task_loss': (0.0008, 0.0021)}
{'epoch': 16, 'train_loss': 0.0015, 'train_acc': 1.0, 'task_loss': (0.0003, 0.0011)}
{'epoch': 17, 'train_loss': 0.0016, 'train_acc': 1.0, 'task_loss': (0.0004, 0.0012)}
{'epoch': 18, 'train_loss': 0.0018, 'train_acc': 1.0, 'task_loss': (0.0003, 0.0015)}
{'epoch': 19, 'train_loss': 0.0016, 'train_acc': 1.0, 'task_loss': (0.0003, 0.0014)}
{'epoch': 20, 'train_loss': 0.0013, 'train_acc': 1.0, 'task_loss': (0.0003, 0.001)}
{'epoch': 21, 'train_loss': 0.0013, 'train_acc': 1.0, 'task_loss': (0.0003, 0.001)}
{'epoch': 22, 'train_loss': 0.0023, 'train_acc': 1.0, 'task_loss': (0.0004, 0.0018)}
{'epoch': 23, 'train_loss': 0.001, 'train_acc': 1.0, 'task_loss': (0.0002, 0.0008)}
{'epoch': 24, 'train_loss': 0.001, 'train_acc': 1.0, 'task_loss': (0.0003, 0.0007)}
{'epoch': 25, 'train_loss': 0.0008, 'train_acc': 1.0, 'task_loss': (0.0002, 0.0006)}
{'epoch': 26, 'train_loss': 0.001, 'train_acc': 1.0, 'task_loss': (0.0003, 0.0007)}
{'epoch': 27, 'train_loss': 0.0008, 'train_acc': 1.0, 'task_loss': (0.0002, 0.0006)}
{'epoch': 28, 'train_loss': 0.0006, 'train_acc': 1.0, 'task_loss': (0.0002, 0.0004)}
{'epoch': 29, 'train_loss': 0.0006, 'train_acc': 1.0, 'task_loss': (1e-04, 0.0005)}
{'epoch': 30, 'train_loss': 0.0008, 'train_acc': 1.0, 'task_loss': (0.0002, 0.0006)}
{'epoch': 31, 'train_loss': 0.0008, 'train_acc': 1.0, 'task_loss': (1e-04, 0.0007)}
{'epoch': 32, 'train_loss': 0.0009, 'train_acc': 1.0, 'task_loss': (0.0002, 0.0007)}
{'epoch': 33, 'train_loss': 0.0006, 'train_acc': 1.0, 'task_loss': (1e-04, 0.0005)}
{'epoch': 34, 'train_loss': 0.0006, 'train_acc': 1.0, 'task_loss': (1e-04, 0.0005)}
{'epoch': 35, 'train_loss': 0.0007, 'train_acc': 1.0, 'task_loss': (1e-04, 0.0006)}
{'epoch': 36, 'train_loss': 0.0006, 'train_acc': 1.0, 'task_loss': (1e-04, 0.0005)}
{'epoch': 37, 'train_loss': 0.0007, 'train_acc': 1.0, 'task_loss': (0.0002, 0.0005)}
{'epoch': 38, 'train_loss': 0.0005, 'train_acc': 1.0, 'task_loss': (0.0002, 0.0004)}
{'epoch': 39, 'train_loss': 0.0006, 'train_acc': 1.0, 'task_loss': (1e-04, 0.0004)}
{'epoch': 40, 'train_loss': 0.0005, 'train_acc': 1.0, 'task_loss': (1e-04, 0.0004)}
{'epoch': 41, 'train_loss': 0.0004, 'train_acc': 1.0, 'task_loss': (1e-04, 0.0003)}
{'epoch': 42, 'train_loss': 0.0006, 'train_acc': 1.0, 'task_loss': (1e-04, 0.0005)}
{'epoch': 43, 'train_loss': 0.0006, 'train_acc': 1.0, 'task_loss': (1e-04, 0.0004)}
{'epoch': 44, 'train_loss': 0.0005, 'train_acc': 1.0, 'task_loss': (1e-04, 0.0004)}
{'epoch': 45, 'train_loss': 0.0006, 'train_acc': 1.0, 'task_loss': (0.0002, 0.0003)}
{'epoch': 46, 'train_loss': 0.0004, 'train_acc': 1.0, 'task_loss': (1e-04, 0.0003)}
{'epoch': 47, 'train_loss': 0.0005, 'train_acc': 1.0, 'task_loss': (1e-04, 0.0004)}
{'epoch': 48, 'train_loss': 0.0005, 'train_acc': 1.0, 'task_loss': (0.0002, 0.0004)}
{'epoch': 49, 'train_loss': 0.0004, 'train_acc': 1.0, 'task_loss': (1e-04, 0.0003)}
{'epoch': 50, 'train_loss': 0.0003, 'train_acc': 1.0, 'task_loss': (1e-04, 0.0003)}
{'epoch': 51, 'train_loss': 0.0005, 'train_acc': 1.0, 'task_loss': (1e-04, 0.0004)}
{'epoch': 52, 'train_loss': 0.0005, 'train_acc': 1.0, 'task_loss': (1e-04, 0.0004)}
{'epoch': 53, 'train_loss': 0.0004, 'train_acc': 1.0, 'task_loss': (1e-04, 0.0003)}
{'epoch': 54, 'train_loss': 0.0004, 'train_acc': 1.0, 'task_loss': (1e-04, 0.0003)}
{'epoch': 55, 'train_loss': 0.0006, 'train_acc': 1.0, 'task_loss': (1e-04, 0.0005)}
{'epoch': 56, 'train_loss': 0.0003, 'train_acc': 1.0, 'task_loss': (1e-04, 0.0003)}
{'epoch': 57, 'train_loss': 0.0003, 'train_acc': 1.0, 'task_loss': (1e-04, 0.0002)}
{'epoch': 58, 'train_loss': 0.0003, 'train_acc': 1.0, 'task_loss': (1e-04, 0.0002)}
{'epoch': 59, 'train_loss': 0.0003, 'train_acc': 1.0, 'task_loss': (1e-04, 0.0002)}
{'epoch': 60, 'train_loss': 0.0004, 'train_acc': 1.0, 'task_loss': (1e-04, 0.0003)}
{'epoch': 61, 'train_loss': 0.0005, 'train_acc': 1.0, 'task_loss': (1e-04, 0.0004)}
{'epoch': 62, 'train_loss': 0.0004, 'train_acc': 1.0, 'task_loss': (1e-04, 0.0004)}
{'epoch': 63, 'train_loss': 0.0003, 'train_acc': 1.0, 'task_loss': (1e-04, 0.0002)}
{'epoch': 64, 'train_loss': 0.0003, 'train_acc': 1.0, 'task_loss': (1e-04, 0.0002)}
{'epoch': 65, 'train_loss': 0.0003, 'train_acc': 1.0, 'task_loss': (1e-04, 0.0002)}
{'epoch': 66, 'train_loss': 0.0003, 'train_acc': 1.0, 'task_loss': (1e-04, 0.0002)}
{'epoch': 67, 'train_loss': 0.0004, 'train_acc': 1.0, 'task_loss': (1e-04, 0.0003)}
{'epoch': 68, 'train_loss': 0.0003, 'train_acc': 1.0, 'task_loss': (1e-04, 0.0002)}
{'epoch': 69, 'train_loss': 0.0004, 'train_acc': 1.0, 'task_loss': (1e-04, 0.0003)}
{'epoch': 70, 'train_loss': 0.0004, 'train_acc': 1.0, 'task_loss': (1e-04, 0.0003)}
{'epoch': 71, 'train_loss': 0.0003, 'train_acc': 1.0, 'task_loss': (1e-04, 0.0003)}
{'epoch': 72, 'train_loss': 0.0003, 'train_acc': 1.0, 'task_loss': (1e-04, 0.0002)}
{'epoch': 73, 'train_loss': 0.0003, 'train_acc': 1.0, 'task_loss': (1e-04, 0.0002)}
{'epoch': 74, 'train_loss': 0.0003, 'train_acc': 1.0, 'task_loss': (1e-04, 0.0002)}
{'epoch': 75, 'train_loss': 0.0003, 'train_acc': 1.0, 'task_loss': (1e-04, 0.0002)}
{'epoch': 76, 'train_loss': 0.0003, 'train_acc': 1.0, 'task_loss': (1e-04, 0.0002)}
{'epoch': 77, 'train_loss': 0.0004, 'train_acc': 1.0, 'task_loss': (1e-04, 0.0003)}
{'epoch': 78, 'train_loss': 0.0003, 'train_acc': 1.0, 'task_loss': (1e-04, 0.0002)}
{'epoch': 79, 'train_loss': 0.0003, 'train_acc': 1.0, 'task_loss': (1e-04, 0.0002)}
{'epoch': 80, 'train_loss': 0.0004, 'train_acc': 1.0, 'task_loss': (1e-04, 0.0003)}
{'epoch': 81, 'train_loss': 0.0003, 'train_acc': 1.0, 'task_loss': (0.0, 0.0003)}
{'epoch': 82, 'train_loss': 0.0004, 'train_acc': 1.0, 'task_loss': (1e-04, 0.0002)}
{'epoch': 83, 'train_loss': 0.0005, 'train_acc': 1.0, 'task_loss': (1e-04, 0.0003)}
{'epoch': 84, 'train_loss': 0.0003, 'train_acc': 1.0, 'task_loss': (1e-04, 0.0002)}
{'epoch': 85, 'train_loss': 0.0003, 'train_acc': 1.0, 'task_loss': (1e-04, 0.0002)}
{'epoch': 86, 'train_loss': 0.0003, 'train_acc': 1.0, 'task_loss': (1e-04, 0.0003)}
{'epoch': 87, 'train_loss': 0.0003, 'train_acc': 1.0, 'task_loss': (1e-04, 0.0002)}
{'epoch': 88, 'train_loss': 0.0003, 'train_acc': 1.0, 'task_loss': (1e-04, 0.0003)}
{'epoch': 89, 'train_loss': 0.0005, 'train_acc': 1.0, 'task_loss': (1e-04, 0.0003)}
{'epoch': 90, 'train_loss': 0.0004, 'train_acc': 1.0, 'task_loss': (1e-04, 0.0003)}
{'epoch': 91, 'train_loss': 0.0003, 'train_acc': 1.0, 'task_loss': (1e-04, 0.0002)}
{'epoch': 92, 'train_loss': 0.0004, 'train_acc': 1.0, 'task_loss': (1e-04, 0.0003)}
{'epoch': 93, 'train_loss': 0.0003, 'train_acc': 1.0, 'task_loss': (1e-04, 0.0002)}
{'epoch': 94, 'train_loss': 0.0004, 'train_acc': 1.0, 'task_loss': (1e-04, 0.0003)}
{'epoch': 95, 'train_loss': 0.0003, 'train_acc': 1.0, 'task_loss': (1e-04, 0.0002)}
{'epoch': 96, 'train_loss': 0.0004, 'train_acc': 1.0, 'task_loss': (1e-04, 0.0003)}
{'epoch': 97, 'train_loss': 0.0003, 'train_acc': 1.0, 'task_loss': (1e-04, 0.0002)}
{'epoch': 98, 'train_loss': 0.0004, 'train_acc': 1.0, 'task_loss': (1e-04, 0.0003)}
{'epoch': 99, 'train_loss': 0.0003, 'train_acc': 1.0, 'task_loss': (1e-04, 0.0003)}
{'epoch': 100, 'train_loss': 0.0003, 'train_acc': 1.0, 'task_loss': (1e-04, 0.0002)}
{'run_num': 0, 'final_test_err': 0.18700000000000006}
Files already downloaded and verified
Files already downloaded and verified
{'epoch': 1, 'train_loss': 0.7911, 'train_acc': 0.64, 'task_loss': (0.4177, 0.3735)}
{'epoch': 2, 'train_loss': 0.4848, 'train_acc': 0.7775, 'task_loss': (0.2243, 0.2605)}
{'epoch': 3, 'train_loss': 0.3362, 'train_acc': 0.8375, 'task_loss': (0.1373, 0.1989)}
{'epoch': 4, 'train_loss': 0.2605, 'train_acc': 0.8775, 'task_loss': (0.1072, 0.1533)}
{'epoch': 5, 'train_loss': 0.174, 'train_acc': 0.925, 'task_loss': (0.0642, 0.1098)}
{'epoch': 6, 'train_loss': 0.098, 'train_acc': 0.96, 'task_loss': (0.0341, 0.0639)}
{'epoch': 7, 'train_loss': 0.0418, 'train_acc': 0.99, 'task_loss': (0.0061, 0.0357)}
{'epoch': 8, 'train_loss': 0.0165, 'train_acc': 0.9975, 'task_loss': (0.0031, 0.0134)}
{'epoch': 9, 'train_loss': 0.0134, 'train_acc': 0.995, 'task_loss': (0.0022, 0.0112)}
{'epoch': 10, 'train_loss': 0.0076, 'train_acc': 1.0, 'task_loss': (0.0014, 0.0062)}
{'epoch': 11, 'train_loss': 0.0073, 'train_acc': 1.0, 'task_loss': (0.0011, 0.0062)}
{'epoch': 12, 'train_loss': 0.0036, 'train_acc': 1.0, 'task_loss': (0.0008, 0.0028)}
{'epoch': 13, 'train_loss': 0.0031, 'train_acc': 1.0, 'task_loss': (0.0006, 0.0025)}
{'epoch': 14, 'train_loss': 0.0036, 'train_acc': 1.0, 'task_loss': (0.001, 0.0026)}
{'epoch': 15, 'train_loss': 0.0026, 'train_acc': 1.0, 'task_loss': (0.0008, 0.0017)}
{'epoch': 16, 'train_loss': 0.002, 'train_acc': 1.0, 'task_loss': (0.0005, 0.0015)}
{'epoch': 17, 'train_loss': 0.0026, 'train_acc': 1.0, 'task_loss': (0.0005, 0.0021)}
{'epoch': 18, 'train_loss': 0.0019, 'train_acc': 1.0, 'task_loss': (0.0003, 0.0015)}
{'epoch': 19, 'train_loss': 0.0025, 'train_acc': 1.0, 'task_loss': (0.0005, 0.002)}
{'epoch': 20, 'train_loss': 0.0015, 'train_acc': 1.0, 'task_loss': (0.0003, 0.0012)}
{'epoch': 21, 'train_loss': 0.0012, 'train_acc': 1.0, 'task_loss': (0.0003, 0.0009)}
{'epoch': 22, 'train_loss': 0.001, 'train_acc': 1.0, 'task_loss': (0.0002, 0.0008)}
{'epoch': 23, 'train_loss': 0.001, 'train_acc': 1.0, 'task_loss': (0.0002, 0.0007)}
{'epoch': 24, 'train_loss': 0.0008, 'train_acc': 1.0, 'task_loss': (0.0002, 0.0006)}
{'epoch': 25, 'train_loss': 0.0008, 'train_acc': 1.0, 'task_loss': (0.0002, 0.0007)}
{'epoch': 26, 'train_loss': 0.0009, 'train_acc': 1.0, 'task_loss': (0.0002, 0.0007)}
{'epoch': 27, 'train_loss': 0.0009, 'train_acc': 1.0, 'task_loss': (0.0003, 0.0007)}
{'epoch': 28, 'train_loss': 0.0007, 'train_acc': 1.0, 'task_loss': (0.0002, 0.0006)}
{'epoch': 29, 'train_loss': 0.0011, 'train_acc': 1.0, 'task_loss': (0.0002, 0.0008)}
{'epoch': 30, 'train_loss': 0.0008, 'train_acc': 1.0, 'task_loss': (0.0003, 0.0005)}
{'epoch': 31, 'train_loss': 0.001, 'train_acc': 1.0, 'task_loss': (0.0004, 0.0006)}
{'epoch': 32, 'train_loss': 0.0007, 'train_acc': 1.0, 'task_loss': (0.0002, 0.0005)}
{'epoch': 33, 'train_loss': 0.0008, 'train_acc': 1.0, 'task_loss': (0.0002, 0.0005)}
{'epoch': 34, 'train_loss': 0.0006, 'train_acc': 1.0, 'task_loss': (1e-04, 0.0005)}
{'epoch': 35, 'train_loss': 0.0006, 'train_acc': 1.0, 'task_loss': (1e-04, 0.0005)}
{'epoch': 36, 'train_loss': 0.0008, 'train_acc': 1.0, 'task_loss': (1e-04, 0.0007)}
{'epoch': 37, 'train_loss': 0.0006, 'train_acc': 1.0, 'task_loss': (1e-04, 0.0005)}
{'epoch': 38, 'train_loss': 0.0005, 'train_acc': 1.0, 'task_loss': (1e-04, 0.0004)}
{'epoch': 39, 'train_loss': 0.0004, 'train_acc': 1.0, 'task_loss': (1e-04, 0.0003)}
{'epoch': 40, 'train_loss': 0.0006, 'train_acc': 1.0, 'task_loss': (1e-04, 0.0004)}
{'epoch': 41, 'train_loss': 0.0007, 'train_acc': 1.0, 'task_loss': (0.0002, 0.0005)}
{'epoch': 42, 'train_loss': 0.0004, 'train_acc': 1.0, 'task_loss': (1e-04, 0.0004)}
{'epoch': 43, 'train_loss': 0.0005, 'train_acc': 1.0, 'task_loss': (1e-04, 0.0004)}
{'epoch': 44, 'train_loss': 0.0006, 'train_acc': 1.0, 'task_loss': (1e-04, 0.0004)}
{'epoch': 45, 'train_loss': 0.0005, 'train_acc': 1.0, 'task_loss': (1e-04, 0.0004)}
{'epoch': 46, 'train_loss': 0.0006, 'train_acc': 1.0, 'task_loss': (1e-04, 0.0005)}
{'epoch': 47, 'train_loss': 0.0005, 'train_acc': 1.0, 'task_loss': (1e-04, 0.0004)}
{'epoch': 48, 'train_loss': 0.0004, 'train_acc': 1.0, 'task_loss': (1e-04, 0.0003)}
{'epoch': 49, 'train_loss': 0.0005, 'train_acc': 1.0, 'task_loss': (1e-04, 0.0004)}
{'epoch': 50, 'train_loss': 0.0004, 'train_acc': 1.0, 'task_loss': (1e-04, 0.0003)}
{'epoch': 51, 'train_loss': 0.0005, 'train_acc': 1.0, 'task_loss': (1e-04, 0.0004)}
{'epoch': 52, 'train_loss': 0.0004, 'train_acc': 1.0, 'task_loss': (1e-04, 0.0003)}
{'epoch': 53, 'train_loss': 0.0005, 'train_acc': 1.0, 'task_loss': (1e-04, 0.0004)}
{'epoch': 54, 'train_loss': 0.0003, 'train_acc': 1.0, 'task_loss': (1e-04, 0.0003)}
{'epoch': 55, 'train_loss': 0.0004, 'train_acc': 1.0, 'task_loss': (1e-04, 0.0003)}
{'epoch': 56, 'train_loss': 0.0006, 'train_acc': 1.0, 'task_loss': (0.0002, 0.0004)}
{'epoch': 57, 'train_loss': 0.0004, 'train_acc': 1.0, 'task_loss': (1e-04, 0.0003)}
{'epoch': 58, 'train_loss': 0.0004, 'train_acc': 1.0, 'task_loss': (1e-04, 0.0003)}
{'epoch': 59, 'train_loss': 0.0004, 'train_acc': 1.0, 'task_loss': (1e-04, 0.0003)}
{'epoch': 60, 'train_loss': 0.0004, 'train_acc': 1.0, 'task_loss': (1e-04, 0.0004)}
{'epoch': 61, 'train_loss': 0.0005, 'train_acc': 1.0, 'task_loss': (1e-04, 0.0004)}
{'epoch': 62, 'train_loss': 0.0006, 'train_acc': 1.0, 'task_loss': (1e-04, 0.0005)}
{'epoch': 63, 'train_loss': 0.0003, 'train_acc': 1.0, 'task_loss': (1e-04, 0.0003)}
{'epoch': 64, 'train_loss': 0.0004, 'train_acc': 1.0, 'task_loss': (1e-04, 0.0003)}
{'epoch': 65, 'train_loss': 0.0004, 'train_acc': 1.0, 'task_loss': (1e-04, 0.0003)}
{'epoch': 66, 'train_loss': 0.0004, 'train_acc': 1.0, 'task_loss': (1e-04, 0.0003)}
{'epoch': 67, 'train_loss': 0.0004, 'train_acc': 1.0, 'task_loss': (1e-04, 0.0003)}
{'epoch': 68, 'train_loss': 0.0003, 'train_acc': 1.0, 'task_loss': (1e-04, 0.0002)}
{'epoch': 69, 'train_loss': 0.0003, 'train_acc': 1.0, 'task_loss': (1e-04, 0.0002)}
{'epoch': 70, 'train_loss': 0.0004, 'train_acc': 1.0, 'task_loss': (1e-04, 0.0003)}
{'epoch': 71, 'train_loss': 0.0005, 'train_acc': 1.0, 'task_loss': (1e-04, 0.0004)}
{'epoch': 72, 'train_loss': 0.0005, 'train_acc': 1.0, 'task_loss': (1e-04, 0.0004)}
{'epoch': 73, 'train_loss': 0.0003, 'train_acc': 1.0, 'task_loss': (1e-04, 0.0002)}
{'epoch': 74, 'train_loss': 0.0005, 'train_acc': 1.0, 'task_loss': (1e-04, 0.0004)}
{'epoch': 75, 'train_loss': 0.0003, 'train_acc': 1.0, 'task_loss': (1e-04, 0.0002)}
{'epoch': 76, 'train_loss': 0.0004, 'train_acc': 1.0, 'task_loss': (1e-04, 0.0003)}
{'epoch': 77, 'train_loss': 0.0003, 'train_acc': 1.0, 'task_loss': (1e-04, 0.0003)}
{'epoch': 78, 'train_loss': 0.0004, 'train_acc': 1.0, 'task_loss': (1e-04, 0.0003)}
{'epoch': 79, 'train_loss': 0.0004, 'train_acc': 1.0, 'task_loss': (1e-04, 0.0003)}
{'epoch': 80, 'train_loss': 0.0003, 'train_acc': 1.0, 'task_loss': (0.0, 0.0002)}
{'epoch': 81, 'train_loss': 0.0004, 'train_acc': 1.0, 'task_loss': (1e-04, 0.0003)}
{'epoch': 82, 'train_loss': 0.0004, 'train_acc': 1.0, 'task_loss': (1e-04, 0.0003)}
{'epoch': 83, 'train_loss': 0.0003, 'train_acc': 1.0, 'task_loss': (0.0, 0.0003)}
{'epoch': 84, 'train_loss': 0.0003, 'train_acc': 1.0, 'task_loss': (1e-04, 0.0002)}
{'epoch': 85, 'train_loss': 0.0003, 'train_acc': 1.0, 'task_loss': (1e-04, 0.0002)}
{'epoch': 86, 'train_loss': 0.0004, 'train_acc': 1.0, 'task_loss': (1e-04, 0.0003)}
{'epoch': 87, 'train_loss': 0.0003, 'train_acc': 1.0, 'task_loss': (1e-04, 0.0003)}
{'epoch': 88, 'train_loss': 0.0003, 'train_acc': 1.0, 'task_loss': (1e-04, 0.0002)}
{'epoch': 89, 'train_loss': 0.0004, 'train_acc': 1.0, 'task_loss': (1e-04, 0.0003)}
{'epoch': 90, 'train_loss': 0.0003, 'train_acc': 1.0, 'task_loss': (1e-04, 0.0002)}
{'epoch': 91, 'train_loss': 0.0005, 'train_acc': 1.0, 'task_loss': (1e-04, 0.0003)}
{'epoch': 92, 'train_loss': 0.0005, 'train_acc': 1.0, 'task_loss': (1e-04, 0.0005)}
{'epoch': 93, 'train_loss': 0.0004, 'train_acc': 1.0, 'task_loss': (1e-04, 0.0003)}
{'epoch': 94, 'train_loss': 0.0003, 'train_acc': 1.0, 'task_loss': (1e-04, 0.0002)}
{'epoch': 95, 'train_loss': 0.0003, 'train_acc': 1.0, 'task_loss': (1e-04, 0.0002)}
{'epoch': 96, 'train_loss': 0.0003, 'train_acc': 1.0, 'task_loss': (1e-04, 0.0002)}
{'epoch': 97, 'train_loss': 0.0003, 'train_acc': 1.0, 'task_loss': (0.0, 0.0002)}
{'epoch': 98, 'train_loss': 0.0003, 'train_acc': 1.0, 'task_loss': (1e-04, 0.0002)}
{'epoch': 99, 'train_loss': 0.0005, 'train_acc': 1.0, 'task_loss': (1e-04, 0.0003)}
{'epoch': 100, 'train_loss': 0.0003, 'train_acc': 1.0, 'task_loss': (1e-04, 0.0002)}
{'run_num': 1, 'final_test_err': 0.18500000000000005}
Files already downloaded and verified
Files already downloaded and verified
{'epoch': 1, 'train_loss': 0.7825, 'train_acc': 0.6225, 'task_loss': (0.3713, 0.4112)}
{'epoch': 2, 'train_loss': 0.5801, 'train_acc': 0.7275, 'task_loss': (0.2848, 0.2953)}
{'epoch': 3, 'train_loss': 0.3288, 'train_acc': 0.835, 'task_loss': (0.1458, 0.1829)}
{'epoch': 4, 'train_loss': 0.2627, 'train_acc': 0.8775, 'task_loss': (0.1052, 0.1575)}
{'epoch': 5, 'train_loss': 0.2103, 'train_acc': 0.9025, 'task_loss': (0.0665, 0.1438)}
{'epoch': 6, 'train_loss': 0.1117, 'train_acc': 0.945, 'task_loss': (0.0309, 0.0808)}
{'epoch': 7, 'train_loss': 0.0513, 'train_acc': 0.98, 'task_loss': (0.0092, 0.0421)}
{'epoch': 8, 'train_loss': 0.0293, 'train_acc': 0.99, 'task_loss': (0.0042, 0.0251)}
{'epoch': 9, 'train_loss': 0.0115, 'train_acc': 1.0, 'task_loss': (0.0028, 0.0087)}
{'epoch': 10, 'train_loss': 0.0091, 'train_acc': 1.0, 'task_loss': (0.0022, 0.0069)}
{'epoch': 11, 'train_loss': 0.0067, 'train_acc': 1.0, 'task_loss': (0.0012, 0.0055)}
{'epoch': 12, 'train_loss': 0.0044, 'train_acc': 1.0, 'task_loss': (0.0008, 0.0036)}
{'epoch': 13, 'train_loss': 0.0029, 'train_acc': 1.0, 'task_loss': (0.0007, 0.0022)}
{'epoch': 14, 'train_loss': 0.0028, 'train_acc': 1.0, 'task_loss': (0.0006, 0.0022)}
{'epoch': 15, 'train_loss': 0.0027, 'train_acc': 1.0, 'task_loss': (0.0007, 0.0021)}
{'epoch': 16, 'train_loss': 0.0016, 'train_acc': 1.0, 'task_loss': (0.0004, 0.0012)}
{'epoch': 17, 'train_loss': 0.0029, 'train_acc': 1.0, 'task_loss': (0.0009, 0.002)}
{'epoch': 18, 'train_loss': 0.0014, 'train_acc': 1.0, 'task_loss': (0.0003, 0.0012)}
{'epoch': 19, 'train_loss': 0.0018, 'train_acc': 1.0, 'task_loss': (0.0004, 0.0014)}
{'epoch': 20, 'train_loss': 0.0017, 'train_acc': 1.0, 'task_loss': (0.0004, 0.0012)}
{'epoch': 21, 'train_loss': 0.0017, 'train_acc': 1.0, 'task_loss': (0.0004, 0.0012)}
{'epoch': 22, 'train_loss': 0.0014, 'train_acc': 1.0, 'task_loss': (0.0003, 0.001)}
{'epoch': 23, 'train_loss': 0.001, 'train_acc': 1.0, 'task_loss': (0.0002, 0.0009)}
{'epoch': 24, 'train_loss': 0.001, 'train_acc': 1.0, 'task_loss': (0.0002, 0.0008)}
{'epoch': 25, 'train_loss': 0.0009, 'train_acc': 1.0, 'task_loss': (0.0002, 0.0007)}
{'epoch': 26, 'train_loss': 0.001, 'train_acc': 1.0, 'task_loss': (0.0002, 0.0009)}
{'epoch': 27, 'train_loss': 0.001, 'train_acc': 1.0, 'task_loss': (0.0002, 0.0008)}
{'epoch': 28, 'train_loss': 0.0012, 'train_acc': 1.0, 'task_loss': (0.0003, 0.0009)}
{'epoch': 29, 'train_loss': 0.0009, 'train_acc': 1.0, 'task_loss': (0.0002, 0.0007)}
{'epoch': 30, 'train_loss': 0.001, 'train_acc': 1.0, 'task_loss': (0.0002, 0.0008)}
{'epoch': 31, 'train_loss': 0.0007, 'train_acc': 1.0, 'task_loss': (1e-04, 0.0005)}
{'epoch': 32, 'train_loss': 0.0006, 'train_acc': 1.0, 'task_loss': (1e-04, 0.0005)}
{'epoch': 33, 'train_loss': 0.0007, 'train_acc': 1.0, 'task_loss': (1e-04, 0.0005)}
{'epoch': 34, 'train_loss': 0.0008, 'train_acc': 1.0, 'task_loss': (0.0002, 0.0006)}
{'epoch': 35, 'train_loss': 0.0006, 'train_acc': 1.0, 'task_loss': (0.0002, 0.0005)}
{'epoch': 36, 'train_loss': 0.0006, 'train_acc': 1.0, 'task_loss': (1e-04, 0.0005)}
{'epoch': 37, 'train_loss': 0.0006, 'train_acc': 1.0, 'task_loss': (1e-04, 0.0005)}
{'epoch': 38, 'train_loss': 0.0006, 'train_acc': 1.0, 'task_loss': (0.0002, 0.0005)}
{'epoch': 39, 'train_loss': 0.0006, 'train_acc': 1.0, 'task_loss': (0.0002, 0.0005)}
{'epoch': 40, 'train_loss': 0.0006, 'train_acc': 1.0, 'task_loss': (0.0002, 0.0004)}
{'epoch': 41, 'train_loss': 0.0005, 'train_acc': 1.0, 'task_loss': (1e-04, 0.0004)}
{'epoch': 42, 'train_loss': 0.0007, 'train_acc': 1.0, 'task_loss': (0.0002, 0.0005)}
{'epoch': 43, 'train_loss': 0.0005, 'train_acc': 1.0, 'task_loss': (1e-04, 0.0003)}
{'epoch': 44, 'train_loss': 0.0004, 'train_acc': 1.0, 'task_loss': (1e-04, 0.0004)}
{'epoch': 45, 'train_loss': 0.0006, 'train_acc': 1.0, 'task_loss': (1e-04, 0.0004)}
{'epoch': 46, 'train_loss': 0.0006, 'train_acc': 1.0, 'task_loss': (0.0002, 0.0004)}
{'epoch': 47, 'train_loss': 0.0011, 'train_acc': 1.0, 'task_loss': (1e-04, 0.001)}
{'epoch': 48, 'train_loss': 0.0007, 'train_acc': 1.0, 'task_loss': (0.0002, 0.0005)}
{'epoch': 49, 'train_loss': 0.0006, 'train_acc': 1.0, 'task_loss': (0.0002, 0.0004)}
{'epoch': 50, 'train_loss': 0.0005, 'train_acc': 1.0, 'task_loss': (0.0002, 0.0003)}
{'epoch': 51, 'train_loss': 0.0006, 'train_acc': 1.0, 'task_loss': (1e-04, 0.0004)}
{'epoch': 52, 'train_loss': 0.0005, 'train_acc': 1.0, 'task_loss': (1e-04, 0.0004)}
{'epoch': 53, 'train_loss': 0.0005, 'train_acc': 1.0, 'task_loss': (1e-04, 0.0003)}
{'epoch': 54, 'train_loss': 0.0004, 'train_acc': 1.0, 'task_loss': (1e-04, 0.0003)}
{'epoch': 55, 'train_loss': 0.0005, 'train_acc': 1.0, 'task_loss': (1e-04, 0.0004)}
{'epoch': 56, 'train_loss': 0.0007, 'train_acc': 1.0, 'task_loss': (1e-04, 0.0006)}
{'epoch': 57, 'train_loss': 0.0005, 'train_acc': 1.0, 'task_loss': (1e-04, 0.0004)}
{'epoch': 58, 'train_loss': 0.0004, 'train_acc': 1.0, 'task_loss': (1e-04, 0.0003)}
{'epoch': 59, 'train_loss': 0.0004, 'train_acc': 1.0, 'task_loss': (1e-04, 0.0004)}
{'epoch': 60, 'train_loss': 0.0004, 'train_acc': 1.0, 'task_loss': (1e-04, 0.0003)}
{'epoch': 61, 'train_loss': 0.0005, 'train_acc': 1.0, 'task_loss': (1e-04, 0.0004)}
{'epoch': 62, 'train_loss': 0.0003, 'train_acc': 1.0, 'task_loss': (1e-04, 0.0002)}
{'epoch': 63, 'train_loss': 0.0004, 'train_acc': 1.0, 'task_loss': (1e-04, 0.0003)}
{'epoch': 64, 'train_loss': 0.0004, 'train_acc': 1.0, 'task_loss': (1e-04, 0.0003)}
{'epoch': 65, 'train_loss': 0.0004, 'train_acc': 1.0, 'task_loss': (1e-04, 0.0003)}
{'epoch': 66, 'train_loss': 0.0004, 'train_acc': 1.0, 'task_loss': (1e-04, 0.0003)}
{'epoch': 67, 'train_loss': 0.0005, 'train_acc': 1.0, 'task_loss': (1e-04, 0.0003)}
{'epoch': 68, 'train_loss': 0.0003, 'train_acc': 1.0, 'task_loss': (1e-04, 0.0002)}
{'epoch': 69, 'train_loss': 0.0004, 'train_acc': 1.0, 'task_loss': (1e-04, 0.0003)}
{'epoch': 70, 'train_loss': 0.0005, 'train_acc': 1.0, 'task_loss': (1e-04, 0.0004)}
{'epoch': 71, 'train_loss': 0.0003, 'train_acc': 1.0, 'task_loss': (1e-04, 0.0002)}
{'epoch': 72, 'train_loss': 0.0003, 'train_acc': 1.0, 'task_loss': (1e-04, 0.0002)}
{'epoch': 73, 'train_loss': 0.0004, 'train_acc': 1.0, 'task_loss': (1e-04, 0.0003)}
{'epoch': 74, 'train_loss': 0.0004, 'train_acc': 1.0, 'task_loss': (1e-04, 0.0003)}
{'epoch': 75, 'train_loss': 0.0006, 'train_acc': 1.0, 'task_loss': (1e-04, 0.0004)}
{'epoch': 76, 'train_loss': 0.0004, 'train_acc': 1.0, 'task_loss': (0.0002, 0.0002)}
{'epoch': 77, 'train_loss': 0.0006, 'train_acc': 1.0, 'task_loss': (0.0002, 0.0004)}
{'epoch': 78, 'train_loss': 0.0004, 'train_acc': 1.0, 'task_loss': (1e-04, 0.0003)}
{'epoch': 79, 'train_loss': 0.0003, 'train_acc': 1.0, 'task_loss': (1e-04, 0.0003)}
{'epoch': 80, 'train_loss': 0.0003, 'train_acc': 1.0, 'task_loss': (1e-04, 0.0002)}
{'epoch': 81, 'train_loss': 0.0003, 'train_acc': 1.0, 'task_loss': (1e-04, 0.0002)}
{'epoch': 82, 'train_loss': 0.0003, 'train_acc': 1.0, 'task_loss': (1e-04, 0.0002)}
{'epoch': 83, 'train_loss': 0.0003, 'train_acc': 1.0, 'task_loss': (1e-04, 0.0002)}
{'epoch': 84, 'train_loss': 0.0003, 'train_acc': 1.0, 'task_loss': (1e-04, 0.0002)}
{'epoch': 85, 'train_loss': 0.0008, 'train_acc': 1.0, 'task_loss': (0.0002, 0.0007)}
{'epoch': 86, 'train_loss': 0.0003, 'train_acc': 1.0, 'task_loss': (1e-04, 0.0002)}
{'epoch': 87, 'train_loss': 0.0004, 'train_acc': 1.0, 'task_loss': (1e-04, 0.0003)}
{'epoch': 88, 'train_loss': 0.0003, 'train_acc': 1.0, 'task_loss': (1e-04, 0.0002)}
{'epoch': 89, 'train_loss': 0.0004, 'train_acc': 1.0, 'task_loss': (1e-04, 0.0003)}
{'epoch': 90, 'train_loss': 0.0004, 'train_acc': 1.0, 'task_loss': (1e-04, 0.0003)}
{'epoch': 91, 'train_loss': 0.0005, 'train_acc': 1.0, 'task_loss': (1e-04, 0.0003)}
{'epoch': 92, 'train_loss': 0.0003, 'train_acc': 1.0, 'task_loss': (1e-04, 0.0002)}
{'epoch': 93, 'train_loss': 0.0004, 'train_acc': 1.0, 'task_loss': (1e-04, 0.0003)}
{'epoch': 94, 'train_loss': 0.0005, 'train_acc': 1.0, 'task_loss': (1e-04, 0.0004)}
{'epoch': 95, 'train_loss': 0.0005, 'train_acc': 1.0, 'task_loss': (1e-04, 0.0004)}
{'epoch': 96, 'train_loss': 0.0003, 'train_acc': 1.0, 'task_loss': (1e-04, 0.0003)}
{'epoch': 97, 'train_loss': 0.0004, 'train_acc': 1.0, 'task_loss': (1e-04, 0.0002)}
{'epoch': 98, 'train_loss': 0.0005, 'train_acc': 1.0, 'task_loss': (1e-04, 0.0003)}
{'epoch': 99, 'train_loss': 0.0005, 'train_acc': 1.0, 'task_loss': (1e-04, 0.0004)}
{'epoch': 100, 'train_loss': 0.0004, 'train_acc': 1.0, 'task_loss': (1e-04, 0.0003)}
{'run_num': 2, 'final_test_err': 0.18799999999999994}
Files already downloaded and verified
Files already downloaded and verified
{'epoch': 1, 'train_loss': 0.6748, 'train_acc': 0.6325, 'task_loss': (0.297, 0.3779)}
{'epoch': 2, 'train_loss': 0.5238, 'train_acc': 0.765, 'task_loss': (0.2508, 0.273)}
{'epoch': 3, 'train_loss': 0.3015, 'train_acc': 0.87, 'task_loss': (0.1264, 0.1751)}
{'epoch': 4, 'train_loss': 0.1901, 'train_acc': 0.895, 'task_loss': (0.051, 0.1392)}
{'epoch': 5, 'train_loss': 0.1181, 'train_acc': 0.95, 'task_loss': (0.0299, 0.0881)}
{'epoch': 6, 'train_loss': 0.094, 'train_acc': 0.955, 'task_loss': (0.0193, 0.0747)}
{'epoch': 7, 'train_loss': 0.0408, 'train_acc': 0.995, 'task_loss': (0.0128, 0.028)}
{'epoch': 8, 'train_loss': 0.0193, 'train_acc': 0.995, 'task_loss': (0.0033, 0.016)}
{'epoch': 9, 'train_loss': 0.0103, 'train_acc': 1.0, 'task_loss': (0.0023, 0.008)}
{'epoch': 10, 'train_loss': 0.005, 'train_acc': 1.0, 'task_loss': (0.0012, 0.0038)}
{'epoch': 11, 'train_loss': 0.0061, 'train_acc': 1.0, 'task_loss': (0.0014, 0.0048)}
{'epoch': 12, 'train_loss': 0.0039, 'train_acc': 1.0, 'task_loss': (0.0008, 0.0031)}
{'epoch': 13, 'train_loss': 0.0041, 'train_acc': 1.0, 'task_loss': (0.0012, 0.0029)}
{'epoch': 14, 'train_loss': 0.0106, 'train_acc': 0.995, 'task_loss': (0.0021, 0.0085)}
{'epoch': 15, 'train_loss': 0.0047, 'train_acc': 1.0, 'task_loss': (0.0007, 0.004)}
{'epoch': 16, 'train_loss': 0.0032, 'train_acc': 1.0, 'task_loss': (0.0007, 0.0025)}
{'epoch': 17, 'train_loss': 0.0027, 'train_acc': 1.0, 'task_loss': (0.0005, 0.0021)}
{'epoch': 18, 'train_loss': 0.002, 'train_acc': 1.0, 'task_loss': (0.0004, 0.0017)}
{'epoch': 19, 'train_loss': 0.0018, 'train_acc': 1.0, 'task_loss': (0.0005, 0.0014)}
{'epoch': 20, 'train_loss': 0.0017, 'train_acc': 1.0, 'task_loss': (0.0004, 0.0012)}
{'epoch': 21, 'train_loss': 0.0009, 'train_acc': 1.0, 'task_loss': (0.0002, 0.0007)}
{'epoch': 22, 'train_loss': 0.0013, 'train_acc': 1.0, 'task_loss': (0.0003, 0.001)}
{'epoch': 23, 'train_loss': 0.001, 'train_acc': 1.0, 'task_loss': (0.0003, 0.0008)}
{'epoch': 24, 'train_loss': 0.0009, 'train_acc': 1.0, 'task_loss': (0.0002, 0.0006)}
{'epoch': 25, 'train_loss': 0.0013, 'train_acc': 1.0, 'task_loss': (0.0002, 0.0011)}
{'epoch': 26, 'train_loss': 0.001, 'train_acc': 1.0, 'task_loss': (0.0002, 0.0007)}
{'epoch': 27, 'train_loss': 0.001, 'train_acc': 1.0, 'task_loss': (0.0002, 0.0008)}
{'epoch': 28, 'train_loss': 0.0007, 'train_acc': 1.0, 'task_loss': (0.0002, 0.0005)}
{'epoch': 29, 'train_loss': 0.0006, 'train_acc': 1.0, 'task_loss': (0.0002, 0.0004)}
{'epoch': 30, 'train_loss': 0.0009, 'train_acc': 1.0, 'task_loss': (0.0003, 0.0006)}
{'epoch': 31, 'train_loss': 0.0008, 'train_acc': 1.0, 'task_loss': (1e-04, 0.0007)}
{'epoch': 32, 'train_loss': 0.0008, 'train_acc': 1.0, 'task_loss': (0.0003, 0.0006)}
{'epoch': 33, 'train_loss': 0.0011, 'train_acc': 1.0, 'task_loss': (0.0003, 0.0009)}
{'epoch': 34, 'train_loss': 0.0005, 'train_acc': 1.0, 'task_loss': (0.0002, 0.0004)}
{'epoch': 35, 'train_loss': 0.0006, 'train_acc': 1.0, 'task_loss': (1e-04, 0.0005)}
{'epoch': 36, 'train_loss': 0.0006, 'train_acc': 1.0, 'task_loss': (1e-04, 0.0005)}
{'epoch': 37, 'train_loss': 0.0006, 'train_acc': 1.0, 'task_loss': (1e-04, 0.0004)}
{'epoch': 38, 'train_loss': 0.0007, 'train_acc': 1.0, 'task_loss': (0.0002, 0.0005)}
{'epoch': 39, 'train_loss': 0.0006, 'train_acc': 1.0, 'task_loss': (0.0002, 0.0004)}
{'epoch': 40, 'train_loss': 0.0004, 'train_acc': 1.0, 'task_loss': (1e-04, 0.0003)}
{'epoch': 41, 'train_loss': 0.0008, 'train_acc': 1.0, 'task_loss': (0.0002, 0.0006)}
{'epoch': 42, 'train_loss': 0.0006, 'train_acc': 1.0, 'task_loss': (0.0002, 0.0005)}
{'epoch': 43, 'train_loss': 0.0005, 'train_acc': 1.0, 'task_loss': (1e-04, 0.0004)}
{'epoch': 44, 'train_loss': 0.0004, 'train_acc': 1.0, 'task_loss': (1e-04, 0.0003)}
{'epoch': 45, 'train_loss': 0.0008, 'train_acc': 1.0, 'task_loss': (0.0003, 0.0006)}
{'epoch': 46, 'train_loss': 0.0004, 'train_acc': 1.0, 'task_loss': (1e-04, 0.0003)}
{'epoch': 47, 'train_loss': 0.0005, 'train_acc': 1.0, 'task_loss': (1e-04, 0.0004)}
{'epoch': 48, 'train_loss': 0.0005, 'train_acc': 1.0, 'task_loss': (1e-04, 0.0004)}
{'epoch': 49, 'train_loss': 0.0005, 'train_acc': 1.0, 'task_loss': (0.0002, 0.0003)}
{'epoch': 50, 'train_loss': 0.0004, 'train_acc': 1.0, 'task_loss': (1e-04, 0.0003)}
{'epoch': 51, 'train_loss': 0.0005, 'train_acc': 1.0, 'task_loss': (1e-04, 0.0003)}
{'epoch': 52, 'train_loss': 0.0005, 'train_acc': 1.0, 'task_loss': (1e-04, 0.0004)}
{'epoch': 53, 'train_loss': 0.0005, 'train_acc': 1.0, 'task_loss': (1e-04, 0.0004)}
{'epoch': 54, 'train_loss': 0.0003, 'train_acc': 1.0, 'task_loss': (1e-04, 0.0003)}
{'epoch': 55, 'train_loss': 0.0004, 'train_acc': 1.0, 'task_loss': (1e-04, 0.0003)}
{'epoch': 56, 'train_loss': 0.0003, 'train_acc': 1.0, 'task_loss': (1e-04, 0.0002)}
{'epoch': 57, 'train_loss': 0.0003, 'train_acc': 1.0, 'task_loss': (1e-04, 0.0002)}
{'epoch': 58, 'train_loss': 0.0009, 'train_acc': 1.0, 'task_loss': (0.0002, 0.0007)}
{'epoch': 59, 'train_loss': 0.0004, 'train_acc': 1.0, 'task_loss': (1e-04, 0.0004)}
{'epoch': 60, 'train_loss': 0.0005, 'train_acc': 1.0, 'task_loss': (1e-04, 0.0004)}
{'epoch': 61, 'train_loss': 0.0007, 'train_acc': 1.0, 'task_loss': (0.0002, 0.0005)}
{'epoch': 62, 'train_loss': 0.0005, 'train_acc': 1.0, 'task_loss': (1e-04, 0.0004)}
{'epoch': 63, 'train_loss': 0.0004, 'train_acc': 1.0, 'task_loss': (1e-04, 0.0003)}
{'epoch': 64, 'train_loss': 0.0004, 'train_acc': 1.0, 'task_loss': (1e-04, 0.0003)}
{'epoch': 65, 'train_loss': 0.0004, 'train_acc': 1.0, 'task_loss': (1e-04, 0.0003)}
{'epoch': 66, 'train_loss': 0.0004, 'train_acc': 1.0, 'task_loss': (1e-04, 0.0003)}
{'epoch': 67, 'train_loss': 0.0003, 'train_acc': 1.0, 'task_loss': (1e-04, 0.0002)}
{'epoch': 68, 'train_loss': 0.0003, 'train_acc': 1.0, 'task_loss': (1e-04, 0.0002)}
{'epoch': 69, 'train_loss': 0.0004, 'train_acc': 1.0, 'task_loss': (1e-04, 0.0002)}
{'epoch': 70, 'train_loss': 0.0003, 'train_acc': 1.0, 'task_loss': (0.0, 0.0002)}
{'epoch': 71, 'train_loss': 0.0003, 'train_acc': 1.0, 'task_loss': (1e-04, 0.0003)}
{'epoch': 72, 'train_loss': 0.0003, 'train_acc': 1.0, 'task_loss': (1e-04, 0.0002)}
{'epoch': 73, 'train_loss': 0.0003, 'train_acc': 1.0, 'task_loss': (1e-04, 0.0003)}
{'epoch': 74, 'train_loss': 0.0002, 'train_acc': 1.0, 'task_loss': (1e-04, 0.0002)}
{'epoch': 75, 'train_loss': 0.0004, 'train_acc': 1.0, 'task_loss': (1e-04, 0.0003)}
{'epoch': 76, 'train_loss': 0.0004, 'train_acc': 1.0, 'task_loss': (1e-04, 0.0003)}
{'epoch': 77, 'train_loss': 0.0003, 'train_acc': 1.0, 'task_loss': (1e-04, 0.0003)}
{'epoch': 78, 'train_loss': 0.0003, 'train_acc': 1.0, 'task_loss': (1e-04, 0.0002)}
{'epoch': 79, 'train_loss': 0.0004, 'train_acc': 1.0, 'task_loss': (1e-04, 0.0003)}
{'epoch': 80, 'train_loss': 0.0003, 'train_acc': 1.0, 'task_loss': (1e-04, 0.0002)}
{'epoch': 81, 'train_loss': 0.0003, 'train_acc': 1.0, 'task_loss': (1e-04, 0.0002)}
{'epoch': 82, 'train_loss': 0.0002, 'train_acc': 1.0, 'task_loss': (0.0, 0.0002)}
{'epoch': 83, 'train_loss': 0.0002, 'train_acc': 1.0, 'task_loss': (0.0, 0.0002)}
{'epoch': 84, 'train_loss': 0.0004, 'train_acc': 1.0, 'task_loss': (1e-04, 0.0003)}
{'epoch': 85, 'train_loss': 0.0003, 'train_acc': 1.0, 'task_loss': (1e-04, 0.0003)}
{'epoch': 86, 'train_loss': 0.0005, 'train_acc': 1.0, 'task_loss': (1e-04, 0.0004)}
{'epoch': 87, 'train_loss': 0.0003, 'train_acc': 1.0, 'task_loss': (1e-04, 0.0002)}
{'epoch': 88, 'train_loss': 0.0004, 'train_acc': 1.0, 'task_loss': (1e-04, 0.0003)}
{'epoch': 89, 'train_loss': 0.0003, 'train_acc': 1.0, 'task_loss': (1e-04, 0.0003)}
{'epoch': 90, 'train_loss': 0.0003, 'train_acc': 1.0, 'task_loss': (1e-04, 0.0002)}
{'epoch': 91, 'train_loss': 0.0003, 'train_acc': 1.0, 'task_loss': (1e-04, 0.0003)}
{'epoch': 92, 'train_loss': 0.0004, 'train_acc': 1.0, 'task_loss': (0.0002, 0.0002)}
{'epoch': 93, 'train_loss': 0.0004, 'train_acc': 1.0, 'task_loss': (1e-04, 0.0003)}
{'epoch': 94, 'train_loss': 0.0004, 'train_acc': 1.0, 'task_loss': (1e-04, 0.0003)}
{'epoch': 95, 'train_loss': 0.0003, 'train_acc': 1.0, 'task_loss': (1e-04, 0.0002)}
{'epoch': 96, 'train_loss': 0.0004, 'train_acc': 1.0, 'task_loss': (1e-04, 0.0003)}
{'epoch': 97, 'train_loss': 0.0003, 'train_acc': 1.0, 'task_loss': (1e-04, 0.0002)}
{'epoch': 98, 'train_loss': 0.0004, 'train_acc': 1.0, 'task_loss': (1e-04, 0.0002)}
{'epoch': 99, 'train_loss': 0.0003, 'train_acc': 1.0, 'task_loss': (1e-04, 0.0002)}
{'epoch': 100, 'train_loss': 0.0003, 'train_acc': 1.0, 'task_loss': (1e-04, 0.0003)}
{'run_num': 3, 'final_test_err': 0.18025000000000002}
Files already downloaded and verified
Files already downloaded and verified
{'epoch': 1, 'train_loss': 0.759, 'train_acc': 0.6425, 'task_loss': (0.386, 0.373)}
{'epoch': 2, 'train_loss': 0.4052, 'train_acc': 0.78, 'task_loss': (0.1656, 0.2396)}
{'epoch': 3, 'train_loss': 0.3267, 'train_acc': 0.8575, 'task_loss': (0.1263, 0.2004)}
{'epoch': 4, 'train_loss': 0.1998, 'train_acc': 0.8975, 'task_loss': (0.0603, 0.1395)}
{'epoch': 5, 'train_loss': 0.162, 'train_acc': 0.9275, 'task_loss': (0.0545, 0.1075)}
{'epoch': 6, 'train_loss': 0.0947, 'train_acc': 0.96, 'task_loss': (0.0192, 0.0755)}
{'epoch': 7, 'train_loss': 0.0472, 'train_acc': 0.9825, 'task_loss': (0.0109, 0.0363)}
{'epoch': 8, 'train_loss': 0.0223, 'train_acc': 0.9925, 'task_loss': (0.0038, 0.0185)}
{'epoch': 9, 'train_loss': 0.0088, 'train_acc': 1.0, 'task_loss': (0.0014, 0.0073)}
{'epoch': 10, 'train_loss': 0.0049, 'train_acc': 1.0, 'task_loss': (0.0012, 0.0037)}
{'epoch': 11, 'train_loss': 0.004, 'train_acc': 1.0, 'task_loss': (0.0007, 0.0034)}
{'epoch': 12, 'train_loss': 0.0035, 'train_acc': 1.0, 'task_loss': (0.0006, 0.003)}
{'epoch': 13, 'train_loss': 0.0032, 'train_acc': 1.0, 'task_loss': (0.0006, 0.0026)}
{'epoch': 14, 'train_loss': 0.0029, 'train_acc': 1.0, 'task_loss': (0.0007, 0.0022)}
{'epoch': 15, 'train_loss': 0.0025, 'train_acc': 1.0, 'task_loss': (0.0005, 0.002)}
{'epoch': 16, 'train_loss': 0.0022, 'train_acc': 1.0, 'task_loss': (0.0004, 0.0018)}
{'epoch': 17, 'train_loss': 0.0018, 'train_acc': 1.0, 'task_loss': (0.0004, 0.0014)}
{'epoch': 18, 'train_loss': 0.0015, 'train_acc': 1.0, 'task_loss': (0.0002, 0.0012)}
{'epoch': 19, 'train_loss': 0.0021, 'train_acc': 1.0, 'task_loss': (0.0005, 0.0016)}
{'epoch': 20, 'train_loss': 0.0014, 'train_acc': 1.0, 'task_loss': (0.0002, 0.0012)}
{'epoch': 21, 'train_loss': 0.0012, 'train_acc': 1.0, 'task_loss': (0.0004, 0.0009)}
{'epoch': 22, 'train_loss': 0.001, 'train_acc': 1.0, 'task_loss': (0.0002, 0.0008)}
{'epoch': 23, 'train_loss': 0.0008, 'train_acc': 1.0, 'task_loss': (1e-04, 0.0007)}
{'epoch': 24, 'train_loss': 0.0011, 'train_acc': 1.0, 'task_loss': (0.0002, 0.0008)}
{'epoch': 25, 'train_loss': 0.0009, 'train_acc': 1.0, 'task_loss': (0.0002, 0.0008)}
{'epoch': 26, 'train_loss': 0.0008, 'train_acc': 1.0, 'task_loss': (0.0002, 0.0007)}
{'epoch': 27, 'train_loss': 0.0008, 'train_acc': 1.0, 'task_loss': (0.0002, 0.0006)}
{'epoch': 28, 'train_loss': 0.0007, 'train_acc': 1.0, 'task_loss': (1e-04, 0.0005)}
{'epoch': 29, 'train_loss': 0.0007, 'train_acc': 1.0, 'task_loss': (1e-04, 0.0005)}
{'epoch': 30, 'train_loss': 0.0006, 'train_acc': 1.0, 'task_loss': (0.0002, 0.0005)}
{'epoch': 31, 'train_loss': 0.001, 'train_acc': 1.0, 'task_loss': (1e-04, 0.0008)}
{'epoch': 32, 'train_loss': 0.0014, 'train_acc': 1.0, 'task_loss': (0.0004, 0.001)}
{'epoch': 33, 'train_loss': 0.0007, 'train_acc': 1.0, 'task_loss': (1e-04, 0.0005)}
{'epoch': 34, 'train_loss': 0.0006, 'train_acc': 1.0, 'task_loss': (1e-04, 0.0004)}
{'epoch': 35, 'train_loss': 0.0005, 'train_acc': 1.0, 'task_loss': (1e-04, 0.0005)}
{'epoch': 36, 'train_loss': 0.0005, 'train_acc': 1.0, 'task_loss': (1e-04, 0.0004)}
{'epoch': 37, 'train_loss': 0.0006, 'train_acc': 1.0, 'task_loss': (1e-04, 0.0005)}
{'epoch': 38, 'train_loss': 0.0005, 'train_acc': 1.0, 'task_loss': (1e-04, 0.0004)}
{'epoch': 39, 'train_loss': 0.0004, 'train_acc': 1.0, 'task_loss': (1e-04, 0.0003)}
{'epoch': 40, 'train_loss': 0.0004, 'train_acc': 1.0, 'task_loss': (1e-04, 0.0003)}
{'epoch': 41, 'train_loss': 0.0006, 'train_acc': 1.0, 'task_loss': (1e-04, 0.0005)}
{'epoch': 42, 'train_loss': 0.0008, 'train_acc': 1.0, 'task_loss': (0.0002, 0.0005)}
{'epoch': 43, 'train_loss': 0.0005, 'train_acc': 1.0, 'task_loss': (1e-04, 0.0004)}
{'epoch': 44, 'train_loss': 0.0005, 'train_acc': 1.0, 'task_loss': (1e-04, 0.0004)}
{'epoch': 45, 'train_loss': 0.0005, 'train_acc': 1.0, 'task_loss': (1e-04, 0.0004)}
{'epoch': 46, 'train_loss': 0.0008, 'train_acc': 1.0, 'task_loss': (1e-04, 0.0007)}
{'epoch': 47, 'train_loss': 0.0006, 'train_acc': 1.0, 'task_loss': (1e-04, 0.0005)}
{'epoch': 48, 'train_loss': 0.0006, 'train_acc': 1.0, 'task_loss': (1e-04, 0.0006)}
{'epoch': 49, 'train_loss': 0.0005, 'train_acc': 1.0, 'task_loss': (1e-04, 0.0004)}
{'epoch': 50, 'train_loss': 0.0004, 'train_acc': 1.0, 'task_loss': (1e-04, 0.0003)}
{'epoch': 51, 'train_loss': 0.0006, 'train_acc': 1.0, 'task_loss': (1e-04, 0.0005)}
{'epoch': 52, 'train_loss': 0.0004, 'train_acc': 1.0, 'task_loss': (1e-04, 0.0003)}
{'epoch': 53, 'train_loss': 0.0004, 'train_acc': 1.0, 'task_loss': (1e-04, 0.0003)}
{'epoch': 54, 'train_loss': 0.0005, 'train_acc': 1.0, 'task_loss': (1e-04, 0.0004)}
{'epoch': 55, 'train_loss': 0.0006, 'train_acc': 1.0, 'task_loss': (1e-04, 0.0005)}
{'epoch': 56, 'train_loss': 0.0006, 'train_acc': 1.0, 'task_loss': (1e-04, 0.0005)}
{'epoch': 57, 'train_loss': 0.0005, 'train_acc': 1.0, 'task_loss': (1e-04, 0.0004)}
{'epoch': 58, 'train_loss': 0.0003, 'train_acc': 1.0, 'task_loss': (1e-04, 0.0003)}
{'epoch': 59, 'train_loss': 0.0005, 'train_acc': 1.0, 'task_loss': (1e-04, 0.0005)}
{'epoch': 60, 'train_loss': 0.0003, 'train_acc': 1.0, 'task_loss': (1e-04, 0.0002)}
{'epoch': 61, 'train_loss': 0.0006, 'train_acc': 1.0, 'task_loss': (1e-04, 0.0005)}
{'epoch': 62, 'train_loss': 0.0004, 'train_acc': 1.0, 'task_loss': (1e-04, 0.0003)}
{'epoch': 63, 'train_loss': 0.0003, 'train_acc': 1.0, 'task_loss': (1e-04, 0.0003)}
{'epoch': 64, 'train_loss': 0.0004, 'train_acc': 1.0, 'task_loss': (1e-04, 0.0003)}
{'epoch': 65, 'train_loss': 0.0003, 'train_acc': 1.0, 'task_loss': (1e-04, 0.0002)}
{'epoch': 66, 'train_loss': 0.0004, 'train_acc': 1.0, 'task_loss': (1e-04, 0.0003)}
{'epoch': 67, 'train_loss': 0.0003, 'train_acc': 1.0, 'task_loss': (0.0, 0.0003)}
{'epoch': 68, 'train_loss': 0.0004, 'train_acc': 1.0, 'task_loss': (1e-04, 0.0003)}
{'epoch': 69, 'train_loss': 0.0005, 'train_acc': 1.0, 'task_loss': (1e-04, 0.0004)}
{'epoch': 70, 'train_loss': 0.0004, 'train_acc': 1.0, 'task_loss': (1e-04, 0.0003)}
{'epoch': 71, 'train_loss': 0.0004, 'train_acc': 1.0, 'task_loss': (1e-04, 0.0003)}
{'epoch': 72, 'train_loss': 0.0004, 'train_acc': 1.0, 'task_loss': (1e-04, 0.0003)}
{'epoch': 73, 'train_loss': 0.0004, 'train_acc': 1.0, 'task_loss': (1e-04, 0.0003)}
{'epoch': 74, 'train_loss': 0.0004, 'train_acc': 1.0, 'task_loss': (1e-04, 0.0003)}
{'epoch': 75, 'train_loss': 0.0003, 'train_acc': 1.0, 'task_loss': (1e-04, 0.0003)}
{'epoch': 76, 'train_loss': 0.0004, 'train_acc': 1.0, 'task_loss': (1e-04, 0.0003)}
{'epoch': 77, 'train_loss': 0.0004, 'train_acc': 1.0, 'task_loss': (1e-04, 0.0003)}
{'epoch': 78, 'train_loss': 0.0004, 'train_acc': 1.0, 'task_loss': (1e-04, 0.0003)}
{'epoch': 79, 'train_loss': 0.0004, 'train_acc': 1.0, 'task_loss': (1e-04, 0.0004)}
{'epoch': 80, 'train_loss': 0.0003, 'train_acc': 1.0, 'task_loss': (1e-04, 0.0002)}
{'epoch': 81, 'train_loss': 0.0003, 'train_acc': 1.0, 'task_loss': (1e-04, 0.0002)}
{'epoch': 82, 'train_loss': 0.0005, 'train_acc': 1.0, 'task_loss': (1e-04, 0.0004)}
{'epoch': 83, 'train_loss': 0.0005, 'train_acc': 1.0, 'task_loss': (1e-04, 0.0004)}
{'epoch': 84, 'train_loss': 0.0005, 'train_acc': 1.0, 'task_loss': (1e-04, 0.0004)}
{'epoch': 85, 'train_loss': 0.0005, 'train_acc': 1.0, 'task_loss': (1e-04, 0.0004)}
{'epoch': 86, 'train_loss': 0.0004, 'train_acc': 1.0, 'task_loss': (1e-04, 0.0003)}
{'epoch': 87, 'train_loss': 0.0005, 'train_acc': 1.0, 'task_loss': (1e-04, 0.0005)}
{'epoch': 88, 'train_loss': 0.0003, 'train_acc': 1.0, 'task_loss': (1e-04, 0.0002)}
{'epoch': 89, 'train_loss': 0.0004, 'train_acc': 1.0, 'task_loss': (1e-04, 0.0003)}
{'epoch': 90, 'train_loss': 0.0004, 'train_acc': 1.0, 'task_loss': (1e-04, 0.0003)}
{'epoch': 91, 'train_loss': 0.0004, 'train_acc': 1.0, 'task_loss': (1e-04, 0.0003)}
{'epoch': 92, 'train_loss': 0.0003, 'train_acc': 1.0, 'task_loss': (0.0, 0.0002)}
{'epoch': 93, 'train_loss': 0.0004, 'train_acc': 1.0, 'task_loss': (1e-04, 0.0003)}
{'epoch': 94, 'train_loss': 0.0005, 'train_acc': 1.0, 'task_loss': (1e-04, 0.0004)}
{'epoch': 95, 'train_loss': 0.0004, 'train_acc': 1.0, 'task_loss': (1e-04, 0.0003)}
{'epoch': 96, 'train_loss': 0.0004, 'train_acc': 1.0, 'task_loss': (1e-04, 0.0003)}
{'epoch': 97, 'train_loss': 0.0003, 'train_acc': 1.0, 'task_loss': (1e-04, 0.0002)}
{'epoch': 98, 'train_loss': 0.0004, 'train_acc': 1.0, 'task_loss': (1e-04, 0.0003)}
{'epoch': 99, 'train_loss': 0.0003, 'train_acc': 1.0, 'task_loss': (1e-04, 0.0002)}
{'epoch': 100, 'train_loss': 0.0003, 'train_acc': 1.0, 'task_loss': (1e-04, 0.0002)}
{'run_num': 4, 'final_test_err': 0.17600000000000005}
Files already downloaded and verified
Files already downloaded and verified
{'epoch': 1, 'train_loss': 0.6738, 'train_acc': 0.7, 'task_loss': (0.3623, 0.3115)}
{'epoch': 2, 'train_loss': 0.6168, 'train_acc': 0.73, 'task_loss': (0.3011, 0.3157)}
{'epoch': 3, 'train_loss': 0.3166, 'train_acc': 0.8625, 'task_loss': (0.1068, 0.2098)}
{'epoch': 4, 'train_loss': 0.2027, 'train_acc': 0.9075, 'task_loss': (0.0549, 0.1478)}
{'epoch': 5, 'train_loss': 0.1432, 'train_acc': 0.915, 'task_loss': (0.0429, 0.1004)}
{'epoch': 6, 'train_loss': 0.0665, 'train_acc': 0.9775, 'task_loss': (0.0214, 0.0451)}
{'epoch': 7, 'train_loss': 0.0402, 'train_acc': 0.9875, 'task_loss': (0.0074, 0.0329)}
{'epoch': 8, 'train_loss': 0.0216, 'train_acc': 0.9975, 'task_loss': (0.0047, 0.0169)}
{'epoch': 9, 'train_loss': 0.0114, 'train_acc': 1.0, 'task_loss': (0.0028, 0.0086)}
{'epoch': 10, 'train_loss': 0.0063, 'train_acc': 1.0, 'task_loss': (0.002, 0.0043)}
{'epoch': 11, 'train_loss': 0.0057, 'train_acc': 1.0, 'task_loss': (0.0017, 0.0039)}
{'epoch': 12, 'train_loss': 0.0043, 'train_acc': 1.0, 'task_loss': (0.0005, 0.0038)}
{'epoch': 13, 'train_loss': 0.0035, 'train_acc': 1.0, 'task_loss': (0.0006, 0.0029)}
{'epoch': 14, 'train_loss': 0.0023, 'train_acc': 1.0, 'task_loss': (0.0005, 0.0018)}
{'epoch': 15, 'train_loss': 0.0022, 'train_acc': 1.0, 'task_loss': (0.0004, 0.0018)}
{'epoch': 16, 'train_loss': 0.0027, 'train_acc': 1.0, 'task_loss': (0.0006, 0.002)}
{'epoch': 17, 'train_loss': 0.003, 'train_acc': 1.0, 'task_loss': (0.0003, 0.0027)}
{'epoch': 18, 'train_loss': 0.0017, 'train_acc': 1.0, 'task_loss': (0.0004, 0.0013)}
{'epoch': 19, 'train_loss': 0.0014, 'train_acc': 1.0, 'task_loss': (0.0004, 0.001)}
{'epoch': 20, 'train_loss': 0.0012, 'train_acc': 1.0, 'task_loss': (0.0002, 0.0009)}
{'epoch': 21, 'train_loss': 0.0015, 'train_acc': 1.0, 'task_loss': (0.0003, 0.0012)}
{'epoch': 22, 'train_loss': 0.0016, 'train_acc': 1.0, 'task_loss': (0.0003, 0.0013)}
{'epoch': 23, 'train_loss': 0.0014, 'train_acc': 1.0, 'task_loss': (0.0004, 0.001)}
{'epoch': 24, 'train_loss': 0.0013, 'train_acc': 1.0, 'task_loss': (0.0002, 0.0011)}
{'epoch': 25, 'train_loss': 0.0012, 'train_acc': 1.0, 'task_loss': (0.0002, 0.001)}
{'epoch': 26, 'train_loss': 0.0009, 'train_acc': 1.0, 'task_loss': (0.0002, 0.0007)}
{'epoch': 27, 'train_loss': 0.0009, 'train_acc': 1.0, 'task_loss': (0.0002, 0.0007)}
{'epoch': 28, 'train_loss': 0.0009, 'train_acc': 1.0, 'task_loss': (0.0002, 0.0007)}
{'epoch': 29, 'train_loss': 0.001, 'train_acc': 1.0, 'task_loss': (0.0002, 0.0008)}
{'epoch': 30, 'train_loss': 0.0008, 'train_acc': 1.0, 'task_loss': (0.0002, 0.0006)}
{'epoch': 31, 'train_loss': 0.0007, 'train_acc': 1.0, 'task_loss': (0.0002, 0.0005)}
{'epoch': 32, 'train_loss': 0.0009, 'train_acc': 1.0, 'task_loss': (0.0003, 0.0006)}
{'epoch': 33, 'train_loss': 0.0008, 'train_acc': 1.0, 'task_loss': (0.0002, 0.0006)}
{'epoch': 34, 'train_loss': 0.0008, 'train_acc': 1.0, 'task_loss': (0.0002, 0.0005)}
{'epoch': 35, 'train_loss': 0.0006, 'train_acc': 1.0, 'task_loss': (0.0002, 0.0004)}
{'epoch': 36, 'train_loss': 0.0006, 'train_acc': 1.0, 'task_loss': (1e-04, 0.0005)}
{'epoch': 37, 'train_loss': 0.0005, 'train_acc': 1.0, 'task_loss': (1e-04, 0.0004)}
{'epoch': 38, 'train_loss': 0.0007, 'train_acc': 1.0, 'task_loss': (0.0002, 0.0005)}
{'epoch': 39, 'train_loss': 0.0006, 'train_acc': 1.0, 'task_loss': (1e-04, 0.0005)}
{'epoch': 40, 'train_loss': 0.0004, 'train_acc': 1.0, 'task_loss': (1e-04, 0.0004)}
{'epoch': 41, 'train_loss': 0.0004, 'train_acc': 1.0, 'task_loss': (1e-04, 0.0003)}
{'epoch': 42, 'train_loss': 0.0006, 'train_acc': 1.0, 'task_loss': (0.0002, 0.0004)}
{'epoch': 43, 'train_loss': 0.0004, 'train_acc': 1.0, 'task_loss': (1e-04, 0.0003)}
{'epoch': 44, 'train_loss': 0.0005, 'train_acc': 1.0, 'task_loss': (1e-04, 0.0004)}
{'epoch': 45, 'train_loss': 0.0004, 'train_acc': 1.0, 'task_loss': (1e-04, 0.0003)}
{'epoch': 46, 'train_loss': 0.0004, 'train_acc': 1.0, 'task_loss': (1e-04, 0.0003)}
{'epoch': 47, 'train_loss': 0.0005, 'train_acc': 1.0, 'task_loss': (1e-04, 0.0004)}
{'epoch': 48, 'train_loss': 0.0006, 'train_acc': 1.0, 'task_loss': (1e-04, 0.0005)}
{'epoch': 49, 'train_loss': 0.0006, 'train_acc': 1.0, 'task_loss': (1e-04, 0.0005)}
{'epoch': 50, 'train_loss': 0.0005, 'train_acc': 1.0, 'task_loss': (0.0002, 0.0003)}
{'epoch': 51, 'train_loss': 0.0004, 'train_acc': 1.0, 'task_loss': (1e-04, 0.0003)}
{'epoch': 52, 'train_loss': 0.0005, 'train_acc': 1.0, 'task_loss': (1e-04, 0.0004)}
{'epoch': 53, 'train_loss': 0.0004, 'train_acc': 1.0, 'task_loss': (1e-04, 0.0003)}
{'epoch': 54, 'train_loss': 0.0005, 'train_acc': 1.0, 'task_loss': (1e-04, 0.0004)}
{'epoch': 55, 'train_loss': 0.0003, 'train_acc': 1.0, 'task_loss': (1e-04, 0.0003)}
{'epoch': 56, 'train_loss': 0.0003, 'train_acc': 1.0, 'task_loss': (1e-04, 0.0003)}
{'epoch': 57, 'train_loss': 0.0006, 'train_acc': 1.0, 'task_loss': (1e-04, 0.0005)}
{'epoch': 58, 'train_loss': 0.0003, 'train_acc': 1.0, 'task_loss': (0.0, 0.0003)}
{'epoch': 59, 'train_loss': 0.0003, 'train_acc': 1.0, 'task_loss': (1e-04, 0.0002)}
{'epoch': 60, 'train_loss': 0.0004, 'train_acc': 1.0, 'task_loss': (1e-04, 0.0003)}
{'epoch': 61, 'train_loss': 0.0006, 'train_acc': 1.0, 'task_loss': (1e-04, 0.0005)}
{'epoch': 62, 'train_loss': 0.0005, 'train_acc': 1.0, 'task_loss': (0.0, 0.0004)}
{'epoch': 63, 'train_loss': 0.0003, 'train_acc': 1.0, 'task_loss': (1e-04, 0.0002)}
{'epoch': 64, 'train_loss': 0.0003, 'train_acc': 1.0, 'task_loss': (1e-04, 0.0002)}
{'epoch': 65, 'train_loss': 0.0003, 'train_acc': 1.0, 'task_loss': (1e-04, 0.0003)}
{'epoch': 66, 'train_loss': 0.0003, 'train_acc': 1.0, 'task_loss': (1e-04, 0.0003)}
{'epoch': 67, 'train_loss': 0.0003, 'train_acc': 1.0, 'task_loss': (1e-04, 0.0003)}
{'epoch': 68, 'train_loss': 0.0003, 'train_acc': 1.0, 'task_loss': (1e-04, 0.0003)}
{'epoch': 69, 'train_loss': 0.0003, 'train_acc': 1.0, 'task_loss': (1e-04, 0.0002)}
{'epoch': 70, 'train_loss': 0.0003, 'train_acc': 1.0, 'task_loss': (1e-04, 0.0002)}
{'epoch': 71, 'train_loss': 0.0003, 'train_acc': 1.0, 'task_loss': (1e-04, 0.0003)}
{'epoch': 72, 'train_loss': 0.0005, 'train_acc': 1.0, 'task_loss': (1e-04, 0.0004)}
{'epoch': 73, 'train_loss': 0.0004, 'train_acc': 1.0, 'task_loss': (1e-04, 0.0003)}
{'epoch': 74, 'train_loss': 0.0004, 'train_acc': 1.0, 'task_loss': (1e-04, 0.0003)}
{'epoch': 75, 'train_loss': 0.0003, 'train_acc': 1.0, 'task_loss': (1e-04, 0.0002)}
{'epoch': 76, 'train_loss': 0.0003, 'train_acc': 1.0, 'task_loss': (1e-04, 0.0003)}
{'epoch': 77, 'train_loss': 0.0002, 'train_acc': 1.0, 'task_loss': (0.0, 0.0002)}
{'epoch': 78, 'train_loss': 0.0004, 'train_acc': 1.0, 'task_loss': (1e-04, 0.0003)}
{'epoch': 79, 'train_loss': 0.0003, 'train_acc': 1.0, 'task_loss': (1e-04, 0.0002)}
{'epoch': 80, 'train_loss': 0.0004, 'train_acc': 1.0, 'task_loss': (1e-04, 0.0003)}
{'epoch': 81, 'train_loss': 0.0003, 'train_acc': 1.0, 'task_loss': (0.0, 0.0002)}
{'epoch': 82, 'train_loss': 0.0003, 'train_acc': 1.0, 'task_loss': (0.0, 0.0002)}
{'epoch': 83, 'train_loss': 0.0002, 'train_acc': 1.0, 'task_loss': (0.0, 0.0002)}
{'epoch': 84, 'train_loss': 0.0003, 'train_acc': 1.0, 'task_loss': (1e-04, 0.0003)}
{'epoch': 85, 'train_loss': 0.0003, 'train_acc': 1.0, 'task_loss': (0.0, 0.0002)}
{'epoch': 86, 'train_loss': 0.0003, 'train_acc': 1.0, 'task_loss': (1e-04, 0.0002)}
{'epoch': 87, 'train_loss': 0.0003, 'train_acc': 1.0, 'task_loss': (1e-04, 0.0003)}
{'epoch': 88, 'train_loss': 0.0004, 'train_acc': 1.0, 'task_loss': (1e-04, 0.0003)}
{'epoch': 89, 'train_loss': 0.0004, 'train_acc': 1.0, 'task_loss': (1e-04, 0.0003)}
{'epoch': 90, 'train_loss': 0.0005, 'train_acc': 1.0, 'task_loss': (1e-04, 0.0004)}
{'epoch': 91, 'train_loss': 0.0004, 'train_acc': 1.0, 'task_loss': (1e-04, 0.0003)}
{'epoch': 92, 'train_loss': 0.0003, 'train_acc': 1.0, 'task_loss': (1e-04, 0.0002)}
{'epoch': 93, 'train_loss': 0.0003, 'train_acc': 1.0, 'task_loss': (1e-04, 0.0002)}
{'epoch': 94, 'train_loss': 0.0003, 'train_acc': 1.0, 'task_loss': (0.0, 0.0002)}
{'epoch': 95, 'train_loss': 0.0004, 'train_acc': 1.0, 'task_loss': (1e-04, 0.0003)}
{'epoch': 96, 'train_loss': 0.0004, 'train_acc': 1.0, 'task_loss': (1e-04, 0.0002)}
{'epoch': 97, 'train_loss': 0.0003, 'train_acc': 1.0, 'task_loss': (1e-04, 0.0002)}
{'epoch': 98, 'train_loss': 0.0004, 'train_acc': 1.0, 'task_loss': (1e-04, 0.0003)}
{'epoch': 99, 'train_loss': 0.0006, 'train_acc': 1.0, 'task_loss': (1e-04, 0.0005)}
{'epoch': 100, 'train_loss': 0.0003, 'train_acc': 1.0, 'task_loss': (1e-04, 0.0002)}
{'run_num': 5, 'final_test_err': 0.1835}
Files already downloaded and verified
Files already downloaded and verified
{'epoch': 1, 'train_loss': 0.6676, 'train_acc': 0.695, 'task_loss': (0.3176, 0.3501)}
{'epoch': 2, 'train_loss': 0.5637, 'train_acc': 0.77, 'task_loss': (0.2978, 0.2659)}
{'epoch': 3, 'train_loss': 0.3116, 'train_acc': 0.84, 'task_loss': (0.085, 0.2266)}
{'epoch': 4, 'train_loss': 0.1959, 'train_acc': 0.915, 'task_loss': (0.077, 0.1188)}
{'epoch': 5, 'train_loss': 0.1334, 'train_acc': 0.9325, 'task_loss': (0.0344, 0.099)}
{'epoch': 6, 'train_loss': 0.0835, 'train_acc': 0.9625, 'task_loss': (0.0209, 0.0626)}
{'epoch': 7, 'train_loss': 0.054, 'train_acc': 0.975, 'task_loss': (0.0163, 0.0377)}
{'epoch': 8, 'train_loss': 0.0183, 'train_acc': 1.0, 'task_loss': (0.0033, 0.015)}
{'epoch': 9, 'train_loss': 0.0094, 'train_acc': 1.0, 'task_loss': (0.0022, 0.0072)}
{'epoch': 10, 'train_loss': 0.0063, 'train_acc': 1.0, 'task_loss': (0.0012, 0.0052)}
{'epoch': 11, 'train_loss': 0.0051, 'train_acc': 1.0, 'task_loss': (0.001, 0.0041)}
{'epoch': 12, 'train_loss': 0.003, 'train_acc': 1.0, 'task_loss': (0.0005, 0.0025)}
{'epoch': 13, 'train_loss': 0.0038, 'train_acc': 1.0, 'task_loss': (0.0006, 0.0032)}
{'epoch': 14, 'train_loss': 0.0027, 'train_acc': 1.0, 'task_loss': (0.0004, 0.0023)}
{'epoch': 15, 'train_loss': 0.0033, 'train_acc': 1.0, 'task_loss': (0.0004, 0.0029)}
{'epoch': 16, 'train_loss': 0.0023, 'train_acc': 1.0, 'task_loss': (0.0005, 0.0017)}
{'epoch': 17, 'train_loss': 0.0022, 'train_acc': 1.0, 'task_loss': (0.0003, 0.0019)}
{'epoch': 18, 'train_loss': 0.0013, 'train_acc': 1.0, 'task_loss': (0.0002, 0.0011)}
{'epoch': 19, 'train_loss': 0.0015, 'train_acc': 1.0, 'task_loss': (0.0003, 0.0012)}
{'epoch': 20, 'train_loss': 0.0014, 'train_acc': 1.0, 'task_loss': (0.0003, 0.0011)}
{'epoch': 21, 'train_loss': 0.0018, 'train_acc': 1.0, 'task_loss': (0.0003, 0.0016)}
{'epoch': 22, 'train_loss': 0.0013, 'train_acc': 1.0, 'task_loss': (0.0002, 0.0011)}
{'epoch': 23, 'train_loss': 0.0014, 'train_acc': 1.0, 'task_loss': (0.0002, 0.0012)}
{'epoch': 24, 'train_loss': 0.0008, 'train_acc': 1.0, 'task_loss': (0.0002, 0.0006)}
{'epoch': 25, 'train_loss': 0.0012, 'train_acc': 1.0, 'task_loss': (0.0003, 0.0009)}
{'epoch': 26, 'train_loss': 0.0009, 'train_acc': 1.0, 'task_loss': (0.0002, 0.0007)}
{'epoch': 27, 'train_loss': 0.0016, 'train_acc': 1.0, 'task_loss': (0.0002, 0.0014)}
{'epoch': 28, 'train_loss': 0.0008, 'train_acc': 1.0, 'task_loss': (0.0002, 0.0006)}
{'epoch': 29, 'train_loss': 0.0009, 'train_acc': 1.0, 'task_loss': (0.0004, 0.0005)}
{'epoch': 30, 'train_loss': 0.0006, 'train_acc': 1.0, 'task_loss': (1e-04, 0.0005)}
{'epoch': 31, 'train_loss': 0.0006, 'train_acc': 1.0, 'task_loss': (1e-04, 0.0005)}
{'epoch': 32, 'train_loss': 0.0007, 'train_acc': 1.0, 'task_loss': (1e-04, 0.0006)}
{'epoch': 33, 'train_loss': 0.0006, 'train_acc': 1.0, 'task_loss': (1e-04, 0.0005)}
{'epoch': 34, 'train_loss': 0.0006, 'train_acc': 1.0, 'task_loss': (1e-04, 0.0005)}
{'epoch': 35, 'train_loss': 0.0006, 'train_acc': 1.0, 'task_loss': (0.0002, 0.0004)}
{'epoch': 36, 'train_loss': 0.0008, 'train_acc': 1.0, 'task_loss': (1e-04, 0.0007)}
{'epoch': 37, 'train_loss': 0.0005, 'train_acc': 1.0, 'task_loss': (1e-04, 0.0004)}
{'epoch': 38, 'train_loss': 0.0005, 'train_acc': 1.0, 'task_loss': (1e-04, 0.0004)}
{'epoch': 39, 'train_loss': 0.0005, 'train_acc': 1.0, 'task_loss': (1e-04, 0.0004)}
{'epoch': 40, 'train_loss': 0.0004, 'train_acc': 1.0, 'task_loss': (1e-04, 0.0003)}
{'epoch': 41, 'train_loss': 0.0005, 'train_acc': 1.0, 'task_loss': (1e-04, 0.0005)}
{'epoch': 42, 'train_loss': 0.0004, 'train_acc': 1.0, 'task_loss': (1e-04, 0.0003)}
{'epoch': 43, 'train_loss': 0.0005, 'train_acc': 1.0, 'task_loss': (1e-04, 0.0004)}
{'epoch': 44, 'train_loss': 0.0005, 'train_acc': 1.0, 'task_loss': (1e-04, 0.0004)}
{'epoch': 45, 'train_loss': 0.0003, 'train_acc': 1.0, 'task_loss': (1e-04, 0.0003)}
{'epoch': 46, 'train_loss': 0.0004, 'train_acc': 1.0, 'task_loss': (1e-04, 0.0003)}
{'epoch': 47, 'train_loss': 0.0004, 'train_acc': 1.0, 'task_loss': (1e-04, 0.0003)}
{'epoch': 48, 'train_loss': 0.0004, 'train_acc': 1.0, 'task_loss': (1e-04, 0.0003)}
{'epoch': 49, 'train_loss': 0.0006, 'train_acc': 1.0, 'task_loss': (1e-04, 0.0005)}
{'epoch': 50, 'train_loss': 0.0003, 'train_acc': 1.0, 'task_loss': (1e-04, 0.0003)}
{'epoch': 51, 'train_loss': 0.0004, 'train_acc': 1.0, 'task_loss': (1e-04, 0.0004)}
{'epoch': 52, 'train_loss': 0.0004, 'train_acc': 1.0, 'task_loss': (1e-04, 0.0003)}
{'epoch': 53, 'train_loss': 0.0004, 'train_acc': 1.0, 'task_loss': (1e-04, 0.0003)}
{'epoch': 54, 'train_loss': 0.0004, 'train_acc': 1.0, 'task_loss': (1e-04, 0.0003)}
{'epoch': 55, 'train_loss': 0.0004, 'train_acc': 1.0, 'task_loss': (1e-04, 0.0003)}
{'epoch': 56, 'train_loss': 0.0006, 'train_acc': 1.0, 'task_loss': (1e-04, 0.0005)}
{'epoch': 57, 'train_loss': 0.0004, 'train_acc': 1.0, 'task_loss': (1e-04, 0.0003)}
{'epoch': 58, 'train_loss': 0.0002, 'train_acc': 1.0, 'task_loss': (1e-04, 0.0002)}
{'epoch': 59, 'train_loss': 0.0003, 'train_acc': 1.0, 'task_loss': (1e-04, 0.0002)}
{'epoch': 60, 'train_loss': 0.0004, 'train_acc': 1.0, 'task_loss': (1e-04, 0.0003)}
{'epoch': 61, 'train_loss': 0.0003, 'train_acc': 1.0, 'task_loss': (1e-04, 0.0002)}
{'epoch': 62, 'train_loss': 0.0004, 'train_acc': 1.0, 'task_loss': (1e-04, 0.0003)}
{'epoch': 63, 'train_loss': 0.0003, 'train_acc': 1.0, 'task_loss': (1e-04, 0.0003)}
{'epoch': 64, 'train_loss': 0.0006, 'train_acc': 1.0, 'task_loss': (1e-04, 0.0004)}
{'epoch': 65, 'train_loss': 0.0003, 'train_acc': 1.0, 'task_loss': (1e-04, 0.0002)}
{'epoch': 66, 'train_loss': 0.0004, 'train_acc': 1.0, 'task_loss': (1e-04, 0.0003)}
{'epoch': 67, 'train_loss': 0.0004, 'train_acc': 1.0, 'task_loss': (1e-04, 0.0003)}
{'epoch': 68, 'train_loss': 0.0004, 'train_acc': 1.0, 'task_loss': (0.0, 0.0003)}
{'epoch': 69, 'train_loss': 0.0003, 'train_acc': 1.0, 'task_loss': (0.0, 0.0002)}
{'epoch': 70, 'train_loss': 0.0004, 'train_acc': 1.0, 'task_loss': (1e-04, 0.0003)}
{'epoch': 71, 'train_loss': 0.0003, 'train_acc': 1.0, 'task_loss': (1e-04, 0.0003)}
{'epoch': 72, 'train_loss': 0.0003, 'train_acc': 1.0, 'task_loss': (1e-04, 0.0002)}
{'epoch': 73, 'train_loss': 0.0004, 'train_acc': 1.0, 'task_loss': (1e-04, 0.0003)}
{'epoch': 74, 'train_loss': 0.0003, 'train_acc': 1.0, 'task_loss': (1e-04, 0.0002)}
{'epoch': 75, 'train_loss': 0.0003, 'train_acc': 1.0, 'task_loss': (1e-04, 0.0002)}
{'epoch': 76, 'train_loss': 0.0003, 'train_acc': 1.0, 'task_loss': (1e-04, 0.0002)}
{'epoch': 77, 'train_loss': 0.0003, 'train_acc': 1.0, 'task_loss': (1e-04, 0.0002)}
{'epoch': 78, 'train_loss': 0.0002, 'train_acc': 1.0, 'task_loss': (1e-04, 0.0002)}
{'epoch': 79, 'train_loss': 0.0003, 'train_acc': 1.0, 'task_loss': (1e-04, 0.0002)}
{'epoch': 80, 'train_loss': 0.0004, 'train_acc': 1.0, 'task_loss': (1e-04, 0.0003)}
{'epoch': 81, 'train_loss': 0.0004, 'train_acc': 1.0, 'task_loss': (1e-04, 0.0004)}
{'epoch': 82, 'train_loss': 0.0003, 'train_acc': 1.0, 'task_loss': (1e-04, 0.0002)}
{'epoch': 83, 'train_loss': 0.0003, 'train_acc': 1.0, 'task_loss': (1e-04, 0.0002)}
{'epoch': 84, 'train_loss': 0.0003, 'train_acc': 1.0, 'task_loss': (1e-04, 0.0003)}
{'epoch': 85, 'train_loss': 0.0002, 'train_acc': 1.0, 'task_loss': (1e-04, 0.0002)}
{'epoch': 86, 'train_loss': 0.0005, 'train_acc': 1.0, 'task_loss': (1e-04, 0.0004)}
{'epoch': 87, 'train_loss': 0.0002, 'train_acc': 1.0, 'task_loss': (0.0, 0.0002)}
{'epoch': 88, 'train_loss': 0.0002, 'train_acc': 1.0, 'task_loss': (1e-04, 0.0002)}
{'epoch': 89, 'train_loss': 0.0004, 'train_acc': 1.0, 'task_loss': (1e-04, 0.0003)}
{'epoch': 90, 'train_loss': 0.0003, 'train_acc': 1.0, 'task_loss': (1e-04, 0.0003)}
{'epoch': 91, 'train_loss': 0.0003, 'train_acc': 1.0, 'task_loss': (0.0, 0.0003)}
{'epoch': 92, 'train_loss': 0.0003, 'train_acc': 1.0, 'task_loss': (1e-04, 0.0002)}
{'epoch': 93, 'train_loss': 0.0002, 'train_acc': 1.0, 'task_loss': (0.0, 0.0002)}
{'epoch': 94, 'train_loss': 0.0002, 'train_acc': 1.0, 'task_loss': (0.0, 0.0002)}
{'epoch': 95, 'train_loss': 0.0004, 'train_acc': 1.0, 'task_loss': (1e-04, 0.0003)}
{'epoch': 96, 'train_loss': 0.0003, 'train_acc': 1.0, 'task_loss': (1e-04, 0.0003)}
{'epoch': 97, 'train_loss': 0.0004, 'train_acc': 1.0, 'task_loss': (1e-04, 0.0003)}
{'epoch': 98, 'train_loss': 0.0002, 'train_acc': 1.0, 'task_loss': (0.0, 0.0002)}
{'epoch': 99, 'train_loss': 0.0004, 'train_acc': 1.0, 'task_loss': (1e-04, 0.0003)}
{'epoch': 100, 'train_loss': 0.0003, 'train_acc': 1.0, 'task_loss': (1e-04, 0.0002)}
{'run_num': 6, 'final_test_err': 0.1735}
Files already downloaded and verified
Files already downloaded and verified
{'epoch': 1, 'train_loss': 0.7825, 'train_acc': 0.6325, 'task_loss': (0.3743, 0.4082)}
{'epoch': 2, 'train_loss': 0.537, 'train_acc': 0.77, 'task_loss': (0.247, 0.29)}
{'epoch': 3, 'train_loss': 0.4033, 'train_acc': 0.815, 'task_loss': (0.172, 0.2313)}
{'epoch': 4, 'train_loss': 0.2768, 'train_acc': 0.87, 'task_loss': (0.1045, 0.1723)}
{'epoch': 5, 'train_loss': 0.1953, 'train_acc': 0.905, 'task_loss': (0.0675, 0.1279)}
{'epoch': 6, 'train_loss': 0.1383, 'train_acc': 0.92, 'task_loss': (0.0268, 0.1115)}
{'epoch': 7, 'train_loss': 0.05, 'train_acc': 0.9825, 'task_loss': (0.0086, 0.0414)}
{'epoch': 8, 'train_loss': 0.0206, 'train_acc': 0.995, 'task_loss': (0.0043, 0.0163)}
{'epoch': 9, 'train_loss': 0.0092, 'train_acc': 1.0, 'task_loss': (0.0028, 0.0064)}
{'epoch': 10, 'train_loss': 0.0072, 'train_acc': 1.0, 'task_loss': (0.0021, 0.0051)}
{'epoch': 11, 'train_loss': 0.0047, 'train_acc': 1.0, 'task_loss': (0.0012, 0.0035)}
{'epoch': 12, 'train_loss': 0.0042, 'train_acc': 1.0, 'task_loss': (0.0009, 0.0033)}
{'epoch': 13, 'train_loss': 0.0028, 'train_acc': 1.0, 'task_loss': (0.0007, 0.0021)}
{'epoch': 14, 'train_loss': 0.0027, 'train_acc': 1.0, 'task_loss': (0.0005, 0.0022)}
{'epoch': 15, 'train_loss': 0.003, 'train_acc': 1.0, 'task_loss': (0.0003, 0.0026)}
{'epoch': 16, 'train_loss': 0.0022, 'train_acc': 1.0, 'task_loss': (0.0005, 0.0017)}
{'epoch': 17, 'train_loss': 0.0022, 'train_acc': 1.0, 'task_loss': (0.0005, 0.0016)}
{'epoch': 18, 'train_loss': 0.0021, 'train_acc': 1.0, 'task_loss': (0.0004, 0.0017)}
{'epoch': 19, 'train_loss': 0.0014, 'train_acc': 1.0, 'task_loss': (0.0005, 0.0009)}
{'epoch': 20, 'train_loss': 0.0015, 'train_acc': 1.0, 'task_loss': (0.0003, 0.0011)}
{'epoch': 21, 'train_loss': 0.0012, 'train_acc': 1.0, 'task_loss': (0.0002, 0.001)}
{'epoch': 22, 'train_loss': 0.0015, 'train_acc': 1.0, 'task_loss': (0.0002, 0.0012)}
{'epoch': 23, 'train_loss': 0.0009, 'train_acc': 1.0, 'task_loss': (0.0002, 0.0007)}
{'epoch': 24, 'train_loss': 0.0012, 'train_acc': 1.0, 'task_loss': (0.0002, 0.0011)}
{'epoch': 25, 'train_loss': 0.0008, 'train_acc': 1.0, 'task_loss': (0.0002, 0.0006)}
{'epoch': 26, 'train_loss': 0.001, 'train_acc': 1.0, 'task_loss': (0.0002, 0.0008)}
{'epoch': 27, 'train_loss': 0.0009, 'train_acc': 1.0, 'task_loss': (0.0002, 0.0007)}
{'epoch': 28, 'train_loss': 0.0008, 'train_acc': 1.0, 'task_loss': (0.0002, 0.0006)}
{'epoch': 29, 'train_loss': 0.0009, 'train_acc': 1.0, 'task_loss': (0.0002, 0.0006)}
{'epoch': 30, 'train_loss': 0.0007, 'train_acc': 1.0, 'task_loss': (0.0002, 0.0005)}
{'epoch': 31, 'train_loss': 0.001, 'train_acc': 1.0, 'task_loss': (0.0002, 0.0008)}
{'epoch': 32, 'train_loss': 0.0006, 'train_acc': 1.0, 'task_loss': (1e-04, 0.0005)}
{'epoch': 33, 'train_loss': 0.0008, 'train_acc': 1.0, 'task_loss': (1e-04, 0.0006)}
{'epoch': 34, 'train_loss': 0.0006, 'train_acc': 1.0, 'task_loss': (1e-04, 0.0004)}
{'epoch': 35, 'train_loss': 0.0013, 'train_acc': 1.0, 'task_loss': (0.0004, 0.0009)}
{'epoch': 36, 'train_loss': 0.0005, 'train_acc': 1.0, 'task_loss': (1e-04, 0.0004)}
{'epoch': 37, 'train_loss': 0.0006, 'train_acc': 1.0, 'task_loss': (0.0002, 0.0004)}
{'epoch': 38, 'train_loss': 0.0008, 'train_acc': 1.0, 'task_loss': (0.0002, 0.0006)}
{'epoch': 39, 'train_loss': 0.0005, 'train_acc': 1.0, 'task_loss': (1e-04, 0.0004)}
{'epoch': 40, 'train_loss': 0.0005, 'train_acc': 1.0, 'task_loss': (1e-04, 0.0004)}
{'epoch': 41, 'train_loss': 0.0006, 'train_acc': 1.0, 'task_loss': (1e-04, 0.0005)}
{'epoch': 42, 'train_loss': 0.0006, 'train_acc': 1.0, 'task_loss': (1e-04, 0.0005)}
{'epoch': 43, 'train_loss': 0.0005, 'train_acc': 1.0, 'task_loss': (1e-04, 0.0004)}
{'epoch': 44, 'train_loss': 0.0006, 'train_acc': 1.0, 'task_loss': (0.0002, 0.0005)}
{'epoch': 45, 'train_loss': 0.0007, 'train_acc': 1.0, 'task_loss': (0.0002, 0.0005)}
{'epoch': 46, 'train_loss': 0.0007, 'train_acc': 1.0, 'task_loss': (1e-04, 0.0006)}
{'epoch': 47, 'train_loss': 0.0005, 'train_acc': 1.0, 'task_loss': (1e-04, 0.0004)}
{'epoch': 48, 'train_loss': 0.0005, 'train_acc': 1.0, 'task_loss': (1e-04, 0.0004)}
{'epoch': 49, 'train_loss': 0.0005, 'train_acc': 1.0, 'task_loss': (1e-04, 0.0004)}
{'epoch': 50, 'train_loss': 0.0004, 'train_acc': 1.0, 'task_loss': (1e-04, 0.0003)}
{'epoch': 51, 'train_loss': 0.0004, 'train_acc': 1.0, 'task_loss': (1e-04, 0.0003)}
{'epoch': 52, 'train_loss': 0.0004, 'train_acc': 1.0, 'task_loss': (1e-04, 0.0003)}
{'epoch': 53, 'train_loss': 0.0005, 'train_acc': 1.0, 'task_loss': (1e-04, 0.0004)}
{'epoch': 54, 'train_loss': 0.0005, 'train_acc': 1.0, 'task_loss': (1e-04, 0.0004)}
{'epoch': 55, 'train_loss': 0.0004, 'train_acc': 1.0, 'task_loss': (1e-04, 0.0003)}
{'epoch': 56, 'train_loss': 0.0003, 'train_acc': 1.0, 'task_loss': (1e-04, 0.0003)}
{'epoch': 57, 'train_loss': 0.0004, 'train_acc': 1.0, 'task_loss': (1e-04, 0.0002)}
{'epoch': 58, 'train_loss': 0.0007, 'train_acc': 1.0, 'task_loss': (0.0002, 0.0005)}
{'epoch': 59, 'train_loss': 0.0006, 'train_acc': 1.0, 'task_loss': (1e-04, 0.0005)}
{'epoch': 60, 'train_loss': 0.0003, 'train_acc': 1.0, 'task_loss': (1e-04, 0.0002)}
{'epoch': 61, 'train_loss': 0.0003, 'train_acc': 1.0, 'task_loss': (1e-04, 0.0002)}
{'epoch': 62, 'train_loss': 0.0003, 'train_acc': 1.0, 'task_loss': (1e-04, 0.0002)}
{'epoch': 63, 'train_loss': 0.0005, 'train_acc': 1.0, 'task_loss': (1e-04, 0.0004)}
{'epoch': 64, 'train_loss': 0.0004, 'train_acc': 1.0, 'task_loss': (1e-04, 0.0004)}
{'epoch': 65, 'train_loss': 0.0004, 'train_acc': 1.0, 'task_loss': (1e-04, 0.0002)}
{'epoch': 66, 'train_loss': 0.0003, 'train_acc': 1.0, 'task_loss': (1e-04, 0.0002)}
{'epoch': 67, 'train_loss': 0.0003, 'train_acc': 1.0, 'task_loss': (1e-04, 0.0002)}
{'epoch': 68, 'train_loss': 0.0003, 'train_acc': 1.0, 'task_loss': (1e-04, 0.0003)}
{'epoch': 69, 'train_loss': 0.0003, 'train_acc': 1.0, 'task_loss': (0.0, 0.0002)}
{'epoch': 70, 'train_loss': 0.0003, 'train_acc': 1.0, 'task_loss': (1e-04, 0.0003)}
{'epoch': 71, 'train_loss': 0.0003, 'train_acc': 1.0, 'task_loss': (1e-04, 0.0002)}
{'epoch': 72, 'train_loss': 0.0003, 'train_acc': 1.0, 'task_loss': (1e-04, 0.0003)}
{'epoch': 73, 'train_loss': 0.0004, 'train_acc': 1.0, 'task_loss': (1e-04, 0.0003)}
{'epoch': 74, 'train_loss': 0.0003, 'train_acc': 1.0, 'task_loss': (1e-04, 0.0002)}
{'epoch': 75, 'train_loss': 0.0005, 'train_acc': 1.0, 'task_loss': (1e-04, 0.0003)}
{'epoch': 76, 'train_loss': 0.0004, 'train_acc': 1.0, 'task_loss': (1e-04, 0.0003)}
{'epoch': 77, 'train_loss': 0.0003, 'train_acc': 1.0, 'task_loss': (1e-04, 0.0003)}
{'epoch': 78, 'train_loss': 0.0003, 'train_acc': 1.0, 'task_loss': (1e-04, 0.0002)}
{'epoch': 79, 'train_loss': 0.0003, 'train_acc': 1.0, 'task_loss': (1e-04, 0.0002)}
{'epoch': 80, 'train_loss': 0.0003, 'train_acc': 1.0, 'task_loss': (1e-04, 0.0002)}
{'epoch': 81, 'train_loss': 0.0003, 'train_acc': 1.0, 'task_loss': (1e-04, 0.0002)}
{'epoch': 82, 'train_loss': 0.0003, 'train_acc': 1.0, 'task_loss': (1e-04, 0.0002)}
{'epoch': 83, 'train_loss': 0.0003, 'train_acc': 1.0, 'task_loss': (1e-04, 0.0003)}
{'epoch': 84, 'train_loss': 0.0003, 'train_acc': 1.0, 'task_loss': (1e-04, 0.0003)}
{'epoch': 85, 'train_loss': 0.0003, 'train_acc': 1.0, 'task_loss': (1e-04, 0.0002)}
{'epoch': 86, 'train_loss': 0.0003, 'train_acc': 1.0, 'task_loss': (1e-04, 0.0002)}
{'epoch': 87, 'train_loss': 0.0004, 'train_acc': 1.0, 'task_loss': (1e-04, 0.0003)}
{'epoch': 88, 'train_loss': 0.0003, 'train_acc': 1.0, 'task_loss': (1e-04, 0.0003)}
{'epoch': 89, 'train_loss': 0.0003, 'train_acc': 1.0, 'task_loss': (1e-04, 0.0003)}
{'epoch': 90, 'train_loss': 0.0005, 'train_acc': 1.0, 'task_loss': (1e-04, 0.0004)}
{'epoch': 91, 'train_loss': 0.0004, 'train_acc': 1.0, 'task_loss': (1e-04, 0.0003)}
{'epoch': 92, 'train_loss': 0.0004, 'train_acc': 1.0, 'task_loss': (1e-04, 0.0003)}
{'epoch': 93, 'train_loss': 0.0004, 'train_acc': 1.0, 'task_loss': (1e-04, 0.0003)}
{'epoch': 94, 'train_loss': 0.0002, 'train_acc': 1.0, 'task_loss': (0.0, 0.0002)}
{'epoch': 95, 'train_loss': 0.0003, 'train_acc': 1.0, 'task_loss': (1e-04, 0.0002)}
{'epoch': 96, 'train_loss': 0.0004, 'train_acc': 1.0, 'task_loss': (1e-04, 0.0003)}
{'epoch': 97, 'train_loss': 0.0003, 'train_acc': 1.0, 'task_loss': (1e-04, 0.0003)}
{'epoch': 98, 'train_loss': 0.0003, 'train_acc': 1.0, 'task_loss': (1e-04, 0.0002)}
{'epoch': 99, 'train_loss': 0.0003, 'train_acc': 1.0, 'task_loss': (1e-04, 0.0002)}
{'epoch': 100, 'train_loss': 0.0004, 'train_acc': 1.0, 'task_loss': (1e-04, 0.0003)}
{'run_num': 7, 'final_test_err': 0.18774999999999997}
Files already downloaded and verified
Files already downloaded and verified
{'epoch': 1, 'train_loss': 0.768, 'train_acc': 0.6475, 'task_loss': (0.3988, 0.3692)}
{'epoch': 2, 'train_loss': 0.5353, 'train_acc': 0.76, 'task_loss': (0.2729, 0.2624)}
{'epoch': 3, 'train_loss': 0.3857, 'train_acc': 0.81, 'task_loss': (0.1494, 0.2363)}
{'epoch': 4, 'train_loss': 0.2421, 'train_acc': 0.885, 'task_loss': (0.0854, 0.1568)}
{'epoch': 5, 'train_loss': 0.1668, 'train_acc': 0.9275, 'task_loss': (0.0417, 0.1251)}
{'epoch': 6, 'train_loss': 0.1014, 'train_acc': 0.9625, 'task_loss': (0.0368, 0.0646)}
{'epoch': 7, 'train_loss': 0.0711, 'train_acc': 0.9675, 'task_loss': (0.0106, 0.0605)}
{'epoch': 8, 'train_loss': 0.0367, 'train_acc': 0.9875, 'task_loss': (0.0075, 0.0291)}
{'epoch': 9, 'train_loss': 0.0244, 'train_acc': 0.9925, 'task_loss': (0.005, 0.0194)}
{'epoch': 10, 'train_loss': 0.017, 'train_acc': 0.9975, 'task_loss': (0.0045, 0.0125)}
{'epoch': 11, 'train_loss': 0.0157, 'train_acc': 0.995, 'task_loss': (0.003, 0.0127)}
{'epoch': 12, 'train_loss': 0.0202, 'train_acc': 0.99, 'task_loss': (0.0039, 0.0163)}
{'epoch': 13, 'train_loss': 0.0055, 'train_acc': 1.0, 'task_loss': (0.0018, 0.0037)}
{'epoch': 14, 'train_loss': 0.0031, 'train_acc': 1.0, 'task_loss': (0.0008, 0.0024)}
{'epoch': 15, 'train_loss': 0.0028, 'train_acc': 1.0, 'task_loss': (0.0006, 0.0021)}
{'epoch': 16, 'train_loss': 0.0023, 'train_acc': 1.0, 'task_loss': (0.0004, 0.0019)}
{'epoch': 17, 'train_loss': 0.0026, 'train_acc': 1.0, 'task_loss': (0.0007, 0.0019)}
{'epoch': 18, 'train_loss': 0.0017, 'train_acc': 1.0, 'task_loss': (0.0005, 0.0012)}
{'epoch': 19, 'train_loss': 0.0016, 'train_acc': 1.0, 'task_loss': (0.0004, 0.0011)}
{'epoch': 20, 'train_loss': 0.0013, 'train_acc': 1.0, 'task_loss': (0.0003, 0.0009)}
{'epoch': 21, 'train_loss': 0.0013, 'train_acc': 1.0, 'task_loss': (0.0002, 0.0011)}
{'epoch': 22, 'train_loss': 0.0016, 'train_acc': 1.0, 'task_loss': (0.0003, 0.0013)}
{'epoch': 23, 'train_loss': 0.0009, 'train_acc': 1.0, 'task_loss': (0.0002, 0.0007)}
{'epoch': 24, 'train_loss': 0.0008, 'train_acc': 1.0, 'task_loss': (0.0002, 0.0007)}
{'epoch': 25, 'train_loss': 0.0009, 'train_acc': 1.0, 'task_loss': (0.0002, 0.0007)}
{'epoch': 26, 'train_loss': 0.0011, 'train_acc': 1.0, 'task_loss': (0.0002, 0.0008)}
{'epoch': 27, 'train_loss': 0.0007, 'train_acc': 1.0, 'task_loss': (0.0002, 0.0006)}
{'epoch': 28, 'train_loss': 0.0007, 'train_acc': 1.0, 'task_loss': (1e-04, 0.0006)}
{'epoch': 29, 'train_loss': 0.0007, 'train_acc': 1.0, 'task_loss': (0.0002, 0.0005)}
{'epoch': 30, 'train_loss': 0.0007, 'train_acc': 1.0, 'task_loss': (1e-04, 0.0006)}
{'epoch': 31, 'train_loss': 0.0007, 'train_acc': 1.0, 'task_loss': (1e-04, 0.0005)}
{'epoch': 32, 'train_loss': 0.0006, 'train_acc': 1.0, 'task_loss': (0.0002, 0.0005)}
{'epoch': 33, 'train_loss': 0.0009, 'train_acc': 1.0, 'task_loss': (0.0002, 0.0007)}
{'epoch': 34, 'train_loss': 0.0005, 'train_acc': 1.0, 'task_loss': (1e-04, 0.0004)}
{'epoch': 35, 'train_loss': 0.0008, 'train_acc': 1.0, 'task_loss': (0.0002, 0.0006)}
{'epoch': 36, 'train_loss': 0.0015, 'train_acc': 1.0, 'task_loss': (0.0005, 0.0009)}
{'epoch': 37, 'train_loss': 0.0006, 'train_acc': 1.0, 'task_loss': (1e-04, 0.0005)}
{'epoch': 38, 'train_loss': 0.0006, 'train_acc': 1.0, 'task_loss': (1e-04, 0.0005)}
{'epoch': 39, 'train_loss': 0.0005, 'train_acc': 1.0, 'task_loss': (1e-04, 0.0004)}
{'epoch': 40, 'train_loss': 0.0005, 'train_acc': 1.0, 'task_loss': (1e-04, 0.0003)}
{'epoch': 41, 'train_loss': 0.0008, 'train_acc': 1.0, 'task_loss': (1e-04, 0.0007)}
{'epoch': 42, 'train_loss': 0.0004, 'train_acc': 1.0, 'task_loss': (1e-04, 0.0003)}
{'epoch': 43, 'train_loss': 0.0004, 'train_acc': 1.0, 'task_loss': (1e-04, 0.0003)}
{'epoch': 44, 'train_loss': 0.0004, 'train_acc': 1.0, 'task_loss': (1e-04, 0.0003)}
{'epoch': 45, 'train_loss': 0.0004, 'train_acc': 1.0, 'task_loss': (1e-04, 0.0003)}
{'epoch': 46, 'train_loss': 0.0004, 'train_acc': 1.0, 'task_loss': (1e-04, 0.0003)}
{'epoch': 47, 'train_loss': 0.0005, 'train_acc': 1.0, 'task_loss': (1e-04, 0.0004)}
{'epoch': 48, 'train_loss': 0.0003, 'train_acc': 1.0, 'task_loss': (1e-04, 0.0003)}
{'epoch': 49, 'train_loss': 0.0003, 'train_acc': 1.0, 'task_loss': (1e-04, 0.0002)}
{'epoch': 50, 'train_loss': 0.0004, 'train_acc': 1.0, 'task_loss': (1e-04, 0.0003)}
{'epoch': 51, 'train_loss': 0.0004, 'train_acc': 1.0, 'task_loss': (1e-04, 0.0003)}
{'epoch': 52, 'train_loss': 0.0004, 'train_acc': 1.0, 'task_loss': (1e-04, 0.0003)}
{'epoch': 53, 'train_loss': 0.0005, 'train_acc': 1.0, 'task_loss': (1e-04, 0.0003)}
{'epoch': 54, 'train_loss': 0.0005, 'train_acc': 1.0, 'task_loss': (1e-04, 0.0004)}
{'epoch': 55, 'train_loss': 0.0005, 'train_acc': 1.0, 'task_loss': (1e-04, 0.0004)}
{'epoch': 56, 'train_loss': 0.0005, 'train_acc': 1.0, 'task_loss': (1e-04, 0.0004)}
{'epoch': 57, 'train_loss': 0.0003, 'train_acc': 1.0, 'task_loss': (1e-04, 0.0002)}
{'epoch': 58, 'train_loss': 0.0005, 'train_acc': 1.0, 'task_loss': (1e-04, 0.0003)}
{'epoch': 59, 'train_loss': 0.0003, 'train_acc': 1.0, 'task_loss': (1e-04, 0.0003)}
{'epoch': 60, 'train_loss': 0.0003, 'train_acc': 1.0, 'task_loss': (1e-04, 0.0003)}
{'epoch': 61, 'train_loss': 0.0003, 'train_acc': 1.0, 'task_loss': (1e-04, 0.0002)}
{'epoch': 62, 'train_loss': 0.0003, 'train_acc': 1.0, 'task_loss': (1e-04, 0.0002)}
{'epoch': 63, 'train_loss': 0.0003, 'train_acc': 1.0, 'task_loss': (1e-04, 0.0002)}
{'epoch': 64, 'train_loss': 0.0003, 'train_acc': 1.0, 'task_loss': (1e-04, 0.0003)}
{'epoch': 65, 'train_loss': 0.0003, 'train_acc': 1.0, 'task_loss': (1e-04, 0.0002)}
{'epoch': 66, 'train_loss': 0.0004, 'train_acc': 1.0, 'task_loss': (1e-04, 0.0003)}
{'epoch': 67, 'train_loss': 0.0004, 'train_acc': 1.0, 'task_loss': (1e-04, 0.0003)}
{'epoch': 68, 'train_loss': 0.0004, 'train_acc': 1.0, 'task_loss': (1e-04, 0.0003)}
{'epoch': 69, 'train_loss': 0.0006, 'train_acc': 1.0, 'task_loss': (1e-04, 0.0005)}
{'epoch': 70, 'train_loss': 0.0007, 'train_acc': 1.0, 'task_loss': (1e-04, 0.0006)}
{'epoch': 71, 'train_loss': 0.0003, 'train_acc': 1.0, 'task_loss': (1e-04, 0.0002)}
{'epoch': 72, 'train_loss': 0.0003, 'train_acc': 1.0, 'task_loss': (1e-04, 0.0002)}
{'epoch': 73, 'train_loss': 0.0003, 'train_acc': 1.0, 'task_loss': (1e-04, 0.0002)}
{'epoch': 74, 'train_loss': 0.0003, 'train_acc': 1.0, 'task_loss': (1e-04, 0.0002)}
{'epoch': 75, 'train_loss': 0.0003, 'train_acc': 1.0, 'task_loss': (1e-04, 0.0003)}
{'epoch': 76, 'train_loss': 0.0003, 'train_acc': 1.0, 'task_loss': (1e-04, 0.0002)}
{'epoch': 77, 'train_loss': 0.0003, 'train_acc': 1.0, 'task_loss': (1e-04, 0.0002)}
{'epoch': 78, 'train_loss': 0.0005, 'train_acc': 1.0, 'task_loss': (1e-04, 0.0004)}
{'epoch': 79, 'train_loss': 0.0003, 'train_acc': 1.0, 'task_loss': (1e-04, 0.0002)}
{'epoch': 80, 'train_loss': 0.0004, 'train_acc': 1.0, 'task_loss': (1e-04, 0.0003)}
{'epoch': 81, 'train_loss': 0.0003, 'train_acc': 1.0, 'task_loss': (1e-04, 0.0003)}
{'epoch': 82, 'train_loss': 0.0003, 'train_acc': 1.0, 'task_loss': (1e-04, 0.0002)}
{'epoch': 83, 'train_loss': 0.0003, 'train_acc': 1.0, 'task_loss': (0.0, 0.0002)}
{'epoch': 84, 'train_loss': 0.0003, 'train_acc': 1.0, 'task_loss': (1e-04, 0.0002)}
{'epoch': 85, 'train_loss': 0.0003, 'train_acc': 1.0, 'task_loss': (1e-04, 0.0002)}
{'epoch': 86, 'train_loss': 0.0004, 'train_acc': 1.0, 'task_loss': (1e-04, 0.0003)}
{'epoch': 87, 'train_loss': 0.0004, 'train_acc': 1.0, 'task_loss': (1e-04, 0.0003)}
{'epoch': 88, 'train_loss': 0.0004, 'train_acc': 1.0, 'task_loss': (1e-04, 0.0003)}
{'epoch': 89, 'train_loss': 0.0004, 'train_acc': 1.0, 'task_loss': (1e-04, 0.0003)}
{'epoch': 90, 'train_loss': 0.0003, 'train_acc': 1.0, 'task_loss': (1e-04, 0.0002)}
{'epoch': 91, 'train_loss': 0.0003, 'train_acc': 1.0, 'task_loss': (1e-04, 0.0002)}
{'epoch': 92, 'train_loss': 0.0004, 'train_acc': 1.0, 'task_loss': (1e-04, 0.0004)}
{'epoch': 93, 'train_loss': 0.0003, 'train_acc': 1.0, 'task_loss': (1e-04, 0.0002)}
{'epoch': 94, 'train_loss': 0.0003, 'train_acc': 1.0, 'task_loss': (1e-04, 0.0002)}
{'epoch': 95, 'train_loss': 0.0006, 'train_acc': 1.0, 'task_loss': (1e-04, 0.0005)}
{'epoch': 96, 'train_loss': 0.0002, 'train_acc': 1.0, 'task_loss': (1e-04, 0.0002)}
{'epoch': 97, 'train_loss': 0.0004, 'train_acc': 1.0, 'task_loss': (1e-04, 0.0003)}
{'epoch': 98, 'train_loss': 0.0003, 'train_acc': 1.0, 'task_loss': (1e-04, 0.0003)}
{'epoch': 99, 'train_loss': 0.0005, 'train_acc': 1.0, 'task_loss': (0.0002, 0.0003)}
{'epoch': 100, 'train_loss': 0.0002, 'train_acc': 1.0, 'task_loss': (1e-04, 0.0002)}
{'run_num': 8, 'final_test_err': 0.1845}
Files already downloaded and verified
Files already downloaded and verified
{'epoch': 1, 'train_loss': 0.7143, 'train_acc': 0.6675, 'task_loss': (0.3765, 0.3379)}
{'epoch': 2, 'train_loss': 0.4734, 'train_acc': 0.7775, 'task_loss': (0.2185, 0.2549)}
{'epoch': 3, 'train_loss': 0.3296, 'train_acc': 0.8625, 'task_loss': (0.1311, 0.1985)}
{'epoch': 4, 'train_loss': 0.2369, 'train_acc': 0.8725, 'task_loss': (0.0737, 0.1632)}
{'epoch': 5, 'train_loss': 0.1803, 'train_acc': 0.9275, 'task_loss': (0.0528, 0.1274)}
{'epoch': 6, 'train_loss': 0.1679, 'train_acc': 0.915, 'task_loss': (0.0561, 0.1118)}
{'epoch': 7, 'train_loss': 0.0566, 'train_acc': 0.9775, 'task_loss': (0.0132, 0.0434)}
{'epoch': 8, 'train_loss': 0.0482, 'train_acc': 0.9825, 'task_loss': (0.0126, 0.0356)}
{'epoch': 9, 'train_loss': 0.025, 'train_acc': 0.985, 'task_loss': (0.0036, 0.0214)}
{'epoch': 10, 'train_loss': 0.0148, 'train_acc': 0.9975, 'task_loss': (0.003, 0.0117)}
{'epoch': 11, 'train_loss': 0.0069, 'train_acc': 1.0, 'task_loss': (0.0023, 0.0045)}
{'epoch': 12, 'train_loss': 0.0111, 'train_acc': 0.9975, 'task_loss': (0.0018, 0.0094)}
{'epoch': 13, 'train_loss': 0.0047, 'train_acc': 1.0, 'task_loss': (0.0013, 0.0034)}
{'epoch': 14, 'train_loss': 0.0034, 'train_acc': 1.0, 'task_loss': (0.0007, 0.0027)}
{'epoch': 15, 'train_loss': 0.0021, 'train_acc': 1.0, 'task_loss': (0.0004, 0.0017)}
{'epoch': 16, 'train_loss': 0.0019, 'train_acc': 1.0, 'task_loss': (0.0004, 0.0015)}
{'epoch': 17, 'train_loss': 0.0014, 'train_acc': 1.0, 'task_loss': (0.0002, 0.0012)}
{'epoch': 18, 'train_loss': 0.0016, 'train_acc': 1.0, 'task_loss': (0.0003, 0.0014)}
{'epoch': 19, 'train_loss': 0.0016, 'train_acc': 1.0, 'task_loss': (0.0003, 0.0013)}
{'epoch': 20, 'train_loss': 0.0011, 'train_acc': 1.0, 'task_loss': (0.0002, 0.0008)}
{'epoch': 21, 'train_loss': 0.0011, 'train_acc': 1.0, 'task_loss': (0.0003, 0.0008)}
{'epoch': 22, 'train_loss': 0.0011, 'train_acc': 1.0, 'task_loss': (0.0004, 0.0007)}
{'epoch': 23, 'train_loss': 0.0009, 'train_acc': 1.0, 'task_loss': (0.0002, 0.0007)}
{'epoch': 24, 'train_loss': 0.0008, 'train_acc': 1.0, 'task_loss': (0.0002, 0.0006)}
{'epoch': 25, 'train_loss': 0.001, 'train_acc': 1.0, 'task_loss': (0.0002, 0.0008)}
{'epoch': 26, 'train_loss': 0.0006, 'train_acc': 1.0, 'task_loss': (1e-04, 0.0005)}
{'epoch': 27, 'train_loss': 0.0006, 'train_acc': 1.0, 'task_loss': (1e-04, 0.0004)}
{'epoch': 28, 'train_loss': 0.0007, 'train_acc': 1.0, 'task_loss': (1e-04, 0.0006)}
{'epoch': 29, 'train_loss': 0.0008, 'train_acc': 1.0, 'task_loss': (0.0002, 0.0006)}
{'epoch': 30, 'train_loss': 0.0005, 'train_acc': 1.0, 'task_loss': (1e-04, 0.0004)}
{'epoch': 31, 'train_loss': 0.0011, 'train_acc': 1.0, 'task_loss': (0.0002, 0.0009)}
{'epoch': 32, 'train_loss': 0.0009, 'train_acc': 1.0, 'task_loss': (1e-04, 0.0008)}
{'epoch': 33, 'train_loss': 0.0008, 'train_acc': 1.0, 'task_loss': (0.0002, 0.0006)}
{'epoch': 34, 'train_loss': 0.0008, 'train_acc': 1.0, 'task_loss': (0.0002, 0.0006)}
{'epoch': 35, 'train_loss': 0.0007, 'train_acc': 1.0, 'task_loss': (0.0002, 0.0005)}
{'epoch': 36, 'train_loss': 0.0005, 'train_acc': 1.0, 'task_loss': (1e-04, 0.0004)}
{'epoch': 37, 'train_loss': 0.0004, 'train_acc': 1.0, 'task_loss': (1e-04, 0.0003)}
{'epoch': 38, 'train_loss': 0.0004, 'train_acc': 1.0, 'task_loss': (1e-04, 0.0004)}
{'epoch': 39, 'train_loss': 0.0006, 'train_acc': 1.0, 'task_loss': (1e-04, 0.0005)}
{'epoch': 40, 'train_loss': 0.0004, 'train_acc': 1.0, 'task_loss': (1e-04, 0.0003)}
{'epoch': 41, 'train_loss': 0.0004, 'train_acc': 1.0, 'task_loss': (1e-04, 0.0003)}
{'epoch': 42, 'train_loss': 0.0003, 'train_acc': 1.0, 'task_loss': (0.0, 0.0002)}
{'epoch': 43, 'train_loss': 0.0004, 'train_acc': 1.0, 'task_loss': (1e-04, 0.0003)}
{'epoch': 44, 'train_loss': 0.0005, 'train_acc': 1.0, 'task_loss': (0.0002, 0.0003)}
{'epoch': 45, 'train_loss': 0.0004, 'train_acc': 1.0, 'task_loss': (1e-04, 0.0003)}
{'epoch': 46, 'train_loss': 0.0005, 'train_acc': 1.0, 'task_loss': (1e-04, 0.0004)}
{'epoch': 47, 'train_loss': 0.0004, 'train_acc': 1.0, 'task_loss': (1e-04, 0.0003)}
{'epoch': 48, 'train_loss': 0.0005, 'train_acc': 1.0, 'task_loss': (1e-04, 0.0004)}
{'epoch': 49, 'train_loss': 0.0004, 'train_acc': 1.0, 'task_loss': (1e-04, 0.0003)}
{'epoch': 50, 'train_loss': 0.0004, 'train_acc': 1.0, 'task_loss': (1e-04, 0.0003)}
{'epoch': 51, 'train_loss': 0.0004, 'train_acc': 1.0, 'task_loss': (1e-04, 0.0003)}
{'epoch': 52, 'train_loss': 0.0012, 'train_acc': 1.0, 'task_loss': (0.0003, 0.0009)}
{'epoch': 53, 'train_loss': 0.0004, 'train_acc': 1.0, 'task_loss': (1e-04, 0.0003)}
{'epoch': 54, 'train_loss': 0.0007, 'train_acc': 1.0, 'task_loss': (0.0002, 0.0005)}
{'epoch': 55, 'train_loss': 0.0004, 'train_acc': 1.0, 'task_loss': (1e-04, 0.0003)}
{'epoch': 56, 'train_loss': 0.0003, 'train_acc': 1.0, 'task_loss': (1e-04, 0.0003)}
{'epoch': 57, 'train_loss': 0.0003, 'train_acc': 1.0, 'task_loss': (1e-04, 0.0002)}
{'epoch': 58, 'train_loss': 0.0003, 'train_acc': 1.0, 'task_loss': (0.0, 0.0003)}
{'epoch': 59, 'train_loss': 0.0003, 'train_acc': 1.0, 'task_loss': (1e-04, 0.0002)}
{'epoch': 60, 'train_loss': 0.0004, 'train_acc': 1.0, 'task_loss': (1e-04, 0.0003)}
{'epoch': 61, 'train_loss': 0.0003, 'train_acc': 1.0, 'task_loss': (1e-04, 0.0003)}
{'epoch': 62, 'train_loss': 0.0003, 'train_acc': 1.0, 'task_loss': (1e-04, 0.0002)}
{'epoch': 63, 'train_loss': 0.0002, 'train_acc': 1.0, 'task_loss': (1e-04, 0.0002)}
{'epoch': 64, 'train_loss': 0.0003, 'train_acc': 1.0, 'task_loss': (0.0, 0.0002)}
{'epoch': 65, 'train_loss': 0.0003, 'train_acc': 1.0, 'task_loss': (1e-04, 0.0003)}
{'epoch': 66, 'train_loss': 0.0003, 'train_acc': 1.0, 'task_loss': (1e-04, 0.0002)}
{'epoch': 67, 'train_loss': 0.0003, 'train_acc': 1.0, 'task_loss': (1e-04, 0.0002)}
{'epoch': 68, 'train_loss': 0.0002, 'train_acc': 1.0, 'task_loss': (1e-04, 0.0002)}
{'epoch': 69, 'train_loss': 0.0004, 'train_acc': 1.0, 'task_loss': (1e-04, 0.0003)}
{'epoch': 70, 'train_loss': 0.0003, 'train_acc': 1.0, 'task_loss': (1e-04, 0.0002)}
{'epoch': 71, 'train_loss': 0.0003, 'train_acc': 1.0, 'task_loss': (1e-04, 0.0003)}
{'epoch': 72, 'train_loss': 0.0003, 'train_acc': 1.0, 'task_loss': (1e-04, 0.0002)}
{'epoch': 73, 'train_loss': 0.0003, 'train_acc': 1.0, 'task_loss': (1e-04, 0.0002)}
{'epoch': 74, 'train_loss': 0.0003, 'train_acc': 1.0, 'task_loss': (0.0, 0.0002)}
{'epoch': 75, 'train_loss': 0.0002, 'train_acc': 1.0, 'task_loss': (0.0, 0.0002)}
{'epoch': 76, 'train_loss': 0.0004, 'train_acc': 1.0, 'task_loss': (1e-04, 0.0003)}
{'epoch': 77, 'train_loss': 0.0002, 'train_acc': 1.0, 'task_loss': (1e-04, 0.0002)}
{'epoch': 78, 'train_loss': 0.0005, 'train_acc': 1.0, 'task_loss': (1e-04, 0.0004)}
{'epoch': 79, 'train_loss': 0.0003, 'train_acc': 1.0, 'task_loss': (1e-04, 0.0002)}
{'epoch': 80, 'train_loss': 0.0002, 'train_acc': 1.0, 'task_loss': (0.0, 0.0002)}
{'epoch': 81, 'train_loss': 0.0003, 'train_acc': 1.0, 'task_loss': (1e-04, 0.0002)}
{'epoch': 82, 'train_loss': 0.0003, 'train_acc': 1.0, 'task_loss': (1e-04, 0.0002)}
{'epoch': 83, 'train_loss': 0.0002, 'train_acc': 1.0, 'task_loss': (1e-04, 0.0002)}
{'epoch': 84, 'train_loss': 0.0003, 'train_acc': 1.0, 'task_loss': (0.0, 0.0002)}
{'epoch': 85, 'train_loss': 0.0003, 'train_acc': 1.0, 'task_loss': (1e-04, 0.0003)}
{'epoch': 86, 'train_loss': 0.0004, 'train_acc': 1.0, 'task_loss': (1e-04, 0.0003)}
{'epoch': 87, 'train_loss': 0.0004, 'train_acc': 1.0, 'task_loss': (1e-04, 0.0003)}
{'epoch': 88, 'train_loss': 0.0003, 'train_acc': 1.0, 'task_loss': (1e-04, 0.0002)}
{'epoch': 89, 'train_loss': 0.0003, 'train_acc': 1.0, 'task_loss': (0.0, 0.0002)}
{'epoch': 90, 'train_loss': 0.0003, 'train_acc': 1.0, 'task_loss': (1e-04, 0.0002)}
{'epoch': 91, 'train_loss': 0.0004, 'train_acc': 1.0, 'task_loss': (0.0002, 0.0002)}
{'epoch': 92, 'train_loss': 0.0003, 'train_acc': 1.0, 'task_loss': (1e-04, 0.0002)}
{'epoch': 93, 'train_loss': 0.0004, 'train_acc': 1.0, 'task_loss': (1e-04, 0.0003)}
{'epoch': 94, 'train_loss': 0.0002, 'train_acc': 1.0, 'task_loss': (0.0, 0.0002)}
{'epoch': 95, 'train_loss': 0.0002, 'train_acc': 1.0, 'task_loss': (1e-04, 0.0002)}
{'epoch': 96, 'train_loss': 0.0002, 'train_acc': 1.0, 'task_loss': (0.0, 0.0002)}
{'epoch': 97, 'train_loss': 0.0003, 'train_acc': 1.0, 'task_loss': (1e-04, 0.0002)}
{'epoch': 98, 'train_loss': 0.0003, 'train_acc': 1.0, 'task_loss': (1e-04, 0.0002)}
{'epoch': 99, 'train_loss': 0.0002, 'train_acc': 1.0, 'task_loss': (1e-04, 0.0002)}
{'epoch': 100, 'train_loss': 0.0002, 'train_acc': 1.0, 'task_loss': (1e-04, 0.0002)}
{'run_num': 9, 'final_test_err': 0.1825}
{'avg_err': 0.1828, 'std_err': 0.0047}
