{'deploy': True, 'tag': '02_beta/ta_sampler_loss', 'seed': 10, 'device': 'cuda:0', 'reps': 10, 'loss': {'alpha': 0.5, 'tune_alpha': False, 'group_task_loss': True}, 'task': {'dataset': 'split_cifar10', 'task_map': [[0, 1], [2, 3], [4, 5], [6, 7], [8, 9]], 'target': 0, 'ood': [4], 'augment': False, 'n': 50, 'm_n': 3, 'beta': 0.2, 'custom_sampler': True}, 'hp': {'epochs': 100, 'bs': 16, 'lr': 0.01}, 'net': 'conv'}
Files already downloaded and verified
Files already downloaded and verified
{'epoch': 1, 'train_loss': 0.7461, 'train_acc': 0.6747, 'task_loss': (0.342, 0.4041)}
{'epoch': 2, 'train_loss': 0.7026, 'train_acc': 0.7105, 'task_loss': (0.391, 0.3116)}
{'epoch': 3, 'train_loss': 0.5111, 'train_acc': 0.7748, 'task_loss': (0.2533, 0.2577)}
{'epoch': 4, 'train_loss': 0.3398, 'train_acc': 0.84, 'task_loss': (0.1389, 0.2009)}
{'epoch': 5, 'train_loss': 0.253, 'train_acc': 0.8794, 'task_loss': (0.0731, 0.1798)}
{'epoch': 6, 'train_loss': 0.1817, 'train_acc': 0.8981, 'task_loss': (0.0596, 0.1221)}
{'epoch': 7, 'train_loss': 0.0798, 'train_acc': 0.9625, 'task_loss': (0.0181, 0.0617)}
{'epoch': 8, 'train_loss': 0.0713, 'train_acc': 0.9653, 'task_loss': (0.0208, 0.0505)}
{'epoch': 9, 'train_loss': 0.0439, 'train_acc': 0.9866, 'task_loss': (0.0166, 0.0273)}
{'epoch': 10, 'train_loss': 0.024, 'train_acc': 0.9973, 'task_loss': (0.0044, 0.0196)}
{'epoch': 11, 'train_loss': 0.0132, 'train_acc': 1.0, 'task_loss': (0.002, 0.0112)}
{'epoch': 12, 'train_loss': 0.0101, 'train_acc': 1.0, 'task_loss': (0.0018, 0.0083)}
{'epoch': 13, 'train_loss': 0.006, 'train_acc': 1.0, 'task_loss': (0.001, 0.005)}
{'epoch': 14, 'train_loss': 0.005, 'train_acc': 1.0, 'task_loss': (0.0009, 0.0041)}
{'epoch': 15, 'train_loss': 0.0039, 'train_acc': 1.0, 'task_loss': (0.0009, 0.003)}
{'epoch': 16, 'train_loss': 0.0028, 'train_acc': 1.0, 'task_loss': (0.0006, 0.0022)}
{'epoch': 17, 'train_loss': 0.0035, 'train_acc': 1.0, 'task_loss': (0.0007, 0.0027)}
{'epoch': 18, 'train_loss': 0.0028, 'train_acc': 1.0, 'task_loss': (0.0005, 0.0022)}
{'epoch': 19, 'train_loss': 0.0029, 'train_acc': 1.0, 'task_loss': (0.0007, 0.0022)}
{'epoch': 20, 'train_loss': 0.0018, 'train_acc': 1.0, 'task_loss': (0.0003, 0.0015)}
{'epoch': 21, 'train_loss': 0.0018, 'train_acc': 1.0, 'task_loss': (0.0003, 0.0015)}
{'epoch': 22, 'train_loss': 0.0019, 'train_acc': 1.0, 'task_loss': (0.0002, 0.0017)}
{'epoch': 23, 'train_loss': 0.0018, 'train_acc': 1.0, 'task_loss': (0.0003, 0.0015)}
{'epoch': 24, 'train_loss': 0.0017, 'train_acc': 1.0, 'task_loss': (0.0003, 0.0014)}
{'epoch': 25, 'train_loss': 0.0012, 'train_acc': 1.0, 'task_loss': (0.0002, 0.001)}
{'epoch': 26, 'train_loss': 0.0017, 'train_acc': 1.0, 'task_loss': (0.0003, 0.0015)}
{'epoch': 27, 'train_loss': 0.0013, 'train_acc': 1.0, 'task_loss': (0.0003, 0.0011)}
{'epoch': 28, 'train_loss': 0.0016, 'train_acc': 1.0, 'task_loss': (0.0002, 0.0014)}
{'epoch': 29, 'train_loss': 0.0012, 'train_acc': 1.0, 'task_loss': (0.0003, 0.0009)}
{'epoch': 30, 'train_loss': 0.0013, 'train_acc': 1.0, 'task_loss': (0.0004, 0.0009)}
{'epoch': 31, 'train_loss': 0.0009, 'train_acc': 1.0, 'task_loss': (0.0002, 0.0007)}
{'epoch': 32, 'train_loss': 0.0018, 'train_acc': 1.0, 'task_loss': (0.0002, 0.0016)}
{'epoch': 33, 'train_loss': 0.0009, 'train_acc': 1.0, 'task_loss': (0.0002, 0.0007)}
{'epoch': 34, 'train_loss': 0.0009, 'train_acc': 1.0, 'task_loss': (1e-04, 0.0008)}
{'epoch': 35, 'train_loss': 0.0014, 'train_acc': 1.0, 'task_loss': (0.0004, 0.0011)}
{'epoch': 36, 'train_loss': 0.0012, 'train_acc': 1.0, 'task_loss': (0.0002, 0.001)}
{'epoch': 37, 'train_loss': 0.0007, 'train_acc': 1.0, 'task_loss': (1e-04, 0.0006)}
{'epoch': 38, 'train_loss': 0.0007, 'train_acc': 1.0, 'task_loss': (0.0002, 0.0006)}
{'epoch': 39, 'train_loss': 0.0009, 'train_acc': 1.0, 'task_loss': (0.0002, 0.0007)}
{'epoch': 40, 'train_loss': 0.001, 'train_acc': 1.0, 'task_loss': (0.0002, 0.0009)}
{'epoch': 41, 'train_loss': 0.0006, 'train_acc': 1.0, 'task_loss': (1e-04, 0.0005)}
{'epoch': 42, 'train_loss': 0.0006, 'train_acc': 1.0, 'task_loss': (1e-04, 0.0005)}
{'epoch': 43, 'train_loss': 0.0008, 'train_acc': 1.0, 'task_loss': (1e-04, 0.0006)}
{'epoch': 44, 'train_loss': 0.0008, 'train_acc': 1.0, 'task_loss': (0.0002, 0.0007)}
{'epoch': 45, 'train_loss': 0.0006, 'train_acc': 1.0, 'task_loss': (1e-04, 0.0005)}
{'epoch': 46, 'train_loss': 0.0009, 'train_acc': 1.0, 'task_loss': (0.0002, 0.0007)}
{'epoch': 47, 'train_loss': 0.0005, 'train_acc': 1.0, 'task_loss': (1e-04, 0.0004)}
{'epoch': 48, 'train_loss': 0.0006, 'train_acc': 1.0, 'task_loss': (0.0002, 0.0005)}
{'epoch': 49, 'train_loss': 0.0008, 'train_acc': 1.0, 'task_loss': (1e-04, 0.0007)}
{'epoch': 50, 'train_loss': 0.0006, 'train_acc': 1.0, 'task_loss': (1e-04, 0.0004)}
{'epoch': 51, 'train_loss': 0.0011, 'train_acc': 1.0, 'task_loss': (0.0003, 0.0008)}
{'epoch': 52, 'train_loss': 0.0009, 'train_acc': 1.0, 'task_loss': (0.0002, 0.0007)}
{'epoch': 53, 'train_loss': 0.0006, 'train_acc': 1.0, 'task_loss': (1e-04, 0.0005)}
{'epoch': 54, 'train_loss': 0.0005, 'train_acc': 1.0, 'task_loss': (1e-04, 0.0004)}
{'epoch': 55, 'train_loss': 0.0005, 'train_acc': 1.0, 'task_loss': (0.0, 0.0004)}
{'epoch': 56, 'train_loss': 0.0005, 'train_acc': 1.0, 'task_loss': (1e-04, 0.0004)}
{'epoch': 57, 'train_loss': 0.0006, 'train_acc': 1.0, 'task_loss': (1e-04, 0.0005)}
{'epoch': 58, 'train_loss': 0.0007, 'train_acc': 1.0, 'task_loss': (1e-04, 0.0006)}
{'epoch': 59, 'train_loss': 0.0005, 'train_acc': 1.0, 'task_loss': (1e-04, 0.0004)}
{'epoch': 60, 'train_loss': 0.0005, 'train_acc': 1.0, 'task_loss': (1e-04, 0.0004)}
{'epoch': 61, 'train_loss': 0.0006, 'train_acc': 1.0, 'task_loss': (1e-04, 0.0004)}
{'epoch': 62, 'train_loss': 0.0006, 'train_acc': 1.0, 'task_loss': (1e-04, 0.0004)}
{'epoch': 63, 'train_loss': 0.0009, 'train_acc': 1.0, 'task_loss': (1e-04, 0.0008)}
{'epoch': 64, 'train_loss': 0.0006, 'train_acc': 1.0, 'task_loss': (1e-04, 0.0005)}
{'epoch': 65, 'train_loss': 0.0006, 'train_acc': 1.0, 'task_loss': (1e-04, 0.0005)}
{'epoch': 66, 'train_loss': 0.0005, 'train_acc': 1.0, 'task_loss': (0.0002, 0.0004)}
{'epoch': 67, 'train_loss': 0.0004, 'train_acc': 1.0, 'task_loss': (1e-04, 0.0003)}
{'epoch': 68, 'train_loss': 0.0004, 'train_acc': 1.0, 'task_loss': (1e-04, 0.0004)}
{'epoch': 69, 'train_loss': 0.0006, 'train_acc': 1.0, 'task_loss': (1e-04, 0.0005)}
{'epoch': 70, 'train_loss': 0.0005, 'train_acc': 1.0, 'task_loss': (1e-04, 0.0004)}
{'epoch': 71, 'train_loss': 0.0004, 'train_acc': 1.0, 'task_loss': (1e-04, 0.0003)}
{'epoch': 72, 'train_loss': 0.0005, 'train_acc': 1.0, 'task_loss': (1e-04, 0.0004)}
{'epoch': 73, 'train_loss': 0.0004, 'train_acc': 1.0, 'task_loss': (1e-04, 0.0003)}
{'epoch': 74, 'train_loss': 0.0005, 'train_acc': 1.0, 'task_loss': (1e-04, 0.0004)}
{'epoch': 75, 'train_loss': 0.0004, 'train_acc': 1.0, 'task_loss': (1e-04, 0.0003)}
{'epoch': 76, 'train_loss': 0.0006, 'train_acc': 1.0, 'task_loss': (1e-04, 0.0005)}
{'epoch': 77, 'train_loss': 0.0006, 'train_acc': 1.0, 'task_loss': (1e-04, 0.0005)}
{'epoch': 78, 'train_loss': 0.0004, 'train_acc': 1.0, 'task_loss': (1e-04, 0.0003)}
{'epoch': 79, 'train_loss': 0.0006, 'train_acc': 1.0, 'task_loss': (1e-04, 0.0005)}
{'epoch': 80, 'train_loss': 0.0005, 'train_acc': 1.0, 'task_loss': (1e-04, 0.0004)}
{'epoch': 81, 'train_loss': 0.0005, 'train_acc': 1.0, 'task_loss': (1e-04, 0.0003)}
{'epoch': 82, 'train_loss': 0.0005, 'train_acc': 1.0, 'task_loss': (1e-04, 0.0004)}
{'epoch': 83, 'train_loss': 0.0006, 'train_acc': 1.0, 'task_loss': (1e-04, 0.0005)}
{'epoch': 84, 'train_loss': 0.0003, 'train_acc': 1.0, 'task_loss': (1e-04, 0.0002)}
{'epoch': 85, 'train_loss': 0.001, 'train_acc': 1.0, 'task_loss': (1e-04, 0.0008)}
{'epoch': 86, 'train_loss': 0.0007, 'train_acc': 1.0, 'task_loss': (0.0002, 0.0005)}
{'epoch': 87, 'train_loss': 0.0004, 'train_acc': 1.0, 'task_loss': (1e-04, 0.0003)}
{'epoch': 88, 'train_loss': 0.0005, 'train_acc': 1.0, 'task_loss': (1e-04, 0.0003)}
{'epoch': 89, 'train_loss': 0.0005, 'train_acc': 1.0, 'task_loss': (1e-04, 0.0004)}
{'epoch': 90, 'train_loss': 0.0005, 'train_acc': 1.0, 'task_loss': (1e-04, 0.0004)}
{'epoch': 91, 'train_loss': 0.0006, 'train_acc': 1.0, 'task_loss': (1e-04, 0.0005)}
{'epoch': 92, 'train_loss': 0.0004, 'train_acc': 1.0, 'task_loss': (1e-04, 0.0004)}
{'epoch': 93, 'train_loss': 0.0005, 'train_acc': 1.0, 'task_loss': (0.0002, 0.0004)}
{'epoch': 94, 'train_loss': 0.0005, 'train_acc': 1.0, 'task_loss': (1e-04, 0.0004)}
{'epoch': 95, 'train_loss': 0.0005, 'train_acc': 1.0, 'task_loss': (1e-04, 0.0004)}
{'epoch': 96, 'train_loss': 0.0004, 'train_acc': 1.0, 'task_loss': (1e-04, 0.0003)}
{'epoch': 97, 'train_loss': 0.0005, 'train_acc': 1.0, 'task_loss': (1e-04, 0.0004)}
{'epoch': 98, 'train_loss': 0.0004, 'train_acc': 1.0, 'task_loss': (1e-04, 0.0003)}
{'epoch': 99, 'train_loss': 0.0004, 'train_acc': 1.0, 'task_loss': (1e-04, 0.0004)}
{'epoch': 100, 'train_loss': 0.0004, 'train_acc': 1.0, 'task_loss': (1e-04, 0.0003)}
{'run_num': 0, 'final_test_err': 0.18874999999999997}
Files already downloaded and verified
Files already downloaded and verified
{'epoch': 1, 'train_loss': 0.737, 'train_acc': 0.6267, 'task_loss': (0.3598, 0.3772)}
{'epoch': 2, 'train_loss': 0.6511, 'train_acc': 0.6863, 'task_loss': (0.3405, 0.3106)}
{'epoch': 3, 'train_loss': 0.5169, 'train_acc': 0.7802, 'task_loss': (0.2291, 0.2877)}
{'epoch': 4, 'train_loss': 0.3322, 'train_acc': 0.8293, 'task_loss': (0.1433, 0.1889)}
{'epoch': 5, 'train_loss': 0.2845, 'train_acc': 0.8633, 'task_loss': (0.124, 0.1605)}
{'epoch': 6, 'train_loss': 0.2121, 'train_acc': 0.8981, 'task_loss': (0.0777, 0.1344)}
{'epoch': 7, 'train_loss': 0.087, 'train_acc': 0.9598, 'task_loss': (0.0176, 0.0694)}
{'epoch': 8, 'train_loss': 0.0764, 'train_acc': 0.9627, 'task_loss': (0.0188, 0.0575)}
{'epoch': 9, 'train_loss': 0.0273, 'train_acc': 0.992, 'task_loss': (0.0051, 0.0223)}
{'epoch': 10, 'train_loss': 0.0242, 'train_acc': 0.992, 'task_loss': (0.0087, 0.0154)}
{'epoch': 11, 'train_loss': 0.0118, 'train_acc': 0.9973, 'task_loss': (0.0021, 0.0096)}
{'epoch': 12, 'train_loss': 0.0076, 'train_acc': 1.0, 'task_loss': (0.0015, 0.006)}
{'epoch': 13, 'train_loss': 0.0047, 'train_acc': 1.0, 'task_loss': (0.001, 0.0037)}
{'epoch': 14, 'train_loss': 0.0053, 'train_acc': 1.0, 'task_loss': (0.0014, 0.0039)}
{'epoch': 15, 'train_loss': 0.0032, 'train_acc': 1.0, 'task_loss': (0.0007, 0.0025)}
{'epoch': 16, 'train_loss': 0.0027, 'train_acc': 1.0, 'task_loss': (0.0004, 0.0023)}
{'epoch': 17, 'train_loss': 0.0059, 'train_acc': 0.9973, 'task_loss': (0.0017, 0.0042)}
{'epoch': 18, 'train_loss': 0.0041, 'train_acc': 1.0, 'task_loss': (0.0005, 0.0036)}
{'epoch': 19, 'train_loss': 0.004, 'train_acc': 1.0, 'task_loss': (0.0011, 0.0029)}
{'epoch': 20, 'train_loss': 0.0023, 'train_acc': 1.0, 'task_loss': (0.0006, 0.0017)}
{'epoch': 21, 'train_loss': 0.0016, 'train_acc': 1.0, 'task_loss': (0.0003, 0.0013)}
{'epoch': 22, 'train_loss': 0.0012, 'train_acc': 1.0, 'task_loss': (0.0003, 0.001)}
{'epoch': 23, 'train_loss': 0.0016, 'train_acc': 1.0, 'task_loss': (0.0003, 0.0013)}
{'epoch': 24, 'train_loss': 0.0014, 'train_acc': 1.0, 'task_loss': (0.0002, 0.0012)}
{'epoch': 25, 'train_loss': 0.0013, 'train_acc': 1.0, 'task_loss': (0.0004, 0.0009)}
{'epoch': 26, 'train_loss': 0.0011, 'train_acc': 1.0, 'task_loss': (0.0003, 0.0008)}
{'epoch': 27, 'train_loss': 0.002, 'train_acc': 1.0, 'task_loss': (0.001, 0.001)}
{'epoch': 28, 'train_loss': 0.0011, 'train_acc': 1.0, 'task_loss': (1e-04, 0.001)}
{'epoch': 29, 'train_loss': 0.0011, 'train_acc': 1.0, 'task_loss': (0.0002, 0.0009)}
{'epoch': 30, 'train_loss': 0.0012, 'train_acc': 1.0, 'task_loss': (0.0003, 0.0009)}
{'epoch': 31, 'train_loss': 0.0013, 'train_acc': 1.0, 'task_loss': (0.0002, 0.001)}
{'epoch': 32, 'train_loss': 0.0007, 'train_acc': 1.0, 'task_loss': (0.0002, 0.0005)}
{'epoch': 33, 'train_loss': 0.001, 'train_acc': 1.0, 'task_loss': (1e-04, 0.0009)}
{'epoch': 34, 'train_loss': 0.0008, 'train_acc': 1.0, 'task_loss': (0.0002, 0.0006)}
{'epoch': 35, 'train_loss': 0.0006, 'train_acc': 1.0, 'task_loss': (1e-04, 0.0005)}
{'epoch': 36, 'train_loss': 0.0006, 'train_acc': 1.0, 'task_loss': (1e-04, 0.0005)}
{'epoch': 37, 'train_loss': 0.0006, 'train_acc': 1.0, 'task_loss': (1e-04, 0.0005)}
{'epoch': 38, 'train_loss': 0.0007, 'train_acc': 1.0, 'task_loss': (1e-04, 0.0006)}
{'epoch': 39, 'train_loss': 0.0007, 'train_acc': 1.0, 'task_loss': (0.0002, 0.0005)}
{'epoch': 40, 'train_loss': 0.0007, 'train_acc': 1.0, 'task_loss': (1e-04, 0.0005)}
{'epoch': 41, 'train_loss': 0.0006, 'train_acc': 1.0, 'task_loss': (1e-04, 0.0005)}
{'epoch': 42, 'train_loss': 0.0006, 'train_acc': 1.0, 'task_loss': (1e-04, 0.0005)}
{'epoch': 43, 'train_loss': 0.0005, 'train_acc': 1.0, 'task_loss': (1e-04, 0.0004)}
{'epoch': 44, 'train_loss': 0.0006, 'train_acc': 1.0, 'task_loss': (0.0002, 0.0004)}
{'epoch': 45, 'train_loss': 0.0007, 'train_acc': 1.0, 'task_loss': (0.0002, 0.0005)}
{'epoch': 46, 'train_loss': 0.0005, 'train_acc': 1.0, 'task_loss': (1e-04, 0.0005)}
{'epoch': 47, 'train_loss': 0.0007, 'train_acc': 1.0, 'task_loss': (1e-04, 0.0006)}
{'epoch': 48, 'train_loss': 0.0006, 'train_acc': 1.0, 'task_loss': (1e-04, 0.0005)}
{'epoch': 49, 'train_loss': 0.0005, 'train_acc': 1.0, 'task_loss': (0.0002, 0.0003)}
{'epoch': 50, 'train_loss': 0.0005, 'train_acc': 1.0, 'task_loss': (1e-04, 0.0004)}
{'epoch': 51, 'train_loss': 0.0004, 'train_acc': 1.0, 'task_loss': (1e-04, 0.0003)}
{'epoch': 52, 'train_loss': 0.0006, 'train_acc': 1.0, 'task_loss': (1e-04, 0.0005)}
{'epoch': 53, 'train_loss': 0.0006, 'train_acc': 1.0, 'task_loss': (1e-04, 0.0005)}
{'epoch': 54, 'train_loss': 0.0005, 'train_acc': 1.0, 'task_loss': (0.0002, 0.0004)}
{'epoch': 55, 'train_loss': 0.0003, 'train_acc': 1.0, 'task_loss': (1e-04, 0.0003)}
{'epoch': 56, 'train_loss': 0.0004, 'train_acc': 1.0, 'task_loss': (1e-04, 0.0003)}
{'epoch': 57, 'train_loss': 0.0004, 'train_acc': 1.0, 'task_loss': (1e-04, 0.0004)}
{'epoch': 58, 'train_loss': 0.0004, 'train_acc': 1.0, 'task_loss': (1e-04, 0.0004)}
{'epoch': 59, 'train_loss': 0.0006, 'train_acc': 1.0, 'task_loss': (1e-04, 0.0005)}
{'epoch': 60, 'train_loss': 0.0009, 'train_acc': 1.0, 'task_loss': (1e-04, 0.0008)}
{'epoch': 61, 'train_loss': 0.0004, 'train_acc': 1.0, 'task_loss': (1e-04, 0.0003)}
{'epoch': 62, 'train_loss': 0.0005, 'train_acc': 1.0, 'task_loss': (1e-04, 0.0004)}
{'epoch': 63, 'train_loss': 0.0006, 'train_acc': 1.0, 'task_loss': (0.0002, 0.0004)}
{'epoch': 64, 'train_loss': 0.0006, 'train_acc': 1.0, 'task_loss': (1e-04, 0.0005)}
{'epoch': 65, 'train_loss': 0.0005, 'train_acc': 1.0, 'task_loss': (1e-04, 0.0003)}
{'epoch': 66, 'train_loss': 0.0005, 'train_acc': 1.0, 'task_loss': (1e-04, 0.0004)}
{'epoch': 67, 'train_loss': 0.0004, 'train_acc': 1.0, 'task_loss': (1e-04, 0.0004)}
{'epoch': 68, 'train_loss': 0.0003, 'train_acc': 1.0, 'task_loss': (1e-04, 0.0002)}
{'epoch': 69, 'train_loss': 0.0005, 'train_acc': 1.0, 'task_loss': (1e-04, 0.0004)}
{'epoch': 70, 'train_loss': 0.0006, 'train_acc': 1.0, 'task_loss': (1e-04, 0.0005)}
{'epoch': 71, 'train_loss': 0.0005, 'train_acc': 1.0, 'task_loss': (0.0, 0.0005)}
{'epoch': 72, 'train_loss': 0.0003, 'train_acc': 1.0, 'task_loss': (1e-04, 0.0003)}
{'epoch': 73, 'train_loss': 0.0004, 'train_acc': 1.0, 'task_loss': (1e-04, 0.0003)}
{'epoch': 74, 'train_loss': 0.0004, 'train_acc': 1.0, 'task_loss': (1e-04, 0.0003)}
{'epoch': 75, 'train_loss': 0.0004, 'train_acc': 1.0, 'task_loss': (1e-04, 0.0003)}
{'epoch': 76, 'train_loss': 0.0007, 'train_acc': 1.0, 'task_loss': (0.0002, 0.0004)}
{'epoch': 77, 'train_loss': 0.0004, 'train_acc': 1.0, 'task_loss': (1e-04, 0.0003)}
{'epoch': 78, 'train_loss': 0.0004, 'train_acc': 1.0, 'task_loss': (1e-04, 0.0003)}
{'epoch': 79, 'train_loss': 0.0004, 'train_acc': 1.0, 'task_loss': (1e-04, 0.0003)}
{'epoch': 80, 'train_loss': 0.0004, 'train_acc': 1.0, 'task_loss': (1e-04, 0.0003)}
{'epoch': 81, 'train_loss': 0.0004, 'train_acc': 1.0, 'task_loss': (1e-04, 0.0003)}
{'epoch': 82, 'train_loss': 0.0004, 'train_acc': 1.0, 'task_loss': (1e-04, 0.0003)}
{'epoch': 83, 'train_loss': 0.0006, 'train_acc': 1.0, 'task_loss': (0.0002, 0.0004)}
{'epoch': 84, 'train_loss': 0.0006, 'train_acc': 1.0, 'task_loss': (0.0002, 0.0004)}
{'epoch': 85, 'train_loss': 0.0003, 'train_acc': 1.0, 'task_loss': (1e-04, 0.0002)}
{'epoch': 86, 'train_loss': 0.0004, 'train_acc': 1.0, 'task_loss': (1e-04, 0.0003)}
{'epoch': 87, 'train_loss': 0.0004, 'train_acc': 1.0, 'task_loss': (1e-04, 0.0003)}
{'epoch': 88, 'train_loss': 0.0005, 'train_acc': 1.0, 'task_loss': (1e-04, 0.0004)}
{'epoch': 89, 'train_loss': 0.0005, 'train_acc': 1.0, 'task_loss': (1e-04, 0.0004)}
{'epoch': 90, 'train_loss': 0.0004, 'train_acc': 1.0, 'task_loss': (0.0, 0.0003)}
{'epoch': 91, 'train_loss': 0.0004, 'train_acc': 1.0, 'task_loss': (1e-04, 0.0002)}
{'epoch': 92, 'train_loss': 0.0003, 'train_acc': 1.0, 'task_loss': (1e-04, 0.0003)}
{'epoch': 93, 'train_loss': 0.0003, 'train_acc': 1.0, 'task_loss': (1e-04, 0.0003)}
{'epoch': 94, 'train_loss': 0.0006, 'train_acc': 1.0, 'task_loss': (1e-04, 0.0004)}
{'epoch': 95, 'train_loss': 0.0003, 'train_acc': 1.0, 'task_loss': (1e-04, 0.0002)}
{'epoch': 96, 'train_loss': 0.0004, 'train_acc': 1.0, 'task_loss': (1e-04, 0.0003)}
{'epoch': 97, 'train_loss': 0.0006, 'train_acc': 1.0, 'task_loss': (0.0002, 0.0004)}
{'epoch': 98, 'train_loss': 0.0003, 'train_acc': 1.0, 'task_loss': (0.0, 0.0003)}
{'epoch': 99, 'train_loss': 0.0005, 'train_acc': 1.0, 'task_loss': (1e-04, 0.0004)}
{'epoch': 100, 'train_loss': 0.0004, 'train_acc': 1.0, 'task_loss': (1e-04, 0.0003)}
{'run_num': 1, 'final_test_err': 0.1855}
Files already downloaded and verified
Files already downloaded and verified
{'epoch': 1, 'train_loss': 0.7878, 'train_acc': 0.6267, 'task_loss': (0.3849, 0.4029)}
{'epoch': 2, 'train_loss': 0.7472, 'train_acc': 0.7078, 'task_loss': (0.3845, 0.3628)}
{'epoch': 3, 'train_loss': 0.4704, 'train_acc': 0.7802, 'task_loss': (0.1801, 0.2903)}
{'epoch': 4, 'train_loss': 0.2911, 'train_acc': 0.872, 'task_loss': (0.1015, 0.1896)}
{'epoch': 5, 'train_loss': 0.2731, 'train_acc': 0.8794, 'task_loss': (0.1056, 0.1675)}
{'epoch': 6, 'train_loss': 0.2554, 'train_acc': 0.8767, 'task_loss': (0.1089, 0.1465)}
{'epoch': 7, 'train_loss': 0.182, 'train_acc': 0.9169, 'task_loss': (0.062, 0.1201)}
{'epoch': 8, 'train_loss': 0.0639, 'train_acc': 0.9707, 'task_loss': (0.0166, 0.0473)}
{'epoch': 9, 'train_loss': 0.027, 'train_acc': 0.9893, 'task_loss': (0.006, 0.021)}
{'epoch': 10, 'train_loss': 0.023, 'train_acc': 1.0, 'task_loss': (0.0042, 0.0189)}
{'epoch': 11, 'train_loss': 0.0167, 'train_acc': 0.9973, 'task_loss': (0.0042, 0.0124)}
{'epoch': 12, 'train_loss': 0.0095, 'train_acc': 1.0, 'task_loss': (0.0013, 0.0082)}
{'epoch': 13, 'train_loss': 0.0116, 'train_acc': 1.0, 'task_loss': (0.0024, 0.0092)}
{'epoch': 14, 'train_loss': 0.0063, 'train_acc': 1.0, 'task_loss': (0.0008, 0.0055)}
{'epoch': 15, 'train_loss': 0.0041, 'train_acc': 1.0, 'task_loss': (0.0009, 0.0032)}
{'epoch': 16, 'train_loss': 0.0037, 'train_acc': 1.0, 'task_loss': (0.0005, 0.0032)}
{'epoch': 17, 'train_loss': 0.0031, 'train_acc': 1.0, 'task_loss': (0.0005, 0.0026)}
{'epoch': 18, 'train_loss': 0.0035, 'train_acc': 1.0, 'task_loss': (0.0005, 0.003)}
{'epoch': 19, 'train_loss': 0.0027, 'train_acc': 1.0, 'task_loss': (0.0006, 0.0021)}
{'epoch': 20, 'train_loss': 0.0017, 'train_acc': 1.0, 'task_loss': (0.0002, 0.0014)}
{'epoch': 21, 'train_loss': 0.002, 'train_acc': 1.0, 'task_loss': (0.0006, 0.0014)}
{'epoch': 22, 'train_loss': 0.002, 'train_acc': 1.0, 'task_loss': (0.0004, 0.0016)}
{'epoch': 23, 'train_loss': 0.0014, 'train_acc': 1.0, 'task_loss': (0.0003, 0.0011)}
{'epoch': 24, 'train_loss': 0.0014, 'train_acc': 1.0, 'task_loss': (0.0002, 0.0012)}
{'epoch': 25, 'train_loss': 0.0012, 'train_acc': 1.0, 'task_loss': (0.0002, 0.001)}
{'epoch': 26, 'train_loss': 0.0019, 'train_acc': 1.0, 'task_loss': (0.0005, 0.0014)}
{'epoch': 27, 'train_loss': 0.0011, 'train_acc': 1.0, 'task_loss': (0.0002, 0.0009)}
{'epoch': 28, 'train_loss': 0.0012, 'train_acc': 1.0, 'task_loss': (0.0002, 0.001)}
{'epoch': 29, 'train_loss': 0.0012, 'train_acc': 1.0, 'task_loss': (0.0002, 0.001)}
{'epoch': 30, 'train_loss': 0.001, 'train_acc': 1.0, 'task_loss': (1e-04, 0.0009)}
{'epoch': 31, 'train_loss': 0.0008, 'train_acc': 1.0, 'task_loss': (0.0002, 0.0007)}
{'epoch': 32, 'train_loss': 0.0008, 'train_acc': 1.0, 'task_loss': (0.0002, 0.0006)}
{'epoch': 33, 'train_loss': 0.001, 'train_acc': 1.0, 'task_loss': (1e-04, 0.0009)}
{'epoch': 34, 'train_loss': 0.0011, 'train_acc': 1.0, 'task_loss': (0.0003, 0.0008)}
{'epoch': 35, 'train_loss': 0.0013, 'train_acc': 1.0, 'task_loss': (0.0002, 0.001)}
{'epoch': 36, 'train_loss': 0.0009, 'train_acc': 1.0, 'task_loss': (1e-04, 0.0008)}
{'epoch': 37, 'train_loss': 0.0008, 'train_acc': 1.0, 'task_loss': (1e-04, 0.0006)}
{'epoch': 38, 'train_loss': 0.0007, 'train_acc': 1.0, 'task_loss': (0.0002, 0.0005)}
{'epoch': 39, 'train_loss': 0.0009, 'train_acc': 1.0, 'task_loss': (1e-04, 0.0007)}
{'epoch': 40, 'train_loss': 0.0007, 'train_acc': 1.0, 'task_loss': (1e-04, 0.0006)}
{'epoch': 41, 'train_loss': 0.0008, 'train_acc': 1.0, 'task_loss': (0.0002, 0.0006)}
{'epoch': 42, 'train_loss': 0.0005, 'train_acc': 1.0, 'task_loss': (1e-04, 0.0004)}
{'epoch': 43, 'train_loss': 0.0006, 'train_acc': 1.0, 'task_loss': (1e-04, 0.0005)}
{'epoch': 44, 'train_loss': 0.0009, 'train_acc': 1.0, 'task_loss': (1e-04, 0.0007)}
{'epoch': 45, 'train_loss': 0.0012, 'train_acc': 1.0, 'task_loss': (0.0002, 0.0011)}
{'epoch': 46, 'train_loss': 0.0006, 'train_acc': 1.0, 'task_loss': (1e-04, 0.0005)}
{'epoch': 47, 'train_loss': 0.0007, 'train_acc': 1.0, 'task_loss': (1e-04, 0.0006)}
{'epoch': 48, 'train_loss': 0.0005, 'train_acc': 1.0, 'task_loss': (1e-04, 0.0004)}
{'epoch': 49, 'train_loss': 0.0011, 'train_acc': 1.0, 'task_loss': (0.0002, 0.0009)}
{'epoch': 50, 'train_loss': 0.0007, 'train_acc': 1.0, 'task_loss': (1e-04, 0.0006)}
{'epoch': 51, 'train_loss': 0.0006, 'train_acc': 1.0, 'task_loss': (1e-04, 0.0005)}
{'epoch': 52, 'train_loss': 0.0005, 'train_acc': 1.0, 'task_loss': (1e-04, 0.0004)}
{'epoch': 53, 'train_loss': 0.0005, 'train_acc': 1.0, 'task_loss': (1e-04, 0.0004)}
{'epoch': 54, 'train_loss': 0.0006, 'train_acc': 1.0, 'task_loss': (1e-04, 0.0005)}
{'epoch': 55, 'train_loss': 0.0004, 'train_acc': 1.0, 'task_loss': (1e-04, 0.0003)}
{'epoch': 56, 'train_loss': 0.0005, 'train_acc': 1.0, 'task_loss': (1e-04, 0.0004)}
{'epoch': 57, 'train_loss': 0.0013, 'train_acc': 1.0, 'task_loss': (0.0005, 0.0008)}
{'epoch': 58, 'train_loss': 0.0006, 'train_acc': 1.0, 'task_loss': (1e-04, 0.0005)}
{'epoch': 59, 'train_loss': 0.0005, 'train_acc': 1.0, 'task_loss': (1e-04, 0.0004)}
{'epoch': 60, 'train_loss': 0.0008, 'train_acc': 1.0, 'task_loss': (1e-04, 0.0007)}
{'epoch': 61, 'train_loss': 0.0004, 'train_acc': 1.0, 'task_loss': (1e-04, 0.0003)}
{'epoch': 62, 'train_loss': 0.0006, 'train_acc': 1.0, 'task_loss': (1e-04, 0.0005)}
{'epoch': 63, 'train_loss': 0.0004, 'train_acc': 1.0, 'task_loss': (1e-04, 0.0003)}
{'epoch': 64, 'train_loss': 0.0003, 'train_acc': 1.0, 'task_loss': (1e-04, 0.0003)}
{'epoch': 65, 'train_loss': 0.0004, 'train_acc': 1.0, 'task_loss': (1e-04, 0.0003)}
{'epoch': 66, 'train_loss': 0.0004, 'train_acc': 1.0, 'task_loss': (1e-04, 0.0003)}
{'epoch': 67, 'train_loss': 0.0005, 'train_acc': 1.0, 'task_loss': (1e-04, 0.0004)}
{'epoch': 68, 'train_loss': 0.0006, 'train_acc': 1.0, 'task_loss': (1e-04, 0.0005)}
{'epoch': 69, 'train_loss': 0.001, 'train_acc': 1.0, 'task_loss': (1e-04, 0.0009)}
{'epoch': 70, 'train_loss': 0.0005, 'train_acc': 1.0, 'task_loss': (1e-04, 0.0004)}
{'epoch': 71, 'train_loss': 0.0005, 'train_acc': 1.0, 'task_loss': (1e-04, 0.0004)}
{'epoch': 72, 'train_loss': 0.0004, 'train_acc': 1.0, 'task_loss': (1e-04, 0.0003)}
{'epoch': 73, 'train_loss': 0.0005, 'train_acc': 1.0, 'task_loss': (1e-04, 0.0005)}
{'epoch': 74, 'train_loss': 0.0008, 'train_acc': 1.0, 'task_loss': (1e-04, 0.0007)}
{'epoch': 75, 'train_loss': 0.0006, 'train_acc': 1.0, 'task_loss': (1e-04, 0.0005)}
{'epoch': 76, 'train_loss': 0.0003, 'train_acc': 1.0, 'task_loss': (1e-04, 0.0003)}
{'epoch': 77, 'train_loss': 0.0004, 'train_acc': 1.0, 'task_loss': (1e-04, 0.0003)}
{'epoch': 78, 'train_loss': 0.0004, 'train_acc': 1.0, 'task_loss': (1e-04, 0.0003)}
{'epoch': 79, 'train_loss': 0.0006, 'train_acc': 1.0, 'task_loss': (1e-04, 0.0005)}
{'epoch': 80, 'train_loss': 0.0003, 'train_acc': 1.0, 'task_loss': (1e-04, 0.0003)}
{'epoch': 81, 'train_loss': 0.0005, 'train_acc': 1.0, 'task_loss': (1e-04, 0.0004)}
{'epoch': 82, 'train_loss': 0.0003, 'train_acc': 1.0, 'task_loss': (1e-04, 0.0002)}
{'epoch': 83, 'train_loss': 0.0004, 'train_acc': 1.0, 'task_loss': (1e-04, 0.0003)}
{'epoch': 84, 'train_loss': 0.0004, 'train_acc': 1.0, 'task_loss': (1e-04, 0.0004)}
{'epoch': 85, 'train_loss': 0.0004, 'train_acc': 1.0, 'task_loss': (1e-04, 0.0003)}
{'epoch': 86, 'train_loss': 0.0005, 'train_acc': 1.0, 'task_loss': (1e-04, 0.0004)}
{'epoch': 87, 'train_loss': 0.0005, 'train_acc': 1.0, 'task_loss': (0.0002, 0.0004)}
{'epoch': 88, 'train_loss': 0.0004, 'train_acc': 1.0, 'task_loss': (1e-04, 0.0004)}
{'epoch': 89, 'train_loss': 0.0004, 'train_acc': 1.0, 'task_loss': (1e-04, 0.0003)}
{'epoch': 90, 'train_loss': 0.0006, 'train_acc': 1.0, 'task_loss': (1e-04, 0.0005)}
{'epoch': 91, 'train_loss': 0.0004, 'train_acc': 1.0, 'task_loss': (1e-04, 0.0003)}
{'epoch': 92, 'train_loss': 0.0004, 'train_acc': 1.0, 'task_loss': (1e-04, 0.0003)}
{'epoch': 93, 'train_loss': 0.0005, 'train_acc': 1.0, 'task_loss': (1e-04, 0.0004)}
{'epoch': 94, 'train_loss': 0.0006, 'train_acc': 1.0, 'task_loss': (1e-04, 0.0005)}
{'epoch': 95, 'train_loss': 0.0004, 'train_acc': 1.0, 'task_loss': (1e-04, 0.0004)}
{'epoch': 96, 'train_loss': 0.0004, 'train_acc': 1.0, 'task_loss': (1e-04, 0.0004)}
{'epoch': 97, 'train_loss': 0.0005, 'train_acc': 1.0, 'task_loss': (1e-04, 0.0004)}
{'epoch': 98, 'train_loss': 0.0005, 'train_acc': 1.0, 'task_loss': (1e-04, 0.0004)}
{'epoch': 99, 'train_loss': 0.0005, 'train_acc': 1.0, 'task_loss': (1e-04, 0.0004)}
{'epoch': 100, 'train_loss': 0.0004, 'train_acc': 1.0, 'task_loss': (1e-04, 0.0003)}
{'run_num': 2, 'final_test_err': 0.18425000000000002}
Files already downloaded and verified
Files already downloaded and verified
{'epoch': 1, 'train_loss': 0.7426, 'train_acc': 0.6453, 'task_loss': (0.3478, 0.3949)}
{'epoch': 2, 'train_loss': 0.7133, 'train_acc': 0.7051, 'task_loss': (0.313, 0.4003)}
{'epoch': 3, 'train_loss': 0.5045, 'train_acc': 0.7721, 'task_loss': (0.2326, 0.272)}
{'epoch': 4, 'train_loss': 0.3683, 'train_acc': 0.832, 'task_loss': (0.1438, 0.2246)}
{'epoch': 5, 'train_loss': 0.2925, 'train_acc': 0.8445, 'task_loss': (0.1029, 0.1896)}
{'epoch': 6, 'train_loss': 0.165, 'train_acc': 0.8928, 'task_loss': (0.0442, 0.1208)}
{'epoch': 7, 'train_loss': 0.1104, 'train_acc': 0.9571, 'task_loss': (0.0359, 0.0745)}
{'epoch': 8, 'train_loss': 0.0525, 'train_acc': 0.976, 'task_loss': (0.0132, 0.0393)}
{'epoch': 9, 'train_loss': 0.0393, 'train_acc': 0.9893, 'task_loss': (0.0082, 0.0311)}
{'epoch': 10, 'train_loss': 0.0198, 'train_acc': 0.9973, 'task_loss': (0.0051, 0.0147)}
{'epoch': 11, 'train_loss': 0.0117, 'train_acc': 1.0, 'task_loss': (0.0024, 0.0093)}
{'epoch': 12, 'train_loss': 0.0072, 'train_acc': 1.0, 'task_loss': (0.0013, 0.0059)}
{'epoch': 13, 'train_loss': 0.0069, 'train_acc': 1.0, 'task_loss': (0.002, 0.0049)}
{'epoch': 14, 'train_loss': 0.0062, 'train_acc': 1.0, 'task_loss': (0.0018, 0.0044)}
{'epoch': 15, 'train_loss': 0.0048, 'train_acc': 1.0, 'task_loss': (0.0015, 0.0034)}
{'epoch': 16, 'train_loss': 0.0034, 'train_acc': 1.0, 'task_loss': (0.0005, 0.0029)}
{'epoch': 17, 'train_loss': 0.0022, 'train_acc': 1.0, 'task_loss': (0.0005, 0.0017)}
{'epoch': 18, 'train_loss': 0.0021, 'train_acc': 1.0, 'task_loss': (0.0004, 0.0017)}
{'epoch': 19, 'train_loss': 0.0028, 'train_acc': 1.0, 'task_loss': (0.0005, 0.0023)}
{'epoch': 20, 'train_loss': 0.0016, 'train_acc': 1.0, 'task_loss': (0.0002, 0.0014)}
{'epoch': 21, 'train_loss': 0.0023, 'train_acc': 1.0, 'task_loss': (0.0007, 0.0015)}
{'epoch': 22, 'train_loss': 0.0019, 'train_acc': 1.0, 'task_loss': (0.0002, 0.0017)}
{'epoch': 23, 'train_loss': 0.0026, 'train_acc': 1.0, 'task_loss': (0.0005, 0.0021)}
{'epoch': 24, 'train_loss': 0.002, 'train_acc': 1.0, 'task_loss': (0.0004, 0.0016)}
{'epoch': 25, 'train_loss': 0.0015, 'train_acc': 1.0, 'task_loss': (0.0004, 0.0012)}
{'epoch': 26, 'train_loss': 0.0012, 'train_acc': 1.0, 'task_loss': (0.0002, 0.0009)}
{'epoch': 27, 'train_loss': 0.0013, 'train_acc': 1.0, 'task_loss': (0.0004, 0.001)}
{'epoch': 28, 'train_loss': 0.0015, 'train_acc': 1.0, 'task_loss': (0.0003, 0.0012)}
{'epoch': 29, 'train_loss': 0.0014, 'train_acc': 1.0, 'task_loss': (0.0003, 0.0012)}
{'epoch': 30, 'train_loss': 0.0009, 'train_acc': 1.0, 'task_loss': (0.0002, 0.0007)}
{'epoch': 31, 'train_loss': 0.0011, 'train_acc': 1.0, 'task_loss': (0.0002, 0.0009)}
{'epoch': 32, 'train_loss': 0.0011, 'train_acc': 1.0, 'task_loss': (0.0002, 0.0009)}
{'epoch': 33, 'train_loss': 0.0023, 'train_acc': 1.0, 'task_loss': (0.0003, 0.002)}
{'epoch': 34, 'train_loss': 0.0016, 'train_acc': 1.0, 'task_loss': (0.0007, 0.0008)}
{'epoch': 35, 'train_loss': 0.0014, 'train_acc': 1.0, 'task_loss': (0.0003, 0.0011)}
{'epoch': 36, 'train_loss': 0.0009, 'train_acc': 1.0, 'task_loss': (0.0002, 0.0007)}
{'epoch': 37, 'train_loss': 0.001, 'train_acc': 1.0, 'task_loss': (0.0002, 0.0008)}
{'epoch': 38, 'train_loss': 0.0012, 'train_acc': 1.0, 'task_loss': (0.0003, 0.0009)}
{'epoch': 39, 'train_loss': 0.0008, 'train_acc': 1.0, 'task_loss': (0.0002, 0.0005)}
{'epoch': 40, 'train_loss': 0.0008, 'train_acc': 1.0, 'task_loss': (0.0002, 0.0006)}
{'epoch': 41, 'train_loss': 0.0006, 'train_acc': 1.0, 'task_loss': (1e-04, 0.0005)}
{'epoch': 42, 'train_loss': 0.0006, 'train_acc': 1.0, 'task_loss': (1e-04, 0.0004)}
{'epoch': 43, 'train_loss': 0.0009, 'train_acc': 1.0, 'task_loss': (0.0002, 0.0007)}
{'epoch': 44, 'train_loss': 0.0006, 'train_acc': 1.0, 'task_loss': (1e-04, 0.0005)}
{'epoch': 45, 'train_loss': 0.0006, 'train_acc': 1.0, 'task_loss': (0.0002, 0.0004)}
{'epoch': 46, 'train_loss': 0.0006, 'train_acc': 1.0, 'task_loss': (1e-04, 0.0005)}
{'epoch': 47, 'train_loss': 0.0005, 'train_acc': 1.0, 'task_loss': (1e-04, 0.0004)}
{'epoch': 48, 'train_loss': 0.0009, 'train_acc': 1.0, 'task_loss': (0.0002, 0.0007)}
{'epoch': 49, 'train_loss': 0.0006, 'train_acc': 1.0, 'task_loss': (1e-04, 0.0005)}
{'epoch': 50, 'train_loss': 0.0005, 'train_acc': 1.0, 'task_loss': (1e-04, 0.0004)}
{'epoch': 51, 'train_loss': 0.0006, 'train_acc': 1.0, 'task_loss': (1e-04, 0.0005)}
{'epoch': 52, 'train_loss': 0.0004, 'train_acc': 1.0, 'task_loss': (1e-04, 0.0003)}
{'epoch': 53, 'train_loss': 0.0005, 'train_acc': 1.0, 'task_loss': (1e-04, 0.0004)}
{'epoch': 54, 'train_loss': 0.0007, 'train_acc': 1.0, 'task_loss': (1e-04, 0.0006)}
{'epoch': 55, 'train_loss': 0.0007, 'train_acc': 1.0, 'task_loss': (1e-04, 0.0005)}
{'epoch': 56, 'train_loss': 0.0004, 'train_acc': 1.0, 'task_loss': (1e-04, 0.0003)}
{'epoch': 57, 'train_loss': 0.0006, 'train_acc': 1.0, 'task_loss': (1e-04, 0.0004)}
{'epoch': 58, 'train_loss': 0.0005, 'train_acc': 1.0, 'task_loss': (1e-04, 0.0004)}
{'epoch': 59, 'train_loss': 0.0006, 'train_acc': 1.0, 'task_loss': (1e-04, 0.0005)}
{'epoch': 60, 'train_loss': 0.0004, 'train_acc': 1.0, 'task_loss': (1e-04, 0.0003)}
{'epoch': 61, 'train_loss': 0.0005, 'train_acc': 1.0, 'task_loss': (0.0002, 0.0003)}
{'epoch': 62, 'train_loss': 0.0004, 'train_acc': 1.0, 'task_loss': (1e-04, 0.0003)}
{'epoch': 63, 'train_loss': 0.0005, 'train_acc': 1.0, 'task_loss': (1e-04, 0.0004)}
{'epoch': 64, 'train_loss': 0.0004, 'train_acc': 1.0, 'task_loss': (1e-04, 0.0003)}
{'epoch': 65, 'train_loss': 0.0006, 'train_acc': 1.0, 'task_loss': (1e-04, 0.0005)}
{'epoch': 66, 'train_loss': 0.0005, 'train_acc': 1.0, 'task_loss': (1e-04, 0.0003)}
{'epoch': 67, 'train_loss': 0.0005, 'train_acc': 1.0, 'task_loss': (1e-04, 0.0004)}
{'epoch': 68, 'train_loss': 0.0004, 'train_acc': 1.0, 'task_loss': (1e-04, 0.0004)}
{'epoch': 69, 'train_loss': 0.0005, 'train_acc': 1.0, 'task_loss': (0.0002, 0.0003)}
{'epoch': 70, 'train_loss': 0.0005, 'train_acc': 1.0, 'task_loss': (1e-04, 0.0004)}
{'epoch': 71, 'train_loss': 0.0005, 'train_acc': 1.0, 'task_loss': (1e-04, 0.0004)}
{'epoch': 72, 'train_loss': 0.0005, 'train_acc': 1.0, 'task_loss': (1e-04, 0.0004)}
{'epoch': 73, 'train_loss': 0.0004, 'train_acc': 1.0, 'task_loss': (1e-04, 0.0003)}
{'epoch': 74, 'train_loss': 0.0004, 'train_acc': 1.0, 'task_loss': (1e-04, 0.0003)}
{'epoch': 75, 'train_loss': 0.0005, 'train_acc': 1.0, 'task_loss': (0.0002, 0.0003)}
{'epoch': 76, 'train_loss': 0.0004, 'train_acc': 1.0, 'task_loss': (1e-04, 0.0003)}
{'epoch': 77, 'train_loss': 0.0004, 'train_acc': 1.0, 'task_loss': (1e-04, 0.0003)}
{'epoch': 78, 'train_loss': 0.0005, 'train_acc': 1.0, 'task_loss': (1e-04, 0.0004)}
{'epoch': 79, 'train_loss': 0.0004, 'train_acc': 1.0, 'task_loss': (1e-04, 0.0003)}
{'epoch': 80, 'train_loss': 0.0004, 'train_acc': 1.0, 'task_loss': (1e-04, 0.0003)}
{'epoch': 81, 'train_loss': 0.0004, 'train_acc': 1.0, 'task_loss': (1e-04, 0.0003)}
{'epoch': 82, 'train_loss': 0.0005, 'train_acc': 1.0, 'task_loss': (1e-04, 0.0004)}
{'epoch': 83, 'train_loss': 0.0004, 'train_acc': 1.0, 'task_loss': (1e-04, 0.0003)}
{'epoch': 84, 'train_loss': 0.0003, 'train_acc': 1.0, 'task_loss': (1e-04, 0.0003)}
{'epoch': 85, 'train_loss': 0.0005, 'train_acc': 1.0, 'task_loss': (1e-04, 0.0004)}
{'epoch': 86, 'train_loss': 0.0007, 'train_acc': 1.0, 'task_loss': (1e-04, 0.0006)}
{'epoch': 87, 'train_loss': 0.0004, 'train_acc': 1.0, 'task_loss': (1e-04, 0.0003)}
{'epoch': 88, 'train_loss': 0.0004, 'train_acc': 1.0, 'task_loss': (1e-04, 0.0003)}
{'epoch': 89, 'train_loss': 0.0003, 'train_acc': 1.0, 'task_loss': (1e-04, 0.0003)}
{'epoch': 90, 'train_loss': 0.0005, 'train_acc': 1.0, 'task_loss': (1e-04, 0.0004)}
{'epoch': 91, 'train_loss': 0.0005, 'train_acc': 1.0, 'task_loss': (1e-04, 0.0004)}
{'epoch': 92, 'train_loss': 0.0003, 'train_acc': 1.0, 'task_loss': (1e-04, 0.0002)}
{'epoch': 93, 'train_loss': 0.0003, 'train_acc': 1.0, 'task_loss': (1e-04, 0.0003)}
{'epoch': 94, 'train_loss': 0.0004, 'train_acc': 1.0, 'task_loss': (1e-04, 0.0003)}
{'epoch': 95, 'train_loss': 0.0005, 'train_acc': 1.0, 'task_loss': (1e-04, 0.0004)}
{'epoch': 96, 'train_loss': 0.0006, 'train_acc': 1.0, 'task_loss': (1e-04, 0.0005)}
{'epoch': 97, 'train_loss': 0.0004, 'train_acc': 1.0, 'task_loss': (1e-04, 0.0003)}
{'epoch': 98, 'train_loss': 0.0005, 'train_acc': 1.0, 'task_loss': (1e-04, 0.0004)}
{'epoch': 99, 'train_loss': 0.0004, 'train_acc': 1.0, 'task_loss': (1e-04, 0.0003)}
{'epoch': 100, 'train_loss': 0.0004, 'train_acc': 1.0, 'task_loss': (1e-04, 0.0003)}
{'run_num': 3, 'final_test_err': 0.17874999999999996}
Files already downloaded and verified
Files already downloaded and verified
{'epoch': 1, 'train_loss': 0.7965, 'train_acc': 0.6427, 'task_loss': (0.4007, 0.3958)}
{'epoch': 2, 'train_loss': 0.5393, 'train_acc': 0.7373, 'task_loss': (0.2392, 0.3001)}
{'epoch': 3, 'train_loss': 0.5126, 'train_acc': 0.7855, 'task_loss': (0.2611, 0.2515)}
{'epoch': 4, 'train_loss': 0.334, 'train_acc': 0.8133, 'task_loss': (0.126, 0.2079)}
{'epoch': 5, 'train_loss': 0.2137, 'train_acc': 0.9035, 'task_loss': (0.0649, 0.1488)}
{'epoch': 6, 'train_loss': 0.1165, 'train_acc': 0.9491, 'task_loss': (0.0238, 0.0927)}
{'epoch': 7, 'train_loss': 0.053, 'train_acc': 0.9786, 'task_loss': (0.0151, 0.0379)}
{'epoch': 8, 'train_loss': 0.0378, 'train_acc': 0.984, 'task_loss': (0.0057, 0.0321)}
{'epoch': 9, 'train_loss': 0.0224, 'train_acc': 0.9946, 'task_loss': (0.0039, 0.0185)}
{'epoch': 10, 'train_loss': 0.021, 'train_acc': 0.9893, 'task_loss': (0.0037, 0.0173)}
{'epoch': 11, 'train_loss': 0.011, 'train_acc': 1.0, 'task_loss': (0.0025, 0.0085)}
{'epoch': 12, 'train_loss': 0.0066, 'train_acc': 1.0, 'task_loss': (0.0016, 0.005)}
{'epoch': 13, 'train_loss': 0.0052, 'train_acc': 1.0, 'task_loss': (0.0018, 0.0034)}
{'epoch': 14, 'train_loss': 0.0042, 'train_acc': 1.0, 'task_loss': (0.0007, 0.0035)}
{'epoch': 15, 'train_loss': 0.0035, 'train_acc': 1.0, 'task_loss': (0.0007, 0.0029)}
{'epoch': 16, 'train_loss': 0.0032, 'train_acc': 1.0, 'task_loss': (0.0005, 0.0028)}
{'epoch': 17, 'train_loss': 0.0018, 'train_acc': 1.0, 'task_loss': (0.0003, 0.0015)}
{'epoch': 18, 'train_loss': 0.002, 'train_acc': 1.0, 'task_loss': (0.0003, 0.0016)}
{'epoch': 19, 'train_loss': 0.0021, 'train_acc': 1.0, 'task_loss': (0.0005, 0.0016)}
{'epoch': 20, 'train_loss': 0.002, 'train_acc': 1.0, 'task_loss': (0.0003, 0.0016)}
{'epoch': 21, 'train_loss': 0.0013, 'train_acc': 1.0, 'task_loss': (0.0002, 0.001)}
{'epoch': 22, 'train_loss': 0.0016, 'train_acc': 1.0, 'task_loss': (0.0004, 0.0012)}
{'epoch': 23, 'train_loss': 0.0021, 'train_acc': 1.0, 'task_loss': (0.0003, 0.0018)}
{'epoch': 24, 'train_loss': 0.0015, 'train_acc': 1.0, 'task_loss': (0.0004, 0.0011)}
{'epoch': 25, 'train_loss': 0.0011, 'train_acc': 1.0, 'task_loss': (0.0002, 0.0009)}
{'epoch': 26, 'train_loss': 0.0016, 'train_acc': 1.0, 'task_loss': (0.0003, 0.0013)}
{'epoch': 27, 'train_loss': 0.001, 'train_acc': 1.0, 'task_loss': (0.0002, 0.0008)}
{'epoch': 28, 'train_loss': 0.0012, 'train_acc': 1.0, 'task_loss': (0.0002, 0.001)}
{'epoch': 29, 'train_loss': 0.0013, 'train_acc': 1.0, 'task_loss': (0.0005, 0.0008)}
{'epoch': 30, 'train_loss': 0.0011, 'train_acc': 1.0, 'task_loss': (0.0004, 0.0007)}
{'epoch': 31, 'train_loss': 0.0008, 'train_acc': 1.0, 'task_loss': (0.0002, 0.0007)}
{'epoch': 32, 'train_loss': 0.0014, 'train_acc': 1.0, 'task_loss': (0.0004, 0.001)}
{'epoch': 33, 'train_loss': 0.0008, 'train_acc': 1.0, 'task_loss': (0.0002, 0.0006)}
{'epoch': 34, 'train_loss': 0.0013, 'train_acc': 1.0, 'task_loss': (0.0002, 0.0011)}
{'epoch': 35, 'train_loss': 0.0008, 'train_acc': 1.0, 'task_loss': (0.0002, 0.0007)}
{'epoch': 36, 'train_loss': 0.001, 'train_acc': 1.0, 'task_loss': (1e-04, 0.0009)}
{'epoch': 37, 'train_loss': 0.001, 'train_acc': 1.0, 'task_loss': (1e-04, 0.0009)}
{'epoch': 38, 'train_loss': 0.0008, 'train_acc': 1.0, 'task_loss': (0.0002, 0.0006)}
{'epoch': 39, 'train_loss': 0.0006, 'train_acc': 1.0, 'task_loss': (1e-04, 0.0005)}
{'epoch': 40, 'train_loss': 0.0008, 'train_acc': 1.0, 'task_loss': (1e-04, 0.0007)}
{'epoch': 41, 'train_loss': 0.0006, 'train_acc': 1.0, 'task_loss': (1e-04, 0.0005)}
{'epoch': 42, 'train_loss': 0.0006, 'train_acc': 1.0, 'task_loss': (1e-04, 0.0004)}
{'epoch': 43, 'train_loss': 0.001, 'train_acc': 1.0, 'task_loss': (0.0002, 0.0008)}
{'epoch': 44, 'train_loss': 0.0006, 'train_acc': 1.0, 'task_loss': (1e-04, 0.0005)}
{'epoch': 45, 'train_loss': 0.0006, 'train_acc': 1.0, 'task_loss': (1e-04, 0.0005)}
{'epoch': 46, 'train_loss': 0.0007, 'train_acc': 1.0, 'task_loss': (0.0002, 0.0005)}
{'epoch': 47, 'train_loss': 0.001, 'train_acc': 1.0, 'task_loss': (0.0002, 0.0008)}
{'epoch': 48, 'train_loss': 0.0006, 'train_acc': 1.0, 'task_loss': (1e-04, 0.0005)}
{'epoch': 49, 'train_loss': 0.0008, 'train_acc': 1.0, 'task_loss': (0.0002, 0.0007)}
{'epoch': 50, 'train_loss': 0.0006, 'train_acc': 1.0, 'task_loss': (1e-04, 0.0005)}
{'epoch': 51, 'train_loss': 0.0008, 'train_acc': 1.0, 'task_loss': (0.0002, 0.0006)}
{'epoch': 52, 'train_loss': 0.0006, 'train_acc': 1.0, 'task_loss': (1e-04, 0.0005)}
{'epoch': 53, 'train_loss': 0.0006, 'train_acc': 1.0, 'task_loss': (1e-04, 0.0005)}
{'epoch': 54, 'train_loss': 0.0008, 'train_acc': 1.0, 'task_loss': (1e-04, 0.0006)}
{'epoch': 55, 'train_loss': 0.0006, 'train_acc': 1.0, 'task_loss': (1e-04, 0.0005)}
{'epoch': 56, 'train_loss': 0.0004, 'train_acc': 1.0, 'task_loss': (1e-04, 0.0004)}
{'epoch': 57, 'train_loss': 0.0005, 'train_acc': 1.0, 'task_loss': (1e-04, 0.0004)}
{'epoch': 58, 'train_loss': 0.0006, 'train_acc': 1.0, 'task_loss': (1e-04, 0.0005)}
{'epoch': 59, 'train_loss': 0.0007, 'train_acc': 1.0, 'task_loss': (1e-04, 0.0006)}
{'epoch': 60, 'train_loss': 0.0005, 'train_acc': 1.0, 'task_loss': (1e-04, 0.0005)}
{'epoch': 61, 'train_loss': 0.0006, 'train_acc': 1.0, 'task_loss': (0.0002, 0.0004)}
{'epoch': 62, 'train_loss': 0.001, 'train_acc': 1.0, 'task_loss': (0.0004, 0.0006)}
{'epoch': 63, 'train_loss': 0.0006, 'train_acc': 1.0, 'task_loss': (1e-04, 0.0005)}
{'epoch': 64, 'train_loss': 0.0005, 'train_acc': 1.0, 'task_loss': (1e-04, 0.0004)}
{'epoch': 65, 'train_loss': 0.0005, 'train_acc': 1.0, 'task_loss': (1e-04, 0.0004)}
{'epoch': 66, 'train_loss': 0.0007, 'train_acc': 1.0, 'task_loss': (0.0002, 0.0005)}
{'epoch': 67, 'train_loss': 0.0005, 'train_acc': 1.0, 'task_loss': (1e-04, 0.0004)}
{'epoch': 68, 'train_loss': 0.0005, 'train_acc': 1.0, 'task_loss': (1e-04, 0.0004)}
{'epoch': 69, 'train_loss': 0.0004, 'train_acc': 1.0, 'task_loss': (1e-04, 0.0003)}
{'epoch': 70, 'train_loss': 0.0006, 'train_acc': 1.0, 'task_loss': (1e-04, 0.0005)}
{'epoch': 71, 'train_loss': 0.0005, 'train_acc': 1.0, 'task_loss': (1e-04, 0.0004)}
{'epoch': 72, 'train_loss': 0.0005, 'train_acc': 1.0, 'task_loss': (1e-04, 0.0004)}
{'epoch': 73, 'train_loss': 0.0004, 'train_acc': 1.0, 'task_loss': (1e-04, 0.0003)}
{'epoch': 74, 'train_loss': 0.0005, 'train_acc': 1.0, 'task_loss': (1e-04, 0.0005)}
{'epoch': 75, 'train_loss': 0.0004, 'train_acc': 1.0, 'task_loss': (1e-04, 0.0003)}
{'epoch': 76, 'train_loss': 0.0004, 'train_acc': 1.0, 'task_loss': (1e-04, 0.0003)}
{'epoch': 77, 'train_loss': 0.0005, 'train_acc': 1.0, 'task_loss': (1e-04, 0.0004)}
{'epoch': 78, 'train_loss': 0.0004, 'train_acc': 1.0, 'task_loss': (1e-04, 0.0003)}
{'epoch': 79, 'train_loss': 0.0005, 'train_acc': 1.0, 'task_loss': (1e-04, 0.0004)}
{'epoch': 80, 'train_loss': 0.0004, 'train_acc': 1.0, 'task_loss': (1e-04, 0.0003)}
{'epoch': 81, 'train_loss': 0.0003, 'train_acc': 1.0, 'task_loss': (1e-04, 0.0003)}
{'epoch': 82, 'train_loss': 0.0006, 'train_acc': 1.0, 'task_loss': (1e-04, 0.0005)}
{'epoch': 83, 'train_loss': 0.0004, 'train_acc': 1.0, 'task_loss': (1e-04, 0.0003)}
{'epoch': 84, 'train_loss': 0.0003, 'train_acc': 1.0, 'task_loss': (1e-04, 0.0003)}
{'epoch': 85, 'train_loss': 0.0003, 'train_acc': 1.0, 'task_loss': (1e-04, 0.0002)}
{'epoch': 86, 'train_loss': 0.0005, 'train_acc': 1.0, 'task_loss': (1e-04, 0.0004)}
{'epoch': 87, 'train_loss': 0.0004, 'train_acc': 1.0, 'task_loss': (1e-04, 0.0003)}
{'epoch': 88, 'train_loss': 0.0004, 'train_acc': 1.0, 'task_loss': (1e-04, 0.0003)}
{'epoch': 89, 'train_loss': 0.0004, 'train_acc': 1.0, 'task_loss': (1e-04, 0.0003)}
{'epoch': 90, 'train_loss': 0.0005, 'train_acc': 1.0, 'task_loss': (1e-04, 0.0004)}
{'epoch': 91, 'train_loss': 0.0006, 'train_acc': 1.0, 'task_loss': (1e-04, 0.0005)}
{'epoch': 92, 'train_loss': 0.0004, 'train_acc': 1.0, 'task_loss': (1e-04, 0.0004)}
{'epoch': 93, 'train_loss': 0.0008, 'train_acc': 1.0, 'task_loss': (0.0002, 0.0007)}
{'epoch': 94, 'train_loss': 0.0005, 'train_acc': 1.0, 'task_loss': (1e-04, 0.0004)}
{'epoch': 95, 'train_loss': 0.0004, 'train_acc': 1.0, 'task_loss': (1e-04, 0.0003)}
{'epoch': 96, 'train_loss': 0.0005, 'train_acc': 1.0, 'task_loss': (1e-04, 0.0004)}
{'epoch': 97, 'train_loss': 0.0007, 'train_acc': 1.0, 'task_loss': (1e-04, 0.0006)}
{'epoch': 98, 'train_loss': 0.0004, 'train_acc': 1.0, 'task_loss': (1e-04, 0.0003)}
{'epoch': 99, 'train_loss': 0.0007, 'train_acc': 1.0, 'task_loss': (1e-04, 0.0006)}
{'epoch': 100, 'train_loss': 0.0004, 'train_acc': 1.0, 'task_loss': (1e-04, 0.0003)}
{'run_num': 4, 'final_test_err': 0.18000000000000005}
Files already downloaded and verified
Files already downloaded and verified
{'epoch': 1, 'train_loss': 0.8131, 'train_acc': 0.64, 'task_loss': (0.3976, 0.4155)}
{'epoch': 2, 'train_loss': 0.6601, 'train_acc': 0.6997, 'task_loss': (0.3226, 0.3376)}
{'epoch': 3, 'train_loss': 0.5277, 'train_acc': 0.748, 'task_loss': (0.248, 0.2797)}
{'epoch': 4, 'train_loss': 0.3215, 'train_acc': 0.8133, 'task_loss': (0.1055, 0.216)}
{'epoch': 5, 'train_loss': 0.2515, 'train_acc': 0.882, 'task_loss': (0.0888, 0.1628)}
{'epoch': 6, 'train_loss': 0.1701, 'train_acc': 0.9169, 'task_loss': (0.058, 0.1121)}
{'epoch': 7, 'train_loss': 0.1168, 'train_acc': 0.9383, 'task_loss': (0.0348, 0.0821)}
{'epoch': 8, 'train_loss': 0.0519, 'train_acc': 0.984, 'task_loss': (0.0144, 0.0374)}
{'epoch': 9, 'train_loss': 0.0525, 'train_acc': 0.9759, 'task_loss': (0.0105, 0.042)}
{'epoch': 10, 'train_loss': 0.0174, 'train_acc': 1.0, 'task_loss': (0.0036, 0.0138)}
{'epoch': 11, 'train_loss': 0.0153, 'train_acc': 0.9973, 'task_loss': (0.003, 0.0123)}
{'epoch': 12, 'train_loss': 0.0104, 'train_acc': 1.0, 'task_loss': (0.002, 0.0084)}
{'epoch': 13, 'train_loss': 0.0058, 'train_acc': 1.0, 'task_loss': (0.0014, 0.0044)}
{'epoch': 14, 'train_loss': 0.0075, 'train_acc': 1.0, 'task_loss': (0.0027, 0.0049)}
{'epoch': 15, 'train_loss': 0.0054, 'train_acc': 1.0, 'task_loss': (0.0006, 0.0048)}
{'epoch': 16, 'train_loss': 0.0039, 'train_acc': 1.0, 'task_loss': (0.0006, 0.0034)}
{'epoch': 17, 'train_loss': 0.0021, 'train_acc': 1.0, 'task_loss': (0.0004, 0.0016)}
{'epoch': 18, 'train_loss': 0.0024, 'train_acc': 1.0, 'task_loss': (0.0004, 0.002)}
{'epoch': 19, 'train_loss': 0.0018, 'train_acc': 1.0, 'task_loss': (0.0003, 0.0015)}
{'epoch': 20, 'train_loss': 0.0016, 'train_acc': 1.0, 'task_loss': (0.0002, 0.0014)}
{'epoch': 21, 'train_loss': 0.0013, 'train_acc': 1.0, 'task_loss': (0.0003, 0.001)}
{'epoch': 22, 'train_loss': 0.001, 'train_acc': 1.0, 'task_loss': (1e-04, 0.0009)}
{'epoch': 23, 'train_loss': 0.0016, 'train_acc': 1.0, 'task_loss': (0.0003, 0.0013)}
{'epoch': 24, 'train_loss': 0.002, 'train_acc': 1.0, 'task_loss': (0.0002, 0.0017)}
{'epoch': 25, 'train_loss': 0.0012, 'train_acc': 1.0, 'task_loss': (0.0002, 0.0009)}
{'epoch': 26, 'train_loss': 0.0011, 'train_acc': 1.0, 'task_loss': (0.0002, 0.0009)}
{'epoch': 27, 'train_loss': 0.0009, 'train_acc': 1.0, 'task_loss': (0.0002, 0.0007)}
{'epoch': 28, 'train_loss': 0.0008, 'train_acc': 1.0, 'task_loss': (0.0002, 0.0006)}
{'epoch': 29, 'train_loss': 0.0012, 'train_acc': 1.0, 'task_loss': (0.0002, 0.001)}
{'epoch': 30, 'train_loss': 0.0009, 'train_acc': 1.0, 'task_loss': (1e-04, 0.0007)}
{'epoch': 31, 'train_loss': 0.0008, 'train_acc': 1.0, 'task_loss': (0.0002, 0.0006)}
{'epoch': 32, 'train_loss': 0.0013, 'train_acc': 1.0, 'task_loss': (0.0003, 0.001)}
{'epoch': 33, 'train_loss': 0.0009, 'train_acc': 1.0, 'task_loss': (0.0002, 0.0007)}
{'epoch': 34, 'train_loss': 0.0006, 'train_acc': 1.0, 'task_loss': (1e-04, 0.0005)}
{'epoch': 35, 'train_loss': 0.0006, 'train_acc': 1.0, 'task_loss': (1e-04, 0.0004)}
{'epoch': 36, 'train_loss': 0.0005, 'train_acc': 1.0, 'task_loss': (1e-04, 0.0004)}
{'epoch': 37, 'train_loss': 0.0005, 'train_acc': 1.0, 'task_loss': (1e-04, 0.0004)}
{'epoch': 38, 'train_loss': 0.0005, 'train_acc': 1.0, 'task_loss': (1e-04, 0.0004)}
{'epoch': 39, 'train_loss': 0.0009, 'train_acc': 1.0, 'task_loss': (0.0002, 0.0008)}
{'epoch': 40, 'train_loss': 0.0006, 'train_acc': 1.0, 'task_loss': (1e-04, 0.0005)}
{'epoch': 41, 'train_loss': 0.0006, 'train_acc': 1.0, 'task_loss': (1e-04, 0.0005)}
{'epoch': 42, 'train_loss': 0.0006, 'train_acc': 1.0, 'task_loss': (1e-04, 0.0004)}
{'epoch': 43, 'train_loss': 0.0006, 'train_acc': 1.0, 'task_loss': (1e-04, 0.0005)}
{'epoch': 44, 'train_loss': 0.0006, 'train_acc': 1.0, 'task_loss': (1e-04, 0.0005)}
{'epoch': 45, 'train_loss': 0.0005, 'train_acc': 1.0, 'task_loss': (1e-04, 0.0004)}
{'epoch': 46, 'train_loss': 0.0005, 'train_acc': 1.0, 'task_loss': (0.0002, 0.0004)}
{'epoch': 47, 'train_loss': 0.0005, 'train_acc': 1.0, 'task_loss': (1e-04, 0.0004)}
{'epoch': 48, 'train_loss': 0.0005, 'train_acc': 1.0, 'task_loss': (1e-04, 0.0004)}
{'epoch': 49, 'train_loss': 0.0004, 'train_acc': 1.0, 'task_loss': (1e-04, 0.0004)}
{'epoch': 50, 'train_loss': 0.0005, 'train_acc': 1.0, 'task_loss': (1e-04, 0.0004)}
{'epoch': 51, 'train_loss': 0.0004, 'train_acc': 1.0, 'task_loss': (1e-04, 0.0003)}
{'epoch': 52, 'train_loss': 0.0005, 'train_acc': 1.0, 'task_loss': (1e-04, 0.0004)}
{'epoch': 53, 'train_loss': 0.0004, 'train_acc': 1.0, 'task_loss': (1e-04, 0.0003)}
{'epoch': 54, 'train_loss': 0.0005, 'train_acc': 1.0, 'task_loss': (1e-04, 0.0004)}
{'epoch': 55, 'train_loss': 0.0006, 'train_acc': 1.0, 'task_loss': (1e-04, 0.0004)}
{'epoch': 56, 'train_loss': 0.0004, 'train_acc': 1.0, 'task_loss': (1e-04, 0.0004)}
{'epoch': 57, 'train_loss': 0.0004, 'train_acc': 1.0, 'task_loss': (1e-04, 0.0003)}
{'epoch': 58, 'train_loss': 0.0005, 'train_acc': 1.0, 'task_loss': (1e-04, 0.0004)}
{'epoch': 59, 'train_loss': 0.0004, 'train_acc': 1.0, 'task_loss': (1e-04, 0.0003)}
{'epoch': 60, 'train_loss': 0.0005, 'train_acc': 1.0, 'task_loss': (1e-04, 0.0004)}
{'epoch': 61, 'train_loss': 0.0004, 'train_acc': 1.0, 'task_loss': (1e-04, 0.0003)}
{'epoch': 62, 'train_loss': 0.0005, 'train_acc': 1.0, 'task_loss': (1e-04, 0.0004)}
{'epoch': 63, 'train_loss': 0.0004, 'train_acc': 1.0, 'task_loss': (1e-04, 0.0003)}
{'epoch': 64, 'train_loss': 0.0004, 'train_acc': 1.0, 'task_loss': (1e-04, 0.0003)}
{'epoch': 65, 'train_loss': 0.0005, 'train_acc': 1.0, 'task_loss': (1e-04, 0.0004)}
{'epoch': 66, 'train_loss': 0.0004, 'train_acc': 1.0, 'task_loss': (1e-04, 0.0003)}
{'epoch': 67, 'train_loss': 0.0004, 'train_acc': 1.0, 'task_loss': (1e-04, 0.0003)}
{'epoch': 68, 'train_loss': 0.0004, 'train_acc': 1.0, 'task_loss': (0.0, 0.0003)}
{'epoch': 69, 'train_loss': 0.0005, 'train_acc': 1.0, 'task_loss': (1e-04, 0.0003)}
{'epoch': 70, 'train_loss': 0.0004, 'train_acc': 1.0, 'task_loss': (1e-04, 0.0003)}
{'epoch': 71, 'train_loss': 0.0005, 'train_acc': 1.0, 'task_loss': (1e-04, 0.0004)}
{'epoch': 72, 'train_loss': 0.0006, 'train_acc': 1.0, 'task_loss': (1e-04, 0.0005)}
{'epoch': 73, 'train_loss': 0.0003, 'train_acc': 1.0, 'task_loss': (0.0, 0.0003)}
{'epoch': 74, 'train_loss': 0.0005, 'train_acc': 1.0, 'task_loss': (1e-04, 0.0005)}
{'epoch': 75, 'train_loss': 0.0004, 'train_acc': 1.0, 'task_loss': (1e-04, 0.0003)}
{'epoch': 76, 'train_loss': 0.0004, 'train_acc': 1.0, 'task_loss': (1e-04, 0.0003)}
{'epoch': 77, 'train_loss': 0.0006, 'train_acc': 1.0, 'task_loss': (0.0002, 0.0004)}
{'epoch': 78, 'train_loss': 0.0003, 'train_acc': 1.0, 'task_loss': (1e-04, 0.0002)}
{'epoch': 79, 'train_loss': 0.0004, 'train_acc': 1.0, 'task_loss': (1e-04, 0.0003)}
{'epoch': 80, 'train_loss': 0.0003, 'train_acc': 1.0, 'task_loss': (1e-04, 0.0002)}
{'epoch': 81, 'train_loss': 0.0003, 'train_acc': 1.0, 'task_loss': (1e-04, 0.0003)}
{'epoch': 82, 'train_loss': 0.0004, 'train_acc': 1.0, 'task_loss': (1e-04, 0.0003)}
{'epoch': 83, 'train_loss': 0.0007, 'train_acc': 1.0, 'task_loss': (1e-04, 0.0006)}
{'epoch': 84, 'train_loss': 0.0003, 'train_acc': 1.0, 'task_loss': (1e-04, 0.0002)}
{'epoch': 85, 'train_loss': 0.0004, 'train_acc': 1.0, 'task_loss': (1e-04, 0.0003)}
{'epoch': 86, 'train_loss': 0.0008, 'train_acc': 1.0, 'task_loss': (1e-04, 0.0006)}
{'epoch': 87, 'train_loss': 0.0004, 'train_acc': 1.0, 'task_loss': (1e-04, 0.0003)}
{'epoch': 88, 'train_loss': 0.0003, 'train_acc': 1.0, 'task_loss': (1e-04, 0.0002)}
{'epoch': 89, 'train_loss': 0.0003, 'train_acc': 1.0, 'task_loss': (1e-04, 0.0003)}
{'epoch': 90, 'train_loss': 0.0003, 'train_acc': 1.0, 'task_loss': (1e-04, 0.0002)}
{'epoch': 91, 'train_loss': 0.0005, 'train_acc': 1.0, 'task_loss': (1e-04, 0.0004)}
{'epoch': 92, 'train_loss': 0.0004, 'train_acc': 1.0, 'task_loss': (1e-04, 0.0003)}
{'epoch': 93, 'train_loss': 0.0005, 'train_acc': 1.0, 'task_loss': (1e-04, 0.0003)}
{'epoch': 94, 'train_loss': 0.0004, 'train_acc': 1.0, 'task_loss': (1e-04, 0.0003)}
{'epoch': 95, 'train_loss': 0.0004, 'train_acc': 1.0, 'task_loss': (1e-04, 0.0003)}
{'epoch': 96, 'train_loss': 0.0003, 'train_acc': 1.0, 'task_loss': (1e-04, 0.0002)}
{'epoch': 97, 'train_loss': 0.0005, 'train_acc': 1.0, 'task_loss': (1e-04, 0.0004)}
{'epoch': 98, 'train_loss': 0.0005, 'train_acc': 1.0, 'task_loss': (1e-04, 0.0004)}
{'epoch': 99, 'train_loss': 0.0003, 'train_acc': 1.0, 'task_loss': (1e-04, 0.0002)}
{'epoch': 100, 'train_loss': 0.0005, 'train_acc': 1.0, 'task_loss': (1e-04, 0.0004)}
{'run_num': 5, 'final_test_err': 0.18825000000000003}
Files already downloaded and verified
Files already downloaded and verified
{'epoch': 1, 'train_loss': 0.6737, 'train_acc': 0.6827, 'task_loss': (0.3466, 0.327)}
{'epoch': 2, 'train_loss': 0.8185, 'train_acc': 0.6997, 'task_loss': (0.3824, 0.4361)}
{'epoch': 3, 'train_loss': 0.5248, 'train_acc': 0.8097, 'task_loss': (0.2354, 0.2894)}
{'epoch': 4, 'train_loss': 0.3594, 'train_acc': 0.8267, 'task_loss': (0.1518, 0.2076)}
{'epoch': 5, 'train_loss': 0.2318, 'train_acc': 0.866, 'task_loss': (0.0618, 0.1699)}
{'epoch': 6, 'train_loss': 0.1901, 'train_acc': 0.9035, 'task_loss': (0.069, 0.1211)}
{'epoch': 7, 'train_loss': 0.0706, 'train_acc': 0.9651, 'task_loss': (0.0151, 0.0555)}
{'epoch': 8, 'train_loss': 0.0434, 'train_acc': 0.992, 'task_loss': (0.014, 0.0295)}
{'epoch': 9, 'train_loss': 0.0255, 'train_acc': 0.992, 'task_loss': (0.0034, 0.0221)}
{'epoch': 10, 'train_loss': 0.0118, 'train_acc': 1.0, 'task_loss': (0.0025, 0.0093)}
{'epoch': 11, 'train_loss': 0.0092, 'train_acc': 0.9973, 'task_loss': (0.0015, 0.0077)}
{'epoch': 12, 'train_loss': 0.0059, 'train_acc': 1.0, 'task_loss': (0.0015, 0.0044)}
{'epoch': 13, 'train_loss': 0.0033, 'train_acc': 1.0, 'task_loss': (0.0004, 0.0029)}
{'epoch': 14, 'train_loss': 0.0063, 'train_acc': 1.0, 'task_loss': (0.0023, 0.004)}
{'epoch': 15, 'train_loss': 0.0033, 'train_acc': 1.0, 'task_loss': (0.0007, 0.0026)}
{'epoch': 16, 'train_loss': 0.0046, 'train_acc': 1.0, 'task_loss': (0.0009, 0.0037)}
{'epoch': 17, 'train_loss': 0.0021, 'train_acc': 1.0, 'task_loss': (0.0005, 0.0016)}
{'epoch': 18, 'train_loss': 0.0023, 'train_acc': 1.0, 'task_loss': (0.0003, 0.0019)}
{'epoch': 19, 'train_loss': 0.0031, 'train_acc': 1.0, 'task_loss': (0.0006, 0.0026)}
{'epoch': 20, 'train_loss': 0.0017, 'train_acc': 1.0, 'task_loss': (0.0003, 0.0014)}
{'epoch': 21, 'train_loss': 0.0018, 'train_acc': 1.0, 'task_loss': (0.0006, 0.0012)}
{'epoch': 22, 'train_loss': 0.0019, 'train_acc': 1.0, 'task_loss': (0.0002, 0.0017)}
{'epoch': 23, 'train_loss': 0.0015, 'train_acc': 1.0, 'task_loss': (0.0003, 0.0012)}
{'epoch': 24, 'train_loss': 0.0014, 'train_acc': 1.0, 'task_loss': (0.0002, 0.0011)}
{'epoch': 25, 'train_loss': 0.0011, 'train_acc': 1.0, 'task_loss': (0.0002, 0.0009)}
{'epoch': 26, 'train_loss': 0.0018, 'train_acc': 1.0, 'task_loss': (0.0006, 0.0012)}
{'epoch': 27, 'train_loss': 0.0009, 'train_acc': 1.0, 'task_loss': (0.0002, 0.0007)}
{'epoch': 28, 'train_loss': 0.0016, 'train_acc': 1.0, 'task_loss': (0.0003, 0.0014)}
{'epoch': 29, 'train_loss': 0.001, 'train_acc': 1.0, 'task_loss': (0.0002, 0.0008)}
{'epoch': 30, 'train_loss': 0.001, 'train_acc': 1.0, 'task_loss': (1e-04, 0.0008)}
{'epoch': 31, 'train_loss': 0.0009, 'train_acc': 1.0, 'task_loss': (1e-04, 0.0008)}
{'epoch': 32, 'train_loss': 0.001, 'train_acc': 1.0, 'task_loss': (0.0002, 0.0008)}
{'epoch': 33, 'train_loss': 0.001, 'train_acc': 1.0, 'task_loss': (0.0002, 0.0008)}
{'epoch': 34, 'train_loss': 0.0008, 'train_acc': 1.0, 'task_loss': (0.0002, 0.0006)}
{'epoch': 35, 'train_loss': 0.0009, 'train_acc': 1.0, 'task_loss': (0.0002, 0.0006)}
{'epoch': 36, 'train_loss': 0.0007, 'train_acc': 1.0, 'task_loss': (0.0002, 0.0005)}
{'epoch': 37, 'train_loss': 0.0015, 'train_acc': 1.0, 'task_loss': (0.0004, 0.0011)}
{'epoch': 38, 'train_loss': 0.0009, 'train_acc': 1.0, 'task_loss': (0.0002, 0.0007)}
{'epoch': 39, 'train_loss': 0.0008, 'train_acc': 1.0, 'task_loss': (0.0002, 0.0006)}
{'epoch': 40, 'train_loss': 0.0007, 'train_acc': 1.0, 'task_loss': (1e-04, 0.0007)}
{'epoch': 41, 'train_loss': 0.0009, 'train_acc': 1.0, 'task_loss': (0.0002, 0.0007)}
{'epoch': 42, 'train_loss': 0.001, 'train_acc': 1.0, 'task_loss': (0.0002, 0.0008)}
{'epoch': 43, 'train_loss': 0.0007, 'train_acc': 1.0, 'task_loss': (0.0002, 0.0005)}
{'epoch': 44, 'train_loss': 0.0007, 'train_acc': 1.0, 'task_loss': (1e-04, 0.0006)}
{'epoch': 45, 'train_loss': 0.0008, 'train_acc': 1.0, 'task_loss': (0.0002, 0.0006)}
{'epoch': 46, 'train_loss': 0.0008, 'train_acc': 1.0, 'task_loss': (0.0002, 0.0006)}
{'epoch': 47, 'train_loss': 0.0007, 'train_acc': 1.0, 'task_loss': (1e-04, 0.0006)}
{'epoch': 48, 'train_loss': 0.001, 'train_acc': 1.0, 'task_loss': (0.0002, 0.0007)}
{'epoch': 49, 'train_loss': 0.0005, 'train_acc': 1.0, 'task_loss': (1e-04, 0.0004)}
{'epoch': 50, 'train_loss': 0.0006, 'train_acc': 1.0, 'task_loss': (1e-04, 0.0004)}
{'epoch': 51, 'train_loss': 0.0007, 'train_acc': 1.0, 'task_loss': (0.0002, 0.0005)}
{'epoch': 52, 'train_loss': 0.0005, 'train_acc': 1.0, 'task_loss': (1e-04, 0.0004)}
{'epoch': 53, 'train_loss': 0.0006, 'train_acc': 1.0, 'task_loss': (1e-04, 0.0005)}
{'epoch': 54, 'train_loss': 0.0007, 'train_acc': 1.0, 'task_loss': (1e-04, 0.0006)}
{'epoch': 55, 'train_loss': 0.0004, 'train_acc': 1.0, 'task_loss': (1e-04, 0.0003)}
{'epoch': 56, 'train_loss': 0.0005, 'train_acc': 1.0, 'task_loss': (1e-04, 0.0004)}
{'epoch': 57, 'train_loss': 0.0004, 'train_acc': 1.0, 'task_loss': (1e-04, 0.0003)}
{'epoch': 58, 'train_loss': 0.0005, 'train_acc': 1.0, 'task_loss': (1e-04, 0.0004)}
{'epoch': 59, 'train_loss': 0.0004, 'train_acc': 1.0, 'task_loss': (1e-04, 0.0003)}
{'epoch': 60, 'train_loss': 0.0006, 'train_acc': 1.0, 'task_loss': (1e-04, 0.0005)}
{'epoch': 61, 'train_loss': 0.0005, 'train_acc': 1.0, 'task_loss': (0.0002, 0.0003)}
{'epoch': 62, 'train_loss': 0.0003, 'train_acc': 1.0, 'task_loss': (1e-04, 0.0003)}
{'epoch': 63, 'train_loss': 0.0004, 'train_acc': 1.0, 'task_loss': (1e-04, 0.0003)}
{'epoch': 64, 'train_loss': 0.0003, 'train_acc': 1.0, 'task_loss': (1e-04, 0.0002)}
{'epoch': 65, 'train_loss': 0.0004, 'train_acc': 1.0, 'task_loss': (1e-04, 0.0003)}
{'epoch': 66, 'train_loss': 0.0004, 'train_acc': 1.0, 'task_loss': (1e-04, 0.0003)}
{'epoch': 67, 'train_loss': 0.0004, 'train_acc': 1.0, 'task_loss': (1e-04, 0.0003)}
{'epoch': 68, 'train_loss': 0.0003, 'train_acc': 1.0, 'task_loss': (1e-04, 0.0003)}
{'epoch': 69, 'train_loss': 0.0004, 'train_acc': 1.0, 'task_loss': (1e-04, 0.0003)}
{'epoch': 70, 'train_loss': 0.0003, 'train_acc': 1.0, 'task_loss': (0.0, 0.0003)}
{'epoch': 71, 'train_loss': 0.0004, 'train_acc': 1.0, 'task_loss': (1e-04, 0.0003)}
{'epoch': 72, 'train_loss': 0.0007, 'train_acc': 1.0, 'task_loss': (0.0002, 0.0005)}
{'epoch': 73, 'train_loss': 0.0004, 'train_acc': 1.0, 'task_loss': (1e-04, 0.0003)}
{'epoch': 74, 'train_loss': 0.0004, 'train_acc': 1.0, 'task_loss': (1e-04, 0.0003)}
{'epoch': 75, 'train_loss': 0.0005, 'train_acc': 1.0, 'task_loss': (0.0002, 0.0003)}
{'epoch': 76, 'train_loss': 0.0004, 'train_acc': 1.0, 'task_loss': (1e-04, 0.0003)}
{'epoch': 77, 'train_loss': 0.0005, 'train_acc': 1.0, 'task_loss': (1e-04, 0.0004)}
{'epoch': 78, 'train_loss': 0.0004, 'train_acc': 1.0, 'task_loss': (1e-04, 0.0003)}
{'epoch': 79, 'train_loss': 0.0005, 'train_acc': 1.0, 'task_loss': (1e-04, 0.0004)}
{'epoch': 80, 'train_loss': 0.0005, 'train_acc': 1.0, 'task_loss': (1e-04, 0.0004)}
{'epoch': 81, 'train_loss': 0.0004, 'train_acc': 1.0, 'task_loss': (1e-04, 0.0003)}
{'epoch': 82, 'train_loss': 0.0004, 'train_acc': 1.0, 'task_loss': (1e-04, 0.0003)}
{'epoch': 83, 'train_loss': 0.0005, 'train_acc': 1.0, 'task_loss': (1e-04, 0.0004)}
{'epoch': 84, 'train_loss': 0.0004, 'train_acc': 1.0, 'task_loss': (1e-04, 0.0003)}
{'epoch': 85, 'train_loss': 0.0004, 'train_acc': 1.0, 'task_loss': (1e-04, 0.0003)}
{'epoch': 86, 'train_loss': 0.0004, 'train_acc': 1.0, 'task_loss': (1e-04, 0.0003)}
{'epoch': 87, 'train_loss': 0.0005, 'train_acc': 1.0, 'task_loss': (1e-04, 0.0004)}
{'epoch': 88, 'train_loss': 0.0004, 'train_acc': 1.0, 'task_loss': (1e-04, 0.0004)}
{'epoch': 89, 'train_loss': 0.0005, 'train_acc': 1.0, 'task_loss': (1e-04, 0.0004)}
{'epoch': 90, 'train_loss': 0.0005, 'train_acc': 1.0, 'task_loss': (1e-04, 0.0004)}
{'epoch': 91, 'train_loss': 0.0004, 'train_acc': 1.0, 'task_loss': (1e-04, 0.0003)}
{'epoch': 92, 'train_loss': 0.0007, 'train_acc': 1.0, 'task_loss': (1e-04, 0.0006)}
{'epoch': 93, 'train_loss': 0.0004, 'train_acc': 1.0, 'task_loss': (1e-04, 0.0003)}
{'epoch': 94, 'train_loss': 0.0003, 'train_acc': 1.0, 'task_loss': (1e-04, 0.0003)}
{'epoch': 95, 'train_loss': 0.0003, 'train_acc': 1.0, 'task_loss': (1e-04, 0.0003)}
{'epoch': 96, 'train_loss': 0.0004, 'train_acc': 1.0, 'task_loss': (1e-04, 0.0003)}
{'epoch': 97, 'train_loss': 0.0007, 'train_acc': 1.0, 'task_loss': (1e-04, 0.0006)}
{'epoch': 98, 'train_loss': 0.0005, 'train_acc': 1.0, 'task_loss': (1e-04, 0.0004)}
{'epoch': 99, 'train_loss': 0.0004, 'train_acc': 1.0, 'task_loss': (1e-04, 0.0003)}
{'epoch': 100, 'train_loss': 0.0005, 'train_acc': 1.0, 'task_loss': (1e-04, 0.0004)}
{'run_num': 6, 'final_test_err': 0.17800000000000005}
Files already downloaded and verified
Files already downloaded and verified
{'epoch': 1, 'train_loss': 0.8632, 'train_acc': 0.6053, 'task_loss': (0.4259, 0.4373)}
{'epoch': 2, 'train_loss': 0.6097, 'train_acc': 0.6997, 'task_loss': (0.2793, 0.3303)}
{'epoch': 3, 'train_loss': 0.4965, 'train_acc': 0.7292, 'task_loss': (0.2306, 0.2659)}
{'epoch': 4, 'train_loss': 0.4146, 'train_acc': 0.7947, 'task_loss': (0.1832, 0.2313)}
{'epoch': 5, 'train_loss': 0.3101, 'train_acc': 0.8445, 'task_loss': (0.1082, 0.2019)}
{'epoch': 6, 'train_loss': 0.3196, 'train_acc': 0.8579, 'task_loss': (0.1069, 0.2127)}
{'epoch': 7, 'train_loss': 0.1432, 'train_acc': 0.933, 'task_loss': (0.0429, 0.1003)}
{'epoch': 8, 'train_loss': 0.0803, 'train_acc': 0.9573, 'task_loss': (0.0176, 0.0628)}
{'epoch': 9, 'train_loss': 0.0411, 'train_acc': 0.9812, 'task_loss': (0.0068, 0.0344)}
{'epoch': 10, 'train_loss': 0.0351, 'train_acc': 0.992, 'task_loss': (0.0157, 0.0194)}
{'epoch': 11, 'train_loss': 0.0264, 'train_acc': 0.9946, 'task_loss': (0.0058, 0.0206)}
{'epoch': 12, 'train_loss': 0.0288, 'train_acc': 0.9893, 'task_loss': (0.0074, 0.0214)}
{'epoch': 13, 'train_loss': 0.0131, 'train_acc': 1.0, 'task_loss': (0.0033, 0.0098)}
{'epoch': 14, 'train_loss': 0.0139, 'train_acc': 1.0, 'task_loss': (0.007, 0.0069)}
{'epoch': 15, 'train_loss': 0.0152, 'train_acc': 0.992, 'task_loss': (0.0011, 0.0141)}
{'epoch': 16, 'train_loss': 0.0059, 'train_acc': 1.0, 'task_loss': (0.0009, 0.005)}
{'epoch': 17, 'train_loss': 0.0044, 'train_acc': 1.0, 'task_loss': (0.0014, 0.003)}
{'epoch': 18, 'train_loss': 0.0032, 'train_acc': 1.0, 'task_loss': (0.0005, 0.0027)}
{'epoch': 19, 'train_loss': 0.0026, 'train_acc': 1.0, 'task_loss': (0.0005, 0.0021)}
{'epoch': 20, 'train_loss': 0.003, 'train_acc': 1.0, 'task_loss': (0.0003, 0.0027)}
{'epoch': 21, 'train_loss': 0.0024, 'train_acc': 1.0, 'task_loss': (0.0005, 0.002)}
{'epoch': 22, 'train_loss': 0.0022, 'train_acc': 1.0, 'task_loss': (0.0006, 0.0016)}
{'epoch': 23, 'train_loss': 0.0014, 'train_acc': 1.0, 'task_loss': (0.0003, 0.001)}
{'epoch': 24, 'train_loss': 0.0021, 'train_acc': 1.0, 'task_loss': (0.0004, 0.0017)}
{'epoch': 25, 'train_loss': 0.0018, 'train_acc': 1.0, 'task_loss': (0.0004, 0.0014)}
{'epoch': 26, 'train_loss': 0.0014, 'train_acc': 1.0, 'task_loss': (0.0002, 0.0012)}
{'epoch': 27, 'train_loss': 0.0013, 'train_acc': 1.0, 'task_loss': (0.0003, 0.001)}
{'epoch': 28, 'train_loss': 0.0012, 'train_acc': 1.0, 'task_loss': (0.0002, 0.001)}
{'epoch': 29, 'train_loss': 0.001, 'train_acc': 1.0, 'task_loss': (0.0002, 0.0008)}
{'epoch': 30, 'train_loss': 0.0009, 'train_acc': 1.0, 'task_loss': (0.0002, 0.0008)}
{'epoch': 31, 'train_loss': 0.0013, 'train_acc': 1.0, 'task_loss': (0.0004, 0.001)}
{'epoch': 32, 'train_loss': 0.0007, 'train_acc': 1.0, 'task_loss': (1e-04, 0.0006)}
{'epoch': 33, 'train_loss': 0.001, 'train_acc': 1.0, 'task_loss': (0.0002, 0.0008)}
{'epoch': 34, 'train_loss': 0.0009, 'train_acc': 1.0, 'task_loss': (0.0002, 0.0007)}
{'epoch': 35, 'train_loss': 0.0012, 'train_acc': 1.0, 'task_loss': (0.0002, 0.001)}
{'epoch': 36, 'train_loss': 0.0006, 'train_acc': 1.0, 'task_loss': (1e-04, 0.0005)}
{'epoch': 37, 'train_loss': 0.0013, 'train_acc': 1.0, 'task_loss': (1e-04, 0.0012)}
{'epoch': 38, 'train_loss': 0.0009, 'train_acc': 1.0, 'task_loss': (0.0004, 0.0005)}
{'epoch': 39, 'train_loss': 0.001, 'train_acc': 1.0, 'task_loss': (0.0002, 0.0008)}
{'epoch': 40, 'train_loss': 0.0007, 'train_acc': 1.0, 'task_loss': (0.0002, 0.0006)}
{'epoch': 41, 'train_loss': 0.0005, 'train_acc': 1.0, 'task_loss': (1e-04, 0.0005)}
{'epoch': 42, 'train_loss': 0.0007, 'train_acc': 1.0, 'task_loss': (1e-04, 0.0006)}
{'epoch': 43, 'train_loss': 0.0006, 'train_acc': 1.0, 'task_loss': (0.0002, 0.0005)}
{'epoch': 44, 'train_loss': 0.0009, 'train_acc': 1.0, 'task_loss': (0.0002, 0.0007)}
{'epoch': 45, 'train_loss': 0.0006, 'train_acc': 1.0, 'task_loss': (1e-04, 0.0005)}
{'epoch': 46, 'train_loss': 0.0004, 'train_acc': 1.0, 'task_loss': (1e-04, 0.0004)}
{'epoch': 47, 'train_loss': 0.0005, 'train_acc': 1.0, 'task_loss': (1e-04, 0.0004)}
{'epoch': 48, 'train_loss': 0.0006, 'train_acc': 1.0, 'task_loss': (1e-04, 0.0005)}
{'epoch': 49, 'train_loss': 0.0008, 'train_acc': 1.0, 'task_loss': (0.0002, 0.0006)}
{'epoch': 50, 'train_loss': 0.0004, 'train_acc': 1.0, 'task_loss': (1e-04, 0.0003)}
{'epoch': 51, 'train_loss': 0.0005, 'train_acc': 1.0, 'task_loss': (1e-04, 0.0004)}
{'epoch': 52, 'train_loss': 0.0009, 'train_acc': 1.0, 'task_loss': (0.0004, 0.0005)}
{'epoch': 53, 'train_loss': 0.0004, 'train_acc': 1.0, 'task_loss': (1e-04, 0.0003)}
{'epoch': 54, 'train_loss': 0.0005, 'train_acc': 1.0, 'task_loss': (1e-04, 0.0004)}
{'epoch': 55, 'train_loss': 0.0005, 'train_acc': 1.0, 'task_loss': (1e-04, 0.0004)}
{'epoch': 56, 'train_loss': 0.0006, 'train_acc': 1.0, 'task_loss': (0.0002, 0.0004)}
{'epoch': 57, 'train_loss': 0.0004, 'train_acc': 1.0, 'task_loss': (1e-04, 0.0003)}
{'epoch': 58, 'train_loss': 0.0006, 'train_acc': 1.0, 'task_loss': (1e-04, 0.0004)}
{'epoch': 59, 'train_loss': 0.0005, 'train_acc': 1.0, 'task_loss': (1e-04, 0.0004)}
{'epoch': 60, 'train_loss': 0.0005, 'train_acc': 1.0, 'task_loss': (1e-04, 0.0004)}
{'epoch': 61, 'train_loss': 0.0004, 'train_acc': 1.0, 'task_loss': (1e-04, 0.0003)}
{'epoch': 62, 'train_loss': 0.0005, 'train_acc': 1.0, 'task_loss': (1e-04, 0.0004)}
{'epoch': 63, 'train_loss': 0.0003, 'train_acc': 1.0, 'task_loss': (0.0, 0.0003)}
{'epoch': 64, 'train_loss': 0.0009, 'train_acc': 1.0, 'task_loss': (0.0004, 0.0005)}
{'epoch': 65, 'train_loss': 0.0004, 'train_acc': 1.0, 'task_loss': (1e-04, 0.0003)}
{'epoch': 66, 'train_loss': 0.0004, 'train_acc': 1.0, 'task_loss': (1e-04, 0.0003)}
{'epoch': 67, 'train_loss': 0.0005, 'train_acc': 1.0, 'task_loss': (1e-04, 0.0004)}
{'epoch': 68, 'train_loss': 0.0004, 'train_acc': 1.0, 'task_loss': (1e-04, 0.0004)}
{'epoch': 69, 'train_loss': 0.0004, 'train_acc': 1.0, 'task_loss': (1e-04, 0.0003)}
{'epoch': 70, 'train_loss': 0.0004, 'train_acc': 1.0, 'task_loss': (1e-04, 0.0003)}
{'epoch': 71, 'train_loss': 0.0003, 'train_acc': 1.0, 'task_loss': (1e-04, 0.0003)}
{'epoch': 72, 'train_loss': 0.0005, 'train_acc': 1.0, 'task_loss': (1e-04, 0.0004)}
{'epoch': 73, 'train_loss': 0.0005, 'train_acc': 1.0, 'task_loss': (1e-04, 0.0004)}
{'epoch': 74, 'train_loss': 0.0007, 'train_acc': 1.0, 'task_loss': (1e-04, 0.0005)}
{'epoch': 75, 'train_loss': 0.0004, 'train_acc': 1.0, 'task_loss': (1e-04, 0.0003)}
{'epoch': 76, 'train_loss': 0.0004, 'train_acc': 1.0, 'task_loss': (1e-04, 0.0003)}
{'epoch': 77, 'train_loss': 0.0004, 'train_acc': 1.0, 'task_loss': (1e-04, 0.0004)}
{'epoch': 78, 'train_loss': 0.0004, 'train_acc': 1.0, 'task_loss': (1e-04, 0.0003)}
{'epoch': 79, 'train_loss': 0.0004, 'train_acc': 1.0, 'task_loss': (1e-04, 0.0003)}
{'epoch': 80, 'train_loss': 0.0005, 'train_acc': 1.0, 'task_loss': (1e-04, 0.0004)}
{'epoch': 81, 'train_loss': 0.0003, 'train_acc': 1.0, 'task_loss': (1e-04, 0.0002)}
{'epoch': 82, 'train_loss': 0.0003, 'train_acc': 1.0, 'task_loss': (0.0, 0.0003)}
{'epoch': 83, 'train_loss': 0.0004, 'train_acc': 1.0, 'task_loss': (1e-04, 0.0003)}
{'epoch': 84, 'train_loss': 0.0004, 'train_acc': 1.0, 'task_loss': (1e-04, 0.0004)}
{'epoch': 85, 'train_loss': 0.0007, 'train_acc': 1.0, 'task_loss': (1e-04, 0.0006)}
{'epoch': 86, 'train_loss': 0.001, 'train_acc': 1.0, 'task_loss': (1e-04, 0.0009)}
{'epoch': 87, 'train_loss': 0.0003, 'train_acc': 1.0, 'task_loss': (1e-04, 0.0003)}
{'epoch': 88, 'train_loss': 0.0004, 'train_acc': 1.0, 'task_loss': (1e-04, 0.0003)}
{'epoch': 89, 'train_loss': 0.0005, 'train_acc': 1.0, 'task_loss': (1e-04, 0.0005)}
{'epoch': 90, 'train_loss': 0.0003, 'train_acc': 1.0, 'task_loss': (1e-04, 0.0003)}
{'epoch': 91, 'train_loss': 0.0005, 'train_acc': 1.0, 'task_loss': (1e-04, 0.0004)}
{'epoch': 92, 'train_loss': 0.0006, 'train_acc': 1.0, 'task_loss': (0.0002, 0.0004)}
{'epoch': 93, 'train_loss': 0.0003, 'train_acc': 1.0, 'task_loss': (1e-04, 0.0003)}
{'epoch': 94, 'train_loss': 0.0005, 'train_acc': 1.0, 'task_loss': (1e-04, 0.0004)}
{'epoch': 95, 'train_loss': 0.0005, 'train_acc': 1.0, 'task_loss': (1e-04, 0.0004)}
{'epoch': 96, 'train_loss': 0.0004, 'train_acc': 1.0, 'task_loss': (1e-04, 0.0003)}
{'epoch': 97, 'train_loss': 0.0004, 'train_acc': 1.0, 'task_loss': (1e-04, 0.0003)}
{'epoch': 98, 'train_loss': 0.0004, 'train_acc': 1.0, 'task_loss': (1e-04, 0.0003)}
{'epoch': 99, 'train_loss': 0.0004, 'train_acc': 1.0, 'task_loss': (1e-04, 0.0003)}
{'epoch': 100, 'train_loss': 0.0003, 'train_acc': 1.0, 'task_loss': (1e-04, 0.0003)}
{'run_num': 7, 'final_test_err': 0.17600000000000005}
Files already downloaded and verified
Files already downloaded and verified
{'epoch': 1, 'train_loss': 0.7532, 'train_acc': 0.6453, 'task_loss': (0.3675, 0.3857)}
{'epoch': 2, 'train_loss': 0.5878, 'train_acc': 0.7319, 'task_loss': (0.2829, 0.3049)}
{'epoch': 3, 'train_loss': 0.4009, 'train_acc': 0.8123, 'task_loss': (0.162, 0.2388)}
{'epoch': 4, 'train_loss': 0.3221, 'train_acc': 0.832, 'task_loss': (0.1267, 0.1955)}
{'epoch': 5, 'train_loss': 0.3515, 'train_acc': 0.8445, 'task_loss': (0.163, 0.1885)}
{'epoch': 6, 'train_loss': 0.2549, 'train_acc': 0.8794, 'task_loss': (0.1114, 0.1435)}
{'epoch': 7, 'train_loss': 0.1467, 'train_acc': 0.9437, 'task_loss': (0.0717, 0.0751)}
{'epoch': 8, 'train_loss': 0.0695, 'train_acc': 0.9707, 'task_loss': (0.0208, 0.0487)}
{'epoch': 9, 'train_loss': 0.092, 'train_acc': 0.9651, 'task_loss': (0.0407, 0.0512)}
{'epoch': 10, 'train_loss': 0.0253, 'train_acc': 0.9973, 'task_loss': (0.0036, 0.0217)}
{'epoch': 11, 'train_loss': 0.0183, 'train_acc': 1.0, 'task_loss': (0.0035, 0.0148)}
{'epoch': 12, 'train_loss': 0.0069, 'train_acc': 1.0, 'task_loss': (0.0012, 0.0057)}
{'epoch': 13, 'train_loss': 0.0063, 'train_acc': 1.0, 'task_loss': (0.0009, 0.0054)}
{'epoch': 14, 'train_loss': 0.0038, 'train_acc': 1.0, 'task_loss': (0.0006, 0.0033)}
{'epoch': 15, 'train_loss': 0.0064, 'train_acc': 1.0, 'task_loss': (0.0024, 0.004)}
{'epoch': 16, 'train_loss': 0.003, 'train_acc': 1.0, 'task_loss': (0.0004, 0.0026)}
{'epoch': 17, 'train_loss': 0.0019, 'train_acc': 1.0, 'task_loss': (0.0004, 0.0015)}
{'epoch': 18, 'train_loss': 0.0038, 'train_acc': 1.0, 'task_loss': (0.0005, 0.0033)}
{'epoch': 19, 'train_loss': 0.0027, 'train_acc': 1.0, 'task_loss': (0.0009, 0.0018)}
{'epoch': 20, 'train_loss': 0.0022, 'train_acc': 1.0, 'task_loss': (0.0005, 0.0018)}
{'epoch': 21, 'train_loss': 0.0015, 'train_acc': 1.0, 'task_loss': (0.0003, 0.0012)}
{'epoch': 22, 'train_loss': 0.0019, 'train_acc': 1.0, 'task_loss': (0.0003, 0.0016)}
{'epoch': 23, 'train_loss': 0.0014, 'train_acc': 1.0, 'task_loss': (0.0003, 0.0011)}
{'epoch': 24, 'train_loss': 0.0021, 'train_acc': 1.0, 'task_loss': (0.0007, 0.0014)}
{'epoch': 25, 'train_loss': 0.0013, 'train_acc': 1.0, 'task_loss': (0.0003, 0.001)}
{'epoch': 26, 'train_loss': 0.0018, 'train_acc': 1.0, 'task_loss': (0.0004, 0.0014)}
{'epoch': 27, 'train_loss': 0.0015, 'train_acc': 1.0, 'task_loss': (0.0002, 0.0012)}
{'epoch': 28, 'train_loss': 0.0011, 'train_acc': 1.0, 'task_loss': (0.0002, 0.0009)}
{'epoch': 29, 'train_loss': 0.001, 'train_acc': 1.0, 'task_loss': (0.0003, 0.0007)}
{'epoch': 30, 'train_loss': 0.0009, 'train_acc': 1.0, 'task_loss': (1e-04, 0.0008)}
{'epoch': 31, 'train_loss': 0.0013, 'train_acc': 1.0, 'task_loss': (0.0002, 0.0012)}
{'epoch': 32, 'train_loss': 0.0013, 'train_acc': 1.0, 'task_loss': (0.0003, 0.001)}
{'epoch': 33, 'train_loss': 0.001, 'train_acc': 1.0, 'task_loss': (0.0003, 0.0007)}
{'epoch': 34, 'train_loss': 0.0009, 'train_acc': 1.0, 'task_loss': (0.0002, 0.0007)}
{'epoch': 35, 'train_loss': 0.0008, 'train_acc': 1.0, 'task_loss': (1e-04, 0.0007)}
{'epoch': 36, 'train_loss': 0.0006, 'train_acc': 1.0, 'task_loss': (1e-04, 0.0005)}
{'epoch': 37, 'train_loss': 0.0009, 'train_acc': 1.0, 'task_loss': (1e-04, 0.0008)}
{'epoch': 38, 'train_loss': 0.0009, 'train_acc': 1.0, 'task_loss': (1e-04, 0.0007)}
{'epoch': 39, 'train_loss': 0.001, 'train_acc': 1.0, 'task_loss': (0.0002, 0.0008)}
{'epoch': 40, 'train_loss': 0.0009, 'train_acc': 1.0, 'task_loss': (0.0002, 0.0008)}
{'epoch': 41, 'train_loss': 0.0006, 'train_acc': 1.0, 'task_loss': (1e-04, 0.0005)}
{'epoch': 42, 'train_loss': 0.0005, 'train_acc': 1.0, 'task_loss': (1e-04, 0.0005)}
{'epoch': 43, 'train_loss': 0.0007, 'train_acc': 1.0, 'task_loss': (1e-04, 0.0006)}
{'epoch': 44, 'train_loss': 0.0007, 'train_acc': 1.0, 'task_loss': (1e-04, 0.0006)}
{'epoch': 45, 'train_loss': 0.0007, 'train_acc': 1.0, 'task_loss': (1e-04, 0.0006)}
{'epoch': 46, 'train_loss': 0.0005, 'train_acc': 1.0, 'task_loss': (1e-04, 0.0004)}
{'epoch': 47, 'train_loss': 0.0008, 'train_acc': 1.0, 'task_loss': (1e-04, 0.0007)}
{'epoch': 48, 'train_loss': 0.0005, 'train_acc': 1.0, 'task_loss': (1e-04, 0.0004)}
{'epoch': 49, 'train_loss': 0.0009, 'train_acc': 1.0, 'task_loss': (1e-04, 0.0008)}
{'epoch': 50, 'train_loss': 0.0005, 'train_acc': 1.0, 'task_loss': (1e-04, 0.0004)}
{'epoch': 51, 'train_loss': 0.0005, 'train_acc': 1.0, 'task_loss': (1e-04, 0.0004)}
{'epoch': 52, 'train_loss': 0.0004, 'train_acc': 1.0, 'task_loss': (1e-04, 0.0003)}
{'epoch': 53, 'train_loss': 0.0006, 'train_acc': 1.0, 'task_loss': (0.0002, 0.0004)}
{'epoch': 54, 'train_loss': 0.0004, 'train_acc': 1.0, 'task_loss': (1e-04, 0.0003)}
{'epoch': 55, 'train_loss': 0.0005, 'train_acc': 1.0, 'task_loss': (1e-04, 0.0004)}
{'epoch': 56, 'train_loss': 0.0006, 'train_acc': 1.0, 'task_loss': (1e-04, 0.0005)}
{'epoch': 57, 'train_loss': 0.0007, 'train_acc': 1.0, 'task_loss': (1e-04, 0.0005)}
{'epoch': 58, 'train_loss': 0.0004, 'train_acc': 1.0, 'task_loss': (1e-04, 0.0004)}
{'epoch': 59, 'train_loss': 0.0005, 'train_acc': 1.0, 'task_loss': (1e-04, 0.0004)}
{'epoch': 60, 'train_loss': 0.0005, 'train_acc': 1.0, 'task_loss': (1e-04, 0.0004)}
{'epoch': 61, 'train_loss': 0.0004, 'train_acc': 1.0, 'task_loss': (1e-04, 0.0003)}
{'epoch': 62, 'train_loss': 0.0004, 'train_acc': 1.0, 'task_loss': (0.0, 0.0003)}
{'epoch': 63, 'train_loss': 0.0004, 'train_acc': 1.0, 'task_loss': (1e-04, 0.0003)}
{'epoch': 64, 'train_loss': 0.0004, 'train_acc': 1.0, 'task_loss': (1e-04, 0.0003)}
{'epoch': 65, 'train_loss': 0.0004, 'train_acc': 1.0, 'task_loss': (1e-04, 0.0003)}
{'epoch': 66, 'train_loss': 0.0004, 'train_acc': 1.0, 'task_loss': (1e-04, 0.0003)}
{'epoch': 67, 'train_loss': 0.0007, 'train_acc': 1.0, 'task_loss': (1e-04, 0.0006)}
{'epoch': 68, 'train_loss': 0.0004, 'train_acc': 1.0, 'task_loss': (1e-04, 0.0003)}
{'epoch': 69, 'train_loss': 0.0004, 'train_acc': 1.0, 'task_loss': (1e-04, 0.0003)}
{'epoch': 70, 'train_loss': 0.0003, 'train_acc': 1.0, 'task_loss': (1e-04, 0.0003)}
{'epoch': 71, 'train_loss': 0.0005, 'train_acc': 1.0, 'task_loss': (1e-04, 0.0004)}
{'epoch': 72, 'train_loss': 0.0004, 'train_acc': 1.0, 'task_loss': (1e-04, 0.0003)}
{'epoch': 73, 'train_loss': 0.0003, 'train_acc': 1.0, 'task_loss': (1e-04, 0.0002)}
{'epoch': 74, 'train_loss': 0.0005, 'train_acc': 1.0, 'task_loss': (1e-04, 0.0004)}
{'epoch': 75, 'train_loss': 0.0004, 'train_acc': 1.0, 'task_loss': (1e-04, 0.0003)}
{'epoch': 76, 'train_loss': 0.0004, 'train_acc': 1.0, 'task_loss': (1e-04, 0.0003)}
{'epoch': 77, 'train_loss': 0.0004, 'train_acc': 1.0, 'task_loss': (0.0, 0.0004)}
{'epoch': 78, 'train_loss': 0.0004, 'train_acc': 1.0, 'task_loss': (1e-04, 0.0003)}
{'epoch': 79, 'train_loss': 0.0002, 'train_acc': 1.0, 'task_loss': (1e-04, 0.0002)}
{'epoch': 80, 'train_loss': 0.0003, 'train_acc': 1.0, 'task_loss': (1e-04, 0.0003)}
{'epoch': 81, 'train_loss': 0.0004, 'train_acc': 1.0, 'task_loss': (1e-04, 0.0003)}
{'epoch': 82, 'train_loss': 0.0008, 'train_acc': 1.0, 'task_loss': (0.0002, 0.0006)}
{'epoch': 83, 'train_loss': 0.0005, 'train_acc': 1.0, 'task_loss': (1e-04, 0.0004)}
{'epoch': 84, 'train_loss': 0.0003, 'train_acc': 1.0, 'task_loss': (1e-04, 0.0003)}
{'epoch': 85, 'train_loss': 0.0012, 'train_acc': 1.0, 'task_loss': (0.0004, 0.0008)}
{'epoch': 86, 'train_loss': 0.0004, 'train_acc': 1.0, 'task_loss': (1e-04, 0.0003)}
{'epoch': 87, 'train_loss': 0.0006, 'train_acc': 1.0, 'task_loss': (1e-04, 0.0004)}
{'epoch': 88, 'train_loss': 0.0015, 'train_acc': 1.0, 'task_loss': (0.0003, 0.0012)}
{'epoch': 89, 'train_loss': 0.0004, 'train_acc': 1.0, 'task_loss': (1e-04, 0.0003)}
{'epoch': 90, 'train_loss': 0.0003, 'train_acc': 1.0, 'task_loss': (1e-04, 0.0003)}
{'epoch': 91, 'train_loss': 0.0003, 'train_acc': 1.0, 'task_loss': (1e-04, 0.0003)}
{'epoch': 92, 'train_loss': 0.0004, 'train_acc': 1.0, 'task_loss': (1e-04, 0.0004)}
{'epoch': 93, 'train_loss': 0.0004, 'train_acc': 1.0, 'task_loss': (1e-04, 0.0003)}
{'epoch': 94, 'train_loss': 0.0003, 'train_acc': 1.0, 'task_loss': (1e-04, 0.0003)}
{'epoch': 95, 'train_loss': 0.0005, 'train_acc': 1.0, 'task_loss': (1e-04, 0.0004)}
{'epoch': 96, 'train_loss': 0.0006, 'train_acc': 1.0, 'task_loss': (1e-04, 0.0005)}
{'epoch': 97, 'train_loss': 0.0003, 'train_acc': 1.0, 'task_loss': (0.0, 0.0002)}
{'epoch': 98, 'train_loss': 0.0004, 'train_acc': 1.0, 'task_loss': (1e-04, 0.0004)}
{'epoch': 99, 'train_loss': 0.0004, 'train_acc': 1.0, 'task_loss': (1e-04, 0.0003)}
{'epoch': 100, 'train_loss': 0.0003, 'train_acc': 1.0, 'task_loss': (1e-04, 0.0002)}
{'run_num': 8, 'final_test_err': 0.17300000000000004}
Files already downloaded and verified
Files already downloaded and verified
{'epoch': 1, 'train_loss': 0.8342, 'train_acc': 0.648, 'task_loss': (0.4726, 0.3616)}
{'epoch': 2, 'train_loss': 0.6359, 'train_acc': 0.7319, 'task_loss': (0.3004, 0.3354)}
{'epoch': 3, 'train_loss': 0.4644, 'train_acc': 0.8204, 'task_loss': (0.2297, 0.2347)}
{'epoch': 4, 'train_loss': 0.4061, 'train_acc': 0.8, 'task_loss': (0.1789, 0.2272)}
{'epoch': 5, 'train_loss': 0.359, 'train_acc': 0.8472, 'task_loss': (0.1783, 0.1807)}
{'epoch': 6, 'train_loss': 0.1699, 'train_acc': 0.9115, 'task_loss': (0.0413, 0.1286)}
{'epoch': 7, 'train_loss': 0.172, 'train_acc': 0.9142, 'task_loss': (0.0393, 0.1327)}
{'epoch': 8, 'train_loss': 0.1893, 'train_acc': 0.9147, 'task_loss': (0.0986, 0.0908)}
{'epoch': 9, 'train_loss': 0.1776, 'train_acc': 0.9196, 'task_loss': (0.0664, 0.1112)}
{'epoch': 10, 'train_loss': 0.0638, 'train_acc': 0.9678, 'task_loss': (0.0123, 0.0515)}
{'epoch': 11, 'train_loss': 0.0342, 'train_acc': 0.9839, 'task_loss': (0.0065, 0.0278)}
{'epoch': 12, 'train_loss': 0.0252, 'train_acc': 0.9973, 'task_loss': (0.0064, 0.0189)}
{'epoch': 13, 'train_loss': 0.0168, 'train_acc': 1.0, 'task_loss': (0.0023, 0.0146)}
{'epoch': 14, 'train_loss': 0.0105, 'train_acc': 1.0, 'task_loss': (0.0016, 0.0089)}
{'epoch': 15, 'train_loss': 0.005, 'train_acc': 1.0, 'task_loss': (0.0016, 0.0034)}
{'epoch': 16, 'train_loss': 0.0033, 'train_acc': 1.0, 'task_loss': (0.0008, 0.0025)}
{'epoch': 17, 'train_loss': 0.0027, 'train_acc': 1.0, 'task_loss': (0.0005, 0.0022)}
{'epoch': 18, 'train_loss': 0.0039, 'train_acc': 1.0, 'task_loss': (0.0007, 0.0032)}
{'epoch': 19, 'train_loss': 0.0032, 'train_acc': 1.0, 'task_loss': (0.0005, 0.0027)}
{'epoch': 20, 'train_loss': 0.002, 'train_acc': 1.0, 'task_loss': (0.0004, 0.0016)}
{'epoch': 21, 'train_loss': 0.0016, 'train_acc': 1.0, 'task_loss': (0.0002, 0.0014)}
{'epoch': 22, 'train_loss': 0.0017, 'train_acc': 1.0, 'task_loss': (0.0003, 0.0014)}
{'epoch': 23, 'train_loss': 0.002, 'train_acc': 1.0, 'task_loss': (0.0003, 0.0017)}
{'epoch': 24, 'train_loss': 0.0014, 'train_acc': 1.0, 'task_loss': (0.0003, 0.0011)}
{'epoch': 25, 'train_loss': 0.0014, 'train_acc': 1.0, 'task_loss': (0.0003, 0.0011)}
{'epoch': 26, 'train_loss': 0.0012, 'train_acc': 1.0, 'task_loss': (0.0003, 0.0009)}
{'epoch': 27, 'train_loss': 0.0019, 'train_acc': 1.0, 'task_loss': (0.0004, 0.0015)}
{'epoch': 28, 'train_loss': 0.0008, 'train_acc': 1.0, 'task_loss': (1e-04, 0.0007)}
{'epoch': 29, 'train_loss': 0.0009, 'train_acc': 1.0, 'task_loss': (0.0002, 0.0007)}
{'epoch': 30, 'train_loss': 0.001, 'train_acc': 1.0, 'task_loss': (1e-04, 0.0009)}
{'epoch': 31, 'train_loss': 0.0012, 'train_acc': 1.0, 'task_loss': (0.0002, 0.001)}
{'epoch': 32, 'train_loss': 0.0008, 'train_acc': 1.0, 'task_loss': (0.0002, 0.0006)}
{'epoch': 33, 'train_loss': 0.0008, 'train_acc': 1.0, 'task_loss': (0.0002, 0.0006)}
{'epoch': 34, 'train_loss': 0.0008, 'train_acc': 1.0, 'task_loss': (0.0002, 0.0006)}
{'epoch': 35, 'train_loss': 0.0009, 'train_acc': 1.0, 'task_loss': (0.0002, 0.0007)}
{'epoch': 36, 'train_loss': 0.0008, 'train_acc': 1.0, 'task_loss': (1e-04, 0.0006)}
{'epoch': 37, 'train_loss': 0.0008, 'train_acc': 1.0, 'task_loss': (0.0002, 0.0006)}
{'epoch': 38, 'train_loss': 0.0009, 'train_acc': 1.0, 'task_loss': (0.0002, 0.0006)}
{'epoch': 39, 'train_loss': 0.0015, 'train_acc': 1.0, 'task_loss': (0.0004, 0.0011)}
{'epoch': 40, 'train_loss': 0.0006, 'train_acc': 1.0, 'task_loss': (1e-04, 0.0005)}
{'epoch': 41, 'train_loss': 0.0009, 'train_acc': 1.0, 'task_loss': (0.0002, 0.0008)}
{'epoch': 42, 'train_loss': 0.0007, 'train_acc': 1.0, 'task_loss': (1e-04, 0.0006)}
{'epoch': 43, 'train_loss': 0.0007, 'train_acc': 1.0, 'task_loss': (1e-04, 0.0006)}
{'epoch': 44, 'train_loss': 0.001, 'train_acc': 1.0, 'task_loss': (0.0002, 0.0008)}
{'epoch': 45, 'train_loss': 0.0007, 'train_acc': 1.0, 'task_loss': (0.0002, 0.0005)}
{'epoch': 46, 'train_loss': 0.0009, 'train_acc': 1.0, 'task_loss': (0.0002, 0.0007)}
{'epoch': 47, 'train_loss': 0.0006, 'train_acc': 1.0, 'task_loss': (1e-04, 0.0005)}
{'epoch': 48, 'train_loss': 0.0008, 'train_acc': 1.0, 'task_loss': (0.0002, 0.0007)}
{'epoch': 49, 'train_loss': 0.0009, 'train_acc': 1.0, 'task_loss': (1e-04, 0.0008)}
{'epoch': 50, 'train_loss': 0.0006, 'train_acc': 1.0, 'task_loss': (1e-04, 0.0005)}
{'epoch': 51, 'train_loss': 0.0007, 'train_acc': 1.0, 'task_loss': (1e-04, 0.0006)}
{'epoch': 52, 'train_loss': 0.0009, 'train_acc': 1.0, 'task_loss': (0.0003, 0.0007)}
{'epoch': 53, 'train_loss': 0.0006, 'train_acc': 1.0, 'task_loss': (0.0002, 0.0004)}
{'epoch': 54, 'train_loss': 0.0006, 'train_acc': 1.0, 'task_loss': (1e-04, 0.0005)}
{'epoch': 55, 'train_loss': 0.0006, 'train_acc': 1.0, 'task_loss': (0.0002, 0.0005)}
{'epoch': 56, 'train_loss': 0.0005, 'train_acc': 1.0, 'task_loss': (1e-04, 0.0004)}
{'epoch': 57, 'train_loss': 0.0004, 'train_acc': 1.0, 'task_loss': (1e-04, 0.0003)}
{'epoch': 58, 'train_loss': 0.0005, 'train_acc': 1.0, 'task_loss': (1e-04, 0.0004)}
{'epoch': 59, 'train_loss': 0.0006, 'train_acc': 1.0, 'task_loss': (1e-04, 0.0005)}
{'epoch': 60, 'train_loss': 0.0005, 'train_acc': 1.0, 'task_loss': (1e-04, 0.0004)}
{'epoch': 61, 'train_loss': 0.0005, 'train_acc': 1.0, 'task_loss': (1e-04, 0.0005)}
{'epoch': 62, 'train_loss': 0.0005, 'train_acc': 1.0, 'task_loss': (1e-04, 0.0004)}
{'epoch': 63, 'train_loss': 0.0005, 'train_acc': 1.0, 'task_loss': (1e-04, 0.0004)}
{'epoch': 64, 'train_loss': 0.0005, 'train_acc': 1.0, 'task_loss': (1e-04, 0.0004)}
{'epoch': 65, 'train_loss': 0.0006, 'train_acc': 1.0, 'task_loss': (1e-04, 0.0005)}
{'epoch': 66, 'train_loss': 0.0006, 'train_acc': 1.0, 'task_loss': (1e-04, 0.0004)}
{'epoch': 67, 'train_loss': 0.0005, 'train_acc': 1.0, 'task_loss': (1e-04, 0.0004)}
{'epoch': 68, 'train_loss': 0.0004, 'train_acc': 1.0, 'task_loss': (1e-04, 0.0003)}
{'epoch': 69, 'train_loss': 0.0005, 'train_acc': 1.0, 'task_loss': (1e-04, 0.0004)}
{'epoch': 70, 'train_loss': 0.0004, 'train_acc': 1.0, 'task_loss': (1e-04, 0.0003)}
{'epoch': 71, 'train_loss': 0.0006, 'train_acc': 1.0, 'task_loss': (1e-04, 0.0005)}
{'epoch': 72, 'train_loss': 0.0008, 'train_acc': 1.0, 'task_loss': (1e-04, 0.0007)}
{'epoch': 73, 'train_loss': 0.0004, 'train_acc': 1.0, 'task_loss': (1e-04, 0.0003)}
{'epoch': 74, 'train_loss': 0.0006, 'train_acc': 1.0, 'task_loss': (1e-04, 0.0004)}
{'epoch': 75, 'train_loss': 0.0005, 'train_acc': 1.0, 'task_loss': (1e-04, 0.0003)}
{'epoch': 76, 'train_loss': 0.0005, 'train_acc': 1.0, 'task_loss': (1e-04, 0.0004)}
{'epoch': 77, 'train_loss': 0.0006, 'train_acc': 1.0, 'task_loss': (1e-04, 0.0005)}
{'epoch': 78, 'train_loss': 0.0004, 'train_acc': 1.0, 'task_loss': (1e-04, 0.0003)}
{'epoch': 79, 'train_loss': 0.0003, 'train_acc': 1.0, 'task_loss': (1e-04, 0.0003)}
{'epoch': 80, 'train_loss': 0.0004, 'train_acc': 1.0, 'task_loss': (1e-04, 0.0003)}
{'epoch': 81, 'train_loss': 0.0004, 'train_acc': 1.0, 'task_loss': (1e-04, 0.0003)}
{'epoch': 82, 'train_loss': 0.0006, 'train_acc': 1.0, 'task_loss': (1e-04, 0.0005)}
{'epoch': 83, 'train_loss': 0.0007, 'train_acc': 1.0, 'task_loss': (1e-04, 0.0005)}
{'epoch': 84, 'train_loss': 0.0007, 'train_acc': 1.0, 'task_loss': (0.0002, 0.0005)}
{'epoch': 85, 'train_loss': 0.0005, 'train_acc': 1.0, 'task_loss': (1e-04, 0.0004)}
{'epoch': 86, 'train_loss': 0.0006, 'train_acc': 1.0, 'task_loss': (1e-04, 0.0005)}
{'epoch': 87, 'train_loss': 0.0003, 'train_acc': 1.0, 'task_loss': (1e-04, 0.0003)}
{'epoch': 88, 'train_loss': 0.0005, 'train_acc': 1.0, 'task_loss': (1e-04, 0.0004)}
{'epoch': 89, 'train_loss': 0.0007, 'train_acc': 1.0, 'task_loss': (1e-04, 0.0006)}
{'epoch': 90, 'train_loss': 0.0005, 'train_acc': 1.0, 'task_loss': (1e-04, 0.0005)}
{'epoch': 91, 'train_loss': 0.0004, 'train_acc': 1.0, 'task_loss': (1e-04, 0.0003)}
{'epoch': 92, 'train_loss': 0.0006, 'train_acc': 1.0, 'task_loss': (0.0002, 0.0004)}
{'epoch': 93, 'train_loss': 0.0006, 'train_acc': 1.0, 'task_loss': (1e-04, 0.0006)}
{'epoch': 94, 'train_loss': 0.0004, 'train_acc': 1.0, 'task_loss': (1e-04, 0.0003)}
{'epoch': 95, 'train_loss': 0.0004, 'train_acc': 1.0, 'task_loss': (1e-04, 0.0003)}
{'epoch': 96, 'train_loss': 0.0005, 'train_acc': 1.0, 'task_loss': (1e-04, 0.0005)}
{'epoch': 97, 'train_loss': 0.0004, 'train_acc': 1.0, 'task_loss': (1e-04, 0.0003)}
{'epoch': 98, 'train_loss': 0.0005, 'train_acc': 1.0, 'task_loss': (1e-04, 0.0004)}
{'epoch': 99, 'train_loss': 0.0003, 'train_acc': 1.0, 'task_loss': (1e-04, 0.0003)}
{'epoch': 100, 'train_loss': 0.0004, 'train_acc': 1.0, 'task_loss': (1e-04, 0.0004)}
{'run_num': 9, 'final_test_err': 0.17974999999999997}
{'avg_err': 0.1812, 'std_err': 0.005}
