{'deploy': True, 'tag': '02_beta/ta_sampler_loss', 'seed': 10, 'device': 'cuda:0', 'reps': 10, 'loss': {'alpha': 0.5, 'tune_alpha': False, 'group_task_loss': True}, 'task': {'dataset': 'split_cifar10', 'task_map': [[0, 1], [2, 3], [4, 5], [6, 7], [8, 9]], 'target': 0, 'ood': [4], 'augment': True, 'n': 50, 'm_n': 5, 'beta': 'unbiased', 'custom_sampler': True}, 'hp': {'epochs': 100, 'bs': 16, 'lr': 0.01}, 'net': 'conv'}
Files already downloaded and verified
Files already downloaded and verified
{'epoch': 1, 'train_loss': 0.9142, 'train_acc': 0.5766, 'task_loss': (0.4432, 0.471)}
{'epoch': 2, 'train_loss': 0.946, 'train_acc': 0.6788, 'task_loss': (0.5263, 0.4197)}
{'epoch': 3, 'train_loss': 0.7665, 'train_acc': 0.6752, 'task_loss': (0.3659, 0.4006)}
{'epoch': 4, 'train_loss': 0.7868, 'train_acc': 0.6916, 'task_loss': (0.4378, 0.3491)}
{'epoch': 5, 'train_loss': 0.6528, 'train_acc': 0.6715, 'task_loss': (0.2546, 0.3982)}
{'epoch': 6, 'train_loss': 0.5904, 'train_acc': 0.7281, 'task_loss': (0.2639, 0.3265)}
{'epoch': 7, 'train_loss': 0.5567, 'train_acc': 0.7427, 'task_loss': (0.2781, 0.2786)}
{'epoch': 8, 'train_loss': 0.4931, 'train_acc': 0.7299, 'task_loss': (0.1816, 0.3115)}
{'epoch': 9, 'train_loss': 0.5361, 'train_acc': 0.7628, 'task_loss': (0.265, 0.2711)}
{'epoch': 10, 'train_loss': 0.4624, 'train_acc': 0.7883, 'task_loss': (0.231, 0.2314)}
{'epoch': 11, 'train_loss': 0.4198, 'train_acc': 0.823, 'task_loss': (0.1841, 0.2356)}
{'epoch': 12, 'train_loss': 0.4492, 'train_acc': 0.792, 'task_loss': (0.1644, 0.2847)}
{'epoch': 13, 'train_loss': 0.4476, 'train_acc': 0.7956, 'task_loss': (0.2205, 0.2271)}
{'epoch': 14, 'train_loss': 0.3902, 'train_acc': 0.7993, 'task_loss': (0.1393, 0.251)}
{'epoch': 15, 'train_loss': 0.4454, 'train_acc': 0.8248, 'task_loss': (0.2055, 0.24)}
{'epoch': 16, 'train_loss': 0.4628, 'train_acc': 0.7755, 'task_loss': (0.2155, 0.2472)}
{'epoch': 17, 'train_loss': 0.4317, 'train_acc': 0.8084, 'task_loss': (0.2067, 0.225)}
{'epoch': 18, 'train_loss': 0.291, 'train_acc': 0.8193, 'task_loss': (0.0752, 0.2157)}
{'epoch': 19, 'train_loss': 0.385, 'train_acc': 0.8047, 'task_loss': (0.1873, 0.1977)}
{'epoch': 20, 'train_loss': 0.3188, 'train_acc': 0.8198, 'task_loss': (0.0964, 0.2225)}
{'epoch': 21, 'train_loss': 0.4307, 'train_acc': 0.7993, 'task_loss': (0.2052, 0.2255)}
{'epoch': 22, 'train_loss': 0.4227, 'train_acc': 0.8011, 'task_loss': (0.1719, 0.2509)}
{'epoch': 23, 'train_loss': 0.3466, 'train_acc': 0.823, 'task_loss': (0.1321, 0.2145)}
{'epoch': 24, 'train_loss': 0.3507, 'train_acc': 0.8193, 'task_loss': (0.1385, 0.2123)}
{'epoch': 25, 'train_loss': 0.3985, 'train_acc': 0.8157, 'task_loss': (0.1903, 0.2082)}
{'epoch': 26, 'train_loss': 0.3103, 'train_acc': 0.8321, 'task_loss': (0.0988, 0.2115)}
{'epoch': 27, 'train_loss': 0.2545, 'train_acc': 0.8577, 'task_loss': (0.0752, 0.1794)}
{'epoch': 28, 'train_loss': 0.2979, 'train_acc': 0.8504, 'task_loss': (0.1131, 0.1849)}
{'epoch': 29, 'train_loss': 0.3548, 'train_acc': 0.8741, 'task_loss': (0.1776, 0.1772)}
{'epoch': 30, 'train_loss': 0.3193, 'train_acc': 0.854, 'task_loss': (0.138, 0.1813)}
{'epoch': 31, 'train_loss': 0.3283, 'train_acc': 0.8504, 'task_loss': (0.1638, 0.1645)}
{'epoch': 32, 'train_loss': 0.2328, 'train_acc': 0.8668, 'task_loss': (0.0689, 0.1639)}
{'epoch': 33, 'train_loss': 0.1957, 'train_acc': 0.8942, 'task_loss': (0.051, 0.1447)}
{'epoch': 34, 'train_loss': 0.2996, 'train_acc': 0.8631, 'task_loss': (0.1334, 0.1662)}
{'epoch': 35, 'train_loss': 0.2554, 'train_acc': 0.8759, 'task_loss': (0.0832, 0.1721)}
{'epoch': 36, 'train_loss': 0.2058, 'train_acc': 0.8942, 'task_loss': (0.0477, 0.1581)}
{'epoch': 37, 'train_loss': 0.2806, 'train_acc': 0.8796, 'task_loss': (0.1343, 0.1463)}
{'epoch': 38, 'train_loss': 0.2151, 'train_acc': 0.8869, 'task_loss': (0.0649, 0.1502)}
{'epoch': 39, 'train_loss': 0.195, 'train_acc': 0.8905, 'task_loss': (0.0526, 0.1425)}
{'epoch': 40, 'train_loss': 0.2171, 'train_acc': 0.8847, 'task_loss': (0.0753, 0.1418)}
{'epoch': 41, 'train_loss': 0.2031, 'train_acc': 0.8686, 'task_loss': (0.0383, 0.1648)}
{'epoch': 42, 'train_loss': 0.1909, 'train_acc': 0.9161, 'task_loss': (0.0667, 0.1242)}
{'epoch': 43, 'train_loss': 0.1836, 'train_acc': 0.9142, 'task_loss': (0.055, 0.1286)}
{'epoch': 44, 'train_loss': 0.1845, 'train_acc': 0.896, 'task_loss': (0.0533, 0.1312)}
{'epoch': 45, 'train_loss': 0.1706, 'train_acc': 0.9124, 'task_loss': (0.0464, 0.1242)}
{'epoch': 46, 'train_loss': 0.2367, 'train_acc': 0.885, 'task_loss': (0.0915, 0.1452)}
{'epoch': 47, 'train_loss': 0.1655, 'train_acc': 0.9142, 'task_loss': (0.0393, 0.1261)}
{'epoch': 48, 'train_loss': 0.1662, 'train_acc': 0.9124, 'task_loss': (0.0577, 0.1085)}
{'epoch': 49, 'train_loss': 0.2052, 'train_acc': 0.9033, 'task_loss': (0.0745, 0.1307)}
{'epoch': 50, 'train_loss': 0.1191, 'train_acc': 0.9361, 'task_loss': (0.0283, 0.0908)}
{'epoch': 51, 'train_loss': 0.1258, 'train_acc': 0.9361, 'task_loss': (0.025, 0.1008)}
{'epoch': 52, 'train_loss': 0.1514, 'train_acc': 0.9069, 'task_loss': (0.0263, 0.125)}
{'epoch': 53, 'train_loss': 0.1819, 'train_acc': 0.9124, 'task_loss': (0.0752, 0.1067)}
{'epoch': 54, 'train_loss': 0.1564, 'train_acc': 0.9106, 'task_loss': (0.0386, 0.1178)}
{'epoch': 55, 'train_loss': 0.1866, 'train_acc': 0.9179, 'task_loss': (0.074, 0.1126)}
{'epoch': 56, 'train_loss': 0.1377, 'train_acc': 0.9088, 'task_loss': (0.0344, 0.1033)}
{'epoch': 57, 'train_loss': 0.1406, 'train_acc': 0.938, 'task_loss': (0.0532, 0.0874)}
{'epoch': 58, 'train_loss': 0.1298, 'train_acc': 0.938, 'task_loss': (0.0444, 0.0854)}
{'epoch': 59, 'train_loss': 0.1213, 'train_acc': 0.9315, 'task_loss': (0.0223, 0.099)}
{'epoch': 60, 'train_loss': 0.098, 'train_acc': 0.9434, 'task_loss': (0.0146, 0.0834)}
{'epoch': 61, 'train_loss': 0.111, 'train_acc': 0.9361, 'task_loss': (0.0362, 0.0748)}
{'epoch': 62, 'train_loss': 0.1285, 'train_acc': 0.9361, 'task_loss': (0.0296, 0.099)}
{'epoch': 63, 'train_loss': 0.1147, 'train_acc': 0.9471, 'task_loss': (0.0279, 0.0868)}
{'epoch': 64, 'train_loss': 0.111, 'train_acc': 0.9325, 'task_loss': (0.0272, 0.0838)}
{'epoch': 65, 'train_loss': 0.1116, 'train_acc': 0.9453, 'task_loss': (0.0297, 0.0819)}
{'epoch': 66, 'train_loss': 0.1052, 'train_acc': 0.938, 'task_loss': (0.0199, 0.0853)}
{'epoch': 67, 'train_loss': 0.0844, 'train_acc': 0.9526, 'task_loss': (0.0182, 0.0662)}
{'epoch': 68, 'train_loss': 0.1016, 'train_acc': 0.9544, 'task_loss': (0.0305, 0.0711)}
{'epoch': 69, 'train_loss': 0.0867, 'train_acc': 0.938, 'task_loss': (0.0105, 0.0762)}
{'epoch': 70, 'train_loss': 0.1351, 'train_acc': 0.9361, 'task_loss': (0.05, 0.0851)}
{'epoch': 71, 'train_loss': 0.0764, 'train_acc': 0.9617, 'task_loss': (0.0137, 0.0626)}
{'epoch': 72, 'train_loss': 0.1035, 'train_acc': 0.9416, 'task_loss': (0.0268, 0.0767)}
{'epoch': 73, 'train_loss': 0.1063, 'train_acc': 0.9343, 'task_loss': (0.0292, 0.0771)}
{'epoch': 74, 'train_loss': 0.0918, 'train_acc': 0.9453, 'task_loss': (0.0177, 0.0741)}
{'epoch': 75, 'train_loss': 0.1094, 'train_acc': 0.9507, 'task_loss': (0.0354, 0.0741)}
{'epoch': 76, 'train_loss': 0.0895, 'train_acc': 0.9471, 'task_loss': (0.0143, 0.0752)}
{'epoch': 77, 'train_loss': 0.0883, 'train_acc': 0.9544, 'task_loss': (0.0199, 0.0684)}
{'epoch': 78, 'train_loss': 0.1008, 'train_acc': 0.9398, 'task_loss': (0.0254, 0.0754)}
{'epoch': 79, 'train_loss': 0.101, 'train_acc': 0.9441, 'task_loss': (0.0305, 0.0705)}
{'epoch': 80, 'train_loss': 0.0936, 'train_acc': 0.9526, 'task_loss': (0.0213, 0.0722)}
{'epoch': 81, 'train_loss': 0.0838, 'train_acc': 0.9599, 'task_loss': (0.023, 0.0608)}
{'epoch': 82, 'train_loss': 0.0887, 'train_acc': 0.9507, 'task_loss': (0.0183, 0.0704)}
{'epoch': 83, 'train_loss': 0.0979, 'train_acc': 0.9453, 'task_loss': (0.0356, 0.0624)}
{'epoch': 84, 'train_loss': 0.0729, 'train_acc': 0.9617, 'task_loss': (0.0192, 0.0537)}
{'epoch': 85, 'train_loss': 0.0934, 'train_acc': 0.9526, 'task_loss': (0.0279, 0.0655)}
{'epoch': 86, 'train_loss': 0.0589, 'train_acc': 0.9599, 'task_loss': (0.0081, 0.0508)}
{'epoch': 87, 'train_loss': 0.0811, 'train_acc': 0.9617, 'task_loss': (0.0154, 0.0658)}
{'epoch': 88, 'train_loss': 0.0845, 'train_acc': 0.9599, 'task_loss': (0.0145, 0.07)}
{'epoch': 89, 'train_loss': 0.0648, 'train_acc': 0.9653, 'task_loss': (0.0108, 0.054)}
{'epoch': 90, 'train_loss': 0.0857, 'train_acc': 0.9453, 'task_loss': (0.015, 0.0707)}
{'epoch': 91, 'train_loss': 0.0769, 'train_acc': 0.9489, 'task_loss': (0.0206, 0.0563)}
{'epoch': 92, 'train_loss': 0.0729, 'train_acc': 0.9544, 'task_loss': (0.0096, 0.0633)}
{'epoch': 93, 'train_loss': 0.0928, 'train_acc': 0.9489, 'task_loss': (0.0212, 0.0716)}
{'epoch': 94, 'train_loss': 0.0979, 'train_acc': 0.9471, 'task_loss': (0.0353, 0.0626)}
{'epoch': 95, 'train_loss': 0.0953, 'train_acc': 0.9361, 'task_loss': (0.0207, 0.0746)}
{'epoch': 96, 'train_loss': 0.0916, 'train_acc': 0.9562, 'task_loss': (0.0247, 0.0669)}
{'epoch': 97, 'train_loss': 0.0604, 'train_acc': 0.9672, 'task_loss': (0.0114, 0.049)}
{'epoch': 98, 'train_loss': 0.0546, 'train_acc': 0.9712, 'task_loss': (0.0102, 0.0444)}
{'epoch': 99, 'train_loss': 0.071, 'train_acc': 0.9599, 'task_loss': (0.0134, 0.0575)}
{'epoch': 100, 'train_loss': 0.0781, 'train_acc': 0.9507, 'task_loss': (0.0094, 0.0687)}
{'run_num': 0, 'final_test_err': 0.12724999999999997}
Files already downloaded and verified
Files already downloaded and verified
{'epoch': 1, 'train_loss': 0.9492, 'train_acc': 0.591, 'task_loss': (0.4711, 0.4781)}
{'epoch': 2, 'train_loss': 0.8107, 'train_acc': 0.677, 'task_loss': (0.4416, 0.3691)}
{'epoch': 3, 'train_loss': 0.8436, 'train_acc': 0.7172, 'task_loss': (0.3661, 0.4775)}
{'epoch': 4, 'train_loss': 1.1533, 'train_acc': 0.6332, 'task_loss': (0.5895, 0.5638)}
{'epoch': 5, 'train_loss': 0.6657, 'train_acc': 0.708, 'task_loss': (0.276, 0.3897)}
{'epoch': 6, 'train_loss': 0.5677, 'train_acc': 0.7555, 'task_loss': (0.2833, 0.2844)}
{'epoch': 7, 'train_loss': 0.5568, 'train_acc': 0.7828, 'task_loss': (0.307, 0.2497)}
{'epoch': 8, 'train_loss': 0.5314, 'train_acc': 0.75, 'task_loss': (0.2631, 0.2683)}
{'epoch': 9, 'train_loss': 0.3999, 'train_acc': 0.8157, 'task_loss': (0.1672, 0.2328)}
{'epoch': 10, 'train_loss': 0.3937, 'train_acc': 0.7865, 'task_loss': (0.1602, 0.2335)}
{'epoch': 11, 'train_loss': 0.4788, 'train_acc': 0.7901, 'task_loss': (0.2276, 0.2511)}
{'epoch': 12, 'train_loss': 0.439, 'train_acc': 0.8029, 'task_loss': (0.2222, 0.2168)}
{'epoch': 13, 'train_loss': 0.4842, 'train_acc': 0.7883, 'task_loss': (0.2241, 0.2601)}
{'epoch': 14, 'train_loss': 0.389, 'train_acc': 0.8029, 'task_loss': (0.1536, 0.2354)}
{'epoch': 15, 'train_loss': 0.4237, 'train_acc': 0.7956, 'task_loss': (0.1767, 0.247)}
{'epoch': 16, 'train_loss': 0.3901, 'train_acc': 0.8193, 'task_loss': (0.1642, 0.2258)}
{'epoch': 17, 'train_loss': 0.4282, 'train_acc': 0.8029, 'task_loss': (0.1937, 0.2345)}
{'epoch': 18, 'train_loss': 0.3552, 'train_acc': 0.8139, 'task_loss': (0.1121, 0.2432)}
{'epoch': 19, 'train_loss': 0.3912, 'train_acc': 0.7993, 'task_loss': (0.1585, 0.2327)}
{'epoch': 20, 'train_loss': 0.3721, 'train_acc': 0.8288, 'task_loss': (0.166, 0.2061)}
{'epoch': 21, 'train_loss': 0.431, 'train_acc': 0.7974, 'task_loss': (0.1832, 0.2478)}
{'epoch': 22, 'train_loss': 0.4402, 'train_acc': 0.8139, 'task_loss': (0.2347, 0.2054)}
{'epoch': 23, 'train_loss': 0.309, 'train_acc': 0.8321, 'task_loss': (0.1068, 0.2022)}
{'epoch': 24, 'train_loss': 0.357, 'train_acc': 0.8303, 'task_loss': (0.141, 0.216)}
{'epoch': 25, 'train_loss': 0.2844, 'train_acc': 0.8358, 'task_loss': (0.0857, 0.1987)}
{'epoch': 26, 'train_loss': 0.2986, 'train_acc': 0.8686, 'task_loss': (0.1269, 0.1717)}
{'epoch': 27, 'train_loss': 0.3596, 'train_acc': 0.8248, 'task_loss': (0.1493, 0.2103)}
{'epoch': 28, 'train_loss': 0.3331, 'train_acc': 0.8449, 'task_loss': (0.1327, 0.2005)}
{'epoch': 29, 'train_loss': 0.2592, 'train_acc': 0.854, 'task_loss': (0.0859, 0.1733)}
{'epoch': 30, 'train_loss': 0.278, 'train_acc': 0.8504, 'task_loss': (0.0826, 0.1955)}
{'epoch': 31, 'train_loss': 0.2455, 'train_acc': 0.8741, 'task_loss': (0.082, 0.1635)}
{'epoch': 32, 'train_loss': 0.2806, 'train_acc': 0.8613, 'task_loss': (0.1182, 0.1624)}
{'epoch': 33, 'train_loss': 0.2857, 'train_acc': 0.8704, 'task_loss': (0.118, 0.1677)}
{'epoch': 34, 'train_loss': 0.2723, 'train_acc': 0.8741, 'task_loss': (0.0973, 0.175)}
{'epoch': 35, 'train_loss': 0.2422, 'train_acc': 0.8723, 'task_loss': (0.0689, 0.1733)}
{'epoch': 36, 'train_loss': 0.2232, 'train_acc': 0.8796, 'task_loss': (0.0708, 0.1524)}
{'epoch': 37, 'train_loss': 0.2476, 'train_acc': 0.8814, 'task_loss': (0.0877, 0.1599)}
{'epoch': 38, 'train_loss': 0.2231, 'train_acc': 0.8777, 'task_loss': (0.0497, 0.1734)}
{'epoch': 39, 'train_loss': 0.2358, 'train_acc': 0.8796, 'task_loss': (0.094, 0.1417)}
{'epoch': 40, 'train_loss': 0.2561, 'train_acc': 0.8667, 'task_loss': (0.1002, 0.1559)}
{'epoch': 41, 'train_loss': 0.2063, 'train_acc': 0.8814, 'task_loss': (0.0586, 0.1476)}
{'epoch': 42, 'train_loss': 0.2304, 'train_acc': 0.8814, 'task_loss': (0.0755, 0.1549)}
{'epoch': 43, 'train_loss': 0.163, 'train_acc': 0.8923, 'task_loss': (0.0354, 0.1276)}
{'epoch': 44, 'train_loss': 0.1868, 'train_acc': 0.8996, 'task_loss': (0.0641, 0.1227)}
{'epoch': 45, 'train_loss': 0.1547, 'train_acc': 0.9197, 'task_loss': (0.0352, 0.1195)}
{'epoch': 46, 'train_loss': 0.1928, 'train_acc': 0.8923, 'task_loss': (0.0681, 0.1247)}
{'epoch': 47, 'train_loss': 0.2216, 'train_acc': 0.8942, 'task_loss': (0.0846, 0.137)}
{'epoch': 48, 'train_loss': 0.1791, 'train_acc': 0.9033, 'task_loss': (0.0583, 0.1208)}
{'epoch': 49, 'train_loss': 0.1595, 'train_acc': 0.9033, 'task_loss': (0.0385, 0.121)}
{'epoch': 50, 'train_loss': 0.1506, 'train_acc': 0.9252, 'task_loss': (0.045, 0.1056)}
{'epoch': 51, 'train_loss': 0.1995, 'train_acc': 0.9015, 'task_loss': (0.0691, 0.1304)}
{'epoch': 52, 'train_loss': 0.195, 'train_acc': 0.9069, 'task_loss': (0.0773, 0.1177)}
{'epoch': 53, 'train_loss': 0.1414, 'train_acc': 0.9069, 'task_loss': (0.0267, 0.1147)}
{'epoch': 54, 'train_loss': 0.1152, 'train_acc': 0.9343, 'task_loss': (0.019, 0.0962)}
{'epoch': 55, 'train_loss': 0.1279, 'train_acc': 0.9215, 'task_loss': (0.032, 0.0958)}
{'epoch': 56, 'train_loss': 0.1702, 'train_acc': 0.9179, 'task_loss': (0.0642, 0.1061)}
{'epoch': 57, 'train_loss': 0.1386, 'train_acc': 0.9142, 'task_loss': (0.0309, 0.1077)}
{'epoch': 58, 'train_loss': 0.102, 'train_acc': 0.9361, 'task_loss': (0.0171, 0.0849)}
{'epoch': 59, 'train_loss': 0.117, 'train_acc': 0.9333, 'task_loss': (0.0262, 0.0908)}
{'epoch': 60, 'train_loss': 0.0949, 'train_acc': 0.9526, 'task_loss': (0.0162, 0.0787)}
{'epoch': 61, 'train_loss': 0.1298, 'train_acc': 0.9252, 'task_loss': (0.0319, 0.0979)}
{'epoch': 62, 'train_loss': 0.1151, 'train_acc': 0.9307, 'task_loss': (0.0268, 0.0883)}
{'epoch': 63, 'train_loss': 0.1022, 'train_acc': 0.927, 'task_loss': (0.0102, 0.092)}
{'epoch': 64, 'train_loss': 0.0936, 'train_acc': 0.9489, 'task_loss': (0.0237, 0.07)}
{'epoch': 65, 'train_loss': 0.1132, 'train_acc': 0.9398, 'task_loss': (0.0386, 0.0747)}
{'epoch': 66, 'train_loss': 0.1102, 'train_acc': 0.9453, 'task_loss': (0.0351, 0.0752)}
{'epoch': 67, 'train_loss': 0.0992, 'train_acc': 0.938, 'task_loss': (0.0183, 0.0809)}
{'epoch': 68, 'train_loss': 0.0981, 'train_acc': 0.9471, 'task_loss': (0.0322, 0.0659)}
{'epoch': 69, 'train_loss': 0.1098, 'train_acc': 0.9398, 'task_loss': (0.0244, 0.0854)}
{'epoch': 70, 'train_loss': 0.0991, 'train_acc': 0.9453, 'task_loss': (0.022, 0.0771)}
{'epoch': 71, 'train_loss': 0.0935, 'train_acc': 0.9507, 'task_loss': (0.0241, 0.0695)}
{'epoch': 72, 'train_loss': 0.0925, 'train_acc': 0.9526, 'task_loss': (0.0217, 0.0708)}
{'epoch': 73, 'train_loss': 0.0942, 'train_acc': 0.9434, 'task_loss': (0.0253, 0.069)}
{'epoch': 74, 'train_loss': 0.07, 'train_acc': 0.9635, 'task_loss': (0.0117, 0.0583)}
{'epoch': 75, 'train_loss': 0.0833, 'train_acc': 0.9544, 'task_loss': (0.0265, 0.0568)}
{'epoch': 76, 'train_loss': 0.0757, 'train_acc': 0.9562, 'task_loss': (0.0083, 0.0674)}
{'epoch': 77, 'train_loss': 0.104, 'train_acc': 0.9489, 'task_loss': (0.0279, 0.0761)}
{'epoch': 78, 'train_loss': 0.0784, 'train_acc': 0.9526, 'task_loss': (0.0119, 0.0665)}
{'epoch': 79, 'train_loss': 0.0769, 'train_acc': 0.955, 'task_loss': (0.0163, 0.0606)}
{'epoch': 80, 'train_loss': 0.09, 'train_acc': 0.9599, 'task_loss': (0.0276, 0.0623)}
{'epoch': 81, 'train_loss': 0.0733, 'train_acc': 0.9617, 'task_loss': (0.011, 0.0623)}
{'epoch': 82, 'train_loss': 0.0733, 'train_acc': 0.9471, 'task_loss': (0.0113, 0.062)}
{'epoch': 83, 'train_loss': 0.0718, 'train_acc': 0.958, 'task_loss': (0.0128, 0.059)}
{'epoch': 84, 'train_loss': 0.0545, 'train_acc': 0.969, 'task_loss': (0.0071, 0.0474)}
{'epoch': 85, 'train_loss': 0.0856, 'train_acc': 0.9617, 'task_loss': (0.0301, 0.0555)}
{'epoch': 86, 'train_loss': 0.0813, 'train_acc': 0.958, 'task_loss': (0.0202, 0.0611)}
{'epoch': 87, 'train_loss': 0.0733, 'train_acc': 0.9562, 'task_loss': (0.013, 0.0603)}
{'epoch': 88, 'train_loss': 0.0721, 'train_acc': 0.958, 'task_loss': (0.0138, 0.0583)}
{'epoch': 89, 'train_loss': 0.0804, 'train_acc': 0.958, 'task_loss': (0.0257, 0.0547)}
{'epoch': 90, 'train_loss': 0.0672, 'train_acc': 0.9599, 'task_loss': (0.0094, 0.0578)}
{'epoch': 91, 'train_loss': 0.0864, 'train_acc': 0.9544, 'task_loss': (0.0094, 0.077)}
{'epoch': 92, 'train_loss': 0.0629, 'train_acc': 0.9672, 'task_loss': (0.0109, 0.052)}
{'epoch': 93, 'train_loss': 0.0927, 'train_acc': 0.9434, 'task_loss': (0.0244, 0.0684)}
{'epoch': 94, 'train_loss': 0.071, 'train_acc': 0.9617, 'task_loss': (0.0122, 0.0588)}
{'epoch': 95, 'train_loss': 0.0814, 'train_acc': 0.9599, 'task_loss': (0.0175, 0.0639)}
{'epoch': 96, 'train_loss': 0.0734, 'train_acc': 0.9708, 'task_loss': (0.0215, 0.0519)}
{'epoch': 97, 'train_loss': 0.0605, 'train_acc': 0.9708, 'task_loss': (0.0083, 0.0523)}
{'epoch': 98, 'train_loss': 0.087, 'train_acc': 0.9514, 'task_loss': (0.0217, 0.0653)}
{'epoch': 99, 'train_loss': 0.0766, 'train_acc': 0.9599, 'task_loss': (0.013, 0.0636)}
{'epoch': 100, 'train_loss': 0.077, 'train_acc': 0.958, 'task_loss': (0.0218, 0.0552)}
{'run_num': 1, 'final_test_err': 0.13375000000000004}
Files already downloaded and verified
Files already downloaded and verified
{'epoch': 1, 'train_loss': 0.9954, 'train_acc': 0.6198, 'task_loss': (0.5227, 0.4727)}
{'epoch': 2, 'train_loss': 0.9125, 'train_acc': 0.646, 'task_loss': (0.429, 0.4834)}
{'epoch': 3, 'train_loss': 0.8209, 'train_acc': 0.7044, 'task_loss': (0.4466, 0.3743)}
{'epoch': 4, 'train_loss': 0.6683, 'train_acc': 0.7226, 'task_loss': (0.3149, 0.3535)}
{'epoch': 5, 'train_loss': 0.5617, 'train_acc': 0.708, 'task_loss': (0.2081, 0.3536)}
{'epoch': 6, 'train_loss': 0.6269, 'train_acc': 0.7263, 'task_loss': (0.3354, 0.2915)}
{'epoch': 7, 'train_loss': 0.5191, 'train_acc': 0.7628, 'task_loss': (0.2367, 0.2824)}
{'epoch': 8, 'train_loss': 0.5123, 'train_acc': 0.7153, 'task_loss': (0.1967, 0.3156)}
{'epoch': 9, 'train_loss': 0.4323, 'train_acc': 0.7774, 'task_loss': (0.1812, 0.2512)}
{'epoch': 10, 'train_loss': 0.458, 'train_acc': 0.7883, 'task_loss': (0.1994, 0.2586)}
{'epoch': 11, 'train_loss': 0.4856, 'train_acc': 0.7609, 'task_loss': (0.1905, 0.2951)}
{'epoch': 12, 'train_loss': 0.463, 'train_acc': 0.8047, 'task_loss': (0.2305, 0.2324)}
{'epoch': 13, 'train_loss': 0.4914, 'train_acc': 0.7774, 'task_loss': (0.1743, 0.317)}
{'epoch': 14, 'train_loss': 0.5103, 'train_acc': 0.7719, 'task_loss': (0.2254, 0.2849)}
{'epoch': 15, 'train_loss': 0.5209, 'train_acc': 0.7847, 'task_loss': (0.268, 0.2528)}
{'epoch': 16, 'train_loss': 0.3808, 'train_acc': 0.8376, 'task_loss': (0.1804, 0.2004)}
{'epoch': 17, 'train_loss': 0.4792, 'train_acc': 0.7901, 'task_loss': (0.2031, 0.2762)}
{'epoch': 18, 'train_loss': 0.4266, 'train_acc': 0.8011, 'task_loss': (0.195, 0.2317)}
{'epoch': 19, 'train_loss': 0.2687, 'train_acc': 0.854, 'task_loss': (0.0789, 0.1898)}
{'epoch': 20, 'train_loss': 0.2822, 'train_acc': 0.845, 'task_loss': (0.0831, 0.1991)}
{'epoch': 21, 'train_loss': 0.33, 'train_acc': 0.8504, 'task_loss': (0.1279, 0.2021)}
{'epoch': 22, 'train_loss': 0.3802, 'train_acc': 0.8047, 'task_loss': (0.1521, 0.2281)}
{'epoch': 23, 'train_loss': 0.3262, 'train_acc': 0.8139, 'task_loss': (0.1277, 0.1985)}
{'epoch': 24, 'train_loss': 0.2518, 'train_acc': 0.8431, 'task_loss': (0.0658, 0.186)}
{'epoch': 25, 'train_loss': 0.2954, 'train_acc': 0.8431, 'task_loss': (0.0899, 0.2055)}
{'epoch': 26, 'train_loss': 0.2856, 'train_acc': 0.865, 'task_loss': (0.1135, 0.1721)}
{'epoch': 27, 'train_loss': 0.273, 'train_acc': 0.8613, 'task_loss': (0.085, 0.1879)}
{'epoch': 28, 'train_loss': 0.255, 'train_acc': 0.854, 'task_loss': (0.0804, 0.1746)}
{'epoch': 29, 'train_loss': 0.2276, 'train_acc': 0.8942, 'task_loss': (0.0823, 0.1453)}
{'epoch': 30, 'train_loss': 0.2296, 'train_acc': 0.8814, 'task_loss': (0.0696, 0.16)}
{'epoch': 31, 'train_loss': 0.2698, 'train_acc': 0.8595, 'task_loss': (0.0967, 0.173)}
{'epoch': 32, 'train_loss': 0.2781, 'train_acc': 0.8759, 'task_loss': (0.1171, 0.161)}
{'epoch': 33, 'train_loss': 0.2193, 'train_acc': 0.8631, 'task_loss': (0.0537, 0.1657)}
{'epoch': 34, 'train_loss': 0.2362, 'train_acc': 0.8613, 'task_loss': (0.0742, 0.1621)}
{'epoch': 35, 'train_loss': 0.2461, 'train_acc': 0.8796, 'task_loss': (0.087, 0.1591)}
{'epoch': 36, 'train_loss': 0.2465, 'train_acc': 0.8741, 'task_loss': (0.0838, 0.1628)}
{'epoch': 37, 'train_loss': 0.2901, 'train_acc': 0.8595, 'task_loss': (0.1074, 0.1827)}
{'epoch': 38, 'train_loss': 0.2532, 'train_acc': 0.8777, 'task_loss': (0.0811, 0.1721)}
{'epoch': 39, 'train_loss': 0.2055, 'train_acc': 0.8832, 'task_loss': (0.0498, 0.1557)}
{'epoch': 40, 'train_loss': 0.2437, 'train_acc': 0.8559, 'task_loss': (0.0758, 0.168)}
{'epoch': 41, 'train_loss': 0.2278, 'train_acc': 0.8832, 'task_loss': (0.0739, 0.154)}
{'epoch': 42, 'train_loss': 0.2356, 'train_acc': 0.8814, 'task_loss': (0.0767, 0.1589)}
{'epoch': 43, 'train_loss': 0.1984, 'train_acc': 0.8942, 'task_loss': (0.06, 0.1385)}
{'epoch': 44, 'train_loss': 0.1865, 'train_acc': 0.8777, 'task_loss': (0.0344, 0.1521)}
{'epoch': 45, 'train_loss': 0.2174, 'train_acc': 0.9069, 'task_loss': (0.0897, 0.1277)}
{'epoch': 46, 'train_loss': 0.1775, 'train_acc': 0.8978, 'task_loss': (0.0439, 0.1337)}
{'epoch': 47, 'train_loss': 0.1759, 'train_acc': 0.9179, 'task_loss': (0.0499, 0.126)}
{'epoch': 48, 'train_loss': 0.1609, 'train_acc': 0.9033, 'task_loss': (0.0362, 0.1247)}
{'epoch': 49, 'train_loss': 0.1921, 'train_acc': 0.885, 'task_loss': (0.0619, 0.1302)}
{'epoch': 50, 'train_loss': 0.1709, 'train_acc': 0.9215, 'task_loss': (0.0588, 0.1121)}
{'epoch': 51, 'train_loss': 0.1758, 'train_acc': 0.9106, 'task_loss': (0.0561, 0.1196)}
{'epoch': 52, 'train_loss': 0.1647, 'train_acc': 0.9142, 'task_loss': (0.0363, 0.1283)}
{'epoch': 53, 'train_loss': 0.1665, 'train_acc': 0.9106, 'task_loss': (0.0452, 0.1213)}
{'epoch': 54, 'train_loss': 0.1794, 'train_acc': 0.9161, 'task_loss': (0.0609, 0.1185)}
{'epoch': 55, 'train_loss': 0.1331, 'train_acc': 0.9325, 'task_loss': (0.0339, 0.0992)}
{'epoch': 56, 'train_loss': 0.1519, 'train_acc': 0.9179, 'task_loss': (0.041, 0.111)}
{'epoch': 57, 'train_loss': 0.1413, 'train_acc': 0.9252, 'task_loss': (0.032, 0.1093)}
{'epoch': 58, 'train_loss': 0.1498, 'train_acc': 0.927, 'task_loss': (0.065, 0.0848)}
{'epoch': 59, 'train_loss': 0.1294, 'train_acc': 0.9243, 'task_loss': (0.0329, 0.0965)}
{'epoch': 60, 'train_loss': 0.1336, 'train_acc': 0.9288, 'task_loss': (0.0365, 0.097)}
{'epoch': 61, 'train_loss': 0.1202, 'train_acc': 0.9307, 'task_loss': (0.0382, 0.082)}
{'epoch': 62, 'train_loss': 0.1648, 'train_acc': 0.9161, 'task_loss': (0.0576, 0.1072)}
{'epoch': 63, 'train_loss': 0.1363, 'train_acc': 0.9234, 'task_loss': (0.0403, 0.096)}
{'epoch': 64, 'train_loss': 0.1068, 'train_acc': 0.9343, 'task_loss': (0.0186, 0.0881)}
{'epoch': 65, 'train_loss': 0.1167, 'train_acc': 0.9325, 'task_loss': (0.0269, 0.0899)}
{'epoch': 66, 'train_loss': 0.1064, 'train_acc': 0.938, 'task_loss': (0.0218, 0.0846)}
{'epoch': 67, 'train_loss': 0.1097, 'train_acc': 0.9325, 'task_loss': (0.0243, 0.0853)}
{'epoch': 68, 'train_loss': 0.1011, 'train_acc': 0.9544, 'task_loss': (0.0298, 0.0713)}
{'epoch': 69, 'train_loss': 0.116, 'train_acc': 0.9416, 'task_loss': (0.0277, 0.0883)}
{'epoch': 70, 'train_loss': 0.0921, 'train_acc': 0.9526, 'task_loss': (0.0172, 0.0749)}
{'epoch': 71, 'train_loss': 0.1071, 'train_acc': 0.9453, 'task_loss': (0.0248, 0.0823)}
{'epoch': 72, 'train_loss': 0.0754, 'train_acc': 0.9635, 'task_loss': (0.0153, 0.0601)}
{'epoch': 73, 'train_loss': 0.0805, 'train_acc': 0.9544, 'task_loss': (0.0206, 0.0599)}
{'epoch': 74, 'train_loss': 0.094, 'train_acc': 0.9544, 'task_loss': (0.0292, 0.0648)}
{'epoch': 75, 'train_loss': 0.0994, 'train_acc': 0.9416, 'task_loss': (0.0295, 0.0699)}
{'epoch': 76, 'train_loss': 0.0773, 'train_acc': 0.9635, 'task_loss': (0.0155, 0.0618)}
{'epoch': 77, 'train_loss': 0.0817, 'train_acc': 0.9635, 'task_loss': (0.0229, 0.0588)}
{'epoch': 78, 'train_loss': 0.0622, 'train_acc': 0.9726, 'task_loss': (0.0118, 0.0504)}
{'epoch': 79, 'train_loss': 0.1179, 'train_acc': 0.9387, 'task_loss': (0.0315, 0.0865)}
{'epoch': 80, 'train_loss': 0.0907, 'train_acc': 0.9489, 'task_loss': (0.0274, 0.0633)}
{'epoch': 81, 'train_loss': 0.0875, 'train_acc': 0.9526, 'task_loss': (0.0235, 0.064)}
{'epoch': 82, 'train_loss': 0.0851, 'train_acc': 0.958, 'task_loss': (0.018, 0.0671)}
{'epoch': 83, 'train_loss': 0.1136, 'train_acc': 0.9599, 'task_loss': (0.0542, 0.0594)}
{'epoch': 84, 'train_loss': 0.0948, 'train_acc': 0.9434, 'task_loss': (0.0124, 0.0824)}
{'epoch': 85, 'train_loss': 0.0563, 'train_acc': 0.9781, 'task_loss': (0.0128, 0.0434)}
{'epoch': 86, 'train_loss': 0.0998, 'train_acc': 0.9489, 'task_loss': (0.0331, 0.0666)}
{'epoch': 87, 'train_loss': 0.0662, 'train_acc': 0.9599, 'task_loss': (0.0131, 0.0531)}
{'epoch': 88, 'train_loss': 0.0796, 'train_acc': 0.969, 'task_loss': (0.0195, 0.0601)}
{'epoch': 89, 'train_loss': 0.0635, 'train_acc': 0.9672, 'task_loss': (0.01, 0.0535)}
{'epoch': 90, 'train_loss': 0.0798, 'train_acc': 0.9599, 'task_loss': (0.0133, 0.0665)}
{'epoch': 91, 'train_loss': 0.0736, 'train_acc': 0.9653, 'task_loss': (0.0218, 0.0518)}
{'epoch': 92, 'train_loss': 0.0643, 'train_acc': 0.9708, 'task_loss': (0.0161, 0.0482)}
{'epoch': 93, 'train_loss': 0.0665, 'train_acc': 0.9672, 'task_loss': (0.0105, 0.0561)}
{'epoch': 94, 'train_loss': 0.0789, 'train_acc': 0.9653, 'task_loss': (0.0196, 0.0593)}
{'epoch': 95, 'train_loss': 0.062, 'train_acc': 0.9745, 'task_loss': (0.0165, 0.0455)}
{'epoch': 96, 'train_loss': 0.0755, 'train_acc': 0.9653, 'task_loss': (0.0201, 0.0553)}
{'epoch': 97, 'train_loss': 0.0703, 'train_acc': 0.9653, 'task_loss': (0.0095, 0.0608)}
{'epoch': 98, 'train_loss': 0.1054, 'train_acc': 0.9459, 'task_loss': (0.0217, 0.0837)}
{'epoch': 99, 'train_loss': 0.0887, 'train_acc': 0.9526, 'task_loss': (0.0343, 0.0543)}
{'epoch': 100, 'train_loss': 0.0688, 'train_acc': 0.9599, 'task_loss': (0.0107, 0.0582)}
{'run_num': 2, 'final_test_err': 0.13375000000000004}
Files already downloaded and verified
Files already downloaded and verified
{'epoch': 1, 'train_loss': 0.9539, 'train_acc': 0.5982, 'task_loss': (0.5053, 0.4486)}
{'epoch': 2, 'train_loss': 0.6303, 'train_acc': 0.677, 'task_loss': (0.2411, 0.3892)}
{'epoch': 3, 'train_loss': 0.7707, 'train_acc': 0.6697, 'task_loss': (0.3416, 0.429)}
{'epoch': 4, 'train_loss': 0.8958, 'train_acc': 0.6971, 'task_loss': (0.5243, 0.3715)}
{'epoch': 5, 'train_loss': 0.677, 'train_acc': 0.7099, 'task_loss': (0.3415, 0.3355)}
{'epoch': 6, 'train_loss': 0.5353, 'train_acc': 0.7427, 'task_loss': (0.2335, 0.3018)}
{'epoch': 7, 'train_loss': 0.586, 'train_acc': 0.7482, 'task_loss': (0.2905, 0.2955)}
{'epoch': 8, 'train_loss': 0.551, 'train_acc': 0.7409, 'task_loss': (0.2182, 0.3328)}
{'epoch': 9, 'train_loss': 0.4649, 'train_acc': 0.792, 'task_loss': (0.2083, 0.2565)}
{'epoch': 10, 'train_loss': 0.5437, 'train_acc': 0.7372, 'task_loss': (0.2471, 0.2966)}
{'epoch': 11, 'train_loss': 0.4204, 'train_acc': 0.7938, 'task_loss': (0.1516, 0.2688)}
{'epoch': 12, 'train_loss': 0.4255, 'train_acc': 0.8303, 'task_loss': (0.1939, 0.2316)}
{'epoch': 13, 'train_loss': 0.4448, 'train_acc': 0.792, 'task_loss': (0.1648, 0.2799)}
{'epoch': 14, 'train_loss': 0.4041, 'train_acc': 0.7956, 'task_loss': (0.169, 0.2351)}
{'epoch': 15, 'train_loss': 0.4327, 'train_acc': 0.7938, 'task_loss': (0.2044, 0.2283)}
{'epoch': 16, 'train_loss': 0.3889, 'train_acc': 0.8047, 'task_loss': (0.1659, 0.223)}
{'epoch': 17, 'train_loss': 0.332, 'train_acc': 0.8047, 'task_loss': (0.099, 0.2331)}
{'epoch': 18, 'train_loss': 0.3075, 'train_acc': 0.8412, 'task_loss': (0.1078, 0.1997)}
{'epoch': 19, 'train_loss': 0.2816, 'train_acc': 0.8358, 'task_loss': (0.0797, 0.2018)}
{'epoch': 20, 'train_loss': 0.3532, 'train_acc': 0.8396, 'task_loss': (0.1253, 0.2279)}
{'epoch': 21, 'train_loss': 0.3411, 'train_acc': 0.8339, 'task_loss': (0.1139, 0.2272)}
{'epoch': 22, 'train_loss': 0.3033, 'train_acc': 0.8631, 'task_loss': (0.1219, 0.1814)}
{'epoch': 23, 'train_loss': 0.3395, 'train_acc': 0.8339, 'task_loss': (0.126, 0.2135)}
{'epoch': 24, 'train_loss': 0.3625, 'train_acc': 0.8212, 'task_loss': (0.1404, 0.2221)}
{'epoch': 25, 'train_loss': 0.3942, 'train_acc': 0.8339, 'task_loss': (0.1929, 0.2012)}
{'epoch': 26, 'train_loss': 0.3435, 'train_acc': 0.8339, 'task_loss': (0.1305, 0.213)}
{'epoch': 27, 'train_loss': 0.2841, 'train_acc': 0.854, 'task_loss': (0.1223, 0.1617)}
{'epoch': 28, 'train_loss': 0.3259, 'train_acc': 0.8449, 'task_loss': (0.1089, 0.217)}
{'epoch': 29, 'train_loss': 0.251, 'train_acc': 0.8796, 'task_loss': (0.0964, 0.1546)}
{'epoch': 30, 'train_loss': 0.2148, 'train_acc': 0.8759, 'task_loss': (0.0422, 0.1726)}
{'epoch': 31, 'train_loss': 0.274, 'train_acc': 0.8631, 'task_loss': (0.1243, 0.1497)}
{'epoch': 32, 'train_loss': 0.2445, 'train_acc': 0.8577, 'task_loss': (0.0771, 0.1675)}
{'epoch': 33, 'train_loss': 0.2122, 'train_acc': 0.8887, 'task_loss': (0.078, 0.1342)}
{'epoch': 34, 'train_loss': 0.296, 'train_acc': 0.8431, 'task_loss': (0.1045, 0.1915)}
{'epoch': 35, 'train_loss': 0.2669, 'train_acc': 0.8577, 'task_loss': (0.1001, 0.1668)}
{'epoch': 36, 'train_loss': 0.2758, 'train_acc': 0.8978, 'task_loss': (0.1283, 0.1476)}
{'epoch': 37, 'train_loss': 0.237, 'train_acc': 0.8467, 'task_loss': (0.0669, 0.1701)}
{'epoch': 38, 'train_loss': 0.2462, 'train_acc': 0.8814, 'task_loss': (0.1019, 0.1443)}
{'epoch': 39, 'train_loss': 0.2216, 'train_acc': 0.8923, 'task_loss': (0.0704, 0.1512)}
{'epoch': 40, 'train_loss': 0.2116, 'train_acc': 0.8829, 'task_loss': (0.0557, 0.1559)}
{'epoch': 41, 'train_loss': 0.2308, 'train_acc': 0.8704, 'task_loss': (0.0687, 0.162)}
{'epoch': 42, 'train_loss': 0.1798, 'train_acc': 0.8905, 'task_loss': (0.031, 0.1488)}
{'epoch': 43, 'train_loss': 0.1822, 'train_acc': 0.9051, 'task_loss': (0.0488, 0.1333)}
{'epoch': 44, 'train_loss': 0.1964, 'train_acc': 0.8814, 'task_loss': (0.0381, 0.1583)}
{'epoch': 45, 'train_loss': 0.1884, 'train_acc': 0.8978, 'task_loss': (0.0485, 0.1399)}
{'epoch': 46, 'train_loss': 0.1736, 'train_acc': 0.9033, 'task_loss': (0.0622, 0.1114)}
{'epoch': 47, 'train_loss': 0.1627, 'train_acc': 0.9124, 'task_loss': (0.0375, 0.1252)}
{'epoch': 48, 'train_loss': 0.1826, 'train_acc': 0.9015, 'task_loss': (0.0497, 0.133)}
{'epoch': 49, 'train_loss': 0.1614, 'train_acc': 0.9142, 'task_loss': (0.0463, 0.1152)}
{'epoch': 50, 'train_loss': 0.1785, 'train_acc': 0.9088, 'task_loss': (0.0569, 0.1216)}
{'epoch': 51, 'train_loss': 0.1874, 'train_acc': 0.8978, 'task_loss': (0.0545, 0.1329)}
{'epoch': 52, 'train_loss': 0.1906, 'train_acc': 0.9033, 'task_loss': (0.062, 0.1286)}
{'epoch': 53, 'train_loss': 0.1404, 'train_acc': 0.9124, 'task_loss': (0.0264, 0.1139)}
{'epoch': 54, 'train_loss': 0.1092, 'train_acc': 0.9434, 'task_loss': (0.0288, 0.0804)}
{'epoch': 55, 'train_loss': 0.1604, 'train_acc': 0.9124, 'task_loss': (0.0475, 0.1129)}
{'epoch': 56, 'train_loss': 0.1416, 'train_acc': 0.9343, 'task_loss': (0.0375, 0.1041)}
{'epoch': 57, 'train_loss': 0.1935, 'train_acc': 0.9234, 'task_loss': (0.083, 0.1105)}
{'epoch': 58, 'train_loss': 0.1438, 'train_acc': 0.9234, 'task_loss': (0.0328, 0.111)}
{'epoch': 59, 'train_loss': 0.1919, 'train_acc': 0.8973, 'task_loss': (0.0574, 0.1345)}
{'epoch': 60, 'train_loss': 0.1429, 'train_acc': 0.927, 'task_loss': (0.0439, 0.099)}
{'epoch': 61, 'train_loss': 0.11, 'train_acc': 0.9507, 'task_loss': (0.0326, 0.0774)}
{'epoch': 62, 'train_loss': 0.141, 'train_acc': 0.9252, 'task_loss': (0.0403, 0.1007)}
{'epoch': 63, 'train_loss': 0.1066, 'train_acc': 0.9361, 'task_loss': (0.0244, 0.0822)}
{'epoch': 64, 'train_loss': 0.1277, 'train_acc': 0.9197, 'task_loss': (0.0307, 0.0971)}
{'epoch': 65, 'train_loss': 0.0976, 'train_acc': 0.9526, 'task_loss': (0.0292, 0.0683)}
{'epoch': 66, 'train_loss': 0.1034, 'train_acc': 0.938, 'task_loss': (0.0213, 0.0822)}
{'epoch': 67, 'train_loss': 0.079, 'train_acc': 0.9526, 'task_loss': (0.0142, 0.0648)}
{'epoch': 68, 'train_loss': 0.1277, 'train_acc': 0.9252, 'task_loss': (0.0298, 0.0979)}
{'epoch': 69, 'train_loss': 0.1178, 'train_acc': 0.938, 'task_loss': (0.0461, 0.0717)}
{'epoch': 70, 'train_loss': 0.0813, 'train_acc': 0.958, 'task_loss': (0.0128, 0.0685)}
{'epoch': 71, 'train_loss': 0.1286, 'train_acc': 0.9398, 'task_loss': (0.0424, 0.0862)}
{'epoch': 72, 'train_loss': 0.1283, 'train_acc': 0.9398, 'task_loss': (0.0463, 0.0819)}
{'epoch': 73, 'train_loss': 0.0964, 'train_acc': 0.9653, 'task_loss': (0.0388, 0.0577)}
{'epoch': 74, 'train_loss': 0.1115, 'train_acc': 0.9325, 'task_loss': (0.0245, 0.087)}
{'epoch': 75, 'train_loss': 0.0756, 'train_acc': 0.9544, 'task_loss': (0.0104, 0.0652)}
{'epoch': 76, 'train_loss': 0.0851, 'train_acc': 0.9544, 'task_loss': (0.0209, 0.0641)}
{'epoch': 77, 'train_loss': 0.0985, 'train_acc': 0.9507, 'task_loss': (0.0289, 0.0696)}
{'epoch': 78, 'train_loss': 0.0947, 'train_acc': 0.9398, 'task_loss': (0.0124, 0.0823)}
{'epoch': 79, 'train_loss': 0.0689, 'train_acc': 0.9568, 'task_loss': (0.0095, 0.0594)}
{'epoch': 80, 'train_loss': 0.0734, 'train_acc': 0.958, 'task_loss': (0.016, 0.0574)}
{'epoch': 81, 'train_loss': 0.1008, 'train_acc': 0.9635, 'task_loss': (0.0415, 0.0593)}
{'epoch': 82, 'train_loss': 0.0897, 'train_acc': 0.9507, 'task_loss': (0.0132, 0.0765)}
{'epoch': 83, 'train_loss': 0.0735, 'train_acc': 0.9672, 'task_loss': (0.0232, 0.0503)}
{'epoch': 84, 'train_loss': 0.0621, 'train_acc': 0.9745, 'task_loss': (0.0167, 0.0453)}
{'epoch': 85, 'train_loss': 0.0779, 'train_acc': 0.958, 'task_loss': (0.0164, 0.0615)}
{'epoch': 86, 'train_loss': 0.0742, 'train_acc': 0.9562, 'task_loss': (0.0158, 0.0583)}
{'epoch': 87, 'train_loss': 0.0751, 'train_acc': 0.9562, 'task_loss': (0.0156, 0.0595)}
{'epoch': 88, 'train_loss': 0.0754, 'train_acc': 0.969, 'task_loss': (0.0211, 0.0544)}
{'epoch': 89, 'train_loss': 0.0619, 'train_acc': 0.9672, 'task_loss': (0.0072, 0.0548)}
{'epoch': 90, 'train_loss': 0.0797, 'train_acc': 0.9635, 'task_loss': (0.015, 0.0647)}
{'epoch': 91, 'train_loss': 0.0813, 'train_acc': 0.9507, 'task_loss': (0.0171, 0.0641)}
{'epoch': 92, 'train_loss': 0.0486, 'train_acc': 0.9854, 'task_loss': (0.0105, 0.0381)}
{'epoch': 93, 'train_loss': 0.0901, 'train_acc': 0.9398, 'task_loss': (0.0109, 0.0792)}
{'epoch': 94, 'train_loss': 0.0705, 'train_acc': 0.958, 'task_loss': (0.0124, 0.0581)}
{'epoch': 95, 'train_loss': 0.0824, 'train_acc': 0.9507, 'task_loss': (0.0176, 0.0648)}
{'epoch': 96, 'train_loss': 0.0787, 'train_acc': 0.9507, 'task_loss': (0.0137, 0.0651)}
{'epoch': 97, 'train_loss': 0.0706, 'train_acc': 0.9635, 'task_loss': (0.0194, 0.0512)}
{'epoch': 98, 'train_loss': 0.0773, 'train_acc': 0.9658, 'task_loss': (0.0202, 0.057)}
{'epoch': 99, 'train_loss': 0.0637, 'train_acc': 0.9617, 'task_loss': (0.0082, 0.0555)}
{'epoch': 100, 'train_loss': 0.0662, 'train_acc': 0.9726, 'task_loss': (0.0145, 0.0517)}
{'run_num': 3, 'final_test_err': 0.11424999999999996}
Files already downloaded and verified
Files already downloaded and verified
{'epoch': 1, 'train_loss': 0.8918, 'train_acc': 0.618, 'task_loss': (0.4414, 0.4504)}
{'epoch': 2, 'train_loss': 0.8985, 'train_acc': 0.6825, 'task_loss': (0.4681, 0.4304)}
{'epoch': 3, 'train_loss': 0.7981, 'train_acc': 0.677, 'task_loss': (0.3986, 0.3995)}
{'epoch': 4, 'train_loss': 0.6799, 'train_acc': 0.7318, 'task_loss': (0.3914, 0.2885)}
{'epoch': 5, 'train_loss': 0.4897, 'train_acc': 0.7482, 'task_loss': (0.1962, 0.2935)}
{'epoch': 6, 'train_loss': 0.7695, 'train_acc': 0.7099, 'task_loss': (0.4174, 0.3521)}
{'epoch': 7, 'train_loss': 0.458, 'train_acc': 0.7664, 'task_loss': (0.1764, 0.2815)}
{'epoch': 8, 'train_loss': 0.447, 'train_acc': 0.7828, 'task_loss': (0.1981, 0.2489)}
{'epoch': 9, 'train_loss': 0.5017, 'train_acc': 0.7865, 'task_loss': (0.1989, 0.3028)}
{'epoch': 10, 'train_loss': 0.4513, 'train_acc': 0.7755, 'task_loss': (0.1969, 0.2544)}
{'epoch': 11, 'train_loss': 0.4797, 'train_acc': 0.7901, 'task_loss': (0.2251, 0.2545)}
{'epoch': 12, 'train_loss': 0.3812, 'train_acc': 0.7993, 'task_loss': (0.1698, 0.2114)}
{'epoch': 13, 'train_loss': 0.4055, 'train_acc': 0.7901, 'task_loss': (0.1702, 0.2353)}
{'epoch': 14, 'train_loss': 0.436, 'train_acc': 0.7865, 'task_loss': (0.1643, 0.2717)}
{'epoch': 15, 'train_loss': 0.4267, 'train_acc': 0.7883, 'task_loss': (0.187, 0.2397)}
{'epoch': 16, 'train_loss': 0.4374, 'train_acc': 0.8139, 'task_loss': (0.2171, 0.2204)}
{'epoch': 17, 'train_loss': 0.2758, 'train_acc': 0.8485, 'task_loss': (0.0745, 0.2013)}
{'epoch': 18, 'train_loss': 0.3994, 'train_acc': 0.8412, 'task_loss': (0.1989, 0.2005)}
{'epoch': 19, 'train_loss': 0.3551, 'train_acc': 0.8102, 'task_loss': (0.1418, 0.2133)}
{'epoch': 20, 'train_loss': 0.3356, 'train_acc': 0.818, 'task_loss': (0.1241, 0.2114)}
{'epoch': 21, 'train_loss': 0.3086, 'train_acc': 0.8467, 'task_loss': (0.1242, 0.1844)}
{'epoch': 22, 'train_loss': 0.3166, 'train_acc': 0.8485, 'task_loss': (0.1206, 0.1961)}
{'epoch': 23, 'train_loss': 0.331, 'train_acc': 0.8431, 'task_loss': (0.1409, 0.1901)}
{'epoch': 24, 'train_loss': 0.27, 'train_acc': 0.8321, 'task_loss': (0.0838, 0.1862)}
{'epoch': 25, 'train_loss': 0.2951, 'train_acc': 0.8522, 'task_loss': (0.1052, 0.1899)}
{'epoch': 26, 'train_loss': 0.2976, 'train_acc': 0.8558, 'task_loss': (0.1178, 0.1797)}
{'epoch': 27, 'train_loss': 0.3081, 'train_acc': 0.8376, 'task_loss': (0.0875, 0.2207)}
{'epoch': 28, 'train_loss': 0.3347, 'train_acc': 0.8595, 'task_loss': (0.1313, 0.2034)}
{'epoch': 29, 'train_loss': 0.2387, 'train_acc': 0.8796, 'task_loss': (0.0845, 0.1542)}
{'epoch': 30, 'train_loss': 0.3284, 'train_acc': 0.8522, 'task_loss': (0.1363, 0.1921)}
{'epoch': 31, 'train_loss': 0.2401, 'train_acc': 0.8741, 'task_loss': (0.0839, 0.1563)}
{'epoch': 32, 'train_loss': 0.2784, 'train_acc': 0.8522, 'task_loss': (0.0904, 0.188)}
{'epoch': 33, 'train_loss': 0.2206, 'train_acc': 0.8832, 'task_loss': (0.0639, 0.1567)}
{'epoch': 34, 'train_loss': 0.2475, 'train_acc': 0.854, 'task_loss': (0.0709, 0.1766)}
{'epoch': 35, 'train_loss': 0.2152, 'train_acc': 0.8796, 'task_loss': (0.0558, 0.1594)}
{'epoch': 36, 'train_loss': 0.2258, 'train_acc': 0.8777, 'task_loss': (0.0881, 0.1377)}
{'epoch': 37, 'train_loss': 0.248, 'train_acc': 0.8759, 'task_loss': (0.1033, 0.1447)}
{'epoch': 38, 'train_loss': 0.2323, 'train_acc': 0.8631, 'task_loss': (0.0773, 0.155)}
{'epoch': 39, 'train_loss': 0.2313, 'train_acc': 0.8595, 'task_loss': (0.078, 0.1533)}
{'epoch': 40, 'train_loss': 0.2662, 'train_acc': 0.8811, 'task_loss': (0.0995, 0.1667)}
{'epoch': 41, 'train_loss': 0.2091, 'train_acc': 0.8942, 'task_loss': (0.0669, 0.1422)}
{'epoch': 42, 'train_loss': 0.2506, 'train_acc': 0.8814, 'task_loss': (0.1107, 0.1399)}
{'epoch': 43, 'train_loss': 0.1616, 'train_acc': 0.8923, 'task_loss': (0.0305, 0.1312)}
{'epoch': 44, 'train_loss': 0.1514, 'train_acc': 0.9234, 'task_loss': (0.0439, 0.1074)}
{'epoch': 45, 'train_loss': 0.1994, 'train_acc': 0.8887, 'task_loss': (0.0517, 0.1477)}
{'epoch': 46, 'train_loss': 0.1273, 'train_acc': 0.9325, 'task_loss': (0.0334, 0.0939)}
{'epoch': 47, 'train_loss': 0.1738, 'train_acc': 0.8887, 'task_loss': (0.0499, 0.1239)}
{'epoch': 48, 'train_loss': 0.2021, 'train_acc': 0.9033, 'task_loss': (0.0682, 0.1339)}
{'epoch': 49, 'train_loss': 0.1834, 'train_acc': 0.9033, 'task_loss': (0.0566, 0.1268)}
{'epoch': 50, 'train_loss': 0.1469, 'train_acc': 0.9307, 'task_loss': (0.0432, 0.1037)}
{'epoch': 51, 'train_loss': 0.1625, 'train_acc': 0.9179, 'task_loss': (0.0582, 0.1043)}
{'epoch': 52, 'train_loss': 0.1343, 'train_acc': 0.9325, 'task_loss': (0.0342, 0.1001)}
{'epoch': 53, 'train_loss': 0.1034, 'train_acc': 0.9453, 'task_loss': (0.0202, 0.0833)}
{'epoch': 54, 'train_loss': 0.1373, 'train_acc': 0.9288, 'task_loss': (0.0364, 0.1009)}
{'epoch': 55, 'train_loss': 0.1232, 'train_acc': 0.9343, 'task_loss': (0.0287, 0.0945)}
{'epoch': 56, 'train_loss': 0.1081, 'train_acc': 0.9398, 'task_loss': (0.0286, 0.0795)}
{'epoch': 57, 'train_loss': 0.1296, 'train_acc': 0.9252, 'task_loss': (0.0252, 0.1044)}
{'epoch': 58, 'train_loss': 0.136, 'train_acc': 0.9215, 'task_loss': (0.0457, 0.0903)}
{'epoch': 59, 'train_loss': 0.1435, 'train_acc': 0.9261, 'task_loss': (0.0415, 0.102)}
{'epoch': 60, 'train_loss': 0.1088, 'train_acc': 0.9325, 'task_loss': (0.0269, 0.0819)}
{'epoch': 61, 'train_loss': 0.1266, 'train_acc': 0.9398, 'task_loss': (0.0442, 0.0824)}
{'epoch': 62, 'train_loss': 0.101, 'train_acc': 0.9434, 'task_loss': (0.0186, 0.0824)}
{'epoch': 63, 'train_loss': 0.1249, 'train_acc': 0.9398, 'task_loss': (0.0417, 0.0831)}
{'epoch': 64, 'train_loss': 0.0965, 'train_acc': 0.9489, 'task_loss': (0.0186, 0.0779)}
{'epoch': 65, 'train_loss': 0.1009, 'train_acc': 0.9398, 'task_loss': (0.0196, 0.0813)}
{'epoch': 66, 'train_loss': 0.1054, 'train_acc': 0.9398, 'task_loss': (0.0218, 0.0835)}
{'epoch': 67, 'train_loss': 0.0911, 'train_acc': 0.9489, 'task_loss': (0.0125, 0.0786)}
{'epoch': 68, 'train_loss': 0.0958, 'train_acc': 0.9507, 'task_loss': (0.0296, 0.0662)}
{'epoch': 69, 'train_loss': 0.0746, 'train_acc': 0.958, 'task_loss': (0.0124, 0.0622)}
{'epoch': 70, 'train_loss': 0.075, 'train_acc': 0.958, 'task_loss': (0.0144, 0.0606)}
{'epoch': 71, 'train_loss': 0.0704, 'train_acc': 0.9617, 'task_loss': (0.0114, 0.059)}
{'epoch': 72, 'train_loss': 0.1035, 'train_acc': 0.938, 'task_loss': (0.0243, 0.0792)}
{'epoch': 73, 'train_loss': 0.0903, 'train_acc': 0.9507, 'task_loss': (0.0173, 0.0731)}
{'epoch': 74, 'train_loss': 0.098, 'train_acc': 0.9471, 'task_loss': (0.0253, 0.0727)}
{'epoch': 75, 'train_loss': 0.0738, 'train_acc': 0.9507, 'task_loss': (0.0149, 0.0589)}
{'epoch': 76, 'train_loss': 0.0879, 'train_acc': 0.9599, 'task_loss': (0.0212, 0.0667)}
{'epoch': 77, 'train_loss': 0.0633, 'train_acc': 0.9599, 'task_loss': (0.0099, 0.0534)}
{'epoch': 78, 'train_loss': 0.0696, 'train_acc': 0.9544, 'task_loss': (0.007, 0.0625)}
{'epoch': 79, 'train_loss': 0.066, 'train_acc': 0.9694, 'task_loss': (0.0192, 0.0469)}
{'epoch': 80, 'train_loss': 0.0755, 'train_acc': 0.9526, 'task_loss': (0.009, 0.0665)}
{'epoch': 81, 'train_loss': 0.0614, 'train_acc': 0.9672, 'task_loss': (0.0127, 0.0487)}
{'epoch': 82, 'train_loss': 0.0643, 'train_acc': 0.9562, 'task_loss': (0.013, 0.0513)}
{'epoch': 83, 'train_loss': 0.0734, 'train_acc': 0.958, 'task_loss': (0.0131, 0.0603)}
{'epoch': 84, 'train_loss': 0.0782, 'train_acc': 0.9544, 'task_loss': (0.0151, 0.0632)}
{'epoch': 85, 'train_loss': 0.0742, 'train_acc': 0.9544, 'task_loss': (0.0115, 0.0627)}
{'epoch': 86, 'train_loss': 0.0481, 'train_acc': 0.9745, 'task_loss': (0.0072, 0.0409)}
{'epoch': 87, 'train_loss': 0.0654, 'train_acc': 0.9708, 'task_loss': (0.0189, 0.0466)}
{'epoch': 88, 'train_loss': 0.0817, 'train_acc': 0.9599, 'task_loss': (0.0247, 0.057)}
{'epoch': 89, 'train_loss': 0.06, 'train_acc': 0.9708, 'task_loss': (0.0115, 0.0485)}
{'epoch': 90, 'train_loss': 0.0659, 'train_acc': 0.9562, 'task_loss': (0.0129, 0.053)}
{'epoch': 91, 'train_loss': 0.0702, 'train_acc': 0.9562, 'task_loss': (0.0121, 0.0582)}
{'epoch': 92, 'train_loss': 0.0539, 'train_acc': 0.9745, 'task_loss': (0.0068, 0.0471)}
{'epoch': 93, 'train_loss': 0.0658, 'train_acc': 0.9599, 'task_loss': (0.0093, 0.0565)}
{'epoch': 94, 'train_loss': 0.0574, 'train_acc': 0.9653, 'task_loss': (0.0077, 0.0498)}
{'epoch': 95, 'train_loss': 0.0517, 'train_acc': 0.9672, 'task_loss': (0.0086, 0.0431)}
{'epoch': 96, 'train_loss': 0.0574, 'train_acc': 0.9726, 'task_loss': (0.0132, 0.0442)}
{'epoch': 97, 'train_loss': 0.06, 'train_acc': 0.958, 'task_loss': (0.0064, 0.0536)}
{'epoch': 98, 'train_loss': 0.0546, 'train_acc': 0.9802, 'task_loss': (0.01, 0.0446)}
{'epoch': 99, 'train_loss': 0.0596, 'train_acc': 0.9599, 'task_loss': (0.0053, 0.0543)}
{'epoch': 100, 'train_loss': 0.0571, 'train_acc': 0.9726, 'task_loss': (0.0188, 0.0383)}
{'run_num': 4, 'final_test_err': 0.12250000000000005}
Files already downloaded and verified
Files already downloaded and verified
{'epoch': 1, 'train_loss': 1.0018, 'train_acc': 0.5982, 'task_loss': (0.5189, 0.483)}
{'epoch': 2, 'train_loss': 0.8233, 'train_acc': 0.6788, 'task_loss': (0.4527, 0.3706)}
{'epoch': 3, 'train_loss': 0.7826, 'train_acc': 0.7026, 'task_loss': (0.3542, 0.4284)}
{'epoch': 4, 'train_loss': 0.7738, 'train_acc': 0.6734, 'task_loss': (0.4038, 0.37)}
{'epoch': 5, 'train_loss': 0.5879, 'train_acc': 0.7336, 'task_loss': (0.2716, 0.3163)}
{'epoch': 6, 'train_loss': 0.597, 'train_acc': 0.7026, 'task_loss': (0.2441, 0.3528)}
{'epoch': 7, 'train_loss': 0.495, 'train_acc': 0.7701, 'task_loss': (0.2292, 0.2658)}
{'epoch': 8, 'train_loss': 0.5261, 'train_acc': 0.7573, 'task_loss': (0.2501, 0.2759)}
{'epoch': 9, 'train_loss': 0.6049, 'train_acc': 0.7536, 'task_loss': (0.2728, 0.3321)}
{'epoch': 10, 'train_loss': 0.5212, 'train_acc': 0.7701, 'task_loss': (0.2289, 0.2923)}
{'epoch': 11, 'train_loss': 0.586, 'train_acc': 0.7609, 'task_loss': (0.309, 0.277)}
{'epoch': 12, 'train_loss': 0.5177, 'train_acc': 0.781, 'task_loss': (0.2526, 0.2651)}
{'epoch': 13, 'train_loss': 0.4511, 'train_acc': 0.7737, 'task_loss': (0.1894, 0.2617)}
{'epoch': 14, 'train_loss': 0.4134, 'train_acc': 0.8212, 'task_loss': (0.1919, 0.2215)}
{'epoch': 15, 'train_loss': 0.3461, 'train_acc': 0.8047, 'task_loss': (0.1048, 0.2412)}
{'epoch': 16, 'train_loss': 0.3425, 'train_acc': 0.8358, 'task_loss': (0.1315, 0.211)}
{'epoch': 17, 'train_loss': 0.369, 'train_acc': 0.812, 'task_loss': (0.1371, 0.2318)}
{'epoch': 18, 'train_loss': 0.3607, 'train_acc': 0.8157, 'task_loss': (0.147, 0.2136)}
{'epoch': 19, 'train_loss': 0.3709, 'train_acc': 0.8212, 'task_loss': (0.1576, 0.2133)}
{'epoch': 20, 'train_loss': 0.2593, 'train_acc': 0.8523, 'task_loss': (0.0931, 0.1661)}
{'epoch': 21, 'train_loss': 0.331, 'train_acc': 0.8285, 'task_loss': (0.1185, 0.2124)}
{'epoch': 22, 'train_loss': 0.4378, 'train_acc': 0.8084, 'task_loss': (0.2207, 0.217)}
{'epoch': 23, 'train_loss': 0.333, 'train_acc': 0.8504, 'task_loss': (0.1309, 0.2021)}
{'epoch': 24, 'train_loss': 0.2993, 'train_acc': 0.8522, 'task_loss': (0.1016, 0.1977)}
{'epoch': 25, 'train_loss': 0.3408, 'train_acc': 0.8431, 'task_loss': (0.1502, 0.1907)}
{'epoch': 26, 'train_loss': 0.2781, 'train_acc': 0.8595, 'task_loss': (0.1061, 0.172)}
{'epoch': 27, 'train_loss': 0.2918, 'train_acc': 0.8613, 'task_loss': (0.1223, 0.1695)}
{'epoch': 28, 'train_loss': 0.2642, 'train_acc': 0.8431, 'task_loss': (0.0952, 0.169)}
{'epoch': 29, 'train_loss': 0.2676, 'train_acc': 0.8595, 'task_loss': (0.0968, 0.1708)}
{'epoch': 30, 'train_loss': 0.3086, 'train_acc': 0.8467, 'task_loss': (0.1299, 0.1787)}
{'epoch': 31, 'train_loss': 0.2843, 'train_acc': 0.8577, 'task_loss': (0.1083, 0.1759)}
{'epoch': 32, 'train_loss': 0.2285, 'train_acc': 0.8668, 'task_loss': (0.0709, 0.1576)}
{'epoch': 33, 'train_loss': 0.2483, 'train_acc': 0.885, 'task_loss': (0.0743, 0.174)}
{'epoch': 34, 'train_loss': 0.2248, 'train_acc': 0.8869, 'task_loss': (0.0776, 0.1471)}
{'epoch': 35, 'train_loss': 0.2316, 'train_acc': 0.8759, 'task_loss': (0.0732, 0.1584)}
{'epoch': 36, 'train_loss': 0.1925, 'train_acc': 0.885, 'task_loss': (0.0426, 0.1499)}
{'epoch': 37, 'train_loss': 0.2015, 'train_acc': 0.896, 'task_loss': (0.0582, 0.1433)}
{'epoch': 38, 'train_loss': 0.2521, 'train_acc': 0.8577, 'task_loss': (0.0963, 0.1558)}
{'epoch': 39, 'train_loss': 0.1784, 'train_acc': 0.896, 'task_loss': (0.0465, 0.1319)}
{'epoch': 40, 'train_loss': 0.2187, 'train_acc': 0.8829, 'task_loss': (0.068, 0.1507)}
{'epoch': 41, 'train_loss': 0.1485, 'train_acc': 0.9252, 'task_loss': (0.0272, 0.1212)}
{'epoch': 42, 'train_loss': 0.2003, 'train_acc': 0.8996, 'task_loss': (0.0837, 0.1167)}
{'epoch': 43, 'train_loss': 0.2111, 'train_acc': 0.9033, 'task_loss': (0.0808, 0.1303)}
{'epoch': 44, 'train_loss': 0.1981, 'train_acc': 0.8978, 'task_loss': (0.0643, 0.1338)}
{'epoch': 45, 'train_loss': 0.1752, 'train_acc': 0.8923, 'task_loss': (0.0341, 0.1411)}
{'epoch': 46, 'train_loss': 0.16, 'train_acc': 0.9106, 'task_loss': (0.0366, 0.1234)}
{'epoch': 47, 'train_loss': 0.1355, 'train_acc': 0.9234, 'task_loss': (0.0302, 0.1052)}
{'epoch': 48, 'train_loss': 0.1452, 'train_acc': 0.9215, 'task_loss': (0.0436, 0.1015)}
{'epoch': 49, 'train_loss': 0.137, 'train_acc': 0.9197, 'task_loss': (0.0274, 0.1096)}
{'epoch': 50, 'train_loss': 0.1473, 'train_acc': 0.9124, 'task_loss': (0.04, 0.1073)}
{'epoch': 51, 'train_loss': 0.1802, 'train_acc': 0.9106, 'task_loss': (0.0622, 0.1179)}
{'epoch': 52, 'train_loss': 0.1834, 'train_acc': 0.8923, 'task_loss': (0.0552, 0.1282)}
{'epoch': 53, 'train_loss': 0.1495, 'train_acc': 0.9197, 'task_loss': (0.0474, 0.1021)}
{'epoch': 54, 'train_loss': 0.1706, 'train_acc': 0.9106, 'task_loss': (0.0579, 0.1126)}
{'epoch': 55, 'train_loss': 0.148, 'train_acc': 0.9252, 'task_loss': (0.0543, 0.0937)}
{'epoch': 56, 'train_loss': 0.1558, 'train_acc': 0.9252, 'task_loss': (0.0507, 0.105)}
{'epoch': 57, 'train_loss': 0.1697, 'train_acc': 0.9051, 'task_loss': (0.0569, 0.1128)}
{'epoch': 58, 'train_loss': 0.1365, 'train_acc': 0.9179, 'task_loss': (0.0285, 0.1081)}
{'epoch': 59, 'train_loss': 0.0942, 'train_acc': 0.9369, 'task_loss': (0.0167, 0.0775)}
{'epoch': 60, 'train_loss': 0.0819, 'train_acc': 0.9544, 'task_loss': (0.0165, 0.0654)}
{'epoch': 61, 'train_loss': 0.1431, 'train_acc': 0.938, 'task_loss': (0.046, 0.0971)}
{'epoch': 62, 'train_loss': 0.1243, 'train_acc': 0.9234, 'task_loss': (0.0253, 0.0989)}
{'epoch': 63, 'train_loss': 0.1364, 'train_acc': 0.9343, 'task_loss': (0.0418, 0.0946)}
{'epoch': 64, 'train_loss': 0.0936, 'train_acc': 0.9471, 'task_loss': (0.0148, 0.0788)}
{'epoch': 65, 'train_loss': 0.1017, 'train_acc': 0.9507, 'task_loss': (0.0238, 0.0779)}
{'epoch': 66, 'train_loss': 0.0829, 'train_acc': 0.9653, 'task_loss': (0.0184, 0.0646)}
{'epoch': 67, 'train_loss': 0.1034, 'train_acc': 0.9507, 'task_loss': (0.0397, 0.0637)}
{'epoch': 68, 'train_loss': 0.0979, 'train_acc': 0.9526, 'task_loss': (0.0362, 0.0617)}
{'epoch': 69, 'train_loss': 0.123, 'train_acc': 0.9398, 'task_loss': (0.0296, 0.0934)}
{'epoch': 70, 'train_loss': 0.0809, 'train_acc': 0.9726, 'task_loss': (0.0225, 0.0583)}
{'epoch': 71, 'train_loss': 0.0743, 'train_acc': 0.9653, 'task_loss': (0.0153, 0.0589)}
{'epoch': 72, 'train_loss': 0.0738, 'train_acc': 0.9599, 'task_loss': (0.02, 0.0538)}
{'epoch': 73, 'train_loss': 0.0646, 'train_acc': 0.9708, 'task_loss': (0.0139, 0.0507)}
{'epoch': 74, 'train_loss': 0.0869, 'train_acc': 0.9489, 'task_loss': (0.0106, 0.0763)}
{'epoch': 75, 'train_loss': 0.0628, 'train_acc': 0.969, 'task_loss': (0.0109, 0.0519)}
{'epoch': 76, 'train_loss': 0.088, 'train_acc': 0.9599, 'task_loss': (0.024, 0.064)}
{'epoch': 77, 'train_loss': 0.0952, 'train_acc': 0.9489, 'task_loss': (0.0297, 0.0655)}
{'epoch': 78, 'train_loss': 0.0764, 'train_acc': 0.9544, 'task_loss': (0.0094, 0.067)}
{'epoch': 79, 'train_loss': 0.0739, 'train_acc': 0.9604, 'task_loss': (0.0162, 0.0578)}
{'epoch': 80, 'train_loss': 0.0796, 'train_acc': 0.9526, 'task_loss': (0.017, 0.0626)}
{'epoch': 81, 'train_loss': 0.0748, 'train_acc': 0.9672, 'task_loss': (0.0132, 0.0616)}
{'epoch': 82, 'train_loss': 0.0895, 'train_acc': 0.9434, 'task_loss': (0.016, 0.0735)}
{'epoch': 83, 'train_loss': 0.0642, 'train_acc': 0.969, 'task_loss': (0.0199, 0.0443)}
{'epoch': 84, 'train_loss': 0.0756, 'train_acc': 0.9599, 'task_loss': (0.0117, 0.0639)}
{'epoch': 85, 'train_loss': 0.064, 'train_acc': 0.969, 'task_loss': (0.0152, 0.0489)}
{'epoch': 86, 'train_loss': 0.0883, 'train_acc': 0.9562, 'task_loss': (0.0278, 0.0605)}
{'epoch': 87, 'train_loss': 0.0731, 'train_acc': 0.958, 'task_loss': (0.0059, 0.0672)}
{'epoch': 88, 'train_loss': 0.0658, 'train_acc': 0.9635, 'task_loss': (0.0211, 0.0448)}
{'epoch': 89, 'train_loss': 0.0844, 'train_acc': 0.9526, 'task_loss': (0.0225, 0.0619)}
{'epoch': 90, 'train_loss': 0.0616, 'train_acc': 0.969, 'task_loss': (0.0106, 0.051)}
{'epoch': 91, 'train_loss': 0.0742, 'train_acc': 0.9617, 'task_loss': (0.0175, 0.0567)}
{'epoch': 92, 'train_loss': 0.0587, 'train_acc': 0.969, 'task_loss': (0.017, 0.0417)}
{'epoch': 93, 'train_loss': 0.0771, 'train_acc': 0.9653, 'task_loss': (0.0327, 0.0444)}
{'epoch': 94, 'train_loss': 0.0688, 'train_acc': 0.9653, 'task_loss': (0.0155, 0.0533)}
{'epoch': 95, 'train_loss': 0.0643, 'train_acc': 0.9726, 'task_loss': (0.0172, 0.0472)}
{'epoch': 96, 'train_loss': 0.0623, 'train_acc': 0.9726, 'task_loss': (0.0146, 0.0477)}
{'epoch': 97, 'train_loss': 0.0679, 'train_acc': 0.9635, 'task_loss': (0.0121, 0.0558)}
{'epoch': 98, 'train_loss': 0.0717, 'train_acc': 0.9604, 'task_loss': (0.0201, 0.0516)}
{'epoch': 99, 'train_loss': 0.0722, 'train_acc': 0.9653, 'task_loss': (0.0154, 0.0568)}
{'epoch': 100, 'train_loss': 0.0752, 'train_acc': 0.9562, 'task_loss': (0.0139, 0.0613)}
{'run_num': 5, 'final_test_err': 0.12475000000000003}
Files already downloaded and verified
Files already downloaded and verified
{'epoch': 1, 'train_loss': 0.887, 'train_acc': 0.609, 'task_loss': (0.4506, 0.4364)}
{'epoch': 2, 'train_loss': 0.8103, 'train_acc': 0.6807, 'task_loss': (0.3624, 0.4479)}
{'epoch': 3, 'train_loss': 0.8872, 'train_acc': 0.6642, 'task_loss': (0.4232, 0.464)}
{'epoch': 4, 'train_loss': 0.7786, 'train_acc': 0.7062, 'task_loss': (0.4254, 0.3532)}
{'epoch': 5, 'train_loss': 0.515, 'train_acc': 0.7445, 'task_loss': (0.1904, 0.3246)}
{'epoch': 6, 'train_loss': 0.6794, 'train_acc': 0.7536, 'task_loss': (0.351, 0.3284)}
{'epoch': 7, 'train_loss': 0.5645, 'train_acc': 0.7208, 'task_loss': (0.2527, 0.3118)}
{'epoch': 8, 'train_loss': 0.5818, 'train_acc': 0.75, 'task_loss': (0.2633, 0.3185)}
{'epoch': 9, 'train_loss': 0.5126, 'train_acc': 0.75, 'task_loss': (0.2147, 0.2979)}
{'epoch': 10, 'train_loss': 0.4842, 'train_acc': 0.7664, 'task_loss': (0.1814, 0.3029)}
{'epoch': 11, 'train_loss': 0.4729, 'train_acc': 0.7847, 'task_loss': (0.2237, 0.2492)}
{'epoch': 12, 'train_loss': 0.4649, 'train_acc': 0.7737, 'task_loss': (0.1975, 0.2674)}
{'epoch': 13, 'train_loss': 0.3943, 'train_acc': 0.7993, 'task_loss': (0.1503, 0.244)}
{'epoch': 14, 'train_loss': 0.4064, 'train_acc': 0.8029, 'task_loss': (0.1613, 0.2451)}
{'epoch': 15, 'train_loss': 0.4052, 'train_acc': 0.7993, 'task_loss': (0.1656, 0.2396)}
{'epoch': 16, 'train_loss': 0.396, 'train_acc': 0.7974, 'task_loss': (0.1678, 0.2281)}
{'epoch': 17, 'train_loss': 0.3218, 'train_acc': 0.8303, 'task_loss': (0.1197, 0.202)}
{'epoch': 18, 'train_loss': 0.4603, 'train_acc': 0.8029, 'task_loss': (0.2225, 0.2377)}
{'epoch': 19, 'train_loss': 0.3324, 'train_acc': 0.8139, 'task_loss': (0.1121, 0.2203)}
{'epoch': 20, 'train_loss': 0.4018, 'train_acc': 0.7874, 'task_loss': (0.1585, 0.2433)}
{'epoch': 21, 'train_loss': 0.3237, 'train_acc': 0.8449, 'task_loss': (0.1172, 0.2066)}
{'epoch': 22, 'train_loss': 0.4688, 'train_acc': 0.812, 'task_loss': (0.2498, 0.219)}
{'epoch': 23, 'train_loss': 0.3261, 'train_acc': 0.8175, 'task_loss': (0.1147, 0.2113)}
{'epoch': 24, 'train_loss': 0.2581, 'train_acc': 0.8595, 'task_loss': (0.0931, 0.165)}
{'epoch': 25, 'train_loss': 0.2928, 'train_acc': 0.8504, 'task_loss': (0.0871, 0.2057)}
{'epoch': 26, 'train_loss': 0.3322, 'train_acc': 0.8321, 'task_loss': (0.14, 0.1922)}
{'epoch': 27, 'train_loss': 0.3183, 'train_acc': 0.8504, 'task_loss': (0.12, 0.1984)}
{'epoch': 28, 'train_loss': 0.3127, 'train_acc': 0.8412, 'task_loss': (0.1206, 0.1921)}
{'epoch': 29, 'train_loss': 0.222, 'train_acc': 0.8777, 'task_loss': (0.051, 0.171)}
{'epoch': 30, 'train_loss': 0.2871, 'train_acc': 0.8595, 'task_loss': (0.1131, 0.174)}
{'epoch': 31, 'train_loss': 0.3065, 'train_acc': 0.8558, 'task_loss': (0.1149, 0.1916)}
{'epoch': 32, 'train_loss': 0.2851, 'train_acc': 0.8759, 'task_loss': (0.1259, 0.1592)}
{'epoch': 33, 'train_loss': 0.2136, 'train_acc': 0.9051, 'task_loss': (0.0696, 0.144)}
{'epoch': 34, 'train_loss': 0.237, 'train_acc': 0.865, 'task_loss': (0.0707, 0.1662)}
{'epoch': 35, 'train_loss': 0.3028, 'train_acc': 0.8595, 'task_loss': (0.1361, 0.1667)}
{'epoch': 36, 'train_loss': 0.2075, 'train_acc': 0.885, 'task_loss': (0.0616, 0.1458)}
{'epoch': 37, 'train_loss': 0.1966, 'train_acc': 0.8942, 'task_loss': (0.0469, 0.1497)}
{'epoch': 38, 'train_loss': 0.2168, 'train_acc': 0.8668, 'task_loss': (0.0546, 0.1622)}
{'epoch': 39, 'train_loss': 0.1994, 'train_acc': 0.8814, 'task_loss': (0.0386, 0.1608)}
{'epoch': 40, 'train_loss': 0.2197, 'train_acc': 0.8829, 'task_loss': (0.0567, 0.163)}
{'epoch': 41, 'train_loss': 0.2283, 'train_acc': 0.8814, 'task_loss': (0.0813, 0.147)}
{'epoch': 42, 'train_loss': 0.2145, 'train_acc': 0.8887, 'task_loss': (0.0738, 0.1407)}
{'epoch': 43, 'train_loss': 0.2149, 'train_acc': 0.8723, 'task_loss': (0.0588, 0.1561)}
{'epoch': 44, 'train_loss': 0.2275, 'train_acc': 0.8887, 'task_loss': (0.1016, 0.1259)}
{'epoch': 45, 'train_loss': 0.2542, 'train_acc': 0.8686, 'task_loss': (0.0883, 0.1659)}
{'epoch': 46, 'train_loss': 0.2107, 'train_acc': 0.8978, 'task_loss': (0.0715, 0.1392)}
{'epoch': 47, 'train_loss': 0.1846, 'train_acc': 0.8923, 'task_loss': (0.0455, 0.1391)}
{'epoch': 48, 'train_loss': 0.1785, 'train_acc': 0.9124, 'task_loss': (0.0536, 0.1249)}
{'epoch': 49, 'train_loss': 0.1167, 'train_acc': 0.9343, 'task_loss': (0.0292, 0.0876)}
{'epoch': 50, 'train_loss': 0.1674, 'train_acc': 0.9215, 'task_loss': (0.0493, 0.1181)}
{'epoch': 51, 'train_loss': 0.1667, 'train_acc': 0.8996, 'task_loss': (0.0377, 0.129)}
{'epoch': 52, 'train_loss': 0.167, 'train_acc': 0.9234, 'task_loss': (0.0601, 0.107)}
{'epoch': 53, 'train_loss': 0.1468, 'train_acc': 0.9142, 'task_loss': (0.0358, 0.1109)}
{'epoch': 54, 'train_loss': 0.1558, 'train_acc': 0.9015, 'task_loss': (0.0423, 0.1135)}
{'epoch': 55, 'train_loss': 0.131, 'train_acc': 0.927, 'task_loss': (0.0178, 0.1132)}
{'epoch': 56, 'train_loss': 0.1611, 'train_acc': 0.9088, 'task_loss': (0.0436, 0.1175)}
{'epoch': 57, 'train_loss': 0.1759, 'train_acc': 0.9197, 'task_loss': (0.0595, 0.1165)}
{'epoch': 58, 'train_loss': 0.1324, 'train_acc': 0.927, 'task_loss': (0.0346, 0.0978)}
{'epoch': 59, 'train_loss': 0.1438, 'train_acc': 0.9099, 'task_loss': (0.0364, 0.1074)}
{'epoch': 60, 'train_loss': 0.1103, 'train_acc': 0.9544, 'task_loss': (0.0308, 0.0795)}
{'epoch': 61, 'train_loss': 0.1689, 'train_acc': 0.9051, 'task_loss': (0.056, 0.1129)}
{'epoch': 62, 'train_loss': 0.1193, 'train_acc': 0.9307, 'task_loss': (0.0218, 0.0976)}
{'epoch': 63, 'train_loss': 0.1069, 'train_acc': 0.9416, 'task_loss': (0.024, 0.083)}
{'epoch': 64, 'train_loss': 0.1255, 'train_acc': 0.9398, 'task_loss': (0.0322, 0.0933)}
{'epoch': 65, 'train_loss': 0.1143, 'train_acc': 0.9288, 'task_loss': (0.0287, 0.0856)}
{'epoch': 66, 'train_loss': 0.1239, 'train_acc': 0.9343, 'task_loss': (0.0311, 0.0928)}
{'epoch': 67, 'train_loss': 0.1021, 'train_acc': 0.9453, 'task_loss': (0.0178, 0.0843)}
{'epoch': 68, 'train_loss': 0.115, 'train_acc': 0.9453, 'task_loss': (0.0263, 0.0887)}
{'epoch': 69, 'train_loss': 0.099, 'train_acc': 0.9507, 'task_loss': (0.0239, 0.0751)}
{'epoch': 70, 'train_loss': 0.1345, 'train_acc': 0.9288, 'task_loss': (0.0355, 0.099)}
{'epoch': 71, 'train_loss': 0.0969, 'train_acc': 0.9526, 'task_loss': (0.0266, 0.0703)}
{'epoch': 72, 'train_loss': 0.0983, 'train_acc': 0.9453, 'task_loss': (0.015, 0.0832)}
{'epoch': 73, 'train_loss': 0.0924, 'train_acc': 0.9416, 'task_loss': (0.0267, 0.0657)}
{'epoch': 74, 'train_loss': 0.087, 'train_acc': 0.9526, 'task_loss': (0.0213, 0.0657)}
{'epoch': 75, 'train_loss': 0.0835, 'train_acc': 0.9489, 'task_loss': (0.0156, 0.0679)}
{'epoch': 76, 'train_loss': 0.1018, 'train_acc': 0.9617, 'task_loss': (0.0396, 0.0622)}
{'epoch': 77, 'train_loss': 0.0968, 'train_acc': 0.9434, 'task_loss': (0.022, 0.0747)}
{'epoch': 78, 'train_loss': 0.0878, 'train_acc': 0.9398, 'task_loss': (0.0119, 0.0759)}
{'epoch': 79, 'train_loss': 0.0909, 'train_acc': 0.955, 'task_loss': (0.0212, 0.0697)}
{'epoch': 80, 'train_loss': 0.0889, 'train_acc': 0.9562, 'task_loss': (0.0124, 0.0764)}
{'epoch': 81, 'train_loss': 0.1044, 'train_acc': 0.9434, 'task_loss': (0.026, 0.0784)}
{'epoch': 82, 'train_loss': 0.0915, 'train_acc': 0.9544, 'task_loss': (0.0295, 0.0621)}
{'epoch': 83, 'train_loss': 0.0817, 'train_acc': 0.9599, 'task_loss': (0.0191, 0.0626)}
{'epoch': 84, 'train_loss': 0.0802, 'train_acc': 0.9544, 'task_loss': (0.0224, 0.0579)}
{'epoch': 85, 'train_loss': 0.0942, 'train_acc': 0.9453, 'task_loss': (0.0212, 0.073)}
{'epoch': 86, 'train_loss': 0.0636, 'train_acc': 0.9617, 'task_loss': (0.0099, 0.0537)}
{'epoch': 87, 'train_loss': 0.0687, 'train_acc': 0.9653, 'task_loss': (0.0189, 0.0498)}
{'epoch': 88, 'train_loss': 0.0893, 'train_acc': 0.9526, 'task_loss': (0.0258, 0.0635)}
{'epoch': 89, 'train_loss': 0.1039, 'train_acc': 0.9507, 'task_loss': (0.0278, 0.0762)}
{'epoch': 90, 'train_loss': 0.0712, 'train_acc': 0.9672, 'task_loss': (0.0174, 0.0538)}
{'epoch': 91, 'train_loss': 0.0986, 'train_acc': 0.9416, 'task_loss': (0.0249, 0.0737)}
{'epoch': 92, 'train_loss': 0.0887, 'train_acc': 0.9507, 'task_loss': (0.0203, 0.0684)}
{'epoch': 93, 'train_loss': 0.0705, 'train_acc': 0.9635, 'task_loss': (0.0118, 0.0587)}
{'epoch': 94, 'train_loss': 0.055, 'train_acc': 0.9763, 'task_loss': (0.0105, 0.0444)}
{'epoch': 95, 'train_loss': 0.0813, 'train_acc': 0.958, 'task_loss': (0.0215, 0.0598)}
{'epoch': 96, 'train_loss': 0.0832, 'train_acc': 0.9544, 'task_loss': (0.0202, 0.063)}
{'epoch': 97, 'train_loss': 0.0923, 'train_acc': 0.9507, 'task_loss': (0.0314, 0.0609)}
{'epoch': 98, 'train_loss': 0.077, 'train_acc': 0.955, 'task_loss': (0.0187, 0.0584)}
{'epoch': 99, 'train_loss': 0.0674, 'train_acc': 0.9635, 'task_loss': (0.0086, 0.0588)}
{'epoch': 100, 'train_loss': 0.08, 'train_acc': 0.9489, 'task_loss': (0.0151, 0.0649)}
{'run_num': 6, 'final_test_err': 0.13224999999999998}
Files already downloaded and verified
Files already downloaded and verified
/home/ubuntu/tools/miniconda3/envs/manifold/lib/python3.9/site-packages/torch/optim/lr_scheduler.py:131: UserWarning: Detected call of `lr_scheduler.step()` before `optimizer.step()`. In PyTorch 1.1.0 and later, you should call them in the opposite order: `optimizer.step()` before `lr_scheduler.step()`.  Failure to do this will result in PyTorch skipping the first value of the learning rate schedule. See more details at https://pytorch.org/docs/stable/optim.html#how-to-adjust-learning-rate
  warnings.warn("Detected call of `lr_scheduler.step()` before `optimizer.step()`. "
{'epoch': 1, 'train_loss': 1.0827, 'train_acc': 0.6018, 'task_loss': (0.5746, 0.5081)}
{'epoch': 2, 'train_loss': 0.8624, 'train_acc': 0.6551, 'task_loss': (0.4559, 0.4065)}
{'epoch': 3, 'train_loss': 0.6448, 'train_acc': 0.7153, 'task_loss': (0.3214, 0.3233)}
{'epoch': 4, 'train_loss': 0.6843, 'train_acc': 0.7062, 'task_loss': (0.3719, 0.3124)}
{'epoch': 5, 'train_loss': 0.6761, 'train_acc': 0.708, 'task_loss': (0.291, 0.3851)}
{'epoch': 6, 'train_loss': 0.6956, 'train_acc': 0.7336, 'task_loss': (0.3526, 0.343)}
{'epoch': 7, 'train_loss': 0.6003, 'train_acc': 0.7226, 'task_loss': (0.2803, 0.32)}
{'epoch': 8, 'train_loss': 0.5944, 'train_acc': 0.7391, 'task_loss': (0.2938, 0.3007)}
{'epoch': 9, 'train_loss': 0.4836, 'train_acc': 0.7901, 'task_loss': (0.2338, 0.2498)}
{'epoch': 10, 'train_loss': 0.4831, 'train_acc': 0.7591, 'task_loss': (0.2144, 0.2687)}
{'epoch': 11, 'train_loss': 0.456, 'train_acc': 0.75, 'task_loss': (0.1796, 0.2763)}
{'epoch': 12, 'train_loss': 0.4438, 'train_acc': 0.781, 'task_loss': (0.2025, 0.2414)}
{'epoch': 13, 'train_loss': 0.443, 'train_acc': 0.7719, 'task_loss': (0.1881, 0.2549)}
{'epoch': 14, 'train_loss': 0.4852, 'train_acc': 0.7883, 'task_loss': (0.2324, 0.2528)}
{'epoch': 15, 'train_loss': 0.4116, 'train_acc': 0.7901, 'task_loss': (0.1493, 0.2622)}
{'epoch': 16, 'train_loss': 0.4051, 'train_acc': 0.823, 'task_loss': (0.1922, 0.2128)}
{'epoch': 17, 'train_loss': 0.4113, 'train_acc': 0.7828, 'task_loss': (0.1521, 0.2592)}
{'epoch': 18, 'train_loss': 0.3821, 'train_acc': 0.8084, 'task_loss': (0.1357, 0.2464)}
{'epoch': 19, 'train_loss': 0.3325, 'train_acc': 0.8139, 'task_loss': (0.1176, 0.2149)}
{'epoch': 20, 'train_loss': 0.3749, 'train_acc': 0.8072, 'task_loss': (0.1377, 0.2372)}
{'epoch': 21, 'train_loss': 0.3019, 'train_acc': 0.8358, 'task_loss': (0.1053, 0.1966)}
{'epoch': 22, 'train_loss': 0.3144, 'train_acc': 0.854, 'task_loss': (0.1265, 0.1879)}
{'epoch': 23, 'train_loss': 0.3733, 'train_acc': 0.8157, 'task_loss': (0.1291, 0.2442)}
{'epoch': 24, 'train_loss': 0.3709, 'train_acc': 0.8175, 'task_loss': (0.1497, 0.2212)}
{'epoch': 25, 'train_loss': 0.3056, 'train_acc': 0.8358, 'task_loss': (0.093, 0.2125)}
{'epoch': 26, 'train_loss': 0.3373, 'train_acc': 0.8485, 'task_loss': (0.1388, 0.1986)}
{'epoch': 27, 'train_loss': 0.2615, 'train_acc': 0.854, 'task_loss': (0.0807, 0.1807)}
{'epoch': 28, 'train_loss': 0.2267, 'train_acc': 0.865, 'task_loss': (0.0701, 0.1566)}
{'epoch': 29, 'train_loss': 0.3512, 'train_acc': 0.8212, 'task_loss': (0.1389, 0.2123)}
{'epoch': 30, 'train_loss': 0.3189, 'train_acc': 0.8266, 'task_loss': (0.1215, 0.1974)}
{'epoch': 31, 'train_loss': 0.2232, 'train_acc': 0.8759, 'task_loss': (0.0742, 0.1491)}
{'epoch': 32, 'train_loss': 0.2208, 'train_acc': 0.8869, 'task_loss': (0.0786, 0.1422)}
{'epoch': 33, 'train_loss': 0.2312, 'train_acc': 0.865, 'task_loss': (0.0601, 0.1711)}
{'epoch': 34, 'train_loss': 0.2737, 'train_acc': 0.8449, 'task_loss': (0.0947, 0.179)}
{'epoch': 35, 'train_loss': 0.1991, 'train_acc': 0.8996, 'task_loss': (0.0596, 0.1395)}
{'epoch': 36, 'train_loss': 0.2165, 'train_acc': 0.8832, 'task_loss': (0.069, 0.1474)}
{'epoch': 37, 'train_loss': 0.2095, 'train_acc': 0.8777, 'task_loss': (0.0525, 0.157)}
{'epoch': 38, 'train_loss': 0.2818, 'train_acc': 0.8595, 'task_loss': (0.0909, 0.1908)}
{'epoch': 39, 'train_loss': 0.2009, 'train_acc': 0.8832, 'task_loss': (0.0475, 0.1534)}
{'epoch': 40, 'train_loss': 0.1845, 'train_acc': 0.9081, 'task_loss': (0.0565, 0.128)}
{'epoch': 41, 'train_loss': 0.1653, 'train_acc': 0.9179, 'task_loss': (0.0539, 0.1114)}
{'epoch': 42, 'train_loss': 0.1909, 'train_acc': 0.9069, 'task_loss': (0.0628, 0.1281)}
{'epoch': 43, 'train_loss': 0.2218, 'train_acc': 0.8686, 'task_loss': (0.0728, 0.149)}
{'epoch': 44, 'train_loss': 0.2138, 'train_acc': 0.885, 'task_loss': (0.058, 0.1558)}
{'epoch': 45, 'train_loss': 0.1866, 'train_acc': 0.9015, 'task_loss': (0.0551, 0.1315)}
{'epoch': 46, 'train_loss': 0.223, 'train_acc': 0.896, 'task_loss': (0.0717, 0.1513)}
{'epoch': 47, 'train_loss': 0.1999, 'train_acc': 0.9015, 'task_loss': (0.0638, 0.1362)}
{'epoch': 48, 'train_loss': 0.2068, 'train_acc': 0.8942, 'task_loss': (0.0681, 0.1387)}
{'epoch': 49, 'train_loss': 0.1698, 'train_acc': 0.896, 'task_loss': (0.0316, 0.1382)}
{'epoch': 50, 'train_loss': 0.1399, 'train_acc': 0.9252, 'task_loss': (0.0448, 0.0951)}
{'epoch': 51, 'train_loss': 0.1712, 'train_acc': 0.9033, 'task_loss': (0.0548, 0.1165)}
{'epoch': 52, 'train_loss': 0.1229, 'train_acc': 0.9288, 'task_loss': (0.0303, 0.0925)}
{'epoch': 53, 'train_loss': 0.1301, 'train_acc': 0.9106, 'task_loss': (0.0323, 0.0978)}
{'epoch': 54, 'train_loss': 0.1059, 'train_acc': 0.938, 'task_loss': (0.0187, 0.0872)}
{'epoch': 55, 'train_loss': 0.1131, 'train_acc': 0.938, 'task_loss': (0.0226, 0.0905)}
{'epoch': 56, 'train_loss': 0.1541, 'train_acc': 0.9179, 'task_loss': (0.045, 0.1091)}
{'epoch': 57, 'train_loss': 0.121, 'train_acc': 0.938, 'task_loss': (0.0313, 0.0897)}
{'epoch': 58, 'train_loss': 0.1278, 'train_acc': 0.9398, 'task_loss': (0.037, 0.0908)}
{'epoch': 59, 'train_loss': 0.1191, 'train_acc': 0.9243, 'task_loss': (0.0172, 0.1019)}
{'epoch': 60, 'train_loss': 0.1198, 'train_acc': 0.9252, 'task_loss': (0.0311, 0.0887)}
{'epoch': 61, 'train_loss': 0.1506, 'train_acc': 0.9197, 'task_loss': (0.059, 0.0916)}
{'epoch': 62, 'train_loss': 0.1086, 'train_acc': 0.938, 'task_loss': (0.0224, 0.0862)}
{'epoch': 63, 'train_loss': 0.1206, 'train_acc': 0.9343, 'task_loss': (0.0387, 0.082)}
{'epoch': 64, 'train_loss': 0.0954, 'train_acc': 0.9489, 'task_loss': (0.0283, 0.0671)}
{'epoch': 65, 'train_loss': 0.0844, 'train_acc': 0.9507, 'task_loss': (0.0159, 0.0685)}
{'epoch': 66, 'train_loss': 0.1299, 'train_acc': 0.9416, 'task_loss': (0.0424, 0.0876)}
{'epoch': 67, 'train_loss': 0.1367, 'train_acc': 0.9215, 'task_loss': (0.0392, 0.0975)}
{'epoch': 68, 'train_loss': 0.0945, 'train_acc': 0.9507, 'task_loss': (0.0254, 0.0691)}
{'epoch': 69, 'train_loss': 0.0837, 'train_acc': 0.9489, 'task_loss': (0.0147, 0.069)}
{'epoch': 70, 'train_loss': 0.0924, 'train_acc': 0.9325, 'task_loss': (0.0073, 0.0852)}
{'epoch': 71, 'train_loss': 0.092, 'train_acc': 0.9489, 'task_loss': (0.0244, 0.0676)}
{'epoch': 72, 'train_loss': 0.1021, 'train_acc': 0.9507, 'task_loss': (0.0283, 0.0738)}
{'epoch': 73, 'train_loss': 0.0996, 'train_acc': 0.9416, 'task_loss': (0.0225, 0.0772)}
{'epoch': 74, 'train_loss': 0.052, 'train_acc': 0.9799, 'task_loss': (0.0126, 0.0394)}
{'epoch': 75, 'train_loss': 0.0795, 'train_acc': 0.9653, 'task_loss': (0.0189, 0.0606)}
{'epoch': 76, 'train_loss': 0.0715, 'train_acc': 0.9599, 'task_loss': (0.0142, 0.0574)}
{'epoch': 77, 'train_loss': 0.0669, 'train_acc': 0.9453, 'task_loss': (0.0101, 0.0568)}
{'epoch': 78, 'train_loss': 0.0566, 'train_acc': 0.9763, 'task_loss': (0.0121, 0.0445)}
{'epoch': 79, 'train_loss': 0.0647, 'train_acc': 0.9766, 'task_loss': (0.0157, 0.0491)}
{'epoch': 80, 'train_loss': 0.0704, 'train_acc': 0.9599, 'task_loss': (0.013, 0.0574)}
{'epoch': 81, 'train_loss': 0.0822, 'train_acc': 0.9599, 'task_loss': (0.0205, 0.0617)}
{'epoch': 82, 'train_loss': 0.0746, 'train_acc': 0.9562, 'task_loss': (0.0138, 0.0608)}
{'epoch': 83, 'train_loss': 0.0488, 'train_acc': 0.9781, 'task_loss': (0.0103, 0.0385)}
{'epoch': 84, 'train_loss': 0.0808, 'train_acc': 0.9617, 'task_loss': (0.0248, 0.0559)}
{'epoch': 85, 'train_loss': 0.0577, 'train_acc': 0.9745, 'task_loss': (0.0103, 0.0473)}
{'epoch': 86, 'train_loss': 0.0682, 'train_acc': 0.969, 'task_loss': (0.0172, 0.051)}
{'epoch': 87, 'train_loss': 0.071, 'train_acc': 0.969, 'task_loss': (0.0151, 0.0559)}
{'epoch': 88, 'train_loss': 0.0728, 'train_acc': 0.9599, 'task_loss': (0.0178, 0.0549)}
{'epoch': 89, 'train_loss': 0.0885, 'train_acc': 0.9562, 'task_loss': (0.0241, 0.0644)}
{'epoch': 90, 'train_loss': 0.0685, 'train_acc': 0.958, 'task_loss': (0.0116, 0.0569)}
{'epoch': 91, 'train_loss': 0.0635, 'train_acc': 0.9799, 'task_loss': (0.0242, 0.0392)}
{'epoch': 92, 'train_loss': 0.0654, 'train_acc': 0.9653, 'task_loss': (0.0108, 0.0546)}
{'epoch': 93, 'train_loss': 0.0826, 'train_acc': 0.9672, 'task_loss': (0.025, 0.0576)}
{'epoch': 94, 'train_loss': 0.1086, 'train_acc': 0.9526, 'task_loss': (0.0496, 0.059)}
{'epoch': 95, 'train_loss': 0.0599, 'train_acc': 0.9799, 'task_loss': (0.0139, 0.046)}
{'epoch': 96, 'train_loss': 0.0664, 'train_acc': 0.9635, 'task_loss': (0.0125, 0.0539)}
{'epoch': 97, 'train_loss': 0.0508, 'train_acc': 0.9781, 'task_loss': (0.0086, 0.0422)}
{'epoch': 98, 'train_loss': 0.0677, 'train_acc': 0.9694, 'task_loss': (0.0269, 0.0408)}
{'epoch': 99, 'train_loss': 0.0696, 'train_acc': 0.969, 'task_loss': (0.0173, 0.0524)}
{'epoch': 100, 'train_loss': 0.0574, 'train_acc': 0.9781, 'task_loss': (0.0138, 0.0436)}
{'run_num': 7, 'final_test_err': 0.11975000000000002}
Files already downloaded and verified
Files already downloaded and verified
{'epoch': 1, 'train_loss': 0.9974, 'train_acc': 0.582, 'task_loss': (0.5016, 0.4958)}
{'epoch': 2, 'train_loss': 0.9169, 'train_acc': 0.6241, 'task_loss': (0.4538, 0.4631)}
{'epoch': 3, 'train_loss': 0.7641, 'train_acc': 0.6843, 'task_loss': (0.398, 0.3661)}
{'epoch': 4, 'train_loss': 0.6847, 'train_acc': 0.7245, 'task_loss': (0.3719, 0.3128)}
{'epoch': 5, 'train_loss': 0.7211, 'train_acc': 0.7062, 'task_loss': (0.379, 0.3421)}
{'epoch': 6, 'train_loss': 0.5069, 'train_acc': 0.7372, 'task_loss': (0.1961, 0.3107)}
{'epoch': 7, 'train_loss': 0.502, 'train_acc': 0.7701, 'task_loss': (0.203, 0.2989)}
{'epoch': 8, 'train_loss': 0.4905, 'train_acc': 0.781, 'task_loss': (0.2307, 0.2599)}
{'epoch': 9, 'train_loss': 0.5704, 'train_acc': 0.7536, 'task_loss': (0.2921, 0.2782)}
{'epoch': 10, 'train_loss': 0.4316, 'train_acc': 0.7755, 'task_loss': (0.165, 0.2666)}
{'epoch': 11, 'train_loss': 0.4058, 'train_acc': 0.7938, 'task_loss': (0.1526, 0.2531)}
{'epoch': 12, 'train_loss': 0.5226, 'train_acc': 0.7774, 'task_loss': (0.2591, 0.2635)}
{'epoch': 13, 'train_loss': 0.3617, 'train_acc': 0.8011, 'task_loss': (0.1346, 0.2271)}
{'epoch': 14, 'train_loss': 0.3734, 'train_acc': 0.7974, 'task_loss': (0.1396, 0.2338)}
{'epoch': 15, 'train_loss': 0.3738, 'train_acc': 0.8266, 'task_loss': (0.1672, 0.2066)}
{'epoch': 16, 'train_loss': 0.365, 'train_acc': 0.8102, 'task_loss': (0.1278, 0.2371)}
{'epoch': 17, 'train_loss': 0.3927, 'train_acc': 0.8139, 'task_loss': (0.1558, 0.2368)}
{'epoch': 18, 'train_loss': 0.4259, 'train_acc': 0.8029, 'task_loss': (0.1819, 0.244)}
{'epoch': 19, 'train_loss': 0.3345, 'train_acc': 0.8047, 'task_loss': (0.1144, 0.2201)}
{'epoch': 20, 'train_loss': 0.3813, 'train_acc': 0.8, 'task_loss': (0.1415, 0.2397)}
{'epoch': 21, 'train_loss': 0.3543, 'train_acc': 0.8394, 'task_loss': (0.1509, 0.2034)}
{'epoch': 22, 'train_loss': 0.3203, 'train_acc': 0.823, 'task_loss': (0.1165, 0.2038)}
{'epoch': 23, 'train_loss': 0.293, 'train_acc': 0.8595, 'task_loss': (0.1291, 0.1639)}
{'epoch': 24, 'train_loss': 0.2997, 'train_acc': 0.8704, 'task_loss': (0.121, 0.1787)}
{'epoch': 25, 'train_loss': 0.2973, 'train_acc': 0.8485, 'task_loss': (0.1131, 0.1842)}
{'epoch': 26, 'train_loss': 0.3059, 'train_acc': 0.8358, 'task_loss': (0.1121, 0.1938)}
{'epoch': 27, 'train_loss': 0.266, 'train_acc': 0.8558, 'task_loss': (0.076, 0.19)}
{'epoch': 28, 'train_loss': 0.2161, 'train_acc': 0.8577, 'task_loss': (0.0493, 0.1668)}
{'epoch': 29, 'train_loss': 0.2752, 'train_acc': 0.8577, 'task_loss': (0.0988, 0.1765)}
{'epoch': 30, 'train_loss': 0.2544, 'train_acc': 0.8777, 'task_loss': (0.0932, 0.1612)}
{'epoch': 31, 'train_loss': 0.2892, 'train_acc': 0.8394, 'task_loss': (0.1013, 0.1879)}
{'epoch': 32, 'train_loss': 0.2637, 'train_acc': 0.8796, 'task_loss': (0.1002, 0.1635)}
{'epoch': 33, 'train_loss': 0.2357, 'train_acc': 0.8814, 'task_loss': (0.0835, 0.1523)}
{'epoch': 34, 'train_loss': 0.2792, 'train_acc': 0.865, 'task_loss': (0.1114, 0.1679)}
{'epoch': 35, 'train_loss': 0.2477, 'train_acc': 0.8796, 'task_loss': (0.0732, 0.1745)}
{'epoch': 36, 'train_loss': 0.2296, 'train_acc': 0.8741, 'task_loss': (0.0595, 0.1701)}
{'epoch': 37, 'train_loss': 0.2039, 'train_acc': 0.8759, 'task_loss': (0.0503, 0.1536)}
{'epoch': 38, 'train_loss': 0.1756, 'train_acc': 0.8905, 'task_loss': (0.0432, 0.1324)}
{'epoch': 39, 'train_loss': 0.2012, 'train_acc': 0.896, 'task_loss': (0.0676, 0.1336)}
{'epoch': 40, 'train_loss': 0.2847, 'train_acc': 0.8685, 'task_loss': (0.1302, 0.1545)}
{'epoch': 41, 'train_loss': 0.1821, 'train_acc': 0.8869, 'task_loss': (0.0476, 0.1345)}
{'epoch': 42, 'train_loss': 0.2461, 'train_acc': 0.8723, 'task_loss': (0.0779, 0.1682)}
{'epoch': 43, 'train_loss': 0.1781, 'train_acc': 0.9161, 'task_loss': (0.0554, 0.1227)}
{'epoch': 44, 'train_loss': 0.2047, 'train_acc': 0.896, 'task_loss': (0.0661, 0.1386)}
{'epoch': 45, 'train_loss': 0.1953, 'train_acc': 0.8869, 'task_loss': (0.0617, 0.1337)}
{'epoch': 46, 'train_loss': 0.2031, 'train_acc': 0.8905, 'task_loss': (0.0666, 0.1365)}
{'epoch': 47, 'train_loss': 0.1897, 'train_acc': 0.8978, 'task_loss': (0.0505, 0.1392)}
{'epoch': 48, 'train_loss': 0.1864, 'train_acc': 0.8996, 'task_loss': (0.0602, 0.1262)}
{'epoch': 49, 'train_loss': 0.1579, 'train_acc': 0.9161, 'task_loss': (0.0559, 0.102)}
{'epoch': 50, 'train_loss': 0.188, 'train_acc': 0.9215, 'task_loss': (0.0787, 0.1092)}
{'epoch': 51, 'train_loss': 0.1661, 'train_acc': 0.9088, 'task_loss': (0.0521, 0.114)}
{'epoch': 52, 'train_loss': 0.142, 'train_acc': 0.9142, 'task_loss': (0.031, 0.111)}
{'epoch': 53, 'train_loss': 0.1409, 'train_acc': 0.9288, 'task_loss': (0.0325, 0.1084)}
{'epoch': 54, 'train_loss': 0.1413, 'train_acc': 0.9343, 'task_loss': (0.0461, 0.0952)}
{'epoch': 55, 'train_loss': 0.109, 'train_acc': 0.9416, 'task_loss': (0.0252, 0.0838)}
{'epoch': 56, 'train_loss': 0.1116, 'train_acc': 0.938, 'task_loss': (0.016, 0.0956)}
{'epoch': 57, 'train_loss': 0.1243, 'train_acc': 0.9361, 'task_loss': (0.0426, 0.0817)}
{'epoch': 58, 'train_loss': 0.1633, 'train_acc': 0.938, 'task_loss': (0.0799, 0.0834)}
{'epoch': 59, 'train_loss': 0.1327, 'train_acc': 0.9351, 'task_loss': (0.032, 0.1008)}
{'epoch': 60, 'train_loss': 0.153, 'train_acc': 0.9161, 'task_loss': (0.0393, 0.1138)}
{'epoch': 61, 'train_loss': 0.1071, 'train_acc': 0.9416, 'task_loss': (0.0203, 0.0867)}
{'epoch': 62, 'train_loss': 0.1315, 'train_acc': 0.9343, 'task_loss': (0.0382, 0.0933)}
{'epoch': 63, 'train_loss': 0.1029, 'train_acc': 0.9471, 'task_loss': (0.027, 0.0759)}
{'epoch': 64, 'train_loss': 0.1183, 'train_acc': 0.9416, 'task_loss': (0.039, 0.0792)}
{'epoch': 65, 'train_loss': 0.1247, 'train_acc': 0.9252, 'task_loss': (0.0386, 0.086)}
{'epoch': 66, 'train_loss': 0.0851, 'train_acc': 0.9489, 'task_loss': (0.0118, 0.0734)}
{'epoch': 67, 'train_loss': 0.0928, 'train_acc': 0.9471, 'task_loss': (0.0155, 0.0773)}
{'epoch': 68, 'train_loss': 0.0874, 'train_acc': 0.9617, 'task_loss': (0.0246, 0.0628)}
{'epoch': 69, 'train_loss': 0.1036, 'train_acc': 0.9453, 'task_loss': (0.038, 0.0656)}
{'epoch': 70, 'train_loss': 0.1044, 'train_acc': 0.9526, 'task_loss': (0.0173, 0.087)}
{'epoch': 71, 'train_loss': 0.1009, 'train_acc': 0.9453, 'task_loss': (0.0136, 0.0873)}
{'epoch': 72, 'train_loss': 0.0894, 'train_acc': 0.9507, 'task_loss': (0.023, 0.0663)}
{'epoch': 73, 'train_loss': 0.0852, 'train_acc': 0.9507, 'task_loss': (0.0214, 0.0638)}
{'epoch': 74, 'train_loss': 0.0784, 'train_acc': 0.9526, 'task_loss': (0.0118, 0.0665)}
{'epoch': 75, 'train_loss': 0.0897, 'train_acc': 0.9544, 'task_loss': (0.021, 0.0687)}
{'epoch': 76, 'train_loss': 0.1003, 'train_acc': 0.9325, 'task_loss': (0.0275, 0.0729)}
{'epoch': 77, 'train_loss': 0.0971, 'train_acc': 0.9562, 'task_loss': (0.0378, 0.0593)}
{'epoch': 78, 'train_loss': 0.0864, 'train_acc': 0.9544, 'task_loss': (0.0094, 0.077)}
{'epoch': 79, 'train_loss': 0.0722, 'train_acc': 0.9622, 'task_loss': (0.0117, 0.0605)}
{'epoch': 80, 'train_loss': 0.0879, 'train_acc': 0.9398, 'task_loss': (0.0157, 0.0722)}
{'epoch': 81, 'train_loss': 0.0782, 'train_acc': 0.958, 'task_loss': (0.0128, 0.0655)}
{'epoch': 82, 'train_loss': 0.0867, 'train_acc': 0.9416, 'task_loss': (0.0162, 0.0705)}
{'epoch': 83, 'train_loss': 0.0701, 'train_acc': 0.9708, 'task_loss': (0.0161, 0.0539)}
{'epoch': 84, 'train_loss': 0.0757, 'train_acc': 0.9617, 'task_loss': (0.0161, 0.0596)}
{'epoch': 85, 'train_loss': 0.0759, 'train_acc': 0.9617, 'task_loss': (0.0109, 0.065)}
{'epoch': 86, 'train_loss': 0.0644, 'train_acc': 0.9708, 'task_loss': (0.0122, 0.0522)}
{'epoch': 87, 'train_loss': 0.0758, 'train_acc': 0.9471, 'task_loss': (0.0123, 0.0635)}
{'epoch': 88, 'train_loss': 0.092, 'train_acc': 0.958, 'task_loss': (0.0232, 0.0688)}
{'epoch': 89, 'train_loss': 0.0805, 'train_acc': 0.9617, 'task_loss': (0.0322, 0.0483)}
{'epoch': 90, 'train_loss': 0.0782, 'train_acc': 0.9562, 'task_loss': (0.015, 0.0632)}
{'epoch': 91, 'train_loss': 0.0742, 'train_acc': 0.9544, 'task_loss': (0.0097, 0.0644)}
{'epoch': 92, 'train_loss': 0.0631, 'train_acc': 0.9672, 'task_loss': (0.0177, 0.0453)}
{'epoch': 93, 'train_loss': 0.0789, 'train_acc': 0.9453, 'task_loss': (0.0108, 0.0681)}
{'epoch': 94, 'train_loss': 0.081, 'train_acc': 0.9672, 'task_loss': (0.0151, 0.0658)}
{'epoch': 95, 'train_loss': 0.1004, 'train_acc': 0.9416, 'task_loss': (0.0225, 0.0779)}
{'epoch': 96, 'train_loss': 0.0715, 'train_acc': 0.9653, 'task_loss': (0.0133, 0.0582)}
{'epoch': 97, 'train_loss': 0.0716, 'train_acc': 0.9745, 'task_loss': (0.0242, 0.0474)}
{'epoch': 98, 'train_loss': 0.0613, 'train_acc': 0.9712, 'task_loss': (0.0055, 0.0558)}
{'epoch': 99, 'train_loss': 0.0674, 'train_acc': 0.9599, 'task_loss': (0.0083, 0.0591)}
{'epoch': 100, 'train_loss': 0.0932, 'train_acc': 0.9471, 'task_loss': (0.0123, 0.0809)}
{'run_num': 8, 'final_test_err': 0.127}
Files already downloaded and verified
Files already downloaded and verified
{'epoch': 1, 'train_loss': 0.93, 'train_acc': 0.5856, 'task_loss': (0.4724, 0.4575)}
{'epoch': 2, 'train_loss': 0.7557, 'train_acc': 0.688, 'task_loss': (0.3563, 0.3994)}
{'epoch': 3, 'train_loss': 0.8551, 'train_acc': 0.6515, 'task_loss': (0.4617, 0.3935)}
{'epoch': 4, 'train_loss': 0.664, 'train_acc': 0.7208, 'task_loss': (0.3193, 0.3447)}
{'epoch': 5, 'train_loss': 0.6097, 'train_acc': 0.7153, 'task_loss': (0.2995, 0.3102)}
{'epoch': 6, 'train_loss': 0.5837, 'train_acc': 0.7573, 'task_loss': (0.2928, 0.291)}
{'epoch': 7, 'train_loss': 0.5215, 'train_acc': 0.7299, 'task_loss': (0.2225, 0.2991)}
{'epoch': 8, 'train_loss': 0.5757, 'train_acc': 0.7628, 'task_loss': (0.2799, 0.2958)}
{'epoch': 9, 'train_loss': 0.4793, 'train_acc': 0.7792, 'task_loss': (0.2316, 0.2477)}
{'epoch': 10, 'train_loss': 0.4862, 'train_acc': 0.7409, 'task_loss': (0.2193, 0.2669)}
{'epoch': 11, 'train_loss': 0.4273, 'train_acc': 0.8102, 'task_loss': (0.2047, 0.2226)}
{'epoch': 12, 'train_loss': 0.31, 'train_acc': 0.8303, 'task_loss': (0.0971, 0.2129)}
{'epoch': 13, 'train_loss': 0.4367, 'train_acc': 0.7865, 'task_loss': (0.1752, 0.2615)}
{'epoch': 14, 'train_loss': 0.4323, 'train_acc': 0.7956, 'task_loss': (0.1666, 0.2656)}
{'epoch': 15, 'train_loss': 0.3828, 'train_acc': 0.7938, 'task_loss': (0.1343, 0.2485)}
{'epoch': 16, 'train_loss': 0.3814, 'train_acc': 0.8047, 'task_loss': (0.1683, 0.2131)}
{'epoch': 17, 'train_loss': 0.4455, 'train_acc': 0.7993, 'task_loss': (0.2187, 0.2268)}
{'epoch': 18, 'train_loss': 0.4203, 'train_acc': 0.8321, 'task_loss': (0.217, 0.2033)}
{'epoch': 19, 'train_loss': 0.4247, 'train_acc': 0.8212, 'task_loss': (0.213, 0.2117)}
{'epoch': 20, 'train_loss': 0.3172, 'train_acc': 0.8306, 'task_loss': (0.1183, 0.1989)}
{'epoch': 21, 'train_loss': 0.3713, 'train_acc': 0.8175, 'task_loss': (0.1401, 0.2313)}
{'epoch': 22, 'train_loss': 0.3776, 'train_acc': 0.8285, 'task_loss': (0.136, 0.2416)}
{'epoch': 23, 'train_loss': 0.3447, 'train_acc': 0.8248, 'task_loss': (0.1314, 0.2133)}
{'epoch': 24, 'train_loss': 0.3027, 'train_acc': 0.8504, 'task_loss': (0.12, 0.1827)}
{'epoch': 25, 'train_loss': 0.3355, 'train_acc': 0.8212, 'task_loss': (0.137, 0.1985)}
{'epoch': 26, 'train_loss': 0.324, 'train_acc': 0.8339, 'task_loss': (0.1323, 0.1917)}
{'epoch': 27, 'train_loss': 0.2592, 'train_acc': 0.8485, 'task_loss': (0.0691, 0.1901)}
{'epoch': 28, 'train_loss': 0.3374, 'train_acc': 0.8412, 'task_loss': (0.1454, 0.192)}
{'epoch': 29, 'train_loss': 0.3024, 'train_acc': 0.8504, 'task_loss': (0.128, 0.1745)}
{'epoch': 30, 'train_loss': 0.2823, 'train_acc': 0.8522, 'task_loss': (0.089, 0.1933)}
{'epoch': 31, 'train_loss': 0.265, 'train_acc': 0.8631, 'task_loss': (0.1057, 0.1594)}
{'epoch': 32, 'train_loss': 0.2436, 'train_acc': 0.8595, 'task_loss': (0.0621, 0.1815)}
{'epoch': 33, 'train_loss': 0.2356, 'train_acc': 0.8741, 'task_loss': (0.0811, 0.1545)}
{'epoch': 34, 'train_loss': 0.2229, 'train_acc': 0.896, 'task_loss': (0.0772, 0.1457)}
{'epoch': 35, 'train_loss': 0.2403, 'train_acc': 0.8686, 'task_loss': (0.0816, 0.1587)}
{'epoch': 36, 'train_loss': 0.2611, 'train_acc': 0.8777, 'task_loss': (0.0874, 0.1737)}
{'epoch': 37, 'train_loss': 0.2354, 'train_acc': 0.8668, 'task_loss': (0.0725, 0.1629)}
{'epoch': 38, 'train_loss': 0.2096, 'train_acc': 0.8869, 'task_loss': (0.0686, 0.1411)}
{'epoch': 39, 'train_loss': 0.2877, 'train_acc': 0.8595, 'task_loss': (0.1095, 0.1782)}
{'epoch': 40, 'train_loss': 0.2023, 'train_acc': 0.8901, 'task_loss': (0.057, 0.1454)}
{'epoch': 41, 'train_loss': 0.2218, 'train_acc': 0.896, 'task_loss': (0.0767, 0.1451)}
{'epoch': 42, 'train_loss': 0.2138, 'train_acc': 0.9106, 'task_loss': (0.0911, 0.1228)}
{'epoch': 43, 'train_loss': 0.2123, 'train_acc': 0.8668, 'task_loss': (0.0639, 0.1484)}
{'epoch': 44, 'train_loss': 0.1784, 'train_acc': 0.9088, 'task_loss': (0.0552, 0.1233)}
{'epoch': 45, 'train_loss': 0.2574, 'train_acc': 0.865, 'task_loss': (0.095, 0.1624)}
{'epoch': 46, 'train_loss': 0.2011, 'train_acc': 0.8996, 'task_loss': (0.0653, 0.1359)}
{'epoch': 47, 'train_loss': 0.1972, 'train_acc': 0.8996, 'task_loss': (0.0656, 0.1316)}
{'epoch': 48, 'train_loss': 0.1818, 'train_acc': 0.9088, 'task_loss': (0.0449, 0.1368)}
{'epoch': 49, 'train_loss': 0.1473, 'train_acc': 0.927, 'task_loss': (0.0367, 0.1106)}
{'epoch': 50, 'train_loss': 0.2039, 'train_acc': 0.896, 'task_loss': (0.0851, 0.1188)}
{'epoch': 51, 'train_loss': 0.1545, 'train_acc': 0.896, 'task_loss': (0.0347, 0.1198)}
{'epoch': 52, 'train_loss': 0.1449, 'train_acc': 0.9088, 'task_loss': (0.0292, 0.1157)}
{'epoch': 53, 'train_loss': 0.1505, 'train_acc': 0.9215, 'task_loss': (0.0428, 0.1077)}
{'epoch': 54, 'train_loss': 0.1705, 'train_acc': 0.896, 'task_loss': (0.0523, 0.1182)}
{'epoch': 55, 'train_loss': 0.1619, 'train_acc': 0.9197, 'task_loss': (0.0454, 0.1165)}
{'epoch': 56, 'train_loss': 0.1618, 'train_acc': 0.9179, 'task_loss': (0.0626, 0.0992)}
{'epoch': 57, 'train_loss': 0.1868, 'train_acc': 0.8978, 'task_loss': (0.0602, 0.1266)}
{'epoch': 58, 'train_loss': 0.1665, 'train_acc': 0.9015, 'task_loss': (0.0453, 0.1212)}
{'epoch': 59, 'train_loss': 0.1673, 'train_acc': 0.9261, 'task_loss': (0.058, 0.1093)}
{'epoch': 60, 'train_loss': 0.115, 'train_acc': 0.9361, 'task_loss': (0.0245, 0.0906)}
{'epoch': 61, 'train_loss': 0.1361, 'train_acc': 0.9398, 'task_loss': (0.0464, 0.0897)}
{'epoch': 62, 'train_loss': 0.1409, 'train_acc': 0.9398, 'task_loss': (0.0471, 0.0938)}
{'epoch': 63, 'train_loss': 0.1021, 'train_acc': 0.9416, 'task_loss': (0.0257, 0.0765)}
{'epoch': 64, 'train_loss': 0.1459, 'train_acc': 0.9215, 'task_loss': (0.0421, 0.1038)}
{'epoch': 65, 'train_loss': 0.0965, 'train_acc': 0.9471, 'task_loss': (0.0144, 0.0821)}
{'epoch': 66, 'train_loss': 0.1024, 'train_acc': 0.9434, 'task_loss': (0.0171, 0.0852)}
{'epoch': 67, 'train_loss': 0.1053, 'train_acc': 0.9325, 'task_loss': (0.017, 0.0883)}
{'epoch': 68, 'train_loss': 0.1374, 'train_acc': 0.9234, 'task_loss': (0.0438, 0.0936)}
{'epoch': 69, 'train_loss': 0.096, 'train_acc': 0.9544, 'task_loss': (0.0219, 0.0741)}
{'epoch': 70, 'train_loss': 0.1099, 'train_acc': 0.9471, 'task_loss': (0.0383, 0.0716)}
{'epoch': 71, 'train_loss': 0.1176, 'train_acc': 0.9325, 'task_loss': (0.0285, 0.0891)}
{'epoch': 72, 'train_loss': 0.0964, 'train_acc': 0.9416, 'task_loss': (0.0179, 0.0785)}
{'epoch': 73, 'train_loss': 0.069, 'train_acc': 0.9617, 'task_loss': (0.0108, 0.0582)}
{'epoch': 74, 'train_loss': 0.0912, 'train_acc': 0.9471, 'task_loss': (0.0122, 0.079)}
{'epoch': 75, 'train_loss': 0.0771, 'train_acc': 0.9434, 'task_loss': (0.0089, 0.0682)}
{'epoch': 76, 'train_loss': 0.0748, 'train_acc': 0.9635, 'task_loss': (0.018, 0.0568)}
{'epoch': 77, 'train_loss': 0.0858, 'train_acc': 0.9343, 'task_loss': (0.0092, 0.0766)}
{'epoch': 78, 'train_loss': 0.0795, 'train_acc': 0.9489, 'task_loss': (0.0093, 0.0702)}
{'epoch': 79, 'train_loss': 0.0779, 'train_acc': 0.9532, 'task_loss': (0.0124, 0.0655)}
{'epoch': 80, 'train_loss': 0.0786, 'train_acc': 0.9526, 'task_loss': (0.0188, 0.0598)}
{'epoch': 81, 'train_loss': 0.073, 'train_acc': 0.9708, 'task_loss': (0.0202, 0.0528)}
{'epoch': 82, 'train_loss': 0.0629, 'train_acc': 0.9708, 'task_loss': (0.0107, 0.0522)}
{'epoch': 83, 'train_loss': 0.084, 'train_acc': 0.9507, 'task_loss': (0.0195, 0.0645)}
{'epoch': 84, 'train_loss': 0.1103, 'train_acc': 0.9453, 'task_loss': (0.0323, 0.078)}
{'epoch': 85, 'train_loss': 0.0742, 'train_acc': 0.9562, 'task_loss': (0.0104, 0.0638)}
{'epoch': 86, 'train_loss': 0.0673, 'train_acc': 0.9544, 'task_loss': (0.0093, 0.058)}
{'epoch': 87, 'train_loss': 0.0663, 'train_acc': 0.9708, 'task_loss': (0.0119, 0.0544)}
{'epoch': 88, 'train_loss': 0.0748, 'train_acc': 0.9544, 'task_loss': (0.0115, 0.0633)}
{'epoch': 89, 'train_loss': 0.0899, 'train_acc': 0.9507, 'task_loss': (0.0168, 0.0731)}
{'epoch': 90, 'train_loss': 0.0623, 'train_acc': 0.9653, 'task_loss': (0.011, 0.0513)}
{'epoch': 91, 'train_loss': 0.0694, 'train_acc': 0.9653, 'task_loss': (0.0113, 0.0581)}
{'epoch': 92, 'train_loss': 0.0722, 'train_acc': 0.9489, 'task_loss': (0.0081, 0.0641)}
{'epoch': 93, 'train_loss': 0.0612, 'train_acc': 0.9726, 'task_loss': (0.0157, 0.0455)}
{'epoch': 94, 'train_loss': 0.0601, 'train_acc': 0.9635, 'task_loss': (0.0081, 0.052)}
{'epoch': 95, 'train_loss': 0.0869, 'train_acc': 0.938, 'task_loss': (0.0087, 0.0782)}
{'epoch': 96, 'train_loss': 0.0913, 'train_acc': 0.958, 'task_loss': (0.0286, 0.0627)}
{'epoch': 97, 'train_loss': 0.0727, 'train_acc': 0.9672, 'task_loss': (0.0185, 0.0543)}
{'epoch': 98, 'train_loss': 0.0754, 'train_acc': 0.964, 'task_loss': (0.0167, 0.0587)}
{'epoch': 99, 'train_loss': 0.0692, 'train_acc': 0.9726, 'task_loss': (0.0177, 0.0515)}
{'epoch': 100, 'train_loss': 0.0896, 'train_acc': 0.9471, 'task_loss': (0.0162, 0.0733)}
{'run_num': 9, 'final_test_err': 0.12975000000000003}
{'avg_err': 0.1265, 'std_err': 0.006}
