{'deploy': True, 'tag': '02_beta/ta_sampler_loss', 'seed': 10, 'device': 'cuda:0', 'reps': 10, 'loss': {'alpha': 0.5, 'tune_alpha': False, 'group_task_loss': True}, 'task': {'dataset': 'split_cifar10', 'task_map': [[0, 1], [2, 3], [4, 5], [6, 7], [8, 9]], 'target': 0, 'ood': [4], 'augment': True, 'n': 50, 'm_n': 5, 'beta': 0.2, 'custom_sampler': True}, 'hp': {'epochs': 100, 'bs': 16, 'lr': 0.01}, 'net': 'conv'}
Files already downloaded and verified
Files already downloaded and verified
{'epoch': 1, 'train_loss': 0.9613, 'train_acc': 0.5877, 'task_loss': (0.4662, 0.4951)}
{'epoch': 2, 'train_loss': 0.7017, 'train_acc': 0.6831, 'task_loss': (0.3402, 0.3615)}
{'epoch': 3, 'train_loss': 0.6553, 'train_acc': 0.725, 'task_loss': (0.34, 0.3153)}
{'epoch': 4, 'train_loss': 0.5777, 'train_acc': 0.725, 'task_loss': (0.2515, 0.3262)}
{'epoch': 5, 'train_loss': 0.5399, 'train_acc': 0.7541, 'task_loss': (0.2703, 0.2696)}
{'epoch': 6, 'train_loss': 0.5615, 'train_acc': 0.7577, 'task_loss': (0.2548, 0.3067)}
{'epoch': 7, 'train_loss': 0.4221, 'train_acc': 0.7851, 'task_loss': (0.1668, 0.2552)}
{'epoch': 8, 'train_loss': 0.5031, 'train_acc': 0.7668, 'task_loss': (0.2396, 0.2636)}
{'epoch': 9, 'train_loss': 0.4594, 'train_acc': 0.8047, 'task_loss': (0.234, 0.2254)}
{'epoch': 10, 'train_loss': 0.4152, 'train_acc': 0.7796, 'task_loss': (0.1534, 0.2618)}
{'epoch': 11, 'train_loss': 0.4139, 'train_acc': 0.796, 'task_loss': (0.1655, 0.2483)}
{'epoch': 12, 'train_loss': 0.4232, 'train_acc': 0.7861, 'task_loss': (0.1638, 0.2593)}
{'epoch': 13, 'train_loss': 0.4116, 'train_acc': 0.796, 'task_loss': (0.1787, 0.2329)}
{'epoch': 14, 'train_loss': 0.4275, 'train_acc': 0.796, 'task_loss': (0.1755, 0.2521)}
{'epoch': 15, 'train_loss': 0.3986, 'train_acc': 0.8197, 'task_loss': (0.1705, 0.2281)}
{'epoch': 16, 'train_loss': 0.3577, 'train_acc': 0.827, 'task_loss': (0.1347, 0.2231)}
{'epoch': 17, 'train_loss': 0.3379, 'train_acc': 0.8318, 'task_loss': (0.1207, 0.2172)}
{'epoch': 18, 'train_loss': 0.337, 'train_acc': 0.8397, 'task_loss': (0.1371, 0.1999)}
{'epoch': 19, 'train_loss': 0.3572, 'train_acc': 0.8197, 'task_loss': (0.1218, 0.2353)}
{'epoch': 20, 'train_loss': 0.2936, 'train_acc': 0.8452, 'task_loss': (0.0841, 0.2095)}
{'epoch': 21, 'train_loss': 0.2729, 'train_acc': 0.8579, 'task_loss': (0.0979, 0.175)}
{'epoch': 22, 'train_loss': 0.2523, 'train_acc': 0.8871, 'task_loss': (0.101, 0.1514)}
{'epoch': 23, 'train_loss': 0.2707, 'train_acc': 0.8464, 'task_loss': (0.0749, 0.1958)}
{'epoch': 24, 'train_loss': 0.3114, 'train_acc': 0.8379, 'task_loss': (0.1304, 0.181)}
{'epoch': 25, 'train_loss': 0.2277, 'train_acc': 0.8689, 'task_loss': (0.0735, 0.1542)}
{'epoch': 26, 'train_loss': 0.2231, 'train_acc': 0.8861, 'task_loss': (0.0588, 0.1643)}
{'epoch': 27, 'train_loss': 0.2836, 'train_acc': 0.8634, 'task_loss': (0.1056, 0.178)}
{'epoch': 28, 'train_loss': 0.2135, 'train_acc': 0.8925, 'task_loss': (0.0472, 0.1664)}
{'epoch': 29, 'train_loss': 0.2237, 'train_acc': 0.8962, 'task_loss': (0.0835, 0.1402)}
{'epoch': 30, 'train_loss': 0.172, 'train_acc': 0.9053, 'task_loss': (0.0508, 0.1212)}
{'epoch': 31, 'train_loss': 0.3041, 'train_acc': 0.8707, 'task_loss': (0.1491, 0.155)}
{'epoch': 32, 'train_loss': 0.2483, 'train_acc': 0.8652, 'task_loss': (0.0665, 0.1818)}
{'epoch': 33, 'train_loss': 0.2517, 'train_acc': 0.8816, 'task_loss': (0.0921, 0.1595)}
{'epoch': 34, 'train_loss': 0.2343, 'train_acc': 0.8911, 'task_loss': (0.0988, 0.1356)}
{'epoch': 35, 'train_loss': 0.1886, 'train_acc': 0.9035, 'task_loss': (0.0601, 0.1285)}
{'epoch': 36, 'train_loss': 0.1902, 'train_acc': 0.8834, 'task_loss': (0.0437, 0.1465)}
{'epoch': 37, 'train_loss': 0.2218, 'train_acc': 0.8962, 'task_loss': (0.0797, 0.1422)}
{'epoch': 38, 'train_loss': 0.185, 'train_acc': 0.8998, 'task_loss': (0.0483, 0.1367)}
{'epoch': 39, 'train_loss': 0.1818, 'train_acc': 0.9071, 'task_loss': (0.0417, 0.1402)}
{'epoch': 40, 'train_loss': 0.2158, 'train_acc': 0.898, 'task_loss': (0.0833, 0.1325)}
{'epoch': 41, 'train_loss': 0.2077, 'train_acc': 0.898, 'task_loss': (0.0721, 0.1355)}
{'epoch': 42, 'train_loss': 0.1863, 'train_acc': 0.9126, 'task_loss': (0.053, 0.1333)}
{'epoch': 43, 'train_loss': 0.1551, 'train_acc': 0.9241, 'task_loss': (0.0464, 0.1087)}
{'epoch': 44, 'train_loss': 0.1633, 'train_acc': 0.9326, 'task_loss': (0.0719, 0.0915)}
{'epoch': 45, 'train_loss': 0.1325, 'train_acc': 0.9326, 'task_loss': (0.0402, 0.0923)}
{'epoch': 46, 'train_loss': 0.1499, 'train_acc': 0.936, 'task_loss': (0.038, 0.112)}
{'epoch': 47, 'train_loss': 0.1514, 'train_acc': 0.9308, 'task_loss': (0.0466, 0.1048)}
{'epoch': 48, 'train_loss': 0.1326, 'train_acc': 0.9271, 'task_loss': (0.0371, 0.0955)}
{'epoch': 49, 'train_loss': 0.091, 'train_acc': 0.9508, 'task_loss': (0.0196, 0.0714)}
{'epoch': 50, 'train_loss': 0.1243, 'train_acc': 0.9362, 'task_loss': (0.0234, 0.1009)}
{'epoch': 51, 'train_loss': 0.1113, 'train_acc': 0.9458, 'task_loss': (0.0249, 0.0864)}
{'epoch': 52, 'train_loss': 0.1081, 'train_acc': 0.9326, 'task_loss': (0.0304, 0.0776)}
{'epoch': 53, 'train_loss': 0.12, 'train_acc': 0.9454, 'task_loss': (0.037, 0.083)}
{'epoch': 54, 'train_loss': 0.0964, 'train_acc': 0.9545, 'task_loss': (0.0275, 0.0688)}
{'epoch': 55, 'train_loss': 0.1274, 'train_acc': 0.9253, 'task_loss': (0.029, 0.0984)}
{'epoch': 56, 'train_loss': 0.0961, 'train_acc': 0.9508, 'task_loss': (0.0117, 0.0845)}
{'epoch': 57, 'train_loss': 0.0962, 'train_acc': 0.9543, 'task_loss': (0.0137, 0.0825)}
{'epoch': 58, 'train_loss': 0.0936, 'train_acc': 0.9526, 'task_loss': (0.0258, 0.0678)}
{'epoch': 59, 'train_loss': 0.0981, 'train_acc': 0.9476, 'task_loss': (0.0159, 0.0822)}
{'epoch': 60, 'train_loss': 0.109, 'train_acc': 0.9435, 'task_loss': (0.0312, 0.0778)}
{'epoch': 61, 'train_loss': 0.0815, 'train_acc': 0.9617, 'task_loss': (0.0158, 0.0657)}
{'epoch': 62, 'train_loss': 0.0798, 'train_acc': 0.9599, 'task_loss': (0.0185, 0.0614)}
{'epoch': 63, 'train_loss': 0.0772, 'train_acc': 0.9672, 'task_loss': (0.021, 0.0561)}
{'epoch': 64, 'train_loss': 0.0711, 'train_acc': 0.9636, 'task_loss': (0.0121, 0.0591)}
{'epoch': 65, 'train_loss': 0.0743, 'train_acc': 0.9654, 'task_loss': (0.0106, 0.0636)}
{'epoch': 66, 'train_loss': 0.0818, 'train_acc': 0.9545, 'task_loss': (0.0176, 0.0642)}
{'epoch': 67, 'train_loss': 0.0758, 'train_acc': 0.9508, 'task_loss': (0.0079, 0.068)}
{'epoch': 68, 'train_loss': 0.075, 'train_acc': 0.9601, 'task_loss': (0.021, 0.054)}
{'epoch': 69, 'train_loss': 0.0878, 'train_acc': 0.9599, 'task_loss': (0.0266, 0.0611)}
{'epoch': 70, 'train_loss': 0.0766, 'train_acc': 0.9636, 'task_loss': (0.0249, 0.0518)}
{'epoch': 71, 'train_loss': 0.1028, 'train_acc': 0.9599, 'task_loss': (0.0453, 0.0575)}
{'epoch': 72, 'train_loss': 0.0689, 'train_acc': 0.9709, 'task_loss': (0.0169, 0.0519)}
{'epoch': 73, 'train_loss': 0.0597, 'train_acc': 0.9672, 'task_loss': (0.0097, 0.05)}
{'epoch': 74, 'train_loss': 0.0569, 'train_acc': 0.9727, 'task_loss': (0.0103, 0.0466)}
{'epoch': 75, 'train_loss': 0.0455, 'train_acc': 0.9818, 'task_loss': (0.0079, 0.0376)}
{'epoch': 76, 'train_loss': 0.0507, 'train_acc': 0.9729, 'task_loss': (0.0102, 0.0405)}
{'epoch': 77, 'train_loss': 0.0702, 'train_acc': 0.9654, 'task_loss': (0.014, 0.0561)}
{'epoch': 78, 'train_loss': 0.0637, 'train_acc': 0.9781, 'task_loss': (0.0232, 0.0405)}
{'epoch': 79, 'train_loss': 0.0527, 'train_acc': 0.9763, 'task_loss': (0.0069, 0.0458)}
{'epoch': 80, 'train_loss': 0.0548, 'train_acc': 0.9781, 'task_loss': (0.0182, 0.0366)}
{'epoch': 81, 'train_loss': 0.0496, 'train_acc': 0.9709, 'task_loss': (0.007, 0.0427)}
{'epoch': 82, 'train_loss': 0.0501, 'train_acc': 0.9781, 'task_loss': (0.0078, 0.0422)}
{'epoch': 83, 'train_loss': 0.0513, 'train_acc': 0.98, 'task_loss': (0.0091, 0.0422)}
{'epoch': 84, 'train_loss': 0.0623, 'train_acc': 0.9636, 'task_loss': (0.0118, 0.0505)}
{'epoch': 85, 'train_loss': 0.0438, 'train_acc': 0.9783, 'task_loss': (0.0092, 0.0346)}
{'epoch': 86, 'train_loss': 0.0362, 'train_acc': 0.9872, 'task_loss': (0.0093, 0.0269)}
{'epoch': 87, 'train_loss': 0.0653, 'train_acc': 0.9654, 'task_loss': (0.0191, 0.0463)}
{'epoch': 88, 'train_loss': 0.0578, 'train_acc': 0.9672, 'task_loss': (0.0055, 0.0522)}
{'epoch': 89, 'train_loss': 0.0506, 'train_acc': 0.98, 'task_loss': (0.0069, 0.0437)}
{'epoch': 90, 'train_loss': 0.0405, 'train_acc': 0.9818, 'task_loss': (0.0097, 0.0308)}
{'epoch': 91, 'train_loss': 0.0452, 'train_acc': 0.9799, 'task_loss': (0.0054, 0.0398)}
{'epoch': 92, 'train_loss': 0.0491, 'train_acc': 0.9763, 'task_loss': (0.0072, 0.0419)}
{'epoch': 93, 'train_loss': 0.0453, 'train_acc': 0.9783, 'task_loss': (0.0061, 0.0392)}
{'epoch': 94, 'train_loss': 0.0419, 'train_acc': 0.9745, 'task_loss': (0.0055, 0.0364)}
{'epoch': 95, 'train_loss': 0.0497, 'train_acc': 0.9745, 'task_loss': (0.0133, 0.0365)}
{'epoch': 96, 'train_loss': 0.0621, 'train_acc': 0.9654, 'task_loss': (0.011, 0.0511)}
{'epoch': 97, 'train_loss': 0.0383, 'train_acc': 0.9854, 'task_loss': (0.0112, 0.0271)}
{'epoch': 98, 'train_loss': 0.0465, 'train_acc': 0.9745, 'task_loss': (0.0101, 0.0364)}
{'epoch': 99, 'train_loss': 0.0504, 'train_acc': 0.9763, 'task_loss': (0.0054, 0.045)}
{'epoch': 100, 'train_loss': 0.0582, 'train_acc': 0.9709, 'task_loss': (0.0124, 0.0457)}
{'run_num': 0, 'final_test_err': 0.12}
Files already downloaded and verified
Files already downloaded and verified
{'epoch': 1, 'train_loss': 0.7582, 'train_acc': 0.6637, 'task_loss': (0.4157, 0.3425)}
{'epoch': 2, 'train_loss': 0.6548, 'train_acc': 0.7231, 'task_loss': (0.3187, 0.3361)}
{'epoch': 3, 'train_loss': 0.7986, 'train_acc': 0.7013, 'task_loss': (0.4214, 0.3773)}
{'epoch': 4, 'train_loss': 0.7123, 'train_acc': 0.7231, 'task_loss': (0.3561, 0.3562)}
{'epoch': 5, 'train_loss': 0.667, 'train_acc': 0.7432, 'task_loss': (0.3017, 0.3653)}
{'epoch': 6, 'train_loss': 0.4427, 'train_acc': 0.7596, 'task_loss': (0.1749, 0.2677)}
{'epoch': 7, 'train_loss': 0.5316, 'train_acc': 0.7687, 'task_loss': (0.2323, 0.2993)}
{'epoch': 8, 'train_loss': 0.4566, 'train_acc': 0.7614, 'task_loss': (0.1725, 0.2841)}
{'epoch': 9, 'train_loss': 0.4569, 'train_acc': 0.7776, 'task_loss': (0.1972, 0.2596)}
{'epoch': 10, 'train_loss': 0.4658, 'train_acc': 0.7668, 'task_loss': (0.1943, 0.2716)}
{'epoch': 11, 'train_loss': 0.3716, 'train_acc': 0.8106, 'task_loss': (0.1317, 0.2398)}
{'epoch': 12, 'train_loss': 0.4005, 'train_acc': 0.8007, 'task_loss': (0.166, 0.2345)}
{'epoch': 13, 'train_loss': 0.3638, 'train_acc': 0.8233, 'task_loss': (0.1408, 0.223)}
{'epoch': 14, 'train_loss': 0.3635, 'train_acc': 0.8361, 'task_loss': (0.1416, 0.2219)}
{'epoch': 15, 'train_loss': 0.3777, 'train_acc': 0.8197, 'task_loss': (0.1584, 0.2193)}
{'epoch': 16, 'train_loss': 0.3601, 'train_acc': 0.8106, 'task_loss': (0.1222, 0.2379)}
{'epoch': 17, 'train_loss': 0.3212, 'train_acc': 0.8373, 'task_loss': (0.1182, 0.203)}
{'epoch': 18, 'train_loss': 0.3236, 'train_acc': 0.8288, 'task_loss': (0.1348, 0.1888)}
{'epoch': 19, 'train_loss': 0.3164, 'train_acc': 0.8634, 'task_loss': (0.1269, 0.1895)}
{'epoch': 20, 'train_loss': 0.3406, 'train_acc': 0.8379, 'task_loss': (0.1568, 0.1838)}
{'epoch': 21, 'train_loss': 0.3184, 'train_acc': 0.847, 'task_loss': (0.1045, 0.2139)}
{'epoch': 22, 'train_loss': 0.2848, 'train_acc': 0.8506, 'task_loss': (0.0953, 0.1895)}
{'epoch': 23, 'train_loss': 0.3128, 'train_acc': 0.8336, 'task_loss': (0.1246, 0.1882)}
{'epoch': 24, 'train_loss': 0.2948, 'train_acc': 0.8652, 'task_loss': (0.0975, 0.1973)}
{'epoch': 25, 'train_loss': 0.261, 'train_acc': 0.8634, 'task_loss': (0.0803, 0.1806)}
{'epoch': 26, 'train_loss': 0.2527, 'train_acc': 0.8662, 'task_loss': (0.0944, 0.1583)}
{'epoch': 27, 'train_loss': 0.2445, 'train_acc': 0.8725, 'task_loss': (0.0852, 0.1593)}
{'epoch': 28, 'train_loss': 0.2323, 'train_acc': 0.8834, 'task_loss': (0.07, 0.1623)}
{'epoch': 29, 'train_loss': 0.241, 'train_acc': 0.8816, 'task_loss': (0.0887, 0.1522)}
{'epoch': 30, 'train_loss': 0.276, 'train_acc': 0.878, 'task_loss': (0.0883, 0.1877)}
{'epoch': 31, 'train_loss': 0.2484, 'train_acc': 0.8871, 'task_loss': (0.0935, 0.1549)}
{'epoch': 32, 'train_loss': 0.2602, 'train_acc': 0.8725, 'task_loss': (0.1086, 0.1516)}
{'epoch': 33, 'train_loss': 0.3026, 'train_acc': 0.827, 'task_loss': (0.0789, 0.2237)}
{'epoch': 34, 'train_loss': 0.2282, 'train_acc': 0.8838, 'task_loss': (0.0635, 0.1647)}
{'epoch': 35, 'train_loss': 0.259, 'train_acc': 0.8743, 'task_loss': (0.0754, 0.1836)}
{'epoch': 36, 'train_loss': 0.1786, 'train_acc': 0.9107, 'task_loss': (0.0425, 0.1362)}
{'epoch': 37, 'train_loss': 0.1754, 'train_acc': 0.9089, 'task_loss': (0.0547, 0.1207)}
{'epoch': 38, 'train_loss': 0.2059, 'train_acc': 0.8816, 'task_loss': (0.0592, 0.1468)}
{'epoch': 39, 'train_loss': 0.1987, 'train_acc': 0.8944, 'task_loss': (0.0457, 0.153)}
{'epoch': 40, 'train_loss': 0.1662, 'train_acc': 0.9344, 'task_loss': (0.0692, 0.097)}
{'epoch': 41, 'train_loss': 0.1524, 'train_acc': 0.9199, 'task_loss': (0.0377, 0.1147)}
{'epoch': 42, 'train_loss': 0.2193, 'train_acc': 0.8925, 'task_loss': (0.07, 0.1494)}
{'epoch': 43, 'train_loss': 0.2496, 'train_acc': 0.8897, 'task_loss': (0.0974, 0.1522)}
{'epoch': 44, 'train_loss': 0.1626, 'train_acc': 0.9089, 'task_loss': (0.0306, 0.1321)}
{'epoch': 45, 'train_loss': 0.1626, 'train_acc': 0.9126, 'task_loss': (0.0523, 0.1104)}
{'epoch': 46, 'train_loss': 0.2106, 'train_acc': 0.8995, 'task_loss': (0.0614, 0.1492)}
{'epoch': 47, 'train_loss': 0.135, 'train_acc': 0.929, 'task_loss': (0.0283, 0.1068)}
{'epoch': 48, 'train_loss': 0.1668, 'train_acc': 0.918, 'task_loss': (0.0418, 0.125)}
{'epoch': 49, 'train_loss': 0.1307, 'train_acc': 0.9326, 'task_loss': (0.0369, 0.0938)}
{'epoch': 50, 'train_loss': 0.1532, 'train_acc': 0.9271, 'task_loss': (0.0532, 0.1)}
{'epoch': 51, 'train_loss': 0.1498, 'train_acc': 0.9222, 'task_loss': (0.0337, 0.1161)}
{'epoch': 52, 'train_loss': 0.1566, 'train_acc': 0.9344, 'task_loss': (0.0578, 0.0988)}
{'epoch': 53, 'train_loss': 0.1295, 'train_acc': 0.9235, 'task_loss': (0.0253, 0.1042)}
{'epoch': 54, 'train_loss': 0.1384, 'train_acc': 0.9253, 'task_loss': (0.028, 0.1104)}
{'epoch': 55, 'train_loss': 0.1233, 'train_acc': 0.9417, 'task_loss': (0.0363, 0.087)}
{'epoch': 56, 'train_loss': 0.1309, 'train_acc': 0.9308, 'task_loss': (0.0308, 0.1)}
{'epoch': 57, 'train_loss': 0.1398, 'train_acc': 0.9269, 'task_loss': (0.0369, 0.1028)}
{'epoch': 58, 'train_loss': 0.1087, 'train_acc': 0.949, 'task_loss': (0.0196, 0.0891)}
{'epoch': 59, 'train_loss': 0.0997, 'train_acc': 0.9458, 'task_loss': (0.0193, 0.0805)}
{'epoch': 60, 'train_loss': 0.0928, 'train_acc': 0.9617, 'task_loss': (0.0259, 0.0669)}
{'epoch': 61, 'train_loss': 0.0891, 'train_acc': 0.9599, 'task_loss': (0.0189, 0.0702)}
{'epoch': 62, 'train_loss': 0.0917, 'train_acc': 0.9526, 'task_loss': (0.0187, 0.0731)}
{'epoch': 63, 'train_loss': 0.0618, 'train_acc': 0.9654, 'task_loss': (0.0127, 0.0491)}
{'epoch': 64, 'train_loss': 0.0831, 'train_acc': 0.9545, 'task_loss': (0.0149, 0.0682)}
{'epoch': 65, 'train_loss': 0.0894, 'train_acc': 0.9563, 'task_loss': (0.0256, 0.0638)}
{'epoch': 66, 'train_loss': 0.0725, 'train_acc': 0.9581, 'task_loss': (0.0104, 0.0621)}
{'epoch': 67, 'train_loss': 0.0822, 'train_acc': 0.9617, 'task_loss': (0.0117, 0.0705)}
{'epoch': 68, 'train_loss': 0.0793, 'train_acc': 0.9583, 'task_loss': (0.0161, 0.0631)}
{'epoch': 69, 'train_loss': 0.0566, 'train_acc': 0.9727, 'task_loss': (0.0114, 0.0452)}
{'epoch': 70, 'train_loss': 0.0787, 'train_acc': 0.9563, 'task_loss': (0.0135, 0.0652)}
{'epoch': 71, 'train_loss': 0.0552, 'train_acc': 0.9745, 'task_loss': (0.0093, 0.0459)}
{'epoch': 72, 'train_loss': 0.0785, 'train_acc': 0.9617, 'task_loss': (0.018, 0.0606)}
{'epoch': 73, 'train_loss': 0.0724, 'train_acc': 0.9563, 'task_loss': (0.0082, 0.0642)}
{'epoch': 74, 'train_loss': 0.0614, 'train_acc': 0.9727, 'task_loss': (0.016, 0.0453)}
{'epoch': 75, 'train_loss': 0.0643, 'train_acc': 0.9745, 'task_loss': (0.016, 0.0482)}
{'epoch': 76, 'train_loss': 0.0624, 'train_acc': 0.9638, 'task_loss': (0.0075, 0.0549)}
{'epoch': 77, 'train_loss': 0.0688, 'train_acc': 0.9672, 'task_loss': (0.0147, 0.0541)}
{'epoch': 78, 'train_loss': 0.0789, 'train_acc': 0.9581, 'task_loss': (0.0172, 0.0617)}
{'epoch': 79, 'train_loss': 0.0868, 'train_acc': 0.9526, 'task_loss': (0.0175, 0.0693)}
{'epoch': 80, 'train_loss': 0.0617, 'train_acc': 0.9689, 'task_loss': (0.0163, 0.0454)}
{'epoch': 81, 'train_loss': 0.058, 'train_acc': 0.9617, 'task_loss': (0.0055, 0.0524)}
{'epoch': 82, 'train_loss': 0.0531, 'train_acc': 0.9763, 'task_loss': (0.0117, 0.0414)}
{'epoch': 83, 'train_loss': 0.0703, 'train_acc': 0.9636, 'task_loss': (0.016, 0.0543)}
{'epoch': 84, 'train_loss': 0.0656, 'train_acc': 0.9709, 'task_loss': (0.0208, 0.0448)}
{'epoch': 85, 'train_loss': 0.0663, 'train_acc': 0.9638, 'task_loss': (0.0154, 0.0509)}
{'epoch': 86, 'train_loss': 0.0483, 'train_acc': 0.9836, 'task_loss': (0.0169, 0.0313)}
{'epoch': 87, 'train_loss': 0.0619, 'train_acc': 0.9617, 'task_loss': (0.0094, 0.0525)}
{'epoch': 88, 'train_loss': 0.0561, 'train_acc': 0.969, 'task_loss': (0.0092, 0.0469)}
{'epoch': 89, 'train_loss': 0.0694, 'train_acc': 0.9636, 'task_loss': (0.0258, 0.0437)}
{'epoch': 90, 'train_loss': 0.0651, 'train_acc': 0.9617, 'task_loss': (0.011, 0.0541)}
{'epoch': 91, 'train_loss': 0.0526, 'train_acc': 0.9817, 'task_loss': (0.0131, 0.0396)}
{'epoch': 92, 'train_loss': 0.0501, 'train_acc': 0.9818, 'task_loss': (0.0136, 0.0365)}
{'epoch': 93, 'train_loss': 0.0746, 'train_acc': 0.9711, 'task_loss': (0.0314, 0.0432)}
{'epoch': 94, 'train_loss': 0.059, 'train_acc': 0.9745, 'task_loss': (0.0149, 0.0441)}
{'epoch': 95, 'train_loss': 0.0735, 'train_acc': 0.9545, 'task_loss': (0.0147, 0.0588)}
{'epoch': 96, 'train_loss': 0.0552, 'train_acc': 0.9781, 'task_loss': (0.013, 0.0423)}
{'epoch': 97, 'train_loss': 0.059, 'train_acc': 0.9727, 'task_loss': (0.0126, 0.0464)}
{'epoch': 98, 'train_loss': 0.0479, 'train_acc': 0.98, 'task_loss': (0.0084, 0.0395)}
{'epoch': 99, 'train_loss': 0.0499, 'train_acc': 0.9672, 'task_loss': (0.0046, 0.0453)}
{'epoch': 100, 'train_loss': 0.0629, 'train_acc': 0.9672, 'task_loss': (0.0082, 0.0547)}
{'run_num': 1, 'final_test_err': 0.12324999999999997}
Files already downloaded and verified
Files already downloaded and verified
{'epoch': 1, 'train_loss': 0.7648, 'train_acc': 0.6618, 'task_loss': (0.3988, 0.366)}
{'epoch': 2, 'train_loss': 0.8205, 'train_acc': 0.6539, 'task_loss': (0.3889, 0.4316)}
{'epoch': 3, 'train_loss': 0.6414, 'train_acc': 0.7505, 'task_loss': (0.3163, 0.3252)}
{'epoch': 4, 'train_loss': 0.6545, 'train_acc': 0.6958, 'task_loss': (0.2874, 0.3671)}
{'epoch': 5, 'train_loss': 0.6032, 'train_acc': 0.7213, 'task_loss': (0.2451, 0.3581)}
{'epoch': 6, 'train_loss': 0.5474, 'train_acc': 0.7413, 'task_loss': (0.2368, 0.3105)}
{'epoch': 7, 'train_loss': 0.5623, 'train_acc': 0.7687, 'task_loss': (0.2214, 0.3409)}
{'epoch': 8, 'train_loss': 0.5198, 'train_acc': 0.765, 'task_loss': (0.2375, 0.2823)}
{'epoch': 9, 'train_loss': 0.4558, 'train_acc': 0.783, 'task_loss': (0.1943, 0.2615)}
{'epoch': 10, 'train_loss': 0.4132, 'train_acc': 0.7869, 'task_loss': (0.176, 0.2372)}
{'epoch': 11, 'train_loss': 0.3569, 'train_acc': 0.8179, 'task_loss': (0.1414, 0.2154)}
{'epoch': 12, 'train_loss': 0.3797, 'train_acc': 0.8117, 'task_loss': (0.1403, 0.2394)}
{'epoch': 13, 'train_loss': 0.4704, 'train_acc': 0.8087, 'task_loss': (0.2323, 0.2382)}
{'epoch': 14, 'train_loss': 0.4337, 'train_acc': 0.8069, 'task_loss': (0.1874, 0.2463)}
{'epoch': 15, 'train_loss': 0.4145, 'train_acc': 0.8233, 'task_loss': (0.1915, 0.223)}
{'epoch': 16, 'train_loss': 0.3974, 'train_acc': 0.8342, 'task_loss': (0.1706, 0.2268)}
{'epoch': 17, 'train_loss': 0.3574, 'train_acc': 0.8174, 'task_loss': (0.1463, 0.2111)}
{'epoch': 18, 'train_loss': 0.3221, 'train_acc': 0.8251, 'task_loss': (0.1302, 0.1919)}
{'epoch': 19, 'train_loss': 0.3318, 'train_acc': 0.8415, 'task_loss': (0.1453, 0.1865)}
{'epoch': 20, 'train_loss': 0.2657, 'train_acc': 0.8561, 'task_loss': (0.0842, 0.1814)}
{'epoch': 21, 'train_loss': 0.2967, 'train_acc': 0.8415, 'task_loss': (0.1004, 0.1964)}
{'epoch': 22, 'train_loss': 0.2958, 'train_acc': 0.8434, 'task_loss': (0.1014, 0.1944)}
{'epoch': 23, 'train_loss': 0.3067, 'train_acc': 0.8684, 'task_loss': (0.1245, 0.1821)}
{'epoch': 24, 'train_loss': 0.2333, 'train_acc': 0.8743, 'task_loss': (0.0693, 0.164)}
{'epoch': 25, 'train_loss': 0.2826, 'train_acc': 0.8725, 'task_loss': (0.1026, 0.18)}
{'epoch': 26, 'train_loss': 0.2716, 'train_acc': 0.868, 'task_loss': (0.088, 0.1836)}
{'epoch': 27, 'train_loss': 0.2954, 'train_acc': 0.847, 'task_loss': (0.1158, 0.1795)}
{'epoch': 28, 'train_loss': 0.302, 'train_acc': 0.8743, 'task_loss': (0.1271, 0.1749)}
{'epoch': 29, 'train_loss': 0.2005, 'train_acc': 0.8944, 'task_loss': (0.0549, 0.1456)}
{'epoch': 30, 'train_loss': 0.2566, 'train_acc': 0.8725, 'task_loss': (0.0868, 0.1699)}
{'epoch': 31, 'train_loss': 0.3585, 'train_acc': 0.8197, 'task_loss': (0.1673, 0.1912)}
{'epoch': 32, 'train_loss': 0.2361, 'train_acc': 0.878, 'task_loss': (0.0586, 0.1775)}
{'epoch': 33, 'train_loss': 0.2181, 'train_acc': 0.8889, 'task_loss': (0.067, 0.1511)}
{'epoch': 34, 'train_loss': 0.1764, 'train_acc': 0.902, 'task_loss': (0.047, 0.1294)}
{'epoch': 35, 'train_loss': 0.1823, 'train_acc': 0.8944, 'task_loss': (0.0518, 0.1304)}
{'epoch': 36, 'train_loss': 0.1746, 'train_acc': 0.9107, 'task_loss': (0.0393, 0.1352)}
{'epoch': 37, 'train_loss': 0.1946, 'train_acc': 0.9035, 'task_loss': (0.0684, 0.1262)}
{'epoch': 38, 'train_loss': 0.2017, 'train_acc': 0.9016, 'task_loss': (0.0696, 0.132)}
{'epoch': 39, 'train_loss': 0.1499, 'train_acc': 0.918, 'task_loss': (0.03, 0.1198)}
{'epoch': 40, 'train_loss': 0.1798, 'train_acc': 0.8944, 'task_loss': (0.0552, 0.1247)}
{'epoch': 41, 'train_loss': 0.1453, 'train_acc': 0.9308, 'task_loss': (0.0409, 0.1044)}
{'epoch': 42, 'train_loss': 0.1404, 'train_acc': 0.9144, 'task_loss': (0.017, 0.1234)}
{'epoch': 43, 'train_loss': 0.1392, 'train_acc': 0.9349, 'task_loss': (0.0366, 0.1025)}
{'epoch': 44, 'train_loss': 0.1658, 'train_acc': 0.929, 'task_loss': (0.0495, 0.1163)}
{'epoch': 45, 'train_loss': 0.1331, 'train_acc': 0.9253, 'task_loss': (0.0359, 0.0972)}
{'epoch': 46, 'train_loss': 0.1528, 'train_acc': 0.9342, 'task_loss': (0.0487, 0.1042)}
{'epoch': 47, 'train_loss': 0.1423, 'train_acc': 0.9362, 'task_loss': (0.042, 0.1004)}
{'epoch': 48, 'train_loss': 0.1158, 'train_acc': 0.9326, 'task_loss': (0.028, 0.0879)}
{'epoch': 49, 'train_loss': 0.1611, 'train_acc': 0.9235, 'task_loss': (0.0545, 0.1066)}
{'epoch': 50, 'train_loss': 0.1222, 'train_acc': 0.9399, 'task_loss': (0.0308, 0.0914)}
{'epoch': 51, 'train_loss': 0.1487, 'train_acc': 0.9241, 'task_loss': (0.0503, 0.0985)}
{'epoch': 52, 'train_loss': 0.1643, 'train_acc': 0.9162, 'task_loss': (0.0554, 0.1088)}
{'epoch': 53, 'train_loss': 0.1439, 'train_acc': 0.918, 'task_loss': (0.0307, 0.1132)}
{'epoch': 54, 'train_loss': 0.1199, 'train_acc': 0.9362, 'task_loss': (0.0319, 0.088)}
{'epoch': 55, 'train_loss': 0.096, 'train_acc': 0.9545, 'task_loss': (0.0205, 0.0755)}
{'epoch': 56, 'train_loss': 0.0874, 'train_acc': 0.9636, 'task_loss': (0.0326, 0.0548)}
{'epoch': 57, 'train_loss': 0.1174, 'train_acc': 0.9378, 'task_loss': (0.0365, 0.0809)}
{'epoch': 58, 'train_loss': 0.1027, 'train_acc': 0.9381, 'task_loss': (0.0171, 0.0856)}
{'epoch': 59, 'train_loss': 0.1269, 'train_acc': 0.9494, 'task_loss': (0.038, 0.089)}
{'epoch': 60, 'train_loss': 0.0914, 'train_acc': 0.9599, 'task_loss': (0.0222, 0.0691)}
{'epoch': 61, 'train_loss': 0.0718, 'train_acc': 0.9599, 'task_loss': (0.0089, 0.0629)}
{'epoch': 62, 'train_loss': 0.0708, 'train_acc': 0.9781, 'task_loss': (0.0234, 0.0474)}
{'epoch': 63, 'train_loss': 0.0791, 'train_acc': 0.9563, 'task_loss': (0.0116, 0.0676)}
{'epoch': 64, 'train_loss': 0.067, 'train_acc': 0.969, 'task_loss': (0.0137, 0.0533)}
{'epoch': 65, 'train_loss': 0.0765, 'train_acc': 0.9636, 'task_loss': (0.0201, 0.0564)}
{'epoch': 66, 'train_loss': 0.0887, 'train_acc': 0.9545, 'task_loss': (0.0204, 0.0683)}
{'epoch': 67, 'train_loss': 0.0589, 'train_acc': 0.98, 'task_loss': (0.0143, 0.0446)}
{'epoch': 68, 'train_loss': 0.0522, 'train_acc': 0.9837, 'task_loss': (0.0096, 0.0426)}
{'epoch': 69, 'train_loss': 0.0849, 'train_acc': 0.9545, 'task_loss': (0.0195, 0.0654)}
{'epoch': 70, 'train_loss': 0.0478, 'train_acc': 0.9872, 'task_loss': (0.0127, 0.035)}
{'epoch': 71, 'train_loss': 0.0724, 'train_acc': 0.9672, 'task_loss': (0.024, 0.0485)}
{'epoch': 72, 'train_loss': 0.0688, 'train_acc': 0.9599, 'task_loss': (0.0128, 0.056)}
{'epoch': 73, 'train_loss': 0.0494, 'train_acc': 0.98, 'task_loss': (0.0128, 0.0366)}
{'epoch': 74, 'train_loss': 0.0697, 'train_acc': 0.9617, 'task_loss': (0.0091, 0.0606)}
{'epoch': 75, 'train_loss': 0.0467, 'train_acc': 0.9763, 'task_loss': (0.0073, 0.0393)}
{'epoch': 76, 'train_loss': 0.0553, 'train_acc': 0.9747, 'task_loss': (0.0151, 0.0402)}
{'epoch': 77, 'train_loss': 0.0632, 'train_acc': 0.9709, 'task_loss': (0.0137, 0.0496)}
{'epoch': 78, 'train_loss': 0.0614, 'train_acc': 0.9654, 'task_loss': (0.0127, 0.0487)}
{'epoch': 79, 'train_loss': 0.0762, 'train_acc': 0.9563, 'task_loss': (0.0116, 0.0646)}
{'epoch': 80, 'train_loss': 0.0536, 'train_acc': 0.9781, 'task_loss': (0.008, 0.0456)}
{'epoch': 81, 'train_loss': 0.0921, 'train_acc': 0.9672, 'task_loss': (0.0281, 0.0639)}
{'epoch': 82, 'train_loss': 0.0765, 'train_acc': 0.9526, 'task_loss': (0.0052, 0.0713)}
{'epoch': 83, 'train_loss': 0.0629, 'train_acc': 0.9709, 'task_loss': (0.0121, 0.0507)}
{'epoch': 84, 'train_loss': 0.0604, 'train_acc': 0.9709, 'task_loss': (0.0157, 0.0447)}
{'epoch': 85, 'train_loss': 0.0692, 'train_acc': 0.9675, 'task_loss': (0.0148, 0.0544)}
{'epoch': 86, 'train_loss': 0.045, 'train_acc': 0.9836, 'task_loss': (0.0113, 0.0337)}
{'epoch': 87, 'train_loss': 0.0544, 'train_acc': 0.969, 'task_loss': (0.0096, 0.0448)}
{'epoch': 88, 'train_loss': 0.0573, 'train_acc': 0.969, 'task_loss': (0.0089, 0.0484)}
{'epoch': 89, 'train_loss': 0.0546, 'train_acc': 0.9763, 'task_loss': (0.0132, 0.0414)}
{'epoch': 90, 'train_loss': 0.0505, 'train_acc': 0.9781, 'task_loss': (0.0063, 0.0442)}
{'epoch': 91, 'train_loss': 0.0492, 'train_acc': 0.9762, 'task_loss': (0.0077, 0.0415)}
{'epoch': 92, 'train_loss': 0.0569, 'train_acc': 0.969, 'task_loss': (0.0123, 0.0446)}
{'epoch': 93, 'train_loss': 0.0557, 'train_acc': 0.9819, 'task_loss': (0.0167, 0.039)}
{'epoch': 94, 'train_loss': 0.0615, 'train_acc': 0.9672, 'task_loss': (0.0121, 0.0494)}
{'epoch': 95, 'train_loss': 0.0585, 'train_acc': 0.9709, 'task_loss': (0.0132, 0.0453)}
{'epoch': 96, 'train_loss': 0.0543, 'train_acc': 0.9763, 'task_loss': (0.0117, 0.0426)}
{'epoch': 97, 'train_loss': 0.0506, 'train_acc': 0.969, 'task_loss': (0.0092, 0.0414)}
{'epoch': 98, 'train_loss': 0.0571, 'train_acc': 0.9709, 'task_loss': (0.0068, 0.0502)}
{'epoch': 99, 'train_loss': 0.0533, 'train_acc': 0.9763, 'task_loss': (0.0157, 0.0376)}
{'epoch': 100, 'train_loss': 0.0354, 'train_acc': 0.9854, 'task_loss': (0.0095, 0.0259)}
{'run_num': 2, 'final_test_err': 0.12324999999999997}
Files already downloaded and verified
Files already downloaded and verified
{'epoch': 1, 'train_loss': 0.8113, 'train_acc': 0.6058, 'task_loss': (0.3671, 0.4442)}
{'epoch': 2, 'train_loss': 0.5972, 'train_acc': 0.7031, 'task_loss': (0.2472, 0.35)}
{'epoch': 3, 'train_loss': 0.6296, 'train_acc': 0.7049, 'task_loss': (0.2791, 0.3505)}
{'epoch': 4, 'train_loss': 0.5469, 'train_acc': 0.7486, 'task_loss': (0.2626, 0.2842)}
{'epoch': 5, 'train_loss': 0.562, 'train_acc': 0.7195, 'task_loss': (0.2486, 0.3134)}
{'epoch': 6, 'train_loss': 0.473, 'train_acc': 0.7687, 'task_loss': (0.2039, 0.2691)}
{'epoch': 7, 'train_loss': 0.4183, 'train_acc': 0.8124, 'task_loss': (0.1868, 0.2315)}
{'epoch': 8, 'train_loss': 0.707, 'train_acc': 0.7049, 'task_loss': (0.3026, 0.4044)}
{'epoch': 9, 'train_loss': 0.3466, 'train_acc': 0.8282, 'task_loss': (0.1106, 0.236)}
{'epoch': 10, 'train_loss': 0.4655, 'train_acc': 0.7978, 'task_loss': (0.2157, 0.2498)}
{'epoch': 11, 'train_loss': 0.4708, 'train_acc': 0.7887, 'task_loss': (0.1894, 0.2814)}
{'epoch': 12, 'train_loss': 0.4062, 'train_acc': 0.8044, 'task_loss': (0.1599, 0.2463)}
{'epoch': 13, 'train_loss': 0.3554, 'train_acc': 0.8543, 'task_loss': (0.1499, 0.2055)}
{'epoch': 14, 'train_loss': 0.4014, 'train_acc': 0.8324, 'task_loss': (0.1698, 0.2316)}
{'epoch': 15, 'train_loss': 0.376, 'train_acc': 0.8251, 'task_loss': (0.1464, 0.2296)}
{'epoch': 16, 'train_loss': 0.3204, 'train_acc': 0.8379, 'task_loss': (0.1192, 0.2012)}
{'epoch': 17, 'train_loss': 0.315, 'train_acc': 0.8264, 'task_loss': (0.117, 0.198)}
{'epoch': 18, 'train_loss': 0.2942, 'train_acc': 0.8434, 'task_loss': (0.0895, 0.2047)}
{'epoch': 19, 'train_loss': 0.2481, 'train_acc': 0.8761, 'task_loss': (0.0606, 0.1875)}
{'epoch': 20, 'train_loss': 0.3268, 'train_acc': 0.8561, 'task_loss': (0.1594, 0.1674)}
{'epoch': 21, 'train_loss': 0.2969, 'train_acc': 0.8525, 'task_loss': (0.107, 0.1898)}
{'epoch': 22, 'train_loss': 0.4546, 'train_acc': 0.8033, 'task_loss': (0.2091, 0.2455)}
{'epoch': 23, 'train_loss': 0.3252, 'train_acc': 0.8757, 'task_loss': (0.1397, 0.1855)}
{'epoch': 24, 'train_loss': 0.2551, 'train_acc': 0.8725, 'task_loss': (0.0773, 0.1778)}
{'epoch': 25, 'train_loss': 0.2469, 'train_acc': 0.8816, 'task_loss': (0.0903, 0.1566)}
{'epoch': 26, 'train_loss': 0.2779, 'train_acc': 0.8626, 'task_loss': (0.0761, 0.2018)}
{'epoch': 27, 'train_loss': 0.3109, 'train_acc': 0.8561, 'task_loss': (0.1217, 0.1892)}
{'epoch': 28, 'train_loss': 0.2328, 'train_acc': 0.8852, 'task_loss': (0.0757, 0.1571)}
{'epoch': 29, 'train_loss': 0.2031, 'train_acc': 0.8889, 'task_loss': (0.0624, 0.1407)}
{'epoch': 30, 'train_loss': 0.2348, 'train_acc': 0.8689, 'task_loss': (0.0625, 0.1723)}
{'epoch': 31, 'train_loss': 0.2279, 'train_acc': 0.8871, 'task_loss': (0.079, 0.1488)}
{'epoch': 32, 'train_loss': 0.1862, 'train_acc': 0.9035, 'task_loss': (0.062, 0.1243)}
{'epoch': 33, 'train_loss': 0.1952, 'train_acc': 0.8925, 'task_loss': (0.0601, 0.1351)}
{'epoch': 34, 'train_loss': 0.1775, 'train_acc': 0.9002, 'task_loss': (0.0554, 0.1221)}
{'epoch': 35, 'train_loss': 0.2188, 'train_acc': 0.9035, 'task_loss': (0.0812, 0.1376)}
{'epoch': 36, 'train_loss': 0.2296, 'train_acc': 0.8925, 'task_loss': (0.0869, 0.1427)}
{'epoch': 37, 'train_loss': 0.2151, 'train_acc': 0.8944, 'task_loss': (0.0715, 0.1436)}
{'epoch': 38, 'train_loss': 0.2109, 'train_acc': 0.8871, 'task_loss': (0.0693, 0.1416)}
{'epoch': 39, 'train_loss': 0.1875, 'train_acc': 0.8998, 'task_loss': (0.0437, 0.1438)}
{'epoch': 40, 'train_loss': 0.2165, 'train_acc': 0.8944, 'task_loss': (0.058, 0.1585)}
{'epoch': 41, 'train_loss': 0.1939, 'train_acc': 0.9016, 'task_loss': (0.0564, 0.1375)}
{'epoch': 42, 'train_loss': 0.151, 'train_acc': 0.9199, 'task_loss': (0.033, 0.1179)}
{'epoch': 43, 'train_loss': 0.1423, 'train_acc': 0.9295, 'task_loss': (0.0332, 0.1091)}
{'epoch': 44, 'train_loss': 0.1534, 'train_acc': 0.9071, 'task_loss': (0.0396, 0.1138)}
{'epoch': 45, 'train_loss': 0.1269, 'train_acc': 0.9308, 'task_loss': (0.0279, 0.099)}
{'epoch': 46, 'train_loss': 0.1129, 'train_acc': 0.9433, 'task_loss': (0.0311, 0.0818)}
{'epoch': 47, 'train_loss': 0.1284, 'train_acc': 0.9381, 'task_loss': (0.0377, 0.0907)}
{'epoch': 48, 'train_loss': 0.1086, 'train_acc': 0.9344, 'task_loss': (0.0242, 0.0844)}
{'epoch': 49, 'train_loss': 0.1274, 'train_acc': 0.9271, 'task_loss': (0.0328, 0.0947)}
{'epoch': 50, 'train_loss': 0.1468, 'train_acc': 0.9162, 'task_loss': (0.0327, 0.1141)}
{'epoch': 51, 'train_loss': 0.1417, 'train_acc': 0.9241, 'task_loss': (0.0447, 0.097)}
{'epoch': 52, 'train_loss': 0.1168, 'train_acc': 0.9435, 'task_loss': (0.0263, 0.0905)}
{'epoch': 53, 'train_loss': 0.1011, 'train_acc': 0.9435, 'task_loss': (0.0334, 0.0677)}
{'epoch': 54, 'train_loss': 0.1681, 'train_acc': 0.9144, 'task_loss': (0.0549, 0.1132)}
{'epoch': 55, 'train_loss': 0.1407, 'train_acc': 0.929, 'task_loss': (0.0432, 0.0975)}
{'epoch': 56, 'train_loss': 0.1025, 'train_acc': 0.9435, 'task_loss': (0.027, 0.0755)}
{'epoch': 57, 'train_loss': 0.118, 'train_acc': 0.9324, 'task_loss': (0.0297, 0.0883)}
{'epoch': 58, 'train_loss': 0.0797, 'train_acc': 0.9563, 'task_loss': (0.0165, 0.0632)}
{'epoch': 59, 'train_loss': 0.0819, 'train_acc': 0.9584, 'task_loss': (0.0176, 0.0643)}
{'epoch': 60, 'train_loss': 0.0666, 'train_acc': 0.969, 'task_loss': (0.0115, 0.0551)}
{'epoch': 61, 'train_loss': 0.0746, 'train_acc': 0.9599, 'task_loss': (0.0129, 0.0617)}
{'epoch': 62, 'train_loss': 0.0954, 'train_acc': 0.9454, 'task_loss': (0.021, 0.0744)}
{'epoch': 63, 'train_loss': 0.074, 'train_acc': 0.9654, 'task_loss': (0.0212, 0.0528)}
{'epoch': 64, 'train_loss': 0.0584, 'train_acc': 0.969, 'task_loss': (0.0084, 0.05)}
{'epoch': 65, 'train_loss': 0.0779, 'train_acc': 0.9581, 'task_loss': (0.0184, 0.0594)}
{'epoch': 66, 'train_loss': 0.085, 'train_acc': 0.9472, 'task_loss': (0.0163, 0.0688)}
{'epoch': 67, 'train_loss': 0.0649, 'train_acc': 0.9672, 'task_loss': (0.0198, 0.0451)}
{'epoch': 68, 'train_loss': 0.0913, 'train_acc': 0.9474, 'task_loss': (0.0336, 0.0577)}
{'epoch': 69, 'train_loss': 0.0832, 'train_acc': 0.9508, 'task_loss': (0.0195, 0.0636)}
{'epoch': 70, 'train_loss': 0.0705, 'train_acc': 0.9636, 'task_loss': (0.0137, 0.0568)}
{'epoch': 71, 'train_loss': 0.0877, 'train_acc': 0.9563, 'task_loss': (0.0139, 0.0738)}
{'epoch': 72, 'train_loss': 0.0617, 'train_acc': 0.9763, 'task_loss': (0.0142, 0.0475)}
{'epoch': 73, 'train_loss': 0.0812, 'train_acc': 0.9636, 'task_loss': (0.0345, 0.0466)}
{'epoch': 74, 'train_loss': 0.07, 'train_acc': 0.9654, 'task_loss': (0.0137, 0.0563)}
{'epoch': 75, 'train_loss': 0.0656, 'train_acc': 0.969, 'task_loss': (0.0133, 0.0524)}
{'epoch': 76, 'train_loss': 0.0634, 'train_acc': 0.9747, 'task_loss': (0.0143, 0.0491)}
{'epoch': 77, 'train_loss': 0.0585, 'train_acc': 0.9781, 'task_loss': (0.0194, 0.0391)}
{'epoch': 78, 'train_loss': 0.0469, 'train_acc': 0.9836, 'task_loss': (0.0086, 0.0382)}
{'epoch': 79, 'train_loss': 0.0624, 'train_acc': 0.9617, 'task_loss': (0.0119, 0.0504)}
{'epoch': 80, 'train_loss': 0.0512, 'train_acc': 0.9762, 'task_loss': (0.0126, 0.0386)}
{'epoch': 81, 'train_loss': 0.0483, 'train_acc': 0.9836, 'task_loss': (0.0142, 0.0341)}
{'epoch': 82, 'train_loss': 0.0621, 'train_acc': 0.9745, 'task_loss': (0.0166, 0.0456)}
{'epoch': 83, 'train_loss': 0.0487, 'train_acc': 0.9763, 'task_loss': (0.006, 0.0427)}
{'epoch': 84, 'train_loss': 0.053, 'train_acc': 0.9745, 'task_loss': (0.0117, 0.0413)}
{'epoch': 85, 'train_loss': 0.0397, 'train_acc': 0.9873, 'task_loss': (0.0097, 0.0299)}
{'epoch': 86, 'train_loss': 0.0659, 'train_acc': 0.9617, 'task_loss': (0.02, 0.0459)}
{'epoch': 87, 'train_loss': 0.0395, 'train_acc': 0.9836, 'task_loss': (0.0085, 0.031)}
{'epoch': 88, 'train_loss': 0.0509, 'train_acc': 0.9745, 'task_loss': (0.0093, 0.0416)}
{'epoch': 89, 'train_loss': 0.0425, 'train_acc': 0.9818, 'task_loss': (0.0113, 0.0312)}
{'epoch': 90, 'train_loss': 0.0494, 'train_acc': 0.9745, 'task_loss': (0.0061, 0.0433)}
{'epoch': 91, 'train_loss': 0.0528, 'train_acc': 0.9671, 'task_loss': (0.0056, 0.0473)}
{'epoch': 92, 'train_loss': 0.0504, 'train_acc': 0.9854, 'task_loss': (0.009, 0.0413)}
{'epoch': 93, 'train_loss': 0.0381, 'train_acc': 0.9819, 'task_loss': (0.0069, 0.0313)}
{'epoch': 94, 'train_loss': 0.0512, 'train_acc': 0.9763, 'task_loss': (0.0095, 0.0417)}
{'epoch': 95, 'train_loss': 0.0486, 'train_acc': 0.98, 'task_loss': (0.0117, 0.0369)}
{'epoch': 96, 'train_loss': 0.0413, 'train_acc': 0.98, 'task_loss': (0.0082, 0.0331)}
{'epoch': 97, 'train_loss': 0.0545, 'train_acc': 0.9781, 'task_loss': (0.0155, 0.039)}
{'epoch': 98, 'train_loss': 0.051, 'train_acc': 0.9709, 'task_loss': (0.0069, 0.044)}
{'epoch': 99, 'train_loss': 0.0545, 'train_acc': 0.9727, 'task_loss': (0.0105, 0.044)}
{'epoch': 100, 'train_loss': 0.0441, 'train_acc': 0.9818, 'task_loss': (0.0106, 0.0335)}
{'run_num': 3, 'final_test_err': 0.12450000000000006}
Files already downloaded and verified
Files already downloaded and verified
{'epoch': 1, 'train_loss': 0.8558, 'train_acc': 0.6058, 'task_loss': (0.4355, 0.4203)}
{'epoch': 2, 'train_loss': 0.5875, 'train_acc': 0.714, 'task_loss': (0.2765, 0.311)}
{'epoch': 3, 'train_loss': 0.7001, 'train_acc': 0.714, 'task_loss': (0.3639, 0.3362)}
{'epoch': 4, 'train_loss': 0.6275, 'train_acc': 0.7268, 'task_loss': (0.3102, 0.3174)}
{'epoch': 5, 'train_loss': 0.4982, 'train_acc': 0.7377, 'task_loss': (0.2049, 0.2933)}
{'epoch': 6, 'train_loss': 0.5383, 'train_acc': 0.7523, 'task_loss': (0.2196, 0.3187)}
{'epoch': 7, 'train_loss': 0.4647, 'train_acc': 0.7923, 'task_loss': (0.2134, 0.2513)}
{'epoch': 8, 'train_loss': 0.6113, 'train_acc': 0.7687, 'task_loss': (0.3124, 0.2988)}
{'epoch': 9, 'train_loss': 0.5249, 'train_acc': 0.7703, 'task_loss': (0.2467, 0.2782)}
{'epoch': 10, 'train_loss': 0.3878, 'train_acc': 0.7905, 'task_loss': (0.1554, 0.2324)}
{'epoch': 11, 'train_loss': 0.4857, 'train_acc': 0.7687, 'task_loss': (0.2175, 0.2682)}
{'epoch': 12, 'train_loss': 0.3861, 'train_acc': 0.8172, 'task_loss': (0.1536, 0.2325)}
{'epoch': 13, 'train_loss': 0.3872, 'train_acc': 0.8069, 'task_loss': (0.1653, 0.2219)}
{'epoch': 14, 'train_loss': 0.4703, 'train_acc': 0.7778, 'task_loss': (0.1821, 0.2881)}
{'epoch': 15, 'train_loss': 0.3954, 'train_acc': 0.8215, 'task_loss': (0.1702, 0.2253)}
{'epoch': 16, 'train_loss': 0.3496, 'train_acc': 0.8342, 'task_loss': (0.1371, 0.2125)}
{'epoch': 17, 'train_loss': 0.3697, 'train_acc': 0.8354, 'task_loss': (0.1435, 0.2262)}
{'epoch': 18, 'train_loss': 0.3319, 'train_acc': 0.8324, 'task_loss': (0.1311, 0.2008)}
{'epoch': 19, 'train_loss': 0.2586, 'train_acc': 0.8634, 'task_loss': (0.0786, 0.18)}
{'epoch': 20, 'train_loss': 0.2666, 'train_acc': 0.8725, 'task_loss': (0.0893, 0.1773)}
{'epoch': 21, 'train_loss': 0.3199, 'train_acc': 0.8379, 'task_loss': (0.1039, 0.2161)}
{'epoch': 22, 'train_loss': 0.295, 'train_acc': 0.8415, 'task_loss': (0.1155, 0.1795)}
{'epoch': 23, 'train_loss': 0.2469, 'train_acc': 0.8702, 'task_loss': (0.0859, 0.161)}
{'epoch': 24, 'train_loss': 0.2659, 'train_acc': 0.8543, 'task_loss': (0.0947, 0.1712)}
{'epoch': 25, 'train_loss': 0.3009, 'train_acc': 0.8543, 'task_loss': (0.1083, 0.1926)}
{'epoch': 26, 'train_loss': 0.263, 'train_acc': 0.8752, 'task_loss': (0.1039, 0.159)}
{'epoch': 27, 'train_loss': 0.2334, 'train_acc': 0.8798, 'task_loss': (0.071, 0.1624)}
{'epoch': 28, 'train_loss': 0.2076, 'train_acc': 0.8871, 'task_loss': (0.0552, 0.1524)}
{'epoch': 29, 'train_loss': 0.3047, 'train_acc': 0.8616, 'task_loss': (0.0919, 0.2128)}
{'epoch': 30, 'train_loss': 0.2539, 'train_acc': 0.8834, 'task_loss': (0.0765, 0.1774)}
{'epoch': 31, 'train_loss': 0.2372, 'train_acc': 0.8725, 'task_loss': (0.0789, 0.1583)}
{'epoch': 32, 'train_loss': 0.2654, 'train_acc': 0.8707, 'task_loss': (0.1065, 0.1589)}
{'epoch': 33, 'train_loss': 0.2269, 'train_acc': 0.8998, 'task_loss': (0.0853, 0.1417)}
{'epoch': 34, 'train_loss': 0.1946, 'train_acc': 0.8929, 'task_loss': (0.0497, 0.1449)}
{'epoch': 35, 'train_loss': 0.1849, 'train_acc': 0.8852, 'task_loss': (0.0508, 0.134)}
{'epoch': 36, 'train_loss': 0.2367, 'train_acc': 0.8852, 'task_loss': (0.0691, 0.1677)}
{'epoch': 37, 'train_loss': 0.1742, 'train_acc': 0.9126, 'task_loss': (0.0469, 0.1273)}
{'epoch': 38, 'train_loss': 0.1795, 'train_acc': 0.9144, 'task_loss': (0.0503, 0.1292)}
{'epoch': 39, 'train_loss': 0.1296, 'train_acc': 0.9308, 'task_loss': (0.0253, 0.1043)}
{'epoch': 40, 'train_loss': 0.1637, 'train_acc': 0.9162, 'task_loss': (0.053, 0.1108)}
{'epoch': 41, 'train_loss': 0.158, 'train_acc': 0.9253, 'task_loss': (0.0544, 0.1036)}
{'epoch': 42, 'train_loss': 0.1658, 'train_acc': 0.9199, 'task_loss': (0.0474, 0.1184)}
{'epoch': 43, 'train_loss': 0.159, 'train_acc': 0.9168, 'task_loss': (0.0448, 0.1142)}
{'epoch': 44, 'train_loss': 0.1801, 'train_acc': 0.9071, 'task_loss': (0.0456, 0.1345)}
{'epoch': 45, 'train_loss': 0.1461, 'train_acc': 0.9381, 'task_loss': (0.036, 0.1101)}
{'epoch': 46, 'train_loss': 0.1657, 'train_acc': 0.9232, 'task_loss': (0.0781, 0.0877)}
{'epoch': 47, 'train_loss': 0.1977, 'train_acc': 0.8998, 'task_loss': (0.0639, 0.1338)}
{'epoch': 48, 'train_loss': 0.1573, 'train_acc': 0.918, 'task_loss': (0.0407, 0.1167)}
{'epoch': 49, 'train_loss': 0.1144, 'train_acc': 0.9472, 'task_loss': (0.033, 0.0813)}
{'epoch': 50, 'train_loss': 0.1416, 'train_acc': 0.9326, 'task_loss': (0.0552, 0.0864)}
{'epoch': 51, 'train_loss': 0.1358, 'train_acc': 0.9313, 'task_loss': (0.0294, 0.1064)}
{'epoch': 52, 'train_loss': 0.1237, 'train_acc': 0.9308, 'task_loss': (0.0352, 0.0884)}
{'epoch': 53, 'train_loss': 0.1315, 'train_acc': 0.9399, 'task_loss': (0.0364, 0.0951)}
{'epoch': 54, 'train_loss': 0.1207, 'train_acc': 0.949, 'task_loss': (0.0337, 0.087)}
{'epoch': 55, 'train_loss': 0.1201, 'train_acc': 0.9454, 'task_loss': (0.0324, 0.0876)}
{'epoch': 56, 'train_loss': 0.0895, 'train_acc': 0.9636, 'task_loss': (0.0325, 0.057)}
{'epoch': 57, 'train_loss': 0.1033, 'train_acc': 0.9415, 'task_loss': (0.0301, 0.0732)}
{'epoch': 58, 'train_loss': 0.0852, 'train_acc': 0.9526, 'task_loss': (0.014, 0.0712)}
{'epoch': 59, 'train_loss': 0.1057, 'train_acc': 0.9458, 'task_loss': (0.0164, 0.0892)}
{'epoch': 60, 'train_loss': 0.1108, 'train_acc': 0.9508, 'task_loss': (0.0314, 0.0794)}
{'epoch': 61, 'train_loss': 0.0863, 'train_acc': 0.9563, 'task_loss': (0.0217, 0.0646)}
{'epoch': 62, 'train_loss': 0.0886, 'train_acc': 0.949, 'task_loss': (0.0134, 0.0753)}
{'epoch': 63, 'train_loss': 0.0975, 'train_acc': 0.9563, 'task_loss': (0.0382, 0.0593)}
{'epoch': 64, 'train_loss': 0.0795, 'train_acc': 0.9581, 'task_loss': (0.0114, 0.0681)}
{'epoch': 65, 'train_loss': 0.1058, 'train_acc': 0.9472, 'task_loss': (0.0303, 0.0755)}
{'epoch': 66, 'train_loss': 0.0764, 'train_acc': 0.9672, 'task_loss': (0.0131, 0.0634)}
{'epoch': 67, 'train_loss': 0.0583, 'train_acc': 0.9745, 'task_loss': (0.0142, 0.044)}
{'epoch': 68, 'train_loss': 0.0952, 'train_acc': 0.9456, 'task_loss': (0.026, 0.0692)}
{'epoch': 69, 'train_loss': 0.0959, 'train_acc': 0.9454, 'task_loss': (0.027, 0.0688)}
{'epoch': 70, 'train_loss': 0.0769, 'train_acc': 0.9636, 'task_loss': (0.0142, 0.0627)}
{'epoch': 71, 'train_loss': 0.0841, 'train_acc': 0.9617, 'task_loss': (0.0271, 0.057)}
{'epoch': 72, 'train_loss': 0.0713, 'train_acc': 0.9654, 'task_loss': (0.0154, 0.0558)}
{'epoch': 73, 'train_loss': 0.067, 'train_acc': 0.9654, 'task_loss': (0.0099, 0.0571)}
{'epoch': 74, 'train_loss': 0.0608, 'train_acc': 0.9672, 'task_loss': (0.006, 0.0548)}
{'epoch': 75, 'train_loss': 0.0603, 'train_acc': 0.9709, 'task_loss': (0.0121, 0.0482)}
{'epoch': 76, 'train_loss': 0.048, 'train_acc': 0.9765, 'task_loss': (0.0048, 0.0431)}
{'epoch': 77, 'train_loss': 0.0686, 'train_acc': 0.9599, 'task_loss': (0.0142, 0.0543)}
{'epoch': 78, 'train_loss': 0.06, 'train_acc': 0.9709, 'task_loss': (0.0094, 0.0505)}
{'epoch': 79, 'train_loss': 0.0672, 'train_acc': 0.9709, 'task_loss': (0.0146, 0.0527)}
{'epoch': 80, 'train_loss': 0.0492, 'train_acc': 0.9744, 'task_loss': (0.0112, 0.038)}
{'epoch': 81, 'train_loss': 0.0434, 'train_acc': 0.9854, 'task_loss': (0.0093, 0.0341)}
{'epoch': 82, 'train_loss': 0.066, 'train_acc': 0.9672, 'task_loss': (0.0153, 0.0507)}
{'epoch': 83, 'train_loss': 0.05, 'train_acc': 0.9818, 'task_loss': (0.0121, 0.0378)}
{'epoch': 84, 'train_loss': 0.0741, 'train_acc': 0.9617, 'task_loss': (0.0141, 0.0599)}
{'epoch': 85, 'train_loss': 0.0587, 'train_acc': 0.9711, 'task_loss': (0.0118, 0.0469)}
{'epoch': 86, 'train_loss': 0.0452, 'train_acc': 0.9781, 'task_loss': (0.0083, 0.0368)}
{'epoch': 87, 'train_loss': 0.0511, 'train_acc': 0.9763, 'task_loss': (0.0051, 0.046)}
{'epoch': 88, 'train_loss': 0.052, 'train_acc': 0.9745, 'task_loss': (0.011, 0.041)}
{'epoch': 89, 'train_loss': 0.0446, 'train_acc': 0.9818, 'task_loss': (0.005, 0.0396)}
{'epoch': 90, 'train_loss': 0.0441, 'train_acc': 0.9781, 'task_loss': (0.0081, 0.036)}
{'epoch': 91, 'train_loss': 0.0814, 'train_acc': 0.9707, 'task_loss': (0.0284, 0.053)}
{'epoch': 92, 'train_loss': 0.055, 'train_acc': 0.9763, 'task_loss': (0.0115, 0.0435)}
{'epoch': 93, 'train_loss': 0.0577, 'train_acc': 0.9693, 'task_loss': (0.0102, 0.0475)}
{'epoch': 94, 'train_loss': 0.039, 'train_acc': 0.9836, 'task_loss': (0.0052, 0.0338)}
{'epoch': 95, 'train_loss': 0.053, 'train_acc': 0.9709, 'task_loss': (0.0072, 0.0458)}
{'epoch': 96, 'train_loss': 0.0512, 'train_acc': 0.9727, 'task_loss': (0.0077, 0.0434)}
{'epoch': 97, 'train_loss': 0.0521, 'train_acc': 0.9654, 'task_loss': (0.0082, 0.0439)}
{'epoch': 98, 'train_loss': 0.0412, 'train_acc': 0.9891, 'task_loss': (0.0073, 0.0339)}
{'epoch': 99, 'train_loss': 0.0478, 'train_acc': 0.9818, 'task_loss': (0.0156, 0.0323)}
{'epoch': 100, 'train_loss': 0.0457, 'train_acc': 0.98, 'task_loss': (0.0087, 0.037)}
{'run_num': 4, 'final_test_err': 0.12224999999999997}
Files already downloaded and verified
Files already downloaded and verified
{'epoch': 1, 'train_loss': 0.8978, 'train_acc': 0.6184, 'task_loss': (0.49, 0.4078)}
{'epoch': 2, 'train_loss': 0.7197, 'train_acc': 0.7158, 'task_loss': (0.3528, 0.3669)}
{'epoch': 3, 'train_loss': 0.7241, 'train_acc': 0.7195, 'task_loss': (0.3883, 0.3358)}
{'epoch': 4, 'train_loss': 0.644, 'train_acc': 0.725, 'task_loss': (0.3275, 0.3165)}
{'epoch': 5, 'train_loss': 0.57, 'train_acc': 0.7596, 'task_loss': (0.2659, 0.3041)}
{'epoch': 6, 'train_loss': 0.4617, 'train_acc': 0.7978, 'task_loss': (0.2069, 0.2548)}
{'epoch': 7, 'train_loss': 0.4083, 'train_acc': 0.8015, 'task_loss': (0.1542, 0.2541)}
{'epoch': 8, 'train_loss': 0.4759, 'train_acc': 0.7851, 'task_loss': (0.2138, 0.2621)}
{'epoch': 9, 'train_loss': 0.429, 'train_acc': 0.7975, 'task_loss': (0.1886, 0.2404)}
{'epoch': 10, 'train_loss': 0.4471, 'train_acc': 0.7923, 'task_loss': (0.1654, 0.2817)}
{'epoch': 11, 'train_loss': 0.5219, 'train_acc': 0.7796, 'task_loss': (0.2465, 0.2754)}
{'epoch': 12, 'train_loss': 0.4314, 'train_acc': 0.8062, 'task_loss': (0.1744, 0.257)}
{'epoch': 13, 'train_loss': 0.3823, 'train_acc': 0.8069, 'task_loss': (0.1225, 0.2598)}
{'epoch': 14, 'train_loss': 0.4034, 'train_acc': 0.8179, 'task_loss': (0.1638, 0.2396)}
{'epoch': 15, 'train_loss': 0.3691, 'train_acc': 0.8306, 'task_loss': (0.1599, 0.2092)}
{'epoch': 16, 'train_loss': 0.3562, 'train_acc': 0.8434, 'task_loss': (0.1573, 0.1989)}
{'epoch': 17, 'train_loss': 0.3274, 'train_acc': 0.8282, 'task_loss': (0.1181, 0.2093)}
{'epoch': 18, 'train_loss': 0.3062, 'train_acc': 0.8579, 'task_loss': (0.1132, 0.193)}
{'epoch': 19, 'train_loss': 0.3284, 'train_acc': 0.8561, 'task_loss': (0.1274, 0.2009)}
{'epoch': 20, 'train_loss': 0.3343, 'train_acc': 0.8306, 'task_loss': (0.1313, 0.203)}
{'epoch': 21, 'train_loss': 0.3127, 'train_acc': 0.847, 'task_loss': (0.1079, 0.2048)}
{'epoch': 22, 'train_loss': 0.2619, 'train_acc': 0.878, 'task_loss': (0.0941, 0.1678)}
{'epoch': 23, 'train_loss': 0.2727, 'train_acc': 0.8702, 'task_loss': (0.0809, 0.1918)}
{'epoch': 24, 'train_loss': 0.2293, 'train_acc': 0.8852, 'task_loss': (0.0602, 0.1691)}
{'epoch': 25, 'train_loss': 0.2845, 'train_acc': 0.867, 'task_loss': (0.1147, 0.1698)}
{'epoch': 26, 'train_loss': 0.249, 'train_acc': 0.8698, 'task_loss': (0.0672, 0.1818)}
{'epoch': 27, 'train_loss': 0.2224, 'train_acc': 0.8871, 'task_loss': (0.0838, 0.1386)}
{'epoch': 28, 'train_loss': 0.2288, 'train_acc': 0.8944, 'task_loss': (0.0733, 0.1555)}
{'epoch': 29, 'train_loss': 0.2468, 'train_acc': 0.867, 'task_loss': (0.065, 0.1818)}
{'epoch': 30, 'train_loss': 0.2116, 'train_acc': 0.8998, 'task_loss': (0.0957, 0.1158)}
{'epoch': 31, 'train_loss': 0.2306, 'train_acc': 0.8834, 'task_loss': (0.0853, 0.1453)}
{'epoch': 32, 'train_loss': 0.2283, 'train_acc': 0.8743, 'task_loss': (0.0665, 0.1618)}
{'epoch': 33, 'train_loss': 0.2074, 'train_acc': 0.8962, 'task_loss': (0.062, 0.1454)}
{'epoch': 34, 'train_loss': 0.182, 'train_acc': 0.9147, 'task_loss': (0.0617, 0.1203)}
{'epoch': 35, 'train_loss': 0.1902, 'train_acc': 0.9107, 'task_loss': (0.0639, 0.1263)}
{'epoch': 36, 'train_loss': 0.1453, 'train_acc': 0.918, 'task_loss': (0.0262, 0.1191)}
{'epoch': 37, 'train_loss': 0.1661, 'train_acc': 0.9199, 'task_loss': (0.0651, 0.101)}
{'epoch': 38, 'train_loss': 0.178, 'train_acc': 0.9217, 'task_loss': (0.0642, 0.1138)}
{'epoch': 39, 'train_loss': 0.1557, 'train_acc': 0.9199, 'task_loss': (0.0517, 0.104)}
{'epoch': 40, 'train_loss': 0.2167, 'train_acc': 0.9016, 'task_loss': (0.073, 0.1437)}
{'epoch': 41, 'train_loss': 0.1694, 'train_acc': 0.9126, 'task_loss': (0.0458, 0.1236)}
{'epoch': 42, 'train_loss': 0.1751, 'train_acc': 0.9144, 'task_loss': (0.0436, 0.1316)}
{'epoch': 43, 'train_loss': 0.1057, 'train_acc': 0.9403, 'task_loss': (0.0165, 0.0892)}
{'epoch': 44, 'train_loss': 0.1507, 'train_acc': 0.8998, 'task_loss': (0.0301, 0.1207)}
{'epoch': 45, 'train_loss': 0.1522, 'train_acc': 0.9308, 'task_loss': (0.0545, 0.0977)}
{'epoch': 46, 'train_loss': 0.1556, 'train_acc': 0.9196, 'task_loss': (0.0395, 0.1161)}
{'epoch': 47, 'train_loss': 0.1176, 'train_acc': 0.9362, 'task_loss': (0.0252, 0.0924)}
{'epoch': 48, 'train_loss': 0.1119, 'train_acc': 0.9381, 'task_loss': (0.0207, 0.0911)}
{'epoch': 49, 'train_loss': 0.0899, 'train_acc': 0.9654, 'task_loss': (0.0276, 0.0623)}
{'epoch': 50, 'train_loss': 0.109, 'train_acc': 0.9417, 'task_loss': (0.028, 0.081)}
{'epoch': 51, 'train_loss': 0.1027, 'train_acc': 0.9403, 'task_loss': (0.0201, 0.0825)}
{'epoch': 52, 'train_loss': 0.1249, 'train_acc': 0.9344, 'task_loss': (0.0333, 0.0916)}
{'epoch': 53, 'train_loss': 0.1029, 'train_acc': 0.9508, 'task_loss': (0.0314, 0.0716)}
{'epoch': 54, 'train_loss': 0.1222, 'train_acc': 0.9253, 'task_loss': (0.0366, 0.0857)}
{'epoch': 55, 'train_loss': 0.0898, 'train_acc': 0.9545, 'task_loss': (0.0226, 0.0672)}
{'epoch': 56, 'train_loss': 0.1117, 'train_acc': 0.9344, 'task_loss': (0.0176, 0.094)}
{'epoch': 57, 'train_loss': 0.0817, 'train_acc': 0.9634, 'task_loss': (0.0192, 0.0625)}
{'epoch': 58, 'train_loss': 0.1193, 'train_acc': 0.9326, 'task_loss': (0.0163, 0.1029)}
{'epoch': 59, 'train_loss': 0.1034, 'train_acc': 0.9494, 'task_loss': (0.0338, 0.0697)}
{'epoch': 60, 'train_loss': 0.1107, 'train_acc': 0.9454, 'task_loss': (0.0277, 0.083)}
{'epoch': 61, 'train_loss': 0.0832, 'train_acc': 0.9636, 'task_loss': (0.0204, 0.0628)}
{'epoch': 62, 'train_loss': 0.0737, 'train_acc': 0.9709, 'task_loss': (0.0179, 0.0558)}
{'epoch': 63, 'train_loss': 0.0963, 'train_acc': 0.9654, 'task_loss': (0.0441, 0.0522)}
{'epoch': 64, 'train_loss': 0.083, 'train_acc': 0.9472, 'task_loss': (0.0157, 0.0672)}
{'epoch': 65, 'train_loss': 0.0658, 'train_acc': 0.9672, 'task_loss': (0.0095, 0.0564)}
{'epoch': 66, 'train_loss': 0.0702, 'train_acc': 0.9636, 'task_loss': (0.016, 0.0542)}
{'epoch': 67, 'train_loss': 0.0858, 'train_acc': 0.9545, 'task_loss': (0.0163, 0.0694)}
{'epoch': 68, 'train_loss': 0.0659, 'train_acc': 0.9546, 'task_loss': (0.0095, 0.0564)}
{'epoch': 69, 'train_loss': 0.0837, 'train_acc': 0.9563, 'task_loss': (0.0216, 0.062)}
{'epoch': 70, 'train_loss': 0.0726, 'train_acc': 0.9599, 'task_loss': (0.0069, 0.0657)}
{'epoch': 71, 'train_loss': 0.0815, 'train_acc': 0.9581, 'task_loss': (0.0197, 0.0618)}
{'epoch': 72, 'train_loss': 0.0718, 'train_acc': 0.9599, 'task_loss': (0.0105, 0.0614)}
{'epoch': 73, 'train_loss': 0.0548, 'train_acc': 0.9763, 'task_loss': (0.0163, 0.0385)}
{'epoch': 74, 'train_loss': 0.0627, 'train_acc': 0.9636, 'task_loss': (0.0131, 0.0496)}
{'epoch': 75, 'train_loss': 0.0529, 'train_acc': 0.969, 'task_loss': (0.0085, 0.0443)}
{'epoch': 76, 'train_loss': 0.0562, 'train_acc': 0.9765, 'task_loss': (0.0163, 0.0399)}
{'epoch': 77, 'train_loss': 0.0637, 'train_acc': 0.9636, 'task_loss': (0.0197, 0.044)}
{'epoch': 78, 'train_loss': 0.0622, 'train_acc': 0.969, 'task_loss': (0.0134, 0.0489)}
{'epoch': 79, 'train_loss': 0.0589, 'train_acc': 0.9617, 'task_loss': (0.0052, 0.0536)}
{'epoch': 80, 'train_loss': 0.0447, 'train_acc': 0.9817, 'task_loss': (0.0057, 0.039)}
{'epoch': 81, 'train_loss': 0.0513, 'train_acc': 0.9709, 'task_loss': (0.006, 0.0454)}
{'epoch': 82, 'train_loss': 0.0444, 'train_acc': 0.9727, 'task_loss': (0.007, 0.0375)}
{'epoch': 83, 'train_loss': 0.0444, 'train_acc': 0.98, 'task_loss': (0.0063, 0.038)}
{'epoch': 84, 'train_loss': 0.0463, 'train_acc': 0.9781, 'task_loss': (0.0132, 0.0331)}
{'epoch': 85, 'train_loss': 0.0449, 'train_acc': 0.9783, 'task_loss': (0.0104, 0.0345)}
{'epoch': 86, 'train_loss': 0.0443, 'train_acc': 0.9745, 'task_loss': (0.0064, 0.0379)}
{'epoch': 87, 'train_loss': 0.0536, 'train_acc': 0.969, 'task_loss': (0.0107, 0.0428)}
{'epoch': 88, 'train_loss': 0.0451, 'train_acc': 0.98, 'task_loss': (0.0091, 0.036)}
{'epoch': 89, 'train_loss': 0.0403, 'train_acc': 0.98, 'task_loss': (0.0081, 0.0322)}
{'epoch': 90, 'train_loss': 0.0569, 'train_acc': 0.9781, 'task_loss': (0.019, 0.038)}
{'epoch': 91, 'train_loss': 0.0505, 'train_acc': 0.9799, 'task_loss': (0.0075, 0.043)}
{'epoch': 92, 'train_loss': 0.0544, 'train_acc': 0.9617, 'task_loss': (0.0062, 0.0482)}
{'epoch': 93, 'train_loss': 0.054, 'train_acc': 0.9747, 'task_loss': (0.0104, 0.0436)}
{'epoch': 94, 'train_loss': 0.0308, 'train_acc': 0.9891, 'task_loss': (0.006, 0.0248)}
{'epoch': 95, 'train_loss': 0.0438, 'train_acc': 0.9763, 'task_loss': (0.0053, 0.0384)}
{'epoch': 96, 'train_loss': 0.0599, 'train_acc': 0.9745, 'task_loss': (0.0217, 0.0382)}
{'epoch': 97, 'train_loss': 0.0577, 'train_acc': 0.9763, 'task_loss': (0.0086, 0.0491)}
{'epoch': 98, 'train_loss': 0.0347, 'train_acc': 0.9909, 'task_loss': (0.0051, 0.0296)}
{'epoch': 99, 'train_loss': 0.041, 'train_acc': 0.9836, 'task_loss': (0.0059, 0.0351)}
{'epoch': 100, 'train_loss': 0.0604, 'train_acc': 0.9781, 'task_loss': (0.0147, 0.0457)}
{'run_num': 5, 'final_test_err': 0.12250000000000005}
Files already downloaded and verified
Files already downloaded and verified
{'epoch': 1, 'train_loss': 0.888, 'train_acc': 0.6637, 'task_loss': (0.4535, 0.4345)}
{'epoch': 2, 'train_loss': 0.7524, 'train_acc': 0.7067, 'task_loss': (0.4213, 0.3311)}
{'epoch': 3, 'train_loss': 0.6148, 'train_acc': 0.7013, 'task_loss': (0.2725, 0.3423)}
{'epoch': 4, 'train_loss': 0.5079, 'train_acc': 0.7559, 'task_loss': (0.2069, 0.301)}
{'epoch': 5, 'train_loss': 0.5671, 'train_acc': 0.7541, 'task_loss': (0.2695, 0.2975)}
{'epoch': 6, 'train_loss': 0.5021, 'train_acc': 0.7832, 'task_loss': (0.1939, 0.3082)}
{'epoch': 7, 'train_loss': 0.5251, 'train_acc': 0.7723, 'task_loss': (0.2456, 0.2795)}
{'epoch': 8, 'train_loss': 0.4138, 'train_acc': 0.7778, 'task_loss': (0.154, 0.2598)}
{'epoch': 9, 'train_loss': 0.4585, 'train_acc': 0.7884, 'task_loss': (0.2219, 0.2366)}
{'epoch': 10, 'train_loss': 0.4774, 'train_acc': 0.7377, 'task_loss': (0.148, 0.3294)}
{'epoch': 11, 'train_loss': 0.4263, 'train_acc': 0.816, 'task_loss': (0.1894, 0.2369)}
{'epoch': 12, 'train_loss': 0.4036, 'train_acc': 0.8227, 'task_loss': (0.1726, 0.231)}
{'epoch': 13, 'train_loss': 0.386, 'train_acc': 0.8197, 'task_loss': (0.1621, 0.2239)}
{'epoch': 14, 'train_loss': 0.3697, 'train_acc': 0.8379, 'task_loss': (0.1685, 0.2012)}
{'epoch': 15, 'train_loss': 0.4821, 'train_acc': 0.7869, 'task_loss': (0.2012, 0.281)}
{'epoch': 16, 'train_loss': 0.2959, 'train_acc': 0.8543, 'task_loss': (0.1277, 0.1682)}
{'epoch': 17, 'train_loss': 0.3418, 'train_acc': 0.8318, 'task_loss': (0.1265, 0.2153)}
{'epoch': 18, 'train_loss': 0.3559, 'train_acc': 0.8288, 'task_loss': (0.1504, 0.2055)}
{'epoch': 19, 'train_loss': 0.2813, 'train_acc': 0.8743, 'task_loss': (0.1233, 0.158)}
{'epoch': 20, 'train_loss': 0.3416, 'train_acc': 0.8342, 'task_loss': (0.1082, 0.2335)}
{'epoch': 21, 'train_loss': 0.3314, 'train_acc': 0.8488, 'task_loss': (0.1112, 0.2202)}
{'epoch': 22, 'train_loss': 0.2815, 'train_acc': 0.8707, 'task_loss': (0.0667, 0.2148)}
{'epoch': 23, 'train_loss': 0.2884, 'train_acc': 0.8629, 'task_loss': (0.1021, 0.1862)}
{'epoch': 24, 'train_loss': 0.2665, 'train_acc': 0.8597, 'task_loss': (0.0903, 0.1761)}
{'epoch': 25, 'train_loss': 0.4223, 'train_acc': 0.8233, 'task_loss': (0.2327, 0.1896)}
{'epoch': 26, 'train_loss': 0.3348, 'train_acc': 0.8499, 'task_loss': (0.0886, 0.2463)}
{'epoch': 27, 'train_loss': 0.2621, 'train_acc': 0.8689, 'task_loss': (0.095, 0.1671)}
{'epoch': 28, 'train_loss': 0.2068, 'train_acc': 0.8907, 'task_loss': (0.0667, 0.1401)}
{'epoch': 29, 'train_loss': 0.2308, 'train_acc': 0.8907, 'task_loss': (0.0825, 0.1483)}
{'epoch': 30, 'train_loss': 0.2411, 'train_acc': 0.8725, 'task_loss': (0.0743, 0.1667)}
{'epoch': 31, 'train_loss': 0.2753, 'train_acc': 0.8616, 'task_loss': (0.0967, 0.1786)}
{'epoch': 32, 'train_loss': 0.2052, 'train_acc': 0.8925, 'task_loss': (0.0477, 0.1576)}
{'epoch': 33, 'train_loss': 0.2312, 'train_acc': 0.8907, 'task_loss': (0.0859, 0.1453)}
{'epoch': 34, 'train_loss': 0.1937, 'train_acc': 0.9093, 'task_loss': (0.0672, 0.1265)}
{'epoch': 35, 'train_loss': 0.156, 'train_acc': 0.9126, 'task_loss': (0.0404, 0.1156)}
{'epoch': 36, 'train_loss': 0.2362, 'train_acc': 0.8689, 'task_loss': (0.0676, 0.1686)}
{'epoch': 37, 'train_loss': 0.1669, 'train_acc': 0.929, 'task_loss': (0.0473, 0.1196)}
{'epoch': 38, 'train_loss': 0.1572, 'train_acc': 0.9253, 'task_loss': (0.0598, 0.0974)}
{'epoch': 39, 'train_loss': 0.2457, 'train_acc': 0.8907, 'task_loss': (0.0698, 0.1759)}
{'epoch': 40, 'train_loss': 0.1613, 'train_acc': 0.9162, 'task_loss': (0.0483, 0.1131)}
{'epoch': 41, 'train_loss': 0.1217, 'train_acc': 0.9271, 'task_loss': (0.0229, 0.0988)}
{'epoch': 42, 'train_loss': 0.169, 'train_acc': 0.9144, 'task_loss': (0.0534, 0.1155)}
{'epoch': 43, 'train_loss': 0.2142, 'train_acc': 0.8933, 'task_loss': (0.0692, 0.145)}
{'epoch': 44, 'train_loss': 0.1545, 'train_acc': 0.9217, 'task_loss': (0.0546, 0.0999)}
{'epoch': 45, 'train_loss': 0.1534, 'train_acc': 0.9344, 'task_loss': (0.0606, 0.0928)}
{'epoch': 46, 'train_loss': 0.1371, 'train_acc': 0.9159, 'task_loss': (0.0291, 0.108)}
{'epoch': 47, 'train_loss': 0.1384, 'train_acc': 0.9271, 'task_loss': (0.0295, 0.1089)}
{'epoch': 48, 'train_loss': 0.1331, 'train_acc': 0.9253, 'task_loss': (0.0359, 0.0973)}
{'epoch': 49, 'train_loss': 0.1125, 'train_acc': 0.9326, 'task_loss': (0.019, 0.0935)}
{'epoch': 50, 'train_loss': 0.1342, 'train_acc': 0.9381, 'task_loss': (0.0332, 0.101)}
{'epoch': 51, 'train_loss': 0.1017, 'train_acc': 0.953, 'task_loss': (0.0276, 0.0741)}
{'epoch': 52, 'train_loss': 0.1187, 'train_acc': 0.9435, 'task_loss': (0.0246, 0.0941)}
{'epoch': 53, 'train_loss': 0.1238, 'train_acc': 0.9308, 'task_loss': (0.0262, 0.0976)}
{'epoch': 54, 'train_loss': 0.1355, 'train_acc': 0.9344, 'task_loss': (0.0426, 0.0928)}
{'epoch': 55, 'train_loss': 0.0879, 'train_acc': 0.9508, 'task_loss': (0.0118, 0.0761)}
{'epoch': 56, 'train_loss': 0.1204, 'train_acc': 0.9362, 'task_loss': (0.0331, 0.0874)}
{'epoch': 57, 'train_loss': 0.0924, 'train_acc': 0.9561, 'task_loss': (0.028, 0.0643)}
{'epoch': 58, 'train_loss': 0.1, 'train_acc': 0.9508, 'task_loss': (0.0219, 0.0781)}
{'epoch': 59, 'train_loss': 0.1201, 'train_acc': 0.9313, 'task_loss': (0.0287, 0.0914)}
{'epoch': 60, 'train_loss': 0.1194, 'train_acc': 0.9399, 'task_loss': (0.0281, 0.0913)}
{'epoch': 61, 'train_loss': 0.0762, 'train_acc': 0.9654, 'task_loss': (0.0212, 0.055)}
{'epoch': 62, 'train_loss': 0.0781, 'train_acc': 0.9563, 'task_loss': (0.0128, 0.0653)}
{'epoch': 63, 'train_loss': 0.0786, 'train_acc': 0.9563, 'task_loss': (0.0219, 0.0567)}
{'epoch': 64, 'train_loss': 0.095, 'train_acc': 0.9381, 'task_loss': (0.0209, 0.0741)}
{'epoch': 65, 'train_loss': 0.096, 'train_acc': 0.9472, 'task_loss': (0.0263, 0.0697)}
{'epoch': 66, 'train_loss': 0.0853, 'train_acc': 0.9563, 'task_loss': (0.0168, 0.0685)}
{'epoch': 67, 'train_loss': 0.1005, 'train_acc': 0.9545, 'task_loss': (0.0284, 0.0721)}
{'epoch': 68, 'train_loss': 0.064, 'train_acc': 0.9782, 'task_loss': (0.017, 0.047)}
{'epoch': 69, 'train_loss': 0.0716, 'train_acc': 0.9672, 'task_loss': (0.0189, 0.0526)}
{'epoch': 70, 'train_loss': 0.0767, 'train_acc': 0.9563, 'task_loss': (0.0215, 0.0552)}
{'epoch': 71, 'train_loss': 0.0672, 'train_acc': 0.9654, 'task_loss': (0.0154, 0.0518)}
{'epoch': 72, 'train_loss': 0.0679, 'train_acc': 0.969, 'task_loss': (0.0167, 0.0511)}
{'epoch': 73, 'train_loss': 0.0864, 'train_acc': 0.9599, 'task_loss': (0.0369, 0.0495)}
{'epoch': 74, 'train_loss': 0.0667, 'train_acc': 0.9654, 'task_loss': (0.0072, 0.0595)}
{'epoch': 75, 'train_loss': 0.053, 'train_acc': 0.969, 'task_loss': (0.0064, 0.0466)}
{'epoch': 76, 'train_loss': 0.0515, 'train_acc': 0.9693, 'task_loss': (0.0082, 0.0433)}
{'epoch': 77, 'train_loss': 0.0586, 'train_acc': 0.969, 'task_loss': (0.0143, 0.0443)}
{'epoch': 78, 'train_loss': 0.0484, 'train_acc': 0.98, 'task_loss': (0.0119, 0.0364)}
{'epoch': 79, 'train_loss': 0.0711, 'train_acc': 0.9727, 'task_loss': (0.0206, 0.0504)}
{'epoch': 80, 'train_loss': 0.0465, 'train_acc': 0.9835, 'task_loss': (0.0125, 0.0341)}
{'epoch': 81, 'train_loss': 0.0499, 'train_acc': 0.9818, 'task_loss': (0.009, 0.0409)}
{'epoch': 82, 'train_loss': 0.0511, 'train_acc': 0.9818, 'task_loss': (0.0162, 0.0349)}
{'epoch': 83, 'train_loss': 0.0521, 'train_acc': 0.98, 'task_loss': (0.0122, 0.0399)}
{'epoch': 84, 'train_loss': 0.0511, 'train_acc': 0.9727, 'task_loss': (0.0107, 0.0404)}
{'epoch': 85, 'train_loss': 0.0462, 'train_acc': 0.9819, 'task_loss': (0.0099, 0.0363)}
{'epoch': 86, 'train_loss': 0.0485, 'train_acc': 0.9763, 'task_loss': (0.0076, 0.0409)}
{'epoch': 87, 'train_loss': 0.0319, 'train_acc': 0.9872, 'task_loss': (0.0039, 0.028)}
{'epoch': 88, 'train_loss': 0.0534, 'train_acc': 0.969, 'task_loss': (0.0086, 0.0448)}
{'epoch': 89, 'train_loss': 0.0495, 'train_acc': 0.9745, 'task_loss': (0.0082, 0.0414)}
{'epoch': 90, 'train_loss': 0.0623, 'train_acc': 0.9654, 'task_loss': (0.0063, 0.056)}
{'epoch': 91, 'train_loss': 0.0478, 'train_acc': 0.9744, 'task_loss': (0.0075, 0.0402)}
{'epoch': 92, 'train_loss': 0.0522, 'train_acc': 0.9709, 'task_loss': (0.0076, 0.0446)}
{'epoch': 93, 'train_loss': 0.0445, 'train_acc': 0.9801, 'task_loss': (0.0066, 0.0379)}
{'epoch': 94, 'train_loss': 0.0637, 'train_acc': 0.9599, 'task_loss': (0.0091, 0.0546)}
{'epoch': 95, 'train_loss': 0.0457, 'train_acc': 0.9872, 'task_loss': (0.01, 0.0357)}
{'epoch': 96, 'train_loss': 0.0463, 'train_acc': 0.9781, 'task_loss': (0.0065, 0.0398)}
{'epoch': 97, 'train_loss': 0.0588, 'train_acc': 0.9672, 'task_loss': (0.008, 0.0507)}
{'epoch': 98, 'train_loss': 0.0517, 'train_acc': 0.98, 'task_loss': (0.0167, 0.0349)}
{'epoch': 99, 'train_loss': 0.0622, 'train_acc': 0.9672, 'task_loss': (0.0111, 0.0511)}
{'epoch': 100, 'train_loss': 0.0624, 'train_acc': 0.9709, 'task_loss': (0.0213, 0.041)}
{'run_num': 6, 'final_test_err': 0.12724999999999997}
Files already downloaded and verified
Files already downloaded and verified
{'epoch': 1, 'train_loss': 0.8977, 'train_acc': 0.6564, 'task_loss': (0.5083, 0.3894)}
{'epoch': 2, 'train_loss': 0.7308, 'train_acc': 0.6703, 'task_loss': (0.375, 0.3558)}
{'epoch': 3, 'train_loss': 0.6045, 'train_acc': 0.7049, 'task_loss': (0.2567, 0.3478)}
{'epoch': 4, 'train_loss': 0.6385, 'train_acc': 0.7268, 'task_loss': (0.323, 0.3155)}
{'epoch': 5, 'train_loss': 0.5123, 'train_acc': 0.7468, 'task_loss': (0.2099, 0.3023)}
{'epoch': 6, 'train_loss': 0.4949, 'train_acc': 0.7778, 'task_loss': (0.2185, 0.2764)}
{'epoch': 7, 'train_loss': 0.5449, 'train_acc': 0.765, 'task_loss': (0.2812, 0.2637)}
{'epoch': 8, 'train_loss': 0.4985, 'train_acc': 0.7596, 'task_loss': (0.2118, 0.2867)}
{'epoch': 9, 'train_loss': 0.4511, 'train_acc': 0.7993, 'task_loss': (0.1918, 0.2593)}
{'epoch': 10, 'train_loss': 0.4665, 'train_acc': 0.7923, 'task_loss': (0.1895, 0.277)}
{'epoch': 11, 'train_loss': 0.4378, 'train_acc': 0.8015, 'task_loss': (0.1862, 0.2515)}
{'epoch': 12, 'train_loss': 0.3611, 'train_acc': 0.83, 'task_loss': (0.1583, 0.2028)}
{'epoch': 13, 'train_loss': 0.4127, 'train_acc': 0.7923, 'task_loss': (0.1518, 0.2609)}
{'epoch': 14, 'train_loss': 0.3399, 'train_acc': 0.827, 'task_loss': (0.118, 0.2218)}
{'epoch': 15, 'train_loss': 0.3879, 'train_acc': 0.8324, 'task_loss': (0.1574, 0.2305)}
{'epoch': 16, 'train_loss': 0.3217, 'train_acc': 0.827, 'task_loss': (0.1207, 0.2011)}
{'epoch': 17, 'train_loss': 0.2833, 'train_acc': 0.8517, 'task_loss': (0.0934, 0.1899)}
{'epoch': 18, 'train_loss': 0.3039, 'train_acc': 0.8543, 'task_loss': (0.12, 0.1839)}
{'epoch': 19, 'train_loss': 0.3024, 'train_acc': 0.8415, 'task_loss': (0.1095, 0.1928)}
{'epoch': 20, 'train_loss': 0.2737, 'train_acc': 0.8579, 'task_loss': (0.0848, 0.189)}
{'epoch': 21, 'train_loss': 0.3811, 'train_acc': 0.847, 'task_loss': (0.1701, 0.2109)}
{'epoch': 22, 'train_loss': 0.288, 'train_acc': 0.8579, 'task_loss': (0.0903, 0.1977)}
{'epoch': 23, 'train_loss': 0.2876, 'train_acc': 0.872, 'task_loss': (0.1147, 0.1729)}
{'epoch': 24, 'train_loss': 0.3121, 'train_acc': 0.8561, 'task_loss': (0.1208, 0.1913)}
{'epoch': 25, 'train_loss': 0.2233, 'train_acc': 0.8944, 'task_loss': (0.0655, 0.1578)}
{'epoch': 26, 'train_loss': 0.2583, 'train_acc': 0.8626, 'task_loss': (0.1043, 0.1541)}
{'epoch': 27, 'train_loss': 0.273, 'train_acc': 0.8597, 'task_loss': (0.0916, 0.1815)}
{'epoch': 28, 'train_loss': 0.2328, 'train_acc': 0.8798, 'task_loss': (0.0693, 0.1635)}
{'epoch': 29, 'train_loss': 0.2722, 'train_acc': 0.8689, 'task_loss': (0.0914, 0.1808)}
{'epoch': 30, 'train_loss': 0.2265, 'train_acc': 0.8889, 'task_loss': (0.0752, 0.1513)}
{'epoch': 31, 'train_loss': 0.2246, 'train_acc': 0.8816, 'task_loss': (0.0624, 0.1623)}
{'epoch': 32, 'train_loss': 0.2499, 'train_acc': 0.8907, 'task_loss': (0.0918, 0.1582)}
{'epoch': 33, 'train_loss': 0.2243, 'train_acc': 0.8816, 'task_loss': (0.072, 0.1523)}
{'epoch': 34, 'train_loss': 0.197, 'train_acc': 0.9038, 'task_loss': (0.0622, 0.1347)}
{'epoch': 35, 'train_loss': 0.1946, 'train_acc': 0.898, 'task_loss': (0.0502, 0.1445)}
{'epoch': 36, 'train_loss': 0.2165, 'train_acc': 0.9016, 'task_loss': (0.084, 0.1325)}
{'epoch': 37, 'train_loss': 0.1691, 'train_acc': 0.9107, 'task_loss': (0.0346, 0.1345)}
{'epoch': 38, 'train_loss': 0.2041, 'train_acc': 0.8871, 'task_loss': (0.0526, 0.1515)}
{'epoch': 39, 'train_loss': 0.1807, 'train_acc': 0.9107, 'task_loss': (0.057, 0.1237)}
{'epoch': 40, 'train_loss': 0.1769, 'train_acc': 0.9144, 'task_loss': (0.0698, 0.1071)}
{'epoch': 41, 'train_loss': 0.1753, 'train_acc': 0.9053, 'task_loss': (0.0575, 0.1177)}
{'epoch': 42, 'train_loss': 0.1616, 'train_acc': 0.9107, 'task_loss': (0.0303, 0.1313)}
{'epoch': 43, 'train_loss': 0.1812, 'train_acc': 0.9186, 'task_loss': (0.0615, 0.1196)}
{'epoch': 44, 'train_loss': 0.1477, 'train_acc': 0.9107, 'task_loss': (0.0245, 0.1232)}
{'epoch': 45, 'train_loss': 0.1457, 'train_acc': 0.9253, 'task_loss': (0.0387, 0.107)}
{'epoch': 46, 'train_loss': 0.1288, 'train_acc': 0.925, 'task_loss': (0.0262, 0.1026)}
{'epoch': 47, 'train_loss': 0.154, 'train_acc': 0.9308, 'task_loss': (0.052, 0.102)}
{'epoch': 48, 'train_loss': 0.1361, 'train_acc': 0.918, 'task_loss': (0.0333, 0.1028)}
{'epoch': 49, 'train_loss': 0.1217, 'train_acc': 0.9417, 'task_loss': (0.0311, 0.0906)}
{'epoch': 50, 'train_loss': 0.1098, 'train_acc': 0.9417, 'task_loss': (0.0264, 0.0834)}
{'epoch': 51, 'train_loss': 0.1165, 'train_acc': 0.9331, 'task_loss': (0.0185, 0.098)}
{'epoch': 52, 'train_loss': 0.1048, 'train_acc': 0.9417, 'task_loss': (0.0255, 0.0792)}
{'epoch': 53, 'train_loss': 0.1186, 'train_acc': 0.9417, 'task_loss': (0.0352, 0.0835)}
{'epoch': 54, 'train_loss': 0.1258, 'train_acc': 0.9417, 'task_loss': (0.0401, 0.0857)}
{'epoch': 55, 'train_loss': 0.0931, 'train_acc': 0.949, 'task_loss': (0.02, 0.0732)}
{'epoch': 56, 'train_loss': 0.0856, 'train_acc': 0.9563, 'task_loss': (0.0221, 0.0634)}
{'epoch': 57, 'train_loss': 0.1104, 'train_acc': 0.9397, 'task_loss': (0.0337, 0.0766)}
{'epoch': 58, 'train_loss': 0.1128, 'train_acc': 0.9435, 'task_loss': (0.0308, 0.082)}
{'epoch': 59, 'train_loss': 0.0744, 'train_acc': 0.9656, 'task_loss': (0.0161, 0.0584)}
{'epoch': 60, 'train_loss': 0.092, 'train_acc': 0.9526, 'task_loss': (0.0279, 0.0641)}
{'epoch': 61, 'train_loss': 0.1103, 'train_acc': 0.9362, 'task_loss': (0.0237, 0.0866)}
{'epoch': 62, 'train_loss': 0.0716, 'train_acc': 0.9636, 'task_loss': (0.0135, 0.0581)}
{'epoch': 63, 'train_loss': 0.068, 'train_acc': 0.9654, 'task_loss': (0.0137, 0.0543)}
{'epoch': 64, 'train_loss': 0.0666, 'train_acc': 0.9727, 'task_loss': (0.0249, 0.0417)}
{'epoch': 65, 'train_loss': 0.0585, 'train_acc': 0.9636, 'task_loss': (0.0065, 0.052)}
{'epoch': 66, 'train_loss': 0.0537, 'train_acc': 0.9781, 'task_loss': (0.0087, 0.0449)}
{'epoch': 67, 'train_loss': 0.08, 'train_acc': 0.9617, 'task_loss': (0.0216, 0.0584)}
{'epoch': 68, 'train_loss': 0.0556, 'train_acc': 0.98, 'task_loss': (0.0114, 0.0442)}
{'epoch': 69, 'train_loss': 0.0611, 'train_acc': 0.9709, 'task_loss': (0.0095, 0.0516)}
{'epoch': 70, 'train_loss': 0.0489, 'train_acc': 0.9763, 'task_loss': (0.0067, 0.0422)}
{'epoch': 71, 'train_loss': 0.0711, 'train_acc': 0.9581, 'task_loss': (0.0127, 0.0585)}
{'epoch': 72, 'train_loss': 0.0707, 'train_acc': 0.9745, 'task_loss': (0.0208, 0.0499)}
{'epoch': 73, 'train_loss': 0.0603, 'train_acc': 0.9654, 'task_loss': (0.009, 0.0513)}
{'epoch': 74, 'train_loss': 0.0457, 'train_acc': 0.9727, 'task_loss': (0.0076, 0.0381)}
{'epoch': 75, 'train_loss': 0.0723, 'train_acc': 0.9709, 'task_loss': (0.0152, 0.057)}
{'epoch': 76, 'train_loss': 0.0539, 'train_acc': 0.9656, 'task_loss': (0.0067, 0.0472)}
{'epoch': 77, 'train_loss': 0.0546, 'train_acc': 0.9709, 'task_loss': (0.0061, 0.0485)}
{'epoch': 78, 'train_loss': 0.0449, 'train_acc': 0.9763, 'task_loss': (0.0047, 0.0402)}
{'epoch': 79, 'train_loss': 0.0564, 'train_acc': 0.9781, 'task_loss': (0.0185, 0.0379)}
{'epoch': 80, 'train_loss': 0.0667, 'train_acc': 0.9653, 'task_loss': (0.0117, 0.055)}
{'epoch': 81, 'train_loss': 0.0577, 'train_acc': 0.9854, 'task_loss': (0.0278, 0.0299)}
{'epoch': 82, 'train_loss': 0.0508, 'train_acc': 0.98, 'task_loss': (0.0117, 0.0391)}
{'epoch': 83, 'train_loss': 0.0676, 'train_acc': 0.9563, 'task_loss': (0.0061, 0.0616)}
{'epoch': 84, 'train_loss': 0.06, 'train_acc': 0.9672, 'task_loss': (0.0072, 0.0528)}
{'epoch': 85, 'train_loss': 0.0501, 'train_acc': 0.9765, 'task_loss': (0.0099, 0.0401)}
{'epoch': 86, 'train_loss': 0.0701, 'train_acc': 0.9672, 'task_loss': (0.0229, 0.0472)}
{'epoch': 87, 'train_loss': 0.0387, 'train_acc': 0.9836, 'task_loss': (0.0107, 0.028)}
{'epoch': 88, 'train_loss': 0.0477, 'train_acc': 0.9727, 'task_loss': (0.0073, 0.0404)}
{'epoch': 89, 'train_loss': 0.0527, 'train_acc': 0.9763, 'task_loss': (0.0068, 0.0458)}
{'epoch': 90, 'train_loss': 0.0509, 'train_acc': 0.9727, 'task_loss': (0.0095, 0.0414)}
{'epoch': 91, 'train_loss': 0.0329, 'train_acc': 0.989, 'task_loss': (0.0077, 0.0252)}
{'epoch': 92, 'train_loss': 0.0429, 'train_acc': 0.9781, 'task_loss': (0.0052, 0.0377)}
{'epoch': 93, 'train_loss': 0.0559, 'train_acc': 0.9675, 'task_loss': (0.008, 0.0479)}
{'epoch': 94, 'train_loss': 0.0509, 'train_acc': 0.9654, 'task_loss': (0.0063, 0.0446)}
{'epoch': 95, 'train_loss': 0.0581, 'train_acc': 0.9672, 'task_loss': (0.0068, 0.0513)}
{'epoch': 96, 'train_loss': 0.0476, 'train_acc': 0.98, 'task_loss': (0.0066, 0.041)}
{'epoch': 97, 'train_loss': 0.0475, 'train_acc': 0.9763, 'task_loss': (0.0079, 0.0396)}
{'epoch': 98, 'train_loss': 0.0534, 'train_acc': 0.9745, 'task_loss': (0.0142, 0.0392)}
{'epoch': 99, 'train_loss': 0.0385, 'train_acc': 0.9872, 'task_loss': (0.0063, 0.0321)}
{'epoch': 100, 'train_loss': 0.0586, 'train_acc': 0.9727, 'task_loss': (0.0093, 0.0493)}
{'run_num': 7, 'final_test_err': 0.12849999999999995}
Files already downloaded and verified
Files already downloaded and verified
{'epoch': 1, 'train_loss': 0.8582, 'train_acc': 0.6203, 'task_loss': (0.4576, 0.4006)}
{'epoch': 2, 'train_loss': 0.7537, 'train_acc': 0.6703, 'task_loss': (0.3853, 0.3684)}
{'epoch': 3, 'train_loss': 0.6434, 'train_acc': 0.7341, 'task_loss': (0.3161, 0.3273)}
{'epoch': 4, 'train_loss': 0.6817, 'train_acc': 0.7031, 'task_loss': (0.3271, 0.3546)}
{'epoch': 5, 'train_loss': 0.4703, 'train_acc': 0.7832, 'task_loss': (0.2081, 0.2622)}
{'epoch': 6, 'train_loss': 0.4723, 'train_acc': 0.7778, 'task_loss': (0.1707, 0.3016)}
{'epoch': 7, 'train_loss': 0.483, 'train_acc': 0.8051, 'task_loss': (0.2287, 0.2543)}
{'epoch': 8, 'train_loss': 0.4559, 'train_acc': 0.7705, 'task_loss': (0.1722, 0.2837)}
{'epoch': 9, 'train_loss': 0.4618, 'train_acc': 0.7884, 'task_loss': (0.2418, 0.22)}
{'epoch': 10, 'train_loss': 0.4765, 'train_acc': 0.7614, 'task_loss': (0.2049, 0.2717)}
{'epoch': 11, 'train_loss': 0.3801, 'train_acc': 0.8288, 'task_loss': (0.1639, 0.2163)}
{'epoch': 12, 'train_loss': 0.3803, 'train_acc': 0.8026, 'task_loss': (0.1219, 0.2584)}
{'epoch': 13, 'train_loss': 0.3573, 'train_acc': 0.8087, 'task_loss': (0.1084, 0.2489)}
{'epoch': 14, 'train_loss': 0.392, 'train_acc': 0.8288, 'task_loss': (0.1903, 0.2017)}
{'epoch': 15, 'train_loss': 0.3561, 'train_acc': 0.8233, 'task_loss': (0.1343, 0.2218)}
{'epoch': 16, 'train_loss': 0.389, 'train_acc': 0.8434, 'task_loss': (0.1706, 0.2184)}
{'epoch': 17, 'train_loss': 0.3334, 'train_acc': 0.8354, 'task_loss': (0.1257, 0.2077)}
{'epoch': 18, 'train_loss': 0.2762, 'train_acc': 0.8761, 'task_loss': (0.0794, 0.1968)}
{'epoch': 19, 'train_loss': 0.2942, 'train_acc': 0.8561, 'task_loss': (0.106, 0.1882)}
{'epoch': 20, 'train_loss': 0.298, 'train_acc': 0.8707, 'task_loss': (0.1326, 0.1653)}
{'epoch': 21, 'train_loss': 0.3075, 'train_acc': 0.8506, 'task_loss': (0.1041, 0.2034)}
{'epoch': 22, 'train_loss': 0.3385, 'train_acc': 0.8579, 'task_loss': (0.1666, 0.1719)}
{'epoch': 23, 'train_loss': 0.3086, 'train_acc': 0.8647, 'task_loss': (0.1172, 0.1914)}
{'epoch': 24, 'train_loss': 0.2492, 'train_acc': 0.8707, 'task_loss': (0.0709, 0.1783)}
{'epoch': 25, 'train_loss': 0.2775, 'train_acc': 0.8561, 'task_loss': (0.1058, 0.1717)}
{'epoch': 26, 'train_loss': 0.2483, 'train_acc': 0.8716, 'task_loss': (0.0916, 0.1567)}
{'epoch': 27, 'train_loss': 0.3169, 'train_acc': 0.847, 'task_loss': (0.1262, 0.1907)}
{'epoch': 28, 'train_loss': 0.2439, 'train_acc': 0.8561, 'task_loss': (0.0683, 0.1755)}
{'epoch': 29, 'train_loss': 0.2513, 'train_acc': 0.867, 'task_loss': (0.0749, 0.1765)}
{'epoch': 30, 'train_loss': 0.1933, 'train_acc': 0.9035, 'task_loss': (0.0705, 0.1228)}
{'epoch': 31, 'train_loss': 0.2246, 'train_acc': 0.8852, 'task_loss': (0.059, 0.1656)}
{'epoch': 32, 'train_loss': 0.2098, 'train_acc': 0.8944, 'task_loss': (0.0711, 0.1386)}
{'epoch': 33, 'train_loss': 0.2602, 'train_acc': 0.8689, 'task_loss': (0.097, 0.1632)}
{'epoch': 34, 'train_loss': 0.1663, 'train_acc': 0.8947, 'task_loss': (0.0556, 0.1108)}
{'epoch': 35, 'train_loss': 0.1537, 'train_acc': 0.929, 'task_loss': (0.0407, 0.113)}
{'epoch': 36, 'train_loss': 0.1557, 'train_acc': 0.9126, 'task_loss': (0.0293, 0.1264)}
{'epoch': 37, 'train_loss': 0.1701, 'train_acc': 0.9089, 'task_loss': (0.0401, 0.13)}
{'epoch': 38, 'train_loss': 0.1924, 'train_acc': 0.9235, 'task_loss': (0.0816, 0.1108)}
{'epoch': 39, 'train_loss': 0.2245, 'train_acc': 0.8889, 'task_loss': (0.0704, 0.1541)}
{'epoch': 40, 'train_loss': 0.1517, 'train_acc': 0.9107, 'task_loss': (0.0386, 0.1131)}
{'epoch': 41, 'train_loss': 0.1912, 'train_acc': 0.9089, 'task_loss': (0.0621, 0.1291)}
{'epoch': 42, 'train_loss': 0.1921, 'train_acc': 0.9126, 'task_loss': (0.0594, 0.1327)}
{'epoch': 43, 'train_loss': 0.1965, 'train_acc': 0.915, 'task_loss': (0.0887, 0.1078)}
{'epoch': 44, 'train_loss': 0.1702, 'train_acc': 0.9107, 'task_loss': (0.0586, 0.1116)}
{'epoch': 45, 'train_loss': 0.1636, 'train_acc': 0.9107, 'task_loss': (0.0366, 0.127)}
{'epoch': 46, 'train_loss': 0.2116, 'train_acc': 0.9086, 'task_loss': (0.0815, 0.1301)}
{'epoch': 47, 'train_loss': 0.166, 'train_acc': 0.9107, 'task_loss': (0.0369, 0.1291)}
{'epoch': 48, 'train_loss': 0.1535, 'train_acc': 0.9162, 'task_loss': (0.0407, 0.1129)}
{'epoch': 49, 'train_loss': 0.1904, 'train_acc': 0.9089, 'task_loss': (0.0779, 0.1125)}
{'epoch': 50, 'train_loss': 0.1308, 'train_acc': 0.9472, 'task_loss': (0.0379, 0.0929)}
{'epoch': 51, 'train_loss': 0.1331, 'train_acc': 0.9241, 'task_loss': (0.0419, 0.0912)}
{'epoch': 52, 'train_loss': 0.1098, 'train_acc': 0.9454, 'task_loss': (0.0275, 0.0824)}
{'epoch': 53, 'train_loss': 0.1236, 'train_acc': 0.929, 'task_loss': (0.0273, 0.0964)}
{'epoch': 54, 'train_loss': 0.0972, 'train_acc': 0.9526, 'task_loss': (0.02, 0.0772)}
{'epoch': 55, 'train_loss': 0.1122, 'train_acc': 0.9326, 'task_loss': (0.0322, 0.08)}
{'epoch': 56, 'train_loss': 0.0916, 'train_acc': 0.9526, 'task_loss': (0.0195, 0.0722)}
{'epoch': 57, 'train_loss': 0.0845, 'train_acc': 0.9598, 'task_loss': (0.0146, 0.0698)}
{'epoch': 58, 'train_loss': 0.0992, 'train_acc': 0.9508, 'task_loss': (0.0183, 0.0809)}
{'epoch': 59, 'train_loss': 0.0949, 'train_acc': 0.9421, 'task_loss': (0.0325, 0.0624)}
{'epoch': 60, 'train_loss': 0.0918, 'train_acc': 0.9526, 'task_loss': (0.0191, 0.0727)}
{'epoch': 61, 'train_loss': 0.0873, 'train_acc': 0.9581, 'task_loss': (0.0259, 0.0614)}
{'epoch': 62, 'train_loss': 0.0898, 'train_acc': 0.9563, 'task_loss': (0.0257, 0.0641)}
{'epoch': 63, 'train_loss': 0.0952, 'train_acc': 0.9545, 'task_loss': (0.0214, 0.0737)}
{'epoch': 64, 'train_loss': 0.0769, 'train_acc': 0.9654, 'task_loss': (0.0168, 0.0601)}
{'epoch': 65, 'train_loss': 0.0606, 'train_acc': 0.9636, 'task_loss': (0.0089, 0.0517)}
{'epoch': 66, 'train_loss': 0.0676, 'train_acc': 0.9672, 'task_loss': (0.0144, 0.0533)}
{'epoch': 67, 'train_loss': 0.0675, 'train_acc': 0.9636, 'task_loss': (0.0161, 0.0514)}
{'epoch': 68, 'train_loss': 0.0681, 'train_acc': 0.9637, 'task_loss': (0.0139, 0.0542)}
{'epoch': 69, 'train_loss': 0.0518, 'train_acc': 0.98, 'task_loss': (0.0095, 0.0423)}
{'epoch': 70, 'train_loss': 0.0972, 'train_acc': 0.949, 'task_loss': (0.0305, 0.0667)}
{'epoch': 71, 'train_loss': 0.0572, 'train_acc': 0.9763, 'task_loss': (0.0158, 0.0413)}
{'epoch': 72, 'train_loss': 0.0533, 'train_acc': 0.9727, 'task_loss': (0.0097, 0.0436)}
{'epoch': 73, 'train_loss': 0.0477, 'train_acc': 0.9854, 'task_loss': (0.0123, 0.0354)}
{'epoch': 74, 'train_loss': 0.0646, 'train_acc': 0.9672, 'task_loss': (0.0097, 0.0549)}
{'epoch': 75, 'train_loss': 0.07, 'train_acc': 0.9672, 'task_loss': (0.0182, 0.0518)}
{'epoch': 76, 'train_loss': 0.0734, 'train_acc': 0.9602, 'task_loss': (0.0231, 0.0503)}
{'epoch': 77, 'train_loss': 0.0566, 'train_acc': 0.969, 'task_loss': (0.0088, 0.0478)}
{'epoch': 78, 'train_loss': 0.0615, 'train_acc': 0.9672, 'task_loss': (0.015, 0.0465)}
{'epoch': 79, 'train_loss': 0.0621, 'train_acc': 0.9709, 'task_loss': (0.0078, 0.0543)}
{'epoch': 80, 'train_loss': 0.0484, 'train_acc': 0.9781, 'task_loss': (0.0155, 0.033)}
{'epoch': 81, 'train_loss': 0.0458, 'train_acc': 0.9727, 'task_loss': (0.0081, 0.0378)}
{'epoch': 82, 'train_loss': 0.0635, 'train_acc': 0.9654, 'task_loss': (0.018, 0.0454)}
{'epoch': 83, 'train_loss': 0.0412, 'train_acc': 0.9781, 'task_loss': (0.0075, 0.0337)}
{'epoch': 84, 'train_loss': 0.0592, 'train_acc': 0.9654, 'task_loss': (0.0136, 0.0457)}
{'epoch': 85, 'train_loss': 0.0453, 'train_acc': 0.9783, 'task_loss': (0.009, 0.0363)}
{'epoch': 86, 'train_loss': 0.0546, 'train_acc': 0.9818, 'task_loss': (0.0107, 0.0439)}
{'epoch': 87, 'train_loss': 0.0619, 'train_acc': 0.9709, 'task_loss': (0.0208, 0.0411)}
{'epoch': 88, 'train_loss': 0.0414, 'train_acc': 0.98, 'task_loss': (0.0087, 0.0326)}
{'epoch': 89, 'train_loss': 0.0473, 'train_acc': 0.9709, 'task_loss': (0.0096, 0.0376)}
{'epoch': 90, 'train_loss': 0.0382, 'train_acc': 0.9854, 'task_loss': (0.0111, 0.0272)}
{'epoch': 91, 'train_loss': 0.0414, 'train_acc': 0.9854, 'task_loss': (0.0122, 0.0292)}
{'epoch': 92, 'train_loss': 0.0592, 'train_acc': 0.9727, 'task_loss': (0.0138, 0.0454)}
{'epoch': 93, 'train_loss': 0.0411, 'train_acc': 0.9819, 'task_loss': (0.0082, 0.0329)}
{'epoch': 94, 'train_loss': 0.0442, 'train_acc': 0.98, 'task_loss': (0.0086, 0.0356)}
{'epoch': 95, 'train_loss': 0.0504, 'train_acc': 0.9745, 'task_loss': (0.0088, 0.0416)}
{'epoch': 96, 'train_loss': 0.0483, 'train_acc': 0.9781, 'task_loss': (0.0091, 0.0392)}
{'epoch': 97, 'train_loss': 0.0525, 'train_acc': 0.9745, 'task_loss': (0.0098, 0.0427)}
{'epoch': 98, 'train_loss': 0.0432, 'train_acc': 0.9836, 'task_loss': (0.0095, 0.0337)}
{'epoch': 99, 'train_loss': 0.0344, 'train_acc': 0.9891, 'task_loss': (0.0049, 0.0295)}
{'epoch': 100, 'train_loss': 0.0451, 'train_acc': 0.9745, 'task_loss': (0.007, 0.0381)}
{'run_num': 8, 'final_test_err': 0.11750000000000005}
Files already downloaded and verified
Files already downloaded and verified
{'epoch': 1, 'train_loss': 0.8221, 'train_acc': 0.6275, 'task_loss': (0.4315, 0.3906)}
{'epoch': 2, 'train_loss': 0.6586, 'train_acc': 0.6867, 'task_loss': (0.3176, 0.341)}
{'epoch': 3, 'train_loss': 0.6019, 'train_acc': 0.7395, 'task_loss': (0.293, 0.3089)}
{'epoch': 4, 'train_loss': 0.5338, 'train_acc': 0.7541, 'task_loss': (0.237, 0.2968)}
{'epoch': 5, 'train_loss': 0.5157, 'train_acc': 0.745, 'task_loss': (0.2321, 0.2836)}
{'epoch': 6, 'train_loss': 0.536, 'train_acc': 0.7705, 'task_loss': (0.2133, 0.3227)}
{'epoch': 7, 'train_loss': 0.5084, 'train_acc': 0.7541, 'task_loss': (0.2542, 0.2542)}
{'epoch': 8, 'train_loss': 0.3994, 'train_acc': 0.8069, 'task_loss': (0.1724, 0.227)}
{'epoch': 9, 'train_loss': 0.4643, 'train_acc': 0.783, 'task_loss': (0.1697, 0.2945)}
{'epoch': 10, 'train_loss': 0.4685, 'train_acc': 0.7814, 'task_loss': (0.1816, 0.2869)}
{'epoch': 11, 'train_loss': 0.4266, 'train_acc': 0.7851, 'task_loss': (0.1716, 0.255)}
{'epoch': 12, 'train_loss': 0.3683, 'train_acc': 0.83, 'task_loss': (0.1722, 0.1961)}
{'epoch': 13, 'train_loss': 0.4066, 'train_acc': 0.796, 'task_loss': (0.1587, 0.2479)}
{'epoch': 14, 'train_loss': 0.3416, 'train_acc': 0.8488, 'task_loss': (0.1404, 0.2012)}
{'epoch': 15, 'train_loss': 0.3131, 'train_acc': 0.8361, 'task_loss': (0.0955, 0.2176)}
{'epoch': 16, 'train_loss': 0.3629, 'train_acc': 0.827, 'task_loss': (0.1527, 0.2102)}
{'epoch': 17, 'train_loss': 0.3035, 'train_acc': 0.8499, 'task_loss': (0.1118, 0.1917)}
{'epoch': 18, 'train_loss': 0.2919, 'train_acc': 0.8452, 'task_loss': (0.099, 0.1928)}
{'epoch': 19, 'train_loss': 0.2814, 'train_acc': 0.8379, 'task_loss': (0.0954, 0.1861)}
{'epoch': 20, 'train_loss': 0.2624, 'train_acc': 0.8725, 'task_loss': (0.1015, 0.1609)}
{'epoch': 21, 'train_loss': 0.2776, 'train_acc': 0.8506, 'task_loss': (0.0904, 0.1872)}
{'epoch': 22, 'train_loss': 0.2877, 'train_acc': 0.8652, 'task_loss': (0.0896, 0.1982)}
{'epoch': 23, 'train_loss': 0.2851, 'train_acc': 0.8519, 'task_loss': (0.0868, 0.1983)}
{'epoch': 24, 'train_loss': 0.3353, 'train_acc': 0.8488, 'task_loss': (0.1277, 0.2076)}
{'epoch': 25, 'train_loss': 0.2316, 'train_acc': 0.8798, 'task_loss': (0.0672, 0.1644)}
{'epoch': 26, 'train_loss': 0.3331, 'train_acc': 0.8499, 'task_loss': (0.1374, 0.1957)}
{'epoch': 27, 'train_loss': 0.2238, 'train_acc': 0.8852, 'task_loss': (0.0691, 0.1547)}
{'epoch': 28, 'train_loss': 0.2488, 'train_acc': 0.8761, 'task_loss': (0.0813, 0.1675)}
{'epoch': 29, 'train_loss': 0.2317, 'train_acc': 0.867, 'task_loss': (0.0504, 0.1813)}
{'epoch': 30, 'train_loss': 0.1965, 'train_acc': 0.9089, 'task_loss': (0.0552, 0.1413)}
{'epoch': 31, 'train_loss': 0.1676, 'train_acc': 0.9126, 'task_loss': (0.0488, 0.1188)}
{'epoch': 32, 'train_loss': 0.2353, 'train_acc': 0.8962, 'task_loss': (0.0821, 0.1531)}
{'epoch': 33, 'train_loss': 0.2453, 'train_acc': 0.8962, 'task_loss': (0.0774, 0.168)}
{'epoch': 34, 'train_loss': 0.1792, 'train_acc': 0.902, 'task_loss': (0.04, 0.1392)}
{'epoch': 35, 'train_loss': 0.1659, 'train_acc': 0.918, 'task_loss': (0.0526, 0.1133)}
{'epoch': 36, 'train_loss': 0.2014, 'train_acc': 0.8944, 'task_loss': (0.0609, 0.1406)}
{'epoch': 37, 'train_loss': 0.2138, 'train_acc': 0.8871, 'task_loss': (0.059, 0.1548)}
{'epoch': 38, 'train_loss': 0.1654, 'train_acc': 0.9199, 'task_loss': (0.0446, 0.1208)}
{'epoch': 39, 'train_loss': 0.1652, 'train_acc': 0.9253, 'task_loss': (0.0555, 0.1098)}
{'epoch': 40, 'train_loss': 0.1359, 'train_acc': 0.9308, 'task_loss': (0.0288, 0.1071)}
{'epoch': 41, 'train_loss': 0.1421, 'train_acc': 0.9162, 'task_loss': (0.0216, 0.1205)}
{'epoch': 42, 'train_loss': 0.1477, 'train_acc': 0.9217, 'task_loss': (0.0478, 0.0999)}
{'epoch': 43, 'train_loss': 0.127, 'train_acc': 0.9367, 'task_loss': (0.0314, 0.0955)}
{'epoch': 44, 'train_loss': 0.115, 'train_acc': 0.929, 'task_loss': (0.0174, 0.0976)}
{'epoch': 45, 'train_loss': 0.1954, 'train_acc': 0.9217, 'task_loss': (0.0795, 0.1159)}
{'epoch': 46, 'train_loss': 0.1332, 'train_acc': 0.9342, 'task_loss': (0.0408, 0.0924)}
{'epoch': 47, 'train_loss': 0.1319, 'train_acc': 0.9217, 'task_loss': (0.0387, 0.0932)}
{'epoch': 48, 'train_loss': 0.0946, 'train_acc': 0.9454, 'task_loss': (0.0251, 0.0695)}
{'epoch': 49, 'train_loss': 0.1818, 'train_acc': 0.9053, 'task_loss': (0.0589, 0.123)}
{'epoch': 50, 'train_loss': 0.137, 'train_acc': 0.9217, 'task_loss': (0.0276, 0.1094)}
{'epoch': 51, 'train_loss': 0.0925, 'train_acc': 0.9439, 'task_loss': (0.0141, 0.0783)}
{'epoch': 52, 'train_loss': 0.1131, 'train_acc': 0.9417, 'task_loss': (0.0313, 0.0818)}
{'epoch': 53, 'train_loss': 0.1306, 'train_acc': 0.9362, 'task_loss': (0.036, 0.0946)}
{'epoch': 54, 'train_loss': 0.1104, 'train_acc': 0.9454, 'task_loss': (0.0102, 0.1002)}
{'epoch': 55, 'train_loss': 0.123, 'train_acc': 0.9362, 'task_loss': (0.0406, 0.0824)}
{'epoch': 56, 'train_loss': 0.0998, 'train_acc': 0.9326, 'task_loss': (0.0116, 0.0882)}
{'epoch': 57, 'train_loss': 0.1173, 'train_acc': 0.9506, 'task_loss': (0.0383, 0.079)}
{'epoch': 58, 'train_loss': 0.0887, 'train_acc': 0.949, 'task_loss': (0.0086, 0.0801)}
{'epoch': 59, 'train_loss': 0.0919, 'train_acc': 0.9584, 'task_loss': (0.029, 0.0628)}
{'epoch': 60, 'train_loss': 0.086, 'train_acc': 0.9545, 'task_loss': (0.0191, 0.0669)}
{'epoch': 61, 'train_loss': 0.1142, 'train_acc': 0.9508, 'task_loss': (0.0377, 0.0765)}
{'epoch': 62, 'train_loss': 0.1102, 'train_acc': 0.9545, 'task_loss': (0.0288, 0.0814)}
{'epoch': 63, 'train_loss': 0.0994, 'train_acc': 0.949, 'task_loss': (0.0251, 0.0743)}
{'epoch': 64, 'train_loss': 0.0734, 'train_acc': 0.9617, 'task_loss': (0.0099, 0.0635)}
{'epoch': 65, 'train_loss': 0.0818, 'train_acc': 0.9581, 'task_loss': (0.0322, 0.0496)}
{'epoch': 66, 'train_loss': 0.0728, 'train_acc': 0.9599, 'task_loss': (0.0127, 0.06)}
{'epoch': 67, 'train_loss': 0.1061, 'train_acc': 0.9454, 'task_loss': (0.0232, 0.0829)}
{'epoch': 68, 'train_loss': 0.0603, 'train_acc': 0.9728, 'task_loss': (0.0125, 0.0478)}
{'epoch': 69, 'train_loss': 0.0963, 'train_acc': 0.9672, 'task_loss': (0.0452, 0.0512)}
{'epoch': 70, 'train_loss': 0.0755, 'train_acc': 0.9727, 'task_loss': (0.019, 0.0565)}
{'epoch': 71, 'train_loss': 0.0672, 'train_acc': 0.9545, 'task_loss': (0.0095, 0.0577)}
{'epoch': 72, 'train_loss': 0.082, 'train_acc': 0.9563, 'task_loss': (0.0093, 0.0727)}
{'epoch': 73, 'train_loss': 0.0603, 'train_acc': 0.9745, 'task_loss': (0.0165, 0.0438)}
{'epoch': 74, 'train_loss': 0.0844, 'train_acc': 0.9545, 'task_loss': (0.0181, 0.0663)}
{'epoch': 75, 'train_loss': 0.0725, 'train_acc': 0.9599, 'task_loss': (0.0199, 0.0525)}
{'epoch': 76, 'train_loss': 0.0579, 'train_acc': 0.9837, 'task_loss': (0.0203, 0.0376)}
{'epoch': 77, 'train_loss': 0.0381, 'train_acc': 0.9854, 'task_loss': (0.0081, 0.0301)}
{'epoch': 78, 'train_loss': 0.0586, 'train_acc': 0.9672, 'task_loss': (0.0114, 0.0472)}
{'epoch': 79, 'train_loss': 0.0468, 'train_acc': 0.9872, 'task_loss': (0.0089, 0.0379)}
{'epoch': 80, 'train_loss': 0.054, 'train_acc': 0.9762, 'task_loss': (0.0106, 0.0435)}
{'epoch': 81, 'train_loss': 0.044, 'train_acc': 0.9836, 'task_loss': (0.0149, 0.0291)}
{'epoch': 82, 'train_loss': 0.0621, 'train_acc': 0.9709, 'task_loss': (0.0189, 0.0433)}
{'epoch': 83, 'train_loss': 0.0684, 'train_acc': 0.9599, 'task_loss': (0.0116, 0.0569)}
{'epoch': 84, 'train_loss': 0.0472, 'train_acc': 0.9672, 'task_loss': (0.0076, 0.0396)}
{'epoch': 85, 'train_loss': 0.0447, 'train_acc': 0.9819, 'task_loss': (0.0062, 0.0385)}
{'epoch': 86, 'train_loss': 0.0416, 'train_acc': 0.9854, 'task_loss': (0.0113, 0.0303)}
{'epoch': 87, 'train_loss': 0.0622, 'train_acc': 0.9727, 'task_loss': (0.0219, 0.0403)}
{'epoch': 88, 'train_loss': 0.0602, 'train_acc': 0.969, 'task_loss': (0.0139, 0.0462)}
{'epoch': 89, 'train_loss': 0.05, 'train_acc': 0.9781, 'task_loss': (0.015, 0.035)}
{'epoch': 90, 'train_loss': 0.0378, 'train_acc': 0.9781, 'task_loss': (0.0062, 0.0315)}
{'epoch': 91, 'train_loss': 0.0489, 'train_acc': 0.9689, 'task_loss': (0.0055, 0.0433)}
{'epoch': 92, 'train_loss': 0.0395, 'train_acc': 0.9763, 'task_loss': (0.006, 0.0335)}
{'epoch': 93, 'train_loss': 0.0415, 'train_acc': 0.9819, 'task_loss': (0.0054, 0.036)}
{'epoch': 94, 'train_loss': 0.0501, 'train_acc': 0.9745, 'task_loss': (0.0085, 0.0416)}
{'epoch': 95, 'train_loss': 0.0464, 'train_acc': 0.9727, 'task_loss': (0.0068, 0.0396)}
{'epoch': 96, 'train_loss': 0.0388, 'train_acc': 0.9818, 'task_loss': (0.009, 0.0298)}
{'epoch': 97, 'train_loss': 0.0438, 'train_acc': 0.9763, 'task_loss': (0.0055, 0.0383)}
{'epoch': 98, 'train_loss': 0.051, 'train_acc': 0.9745, 'task_loss': (0.007, 0.0439)}
{'epoch': 99, 'train_loss': 0.057, 'train_acc': 0.969, 'task_loss': (0.007, 0.05)}
{'epoch': 100, 'train_loss': 0.0358, 'train_acc': 0.9836, 'task_loss': (0.0043, 0.0315)}
{'run_num': 9, 'final_test_err': 0.12575000000000003}
{'avg_err': 0.1235, 'std_err': 0.0031}
