{'deploy': True, 'tag': '02_beta/ta_sampler_loss', 'seed': 10, 'device': 'cuda:0', 'reps': 10, 'loss': {'alpha': 0.5, 'tune_alpha': False, 'group_task_loss': True}, 'task': {'dataset': 'split_cifar10', 'task_map': [[0, 1], [2, 3], [4, 5], [6, 7], [8, 9]], 'target': 0, 'ood': [4], 'augment': True, 'n': 50, 'm_n': 12.5, 'beta': 'unbiased', 'custom_sampler': True}, 'hp': {'epochs': 100, 'bs': 16, 'lr': 0.01}, 'net': 'conv'}
Files already downloaded and verified
Files already downloaded and verified
{'epoch': 1, 'train_loss': 1.4456, 'train_acc': 0.6325, 'task_loss': (0.7976, 0.648)}
{'epoch': 2, 'train_loss': 0.8539, 'train_acc': 0.6776, 'task_loss': (0.4368, 0.4171)}
{'epoch': 3, 'train_loss': 0.6387, 'train_acc': 0.7072, 'task_loss': (0.3166, 0.3221)}
{'epoch': 4, 'train_loss': 0.7868, 'train_acc': 0.6944, 'task_loss': (0.4335, 0.3534)}
{'epoch': 5, 'train_loss': 0.4928, 'train_acc': 0.732, 'task_loss': (0.1992, 0.2936)}
{'epoch': 6, 'train_loss': 0.5219, 'train_acc': 0.7656, 'task_loss': (0.266, 0.2559)}
{'epoch': 7, 'train_loss': 0.4539, 'train_acc': 0.7608, 'task_loss': (0.1703, 0.2836)}
{'epoch': 8, 'train_loss': 0.4181, 'train_acc': 0.772, 'task_loss': (0.1663, 0.2518)}
{'epoch': 9, 'train_loss': 0.3844, 'train_acc': 0.792, 'task_loss': (0.1546, 0.2297)}
{'epoch': 10, 'train_loss': 0.4587, 'train_acc': 0.7736, 'task_loss': (0.2114, 0.2473)}
{'epoch': 11, 'train_loss': 0.3694, 'train_acc': 0.8048, 'task_loss': (0.1326, 0.2368)}
{'epoch': 12, 'train_loss': 0.4138, 'train_acc': 0.792, 'task_loss': (0.1867, 0.2271)}
{'epoch': 13, 'train_loss': 0.3994, 'train_acc': 0.792, 'task_loss': (0.1681, 0.2313)}
{'epoch': 14, 'train_loss': 0.2893, 'train_acc': 0.8184, 'task_loss': (0.0819, 0.2073)}
{'epoch': 15, 'train_loss': 0.3593, 'train_acc': 0.8144, 'task_loss': (0.1515, 0.2078)}
{'epoch': 16, 'train_loss': 0.3463, 'train_acc': 0.8008, 'task_loss': (0.1374, 0.2088)}
{'epoch': 17, 'train_loss': 0.3163, 'train_acc': 0.8344, 'task_loss': (0.1137, 0.2027)}
{'epoch': 18, 'train_loss': 0.3999, 'train_acc': 0.804, 'task_loss': (0.1813, 0.2186)}
{'epoch': 19, 'train_loss': 0.3136, 'train_acc': 0.8216, 'task_loss': (0.0998, 0.2138)}
{'epoch': 20, 'train_loss': 0.3226, 'train_acc': 0.8288, 'task_loss': (0.1227, 0.1999)}
{'epoch': 21, 'train_loss': 0.3037, 'train_acc': 0.8264, 'task_loss': (0.1042, 0.1995)}
{'epoch': 22, 'train_loss': 0.26, 'train_acc': 0.8472, 'task_loss': (0.0795, 0.1806)}
{'epoch': 23, 'train_loss': 0.3064, 'train_acc': 0.8328, 'task_loss': (0.1077, 0.1987)}
{'epoch': 24, 'train_loss': 0.3103, 'train_acc': 0.8296, 'task_loss': (0.1123, 0.1981)}
{'epoch': 25, 'train_loss': 0.3004, 'train_acc': 0.8472, 'task_loss': (0.1186, 0.1818)}
{'epoch': 26, 'train_loss': 0.2693, 'train_acc': 0.8416, 'task_loss': (0.0727, 0.1966)}
{'epoch': 27, 'train_loss': 0.2734, 'train_acc': 0.8416, 'task_loss': (0.0901, 0.1833)}
{'epoch': 28, 'train_loss': 0.2489, 'train_acc': 0.8704, 'task_loss': (0.0758, 0.173)}
{'epoch': 29, 'train_loss': 0.221, 'train_acc': 0.868, 'task_loss': (0.047, 0.1739)}
{'epoch': 30, 'train_loss': 0.2592, 'train_acc': 0.8712, 'task_loss': (0.0872, 0.172)}
{'epoch': 31, 'train_loss': 0.2529, 'train_acc': 0.8476, 'task_loss': (0.067, 0.1859)}
{'epoch': 32, 'train_loss': 0.2032, 'train_acc': 0.8784, 'task_loss': (0.0426, 0.1606)}
{'epoch': 33, 'train_loss': 0.2666, 'train_acc': 0.848, 'task_loss': (0.0798, 0.1867)}
{'epoch': 34, 'train_loss': 0.2223, 'train_acc': 0.8632, 'task_loss': (0.058, 0.1643)}
{'epoch': 35, 'train_loss': 0.2414, 'train_acc': 0.8552, 'task_loss': (0.0697, 0.1716)}
{'epoch': 36, 'train_loss': 0.2079, 'train_acc': 0.8672, 'task_loss': (0.0515, 0.1563)}
{'epoch': 37, 'train_loss': 0.2327, 'train_acc': 0.8552, 'task_loss': (0.0658, 0.1669)}
{'epoch': 38, 'train_loss': 0.1946, 'train_acc': 0.8768, 'task_loss': (0.0459, 0.1486)}
{'epoch': 39, 'train_loss': 0.2105, 'train_acc': 0.88, 'task_loss': (0.0552, 0.1553)}
{'epoch': 40, 'train_loss': 0.2264, 'train_acc': 0.872, 'task_loss': (0.0807, 0.1457)}
{'epoch': 41, 'train_loss': 0.2419, 'train_acc': 0.8608, 'task_loss': (0.0725, 0.1695)}
{'epoch': 42, 'train_loss': 0.2073, 'train_acc': 0.86, 'task_loss': (0.0463, 0.1611)}
{'epoch': 43, 'train_loss': 0.178, 'train_acc': 0.884, 'task_loss': (0.0306, 0.1474)}
{'epoch': 44, 'train_loss': 0.2062, 'train_acc': 0.8712, 'task_loss': (0.0445, 0.1617)}
{'epoch': 45, 'train_loss': 0.1738, 'train_acc': 0.8984, 'task_loss': (0.0372, 0.1366)}
{'epoch': 46, 'train_loss': 0.1941, 'train_acc': 0.8913, 'task_loss': (0.0581, 0.136)}
{'epoch': 47, 'train_loss': 0.223, 'train_acc': 0.8864, 'task_loss': (0.077, 0.146)}
{'epoch': 48, 'train_loss': 0.1906, 'train_acc': 0.8856, 'task_loss': (0.0487, 0.1419)}
{'epoch': 49, 'train_loss': 0.1678, 'train_acc': 0.8864, 'task_loss': (0.0287, 0.1391)}
{'epoch': 50, 'train_loss': 0.1673, 'train_acc': 0.904, 'task_loss': (0.0452, 0.1221)}
{'epoch': 51, 'train_loss': 0.1516, 'train_acc': 0.9016, 'task_loss': (0.0235, 0.1281)}
{'epoch': 52, 'train_loss': 0.1723, 'train_acc': 0.8944, 'task_loss': (0.0318, 0.1406)}
{'epoch': 53, 'train_loss': 0.1374, 'train_acc': 0.904, 'task_loss': (0.0186, 0.1188)}
{'epoch': 54, 'train_loss': 0.1599, 'train_acc': 0.9024, 'task_loss': (0.0427, 0.1171)}
{'epoch': 55, 'train_loss': 0.1245, 'train_acc': 0.9144, 'task_loss': (0.0173, 0.1072)}
{'epoch': 56, 'train_loss': 0.1559, 'train_acc': 0.9016, 'task_loss': (0.0317, 0.1243)}
{'epoch': 57, 'train_loss': 0.1435, 'train_acc': 0.9072, 'task_loss': (0.0249, 0.1186)}
{'epoch': 58, 'train_loss': 0.1135, 'train_acc': 0.936, 'task_loss': (0.0226, 0.0909)}
{'epoch': 59, 'train_loss': 0.1184, 'train_acc': 0.9192, 'task_loss': (0.015, 0.1033)}
{'epoch': 60, 'train_loss': 0.1164, 'train_acc': 0.9232, 'task_loss': (0.0164, 0.0999)}
{'epoch': 61, 'train_loss': 0.1065, 'train_acc': 0.9206, 'task_loss': (0.0096, 0.0969)}
{'epoch': 62, 'train_loss': 0.1102, 'train_acc': 0.9256, 'task_loss': (0.0151, 0.095)}
{'epoch': 63, 'train_loss': 0.124, 'train_acc': 0.912, 'task_loss': (0.0186, 0.1055)}
{'epoch': 64, 'train_loss': 0.0945, 'train_acc': 0.9328, 'task_loss': (0.0084, 0.0861)}
{'epoch': 65, 'train_loss': 0.1129, 'train_acc': 0.9264, 'task_loss': (0.0135, 0.0993)}
{'epoch': 66, 'train_loss': 0.1136, 'train_acc': 0.9128, 'task_loss': (0.0153, 0.0984)}
{'epoch': 67, 'train_loss': 0.1162, 'train_acc': 0.9192, 'task_loss': (0.0137, 0.1024)}
{'epoch': 68, 'train_loss': 0.0847, 'train_acc': 0.9536, 'task_loss': (0.0111, 0.0736)}
{'epoch': 69, 'train_loss': 0.1086, 'train_acc': 0.9256, 'task_loss': (0.0183, 0.0903)}
{'epoch': 70, 'train_loss': 0.1225, 'train_acc': 0.9272, 'task_loss': (0.032, 0.0905)}
{'epoch': 71, 'train_loss': 0.1034, 'train_acc': 0.9336, 'task_loss': (0.0149, 0.0885)}
{'epoch': 72, 'train_loss': 0.0968, 'train_acc': 0.932, 'task_loss': (0.0091, 0.0878)}
{'epoch': 73, 'train_loss': 0.097, 'train_acc': 0.932, 'task_loss': (0.0149, 0.0821)}
{'epoch': 74, 'train_loss': 0.1012, 'train_acc': 0.9328, 'task_loss': (0.0115, 0.0897)}
{'epoch': 75, 'train_loss': 0.0977, 'train_acc': 0.9344, 'task_loss': (0.011, 0.0867)}
{'epoch': 76, 'train_loss': 0.0993, 'train_acc': 0.9357, 'task_loss': (0.0206, 0.0787)}
{'epoch': 77, 'train_loss': 0.0956, 'train_acc': 0.936, 'task_loss': (0.0077, 0.0878)}
{'epoch': 78, 'train_loss': 0.0867, 'train_acc': 0.948, 'task_loss': (0.0109, 0.0758)}
{'epoch': 79, 'train_loss': 0.1018, 'train_acc': 0.9424, 'task_loss': (0.0139, 0.0879)}
{'epoch': 80, 'train_loss': 0.102, 'train_acc': 0.932, 'task_loss': (0.0252, 0.0768)}
{'epoch': 81, 'train_loss': 0.0941, 'train_acc': 0.9416, 'task_loss': (0.0125, 0.0815)}
{'epoch': 82, 'train_loss': 0.0942, 'train_acc': 0.94, 'task_loss': (0.0132, 0.081)}
{'epoch': 83, 'train_loss': 0.0891, 'train_acc': 0.9392, 'task_loss': (0.0049, 0.0843)}
{'epoch': 84, 'train_loss': 0.0909, 'train_acc': 0.9408, 'task_loss': (0.0177, 0.0732)}
{'epoch': 85, 'train_loss': 0.0944, 'train_acc': 0.9376, 'task_loss': (0.0101, 0.0842)}
{'epoch': 86, 'train_loss': 0.0798, 'train_acc': 0.9424, 'task_loss': (0.0078, 0.0719)}
{'epoch': 87, 'train_loss': 0.091, 'train_acc': 0.9416, 'task_loss': (0.0118, 0.0792)}
{'epoch': 88, 'train_loss': 0.0855, 'train_acc': 0.944, 'task_loss': (0.0075, 0.078)}
{'epoch': 89, 'train_loss': 0.0774, 'train_acc': 0.9448, 'task_loss': (0.0085, 0.0689)}
{'epoch': 90, 'train_loss': 0.0818, 'train_acc': 0.9504, 'task_loss': (0.0128, 0.0689)}
{'epoch': 91, 'train_loss': 0.0768, 'train_acc': 0.946, 'task_loss': (0.0128, 0.064)}
{'epoch': 92, 'train_loss': 0.0777, 'train_acc': 0.944, 'task_loss': (0.0098, 0.0678)}
{'epoch': 93, 'train_loss': 0.0856, 'train_acc': 0.9416, 'task_loss': (0.0083, 0.0774)}
{'epoch': 94, 'train_loss': 0.0844, 'train_acc': 0.9448, 'task_loss': (0.0092, 0.0752)}
{'epoch': 95, 'train_loss': 0.0966, 'train_acc': 0.9352, 'task_loss': (0.0111, 0.0855)}
{'epoch': 96, 'train_loss': 0.084, 'train_acc': 0.94, 'task_loss': (0.0114, 0.0727)}
{'epoch': 97, 'train_loss': 0.0904, 'train_acc': 0.9432, 'task_loss': (0.0164, 0.074)}
{'epoch': 98, 'train_loss': 0.0819, 'train_acc': 0.952, 'task_loss': (0.0155, 0.0664)}
{'epoch': 99, 'train_loss': 0.0943, 'train_acc': 0.944, 'task_loss': (0.0107, 0.0836)}
{'epoch': 100, 'train_loss': 0.0865, 'train_acc': 0.94, 'task_loss': (0.0102, 0.0763)}
{'run_num': 0, 'final_test_err': 0.11375000000000002}
Files already downloaded and verified
Files already downloaded and verified
{'epoch': 1, 'train_loss': 1.2166, 'train_acc': 0.6056, 'task_loss': (0.6576, 0.559)}
{'epoch': 2, 'train_loss': 0.795, 'train_acc': 0.6504, 'task_loss': (0.3238, 0.4712)}
{'epoch': 3, 'train_loss': 0.9324, 'train_acc': 0.6432, 'task_loss': (0.4529, 0.4795)}
{'epoch': 4, 'train_loss': 0.5989, 'train_acc': 0.736, 'task_loss': (0.2663, 0.3327)}
{'epoch': 5, 'train_loss': 0.6883, 'train_acc': 0.7208, 'task_loss': (0.3157, 0.3726)}
{'epoch': 6, 'train_loss': 0.5228, 'train_acc': 0.7288, 'task_loss': (0.2329, 0.2899)}
{'epoch': 7, 'train_loss': 0.4714, 'train_acc': 0.748, 'task_loss': (0.1961, 0.2753)}
{'epoch': 8, 'train_loss': 0.4112, 'train_acc': 0.7824, 'task_loss': (0.1634, 0.2478)}
{'epoch': 9, 'train_loss': 0.4452, 'train_acc': 0.7784, 'task_loss': (0.1931, 0.2521)}
{'epoch': 10, 'train_loss': 0.4949, 'train_acc': 0.776, 'task_loss': (0.2477, 0.2472)}
{'epoch': 11, 'train_loss': 0.4201, 'train_acc': 0.7688, 'task_loss': (0.1763, 0.2438)}
{'epoch': 12, 'train_loss': 0.3395, 'train_acc': 0.7928, 'task_loss': (0.1099, 0.2296)}
{'epoch': 13, 'train_loss': 0.4392, 'train_acc': 0.7888, 'task_loss': (0.1924, 0.2468)}
{'epoch': 14, 'train_loss': 0.4005, 'train_acc': 0.8048, 'task_loss': (0.1656, 0.2348)}
{'epoch': 15, 'train_loss': 0.3874, 'train_acc': 0.8192, 'task_loss': (0.1822, 0.2052)}
{'epoch': 16, 'train_loss': 0.488, 'train_acc': 0.7905, 'task_loss': (0.2548, 0.2331)}
{'epoch': 17, 'train_loss': 0.3996, 'train_acc': 0.8248, 'task_loss': (0.1883, 0.2113)}
{'epoch': 18, 'train_loss': 0.3631, 'train_acc': 0.824, 'task_loss': (0.1523, 0.2107)}
{'epoch': 19, 'train_loss': 0.3527, 'train_acc': 0.8288, 'task_loss': (0.1486, 0.2041)}
{'epoch': 20, 'train_loss': 0.3013, 'train_acc': 0.8464, 'task_loss': (0.1185, 0.1828)}
{'epoch': 21, 'train_loss': 0.3294, 'train_acc': 0.8336, 'task_loss': (0.1295, 0.1998)}
{'epoch': 22, 'train_loss': 0.3101, 'train_acc': 0.8312, 'task_loss': (0.1027, 0.2074)}
{'epoch': 23, 'train_loss': 0.2797, 'train_acc': 0.8496, 'task_loss': (0.1072, 0.1726)}
{'epoch': 24, 'train_loss': 0.336, 'train_acc': 0.8376, 'task_loss': (0.1448, 0.1912)}
{'epoch': 25, 'train_loss': 0.2812, 'train_acc': 0.8496, 'task_loss': (0.0924, 0.1888)}
{'epoch': 26, 'train_loss': 0.3088, 'train_acc': 0.82, 'task_loss': (0.0931, 0.2157)}
{'epoch': 27, 'train_loss': 0.2822, 'train_acc': 0.8312, 'task_loss': (0.0842, 0.1979)}
{'epoch': 28, 'train_loss': 0.3249, 'train_acc': 0.844, 'task_loss': (0.1321, 0.1928)}
{'epoch': 29, 'train_loss': 0.326, 'train_acc': 0.8176, 'task_loss': (0.1204, 0.2056)}
{'epoch': 30, 'train_loss': 0.2476, 'train_acc': 0.8632, 'task_loss': (0.0745, 0.1731)}
{'epoch': 31, 'train_loss': 0.2788, 'train_acc': 0.8667, 'task_loss': (0.1146, 0.1642)}
{'epoch': 32, 'train_loss': 0.2846, 'train_acc': 0.84, 'task_loss': (0.0949, 0.1897)}
{'epoch': 33, 'train_loss': 0.2573, 'train_acc': 0.8496, 'task_loss': (0.0871, 0.1702)}
{'epoch': 34, 'train_loss': 0.221, 'train_acc': 0.8776, 'task_loss': (0.0609, 0.1601)}
{'epoch': 35, 'train_loss': 0.2424, 'train_acc': 0.8624, 'task_loss': (0.0745, 0.1679)}
{'epoch': 36, 'train_loss': 0.242, 'train_acc': 0.868, 'task_loss': (0.0804, 0.1616)}
{'epoch': 37, 'train_loss': 0.2014, 'train_acc': 0.8728, 'task_loss': (0.0385, 0.1629)}
{'epoch': 38, 'train_loss': 0.1853, 'train_acc': 0.896, 'task_loss': (0.0362, 0.1491)}
{'epoch': 39, 'train_loss': 0.1865, 'train_acc': 0.8912, 'task_loss': (0.0443, 0.1422)}
{'epoch': 40, 'train_loss': 0.1776, 'train_acc': 0.896, 'task_loss': (0.0306, 0.147)}
{'epoch': 41, 'train_loss': 0.1717, 'train_acc': 0.8864, 'task_loss': (0.0327, 0.1391)}
{'epoch': 42, 'train_loss': 0.2247, 'train_acc': 0.8712, 'task_loss': (0.063, 0.1617)}
{'epoch': 43, 'train_loss': 0.1891, 'train_acc': 0.892, 'task_loss': (0.0541, 0.135)}
{'epoch': 44, 'train_loss': 0.2093, 'train_acc': 0.888, 'task_loss': (0.0582, 0.1511)}
{'epoch': 45, 'train_loss': 0.2148, 'train_acc': 0.8896, 'task_loss': (0.0667, 0.1481)}
{'epoch': 46, 'train_loss': 0.2215, 'train_acc': 0.8802, 'task_loss': (0.0697, 0.1518)}
{'epoch': 47, 'train_loss': 0.2056, 'train_acc': 0.8744, 'task_loss': (0.0443, 0.1613)}
{'epoch': 48, 'train_loss': 0.198, 'train_acc': 0.868, 'task_loss': (0.0443, 0.1538)}
{'epoch': 49, 'train_loss': 0.1429, 'train_acc': 0.9104, 'task_loss': (0.0176, 0.1254)}
{'epoch': 50, 'train_loss': 0.1881, 'train_acc': 0.8864, 'task_loss': (0.0501, 0.1381)}
{'epoch': 51, 'train_loss': 0.1678, 'train_acc': 0.8888, 'task_loss': (0.0325, 0.1353)}
{'epoch': 52, 'train_loss': 0.1742, 'train_acc': 0.9, 'task_loss': (0.051, 0.1232)}
{'epoch': 53, 'train_loss': 0.1921, 'train_acc': 0.8904, 'task_loss': (0.0504, 0.1417)}
{'epoch': 54, 'train_loss': 0.1809, 'train_acc': 0.8776, 'task_loss': (0.0436, 0.1372)}
{'epoch': 55, 'train_loss': 0.1479, 'train_acc': 0.9016, 'task_loss': (0.0238, 0.1241)}
{'epoch': 56, 'train_loss': 0.1661, 'train_acc': 0.8952, 'task_loss': (0.0379, 0.1282)}
{'epoch': 57, 'train_loss': 0.153, 'train_acc': 0.9072, 'task_loss': (0.0312, 0.1218)}
{'epoch': 58, 'train_loss': 0.1472, 'train_acc': 0.9112, 'task_loss': (0.0327, 0.1145)}
{'epoch': 59, 'train_loss': 0.132, 'train_acc': 0.9224, 'task_loss': (0.0231, 0.1089)}
{'epoch': 60, 'train_loss': 0.159, 'train_acc': 0.9016, 'task_loss': (0.0388, 0.1203)}
{'epoch': 61, 'train_loss': 0.1348, 'train_acc': 0.9135, 'task_loss': (0.0267, 0.1081)}
{'epoch': 62, 'train_loss': 0.1224, 'train_acc': 0.9232, 'task_loss': (0.0183, 0.1041)}
{'epoch': 63, 'train_loss': 0.1574, 'train_acc': 0.9016, 'task_loss': (0.0295, 0.1279)}
{'epoch': 64, 'train_loss': 0.1352, 'train_acc': 0.9136, 'task_loss': (0.0256, 0.1097)}
{'epoch': 65, 'train_loss': 0.1295, 'train_acc': 0.9184, 'task_loss': (0.0224, 0.1071)}
{'epoch': 66, 'train_loss': 0.1374, 'train_acc': 0.9144, 'task_loss': (0.0233, 0.1141)}
{'epoch': 67, 'train_loss': 0.1273, 'train_acc': 0.9224, 'task_loss': (0.0249, 0.1024)}
{'epoch': 68, 'train_loss': 0.1095, 'train_acc': 0.9304, 'task_loss': (0.0119, 0.0976)}
{'epoch': 69, 'train_loss': 0.126, 'train_acc': 0.9256, 'task_loss': (0.0296, 0.0964)}
{'epoch': 70, 'train_loss': 0.106, 'train_acc': 0.9344, 'task_loss': (0.0128, 0.0932)}
{'epoch': 71, 'train_loss': 0.1053, 'train_acc': 0.9328, 'task_loss': (0.0115, 0.0938)}
{'epoch': 72, 'train_loss': 0.1111, 'train_acc': 0.9264, 'task_loss': (0.0221, 0.089)}
{'epoch': 73, 'train_loss': 0.1142, 'train_acc': 0.9248, 'task_loss': (0.0151, 0.0991)}
{'epoch': 74, 'train_loss': 0.1126, 'train_acc': 0.9304, 'task_loss': (0.0132, 0.0994)}
{'epoch': 75, 'train_loss': 0.1103, 'train_acc': 0.9304, 'task_loss': (0.0105, 0.0998)}
{'epoch': 76, 'train_loss': 0.1117, 'train_acc': 0.9238, 'task_loss': (0.0121, 0.0996)}
{'epoch': 77, 'train_loss': 0.114, 'train_acc': 0.924, 'task_loss': (0.0156, 0.0984)}
{'epoch': 78, 'train_loss': 0.1002, 'train_acc': 0.932, 'task_loss': (0.0156, 0.0846)}
{'epoch': 79, 'train_loss': 0.1155, 'train_acc': 0.9192, 'task_loss': (0.0166, 0.099)}
{'epoch': 80, 'train_loss': 0.1293, 'train_acc': 0.9368, 'task_loss': (0.0429, 0.0864)}
{'epoch': 81, 'train_loss': 0.113, 'train_acc': 0.9344, 'task_loss': (0.0215, 0.0915)}
{'epoch': 82, 'train_loss': 0.0877, 'train_acc': 0.9336, 'task_loss': (0.0074, 0.0802)}
{'epoch': 83, 'train_loss': 0.0916, 'train_acc': 0.9432, 'task_loss': (0.0081, 0.0835)}
{'epoch': 84, 'train_loss': 0.0997, 'train_acc': 0.9296, 'task_loss': (0.0074, 0.0923)}
{'epoch': 85, 'train_loss': 0.0874, 'train_acc': 0.9456, 'task_loss': (0.0095, 0.0779)}
{'epoch': 86, 'train_loss': 0.1064, 'train_acc': 0.9336, 'task_loss': (0.0106, 0.0958)}
{'epoch': 87, 'train_loss': 0.0907, 'train_acc': 0.9456, 'task_loss': (0.0098, 0.0809)}
{'epoch': 88, 'train_loss': 0.0999, 'train_acc': 0.9328, 'task_loss': (0.0128, 0.0872)}
{'epoch': 89, 'train_loss': 0.1034, 'train_acc': 0.9424, 'task_loss': (0.0259, 0.0775)}
{'epoch': 90, 'train_loss': 0.1002, 'train_acc': 0.9352, 'task_loss': (0.0126, 0.0876)}
{'epoch': 91, 'train_loss': 0.0897, 'train_acc': 0.9421, 'task_loss': (0.0116, 0.0781)}
{'epoch': 92, 'train_loss': 0.0956, 'train_acc': 0.9376, 'task_loss': (0.0142, 0.0815)}
{'epoch': 93, 'train_loss': 0.099, 'train_acc': 0.9336, 'task_loss': (0.0155, 0.0835)}
{'epoch': 94, 'train_loss': 0.0961, 'train_acc': 0.9472, 'task_loss': (0.0157, 0.0804)}
{'epoch': 95, 'train_loss': 0.0953, 'train_acc': 0.9376, 'task_loss': (0.0133, 0.0819)}
{'epoch': 96, 'train_loss': 0.0973, 'train_acc': 0.9304, 'task_loss': (0.0082, 0.0892)}
{'epoch': 97, 'train_loss': 0.0969, 'train_acc': 0.9416, 'task_loss': (0.0172, 0.0797)}
{'epoch': 98, 'train_loss': 0.0988, 'train_acc': 0.9296, 'task_loss': (0.0092, 0.0896)}
{'epoch': 99, 'train_loss': 0.105, 'train_acc': 0.9376, 'task_loss': (0.0196, 0.0854)}
{'epoch': 100, 'train_loss': 0.0965, 'train_acc': 0.9416, 'task_loss': (0.0136, 0.0829)}
{'run_num': 1, 'final_test_err': 0.11524999999999996}
Files already downloaded and verified
Files already downloaded and verified
/home/ubuntu/tools/miniconda3/envs/manifold/lib/python3.9/site-packages/torch/optim/lr_scheduler.py:131: UserWarning: Detected call of `lr_scheduler.step()` before `optimizer.step()`. In PyTorch 1.1.0 and later, you should call them in the opposite order: `optimizer.step()` before `lr_scheduler.step()`.  Failure to do this will result in PyTorch skipping the first value of the learning rate schedule. See more details at https://pytorch.org/docs/stable/optim.html#how-to-adjust-learning-rate
  warnings.warn("Detected call of `lr_scheduler.step()` before `optimizer.step()`. "
{'epoch': 1, 'train_loss': 1.3149, 'train_acc': 0.6103, 'task_loss': (0.6649, 0.65)}
{'epoch': 2, 'train_loss': 1.0445, 'train_acc': 0.596, 'task_loss': (0.4873, 0.5571)}
{'epoch': 3, 'train_loss': 0.6834, 'train_acc': 0.7192, 'task_loss': (0.325, 0.3584)}
{'epoch': 4, 'train_loss': 0.6926, 'train_acc': 0.6976, 'task_loss': (0.334, 0.3586)}
{'epoch': 5, 'train_loss': 0.5431, 'train_acc': 0.748, 'task_loss': (0.2689, 0.2742)}
{'epoch': 6, 'train_loss': 0.5001, 'train_acc': 0.7552, 'task_loss': (0.2331, 0.267)}
{'epoch': 7, 'train_loss': 0.4827, 'train_acc': 0.7784, 'task_loss': (0.2243, 0.2585)}
{'epoch': 8, 'train_loss': 0.492, 'train_acc': 0.7928, 'task_loss': (0.24, 0.252)}
{'epoch': 9, 'train_loss': 0.4462, 'train_acc': 0.7888, 'task_loss': (0.2017, 0.2445)}
{'epoch': 10, 'train_loss': 0.4013, 'train_acc': 0.78, 'task_loss': (0.1446, 0.2567)}
{'epoch': 11, 'train_loss': 0.4059, 'train_acc': 0.8072, 'task_loss': (0.1871, 0.2188)}
{'epoch': 12, 'train_loss': 0.3446, 'train_acc': 0.8088, 'task_loss': (0.1276, 0.217)}
{'epoch': 13, 'train_loss': 0.3495, 'train_acc': 0.8192, 'task_loss': (0.1419, 0.2076)}
{'epoch': 14, 'train_loss': 0.4028, 'train_acc': 0.7992, 'task_loss': (0.1756, 0.2271)}
{'epoch': 15, 'train_loss': 0.3393, 'train_acc': 0.8112, 'task_loss': (0.1247, 0.2146)}
{'epoch': 16, 'train_loss': 0.3365, 'train_acc': 0.8222, 'task_loss': (0.1197, 0.2168)}
{'epoch': 17, 'train_loss': 0.3399, 'train_acc': 0.8224, 'task_loss': (0.1301, 0.2098)}
{'epoch': 18, 'train_loss': 0.3058, 'train_acc': 0.8344, 'task_loss': (0.1064, 0.1994)}
{'epoch': 19, 'train_loss': 0.365, 'train_acc': 0.828, 'task_loss': (0.1739, 0.1911)}
{'epoch': 20, 'train_loss': 0.3188, 'train_acc': 0.8376, 'task_loss': (0.1149, 0.2039)}
{'epoch': 21, 'train_loss': 0.3224, 'train_acc': 0.8368, 'task_loss': (0.1217, 0.2008)}
{'epoch': 22, 'train_loss': 0.3544, 'train_acc': 0.8328, 'task_loss': (0.1549, 0.1994)}
{'epoch': 23, 'train_loss': 0.2931, 'train_acc': 0.836, 'task_loss': (0.1029, 0.1901)}
{'epoch': 24, 'train_loss': 0.274, 'train_acc': 0.8184, 'task_loss': (0.0682, 0.2059)}
{'epoch': 25, 'train_loss': 0.2715, 'train_acc': 0.8536, 'task_loss': (0.0891, 0.1824)}
{'epoch': 26, 'train_loss': 0.2692, 'train_acc': 0.8616, 'task_loss': (0.0969, 0.1722)}
{'epoch': 27, 'train_loss': 0.3098, 'train_acc': 0.8256, 'task_loss': (0.105, 0.2048)}
{'epoch': 28, 'train_loss': 0.2558, 'train_acc': 0.8448, 'task_loss': (0.0684, 0.1874)}
{'epoch': 29, 'train_loss': 0.2717, 'train_acc': 0.8504, 'task_loss': (0.0907, 0.181)}
{'epoch': 30, 'train_loss': 0.2822, 'train_acc': 0.8592, 'task_loss': (0.1097, 0.1724)}
{'epoch': 31, 'train_loss': 0.3093, 'train_acc': 0.8421, 'task_loss': (0.1068, 0.2025)}
{'epoch': 32, 'train_loss': 0.2527, 'train_acc': 0.8552, 'task_loss': (0.0642, 0.1885)}
{'epoch': 33, 'train_loss': 0.2431, 'train_acc': 0.8408, 'task_loss': (0.0627, 0.1804)}
{'epoch': 34, 'train_loss': 0.2428, 'train_acc': 0.8736, 'task_loss': (0.0901, 0.1527)}
{'epoch': 35, 'train_loss': 0.2469, 'train_acc': 0.8656, 'task_loss': (0.0802, 0.1667)}
{'epoch': 36, 'train_loss': 0.2444, 'train_acc': 0.8624, 'task_loss': (0.0765, 0.1679)}
{'epoch': 37, 'train_loss': 0.2871, 'train_acc': 0.844, 'task_loss': (0.1017, 0.1853)}
{'epoch': 38, 'train_loss': 0.2146, 'train_acc': 0.8816, 'task_loss': (0.0637, 0.1509)}
{'epoch': 39, 'train_loss': 0.1956, 'train_acc': 0.892, 'task_loss': (0.0461, 0.1495)}
{'epoch': 40, 'train_loss': 0.1886, 'train_acc': 0.8712, 'task_loss': (0.0361, 0.1524)}
{'epoch': 41, 'train_loss': 0.2108, 'train_acc': 0.8776, 'task_loss': (0.0583, 0.1525)}
{'epoch': 42, 'train_loss': 0.2552, 'train_acc': 0.8616, 'task_loss': (0.0899, 0.1653)}
{'epoch': 43, 'train_loss': 0.1673, 'train_acc': 0.9, 'task_loss': (0.0333, 0.134)}
{'epoch': 44, 'train_loss': 0.1742, 'train_acc': 0.8984, 'task_loss': (0.0338, 0.1404)}
{'epoch': 45, 'train_loss': 0.1756, 'train_acc': 0.888, 'task_loss': (0.0375, 0.1381)}
{'epoch': 46, 'train_loss': 0.1928, 'train_acc': 0.8833, 'task_loss': (0.0498, 0.1431)}
{'epoch': 47, 'train_loss': 0.2136, 'train_acc': 0.8752, 'task_loss': (0.07, 0.1436)}
{'epoch': 48, 'train_loss': 0.154, 'train_acc': 0.9008, 'task_loss': (0.0311, 0.1229)}
{'epoch': 49, 'train_loss': 0.1811, 'train_acc': 0.8976, 'task_loss': (0.0466, 0.1345)}
{'epoch': 50, 'train_loss': 0.1564, 'train_acc': 0.8984, 'task_loss': (0.0301, 0.1263)}
{'epoch': 51, 'train_loss': 0.1671, 'train_acc': 0.9, 'task_loss': (0.0474, 0.1197)}
{'epoch': 52, 'train_loss': 0.1613, 'train_acc': 0.8984, 'task_loss': (0.031, 0.1304)}
{'epoch': 53, 'train_loss': 0.141, 'train_acc': 0.9128, 'task_loss': (0.0202, 0.1208)}
{'epoch': 54, 'train_loss': 0.1594, 'train_acc': 0.908, 'task_loss': (0.0282, 0.1312)}
{'epoch': 55, 'train_loss': 0.1217, 'train_acc': 0.9256, 'task_loss': (0.019, 0.1026)}
{'epoch': 56, 'train_loss': 0.1645, 'train_acc': 0.912, 'task_loss': (0.0394, 0.1251)}
{'epoch': 57, 'train_loss': 0.1259, 'train_acc': 0.92, 'task_loss': (0.0219, 0.104)}
{'epoch': 58, 'train_loss': 0.1248, 'train_acc': 0.9168, 'task_loss': (0.0192, 0.1055)}
{'epoch': 59, 'train_loss': 0.1028, 'train_acc': 0.9288, 'task_loss': (0.0113, 0.0916)}
{'epoch': 60, 'train_loss': 0.1581, 'train_acc': 0.9112, 'task_loss': (0.0471, 0.111)}
{'epoch': 61, 'train_loss': 0.1554, 'train_acc': 0.9246, 'task_loss': (0.0538, 0.1016)}
{'epoch': 62, 'train_loss': 0.1376, 'train_acc': 0.9104, 'task_loss': (0.0218, 0.1157)}
{'epoch': 63, 'train_loss': 0.1202, 'train_acc': 0.9224, 'task_loss': (0.0178, 0.1024)}
{'epoch': 64, 'train_loss': 0.1143, 'train_acc': 0.9232, 'task_loss': (0.0144, 0.0999)}
{'epoch': 65, 'train_loss': 0.1233, 'train_acc': 0.9152, 'task_loss': (0.0168, 0.1066)}
{'epoch': 66, 'train_loss': 0.1181, 'train_acc': 0.928, 'task_loss': (0.0259, 0.0922)}
{'epoch': 67, 'train_loss': 0.0962, 'train_acc': 0.9368, 'task_loss': (0.0121, 0.0841)}
{'epoch': 68, 'train_loss': 0.1398, 'train_acc': 0.9184, 'task_loss': (0.0349, 0.1049)}
{'epoch': 69, 'train_loss': 0.1182, 'train_acc': 0.92, 'task_loss': (0.0143, 0.1039)}
{'epoch': 70, 'train_loss': 0.1195, 'train_acc': 0.9304, 'task_loss': (0.0254, 0.0941)}
{'epoch': 71, 'train_loss': 0.1018, 'train_acc': 0.936, 'task_loss': (0.0151, 0.0868)}
{'epoch': 72, 'train_loss': 0.1257, 'train_acc': 0.9376, 'task_loss': (0.0327, 0.093)}
{'epoch': 73, 'train_loss': 0.1104, 'train_acc': 0.9352, 'task_loss': (0.022, 0.0884)}
{'epoch': 74, 'train_loss': 0.0968, 'train_acc': 0.9328, 'task_loss': (0.0134, 0.0834)}
{'epoch': 75, 'train_loss': 0.0922, 'train_acc': 0.9416, 'task_loss': (0.0103, 0.0819)}
{'epoch': 76, 'train_loss': 0.1029, 'train_acc': 0.9365, 'task_loss': (0.0115, 0.0913)}
{'epoch': 77, 'train_loss': 0.0923, 'train_acc': 0.9368, 'task_loss': (0.0062, 0.0861)}
{'epoch': 78, 'train_loss': 0.1077, 'train_acc': 0.9408, 'task_loss': (0.0225, 0.0853)}
{'epoch': 79, 'train_loss': 0.1115, 'train_acc': 0.94, 'task_loss': (0.0338, 0.0777)}
{'epoch': 80, 'train_loss': 0.1059, 'train_acc': 0.9424, 'task_loss': (0.03, 0.0758)}
{'epoch': 81, 'train_loss': 0.0927, 'train_acc': 0.9416, 'task_loss': (0.0079, 0.0848)}
{'epoch': 82, 'train_loss': 0.0833, 'train_acc': 0.9472, 'task_loss': (0.0079, 0.0754)}
{'epoch': 83, 'train_loss': 0.1042, 'train_acc': 0.94, 'task_loss': (0.015, 0.0891)}
{'epoch': 84, 'train_loss': 0.0909, 'train_acc': 0.9384, 'task_loss': (0.0109, 0.08)}
{'epoch': 85, 'train_loss': 0.0968, 'train_acc': 0.9328, 'task_loss': (0.0102, 0.0866)}
{'epoch': 86, 'train_loss': 0.0965, 'train_acc': 0.9464, 'task_loss': (0.0236, 0.0729)}
{'epoch': 87, 'train_loss': 0.0933, 'train_acc': 0.9432, 'task_loss': (0.0105, 0.0828)}
{'epoch': 88, 'train_loss': 0.0815, 'train_acc': 0.9432, 'task_loss': (0.0071, 0.0745)}
{'epoch': 89, 'train_loss': 0.0902, 'train_acc': 0.9464, 'task_loss': (0.0156, 0.0746)}
{'epoch': 90, 'train_loss': 0.0896, 'train_acc': 0.9408, 'task_loss': (0.0133, 0.0764)}
{'epoch': 91, 'train_loss': 0.09, 'train_acc': 0.9484, 'task_loss': (0.0098, 0.0802)}
{'epoch': 92, 'train_loss': 0.0838, 'train_acc': 0.9408, 'task_loss': (0.0095, 0.0743)}
{'epoch': 93, 'train_loss': 0.0877, 'train_acc': 0.9432, 'task_loss': (0.0073, 0.0803)}
{'epoch': 94, 'train_loss': 0.0946, 'train_acc': 0.9368, 'task_loss': (0.0118, 0.0828)}
{'epoch': 95, 'train_loss': 0.0961, 'train_acc': 0.9376, 'task_loss': (0.018, 0.0781)}
{'epoch': 96, 'train_loss': 0.0941, 'train_acc': 0.9344, 'task_loss': (0.011, 0.0831)}
{'epoch': 97, 'train_loss': 0.1029, 'train_acc': 0.9288, 'task_loss': (0.0102, 0.0927)}
{'epoch': 98, 'train_loss': 0.0748, 'train_acc': 0.9496, 'task_loss': (0.0077, 0.0671)}
{'epoch': 99, 'train_loss': 0.0872, 'train_acc': 0.9448, 'task_loss': (0.009, 0.0782)}
{'epoch': 100, 'train_loss': 0.1012, 'train_acc': 0.9376, 'task_loss': (0.02, 0.0811)}
{'run_num': 2, 'final_test_err': 0.11450000000000005}
Files already downloaded and verified
Files already downloaded and verified
{'epoch': 1, 'train_loss': 1.3293, 'train_acc': 0.6167, 'task_loss': (0.6757, 0.6536)}
{'epoch': 2, 'train_loss': 0.9936, 'train_acc': 0.6768, 'task_loss': (0.6001, 0.3935)}
{'epoch': 3, 'train_loss': 0.806, 'train_acc': 0.6648, 'task_loss': (0.392, 0.414)}
{'epoch': 4, 'train_loss': 0.5399, 'train_acc': 0.7336, 'task_loss': (0.2455, 0.2943)}
{'epoch': 5, 'train_loss': 0.5512, 'train_acc': 0.7416, 'task_loss': (0.2586, 0.2926)}
{'epoch': 6, 'train_loss': 0.511, 'train_acc': 0.7488, 'task_loss': (0.2375, 0.2735)}
{'epoch': 7, 'train_loss': 0.4204, 'train_acc': 0.76, 'task_loss': (0.1683, 0.2521)}
{'epoch': 8, 'train_loss': 0.4606, 'train_acc': 0.7544, 'task_loss': (0.2004, 0.2602)}
{'epoch': 9, 'train_loss': 0.4069, 'train_acc': 0.7816, 'task_loss': (0.1727, 0.2342)}
{'epoch': 10, 'train_loss': 0.4469, 'train_acc': 0.7712, 'task_loss': (0.197, 0.2499)}
{'epoch': 11, 'train_loss': 0.4282, 'train_acc': 0.7688, 'task_loss': (0.1759, 0.2524)}
{'epoch': 12, 'train_loss': 0.401, 'train_acc': 0.8, 'task_loss': (0.1699, 0.231)}
{'epoch': 13, 'train_loss': 0.3876, 'train_acc': 0.7944, 'task_loss': (0.1396, 0.2479)}
{'epoch': 14, 'train_loss': 0.3483, 'train_acc': 0.8136, 'task_loss': (0.1363, 0.212)}
{'epoch': 15, 'train_loss': 0.3178, 'train_acc': 0.828, 'task_loss': (0.117, 0.2008)}
{'epoch': 16, 'train_loss': 0.3347, 'train_acc': 0.8238, 'task_loss': (0.1303, 0.2045)}
{'epoch': 17, 'train_loss': 0.3302, 'train_acc': 0.832, 'task_loss': (0.1265, 0.2037)}
{'epoch': 18, 'train_loss': 0.3703, 'train_acc': 0.8072, 'task_loss': (0.1683, 0.202)}
{'epoch': 19, 'train_loss': 0.2909, 'train_acc': 0.8288, 'task_loss': (0.0923, 0.1987)}
{'epoch': 20, 'train_loss': 0.3714, 'train_acc': 0.7976, 'task_loss': (0.1277, 0.2436)}
{'epoch': 21, 'train_loss': 0.3017, 'train_acc': 0.824, 'task_loss': (0.0952, 0.2065)}
{'epoch': 22, 'train_loss': 0.3782, 'train_acc': 0.812, 'task_loss': (0.1629, 0.2152)}
{'epoch': 23, 'train_loss': 0.2869, 'train_acc': 0.82, 'task_loss': (0.0788, 0.208)}
{'epoch': 24, 'train_loss': 0.2593, 'train_acc': 0.852, 'task_loss': (0.0899, 0.1694)}
{'epoch': 25, 'train_loss': 0.2968, 'train_acc': 0.8344, 'task_loss': (0.1037, 0.1931)}
{'epoch': 26, 'train_loss': 0.2761, 'train_acc': 0.8512, 'task_loss': (0.0903, 0.1858)}
{'epoch': 27, 'train_loss': 0.2801, 'train_acc': 0.8272, 'task_loss': (0.0917, 0.1884)}
{'epoch': 28, 'train_loss': 0.304, 'train_acc': 0.8408, 'task_loss': (0.1137, 0.1903)}
{'epoch': 29, 'train_loss': 0.216, 'train_acc': 0.8784, 'task_loss': (0.0521, 0.164)}
{'epoch': 30, 'train_loss': 0.2698, 'train_acc': 0.864, 'task_loss': (0.1002, 0.1697)}
{'epoch': 31, 'train_loss': 0.3449, 'train_acc': 0.827, 'task_loss': (0.1442, 0.2007)}
{'epoch': 32, 'train_loss': 0.272, 'train_acc': 0.84, 'task_loss': (0.0746, 0.1974)}
{'epoch': 33, 'train_loss': 0.2145, 'train_acc': 0.864, 'task_loss': (0.0464, 0.1681)}
{'epoch': 34, 'train_loss': 0.2375, 'train_acc': 0.8416, 'task_loss': (0.048, 0.1895)}
{'epoch': 35, 'train_loss': 0.2348, 'train_acc': 0.8536, 'task_loss': (0.0589, 0.1759)}
{'epoch': 36, 'train_loss': 0.2096, 'train_acc': 0.8704, 'task_loss': (0.0515, 0.1581)}
{'epoch': 37, 'train_loss': 0.2406, 'train_acc': 0.8712, 'task_loss': (0.0753, 0.1653)}
{'epoch': 38, 'train_loss': 0.3101, 'train_acc': 0.8376, 'task_loss': (0.1167, 0.1933)}
{'epoch': 39, 'train_loss': 0.2116, 'train_acc': 0.8648, 'task_loss': (0.0443, 0.1673)}
{'epoch': 40, 'train_loss': 0.1944, 'train_acc': 0.8776, 'task_loss': (0.0404, 0.1541)}
{'epoch': 41, 'train_loss': 0.2068, 'train_acc': 0.8712, 'task_loss': (0.0399, 0.1669)}
{'epoch': 42, 'train_loss': 0.1968, 'train_acc': 0.8744, 'task_loss': (0.0446, 0.1522)}
{'epoch': 43, 'train_loss': 0.2145, 'train_acc': 0.8832, 'task_loss': (0.0727, 0.1418)}
{'epoch': 44, 'train_loss': 0.1738, 'train_acc': 0.876, 'task_loss': (0.0234, 0.1504)}
{'epoch': 45, 'train_loss': 0.2072, 'train_acc': 0.8856, 'task_loss': (0.0657, 0.1416)}
{'epoch': 46, 'train_loss': 0.2031, 'train_acc': 0.8786, 'task_loss': (0.0456, 0.1575)}
{'epoch': 47, 'train_loss': 0.207, 'train_acc': 0.8872, 'task_loss': (0.062, 0.145)}
{'epoch': 48, 'train_loss': 0.1973, 'train_acc': 0.876, 'task_loss': (0.0428, 0.1544)}
{'epoch': 49, 'train_loss': 0.1572, 'train_acc': 0.904, 'task_loss': (0.0316, 0.1256)}
{'epoch': 50, 'train_loss': 0.1603, 'train_acc': 0.9016, 'task_loss': (0.0222, 0.1381)}
{'epoch': 51, 'train_loss': 0.1485, 'train_acc': 0.9032, 'task_loss': (0.0208, 0.1277)}
{'epoch': 52, 'train_loss': 0.169, 'train_acc': 0.9, 'task_loss': (0.0353, 0.1337)}
{'epoch': 53, 'train_loss': 0.1454, 'train_acc': 0.9072, 'task_loss': (0.0282, 0.1171)}
{'epoch': 54, 'train_loss': 0.1373, 'train_acc': 0.908, 'task_loss': (0.0173, 0.1201)}
{'epoch': 55, 'train_loss': 0.1771, 'train_acc': 0.9064, 'task_loss': (0.0489, 0.1282)}
{'epoch': 56, 'train_loss': 0.1697, 'train_acc': 0.9, 'task_loss': (0.0391, 0.1306)}
{'epoch': 57, 'train_loss': 0.1844, 'train_acc': 0.896, 'task_loss': (0.0478, 0.1366)}
{'epoch': 58, 'train_loss': 0.1372, 'train_acc': 0.9136, 'task_loss': (0.0271, 0.1102)}
{'epoch': 59, 'train_loss': 0.1621, 'train_acc': 0.9, 'task_loss': (0.0387, 0.1234)}
{'epoch': 60, 'train_loss': 0.1228, 'train_acc': 0.9152, 'task_loss': (0.0125, 0.1103)}
{'epoch': 61, 'train_loss': 0.1472, 'train_acc': 0.9048, 'task_loss': (0.0246, 0.1226)}
{'epoch': 62, 'train_loss': 0.1395, 'train_acc': 0.9184, 'task_loss': (0.0173, 0.1223)}
{'epoch': 63, 'train_loss': 0.1352, 'train_acc': 0.9128, 'task_loss': (0.0235, 0.1117)}
{'epoch': 64, 'train_loss': 0.1232, 'train_acc': 0.9176, 'task_loss': (0.0207, 0.1024)}
{'epoch': 65, 'train_loss': 0.1224, 'train_acc': 0.9104, 'task_loss': (0.0136, 0.1088)}
{'epoch': 66, 'train_loss': 0.1418, 'train_acc': 0.916, 'task_loss': (0.0271, 0.1147)}
{'epoch': 67, 'train_loss': 0.1219, 'train_acc': 0.9224, 'task_loss': (0.0192, 0.1027)}
{'epoch': 68, 'train_loss': 0.132, 'train_acc': 0.9112, 'task_loss': (0.0184, 0.1135)}
{'epoch': 69, 'train_loss': 0.1274, 'train_acc': 0.9184, 'task_loss': (0.0234, 0.1041)}
{'epoch': 70, 'train_loss': 0.1157, 'train_acc': 0.9304, 'task_loss': (0.0173, 0.0984)}
{'epoch': 71, 'train_loss': 0.1137, 'train_acc': 0.9296, 'task_loss': (0.0208, 0.0929)}
{'epoch': 72, 'train_loss': 0.1171, 'train_acc': 0.9208, 'task_loss': (0.0109, 0.1063)}
{'epoch': 73, 'train_loss': 0.1302, 'train_acc': 0.9272, 'task_loss': (0.029, 0.1012)}
{'epoch': 74, 'train_loss': 0.0954, 'train_acc': 0.9384, 'task_loss': (0.0062, 0.0892)}
{'epoch': 75, 'train_loss': 0.1178, 'train_acc': 0.9136, 'task_loss': (0.0169, 0.1009)}
{'epoch': 76, 'train_loss': 0.1035, 'train_acc': 0.9325, 'task_loss': (0.0164, 0.0871)}
{'epoch': 77, 'train_loss': 0.1004, 'train_acc': 0.936, 'task_loss': (0.0151, 0.0854)}
{'epoch': 78, 'train_loss': 0.117, 'train_acc': 0.9296, 'task_loss': (0.0195, 0.0975)}
{'epoch': 79, 'train_loss': 0.1032, 'train_acc': 0.9336, 'task_loss': (0.0127, 0.0904)}
{'epoch': 80, 'train_loss': 0.0973, 'train_acc': 0.9384, 'task_loss': (0.0105, 0.0867)}
{'epoch': 81, 'train_loss': 0.1054, 'train_acc': 0.9288, 'task_loss': (0.0162, 0.0892)}
{'epoch': 82, 'train_loss': 0.0991, 'train_acc': 0.9352, 'task_loss': (0.0094, 0.0897)}
{'epoch': 83, 'train_loss': 0.1131, 'train_acc': 0.9152, 'task_loss': (0.0121, 0.101)}
{'epoch': 84, 'train_loss': 0.0999, 'train_acc': 0.932, 'task_loss': (0.0117, 0.0882)}
{'epoch': 85, 'train_loss': 0.0961, 'train_acc': 0.9456, 'task_loss': (0.0164, 0.0797)}
{'epoch': 86, 'train_loss': 0.1147, 'train_acc': 0.9248, 'task_loss': (0.0121, 0.1026)}
{'epoch': 87, 'train_loss': 0.1126, 'train_acc': 0.924, 'task_loss': (0.0144, 0.0981)}
{'epoch': 88, 'train_loss': 0.111, 'train_acc': 0.9312, 'task_loss': (0.0166, 0.0944)}
{'epoch': 89, 'train_loss': 0.1045, 'train_acc': 0.9288, 'task_loss': (0.0123, 0.0923)}
{'epoch': 90, 'train_loss': 0.1068, 'train_acc': 0.9376, 'task_loss': (0.0133, 0.0935)}
{'epoch': 91, 'train_loss': 0.1018, 'train_acc': 0.9294, 'task_loss': (0.0128, 0.089)}
{'epoch': 92, 'train_loss': 0.0881, 'train_acc': 0.9392, 'task_loss': (0.0085, 0.0796)}
{'epoch': 93, 'train_loss': 0.1027, 'train_acc': 0.9248, 'task_loss': (0.0115, 0.0912)}
{'epoch': 94, 'train_loss': 0.1025, 'train_acc': 0.9392, 'task_loss': (0.0104, 0.0921)}
{'epoch': 95, 'train_loss': 0.0882, 'train_acc': 0.9408, 'task_loss': (0.0086, 0.0796)}
{'epoch': 96, 'train_loss': 0.1006, 'train_acc': 0.9384, 'task_loss': (0.0137, 0.0868)}
{'epoch': 97, 'train_loss': 0.0851, 'train_acc': 0.948, 'task_loss': (0.0146, 0.0705)}
{'epoch': 98, 'train_loss': 0.0974, 'train_acc': 0.9392, 'task_loss': (0.0107, 0.0867)}
{'epoch': 99, 'train_loss': 0.105, 'train_acc': 0.9312, 'task_loss': (0.0137, 0.0913)}
{'epoch': 100, 'train_loss': 0.0906, 'train_acc': 0.9408, 'task_loss': (0.0095, 0.0811)}
{'run_num': 3, 'final_test_err': 0.12250000000000005}
Files already downloaded and verified
Files already downloaded and verified
{'epoch': 1, 'train_loss': 1.1914, 'train_acc': 0.65, 'task_loss': (0.6172, 0.5741)}
{'epoch': 2, 'train_loss': 1.0219, 'train_acc': 0.6632, 'task_loss': (0.5632, 0.4586)}
{'epoch': 3, 'train_loss': 0.7165, 'train_acc': 0.704, 'task_loss': (0.3656, 0.3509)}
{'epoch': 4, 'train_loss': 0.58, 'train_acc': 0.7288, 'task_loss': (0.2442, 0.3358)}
{'epoch': 5, 'train_loss': 0.652, 'train_acc': 0.7152, 'task_loss': (0.329, 0.323)}
{'epoch': 6, 'train_loss': 0.4848, 'train_acc': 0.776, 'task_loss': (0.2428, 0.242)}
{'epoch': 7, 'train_loss': 0.4823, 'train_acc': 0.7776, 'task_loss': (0.2372, 0.2451)}
{'epoch': 8, 'train_loss': 0.4024, 'train_acc': 0.8016, 'task_loss': (0.1734, 0.229)}
{'epoch': 9, 'train_loss': 0.4033, 'train_acc': 0.796, 'task_loss': (0.161, 0.2423)}
{'epoch': 10, 'train_loss': 0.4496, 'train_acc': 0.7632, 'task_loss': (0.1931, 0.2565)}
{'epoch': 11, 'train_loss': 0.4584, 'train_acc': 0.78, 'task_loss': (0.2147, 0.2437)}
{'epoch': 12, 'train_loss': 0.3304, 'train_acc': 0.8176, 'task_loss': (0.1243, 0.2062)}
{'epoch': 13, 'train_loss': 0.4046, 'train_acc': 0.8168, 'task_loss': (0.186, 0.2186)}
{'epoch': 14, 'train_loss': 0.4241, 'train_acc': 0.8024, 'task_loss': (0.1984, 0.2257)}
{'epoch': 15, 'train_loss': 0.3093, 'train_acc': 0.8352, 'task_loss': (0.1195, 0.1899)}
{'epoch': 16, 'train_loss': 0.3129, 'train_acc': 0.8262, 'task_loss': (0.1037, 0.2092)}
{'epoch': 17, 'train_loss': 0.3445, 'train_acc': 0.8232, 'task_loss': (0.1457, 0.1989)}
{'epoch': 18, 'train_loss': 0.3476, 'train_acc': 0.8224, 'task_loss': (0.1349, 0.2127)}
{'epoch': 19, 'train_loss': 0.3551, 'train_acc': 0.824, 'task_loss': (0.1522, 0.2029)}
{'epoch': 20, 'train_loss': 0.3185, 'train_acc': 0.832, 'task_loss': (0.1179, 0.2005)}
{'epoch': 21, 'train_loss': 0.3403, 'train_acc': 0.8072, 'task_loss': (0.1226, 0.2176)}
{'epoch': 22, 'train_loss': 0.3407, 'train_acc': 0.8296, 'task_loss': (0.1409, 0.1998)}
{'epoch': 23, 'train_loss': 0.3023, 'train_acc': 0.8336, 'task_loss': (0.1028, 0.1995)}
{'epoch': 24, 'train_loss': 0.3058, 'train_acc': 0.8392, 'task_loss': (0.1104, 0.1955)}
{'epoch': 25, 'train_loss': 0.2971, 'train_acc': 0.848, 'task_loss': (0.1077, 0.1894)}
{'epoch': 26, 'train_loss': 0.2616, 'train_acc': 0.8512, 'task_loss': (0.0739, 0.1876)}
{'epoch': 27, 'train_loss': 0.2641, 'train_acc': 0.8432, 'task_loss': (0.0837, 0.1804)}
{'epoch': 28, 'train_loss': 0.2975, 'train_acc': 0.8416, 'task_loss': (0.0984, 0.1991)}
{'epoch': 29, 'train_loss': 0.2345, 'train_acc': 0.876, 'task_loss': (0.0734, 0.1611)}
{'epoch': 30, 'train_loss': 0.2289, 'train_acc': 0.8672, 'task_loss': (0.0567, 0.1722)}
{'epoch': 31, 'train_loss': 0.221, 'train_acc': 0.8667, 'task_loss': (0.0559, 0.1651)}
{'epoch': 32, 'train_loss': 0.2165, 'train_acc': 0.8656, 'task_loss': (0.0469, 0.1695)}
{'epoch': 33, 'train_loss': 0.1986, 'train_acc': 0.8784, 'task_loss': (0.0467, 0.1519)}
{'epoch': 34, 'train_loss': 0.2923, 'train_acc': 0.8416, 'task_loss': (0.0942, 0.1981)}
{'epoch': 35, 'train_loss': 0.2226, 'train_acc': 0.8736, 'task_loss': (0.0648, 0.1578)}
{'epoch': 36, 'train_loss': 0.1651, 'train_acc': 0.9008, 'task_loss': (0.0332, 0.1319)}
{'epoch': 37, 'train_loss': 0.1882, 'train_acc': 0.8816, 'task_loss': (0.0424, 0.1458)}
{'epoch': 38, 'train_loss': 0.2359, 'train_acc': 0.8648, 'task_loss': (0.071, 0.1648)}
{'epoch': 39, 'train_loss': 0.1901, 'train_acc': 0.8728, 'task_loss': (0.0438, 0.1463)}
{'epoch': 40, 'train_loss': 0.2718, 'train_acc': 0.8616, 'task_loss': (0.1092, 0.1626)}
{'epoch': 41, 'train_loss': 0.2218, 'train_acc': 0.8664, 'task_loss': (0.0668, 0.155)}
{'epoch': 42, 'train_loss': 0.1868, 'train_acc': 0.8808, 'task_loss': (0.0392, 0.1476)}
{'epoch': 43, 'train_loss': 0.1727, 'train_acc': 0.9, 'task_loss': (0.0357, 0.137)}
{'epoch': 44, 'train_loss': 0.1782, 'train_acc': 0.9032, 'task_loss': (0.0527, 0.1255)}
{'epoch': 45, 'train_loss': 0.196, 'train_acc': 0.8952, 'task_loss': (0.0561, 0.14)}
{'epoch': 46, 'train_loss': 0.1745, 'train_acc': 0.8889, 'task_loss': (0.0413, 0.1332)}
{'epoch': 47, 'train_loss': 0.187, 'train_acc': 0.88, 'task_loss': (0.0465, 0.1405)}
{'epoch': 48, 'train_loss': 0.1651, 'train_acc': 0.896, 'task_loss': (0.0415, 0.1237)}
{'epoch': 49, 'train_loss': 0.1658, 'train_acc': 0.904, 'task_loss': (0.0363, 0.1296)}
{'epoch': 50, 'train_loss': 0.1695, 'train_acc': 0.8936, 'task_loss': (0.0285, 0.1411)}
{'epoch': 51, 'train_loss': 0.1386, 'train_acc': 0.9056, 'task_loss': (0.0243, 0.1144)}
{'epoch': 52, 'train_loss': 0.1527, 'train_acc': 0.8984, 'task_loss': (0.029, 0.1237)}
{'epoch': 53, 'train_loss': 0.1151, 'train_acc': 0.9256, 'task_loss': (0.0134, 0.1017)}
{'epoch': 54, 'train_loss': 0.1561, 'train_acc': 0.9112, 'task_loss': (0.0352, 0.1209)}
{'epoch': 55, 'train_loss': 0.1196, 'train_acc': 0.9192, 'task_loss': (0.0171, 0.1025)}
{'epoch': 56, 'train_loss': 0.1348, 'train_acc': 0.9144, 'task_loss': (0.0207, 0.1142)}
{'epoch': 57, 'train_loss': 0.1355, 'train_acc': 0.9016, 'task_loss': (0.0178, 0.1176)}
{'epoch': 58, 'train_loss': 0.1118, 'train_acc': 0.92, 'task_loss': (0.0117, 0.1)}
{'epoch': 59, 'train_loss': 0.1262, 'train_acc': 0.9264, 'task_loss': (0.0274, 0.0989)}
{'epoch': 60, 'train_loss': 0.1281, 'train_acc': 0.9128, 'task_loss': (0.0154, 0.1127)}
{'epoch': 61, 'train_loss': 0.1247, 'train_acc': 0.9119, 'task_loss': (0.0181, 0.1066)}
{'epoch': 62, 'train_loss': 0.121, 'train_acc': 0.9248, 'task_loss': (0.0198, 0.1013)}
{'epoch': 63, 'train_loss': 0.1238, 'train_acc': 0.9104, 'task_loss': (0.0209, 0.1028)}
{'epoch': 64, 'train_loss': 0.1103, 'train_acc': 0.9328, 'task_loss': (0.0201, 0.0902)}
{'epoch': 65, 'train_loss': 0.148, 'train_acc': 0.9224, 'task_loss': (0.0396, 0.1084)}
{'epoch': 66, 'train_loss': 0.1068, 'train_acc': 0.9248, 'task_loss': (0.0127, 0.0941)}
{'epoch': 67, 'train_loss': 0.1218, 'train_acc': 0.9312, 'task_loss': (0.0288, 0.0931)}
{'epoch': 68, 'train_loss': 0.1195, 'train_acc': 0.9192, 'task_loss': (0.0143, 0.1052)}
{'epoch': 69, 'train_loss': 0.1023, 'train_acc': 0.9304, 'task_loss': (0.0092, 0.0931)}
{'epoch': 70, 'train_loss': 0.1101, 'train_acc': 0.9272, 'task_loss': (0.0131, 0.097)}
{'epoch': 71, 'train_loss': 0.0937, 'train_acc': 0.936, 'task_loss': (0.0087, 0.085)}
{'epoch': 72, 'train_loss': 0.1155, 'train_acc': 0.9296, 'task_loss': (0.0168, 0.0987)}
{'epoch': 73, 'train_loss': 0.1203, 'train_acc': 0.924, 'task_loss': (0.0185, 0.1019)}
{'epoch': 74, 'train_loss': 0.1115, 'train_acc': 0.9232, 'task_loss': (0.0183, 0.0933)}
{'epoch': 75, 'train_loss': 0.102, 'train_acc': 0.936, 'task_loss': (0.0122, 0.0898)}
{'epoch': 76, 'train_loss': 0.0952, 'train_acc': 0.9397, 'task_loss': (0.0161, 0.0791)}
{'epoch': 77, 'train_loss': 0.1081, 'train_acc': 0.9272, 'task_loss': (0.0165, 0.0915)}
{'epoch': 78, 'train_loss': 0.113, 'train_acc': 0.9192, 'task_loss': (0.0177, 0.0953)}
{'epoch': 79, 'train_loss': 0.0981, 'train_acc': 0.9376, 'task_loss': (0.0143, 0.0838)}
{'epoch': 80, 'train_loss': 0.0837, 'train_acc': 0.9376, 'task_loss': (0.0061, 0.0776)}
{'epoch': 81, 'train_loss': 0.0948, 'train_acc': 0.932, 'task_loss': (0.0114, 0.0834)}
{'epoch': 82, 'train_loss': 0.1062, 'train_acc': 0.9296, 'task_loss': (0.0232, 0.083)}
{'epoch': 83, 'train_loss': 0.0973, 'train_acc': 0.9248, 'task_loss': (0.0094, 0.0879)}
{'epoch': 84, 'train_loss': 0.0846, 'train_acc': 0.9448, 'task_loss': (0.0117, 0.0729)}
{'epoch': 85, 'train_loss': 0.1065, 'train_acc': 0.9264, 'task_loss': (0.0168, 0.0898)}
{'epoch': 86, 'train_loss': 0.0901, 'train_acc': 0.9392, 'task_loss': (0.0107, 0.0793)}
{'epoch': 87, 'train_loss': 0.1063, 'train_acc': 0.9264, 'task_loss': (0.0086, 0.0977)}
{'epoch': 88, 'train_loss': 0.0961, 'train_acc': 0.94, 'task_loss': (0.0097, 0.0864)}
{'epoch': 89, 'train_loss': 0.0915, 'train_acc': 0.944, 'task_loss': (0.0077, 0.0838)}
{'epoch': 90, 'train_loss': 0.0889, 'train_acc': 0.9432, 'task_loss': (0.0131, 0.0758)}
{'epoch': 91, 'train_loss': 0.0855, 'train_acc': 0.9437, 'task_loss': (0.0118, 0.0737)}
{'epoch': 92, 'train_loss': 0.0981, 'train_acc': 0.9368, 'task_loss': (0.0091, 0.089)}
{'epoch': 93, 'train_loss': 0.0897, 'train_acc': 0.9464, 'task_loss': (0.0108, 0.0789)}
{'epoch': 94, 'train_loss': 0.0858, 'train_acc': 0.9464, 'task_loss': (0.0103, 0.0755)}
{'epoch': 95, 'train_loss': 0.0781, 'train_acc': 0.948, 'task_loss': (0.0087, 0.0694)}
{'epoch': 96, 'train_loss': 0.0888, 'train_acc': 0.936, 'task_loss': (0.0098, 0.079)}
{'epoch': 97, 'train_loss': 0.1084, 'train_acc': 0.9328, 'task_loss': (0.014, 0.0943)}
{'epoch': 98, 'train_loss': 0.0829, 'train_acc': 0.948, 'task_loss': (0.0108, 0.0721)}
{'epoch': 99, 'train_loss': 0.1025, 'train_acc': 0.928, 'task_loss': (0.0094, 0.0931)}
{'epoch': 100, 'train_loss': 0.0859, 'train_acc': 0.9432, 'task_loss': (0.0102, 0.0757)}
{'run_num': 4, 'final_test_err': 0.11675000000000002}
Files already downloaded and verified
Files already downloaded and verified
{'epoch': 1, 'train_loss': 1.5034, 'train_acc': 0.5873, 'task_loss': (0.7815, 0.722)}
{'epoch': 2, 'train_loss': 0.9154, 'train_acc': 0.6328, 'task_loss': (0.4841, 0.4314)}
{'epoch': 3, 'train_loss': 0.7919, 'train_acc': 0.6904, 'task_loss': (0.4319, 0.36)}
{'epoch': 4, 'train_loss': 0.5918, 'train_acc': 0.7168, 'task_loss': (0.2749, 0.3169)}
{'epoch': 5, 'train_loss': 0.6549, 'train_acc': 0.6984, 'task_loss': (0.3001, 0.3548)}
{'epoch': 6, 'train_loss': 0.5858, 'train_acc': 0.7512, 'task_loss': (0.2681, 0.3177)}
{'epoch': 7, 'train_loss': 0.4434, 'train_acc': 0.7696, 'task_loss': (0.1812, 0.2622)}
{'epoch': 8, 'train_loss': 0.4576, 'train_acc': 0.7864, 'task_loss': (0.2265, 0.2311)}
{'epoch': 9, 'train_loss': 0.4826, 'train_acc': 0.7744, 'task_loss': (0.2364, 0.2463)}
{'epoch': 10, 'train_loss': 0.4863, 'train_acc': 0.7776, 'task_loss': (0.2385, 0.2478)}
{'epoch': 11, 'train_loss': 0.4305, 'train_acc': 0.7832, 'task_loss': (0.1886, 0.242)}
{'epoch': 12, 'train_loss': 0.3963, 'train_acc': 0.8032, 'task_loss': (0.1742, 0.2221)}
{'epoch': 13, 'train_loss': 0.4182, 'train_acc': 0.78, 'task_loss': (0.1848, 0.2333)}
{'epoch': 14, 'train_loss': 0.4222, 'train_acc': 0.7744, 'task_loss': (0.1716, 0.2506)}
{'epoch': 15, 'train_loss': 0.3494, 'train_acc': 0.7992, 'task_loss': (0.1353, 0.2141)}
{'epoch': 16, 'train_loss': 0.414, 'train_acc': 0.8087, 'task_loss': (0.1975, 0.2165)}
{'epoch': 17, 'train_loss': 0.3137, 'train_acc': 0.812, 'task_loss': (0.091, 0.2227)}
{'epoch': 18, 'train_loss': 0.3364, 'train_acc': 0.8256, 'task_loss': (0.1311, 0.2053)}
{'epoch': 19, 'train_loss': 0.3151, 'train_acc': 0.8248, 'task_loss': (0.1218, 0.1933)}
{'epoch': 20, 'train_loss': 0.3298, 'train_acc': 0.8184, 'task_loss': (0.1143, 0.2155)}
{'epoch': 21, 'train_loss': 0.3516, 'train_acc': 0.8216, 'task_loss': (0.1627, 0.1889)}
{'epoch': 22, 'train_loss': 0.3513, 'train_acc': 0.8216, 'task_loss': (0.144, 0.2073)}
{'epoch': 23, 'train_loss': 0.3218, 'train_acc': 0.8104, 'task_loss': (0.1154, 0.2064)}
{'epoch': 24, 'train_loss': 0.3292, 'train_acc': 0.8176, 'task_loss': (0.1289, 0.2003)}
{'epoch': 25, 'train_loss': 0.2846, 'train_acc': 0.828, 'task_loss': (0.0894, 0.1952)}
{'epoch': 26, 'train_loss': 0.2783, 'train_acc': 0.8464, 'task_loss': (0.0931, 0.1852)}
{'epoch': 27, 'train_loss': 0.2432, 'train_acc': 0.852, 'task_loss': (0.0727, 0.1705)}
{'epoch': 28, 'train_loss': 0.2982, 'train_acc': 0.8336, 'task_loss': (0.0967, 0.2014)}
{'epoch': 29, 'train_loss': 0.3258, 'train_acc': 0.8384, 'task_loss': (0.1367, 0.1891)}
{'epoch': 30, 'train_loss': 0.2425, 'train_acc': 0.8624, 'task_loss': (0.0732, 0.1692)}
{'epoch': 31, 'train_loss': 0.278, 'train_acc': 0.8341, 'task_loss': (0.0795, 0.1985)}
{'epoch': 32, 'train_loss': 0.2388, 'train_acc': 0.8552, 'task_loss': (0.0635, 0.1754)}
{'epoch': 33, 'train_loss': 0.2371, 'train_acc': 0.8592, 'task_loss': (0.0643, 0.1727)}
{'epoch': 34, 'train_loss': 0.2327, 'train_acc': 0.8616, 'task_loss': (0.0636, 0.1691)}
{'epoch': 35, 'train_loss': 0.2136, 'train_acc': 0.8728, 'task_loss': (0.0504, 0.1632)}
{'epoch': 36, 'train_loss': 0.1839, 'train_acc': 0.8888, 'task_loss': (0.0368, 0.1471)}
{'epoch': 37, 'train_loss': 0.2255, 'train_acc': 0.8744, 'task_loss': (0.0624, 0.1631)}
{'epoch': 38, 'train_loss': 0.2555, 'train_acc': 0.8704, 'task_loss': (0.1055, 0.1501)}
{'epoch': 39, 'train_loss': 0.2225, 'train_acc': 0.8784, 'task_loss': (0.0692, 0.1533)}
{'epoch': 40, 'train_loss': 0.2379, 'train_acc': 0.8584, 'task_loss': (0.0768, 0.161)}
{'epoch': 41, 'train_loss': 0.2193, 'train_acc': 0.8712, 'task_loss': (0.0537, 0.1656)}
{'epoch': 42, 'train_loss': 0.248, 'train_acc': 0.864, 'task_loss': (0.0767, 0.1713)}
{'epoch': 43, 'train_loss': 0.2075, 'train_acc': 0.88, 'task_loss': (0.0544, 0.1531)}
{'epoch': 44, 'train_loss': 0.2179, 'train_acc': 0.8816, 'task_loss': (0.0716, 0.1463)}
{'epoch': 45, 'train_loss': 0.2173, 'train_acc': 0.876, 'task_loss': (0.0533, 0.164)}
{'epoch': 46, 'train_loss': 0.1606, 'train_acc': 0.8881, 'task_loss': (0.0288, 0.1318)}
{'epoch': 47, 'train_loss': 0.1794, 'train_acc': 0.8888, 'task_loss': (0.0427, 0.1367)}
{'epoch': 48, 'train_loss': 0.1864, 'train_acc': 0.8888, 'task_loss': (0.035, 0.1515)}
{'epoch': 49, 'train_loss': 0.1544, 'train_acc': 0.9016, 'task_loss': (0.0211, 0.1332)}
{'epoch': 50, 'train_loss': 0.1604, 'train_acc': 0.9024, 'task_loss': (0.03, 0.1303)}
{'epoch': 51, 'train_loss': 0.1524, 'train_acc': 0.8976, 'task_loss': (0.0231, 0.1293)}
{'epoch': 52, 'train_loss': 0.1498, 'train_acc': 0.9104, 'task_loss': (0.0273, 0.1225)}
{'epoch': 53, 'train_loss': 0.1486, 'train_acc': 0.9016, 'task_loss': (0.0171, 0.1314)}
{'epoch': 54, 'train_loss': 0.1493, 'train_acc': 0.916, 'task_loss': (0.0355, 0.1139)}
{'epoch': 55, 'train_loss': 0.1597, 'train_acc': 0.908, 'task_loss': (0.0389, 0.1208)}
{'epoch': 56, 'train_loss': 0.1423, 'train_acc': 0.9048, 'task_loss': (0.0233, 0.119)}
{'epoch': 57, 'train_loss': 0.1587, 'train_acc': 0.9048, 'task_loss': (0.032, 0.1267)}
{'epoch': 58, 'train_loss': 0.1435, 'train_acc': 0.9104, 'task_loss': (0.0256, 0.1179)}
{'epoch': 59, 'train_loss': 0.1733, 'train_acc': 0.8816, 'task_loss': (0.0366, 0.1366)}
{'epoch': 60, 'train_loss': 0.1248, 'train_acc': 0.924, 'task_loss': (0.0191, 0.1057)}
{'epoch': 61, 'train_loss': 0.1296, 'train_acc': 0.9103, 'task_loss': (0.0184, 0.1113)}
{'epoch': 62, 'train_loss': 0.1425, 'train_acc': 0.9032, 'task_loss': (0.0316, 0.1108)}
{'epoch': 63, 'train_loss': 0.1401, 'train_acc': 0.916, 'task_loss': (0.0284, 0.1117)}
{'epoch': 64, 'train_loss': 0.1147, 'train_acc': 0.9296, 'task_loss': (0.0172, 0.0974)}
{'epoch': 65, 'train_loss': 0.1477, 'train_acc': 0.9192, 'task_loss': (0.0347, 0.1131)}
{'epoch': 66, 'train_loss': 0.1179, 'train_acc': 0.9272, 'task_loss': (0.012, 0.1059)}
{'epoch': 67, 'train_loss': 0.1065, 'train_acc': 0.9408, 'task_loss': (0.0172, 0.0893)}
{'epoch': 68, 'train_loss': 0.1166, 'train_acc': 0.9176, 'task_loss': (0.0122, 0.1044)}
{'epoch': 69, 'train_loss': 0.1143, 'train_acc': 0.9312, 'task_loss': (0.0215, 0.0928)}
{'epoch': 70, 'train_loss': 0.1007, 'train_acc': 0.9328, 'task_loss': (0.0118, 0.0889)}
{'epoch': 71, 'train_loss': 0.0967, 'train_acc': 0.9352, 'task_loss': (0.0092, 0.0874)}
{'epoch': 72, 'train_loss': 0.1061, 'train_acc': 0.9344, 'task_loss': (0.0191, 0.087)}
{'epoch': 73, 'train_loss': 0.1341, 'train_acc': 0.9096, 'task_loss': (0.028, 0.106)}
{'epoch': 74, 'train_loss': 0.1094, 'train_acc': 0.9328, 'task_loss': (0.0189, 0.0906)}
{'epoch': 75, 'train_loss': 0.1101, 'train_acc': 0.9312, 'task_loss': (0.0166, 0.0935)}
{'epoch': 76, 'train_loss': 0.1184, 'train_acc': 0.927, 'task_loss': (0.0217, 0.0968)}
{'epoch': 77, 'train_loss': 0.0922, 'train_acc': 0.9424, 'task_loss': (0.0132, 0.079)}
{'epoch': 78, 'train_loss': 0.087, 'train_acc': 0.9384, 'task_loss': (0.011, 0.076)}
{'epoch': 79, 'train_loss': 0.0969, 'train_acc': 0.9344, 'task_loss': (0.014, 0.0828)}
{'epoch': 80, 'train_loss': 0.1007, 'train_acc': 0.9376, 'task_loss': (0.0125, 0.0881)}
{'epoch': 81, 'train_loss': 0.098, 'train_acc': 0.9416, 'task_loss': (0.0202, 0.0777)}
{'epoch': 82, 'train_loss': 0.0956, 'train_acc': 0.936, 'task_loss': (0.0134, 0.0821)}
{'epoch': 83, 'train_loss': 0.1003, 'train_acc': 0.94, 'task_loss': (0.0168, 0.0835)}
{'epoch': 84, 'train_loss': 0.0894, 'train_acc': 0.948, 'task_loss': (0.0151, 0.0744)}
{'epoch': 85, 'train_loss': 0.0928, 'train_acc': 0.9368, 'task_loss': (0.0099, 0.0829)}
{'epoch': 86, 'train_loss': 0.1052, 'train_acc': 0.9336, 'task_loss': (0.0228, 0.0824)}
{'epoch': 87, 'train_loss': 0.0982, 'train_acc': 0.9352, 'task_loss': (0.0145, 0.0837)}
{'epoch': 88, 'train_loss': 0.0838, 'train_acc': 0.944, 'task_loss': (0.0087, 0.0751)}
{'epoch': 89, 'train_loss': 0.0861, 'train_acc': 0.948, 'task_loss': (0.0121, 0.0741)}
{'epoch': 90, 'train_loss': 0.1021, 'train_acc': 0.9248, 'task_loss': (0.0127, 0.0894)}
{'epoch': 91, 'train_loss': 0.0983, 'train_acc': 0.9357, 'task_loss': (0.0148, 0.0835)}
{'epoch': 92, 'train_loss': 0.0879, 'train_acc': 0.9432, 'task_loss': (0.0076, 0.0803)}
{'epoch': 93, 'train_loss': 0.0896, 'train_acc': 0.9368, 'task_loss': (0.0129, 0.0767)}
{'epoch': 94, 'train_loss': 0.0868, 'train_acc': 0.9456, 'task_loss': (0.009, 0.0779)}
{'epoch': 95, 'train_loss': 0.0888, 'train_acc': 0.9408, 'task_loss': (0.0095, 0.0793)}
{'epoch': 96, 'train_loss': 0.0875, 'train_acc': 0.9384, 'task_loss': (0.0096, 0.0778)}
{'epoch': 97, 'train_loss': 0.1095, 'train_acc': 0.9384, 'task_loss': (0.0202, 0.0893)}
{'epoch': 98, 'train_loss': 0.0722, 'train_acc': 0.9528, 'task_loss': (0.009, 0.0632)}
{'epoch': 99, 'train_loss': 0.0885, 'train_acc': 0.9488, 'task_loss': (0.014, 0.0744)}
{'epoch': 100, 'train_loss': 0.0949, 'train_acc': 0.9392, 'task_loss': (0.0119, 0.083)}
{'run_num': 5, 'final_test_err': 0.126}
Files already downloaded and verified
Files already downloaded and verified
{'epoch': 1, 'train_loss': 1.4279, 'train_acc': 0.6397, 'task_loss': (0.7178, 0.7101)}
{'epoch': 2, 'train_loss': 1.1218, 'train_acc': 0.6248, 'task_loss': (0.5983, 0.5235)}
{'epoch': 3, 'train_loss': 0.7765, 'train_acc': 0.6576, 'task_loss': (0.3923, 0.3842)}
{'epoch': 4, 'train_loss': 0.725, 'train_acc': 0.6984, 'task_loss': (0.4003, 0.3248)}
{'epoch': 5, 'train_loss': 0.483, 'train_acc': 0.7576, 'task_loss': (0.2346, 0.2484)}
{'epoch': 6, 'train_loss': 0.4762, 'train_acc': 0.752, 'task_loss': (0.2113, 0.2648)}
{'epoch': 7, 'train_loss': 0.4591, 'train_acc': 0.7808, 'task_loss': (0.2224, 0.2366)}
{'epoch': 8, 'train_loss': 0.4346, 'train_acc': 0.7944, 'task_loss': (0.1964, 0.2382)}
{'epoch': 9, 'train_loss': 0.4816, 'train_acc': 0.7512, 'task_loss': (0.2237, 0.2579)}
{'epoch': 10, 'train_loss': 0.3686, 'train_acc': 0.7944, 'task_loss': (0.1405, 0.2281)}
{'epoch': 11, 'train_loss': 0.4447, 'train_acc': 0.78, 'task_loss': (0.2085, 0.2362)}
{'epoch': 12, 'train_loss': 0.3685, 'train_acc': 0.8064, 'task_loss': (0.1548, 0.2137)}
{'epoch': 13, 'train_loss': 0.3942, 'train_acc': 0.8032, 'task_loss': (0.1754, 0.2188)}
{'epoch': 14, 'train_loss': 0.3543, 'train_acc': 0.8016, 'task_loss': (0.1351, 0.2193)}
{'epoch': 15, 'train_loss': 0.3421, 'train_acc': 0.8224, 'task_loss': (0.1343, 0.2077)}
{'epoch': 16, 'train_loss': 0.355, 'train_acc': 0.8119, 'task_loss': (0.1433, 0.2117)}
{'epoch': 17, 'train_loss': 0.3269, 'train_acc': 0.8216, 'task_loss': (0.1131, 0.2138)}
{'epoch': 18, 'train_loss': 0.35, 'train_acc': 0.8048, 'task_loss': (0.1324, 0.2176)}
{'epoch': 19, 'train_loss': 0.3545, 'train_acc': 0.8088, 'task_loss': (0.1388, 0.2156)}
{'epoch': 20, 'train_loss': 0.3494, 'train_acc': 0.8096, 'task_loss': (0.1445, 0.2049)}
{'epoch': 21, 'train_loss': 0.3006, 'train_acc': 0.8144, 'task_loss': (0.0848, 0.2158)}
{'epoch': 22, 'train_loss': 0.2764, 'train_acc': 0.8304, 'task_loss': (0.0789, 0.1975)}
{'epoch': 23, 'train_loss': 0.288, 'train_acc': 0.8464, 'task_loss': (0.0974, 0.1905)}
{'epoch': 24, 'train_loss': 0.3136, 'train_acc': 0.824, 'task_loss': (0.1026, 0.211)}
{'epoch': 25, 'train_loss': 0.2769, 'train_acc': 0.8424, 'task_loss': (0.0781, 0.1988)}
{'epoch': 26, 'train_loss': 0.2843, 'train_acc': 0.8496, 'task_loss': (0.1079, 0.1764)}
{'epoch': 27, 'train_loss': 0.2646, 'train_acc': 0.8528, 'task_loss': (0.0917, 0.1729)}
{'epoch': 28, 'train_loss': 0.2547, 'train_acc': 0.8576, 'task_loss': (0.077, 0.1778)}
{'epoch': 29, 'train_loss': 0.2702, 'train_acc': 0.8496, 'task_loss': (0.0855, 0.1846)}
{'epoch': 30, 'train_loss': 0.2667, 'train_acc': 0.8408, 'task_loss': (0.0727, 0.194)}
{'epoch': 31, 'train_loss': 0.2353, 'train_acc': 0.8516, 'task_loss': (0.0535, 0.1817)}
{'epoch': 32, 'train_loss': 0.2737, 'train_acc': 0.848, 'task_loss': (0.095, 0.1787)}
{'epoch': 33, 'train_loss': 0.2207, 'train_acc': 0.8608, 'task_loss': (0.0593, 0.1613)}
{'epoch': 34, 'train_loss': 0.2031, 'train_acc': 0.8744, 'task_loss': (0.0464, 0.1567)}
{'epoch': 35, 'train_loss': 0.2276, 'train_acc': 0.8728, 'task_loss': (0.0591, 0.1685)}
{'epoch': 36, 'train_loss': 0.2603, 'train_acc': 0.8664, 'task_loss': (0.0908, 0.1696)}
{'epoch': 37, 'train_loss': 0.3073, 'train_acc': 0.8536, 'task_loss': (0.1308, 0.1765)}
{'epoch': 38, 'train_loss': 0.2432, 'train_acc': 0.8664, 'task_loss': (0.0845, 0.1587)}
{'epoch': 39, 'train_loss': 0.2532, 'train_acc': 0.8504, 'task_loss': (0.0781, 0.1751)}
{'epoch': 40, 'train_loss': 0.1959, 'train_acc': 0.8832, 'task_loss': (0.0538, 0.142)}
{'epoch': 41, 'train_loss': 0.2098, 'train_acc': 0.8696, 'task_loss': (0.0468, 0.163)}
{'epoch': 42, 'train_loss': 0.2153, 'train_acc': 0.8696, 'task_loss': (0.06, 0.1553)}
{'epoch': 43, 'train_loss': 0.1992, 'train_acc': 0.88, 'task_loss': (0.0524, 0.1467)}
{'epoch': 44, 'train_loss': 0.1903, 'train_acc': 0.8784, 'task_loss': (0.0347, 0.1556)}
{'epoch': 45, 'train_loss': 0.1576, 'train_acc': 0.896, 'task_loss': (0.0224, 0.1353)}
{'epoch': 46, 'train_loss': 0.22, 'train_acc': 0.8714, 'task_loss': (0.0648, 0.1553)}
{'epoch': 47, 'train_loss': 0.2047, 'train_acc': 0.8712, 'task_loss': (0.046, 0.1587)}
{'epoch': 48, 'train_loss': 0.1831, 'train_acc': 0.8808, 'task_loss': (0.0355, 0.1477)}
{'epoch': 49, 'train_loss': 0.1684, 'train_acc': 0.8936, 'task_loss': (0.028, 0.1404)}
{'epoch': 50, 'train_loss': 0.1599, 'train_acc': 0.904, 'task_loss': (0.0277, 0.1322)}
{'epoch': 51, 'train_loss': 0.1636, 'train_acc': 0.8952, 'task_loss': (0.0264, 0.1371)}
{'epoch': 52, 'train_loss': 0.1832, 'train_acc': 0.9, 'task_loss': (0.0567, 0.1265)}
{'epoch': 53, 'train_loss': 0.1642, 'train_acc': 0.8872, 'task_loss': (0.0227, 0.1415)}
{'epoch': 54, 'train_loss': 0.1631, 'train_acc': 0.8952, 'task_loss': (0.0311, 0.132)}
{'epoch': 55, 'train_loss': 0.1758, 'train_acc': 0.8896, 'task_loss': (0.0373, 0.1385)}
{'epoch': 56, 'train_loss': 0.1405, 'train_acc': 0.9112, 'task_loss': (0.0265, 0.1141)}
{'epoch': 57, 'train_loss': 0.1582, 'train_acc': 0.912, 'task_loss': (0.0404, 0.1178)}
{'epoch': 58, 'train_loss': 0.1718, 'train_acc': 0.896, 'task_loss': (0.0466, 0.1252)}
{'epoch': 59, 'train_loss': 0.1219, 'train_acc': 0.9224, 'task_loss': (0.0205, 0.1014)}
{'epoch': 60, 'train_loss': 0.137, 'train_acc': 0.9176, 'task_loss': (0.0204, 0.1166)}
{'epoch': 61, 'train_loss': 0.1498, 'train_acc': 0.8984, 'task_loss': (0.0255, 0.1242)}
{'epoch': 62, 'train_loss': 0.1416, 'train_acc': 0.9096, 'task_loss': (0.0177, 0.124)}
{'epoch': 63, 'train_loss': 0.162, 'train_acc': 0.9168, 'task_loss': (0.0518, 0.1102)}
{'epoch': 64, 'train_loss': 0.1396, 'train_acc': 0.9152, 'task_loss': (0.0218, 0.1178)}
{'epoch': 65, 'train_loss': 0.1124, 'train_acc': 0.9312, 'task_loss': (0.0165, 0.0959)}
{'epoch': 66, 'train_loss': 0.112, 'train_acc': 0.9184, 'task_loss': (0.0162, 0.0958)}
{'epoch': 67, 'train_loss': 0.114, 'train_acc': 0.92, 'task_loss': (0.0168, 0.0972)}
{'epoch': 68, 'train_loss': 0.115, 'train_acc': 0.9264, 'task_loss': (0.0141, 0.1009)}
{'epoch': 69, 'train_loss': 0.116, 'train_acc': 0.932, 'task_loss': (0.0229, 0.0932)}
{'epoch': 70, 'train_loss': 0.1189, 'train_acc': 0.9232, 'task_loss': (0.0221, 0.0968)}
{'epoch': 71, 'train_loss': 0.1175, 'train_acc': 0.9272, 'task_loss': (0.0128, 0.1047)}
{'epoch': 72, 'train_loss': 0.1132, 'train_acc': 0.932, 'task_loss': (0.027, 0.0862)}
{'epoch': 73, 'train_loss': 0.1382, 'train_acc': 0.912, 'task_loss': (0.0268, 0.1114)}
{'epoch': 74, 'train_loss': 0.1112, 'train_acc': 0.9256, 'task_loss': (0.0179, 0.0934)}
{'epoch': 75, 'train_loss': 0.1129, 'train_acc': 0.9336, 'task_loss': (0.021, 0.092)}
{'epoch': 76, 'train_loss': 0.1198, 'train_acc': 0.9317, 'task_loss': (0.0209, 0.0989)}
{'epoch': 77, 'train_loss': 0.1226, 'train_acc': 0.9168, 'task_loss': (0.0124, 0.1102)}
{'epoch': 78, 'train_loss': 0.115, 'train_acc': 0.9248, 'task_loss': (0.0164, 0.0986)}
{'epoch': 79, 'train_loss': 0.095, 'train_acc': 0.9416, 'task_loss': (0.0124, 0.0826)}
{'epoch': 80, 'train_loss': 0.1047, 'train_acc': 0.9392, 'task_loss': (0.0173, 0.0874)}
{'epoch': 81, 'train_loss': 0.1, 'train_acc': 0.9392, 'task_loss': (0.0144, 0.0856)}
{'epoch': 82, 'train_loss': 0.1005, 'train_acc': 0.9256, 'task_loss': (0.0142, 0.0863)}
{'epoch': 83, 'train_loss': 0.0987, 'train_acc': 0.9432, 'task_loss': (0.0179, 0.0808)}
{'epoch': 84, 'train_loss': 0.1007, 'train_acc': 0.9352, 'task_loss': (0.0148, 0.0859)}
{'epoch': 85, 'train_loss': 0.1142, 'train_acc': 0.9384, 'task_loss': (0.0256, 0.0886)}
{'epoch': 86, 'train_loss': 0.1115, 'train_acc': 0.9248, 'task_loss': (0.0138, 0.0977)}
{'epoch': 87, 'train_loss': 0.0973, 'train_acc': 0.9312, 'task_loss': (0.0166, 0.0807)}
{'epoch': 88, 'train_loss': 0.0975, 'train_acc': 0.9368, 'task_loss': (0.0155, 0.082)}
{'epoch': 89, 'train_loss': 0.107, 'train_acc': 0.9392, 'task_loss': (0.0283, 0.0787)}
{'epoch': 90, 'train_loss': 0.1049, 'train_acc': 0.932, 'task_loss': (0.0132, 0.0918)}
{'epoch': 91, 'train_loss': 0.1026, 'train_acc': 0.9405, 'task_loss': (0.0186, 0.0841)}
{'epoch': 92, 'train_loss': 0.1073, 'train_acc': 0.9248, 'task_loss': (0.0134, 0.0939)}
{'epoch': 93, 'train_loss': 0.1027, 'train_acc': 0.94, 'task_loss': (0.0178, 0.0849)}
{'epoch': 94, 'train_loss': 0.0941, 'train_acc': 0.932, 'task_loss': (0.008, 0.0861)}
{'epoch': 95, 'train_loss': 0.0924, 'train_acc': 0.9328, 'task_loss': (0.0092, 0.0833)}
{'epoch': 96, 'train_loss': 0.0851, 'train_acc': 0.936, 'task_loss': (0.0105, 0.0746)}
{'epoch': 97, 'train_loss': 0.1001, 'train_acc': 0.9456, 'task_loss': (0.0262, 0.0739)}
{'epoch': 98, 'train_loss': 0.1036, 'train_acc': 0.9344, 'task_loss': (0.0161, 0.0875)}
{'epoch': 99, 'train_loss': 0.09, 'train_acc': 0.9472, 'task_loss': (0.0143, 0.0757)}
{'epoch': 100, 'train_loss': 0.0997, 'train_acc': 0.9376, 'task_loss': (0.0138, 0.0859)}
{'run_num': 6, 'final_test_err': 0.11399999999999999}
Files already downloaded and verified
Files already downloaded and verified
{'epoch': 1, 'train_loss': 1.4457, 'train_acc': 0.6056, 'task_loss': (0.7408, 0.7049)}
{'epoch': 2, 'train_loss': 1.0294, 'train_acc': 0.6448, 'task_loss': (0.55, 0.4795)}
{'epoch': 3, 'train_loss': 0.689, 'train_acc': 0.6752, 'task_loss': (0.3265, 0.3624)}
{'epoch': 4, 'train_loss': 0.6865, 'train_acc': 0.6896, 'task_loss': (0.3529, 0.3336)}
{'epoch': 5, 'train_loss': 0.5322, 'train_acc': 0.7192, 'task_loss': (0.2348, 0.2974)}
{'epoch': 6, 'train_loss': 0.5189, 'train_acc': 0.7456, 'task_loss': (0.2407, 0.2781)}
{'epoch': 7, 'train_loss': 0.4848, 'train_acc': 0.7576, 'task_loss': (0.2142, 0.2706)}
{'epoch': 8, 'train_loss': 0.4837, 'train_acc': 0.7776, 'task_loss': (0.2445, 0.2392)}
{'epoch': 9, 'train_loss': 0.3717, 'train_acc': 0.7872, 'task_loss': (0.1385, 0.2332)}
{'epoch': 10, 'train_loss': 0.4094, 'train_acc': 0.7792, 'task_loss': (0.1571, 0.2523)}
{'epoch': 11, 'train_loss': 0.3944, 'train_acc': 0.788, 'task_loss': (0.1606, 0.2338)}
{'epoch': 12, 'train_loss': 0.3255, 'train_acc': 0.8048, 'task_loss': (0.1153, 0.2101)}
{'epoch': 13, 'train_loss': 0.3953, 'train_acc': 0.8056, 'task_loss': (0.1784, 0.2168)}
{'epoch': 14, 'train_loss': 0.3863, 'train_acc': 0.8088, 'task_loss': (0.1687, 0.2175)}
{'epoch': 15, 'train_loss': 0.3493, 'train_acc': 0.8104, 'task_loss': (0.1265, 0.2228)}
{'epoch': 16, 'train_loss': 0.4369, 'train_acc': 0.8087, 'task_loss': (0.2082, 0.2287)}
{'epoch': 17, 'train_loss': 0.3299, 'train_acc': 0.8208, 'task_loss': (0.1194, 0.2104)}
{'epoch': 18, 'train_loss': 0.3201, 'train_acc': 0.8408, 'task_loss': (0.135, 0.1851)}
{'epoch': 19, 'train_loss': 0.3284, 'train_acc': 0.8256, 'task_loss': (0.1226, 0.2058)}
{'epoch': 20, 'train_loss': 0.3175, 'train_acc': 0.8416, 'task_loss': (0.1217, 0.1959)}
{'epoch': 21, 'train_loss': 0.2652, 'train_acc': 0.8328, 'task_loss': (0.0723, 0.1928)}
{'epoch': 22, 'train_loss': 0.3318, 'train_acc': 0.8248, 'task_loss': (0.1386, 0.1933)}
{'epoch': 23, 'train_loss': 0.3238, 'train_acc': 0.8272, 'task_loss': (0.1256, 0.1983)}
{'epoch': 24, 'train_loss': 0.3407, 'train_acc': 0.8136, 'task_loss': (0.1346, 0.2062)}
{'epoch': 25, 'train_loss': 0.3282, 'train_acc': 0.828, 'task_loss': (0.1253, 0.2029)}
{'epoch': 26, 'train_loss': 0.2707, 'train_acc': 0.8344, 'task_loss': (0.0884, 0.1823)}
{'epoch': 27, 'train_loss': 0.2487, 'train_acc': 0.8472, 'task_loss': (0.0571, 0.1915)}
{'epoch': 28, 'train_loss': 0.3008, 'train_acc': 0.8424, 'task_loss': (0.1059, 0.1949)}
{'epoch': 29, 'train_loss': 0.2561, 'train_acc': 0.8552, 'task_loss': (0.0721, 0.1841)}
{'epoch': 30, 'train_loss': 0.3159, 'train_acc': 0.8392, 'task_loss': (0.1243, 0.1915)}
{'epoch': 31, 'train_loss': 0.2629, 'train_acc': 0.85, 'task_loss': (0.0821, 0.1808)}
{'epoch': 32, 'train_loss': 0.2182, 'train_acc': 0.86, 'task_loss': (0.0568, 0.1614)}
{'epoch': 33, 'train_loss': 0.2265, 'train_acc': 0.8688, 'task_loss': (0.0583, 0.1682)}
{'epoch': 34, 'train_loss': 0.2981, 'train_acc': 0.8648, 'task_loss': (0.1393, 0.1588)}
{'epoch': 35, 'train_loss': 0.227, 'train_acc': 0.856, 'task_loss': (0.0621, 0.1649)}
{'epoch': 36, 'train_loss': 0.2188, 'train_acc': 0.8592, 'task_loss': (0.0582, 0.1606)}
{'epoch': 37, 'train_loss': 0.2519, 'train_acc': 0.872, 'task_loss': (0.0827, 0.1692)}
{'epoch': 38, 'train_loss': 0.2246, 'train_acc': 0.8608, 'task_loss': (0.0671, 0.1575)}
{'epoch': 39, 'train_loss': 0.1775, 'train_acc': 0.8872, 'task_loss': (0.0345, 0.1429)}
{'epoch': 40, 'train_loss': 0.2209, 'train_acc': 0.8768, 'task_loss': (0.0642, 0.1567)}
{'epoch': 41, 'train_loss': 0.207, 'train_acc': 0.8832, 'task_loss': (0.0535, 0.1535)}
{'epoch': 42, 'train_loss': 0.2319, 'train_acc': 0.88, 'task_loss': (0.0756, 0.1563)}
{'epoch': 43, 'train_loss': 0.1773, 'train_acc': 0.8872, 'task_loss': (0.0358, 0.1415)}
{'epoch': 44, 'train_loss': 0.1973, 'train_acc': 0.8704, 'task_loss': (0.0432, 0.1541)}
{'epoch': 45, 'train_loss': 0.1522, 'train_acc': 0.9064, 'task_loss': (0.0253, 0.127)}
{'epoch': 46, 'train_loss': 0.1959, 'train_acc': 0.881, 'task_loss': (0.0416, 0.1543)}
{'epoch': 47, 'train_loss': 0.2191, 'train_acc': 0.8736, 'task_loss': (0.0641, 0.1551)}
{'epoch': 48, 'train_loss': 0.16, 'train_acc': 0.8888, 'task_loss': (0.0223, 0.1377)}
{'epoch': 49, 'train_loss': 0.1517, 'train_acc': 0.9096, 'task_loss': (0.0272, 0.1245)}
{'epoch': 50, 'train_loss': 0.165, 'train_acc': 0.9016, 'task_loss': (0.0456, 0.1194)}
{'epoch': 51, 'train_loss': 0.1673, 'train_acc': 0.9008, 'task_loss': (0.0411, 0.1262)}
{'epoch': 52, 'train_loss': 0.1761, 'train_acc': 0.8984, 'task_loss': (0.0412, 0.135)}
{'epoch': 53, 'train_loss': 0.1794, 'train_acc': 0.9016, 'task_loss': (0.0432, 0.1363)}
{'epoch': 54, 'train_loss': 0.1597, 'train_acc': 0.896, 'task_loss': (0.0263, 0.1334)}
{'epoch': 55, 'train_loss': 0.1688, 'train_acc': 0.9048, 'task_loss': (0.0518, 0.117)}
{'epoch': 56, 'train_loss': 0.1367, 'train_acc': 0.9144, 'task_loss': (0.0248, 0.1119)}
{'epoch': 57, 'train_loss': 0.1464, 'train_acc': 0.912, 'task_loss': (0.0376, 0.1088)}
{'epoch': 58, 'train_loss': 0.1402, 'train_acc': 0.9112, 'task_loss': (0.0261, 0.1141)}
{'epoch': 59, 'train_loss': 0.1389, 'train_acc': 0.9208, 'task_loss': (0.0244, 0.1144)}
{'epoch': 60, 'train_loss': 0.1328, 'train_acc': 0.92, 'task_loss': (0.023, 0.1098)}
{'epoch': 61, 'train_loss': 0.1308, 'train_acc': 0.9151, 'task_loss': (0.0255, 0.1053)}
{'epoch': 62, 'train_loss': 0.1445, 'train_acc': 0.9184, 'task_loss': (0.0277, 0.1168)}
{'epoch': 63, 'train_loss': 0.1129, 'train_acc': 0.9224, 'task_loss': (0.0148, 0.0981)}
{'epoch': 64, 'train_loss': 0.1172, 'train_acc': 0.9224, 'task_loss': (0.0174, 0.0998)}
{'epoch': 65, 'train_loss': 0.1231, 'train_acc': 0.9184, 'task_loss': (0.0219, 0.1013)}
{'epoch': 66, 'train_loss': 0.1105, 'train_acc': 0.9296, 'task_loss': (0.0155, 0.095)}
{'epoch': 67, 'train_loss': 0.1167, 'train_acc': 0.9296, 'task_loss': (0.0215, 0.0952)}
{'epoch': 68, 'train_loss': 0.1325, 'train_acc': 0.9136, 'task_loss': (0.0211, 0.1114)}
{'epoch': 69, 'train_loss': 0.1097, 'train_acc': 0.9288, 'task_loss': (0.0186, 0.0911)}
{'epoch': 70, 'train_loss': 0.1058, 'train_acc': 0.9288, 'task_loss': (0.0142, 0.0915)}
{'epoch': 71, 'train_loss': 0.1171, 'train_acc': 0.928, 'task_loss': (0.0208, 0.0963)}
{'epoch': 72, 'train_loss': 0.1065, 'train_acc': 0.9248, 'task_loss': (0.0158, 0.0907)}
{'epoch': 73, 'train_loss': 0.1057, 'train_acc': 0.9328, 'task_loss': (0.011, 0.0947)}
{'epoch': 74, 'train_loss': 0.1079, 'train_acc': 0.936, 'task_loss': (0.0195, 0.0884)}
{'epoch': 75, 'train_loss': 0.1146, 'train_acc': 0.9352, 'task_loss': (0.0292, 0.0854)}
{'epoch': 76, 'train_loss': 0.1018, 'train_acc': 0.9357, 'task_loss': (0.0157, 0.0861)}
{'epoch': 77, 'train_loss': 0.1029, 'train_acc': 0.9416, 'task_loss': (0.0191, 0.0838)}
{'epoch': 78, 'train_loss': 0.0988, 'train_acc': 0.9376, 'task_loss': (0.0137, 0.0851)}
{'epoch': 79, 'train_loss': 0.0999, 'train_acc': 0.936, 'task_loss': (0.0107, 0.0892)}
{'epoch': 80, 'train_loss': 0.1019, 'train_acc': 0.9488, 'task_loss': (0.0203, 0.0816)}
{'epoch': 81, 'train_loss': 0.1024, 'train_acc': 0.9288, 'task_loss': (0.0107, 0.0917)}
{'epoch': 82, 'train_loss': 0.0977, 'train_acc': 0.936, 'task_loss': (0.017, 0.0807)}
{'epoch': 83, 'train_loss': 0.1127, 'train_acc': 0.9344, 'task_loss': (0.0235, 0.0892)}
{'epoch': 84, 'train_loss': 0.0885, 'train_acc': 0.94, 'task_loss': (0.0114, 0.0771)}
{'epoch': 85, 'train_loss': 0.0926, 'train_acc': 0.944, 'task_loss': (0.0135, 0.0792)}
{'epoch': 86, 'train_loss': 0.0892, 'train_acc': 0.9432, 'task_loss': (0.0112, 0.078)}
{'epoch': 87, 'train_loss': 0.1024, 'train_acc': 0.9384, 'task_loss': (0.0139, 0.0885)}
{'epoch': 88, 'train_loss': 0.0954, 'train_acc': 0.9408, 'task_loss': (0.0139, 0.0815)}
{'epoch': 89, 'train_loss': 0.0936, 'train_acc': 0.936, 'task_loss': (0.0117, 0.0819)}
{'epoch': 90, 'train_loss': 0.0859, 'train_acc': 0.9416, 'task_loss': (0.0082, 0.0777)}
{'epoch': 91, 'train_loss': 0.0954, 'train_acc': 0.9341, 'task_loss': (0.0111, 0.0844)}
{'epoch': 92, 'train_loss': 0.092, 'train_acc': 0.9368, 'task_loss': (0.0092, 0.0828)}
{'epoch': 93, 'train_loss': 0.1035, 'train_acc': 0.9464, 'task_loss': (0.0264, 0.0771)}
{'epoch': 94, 'train_loss': 0.0935, 'train_acc': 0.9424, 'task_loss': (0.0105, 0.083)}
{'epoch': 95, 'train_loss': 0.0856, 'train_acc': 0.944, 'task_loss': (0.0115, 0.0741)}
{'epoch': 96, 'train_loss': 0.098, 'train_acc': 0.9392, 'task_loss': (0.0111, 0.0868)}
{'epoch': 97, 'train_loss': 0.1015, 'train_acc': 0.94, 'task_loss': (0.016, 0.0855)}
{'epoch': 98, 'train_loss': 0.0902, 'train_acc': 0.944, 'task_loss': (0.0154, 0.0748)}
{'epoch': 99, 'train_loss': 0.0823, 'train_acc': 0.9496, 'task_loss': (0.0087, 0.0735)}
{'epoch': 100, 'train_loss': 0.0962, 'train_acc': 0.932, 'task_loss': (0.0087, 0.0876)}
{'run_num': 7, 'final_test_err': 0.11499999999999999}
Files already downloaded and verified
Files already downloaded and verified
{'epoch': 1, 'train_loss': 1.4498, 'train_acc': 0.6111, 'task_loss': (0.7362, 0.7136)}
{'epoch': 2, 'train_loss': 0.8965, 'train_acc': 0.7008, 'task_loss': (0.4566, 0.44)}
{'epoch': 3, 'train_loss': 0.7123, 'train_acc': 0.688, 'task_loss': (0.3244, 0.388)}
{'epoch': 4, 'train_loss': 0.5407, 'train_acc': 0.7376, 'task_loss': (0.2061, 0.3346)}
{'epoch': 5, 'train_loss': 0.5459, 'train_acc': 0.7408, 'task_loss': (0.2741, 0.2718)}
{'epoch': 6, 'train_loss': 0.4312, 'train_acc': 0.7896, 'task_loss': (0.1889, 0.2423)}
{'epoch': 7, 'train_loss': 0.4641, 'train_acc': 0.7752, 'task_loss': (0.2117, 0.2524)}
{'epoch': 8, 'train_loss': 0.4146, 'train_acc': 0.7792, 'task_loss': (0.1598, 0.2548)}
{'epoch': 9, 'train_loss': 0.4229, 'train_acc': 0.7816, 'task_loss': (0.1857, 0.2372)}
{'epoch': 10, 'train_loss': 0.4233, 'train_acc': 0.7808, 'task_loss': (0.1814, 0.2419)}
{'epoch': 11, 'train_loss': 0.3993, 'train_acc': 0.7976, 'task_loss': (0.1658, 0.2335)}
{'epoch': 12, 'train_loss': 0.377, 'train_acc': 0.8, 'task_loss': (0.1624, 0.2146)}
{'epoch': 13, 'train_loss': 0.3749, 'train_acc': 0.792, 'task_loss': (0.1441, 0.2308)}
{'epoch': 14, 'train_loss': 0.3744, 'train_acc': 0.8168, 'task_loss': (0.1516, 0.2228)}
{'epoch': 15, 'train_loss': 0.3617, 'train_acc': 0.808, 'task_loss': (0.1583, 0.2034)}
{'epoch': 16, 'train_loss': 0.3022, 'train_acc': 0.8151, 'task_loss': (0.0957, 0.2065)}
{'epoch': 17, 'train_loss': 0.3027, 'train_acc': 0.8168, 'task_loss': (0.0847, 0.218)}
{'epoch': 18, 'train_loss': 0.2899, 'train_acc': 0.8424, 'task_loss': (0.105, 0.1849)}
{'epoch': 19, 'train_loss': 0.3058, 'train_acc': 0.828, 'task_loss': (0.0979, 0.2079)}
{'epoch': 20, 'train_loss': 0.3113, 'train_acc': 0.8024, 'task_loss': (0.0929, 0.2184)}
{'epoch': 21, 'train_loss': 0.3236, 'train_acc': 0.8088, 'task_loss': (0.1141, 0.2095)}
{'epoch': 22, 'train_loss': 0.2739, 'train_acc': 0.8488, 'task_loss': (0.0869, 0.187)}
{'epoch': 23, 'train_loss': 0.2814, 'train_acc': 0.836, 'task_loss': (0.0918, 0.1895)}
{'epoch': 24, 'train_loss': 0.2614, 'train_acc': 0.8528, 'task_loss': (0.0887, 0.1727)}
{'epoch': 25, 'train_loss': 0.2747, 'train_acc': 0.844, 'task_loss': (0.0911, 0.1836)}
{'epoch': 26, 'train_loss': 0.2568, 'train_acc': 0.8512, 'task_loss': (0.0818, 0.1749)}
{'epoch': 27, 'train_loss': 0.2819, 'train_acc': 0.8304, 'task_loss': (0.0842, 0.1977)}
{'epoch': 28, 'train_loss': 0.2996, 'train_acc': 0.84, 'task_loss': (0.111, 0.1886)}
{'epoch': 29, 'train_loss': 0.2907, 'train_acc': 0.8432, 'task_loss': (0.1109, 0.1799)}
{'epoch': 30, 'train_loss': 0.2733, 'train_acc': 0.8448, 'task_loss': (0.0915, 0.1818)}
{'epoch': 31, 'train_loss': 0.2156, 'train_acc': 0.8659, 'task_loss': (0.0523, 0.1633)}
{'epoch': 32, 'train_loss': 0.2185, 'train_acc': 0.8568, 'task_loss': (0.0532, 0.1653)}
{'epoch': 33, 'train_loss': 0.2415, 'train_acc': 0.864, 'task_loss': (0.0722, 0.1693)}
{'epoch': 34, 'train_loss': 0.2413, 'train_acc': 0.8744, 'task_loss': (0.0794, 0.1619)}
{'epoch': 35, 'train_loss': 0.2117, 'train_acc': 0.8624, 'task_loss': (0.0439, 0.1678)}
{'epoch': 36, 'train_loss': 0.2907, 'train_acc': 0.8496, 'task_loss': (0.1162, 0.1745)}
{'epoch': 37, 'train_loss': 0.2046, 'train_acc': 0.8624, 'task_loss': (0.0388, 0.1658)}
{'epoch': 38, 'train_loss': 0.2482, 'train_acc': 0.86, 'task_loss': (0.0757, 0.1725)}
{'epoch': 39, 'train_loss': 0.2034, 'train_acc': 0.8752, 'task_loss': (0.0459, 0.1575)}
{'epoch': 40, 'train_loss': 0.2052, 'train_acc': 0.8728, 'task_loss': (0.0563, 0.1489)}
{'epoch': 41, 'train_loss': 0.204, 'train_acc': 0.884, 'task_loss': (0.0522, 0.1519)}
{'epoch': 42, 'train_loss': 0.2635, 'train_acc': 0.8608, 'task_loss': (0.0941, 0.1693)}
{'epoch': 43, 'train_loss': 0.1854, 'train_acc': 0.8792, 'task_loss': (0.0434, 0.1421)}
{'epoch': 44, 'train_loss': 0.2262, 'train_acc': 0.8688, 'task_loss': (0.0637, 0.1625)}
{'epoch': 45, 'train_loss': 0.1939, 'train_acc': 0.892, 'task_loss': (0.0544, 0.1395)}
{'epoch': 46, 'train_loss': 0.1898, 'train_acc': 0.8873, 'task_loss': (0.0412, 0.1486)}
{'epoch': 47, 'train_loss': 0.1921, 'train_acc': 0.8936, 'task_loss': (0.045, 0.1472)}
{'epoch': 48, 'train_loss': 0.1771, 'train_acc': 0.8808, 'task_loss': (0.0344, 0.1428)}
{'epoch': 49, 'train_loss': 0.165, 'train_acc': 0.8808, 'task_loss': (0.0293, 0.1358)}
{'epoch': 50, 'train_loss': 0.176, 'train_acc': 0.88, 'task_loss': (0.0367, 0.1393)}
{'epoch': 51, 'train_loss': 0.1584, 'train_acc': 0.8968, 'task_loss': (0.0291, 0.1293)}
{'epoch': 52, 'train_loss': 0.1955, 'train_acc': 0.88, 'task_loss': (0.0415, 0.154)}
{'epoch': 53, 'train_loss': 0.1534, 'train_acc': 0.9032, 'task_loss': (0.0253, 0.1281)}
{'epoch': 54, 'train_loss': 0.1688, 'train_acc': 0.904, 'task_loss': (0.0465, 0.1223)}
{'epoch': 55, 'train_loss': 0.1317, 'train_acc': 0.9176, 'task_loss': (0.0238, 0.108)}
{'epoch': 56, 'train_loss': 0.1555, 'train_acc': 0.9144, 'task_loss': (0.0488, 0.1067)}
{'epoch': 57, 'train_loss': 0.1435, 'train_acc': 0.912, 'task_loss': (0.027, 0.1165)}
{'epoch': 58, 'train_loss': 0.126, 'train_acc': 0.9152, 'task_loss': (0.0225, 0.1035)}
{'epoch': 59, 'train_loss': 0.1408, 'train_acc': 0.9096, 'task_loss': (0.0176, 0.1232)}
{'epoch': 60, 'train_loss': 0.1333, 'train_acc': 0.9104, 'task_loss': (0.0184, 0.1149)}
{'epoch': 61, 'train_loss': 0.138, 'train_acc': 0.9103, 'task_loss': (0.0199, 0.1181)}
{'epoch': 62, 'train_loss': 0.1272, 'train_acc': 0.908, 'task_loss': (0.0136, 0.1136)}
{'epoch': 63, 'train_loss': 0.1286, 'train_acc': 0.9168, 'task_loss': (0.0262, 0.1024)}
{'epoch': 64, 'train_loss': 0.1233, 'train_acc': 0.9272, 'task_loss': (0.02, 0.1033)}
{'epoch': 65, 'train_loss': 0.1176, 'train_acc': 0.9256, 'task_loss': (0.0176, 0.1)}
{'epoch': 66, 'train_loss': 0.1128, 'train_acc': 0.9208, 'task_loss': (0.0107, 0.1021)}
{'epoch': 67, 'train_loss': 0.1183, 'train_acc': 0.9208, 'task_loss': (0.0119, 0.1064)}
{'epoch': 68, 'train_loss': 0.1082, 'train_acc': 0.9368, 'task_loss': (0.0162, 0.092)}
{'epoch': 69, 'train_loss': 0.1093, 'train_acc': 0.9264, 'task_loss': (0.0178, 0.0915)}
{'epoch': 70, 'train_loss': 0.1178, 'train_acc': 0.9184, 'task_loss': (0.0175, 0.1003)}
{'epoch': 71, 'train_loss': 0.1058, 'train_acc': 0.928, 'task_loss': (0.0145, 0.0913)}
{'epoch': 72, 'train_loss': 0.1015, 'train_acc': 0.9328, 'task_loss': (0.0203, 0.0813)}
{'epoch': 73, 'train_loss': 0.1085, 'train_acc': 0.936, 'task_loss': (0.0136, 0.0949)}
{'epoch': 74, 'train_loss': 0.1034, 'train_acc': 0.928, 'task_loss': (0.0159, 0.0875)}
{'epoch': 75, 'train_loss': 0.1049, 'train_acc': 0.9248, 'task_loss': (0.0122, 0.0928)}
{'epoch': 76, 'train_loss': 0.0907, 'train_acc': 0.9405, 'task_loss': (0.01, 0.0807)}
{'epoch': 77, 'train_loss': 0.0958, 'train_acc': 0.9336, 'task_loss': (0.0141, 0.0817)}
{'epoch': 78, 'train_loss': 0.0921, 'train_acc': 0.9432, 'task_loss': (0.0147, 0.0774)}
{'epoch': 79, 'train_loss': 0.0974, 'train_acc': 0.9424, 'task_loss': (0.0109, 0.0864)}
{'epoch': 80, 'train_loss': 0.1057, 'train_acc': 0.932, 'task_loss': (0.0156, 0.0901)}
{'epoch': 81, 'train_loss': 0.1186, 'train_acc': 0.9304, 'task_loss': (0.0267, 0.0919)}
{'epoch': 82, 'train_loss': 0.0904, 'train_acc': 0.9408, 'task_loss': (0.0128, 0.0776)}
{'epoch': 83, 'train_loss': 0.1177, 'train_acc': 0.9176, 'task_loss': (0.0164, 0.1013)}
{'epoch': 84, 'train_loss': 0.1137, 'train_acc': 0.932, 'task_loss': (0.0158, 0.0979)}
{'epoch': 85, 'train_loss': 0.1, 'train_acc': 0.9448, 'task_loss': (0.0105, 0.0895)}
{'epoch': 86, 'train_loss': 0.0963, 'train_acc': 0.9424, 'task_loss': (0.0189, 0.0774)}
{'epoch': 87, 'train_loss': 0.1013, 'train_acc': 0.9328, 'task_loss': (0.013, 0.0883)}
{'epoch': 88, 'train_loss': 0.0989, 'train_acc': 0.936, 'task_loss': (0.0128, 0.0861)}
{'epoch': 89, 'train_loss': 0.095, 'train_acc': 0.9376, 'task_loss': (0.0132, 0.0818)}
{'epoch': 90, 'train_loss': 0.1008, 'train_acc': 0.9288, 'task_loss': (0.0096, 0.0912)}
{'epoch': 91, 'train_loss': 0.1062, 'train_acc': 0.931, 'task_loss': (0.0235, 0.0827)}
{'epoch': 92, 'train_loss': 0.1131, 'train_acc': 0.9344, 'task_loss': (0.0279, 0.0853)}
{'epoch': 93, 'train_loss': 0.0959, 'train_acc': 0.9352, 'task_loss': (0.0173, 0.0786)}
{'epoch': 94, 'train_loss': 0.0998, 'train_acc': 0.9304, 'task_loss': (0.0106, 0.0892)}
{'epoch': 95, 'train_loss': 0.0891, 'train_acc': 0.9368, 'task_loss': (0.0086, 0.0806)}
{'epoch': 96, 'train_loss': 0.0854, 'train_acc': 0.9424, 'task_loss': (0.0121, 0.0733)}
{'epoch': 97, 'train_loss': 0.0943, 'train_acc': 0.944, 'task_loss': (0.0139, 0.0803)}
{'epoch': 98, 'train_loss': 0.1048, 'train_acc': 0.9312, 'task_loss': (0.0106, 0.0943)}
{'epoch': 99, 'train_loss': 0.1114, 'train_acc': 0.94, 'task_loss': (0.0236, 0.0878)}
{'epoch': 100, 'train_loss': 0.0895, 'train_acc': 0.9424, 'task_loss': (0.0162, 0.0733)}
{'run_num': 8, 'final_test_err': 0.12949999999999995}
Files already downloaded and verified
Files already downloaded and verified
{'epoch': 1, 'train_loss': 1.2701, 'train_acc': 0.6214, 'task_loss': (0.6178, 0.6522)}
{'epoch': 2, 'train_loss': 0.936, 'train_acc': 0.6352, 'task_loss': (0.4274, 0.5087)}
{'epoch': 3, 'train_loss': 0.9989, 'train_acc': 0.6672, 'task_loss': (0.4912, 0.5076)}
{'epoch': 4, 'train_loss': 0.5718, 'train_acc': 0.7264, 'task_loss': (0.2728, 0.299)}
{'epoch': 5, 'train_loss': 0.5243, 'train_acc': 0.7408, 'task_loss': (0.2533, 0.271)}
{'epoch': 6, 'train_loss': 0.4864, 'train_acc': 0.76, 'task_loss': (0.2291, 0.2573)}
{'epoch': 7, 'train_loss': 0.5148, 'train_acc': 0.752, 'task_loss': (0.2429, 0.272)}
{'epoch': 8, 'train_loss': 0.4253, 'train_acc': 0.7712, 'task_loss': (0.1784, 0.2469)}
{'epoch': 9, 'train_loss': 0.4459, 'train_acc': 0.7608, 'task_loss': (0.197, 0.2489)}
{'epoch': 10, 'train_loss': 0.4065, 'train_acc': 0.7936, 'task_loss': (0.1727, 0.2338)}
{'epoch': 11, 'train_loss': 0.4329, 'train_acc': 0.7704, 'task_loss': (0.1887, 0.2442)}
{'epoch': 12, 'train_loss': 0.3977, 'train_acc': 0.7984, 'task_loss': (0.1737, 0.224)}
{'epoch': 13, 'train_loss': 0.3962, 'train_acc': 0.7984, 'task_loss': (0.1667, 0.2296)}
{'epoch': 14, 'train_loss': 0.3697, 'train_acc': 0.7896, 'task_loss': (0.1366, 0.2332)}
{'epoch': 15, 'train_loss': 0.3702, 'train_acc': 0.8008, 'task_loss': (0.1463, 0.2239)}
{'epoch': 16, 'train_loss': 0.3434, 'train_acc': 0.8246, 'task_loss': (0.1304, 0.213)}
{'epoch': 17, 'train_loss': 0.3723, 'train_acc': 0.8176, 'task_loss': (0.1583, 0.214)}
{'epoch': 18, 'train_loss': 0.3924, 'train_acc': 0.796, 'task_loss': (0.1552, 0.2372)}
{'epoch': 19, 'train_loss': 0.3408, 'train_acc': 0.8176, 'task_loss': (0.1364, 0.2044)}
{'epoch': 20, 'train_loss': 0.3375, 'train_acc': 0.808, 'task_loss': (0.1062, 0.2313)}
{'epoch': 21, 'train_loss': 0.3589, 'train_acc': 0.82, 'task_loss': (0.1548, 0.2042)}
{'epoch': 22, 'train_loss': 0.3096, 'train_acc': 0.8232, 'task_loss': (0.0972, 0.2124)}
{'epoch': 23, 'train_loss': 0.3267, 'train_acc': 0.836, 'task_loss': (0.131, 0.1957)}
{'epoch': 24, 'train_loss': 0.2833, 'train_acc': 0.8312, 'task_loss': (0.0754, 0.2079)}
{'epoch': 25, 'train_loss': 0.3227, 'train_acc': 0.8176, 'task_loss': (0.1093, 0.2134)}
{'epoch': 26, 'train_loss': 0.2901, 'train_acc': 0.8344, 'task_loss': (0.0928, 0.1974)}
{'epoch': 27, 'train_loss': 0.25, 'train_acc': 0.8616, 'task_loss': (0.0798, 0.1702)}
{'epoch': 28, 'train_loss': 0.2835, 'train_acc': 0.8376, 'task_loss': (0.085, 0.1985)}
{'epoch': 29, 'train_loss': 0.2706, 'train_acc': 0.8432, 'task_loss': (0.083, 0.1875)}
{'epoch': 30, 'train_loss': 0.2769, 'train_acc': 0.8552, 'task_loss': (0.0948, 0.1822)}
{'epoch': 31, 'train_loss': 0.2821, 'train_acc': 0.8317, 'task_loss': (0.0858, 0.1963)}
{'epoch': 32, 'train_loss': 0.2851, 'train_acc': 0.8376, 'task_loss': (0.0945, 0.1905)}
{'epoch': 33, 'train_loss': 0.2058, 'train_acc': 0.868, 'task_loss': (0.049, 0.1569)}
{'epoch': 34, 'train_loss': 0.238, 'train_acc': 0.8584, 'task_loss': (0.0641, 0.1739)}
{'epoch': 35, 'train_loss': 0.2481, 'train_acc': 0.8568, 'task_loss': (0.0695, 0.1787)}
{'epoch': 36, 'train_loss': 0.2005, 'train_acc': 0.8752, 'task_loss': (0.0499, 0.1506)}
{'epoch': 37, 'train_loss': 0.2345, 'train_acc': 0.86, 'task_loss': (0.0564, 0.1781)}
{'epoch': 38, 'train_loss': 0.2511, 'train_acc': 0.8472, 'task_loss': (0.0646, 0.1865)}
{'epoch': 39, 'train_loss': 0.1831, 'train_acc': 0.8696, 'task_loss': (0.0305, 0.1526)}
{'epoch': 40, 'train_loss': 0.1808, 'train_acc': 0.8728, 'task_loss': (0.0264, 0.1543)}
{'epoch': 41, 'train_loss': 0.2391, 'train_acc': 0.8672, 'task_loss': (0.0743, 0.1647)}
{'epoch': 42, 'train_loss': 0.2145, 'train_acc': 0.8576, 'task_loss': (0.0531, 0.1614)}
{'epoch': 43, 'train_loss': 0.2163, 'train_acc': 0.88, 'task_loss': (0.0599, 0.1565)}
{'epoch': 44, 'train_loss': 0.1991, 'train_acc': 0.8816, 'task_loss': (0.0457, 0.1534)}
{'epoch': 45, 'train_loss': 0.1917, 'train_acc': 0.8872, 'task_loss': (0.0502, 0.1415)}
{'epoch': 46, 'train_loss': 0.2008, 'train_acc': 0.8698, 'task_loss': (0.0487, 0.1521)}
{'epoch': 47, 'train_loss': 0.1978, 'train_acc': 0.8712, 'task_loss': (0.043, 0.1548)}
{'epoch': 48, 'train_loss': 0.2035, 'train_acc': 0.8736, 'task_loss': (0.0361, 0.1674)}
{'epoch': 49, 'train_loss': 0.2084, 'train_acc': 0.8912, 'task_loss': (0.0591, 0.1494)}
{'epoch': 50, 'train_loss': 0.1824, 'train_acc': 0.8872, 'task_loss': (0.0388, 0.1436)}
{'epoch': 51, 'train_loss': 0.1597, 'train_acc': 0.8888, 'task_loss': (0.0345, 0.1252)}
{'epoch': 52, 'train_loss': 0.1596, 'train_acc': 0.9096, 'task_loss': (0.0357, 0.1239)}
{'epoch': 53, 'train_loss': 0.163, 'train_acc': 0.8952, 'task_loss': (0.0302, 0.1328)}
{'epoch': 54, 'train_loss': 0.1567, 'train_acc': 0.8912, 'task_loss': (0.019, 0.1378)}
{'epoch': 55, 'train_loss': 0.1462, 'train_acc': 0.9016, 'task_loss': (0.0193, 0.1269)}
{'epoch': 56, 'train_loss': 0.1252, 'train_acc': 0.9144, 'task_loss': (0.0225, 0.1028)}
{'epoch': 57, 'train_loss': 0.1347, 'train_acc': 0.9048, 'task_loss': (0.0166, 0.118)}
{'epoch': 58, 'train_loss': 0.1433, 'train_acc': 0.9152, 'task_loss': (0.0329, 0.1105)}
{'epoch': 59, 'train_loss': 0.1127, 'train_acc': 0.9296, 'task_loss': (0.0109, 0.1018)}
{'epoch': 60, 'train_loss': 0.1576, 'train_acc': 0.9184, 'task_loss': (0.0473, 0.1103)}
{'epoch': 61, 'train_loss': 0.1554, 'train_acc': 0.9016, 'task_loss': (0.0252, 0.1302)}
{'epoch': 62, 'train_loss': 0.1377, 'train_acc': 0.908, 'task_loss': (0.0208, 0.1169)}
{'epoch': 63, 'train_loss': 0.1363, 'train_acc': 0.9168, 'task_loss': (0.0226, 0.1136)}
{'epoch': 64, 'train_loss': 0.156, 'train_acc': 0.9112, 'task_loss': (0.0329, 0.1231)}
{'epoch': 65, 'train_loss': 0.1339, 'train_acc': 0.9184, 'task_loss': (0.0295, 0.1044)}
{'epoch': 66, 'train_loss': 0.1259, 'train_acc': 0.912, 'task_loss': (0.018, 0.1079)}
{'epoch': 67, 'train_loss': 0.1117, 'train_acc': 0.9296, 'task_loss': (0.0181, 0.0936)}
{'epoch': 68, 'train_loss': 0.1187, 'train_acc': 0.9216, 'task_loss': (0.0205, 0.0981)}
{'epoch': 69, 'train_loss': 0.1489, 'train_acc': 0.912, 'task_loss': (0.0404, 0.1085)}
{'epoch': 70, 'train_loss': 0.1152, 'train_acc': 0.9264, 'task_loss': (0.0168, 0.0984)}
{'epoch': 71, 'train_loss': 0.1267, 'train_acc': 0.9256, 'task_loss': (0.0285, 0.0983)}
{'epoch': 72, 'train_loss': 0.1198, 'train_acc': 0.9176, 'task_loss': (0.0181, 0.1017)}
{'epoch': 73, 'train_loss': 0.1053, 'train_acc': 0.932, 'task_loss': (0.0151, 0.0902)}
{'epoch': 74, 'train_loss': 0.1149, 'train_acc': 0.9256, 'task_loss': (0.0178, 0.0971)}
{'epoch': 75, 'train_loss': 0.1112, 'train_acc': 0.9296, 'task_loss': (0.0115, 0.0997)}
{'epoch': 76, 'train_loss': 0.1044, 'train_acc': 0.9365, 'task_loss': (0.0106, 0.0938)}
{'epoch': 77, 'train_loss': 0.1026, 'train_acc': 0.9416, 'task_loss': (0.0149, 0.0877)}
{'epoch': 78, 'train_loss': 0.1178, 'train_acc': 0.932, 'task_loss': (0.0212, 0.0965)}
{'epoch': 79, 'train_loss': 0.115, 'train_acc': 0.9272, 'task_loss': (0.0169, 0.0981)}
{'epoch': 80, 'train_loss': 0.0962, 'train_acc': 0.9376, 'task_loss': (0.0138, 0.0824)}
{'epoch': 81, 'train_loss': 0.1078, 'train_acc': 0.9312, 'task_loss': (0.016, 0.0918)}
{'epoch': 82, 'train_loss': 0.0985, 'train_acc': 0.94, 'task_loss': (0.0126, 0.0859)}
{'epoch': 83, 'train_loss': 0.0872, 'train_acc': 0.9424, 'task_loss': (0.0091, 0.0781)}
{'epoch': 84, 'train_loss': 0.1209, 'train_acc': 0.9264, 'task_loss': (0.0227, 0.0982)}
{'epoch': 85, 'train_loss': 0.1028, 'train_acc': 0.9392, 'task_loss': (0.0161, 0.0867)}
{'epoch': 86, 'train_loss': 0.11, 'train_acc': 0.9232, 'task_loss': (0.017, 0.093)}
{'epoch': 87, 'train_loss': 0.093, 'train_acc': 0.936, 'task_loss': (0.0099, 0.0832)}
{'epoch': 88, 'train_loss': 0.103, 'train_acc': 0.9248, 'task_loss': (0.0147, 0.0883)}
{'epoch': 89, 'train_loss': 0.1054, 'train_acc': 0.928, 'task_loss': (0.0138, 0.0915)}
{'epoch': 90, 'train_loss': 0.1017, 'train_acc': 0.9272, 'task_loss': (0.011, 0.0907)}
{'epoch': 91, 'train_loss': 0.091, 'train_acc': 0.946, 'task_loss': (0.0119, 0.0791)}
{'epoch': 92, 'train_loss': 0.1008, 'train_acc': 0.936, 'task_loss': (0.0149, 0.086)}
{'epoch': 93, 'train_loss': 0.0891, 'train_acc': 0.9464, 'task_loss': (0.0158, 0.0733)}
{'epoch': 94, 'train_loss': 0.1156, 'train_acc': 0.932, 'task_loss': (0.0135, 0.1021)}
{'epoch': 95, 'train_loss': 0.0916, 'train_acc': 0.9472, 'task_loss': (0.0139, 0.0777)}
{'epoch': 96, 'train_loss': 0.0914, 'train_acc': 0.9432, 'task_loss': (0.0117, 0.0796)}
{'epoch': 97, 'train_loss': 0.1058, 'train_acc': 0.94, 'task_loss': (0.0185, 0.0872)}
{'epoch': 98, 'train_loss': 0.1093, 'train_acc': 0.9368, 'task_loss': (0.0133, 0.096)}
{'epoch': 99, 'train_loss': 0.0797, 'train_acc': 0.948, 'task_loss': (0.0115, 0.0682)}
{'epoch': 100, 'train_loss': 0.0934, 'train_acc': 0.944, 'task_loss': (0.0174, 0.0761)}
{'run_num': 9, 'final_test_err': 0.13024999999999998}
{'avg_err': 0.1198, 'std_err': 0.0063}
