{'deploy': True, 'tag': '02_beta/ta_sampler_loss', 'seed': 10, 'device': 'cuda:0', 'reps': 10, 'loss': {'alpha': 0.5, 'tune_alpha': False, 'group_task_loss': True}, 'task': {'dataset': 'split_cifar10', 'task_map': [[0, 1], [2, 3], [4, 5], [6, 7], [8, 9]], 'target': 0, 'ood': [4], 'augment': True, 'n': 50, 'm_n': 2, 'beta': 0.2, 'custom_sampler': True}, 'hp': {'epochs': 100, 'bs': 16, 'lr': 0.01}, 'net': 'conv'}
Files already downloaded and verified
Files already downloaded and verified
{'epoch': 1, 'train_loss': 0.8995, 'train_acc': 0.5414, 'task_loss': (0.4422, 0.4574)}
{'epoch': 2, 'train_loss': 0.9199, 'train_acc': 0.6477, 'task_loss': (0.4621, 0.4579)}
{'epoch': 3, 'train_loss': 0.8705, 'train_acc': 0.5752, 'task_loss': (0.4259, 0.4446)}
{'epoch': 4, 'train_loss': 0.7022, 'train_acc': 0.6742, 'task_loss': (0.3083, 0.3939)}
{'epoch': 5, 'train_loss': 0.4776, 'train_acc': 0.782, 'task_loss': (0.2432, 0.2344)}
{'epoch': 6, 'train_loss': 0.5877, 'train_acc': 0.7576, 'task_loss': (0.3186, 0.2691)}
{'epoch': 7, 'train_loss': 0.5927, 'train_acc': 0.782, 'task_loss': (0.3518, 0.2409)}
{'epoch': 8, 'train_loss': 0.609, 'train_acc': 0.7538, 'task_loss': (0.2527, 0.3563)}
{'epoch': 9, 'train_loss': 0.5386, 'train_acc': 0.7594, 'task_loss': (0.2432, 0.2953)}
{'epoch': 10, 'train_loss': 0.5496, 'train_acc': 0.7348, 'task_loss': (0.2595, 0.2901)}
{'epoch': 11, 'train_loss': 0.4699, 'train_acc': 0.7782, 'task_loss': (0.2069, 0.263)}
{'epoch': 12, 'train_loss': 0.4199, 'train_acc': 0.7765, 'task_loss': (0.144, 0.2759)}
{'epoch': 13, 'train_loss': 0.4219, 'train_acc': 0.7744, 'task_loss': (0.1813, 0.2406)}
{'epoch': 14, 'train_loss': 0.3659, 'train_acc': 0.8333, 'task_loss': (0.1499, 0.2159)}
{'epoch': 15, 'train_loss': 0.4547, 'train_acc': 0.7782, 'task_loss': (0.1925, 0.2622)}
{'epoch': 16, 'train_loss': 0.4675, 'train_acc': 0.7765, 'task_loss': (0.1903, 0.2772)}
{'epoch': 17, 'train_loss': 0.3422, 'train_acc': 0.8269, 'task_loss': (0.1158, 0.2264)}
{'epoch': 18, 'train_loss': 0.3698, 'train_acc': 0.8233, 'task_loss': (0.1183, 0.2515)}
{'epoch': 19, 'train_loss': 0.4207, 'train_acc': 0.8182, 'task_loss': (0.2209, 0.1998)}
{'epoch': 20, 'train_loss': 0.4168, 'train_acc': 0.8083, 'task_loss': (0.144, 0.2728)}
{'epoch': 21, 'train_loss': 0.4067, 'train_acc': 0.8447, 'task_loss': (0.1896, 0.2171)}
{'epoch': 22, 'train_loss': 0.3979, 'train_acc': 0.8308, 'task_loss': (0.186, 0.2119)}
{'epoch': 23, 'train_loss': 0.4817, 'train_acc': 0.8258, 'task_loss': (0.2773, 0.2044)}
{'epoch': 24, 'train_loss': 0.3029, 'train_acc': 0.8271, 'task_loss': (0.1115, 0.1914)}
{'epoch': 25, 'train_loss': 0.2506, 'train_acc': 0.875, 'task_loss': (0.0949, 0.1557)}
{'epoch': 26, 'train_loss': 0.2532, 'train_acc': 0.8534, 'task_loss': (0.0871, 0.1661)}
{'epoch': 27, 'train_loss': 0.2574, 'train_acc': 0.8712, 'task_loss': (0.1074, 0.1501)}
{'epoch': 28, 'train_loss': 0.2934, 'train_acc': 0.8083, 'task_loss': (0.0817, 0.2117)}
{'epoch': 29, 'train_loss': 0.3629, 'train_acc': 0.8333, 'task_loss': (0.1318, 0.2311)}
{'epoch': 30, 'train_loss': 0.3167, 'train_acc': 0.8459, 'task_loss': (0.127, 0.1897)}
{'epoch': 31, 'train_loss': 0.2827, 'train_acc': 0.8674, 'task_loss': (0.1344, 0.1483)}
{'epoch': 32, 'train_loss': 0.3906, 'train_acc': 0.8195, 'task_loss': (0.1913, 0.1993)}
{'epoch': 33, 'train_loss': 0.2887, 'train_acc': 0.8561, 'task_loss': (0.1105, 0.1781)}
{'epoch': 34, 'train_loss': 0.2598, 'train_acc': 0.8692, 'task_loss': (0.1072, 0.1526)}
{'epoch': 35, 'train_loss': 0.2143, 'train_acc': 0.9211, 'task_loss': (0.089, 0.1253)}
{'epoch': 36, 'train_loss': 0.273, 'train_acc': 0.8902, 'task_loss': (0.1111, 0.1619)}
{'epoch': 37, 'train_loss': 0.2248, 'train_acc': 0.9098, 'task_loss': (0.1041, 0.1208)}
{'epoch': 38, 'train_loss': 0.1814, 'train_acc': 0.9242, 'task_loss': (0.0728, 0.1085)}
{'epoch': 39, 'train_loss': 0.2084, 'train_acc': 0.9098, 'task_loss': (0.0909, 0.1175)}
{'epoch': 40, 'train_loss': 0.2245, 'train_acc': 0.8864, 'task_loss': (0.0821, 0.1424)}
{'epoch': 41, 'train_loss': 0.2649, 'train_acc': 0.8647, 'task_loss': (0.1162, 0.1487)}
{'epoch': 42, 'train_loss': 0.1975, 'train_acc': 0.9015, 'task_loss': (0.085, 0.1125)}
{'epoch': 43, 'train_loss': 0.2403, 'train_acc': 0.906, 'task_loss': (0.1264, 0.1139)}
{'epoch': 44, 'train_loss': 0.154, 'train_acc': 0.9205, 'task_loss': (0.0478, 0.1062)}
{'epoch': 45, 'train_loss': 0.203, 'train_acc': 0.9098, 'task_loss': (0.069, 0.134)}
{'epoch': 46, 'train_loss': 0.2151, 'train_acc': 0.8977, 'task_loss': (0.0987, 0.1164)}
{'epoch': 47, 'train_loss': 0.1947, 'train_acc': 0.906, 'task_loss': (0.0641, 0.1306)}
{'epoch': 48, 'train_loss': 0.2425, 'train_acc': 0.9091, 'task_loss': (0.1329, 0.1096)}
{'epoch': 49, 'train_loss': 0.1828, 'train_acc': 0.9135, 'task_loss': (0.07, 0.1128)}
{'epoch': 50, 'train_loss': 0.1553, 'train_acc': 0.9356, 'task_loss': (0.0728, 0.0825)}
{'epoch': 51, 'train_loss': 0.1898, 'train_acc': 0.9038, 'task_loss': (0.0573, 0.1325)}
{'epoch': 52, 'train_loss': 0.1938, 'train_acc': 0.9135, 'task_loss': (0.0841, 0.1097)}
{'epoch': 53, 'train_loss': 0.1665, 'train_acc': 0.9432, 'task_loss': (0.0829, 0.0836)}
{'epoch': 54, 'train_loss': 0.1589, 'train_acc': 0.9248, 'task_loss': (0.0415, 0.1174)}
{'epoch': 55, 'train_loss': 0.1832, 'train_acc': 0.928, 'task_loss': (0.098, 0.0852)}
{'epoch': 56, 'train_loss': 0.1023, 'train_acc': 0.9549, 'task_loss': (0.0266, 0.0757)}
{'epoch': 57, 'train_loss': 0.1051, 'train_acc': 0.9508, 'task_loss': (0.0398, 0.0653)}
{'epoch': 58, 'train_loss': 0.0877, 'train_acc': 0.9549, 'task_loss': (0.0328, 0.0549)}
{'epoch': 59, 'train_loss': 0.1408, 'train_acc': 0.9508, 'task_loss': (0.0755, 0.0653)}
{'epoch': 60, 'train_loss': 0.1119, 'train_acc': 0.9474, 'task_loss': (0.0301, 0.0818)}
{'epoch': 61, 'train_loss': 0.0889, 'train_acc': 0.9545, 'task_loss': (0.0141, 0.0748)}
{'epoch': 62, 'train_loss': 0.1048, 'train_acc': 0.9624, 'task_loss': (0.0234, 0.0814)}
{'epoch': 63, 'train_loss': 0.108, 'train_acc': 0.9432, 'task_loss': (0.0447, 0.0633)}
{'epoch': 64, 'train_loss': 0.1267, 'train_acc': 0.9474, 'task_loss': (0.0518, 0.0749)}
{'epoch': 65, 'train_loss': 0.1001, 'train_acc': 0.9545, 'task_loss': (0.0388, 0.0613)}
{'epoch': 66, 'train_loss': 0.1273, 'train_acc': 0.9699, 'task_loss': (0.0775, 0.0498)}
{'epoch': 67, 'train_loss': 0.0889, 'train_acc': 0.9432, 'task_loss': (0.0303, 0.0585)}
{'epoch': 68, 'train_loss': 0.092, 'train_acc': 0.9423, 'task_loss': (0.0148, 0.0772)}
{'epoch': 69, 'train_loss': 0.079, 'train_acc': 0.9586, 'task_loss': (0.0358, 0.0432)}
{'epoch': 70, 'train_loss': 0.0828, 'train_acc': 0.9659, 'task_loss': (0.0313, 0.0515)}
{'epoch': 71, 'train_loss': 0.0902, 'train_acc': 0.9662, 'task_loss': (0.0344, 0.0558)}
{'epoch': 72, 'train_loss': 0.149, 'train_acc': 0.9318, 'task_loss': (0.0766, 0.0724)}
{'epoch': 73, 'train_loss': 0.1009, 'train_acc': 0.9436, 'task_loss': (0.0239, 0.077)}
{'epoch': 74, 'train_loss': 0.0667, 'train_acc': 0.9735, 'task_loss': (0.0135, 0.0532)}
{'epoch': 75, 'train_loss': 0.0761, 'train_acc': 0.9586, 'task_loss': (0.0178, 0.0583)}
{'epoch': 76, 'train_loss': 0.0745, 'train_acc': 0.9697, 'task_loss': (0.0214, 0.0531)}
{'epoch': 77, 'train_loss': 0.1104, 'train_acc': 0.9737, 'task_loss': (0.043, 0.0675)}
{'epoch': 78, 'train_loss': 0.0672, 'train_acc': 0.9811, 'task_loss': (0.0272, 0.04)}
{'epoch': 79, 'train_loss': 0.0808, 'train_acc': 0.9624, 'task_loss': (0.0221, 0.0587)}
{'epoch': 80, 'train_loss': 0.0795, 'train_acc': 0.9659, 'task_loss': (0.0254, 0.0541)}
{'epoch': 81, 'train_loss': 0.0723, 'train_acc': 0.9699, 'task_loss': (0.0217, 0.0506)}
{'epoch': 82, 'train_loss': 0.0726, 'train_acc': 0.9621, 'task_loss': (0.0239, 0.0487)}
{'epoch': 83, 'train_loss': 0.111, 'train_acc': 0.9662, 'task_loss': (0.0562, 0.0548)}
{'epoch': 84, 'train_loss': 0.0716, 'train_acc': 0.9697, 'task_loss': (0.0256, 0.0459)}
{'epoch': 85, 'train_loss': 0.0747, 'train_acc': 0.9731, 'task_loss': (0.0338, 0.0408)}
{'epoch': 86, 'train_loss': 0.0375, 'train_acc': 0.9887, 'task_loss': (0.0089, 0.0286)}
{'epoch': 87, 'train_loss': 0.05, 'train_acc': 0.9811, 'task_loss': (0.0125, 0.0375)}
{'epoch': 88, 'train_loss': 0.0772, 'train_acc': 0.9624, 'task_loss': (0.0211, 0.0561)}
{'epoch': 89, 'train_loss': 0.0591, 'train_acc': 0.9886, 'task_loss': (0.0273, 0.0318)}
{'epoch': 90, 'train_loss': 0.0547, 'train_acc': 0.985, 'task_loss': (0.011, 0.0436)}
{'epoch': 91, 'train_loss': 0.0547, 'train_acc': 0.9848, 'task_loss': (0.0157, 0.039)}
{'epoch': 92, 'train_loss': 0.0591, 'train_acc': 0.9737, 'task_loss': (0.0154, 0.0437)}
{'epoch': 93, 'train_loss': 0.052, 'train_acc': 0.9811, 'task_loss': (0.0209, 0.0311)}
{'epoch': 94, 'train_loss': 0.0557, 'train_acc': 0.9699, 'task_loss': (0.0178, 0.038)}
{'epoch': 95, 'train_loss': 0.0579, 'train_acc': 0.9735, 'task_loss': (0.0136, 0.0443)}
{'epoch': 96, 'train_loss': 0.0564, 'train_acc': 0.9737, 'task_loss': (0.0131, 0.0433)}
{'epoch': 97, 'train_loss': 0.0505, 'train_acc': 0.9886, 'task_loss': (0.0219, 0.0287)}
{'epoch': 98, 'train_loss': 0.0582, 'train_acc': 0.9812, 'task_loss': (0.024, 0.0342)}
{'epoch': 99, 'train_loss': 0.0528, 'train_acc': 0.9697, 'task_loss': (0.0056, 0.0471)}
{'epoch': 100, 'train_loss': 0.0549, 'train_acc': 0.9812, 'task_loss': (0.0198, 0.0351)}
{'run_num': 0, 'final_test_err': 0.14675000000000005}
Files already downloaded and verified
Files already downloaded and verified
{'epoch': 1, 'train_loss': 0.9319, 'train_acc': 0.6053, 'task_loss': (0.5392, 0.3926)}
{'epoch': 2, 'train_loss': 0.7354, 'train_acc': 0.6515, 'task_loss': (0.3502, 0.3852)}
{'epoch': 3, 'train_loss': 0.6953, 'train_acc': 0.703, 'task_loss': (0.3416, 0.3537)}
{'epoch': 4, 'train_loss': 0.5209, 'train_acc': 0.7235, 'task_loss': (0.1448, 0.3762)}
{'epoch': 5, 'train_loss': 0.6045, 'train_acc': 0.7481, 'task_loss': (0.3221, 0.2824)}
{'epoch': 6, 'train_loss': 0.7037, 'train_acc': 0.7008, 'task_loss': (0.3539, 0.3499)}
{'epoch': 7, 'train_loss': 0.5423, 'train_acc': 0.7218, 'task_loss': (0.2062, 0.336)}
{'epoch': 8, 'train_loss': 0.6539, 'train_acc': 0.7083, 'task_loss': (0.3542, 0.2997)}
{'epoch': 9, 'train_loss': 0.4346, 'train_acc': 0.7895, 'task_loss': (0.2091, 0.2255)}
{'epoch': 10, 'train_loss': 0.5483, 'train_acc': 0.7538, 'task_loss': (0.2365, 0.3117)}
{'epoch': 11, 'train_loss': 0.4229, 'train_acc': 0.7857, 'task_loss': (0.1457, 0.2772)}
{'epoch': 12, 'train_loss': 0.6088, 'train_acc': 0.7197, 'task_loss': (0.3358, 0.273)}
{'epoch': 13, 'train_loss': 0.4189, 'train_acc': 0.782, 'task_loss': (0.1557, 0.2632)}
{'epoch': 14, 'train_loss': 0.4831, 'train_acc': 0.7689, 'task_loss': (0.1898, 0.2933)}
{'epoch': 15, 'train_loss': 0.5428, 'train_acc': 0.7632, 'task_loss': (0.2898, 0.2531)}
{'epoch': 16, 'train_loss': 0.436, 'train_acc': 0.7765, 'task_loss': (0.1895, 0.2465)}
{'epoch': 17, 'train_loss': 0.4708, 'train_acc': 0.8077, 'task_loss': (0.2527, 0.2181)}
{'epoch': 18, 'train_loss': 0.3498, 'train_acc': 0.8346, 'task_loss': (0.1297, 0.2201)}
{'epoch': 19, 'train_loss': 0.3223, 'train_acc': 0.8561, 'task_loss': (0.1375, 0.1848)}
{'epoch': 20, 'train_loss': 0.3936, 'train_acc': 0.8383, 'task_loss': (0.2004, 0.1932)}
{'epoch': 21, 'train_loss': 0.3449, 'train_acc': 0.822, 'task_loss': (0.1175, 0.2274)}
{'epoch': 22, 'train_loss': 0.5185, 'train_acc': 0.797, 'task_loss': (0.2485, 0.27)}
{'epoch': 23, 'train_loss': 0.2782, 'train_acc': 0.8598, 'task_loss': (0.0928, 0.1854)}
{'epoch': 24, 'train_loss': 0.2249, 'train_acc': 0.8647, 'task_loss': (0.0767, 0.1482)}
{'epoch': 25, 'train_loss': 0.3323, 'train_acc': 0.8447, 'task_loss': (0.1379, 0.1944)}
{'epoch': 26, 'train_loss': 0.3477, 'train_acc': 0.8647, 'task_loss': (0.1996, 0.148)}
{'epoch': 27, 'train_loss': 0.3966, 'train_acc': 0.8447, 'task_loss': (0.2286, 0.168)}
{'epoch': 28, 'train_loss': 0.461, 'train_acc': 0.797, 'task_loss': (0.1964, 0.2646)}
{'epoch': 29, 'train_loss': 0.3153, 'train_acc': 0.8636, 'task_loss': (0.1288, 0.1865)}
{'epoch': 30, 'train_loss': 0.268, 'train_acc': 0.8571, 'task_loss': (0.0808, 0.1871)}
{'epoch': 31, 'train_loss': 0.3228, 'train_acc': 0.8561, 'task_loss': (0.1024, 0.2203)}
{'epoch': 32, 'train_loss': 0.3422, 'train_acc': 0.8722, 'task_loss': (0.1999, 0.1423)}
{'epoch': 33, 'train_loss': 0.2961, 'train_acc': 0.8561, 'task_loss': (0.1243, 0.1718)}
{'epoch': 34, 'train_loss': 0.2672, 'train_acc': 0.8885, 'task_loss': (0.1407, 0.1265)}
{'epoch': 35, 'train_loss': 0.2464, 'train_acc': 0.8835, 'task_loss': (0.0819, 0.1645)}
{'epoch': 36, 'train_loss': 0.3196, 'train_acc': 0.8598, 'task_loss': (0.1373, 0.1823)}
{'epoch': 37, 'train_loss': 0.2547, 'train_acc': 0.8684, 'task_loss': (0.0867, 0.1681)}
{'epoch': 38, 'train_loss': 0.2003, 'train_acc': 0.9091, 'task_loss': (0.078, 0.1223)}
{'epoch': 39, 'train_loss': 0.2443, 'train_acc': 0.8684, 'task_loss': (0.0891, 0.1552)}
{'epoch': 40, 'train_loss': 0.2301, 'train_acc': 0.9205, 'task_loss': (0.1362, 0.0938)}
{'epoch': 41, 'train_loss': 0.3121, 'train_acc': 0.8759, 'task_loss': (0.1684, 0.1437)}
{'epoch': 42, 'train_loss': 0.2253, 'train_acc': 0.8977, 'task_loss': (0.097, 0.1283)}
{'epoch': 43, 'train_loss': 0.1721, 'train_acc': 0.9098, 'task_loss': (0.0725, 0.0996)}
{'epoch': 44, 'train_loss': 0.2446, 'train_acc': 0.9015, 'task_loss': (0.1081, 0.1365)}
{'epoch': 45, 'train_loss': 0.1966, 'train_acc': 0.8985, 'task_loss': (0.0417, 0.1549)}
{'epoch': 46, 'train_loss': 0.2373, 'train_acc': 0.8977, 'task_loss': (0.1167, 0.1206)}
{'epoch': 47, 'train_loss': 0.1763, 'train_acc': 0.906, 'task_loss': (0.0743, 0.102)}
{'epoch': 48, 'train_loss': 0.2357, 'train_acc': 0.8939, 'task_loss': (0.1175, 0.1182)}
{'epoch': 49, 'train_loss': 0.1792, 'train_acc': 0.9023, 'task_loss': (0.0697, 0.1095)}
{'epoch': 50, 'train_loss': 0.1803, 'train_acc': 0.9167, 'task_loss': (0.0713, 0.109)}
{'epoch': 51, 'train_loss': 0.1305, 'train_acc': 0.9423, 'task_loss': (0.0508, 0.0796)}
{'epoch': 52, 'train_loss': 0.0986, 'train_acc': 0.9586, 'task_loss': (0.0266, 0.0721)}
{'epoch': 53, 'train_loss': 0.1924, 'train_acc': 0.9129, 'task_loss': (0.0919, 0.1005)}
{'epoch': 54, 'train_loss': 0.2143, 'train_acc': 0.8872, 'task_loss': (0.0762, 0.1382)}
{'epoch': 55, 'train_loss': 0.1313, 'train_acc': 0.9394, 'task_loss': (0.036, 0.0953)}
{'epoch': 56, 'train_loss': 0.113, 'train_acc': 0.9586, 'task_loss': (0.0383, 0.0747)}
{'epoch': 57, 'train_loss': 0.0803, 'train_acc': 0.9773, 'task_loss': (0.0265, 0.0538)}
{'epoch': 58, 'train_loss': 0.1057, 'train_acc': 0.9398, 'task_loss': (0.0265, 0.0791)}
{'epoch': 59, 'train_loss': 0.1301, 'train_acc': 0.9356, 'task_loss': (0.0309, 0.0992)}
{'epoch': 60, 'train_loss': 0.1291, 'train_acc': 0.9586, 'task_loss': (0.0644, 0.0647)}
{'epoch': 61, 'train_loss': 0.122, 'train_acc': 0.9318, 'task_loss': (0.0435, 0.0786)}
{'epoch': 62, 'train_loss': 0.0968, 'train_acc': 0.9511, 'task_loss': (0.0277, 0.0691)}
{'epoch': 63, 'train_loss': 0.0768, 'train_acc': 0.9697, 'task_loss': (0.0127, 0.0641)}
{'epoch': 64, 'train_loss': 0.0753, 'train_acc': 0.9699, 'task_loss': (0.0205, 0.0548)}
{'epoch': 65, 'train_loss': 0.0894, 'train_acc': 0.9621, 'task_loss': (0.0226, 0.0667)}
{'epoch': 66, 'train_loss': 0.0709, 'train_acc': 0.9699, 'task_loss': (0.02, 0.0509)}
{'epoch': 67, 'train_loss': 0.1057, 'train_acc': 0.9545, 'task_loss': (0.0467, 0.059)}
{'epoch': 68, 'train_loss': 0.116, 'train_acc': 0.95, 'task_loss': (0.0604, 0.0557)}
{'epoch': 69, 'train_loss': 0.0849, 'train_acc': 0.9511, 'task_loss': (0.0287, 0.0562)}
{'epoch': 70, 'train_loss': 0.1261, 'train_acc': 0.9508, 'task_loss': (0.0627, 0.0635)}
{'epoch': 71, 'train_loss': 0.091, 'train_acc': 0.9662, 'task_loss': (0.0244, 0.0666)}
{'epoch': 72, 'train_loss': 0.0718, 'train_acc': 0.9735, 'task_loss': (0.0268, 0.0451)}
{'epoch': 73, 'train_loss': 0.1145, 'train_acc': 0.9511, 'task_loss': (0.0235, 0.091)}
{'epoch': 74, 'train_loss': 0.1046, 'train_acc': 0.9659, 'task_loss': (0.0557, 0.0489)}
{'epoch': 75, 'train_loss': 0.0736, 'train_acc': 0.9737, 'task_loss': (0.0216, 0.0519)}
{'epoch': 76, 'train_loss': 0.0742, 'train_acc': 0.9811, 'task_loss': (0.0328, 0.0413)}
{'epoch': 77, 'train_loss': 0.0642, 'train_acc': 0.9699, 'task_loss': (0.0172, 0.047)}
{'epoch': 78, 'train_loss': 0.0921, 'train_acc': 0.9697, 'task_loss': (0.0449, 0.0472)}
{'epoch': 79, 'train_loss': 0.0693, 'train_acc': 0.9586, 'task_loss': (0.009, 0.0603)}
{'epoch': 80, 'train_loss': 0.07, 'train_acc': 0.9583, 'task_loss': (0.0136, 0.0564)}
{'epoch': 81, 'train_loss': 0.0727, 'train_acc': 0.9887, 'task_loss': (0.0402, 0.0324)}
{'epoch': 82, 'train_loss': 0.0664, 'train_acc': 0.9735, 'task_loss': (0.0109, 0.0555)}
{'epoch': 83, 'train_loss': 0.0908, 'train_acc': 0.9586, 'task_loss': (0.0156, 0.0752)}
{'epoch': 84, 'train_loss': 0.0788, 'train_acc': 0.9735, 'task_loss': (0.028, 0.0508)}
{'epoch': 85, 'train_loss': 0.0755, 'train_acc': 0.9692, 'task_loss': (0.0406, 0.035)}
{'epoch': 86, 'train_loss': 0.0671, 'train_acc': 0.9737, 'task_loss': (0.0239, 0.0432)}
{'epoch': 87, 'train_loss': 0.0739, 'train_acc': 0.9697, 'task_loss': (0.0389, 0.0349)}
{'epoch': 88, 'train_loss': 0.0797, 'train_acc': 0.9624, 'task_loss': (0.0316, 0.0481)}
{'epoch': 89, 'train_loss': 0.0538, 'train_acc': 0.9811, 'task_loss': (0.0155, 0.0384)}
{'epoch': 90, 'train_loss': 0.0559, 'train_acc': 0.985, 'task_loss': (0.0148, 0.0411)}
{'epoch': 91, 'train_loss': 0.0852, 'train_acc': 0.9621, 'task_loss': (0.0408, 0.0444)}
{'epoch': 92, 'train_loss': 0.0646, 'train_acc': 0.9737, 'task_loss': (0.0224, 0.0422)}
{'epoch': 93, 'train_loss': 0.1092, 'train_acc': 0.9621, 'task_loss': (0.0542, 0.055)}
{'epoch': 94, 'train_loss': 0.061, 'train_acc': 0.9699, 'task_loss': (0.01, 0.051)}
{'epoch': 95, 'train_loss': 0.0633, 'train_acc': 0.9773, 'task_loss': (0.0277, 0.0355)}
{'epoch': 96, 'train_loss': 0.0532, 'train_acc': 0.985, 'task_loss': (0.0203, 0.0329)}
{'epoch': 97, 'train_loss': 0.0693, 'train_acc': 0.9697, 'task_loss': (0.0211, 0.0481)}
{'epoch': 98, 'train_loss': 0.065, 'train_acc': 0.9774, 'task_loss': (0.0234, 0.0416)}
{'epoch': 99, 'train_loss': 0.0795, 'train_acc': 0.9659, 'task_loss': (0.0303, 0.0492)}
{'epoch': 100, 'train_loss': 0.0795, 'train_acc': 0.9511, 'task_loss': (0.0146, 0.065)}
{'run_num': 1, 'final_test_err': 0.14575000000000005}
Files already downloaded and verified
Files already downloaded and verified
{'epoch': 1, 'train_loss': 0.7392, 'train_acc': 0.6466, 'task_loss': (0.3446, 0.3946)}
{'epoch': 2, 'train_loss': 0.8913, 'train_acc': 0.6136, 'task_loss': (0.4531, 0.4381)}
{'epoch': 3, 'train_loss': 0.7751, 'train_acc': 0.6692, 'task_loss': (0.4254, 0.3497)}
{'epoch': 4, 'train_loss': 0.6491, 'train_acc': 0.7121, 'task_loss': (0.2983, 0.3508)}
{'epoch': 5, 'train_loss': 0.5582, 'train_acc': 0.7444, 'task_loss': (0.2186, 0.3396)}
{'epoch': 6, 'train_loss': 0.6879, 'train_acc': 0.7121, 'task_loss': (0.3976, 0.2903)}
{'epoch': 7, 'train_loss': 0.7007, 'train_acc': 0.7256, 'task_loss': (0.4378, 0.2629)}
{'epoch': 8, 'train_loss': 0.5755, 'train_acc': 0.7311, 'task_loss': (0.2585, 0.317)}
{'epoch': 9, 'train_loss': 0.5146, 'train_acc': 0.7556, 'task_loss': (0.2224, 0.2922)}
{'epoch': 10, 'train_loss': 0.455, 'train_acc': 0.803, 'task_loss': (0.1694, 0.2856)}
{'epoch': 11, 'train_loss': 0.4391, 'train_acc': 0.7895, 'task_loss': (0.2088, 0.2303)}
{'epoch': 12, 'train_loss': 0.4828, 'train_acc': 0.803, 'task_loss': (0.2298, 0.253)}
{'epoch': 13, 'train_loss': 0.4523, 'train_acc': 0.7932, 'task_loss': (0.1901, 0.2622)}
{'epoch': 14, 'train_loss': 0.6322, 'train_acc': 0.7689, 'task_loss': (0.3561, 0.2761)}
{'epoch': 15, 'train_loss': 0.5293, 'train_acc': 0.782, 'task_loss': (0.2476, 0.2817)}
{'epoch': 16, 'train_loss': 0.3703, 'train_acc': 0.822, 'task_loss': (0.1483, 0.222)}
{'epoch': 17, 'train_loss': 0.389, 'train_acc': 0.8423, 'task_loss': (0.1995, 0.1895)}
{'epoch': 18, 'train_loss': 0.3027, 'train_acc': 0.8383, 'task_loss': (0.1104, 0.1922)}
{'epoch': 19, 'train_loss': 0.3163, 'train_acc': 0.8447, 'task_loss': (0.1296, 0.1868)}
{'epoch': 20, 'train_loss': 0.3759, 'train_acc': 0.8158, 'task_loss': (0.1616, 0.2143)}
{'epoch': 21, 'train_loss': 0.5378, 'train_acc': 0.8371, 'task_loss': (0.3419, 0.1958)}
{'epoch': 22, 'train_loss': 0.3862, 'train_acc': 0.812, 'task_loss': (0.1422, 0.2441)}
{'epoch': 23, 'train_loss': 0.456, 'train_acc': 0.8258, 'task_loss': (0.2354, 0.2206)}
{'epoch': 24, 'train_loss': 0.3545, 'train_acc': 0.8383, 'task_loss': (0.1693, 0.1852)}
{'epoch': 25, 'train_loss': 0.3888, 'train_acc': 0.8182, 'task_loss': (0.1409, 0.2479)}
{'epoch': 26, 'train_loss': 0.2393, 'train_acc': 0.8647, 'task_loss': (0.074, 0.1653)}
{'epoch': 27, 'train_loss': 0.3383, 'train_acc': 0.8674, 'task_loss': (0.147, 0.1913)}
{'epoch': 28, 'train_loss': 0.2386, 'train_acc': 0.8759, 'task_loss': (0.1126, 0.1261)}
{'epoch': 29, 'train_loss': 0.275, 'train_acc': 0.8826, 'task_loss': (0.114, 0.161)}
{'epoch': 30, 'train_loss': 0.3652, 'train_acc': 0.8233, 'task_loss': (0.155, 0.2102)}
{'epoch': 31, 'train_loss': 0.32, 'train_acc': 0.8674, 'task_loss': (0.0894, 0.2307)}
{'epoch': 32, 'train_loss': 0.3528, 'train_acc': 0.8195, 'task_loss': (0.1214, 0.2314)}
{'epoch': 33, 'train_loss': 0.2792, 'train_acc': 0.8636, 'task_loss': (0.1002, 0.1791)}
{'epoch': 34, 'train_loss': 0.2136, 'train_acc': 0.9077, 'task_loss': (0.1131, 0.1005)}
{'epoch': 35, 'train_loss': 0.3513, 'train_acc': 0.8233, 'task_loss': (0.0994, 0.2518)}
{'epoch': 36, 'train_loss': 0.2976, 'train_acc': 0.8788, 'task_loss': (0.1409, 0.1567)}
{'epoch': 37, 'train_loss': 0.3601, 'train_acc': 0.8571, 'task_loss': (0.1334, 0.2267)}
{'epoch': 38, 'train_loss': 0.4785, 'train_acc': 0.7955, 'task_loss': (0.1859, 0.2925)}
{'epoch': 39, 'train_loss': 0.2344, 'train_acc': 0.8496, 'task_loss': (0.0826, 0.1518)}
{'epoch': 40, 'train_loss': 0.4407, 'train_acc': 0.8258, 'task_loss': (0.2856, 0.1551)}
{'epoch': 41, 'train_loss': 0.2796, 'train_acc': 0.8647, 'task_loss': (0.0931, 0.1865)}
{'epoch': 42, 'train_loss': 0.2884, 'train_acc': 0.8826, 'task_loss': (0.1435, 0.1449)}
{'epoch': 43, 'train_loss': 0.2061, 'train_acc': 0.9098, 'task_loss': (0.0874, 0.1187)}
{'epoch': 44, 'train_loss': 0.1725, 'train_acc': 0.9129, 'task_loss': (0.0382, 0.1344)}
{'epoch': 45, 'train_loss': 0.1489, 'train_acc': 0.9248, 'task_loss': (0.0584, 0.0905)}
{'epoch': 46, 'train_loss': 0.2182, 'train_acc': 0.9242, 'task_loss': (0.0956, 0.1226)}
{'epoch': 47, 'train_loss': 0.2373, 'train_acc': 0.8835, 'task_loss': (0.095, 0.1423)}
{'epoch': 48, 'train_loss': 0.2341, 'train_acc': 0.8674, 'task_loss': (0.0995, 0.1346)}
{'epoch': 49, 'train_loss': 0.1425, 'train_acc': 0.9361, 'task_loss': (0.0579, 0.0846)}
{'epoch': 50, 'train_loss': 0.1719, 'train_acc': 0.9242, 'task_loss': (0.0555, 0.1165)}
{'epoch': 51, 'train_loss': 0.2087, 'train_acc': 0.9038, 'task_loss': (0.0961, 0.1127)}
{'epoch': 52, 'train_loss': 0.1158, 'train_acc': 0.9398, 'task_loss': (0.0342, 0.0816)}
{'epoch': 53, 'train_loss': 0.1138, 'train_acc': 0.9545, 'task_loss': (0.0351, 0.0786)}
{'epoch': 54, 'train_loss': 0.1238, 'train_acc': 0.9361, 'task_loss': (0.0463, 0.0775)}
{'epoch': 55, 'train_loss': 0.1184, 'train_acc': 0.9356, 'task_loss': (0.0286, 0.0898)}
{'epoch': 56, 'train_loss': 0.2125, 'train_acc': 0.9286, 'task_loss': (0.1342, 0.0784)}
{'epoch': 57, 'train_loss': 0.1979, 'train_acc': 0.8977, 'task_loss': (0.0796, 0.1183)}
{'epoch': 58, 'train_loss': 0.125, 'train_acc': 0.9361, 'task_loss': (0.0441, 0.0808)}
{'epoch': 59, 'train_loss': 0.0984, 'train_acc': 0.9545, 'task_loss': (0.0302, 0.0682)}
{'epoch': 60, 'train_loss': 0.1219, 'train_acc': 0.9549, 'task_loss': (0.0609, 0.0609)}
{'epoch': 61, 'train_loss': 0.1439, 'train_acc': 0.9394, 'task_loss': (0.0399, 0.1039)}
{'epoch': 62, 'train_loss': 0.131, 'train_acc': 0.9398, 'task_loss': (0.0534, 0.0776)}
{'epoch': 63, 'train_loss': 0.123, 'train_acc': 0.9432, 'task_loss': (0.0453, 0.0777)}
{'epoch': 64, 'train_loss': 0.069, 'train_acc': 0.9774, 'task_loss': (0.0246, 0.0444)}
{'epoch': 65, 'train_loss': 0.11, 'train_acc': 0.9621, 'task_loss': (0.0577, 0.0523)}
{'epoch': 66, 'train_loss': 0.0883, 'train_acc': 0.9511, 'task_loss': (0.0346, 0.0537)}
{'epoch': 67, 'train_loss': 0.1271, 'train_acc': 0.928, 'task_loss': (0.0466, 0.0805)}
{'epoch': 68, 'train_loss': 0.0927, 'train_acc': 0.9577, 'task_loss': (0.0301, 0.0627)}
{'epoch': 69, 'train_loss': 0.0945, 'train_acc': 0.9511, 'task_loss': (0.0424, 0.0521)}
{'epoch': 70, 'train_loss': 0.074, 'train_acc': 0.9621, 'task_loss': (0.021, 0.053)}
{'epoch': 71, 'train_loss': 0.1364, 'train_acc': 0.906, 'task_loss': (0.0285, 0.1079)}
{'epoch': 72, 'train_loss': 0.1124, 'train_acc': 0.9659, 'task_loss': (0.0567, 0.0558)}
{'epoch': 73, 'train_loss': 0.0897, 'train_acc': 0.9474, 'task_loss': (0.0213, 0.0685)}
{'epoch': 74, 'train_loss': 0.1268, 'train_acc': 0.9432, 'task_loss': (0.0532, 0.0735)}
{'epoch': 75, 'train_loss': 0.0651, 'train_acc': 0.9624, 'task_loss': (0.0165, 0.0486)}
{'epoch': 76, 'train_loss': 0.097, 'train_acc': 0.9545, 'task_loss': (0.0364, 0.0606)}
{'epoch': 77, 'train_loss': 0.0772, 'train_acc': 0.9586, 'task_loss': (0.0165, 0.0607)}
{'epoch': 78, 'train_loss': 0.0732, 'train_acc': 0.9848, 'task_loss': (0.0372, 0.036)}
{'epoch': 79, 'train_loss': 0.0904, 'train_acc': 0.9624, 'task_loss': (0.0399, 0.0505)}
{'epoch': 80, 'train_loss': 0.0471, 'train_acc': 0.9848, 'task_loss': (0.017, 0.0302)}
{'epoch': 81, 'train_loss': 0.1041, 'train_acc': 0.9549, 'task_loss': (0.0248, 0.0793)}
{'epoch': 82, 'train_loss': 0.0962, 'train_acc': 0.9583, 'task_loss': (0.0375, 0.0587)}
{'epoch': 83, 'train_loss': 0.0678, 'train_acc': 0.9662, 'task_loss': (0.0148, 0.053)}
{'epoch': 84, 'train_loss': 0.0721, 'train_acc': 0.9545, 'task_loss': (0.0203, 0.0518)}
{'epoch': 85, 'train_loss': 0.0646, 'train_acc': 0.9692, 'task_loss': (0.0192, 0.0455)}
{'epoch': 86, 'train_loss': 0.1006, 'train_acc': 0.9624, 'task_loss': (0.054, 0.0466)}
{'epoch': 87, 'train_loss': 0.1034, 'train_acc': 0.9432, 'task_loss': (0.0316, 0.0718)}
{'epoch': 88, 'train_loss': 0.0592, 'train_acc': 0.9774, 'task_loss': (0.0135, 0.0457)}
{'epoch': 89, 'train_loss': 0.083, 'train_acc': 0.9583, 'task_loss': (0.0245, 0.0585)}
{'epoch': 90, 'train_loss': 0.0607, 'train_acc': 0.9662, 'task_loss': (0.0096, 0.0511)}
{'epoch': 91, 'train_loss': 0.0757, 'train_acc': 0.947, 'task_loss': (0.0191, 0.0566)}
{'epoch': 92, 'train_loss': 0.0946, 'train_acc': 0.9549, 'task_loss': (0.0335, 0.0611)}
{'epoch': 93, 'train_loss': 0.1241, 'train_acc': 0.9394, 'task_loss': (0.0548, 0.0692)}
{'epoch': 94, 'train_loss': 0.1135, 'train_acc': 0.9549, 'task_loss': (0.0654, 0.0482)}
{'epoch': 95, 'train_loss': 0.0647, 'train_acc': 0.9811, 'task_loss': (0.0268, 0.038)}
{'epoch': 96, 'train_loss': 0.0545, 'train_acc': 0.9812, 'task_loss': (0.0219, 0.0326)}
{'epoch': 97, 'train_loss': 0.0913, 'train_acc': 0.9545, 'task_loss': (0.0231, 0.0682)}
{'epoch': 98, 'train_loss': 0.0392, 'train_acc': 0.9887, 'task_loss': (0.0087, 0.0305)}
{'epoch': 99, 'train_loss': 0.0745, 'train_acc': 0.9659, 'task_loss': (0.0216, 0.0529)}
{'epoch': 100, 'train_loss': 0.053, 'train_acc': 0.9812, 'task_loss': (0.0133, 0.0397)}
{'run_num': 2, 'final_test_err': 0.16049999999999998}
Files already downloaded and verified
Files already downloaded and verified
{'epoch': 1, 'train_loss': 0.8686, 'train_acc': 0.5602, 'task_loss': (0.4156, 0.453)}
{'epoch': 2, 'train_loss': 0.696, 'train_acc': 0.6667, 'task_loss': (0.301, 0.395)}
{'epoch': 3, 'train_loss': 0.7228, 'train_acc': 0.6729, 'task_loss': (0.3987, 0.3241)}
{'epoch': 4, 'train_loss': 0.7011, 'train_acc': 0.678, 'task_loss': (0.2897, 0.4114)}
{'epoch': 5, 'train_loss': 0.6455, 'train_acc': 0.7556, 'task_loss': (0.3074, 0.3381)}
{'epoch': 6, 'train_loss': 0.5486, 'train_acc': 0.7424, 'task_loss': (0.2301, 0.3185)}
{'epoch': 7, 'train_loss': 0.6654, 'train_acc': 0.7256, 'task_loss': (0.2958, 0.3696)}
{'epoch': 8, 'train_loss': 0.4871, 'train_acc': 0.7879, 'task_loss': (0.2687, 0.2184)}
{'epoch': 9, 'train_loss': 0.4782, 'train_acc': 0.8008, 'task_loss': (0.2503, 0.2279)}
{'epoch': 10, 'train_loss': 0.4581, 'train_acc': 0.7538, 'task_loss': (0.1656, 0.2925)}
{'epoch': 11, 'train_loss': 0.5172, 'train_acc': 0.782, 'task_loss': (0.2488, 0.2684)}
{'epoch': 12, 'train_loss': 0.4336, 'train_acc': 0.7955, 'task_loss': (0.1332, 0.3004)}
{'epoch': 13, 'train_loss': 0.5056, 'train_acc': 0.797, 'task_loss': (0.2669, 0.2387)}
{'epoch': 14, 'train_loss': 0.4793, 'train_acc': 0.7538, 'task_loss': (0.1701, 0.3092)}
{'epoch': 15, 'train_loss': 0.4556, 'train_acc': 0.8233, 'task_loss': (0.2358, 0.2198)}
{'epoch': 16, 'train_loss': 0.5653, 'train_acc': 0.8144, 'task_loss': (0.3692, 0.1961)}
{'epoch': 17, 'train_loss': 0.4829, 'train_acc': 0.7654, 'task_loss': (0.2615, 0.2214)}
{'epoch': 18, 'train_loss': 0.5282, 'train_acc': 0.782, 'task_loss': (0.2862, 0.2419)}
{'epoch': 19, 'train_loss': 0.4239, 'train_acc': 0.822, 'task_loss': (0.1985, 0.2254)}
{'epoch': 20, 'train_loss': 0.3412, 'train_acc': 0.8421, 'task_loss': (0.166, 0.1752)}
{'epoch': 21, 'train_loss': 0.4775, 'train_acc': 0.8068, 'task_loss': (0.2149, 0.2626)}
{'epoch': 22, 'train_loss': 0.3663, 'train_acc': 0.812, 'task_loss': (0.1592, 0.207)}
{'epoch': 23, 'train_loss': 0.337, 'train_acc': 0.8447, 'task_loss': (0.1344, 0.2026)}
{'epoch': 24, 'train_loss': 0.3451, 'train_acc': 0.8158, 'task_loss': (0.1191, 0.226)}
{'epoch': 25, 'train_loss': 0.3509, 'train_acc': 0.8674, 'task_loss': (0.1752, 0.1757)}
{'epoch': 26, 'train_loss': 0.3934, 'train_acc': 0.8421, 'task_loss': (0.2033, 0.1901)}
{'epoch': 27, 'train_loss': 0.3287, 'train_acc': 0.8788, 'task_loss': (0.1717, 0.157)}
{'epoch': 28, 'train_loss': 0.3256, 'train_acc': 0.8383, 'task_loss': (0.1562, 0.1694)}
{'epoch': 29, 'train_loss': 0.3196, 'train_acc': 0.8447, 'task_loss': (0.1287, 0.1909)}
{'epoch': 30, 'train_loss': 0.3634, 'train_acc': 0.8421, 'task_loss': (0.1891, 0.1742)}
{'epoch': 31, 'train_loss': 0.2276, 'train_acc': 0.8977, 'task_loss': (0.0686, 0.1591)}
{'epoch': 32, 'train_loss': 0.2424, 'train_acc': 0.891, 'task_loss': (0.1153, 0.1271)}
{'epoch': 33, 'train_loss': 0.236, 'train_acc': 0.8788, 'task_loss': (0.0791, 0.1569)}
{'epoch': 34, 'train_loss': 0.2747, 'train_acc': 0.8654, 'task_loss': (0.1077, 0.1671)}
{'epoch': 35, 'train_loss': 0.2188, 'train_acc': 0.9098, 'task_loss': (0.0647, 0.1541)}
{'epoch': 36, 'train_loss': 0.2572, 'train_acc': 0.8977, 'task_loss': (0.1152, 0.142)}
{'epoch': 37, 'train_loss': 0.2279, 'train_acc': 0.8947, 'task_loss': (0.1013, 0.1266)}
{'epoch': 38, 'train_loss': 0.187, 'train_acc': 0.8977, 'task_loss': (0.0715, 0.1155)}
{'epoch': 39, 'train_loss': 0.1686, 'train_acc': 0.9248, 'task_loss': (0.0693, 0.0993)}
{'epoch': 40, 'train_loss': 0.1786, 'train_acc': 0.9053, 'task_loss': (0.0588, 0.1199)}
{'epoch': 41, 'train_loss': 0.2345, 'train_acc': 0.891, 'task_loss': (0.1209, 0.1136)}
{'epoch': 42, 'train_loss': 0.2523, 'train_acc': 0.8902, 'task_loss': (0.1147, 0.1376)}
{'epoch': 43, 'train_loss': 0.1762, 'train_acc': 0.8947, 'task_loss': (0.0468, 0.1294)}
{'epoch': 44, 'train_loss': 0.3445, 'train_acc': 0.8561, 'task_loss': (0.1757, 0.1688)}
{'epoch': 45, 'train_loss': 0.2204, 'train_acc': 0.9173, 'task_loss': (0.097, 0.1233)}
{'epoch': 46, 'train_loss': 0.1879, 'train_acc': 0.8977, 'task_loss': (0.0607, 0.1271)}
{'epoch': 47, 'train_loss': 0.1493, 'train_acc': 0.9286, 'task_loss': (0.046, 0.1033)}
{'epoch': 48, 'train_loss': 0.2223, 'train_acc': 0.8977, 'task_loss': (0.1126, 0.1097)}
{'epoch': 49, 'train_loss': 0.2128, 'train_acc': 0.8872, 'task_loss': (0.0573, 0.1556)}
{'epoch': 50, 'train_loss': 0.216, 'train_acc': 0.8977, 'task_loss': (0.0805, 0.1355)}
{'epoch': 51, 'train_loss': 0.1909, 'train_acc': 0.9077, 'task_loss': (0.0749, 0.116)}
{'epoch': 52, 'train_loss': 0.1311, 'train_acc': 0.9286, 'task_loss': (0.0426, 0.0885)}
{'epoch': 53, 'train_loss': 0.1649, 'train_acc': 0.9242, 'task_loss': (0.0591, 0.1059)}
{'epoch': 54, 'train_loss': 0.2081, 'train_acc': 0.9211, 'task_loss': (0.0992, 0.109)}
{'epoch': 55, 'train_loss': 0.1514, 'train_acc': 0.9167, 'task_loss': (0.0589, 0.0925)}
{'epoch': 56, 'train_loss': 0.0993, 'train_acc': 0.9398, 'task_loss': (0.0297, 0.0696)}
{'epoch': 57, 'train_loss': 0.1414, 'train_acc': 0.9318, 'task_loss': (0.0626, 0.0787)}
{'epoch': 58, 'train_loss': 0.1342, 'train_acc': 0.9248, 'task_loss': (0.051, 0.0832)}
{'epoch': 59, 'train_loss': 0.0638, 'train_acc': 0.9697, 'task_loss': (0.012, 0.0518)}
{'epoch': 60, 'train_loss': 0.0914, 'train_acc': 0.9586, 'task_loss': (0.0291, 0.0623)}
{'epoch': 61, 'train_loss': 0.1525, 'train_acc': 0.9508, 'task_loss': (0.0745, 0.078)}
{'epoch': 62, 'train_loss': 0.1689, 'train_acc': 0.9135, 'task_loss': (0.086, 0.0829)}
{'epoch': 63, 'train_loss': 0.0968, 'train_acc': 0.9621, 'task_loss': (0.0175, 0.0793)}
{'epoch': 64, 'train_loss': 0.0776, 'train_acc': 0.9586, 'task_loss': (0.02, 0.0576)}
{'epoch': 65, 'train_loss': 0.0787, 'train_acc': 0.9621, 'task_loss': (0.0242, 0.0545)}
{'epoch': 66, 'train_loss': 0.1377, 'train_acc': 0.9436, 'task_loss': (0.0613, 0.0764)}
{'epoch': 67, 'train_loss': 0.0571, 'train_acc': 0.9848, 'task_loss': (0.0114, 0.0456)}
{'epoch': 68, 'train_loss': 0.1068, 'train_acc': 0.95, 'task_loss': (0.0451, 0.0617)}
{'epoch': 69, 'train_loss': 0.1171, 'train_acc': 0.9586, 'task_loss': (0.0413, 0.0757)}
{'epoch': 70, 'train_loss': 0.1086, 'train_acc': 0.9773, 'task_loss': (0.0543, 0.0543)}
{'epoch': 71, 'train_loss': 0.1039, 'train_acc': 0.9549, 'task_loss': (0.0451, 0.0588)}
{'epoch': 72, 'train_loss': 0.1327, 'train_acc': 0.9318, 'task_loss': (0.0384, 0.0943)}
{'epoch': 73, 'train_loss': 0.095, 'train_acc': 0.9549, 'task_loss': (0.0218, 0.0731)}
{'epoch': 74, 'train_loss': 0.0494, 'train_acc': 0.9848, 'task_loss': (0.011, 0.0384)}
{'epoch': 75, 'train_loss': 0.0815, 'train_acc': 0.9662, 'task_loss': (0.0383, 0.0432)}
{'epoch': 76, 'train_loss': 0.0624, 'train_acc': 0.9773, 'task_loss': (0.023, 0.0395)}
{'epoch': 77, 'train_loss': 0.0795, 'train_acc': 0.9699, 'task_loss': (0.0307, 0.0487)}
{'epoch': 78, 'train_loss': 0.0761, 'train_acc': 0.9773, 'task_loss': (0.0376, 0.0385)}
{'epoch': 79, 'train_loss': 0.0683, 'train_acc': 0.9662, 'task_loss': (0.02, 0.0483)}
{'epoch': 80, 'train_loss': 0.0765, 'train_acc': 0.9697, 'task_loss': (0.028, 0.0485)}
{'epoch': 81, 'train_loss': 0.0578, 'train_acc': 0.985, 'task_loss': (0.0235, 0.0343)}
{'epoch': 82, 'train_loss': 0.0757, 'train_acc': 0.9659, 'task_loss': (0.0321, 0.0436)}
{'epoch': 83, 'train_loss': 0.0605, 'train_acc': 0.9699, 'task_loss': (0.0116, 0.0489)}
{'epoch': 84, 'train_loss': 0.0952, 'train_acc': 0.9773, 'task_loss': (0.0596, 0.0356)}
{'epoch': 85, 'train_loss': 0.0781, 'train_acc': 0.9577, 'task_loss': (0.0204, 0.0577)}
{'epoch': 86, 'train_loss': 0.0667, 'train_acc': 0.9812, 'task_loss': (0.0198, 0.0469)}
{'epoch': 87, 'train_loss': 0.062, 'train_acc': 0.9811, 'task_loss': (0.0289, 0.0331)}
{'epoch': 88, 'train_loss': 0.0458, 'train_acc': 0.9925, 'task_loss': (0.0122, 0.0336)}
{'epoch': 89, 'train_loss': 0.0609, 'train_acc': 0.9735, 'task_loss': (0.0203, 0.0406)}
{'epoch': 90, 'train_loss': 0.0515, 'train_acc': 0.9774, 'task_loss': (0.014, 0.0375)}
{'epoch': 91, 'train_loss': 0.0367, 'train_acc': 0.9886, 'task_loss': (0.0057, 0.0309)}
{'epoch': 92, 'train_loss': 0.0922, 'train_acc': 0.9624, 'task_loss': (0.0304, 0.0618)}
{'epoch': 93, 'train_loss': 0.0715, 'train_acc': 0.9697, 'task_loss': (0.0198, 0.0517)}
{'epoch': 94, 'train_loss': 0.077, 'train_acc': 0.9511, 'task_loss': (0.0249, 0.0522)}
{'epoch': 95, 'train_loss': 0.0783, 'train_acc': 0.9659, 'task_loss': (0.0272, 0.0511)}
{'epoch': 96, 'train_loss': 0.0666, 'train_acc': 0.9737, 'task_loss': (0.0267, 0.0399)}
{'epoch': 97, 'train_loss': 0.0539, 'train_acc': 0.9848, 'task_loss': (0.0199, 0.0341)}
{'epoch': 98, 'train_loss': 0.0728, 'train_acc': 0.9737, 'task_loss': (0.0318, 0.041)}
{'epoch': 99, 'train_loss': 0.0426, 'train_acc': 0.9811, 'task_loss': (0.009, 0.0337)}
{'epoch': 100, 'train_loss': 0.0454, 'train_acc': 0.9887, 'task_loss': (0.0133, 0.032)}
{'run_num': 3, 'final_test_err': 0.14625}
Files already downloaded and verified
Files already downloaded and verified
{'epoch': 1, 'train_loss': 0.8337, 'train_acc': 0.6278, 'task_loss': (0.4462, 0.3875)}
{'epoch': 2, 'train_loss': 1.0777, 'train_acc': 0.6136, 'task_loss': (0.6166, 0.4612)}
{'epoch': 3, 'train_loss': 0.6617, 'train_acc': 0.7256, 'task_loss': (0.3386, 0.323)}
{'epoch': 4, 'train_loss': 0.6916, 'train_acc': 0.697, 'task_loss': (0.327, 0.3647)}
{'epoch': 5, 'train_loss': 0.6885, 'train_acc': 0.7105, 'task_loss': (0.3363, 0.3522)}
{'epoch': 6, 'train_loss': 0.5977, 'train_acc': 0.6932, 'task_loss': (0.276, 0.3217)}
{'epoch': 7, 'train_loss': 0.6692, 'train_acc': 0.718, 'task_loss': (0.3505, 0.3187)}
{'epoch': 8, 'train_loss': 0.5177, 'train_acc': 0.7955, 'task_loss': (0.2792, 0.2386)}
{'epoch': 9, 'train_loss': 0.6479, 'train_acc': 0.7256, 'task_loss': (0.3346, 0.3133)}
{'epoch': 10, 'train_loss': 0.4399, 'train_acc': 0.7879, 'task_loss': (0.1787, 0.2612)}
{'epoch': 11, 'train_loss': 0.3793, 'train_acc': 0.8045, 'task_loss': (0.1563, 0.223)}
{'epoch': 12, 'train_loss': 0.5733, 'train_acc': 0.7424, 'task_loss': (0.269, 0.3044)}
{'epoch': 13, 'train_loss': 0.4721, 'train_acc': 0.8045, 'task_loss': (0.2441, 0.228)}
{'epoch': 14, 'train_loss': 0.3638, 'train_acc': 0.8106, 'task_loss': (0.1009, 0.2629)}
{'epoch': 15, 'train_loss': 0.4785, 'train_acc': 0.812, 'task_loss': (0.2691, 0.2094)}
{'epoch': 16, 'train_loss': 0.394, 'train_acc': 0.8068, 'task_loss': (0.1553, 0.2387)}
{'epoch': 17, 'train_loss': 0.4264, 'train_acc': 0.8115, 'task_loss': (0.2042, 0.2222)}
{'epoch': 18, 'train_loss': 0.379, 'train_acc': 0.8195, 'task_loss': (0.1686, 0.2105)}
{'epoch': 19, 'train_loss': 0.3354, 'train_acc': 0.8295, 'task_loss': (0.1489, 0.1865)}
{'epoch': 20, 'train_loss': 0.3716, 'train_acc': 0.8496, 'task_loss': (0.143, 0.2285)}
{'epoch': 21, 'train_loss': 0.3053, 'train_acc': 0.875, 'task_loss': (0.1346, 0.1708)}
{'epoch': 22, 'train_loss': 0.5019, 'train_acc': 0.7669, 'task_loss': (0.2408, 0.2612)}
{'epoch': 23, 'train_loss': 0.3286, 'train_acc': 0.8106, 'task_loss': (0.1188, 0.2097)}
{'epoch': 24, 'train_loss': 0.3404, 'train_acc': 0.8647, 'task_loss': (0.1447, 0.1957)}
{'epoch': 25, 'train_loss': 0.3457, 'train_acc': 0.8598, 'task_loss': (0.1722, 0.1735)}
{'epoch': 26, 'train_loss': 0.2505, 'train_acc': 0.8496, 'task_loss': (0.0901, 0.1604)}
{'epoch': 27, 'train_loss': 0.2638, 'train_acc': 0.8523, 'task_loss': (0.1023, 0.1615)}
{'epoch': 28, 'train_loss': 0.2884, 'train_acc': 0.8421, 'task_loss': (0.0829, 0.2054)}
{'epoch': 29, 'train_loss': 0.4005, 'train_acc': 0.8333, 'task_loss': (0.2179, 0.1825)}
{'epoch': 30, 'train_loss': 0.3237, 'train_acc': 0.8534, 'task_loss': (0.1108, 0.2129)}
{'epoch': 31, 'train_loss': 0.2062, 'train_acc': 0.8864, 'task_loss': (0.0676, 0.1386)}
{'epoch': 32, 'train_loss': 0.2462, 'train_acc': 0.8835, 'task_loss': (0.1038, 0.1423)}
{'epoch': 33, 'train_loss': 0.2559, 'train_acc': 0.8598, 'task_loss': (0.0837, 0.1722)}
{'epoch': 34, 'train_loss': 0.2164, 'train_acc': 0.8923, 'task_loss': (0.1072, 0.1093)}
{'epoch': 35, 'train_loss': 0.2622, 'train_acc': 0.8985, 'task_loss': (0.1157, 0.1464)}
{'epoch': 36, 'train_loss': 0.3008, 'train_acc': 0.8674, 'task_loss': (0.1326, 0.1683)}
{'epoch': 37, 'train_loss': 0.3029, 'train_acc': 0.8872, 'task_loss': (0.1557, 0.1472)}
{'epoch': 38, 'train_loss': 0.2662, 'train_acc': 0.8939, 'task_loss': (0.1164, 0.1499)}
{'epoch': 39, 'train_loss': 0.3053, 'train_acc': 0.8797, 'task_loss': (0.1441, 0.1612)}
{'epoch': 40, 'train_loss': 0.2211, 'train_acc': 0.8902, 'task_loss': (0.0776, 0.1435)}
{'epoch': 41, 'train_loss': 0.1396, 'train_acc': 0.9211, 'task_loss': (0.0331, 0.1065)}
{'epoch': 42, 'train_loss': 0.2108, 'train_acc': 0.8939, 'task_loss': (0.0997, 0.1111)}
{'epoch': 43, 'train_loss': 0.2344, 'train_acc': 0.8872, 'task_loss': (0.0854, 0.1491)}
{'epoch': 44, 'train_loss': 0.1837, 'train_acc': 0.9205, 'task_loss': (0.0556, 0.1281)}
{'epoch': 45, 'train_loss': 0.2146, 'train_acc': 0.9098, 'task_loss': (0.0836, 0.131)}
{'epoch': 46, 'train_loss': 0.2276, 'train_acc': 0.8826, 'task_loss': (0.0734, 0.1541)}
{'epoch': 47, 'train_loss': 0.2211, 'train_acc': 0.8759, 'task_loss': (0.0708, 0.1503)}
{'epoch': 48, 'train_loss': 0.2175, 'train_acc': 0.9091, 'task_loss': (0.1058, 0.1116)}
{'epoch': 49, 'train_loss': 0.1798, 'train_acc': 0.891, 'task_loss': (0.0348, 0.145)}
{'epoch': 50, 'train_loss': 0.1619, 'train_acc': 0.9167, 'task_loss': (0.0504, 0.1114)}
{'epoch': 51, 'train_loss': 0.1318, 'train_acc': 0.9423, 'task_loss': (0.0501, 0.0817)}
{'epoch': 52, 'train_loss': 0.2017, 'train_acc': 0.9098, 'task_loss': (0.0858, 0.1159)}
{'epoch': 53, 'train_loss': 0.1796, 'train_acc': 0.9167, 'task_loss': (0.037, 0.1426)}
{'epoch': 54, 'train_loss': 0.1804, 'train_acc': 0.9135, 'task_loss': (0.068, 0.1123)}
{'epoch': 55, 'train_loss': 0.1207, 'train_acc': 0.9394, 'task_loss': (0.0249, 0.0958)}
{'epoch': 56, 'train_loss': 0.0813, 'train_acc': 0.9662, 'task_loss': (0.0159, 0.0654)}
{'epoch': 57, 'train_loss': 0.1464, 'train_acc': 0.947, 'task_loss': (0.0726, 0.0738)}
{'epoch': 58, 'train_loss': 0.1017, 'train_acc': 0.9474, 'task_loss': (0.0354, 0.0662)}
{'epoch': 59, 'train_loss': 0.1971, 'train_acc': 0.8977, 'task_loss': (0.0758, 0.1213)}
{'epoch': 60, 'train_loss': 0.1376, 'train_acc': 0.9398, 'task_loss': (0.0485, 0.0891)}
{'epoch': 61, 'train_loss': 0.2212, 'train_acc': 0.9318, 'task_loss': (0.1328, 0.0884)}
{'epoch': 62, 'train_loss': 0.2128, 'train_acc': 0.8872, 'task_loss': (0.0935, 0.1193)}
{'epoch': 63, 'train_loss': 0.1622, 'train_acc': 0.9167, 'task_loss': (0.052, 0.1102)}
{'epoch': 64, 'train_loss': 0.13, 'train_acc': 0.9361, 'task_loss': (0.0385, 0.0915)}
{'epoch': 65, 'train_loss': 0.1019, 'train_acc': 0.9432, 'task_loss': (0.0278, 0.0742)}
{'epoch': 66, 'train_loss': 0.1196, 'train_acc': 0.9436, 'task_loss': (0.0318, 0.0879)}
{'epoch': 67, 'train_loss': 0.1226, 'train_acc': 0.928, 'task_loss': (0.0414, 0.0812)}
{'epoch': 68, 'train_loss': 0.1439, 'train_acc': 0.9346, 'task_loss': (0.0559, 0.088)}
{'epoch': 69, 'train_loss': 0.1089, 'train_acc': 0.9436, 'task_loss': (0.0479, 0.061)}
{'epoch': 70, 'train_loss': 0.0859, 'train_acc': 0.9659, 'task_loss': (0.0242, 0.0617)}
{'epoch': 71, 'train_loss': 0.082, 'train_acc': 0.9549, 'task_loss': (0.0161, 0.0659)}
{'epoch': 72, 'train_loss': 0.0978, 'train_acc': 0.9659, 'task_loss': (0.0337, 0.0641)}
{'epoch': 73, 'train_loss': 0.0875, 'train_acc': 0.9586, 'task_loss': (0.0366, 0.0509)}
{'epoch': 74, 'train_loss': 0.0867, 'train_acc': 0.9621, 'task_loss': (0.0353, 0.0514)}
{'epoch': 75, 'train_loss': 0.0605, 'train_acc': 0.9699, 'task_loss': (0.0152, 0.0453)}
{'epoch': 76, 'train_loss': 0.0644, 'train_acc': 0.9621, 'task_loss': (0.0223, 0.0421)}
{'epoch': 77, 'train_loss': 0.0819, 'train_acc': 0.9662, 'task_loss': (0.018, 0.0639)}
{'epoch': 78, 'train_loss': 0.0972, 'train_acc': 0.947, 'task_loss': (0.0359, 0.0613)}
{'epoch': 79, 'train_loss': 0.0771, 'train_acc': 0.9699, 'task_loss': (0.0269, 0.0502)}
{'epoch': 80, 'train_loss': 0.053, 'train_acc': 0.9773, 'task_loss': (0.0114, 0.0416)}
{'epoch': 81, 'train_loss': 0.0563, 'train_acc': 0.9812, 'task_loss': (0.0165, 0.0398)}
{'epoch': 82, 'train_loss': 0.0638, 'train_acc': 0.9811, 'task_loss': (0.0267, 0.0371)}
{'epoch': 83, 'train_loss': 0.0639, 'train_acc': 0.9887, 'task_loss': (0.0358, 0.0281)}
{'epoch': 84, 'train_loss': 0.0623, 'train_acc': 0.9773, 'task_loss': (0.01, 0.0523)}
{'epoch': 85, 'train_loss': 0.0573, 'train_acc': 0.9769, 'task_loss': (0.0079, 0.0494)}
{'epoch': 86, 'train_loss': 0.0691, 'train_acc': 0.9774, 'task_loss': (0.0237, 0.0454)}
{'epoch': 87, 'train_loss': 0.0512, 'train_acc': 0.9886, 'task_loss': (0.0125, 0.0387)}
{'epoch': 88, 'train_loss': 0.0556, 'train_acc': 0.9812, 'task_loss': (0.0151, 0.0405)}
{'epoch': 89, 'train_loss': 0.0687, 'train_acc': 0.9735, 'task_loss': (0.0199, 0.0489)}
{'epoch': 90, 'train_loss': 0.0576, 'train_acc': 0.9737, 'task_loss': (0.0185, 0.039)}
{'epoch': 91, 'train_loss': 0.0451, 'train_acc': 0.9886, 'task_loss': (0.016, 0.0291)}
{'epoch': 92, 'train_loss': 0.0773, 'train_acc': 0.9737, 'task_loss': (0.0434, 0.0339)}
{'epoch': 93, 'train_loss': 0.0486, 'train_acc': 0.9773, 'task_loss': (0.0114, 0.0372)}
{'epoch': 94, 'train_loss': 0.116, 'train_acc': 0.9549, 'task_loss': (0.063, 0.053)}
{'epoch': 95, 'train_loss': 0.0613, 'train_acc': 0.9848, 'task_loss': (0.0225, 0.0388)}
{'epoch': 96, 'train_loss': 0.0643, 'train_acc': 0.9812, 'task_loss': (0.0309, 0.0334)}
{'epoch': 97, 'train_loss': 0.0585, 'train_acc': 0.9773, 'task_loss': (0.0131, 0.0454)}
{'epoch': 98, 'train_loss': 0.0735, 'train_acc': 0.9586, 'task_loss': (0.0155, 0.058)}
{'epoch': 99, 'train_loss': 0.0486, 'train_acc': 0.9811, 'task_loss': (0.0097, 0.0389)}
{'epoch': 100, 'train_loss': 0.1181, 'train_acc': 0.9662, 'task_loss': (0.0695, 0.0485)}
{'run_num': 4, 'final_test_err': 0.15075000000000005}
Files already downloaded and verified
Files already downloaded and verified
{'epoch': 1, 'train_loss': 0.9838, 'train_acc': 0.6165, 'task_loss': (0.6053, 0.3785)}
{'epoch': 2, 'train_loss': 0.7611, 'train_acc': 0.6705, 'task_loss': (0.4138, 0.3473)}
{'epoch': 3, 'train_loss': 0.7044, 'train_acc': 0.6955, 'task_loss': (0.2822, 0.4222)}
{'epoch': 4, 'train_loss': 0.6611, 'train_acc': 0.6629, 'task_loss': (0.2971, 0.364)}
{'epoch': 5, 'train_loss': 0.7135, 'train_acc': 0.7368, 'task_loss': (0.4158, 0.2977)}
{'epoch': 6, 'train_loss': 0.5387, 'train_acc': 0.7727, 'task_loss': (0.2448, 0.294)}
{'epoch': 7, 'train_loss': 0.6172, 'train_acc': 0.7444, 'task_loss': (0.2828, 0.3344)}
{'epoch': 8, 'train_loss': 0.6478, 'train_acc': 0.7121, 'task_loss': (0.332, 0.3158)}
{'epoch': 9, 'train_loss': 0.47, 'train_acc': 0.8083, 'task_loss': (0.2025, 0.2675)}
{'epoch': 10, 'train_loss': 0.5569, 'train_acc': 0.7348, 'task_loss': (0.2521, 0.3048)}
{'epoch': 11, 'train_loss': 0.4575, 'train_acc': 0.7895, 'task_loss': (0.1864, 0.2711)}
{'epoch': 12, 'train_loss': 0.6074, 'train_acc': 0.7424, 'task_loss': (0.2676, 0.3398)}
{'epoch': 13, 'train_loss': 0.4115, 'train_acc': 0.8421, 'task_loss': (0.2039, 0.2076)}
{'epoch': 14, 'train_loss': 0.3746, 'train_acc': 0.8106, 'task_loss': (0.1673, 0.2072)}
{'epoch': 15, 'train_loss': 0.5061, 'train_acc': 0.8195, 'task_loss': (0.2862, 0.2199)}
{'epoch': 16, 'train_loss': 0.4367, 'train_acc': 0.8144, 'task_loss': (0.2015, 0.2351)}
{'epoch': 17, 'train_loss': 0.5349, 'train_acc': 0.7962, 'task_loss': (0.242, 0.2929)}
{'epoch': 18, 'train_loss': 0.496, 'train_acc': 0.7632, 'task_loss': (0.2145, 0.2815)}
{'epoch': 19, 'train_loss': 0.4066, 'train_acc': 0.8258, 'task_loss': (0.1982, 0.2083)}
{'epoch': 20, 'train_loss': 0.4528, 'train_acc': 0.797, 'task_loss': (0.2013, 0.2515)}
{'epoch': 21, 'train_loss': 0.3818, 'train_acc': 0.7917, 'task_loss': (0.1348, 0.247)}
{'epoch': 22, 'train_loss': 0.2564, 'train_acc': 0.8571, 'task_loss': (0.1167, 0.1397)}
{'epoch': 23, 'train_loss': 0.4318, 'train_acc': 0.822, 'task_loss': (0.2014, 0.2304)}
{'epoch': 24, 'train_loss': 0.2762, 'train_acc': 0.8383, 'task_loss': (0.0922, 0.184)}
{'epoch': 25, 'train_loss': 0.344, 'train_acc': 0.8636, 'task_loss': (0.1602, 0.1838)}
{'epoch': 26, 'train_loss': 0.2433, 'train_acc': 0.8835, 'task_loss': (0.1008, 0.1425)}
{'epoch': 27, 'train_loss': 0.2735, 'train_acc': 0.8674, 'task_loss': (0.0996, 0.1739)}
{'epoch': 28, 'train_loss': 0.3519, 'train_acc': 0.8684, 'task_loss': (0.2068, 0.1451)}
{'epoch': 29, 'train_loss': 0.4275, 'train_acc': 0.8068, 'task_loss': (0.1833, 0.2442)}
{'epoch': 30, 'train_loss': 0.3035, 'train_acc': 0.8421, 'task_loss': (0.1029, 0.2006)}
{'epoch': 31, 'train_loss': 0.2389, 'train_acc': 0.8902, 'task_loss': (0.0994, 0.1395)}
{'epoch': 32, 'train_loss': 0.2712, 'train_acc': 0.8647, 'task_loss': (0.113, 0.1582)}
{'epoch': 33, 'train_loss': 0.2376, 'train_acc': 0.8864, 'task_loss': (0.0711, 0.1664)}
{'epoch': 34, 'train_loss': 0.2158, 'train_acc': 0.9038, 'task_loss': (0.0552, 0.1605)}
{'epoch': 35, 'train_loss': 0.2143, 'train_acc': 0.9173, 'task_loss': (0.0933, 0.121)}
{'epoch': 36, 'train_loss': 0.2723, 'train_acc': 0.8826, 'task_loss': (0.1514, 0.1209)}
{'epoch': 37, 'train_loss': 0.3061, 'train_acc': 0.8571, 'task_loss': (0.1456, 0.1606)}
{'epoch': 38, 'train_loss': 0.1694, 'train_acc': 0.9129, 'task_loss': (0.0379, 0.1315)}
{'epoch': 39, 'train_loss': 0.2317, 'train_acc': 0.8722, 'task_loss': (0.0507, 0.181)}
{'epoch': 40, 'train_loss': 0.2214, 'train_acc': 0.9053, 'task_loss': (0.1033, 0.1181)}
{'epoch': 41, 'train_loss': 0.2465, 'train_acc': 0.891, 'task_loss': (0.1269, 0.1196)}
{'epoch': 42, 'train_loss': 0.1541, 'train_acc': 0.8977, 'task_loss': (0.0194, 0.1347)}
{'epoch': 43, 'train_loss': 0.175, 'train_acc': 0.9361, 'task_loss': (0.0798, 0.0952)}
{'epoch': 44, 'train_loss': 0.1718, 'train_acc': 0.9015, 'task_loss': (0.0643, 0.1075)}
{'epoch': 45, 'train_loss': 0.1654, 'train_acc': 0.9135, 'task_loss': (0.0523, 0.1132)}
{'epoch': 46, 'train_loss': 0.1669, 'train_acc': 0.9318, 'task_loss': (0.055, 0.1119)}
{'epoch': 47, 'train_loss': 0.217, 'train_acc': 0.9098, 'task_loss': (0.098, 0.1191)}
{'epoch': 48, 'train_loss': 0.2226, 'train_acc': 0.8977, 'task_loss': (0.0958, 0.1268)}
{'epoch': 49, 'train_loss': 0.1976, 'train_acc': 0.906, 'task_loss': (0.0823, 0.1153)}
{'epoch': 50, 'train_loss': 0.1351, 'train_acc': 0.9205, 'task_loss': (0.0308, 0.1044)}
{'epoch': 51, 'train_loss': 0.1183, 'train_acc': 0.9577, 'task_loss': (0.0469, 0.0715)}
{'epoch': 52, 'train_loss': 0.1624, 'train_acc': 0.9248, 'task_loss': (0.0671, 0.0953)}
{'epoch': 53, 'train_loss': 0.0841, 'train_acc': 0.9583, 'task_loss': (0.0201, 0.064)}
{'epoch': 54, 'train_loss': 0.1166, 'train_acc': 0.9474, 'task_loss': (0.0579, 0.0587)}
{'epoch': 55, 'train_loss': 0.171, 'train_acc': 0.9205, 'task_loss': (0.0398, 0.1313)}
{'epoch': 56, 'train_loss': 0.0993, 'train_acc': 0.9511, 'task_loss': (0.0408, 0.0586)}
{'epoch': 57, 'train_loss': 0.1182, 'train_acc': 0.9659, 'task_loss': (0.072, 0.0462)}
{'epoch': 58, 'train_loss': 0.1285, 'train_acc': 0.9436, 'task_loss': (0.0458, 0.0827)}
{'epoch': 59, 'train_loss': 0.1177, 'train_acc': 0.9432, 'task_loss': (0.0401, 0.0776)}
{'epoch': 60, 'train_loss': 0.1735, 'train_acc': 0.9398, 'task_loss': (0.0621, 0.1115)}
{'epoch': 61, 'train_loss': 0.0884, 'train_acc': 0.9508, 'task_loss': (0.0153, 0.0731)}
{'epoch': 62, 'train_loss': 0.1773, 'train_acc': 0.9248, 'task_loss': (0.0995, 0.0777)}
{'epoch': 63, 'train_loss': 0.2451, 'train_acc': 0.9129, 'task_loss': (0.1204, 0.1246)}
{'epoch': 64, 'train_loss': 0.1239, 'train_acc': 0.9248, 'task_loss': (0.0293, 0.0946)}
{'epoch': 65, 'train_loss': 0.1515, 'train_acc': 0.9318, 'task_loss': (0.0633, 0.0882)}
{'epoch': 66, 'train_loss': 0.1424, 'train_acc': 0.9398, 'task_loss': (0.0639, 0.0785)}
{'epoch': 67, 'train_loss': 0.104, 'train_acc': 0.9621, 'task_loss': (0.025, 0.079)}
{'epoch': 68, 'train_loss': 0.0725, 'train_acc': 0.9769, 'task_loss': (0.0215, 0.0511)}
{'epoch': 69, 'train_loss': 0.1053, 'train_acc': 0.9549, 'task_loss': (0.0527, 0.0526)}
{'epoch': 70, 'train_loss': 0.1094, 'train_acc': 0.9508, 'task_loss': (0.0354, 0.074)}
{'epoch': 71, 'train_loss': 0.1007, 'train_acc': 0.9511, 'task_loss': (0.0369, 0.0638)}
{'epoch': 72, 'train_loss': 0.0923, 'train_acc': 0.9659, 'task_loss': (0.0382, 0.0541)}
{'epoch': 73, 'train_loss': 0.0889, 'train_acc': 0.9549, 'task_loss': (0.0219, 0.0671)}
{'epoch': 74, 'train_loss': 0.0832, 'train_acc': 0.9583, 'task_loss': (0.0296, 0.0536)}
{'epoch': 75, 'train_loss': 0.067, 'train_acc': 0.9774, 'task_loss': (0.0171, 0.0499)}
{'epoch': 76, 'train_loss': 0.1154, 'train_acc': 0.9508, 'task_loss': (0.0519, 0.0635)}
{'epoch': 77, 'train_loss': 0.0854, 'train_acc': 0.9662, 'task_loss': (0.0219, 0.0635)}
{'epoch': 78, 'train_loss': 0.0694, 'train_acc': 0.9583, 'task_loss': (0.0147, 0.0548)}
{'epoch': 79, 'train_loss': 0.0764, 'train_acc': 0.9662, 'task_loss': (0.0251, 0.0513)}
{'epoch': 80, 'train_loss': 0.0905, 'train_acc': 0.9508, 'task_loss': (0.0229, 0.0677)}
{'epoch': 81, 'train_loss': 0.0749, 'train_acc': 0.9737, 'task_loss': (0.0287, 0.0462)}
{'epoch': 82, 'train_loss': 0.0769, 'train_acc': 0.9735, 'task_loss': (0.0367, 0.0402)}
{'epoch': 83, 'train_loss': 0.0705, 'train_acc': 0.9662, 'task_loss': (0.0273, 0.0432)}
{'epoch': 84, 'train_loss': 0.0766, 'train_acc': 0.9659, 'task_loss': (0.0378, 0.0388)}
{'epoch': 85, 'train_loss': 0.0694, 'train_acc': 0.9808, 'task_loss': (0.0286, 0.0408)}
{'epoch': 86, 'train_loss': 0.0675, 'train_acc': 0.9624, 'task_loss': (0.0134, 0.0541)}
{'epoch': 87, 'train_loss': 0.0856, 'train_acc': 0.9583, 'task_loss': (0.0277, 0.0579)}
{'epoch': 88, 'train_loss': 0.0813, 'train_acc': 0.9474, 'task_loss': (0.0171, 0.0642)}
{'epoch': 89, 'train_loss': 0.0583, 'train_acc': 0.9659, 'task_loss': (0.0221, 0.0362)}
{'epoch': 90, 'train_loss': 0.051, 'train_acc': 0.985, 'task_loss': (0.0151, 0.036)}
{'epoch': 91, 'train_loss': 0.12, 'train_acc': 0.9697, 'task_loss': (0.0626, 0.0574)}
{'epoch': 92, 'train_loss': 0.056, 'train_acc': 0.9962, 'task_loss': (0.0181, 0.0378)}
{'epoch': 93, 'train_loss': 0.0873, 'train_acc': 0.9659, 'task_loss': (0.0299, 0.0575)}
{'epoch': 94, 'train_loss': 0.0758, 'train_acc': 0.9737, 'task_loss': (0.0318, 0.0441)}
{'epoch': 95, 'train_loss': 0.0661, 'train_acc': 0.9773, 'task_loss': (0.0233, 0.0428)}
{'epoch': 96, 'train_loss': 0.0627, 'train_acc': 0.9737, 'task_loss': (0.0162, 0.0465)}
{'epoch': 97, 'train_loss': 0.0569, 'train_acc': 0.9735, 'task_loss': (0.0151, 0.0419)}
{'epoch': 98, 'train_loss': 0.044, 'train_acc': 0.9887, 'task_loss': (0.0072, 0.0368)}
{'epoch': 99, 'train_loss': 0.0464, 'train_acc': 0.9811, 'task_loss': (0.0102, 0.0362)}
{'epoch': 100, 'train_loss': 0.0552, 'train_acc': 0.9887, 'task_loss': (0.015, 0.0402)}
{'run_num': 5, 'final_test_err': 0.14475000000000005}
Files already downloaded and verified
Files already downloaded and verified
{'epoch': 1, 'train_loss': 0.8186, 'train_acc': 0.6353, 'task_loss': (0.3828, 0.4358)}
{'epoch': 2, 'train_loss': 0.9511, 'train_acc': 0.625, 'task_loss': (0.4409, 0.5102)}
{'epoch': 3, 'train_loss': 0.6967, 'train_acc': 0.6729, 'task_loss': (0.3519, 0.3448)}
{'epoch': 4, 'train_loss': 0.6498, 'train_acc': 0.6932, 'task_loss': (0.2914, 0.3584)}
{'epoch': 5, 'train_loss': 0.7278, 'train_acc': 0.6805, 'task_loss': (0.3131, 0.4147)}
{'epoch': 6, 'train_loss': 0.582, 'train_acc': 0.7424, 'task_loss': (0.2662, 0.3158)}
{'epoch': 7, 'train_loss': 0.5592, 'train_acc': 0.7519, 'task_loss': (0.2581, 0.3011)}
{'epoch': 8, 'train_loss': 0.4688, 'train_acc': 0.7462, 'task_loss': (0.1949, 0.2739)}
{'epoch': 9, 'train_loss': 0.5074, 'train_acc': 0.782, 'task_loss': (0.2323, 0.2751)}
{'epoch': 10, 'train_loss': 0.5063, 'train_acc': 0.7689, 'task_loss': (0.2109, 0.2954)}
{'epoch': 11, 'train_loss': 0.5382, 'train_acc': 0.7519, 'task_loss': (0.2397, 0.2984)}
{'epoch': 12, 'train_loss': 0.5289, 'train_acc': 0.7576, 'task_loss': (0.2371, 0.2917)}
{'epoch': 13, 'train_loss': 0.5483, 'train_acc': 0.7744, 'task_loss': (0.2753, 0.2731)}
{'epoch': 14, 'train_loss': 0.5646, 'train_acc': 0.7386, 'task_loss': (0.2729, 0.2917)}
{'epoch': 15, 'train_loss': 0.5268, 'train_acc': 0.7707, 'task_loss': (0.2941, 0.2328)}
{'epoch': 16, 'train_loss': 0.4161, 'train_acc': 0.8333, 'task_loss': (0.1736, 0.2426)}
{'epoch': 17, 'train_loss': 0.4456, 'train_acc': 0.8115, 'task_loss': (0.2561, 0.1895)}
{'epoch': 18, 'train_loss': 0.5791, 'train_acc': 0.7669, 'task_loss': (0.3, 0.2791)}
{'epoch': 19, 'train_loss': 0.342, 'train_acc': 0.8258, 'task_loss': (0.1358, 0.2062)}
{'epoch': 20, 'train_loss': 0.3735, 'train_acc': 0.8195, 'task_loss': (0.1702, 0.2033)}
{'epoch': 21, 'train_loss': 0.3173, 'train_acc': 0.8447, 'task_loss': (0.1249, 0.1924)}
{'epoch': 22, 'train_loss': 0.3903, 'train_acc': 0.8534, 'task_loss': (0.1844, 0.206)}
{'epoch': 23, 'train_loss': 0.5251, 'train_acc': 0.8182, 'task_loss': (0.312, 0.2132)}
{'epoch': 24, 'train_loss': 0.4115, 'train_acc': 0.8083, 'task_loss': (0.1593, 0.2522)}
{'epoch': 25, 'train_loss': 0.3592, 'train_acc': 0.8523, 'task_loss': (0.1653, 0.1938)}
{'epoch': 26, 'train_loss': 0.3736, 'train_acc': 0.8195, 'task_loss': (0.1375, 0.2361)}
{'epoch': 27, 'train_loss': 0.2695, 'train_acc': 0.8598, 'task_loss': (0.1071, 0.1624)}
{'epoch': 28, 'train_loss': 0.2783, 'train_acc': 0.8647, 'task_loss': (0.1054, 0.173)}
{'epoch': 29, 'train_loss': 0.2856, 'train_acc': 0.8636, 'task_loss': (0.1206, 0.165)}
{'epoch': 30, 'train_loss': 0.2259, 'train_acc': 0.8647, 'task_loss': (0.0722, 0.1537)}
{'epoch': 31, 'train_loss': 0.2613, 'train_acc': 0.9015, 'task_loss': (0.1214, 0.1398)}
{'epoch': 32, 'train_loss': 0.35, 'train_acc': 0.8308, 'task_loss': (0.1338, 0.2162)}
{'epoch': 33, 'train_loss': 0.3373, 'train_acc': 0.8598, 'task_loss': (0.147, 0.1903)}
{'epoch': 34, 'train_loss': 0.2104, 'train_acc': 0.9154, 'task_loss': (0.091, 0.1194)}
{'epoch': 35, 'train_loss': 0.1723, 'train_acc': 0.9098, 'task_loss': (0.049, 0.1232)}
{'epoch': 36, 'train_loss': 0.2688, 'train_acc': 0.8788, 'task_loss': (0.0952, 0.1736)}
{'epoch': 37, 'train_loss': 0.3137, 'train_acc': 0.8459, 'task_loss': (0.155, 0.1587)}
{'epoch': 38, 'train_loss': 0.1804, 'train_acc': 0.9015, 'task_loss': (0.0588, 0.1217)}
{'epoch': 39, 'train_loss': 0.2756, 'train_acc': 0.906, 'task_loss': (0.0942, 0.1815)}
{'epoch': 40, 'train_loss': 0.2335, 'train_acc': 0.875, 'task_loss': (0.0685, 0.1649)}
{'epoch': 41, 'train_loss': 0.2745, 'train_acc': 0.8609, 'task_loss': (0.0929, 0.1816)}
{'epoch': 42, 'train_loss': 0.2385, 'train_acc': 0.9015, 'task_loss': (0.1225, 0.116)}
{'epoch': 43, 'train_loss': 0.2351, 'train_acc': 0.891, 'task_loss': (0.109, 0.1262)}
{'epoch': 44, 'train_loss': 0.2504, 'train_acc': 0.8977, 'task_loss': (0.1128, 0.1376)}
{'epoch': 45, 'train_loss': 0.1517, 'train_acc': 0.9211, 'task_loss': (0.0345, 0.1172)}
{'epoch': 46, 'train_loss': 0.2127, 'train_acc': 0.9129, 'task_loss': (0.1042, 0.1085)}
{'epoch': 47, 'train_loss': 0.2047, 'train_acc': 0.8947, 'task_loss': (0.0697, 0.1351)}
{'epoch': 48, 'train_loss': 0.2094, 'train_acc': 0.9167, 'task_loss': (0.0736, 0.1358)}
{'epoch': 49, 'train_loss': 0.1707, 'train_acc': 0.9248, 'task_loss': (0.0786, 0.092)}
{'epoch': 50, 'train_loss': 0.2218, 'train_acc': 0.9091, 'task_loss': (0.1099, 0.1119)}
{'epoch': 51, 'train_loss': 0.1567, 'train_acc': 0.9308, 'task_loss': (0.0721, 0.0846)}
{'epoch': 52, 'train_loss': 0.1872, 'train_acc': 0.9586, 'task_loss': (0.1312, 0.056)}
{'epoch': 53, 'train_loss': 0.2121, 'train_acc': 0.9053, 'task_loss': (0.1048, 0.1073)}
{'epoch': 54, 'train_loss': 0.1446, 'train_acc': 0.9323, 'task_loss': (0.0645, 0.0801)}
{'epoch': 55, 'train_loss': 0.1563, 'train_acc': 0.9205, 'task_loss': (0.056, 0.1003)}
{'epoch': 56, 'train_loss': 0.1041, 'train_acc': 0.9549, 'task_loss': (0.025, 0.0791)}
{'epoch': 57, 'train_loss': 0.0966, 'train_acc': 0.9583, 'task_loss': (0.0247, 0.0719)}
{'epoch': 58, 'train_loss': 0.1172, 'train_acc': 0.9398, 'task_loss': (0.0557, 0.0614)}
{'epoch': 59, 'train_loss': 0.1113, 'train_acc': 0.9508, 'task_loss': (0.0304, 0.0809)}
{'epoch': 60, 'train_loss': 0.0949, 'train_acc': 0.9549, 'task_loss': (0.0335, 0.0614)}
{'epoch': 61, 'train_loss': 0.1671, 'train_acc': 0.9242, 'task_loss': (0.0587, 0.1084)}
{'epoch': 62, 'train_loss': 0.0815, 'train_acc': 0.9624, 'task_loss': (0.0137, 0.0678)}
{'epoch': 63, 'train_loss': 0.1336, 'train_acc': 0.947, 'task_loss': (0.0696, 0.064)}
{'epoch': 64, 'train_loss': 0.1152, 'train_acc': 0.9586, 'task_loss': (0.0539, 0.0613)}
{'epoch': 65, 'train_loss': 0.063, 'train_acc': 0.9811, 'task_loss': (0.0268, 0.0362)}
{'epoch': 66, 'train_loss': 0.1009, 'train_acc': 0.9474, 'task_loss': (0.0269, 0.0739)}
{'epoch': 67, 'train_loss': 0.0885, 'train_acc': 0.947, 'task_loss': (0.0298, 0.0587)}
{'epoch': 68, 'train_loss': 0.1229, 'train_acc': 0.9423, 'task_loss': (0.0376, 0.0853)}
{'epoch': 69, 'train_loss': 0.0852, 'train_acc': 0.9624, 'task_loss': (0.0192, 0.066)}
{'epoch': 70, 'train_loss': 0.058, 'train_acc': 0.9735, 'task_loss': (0.0162, 0.0418)}
{'epoch': 71, 'train_loss': 0.067, 'train_acc': 0.9774, 'task_loss': (0.013, 0.054)}
{'epoch': 72, 'train_loss': 0.0998, 'train_acc': 0.9621, 'task_loss': (0.0488, 0.0509)}
{'epoch': 73, 'train_loss': 0.0473, 'train_acc': 0.9925, 'task_loss': (0.0107, 0.0367)}
{'epoch': 74, 'train_loss': 0.0549, 'train_acc': 0.9811, 'task_loss': (0.0232, 0.0317)}
{'epoch': 75, 'train_loss': 0.0665, 'train_acc': 0.9586, 'task_loss': (0.0165, 0.05)}
{'epoch': 76, 'train_loss': 0.1229, 'train_acc': 0.947, 'task_loss': (0.0587, 0.0641)}
{'epoch': 77, 'train_loss': 0.0885, 'train_acc': 0.9737, 'task_loss': (0.0281, 0.0604)}
{'epoch': 78, 'train_loss': 0.0441, 'train_acc': 0.9848, 'task_loss': (0.0106, 0.0335)}
{'epoch': 79, 'train_loss': 0.0791, 'train_acc': 0.9624, 'task_loss': (0.0201, 0.059)}
{'epoch': 80, 'train_loss': 0.0671, 'train_acc': 0.9697, 'task_loss': (0.0167, 0.0504)}
{'epoch': 81, 'train_loss': 0.052, 'train_acc': 0.985, 'task_loss': (0.0075, 0.0445)}
{'epoch': 82, 'train_loss': 0.0427, 'train_acc': 0.9924, 'task_loss': (0.0154, 0.0273)}
{'epoch': 83, 'train_loss': 0.0692, 'train_acc': 0.9812, 'task_loss': (0.0273, 0.0419)}
{'epoch': 84, 'train_loss': 0.0577, 'train_acc': 0.9735, 'task_loss': (0.013, 0.0447)}
{'epoch': 85, 'train_loss': 0.0353, 'train_acc': 0.9962, 'task_loss': (0.0091, 0.0262)}
{'epoch': 86, 'train_loss': 0.0498, 'train_acc': 0.9887, 'task_loss': (0.0129, 0.0369)}
{'epoch': 87, 'train_loss': 0.0777, 'train_acc': 0.9697, 'task_loss': (0.0294, 0.0483)}
{'epoch': 88, 'train_loss': 0.0531, 'train_acc': 0.985, 'task_loss': (0.0173, 0.0358)}
{'epoch': 89, 'train_loss': 0.0431, 'train_acc': 0.9848, 'task_loss': (0.0113, 0.0318)}
{'epoch': 90, 'train_loss': 0.0519, 'train_acc': 0.9774, 'task_loss': (0.0091, 0.0428)}
{'epoch': 91, 'train_loss': 0.0953, 'train_acc': 0.9659, 'task_loss': (0.0357, 0.0596)}
{'epoch': 92, 'train_loss': 0.0508, 'train_acc': 0.9812, 'task_loss': (0.0129, 0.0379)}
{'epoch': 93, 'train_loss': 0.0485, 'train_acc': 0.9773, 'task_loss': (0.0112, 0.0373)}
{'epoch': 94, 'train_loss': 0.0579, 'train_acc': 0.9737, 'task_loss': (0.0139, 0.044)}
{'epoch': 95, 'train_loss': 0.0655, 'train_acc': 0.9697, 'task_loss': (0.0142, 0.0513)}
{'epoch': 96, 'train_loss': 0.0929, 'train_acc': 0.9549, 'task_loss': (0.0308, 0.0622)}
{'epoch': 97, 'train_loss': 0.0454, 'train_acc': 0.9924, 'task_loss': (0.0128, 0.0326)}
{'epoch': 98, 'train_loss': 0.0765, 'train_acc': 0.9662, 'task_loss': (0.0387, 0.0378)}
{'epoch': 99, 'train_loss': 0.0624, 'train_acc': 0.9659, 'task_loss': (0.0154, 0.047)}
{'epoch': 100, 'train_loss': 0.0529, 'train_acc': 0.9774, 'task_loss': (0.015, 0.0379)}
{'run_num': 6, 'final_test_err': 0.15375000000000005}
Files already downloaded and verified
Files already downloaded and verified
{'epoch': 1, 'train_loss': 0.9894, 'train_acc': 0.5451, 'task_loss': (0.4695, 0.5198)}
{'epoch': 2, 'train_loss': 0.9633, 'train_acc': 0.6402, 'task_loss': (0.6056, 0.3576)}
{'epoch': 3, 'train_loss': 0.6685, 'train_acc': 0.6767, 'task_loss': (0.3166, 0.3519)}
{'epoch': 4, 'train_loss': 0.7111, 'train_acc': 0.7008, 'task_loss': (0.3351, 0.3761)}
{'epoch': 5, 'train_loss': 0.5235, 'train_acc': 0.782, 'task_loss': (0.2902, 0.2333)}
{'epoch': 6, 'train_loss': 0.6995, 'train_acc': 0.678, 'task_loss': (0.3083, 0.3911)}
{'epoch': 7, 'train_loss': 0.6509, 'train_acc': 0.7143, 'task_loss': (0.2535, 0.3974)}
{'epoch': 8, 'train_loss': 0.4541, 'train_acc': 0.75, 'task_loss': (0.1754, 0.2786)}
{'epoch': 9, 'train_loss': 0.5588, 'train_acc': 0.8008, 'task_loss': (0.3091, 0.2497)}
{'epoch': 10, 'train_loss': 0.5688, 'train_acc': 0.7462, 'task_loss': (0.2886, 0.2802)}
{'epoch': 11, 'train_loss': 0.3379, 'train_acc': 0.812, 'task_loss': (0.1075, 0.2304)}
{'epoch': 12, 'train_loss': 0.604, 'train_acc': 0.75, 'task_loss': (0.311, 0.293)}
{'epoch': 13, 'train_loss': 0.3793, 'train_acc': 0.8083, 'task_loss': (0.1651, 0.2141)}
{'epoch': 14, 'train_loss': 0.4323, 'train_acc': 0.8182, 'task_loss': (0.2045, 0.2279)}
{'epoch': 15, 'train_loss': 0.7478, 'train_acc': 0.718, 'task_loss': (0.3445, 0.4033)}
{'epoch': 16, 'train_loss': 0.4689, 'train_acc': 0.803, 'task_loss': (0.2031, 0.2658)}
{'epoch': 17, 'train_loss': 0.5564, 'train_acc': 0.75, 'task_loss': (0.2734, 0.283)}
{'epoch': 18, 'train_loss': 0.4361, 'train_acc': 0.812, 'task_loss': (0.168, 0.2681)}
{'epoch': 19, 'train_loss': 0.3711, 'train_acc': 0.8106, 'task_loss': (0.1466, 0.2245)}
{'epoch': 20, 'train_loss': 0.3837, 'train_acc': 0.8233, 'task_loss': (0.1897, 0.1939)}
{'epoch': 21, 'train_loss': 0.4428, 'train_acc': 0.8068, 'task_loss': (0.1999, 0.2428)}
{'epoch': 22, 'train_loss': 0.3652, 'train_acc': 0.8308, 'task_loss': (0.1264, 0.2388)}
{'epoch': 23, 'train_loss': 0.3907, 'train_acc': 0.8106, 'task_loss': (0.1752, 0.2155)}
{'epoch': 24, 'train_loss': 0.2703, 'train_acc': 0.8722, 'task_loss': (0.1177, 0.1526)}
{'epoch': 25, 'train_loss': 0.2763, 'train_acc': 0.8561, 'task_loss': (0.1216, 0.1547)}
{'epoch': 26, 'train_loss': 0.3406, 'train_acc': 0.8383, 'task_loss': (0.1027, 0.2379)}
{'epoch': 27, 'train_loss': 0.5147, 'train_acc': 0.822, 'task_loss': (0.3322, 0.1824)}
{'epoch': 28, 'train_loss': 0.3453, 'train_acc': 0.8045, 'task_loss': (0.0961, 0.2492)}
{'epoch': 29, 'train_loss': 0.3665, 'train_acc': 0.8258, 'task_loss': (0.1412, 0.2254)}
{'epoch': 30, 'train_loss': 0.3396, 'train_acc': 0.8571, 'task_loss': (0.1573, 0.1823)}
{'epoch': 31, 'train_loss': 0.356, 'train_acc': 0.8447, 'task_loss': (0.1442, 0.2118)}
{'epoch': 32, 'train_loss': 0.2515, 'train_acc': 0.891, 'task_loss': (0.1158, 0.1357)}
{'epoch': 33, 'train_loss': 0.4194, 'train_acc': 0.8144, 'task_loss': (0.1824, 0.237)}
{'epoch': 34, 'train_loss': 0.3903, 'train_acc': 0.8462, 'task_loss': (0.2045, 0.1859)}
{'epoch': 35, 'train_loss': 0.2182, 'train_acc': 0.891, 'task_loss': (0.0637, 0.1544)}
{'epoch': 36, 'train_loss': 0.2526, 'train_acc': 0.8598, 'task_loss': (0.0917, 0.1609)}
{'epoch': 37, 'train_loss': 0.2077, 'train_acc': 0.9323, 'task_loss': (0.1055, 0.1022)}
{'epoch': 38, 'train_loss': 0.1912, 'train_acc': 0.9205, 'task_loss': (0.0694, 0.1219)}
{'epoch': 39, 'train_loss': 0.2306, 'train_acc': 0.8947, 'task_loss': (0.1225, 0.1081)}
{'epoch': 40, 'train_loss': 0.2197, 'train_acc': 0.9205, 'task_loss': (0.1331, 0.0865)}
{'epoch': 41, 'train_loss': 0.3141, 'train_acc': 0.8609, 'task_loss': (0.152, 0.1621)}
{'epoch': 42, 'train_loss': 0.188, 'train_acc': 0.9242, 'task_loss': (0.0809, 0.1071)}
{'epoch': 43, 'train_loss': 0.122, 'train_acc': 0.9323, 'task_loss': (0.0305, 0.0915)}
{'epoch': 44, 'train_loss': 0.2068, 'train_acc': 0.8939, 'task_loss': (0.0795, 0.1273)}
{'epoch': 45, 'train_loss': 0.2354, 'train_acc': 0.8947, 'task_loss': (0.1404, 0.095)}
{'epoch': 46, 'train_loss': 0.1625, 'train_acc': 0.9053, 'task_loss': (0.0355, 0.127)}
{'epoch': 47, 'train_loss': 0.1581, 'train_acc': 0.9323, 'task_loss': (0.0518, 0.1063)}
{'epoch': 48, 'train_loss': 0.13, 'train_acc': 0.9508, 'task_loss': (0.041, 0.0891)}
{'epoch': 49, 'train_loss': 0.1998, 'train_acc': 0.9098, 'task_loss': (0.0906, 0.1092)}
{'epoch': 50, 'train_loss': 0.1107, 'train_acc': 0.9394, 'task_loss': (0.0279, 0.0828)}
{'epoch': 51, 'train_loss': 0.1388, 'train_acc': 0.9423, 'task_loss': (0.05, 0.0888)}
{'epoch': 52, 'train_loss': 0.1768, 'train_acc': 0.9248, 'task_loss': (0.0835, 0.0933)}
{'epoch': 53, 'train_loss': 0.2392, 'train_acc': 0.9167, 'task_loss': (0.1307, 0.1084)}
{'epoch': 54, 'train_loss': 0.1193, 'train_acc': 0.9436, 'task_loss': (0.0352, 0.0841)}
{'epoch': 55, 'train_loss': 0.133, 'train_acc': 0.9394, 'task_loss': (0.0471, 0.0859)}
{'epoch': 56, 'train_loss': 0.1062, 'train_acc': 0.9586, 'task_loss': (0.0291, 0.0771)}
{'epoch': 57, 'train_loss': 0.1387, 'train_acc': 0.9394, 'task_loss': (0.044, 0.0947)}
{'epoch': 58, 'train_loss': 0.1065, 'train_acc': 0.9474, 'task_loss': (0.0292, 0.0772)}
{'epoch': 59, 'train_loss': 0.1229, 'train_acc': 0.9394, 'task_loss': (0.0414, 0.0814)}
{'epoch': 60, 'train_loss': 0.1061, 'train_acc': 0.9586, 'task_loss': (0.0342, 0.0719)}
{'epoch': 61, 'train_loss': 0.0949, 'train_acc': 0.9659, 'task_loss': (0.023, 0.0718)}
{'epoch': 62, 'train_loss': 0.1252, 'train_acc': 0.9474, 'task_loss': (0.0597, 0.0655)}
{'epoch': 63, 'train_loss': 0.0894, 'train_acc': 0.9545, 'task_loss': (0.0287, 0.0607)}
{'epoch': 64, 'train_loss': 0.1134, 'train_acc': 0.9436, 'task_loss': (0.0491, 0.0642)}
{'epoch': 65, 'train_loss': 0.0997, 'train_acc': 0.9545, 'task_loss': (0.0437, 0.056)}
{'epoch': 66, 'train_loss': 0.1315, 'train_acc': 0.9323, 'task_loss': (0.039, 0.0925)}
{'epoch': 67, 'train_loss': 0.0933, 'train_acc': 0.9659, 'task_loss': (0.0381, 0.0552)}
{'epoch': 68, 'train_loss': 0.1159, 'train_acc': 0.9731, 'task_loss': (0.0728, 0.0431)}
{'epoch': 69, 'train_loss': 0.0996, 'train_acc': 0.9586, 'task_loss': (0.0392, 0.0604)}
{'epoch': 70, 'train_loss': 0.1216, 'train_acc': 0.928, 'task_loss': (0.0504, 0.0712)}
{'epoch': 71, 'train_loss': 0.0988, 'train_acc': 0.9737, 'task_loss': (0.0479, 0.0509)}
{'epoch': 72, 'train_loss': 0.0866, 'train_acc': 0.9848, 'task_loss': (0.05, 0.0366)}
{'epoch': 73, 'train_loss': 0.122, 'train_acc': 0.9624, 'task_loss': (0.057, 0.065)}
{'epoch': 74, 'train_loss': 0.0884, 'train_acc': 0.9621, 'task_loss': (0.0318, 0.0567)}
{'epoch': 75, 'train_loss': 0.0788, 'train_acc': 0.9737, 'task_loss': (0.024, 0.0548)}
{'epoch': 76, 'train_loss': 0.0563, 'train_acc': 0.9811, 'task_loss': (0.0146, 0.0417)}
{'epoch': 77, 'train_loss': 0.0656, 'train_acc': 0.9699, 'task_loss': (0.0131, 0.0525)}
{'epoch': 78, 'train_loss': 0.0984, 'train_acc': 0.9432, 'task_loss': (0.0354, 0.063)}
{'epoch': 79, 'train_loss': 0.0791, 'train_acc': 0.9549, 'task_loss': (0.0177, 0.0615)}
{'epoch': 80, 'train_loss': 0.0809, 'train_acc': 0.9659, 'task_loss': (0.0255, 0.0554)}
{'epoch': 81, 'train_loss': 0.0841, 'train_acc': 0.9624, 'task_loss': (0.0226, 0.0615)}
{'epoch': 82, 'train_loss': 0.058, 'train_acc': 0.9773, 'task_loss': (0.0185, 0.0394)}
{'epoch': 83, 'train_loss': 0.0667, 'train_acc': 0.9699, 'task_loss': (0.0247, 0.0421)}
{'epoch': 84, 'train_loss': 0.078, 'train_acc': 0.9545, 'task_loss': (0.0197, 0.0582)}
{'epoch': 85, 'train_loss': 0.071, 'train_acc': 0.9731, 'task_loss': (0.0324, 0.0387)}
{'epoch': 86, 'train_loss': 0.0878, 'train_acc': 0.9549, 'task_loss': (0.0352, 0.0526)}
{'epoch': 87, 'train_loss': 0.0728, 'train_acc': 0.9659, 'task_loss': (0.0214, 0.0515)}
{'epoch': 88, 'train_loss': 0.0686, 'train_acc': 0.9774, 'task_loss': (0.0275, 0.0411)}
{'epoch': 89, 'train_loss': 0.0629, 'train_acc': 0.9697, 'task_loss': (0.0176, 0.0454)}
{'epoch': 90, 'train_loss': 0.0567, 'train_acc': 0.9812, 'task_loss': (0.0206, 0.0361)}
{'epoch': 91, 'train_loss': 0.0639, 'train_acc': 0.9659, 'task_loss': (0.0142, 0.0497)}
{'epoch': 92, 'train_loss': 0.0453, 'train_acc': 0.9925, 'task_loss': (0.0138, 0.0315)}
{'epoch': 93, 'train_loss': 0.058, 'train_acc': 0.9697, 'task_loss': (0.0091, 0.0489)}
{'epoch': 94, 'train_loss': 0.057, 'train_acc': 0.9812, 'task_loss': (0.0145, 0.0425)}
{'epoch': 95, 'train_loss': 0.084, 'train_acc': 0.9583, 'task_loss': (0.032, 0.052)}
{'epoch': 96, 'train_loss': 0.056, 'train_acc': 0.9812, 'task_loss': (0.0133, 0.0427)}
{'epoch': 97, 'train_loss': 0.0565, 'train_acc': 0.9848, 'task_loss': (0.0127, 0.0438)}
{'epoch': 98, 'train_loss': 0.0655, 'train_acc': 0.9774, 'task_loss': (0.0268, 0.0387)}
{'epoch': 99, 'train_loss': 0.1248, 'train_acc': 0.9583, 'task_loss': (0.0608, 0.064)}
{'epoch': 100, 'train_loss': 0.0614, 'train_acc': 0.9812, 'task_loss': (0.0158, 0.0456)}
{'run_num': 7, 'final_test_err': 0.14649999999999996}
Files already downloaded and verified
Files already downloaded and verified
{'epoch': 1, 'train_loss': 0.8297, 'train_acc': 0.6729, 'task_loss': (0.4927, 0.337)}
{'epoch': 2, 'train_loss': 0.8274, 'train_acc': 0.625, 'task_loss': (0.4571, 0.3702)}
{'epoch': 3, 'train_loss': 0.6114, 'train_acc': 0.6805, 'task_loss': (0.2886, 0.3228)}
{'epoch': 4, 'train_loss': 0.642, 'train_acc': 0.697, 'task_loss': (0.3416, 0.3004)}
{'epoch': 5, 'train_loss': 0.5801, 'train_acc': 0.7556, 'task_loss': (0.3228, 0.2573)}
{'epoch': 6, 'train_loss': 0.5683, 'train_acc': 0.7045, 'task_loss': (0.2576, 0.3107)}
{'epoch': 7, 'train_loss': 0.5321, 'train_acc': 0.7594, 'task_loss': (0.231, 0.3011)}
{'epoch': 8, 'train_loss': 0.5497, 'train_acc': 0.7576, 'task_loss': (0.2653, 0.2845)}
{'epoch': 9, 'train_loss': 0.4928, 'train_acc': 0.7444, 'task_loss': (0.2047, 0.2881)}
{'epoch': 10, 'train_loss': 0.5082, 'train_acc': 0.7841, 'task_loss': (0.2403, 0.2678)}
{'epoch': 11, 'train_loss': 0.4831, 'train_acc': 0.7594, 'task_loss': (0.2069, 0.2762)}
{'epoch': 12, 'train_loss': 0.53, 'train_acc': 0.7462, 'task_loss': (0.2277, 0.3022)}
{'epoch': 13, 'train_loss': 0.71, 'train_acc': 0.718, 'task_loss': (0.3836, 0.3264)}
{'epoch': 14, 'train_loss': 0.5077, 'train_acc': 0.7765, 'task_loss': (0.2252, 0.2825)}
{'epoch': 15, 'train_loss': 0.5154, 'train_acc': 0.7594, 'task_loss': (0.2376, 0.2778)}
{'epoch': 16, 'train_loss': 0.4423, 'train_acc': 0.7992, 'task_loss': (0.1986, 0.2437)}
{'epoch': 17, 'train_loss': 0.4335, 'train_acc': 0.8077, 'task_loss': (0.2164, 0.2172)}
{'epoch': 18, 'train_loss': 0.3137, 'train_acc': 0.8684, 'task_loss': (0.1073, 0.2064)}
{'epoch': 19, 'train_loss': 0.4905, 'train_acc': 0.7765, 'task_loss': (0.2047, 0.2858)}
{'epoch': 20, 'train_loss': 0.3044, 'train_acc': 0.8722, 'task_loss': (0.1401, 0.1644)}
{'epoch': 21, 'train_loss': 0.4052, 'train_acc': 0.8182, 'task_loss': (0.1608, 0.2444)}
{'epoch': 22, 'train_loss': 0.3132, 'train_acc': 0.8459, 'task_loss': (0.1223, 0.191)}
{'epoch': 23, 'train_loss': 0.2409, 'train_acc': 0.8788, 'task_loss': (0.071, 0.1699)}
{'epoch': 24, 'train_loss': 0.4302, 'train_acc': 0.8421, 'task_loss': (0.2513, 0.1789)}
{'epoch': 25, 'train_loss': 0.2784, 'train_acc': 0.8598, 'task_loss': (0.0954, 0.1829)}
{'epoch': 26, 'train_loss': 0.2645, 'train_acc': 0.8647, 'task_loss': (0.0969, 0.1676)}
{'epoch': 27, 'train_loss': 0.265, 'train_acc': 0.8636, 'task_loss': (0.0996, 0.1654)}
{'epoch': 28, 'train_loss': 0.2677, 'train_acc': 0.8722, 'task_loss': (0.1032, 0.1645)}
{'epoch': 29, 'train_loss': 0.2231, 'train_acc': 0.8636, 'task_loss': (0.0525, 0.1705)}
{'epoch': 30, 'train_loss': 0.2914, 'train_acc': 0.8571, 'task_loss': (0.122, 0.1694)}
{'epoch': 31, 'train_loss': 0.1952, 'train_acc': 0.8977, 'task_loss': (0.0725, 0.1227)}
{'epoch': 32, 'train_loss': 0.3516, 'train_acc': 0.8383, 'task_loss': (0.1586, 0.193)}
{'epoch': 33, 'train_loss': 0.2696, 'train_acc': 0.8598, 'task_loss': (0.0717, 0.198)}
{'epoch': 34, 'train_loss': 0.3066, 'train_acc': 0.8692, 'task_loss': (0.1517, 0.1548)}
{'epoch': 35, 'train_loss': 0.2332, 'train_acc': 0.8759, 'task_loss': (0.0879, 0.1453)}
{'epoch': 36, 'train_loss': 0.2523, 'train_acc': 0.8598, 'task_loss': (0.0833, 0.169)}
{'epoch': 37, 'train_loss': 0.28, 'train_acc': 0.9098, 'task_loss': (0.1473, 0.1327)}
{'epoch': 38, 'train_loss': 0.1827, 'train_acc': 0.9205, 'task_loss': (0.0461, 0.1366)}
{'epoch': 39, 'train_loss': 0.2576, 'train_acc': 0.891, 'task_loss': (0.1223, 0.1354)}
{'epoch': 40, 'train_loss': 0.2442, 'train_acc': 0.9015, 'task_loss': (0.1021, 0.1421)}
{'epoch': 41, 'train_loss': 0.2115, 'train_acc': 0.891, 'task_loss': (0.0726, 0.1389)}
{'epoch': 42, 'train_loss': 0.1949, 'train_acc': 0.9205, 'task_loss': (0.0729, 0.1219)}
{'epoch': 43, 'train_loss': 0.2085, 'train_acc': 0.8722, 'task_loss': (0.0339, 0.1746)}
{'epoch': 44, 'train_loss': 0.2276, 'train_acc': 0.8939, 'task_loss': (0.0804, 0.1472)}
{'epoch': 45, 'train_loss': 0.2001, 'train_acc': 0.8759, 'task_loss': (0.0538, 0.1463)}
{'epoch': 46, 'train_loss': 0.1599, 'train_acc': 0.9432, 'task_loss': (0.0804, 0.0794)}
{'epoch': 47, 'train_loss': 0.1812, 'train_acc': 0.9248, 'task_loss': (0.0821, 0.0991)}
{'epoch': 48, 'train_loss': 0.1825, 'train_acc': 0.8902, 'task_loss': (0.0669, 0.1156)}
{'epoch': 49, 'train_loss': 0.1545, 'train_acc': 0.9286, 'task_loss': (0.0283, 0.1262)}
{'epoch': 50, 'train_loss': 0.1462, 'train_acc': 0.9205, 'task_loss': (0.0361, 0.1101)}
{'epoch': 51, 'train_loss': 0.1099, 'train_acc': 0.9615, 'task_loss': (0.053, 0.0569)}
{'epoch': 52, 'train_loss': 0.1563, 'train_acc': 0.9211, 'task_loss': (0.0481, 0.1082)}
{'epoch': 53, 'train_loss': 0.1378, 'train_acc': 0.9621, 'task_loss': (0.074, 0.0638)}
{'epoch': 54, 'train_loss': 0.1209, 'train_acc': 0.9323, 'task_loss': (0.0219, 0.099)}
{'epoch': 55, 'train_loss': 0.127, 'train_acc': 0.9318, 'task_loss': (0.0471, 0.0799)}
{'epoch': 56, 'train_loss': 0.0881, 'train_acc': 0.9549, 'task_loss': (0.0215, 0.0666)}
{'epoch': 57, 'train_loss': 0.1585, 'train_acc': 0.9205, 'task_loss': (0.054, 0.1045)}
{'epoch': 58, 'train_loss': 0.1749, 'train_acc': 0.9323, 'task_loss': (0.0955, 0.0794)}
{'epoch': 59, 'train_loss': 0.1235, 'train_acc': 0.928, 'task_loss': (0.0264, 0.0972)}
{'epoch': 60, 'train_loss': 0.2225, 'train_acc': 0.8985, 'task_loss': (0.11, 0.1125)}
{'epoch': 61, 'train_loss': 0.1026, 'train_acc': 0.9356, 'task_loss': (0.0129, 0.0896)}
{'epoch': 62, 'train_loss': 0.1314, 'train_acc': 0.9398, 'task_loss': (0.0402, 0.0912)}
{'epoch': 63, 'train_loss': 0.1031, 'train_acc': 0.9659, 'task_loss': (0.0517, 0.0514)}
{'epoch': 64, 'train_loss': 0.1081, 'train_acc': 0.9586, 'task_loss': (0.0454, 0.0627)}
{'epoch': 65, 'train_loss': 0.0583, 'train_acc': 0.9621, 'task_loss': (0.0082, 0.0501)}
{'epoch': 66, 'train_loss': 0.0771, 'train_acc': 0.9624, 'task_loss': (0.0268, 0.0503)}
{'epoch': 67, 'train_loss': 0.066, 'train_acc': 0.9811, 'task_loss': (0.0229, 0.0431)}
{'epoch': 68, 'train_loss': 0.1336, 'train_acc': 0.9462, 'task_loss': (0.0622, 0.0715)}
{'epoch': 69, 'train_loss': 0.1128, 'train_acc': 0.9549, 'task_loss': (0.0565, 0.0563)}
{'epoch': 70, 'train_loss': 0.082, 'train_acc': 0.9659, 'task_loss': (0.0325, 0.0495)}
{'epoch': 71, 'train_loss': 0.0566, 'train_acc': 0.9774, 'task_loss': (0.0154, 0.0412)}
{'epoch': 72, 'train_loss': 0.1015, 'train_acc': 0.9545, 'task_loss': (0.031, 0.0705)}
{'epoch': 73, 'train_loss': 0.0761, 'train_acc': 0.9624, 'task_loss': (0.0199, 0.0562)}
{'epoch': 74, 'train_loss': 0.079, 'train_acc': 0.9659, 'task_loss': (0.0335, 0.0455)}
{'epoch': 75, 'train_loss': 0.0562, 'train_acc': 0.9737, 'task_loss': (0.0123, 0.0439)}
{'epoch': 76, 'train_loss': 0.0724, 'train_acc': 0.9773, 'task_loss': (0.0192, 0.0533)}
{'epoch': 77, 'train_loss': 0.0718, 'train_acc': 0.9774, 'task_loss': (0.0285, 0.0433)}
{'epoch': 78, 'train_loss': 0.0721, 'train_acc': 0.9659, 'task_loss': (0.0207, 0.0513)}
{'epoch': 79, 'train_loss': 0.0576, 'train_acc': 0.9737, 'task_loss': (0.0098, 0.0478)}
{'epoch': 80, 'train_loss': 0.0793, 'train_acc': 0.9621, 'task_loss': (0.022, 0.0573)}
{'epoch': 81, 'train_loss': 0.0818, 'train_acc': 0.9774, 'task_loss': (0.0404, 0.0414)}
{'epoch': 82, 'train_loss': 0.0583, 'train_acc': 0.9735, 'task_loss': (0.0099, 0.0485)}
{'epoch': 83, 'train_loss': 0.08, 'train_acc': 0.9662, 'task_loss': (0.0371, 0.0429)}
{'epoch': 84, 'train_loss': 0.0466, 'train_acc': 0.9735, 'task_loss': (0.0085, 0.0381)}
{'epoch': 85, 'train_loss': 0.1066, 'train_acc': 0.9692, 'task_loss': (0.0472, 0.0594)}
{'epoch': 86, 'train_loss': 0.0438, 'train_acc': 0.9887, 'task_loss': (0.0102, 0.0335)}
{'epoch': 87, 'train_loss': 0.0807, 'train_acc': 0.9773, 'task_loss': (0.0327, 0.0479)}
{'epoch': 88, 'train_loss': 0.0625, 'train_acc': 0.9699, 'task_loss': (0.0156, 0.0469)}
{'epoch': 89, 'train_loss': 0.1004, 'train_acc': 0.9621, 'task_loss': (0.0559, 0.0444)}
{'epoch': 90, 'train_loss': 0.0696, 'train_acc': 0.9586, 'task_loss': (0.0289, 0.0407)}
{'epoch': 91, 'train_loss': 0.054, 'train_acc': 0.9886, 'task_loss': (0.0169, 0.0371)}
{'epoch': 92, 'train_loss': 0.0443, 'train_acc': 0.9812, 'task_loss': (0.0116, 0.0326)}
{'epoch': 93, 'train_loss': 0.0531, 'train_acc': 0.9621, 'task_loss': (0.0148, 0.0383)}
{'epoch': 94, 'train_loss': 0.0605, 'train_acc': 0.9812, 'task_loss': (0.0183, 0.0422)}
{'epoch': 95, 'train_loss': 0.0515, 'train_acc': 0.9659, 'task_loss': (0.0067, 0.0448)}
{'epoch': 96, 'train_loss': 0.0423, 'train_acc': 0.9925, 'task_loss': (0.022, 0.0204)}
{'epoch': 97, 'train_loss': 0.043, 'train_acc': 0.9848, 'task_loss': (0.0153, 0.0277)}
{'epoch': 98, 'train_loss': 0.0661, 'train_acc': 0.9812, 'task_loss': (0.0326, 0.0334)}
{'epoch': 99, 'train_loss': 0.0435, 'train_acc': 0.9886, 'task_loss': (0.0155, 0.028)}
{'epoch': 100, 'train_loss': 0.0542, 'train_acc': 0.9887, 'task_loss': (0.0146, 0.0396)}
{'run_num': 8, 'final_test_err': 0.15400000000000003}
Files already downloaded and verified
Files already downloaded and verified
{'epoch': 1, 'train_loss': 0.7253, 'train_acc': 0.6278, 'task_loss': (0.356, 0.3692)}
{'epoch': 2, 'train_loss': 0.7993, 'train_acc': 0.6402, 'task_loss': (0.3987, 0.4006)}
{'epoch': 3, 'train_loss': 0.9137, 'train_acc': 0.6353, 'task_loss': (0.5251, 0.3887)}
{'epoch': 4, 'train_loss': 0.6532, 'train_acc': 0.7235, 'task_loss': (0.3103, 0.343)}
{'epoch': 5, 'train_loss': 0.5038, 'train_acc': 0.7556, 'task_loss': (0.2148, 0.289)}
{'epoch': 6, 'train_loss': 0.5667, 'train_acc': 0.7841, 'task_loss': (0.3361, 0.2306)}
{'epoch': 7, 'train_loss': 0.5396, 'train_acc': 0.7368, 'task_loss': (0.2775, 0.2621)}
{'epoch': 8, 'train_loss': 0.478, 'train_acc': 0.7652, 'task_loss': (0.155, 0.3229)}
{'epoch': 9, 'train_loss': 0.686, 'train_acc': 0.7632, 'task_loss': (0.3882, 0.2978)}
{'epoch': 10, 'train_loss': 0.4477, 'train_acc': 0.8068, 'task_loss': (0.2006, 0.2471)}
{'epoch': 11, 'train_loss': 0.4546, 'train_acc': 0.782, 'task_loss': (0.2132, 0.2414)}
{'epoch': 12, 'train_loss': 0.7591, 'train_acc': 0.7311, 'task_loss': (0.4842, 0.2749)}
{'epoch': 13, 'train_loss': 0.5053, 'train_acc': 0.7481, 'task_loss': (0.2251, 0.2801)}
{'epoch': 14, 'train_loss': 0.4662, 'train_acc': 0.7462, 'task_loss': (0.1536, 0.3126)}
{'epoch': 15, 'train_loss': 0.515, 'train_acc': 0.797, 'task_loss': (0.2758, 0.2392)}
{'epoch': 16, 'train_loss': 0.4476, 'train_acc': 0.7841, 'task_loss': (0.2114, 0.2363)}
{'epoch': 17, 'train_loss': 0.4387, 'train_acc': 0.7538, 'task_loss': (0.1742, 0.2644)}
{'epoch': 18, 'train_loss': 0.3616, 'train_acc': 0.8383, 'task_loss': (0.1527, 0.2089)}
{'epoch': 19, 'train_loss': 0.3739, 'train_acc': 0.8371, 'task_loss': (0.1767, 0.1972)}
{'epoch': 20, 'train_loss': 0.4962, 'train_acc': 0.8158, 'task_loss': (0.1916, 0.3046)}
{'epoch': 21, 'train_loss': 0.3849, 'train_acc': 0.8674, 'task_loss': (0.2097, 0.1752)}
{'epoch': 22, 'train_loss': 0.3375, 'train_acc': 0.8308, 'task_loss': (0.153, 0.1845)}
{'epoch': 23, 'train_loss': 0.3254, 'train_acc': 0.8295, 'task_loss': (0.1417, 0.1837)}
{'epoch': 24, 'train_loss': 0.3152, 'train_acc': 0.8759, 'task_loss': (0.1184, 0.1968)}
{'epoch': 25, 'train_loss': 0.2244, 'train_acc': 0.8788, 'task_loss': (0.0748, 0.1496)}
{'epoch': 26, 'train_loss': 0.2873, 'train_acc': 0.8722, 'task_loss': (0.1359, 0.1513)}
{'epoch': 27, 'train_loss': 0.3554, 'train_acc': 0.8485, 'task_loss': (0.1343, 0.221)}
{'epoch': 28, 'train_loss': 0.2388, 'train_acc': 0.8947, 'task_loss': (0.0785, 0.1603)}
{'epoch': 29, 'train_loss': 0.2818, 'train_acc': 0.8674, 'task_loss': (0.1141, 0.1677)}
{'epoch': 30, 'train_loss': 0.2884, 'train_acc': 0.8684, 'task_loss': (0.1258, 0.1626)}
{'epoch': 31, 'train_loss': 0.1942, 'train_acc': 0.875, 'task_loss': (0.0462, 0.148)}
{'epoch': 32, 'train_loss': 0.2028, 'train_acc': 0.9211, 'task_loss': (0.0909, 0.1118)}
{'epoch': 33, 'train_loss': 0.3905, 'train_acc': 0.8295, 'task_loss': (0.1536, 0.2369)}
{'epoch': 34, 'train_loss': 0.2826, 'train_acc': 0.8808, 'task_loss': (0.0924, 0.1902)}
{'epoch': 35, 'train_loss': 0.2558, 'train_acc': 0.8684, 'task_loss': (0.1098, 0.146)}
{'epoch': 36, 'train_loss': 0.2367, 'train_acc': 0.9015, 'task_loss': (0.1109, 0.1258)}
{'epoch': 37, 'train_loss': 0.2811, 'train_acc': 0.8534, 'task_loss': (0.1164, 0.1647)}
{'epoch': 38, 'train_loss': 0.333, 'train_acc': 0.8712, 'task_loss': (0.1654, 0.1677)}
{'epoch': 39, 'train_loss': 0.2134, 'train_acc': 0.8985, 'task_loss': (0.0834, 0.13)}
{'epoch': 40, 'train_loss': 0.2588, 'train_acc': 0.875, 'task_loss': (0.1265, 0.1323)}
{'epoch': 41, 'train_loss': 0.223, 'train_acc': 0.8759, 'task_loss': (0.0762, 0.1468)}
{'epoch': 42, 'train_loss': 0.174, 'train_acc': 0.9015, 'task_loss': (0.0446, 0.1294)}
{'epoch': 43, 'train_loss': 0.1677, 'train_acc': 0.9361, 'task_loss': (0.0801, 0.0877)}
{'epoch': 44, 'train_loss': 0.1642, 'train_acc': 0.9242, 'task_loss': (0.0711, 0.0931)}
{'epoch': 45, 'train_loss': 0.217, 'train_acc': 0.8797, 'task_loss': (0.096, 0.121)}
{'epoch': 46, 'train_loss': 0.21, 'train_acc': 0.9242, 'task_loss': (0.1127, 0.0973)}
{'epoch': 47, 'train_loss': 0.222, 'train_acc': 0.8947, 'task_loss': (0.1019, 0.1201)}
{'epoch': 48, 'train_loss': 0.129, 'train_acc': 0.928, 'task_loss': (0.0364, 0.0926)}
{'epoch': 49, 'train_loss': 0.2126, 'train_acc': 0.9436, 'task_loss': (0.1333, 0.0793)}
{'epoch': 50, 'train_loss': 0.1518, 'train_acc': 0.9205, 'task_loss': (0.0447, 0.1071)}
{'epoch': 51, 'train_loss': 0.1269, 'train_acc': 0.9462, 'task_loss': (0.0536, 0.0733)}
{'epoch': 52, 'train_loss': 0.121, 'train_acc': 0.9436, 'task_loss': (0.0353, 0.0857)}
{'epoch': 53, 'train_loss': 0.1096, 'train_acc': 0.9432, 'task_loss': (0.0447, 0.0648)}
{'epoch': 54, 'train_loss': 0.214, 'train_acc': 0.891, 'task_loss': (0.0825, 0.1314)}
{'epoch': 55, 'train_loss': 0.1245, 'train_acc': 0.947, 'task_loss': (0.0255, 0.099)}
{'epoch': 56, 'train_loss': 0.0994, 'train_acc': 0.9474, 'task_loss': (0.0337, 0.0658)}
{'epoch': 57, 'train_loss': 0.0958, 'train_acc': 0.9508, 'task_loss': (0.0191, 0.0767)}
{'epoch': 58, 'train_loss': 0.1221, 'train_acc': 0.9361, 'task_loss': (0.0449, 0.0772)}
{'epoch': 59, 'train_loss': 0.1129, 'train_acc': 0.9508, 'task_loss': (0.0452, 0.0678)}
{'epoch': 60, 'train_loss': 0.1006, 'train_acc': 0.9474, 'task_loss': (0.0323, 0.0682)}
{'epoch': 61, 'train_loss': 0.1132, 'train_acc': 0.947, 'task_loss': (0.0342, 0.079)}
{'epoch': 62, 'train_loss': 0.0985, 'train_acc': 0.9549, 'task_loss': (0.04, 0.0584)}
{'epoch': 63, 'train_loss': 0.1213, 'train_acc': 0.9508, 'task_loss': (0.0436, 0.0777)}
{'epoch': 64, 'train_loss': 0.1446, 'train_acc': 0.9248, 'task_loss': (0.0463, 0.0984)}
{'epoch': 65, 'train_loss': 0.0933, 'train_acc': 0.9659, 'task_loss': (0.0218, 0.0715)}
{'epoch': 66, 'train_loss': 0.129, 'train_acc': 0.9474, 'task_loss': (0.0522, 0.0768)}
{'epoch': 67, 'train_loss': 0.1, 'train_acc': 0.9583, 'task_loss': (0.0363, 0.0637)}
{'epoch': 68, 'train_loss': 0.0935, 'train_acc': 0.95, 'task_loss': (0.0204, 0.0731)}
{'epoch': 69, 'train_loss': 0.0997, 'train_acc': 0.9511, 'task_loss': (0.035, 0.0646)}
{'epoch': 70, 'train_loss': 0.0622, 'train_acc': 0.9697, 'task_loss': (0.0175, 0.0446)}
{'epoch': 71, 'train_loss': 0.0879, 'train_acc': 0.9586, 'task_loss': (0.0258, 0.0621)}
{'epoch': 72, 'train_loss': 0.0852, 'train_acc': 0.9659, 'task_loss': (0.0293, 0.0559)}
{'epoch': 73, 'train_loss': 0.0955, 'train_acc': 0.9586, 'task_loss': (0.0422, 0.0533)}
{'epoch': 74, 'train_loss': 0.0637, 'train_acc': 0.9811, 'task_loss': (0.022, 0.0417)}
{'epoch': 75, 'train_loss': 0.0523, 'train_acc': 0.985, 'task_loss': (0.0134, 0.0389)}
{'epoch': 76, 'train_loss': 0.0738, 'train_acc': 0.9735, 'task_loss': (0.0332, 0.0406)}
{'epoch': 77, 'train_loss': 0.0733, 'train_acc': 0.9699, 'task_loss': (0.0242, 0.0492)}
{'epoch': 78, 'train_loss': 0.0718, 'train_acc': 0.9773, 'task_loss': (0.0224, 0.0494)}
{'epoch': 79, 'train_loss': 0.0748, 'train_acc': 0.9699, 'task_loss': (0.0245, 0.0503)}
{'epoch': 80, 'train_loss': 0.0786, 'train_acc': 0.9545, 'task_loss': (0.0299, 0.0486)}
{'epoch': 81, 'train_loss': 0.0856, 'train_acc': 0.9662, 'task_loss': (0.0346, 0.051)}
{'epoch': 82, 'train_loss': 0.0439, 'train_acc': 0.9924, 'task_loss': (0.0164, 0.0276)}
{'epoch': 83, 'train_loss': 0.0576, 'train_acc': 0.9699, 'task_loss': (0.0089, 0.0487)}
{'epoch': 84, 'train_loss': 0.0792, 'train_acc': 0.9659, 'task_loss': (0.034, 0.0452)}
{'epoch': 85, 'train_loss': 0.0515, 'train_acc': 0.9769, 'task_loss': (0.011, 0.0405)}
{'epoch': 86, 'train_loss': 0.083, 'train_acc': 0.9662, 'task_loss': (0.039, 0.0439)}
{'epoch': 87, 'train_loss': 0.0808, 'train_acc': 0.9659, 'task_loss': (0.0204, 0.0603)}
{'epoch': 88, 'train_loss': 0.0758, 'train_acc': 0.9699, 'task_loss': (0.037, 0.0388)}
{'epoch': 89, 'train_loss': 0.053, 'train_acc': 0.9773, 'task_loss': (0.0142, 0.0388)}
{'epoch': 90, 'train_loss': 0.0564, 'train_acc': 0.9812, 'task_loss': (0.0177, 0.0387)}
{'epoch': 91, 'train_loss': 0.077, 'train_acc': 0.9432, 'task_loss': (0.0112, 0.0659)}
{'epoch': 92, 'train_loss': 0.067, 'train_acc': 0.9662, 'task_loss': (0.0133, 0.0537)}
{'epoch': 93, 'train_loss': 0.1274, 'train_acc': 0.9621, 'task_loss': (0.0874, 0.04)}
{'epoch': 94, 'train_loss': 0.0442, 'train_acc': 0.985, 'task_loss': (0.0067, 0.0375)}
{'epoch': 95, 'train_loss': 0.0755, 'train_acc': 0.9659, 'task_loss': (0.034, 0.0416)}
{'epoch': 96, 'train_loss': 0.0754, 'train_acc': 0.9586, 'task_loss': (0.0194, 0.056)}
{'epoch': 97, 'train_loss': 0.0646, 'train_acc': 0.9621, 'task_loss': (0.0215, 0.0431)}
{'epoch': 98, 'train_loss': 0.0554, 'train_acc': 0.9887, 'task_loss': (0.0211, 0.0342)}
{'epoch': 99, 'train_loss': 0.0416, 'train_acc': 0.9811, 'task_loss': (0.0058, 0.0358)}
{'epoch': 100, 'train_loss': 0.0695, 'train_acc': 0.9812, 'task_loss': (0.029, 0.0405)}
{'run_num': 9, 'final_test_err': 0.16000000000000003}
{'avg_err': 0.1509, 'std_err': 0.0056}
