{'deploy': True, 'tag': '02_beta/ta_sampler_loss', 'seed': 10, 'device': 'cuda:0', 'reps': 10, 'loss': {'alpha': 0.5, 'tune_alpha': False, 'group_task_loss': True}, 'task': {'dataset': 'split_cifar10', 'task_map': [[0, 1], [2, 3], [4, 5], [6, 7], [8, 9]], 'target': 0, 'ood': [4], 'augment': True, 'n': 50, 'm_n': 15, 'beta': 'unbiased', 'custom_sampler': True}, 'hp': {'epochs': 100, 'bs': 16, 'lr': 0.01}, 'net': 'conv'}
Files already downloaded and verified
Files already downloaded and verified
{'epoch': 1, 'train_loss': 1.3457, 'train_acc': 0.6288, 'task_loss': (0.6432, 0.7025)}
{'epoch': 2, 'train_loss': 0.8462, 'train_acc': 0.6612, 'task_loss': (0.4006, 0.4456)}
{'epoch': 3, 'train_loss': 0.6035, 'train_acc': 0.6875, 'task_loss': (0.2469, 0.3565)}
{'epoch': 4, 'train_loss': 0.5924, 'train_acc': 0.7425, 'task_loss': (0.285, 0.3074)}
{'epoch': 5, 'train_loss': 0.5496, 'train_acc': 0.7438, 'task_loss': (0.2531, 0.2966)}
{'epoch': 6, 'train_loss': 0.5366, 'train_acc': 0.7331, 'task_loss': (0.2397, 0.2969)}
{'epoch': 7, 'train_loss': 0.4894, 'train_acc': 0.7762, 'task_loss': (0.2372, 0.2521)}
{'epoch': 8, 'train_loss': 0.411, 'train_acc': 0.8019, 'task_loss': (0.1791, 0.2319)}
{'epoch': 9, 'train_loss': 0.4115, 'train_acc': 0.7806, 'task_loss': (0.1765, 0.2351)}
{'epoch': 10, 'train_loss': 0.4118, 'train_acc': 0.78, 'task_loss': (0.1812, 0.2306)}
{'epoch': 11, 'train_loss': 0.3816, 'train_acc': 0.8088, 'task_loss': (0.1691, 0.2125)}
{'epoch': 12, 'train_loss': 0.3932, 'train_acc': 0.7956, 'task_loss': (0.1725, 0.2207)}
{'epoch': 13, 'train_loss': 0.3217, 'train_acc': 0.82, 'task_loss': (0.1, 0.2216)}
{'epoch': 14, 'train_loss': 0.3887, 'train_acc': 0.8106, 'task_loss': (0.1781, 0.2106)}
{'epoch': 15, 'train_loss': 0.3539, 'train_acc': 0.8219, 'task_loss': (0.156, 0.1978)}
{'epoch': 16, 'train_loss': 0.4112, 'train_acc': 0.8081, 'task_loss': (0.1952, 0.216)}
{'epoch': 17, 'train_loss': 0.3582, 'train_acc': 0.82, 'task_loss': (0.1536, 0.2046)}
{'epoch': 18, 'train_loss': 0.3161, 'train_acc': 0.8206, 'task_loss': (0.1228, 0.1933)}
{'epoch': 19, 'train_loss': 0.2619, 'train_acc': 0.8494, 'task_loss': (0.0768, 0.1852)}
{'epoch': 20, 'train_loss': 0.2903, 'train_acc': 0.85, 'task_loss': (0.0967, 0.1936)}
{'epoch': 21, 'train_loss': 0.3145, 'train_acc': 0.8212, 'task_loss': (0.109, 0.2054)}
{'epoch': 22, 'train_loss': 0.2729, 'train_acc': 0.8388, 'task_loss': (0.079, 0.1939)}
{'epoch': 23, 'train_loss': 0.2945, 'train_acc': 0.835, 'task_loss': (0.1087, 0.1859)}
{'epoch': 24, 'train_loss': 0.2446, 'train_acc': 0.855, 'task_loss': (0.0661, 0.1785)}
{'epoch': 25, 'train_loss': 0.2734, 'train_acc': 0.8494, 'task_loss': (0.0894, 0.1841)}
{'epoch': 26, 'train_loss': 0.2548, 'train_acc': 0.8438, 'task_loss': (0.0749, 0.1799)}
{'epoch': 27, 'train_loss': 0.2421, 'train_acc': 0.8475, 'task_loss': (0.06, 0.182)}
{'epoch': 28, 'train_loss': 0.2898, 'train_acc': 0.8581, 'task_loss': (0.1197, 0.1701)}
{'epoch': 29, 'train_loss': 0.2924, 'train_acc': 0.8406, 'task_loss': (0.1061, 0.1864)}
{'epoch': 30, 'train_loss': 0.2358, 'train_acc': 0.87, 'task_loss': (0.0752, 0.1606)}
{'epoch': 31, 'train_loss': 0.2592, 'train_acc': 0.8625, 'task_loss': (0.0895, 0.1697)}
{'epoch': 32, 'train_loss': 0.24, 'train_acc': 0.855, 'task_loss': (0.0769, 0.1631)}
{'epoch': 33, 'train_loss': 0.2956, 'train_acc': 0.8488, 'task_loss': (0.115, 0.1807)}
{'epoch': 34, 'train_loss': 0.2618, 'train_acc': 0.8556, 'task_loss': (0.0918, 0.1701)}
{'epoch': 35, 'train_loss': 0.2055, 'train_acc': 0.8744, 'task_loss': (0.0552, 0.1503)}
{'epoch': 36, 'train_loss': 0.2149, 'train_acc': 0.8669, 'task_loss': (0.0535, 0.1615)}
{'epoch': 37, 'train_loss': 0.2089, 'train_acc': 0.8738, 'task_loss': (0.0568, 0.1522)}
{'epoch': 38, 'train_loss': 0.1681, 'train_acc': 0.8931, 'task_loss': (0.027, 0.141)}
{'epoch': 39, 'train_loss': 0.212, 'train_acc': 0.8775, 'task_loss': (0.0545, 0.1575)}
{'epoch': 40, 'train_loss': 0.2116, 'train_acc': 0.87, 'task_loss': (0.0524, 0.1592)}
{'epoch': 41, 'train_loss': 0.1787, 'train_acc': 0.8806, 'task_loss': (0.0397, 0.139)}
{'epoch': 42, 'train_loss': 0.1831, 'train_acc': 0.8912, 'task_loss': (0.0469, 0.1362)}
{'epoch': 43, 'train_loss': 0.1624, 'train_acc': 0.8938, 'task_loss': (0.0387, 0.1237)}
{'epoch': 44, 'train_loss': 0.1909, 'train_acc': 0.895, 'task_loss': (0.0586, 0.1323)}
{'epoch': 45, 'train_loss': 0.1859, 'train_acc': 0.8869, 'task_loss': (0.0356, 0.1503)}
{'epoch': 46, 'train_loss': 0.1582, 'train_acc': 0.9062, 'task_loss': (0.0285, 0.1298)}
{'epoch': 47, 'train_loss': 0.1572, 'train_acc': 0.9019, 'task_loss': (0.0345, 0.1227)}
{'epoch': 48, 'train_loss': 0.1639, 'train_acc': 0.8994, 'task_loss': (0.0317, 0.1322)}
{'epoch': 49, 'train_loss': 0.1471, 'train_acc': 0.9062, 'task_loss': (0.0257, 0.1214)}
{'epoch': 50, 'train_loss': 0.1693, 'train_acc': 0.8969, 'task_loss': (0.0392, 0.1301)}
{'epoch': 51, 'train_loss': 0.1489, 'train_acc': 0.9112, 'task_loss': (0.0319, 0.117)}
{'epoch': 52, 'train_loss': 0.1532, 'train_acc': 0.9119, 'task_loss': (0.0355, 0.1176)}
{'epoch': 53, 'train_loss': 0.1232, 'train_acc': 0.9225, 'task_loss': (0.0193, 0.104)}
{'epoch': 54, 'train_loss': 0.1289, 'train_acc': 0.9131, 'task_loss': (0.0145, 0.1144)}
{'epoch': 55, 'train_loss': 0.1357, 'train_acc': 0.9188, 'task_loss': (0.0277, 0.108)}
{'epoch': 56, 'train_loss': 0.1167, 'train_acc': 0.9212, 'task_loss': (0.0107, 0.106)}
{'epoch': 57, 'train_loss': 0.1382, 'train_acc': 0.9175, 'task_loss': (0.0288, 0.1095)}
{'epoch': 58, 'train_loss': 0.1337, 'train_acc': 0.9212, 'task_loss': (0.0249, 0.1088)}
{'epoch': 59, 'train_loss': 0.1153, 'train_acc': 0.9262, 'task_loss': (0.0169, 0.0984)}
{'epoch': 60, 'train_loss': 0.1389, 'train_acc': 0.9131, 'task_loss': (0.0274, 0.1116)}
{'epoch': 61, 'train_loss': 0.111, 'train_acc': 0.9294, 'task_loss': (0.0166, 0.0945)}
{'epoch': 62, 'train_loss': 0.097, 'train_acc': 0.9369, 'task_loss': (0.0097, 0.0873)}
{'epoch': 63, 'train_loss': 0.1012, 'train_acc': 0.9369, 'task_loss': (0.013, 0.0882)}
{'epoch': 64, 'train_loss': 0.1226, 'train_acc': 0.9288, 'task_loss': (0.0277, 0.0949)}
{'epoch': 65, 'train_loss': 0.0921, 'train_acc': 0.9481, 'task_loss': (0.0176, 0.0744)}
{'epoch': 66, 'train_loss': 0.1059, 'train_acc': 0.9262, 'task_loss': (0.0127, 0.0933)}
{'epoch': 67, 'train_loss': 0.1062, 'train_acc': 0.9325, 'task_loss': (0.0188, 0.0873)}
{'epoch': 68, 'train_loss': 0.1057, 'train_acc': 0.9281, 'task_loss': (0.0132, 0.0926)}
{'epoch': 69, 'train_loss': 0.0979, 'train_acc': 0.9331, 'task_loss': (0.0123, 0.0856)}
{'epoch': 70, 'train_loss': 0.1107, 'train_acc': 0.9244, 'task_loss': (0.0113, 0.0994)}
{'epoch': 71, 'train_loss': 0.0941, 'train_acc': 0.9325, 'task_loss': (0.008, 0.0861)}
{'epoch': 72, 'train_loss': 0.1073, 'train_acc': 0.9306, 'task_loss': (0.0196, 0.0878)}
{'epoch': 73, 'train_loss': 0.102, 'train_acc': 0.9319, 'task_loss': (0.0095, 0.0925)}
{'epoch': 74, 'train_loss': 0.0958, 'train_acc': 0.9412, 'task_loss': (0.014, 0.0818)}
{'epoch': 75, 'train_loss': 0.0949, 'train_acc': 0.9356, 'task_loss': (0.0139, 0.0811)}
{'epoch': 76, 'train_loss': 0.0916, 'train_acc': 0.9419, 'task_loss': (0.018, 0.0736)}
{'epoch': 77, 'train_loss': 0.0971, 'train_acc': 0.9325, 'task_loss': (0.0115, 0.0856)}
{'epoch': 78, 'train_loss': 0.0995, 'train_acc': 0.9288, 'task_loss': (0.0145, 0.085)}
{'epoch': 79, 'train_loss': 0.0944, 'train_acc': 0.9438, 'task_loss': (0.013, 0.0814)}
{'epoch': 80, 'train_loss': 0.0845, 'train_acc': 0.9438, 'task_loss': (0.0089, 0.0756)}
{'epoch': 81, 'train_loss': 0.0895, 'train_acc': 0.9344, 'task_loss': (0.0123, 0.0772)}
{'epoch': 82, 'train_loss': 0.0912, 'train_acc': 0.9425, 'task_loss': (0.0142, 0.077)}
{'epoch': 83, 'train_loss': 0.0874, 'train_acc': 0.9469, 'task_loss': (0.0148, 0.0726)}
{'epoch': 84, 'train_loss': 0.093, 'train_acc': 0.9406, 'task_loss': (0.0121, 0.0809)}
{'epoch': 85, 'train_loss': 0.0954, 'train_acc': 0.9394, 'task_loss': (0.0136, 0.0818)}
{'epoch': 86, 'train_loss': 0.0877, 'train_acc': 0.9519, 'task_loss': (0.0154, 0.0723)}
{'epoch': 87, 'train_loss': 0.0781, 'train_acc': 0.9512, 'task_loss': (0.0081, 0.07)}
{'epoch': 88, 'train_loss': 0.094, 'train_acc': 0.95, 'task_loss': (0.018, 0.076)}
{'epoch': 89, 'train_loss': 0.077, 'train_acc': 0.9481, 'task_loss': (0.0086, 0.0685)}
{'epoch': 90, 'train_loss': 0.0845, 'train_acc': 0.9356, 'task_loss': (0.0082, 0.0763)}
{'epoch': 91, 'train_loss': 0.1064, 'train_acc': 0.9506, 'task_loss': (0.0304, 0.076)}
{'epoch': 92, 'train_loss': 0.0821, 'train_acc': 0.9481, 'task_loss': (0.0098, 0.0723)}
{'epoch': 93, 'train_loss': 0.0819, 'train_acc': 0.9481, 'task_loss': (0.0083, 0.0736)}
{'epoch': 94, 'train_loss': 0.075, 'train_acc': 0.9519, 'task_loss': (0.0082, 0.0668)}
{'epoch': 95, 'train_loss': 0.0795, 'train_acc': 0.9456, 'task_loss': (0.0072, 0.0724)}
{'epoch': 96, 'train_loss': 0.0848, 'train_acc': 0.9431, 'task_loss': (0.0076, 0.0772)}
{'epoch': 97, 'train_loss': 0.0917, 'train_acc': 0.9431, 'task_loss': (0.0169, 0.0747)}
{'epoch': 98, 'train_loss': 0.081, 'train_acc': 0.9425, 'task_loss': (0.0096, 0.0714)}
{'epoch': 99, 'train_loss': 0.0805, 'train_acc': 0.9412, 'task_loss': (0.0072, 0.0733)}
{'epoch': 100, 'train_loss': 0.0888, 'train_acc': 0.9406, 'task_loss': (0.0087, 0.0801)}
{'run_num': 0, 'final_test_err': 0.11299999999999999}
Files already downloaded and verified
Files already downloaded and verified
{'epoch': 1, 'train_loss': 1.1577, 'train_acc': 0.6131, 'task_loss': (0.6658, 0.4919)}
{'epoch': 2, 'train_loss': 0.7358, 'train_acc': 0.6806, 'task_loss': (0.3502, 0.3857)}
{'epoch': 3, 'train_loss': 0.6996, 'train_acc': 0.6888, 'task_loss': (0.3203, 0.3793)}
{'epoch': 4, 'train_loss': 0.5267, 'train_acc': 0.7231, 'task_loss': (0.2322, 0.2945)}
{'epoch': 5, 'train_loss': 0.444, 'train_acc': 0.76, 'task_loss': (0.1734, 0.2707)}
{'epoch': 6, 'train_loss': 0.446, 'train_acc': 0.7794, 'task_loss': (0.1892, 0.2568)}
{'epoch': 7, 'train_loss': 0.4807, 'train_acc': 0.7569, 'task_loss': (0.2117, 0.269)}
{'epoch': 8, 'train_loss': 0.4622, 'train_acc': 0.7594, 'task_loss': (0.204, 0.2582)}
{'epoch': 9, 'train_loss': 0.4706, 'train_acc': 0.7706, 'task_loss': (0.2264, 0.2442)}
{'epoch': 10, 'train_loss': 0.4231, 'train_acc': 0.7806, 'task_loss': (0.1842, 0.2389)}
{'epoch': 11, 'train_loss': 0.3904, 'train_acc': 0.79, 'task_loss': (0.1658, 0.2246)}
{'epoch': 12, 'train_loss': 0.422, 'train_acc': 0.7912, 'task_loss': (0.1773, 0.2447)}
{'epoch': 13, 'train_loss': 0.4027, 'train_acc': 0.7994, 'task_loss': (0.1751, 0.2276)}
{'epoch': 14, 'train_loss': 0.3502, 'train_acc': 0.8056, 'task_loss': (0.1311, 0.2191)}
{'epoch': 15, 'train_loss': 0.3177, 'train_acc': 0.8181, 'task_loss': (0.0995, 0.2182)}
{'epoch': 16, 'train_loss': 0.3091, 'train_acc': 0.8194, 'task_loss': (0.0927, 0.2165)}
{'epoch': 17, 'train_loss': 0.3399, 'train_acc': 0.8188, 'task_loss': (0.1318, 0.2081)}
{'epoch': 18, 'train_loss': 0.2778, 'train_acc': 0.83, 'task_loss': (0.0792, 0.1987)}
{'epoch': 19, 'train_loss': 0.3093, 'train_acc': 0.8281, 'task_loss': (0.098, 0.2113)}
{'epoch': 20, 'train_loss': 0.3287, 'train_acc': 0.8344, 'task_loss': (0.1246, 0.2041)}
{'epoch': 21, 'train_loss': 0.2932, 'train_acc': 0.84, 'task_loss': (0.091, 0.2022)}
{'epoch': 22, 'train_loss': 0.2961, 'train_acc': 0.8412, 'task_loss': (0.1115, 0.1846)}
{'epoch': 23, 'train_loss': 0.2554, 'train_acc': 0.8406, 'task_loss': (0.0674, 0.188)}
{'epoch': 24, 'train_loss': 0.3483, 'train_acc': 0.8275, 'task_loss': (0.1493, 0.199)}
{'epoch': 25, 'train_loss': 0.3288, 'train_acc': 0.8312, 'task_loss': (0.1345, 0.1943)}
{'epoch': 26, 'train_loss': 0.263, 'train_acc': 0.8494, 'task_loss': (0.08, 0.183)}
{'epoch': 27, 'train_loss': 0.3112, 'train_acc': 0.84, 'task_loss': (0.1181, 0.1931)}
{'epoch': 28, 'train_loss': 0.2432, 'train_acc': 0.8469, 'task_loss': (0.0613, 0.1819)}
{'epoch': 29, 'train_loss': 0.2294, 'train_acc': 0.8588, 'task_loss': (0.0599, 0.1695)}
{'epoch': 30, 'train_loss': 0.2455, 'train_acc': 0.8519, 'task_loss': (0.0663, 0.1792)}
{'epoch': 31, 'train_loss': 0.2538, 'train_acc': 0.8612, 'task_loss': (0.0814, 0.1725)}
{'epoch': 32, 'train_loss': 0.2345, 'train_acc': 0.855, 'task_loss': (0.0653, 0.1693)}
{'epoch': 33, 'train_loss': 0.2003, 'train_acc': 0.875, 'task_loss': (0.0453, 0.155)}
{'epoch': 34, 'train_loss': 0.2109, 'train_acc': 0.8762, 'task_loss': (0.0535, 0.1574)}
{'epoch': 35, 'train_loss': 0.2023, 'train_acc': 0.8631, 'task_loss': (0.0316, 0.1707)}
{'epoch': 36, 'train_loss': 0.2062, 'train_acc': 0.8781, 'task_loss': (0.0362, 0.17)}
{'epoch': 37, 'train_loss': 0.2281, 'train_acc': 0.87, 'task_loss': (0.0668, 0.1613)}
{'epoch': 38, 'train_loss': 0.2222, 'train_acc': 0.8775, 'task_loss': (0.0687, 0.1535)}
{'epoch': 39, 'train_loss': 0.2139, 'train_acc': 0.8812, 'task_loss': (0.0611, 0.1528)}
{'epoch': 40, 'train_loss': 0.2172, 'train_acc': 0.8712, 'task_loss': (0.0668, 0.1504)}
{'epoch': 41, 'train_loss': 0.2088, 'train_acc': 0.8806, 'task_loss': (0.0445, 0.1643)}
{'epoch': 42, 'train_loss': 0.2039, 'train_acc': 0.88, 'task_loss': (0.0518, 0.1521)}
{'epoch': 43, 'train_loss': 0.1982, 'train_acc': 0.8781, 'task_loss': (0.0504, 0.1478)}
{'epoch': 44, 'train_loss': 0.1639, 'train_acc': 0.8956, 'task_loss': (0.0276, 0.1363)}
{'epoch': 45, 'train_loss': 0.1926, 'train_acc': 0.885, 'task_loss': (0.0444, 0.1483)}
{'epoch': 46, 'train_loss': 0.2146, 'train_acc': 0.8762, 'task_loss': (0.0626, 0.152)}
{'epoch': 47, 'train_loss': 0.1604, 'train_acc': 0.8988, 'task_loss': (0.0346, 0.1258)}
{'epoch': 48, 'train_loss': 0.1746, 'train_acc': 0.8838, 'task_loss': (0.0248, 0.1498)}
{'epoch': 49, 'train_loss': 0.147, 'train_acc': 0.8962, 'task_loss': (0.0203, 0.1267)}
{'epoch': 50, 'train_loss': 0.1652, 'train_acc': 0.9012, 'task_loss': (0.0423, 0.1229)}
{'epoch': 51, 'train_loss': 0.149, 'train_acc': 0.9019, 'task_loss': (0.0263, 0.1227)}
{'epoch': 52, 'train_loss': 0.1615, 'train_acc': 0.8969, 'task_loss': (0.036, 0.1255)}
{'epoch': 53, 'train_loss': 0.142, 'train_acc': 0.9106, 'task_loss': (0.0229, 0.1191)}
{'epoch': 54, 'train_loss': 0.1826, 'train_acc': 0.8931, 'task_loss': (0.0426, 0.14)}
{'epoch': 55, 'train_loss': 0.1243, 'train_acc': 0.9119, 'task_loss': (0.0133, 0.111)}
{'epoch': 56, 'train_loss': 0.1244, 'train_acc': 0.9138, 'task_loss': (0.0194, 0.1049)}
{'epoch': 57, 'train_loss': 0.1441, 'train_acc': 0.9081, 'task_loss': (0.024, 0.1201)}
{'epoch': 58, 'train_loss': 0.1165, 'train_acc': 0.9262, 'task_loss': (0.0146, 0.1019)}
{'epoch': 59, 'train_loss': 0.145, 'train_acc': 0.9119, 'task_loss': (0.0298, 0.1152)}
{'epoch': 60, 'train_loss': 0.1286, 'train_acc': 0.9175, 'task_loss': (0.0154, 0.1131)}
{'epoch': 61, 'train_loss': 0.1516, 'train_acc': 0.9125, 'task_loss': (0.0364, 0.1152)}
{'epoch': 62, 'train_loss': 0.1204, 'train_acc': 0.9206, 'task_loss': (0.0157, 0.1047)}
{'epoch': 63, 'train_loss': 0.1122, 'train_acc': 0.9269, 'task_loss': (0.0185, 0.0937)}
{'epoch': 64, 'train_loss': 0.1231, 'train_acc': 0.9225, 'task_loss': (0.0254, 0.0976)}
{'epoch': 65, 'train_loss': 0.1111, 'train_acc': 0.9238, 'task_loss': (0.0103, 0.1008)}
{'epoch': 66, 'train_loss': 0.1136, 'train_acc': 0.9256, 'task_loss': (0.018, 0.0956)}
{'epoch': 67, 'train_loss': 0.1149, 'train_acc': 0.93, 'task_loss': (0.0201, 0.0948)}
{'epoch': 68, 'train_loss': 0.1015, 'train_acc': 0.9406, 'task_loss': (0.0137, 0.0878)}
{'epoch': 69, 'train_loss': 0.1053, 'train_acc': 0.9288, 'task_loss': (0.0141, 0.0912)}
{'epoch': 70, 'train_loss': 0.1204, 'train_acc': 0.9275, 'task_loss': (0.0208, 0.0996)}
{'epoch': 71, 'train_loss': 0.1031, 'train_acc': 0.9419, 'task_loss': (0.0167, 0.0864)}
{'epoch': 72, 'train_loss': 0.1115, 'train_acc': 0.935, 'task_loss': (0.0135, 0.098)}
{'epoch': 73, 'train_loss': 0.0973, 'train_acc': 0.9338, 'task_loss': (0.0125, 0.0848)}
{'epoch': 74, 'train_loss': 0.0899, 'train_acc': 0.9412, 'task_loss': (0.0125, 0.0774)}
{'epoch': 75, 'train_loss': 0.0903, 'train_acc': 0.9406, 'task_loss': (0.0093, 0.081)}
{'epoch': 76, 'train_loss': 0.0966, 'train_acc': 0.9325, 'task_loss': (0.0117, 0.0848)}
{'epoch': 77, 'train_loss': 0.094, 'train_acc': 0.9325, 'task_loss': (0.0117, 0.0823)}
{'epoch': 78, 'train_loss': 0.0965, 'train_acc': 0.9325, 'task_loss': (0.0117, 0.0849)}
{'epoch': 79, 'train_loss': 0.0867, 'train_acc': 0.9431, 'task_loss': (0.0108, 0.076)}
{'epoch': 80, 'train_loss': 0.0937, 'train_acc': 0.9312, 'task_loss': (0.0097, 0.084)}
{'epoch': 81, 'train_loss': 0.0938, 'train_acc': 0.9344, 'task_loss': (0.0092, 0.0846)}
{'epoch': 82, 'train_loss': 0.0807, 'train_acc': 0.9431, 'task_loss': (0.0083, 0.0724)}
{'epoch': 83, 'train_loss': 0.1035, 'train_acc': 0.9338, 'task_loss': (0.0182, 0.0853)}
{'epoch': 84, 'train_loss': 0.0822, 'train_acc': 0.945, 'task_loss': (0.0098, 0.0724)}
{'epoch': 85, 'train_loss': 0.0945, 'train_acc': 0.9406, 'task_loss': (0.0143, 0.0801)}
{'epoch': 86, 'train_loss': 0.086, 'train_acc': 0.945, 'task_loss': (0.0123, 0.0737)}
{'epoch': 87, 'train_loss': 0.0811, 'train_acc': 0.945, 'task_loss': (0.0093, 0.0719)}
{'epoch': 88, 'train_loss': 0.0819, 'train_acc': 0.9444, 'task_loss': (0.006, 0.076)}
{'epoch': 89, 'train_loss': 0.0854, 'train_acc': 0.9394, 'task_loss': (0.008, 0.0774)}
{'epoch': 90, 'train_loss': 0.0836, 'train_acc': 0.9475, 'task_loss': (0.0084, 0.0753)}
{'epoch': 91, 'train_loss': 0.0839, 'train_acc': 0.9469, 'task_loss': (0.0138, 0.0701)}
{'epoch': 92, 'train_loss': 0.0926, 'train_acc': 0.9394, 'task_loss': (0.0114, 0.0812)}
{'epoch': 93, 'train_loss': 0.0827, 'train_acc': 0.9438, 'task_loss': (0.0077, 0.0749)}
{'epoch': 94, 'train_loss': 0.0954, 'train_acc': 0.9425, 'task_loss': (0.013, 0.0824)}
{'epoch': 95, 'train_loss': 0.0883, 'train_acc': 0.9519, 'task_loss': (0.0138, 0.0745)}
{'epoch': 96, 'train_loss': 0.0895, 'train_acc': 0.9488, 'task_loss': (0.0174, 0.0721)}
{'epoch': 97, 'train_loss': 0.082, 'train_acc': 0.9412, 'task_loss': (0.0086, 0.0735)}
{'epoch': 98, 'train_loss': 0.0877, 'train_acc': 0.9444, 'task_loss': (0.0105, 0.0772)}
{'epoch': 99, 'train_loss': 0.0858, 'train_acc': 0.9444, 'task_loss': (0.0102, 0.0756)}
{'epoch': 100, 'train_loss': 0.095, 'train_acc': 0.9362, 'task_loss': (0.0075, 0.0875)}
{'run_num': 1, 'final_test_err': 0.11775000000000002}
Files already downloaded and verified
Files already downloaded and verified
/home/ubuntu/tools/miniconda3/envs/manifold/lib/python3.9/site-packages/torch/optim/lr_scheduler.py:131: UserWarning: Detected call of `lr_scheduler.step()` before `optimizer.step()`. In PyTorch 1.1.0 and later, you should call them in the opposite order: `optimizer.step()` before `lr_scheduler.step()`.  Failure to do this will result in PyTorch skipping the first value of the learning rate schedule. See more details at https://pytorch.org/docs/stable/optim.html#how-to-adjust-learning-rate
  warnings.warn("Detected call of `lr_scheduler.step()` before `optimizer.step()`. "
{'epoch': 1, 'train_loss': 1.2128, 'train_acc': 0.6338, 'task_loss': (0.7075, 0.5053)}
{'epoch': 2, 'train_loss': 0.9044, 'train_acc': 0.6706, 'task_loss': (0.4413, 0.4631)}
{'epoch': 3, 'train_loss': 0.7064, 'train_acc': 0.7006, 'task_loss': (0.3285, 0.378)}
{'epoch': 4, 'train_loss': 0.5689, 'train_acc': 0.7094, 'task_loss': (0.2507, 0.3182)}
{'epoch': 5, 'train_loss': 0.4805, 'train_acc': 0.7612, 'task_loss': (0.2154, 0.2651)}
{'epoch': 6, 'train_loss': 0.4623, 'train_acc': 0.7681, 'task_loss': (0.2025, 0.2598)}
{'epoch': 7, 'train_loss': 0.3827, 'train_acc': 0.7837, 'task_loss': (0.1405, 0.2422)}
{'epoch': 8, 'train_loss': 0.4308, 'train_acc': 0.7806, 'task_loss': (0.1842, 0.2466)}
{'epoch': 9, 'train_loss': 0.383, 'train_acc': 0.7938, 'task_loss': (0.1516, 0.2314)}
{'epoch': 10, 'train_loss': 0.4748, 'train_acc': 0.7769, 'task_loss': (0.2405, 0.2343)}
{'epoch': 11, 'train_loss': 0.384, 'train_acc': 0.7994, 'task_loss': (0.1647, 0.2193)}
{'epoch': 12, 'train_loss': 0.361, 'train_acc': 0.8162, 'task_loss': (0.1471, 0.2139)}
{'epoch': 13, 'train_loss': 0.3282, 'train_acc': 0.8131, 'task_loss': (0.1155, 0.2127)}
{'epoch': 14, 'train_loss': 0.3843, 'train_acc': 0.7975, 'task_loss': (0.1554, 0.2289)}
{'epoch': 15, 'train_loss': 0.3398, 'train_acc': 0.8106, 'task_loss': (0.1249, 0.215)}
{'epoch': 16, 'train_loss': 0.2831, 'train_acc': 0.8369, 'task_loss': (0.0895, 0.1936)}
{'epoch': 17, 'train_loss': 0.3367, 'train_acc': 0.8181, 'task_loss': (0.1254, 0.2113)}
{'epoch': 18, 'train_loss': 0.2857, 'train_acc': 0.8338, 'task_loss': (0.0912, 0.1945)}
{'epoch': 19, 'train_loss': 0.3096, 'train_acc': 0.8262, 'task_loss': (0.1051, 0.2045)}
{'epoch': 20, 'train_loss': 0.2845, 'train_acc': 0.8269, 'task_loss': (0.0886, 0.1959)}
{'epoch': 21, 'train_loss': 0.2963, 'train_acc': 0.8412, 'task_loss': (0.1041, 0.1922)}
{'epoch': 22, 'train_loss': 0.3028, 'train_acc': 0.8275, 'task_loss': (0.1021, 0.2008)}
{'epoch': 23, 'train_loss': 0.2723, 'train_acc': 0.8444, 'task_loss': (0.0889, 0.1834)}
{'epoch': 24, 'train_loss': 0.2839, 'train_acc': 0.8412, 'task_loss': (0.0914, 0.1925)}
{'epoch': 25, 'train_loss': 0.2734, 'train_acc': 0.8394, 'task_loss': (0.0911, 0.1823)}
{'epoch': 26, 'train_loss': 0.2316, 'train_acc': 0.8662, 'task_loss': (0.0659, 0.1658)}
{'epoch': 27, 'train_loss': 0.268, 'train_acc': 0.8462, 'task_loss': (0.0709, 0.197)}
{'epoch': 28, 'train_loss': 0.2507, 'train_acc': 0.8538, 'task_loss': (0.0638, 0.1869)}
{'epoch': 29, 'train_loss': 0.2536, 'train_acc': 0.8575, 'task_loss': (0.0773, 0.1764)}
{'epoch': 30, 'train_loss': 0.2444, 'train_acc': 0.8612, 'task_loss': (0.0776, 0.1667)}
{'epoch': 31, 'train_loss': 0.2446, 'train_acc': 0.8469, 'task_loss': (0.0702, 0.1744)}
{'epoch': 32, 'train_loss': 0.2272, 'train_acc': 0.8688, 'task_loss': (0.0573, 0.1699)}
{'epoch': 33, 'train_loss': 0.2221, 'train_acc': 0.8719, 'task_loss': (0.0679, 0.1542)}
{'epoch': 34, 'train_loss': 0.2308, 'train_acc': 0.8712, 'task_loss': (0.0684, 0.1624)}
{'epoch': 35, 'train_loss': 0.214, 'train_acc': 0.8675, 'task_loss': (0.0506, 0.1634)}
{'epoch': 36, 'train_loss': 0.2081, 'train_acc': 0.8694, 'task_loss': (0.0492, 0.1589)}
{'epoch': 37, 'train_loss': 0.1979, 'train_acc': 0.8862, 'task_loss': (0.0418, 0.1561)}
{'epoch': 38, 'train_loss': 0.1882, 'train_acc': 0.8781, 'task_loss': (0.0383, 0.1499)}
{'epoch': 39, 'train_loss': 0.1873, 'train_acc': 0.8869, 'task_loss': (0.0437, 0.1436)}
{'epoch': 40, 'train_loss': 0.1795, 'train_acc': 0.8869, 'task_loss': (0.0379, 0.1415)}
{'epoch': 41, 'train_loss': 0.1803, 'train_acc': 0.8875, 'task_loss': (0.0402, 0.1401)}
{'epoch': 42, 'train_loss': 0.1708, 'train_acc': 0.8912, 'task_loss': (0.0339, 0.1369)}
{'epoch': 43, 'train_loss': 0.1522, 'train_acc': 0.8969, 'task_loss': (0.0211, 0.1311)}
{'epoch': 44, 'train_loss': 0.1596, 'train_acc': 0.9038, 'task_loss': (0.0362, 0.1235)}
{'epoch': 45, 'train_loss': 0.163, 'train_acc': 0.8938, 'task_loss': (0.0247, 0.1382)}
{'epoch': 46, 'train_loss': 0.1743, 'train_acc': 0.8981, 'task_loss': (0.0388, 0.1354)}
{'epoch': 47, 'train_loss': 0.1462, 'train_acc': 0.9138, 'task_loss': (0.0257, 0.1206)}
{'epoch': 48, 'train_loss': 0.1736, 'train_acc': 0.895, 'task_loss': (0.0405, 0.1331)}
{'epoch': 49, 'train_loss': 0.1373, 'train_acc': 0.9138, 'task_loss': (0.0235, 0.1137)}
{'epoch': 50, 'train_loss': 0.136, 'train_acc': 0.92, 'task_loss': (0.0262, 0.1098)}
{'epoch': 51, 'train_loss': 0.1369, 'train_acc': 0.9125, 'task_loss': (0.0331, 0.1038)}
{'epoch': 52, 'train_loss': 0.1395, 'train_acc': 0.905, 'task_loss': (0.0242, 0.1153)}
{'epoch': 53, 'train_loss': 0.1264, 'train_acc': 0.9119, 'task_loss': (0.0154, 0.111)}
{'epoch': 54, 'train_loss': 0.1289, 'train_acc': 0.92, 'task_loss': (0.0197, 0.1091)}
{'epoch': 55, 'train_loss': 0.1187, 'train_acc': 0.9244, 'task_loss': (0.0193, 0.0994)}
{'epoch': 56, 'train_loss': 0.1186, 'train_acc': 0.93, 'task_loss': (0.014, 0.1046)}
{'epoch': 57, 'train_loss': 0.1318, 'train_acc': 0.9206, 'task_loss': (0.0263, 0.1055)}
{'epoch': 58, 'train_loss': 0.1021, 'train_acc': 0.9294, 'task_loss': (0.0104, 0.0917)}
{'epoch': 59, 'train_loss': 0.114, 'train_acc': 0.9344, 'task_loss': (0.0207, 0.0932)}
{'epoch': 60, 'train_loss': 0.1202, 'train_acc': 0.925, 'task_loss': (0.0196, 0.1006)}
{'epoch': 61, 'train_loss': 0.11, 'train_acc': 0.9325, 'task_loss': (0.0234, 0.0866)}
{'epoch': 62, 'train_loss': 0.1072, 'train_acc': 0.9281, 'task_loss': (0.0142, 0.0931)}
{'epoch': 63, 'train_loss': 0.1002, 'train_acc': 0.9381, 'task_loss': (0.0096, 0.0907)}
{'epoch': 64, 'train_loss': 0.101, 'train_acc': 0.9338, 'task_loss': (0.012, 0.089)}
{'epoch': 65, 'train_loss': 0.0988, 'train_acc': 0.9312, 'task_loss': (0.0133, 0.0855)}
{'epoch': 66, 'train_loss': 0.093, 'train_acc': 0.9369, 'task_loss': (0.0116, 0.0814)}
{'epoch': 67, 'train_loss': 0.1448, 'train_acc': 0.9188, 'task_loss': (0.0419, 0.1028)}
{'epoch': 68, 'train_loss': 0.1232, 'train_acc': 0.9256, 'task_loss': (0.0325, 0.0908)}
{'epoch': 69, 'train_loss': 0.1237, 'train_acc': 0.9238, 'task_loss': (0.0234, 0.1004)}
{'epoch': 70, 'train_loss': 0.1017, 'train_acc': 0.9331, 'task_loss': (0.017, 0.0847)}
{'epoch': 71, 'train_loss': 0.108, 'train_acc': 0.9325, 'task_loss': (0.016, 0.092)}
{'epoch': 72, 'train_loss': 0.1003, 'train_acc': 0.9319, 'task_loss': (0.0186, 0.0817)}
{'epoch': 73, 'train_loss': 0.0895, 'train_acc': 0.9431, 'task_loss': (0.0105, 0.0789)}
{'epoch': 74, 'train_loss': 0.0867, 'train_acc': 0.9469, 'task_loss': (0.0126, 0.0742)}
{'epoch': 75, 'train_loss': 0.103, 'train_acc': 0.9394, 'task_loss': (0.0199, 0.0831)}
{'epoch': 76, 'train_loss': 0.0945, 'train_acc': 0.9338, 'task_loss': (0.0105, 0.084)}
{'epoch': 77, 'train_loss': 0.0853, 'train_acc': 0.9531, 'task_loss': (0.0149, 0.0705)}
{'epoch': 78, 'train_loss': 0.0793, 'train_acc': 0.9488, 'task_loss': (0.0073, 0.072)}
{'epoch': 79, 'train_loss': 0.0867, 'train_acc': 0.9338, 'task_loss': (0.0071, 0.0796)}
{'epoch': 80, 'train_loss': 0.0847, 'train_acc': 0.9344, 'task_loss': (0.005, 0.0797)}
{'epoch': 81, 'train_loss': 0.0768, 'train_acc': 0.945, 'task_loss': (0.0078, 0.069)}
{'epoch': 82, 'train_loss': 0.0822, 'train_acc': 0.9531, 'task_loss': (0.0095, 0.0727)}
{'epoch': 83, 'train_loss': 0.0769, 'train_acc': 0.9494, 'task_loss': (0.0088, 0.0681)}
{'epoch': 84, 'train_loss': 0.0736, 'train_acc': 0.9538, 'task_loss': (0.007, 0.0666)}
{'epoch': 85, 'train_loss': 0.0814, 'train_acc': 0.9456, 'task_loss': (0.0082, 0.0732)}
{'epoch': 86, 'train_loss': 0.0817, 'train_acc': 0.9381, 'task_loss': (0.0077, 0.0741)}
{'epoch': 87, 'train_loss': 0.0776, 'train_acc': 0.9506, 'task_loss': (0.0105, 0.0671)}
{'epoch': 88, 'train_loss': 0.0765, 'train_acc': 0.9575, 'task_loss': (0.0152, 0.0612)}
{'epoch': 89, 'train_loss': 0.0698, 'train_acc': 0.9544, 'task_loss': (0.0063, 0.0634)}
{'epoch': 90, 'train_loss': 0.0761, 'train_acc': 0.9538, 'task_loss': (0.012, 0.0641)}
{'epoch': 91, 'train_loss': 0.0712, 'train_acc': 0.9519, 'task_loss': (0.0075, 0.0637)}
{'epoch': 92, 'train_loss': 0.0752, 'train_acc': 0.9525, 'task_loss': (0.0041, 0.0711)}
{'epoch': 93, 'train_loss': 0.0771, 'train_acc': 0.94, 'task_loss': (0.0058, 0.0712)}
{'epoch': 94, 'train_loss': 0.075, 'train_acc': 0.9556, 'task_loss': (0.0093, 0.0657)}
{'epoch': 95, 'train_loss': 0.0758, 'train_acc': 0.9512, 'task_loss': (0.0084, 0.0674)}
{'epoch': 96, 'train_loss': 0.0663, 'train_acc': 0.9588, 'task_loss': (0.0067, 0.0596)}
{'epoch': 97, 'train_loss': 0.0787, 'train_acc': 0.9525, 'task_loss': (0.0087, 0.07)}
{'epoch': 98, 'train_loss': 0.0748, 'train_acc': 0.9538, 'task_loss': (0.0086, 0.0662)}
{'epoch': 99, 'train_loss': 0.0783, 'train_acc': 0.9469, 'task_loss': (0.0071, 0.0712)}
{'epoch': 100, 'train_loss': 0.0679, 'train_acc': 0.9512, 'task_loss': (0.0062, 0.0616)}
{'run_num': 2, 'final_test_err': 0.10924999999999996}
Files already downloaded and verified
Files already downloaded and verified
{'epoch': 1, 'train_loss': 1.0554, 'train_acc': 0.62, 'task_loss': (0.5238, 0.5316)}
{'epoch': 2, 'train_loss': 0.8682, 'train_acc': 0.6881, 'task_loss': (0.4459, 0.4223)}
{'epoch': 3, 'train_loss': 0.8444, 'train_acc': 0.6712, 'task_loss': (0.4319, 0.4125)}
{'epoch': 4, 'train_loss': 0.6123, 'train_acc': 0.7119, 'task_loss': (0.2914, 0.3209)}
{'epoch': 5, 'train_loss': 0.4979, 'train_acc': 0.7338, 'task_loss': (0.2106, 0.2873)}
{'epoch': 6, 'train_loss': 0.5066, 'train_acc': 0.7556, 'task_loss': (0.2276, 0.279)}
{'epoch': 7, 'train_loss': 0.494, 'train_acc': 0.755, 'task_loss': (0.2381, 0.2559)}
{'epoch': 8, 'train_loss': 0.4437, 'train_acc': 0.7894, 'task_loss': (0.2174, 0.2263)}
{'epoch': 9, 'train_loss': 0.3889, 'train_acc': 0.7938, 'task_loss': (0.1645, 0.2244)}
{'epoch': 10, 'train_loss': 0.4232, 'train_acc': 0.7781, 'task_loss': (0.1794, 0.2438)}
{'epoch': 11, 'train_loss': 0.3662, 'train_acc': 0.7856, 'task_loss': (0.1372, 0.229)}
{'epoch': 12, 'train_loss': 0.3472, 'train_acc': 0.8025, 'task_loss': (0.1198, 0.2274)}
{'epoch': 13, 'train_loss': 0.3671, 'train_acc': 0.8138, 'task_loss': (0.1504, 0.2167)}
{'epoch': 14, 'train_loss': 0.3683, 'train_acc': 0.8, 'task_loss': (0.1428, 0.2255)}
{'epoch': 15, 'train_loss': 0.3535, 'train_acc': 0.7912, 'task_loss': (0.1193, 0.2342)}
{'epoch': 16, 'train_loss': 0.3482, 'train_acc': 0.7994, 'task_loss': (0.1296, 0.2186)}
{'epoch': 17, 'train_loss': 0.2773, 'train_acc': 0.8312, 'task_loss': (0.076, 0.2013)}
{'epoch': 18, 'train_loss': 0.3326, 'train_acc': 0.8344, 'task_loss': (0.1328, 0.1999)}
{'epoch': 19, 'train_loss': 0.3246, 'train_acc': 0.8194, 'task_loss': (0.1196, 0.2049)}
{'epoch': 20, 'train_loss': 0.3373, 'train_acc': 0.825, 'task_loss': (0.1215, 0.2158)}
{'epoch': 21, 'train_loss': 0.2835, 'train_acc': 0.8288, 'task_loss': (0.0881, 0.1955)}
{'epoch': 22, 'train_loss': 0.293, 'train_acc': 0.8375, 'task_loss': (0.1016, 0.1914)}
{'epoch': 23, 'train_loss': 0.3088, 'train_acc': 0.8275, 'task_loss': (0.1043, 0.2045)}
{'epoch': 24, 'train_loss': 0.2518, 'train_acc': 0.845, 'task_loss': (0.063, 0.1888)}
{'epoch': 25, 'train_loss': 0.262, 'train_acc': 0.845, 'task_loss': (0.081, 0.181)}
{'epoch': 26, 'train_loss': 0.2433, 'train_acc': 0.8625, 'task_loss': (0.0715, 0.1718)}
{'epoch': 27, 'train_loss': 0.2547, 'train_acc': 0.8481, 'task_loss': (0.0808, 0.1739)}
{'epoch': 28, 'train_loss': 0.2903, 'train_acc': 0.8406, 'task_loss': (0.0978, 0.1926)}
{'epoch': 29, 'train_loss': 0.2246, 'train_acc': 0.8656, 'task_loss': (0.0528, 0.1718)}
{'epoch': 30, 'train_loss': 0.2525, 'train_acc': 0.8525, 'task_loss': (0.0731, 0.1794)}
{'epoch': 31, 'train_loss': 0.2229, 'train_acc': 0.8706, 'task_loss': (0.0592, 0.1638)}
{'epoch': 32, 'train_loss': 0.2185, 'train_acc': 0.8712, 'task_loss': (0.0505, 0.1681)}
{'epoch': 33, 'train_loss': 0.2185, 'train_acc': 0.8762, 'task_loss': (0.0711, 0.1473)}
{'epoch': 34, 'train_loss': 0.2219, 'train_acc': 0.8638, 'task_loss': (0.057, 0.1649)}
{'epoch': 35, 'train_loss': 0.1838, 'train_acc': 0.8806, 'task_loss': (0.0366, 0.1471)}
{'epoch': 36, 'train_loss': 0.2507, 'train_acc': 0.8581, 'task_loss': (0.073, 0.1777)}
{'epoch': 37, 'train_loss': 0.1697, 'train_acc': 0.89, 'task_loss': (0.0306, 0.1391)}
{'epoch': 38, 'train_loss': 0.2082, 'train_acc': 0.8856, 'task_loss': (0.0563, 0.1519)}
{'epoch': 39, 'train_loss': 0.2186, 'train_acc': 0.86, 'task_loss': (0.0509, 0.1676)}
{'epoch': 40, 'train_loss': 0.1851, 'train_acc': 0.8869, 'task_loss': (0.0385, 0.1467)}
{'epoch': 41, 'train_loss': 0.1941, 'train_acc': 0.8844, 'task_loss': (0.0446, 0.1496)}
{'epoch': 42, 'train_loss': 0.1615, 'train_acc': 0.8988, 'task_loss': (0.0248, 0.1367)}
{'epoch': 43, 'train_loss': 0.1695, 'train_acc': 0.8962, 'task_loss': (0.0311, 0.1384)}
{'epoch': 44, 'train_loss': 0.1612, 'train_acc': 0.8975, 'task_loss': (0.0291, 0.1322)}
{'epoch': 45, 'train_loss': 0.2134, 'train_acc': 0.8769, 'task_loss': (0.0609, 0.1525)}
{'epoch': 46, 'train_loss': 0.1715, 'train_acc': 0.8944, 'task_loss': (0.0407, 0.1308)}
{'epoch': 47, 'train_loss': 0.1542, 'train_acc': 0.8956, 'task_loss': (0.023, 0.1312)}
{'epoch': 48, 'train_loss': 0.1847, 'train_acc': 0.8906, 'task_loss': (0.0523, 0.1324)}
{'epoch': 49, 'train_loss': 0.1638, 'train_acc': 0.9012, 'task_loss': (0.0343, 0.1295)}
{'epoch': 50, 'train_loss': 0.1388, 'train_acc': 0.9081, 'task_loss': (0.0191, 0.1196)}
{'epoch': 51, 'train_loss': 0.1316, 'train_acc': 0.9156, 'task_loss': (0.0225, 0.1091)}
{'epoch': 52, 'train_loss': 0.1504, 'train_acc': 0.9088, 'task_loss': (0.0268, 0.1235)}
{'epoch': 53, 'train_loss': 0.1442, 'train_acc': 0.9144, 'task_loss': (0.0308, 0.1134)}
{'epoch': 54, 'train_loss': 0.1415, 'train_acc': 0.9181, 'task_loss': (0.03, 0.1115)}
{'epoch': 55, 'train_loss': 0.1682, 'train_acc': 0.9038, 'task_loss': (0.0386, 0.1297)}
{'epoch': 56, 'train_loss': 0.1563, 'train_acc': 0.9075, 'task_loss': (0.0361, 0.1203)}
{'epoch': 57, 'train_loss': 0.1292, 'train_acc': 0.9175, 'task_loss': (0.028, 0.1012)}
{'epoch': 58, 'train_loss': 0.1533, 'train_acc': 0.8975, 'task_loss': (0.031, 0.1223)}
{'epoch': 59, 'train_loss': 0.1007, 'train_acc': 0.9275, 'task_loss': (0.0098, 0.0909)}
{'epoch': 60, 'train_loss': 0.1138, 'train_acc': 0.9231, 'task_loss': (0.0165, 0.0973)}
{'epoch': 61, 'train_loss': 0.1103, 'train_acc': 0.9244, 'task_loss': (0.0131, 0.0972)}
{'epoch': 62, 'train_loss': 0.1179, 'train_acc': 0.9262, 'task_loss': (0.0188, 0.0991)}
{'epoch': 63, 'train_loss': 0.1096, 'train_acc': 0.9269, 'task_loss': (0.0108, 0.0988)}
{'epoch': 64, 'train_loss': 0.1131, 'train_acc': 0.9206, 'task_loss': (0.0194, 0.0938)}
{'epoch': 65, 'train_loss': 0.1085, 'train_acc': 0.9344, 'task_loss': (0.0159, 0.0926)}
{'epoch': 66, 'train_loss': 0.1215, 'train_acc': 0.93, 'task_loss': (0.0231, 0.0983)}
{'epoch': 67, 'train_loss': 0.094, 'train_acc': 0.9362, 'task_loss': (0.0134, 0.0806)}
{'epoch': 68, 'train_loss': 0.1025, 'train_acc': 0.9362, 'task_loss': (0.017, 0.0855)}
{'epoch': 69, 'train_loss': 0.0984, 'train_acc': 0.9394, 'task_loss': (0.0114, 0.087)}
{'epoch': 70, 'train_loss': 0.1005, 'train_acc': 0.9375, 'task_loss': (0.0211, 0.0793)}
{'epoch': 71, 'train_loss': 0.1036, 'train_acc': 0.9256, 'task_loss': (0.0102, 0.0934)}
{'epoch': 72, 'train_loss': 0.1033, 'train_acc': 0.9281, 'task_loss': (0.0166, 0.0866)}
{'epoch': 73, 'train_loss': 0.0956, 'train_acc': 0.9388, 'task_loss': (0.0109, 0.0847)}
{'epoch': 74, 'train_loss': 0.1025, 'train_acc': 0.9312, 'task_loss': (0.0236, 0.0789)}
{'epoch': 75, 'train_loss': 0.0978, 'train_acc': 0.9294, 'task_loss': (0.0088, 0.0889)}
{'epoch': 76, 'train_loss': 0.0982, 'train_acc': 0.9344, 'task_loss': (0.0158, 0.0824)}
{'epoch': 77, 'train_loss': 0.0859, 'train_acc': 0.9469, 'task_loss': (0.0125, 0.0734)}
{'epoch': 78, 'train_loss': 0.0937, 'train_acc': 0.9431, 'task_loss': (0.0108, 0.0829)}
{'epoch': 79, 'train_loss': 0.0846, 'train_acc': 0.9406, 'task_loss': (0.0073, 0.0772)}
{'epoch': 80, 'train_loss': 0.0834, 'train_acc': 0.9438, 'task_loss': (0.0113, 0.0722)}
{'epoch': 81, 'train_loss': 0.0893, 'train_acc': 0.9456, 'task_loss': (0.0135, 0.0757)}
{'epoch': 82, 'train_loss': 0.1071, 'train_acc': 0.9331, 'task_loss': (0.0189, 0.0882)}
{'epoch': 83, 'train_loss': 0.097, 'train_acc': 0.9412, 'task_loss': (0.0141, 0.0829)}
{'epoch': 84, 'train_loss': 0.0763, 'train_acc': 0.9469, 'task_loss': (0.007, 0.0692)}
{'epoch': 85, 'train_loss': 0.0879, 'train_acc': 0.9394, 'task_loss': (0.0112, 0.0767)}
{'epoch': 86, 'train_loss': 0.0822, 'train_acc': 0.9438, 'task_loss': (0.0068, 0.0754)}
{'epoch': 87, 'train_loss': 0.1013, 'train_acc': 0.9375, 'task_loss': (0.0263, 0.075)}
{'epoch': 88, 'train_loss': 0.0941, 'train_acc': 0.9444, 'task_loss': (0.0184, 0.0757)}
{'epoch': 89, 'train_loss': 0.0753, 'train_acc': 0.9538, 'task_loss': (0.0062, 0.0691)}
{'epoch': 90, 'train_loss': 0.0924, 'train_acc': 0.9406, 'task_loss': (0.0198, 0.0726)}
{'epoch': 91, 'train_loss': 0.0903, 'train_acc': 0.9431, 'task_loss': (0.0129, 0.0774)}
{'epoch': 92, 'train_loss': 0.0718, 'train_acc': 0.9562, 'task_loss': (0.007, 0.0648)}
{'epoch': 93, 'train_loss': 0.0925, 'train_acc': 0.9394, 'task_loss': (0.014, 0.0785)}
{'epoch': 94, 'train_loss': 0.0782, 'train_acc': 0.9481, 'task_loss': (0.0086, 0.0696)}
{'epoch': 95, 'train_loss': 0.0841, 'train_acc': 0.945, 'task_loss': (0.0102, 0.0739)}
{'epoch': 96, 'train_loss': 0.0783, 'train_acc': 0.9488, 'task_loss': (0.0093, 0.069)}
{'epoch': 97, 'train_loss': 0.0775, 'train_acc': 0.9494, 'task_loss': (0.0067, 0.0708)}
{'epoch': 98, 'train_loss': 0.0779, 'train_acc': 0.9488, 'task_loss': (0.0062, 0.0717)}
{'epoch': 99, 'train_loss': 0.0903, 'train_acc': 0.9462, 'task_loss': (0.0144, 0.0759)}
{'epoch': 100, 'train_loss': 0.0884, 'train_acc': 0.945, 'task_loss': (0.014, 0.0744)}
{'run_num': 3, 'final_test_err': 0.10850000000000004}
Files already downloaded and verified
Files already downloaded and verified
{'epoch': 1, 'train_loss': 1.4427, 'train_acc': 0.6281, 'task_loss': (0.8328, 0.6099)}
{'epoch': 2, 'train_loss': 0.7153, 'train_acc': 0.6756, 'task_loss': (0.3126, 0.4026)}
{'epoch': 3, 'train_loss': 0.6329, 'train_acc': 0.6912, 'task_loss': (0.2833, 0.3496)}
{'epoch': 4, 'train_loss': 0.6638, 'train_acc': 0.6975, 'task_loss': (0.3189, 0.3449)}
{'epoch': 5, 'train_loss': 0.5265, 'train_acc': 0.7556, 'task_loss': (0.2522, 0.2743)}
{'epoch': 6, 'train_loss': 0.5135, 'train_acc': 0.7462, 'task_loss': (0.2557, 0.2578)}
{'epoch': 7, 'train_loss': 0.4655, 'train_acc': 0.7469, 'task_loss': (0.2056, 0.2599)}
{'epoch': 8, 'train_loss': 0.4133, 'train_acc': 0.7962, 'task_loss': (0.1881, 0.2253)}
{'epoch': 9, 'train_loss': 0.4149, 'train_acc': 0.8012, 'task_loss': (0.1838, 0.2311)}
{'epoch': 10, 'train_loss': 0.4062, 'train_acc': 0.7912, 'task_loss': (0.1809, 0.2253)}
{'epoch': 11, 'train_loss': 0.3546, 'train_acc': 0.8112, 'task_loss': (0.1408, 0.2137)}
{'epoch': 12, 'train_loss': 0.397, 'train_acc': 0.7919, 'task_loss': (0.1639, 0.2332)}
{'epoch': 13, 'train_loss': 0.3656, 'train_acc': 0.8112, 'task_loss': (0.1497, 0.2158)}
{'epoch': 14, 'train_loss': 0.4257, 'train_acc': 0.7881, 'task_loss': (0.1981, 0.2277)}
{'epoch': 15, 'train_loss': 0.3158, 'train_acc': 0.8119, 'task_loss': (0.1106, 0.2052)}
{'epoch': 16, 'train_loss': 0.3199, 'train_acc': 0.8325, 'task_loss': (0.1131, 0.2068)}
{'epoch': 17, 'train_loss': 0.3646, 'train_acc': 0.8238, 'task_loss': (0.1595, 0.2052)}
{'epoch': 18, 'train_loss': 0.3234, 'train_acc': 0.8356, 'task_loss': (0.128, 0.1954)}
{'epoch': 19, 'train_loss': 0.3197, 'train_acc': 0.82, 'task_loss': (0.1163, 0.2034)}
{'epoch': 20, 'train_loss': 0.2713, 'train_acc': 0.8456, 'task_loss': (0.0907, 0.1806)}
{'epoch': 21, 'train_loss': 0.3159, 'train_acc': 0.82, 'task_loss': (0.1145, 0.2015)}
{'epoch': 22, 'train_loss': 0.2899, 'train_acc': 0.835, 'task_loss': (0.0972, 0.1926)}
{'epoch': 23, 'train_loss': 0.2948, 'train_acc': 0.8406, 'task_loss': (0.1089, 0.186)}
{'epoch': 24, 'train_loss': 0.261, 'train_acc': 0.8531, 'task_loss': (0.0768, 0.1842)}
{'epoch': 25, 'train_loss': 0.2811, 'train_acc': 0.8475, 'task_loss': (0.0898, 0.1913)}
{'epoch': 26, 'train_loss': 0.2637, 'train_acc': 0.8656, 'task_loss': (0.0912, 0.1725)}
{'epoch': 27, 'train_loss': 0.2854, 'train_acc': 0.8419, 'task_loss': (0.0999, 0.1855)}
{'epoch': 28, 'train_loss': 0.2623, 'train_acc': 0.8494, 'task_loss': (0.084, 0.1782)}
{'epoch': 29, 'train_loss': 0.2436, 'train_acc': 0.8588, 'task_loss': (0.0623, 0.1813)}
{'epoch': 30, 'train_loss': 0.2592, 'train_acc': 0.8606, 'task_loss': (0.0893, 0.1699)}
{'epoch': 31, 'train_loss': 0.2586, 'train_acc': 0.8694, 'task_loss': (0.0948, 0.1638)}
{'epoch': 32, 'train_loss': 0.2306, 'train_acc': 0.8625, 'task_loss': (0.0586, 0.1721)}
{'epoch': 33, 'train_loss': 0.2114, 'train_acc': 0.8756, 'task_loss': (0.0535, 0.1579)}
{'epoch': 34, 'train_loss': 0.1902, 'train_acc': 0.8838, 'task_loss': (0.0386, 0.1516)}
{'epoch': 35, 'train_loss': 0.206, 'train_acc': 0.8825, 'task_loss': (0.0617, 0.1443)}
{'epoch': 36, 'train_loss': 0.2356, 'train_acc': 0.8706, 'task_loss': (0.0613, 0.1743)}
{'epoch': 37, 'train_loss': 0.2274, 'train_acc': 0.8775, 'task_loss': (0.0762, 0.1512)}
{'epoch': 38, 'train_loss': 0.2239, 'train_acc': 0.8669, 'task_loss': (0.0674, 0.1565)}
{'epoch': 39, 'train_loss': 0.167, 'train_acc': 0.9012, 'task_loss': (0.0372, 0.1298)}
{'epoch': 40, 'train_loss': 0.1768, 'train_acc': 0.8812, 'task_loss': (0.0283, 0.1485)}
{'epoch': 41, 'train_loss': 0.1758, 'train_acc': 0.9031, 'task_loss': (0.0453, 0.1305)}
{'epoch': 42, 'train_loss': 0.208, 'train_acc': 0.8756, 'task_loss': (0.0493, 0.1587)}
{'epoch': 43, 'train_loss': 0.2068, 'train_acc': 0.8794, 'task_loss': (0.0554, 0.1514)}
{'epoch': 44, 'train_loss': 0.2086, 'train_acc': 0.8788, 'task_loss': (0.0522, 0.1564)}
{'epoch': 45, 'train_loss': 0.1602, 'train_acc': 0.8944, 'task_loss': (0.0301, 0.1301)}
{'epoch': 46, 'train_loss': 0.1713, 'train_acc': 0.9006, 'task_loss': (0.0487, 0.1226)}
{'epoch': 47, 'train_loss': 0.1985, 'train_acc': 0.8931, 'task_loss': (0.069, 0.1295)}
{'epoch': 48, 'train_loss': 0.1502, 'train_acc': 0.8962, 'task_loss': (0.0211, 0.1291)}
{'epoch': 49, 'train_loss': 0.1602, 'train_acc': 0.8981, 'task_loss': (0.0316, 0.1286)}
{'epoch': 50, 'train_loss': 0.1401, 'train_acc': 0.9081, 'task_loss': (0.0181, 0.122)}
{'epoch': 51, 'train_loss': 0.136, 'train_acc': 0.9131, 'task_loss': (0.0201, 0.1159)}
{'epoch': 52, 'train_loss': 0.1375, 'train_acc': 0.9075, 'task_loss': (0.0234, 0.1141)}
{'epoch': 53, 'train_loss': 0.1435, 'train_acc': 0.8962, 'task_loss': (0.0211, 0.1224)}
{'epoch': 54, 'train_loss': 0.1347, 'train_acc': 0.925, 'task_loss': (0.03, 0.1046)}
{'epoch': 55, 'train_loss': 0.1372, 'train_acc': 0.91, 'task_loss': (0.021, 0.1161)}
{'epoch': 56, 'train_loss': 0.1451, 'train_acc': 0.9106, 'task_loss': (0.0276, 0.1175)}
{'epoch': 57, 'train_loss': 0.11, 'train_acc': 0.9294, 'task_loss': (0.0156, 0.0944)}
{'epoch': 58, 'train_loss': 0.1275, 'train_acc': 0.9188, 'task_loss': (0.0274, 0.1001)}
{'epoch': 59, 'train_loss': 0.1552, 'train_acc': 0.915, 'task_loss': (0.0374, 0.1177)}
{'epoch': 60, 'train_loss': 0.1269, 'train_acc': 0.9225, 'task_loss': (0.0209, 0.106)}
{'epoch': 61, 'train_loss': 0.121, 'train_acc': 0.9306, 'task_loss': (0.025, 0.096)}
{'epoch': 62, 'train_loss': 0.1148, 'train_acc': 0.9275, 'task_loss': (0.021, 0.0938)}
{'epoch': 63, 'train_loss': 0.1417, 'train_acc': 0.9181, 'task_loss': (0.0333, 0.1084)}
{'epoch': 64, 'train_loss': 0.1165, 'train_acc': 0.9175, 'task_loss': (0.0164, 0.1001)}
{'epoch': 65, 'train_loss': 0.0986, 'train_acc': 0.9338, 'task_loss': (0.0114, 0.0872)}
{'epoch': 66, 'train_loss': 0.098, 'train_acc': 0.93, 'task_loss': (0.0081, 0.0899)}
{'epoch': 67, 'train_loss': 0.1016, 'train_acc': 0.9338, 'task_loss': (0.0169, 0.0847)}
{'epoch': 68, 'train_loss': 0.1166, 'train_acc': 0.9269, 'task_loss': (0.0175, 0.099)}
{'epoch': 69, 'train_loss': 0.1165, 'train_acc': 0.9244, 'task_loss': (0.0219, 0.0947)}
{'epoch': 70, 'train_loss': 0.1093, 'train_acc': 0.9256, 'task_loss': (0.0114, 0.0979)}
{'epoch': 71, 'train_loss': 0.0963, 'train_acc': 0.9381, 'task_loss': (0.0119, 0.0844)}
{'epoch': 72, 'train_loss': 0.1028, 'train_acc': 0.935, 'task_loss': (0.0154, 0.0874)}
{'epoch': 73, 'train_loss': 0.0834, 'train_acc': 0.9406, 'task_loss': (0.0073, 0.076)}
{'epoch': 74, 'train_loss': 0.0949, 'train_acc': 0.9344, 'task_loss': (0.0163, 0.0786)}
{'epoch': 75, 'train_loss': 0.0883, 'train_acc': 0.9431, 'task_loss': (0.0094, 0.0789)}
{'epoch': 76, 'train_loss': 0.0938, 'train_acc': 0.94, 'task_loss': (0.0118, 0.082)}
{'epoch': 77, 'train_loss': 0.1046, 'train_acc': 0.9394, 'task_loss': (0.0184, 0.0862)}
{'epoch': 78, 'train_loss': 0.0836, 'train_acc': 0.9375, 'task_loss': (0.0104, 0.0732)}
{'epoch': 79, 'train_loss': 0.0788, 'train_acc': 0.9481, 'task_loss': (0.0097, 0.0691)}
{'epoch': 80, 'train_loss': 0.0829, 'train_acc': 0.9481, 'task_loss': (0.0096, 0.0733)}
{'epoch': 81, 'train_loss': 0.0902, 'train_acc': 0.9431, 'task_loss': (0.0126, 0.0776)}
{'epoch': 82, 'train_loss': 0.0816, 'train_acc': 0.9469, 'task_loss': (0.0106, 0.071)}
{'epoch': 83, 'train_loss': 0.0799, 'train_acc': 0.9456, 'task_loss': (0.0076, 0.0723)}
{'epoch': 84, 'train_loss': 0.092, 'train_acc': 0.9388, 'task_loss': (0.01, 0.082)}
{'epoch': 85, 'train_loss': 0.0946, 'train_acc': 0.9394, 'task_loss': (0.017, 0.0776)}
{'epoch': 86, 'train_loss': 0.0952, 'train_acc': 0.9369, 'task_loss': (0.0058, 0.0893)}
{'epoch': 87, 'train_loss': 0.0694, 'train_acc': 0.9531, 'task_loss': (0.006, 0.0634)}
{'epoch': 88, 'train_loss': 0.0874, 'train_acc': 0.9469, 'task_loss': (0.0141, 0.0732)}
{'epoch': 89, 'train_loss': 0.0741, 'train_acc': 0.9481, 'task_loss': (0.0044, 0.0697)}
{'epoch': 90, 'train_loss': 0.0829, 'train_acc': 0.9444, 'task_loss': (0.0105, 0.0724)}
{'epoch': 91, 'train_loss': 0.0792, 'train_acc': 0.9512, 'task_loss': (0.0084, 0.0708)}
{'epoch': 92, 'train_loss': 0.0846, 'train_acc': 0.9481, 'task_loss': (0.0151, 0.0694)}
{'epoch': 93, 'train_loss': 0.0894, 'train_acc': 0.9431, 'task_loss': (0.0138, 0.0757)}
{'epoch': 94, 'train_loss': 0.0867, 'train_acc': 0.9394, 'task_loss': (0.0103, 0.0763)}
{'epoch': 95, 'train_loss': 0.0809, 'train_acc': 0.9475, 'task_loss': (0.0089, 0.0721)}
{'epoch': 96, 'train_loss': 0.0802, 'train_acc': 0.9531, 'task_loss': (0.011, 0.0692)}
{'epoch': 97, 'train_loss': 0.0821, 'train_acc': 0.9431, 'task_loss': (0.0085, 0.0736)}
{'epoch': 98, 'train_loss': 0.0769, 'train_acc': 0.9562, 'task_loss': (0.0099, 0.0671)}
{'epoch': 99, 'train_loss': 0.0826, 'train_acc': 0.945, 'task_loss': (0.0078, 0.0748)}
{'epoch': 100, 'train_loss': 0.0948, 'train_acc': 0.935, 'task_loss': (0.0158, 0.0791)}
{'run_num': 4, 'final_test_err': 0.10924999999999996}
Files already downloaded and verified
Files already downloaded and verified
{'epoch': 1, 'train_loss': 1.3539, 'train_acc': 0.6275, 'task_loss': (0.7296, 0.6243)}
{'epoch': 2, 'train_loss': 1.0284, 'train_acc': 0.6637, 'task_loss': (0.5305, 0.4978)}
{'epoch': 3, 'train_loss': 0.6459, 'train_acc': 0.6844, 'task_loss': (0.296, 0.3498)}
{'epoch': 4, 'train_loss': 0.5539, 'train_acc': 0.7312, 'task_loss': (0.2486, 0.3053)}
{'epoch': 5, 'train_loss': 0.5026, 'train_acc': 0.7475, 'task_loss': (0.2203, 0.2823)}
{'epoch': 6, 'train_loss': 0.4786, 'train_acc': 0.765, 'task_loss': (0.2175, 0.2611)}
{'epoch': 7, 'train_loss': 0.4276, 'train_acc': 0.7581, 'task_loss': (0.1797, 0.2479)}
{'epoch': 8, 'train_loss': 0.4335, 'train_acc': 0.7981, 'task_loss': (0.2029, 0.2306)}
{'epoch': 9, 'train_loss': 0.3886, 'train_acc': 0.795, 'task_loss': (0.1601, 0.2285)}
{'epoch': 10, 'train_loss': 0.3798, 'train_acc': 0.7844, 'task_loss': (0.1439, 0.2358)}
{'epoch': 11, 'train_loss': 0.3606, 'train_acc': 0.8169, 'task_loss': (0.1465, 0.214)}
{'epoch': 12, 'train_loss': 0.3746, 'train_acc': 0.7887, 'task_loss': (0.1425, 0.232)}
{'epoch': 13, 'train_loss': 0.3832, 'train_acc': 0.7969, 'task_loss': (0.1565, 0.2267)}
{'epoch': 14, 'train_loss': 0.2996, 'train_acc': 0.8219, 'task_loss': (0.0853, 0.2143)}
{'epoch': 15, 'train_loss': 0.3569, 'train_acc': 0.8044, 'task_loss': (0.136, 0.2209)}
{'epoch': 16, 'train_loss': 0.3136, 'train_acc': 0.8119, 'task_loss': (0.0982, 0.2154)}
{'epoch': 17, 'train_loss': 0.3553, 'train_acc': 0.8106, 'task_loss': (0.1416, 0.2136)}
{'epoch': 18, 'train_loss': 0.3185, 'train_acc': 0.8319, 'task_loss': (0.1116, 0.2069)}
{'epoch': 19, 'train_loss': 0.3284, 'train_acc': 0.8262, 'task_loss': (0.1275, 0.2009)}
{'epoch': 20, 'train_loss': 0.3047, 'train_acc': 0.8312, 'task_loss': (0.1074, 0.1973)}
{'epoch': 21, 'train_loss': 0.2901, 'train_acc': 0.8388, 'task_loss': (0.0973, 0.1928)}
{'epoch': 22, 'train_loss': 0.2714, 'train_acc': 0.8431, 'task_loss': (0.0812, 0.1902)}
{'epoch': 23, 'train_loss': 0.2947, 'train_acc': 0.8388, 'task_loss': (0.1032, 0.1915)}
{'epoch': 24, 'train_loss': 0.2662, 'train_acc': 0.8394, 'task_loss': (0.0778, 0.1884)}
{'epoch': 25, 'train_loss': 0.2788, 'train_acc': 0.8325, 'task_loss': (0.0785, 0.2003)}
{'epoch': 26, 'train_loss': 0.2607, 'train_acc': 0.8375, 'task_loss': (0.0747, 0.186)}
{'epoch': 27, 'train_loss': 0.2431, 'train_acc': 0.8562, 'task_loss': (0.0612, 0.1819)}
{'epoch': 28, 'train_loss': 0.2205, 'train_acc': 0.8769, 'task_loss': (0.0493, 0.1711)}
{'epoch': 29, 'train_loss': 0.2556, 'train_acc': 0.8494, 'task_loss': (0.0699, 0.1857)}
{'epoch': 30, 'train_loss': 0.2281, 'train_acc': 0.86, 'task_loss': (0.0556, 0.1725)}
{'epoch': 31, 'train_loss': 0.2209, 'train_acc': 0.8775, 'task_loss': (0.0557, 0.1652)}
{'epoch': 32, 'train_loss': 0.2393, 'train_acc': 0.8706, 'task_loss': (0.0679, 0.1714)}
{'epoch': 33, 'train_loss': 0.2276, 'train_acc': 0.8625, 'task_loss': (0.0586, 0.169)}
{'epoch': 34, 'train_loss': 0.2183, 'train_acc': 0.8712, 'task_loss': (0.0565, 0.1618)}
{'epoch': 35, 'train_loss': 0.1899, 'train_acc': 0.8881, 'task_loss': (0.0403, 0.1497)}
{'epoch': 36, 'train_loss': 0.2152, 'train_acc': 0.8681, 'task_loss': (0.0544, 0.1608)}
{'epoch': 37, 'train_loss': 0.2048, 'train_acc': 0.8794, 'task_loss': (0.0531, 0.1517)}
{'epoch': 38, 'train_loss': 0.1816, 'train_acc': 0.8931, 'task_loss': (0.0402, 0.1415)}
{'epoch': 39, 'train_loss': 0.1959, 'train_acc': 0.87, 'task_loss': (0.0364, 0.1595)}
{'epoch': 40, 'train_loss': 0.1732, 'train_acc': 0.8962, 'task_loss': (0.0378, 0.1354)}
{'epoch': 41, 'train_loss': 0.225, 'train_acc': 0.875, 'task_loss': (0.0633, 0.1617)}
{'epoch': 42, 'train_loss': 0.1788, 'train_acc': 0.8812, 'task_loss': (0.0344, 0.1443)}
{'epoch': 43, 'train_loss': 0.1581, 'train_acc': 0.9031, 'task_loss': (0.0256, 0.1325)}
{'epoch': 44, 'train_loss': 0.1674, 'train_acc': 0.9025, 'task_loss': (0.0368, 0.1306)}
{'epoch': 45, 'train_loss': 0.1876, 'train_acc': 0.885, 'task_loss': (0.0474, 0.1402)}
{'epoch': 46, 'train_loss': 0.1819, 'train_acc': 0.8938, 'task_loss': (0.037, 0.1449)}
{'epoch': 47, 'train_loss': 0.1656, 'train_acc': 0.895, 'task_loss': (0.029, 0.1367)}
{'epoch': 48, 'train_loss': 0.1705, 'train_acc': 0.8988, 'task_loss': (0.0396, 0.1309)}
{'epoch': 49, 'train_loss': 0.1629, 'train_acc': 0.9019, 'task_loss': (0.0358, 0.1271)}
{'epoch': 50, 'train_loss': 0.14, 'train_acc': 0.9075, 'task_loss': (0.021, 0.119)}
{'epoch': 51, 'train_loss': 0.1547, 'train_acc': 0.905, 'task_loss': (0.0396, 0.1151)}
{'epoch': 52, 'train_loss': 0.1389, 'train_acc': 0.9056, 'task_loss': (0.0179, 0.121)}
{'epoch': 53, 'train_loss': 0.1424, 'train_acc': 0.9188, 'task_loss': (0.0244, 0.118)}
{'epoch': 54, 'train_loss': 0.1279, 'train_acc': 0.9156, 'task_loss': (0.014, 0.1139)}
{'epoch': 55, 'train_loss': 0.127, 'train_acc': 0.9156, 'task_loss': (0.0161, 0.111)}
{'epoch': 56, 'train_loss': 0.1257, 'train_acc': 0.9294, 'task_loss': (0.0213, 0.1044)}
{'epoch': 57, 'train_loss': 0.1331, 'train_acc': 0.9206, 'task_loss': (0.032, 0.1011)}
{'epoch': 58, 'train_loss': 0.1173, 'train_acc': 0.9188, 'task_loss': (0.0188, 0.0985)}
{'epoch': 59, 'train_loss': 0.1205, 'train_acc': 0.9319, 'task_loss': (0.0287, 0.0918)}
{'epoch': 60, 'train_loss': 0.1262, 'train_acc': 0.9244, 'task_loss': (0.0241, 0.1021)}
{'epoch': 61, 'train_loss': 0.1136, 'train_acc': 0.9281, 'task_loss': (0.0192, 0.0944)}
{'epoch': 62, 'train_loss': 0.1334, 'train_acc': 0.9194, 'task_loss': (0.0271, 0.1063)}
{'epoch': 63, 'train_loss': 0.1214, 'train_acc': 0.9288, 'task_loss': (0.0192, 0.1022)}
{'epoch': 64, 'train_loss': 0.1132, 'train_acc': 0.9275, 'task_loss': (0.0162, 0.097)}
{'epoch': 65, 'train_loss': 0.11, 'train_acc': 0.9269, 'task_loss': (0.0184, 0.0915)}
{'epoch': 66, 'train_loss': 0.1136, 'train_acc': 0.93, 'task_loss': (0.0188, 0.0948)}
{'epoch': 67, 'train_loss': 0.1023, 'train_acc': 0.935, 'task_loss': (0.0121, 0.0902)}
{'epoch': 68, 'train_loss': 0.0995, 'train_acc': 0.9394, 'task_loss': (0.0169, 0.0825)}
{'epoch': 69, 'train_loss': 0.1093, 'train_acc': 0.9256, 'task_loss': (0.015, 0.0943)}
{'epoch': 70, 'train_loss': 0.1216, 'train_acc': 0.9269, 'task_loss': (0.0284, 0.0933)}
{'epoch': 71, 'train_loss': 0.1255, 'train_acc': 0.9331, 'task_loss': (0.0319, 0.0937)}
{'epoch': 72, 'train_loss': 0.1109, 'train_acc': 0.9238, 'task_loss': (0.0153, 0.0956)}
{'epoch': 73, 'train_loss': 0.0774, 'train_acc': 0.9475, 'task_loss': (0.007, 0.0704)}
{'epoch': 74, 'train_loss': 0.1003, 'train_acc': 0.9394, 'task_loss': (0.0164, 0.0839)}
{'epoch': 75, 'train_loss': 0.0929, 'train_acc': 0.9412, 'task_loss': (0.0132, 0.0796)}
{'epoch': 76, 'train_loss': 0.099, 'train_acc': 0.9344, 'task_loss': (0.0119, 0.0872)}
{'epoch': 77, 'train_loss': 0.1005, 'train_acc': 0.9306, 'task_loss': (0.0187, 0.0818)}
{'epoch': 78, 'train_loss': 0.1074, 'train_acc': 0.9412, 'task_loss': (0.0265, 0.0809)}
{'epoch': 79, 'train_loss': 0.0849, 'train_acc': 0.9444, 'task_loss': (0.009, 0.0759)}
{'epoch': 80, 'train_loss': 0.099, 'train_acc': 0.9394, 'task_loss': (0.01, 0.089)}
{'epoch': 81, 'train_loss': 0.0912, 'train_acc': 0.9469, 'task_loss': (0.0138, 0.0775)}
{'epoch': 82, 'train_loss': 0.0857, 'train_acc': 0.9444, 'task_loss': (0.009, 0.0767)}
{'epoch': 83, 'train_loss': 0.0775, 'train_acc': 0.9481, 'task_loss': (0.0066, 0.0709)}
{'epoch': 84, 'train_loss': 0.0923, 'train_acc': 0.95, 'task_loss': (0.0225, 0.0698)}
{'epoch': 85, 'train_loss': 0.0992, 'train_acc': 0.9506, 'task_loss': (0.0292, 0.07)}
{'epoch': 86, 'train_loss': 0.0841, 'train_acc': 0.9431, 'task_loss': (0.0112, 0.0729)}
{'epoch': 87, 'train_loss': 0.0785, 'train_acc': 0.9494, 'task_loss': (0.0064, 0.0721)}
{'epoch': 88, 'train_loss': 0.0807, 'train_acc': 0.9412, 'task_loss': (0.006, 0.0748)}
{'epoch': 89, 'train_loss': 0.0827, 'train_acc': 0.9475, 'task_loss': (0.0106, 0.0721)}
{'epoch': 90, 'train_loss': 0.0825, 'train_acc': 0.945, 'task_loss': (0.0102, 0.0723)}
{'epoch': 91, 'train_loss': 0.078, 'train_acc': 0.9488, 'task_loss': (0.0065, 0.0715)}
{'epoch': 92, 'train_loss': 0.0803, 'train_acc': 0.9462, 'task_loss': (0.0049, 0.0753)}
{'epoch': 93, 'train_loss': 0.0778, 'train_acc': 0.9438, 'task_loss': (0.0075, 0.0704)}
{'epoch': 94, 'train_loss': 0.0755, 'train_acc': 0.9525, 'task_loss': (0.0089, 0.0666)}
{'epoch': 95, 'train_loss': 0.0873, 'train_acc': 0.9481, 'task_loss': (0.0119, 0.0754)}
{'epoch': 96, 'train_loss': 0.0809, 'train_acc': 0.9438, 'task_loss': (0.0099, 0.0709)}
{'epoch': 97, 'train_loss': 0.0803, 'train_acc': 0.9544, 'task_loss': (0.0123, 0.0679)}
{'epoch': 98, 'train_loss': 0.0807, 'train_acc': 0.9431, 'task_loss': (0.0116, 0.0691)}
{'epoch': 99, 'train_loss': 0.0798, 'train_acc': 0.9512, 'task_loss': (0.0111, 0.0687)}
{'epoch': 100, 'train_loss': 0.0814, 'train_acc': 0.9444, 'task_loss': (0.011, 0.0704)}
{'run_num': 5, 'final_test_err': 0.10824999999999996}
Files already downloaded and verified
Files already downloaded and verified
{'epoch': 1, 'train_loss': 1.4692, 'train_acc': 0.6319, 'task_loss': (0.7847, 0.6844)}
{'epoch': 2, 'train_loss': 0.8563, 'train_acc': 0.6575, 'task_loss': (0.4162, 0.4401)}
{'epoch': 3, 'train_loss': 0.5967, 'train_acc': 0.7081, 'task_loss': (0.2357, 0.361)}
{'epoch': 4, 'train_loss': 0.5606, 'train_acc': 0.735, 'task_loss': (0.2481, 0.3124)}
{'epoch': 5, 'train_loss': 0.4712, 'train_acc': 0.74, 'task_loss': (0.2009, 0.2703)}
{'epoch': 6, 'train_loss': 0.4549, 'train_acc': 0.76, 'task_loss': (0.2026, 0.2523)}
{'epoch': 7, 'train_loss': 0.4261, 'train_acc': 0.77, 'task_loss': (0.1708, 0.2553)}
{'epoch': 8, 'train_loss': 0.4476, 'train_acc': 0.7756, 'task_loss': (0.2015, 0.2461)}
{'epoch': 9, 'train_loss': 0.3864, 'train_acc': 0.7894, 'task_loss': (0.1484, 0.238)}
{'epoch': 10, 'train_loss': 0.3627, 'train_acc': 0.8031, 'task_loss': (0.1399, 0.2229)}
{'epoch': 11, 'train_loss': 0.3892, 'train_acc': 0.7831, 'task_loss': (0.1431, 0.2462)}
{'epoch': 12, 'train_loss': 0.3747, 'train_acc': 0.8062, 'task_loss': (0.1514, 0.2233)}
{'epoch': 13, 'train_loss': 0.3655, 'train_acc': 0.7981, 'task_loss': (0.1474, 0.2181)}
{'epoch': 14, 'train_loss': 0.2981, 'train_acc': 0.8331, 'task_loss': (0.0996, 0.1986)}
{'epoch': 15, 'train_loss': 0.3518, 'train_acc': 0.8112, 'task_loss': (0.1232, 0.2286)}
{'epoch': 16, 'train_loss': 0.3002, 'train_acc': 0.8212, 'task_loss': (0.0876, 0.2126)}
{'epoch': 17, 'train_loss': 0.2985, 'train_acc': 0.8244, 'task_loss': (0.089, 0.2095)}
{'epoch': 18, 'train_loss': 0.3748, 'train_acc': 0.8188, 'task_loss': (0.171, 0.2039)}
{'epoch': 19, 'train_loss': 0.3079, 'train_acc': 0.8356, 'task_loss': (0.1103, 0.1976)}
{'epoch': 20, 'train_loss': 0.3133, 'train_acc': 0.8244, 'task_loss': (0.113, 0.2003)}
{'epoch': 21, 'train_loss': 0.2499, 'train_acc': 0.8381, 'task_loss': (0.0627, 0.1873)}
{'epoch': 22, 'train_loss': 0.2614, 'train_acc': 0.8375, 'task_loss': (0.0692, 0.1922)}
{'epoch': 23, 'train_loss': 0.2772, 'train_acc': 0.8456, 'task_loss': (0.0896, 0.1876)}
{'epoch': 24, 'train_loss': 0.2448, 'train_acc': 0.8475, 'task_loss': (0.071, 0.1738)}
{'epoch': 25, 'train_loss': 0.2709, 'train_acc': 0.8394, 'task_loss': (0.0931, 0.1777)}
{'epoch': 26, 'train_loss': 0.2925, 'train_acc': 0.85, 'task_loss': (0.106, 0.1865)}
{'epoch': 27, 'train_loss': 0.2585, 'train_acc': 0.8544, 'task_loss': (0.08, 0.1786)}
{'epoch': 28, 'train_loss': 0.2409, 'train_acc': 0.8575, 'task_loss': (0.0628, 0.1781)}
{'epoch': 29, 'train_loss': 0.2506, 'train_acc': 0.8525, 'task_loss': (0.0747, 0.1758)}
{'epoch': 30, 'train_loss': 0.2536, 'train_acc': 0.8712, 'task_loss': (0.0929, 0.1607)}
{'epoch': 31, 'train_loss': 0.2643, 'train_acc': 0.8456, 'task_loss': (0.083, 0.1812)}
{'epoch': 32, 'train_loss': 0.2163, 'train_acc': 0.8606, 'task_loss': (0.046, 0.1702)}
{'epoch': 33, 'train_loss': 0.2328, 'train_acc': 0.8712, 'task_loss': (0.0666, 0.1662)}
{'epoch': 34, 'train_loss': 0.2144, 'train_acc': 0.8725, 'task_loss': (0.0615, 0.1528)}
{'epoch': 35, 'train_loss': 0.216, 'train_acc': 0.8738, 'task_loss': (0.047, 0.1691)}
{'epoch': 36, 'train_loss': 0.1889, 'train_acc': 0.8838, 'task_loss': (0.0464, 0.1425)}
{'epoch': 37, 'train_loss': 0.1613, 'train_acc': 0.8869, 'task_loss': (0.0196, 0.1418)}
{'epoch': 38, 'train_loss': 0.1846, 'train_acc': 0.8931, 'task_loss': (0.0422, 0.1424)}
{'epoch': 39, 'train_loss': 0.1995, 'train_acc': 0.8794, 'task_loss': (0.05, 0.1495)}
{'epoch': 40, 'train_loss': 0.1627, 'train_acc': 0.8925, 'task_loss': (0.0262, 0.1365)}
{'epoch': 41, 'train_loss': 0.1982, 'train_acc': 0.8894, 'task_loss': (0.0486, 0.1495)}
{'epoch': 42, 'train_loss': 0.1717, 'train_acc': 0.8869, 'task_loss': (0.034, 0.1377)}
{'epoch': 43, 'train_loss': 0.1746, 'train_acc': 0.8875, 'task_loss': (0.0327, 0.1419)}
{'epoch': 44, 'train_loss': 0.1872, 'train_acc': 0.8806, 'task_loss': (0.0421, 0.1451)}
{'epoch': 45, 'train_loss': 0.1702, 'train_acc': 0.895, 'task_loss': (0.0414, 0.1288)}
{'epoch': 46, 'train_loss': 0.1479, 'train_acc': 0.91, 'task_loss': (0.0261, 0.1218)}
{'epoch': 47, 'train_loss': 0.1518, 'train_acc': 0.9094, 'task_loss': (0.0306, 0.1212)}
{'epoch': 48, 'train_loss': 0.1672, 'train_acc': 0.9031, 'task_loss': (0.0452, 0.1221)}
{'epoch': 49, 'train_loss': 0.1632, 'train_acc': 0.9012, 'task_loss': (0.0311, 0.1321)}
{'epoch': 50, 'train_loss': 0.1335, 'train_acc': 0.9056, 'task_loss': (0.0148, 0.1187)}
{'epoch': 51, 'train_loss': 0.1257, 'train_acc': 0.92, 'task_loss': (0.0173, 0.1084)}
{'epoch': 52, 'train_loss': 0.1314, 'train_acc': 0.9094, 'task_loss': (0.018, 0.1134)}
{'epoch': 53, 'train_loss': 0.1471, 'train_acc': 0.9125, 'task_loss': (0.0378, 0.1093)}
{'epoch': 54, 'train_loss': 0.1255, 'train_acc': 0.9175, 'task_loss': (0.0229, 0.1026)}
{'epoch': 55, 'train_loss': 0.1272, 'train_acc': 0.9144, 'task_loss': (0.0216, 0.1056)}
{'epoch': 56, 'train_loss': 0.1239, 'train_acc': 0.9194, 'task_loss': (0.0128, 0.1112)}
{'epoch': 57, 'train_loss': 0.1436, 'train_acc': 0.9231, 'task_loss': (0.0327, 0.1109)}
{'epoch': 58, 'train_loss': 0.13, 'train_acc': 0.9112, 'task_loss': (0.0161, 0.1139)}
{'epoch': 59, 'train_loss': 0.1083, 'train_acc': 0.9288, 'task_loss': (0.0164, 0.0919)}
{'epoch': 60, 'train_loss': 0.1307, 'train_acc': 0.91, 'task_loss': (0.0197, 0.111)}
{'epoch': 61, 'train_loss': 0.1022, 'train_acc': 0.935, 'task_loss': (0.0131, 0.089)}
{'epoch': 62, 'train_loss': 0.1094, 'train_acc': 0.9325, 'task_loss': (0.02, 0.0894)}
{'epoch': 63, 'train_loss': 0.1045, 'train_acc': 0.9369, 'task_loss': (0.0087, 0.0958)}
{'epoch': 64, 'train_loss': 0.1178, 'train_acc': 0.9206, 'task_loss': (0.0161, 0.1017)}
{'epoch': 65, 'train_loss': 0.0912, 'train_acc': 0.935, 'task_loss': (0.0063, 0.0849)}
{'epoch': 66, 'train_loss': 0.0972, 'train_acc': 0.9331, 'task_loss': (0.0116, 0.0857)}
{'epoch': 67, 'train_loss': 0.1028, 'train_acc': 0.9281, 'task_loss': (0.0145, 0.0883)}
{'epoch': 68, 'train_loss': 0.0986, 'train_acc': 0.9338, 'task_loss': (0.0151, 0.0835)}
{'epoch': 69, 'train_loss': 0.109, 'train_acc': 0.9338, 'task_loss': (0.0183, 0.0907)}
{'epoch': 70, 'train_loss': 0.1097, 'train_acc': 0.9256, 'task_loss': (0.0182, 0.0915)}
{'epoch': 71, 'train_loss': 0.087, 'train_acc': 0.9419, 'task_loss': (0.0074, 0.0795)}
{'epoch': 72, 'train_loss': 0.1114, 'train_acc': 0.9325, 'task_loss': (0.0269, 0.0845)}
{'epoch': 73, 'train_loss': 0.0939, 'train_acc': 0.9331, 'task_loss': (0.0114, 0.0825)}
{'epoch': 74, 'train_loss': 0.0922, 'train_acc': 0.9369, 'task_loss': (0.0097, 0.0825)}
{'epoch': 75, 'train_loss': 0.0934, 'train_acc': 0.9375, 'task_loss': (0.0123, 0.081)}
{'epoch': 76, 'train_loss': 0.0862, 'train_acc': 0.9388, 'task_loss': (0.0109, 0.0753)}
{'epoch': 77, 'train_loss': 0.0896, 'train_acc': 0.94, 'task_loss': (0.0094, 0.0802)}
{'epoch': 78, 'train_loss': 0.0794, 'train_acc': 0.9475, 'task_loss': (0.0095, 0.0699)}
{'epoch': 79, 'train_loss': 0.0795, 'train_acc': 0.9412, 'task_loss': (0.0053, 0.0742)}
{'epoch': 80, 'train_loss': 0.078, 'train_acc': 0.9469, 'task_loss': (0.0048, 0.0732)}
{'epoch': 81, 'train_loss': 0.0867, 'train_acc': 0.9419, 'task_loss': (0.0084, 0.0783)}
{'epoch': 82, 'train_loss': 0.0783, 'train_acc': 0.9481, 'task_loss': (0.0075, 0.0708)}
{'epoch': 83, 'train_loss': 0.0831, 'train_acc': 0.9362, 'task_loss': (0.0056, 0.0776)}
{'epoch': 84, 'train_loss': 0.0816, 'train_acc': 0.9494, 'task_loss': (0.0084, 0.0731)}
{'epoch': 85, 'train_loss': 0.0744, 'train_acc': 0.945, 'task_loss': (0.0065, 0.068)}
{'epoch': 86, 'train_loss': 0.0831, 'train_acc': 0.9488, 'task_loss': (0.006, 0.0771)}
{'epoch': 87, 'train_loss': 0.0776, 'train_acc': 0.9481, 'task_loss': (0.0074, 0.0702)}
{'epoch': 88, 'train_loss': 0.0728, 'train_acc': 0.9506, 'task_loss': (0.0093, 0.0634)}
{'epoch': 89, 'train_loss': 0.0705, 'train_acc': 0.9606, 'task_loss': (0.0097, 0.0608)}
{'epoch': 90, 'train_loss': 0.0776, 'train_acc': 0.9475, 'task_loss': (0.0085, 0.0691)}
{'epoch': 91, 'train_loss': 0.0776, 'train_acc': 0.9469, 'task_loss': (0.0093, 0.0683)}
{'epoch': 92, 'train_loss': 0.0774, 'train_acc': 0.95, 'task_loss': (0.0075, 0.0699)}
{'epoch': 93, 'train_loss': 0.0859, 'train_acc': 0.9438, 'task_loss': (0.0075, 0.0784)}
{'epoch': 94, 'train_loss': 0.0786, 'train_acc': 0.95, 'task_loss': (0.008, 0.0706)}
{'epoch': 95, 'train_loss': 0.0859, 'train_acc': 0.9419, 'task_loss': (0.0137, 0.0722)}
{'epoch': 96, 'train_loss': 0.0745, 'train_acc': 0.9512, 'task_loss': (0.0086, 0.0659)}
{'epoch': 97, 'train_loss': 0.0782, 'train_acc': 0.9456, 'task_loss': (0.007, 0.0712)}
{'epoch': 98, 'train_loss': 0.0735, 'train_acc': 0.9456, 'task_loss': (0.0088, 0.0647)}
{'epoch': 99, 'train_loss': 0.0744, 'train_acc': 0.9506, 'task_loss': (0.0043, 0.0701)}
{'epoch': 100, 'train_loss': 0.0816, 'train_acc': 0.9506, 'task_loss': (0.0133, 0.0683)}
{'run_num': 6, 'final_test_err': 0.10499999999999998}
Files already downloaded and verified
Files already downloaded and verified
{'epoch': 1, 'train_loss': 1.2086, 'train_acc': 0.6144, 'task_loss': (0.626, 0.5826)}
{'epoch': 2, 'train_loss': 0.9325, 'train_acc': 0.6606, 'task_loss': (0.4832, 0.4493)}
{'epoch': 3, 'train_loss': 0.6714, 'train_acc': 0.7094, 'task_loss': (0.3158, 0.3556)}
{'epoch': 4, 'train_loss': 0.6234, 'train_acc': 0.72, 'task_loss': (0.3073, 0.3161)}
{'epoch': 5, 'train_loss': 0.5205, 'train_acc': 0.74, 'task_loss': (0.2424, 0.2781)}
{'epoch': 6, 'train_loss': 0.4659, 'train_acc': 0.7462, 'task_loss': (0.1902, 0.2757)}
{'epoch': 7, 'train_loss': 0.3875, 'train_acc': 0.7794, 'task_loss': (0.1452, 0.2423)}
{'epoch': 8, 'train_loss': 0.4235, 'train_acc': 0.7875, 'task_loss': (0.1792, 0.2443)}
{'epoch': 9, 'train_loss': 0.3897, 'train_acc': 0.7912, 'task_loss': (0.1503, 0.2394)}
{'epoch': 10, 'train_loss': 0.4214, 'train_acc': 0.8012, 'task_loss': (0.199, 0.2225)}
{'epoch': 11, 'train_loss': 0.3656, 'train_acc': 0.7988, 'task_loss': (0.1428, 0.2229)}
{'epoch': 12, 'train_loss': 0.4293, 'train_acc': 0.7994, 'task_loss': (0.215, 0.2143)}
{'epoch': 13, 'train_loss': 0.3234, 'train_acc': 0.8212, 'task_loss': (0.115, 0.2084)}
{'epoch': 14, 'train_loss': 0.3264, 'train_acc': 0.8219, 'task_loss': (0.1233, 0.2031)}
{'epoch': 15, 'train_loss': 0.3332, 'train_acc': 0.8106, 'task_loss': (0.1148, 0.2184)}
{'epoch': 16, 'train_loss': 0.3706, 'train_acc': 0.8075, 'task_loss': (0.1543, 0.2163)}
{'epoch': 17, 'train_loss': 0.3253, 'train_acc': 0.8138, 'task_loss': (0.1203, 0.2051)}
{'epoch': 18, 'train_loss': 0.264, 'train_acc': 0.8225, 'task_loss': (0.0647, 0.1993)}
{'epoch': 19, 'train_loss': 0.2564, 'train_acc': 0.8619, 'task_loss': (0.0775, 0.1789)}
{'epoch': 20, 'train_loss': 0.3344, 'train_acc': 0.8312, 'task_loss': (0.1438, 0.1906)}
{'epoch': 21, 'train_loss': 0.2985, 'train_acc': 0.8312, 'task_loss': (0.0951, 0.2035)}
{'epoch': 22, 'train_loss': 0.2967, 'train_acc': 0.8406, 'task_loss': (0.1096, 0.1871)}
{'epoch': 23, 'train_loss': 0.2495, 'train_acc': 0.8438, 'task_loss': (0.0588, 0.1908)}
{'epoch': 24, 'train_loss': 0.2854, 'train_acc': 0.8512, 'task_loss': (0.1021, 0.1833)}
{'epoch': 25, 'train_loss': 0.3152, 'train_acc': 0.8369, 'task_loss': (0.1269, 0.1883)}
{'epoch': 26, 'train_loss': 0.2857, 'train_acc': 0.8431, 'task_loss': (0.0964, 0.1893)}
{'epoch': 27, 'train_loss': 0.2781, 'train_acc': 0.8462, 'task_loss': (0.0873, 0.1908)}
{'epoch': 28, 'train_loss': 0.2789, 'train_acc': 0.8581, 'task_loss': (0.0996, 0.1793)}
{'epoch': 29, 'train_loss': 0.2801, 'train_acc': 0.8606, 'task_loss': (0.1147, 0.1653)}
{'epoch': 30, 'train_loss': 0.2614, 'train_acc': 0.8562, 'task_loss': (0.0806, 0.1807)}
{'epoch': 31, 'train_loss': 0.2723, 'train_acc': 0.8425, 'task_loss': (0.0827, 0.1896)}
{'epoch': 32, 'train_loss': 0.2848, 'train_acc': 0.845, 'task_loss': (0.1071, 0.1778)}
{'epoch': 33, 'train_loss': 0.2379, 'train_acc': 0.8631, 'task_loss': (0.0659, 0.172)}
{'epoch': 34, 'train_loss': 0.2338, 'train_acc': 0.8581, 'task_loss': (0.0644, 0.1694)}
{'epoch': 35, 'train_loss': 0.2101, 'train_acc': 0.8738, 'task_loss': (0.0508, 0.1592)}
{'epoch': 36, 'train_loss': 0.193, 'train_acc': 0.8806, 'task_loss': (0.045, 0.148)}
{'epoch': 37, 'train_loss': 0.196, 'train_acc': 0.8881, 'task_loss': (0.0461, 0.15)}
{'epoch': 38, 'train_loss': 0.2045, 'train_acc': 0.8656, 'task_loss': (0.0428, 0.1618)}
{'epoch': 39, 'train_loss': 0.1816, 'train_acc': 0.8825, 'task_loss': (0.03, 0.1516)}
{'epoch': 40, 'train_loss': 0.1847, 'train_acc': 0.8925, 'task_loss': (0.0502, 0.1345)}
{'epoch': 41, 'train_loss': 0.2077, 'train_acc': 0.8688, 'task_loss': (0.0532, 0.1545)}
{'epoch': 42, 'train_loss': 0.2048, 'train_acc': 0.875, 'task_loss': (0.0533, 0.1514)}
{'epoch': 43, 'train_loss': 0.1657, 'train_acc': 0.8875, 'task_loss': (0.026, 0.1397)}
{'epoch': 44, 'train_loss': 0.1572, 'train_acc': 0.9031, 'task_loss': (0.0269, 0.1303)}
{'epoch': 45, 'train_loss': 0.1736, 'train_acc': 0.8981, 'task_loss': (0.033, 0.1406)}
{'epoch': 46, 'train_loss': 0.1496, 'train_acc': 0.9088, 'task_loss': (0.0317, 0.1179)}
{'epoch': 47, 'train_loss': 0.1501, 'train_acc': 0.9012, 'task_loss': (0.0259, 0.1242)}
{'epoch': 48, 'train_loss': 0.1689, 'train_acc': 0.9138, 'task_loss': (0.0504, 0.1185)}
{'epoch': 49, 'train_loss': 0.1894, 'train_acc': 0.8925, 'task_loss': (0.0532, 0.1361)}
{'epoch': 50, 'train_loss': 0.2018, 'train_acc': 0.895, 'task_loss': (0.0619, 0.1399)}
{'epoch': 51, 'train_loss': 0.1519, 'train_acc': 0.9025, 'task_loss': (0.0248, 0.1271)}
{'epoch': 52, 'train_loss': 0.1543, 'train_acc': 0.9012, 'task_loss': (0.0335, 0.1208)}
{'epoch': 53, 'train_loss': 0.1405, 'train_acc': 0.9106, 'task_loss': (0.0304, 0.1101)}
{'epoch': 54, 'train_loss': 0.1571, 'train_acc': 0.9006, 'task_loss': (0.0336, 0.1236)}
{'epoch': 55, 'train_loss': 0.1481, 'train_acc': 0.9169, 'task_loss': (0.0388, 0.1093)}
{'epoch': 56, 'train_loss': 0.1485, 'train_acc': 0.9031, 'task_loss': (0.0236, 0.1249)}
{'epoch': 57, 'train_loss': 0.1232, 'train_acc': 0.9181, 'task_loss': (0.0126, 0.1107)}
{'epoch': 58, 'train_loss': 0.1285, 'train_acc': 0.9256, 'task_loss': (0.0223, 0.1062)}
{'epoch': 59, 'train_loss': 0.1417, 'train_acc': 0.9194, 'task_loss': (0.0402, 0.1015)}
{'epoch': 60, 'train_loss': 0.1204, 'train_acc': 0.9144, 'task_loss': (0.0203, 0.1001)}
{'epoch': 61, 'train_loss': 0.1394, 'train_acc': 0.925, 'task_loss': (0.0402, 0.0992)}
{'epoch': 62, 'train_loss': 0.1157, 'train_acc': 0.9244, 'task_loss': (0.0157, 0.0999)}
{'epoch': 63, 'train_loss': 0.1238, 'train_acc': 0.9112, 'task_loss': (0.0192, 0.1046)}
{'epoch': 64, 'train_loss': 0.1289, 'train_acc': 0.92, 'task_loss': (0.0215, 0.1074)}
{'epoch': 65, 'train_loss': 0.1104, 'train_acc': 0.925, 'task_loss': (0.0153, 0.0951)}
{'epoch': 66, 'train_loss': 0.109, 'train_acc': 0.9262, 'task_loss': (0.0156, 0.0935)}
{'epoch': 67, 'train_loss': 0.1036, 'train_acc': 0.9288, 'task_loss': (0.0081, 0.0955)}
{'epoch': 68, 'train_loss': 0.1195, 'train_acc': 0.9344, 'task_loss': (0.0263, 0.0932)}
{'epoch': 69, 'train_loss': 0.1068, 'train_acc': 0.9269, 'task_loss': (0.0155, 0.0913)}
{'epoch': 70, 'train_loss': 0.1141, 'train_acc': 0.9162, 'task_loss': (0.0107, 0.1034)}
{'epoch': 71, 'train_loss': 0.1002, 'train_acc': 0.93, 'task_loss': (0.011, 0.0893)}
{'epoch': 72, 'train_loss': 0.0947, 'train_acc': 0.9419, 'task_loss': (0.0157, 0.0789)}
{'epoch': 73, 'train_loss': 0.1228, 'train_acc': 0.9162, 'task_loss': (0.0235, 0.0993)}
{'epoch': 74, 'train_loss': 0.103, 'train_acc': 0.9319, 'task_loss': (0.0133, 0.0897)}
{'epoch': 75, 'train_loss': 0.1048, 'train_acc': 0.9269, 'task_loss': (0.0124, 0.0924)}
{'epoch': 76, 'train_loss': 0.0994, 'train_acc': 0.9325, 'task_loss': (0.0121, 0.0873)}
{'epoch': 77, 'train_loss': 0.1036, 'train_acc': 0.9394, 'task_loss': (0.0178, 0.0858)}
{'epoch': 78, 'train_loss': 0.0889, 'train_acc': 0.9406, 'task_loss': (0.0089, 0.08)}
{'epoch': 79, 'train_loss': 0.127, 'train_acc': 0.9319, 'task_loss': (0.042, 0.0849)}
{'epoch': 80, 'train_loss': 0.0911, 'train_acc': 0.9356, 'task_loss': (0.0101, 0.0809)}
{'epoch': 81, 'train_loss': 0.0898, 'train_acc': 0.9338, 'task_loss': (0.0084, 0.0814)}
{'epoch': 82, 'train_loss': 0.0907, 'train_acc': 0.9325, 'task_loss': (0.0059, 0.0848)}
{'epoch': 83, 'train_loss': 0.0871, 'train_acc': 0.9444, 'task_loss': (0.0088, 0.0783)}
{'epoch': 84, 'train_loss': 0.0838, 'train_acc': 0.9394, 'task_loss': (0.0074, 0.0764)}
{'epoch': 85, 'train_loss': 0.0896, 'train_acc': 0.9369, 'task_loss': (0.0066, 0.083)}
{'epoch': 86, 'train_loss': 0.0873, 'train_acc': 0.945, 'task_loss': (0.0112, 0.0761)}
{'epoch': 87, 'train_loss': 0.0815, 'train_acc': 0.9456, 'task_loss': (0.0068, 0.0747)}
{'epoch': 88, 'train_loss': 0.087, 'train_acc': 0.9462, 'task_loss': (0.0082, 0.0788)}
{'epoch': 89, 'train_loss': 0.085, 'train_acc': 0.9356, 'task_loss': (0.0064, 0.0785)}
{'epoch': 90, 'train_loss': 0.0867, 'train_acc': 0.9475, 'task_loss': (0.0127, 0.074)}
{'epoch': 91, 'train_loss': 0.087, 'train_acc': 0.94, 'task_loss': (0.0088, 0.0781)}
{'epoch': 92, 'train_loss': 0.088, 'train_acc': 0.9431, 'task_loss': (0.0148, 0.0731)}
{'epoch': 93, 'train_loss': 0.0883, 'train_acc': 0.9394, 'task_loss': (0.0086, 0.0797)}
{'epoch': 94, 'train_loss': 0.0803, 'train_acc': 0.9438, 'task_loss': (0.0069, 0.0734)}
{'epoch': 95, 'train_loss': 0.0851, 'train_acc': 0.945, 'task_loss': (0.0131, 0.0721)}
{'epoch': 96, 'train_loss': 0.0942, 'train_acc': 0.9394, 'task_loss': (0.0086, 0.0856)}
{'epoch': 97, 'train_loss': 0.0864, 'train_acc': 0.9419, 'task_loss': (0.0083, 0.0781)}
{'epoch': 98, 'train_loss': 0.0907, 'train_acc': 0.945, 'task_loss': (0.0134, 0.0773)}
{'epoch': 99, 'train_loss': 0.0876, 'train_acc': 0.9419, 'task_loss': (0.0142, 0.0733)}
{'epoch': 100, 'train_loss': 0.0874, 'train_acc': 0.9431, 'task_loss': (0.009, 0.0784)}
{'run_num': 7, 'final_test_err': 0.10950000000000004}
Files already downloaded and verified
Files already downloaded and verified
{'epoch': 1, 'train_loss': 1.2286, 'train_acc': 0.6112, 'task_loss': (0.6374, 0.5913)}
{'epoch': 2, 'train_loss': 0.9645, 'train_acc': 0.6869, 'task_loss': (0.4997, 0.4648)}
{'epoch': 3, 'train_loss': 0.7618, 'train_acc': 0.7156, 'task_loss': (0.3516, 0.4102)}
{'epoch': 4, 'train_loss': 0.4816, 'train_acc': 0.7356, 'task_loss': (0.1928, 0.2888)}
{'epoch': 5, 'train_loss': 0.4985, 'train_acc': 0.7538, 'task_loss': (0.2318, 0.2667)}
{'epoch': 6, 'train_loss': 0.4423, 'train_acc': 0.7669, 'task_loss': (0.1834, 0.2589)}
{'epoch': 7, 'train_loss': 0.4646, 'train_acc': 0.7837, 'task_loss': (0.2239, 0.2407)}
{'epoch': 8, 'train_loss': 0.3757, 'train_acc': 0.7825, 'task_loss': (0.1353, 0.2404)}
{'epoch': 9, 'train_loss': 0.3926, 'train_acc': 0.7912, 'task_loss': (0.1582, 0.2344)}
{'epoch': 10, 'train_loss': 0.3564, 'train_acc': 0.7875, 'task_loss': (0.1159, 0.2406)}
{'epoch': 11, 'train_loss': 0.3878, 'train_acc': 0.8038, 'task_loss': (0.1479, 0.2399)}
{'epoch': 12, 'train_loss': 0.3532, 'train_acc': 0.8062, 'task_loss': (0.1355, 0.2177)}
{'epoch': 13, 'train_loss': 0.3474, 'train_acc': 0.8219, 'task_loss': (0.1308, 0.2166)}
{'epoch': 14, 'train_loss': 0.3233, 'train_acc': 0.8162, 'task_loss': (0.108, 0.2153)}
{'epoch': 15, 'train_loss': 0.3143, 'train_acc': 0.8288, 'task_loss': (0.1088, 0.2055)}
{'epoch': 16, 'train_loss': 0.3197, 'train_acc': 0.8156, 'task_loss': (0.1079, 0.2118)}
{'epoch': 17, 'train_loss': 0.3512, 'train_acc': 0.8069, 'task_loss': (0.1355, 0.2157)}
{'epoch': 18, 'train_loss': 0.3384, 'train_acc': 0.8144, 'task_loss': (0.1248, 0.2137)}
{'epoch': 19, 'train_loss': 0.302, 'train_acc': 0.83, 'task_loss': (0.1082, 0.1938)}
{'epoch': 20, 'train_loss': 0.2834, 'train_acc': 0.8388, 'task_loss': (0.0937, 0.1898)}
{'epoch': 21, 'train_loss': 0.2558, 'train_acc': 0.8375, 'task_loss': (0.0617, 0.1942)}
{'epoch': 22, 'train_loss': 0.2632, 'train_acc': 0.8406, 'task_loss': (0.0637, 0.1995)}
{'epoch': 23, 'train_loss': 0.2476, 'train_acc': 0.855, 'task_loss': (0.0762, 0.1713)}
{'epoch': 24, 'train_loss': 0.3086, 'train_acc': 0.8425, 'task_loss': (0.119, 0.1896)}
{'epoch': 25, 'train_loss': 0.2944, 'train_acc': 0.8388, 'task_loss': (0.1016, 0.1928)}
{'epoch': 26, 'train_loss': 0.2382, 'train_acc': 0.8538, 'task_loss': (0.0606, 0.1776)}
{'epoch': 27, 'train_loss': 0.2462, 'train_acc': 0.845, 'task_loss': (0.0641, 0.1821)}
{'epoch': 28, 'train_loss': 0.2324, 'train_acc': 0.8619, 'task_loss': (0.0594, 0.173)}
{'epoch': 29, 'train_loss': 0.226, 'train_acc': 0.8581, 'task_loss': (0.0557, 0.1703)}
{'epoch': 30, 'train_loss': 0.1997, 'train_acc': 0.875, 'task_loss': (0.0442, 0.1555)}
{'epoch': 31, 'train_loss': 0.2458, 'train_acc': 0.855, 'task_loss': (0.076, 0.1699)}
{'epoch': 32, 'train_loss': 0.2026, 'train_acc': 0.8681, 'task_loss': (0.0398, 0.1629)}
{'epoch': 33, 'train_loss': 0.2219, 'train_acc': 0.8662, 'task_loss': (0.0588, 0.1631)}
{'epoch': 34, 'train_loss': 0.2111, 'train_acc': 0.8875, 'task_loss': (0.062, 0.1491)}
{'epoch': 35, 'train_loss': 0.185, 'train_acc': 0.8794, 'task_loss': (0.0316, 0.1534)}
{'epoch': 36, 'train_loss': 0.2159, 'train_acc': 0.8762, 'task_loss': (0.0643, 0.1516)}
{'epoch': 37, 'train_loss': 0.1965, 'train_acc': 0.8762, 'task_loss': (0.0486, 0.148)}
{'epoch': 38, 'train_loss': 0.1828, 'train_acc': 0.8862, 'task_loss': (0.0371, 0.1457)}
{'epoch': 39, 'train_loss': 0.1829, 'train_acc': 0.8794, 'task_loss': (0.0288, 0.1541)}
{'epoch': 40, 'train_loss': 0.1485, 'train_acc': 0.8981, 'task_loss': (0.023, 0.1255)}
{'epoch': 41, 'train_loss': 0.1836, 'train_acc': 0.8919, 'task_loss': (0.0385, 0.1451)}
{'epoch': 42, 'train_loss': 0.1862, 'train_acc': 0.8775, 'task_loss': (0.0343, 0.1519)}
{'epoch': 43, 'train_loss': 0.1941, 'train_acc': 0.8981, 'task_loss': (0.0617, 0.1324)}
{'epoch': 44, 'train_loss': 0.1735, 'train_acc': 0.8944, 'task_loss': (0.0344, 0.139)}
{'epoch': 45, 'train_loss': 0.1613, 'train_acc': 0.8969, 'task_loss': (0.0326, 0.1288)}
{'epoch': 46, 'train_loss': 0.1527, 'train_acc': 0.8956, 'task_loss': (0.0169, 0.1357)}
{'epoch': 47, 'train_loss': 0.1596, 'train_acc': 0.9088, 'task_loss': (0.0439, 0.1157)}
{'epoch': 48, 'train_loss': 0.1469, 'train_acc': 0.9131, 'task_loss': (0.0311, 0.1157)}
{'epoch': 49, 'train_loss': 0.1894, 'train_acc': 0.8869, 'task_loss': (0.0452, 0.1442)}
{'epoch': 50, 'train_loss': 0.1514, 'train_acc': 0.9062, 'task_loss': (0.0285, 0.1229)}
{'epoch': 51, 'train_loss': 0.1453, 'train_acc': 0.9094, 'task_loss': (0.0187, 0.1266)}
{'epoch': 52, 'train_loss': 0.1474, 'train_acc': 0.9094, 'task_loss': (0.0296, 0.1178)}
{'epoch': 53, 'train_loss': 0.129, 'train_acc': 0.9119, 'task_loss': (0.0195, 0.1095)}
{'epoch': 54, 'train_loss': 0.1344, 'train_acc': 0.9156, 'task_loss': (0.0196, 0.1148)}
{'epoch': 55, 'train_loss': 0.1196, 'train_acc': 0.915, 'task_loss': (0.0105, 0.1091)}
{'epoch': 56, 'train_loss': 0.1206, 'train_acc': 0.9281, 'task_loss': (0.0212, 0.0994)}
{'epoch': 57, 'train_loss': 0.1217, 'train_acc': 0.92, 'task_loss': (0.0114, 0.1103)}
{'epoch': 58, 'train_loss': 0.1131, 'train_acc': 0.9281, 'task_loss': (0.0132, 0.0999)}
{'epoch': 59, 'train_loss': 0.1122, 'train_acc': 0.925, 'task_loss': (0.0179, 0.0943)}
{'epoch': 60, 'train_loss': 0.1082, 'train_acc': 0.925, 'task_loss': (0.0126, 0.0956)}
{'epoch': 61, 'train_loss': 0.1213, 'train_acc': 0.925, 'task_loss': (0.0168, 0.1044)}
{'epoch': 62, 'train_loss': 0.1038, 'train_acc': 0.9356, 'task_loss': (0.0103, 0.0935)}
{'epoch': 63, 'train_loss': 0.1107, 'train_acc': 0.9344, 'task_loss': (0.0175, 0.0931)}
{'epoch': 64, 'train_loss': 0.1023, 'train_acc': 0.9312, 'task_loss': (0.0137, 0.0886)}
{'epoch': 65, 'train_loss': 0.1234, 'train_acc': 0.9325, 'task_loss': (0.0319, 0.0915)}
{'epoch': 66, 'train_loss': 0.1108, 'train_acc': 0.9225, 'task_loss': (0.0173, 0.0935)}
{'epoch': 67, 'train_loss': 0.1229, 'train_acc': 0.9162, 'task_loss': (0.0203, 0.1026)}
{'epoch': 68, 'train_loss': 0.1044, 'train_acc': 0.9294, 'task_loss': (0.0123, 0.0921)}
{'epoch': 69, 'train_loss': 0.1184, 'train_acc': 0.9269, 'task_loss': (0.0265, 0.0919)}
{'epoch': 70, 'train_loss': 0.1172, 'train_acc': 0.9212, 'task_loss': (0.0166, 0.1006)}
{'epoch': 71, 'train_loss': 0.0952, 'train_acc': 0.9338, 'task_loss': (0.0094, 0.0858)}
{'epoch': 72, 'train_loss': 0.104, 'train_acc': 0.9294, 'task_loss': (0.0165, 0.0875)}
{'epoch': 73, 'train_loss': 0.0915, 'train_acc': 0.9412, 'task_loss': (0.0082, 0.0833)}
{'epoch': 74, 'train_loss': 0.0869, 'train_acc': 0.9394, 'task_loss': (0.0097, 0.0772)}
{'epoch': 75, 'train_loss': 0.0919, 'train_acc': 0.9344, 'task_loss': (0.0097, 0.0822)}
{'epoch': 76, 'train_loss': 0.0826, 'train_acc': 0.9394, 'task_loss': (0.0107, 0.0718)}
{'epoch': 77, 'train_loss': 0.083, 'train_acc': 0.9412, 'task_loss': (0.0089, 0.0741)}
{'epoch': 78, 'train_loss': 0.0897, 'train_acc': 0.9381, 'task_loss': (0.0089, 0.0808)}
{'epoch': 79, 'train_loss': 0.0851, 'train_acc': 0.9456, 'task_loss': (0.0092, 0.0759)}
{'epoch': 80, 'train_loss': 0.0823, 'train_acc': 0.9419, 'task_loss': (0.0064, 0.0759)}
{'epoch': 81, 'train_loss': 0.0831, 'train_acc': 0.9475, 'task_loss': (0.0103, 0.0728)}
{'epoch': 82, 'train_loss': 0.1035, 'train_acc': 0.935, 'task_loss': (0.0182, 0.0853)}
{'epoch': 83, 'train_loss': 0.0764, 'train_acc': 0.9488, 'task_loss': (0.0075, 0.069)}
{'epoch': 84, 'train_loss': 0.0936, 'train_acc': 0.9412, 'task_loss': (0.0125, 0.0812)}
{'epoch': 85, 'train_loss': 0.0797, 'train_acc': 0.9419, 'task_loss': (0.0075, 0.0722)}
{'epoch': 86, 'train_loss': 0.0761, 'train_acc': 0.945, 'task_loss': (0.0077, 0.0684)}
{'epoch': 87, 'train_loss': 0.0907, 'train_acc': 0.94, 'task_loss': (0.0152, 0.0755)}
{'epoch': 88, 'train_loss': 0.0833, 'train_acc': 0.9412, 'task_loss': (0.0074, 0.0759)}
{'epoch': 89, 'train_loss': 0.0757, 'train_acc': 0.9456, 'task_loss': (0.0073, 0.0684)}
{'epoch': 90, 'train_loss': 0.08, 'train_acc': 0.9469, 'task_loss': (0.0099, 0.0701)}
{'epoch': 91, 'train_loss': 0.0891, 'train_acc': 0.9444, 'task_loss': (0.0118, 0.0773)}
{'epoch': 92, 'train_loss': 0.0767, 'train_acc': 0.9481, 'task_loss': (0.0079, 0.0688)}
{'epoch': 93, 'train_loss': 0.0883, 'train_acc': 0.9369, 'task_loss': (0.0114, 0.0769)}
{'epoch': 94, 'train_loss': 0.0856, 'train_acc': 0.9438, 'task_loss': (0.0069, 0.0786)}
{'epoch': 95, 'train_loss': 0.0767, 'train_acc': 0.9488, 'task_loss': (0.0082, 0.0686)}
{'epoch': 96, 'train_loss': 0.0838, 'train_acc': 0.9438, 'task_loss': (0.0082, 0.0756)}
{'epoch': 97, 'train_loss': 0.0858, 'train_acc': 0.9419, 'task_loss': (0.008, 0.0778)}
{'epoch': 98, 'train_loss': 0.0781, 'train_acc': 0.9456, 'task_loss': (0.0081, 0.07)}
{'epoch': 99, 'train_loss': 0.0775, 'train_acc': 0.9506, 'task_loss': (0.0065, 0.071)}
{'epoch': 100, 'train_loss': 0.0886, 'train_acc': 0.9412, 'task_loss': (0.0129, 0.0756)}
{'run_num': 8, 'final_test_err': 0.10924999999999996}
Files already downloaded and verified
Files already downloaded and verified
{'epoch': 1, 'train_loss': 1.3475, 'train_acc': 0.6106, 'task_loss': (0.6695, 0.678)}
{'epoch': 2, 'train_loss': 0.8787, 'train_acc': 0.6419, 'task_loss': (0.4291, 0.4496)}
{'epoch': 3, 'train_loss': 0.7727, 'train_acc': 0.6844, 'task_loss': (0.3614, 0.4113)}
{'epoch': 4, 'train_loss': 0.5659, 'train_acc': 0.7163, 'task_loss': (0.269, 0.2968)}
{'epoch': 5, 'train_loss': 0.5325, 'train_acc': 0.7119, 'task_loss': (0.2419, 0.2906)}
{'epoch': 6, 'train_loss': 0.4564, 'train_acc': 0.7656, 'task_loss': (0.2028, 0.2536)}
{'epoch': 7, 'train_loss': 0.4519, 'train_acc': 0.7712, 'task_loss': (0.1956, 0.2563)}
{'epoch': 8, 'train_loss': 0.4648, 'train_acc': 0.7706, 'task_loss': (0.2217, 0.2431)}
{'epoch': 9, 'train_loss': 0.4296, 'train_acc': 0.7831, 'task_loss': (0.1933, 0.2363)}
{'epoch': 10, 'train_loss': 0.4538, 'train_acc': 0.7819, 'task_loss': (0.2083, 0.2456)}
{'epoch': 11, 'train_loss': 0.3871, 'train_acc': 0.7881, 'task_loss': (0.1515, 0.2356)}
{'epoch': 12, 'train_loss': 0.432, 'train_acc': 0.7975, 'task_loss': (0.1993, 0.2327)}
{'epoch': 13, 'train_loss': 0.3602, 'train_acc': 0.8056, 'task_loss': (0.1361, 0.224)}
{'epoch': 14, 'train_loss': 0.3857, 'train_acc': 0.8056, 'task_loss': (0.1664, 0.2193)}
{'epoch': 15, 'train_loss': 0.3817, 'train_acc': 0.82, 'task_loss': (0.1701, 0.2116)}
{'epoch': 16, 'train_loss': 0.3415, 'train_acc': 0.8125, 'task_loss': (0.1265, 0.215)}
{'epoch': 17, 'train_loss': 0.3101, 'train_acc': 0.8362, 'task_loss': (0.1109, 0.1992)}
{'epoch': 18, 'train_loss': 0.3451, 'train_acc': 0.8269, 'task_loss': (0.1382, 0.2069)}
{'epoch': 19, 'train_loss': 0.3202, 'train_acc': 0.8231, 'task_loss': (0.1185, 0.2018)}
{'epoch': 20, 'train_loss': 0.2958, 'train_acc': 0.8312, 'task_loss': (0.0927, 0.2031)}
{'epoch': 21, 'train_loss': 0.3017, 'train_acc': 0.8338, 'task_loss': (0.1065, 0.1953)}
{'epoch': 22, 'train_loss': 0.2837, 'train_acc': 0.8325, 'task_loss': (0.0879, 0.1958)}
{'epoch': 23, 'train_loss': 0.299, 'train_acc': 0.8256, 'task_loss': (0.1013, 0.1977)}
{'epoch': 24, 'train_loss': 0.3033, 'train_acc': 0.8288, 'task_loss': (0.0965, 0.2069)}
{'epoch': 25, 'train_loss': 0.2681, 'train_acc': 0.8569, 'task_loss': (0.09, 0.1782)}
{'epoch': 26, 'train_loss': 0.264, 'train_acc': 0.8469, 'task_loss': (0.0869, 0.1772)}
{'epoch': 27, 'train_loss': 0.2671, 'train_acc': 0.8388, 'task_loss': (0.0831, 0.184)}
{'epoch': 28, 'train_loss': 0.2353, 'train_acc': 0.8688, 'task_loss': (0.0704, 0.1648)}
{'epoch': 29, 'train_loss': 0.2328, 'train_acc': 0.8612, 'task_loss': (0.0461, 0.1867)}
{'epoch': 30, 'train_loss': 0.2425, 'train_acc': 0.8544, 'task_loss': (0.0619, 0.1805)}
{'epoch': 31, 'train_loss': 0.2056, 'train_acc': 0.8694, 'task_loss': (0.0449, 0.1606)}
{'epoch': 32, 'train_loss': 0.2031, 'train_acc': 0.8719, 'task_loss': (0.0385, 0.1645)}
{'epoch': 33, 'train_loss': 0.2313, 'train_acc': 0.875, 'task_loss': (0.0718, 0.1594)}
{'epoch': 34, 'train_loss': 0.2155, 'train_acc': 0.8594, 'task_loss': (0.0519, 0.1636)}
{'epoch': 35, 'train_loss': 0.181, 'train_acc': 0.8875, 'task_loss': (0.0252, 0.1558)}
{'epoch': 36, 'train_loss': 0.1944, 'train_acc': 0.8788, 'task_loss': (0.0436, 0.1508)}
{'epoch': 37, 'train_loss': 0.1876, 'train_acc': 0.8806, 'task_loss': (0.0407, 0.1469)}
{'epoch': 38, 'train_loss': 0.1687, 'train_acc': 0.895, 'task_loss': (0.029, 0.1397)}
{'epoch': 39, 'train_loss': 0.1813, 'train_acc': 0.8819, 'task_loss': (0.0431, 0.1382)}
{'epoch': 40, 'train_loss': 0.1611, 'train_acc': 0.9006, 'task_loss': (0.0285, 0.1326)}
{'epoch': 41, 'train_loss': 0.162, 'train_acc': 0.9094, 'task_loss': (0.0387, 0.1233)}
{'epoch': 42, 'train_loss': 0.1624, 'train_acc': 0.8881, 'task_loss': (0.0292, 0.1331)}
{'epoch': 43, 'train_loss': 0.1619, 'train_acc': 0.9006, 'task_loss': (0.0338, 0.1281)}
{'epoch': 44, 'train_loss': 0.1792, 'train_acc': 0.8862, 'task_loss': (0.0404, 0.1389)}
{'epoch': 45, 'train_loss': 0.1818, 'train_acc': 0.8831, 'task_loss': (0.0441, 0.1378)}
{'epoch': 46, 'train_loss': 0.1932, 'train_acc': 0.8938, 'task_loss': (0.0545, 0.1387)}
{'epoch': 47, 'train_loss': 0.1405, 'train_acc': 0.9131, 'task_loss': (0.0209, 0.1196)}
{'epoch': 48, 'train_loss': 0.1636, 'train_acc': 0.8969, 'task_loss': (0.0321, 0.1315)}
{'epoch': 49, 'train_loss': 0.1467, 'train_acc': 0.8994, 'task_loss': (0.0226, 0.1241)}
{'epoch': 50, 'train_loss': 0.1508, 'train_acc': 0.9194, 'task_loss': (0.0354, 0.1154)}
{'epoch': 51, 'train_loss': 0.1705, 'train_acc': 0.89, 'task_loss': (0.0394, 0.1311)}
{'epoch': 52, 'train_loss': 0.1617, 'train_acc': 0.8925, 'task_loss': (0.0346, 0.1271)}
{'epoch': 53, 'train_loss': 0.1314, 'train_acc': 0.9094, 'task_loss': (0.0225, 0.109)}
{'epoch': 54, 'train_loss': 0.1422, 'train_acc': 0.9125, 'task_loss': (0.0291, 0.1131)}
{'epoch': 55, 'train_loss': 0.1289, 'train_acc': 0.9125, 'task_loss': (0.0229, 0.106)}
{'epoch': 56, 'train_loss': 0.148, 'train_acc': 0.9138, 'task_loss': (0.0322, 0.1157)}
{'epoch': 57, 'train_loss': 0.1353, 'train_acc': 0.9119, 'task_loss': (0.0216, 0.1137)}
{'epoch': 58, 'train_loss': 0.1249, 'train_acc': 0.9194, 'task_loss': (0.0189, 0.106)}
{'epoch': 59, 'train_loss': 0.1194, 'train_acc': 0.9206, 'task_loss': (0.0177, 0.1016)}
{'epoch': 60, 'train_loss': 0.1014, 'train_acc': 0.935, 'task_loss': (0.0131, 0.0884)}
{'epoch': 61, 'train_loss': 0.1127, 'train_acc': 0.9269, 'task_loss': (0.0158, 0.0969)}
{'epoch': 62, 'train_loss': 0.1098, 'train_acc': 0.9312, 'task_loss': (0.0185, 0.0913)}
{'epoch': 63, 'train_loss': 0.1041, 'train_acc': 0.9244, 'task_loss': (0.0153, 0.0888)}
{'epoch': 64, 'train_loss': 0.1047, 'train_acc': 0.9294, 'task_loss': (0.0157, 0.0889)}
{'epoch': 65, 'train_loss': 0.112, 'train_acc': 0.9312, 'task_loss': (0.0216, 0.0904)}
{'epoch': 66, 'train_loss': 0.1073, 'train_acc': 0.9275, 'task_loss': (0.0204, 0.0869)}
{'epoch': 67, 'train_loss': 0.0984, 'train_acc': 0.9325, 'task_loss': (0.0092, 0.0891)}
{'epoch': 68, 'train_loss': 0.0963, 'train_acc': 0.9394, 'task_loss': (0.018, 0.0783)}
{'epoch': 69, 'train_loss': 0.1036, 'train_acc': 0.925, 'task_loss': (0.0097, 0.0939)}
{'epoch': 70, 'train_loss': 0.1041, 'train_acc': 0.93, 'task_loss': (0.016, 0.0881)}
{'epoch': 71, 'train_loss': 0.0827, 'train_acc': 0.9388, 'task_loss': (0.0076, 0.0751)}
{'epoch': 72, 'train_loss': 0.0893, 'train_acc': 0.9412, 'task_loss': (0.0105, 0.0788)}
{'epoch': 73, 'train_loss': 0.0855, 'train_acc': 0.9406, 'task_loss': (0.0109, 0.0746)}
{'epoch': 74, 'train_loss': 0.0884, 'train_acc': 0.9388, 'task_loss': (0.0116, 0.0768)}
{'epoch': 75, 'train_loss': 0.0998, 'train_acc': 0.935, 'task_loss': (0.0193, 0.0804)}
{'epoch': 76, 'train_loss': 0.0818, 'train_acc': 0.9488, 'task_loss': (0.0115, 0.0703)}
{'epoch': 77, 'train_loss': 0.0693, 'train_acc': 0.9525, 'task_loss': (0.0087, 0.0606)}
{'epoch': 78, 'train_loss': 0.0821, 'train_acc': 0.9494, 'task_loss': (0.0096, 0.0725)}
{'epoch': 79, 'train_loss': 0.0875, 'train_acc': 0.9412, 'task_loss': (0.0094, 0.0781)}
{'epoch': 80, 'train_loss': 0.0797, 'train_acc': 0.9462, 'task_loss': (0.0128, 0.0669)}
{'epoch': 81, 'train_loss': 0.0789, 'train_acc': 0.9438, 'task_loss': (0.0066, 0.0724)}
{'epoch': 82, 'train_loss': 0.0798, 'train_acc': 0.9481, 'task_loss': (0.0119, 0.0679)}
{'epoch': 83, 'train_loss': 0.081, 'train_acc': 0.9406, 'task_loss': (0.0052, 0.0758)}
{'epoch': 84, 'train_loss': 0.0691, 'train_acc': 0.9581, 'task_loss': (0.0102, 0.0589)}
{'epoch': 85, 'train_loss': 0.0818, 'train_acc': 0.9381, 'task_loss': (0.0072, 0.0747)}
{'epoch': 86, 'train_loss': 0.0773, 'train_acc': 0.9519, 'task_loss': (0.009, 0.0683)}
{'epoch': 87, 'train_loss': 0.0871, 'train_acc': 0.9406, 'task_loss': (0.0115, 0.0756)}
{'epoch': 88, 'train_loss': 0.0766, 'train_acc': 0.9456, 'task_loss': (0.0093, 0.0673)}
{'epoch': 89, 'train_loss': 0.0839, 'train_acc': 0.9475, 'task_loss': (0.0137, 0.0702)}
{'epoch': 90, 'train_loss': 0.079, 'train_acc': 0.9488, 'task_loss': (0.0099, 0.069)}
{'epoch': 91, 'train_loss': 0.0693, 'train_acc': 0.9562, 'task_loss': (0.0079, 0.0614)}
{'epoch': 92, 'train_loss': 0.0768, 'train_acc': 0.9562, 'task_loss': (0.0116, 0.0652)}
{'epoch': 93, 'train_loss': 0.0851, 'train_acc': 0.9425, 'task_loss': (0.0117, 0.0734)}
{'epoch': 94, 'train_loss': 0.075, 'train_acc': 0.9494, 'task_loss': (0.0049, 0.0701)}
{'epoch': 95, 'train_loss': 0.0745, 'train_acc': 0.9488, 'task_loss': (0.0057, 0.0689)}
{'epoch': 96, 'train_loss': 0.0845, 'train_acc': 0.945, 'task_loss': (0.015, 0.0695)}
{'epoch': 97, 'train_loss': 0.0779, 'train_acc': 0.9438, 'task_loss': (0.0091, 0.0688)}
{'epoch': 98, 'train_loss': 0.0737, 'train_acc': 0.9531, 'task_loss': (0.0112, 0.0625)}
{'epoch': 99, 'train_loss': 0.0715, 'train_acc': 0.9538, 'task_loss': (0.011, 0.0605)}
{'epoch': 100, 'train_loss': 0.083, 'train_acc': 0.9388, 'task_loss': (0.0085, 0.0745)}
{'run_num': 9, 'final_test_err': 0.10624999999999996}
{'avg_err': 0.1096, 'std_err': 0.0034}
