{'deploy': True, 'tag': '02_beta/ta_sampler_loss', 'seed': 10, 'device': 'cuda:0', 'reps': 10, 'loss': {'alpha': 0.5, 'tune_alpha': False, 'group_task_loss': True}, 'task': {'dataset': 'split_cifar10', 'task_map': [[0, 1], [2, 3], [4, 5], [6, 7], [8, 9]], 'target': 0, 'ood': [4], 'augment': True, 'n': 50, 'm_n': 0.5, 'beta': 0.2, 'custom_sampler': True}, 'hp': {'epochs': 100, 'bs': 16, 'lr': 0.01}, 'net': 'conv'}
Files already downloaded and verified
Files already downloaded and verified
{'epoch': 1, 'train_loss': 0.9586, 'train_acc': 0.616, 'task_loss': (0.5358, 0.4228)}
{'epoch': 2, 'train_loss': 0.9911, 'train_acc': 0.7043, 'task_loss': (0.6512, 0.34)}
{'epoch': 3, 'train_loss': 0.6212, 'train_acc': 0.7826, 'task_loss': (0.3095, 0.3117)}
{'epoch': 4, 'train_loss': 0.9246, 'train_acc': 0.6903, 'task_loss': (0.5646, 0.36)}
{'epoch': 5, 'train_loss': 0.7624, 'train_acc': 0.7478, 'task_loss': (0.4576, 0.3048)}
{'epoch': 6, 'train_loss': 0.694, 'train_acc': 0.744, 'task_loss': (0.4361, 0.2579)}
{'epoch': 7, 'train_loss': 0.4634, 'train_acc': 0.8435, 'task_loss': (0.2345, 0.2289)}
{'epoch': 8, 'train_loss': 0.5644, 'train_acc': 0.8407, 'task_loss': (0.3802, 0.1842)}
{'epoch': 9, 'train_loss': 0.8453, 'train_acc': 0.7913, 'task_loss': (0.6466, 0.1987)}
{'epoch': 10, 'train_loss': 0.466, 'train_acc': 0.8696, 'task_loss': (0.2527, 0.2133)}
{'epoch': 11, 'train_loss': 0.3747, 'train_acc': 0.904, 'task_loss': (0.2909, 0.0838)}
{'epoch': 12, 'train_loss': 0.5999, 'train_acc': 0.8407, 'task_loss': (0.4148, 0.1851)}
{'epoch': 13, 'train_loss': 0.4796, 'train_acc': 0.8435, 'task_loss': (0.2719, 0.2076)}
{'epoch': 14, 'train_loss': 0.3418, 'train_acc': 0.8783, 'task_loss': (0.128, 0.2139)}
{'epoch': 15, 'train_loss': 0.4877, 'train_acc': 0.8696, 'task_loss': (0.3536, 0.1341)}
{'epoch': 16, 'train_loss': 0.4422, 'train_acc': 0.8618, 'task_loss': (0.2747, 0.1675)}
{'epoch': 17, 'train_loss': 0.4181, 'train_acc': 0.8522, 'task_loss': (0.2004, 0.2177)}
{'epoch': 18, 'train_loss': 0.3441, 'train_acc': 0.9043, 'task_loss': (0.236, 0.1081)}
{'epoch': 19, 'train_loss': 0.3734, 'train_acc': 0.885, 'task_loss': (0.2619, 0.1114)}
{'epoch': 20, 'train_loss': 0.3049, 'train_acc': 0.9217, 'task_loss': (0.2348, 0.07)}
{'epoch': 21, 'train_loss': 0.6423, 'train_acc': 0.856, 'task_loss': (0.551, 0.0913)}
{'epoch': 22, 'train_loss': 0.5273, 'train_acc': 0.8174, 'task_loss': (0.3475, 0.1799)}
{'epoch': 23, 'train_loss': 0.4095, 'train_acc': 0.823, 'task_loss': (0.2033, 0.2063)}
{'epoch': 24, 'train_loss': 0.3602, 'train_acc': 0.8522, 'task_loss': (0.1737, 0.1865)}
{'epoch': 25, 'train_loss': 0.3728, 'train_acc': 0.9217, 'task_loss': (0.3186, 0.0543)}
{'epoch': 26, 'train_loss': 0.2474, 'train_acc': 0.928, 'task_loss': (0.1844, 0.063)}
{'epoch': 27, 'train_loss': 0.6027, 'train_acc': 0.823, 'task_loss': (0.3201, 0.2825)}
{'epoch': 28, 'train_loss': 0.6562, 'train_acc': 0.8783, 'task_loss': (0.5491, 0.1071)}
{'epoch': 29, 'train_loss': 0.4012, 'train_acc': 0.8783, 'task_loss': (0.2933, 0.1079)}
{'epoch': 30, 'train_loss': 0.2802, 'train_acc': 0.887, 'task_loss': (0.135, 0.1453)}
{'epoch': 31, 'train_loss': 0.3178, 'train_acc': 0.8943, 'task_loss': (0.1841, 0.1337)}
{'epoch': 32, 'train_loss': 0.4116, 'train_acc': 0.887, 'task_loss': (0.2873, 0.1242)}
{'epoch': 33, 'train_loss': 0.2757, 'train_acc': 0.9304, 'task_loss': (0.2088, 0.0669)}
{'epoch': 34, 'train_loss': 0.231, 'train_acc': 0.9115, 'task_loss': (0.1165, 0.1145)}
{'epoch': 35, 'train_loss': 0.1792, 'train_acc': 0.9304, 'task_loss': (0.1074, 0.0718)}
{'epoch': 36, 'train_loss': 0.3109, 'train_acc': 0.928, 'task_loss': (0.2208, 0.0901)}
{'epoch': 37, 'train_loss': 0.3011, 'train_acc': 0.8957, 'task_loss': (0.1922, 0.1089)}
{'epoch': 38, 'train_loss': 0.1791, 'train_acc': 0.9646, 'task_loss': (0.1317, 0.0474)}
{'epoch': 39, 'train_loss': 0.2631, 'train_acc': 0.913, 'task_loss': (0.189, 0.074)}
{'epoch': 40, 'train_loss': 0.214, 'train_acc': 0.9304, 'task_loss': (0.1137, 0.1003)}
{'epoch': 41, 'train_loss': 0.2441, 'train_acc': 0.936, 'task_loss': (0.1545, 0.0897)}
{'epoch': 42, 'train_loss': 0.136, 'train_acc': 0.9469, 'task_loss': (0.0792, 0.0568)}
{'epoch': 43, 'train_loss': 0.31, 'train_acc': 0.9304, 'task_loss': (0.1824, 0.1275)}
{'epoch': 44, 'train_loss': 0.334, 'train_acc': 0.9043, 'task_loss': (0.2669, 0.0671)}
{'epoch': 45, 'train_loss': 0.3196, 'train_acc': 0.9043, 'task_loss': (0.2298, 0.0898)}
{'epoch': 46, 'train_loss': 0.1347, 'train_acc': 0.9593, 'task_loss': (0.0718, 0.0629)}
{'epoch': 47, 'train_loss': 0.1947, 'train_acc': 0.9478, 'task_loss': (0.155, 0.0396)}
{'epoch': 48, 'train_loss': 0.1263, 'train_acc': 0.9739, 'task_loss': (0.0436, 0.0827)}
{'epoch': 49, 'train_loss': 0.1492, 'train_acc': 0.9565, 'task_loss': (0.1022, 0.047)}
{'epoch': 50, 'train_loss': 0.148, 'train_acc': 0.9292, 'task_loss': (0.0798, 0.0682)}
{'epoch': 51, 'train_loss': 0.0859, 'train_acc': 0.992, 'task_loss': (0.0415, 0.0444)}
{'epoch': 52, 'train_loss': 0.2039, 'train_acc': 0.9304, 'task_loss': (0.1486, 0.0554)}
{'epoch': 53, 'train_loss': 0.1895, 'train_acc': 0.9204, 'task_loss': (0.1295, 0.06)}
{'epoch': 54, 'train_loss': 0.154, 'train_acc': 0.9565, 'task_loss': (0.1128, 0.0412)}
{'epoch': 55, 'train_loss': 0.1801, 'train_acc': 0.9565, 'task_loss': (0.1294, 0.0508)}
{'epoch': 56, 'train_loss': 0.1251, 'train_acc': 0.976, 'task_loss': (0.0666, 0.0585)}
{'epoch': 57, 'train_loss': 0.1662, 'train_acc': 0.9646, 'task_loss': (0.1268, 0.0394)}
{'epoch': 58, 'train_loss': 0.1902, 'train_acc': 0.9478, 'task_loss': (0.1247, 0.0655)}
{'epoch': 59, 'train_loss': 0.1856, 'train_acc': 0.9739, 'task_loss': (0.1544, 0.0312)}
{'epoch': 60, 'train_loss': 0.1258, 'train_acc': 0.9652, 'task_loss': (0.0929, 0.0329)}
{'epoch': 61, 'train_loss': 0.1288, 'train_acc': 0.9837, 'task_loss': (0.0949, 0.0339)}
{'epoch': 62, 'train_loss': 0.1048, 'train_acc': 0.9739, 'task_loss': (0.0522, 0.0526)}
{'epoch': 63, 'train_loss': 0.1513, 'train_acc': 0.9652, 'task_loss': (0.1191, 0.0321)}
{'epoch': 64, 'train_loss': 0.1515, 'train_acc': 0.9652, 'task_loss': (0.1176, 0.0339)}
{'epoch': 65, 'train_loss': 0.1193, 'train_acc': 0.9646, 'task_loss': (0.0776, 0.0417)}
{'epoch': 66, 'train_loss': 0.0785, 'train_acc': 0.976, 'task_loss': (0.0413, 0.0372)}
{'epoch': 67, 'train_loss': 0.2844, 'train_acc': 0.9565, 'task_loss': (0.2634, 0.021)}
{'epoch': 68, 'train_loss': 0.0755, 'train_acc': 0.9646, 'task_loss': (0.0409, 0.0346)}
{'epoch': 69, 'train_loss': 0.0683, 'train_acc': 0.9739, 'task_loss': (0.0331, 0.0353)}
{'epoch': 70, 'train_loss': 0.1344, 'train_acc': 0.9652, 'task_loss': (0.0925, 0.042)}
{'epoch': 71, 'train_loss': 0.1311, 'train_acc': 0.976, 'task_loss': (0.0744, 0.0566)}
{'epoch': 72, 'train_loss': 0.1188, 'train_acc': 0.9646, 'task_loss': (0.0703, 0.0485)}
{'epoch': 73, 'train_loss': 0.0984, 'train_acc': 0.9826, 'task_loss': (0.0753, 0.0231)}
{'epoch': 74, 'train_loss': 0.056, 'train_acc': 0.9826, 'task_loss': (0.0085, 0.0475)}
{'epoch': 75, 'train_loss': 0.1481, 'train_acc': 0.9565, 'task_loss': (0.0982, 0.05)}
{'epoch': 76, 'train_loss': 0.0628, 'train_acc': 0.9837, 'task_loss': (0.0338, 0.0289)}
{'epoch': 77, 'train_loss': 0.1189, 'train_acc': 0.9826, 'task_loss': (0.0849, 0.034)}
{'epoch': 78, 'train_loss': 0.1258, 'train_acc': 0.9565, 'task_loss': (0.1038, 0.022)}
{'epoch': 79, 'train_loss': 0.089, 'train_acc': 0.9652, 'task_loss': (0.0483, 0.0408)}
{'epoch': 80, 'train_loss': 0.2264, 'train_acc': 0.9646, 'task_loss': (0.1968, 0.0296)}
{'epoch': 81, 'train_loss': 0.0799, 'train_acc': 0.976, 'task_loss': (0.0503, 0.0295)}
{'epoch': 82, 'train_loss': 0.1611, 'train_acc': 0.9565, 'task_loss': (0.1298, 0.0313)}
{'epoch': 83, 'train_loss': 0.0624, 'train_acc': 0.9913, 'task_loss': (0.0357, 0.0267)}
{'epoch': 84, 'train_loss': 0.0795, 'train_acc': 0.9735, 'task_loss': (0.06, 0.0196)}
{'epoch': 85, 'train_loss': 0.0952, 'train_acc': 0.9652, 'task_loss': (0.0557, 0.0395)}
{'epoch': 86, 'train_loss': 0.0394, 'train_acc': 0.992, 'task_loss': (0.0085, 0.0309)}
{'epoch': 87, 'train_loss': 0.0958, 'train_acc': 0.9558, 'task_loss': (0.0581, 0.0377)}
{'epoch': 88, 'train_loss': 0.1469, 'train_acc': 0.9652, 'task_loss': (0.1028, 0.0441)}
{'epoch': 89, 'train_loss': 0.0556, 'train_acc': 0.9826, 'task_loss': (0.0287, 0.0269)}
{'epoch': 90, 'train_loss': 0.0472, 'train_acc': 0.9913, 'task_loss': (0.0219, 0.0254)}
{'epoch': 91, 'train_loss': 0.063, 'train_acc': 0.9837, 'task_loss': (0.0469, 0.0161)}
{'epoch': 92, 'train_loss': 0.0553, 'train_acc': 0.9826, 'task_loss': (0.0237, 0.0316)}
{'epoch': 93, 'train_loss': 0.0871, 'train_acc': 0.9826, 'task_loss': (0.0557, 0.0314)}
{'epoch': 94, 'train_loss': 0.0835, 'train_acc': 0.9739, 'task_loss': (0.0575, 0.026)}
{'epoch': 95, 'train_loss': 0.0911, 'train_acc': 0.9646, 'task_loss': (0.0659, 0.0252)}
{'epoch': 96, 'train_loss': 0.0969, 'train_acc': 0.968, 'task_loss': (0.0574, 0.0395)}
{'epoch': 97, 'train_loss': 0.0557, 'train_acc': 0.9739, 'task_loss': (0.0314, 0.0243)}
{'epoch': 98, 'train_loss': 0.0423, 'train_acc': 1.0, 'task_loss': (0.0169, 0.0253)}
{'epoch': 99, 'train_loss': 0.075, 'train_acc': 0.9912, 'task_loss': (0.0551, 0.0199)}
{'epoch': 100, 'train_loss': 0.0655, 'train_acc': 0.9913, 'task_loss': (0.0266, 0.0389)}
{'run_num': 0, 'final_test_err': 0.20350000000000001}
Files already downloaded and verified
Files already downloaded and verified
{'epoch': 1, 'train_loss': 1.1148, 'train_acc': 0.624, 'task_loss': (0.6045, 0.5103)}
{'epoch': 2, 'train_loss': 0.5744, 'train_acc': 0.7565, 'task_loss': (0.3295, 0.2449)}
{'epoch': 3, 'train_loss': 0.7003, 'train_acc': 0.8087, 'task_loss': (0.4489, 0.2514)}
{'epoch': 4, 'train_loss': 0.7871, 'train_acc': 0.7257, 'task_loss': (0.4989, 0.2882)}
{'epoch': 5, 'train_loss': 0.6091, 'train_acc': 0.7652, 'task_loss': (0.3505, 0.2586)}
{'epoch': 6, 'train_loss': 0.632, 'train_acc': 0.72, 'task_loss': (0.3825, 0.2495)}
{'epoch': 7, 'train_loss': 0.5161, 'train_acc': 0.8087, 'task_loss': (0.31, 0.2062)}
{'epoch': 8, 'train_loss': 0.7985, 'train_acc': 0.8142, 'task_loss': (0.6313, 0.1672)}
{'epoch': 9, 'train_loss': 0.8891, 'train_acc': 0.7565, 'task_loss': (0.6651, 0.224)}
{'epoch': 10, 'train_loss': 0.4058, 'train_acc': 0.8087, 'task_loss': (0.1701, 0.2357)}
{'epoch': 11, 'train_loss': 0.4095, 'train_acc': 0.848, 'task_loss': (0.28, 0.1296)}
{'epoch': 12, 'train_loss': 0.5377, 'train_acc': 0.8761, 'task_loss': (0.3909, 0.1468)}
{'epoch': 13, 'train_loss': 0.4474, 'train_acc': 0.7826, 'task_loss': (0.2645, 0.1828)}
{'epoch': 14, 'train_loss': 0.5808, 'train_acc': 0.8522, 'task_loss': (0.4145, 0.1663)}
{'epoch': 15, 'train_loss': 0.5289, 'train_acc': 0.7565, 'task_loss': (0.2955, 0.2334)}
{'epoch': 16, 'train_loss': 0.6043, 'train_acc': 0.8374, 'task_loss': (0.4277, 0.1766)}
{'epoch': 17, 'train_loss': 0.286, 'train_acc': 0.913, 'task_loss': (0.1733, 0.1128)}
{'epoch': 18, 'train_loss': 0.4915, 'train_acc': 0.8696, 'task_loss': (0.3733, 0.1182)}
{'epoch': 19, 'train_loss': 0.3253, 'train_acc': 0.8584, 'task_loss': (0.1458, 0.1794)}
{'epoch': 20, 'train_loss': 0.573, 'train_acc': 0.8, 'task_loss': (0.3281, 0.245)}
{'epoch': 21, 'train_loss': 0.3738, 'train_acc': 0.832, 'task_loss': (0.2103, 0.1635)}
{'epoch': 22, 'train_loss': 0.8661, 'train_acc': 0.8, 'task_loss': (0.6237, 0.2424)}
{'epoch': 23, 'train_loss': 0.4286, 'train_acc': 0.885, 'task_loss': (0.31, 0.1186)}
{'epoch': 24, 'train_loss': 0.3405, 'train_acc': 0.9043, 'task_loss': (0.1996, 0.1409)}
{'epoch': 25, 'train_loss': 0.3409, 'train_acc': 0.8696, 'task_loss': (0.1557, 0.1852)}
{'epoch': 26, 'train_loss': 0.4584, 'train_acc': 0.832, 'task_loss': (0.2453, 0.2132)}
{'epoch': 27, 'train_loss': 0.3888, 'train_acc': 0.8673, 'task_loss': (0.2535, 0.1353)}
{'epoch': 28, 'train_loss': 0.4217, 'train_acc': 0.913, 'task_loss': (0.3327, 0.089)}
{'epoch': 29, 'train_loss': 0.4257, 'train_acc': 0.8609, 'task_loss': (0.3322, 0.0935)}
{'epoch': 30, 'train_loss': 0.2983, 'train_acc': 0.8957, 'task_loss': (0.1791, 0.1192)}
{'epoch': 31, 'train_loss': 0.2249, 'train_acc': 0.9268, 'task_loss': (0.1406, 0.0842)}
{'epoch': 32, 'train_loss': 0.2223, 'train_acc': 0.9304, 'task_loss': (0.1319, 0.0904)}
{'epoch': 33, 'train_loss': 0.4535, 'train_acc': 0.9217, 'task_loss': (0.3955, 0.0579)}
{'epoch': 34, 'train_loss': 0.3832, 'train_acc': 0.9381, 'task_loss': (0.3129, 0.0702)}
{'epoch': 35, 'train_loss': 0.2995, 'train_acc': 0.8957, 'task_loss': (0.1962, 0.1033)}
{'epoch': 36, 'train_loss': 0.1732, 'train_acc': 0.912, 'task_loss': (0.0759, 0.0973)}
{'epoch': 37, 'train_loss': 0.1949, 'train_acc': 0.9391, 'task_loss': (0.1356, 0.0592)}
{'epoch': 38, 'train_loss': 0.4059, 'train_acc': 0.9292, 'task_loss': (0.3256, 0.0803)}
{'epoch': 39, 'train_loss': 0.1432, 'train_acc': 0.9739, 'task_loss': (0.1051, 0.0382)}
{'epoch': 40, 'train_loss': 0.2907, 'train_acc': 0.913, 'task_loss': (0.2101, 0.0806)}
{'epoch': 41, 'train_loss': 0.317, 'train_acc': 0.928, 'task_loss': (0.2408, 0.0762)}
{'epoch': 42, 'train_loss': 0.1888, 'train_acc': 0.9292, 'task_loss': (0.0911, 0.0977)}
{'epoch': 43, 'train_loss': 0.0862, 'train_acc': 0.9826, 'task_loss': (0.0451, 0.0411)}
{'epoch': 44, 'train_loss': 0.1513, 'train_acc': 0.9478, 'task_loss': (0.1199, 0.0314)}
{'epoch': 45, 'train_loss': 0.3015, 'train_acc': 0.9304, 'task_loss': (0.2533, 0.0482)}
{'epoch': 46, 'train_loss': 0.278, 'train_acc': 0.9512, 'task_loss': (0.2391, 0.039)}
{'epoch': 47, 'train_loss': 0.1307, 'train_acc': 0.9565, 'task_loss': (0.0766, 0.0541)}
{'epoch': 48, 'train_loss': 0.0824, 'train_acc': 0.9826, 'task_loss': (0.0396, 0.0428)}
{'epoch': 49, 'train_loss': 0.1091, 'train_acc': 0.9739, 'task_loss': (0.0716, 0.0375)}
{'epoch': 50, 'train_loss': 0.1222, 'train_acc': 0.9735, 'task_loss': (0.0967, 0.0256)}
{'epoch': 51, 'train_loss': 0.1161, 'train_acc': 0.944, 'task_loss': (0.0544, 0.0618)}
{'epoch': 52, 'train_loss': 0.2825, 'train_acc': 0.9478, 'task_loss': (0.2511, 0.0314)}
{'epoch': 53, 'train_loss': 0.0847, 'train_acc': 0.9646, 'task_loss': (0.0429, 0.0417)}
{'epoch': 54, 'train_loss': 0.3311, 'train_acc': 0.9478, 'task_loss': (0.3001, 0.0309)}
{'epoch': 55, 'train_loss': 0.0929, 'train_acc': 0.9739, 'task_loss': (0.0287, 0.0642)}
{'epoch': 56, 'train_loss': 0.1597, 'train_acc': 0.968, 'task_loss': (0.117, 0.0428)}
{'epoch': 57, 'train_loss': 0.0764, 'train_acc': 0.9823, 'task_loss': (0.054, 0.0224)}
{'epoch': 58, 'train_loss': 0.045, 'train_acc': 0.9826, 'task_loss': (0.0091, 0.0359)}
{'epoch': 59, 'train_loss': 0.1052, 'train_acc': 0.9739, 'task_loss': (0.061, 0.0443)}
{'epoch': 60, 'train_loss': 0.079, 'train_acc': 0.9652, 'task_loss': (0.0244, 0.0546)}
{'epoch': 61, 'train_loss': 0.1252, 'train_acc': 0.9675, 'task_loss': (0.0949, 0.0304)}
{'epoch': 62, 'train_loss': 0.1571, 'train_acc': 0.9565, 'task_loss': (0.1286, 0.0286)}
{'epoch': 63, 'train_loss': 0.069, 'train_acc': 0.9739, 'task_loss': (0.0408, 0.0282)}
{'epoch': 64, 'train_loss': 0.1774, 'train_acc': 0.9391, 'task_loss': (0.126, 0.0515)}
{'epoch': 65, 'train_loss': 0.0699, 'train_acc': 0.9735, 'task_loss': (0.0373, 0.0325)}
{'epoch': 66, 'train_loss': 0.1633, 'train_acc': 0.944, 'task_loss': (0.0877, 0.0756)}
{'epoch': 67, 'train_loss': 0.0695, 'train_acc': 0.9913, 'task_loss': (0.0458, 0.0237)}
{'epoch': 68, 'train_loss': 0.1399, 'train_acc': 0.9735, 'task_loss': (0.1187, 0.0211)}
{'epoch': 69, 'train_loss': 0.0634, 'train_acc': 0.9913, 'task_loss': (0.0428, 0.0206)}
{'epoch': 70, 'train_loss': 0.1364, 'train_acc': 0.9739, 'task_loss': (0.1157, 0.0207)}
{'epoch': 71, 'train_loss': 0.0308, 'train_acc': 1.0, 'task_loss': (0.0183, 0.0125)}
{'epoch': 72, 'train_loss': 0.053, 'train_acc': 0.9912, 'task_loss': (0.04, 0.013)}
{'epoch': 73, 'train_loss': 0.0486, 'train_acc': 0.9913, 'task_loss': (0.029, 0.0197)}
{'epoch': 74, 'train_loss': 0.0833, 'train_acc': 0.9739, 'task_loss': (0.0693, 0.014)}
{'epoch': 75, 'train_loss': 0.0812, 'train_acc': 0.9826, 'task_loss': (0.0682, 0.013)}
{'epoch': 76, 'train_loss': 0.0686, 'train_acc': 0.9919, 'task_loss': (0.0513, 0.0173)}
{'epoch': 77, 'train_loss': 0.0952, 'train_acc': 0.9739, 'task_loss': (0.0814, 0.0138)}
{'epoch': 78, 'train_loss': 0.0561, 'train_acc': 0.9913, 'task_loss': (0.0388, 0.0173)}
{'epoch': 79, 'train_loss': 0.085, 'train_acc': 0.9739, 'task_loss': (0.054, 0.031)}
{'epoch': 80, 'train_loss': 0.0448, 'train_acc': 0.9912, 'task_loss': (0.0323, 0.0125)}
{'epoch': 81, 'train_loss': 0.0903, 'train_acc': 0.968, 'task_loss': (0.0728, 0.0175)}
{'epoch': 82, 'train_loss': 0.0511, 'train_acc': 0.9913, 'task_loss': (0.0399, 0.0112)}
{'epoch': 83, 'train_loss': 0.0541, 'train_acc': 0.9826, 'task_loss': (0.0317, 0.0224)}
{'epoch': 84, 'train_loss': 0.0837, 'train_acc': 0.9823, 'task_loss': (0.0615, 0.0222)}
{'epoch': 85, 'train_loss': 0.0326, 'train_acc': 1.0, 'task_loss': (0.0201, 0.0125)}
{'epoch': 86, 'train_loss': 0.0342, 'train_acc': 1.0, 'task_loss': (0.022, 0.0122)}
{'epoch': 87, 'train_loss': 0.0559, 'train_acc': 0.9912, 'task_loss': (0.0333, 0.0226)}
{'epoch': 88, 'train_loss': 0.0483, 'train_acc': 1.0, 'task_loss': (0.0281, 0.0202)}
{'epoch': 89, 'train_loss': 0.0696, 'train_acc': 0.9652, 'task_loss': (0.0352, 0.0344)}
{'epoch': 90, 'train_loss': 0.0191, 'train_acc': 1.0, 'task_loss': (0.0096, 0.0095)}
{'epoch': 91, 'train_loss': 0.051, 'train_acc': 0.9919, 'task_loss': (0.0352, 0.0157)}
{'epoch': 92, 'train_loss': 0.0351, 'train_acc': 0.9913, 'task_loss': (0.0215, 0.0136)}
{'epoch': 93, 'train_loss': 0.0498, 'train_acc': 0.9913, 'task_loss': (0.0403, 0.0095)}
{'epoch': 94, 'train_loss': 0.1095, 'train_acc': 0.9652, 'task_loss': (0.0817, 0.0279)}
{'epoch': 95, 'train_loss': 0.1623, 'train_acc': 0.9558, 'task_loss': (0.1328, 0.0295)}
{'epoch': 96, 'train_loss': 0.032, 'train_acc': 1.0, 'task_loss': (0.0175, 0.0146)}
{'epoch': 97, 'train_loss': 0.0683, 'train_acc': 0.9913, 'task_loss': (0.055, 0.0133)}
{'epoch': 98, 'train_loss': 0.0713, 'train_acc': 0.9913, 'task_loss': (0.0228, 0.0485)}
{'epoch': 99, 'train_loss': 0.0219, 'train_acc': 1.0, 'task_loss': (0.0101, 0.0118)}
{'epoch': 100, 'train_loss': 0.0799, 'train_acc': 0.9826, 'task_loss': (0.0661, 0.0138)}
{'run_num': 1, 'final_test_err': 0.21625000000000005}
Files already downloaded and verified
Files already downloaded and verified
{'epoch': 1, 'train_loss': 0.9289, 'train_acc': 0.568, 'task_loss': (0.4412, 0.4876)}
{'epoch': 2, 'train_loss': 0.632, 'train_acc': 0.7478, 'task_loss': (0.3577, 0.2743)}
{'epoch': 3, 'train_loss': 0.9264, 'train_acc': 0.6783, 'task_loss': (0.6254, 0.301)}
{'epoch': 4, 'train_loss': 0.6234, 'train_acc': 0.7345, 'task_loss': (0.3468, 0.2765)}
{'epoch': 5, 'train_loss': 0.8484, 'train_acc': 0.7304, 'task_loss': (0.6397, 0.2087)}
{'epoch': 6, 'train_loss': 0.4321, 'train_acc': 0.8, 'task_loss': (0.1921, 0.24)}
{'epoch': 7, 'train_loss': 0.7758, 'train_acc': 0.8435, 'task_loss': (0.5309, 0.2449)}
{'epoch': 8, 'train_loss': 0.6831, 'train_acc': 0.7168, 'task_loss': (0.379, 0.3041)}
{'epoch': 9, 'train_loss': 0.6062, 'train_acc': 0.7913, 'task_loss': (0.2857, 0.3205)}
{'epoch': 10, 'train_loss': 0.7351, 'train_acc': 0.7826, 'task_loss': (0.4178, 0.3173)}
{'epoch': 11, 'train_loss': 0.3648, 'train_acc': 0.816, 'task_loss': (0.1637, 0.2011)}
{'epoch': 12, 'train_loss': 0.6724, 'train_acc': 0.823, 'task_loss': (0.4336, 0.2388)}
{'epoch': 13, 'train_loss': 0.4722, 'train_acc': 0.8522, 'task_loss': (0.3137, 0.1585)}
{'epoch': 14, 'train_loss': 0.4658, 'train_acc': 0.8522, 'task_loss': (0.3185, 0.1473)}
{'epoch': 15, 'train_loss': 0.3011, 'train_acc': 0.9043, 'task_loss': (0.1824, 0.1187)}
{'epoch': 16, 'train_loss': 0.3388, 'train_acc': 0.8862, 'task_loss': (0.1959, 0.1429)}
{'epoch': 17, 'train_loss': 0.3829, 'train_acc': 0.8609, 'task_loss': (0.2324, 0.1504)}
{'epoch': 18, 'train_loss': 0.6491, 'train_acc': 0.8783, 'task_loss': (0.5175, 0.1316)}
{'epoch': 19, 'train_loss': 0.6509, 'train_acc': 0.7876, 'task_loss': (0.3623, 0.2886)}
{'epoch': 20, 'train_loss': 0.4703, 'train_acc': 0.8348, 'task_loss': (0.2943, 0.176)}
{'epoch': 21, 'train_loss': 0.1934, 'train_acc': 0.912, 'task_loss': (0.0932, 0.1002)}
{'epoch': 22, 'train_loss': 0.6979, 'train_acc': 0.8609, 'task_loss': (0.5291, 0.1688)}
{'epoch': 23, 'train_loss': 0.5089, 'train_acc': 0.8584, 'task_loss': (0.3745, 0.1344)}
{'epoch': 24, 'train_loss': 0.3935, 'train_acc': 0.8957, 'task_loss': (0.271, 0.1225)}
{'epoch': 25, 'train_loss': 0.3137, 'train_acc': 0.9217, 'task_loss': (0.1685, 0.1453)}
{'epoch': 26, 'train_loss': 0.1979, 'train_acc': 0.92, 'task_loss': (0.1195, 0.0784)}
{'epoch': 27, 'train_loss': 0.1764, 'train_acc': 0.9204, 'task_loss': (0.0892, 0.0872)}
{'epoch': 28, 'train_loss': 0.373, 'train_acc': 0.887, 'task_loss': (0.2911, 0.0819)}
{'epoch': 29, 'train_loss': 0.3837, 'train_acc': 0.8783, 'task_loss': (0.2548, 0.1289)}
{'epoch': 30, 'train_loss': 0.4374, 'train_acc': 0.8609, 'task_loss': (0.3174, 0.12)}
{'epoch': 31, 'train_loss': 0.3271, 'train_acc': 0.9024, 'task_loss': (0.2261, 0.101)}
{'epoch': 32, 'train_loss': 0.5398, 'train_acc': 0.8348, 'task_loss': (0.3696, 0.1703)}
{'epoch': 33, 'train_loss': 0.3571, 'train_acc': 0.887, 'task_loss': (0.2296, 0.1275)}
{'epoch': 34, 'train_loss': 0.2558, 'train_acc': 0.9204, 'task_loss': (0.1685, 0.0873)}
{'epoch': 35, 'train_loss': 0.1379, 'train_acc': 0.9478, 'task_loss': (0.0821, 0.0558)}
{'epoch': 36, 'train_loss': 0.2354, 'train_acc': 0.96, 'task_loss': (0.1759, 0.0595)}
{'epoch': 37, 'train_loss': 0.1757, 'train_acc': 0.9565, 'task_loss': (0.1146, 0.0611)}
{'epoch': 38, 'train_loss': 0.1928, 'train_acc': 0.9292, 'task_loss': (0.1221, 0.0707)}
{'epoch': 39, 'train_loss': 0.2412, 'train_acc': 0.9217, 'task_loss': (0.147, 0.0942)}
{'epoch': 40, 'train_loss': 0.1965, 'train_acc': 0.9565, 'task_loss': (0.1559, 0.0405)}
{'epoch': 41, 'train_loss': 0.1688, 'train_acc': 0.92, 'task_loss': (0.0946, 0.0742)}
{'epoch': 42, 'train_loss': 0.2742, 'train_acc': 0.9204, 'task_loss': (0.1889, 0.0852)}
{'epoch': 43, 'train_loss': 0.2434, 'train_acc': 0.8957, 'task_loss': (0.1644, 0.079)}
{'epoch': 44, 'train_loss': 0.1499, 'train_acc': 0.9565, 'task_loss': (0.0869, 0.063)}
{'epoch': 45, 'train_loss': 0.2469, 'train_acc': 0.9391, 'task_loss': (0.1612, 0.0857)}
{'epoch': 46, 'train_loss': 0.1889, 'train_acc': 0.9593, 'task_loss': (0.1429, 0.046)}
{'epoch': 47, 'train_loss': 0.1309, 'train_acc': 0.9478, 'task_loss': (0.0884, 0.0424)}
{'epoch': 48, 'train_loss': 0.1783, 'train_acc': 0.9478, 'task_loss': (0.1072, 0.0711)}
{'epoch': 49, 'train_loss': 0.1501, 'train_acc': 0.9652, 'task_loss': (0.1072, 0.0429)}
{'epoch': 50, 'train_loss': 0.1272, 'train_acc': 0.9292, 'task_loss': (0.0564, 0.0707)}
{'epoch': 51, 'train_loss': 0.1717, 'train_acc': 0.92, 'task_loss': (0.0866, 0.0852)}
{'epoch': 52, 'train_loss': 0.0524, 'train_acc': 0.9826, 'task_loss': (0.0306, 0.0218)}
{'epoch': 53, 'train_loss': 0.1455, 'train_acc': 0.9381, 'task_loss': (0.1041, 0.0413)}
{'epoch': 54, 'train_loss': 0.1077, 'train_acc': 0.9652, 'task_loss': (0.0807, 0.027)}
{'epoch': 55, 'train_loss': 0.1208, 'train_acc': 0.9652, 'task_loss': (0.0801, 0.0408)}
{'epoch': 56, 'train_loss': 0.1778, 'train_acc': 0.96, 'task_loss': (0.1497, 0.0281)}
{'epoch': 57, 'train_loss': 0.1736, 'train_acc': 0.9204, 'task_loss': (0.1134, 0.0602)}
{'epoch': 58, 'train_loss': 0.0403, 'train_acc': 0.9913, 'task_loss': (0.0198, 0.0205)}
{'epoch': 59, 'train_loss': 0.1834, 'train_acc': 0.9739, 'task_loss': (0.1619, 0.0215)}
{'epoch': 60, 'train_loss': 0.1772, 'train_acc': 0.9478, 'task_loss': (0.1377, 0.0394)}
{'epoch': 61, 'train_loss': 0.0777, 'train_acc': 0.9756, 'task_loss': (0.0365, 0.0411)}
{'epoch': 62, 'train_loss': 0.1395, 'train_acc': 0.9478, 'task_loss': (0.073, 0.0665)}
{'epoch': 63, 'train_loss': 0.0513, 'train_acc': 0.9826, 'task_loss': (0.044, 0.0073)}
{'epoch': 64, 'train_loss': 0.1191, 'train_acc': 0.9565, 'task_loss': (0.0689, 0.0502)}
{'epoch': 65, 'train_loss': 0.1064, 'train_acc': 0.9912, 'task_loss': (0.0158, 0.0906)}
{'epoch': 66, 'train_loss': 0.0698, 'train_acc': 0.992, 'task_loss': (0.0436, 0.0262)}
{'epoch': 67, 'train_loss': 0.0605, 'train_acc': 0.9826, 'task_loss': (0.0404, 0.02)}
{'epoch': 68, 'train_loss': 0.1318, 'train_acc': 0.9735, 'task_loss': (0.106, 0.0258)}
{'epoch': 69, 'train_loss': 0.0647, 'train_acc': 0.9826, 'task_loss': (0.0494, 0.0153)}
{'epoch': 70, 'train_loss': 0.1012, 'train_acc': 0.9739, 'task_loss': (0.079, 0.0222)}
{'epoch': 71, 'train_loss': 0.0472, 'train_acc': 0.992, 'task_loss': (0.0287, 0.0186)}
{'epoch': 72, 'train_loss': 0.0979, 'train_acc': 0.9646, 'task_loss': (0.0727, 0.0252)}
{'epoch': 73, 'train_loss': 0.0954, 'train_acc': 0.9826, 'task_loss': (0.0853, 0.0101)}
{'epoch': 74, 'train_loss': 0.064, 'train_acc': 0.9739, 'task_loss': (0.0256, 0.0383)}
{'epoch': 75, 'train_loss': 0.1755, 'train_acc': 0.9652, 'task_loss': (0.1553, 0.0203)}
{'epoch': 76, 'train_loss': 0.0446, 'train_acc': 0.9919, 'task_loss': (0.0241, 0.0205)}
{'epoch': 77, 'train_loss': 0.116, 'train_acc': 0.9739, 'task_loss': (0.1002, 0.0158)}
{'epoch': 78, 'train_loss': 0.089, 'train_acc': 0.9739, 'task_loss': (0.0676, 0.0214)}
{'epoch': 79, 'train_loss': 0.0366, 'train_acc': 1.0, 'task_loss': (0.0231, 0.0134)}
{'epoch': 80, 'train_loss': 0.1472, 'train_acc': 0.9735, 'task_loss': (0.1363, 0.0109)}
{'epoch': 81, 'train_loss': 0.0301, 'train_acc': 0.992, 'task_loss': (0.0124, 0.0178)}
{'epoch': 82, 'train_loss': 0.027, 'train_acc': 1.0, 'task_loss': (0.0143, 0.0127)}
{'epoch': 83, 'train_loss': 0.1307, 'train_acc': 0.9739, 'task_loss': (0.1162, 0.0145)}
{'epoch': 84, 'train_loss': 0.0763, 'train_acc': 0.9823, 'task_loss': (0.0581, 0.0182)}
{'epoch': 85, 'train_loss': 0.0845, 'train_acc': 0.9826, 'task_loss': (0.0651, 0.0194)}
{'epoch': 86, 'train_loss': 0.0487, 'train_acc': 0.992, 'task_loss': (0.0349, 0.0137)}
{'epoch': 87, 'train_loss': 0.0293, 'train_acc': 0.9912, 'task_loss': (0.0114, 0.0179)}
{'epoch': 88, 'train_loss': 0.0686, 'train_acc': 0.9652, 'task_loss': (0.0324, 0.0361)}
{'epoch': 89, 'train_loss': 0.0485, 'train_acc': 0.9913, 'task_loss': (0.0252, 0.0233)}
{'epoch': 90, 'train_loss': 0.0472, 'train_acc': 0.9913, 'task_loss': (0.0194, 0.0278)}
{'epoch': 91, 'train_loss': 0.0706, 'train_acc': 0.9837, 'task_loss': (0.058, 0.0126)}
{'epoch': 92, 'train_loss': 0.0455, 'train_acc': 1.0, 'task_loss': (0.0313, 0.0142)}
{'epoch': 93, 'train_loss': 0.0474, 'train_acc': 0.9913, 'task_loss': (0.0206, 0.0268)}
{'epoch': 94, 'train_loss': 0.0274, 'train_acc': 1.0, 'task_loss': (0.0099, 0.0175)}
{'epoch': 95, 'train_loss': 0.1076, 'train_acc': 0.9646, 'task_loss': (0.0813, 0.0262)}
{'epoch': 96, 'train_loss': 0.0935, 'train_acc': 0.984, 'task_loss': (0.0693, 0.0241)}
{'epoch': 97, 'train_loss': 0.0689, 'train_acc': 0.9739, 'task_loss': (0.0497, 0.0192)}
{'epoch': 98, 'train_loss': 0.0497, 'train_acc': 0.9826, 'task_loss': (0.0299, 0.0198)}
{'epoch': 99, 'train_loss': 0.0738, 'train_acc': 0.9735, 'task_loss': (0.0459, 0.0279)}
{'epoch': 100, 'train_loss': 0.0834, 'train_acc': 0.9739, 'task_loss': (0.0555, 0.0279)}
{'run_num': 2, 'final_test_err': 0.21725000000000005}
Files already downloaded and verified
Files already downloaded and verified
{'epoch': 1, 'train_loss': 0.9025, 'train_acc': 0.544, 'task_loss': (0.4484, 0.4541)}
{'epoch': 2, 'train_loss': 0.6178, 'train_acc': 0.7304, 'task_loss': (0.3449, 0.2729)}
{'epoch': 3, 'train_loss': 0.6687, 'train_acc': 0.7739, 'task_loss': (0.3177, 0.3511)}
{'epoch': 4, 'train_loss': 0.6555, 'train_acc': 0.7876, 'task_loss': (0.4411, 0.2144)}
{'epoch': 5, 'train_loss': 0.3988, 'train_acc': 0.8174, 'task_loss': (0.1831, 0.2157)}
{'epoch': 6, 'train_loss': 0.6257, 'train_acc': 0.8, 'task_loss': (0.4239, 0.2018)}
{'epoch': 7, 'train_loss': 0.4675, 'train_acc': 0.8174, 'task_loss': (0.2706, 0.1968)}
{'epoch': 8, 'train_loss': 0.6487, 'train_acc': 0.8496, 'task_loss': (0.3904, 0.2583)}
{'epoch': 9, 'train_loss': 0.7305, 'train_acc': 0.7565, 'task_loss': (0.5028, 0.2277)}
{'epoch': 10, 'train_loss': 0.5277, 'train_acc': 0.8696, 'task_loss': (0.3716, 0.1561)}
{'epoch': 11, 'train_loss': 0.3763, 'train_acc': 0.872, 'task_loss': (0.1931, 0.1832)}
{'epoch': 12, 'train_loss': 0.4152, 'train_acc': 0.885, 'task_loss': (0.2408, 0.1745)}
{'epoch': 13, 'train_loss': 0.324, 'train_acc': 0.8522, 'task_loss': (0.2018, 0.1222)}
{'epoch': 14, 'train_loss': 0.4623, 'train_acc': 0.8696, 'task_loss': (0.3627, 0.0996)}
{'epoch': 15, 'train_loss': 0.4689, 'train_acc': 0.8174, 'task_loss': (0.3242, 0.1447)}
{'epoch': 16, 'train_loss': 0.4078, 'train_acc': 0.8699, 'task_loss': (0.28, 0.1278)}
{'epoch': 17, 'train_loss': 0.5002, 'train_acc': 0.8696, 'task_loss': (0.3588, 0.1415)}
{'epoch': 18, 'train_loss': 0.3645, 'train_acc': 0.8609, 'task_loss': (0.2315, 0.133)}
{'epoch': 19, 'train_loss': 0.3423, 'train_acc': 0.8673, 'task_loss': (0.2255, 0.1168)}
{'epoch': 20, 'train_loss': 0.2212, 'train_acc': 0.8696, 'task_loss': (0.1049, 0.1162)}
{'epoch': 21, 'train_loss': 0.3453, 'train_acc': 0.904, 'task_loss': (0.2199, 0.1254)}
{'epoch': 22, 'train_loss': 0.3272, 'train_acc': 0.9043, 'task_loss': (0.176, 0.1513)}
{'epoch': 23, 'train_loss': 0.4692, 'train_acc': 0.8584, 'task_loss': (0.2801, 0.189)}
{'epoch': 24, 'train_loss': 0.4458, 'train_acc': 0.8783, 'task_loss': (0.3404, 0.1054)}
{'epoch': 25, 'train_loss': 0.2681, 'train_acc': 0.9217, 'task_loss': (0.195, 0.0731)}
{'epoch': 26, 'train_loss': 0.4121, 'train_acc': 0.872, 'task_loss': (0.3065, 0.1056)}
{'epoch': 27, 'train_loss': 0.4918, 'train_acc': 0.8673, 'task_loss': (0.3706, 0.1211)}
{'epoch': 28, 'train_loss': 0.1812, 'train_acc': 0.9304, 'task_loss': (0.1203, 0.0609)}
{'epoch': 29, 'train_loss': 0.2952, 'train_acc': 0.9043, 'task_loss': (0.2119, 0.0833)}
{'epoch': 30, 'train_loss': 0.365, 'train_acc': 0.8435, 'task_loss': (0.1795, 0.1856)}
{'epoch': 31, 'train_loss': 0.3792, 'train_acc': 0.8618, 'task_loss': (0.2354, 0.1437)}
{'epoch': 32, 'train_loss': 0.3624, 'train_acc': 0.9043, 'task_loss': (0.2584, 0.104)}
{'epoch': 33, 'train_loss': 0.4567, 'train_acc': 0.887, 'task_loss': (0.3568, 0.0999)}
{'epoch': 34, 'train_loss': 0.5404, 'train_acc': 0.9204, 'task_loss': (0.4435, 0.0969)}
{'epoch': 35, 'train_loss': 0.3477, 'train_acc': 0.8435, 'task_loss': (0.1202, 0.2275)}
{'epoch': 36, 'train_loss': 0.3149, 'train_acc': 0.896, 'task_loss': (0.1759, 0.139)}
{'epoch': 37, 'train_loss': 0.3364, 'train_acc': 0.887, 'task_loss': (0.2326, 0.1038)}
{'epoch': 38, 'train_loss': 0.292, 'train_acc': 0.8938, 'task_loss': (0.1773, 0.1146)}
{'epoch': 39, 'train_loss': 0.1726, 'train_acc': 0.9478, 'task_loss': (0.1243, 0.0483)}
{'epoch': 40, 'train_loss': 0.2658, 'train_acc': 0.9304, 'task_loss': (0.194, 0.0718)}
{'epoch': 41, 'train_loss': 0.3477, 'train_acc': 0.88, 'task_loss': (0.23, 0.1176)}
{'epoch': 42, 'train_loss': 0.1284, 'train_acc': 0.9558, 'task_loss': (0.0839, 0.0445)}
{'epoch': 43, 'train_loss': 0.1075, 'train_acc': 0.9478, 'task_loss': (0.0496, 0.0579)}
{'epoch': 44, 'train_loss': 0.5349, 'train_acc': 0.887, 'task_loss': (0.4412, 0.0938)}
{'epoch': 45, 'train_loss': 0.4097, 'train_acc': 0.8696, 'task_loss': (0.312, 0.0977)}
{'epoch': 46, 'train_loss': 0.2819, 'train_acc': 0.9187, 'task_loss': (0.206, 0.0759)}
{'epoch': 47, 'train_loss': 0.3561, 'train_acc': 0.9043, 'task_loss': (0.2945, 0.0617)}
{'epoch': 48, 'train_loss': 0.3024, 'train_acc': 0.9391, 'task_loss': (0.2337, 0.0687)}
{'epoch': 49, 'train_loss': 0.2055, 'train_acc': 0.913, 'task_loss': (0.1279, 0.0775)}
{'epoch': 50, 'train_loss': 0.1065, 'train_acc': 0.9381, 'task_loss': (0.0367, 0.0697)}
{'epoch': 51, 'train_loss': 0.1119, 'train_acc': 0.952, 'task_loss': (0.0426, 0.0692)}
{'epoch': 52, 'train_loss': 0.1722, 'train_acc': 0.9565, 'task_loss': (0.1304, 0.0419)}
{'epoch': 53, 'train_loss': 0.2533, 'train_acc': 0.9204, 'task_loss': (0.1947, 0.0586)}
{'epoch': 54, 'train_loss': 0.2027, 'train_acc': 0.9478, 'task_loss': (0.1671, 0.0356)}
{'epoch': 55, 'train_loss': 0.1219, 'train_acc': 0.9565, 'task_loss': (0.0716, 0.0504)}
{'epoch': 56, 'train_loss': 0.1377, 'train_acc': 0.976, 'task_loss': (0.1117, 0.026)}
{'epoch': 57, 'train_loss': 0.2448, 'train_acc': 0.9292, 'task_loss': (0.1937, 0.0511)}
{'epoch': 58, 'train_loss': 0.1923, 'train_acc': 0.9565, 'task_loss': (0.1471, 0.0451)}
{'epoch': 59, 'train_loss': 0.3339, 'train_acc': 0.9304, 'task_loss': (0.2512, 0.0827)}
{'epoch': 60, 'train_loss': 0.0985, 'train_acc': 0.9652, 'task_loss': (0.0671, 0.0314)}
{'epoch': 61, 'train_loss': 0.0551, 'train_acc': 1.0, 'task_loss': (0.0347, 0.0204)}
{'epoch': 62, 'train_loss': 0.1411, 'train_acc': 0.9826, 'task_loss': (0.1252, 0.0159)}
{'epoch': 63, 'train_loss': 0.1338, 'train_acc': 0.9391, 'task_loss': (0.0904, 0.0434)}
{'epoch': 64, 'train_loss': 0.2598, 'train_acc': 0.9304, 'task_loss': (0.2083, 0.0516)}
{'epoch': 65, 'train_loss': 0.081, 'train_acc': 0.9646, 'task_loss': (0.0482, 0.0328)}
{'epoch': 66, 'train_loss': 0.137, 'train_acc': 0.96, 'task_loss': (0.0855, 0.0516)}
{'epoch': 67, 'train_loss': 0.0568, 'train_acc': 0.9739, 'task_loss': (0.024, 0.0328)}
{'epoch': 68, 'train_loss': 0.1225, 'train_acc': 0.9735, 'task_loss': (0.1008, 0.0218)}
{'epoch': 69, 'train_loss': 0.0788, 'train_acc': 0.9652, 'task_loss': (0.035, 0.0439)}
{'epoch': 70, 'train_loss': 0.129, 'train_acc': 0.9565, 'task_loss': (0.099, 0.03)}
{'epoch': 71, 'train_loss': 0.1596, 'train_acc': 0.96, 'task_loss': (0.1391, 0.0205)}
{'epoch': 72, 'train_loss': 0.061, 'train_acc': 0.9912, 'task_loss': (0.0328, 0.0282)}
{'epoch': 73, 'train_loss': 0.0814, 'train_acc': 0.9565, 'task_loss': (0.0488, 0.0326)}
{'epoch': 74, 'train_loss': 0.1063, 'train_acc': 0.9739, 'task_loss': (0.0935, 0.0129)}
{'epoch': 75, 'train_loss': 0.0428, 'train_acc': 0.9913, 'task_loss': (0.0209, 0.0219)}
{'epoch': 76, 'train_loss': 0.1268, 'train_acc': 0.9837, 'task_loss': (0.1135, 0.0134)}
{'epoch': 77, 'train_loss': 0.0751, 'train_acc': 0.9826, 'task_loss': (0.029, 0.0461)}
{'epoch': 78, 'train_loss': 0.1547, 'train_acc': 0.9739, 'task_loss': (0.1336, 0.0212)}
{'epoch': 79, 'train_loss': 0.1898, 'train_acc': 0.9478, 'task_loss': (0.1669, 0.0229)}
{'epoch': 80, 'train_loss': 0.1206, 'train_acc': 0.9823, 'task_loss': (0.0829, 0.0376)}
{'epoch': 81, 'train_loss': 0.1451, 'train_acc': 0.952, 'task_loss': (0.1083, 0.0368)}
{'epoch': 82, 'train_loss': 0.096, 'train_acc': 0.9739, 'task_loss': (0.0793, 0.0167)}
{'epoch': 83, 'train_loss': 0.0831, 'train_acc': 0.9739, 'task_loss': (0.06, 0.0231)}
{'epoch': 84, 'train_loss': 0.0641, 'train_acc': 0.9823, 'task_loss': (0.0427, 0.0214)}
{'epoch': 85, 'train_loss': 0.1162, 'train_acc': 0.9826, 'task_loss': (0.0996, 0.0166)}
{'epoch': 86, 'train_loss': 0.092, 'train_acc': 0.976, 'task_loss': (0.0645, 0.0275)}
{'epoch': 87, 'train_loss': 0.0396, 'train_acc': 1.0, 'task_loss': (0.0214, 0.0182)}
{'epoch': 88, 'train_loss': 0.0249, 'train_acc': 0.9913, 'task_loss': (0.0082, 0.0167)}
{'epoch': 89, 'train_loss': 0.0508, 'train_acc': 0.9826, 'task_loss': (0.0258, 0.025)}
{'epoch': 90, 'train_loss': 0.0378, 'train_acc': 1.0, 'task_loss': (0.0221, 0.0157)}
{'epoch': 91, 'train_loss': 0.0824, 'train_acc': 0.9837, 'task_loss': (0.0693, 0.0132)}
{'epoch': 92, 'train_loss': 0.0568, 'train_acc': 0.9652, 'task_loss': (0.0146, 0.0422)}
{'epoch': 93, 'train_loss': 0.1197, 'train_acc': 0.9739, 'task_loss': (0.0693, 0.0504)}
{'epoch': 94, 'train_loss': 0.0336, 'train_acc': 1.0, 'task_loss': (0.0203, 0.0133)}
{'epoch': 95, 'train_loss': 0.0412, 'train_acc': 1.0, 'task_loss': (0.0235, 0.0177)}
{'epoch': 96, 'train_loss': 0.0286, 'train_acc': 1.0, 'task_loss': (0.0152, 0.0135)}
{'epoch': 97, 'train_loss': 0.1512, 'train_acc': 0.9826, 'task_loss': (0.1352, 0.016)}
{'epoch': 98, 'train_loss': 0.0688, 'train_acc': 0.9913, 'task_loss': (0.0474, 0.0215)}
{'epoch': 99, 'train_loss': 0.0622, 'train_acc': 0.9912, 'task_loss': (0.0461, 0.0161)}
{'epoch': 100, 'train_loss': 0.1048, 'train_acc': 0.9739, 'task_loss': (0.0768, 0.0279)}
{'run_num': 3, 'final_test_err': 0.21924999999999994}
Files already downloaded and verified
Files already downloaded and verified
{'epoch': 1, 'train_loss': 0.6783, 'train_acc': 0.696, 'task_loss': (0.3694, 0.3088)}
{'epoch': 2, 'train_loss': 0.8531, 'train_acc': 0.687, 'task_loss': (0.5472, 0.3059)}
{'epoch': 3, 'train_loss': 0.9834, 'train_acc': 0.6783, 'task_loss': (0.6978, 0.2856)}
{'epoch': 4, 'train_loss': 0.7161, 'train_acc': 0.7699, 'task_loss': (0.4983, 0.2177)}
{'epoch': 5, 'train_loss': 0.4734, 'train_acc': 0.8, 'task_loss': (0.2097, 0.2637)}
{'epoch': 6, 'train_loss': 0.7303, 'train_acc': 0.808, 'task_loss': (0.5757, 0.1545)}
{'epoch': 7, 'train_loss': 0.462, 'train_acc': 0.7913, 'task_loss': (0.1943, 0.2677)}
{'epoch': 8, 'train_loss': 0.6086, 'train_acc': 0.8761, 'task_loss': (0.4125, 0.1961)}
{'epoch': 9, 'train_loss': 0.4252, 'train_acc': 0.8087, 'task_loss': (0.2219, 0.2033)}
{'epoch': 10, 'train_loss': 0.2852, 'train_acc': 0.8696, 'task_loss': (0.1619, 0.1232)}
{'epoch': 11, 'train_loss': 0.7961, 'train_acc': 0.824, 'task_loss': (0.5551, 0.241)}
{'epoch': 12, 'train_loss': 0.5879, 'train_acc': 0.7522, 'task_loss': (0.3026, 0.2853)}
{'epoch': 13, 'train_loss': 0.5635, 'train_acc': 0.7739, 'task_loss': (0.3751, 0.1884)}
{'epoch': 14, 'train_loss': 0.3398, 'train_acc': 0.8435, 'task_loss': (0.1709, 0.1688)}
{'epoch': 15, 'train_loss': 0.4123, 'train_acc': 0.8696, 'task_loss': (0.2861, 0.1262)}
{'epoch': 16, 'train_loss': 0.4052, 'train_acc': 0.9106, 'task_loss': (0.3249, 0.0803)}
{'epoch': 17, 'train_loss': 0.5086, 'train_acc': 0.8261, 'task_loss': (0.3761, 0.1325)}
{'epoch': 18, 'train_loss': 0.4301, 'train_acc': 0.8696, 'task_loss': (0.2746, 0.1555)}
{'epoch': 19, 'train_loss': 0.3032, 'train_acc': 0.8496, 'task_loss': (0.1083, 0.1949)}
{'epoch': 20, 'train_loss': 0.699, 'train_acc': 0.7739, 'task_loss': (0.4627, 0.2363)}
{'epoch': 21, 'train_loss': 0.4071, 'train_acc': 0.808, 'task_loss': (0.2061, 0.201)}
{'epoch': 22, 'train_loss': 0.2848, 'train_acc': 0.913, 'task_loss': (0.1649, 0.1199)}
{'epoch': 23, 'train_loss': 0.3753, 'train_acc': 0.8938, 'task_loss': (0.2801, 0.0952)}
{'epoch': 24, 'train_loss': 0.3688, 'train_acc': 0.887, 'task_loss': (0.2717, 0.0971)}
{'epoch': 25, 'train_loss': 0.4826, 'train_acc': 0.913, 'task_loss': (0.3965, 0.0861)}
{'epoch': 26, 'train_loss': 0.3135, 'train_acc': 0.888, 'task_loss': (0.1684, 0.1451)}
{'epoch': 27, 'train_loss': 0.2156, 'train_acc': 0.9204, 'task_loss': (0.1323, 0.0833)}
{'epoch': 28, 'train_loss': 0.2379, 'train_acc': 0.9391, 'task_loss': (0.1672, 0.0707)}
{'epoch': 29, 'train_loss': 0.1372, 'train_acc': 0.9391, 'task_loss': (0.0867, 0.0506)}
{'epoch': 30, 'train_loss': 0.5006, 'train_acc': 0.913, 'task_loss': (0.421, 0.0796)}
{'epoch': 31, 'train_loss': 0.3636, 'train_acc': 0.9024, 'task_loss': (0.2295, 0.1341)}
{'epoch': 32, 'train_loss': 0.5243, 'train_acc': 0.8522, 'task_loss': (0.3883, 0.136)}
{'epoch': 33, 'train_loss': 0.2508, 'train_acc': 0.913, 'task_loss': (0.1799, 0.0709)}
{'epoch': 34, 'train_loss': 0.1162, 'train_acc': 0.9381, 'task_loss': (0.047, 0.0693)}
{'epoch': 35, 'train_loss': 0.4552, 'train_acc': 0.8957, 'task_loss': (0.368, 0.0872)}
{'epoch': 36, 'train_loss': 0.1762, 'train_acc': 0.912, 'task_loss': (0.0874, 0.0889)}
{'epoch': 37, 'train_loss': 0.2578, 'train_acc': 0.9217, 'task_loss': (0.1678, 0.0899)}
{'epoch': 38, 'train_loss': 0.2206, 'train_acc': 0.9292, 'task_loss': (0.1138, 0.1068)}
{'epoch': 39, 'train_loss': 0.3719, 'train_acc': 0.8783, 'task_loss': (0.2417, 0.1302)}
{'epoch': 40, 'train_loss': 0.2065, 'train_acc': 0.9391, 'task_loss': (0.1381, 0.0684)}
{'epoch': 41, 'train_loss': 0.1906, 'train_acc': 0.968, 'task_loss': (0.1408, 0.0498)}
{'epoch': 42, 'train_loss': 0.141, 'train_acc': 0.9381, 'task_loss': (0.0821, 0.0589)}
{'epoch': 43, 'train_loss': 0.1535, 'train_acc': 0.9391, 'task_loss': (0.0728, 0.0806)}
{'epoch': 44, 'train_loss': 0.2807, 'train_acc': 0.9565, 'task_loss': (0.2412, 0.0395)}
{'epoch': 45, 'train_loss': 0.2448, 'train_acc': 0.887, 'task_loss': (0.1418, 0.1029)}
{'epoch': 46, 'train_loss': 0.1212, 'train_acc': 0.9675, 'task_loss': (0.0951, 0.0261)}
{'epoch': 47, 'train_loss': 0.0813, 'train_acc': 0.9739, 'task_loss': (0.0373, 0.044)}
{'epoch': 48, 'train_loss': 0.1284, 'train_acc': 0.9739, 'task_loss': (0.1029, 0.0255)}
{'epoch': 49, 'train_loss': 0.148, 'train_acc': 0.9739, 'task_loss': (0.1168, 0.0312)}
{'epoch': 50, 'train_loss': 0.2498, 'train_acc': 0.9027, 'task_loss': (0.1795, 0.0703)}
{'epoch': 51, 'train_loss': 0.1319, 'train_acc': 0.928, 'task_loss': (0.0571, 0.0748)}
{'epoch': 52, 'train_loss': 0.1856, 'train_acc': 0.9652, 'task_loss': (0.158, 0.0275)}
{'epoch': 53, 'train_loss': 0.0383, 'train_acc': 0.9912, 'task_loss': (0.019, 0.0193)}
{'epoch': 54, 'train_loss': 0.0869, 'train_acc': 0.9565, 'task_loss': (0.0376, 0.0493)}
{'epoch': 55, 'train_loss': 0.1873, 'train_acc': 0.9478, 'task_loss': (0.1529, 0.0344)}
{'epoch': 56, 'train_loss': 0.0925, 'train_acc': 0.976, 'task_loss': (0.0623, 0.0302)}
{'epoch': 57, 'train_loss': 0.2158, 'train_acc': 0.8938, 'task_loss': (0.1144, 0.1015)}
{'epoch': 58, 'train_loss': 0.1146, 'train_acc': 0.9826, 'task_loss': (0.0827, 0.0319)}
{'epoch': 59, 'train_loss': 0.1166, 'train_acc': 0.9652, 'task_loss': (0.0931, 0.0235)}
{'epoch': 60, 'train_loss': 0.1193, 'train_acc': 0.9739, 'task_loss': (0.0963, 0.023)}
{'epoch': 61, 'train_loss': 0.1284, 'train_acc': 0.9675, 'task_loss': (0.095, 0.0334)}
{'epoch': 62, 'train_loss': 0.0973, 'train_acc': 0.9739, 'task_loss': (0.0574, 0.0398)}
{'epoch': 63, 'train_loss': 0.2027, 'train_acc': 0.9478, 'task_loss': (0.1569, 0.0458)}
{'epoch': 64, 'train_loss': 0.1647, 'train_acc': 0.9565, 'task_loss': (0.1095, 0.0552)}
{'epoch': 65, 'train_loss': 0.1488, 'train_acc': 0.9735, 'task_loss': (0.1145, 0.0343)}
{'epoch': 66, 'train_loss': 0.0508, 'train_acc': 0.992, 'task_loss': (0.0284, 0.0224)}
{'epoch': 67, 'train_loss': 0.2586, 'train_acc': 0.9391, 'task_loss': (0.2204, 0.0382)}
{'epoch': 68, 'train_loss': 0.0585, 'train_acc': 0.9912, 'task_loss': (0.0435, 0.015)}
{'epoch': 69, 'train_loss': 0.0459, 'train_acc': 0.9913, 'task_loss': (0.0275, 0.0184)}
{'epoch': 70, 'train_loss': 0.0443, 'train_acc': 1.0, 'task_loss': (0.0241, 0.0202)}
{'epoch': 71, 'train_loss': 0.0889, 'train_acc': 0.984, 'task_loss': (0.0533, 0.0356)}
{'epoch': 72, 'train_loss': 0.0256, 'train_acc': 1.0, 'task_loss': (0.0103, 0.0154)}
{'epoch': 73, 'train_loss': 0.0256, 'train_acc': 1.0, 'task_loss': (0.0108, 0.0148)}
{'epoch': 74, 'train_loss': 0.0814, 'train_acc': 0.9739, 'task_loss': (0.0421, 0.0393)}
{'epoch': 75, 'train_loss': 0.0351, 'train_acc': 0.9913, 'task_loss': (0.0188, 0.0163)}
{'epoch': 76, 'train_loss': 0.0614, 'train_acc': 0.9837, 'task_loss': (0.0363, 0.0252)}
{'epoch': 77, 'train_loss': 0.025, 'train_acc': 1.0, 'task_loss': (0.0163, 0.0087)}
{'epoch': 78, 'train_loss': 0.0684, 'train_acc': 0.9913, 'task_loss': (0.056, 0.0124)}
{'epoch': 79, 'train_loss': 0.0555, 'train_acc': 0.9913, 'task_loss': (0.0414, 0.0141)}
{'epoch': 80, 'train_loss': 0.0488, 'train_acc': 0.9823, 'task_loss': (0.0265, 0.0222)}
{'epoch': 81, 'train_loss': 0.0468, 'train_acc': 0.984, 'task_loss': (0.0318, 0.015)}
{'epoch': 82, 'train_loss': 0.0319, 'train_acc': 1.0, 'task_loss': (0.0207, 0.0112)}
{'epoch': 83, 'train_loss': 0.1101, 'train_acc': 0.9652, 'task_loss': (0.0728, 0.0373)}
{'epoch': 84, 'train_loss': 0.0997, 'train_acc': 0.9912, 'task_loss': (0.0794, 0.0203)}
{'epoch': 85, 'train_loss': 0.042, 'train_acc': 0.9913, 'task_loss': (0.026, 0.016)}
{'epoch': 86, 'train_loss': 0.0585, 'train_acc': 0.992, 'task_loss': (0.0466, 0.0119)}
{'epoch': 87, 'train_loss': 0.0404, 'train_acc': 0.9912, 'task_loss': (0.0174, 0.023)}
{'epoch': 88, 'train_loss': 0.0377, 'train_acc': 1.0, 'task_loss': (0.0272, 0.0105)}
{'epoch': 89, 'train_loss': 0.095, 'train_acc': 0.9739, 'task_loss': (0.0815, 0.0135)}
{'epoch': 90, 'train_loss': 0.0386, 'train_acc': 0.9826, 'task_loss': (0.012, 0.0266)}
{'epoch': 91, 'train_loss': 0.028, 'train_acc': 1.0, 'task_loss': (0.0171, 0.0109)}
{'epoch': 92, 'train_loss': 0.0497, 'train_acc': 0.9913, 'task_loss': (0.0314, 0.0183)}
{'epoch': 93, 'train_loss': 0.0227, 'train_acc': 0.9913, 'task_loss': (0.0077, 0.015)}
{'epoch': 94, 'train_loss': 0.1558, 'train_acc': 0.9565, 'task_loss': (0.1344, 0.0215)}
{'epoch': 95, 'train_loss': 0.1659, 'train_acc': 0.9735, 'task_loss': (0.1522, 0.0136)}
{'epoch': 96, 'train_loss': 0.1783, 'train_acc': 0.968, 'task_loss': (0.1573, 0.021)}
{'epoch': 97, 'train_loss': 0.0656, 'train_acc': 0.9739, 'task_loss': (0.0323, 0.0333)}
{'epoch': 98, 'train_loss': 0.0597, 'train_acc': 0.9739, 'task_loss': (0.0238, 0.0358)}
{'epoch': 99, 'train_loss': 0.0798, 'train_acc': 0.9912, 'task_loss': (0.061, 0.0188)}
{'epoch': 100, 'train_loss': 0.0747, 'train_acc': 0.9826, 'task_loss': (0.0594, 0.0153)}
{'run_num': 4, 'final_test_err': 0.20475}
Files already downloaded and verified
Files already downloaded and verified
{'epoch': 1, 'train_loss': 0.9539, 'train_acc': 0.624, 'task_loss': (0.569, 0.3849)}
{'epoch': 2, 'train_loss': 0.9106, 'train_acc': 0.6087, 'task_loss': (0.5754, 0.3353)}
{'epoch': 3, 'train_loss': 0.5352, 'train_acc': 0.8261, 'task_loss': (0.3527, 0.1825)}
{'epoch': 4, 'train_loss': 0.7686, 'train_acc': 0.7345, 'task_loss': (0.4827, 0.286)}
{'epoch': 5, 'train_loss': 0.4815, 'train_acc': 0.8348, 'task_loss': (0.3189, 0.1625)}
{'epoch': 6, 'train_loss': 0.9511, 'train_acc': 0.688, 'task_loss': (0.5661, 0.385)}
{'epoch': 7, 'train_loss': 0.7639, 'train_acc': 0.7565, 'task_loss': (0.5144, 0.2495)}
{'epoch': 8, 'train_loss': 0.5463, 'train_acc': 0.8142, 'task_loss': (0.3622, 0.184)}
{'epoch': 9, 'train_loss': 0.5763, 'train_acc': 0.8609, 'task_loss': (0.4343, 0.1421)}
{'epoch': 10, 'train_loss': 0.8122, 'train_acc': 0.6435, 'task_loss': (0.4782, 0.334)}
{'epoch': 11, 'train_loss': 0.4613, 'train_acc': 0.752, 'task_loss': (0.1937, 0.2675)}
{'epoch': 12, 'train_loss': 0.2613, 'train_acc': 0.9204, 'task_loss': (0.1527, 0.1086)}
{'epoch': 13, 'train_loss': 0.2597, 'train_acc': 0.9217, 'task_loss': (0.1383, 0.1213)}
{'epoch': 14, 'train_loss': 0.7655, 'train_acc': 0.8174, 'task_loss': (0.621, 0.1445)}
{'epoch': 15, 'train_loss': 0.5258, 'train_acc': 0.8087, 'task_loss': (0.2943, 0.2316)}
{'epoch': 16, 'train_loss': 0.1997, 'train_acc': 0.9024, 'task_loss': (0.0905, 0.1093)}
{'epoch': 17, 'train_loss': 0.4973, 'train_acc': 0.8261, 'task_loss': (0.282, 0.2152)}
{'epoch': 18, 'train_loss': 0.3933, 'train_acc': 0.8261, 'task_loss': (0.239, 0.1542)}
{'epoch': 19, 'train_loss': 0.3178, 'train_acc': 0.8496, 'task_loss': (0.1625, 0.1553)}
{'epoch': 20, 'train_loss': 0.2397, 'train_acc': 0.8696, 'task_loss': (0.0722, 0.1676)}
{'epoch': 21, 'train_loss': 0.3406, 'train_acc': 0.904, 'task_loss': (0.2798, 0.0608)}
{'epoch': 22, 'train_loss': 0.2468, 'train_acc': 0.9304, 'task_loss': (0.1899, 0.0568)}
{'epoch': 23, 'train_loss': 0.3838, 'train_acc': 0.8938, 'task_loss': (0.1991, 0.1847)}
{'epoch': 24, 'train_loss': 0.1971, 'train_acc': 0.9478, 'task_loss': (0.1269, 0.0702)}
{'epoch': 25, 'train_loss': 0.5442, 'train_acc': 0.8783, 'task_loss': (0.3057, 0.2385)}
{'epoch': 26, 'train_loss': 0.7314, 'train_acc': 0.808, 'task_loss': (0.508, 0.2234)}
{'epoch': 27, 'train_loss': 0.4566, 'train_acc': 0.8761, 'task_loss': (0.3441, 0.1125)}
{'epoch': 28, 'train_loss': 0.3842, 'train_acc': 0.8522, 'task_loss': (0.2318, 0.1524)}
{'epoch': 29, 'train_loss': 0.1718, 'train_acc': 0.9565, 'task_loss': (0.0714, 0.1004)}
{'epoch': 30, 'train_loss': 0.5144, 'train_acc': 0.8783, 'task_loss': (0.3631, 0.1512)}
{'epoch': 31, 'train_loss': 0.2267, 'train_acc': 0.9593, 'task_loss': (0.1639, 0.0628)}
{'epoch': 32, 'train_loss': 0.3248, 'train_acc': 0.9391, 'task_loss': (0.2654, 0.0595)}
{'epoch': 33, 'train_loss': 0.2719, 'train_acc': 0.9217, 'task_loss': (0.1903, 0.0816)}
{'epoch': 34, 'train_loss': 0.2792, 'train_acc': 0.9292, 'task_loss': (0.2214, 0.0578)}
{'epoch': 35, 'train_loss': 0.1806, 'train_acc': 0.9217, 'task_loss': (0.1257, 0.0549)}
{'epoch': 36, 'train_loss': 0.1615, 'train_acc': 0.936, 'task_loss': (0.0875, 0.0739)}
{'epoch': 37, 'train_loss': 0.3228, 'train_acc': 0.9043, 'task_loss': (0.2085, 0.1143)}
{'epoch': 38, 'train_loss': 0.2032, 'train_acc': 0.9027, 'task_loss': (0.0847, 0.1185)}
{'epoch': 39, 'train_loss': 0.3056, 'train_acc': 0.9478, 'task_loss': (0.2143, 0.0913)}
{'epoch': 40, 'train_loss': 0.0668, 'train_acc': 0.9826, 'task_loss': (0.0215, 0.0453)}
{'epoch': 41, 'train_loss': 0.1638, 'train_acc': 0.936, 'task_loss': (0.1055, 0.0583)}
{'epoch': 42, 'train_loss': 0.2813, 'train_acc': 0.9381, 'task_loss': (0.1996, 0.0817)}
{'epoch': 43, 'train_loss': 0.2951, 'train_acc': 0.8783, 'task_loss': (0.202, 0.0931)}
{'epoch': 44, 'train_loss': 0.3075, 'train_acc': 0.8957, 'task_loss': (0.1899, 0.1176)}
{'epoch': 45, 'train_loss': 0.1925, 'train_acc': 0.9565, 'task_loss': (0.1271, 0.0654)}
{'epoch': 46, 'train_loss': 0.3084, 'train_acc': 0.9187, 'task_loss': (0.2459, 0.0625)}
{'epoch': 47, 'train_loss': 0.1349, 'train_acc': 0.9652, 'task_loss': (0.0504, 0.0845)}
{'epoch': 48, 'train_loss': 0.2718, 'train_acc': 0.9304, 'task_loss': (0.1981, 0.0738)}
{'epoch': 49, 'train_loss': 0.1864, 'train_acc': 0.9217, 'task_loss': (0.1027, 0.0837)}
{'epoch': 50, 'train_loss': 0.1604, 'train_acc': 0.9381, 'task_loss': (0.0742, 0.0861)}
{'epoch': 51, 'train_loss': 0.1395, 'train_acc': 0.96, 'task_loss': (0.0973, 0.0422)}
{'epoch': 52, 'train_loss': 0.4224, 'train_acc': 0.9478, 'task_loss': (0.3887, 0.0337)}
{'epoch': 53, 'train_loss': 0.1309, 'train_acc': 0.9469, 'task_loss': (0.0837, 0.0472)}
{'epoch': 54, 'train_loss': 0.1066, 'train_acc': 0.9652, 'task_loss': (0.0548, 0.0519)}
{'epoch': 55, 'train_loss': 0.1075, 'train_acc': 0.9478, 'task_loss': (0.047, 0.0605)}
{'epoch': 56, 'train_loss': 0.2117, 'train_acc': 0.96, 'task_loss': (0.1605, 0.0512)}
{'epoch': 57, 'train_loss': 0.1082, 'train_acc': 0.9735, 'task_loss': (0.074, 0.0343)}
{'epoch': 58, 'train_loss': 0.1887, 'train_acc': 0.9478, 'task_loss': (0.1339, 0.0548)}
{'epoch': 59, 'train_loss': 0.1227, 'train_acc': 0.9652, 'task_loss': (0.0605, 0.0623)}
{'epoch': 60, 'train_loss': 0.0812, 'train_acc': 0.9739, 'task_loss': (0.0372, 0.044)}
{'epoch': 61, 'train_loss': 0.0613, 'train_acc': 0.9675, 'task_loss': (0.0176, 0.0437)}
{'epoch': 62, 'train_loss': 0.1109, 'train_acc': 0.9652, 'task_loss': (0.0299, 0.081)}
{'epoch': 63, 'train_loss': 0.2708, 'train_acc': 0.9478, 'task_loss': (0.2119, 0.0589)}
{'epoch': 64, 'train_loss': 0.1733, 'train_acc': 0.9304, 'task_loss': (0.0992, 0.0741)}
{'epoch': 65, 'train_loss': 0.1298, 'train_acc': 0.9292, 'task_loss': (0.0653, 0.0645)}
{'epoch': 66, 'train_loss': 0.0983, 'train_acc': 0.968, 'task_loss': (0.0614, 0.0369)}
{'epoch': 67, 'train_loss': 0.0442, 'train_acc': 0.9826, 'task_loss': (0.0146, 0.0296)}
{'epoch': 68, 'train_loss': 0.3969, 'train_acc': 0.9204, 'task_loss': (0.352, 0.045)}
{'epoch': 69, 'train_loss': 0.0758, 'train_acc': 0.9739, 'task_loss': (0.0491, 0.0267)}
{'epoch': 70, 'train_loss': 0.0485, 'train_acc': 0.9826, 'task_loss': (0.0262, 0.0224)}
{'epoch': 71, 'train_loss': 0.0484, 'train_acc': 0.984, 'task_loss': (0.0305, 0.0179)}
{'epoch': 72, 'train_loss': 0.1316, 'train_acc': 0.9469, 'task_loss': (0.0681, 0.0635)}
{'epoch': 73, 'train_loss': 0.0394, 'train_acc': 0.9913, 'task_loss': (0.0182, 0.0212)}
{'epoch': 74, 'train_loss': 0.1243, 'train_acc': 0.9652, 'task_loss': (0.0942, 0.03)}
{'epoch': 75, 'train_loss': 0.0595, 'train_acc': 0.9826, 'task_loss': (0.0482, 0.0113)}
{'epoch': 76, 'train_loss': 0.0471, 'train_acc': 0.9919, 'task_loss': (0.0322, 0.0149)}
{'epoch': 77, 'train_loss': 0.1133, 'train_acc': 0.9739, 'task_loss': (0.0834, 0.0299)}
{'epoch': 78, 'train_loss': 0.0253, 'train_acc': 1.0, 'task_loss': (0.0126, 0.0127)}
{'epoch': 79, 'train_loss': 0.0474, 'train_acc': 0.9739, 'task_loss': (0.0129, 0.0344)}
{'epoch': 80, 'train_loss': 0.0743, 'train_acc': 0.9735, 'task_loss': (0.0369, 0.0374)}
{'epoch': 81, 'train_loss': 0.0862, 'train_acc': 0.984, 'task_loss': (0.0643, 0.0219)}
{'epoch': 82, 'train_loss': 0.013, 'train_acc': 1.0, 'task_loss': (0.0078, 0.0053)}
{'epoch': 83, 'train_loss': 0.1663, 'train_acc': 0.9391, 'task_loss': (0.1361, 0.0302)}
{'epoch': 84, 'train_loss': 0.0637, 'train_acc': 0.9823, 'task_loss': (0.0504, 0.0133)}
{'epoch': 85, 'train_loss': 0.0762, 'train_acc': 0.9739, 'task_loss': (0.0503, 0.026)}
{'epoch': 86, 'train_loss': 0.1334, 'train_acc': 0.968, 'task_loss': (0.1112, 0.0222)}
{'epoch': 87, 'train_loss': 0.0953, 'train_acc': 0.9823, 'task_loss': (0.0769, 0.0183)}
{'epoch': 88, 'train_loss': 0.1133, 'train_acc': 0.9739, 'task_loss': (0.0876, 0.0256)}
{'epoch': 89, 'train_loss': 0.0268, 'train_acc': 0.9913, 'task_loss': (0.0146, 0.0123)}
{'epoch': 90, 'train_loss': 0.0417, 'train_acc': 1.0, 'task_loss': (0.0272, 0.0144)}
{'epoch': 91, 'train_loss': 0.0313, 'train_acc': 1.0, 'task_loss': (0.0207, 0.0106)}
{'epoch': 92, 'train_loss': 0.0697, 'train_acc': 0.9913, 'task_loss': (0.055, 0.0147)}
{'epoch': 93, 'train_loss': 0.1235, 'train_acc': 0.9826, 'task_loss': (0.1084, 0.0151)}
{'epoch': 94, 'train_loss': 0.0416, 'train_acc': 0.9913, 'task_loss': (0.0296, 0.0121)}
{'epoch': 95, 'train_loss': 0.05, 'train_acc': 0.9912, 'task_loss': (0.0319, 0.0181)}
{'epoch': 96, 'train_loss': 0.0544, 'train_acc': 0.984, 'task_loss': (0.0273, 0.027)}
{'epoch': 97, 'train_loss': 0.0625, 'train_acc': 0.9913, 'task_loss': (0.0522, 0.0103)}
{'epoch': 98, 'train_loss': 0.1132, 'train_acc': 0.9478, 'task_loss': (0.0851, 0.0281)}
{'epoch': 99, 'train_loss': 0.0722, 'train_acc': 0.9823, 'task_loss': (0.0457, 0.0265)}
{'epoch': 100, 'train_loss': 0.0688, 'train_acc': 0.9739, 'task_loss': (0.0302, 0.0386)}
{'run_num': 5, 'final_test_err': 0.22124999999999995}
Files already downloaded and verified
Files already downloaded and verified
{'epoch': 1, 'train_loss': 0.6264, 'train_acc': 0.696, 'task_loss': (0.3437, 0.2828)}
{'epoch': 2, 'train_loss': 0.5714, 'train_acc': 0.7217, 'task_loss': (0.371, 0.2003)}
{'epoch': 3, 'train_loss': 0.747, 'train_acc': 0.713, 'task_loss': (0.438, 0.309)}
{'epoch': 4, 'train_loss': 0.8313, 'train_acc': 0.7522, 'task_loss': (0.5452, 0.2861)}
{'epoch': 5, 'train_loss': 0.3776, 'train_acc': 0.7565, 'task_loss': (0.1657, 0.2119)}
{'epoch': 6, 'train_loss': 0.5989, 'train_acc': 0.792, 'task_loss': (0.3416, 0.2573)}
{'epoch': 7, 'train_loss': 1.0063, 'train_acc': 0.8348, 'task_loss': (0.8116, 0.1947)}
{'epoch': 8, 'train_loss': 0.599, 'train_acc': 0.7434, 'task_loss': (0.3553, 0.2437)}
{'epoch': 9, 'train_loss': 0.4291, 'train_acc': 0.8348, 'task_loss': (0.2505, 0.1786)}
{'epoch': 10, 'train_loss': 0.3426, 'train_acc': 0.8957, 'task_loss': (0.2662, 0.0764)}
{'epoch': 11, 'train_loss': 1.3591, 'train_acc': 0.632, 'task_loss': (0.8806, 0.4785)}
{'epoch': 12, 'train_loss': 0.7757, 'train_acc': 0.6637, 'task_loss': (0.4184, 0.3573)}
{'epoch': 13, 'train_loss': 0.4733, 'train_acc': 0.8348, 'task_loss': (0.3065, 0.1667)}
{'epoch': 14, 'train_loss': 0.6311, 'train_acc': 0.8087, 'task_loss': (0.3996, 0.2316)}
{'epoch': 15, 'train_loss': 0.4081, 'train_acc': 0.8696, 'task_loss': (0.2273, 0.1808)}
{'epoch': 16, 'train_loss': 0.2626, 'train_acc': 0.8943, 'task_loss': (0.1598, 0.1028)}
{'epoch': 17, 'train_loss': 0.6304, 'train_acc': 0.8522, 'task_loss': (0.4889, 0.1415)}
{'epoch': 18, 'train_loss': 0.4599, 'train_acc': 0.8435, 'task_loss': (0.1735, 0.2864)}
{'epoch': 19, 'train_loss': 0.5172, 'train_acc': 0.8319, 'task_loss': (0.2861, 0.2311)}
{'epoch': 20, 'train_loss': 0.4267, 'train_acc': 0.8522, 'task_loss': (0.2425, 0.1841)}
{'epoch': 21, 'train_loss': 0.2232, 'train_acc': 0.896, 'task_loss': (0.1249, 0.0984)}
{'epoch': 22, 'train_loss': 0.4487, 'train_acc': 0.8609, 'task_loss': (0.2986, 0.1501)}
{'epoch': 23, 'train_loss': 0.2638, 'train_acc': 0.8761, 'task_loss': (0.1255, 0.1383)}
{'epoch': 24, 'train_loss': 0.6771, 'train_acc': 0.8696, 'task_loss': (0.5573, 0.1198)}
{'epoch': 25, 'train_loss': 0.3097, 'train_acc': 0.8696, 'task_loss': (0.1339, 0.1758)}
{'epoch': 26, 'train_loss': 0.2488, 'train_acc': 0.92, 'task_loss': (0.1674, 0.0814)}
{'epoch': 27, 'train_loss': 0.3572, 'train_acc': 0.8584, 'task_loss': (0.2346, 0.1227)}
{'epoch': 28, 'train_loss': 0.1148, 'train_acc': 0.9391, 'task_loss': (0.0399, 0.0749)}
{'epoch': 29, 'train_loss': 0.2308, 'train_acc': 0.9217, 'task_loss': (0.1573, 0.0734)}
{'epoch': 30, 'train_loss': 0.2372, 'train_acc': 0.9304, 'task_loss': (0.1652, 0.072)}
{'epoch': 31, 'train_loss': 0.3187, 'train_acc': 0.9024, 'task_loss': (0.2218, 0.0969)}
{'epoch': 32, 'train_loss': 0.3125, 'train_acc': 0.9043, 'task_loss': (0.2462, 0.0663)}
{'epoch': 33, 'train_loss': 0.1184, 'train_acc': 0.9652, 'task_loss': (0.0624, 0.056)}
{'epoch': 34, 'train_loss': 0.2589, 'train_acc': 0.9646, 'task_loss': (0.2193, 0.0396)}
{'epoch': 35, 'train_loss': 0.2628, 'train_acc': 0.8957, 'task_loss': (0.1567, 0.1062)}
{'epoch': 36, 'train_loss': 0.2289, 'train_acc': 0.928, 'task_loss': (0.158, 0.071)}
{'epoch': 37, 'train_loss': 0.295, 'train_acc': 0.9043, 'task_loss': (0.2058, 0.0892)}
{'epoch': 38, 'train_loss': 0.1688, 'train_acc': 0.9381, 'task_loss': (0.0901, 0.0787)}
{'epoch': 39, 'train_loss': 0.2693, 'train_acc': 0.9217, 'task_loss': (0.1298, 0.1395)}
{'epoch': 40, 'train_loss': 0.2269, 'train_acc': 0.913, 'task_loss': (0.1722, 0.0548)}
{'epoch': 41, 'train_loss': 0.3353, 'train_acc': 0.856, 'task_loss': (0.2505, 0.0849)}
{'epoch': 42, 'train_loss': 0.2595, 'train_acc': 0.885, 'task_loss': (0.1683, 0.0912)}
{'epoch': 43, 'train_loss': 0.2748, 'train_acc': 0.9304, 'task_loss': (0.2074, 0.0675)}
{'epoch': 44, 'train_loss': 0.1573, 'train_acc': 0.9739, 'task_loss': (0.1339, 0.0233)}
{'epoch': 45, 'train_loss': 0.1877, 'train_acc': 0.9478, 'task_loss': (0.1374, 0.0503)}
{'epoch': 46, 'train_loss': 0.1321, 'train_acc': 0.9593, 'task_loss': (0.0941, 0.038)}
{'epoch': 47, 'train_loss': 0.3154, 'train_acc': 0.9217, 'task_loss': (0.2779, 0.0375)}
{'epoch': 48, 'train_loss': 0.137, 'train_acc': 0.9391, 'task_loss': (0.065, 0.072)}
{'epoch': 49, 'train_loss': 0.1434, 'train_acc': 0.9391, 'task_loss': (0.078, 0.0654)}
{'epoch': 50, 'train_loss': 0.0984, 'train_acc': 0.9735, 'task_loss': (0.0433, 0.0551)}
{'epoch': 51, 'train_loss': 0.08, 'train_acc': 0.968, 'task_loss': (0.0456, 0.0343)}
{'epoch': 52, 'train_loss': 0.302, 'train_acc': 0.9652, 'task_loss': (0.2429, 0.0591)}
{'epoch': 53, 'train_loss': 0.0611, 'train_acc': 0.9646, 'task_loss': (0.0142, 0.0469)}
{'epoch': 54, 'train_loss': 0.097, 'train_acc': 0.9652, 'task_loss': (0.0575, 0.0395)}
{'epoch': 55, 'train_loss': 0.1408, 'train_acc': 0.9304, 'task_loss': (0.0967, 0.0441)}
{'epoch': 56, 'train_loss': 0.149, 'train_acc': 0.96, 'task_loss': (0.1093, 0.0397)}
{'epoch': 57, 'train_loss': 0.088, 'train_acc': 0.9823, 'task_loss': (0.0376, 0.0504)}
{'epoch': 58, 'train_loss': 0.1595, 'train_acc': 0.9652, 'task_loss': (0.084, 0.0755)}
{'epoch': 59, 'train_loss': 0.1707, 'train_acc': 0.9478, 'task_loss': (0.1242, 0.0465)}
{'epoch': 60, 'train_loss': 0.1232, 'train_acc': 0.9652, 'task_loss': (0.0862, 0.0369)}
{'epoch': 61, 'train_loss': 0.173, 'train_acc': 0.9431, 'task_loss': (0.1318, 0.0412)}
{'epoch': 62, 'train_loss': 0.1416, 'train_acc': 0.9652, 'task_loss': (0.0956, 0.0459)}
{'epoch': 63, 'train_loss': 0.1077, 'train_acc': 0.9739, 'task_loss': (0.0773, 0.0304)}
{'epoch': 64, 'train_loss': 0.1246, 'train_acc': 0.9565, 'task_loss': (0.0818, 0.0428)}
{'epoch': 65, 'train_loss': 0.0557, 'train_acc': 0.9735, 'task_loss': (0.0151, 0.0406)}
{'epoch': 66, 'train_loss': 0.1989, 'train_acc': 0.96, 'task_loss': (0.1628, 0.0361)}
{'epoch': 67, 'train_loss': 0.128, 'train_acc': 0.9652, 'task_loss': (0.0912, 0.0368)}
{'epoch': 68, 'train_loss': 0.0598, 'train_acc': 0.9735, 'task_loss': (0.0414, 0.0184)}
{'epoch': 69, 'train_loss': 0.0773, 'train_acc': 0.9913, 'task_loss': (0.047, 0.0303)}
{'epoch': 70, 'train_loss': 0.1289, 'train_acc': 0.9565, 'task_loss': (0.0943, 0.0346)}
{'epoch': 71, 'train_loss': 0.0571, 'train_acc': 0.992, 'task_loss': (0.0381, 0.019)}
{'epoch': 72, 'train_loss': 0.0436, 'train_acc': 0.9823, 'task_loss': (0.0131, 0.0305)}
{'epoch': 73, 'train_loss': 0.0834, 'train_acc': 0.9565, 'task_loss': (0.0511, 0.0323)}
{'epoch': 74, 'train_loss': 0.0693, 'train_acc': 0.9826, 'task_loss': (0.0375, 0.0318)}
{'epoch': 75, 'train_loss': 0.0211, 'train_acc': 1.0, 'task_loss': (0.0085, 0.0126)}
{'epoch': 76, 'train_loss': 0.2108, 'train_acc': 0.9756, 'task_loss': (0.1953, 0.0156)}
{'epoch': 77, 'train_loss': 0.1043, 'train_acc': 0.9739, 'task_loss': (0.0798, 0.0245)}
{'epoch': 78, 'train_loss': 0.0732, 'train_acc': 0.9739, 'task_loss': (0.038, 0.0352)}
{'epoch': 79, 'train_loss': 0.0363, 'train_acc': 0.9913, 'task_loss': (0.0245, 0.0118)}
{'epoch': 80, 'train_loss': 0.1424, 'train_acc': 0.9646, 'task_loss': (0.1061, 0.0363)}
{'epoch': 81, 'train_loss': 0.0534, 'train_acc': 0.968, 'task_loss': (0.0234, 0.0299)}
{'epoch': 82, 'train_loss': 0.0762, 'train_acc': 0.9913, 'task_loss': (0.0481, 0.0281)}
{'epoch': 83, 'train_loss': 0.0686, 'train_acc': 0.9826, 'task_loss': (0.0398, 0.0288)}
{'epoch': 84, 'train_loss': 0.0842, 'train_acc': 0.9823, 'task_loss': (0.0519, 0.0323)}
{'epoch': 85, 'train_loss': 0.1339, 'train_acc': 0.9652, 'task_loss': (0.0966, 0.0373)}
{'epoch': 86, 'train_loss': 0.045, 'train_acc': 0.992, 'task_loss': (0.0337, 0.0113)}
{'epoch': 87, 'train_loss': 0.0538, 'train_acc': 0.9823, 'task_loss': (0.0393, 0.0145)}
{'epoch': 88, 'train_loss': 0.0569, 'train_acc': 0.9913, 'task_loss': (0.031, 0.0259)}
{'epoch': 89, 'train_loss': 0.0826, 'train_acc': 0.9739, 'task_loss': (0.0479, 0.0347)}
{'epoch': 90, 'train_loss': 0.1169, 'train_acc': 0.9826, 'task_loss': (0.0983, 0.0185)}
{'epoch': 91, 'train_loss': 0.1547, 'train_acc': 0.9837, 'task_loss': (0.1412, 0.0135)}
{'epoch': 92, 'train_loss': 0.048, 'train_acc': 0.9913, 'task_loss': (0.029, 0.0189)}
{'epoch': 93, 'train_loss': 0.0775, 'train_acc': 0.9652, 'task_loss': (0.0379, 0.0395)}
{'epoch': 94, 'train_loss': 0.022, 'train_acc': 1.0, 'task_loss': (0.0121, 0.0099)}
{'epoch': 95, 'train_loss': 0.0699, 'train_acc': 0.9735, 'task_loss': (0.0495, 0.0203)}
{'epoch': 96, 'train_loss': 0.0549, 'train_acc': 0.984, 'task_loss': (0.0316, 0.0234)}
{'epoch': 97, 'train_loss': 0.1507, 'train_acc': 0.9739, 'task_loss': (0.1228, 0.0279)}
{'epoch': 98, 'train_loss': 0.0507, 'train_acc': 0.9913, 'task_loss': (0.0408, 0.0099)}
{'epoch': 99, 'train_loss': 0.0456, 'train_acc': 0.9823, 'task_loss': (0.017, 0.0286)}
{'epoch': 100, 'train_loss': 0.026, 'train_acc': 1.0, 'task_loss': (0.012, 0.0139)}
{'run_num': 6, 'final_test_err': 0.20850000000000002}
Files already downloaded and verified
Files already downloaded and verified
{'epoch': 1, 'train_loss': 1.5155, 'train_acc': 0.408, 'task_loss': (0.8355, 0.68)}
{'epoch': 2, 'train_loss': 0.5096, 'train_acc': 0.7652, 'task_loss': (0.2404, 0.2692)}
{'epoch': 3, 'train_loss': 0.8174, 'train_acc': 0.7652, 'task_loss': (0.5281, 0.2893)}
{'epoch': 4, 'train_loss': 0.6992, 'train_acc': 0.7168, 'task_loss': (0.409, 0.2902)}
{'epoch': 5, 'train_loss': 0.6003, 'train_acc': 0.8174, 'task_loss': (0.3841, 0.2162)}
{'epoch': 6, 'train_loss': 0.464, 'train_acc': 0.808, 'task_loss': (0.1746, 0.2895)}
{'epoch': 7, 'train_loss': 1.0127, 'train_acc': 0.6348, 'task_loss': (0.5304, 0.4823)}
{'epoch': 8, 'train_loss': 0.5889, 'train_acc': 0.8319, 'task_loss': (0.4132, 0.1757)}
{'epoch': 9, 'train_loss': 0.4417, 'train_acc': 0.8348, 'task_loss': (0.2804, 0.1613)}
{'epoch': 10, 'train_loss': 0.6792, 'train_acc': 0.8696, 'task_loss': (0.5313, 0.1479)}
{'epoch': 11, 'train_loss': 0.3969, 'train_acc': 0.816, 'task_loss': (0.2279, 0.169)}
{'epoch': 12, 'train_loss': 0.351, 'train_acc': 0.8584, 'task_loss': (0.1775, 0.1734)}
{'epoch': 13, 'train_loss': 0.2073, 'train_acc': 0.9043, 'task_loss': (0.0976, 0.1097)}
{'epoch': 14, 'train_loss': 0.5831, 'train_acc': 0.8696, 'task_loss': (0.4605, 0.1226)}
{'epoch': 15, 'train_loss': 0.4748, 'train_acc': 0.8609, 'task_loss': (0.3411, 0.1337)}
{'epoch': 16, 'train_loss': 0.5007, 'train_acc': 0.8455, 'task_loss': (0.2852, 0.2155)}
{'epoch': 17, 'train_loss': 0.4769, 'train_acc': 0.8261, 'task_loss': (0.286, 0.1909)}
{'epoch': 18, 'train_loss': 0.434, 'train_acc': 0.8261, 'task_loss': (0.2575, 0.1764)}
{'epoch': 19, 'train_loss': 0.2745, 'train_acc': 0.8496, 'task_loss': (0.1308, 0.1437)}
{'epoch': 20, 'train_loss': 0.378, 'train_acc': 0.8609, 'task_loss': (0.2366, 0.1413)}
{'epoch': 21, 'train_loss': 0.2466, 'train_acc': 0.896, 'task_loss': (0.1434, 0.1032)}
{'epoch': 22, 'train_loss': 0.2534, 'train_acc': 0.9304, 'task_loss': (0.164, 0.0894)}
{'epoch': 23, 'train_loss': 0.698, 'train_acc': 0.8938, 'task_loss': (0.5855, 0.1125)}
{'epoch': 24, 'train_loss': 0.3961, 'train_acc': 0.8609, 'task_loss': (0.1813, 0.2148)}
{'epoch': 25, 'train_loss': 0.8513, 'train_acc': 0.8522, 'task_loss': (0.6716, 0.1798)}
{'epoch': 26, 'train_loss': 0.2474, 'train_acc': 0.944, 'task_loss': (0.1783, 0.0691)}
{'epoch': 27, 'train_loss': 0.262, 'train_acc': 0.8761, 'task_loss': (0.1243, 0.1377)}
{'epoch': 28, 'train_loss': 0.3403, 'train_acc': 0.9043, 'task_loss': (0.2027, 0.1376)}
{'epoch': 29, 'train_loss': 0.3596, 'train_acc': 0.8957, 'task_loss': (0.2816, 0.078)}
{'epoch': 30, 'train_loss': 0.3287, 'train_acc': 0.9043, 'task_loss': (0.2667, 0.0621)}
{'epoch': 31, 'train_loss': 0.6061, 'train_acc': 0.8618, 'task_loss': (0.4767, 0.1294)}
{'epoch': 32, 'train_loss': 0.2894, 'train_acc': 0.9217, 'task_loss': (0.1472, 0.1423)}
{'epoch': 33, 'train_loss': 0.5619, 'train_acc': 0.8522, 'task_loss': (0.4561, 0.1058)}
{'epoch': 34, 'train_loss': 0.2618, 'train_acc': 0.9292, 'task_loss': (0.1893, 0.0725)}
{'epoch': 35, 'train_loss': 0.3215, 'train_acc': 0.9217, 'task_loss': (0.2567, 0.0648)}
{'epoch': 36, 'train_loss': 0.4059, 'train_acc': 0.88, 'task_loss': (0.2578, 0.1482)}
{'epoch': 37, 'train_loss': 0.3171, 'train_acc': 0.9043, 'task_loss': (0.2037, 0.1134)}
{'epoch': 38, 'train_loss': 0.2506, 'train_acc': 0.9115, 'task_loss': (0.1849, 0.0657)}
{'epoch': 39, 'train_loss': 0.2665, 'train_acc': 0.9391, 'task_loss': (0.1906, 0.0759)}
{'epoch': 40, 'train_loss': 0.332, 'train_acc': 0.9217, 'task_loss': (0.2383, 0.0937)}
{'epoch': 41, 'train_loss': 0.1649, 'train_acc': 0.936, 'task_loss': (0.1086, 0.0563)}
{'epoch': 42, 'train_loss': 0.1769, 'train_acc': 0.9646, 'task_loss': (0.1278, 0.0491)}
{'epoch': 43, 'train_loss': 0.2917, 'train_acc': 0.9217, 'task_loss': (0.2183, 0.0734)}
{'epoch': 44, 'train_loss': 0.1876, 'train_acc': 0.9304, 'task_loss': (0.1284, 0.0592)}
{'epoch': 45, 'train_loss': 0.3504, 'train_acc': 0.913, 'task_loss': (0.2893, 0.0611)}
{'epoch': 46, 'train_loss': 0.3184, 'train_acc': 0.9106, 'task_loss': (0.2193, 0.099)}
{'epoch': 47, 'train_loss': 0.0701, 'train_acc': 0.9826, 'task_loss': (0.028, 0.0421)}
{'epoch': 48, 'train_loss': 0.0811, 'train_acc': 0.9913, 'task_loss': (0.0371, 0.044)}
{'epoch': 49, 'train_loss': 0.1603, 'train_acc': 0.9304, 'task_loss': (0.1291, 0.0313)}
{'epoch': 50, 'train_loss': 0.1172, 'train_acc': 0.9558, 'task_loss': (0.0836, 0.0335)}
{'epoch': 51, 'train_loss': 0.1615, 'train_acc': 0.928, 'task_loss': (0.0873, 0.0742)}
{'epoch': 52, 'train_loss': 0.1321, 'train_acc': 0.9391, 'task_loss': (0.0879, 0.0442)}
{'epoch': 53, 'train_loss': 0.1254, 'train_acc': 0.9469, 'task_loss': (0.0698, 0.0555)}
{'epoch': 54, 'train_loss': 0.2677, 'train_acc': 0.9478, 'task_loss': (0.2214, 0.0463)}
{'epoch': 55, 'train_loss': 0.071, 'train_acc': 0.9826, 'task_loss': (0.0386, 0.0324)}
{'epoch': 56, 'train_loss': 0.1003, 'train_acc': 0.968, 'task_loss': (0.0658, 0.0345)}
{'epoch': 57, 'train_loss': 0.2939, 'train_acc': 0.9027, 'task_loss': (0.2108, 0.0831)}
{'epoch': 58, 'train_loss': 0.3258, 'train_acc': 0.8696, 'task_loss': (0.1656, 0.1602)}
{'epoch': 59, 'train_loss': 0.3161, 'train_acc': 0.9217, 'task_loss': (0.2364, 0.0798)}
{'epoch': 60, 'train_loss': 0.2391, 'train_acc': 0.9478, 'task_loss': (0.1746, 0.0646)}
{'epoch': 61, 'train_loss': 0.0445, 'train_acc': 0.9919, 'task_loss': (0.0103, 0.0341)}
{'epoch': 62, 'train_loss': 0.0993, 'train_acc': 0.9652, 'task_loss': (0.0802, 0.0191)}
{'epoch': 63, 'train_loss': 0.1019, 'train_acc': 0.9565, 'task_loss': (0.0451, 0.0568)}
{'epoch': 64, 'train_loss': 0.2137, 'train_acc': 0.9652, 'task_loss': (0.1911, 0.0226)}
{'epoch': 65, 'train_loss': 0.0798, 'train_acc': 0.9735, 'task_loss': (0.0458, 0.034)}
{'epoch': 66, 'train_loss': 0.2023, 'train_acc': 0.96, 'task_loss': (0.182, 0.0203)}
{'epoch': 67, 'train_loss': 0.248, 'train_acc': 0.9565, 'task_loss': (0.208, 0.04)}
{'epoch': 68, 'train_loss': 0.1456, 'train_acc': 0.9558, 'task_loss': (0.1046, 0.041)}
{'epoch': 69, 'train_loss': 0.0819, 'train_acc': 0.9739, 'task_loss': (0.0553, 0.0266)}
{'epoch': 70, 'train_loss': 0.0578, 'train_acc': 0.9913, 'task_loss': (0.0259, 0.0318)}
{'epoch': 71, 'train_loss': 0.1619, 'train_acc': 0.976, 'task_loss': (0.1458, 0.0161)}
{'epoch': 72, 'train_loss': 0.1421, 'train_acc': 0.9646, 'task_loss': (0.1228, 0.0193)}
{'epoch': 73, 'train_loss': 0.0619, 'train_acc': 0.9913, 'task_loss': (0.0419, 0.02)}
{'epoch': 74, 'train_loss': 0.0917, 'train_acc': 0.9739, 'task_loss': (0.0428, 0.049)}
{'epoch': 75, 'train_loss': 0.064, 'train_acc': 0.9826, 'task_loss': (0.0172, 0.0468)}
{'epoch': 76, 'train_loss': 0.0621, 'train_acc': 0.9837, 'task_loss': (0.0291, 0.033)}
{'epoch': 77, 'train_loss': 0.0939, 'train_acc': 0.9826, 'task_loss': (0.0649, 0.029)}
{'epoch': 78, 'train_loss': 0.0831, 'train_acc': 0.9826, 'task_loss': (0.0307, 0.0524)}
{'epoch': 79, 'train_loss': 0.0895, 'train_acc': 0.9826, 'task_loss': (0.0687, 0.0208)}
{'epoch': 80, 'train_loss': 0.1121, 'train_acc': 0.9646, 'task_loss': (0.0876, 0.0244)}
{'epoch': 81, 'train_loss': 0.1184, 'train_acc': 0.976, 'task_loss': (0.0929, 0.0255)}
{'epoch': 82, 'train_loss': 0.0315, 'train_acc': 0.9913, 'task_loss': (0.0149, 0.0166)}
{'epoch': 83, 'train_loss': 0.119, 'train_acc': 0.9826, 'task_loss': (0.1034, 0.0156)}
{'epoch': 84, 'train_loss': 0.1571, 'train_acc': 0.9823, 'task_loss': (0.097, 0.0601)}
{'epoch': 85, 'train_loss': 0.073, 'train_acc': 0.9913, 'task_loss': (0.0554, 0.0176)}
{'epoch': 86, 'train_loss': 0.0922, 'train_acc': 0.976, 'task_loss': (0.0573, 0.0349)}
{'epoch': 87, 'train_loss': 0.0897, 'train_acc': 0.9735, 'task_loss': (0.0653, 0.0244)}
{'epoch': 88, 'train_loss': 0.0531, 'train_acc': 0.9913, 'task_loss': (0.0201, 0.0331)}
{'epoch': 89, 'train_loss': 0.0696, 'train_acc': 0.9913, 'task_loss': (0.0558, 0.0138)}
{'epoch': 90, 'train_loss': 0.0502, 'train_acc': 0.9913, 'task_loss': (0.025, 0.0251)}
{'epoch': 91, 'train_loss': 0.0391, 'train_acc': 1.0, 'task_loss': (0.0195, 0.0196)}
{'epoch': 92, 'train_loss': 0.0942, 'train_acc': 0.9826, 'task_loss': (0.0631, 0.0311)}
{'epoch': 93, 'train_loss': 0.0485, 'train_acc': 0.9913, 'task_loss': (0.0326, 0.0159)}
{'epoch': 94, 'train_loss': 0.1241, 'train_acc': 0.9826, 'task_loss': (0.1011, 0.0229)}
{'epoch': 95, 'train_loss': 0.0573, 'train_acc': 0.9823, 'task_loss': (0.0199, 0.0375)}
{'epoch': 96, 'train_loss': 0.0929, 'train_acc': 0.984, 'task_loss': (0.04, 0.0529)}
{'epoch': 97, 'train_loss': 0.0292, 'train_acc': 1.0, 'task_loss': (0.0133, 0.016)}
{'epoch': 98, 'train_loss': 0.0857, 'train_acc': 0.9826, 'task_loss': (0.0628, 0.0228)}
{'epoch': 99, 'train_loss': 0.1166, 'train_acc': 0.9646, 'task_loss': (0.0932, 0.0234)}
{'epoch': 100, 'train_loss': 0.0637, 'train_acc': 1.0, 'task_loss': (0.0438, 0.0199)}
{'run_num': 7, 'final_test_err': 0.22750000000000004}
Files already downloaded and verified
Files already downloaded and verified
{'epoch': 1, 'train_loss': 0.8228, 'train_acc': 0.584, 'task_loss': (0.4302, 0.3926)}
{'epoch': 2, 'train_loss': 0.8847, 'train_acc': 0.6174, 'task_loss': (0.5642, 0.3205)}
{'epoch': 3, 'train_loss': 0.9172, 'train_acc': 0.7391, 'task_loss': (0.6616, 0.2555)}
{'epoch': 4, 'train_loss': 0.5816, 'train_acc': 0.7611, 'task_loss': (0.2824, 0.2992)}
{'epoch': 5, 'train_loss': 0.5913, 'train_acc': 0.7043, 'task_loss': (0.3279, 0.2634)}
{'epoch': 6, 'train_loss': 0.6432, 'train_acc': 0.728, 'task_loss': (0.3727, 0.2705)}
{'epoch': 7, 'train_loss': 0.9224, 'train_acc': 0.7913, 'task_loss': (0.7088, 0.2135)}
{'epoch': 8, 'train_loss': 0.4291, 'train_acc': 0.8584, 'task_loss': (0.2574, 0.1717)}
{'epoch': 9, 'train_loss': 0.3591, 'train_acc': 0.8522, 'task_loss': (0.2073, 0.1518)}
{'epoch': 10, 'train_loss': 0.5621, 'train_acc': 0.8348, 'task_loss': (0.3788, 0.1833)}
{'epoch': 11, 'train_loss': 0.4236, 'train_acc': 0.832, 'task_loss': (0.2401, 0.1835)}
{'epoch': 12, 'train_loss': 0.6354, 'train_acc': 0.7522, 'task_loss': (0.3781, 0.2572)}
{'epoch': 13, 'train_loss': 0.525, 'train_acc': 0.7826, 'task_loss': (0.3235, 0.2015)}
{'epoch': 14, 'train_loss': 0.3368, 'train_acc': 0.8783, 'task_loss': (0.2289, 0.1078)}
{'epoch': 15, 'train_loss': 0.5387, 'train_acc': 0.8348, 'task_loss': (0.3566, 0.1821)}
{'epoch': 16, 'train_loss': 0.5482, 'train_acc': 0.8293, 'task_loss': (0.3349, 0.2133)}
{'epoch': 17, 'train_loss': 0.3437, 'train_acc': 0.8522, 'task_loss': (0.144, 0.1997)}
{'epoch': 18, 'train_loss': 0.4101, 'train_acc': 0.8348, 'task_loss': (0.2026, 0.2075)}
{'epoch': 19, 'train_loss': 0.4378, 'train_acc': 0.823, 'task_loss': (0.2998, 0.138)}
{'epoch': 20, 'train_loss': 0.2954, 'train_acc': 0.9043, 'task_loss': (0.1654, 0.13)}
{'epoch': 21, 'train_loss': 0.5494, 'train_acc': 0.848, 'task_loss': (0.3799, 0.1694)}
{'epoch': 22, 'train_loss': 0.4058, 'train_acc': 0.8696, 'task_loss': (0.2186, 0.1872)}
{'epoch': 23, 'train_loss': 0.2281, 'train_acc': 0.8761, 'task_loss': (0.0928, 0.1353)}
{'epoch': 24, 'train_loss': 0.5072, 'train_acc': 0.8261, 'task_loss': (0.1945, 0.3126)}
{'epoch': 25, 'train_loss': 0.172, 'train_acc': 0.9304, 'task_loss': (0.099, 0.0729)}
{'epoch': 26, 'train_loss': 0.3852, 'train_acc': 0.888, 'task_loss': (0.2947, 0.0905)}
{'epoch': 27, 'train_loss': 0.3617, 'train_acc': 0.9381, 'task_loss': (0.2968, 0.0649)}
{'epoch': 28, 'train_loss': 0.4161, 'train_acc': 0.8522, 'task_loss': (0.2365, 0.1795)}
{'epoch': 29, 'train_loss': 0.2618, 'train_acc': 0.8957, 'task_loss': (0.1537, 0.1081)}
{'epoch': 30, 'train_loss': 0.203, 'train_acc': 0.8957, 'task_loss': (0.1156, 0.0874)}
{'epoch': 31, 'train_loss': 0.4282, 'train_acc': 0.9106, 'task_loss': (0.3208, 0.1074)}
{'epoch': 32, 'train_loss': 0.3384, 'train_acc': 0.8783, 'task_loss': (0.2058, 0.1326)}
{'epoch': 33, 'train_loss': 0.1581, 'train_acc': 0.9391, 'task_loss': (0.082, 0.0761)}
{'epoch': 34, 'train_loss': 0.2142, 'train_acc': 0.9558, 'task_loss': (0.1422, 0.072)}
{'epoch': 35, 'train_loss': 0.1205, 'train_acc': 0.9652, 'task_loss': (0.0682, 0.0524)}
{'epoch': 36, 'train_loss': 0.1683, 'train_acc': 0.944, 'task_loss': (0.1071, 0.0612)}
{'epoch': 37, 'train_loss': 0.2815, 'train_acc': 0.887, 'task_loss': (0.1917, 0.0898)}
{'epoch': 38, 'train_loss': 0.2314, 'train_acc': 0.9204, 'task_loss': (0.1428, 0.0886)}
{'epoch': 39, 'train_loss': 0.1776, 'train_acc': 0.9391, 'task_loss': (0.1288, 0.0488)}
{'epoch': 40, 'train_loss': 0.3311, 'train_acc': 0.913, 'task_loss': (0.2351, 0.0961)}
{'epoch': 41, 'train_loss': 0.1279, 'train_acc': 0.96, 'task_loss': (0.0767, 0.0512)}
{'epoch': 42, 'train_loss': 0.1526, 'train_acc': 0.9292, 'task_loss': (0.0999, 0.0527)}
{'epoch': 43, 'train_loss': 0.1079, 'train_acc': 0.9652, 'task_loss': (0.0472, 0.0607)}
{'epoch': 44, 'train_loss': 0.4823, 'train_acc': 0.8957, 'task_loss': (0.363, 0.1193)}
{'epoch': 45, 'train_loss': 0.1719, 'train_acc': 0.9391, 'task_loss': (0.1285, 0.0434)}
{'epoch': 46, 'train_loss': 0.2897, 'train_acc': 0.878, 'task_loss': (0.2097, 0.08)}
{'epoch': 47, 'train_loss': 0.2538, 'train_acc': 0.9391, 'task_loss': (0.1669, 0.087)}
{'epoch': 48, 'train_loss': 0.1604, 'train_acc': 0.9565, 'task_loss': (0.1141, 0.0463)}
{'epoch': 49, 'train_loss': 0.1595, 'train_acc': 0.9565, 'task_loss': (0.1295, 0.03)}
{'epoch': 50, 'train_loss': 0.2157, 'train_acc': 0.9292, 'task_loss': (0.1181, 0.0976)}
{'epoch': 51, 'train_loss': 0.1819, 'train_acc': 0.944, 'task_loss': (0.1321, 0.0497)}
{'epoch': 52, 'train_loss': 0.2337, 'train_acc': 0.9391, 'task_loss': (0.1637, 0.07)}
{'epoch': 53, 'train_loss': 0.3699, 'train_acc': 0.9292, 'task_loss': (0.3335, 0.0364)}
{'epoch': 54, 'train_loss': 0.2447, 'train_acc': 0.9304, 'task_loss': (0.1532, 0.0915)}
{'epoch': 55, 'train_loss': 0.3023, 'train_acc': 0.9478, 'task_loss': (0.2522, 0.0501)}
{'epoch': 56, 'train_loss': 0.1241, 'train_acc': 0.936, 'task_loss': (0.0548, 0.0693)}
{'epoch': 57, 'train_loss': 0.1575, 'train_acc': 0.9735, 'task_loss': (0.1318, 0.0257)}
{'epoch': 58, 'train_loss': 0.0944, 'train_acc': 0.9565, 'task_loss': (0.0549, 0.0396)}
{'epoch': 59, 'train_loss': 0.26, 'train_acc': 0.9565, 'task_loss': (0.2248, 0.0352)}
{'epoch': 60, 'train_loss': 0.1054, 'train_acc': 0.9826, 'task_loss': (0.0796, 0.0258)}
{'epoch': 61, 'train_loss': 0.1214, 'train_acc': 0.9675, 'task_loss': (0.0955, 0.026)}
{'epoch': 62, 'train_loss': 0.0947, 'train_acc': 0.9739, 'task_loss': (0.0611, 0.0336)}
{'epoch': 63, 'train_loss': 0.0737, 'train_acc': 1.0, 'task_loss': (0.0531, 0.0206)}
{'epoch': 64, 'train_loss': 0.0983, 'train_acc': 0.9565, 'task_loss': (0.0723, 0.026)}
{'epoch': 65, 'train_loss': 0.0882, 'train_acc': 0.9646, 'task_loss': (0.0766, 0.0116)}
{'epoch': 66, 'train_loss': 0.106, 'train_acc': 0.992, 'task_loss': (0.0923, 0.0136)}
{'epoch': 67, 'train_loss': 0.1743, 'train_acc': 0.9739, 'task_loss': (0.1066, 0.0677)}
{'epoch': 68, 'train_loss': 0.1148, 'train_acc': 0.9646, 'task_loss': (0.0624, 0.0523)}
{'epoch': 69, 'train_loss': 0.0932, 'train_acc': 0.9739, 'task_loss': (0.0613, 0.032)}
{'epoch': 70, 'train_loss': 0.1069, 'train_acc': 0.9652, 'task_loss': (0.0831, 0.0238)}
{'epoch': 71, 'train_loss': 0.082, 'train_acc': 0.984, 'task_loss': (0.0615, 0.0205)}
{'epoch': 72, 'train_loss': 0.1301, 'train_acc': 0.9735, 'task_loss': (0.1177, 0.0123)}
{'epoch': 73, 'train_loss': 0.0839, 'train_acc': 0.9826, 'task_loss': (0.0603, 0.0236)}
{'epoch': 74, 'train_loss': 0.0598, 'train_acc': 0.9826, 'task_loss': (0.0381, 0.0217)}
{'epoch': 75, 'train_loss': 0.0609, 'train_acc': 0.9739, 'task_loss': (0.0238, 0.0371)}
{'epoch': 76, 'train_loss': 0.0548, 'train_acc': 0.9919, 'task_loss': (0.0436, 0.0112)}
{'epoch': 77, 'train_loss': 0.0492, 'train_acc': 0.9826, 'task_loss': (0.0205, 0.0288)}
{'epoch': 78, 'train_loss': 0.1276, 'train_acc': 0.9478, 'task_loss': (0.0967, 0.0309)}
{'epoch': 79, 'train_loss': 0.2107, 'train_acc': 0.9391, 'task_loss': (0.1458, 0.0649)}
{'epoch': 80, 'train_loss': 0.0847, 'train_acc': 0.9735, 'task_loss': (0.0562, 0.0285)}
{'epoch': 81, 'train_loss': 0.0547, 'train_acc': 0.984, 'task_loss': (0.0279, 0.0268)}
{'epoch': 82, 'train_loss': 0.1087, 'train_acc': 0.9565, 'task_loss': (0.0766, 0.0321)}
{'epoch': 83, 'train_loss': 0.0732, 'train_acc': 0.9913, 'task_loss': (0.0614, 0.0119)}
{'epoch': 84, 'train_loss': 0.0407, 'train_acc': 1.0, 'task_loss': (0.0223, 0.0184)}
{'epoch': 85, 'train_loss': 0.1204, 'train_acc': 0.9652, 'task_loss': (0.1076, 0.0128)}
{'epoch': 86, 'train_loss': 0.0601, 'train_acc': 0.992, 'task_loss': (0.0388, 0.0213)}
{'epoch': 87, 'train_loss': 0.0822, 'train_acc': 0.9823, 'task_loss': (0.0675, 0.0146)}
{'epoch': 88, 'train_loss': 0.1597, 'train_acc': 0.9739, 'task_loss': (0.1327, 0.027)}
{'epoch': 89, 'train_loss': 0.0673, 'train_acc': 0.9739, 'task_loss': (0.0497, 0.0176)}
{'epoch': 90, 'train_loss': 0.0901, 'train_acc': 0.9913, 'task_loss': (0.0695, 0.0206)}
{'epoch': 91, 'train_loss': 0.0777, 'train_acc': 0.9919, 'task_loss': (0.0615, 0.0162)}
{'epoch': 92, 'train_loss': 0.038, 'train_acc': 1.0, 'task_loss': (0.0188, 0.0193)}
{'epoch': 93, 'train_loss': 0.0461, 'train_acc': 1.0, 'task_loss': (0.0358, 0.0103)}
{'epoch': 94, 'train_loss': 0.0643, 'train_acc': 0.9826, 'task_loss': (0.0336, 0.0307)}
{'epoch': 95, 'train_loss': 0.1068, 'train_acc': 0.9735, 'task_loss': (0.0792, 0.0275)}
{'epoch': 96, 'train_loss': 0.0862, 'train_acc': 0.992, 'task_loss': (0.0645, 0.0217)}
{'epoch': 97, 'train_loss': 0.0396, 'train_acc': 1.0, 'task_loss': (0.0142, 0.0254)}
{'epoch': 98, 'train_loss': 0.1129, 'train_acc': 0.9739, 'task_loss': (0.0986, 0.0142)}
{'epoch': 99, 'train_loss': 0.1321, 'train_acc': 0.9823, 'task_loss': (0.1112, 0.0209)}
{'epoch': 100, 'train_loss': 0.1342, 'train_acc': 0.9826, 'task_loss': (0.1196, 0.0146)}
{'run_num': 8, 'final_test_err': 0.20325000000000004}
Files already downloaded and verified
Files already downloaded and verified
{'epoch': 1, 'train_loss': 0.7982, 'train_acc': 0.648, 'task_loss': (0.4241, 0.3741)}
{'epoch': 2, 'train_loss': 0.8598, 'train_acc': 0.6522, 'task_loss': (0.5255, 0.3343)}
{'epoch': 3, 'train_loss': 0.7298, 'train_acc': 0.6957, 'task_loss': (0.3671, 0.3627)}
{'epoch': 4, 'train_loss': 0.7195, 'train_acc': 0.7611, 'task_loss': (0.4167, 0.3028)}
{'epoch': 5, 'train_loss': 0.5781, 'train_acc': 0.7565, 'task_loss': (0.316, 0.262)}
{'epoch': 6, 'train_loss': 0.7931, 'train_acc': 0.744, 'task_loss': (0.5551, 0.238)}
{'epoch': 7, 'train_loss': 0.8249, 'train_acc': 0.7565, 'task_loss': (0.5482, 0.2767)}
{'epoch': 8, 'train_loss': 1.1733, 'train_acc': 0.7522, 'task_loss': (0.9192, 0.2541)}
{'epoch': 9, 'train_loss': 0.5868, 'train_acc': 0.7565, 'task_loss': (0.3321, 0.2547)}
{'epoch': 10, 'train_loss': 0.7164, 'train_acc': 0.8174, 'task_loss': (0.4711, 0.2453)}
{'epoch': 11, 'train_loss': 0.7608, 'train_acc': 0.808, 'task_loss': (0.5436, 0.2172)}
{'epoch': 12, 'train_loss': 0.3793, 'train_acc': 0.9115, 'task_loss': (0.2776, 0.1018)}
{'epoch': 13, 'train_loss': 0.6466, 'train_acc': 0.7565, 'task_loss': (0.4035, 0.2431)}
{'epoch': 14, 'train_loss': 0.3107, 'train_acc': 0.8696, 'task_loss': (0.1508, 0.1599)}
{'epoch': 15, 'train_loss': 0.6652, 'train_acc': 0.8522, 'task_loss': (0.5335, 0.1317)}
{'epoch': 16, 'train_loss': 0.7603, 'train_acc': 0.7805, 'task_loss': (0.4893, 0.271)}
{'epoch': 17, 'train_loss': 0.4529, 'train_acc': 0.8261, 'task_loss': (0.2879, 0.1651)}
{'epoch': 18, 'train_loss': 0.4497, 'train_acc': 0.8522, 'task_loss': (0.3147, 0.135)}
{'epoch': 19, 'train_loss': 0.2658, 'train_acc': 0.885, 'task_loss': (0.1086, 0.1572)}
{'epoch': 20, 'train_loss': 0.4296, 'train_acc': 0.7565, 'task_loss': (0.2212, 0.2085)}
{'epoch': 21, 'train_loss': 0.3467, 'train_acc': 0.864, 'task_loss': (0.2056, 0.1412)}
{'epoch': 22, 'train_loss': 0.6293, 'train_acc': 0.9043, 'task_loss': (0.5055, 0.1238)}
{'epoch': 23, 'train_loss': 0.3384, 'train_acc': 0.8761, 'task_loss': (0.224, 0.1144)}
{'epoch': 24, 'train_loss': 0.198, 'train_acc': 0.913, 'task_loss': (0.0771, 0.1208)}
{'epoch': 25, 'train_loss': 0.5484, 'train_acc': 0.9043, 'task_loss': (0.4407, 0.1076)}
{'epoch': 26, 'train_loss': 0.5072, 'train_acc': 0.832, 'task_loss': (0.3377, 0.1695)}
{'epoch': 27, 'train_loss': 0.2458, 'train_acc': 0.9204, 'task_loss': (0.1438, 0.1019)}
{'epoch': 28, 'train_loss': 0.2999, 'train_acc': 0.887, 'task_loss': (0.1985, 0.1014)}
{'epoch': 29, 'train_loss': 0.4298, 'train_acc': 0.8957, 'task_loss': (0.3281, 0.1017)}
{'epoch': 30, 'train_loss': 0.2466, 'train_acc': 0.9043, 'task_loss': (0.1476, 0.099)}
{'epoch': 31, 'train_loss': 0.2823, 'train_acc': 0.9024, 'task_loss': (0.2089, 0.0734)}
{'epoch': 32, 'train_loss': 0.3103, 'train_acc': 0.8696, 'task_loss': (0.194, 0.1162)}
{'epoch': 33, 'train_loss': 0.3381, 'train_acc': 0.9217, 'task_loss': (0.2612, 0.0769)}
{'epoch': 34, 'train_loss': 0.4601, 'train_acc': 0.7965, 'task_loss': (0.241, 0.2191)}
{'epoch': 35, 'train_loss': 0.2808, 'train_acc': 0.887, 'task_loss': (0.1247, 0.1561)}
{'epoch': 36, 'train_loss': 0.786, 'train_acc': 0.856, 'task_loss': (0.573, 0.2131)}
{'epoch': 37, 'train_loss': 0.2706, 'train_acc': 0.9043, 'task_loss': (0.1485, 0.1221)}
{'epoch': 38, 'train_loss': 0.2022, 'train_acc': 0.9381, 'task_loss': (0.0978, 0.1044)}
{'epoch': 39, 'train_loss': 0.3483, 'train_acc': 0.8957, 'task_loss': (0.2427, 0.1056)}
{'epoch': 40, 'train_loss': 0.4547, 'train_acc': 0.8783, 'task_loss': (0.3486, 0.1061)}
{'epoch': 41, 'train_loss': 0.2635, 'train_acc': 0.944, 'task_loss': (0.2027, 0.0608)}
{'epoch': 42, 'train_loss': 0.1082, 'train_acc': 0.9469, 'task_loss': (0.0358, 0.0724)}
{'epoch': 43, 'train_loss': 0.2597, 'train_acc': 0.9391, 'task_loss': (0.201, 0.0586)}
{'epoch': 44, 'train_loss': 0.2524, 'train_acc': 0.9304, 'task_loss': (0.2003, 0.0521)}
{'epoch': 45, 'train_loss': 0.2671, 'train_acc': 0.9565, 'task_loss': (0.2375, 0.0296)}
{'epoch': 46, 'train_loss': 0.1856, 'train_acc': 0.9512, 'task_loss': (0.1301, 0.0556)}
{'epoch': 47, 'train_loss': 0.1549, 'train_acc': 0.9478, 'task_loss': (0.0759, 0.079)}
{'epoch': 48, 'train_loss': 0.1534, 'train_acc': 0.9565, 'task_loss': (0.1001, 0.0533)}
{'epoch': 49, 'train_loss': 0.256, 'train_acc': 0.913, 'task_loss': (0.1735, 0.0825)}
{'epoch': 50, 'train_loss': 0.1784, 'train_acc': 0.9204, 'task_loss': (0.0892, 0.0892)}
{'epoch': 51, 'train_loss': 0.0873, 'train_acc': 0.968, 'task_loss': (0.0466, 0.0407)}
{'epoch': 52, 'train_loss': 0.3754, 'train_acc': 0.9304, 'task_loss': (0.3264, 0.049)}
{'epoch': 53, 'train_loss': 0.0945, 'train_acc': 0.9912, 'task_loss': (0.0718, 0.0227)}
{'epoch': 54, 'train_loss': 0.2199, 'train_acc': 0.9739, 'task_loss': (0.1941, 0.0258)}
{'epoch': 55, 'train_loss': 0.1625, 'train_acc': 0.9565, 'task_loss': (0.1113, 0.0512)}
{'epoch': 56, 'train_loss': 0.1135, 'train_acc': 0.968, 'task_loss': (0.0728, 0.0407)}
{'epoch': 57, 'train_loss': 0.1117, 'train_acc': 0.9646, 'task_loss': (0.0843, 0.0274)}
{'epoch': 58, 'train_loss': 0.2794, 'train_acc': 0.9565, 'task_loss': (0.235, 0.0444)}
{'epoch': 59, 'train_loss': 0.0931, 'train_acc': 0.9739, 'task_loss': (0.0581, 0.035)}
{'epoch': 60, 'train_loss': 0.0569, 'train_acc': 0.9826, 'task_loss': (0.0286, 0.0282)}
{'epoch': 61, 'train_loss': 0.1746, 'train_acc': 0.9512, 'task_loss': (0.1245, 0.05)}
{'epoch': 62, 'train_loss': 0.1477, 'train_acc': 0.9478, 'task_loss': (0.0955, 0.0522)}
{'epoch': 63, 'train_loss': 0.0616, 'train_acc': 0.9652, 'task_loss': (0.0254, 0.0362)}
{'epoch': 64, 'train_loss': 0.1204, 'train_acc': 0.9478, 'task_loss': (0.0858, 0.0346)}
{'epoch': 65, 'train_loss': 0.0571, 'train_acc': 0.9735, 'task_loss': (0.0148, 0.0423)}
{'epoch': 66, 'train_loss': 0.0962, 'train_acc': 0.976, 'task_loss': (0.066, 0.0302)}
{'epoch': 67, 'train_loss': 0.0808, 'train_acc': 0.9826, 'task_loss': (0.028, 0.0528)}
{'epoch': 68, 'train_loss': 0.1544, 'train_acc': 0.9646, 'task_loss': (0.127, 0.0274)}
{'epoch': 69, 'train_loss': 0.1184, 'train_acc': 0.9565, 'task_loss': (0.0881, 0.0303)}
{'epoch': 70, 'train_loss': 0.0534, 'train_acc': 0.9913, 'task_loss': (0.027, 0.0264)}
{'epoch': 71, 'train_loss': 0.0431, 'train_acc': 0.992, 'task_loss': (0.0248, 0.0184)}
{'epoch': 72, 'train_loss': 0.1473, 'train_acc': 0.9469, 'task_loss': (0.0937, 0.0536)}
{'epoch': 73, 'train_loss': 0.0268, 'train_acc': 0.9913, 'task_loss': (0.0107, 0.0161)}
{'epoch': 74, 'train_loss': 0.0502, 'train_acc': 0.9913, 'task_loss': (0.0371, 0.0132)}
{'epoch': 75, 'train_loss': 0.1472, 'train_acc': 0.9739, 'task_loss': (0.1275, 0.0197)}
{'epoch': 76, 'train_loss': 0.0565, 'train_acc': 0.9837, 'task_loss': (0.0329, 0.0236)}
{'epoch': 77, 'train_loss': 0.1282, 'train_acc': 0.9739, 'task_loss': (0.096, 0.0322)}
{'epoch': 78, 'train_loss': 0.0758, 'train_acc': 0.9826, 'task_loss': (0.0331, 0.0426)}
{'epoch': 79, 'train_loss': 0.06, 'train_acc': 0.9913, 'task_loss': (0.0412, 0.0188)}
{'epoch': 80, 'train_loss': 0.1257, 'train_acc': 0.9735, 'task_loss': (0.0923, 0.0334)}
{'epoch': 81, 'train_loss': 0.1075, 'train_acc': 0.984, 'task_loss': (0.0955, 0.012)}
{'epoch': 82, 'train_loss': 0.0837, 'train_acc': 0.9826, 'task_loss': (0.063, 0.0207)}
{'epoch': 83, 'train_loss': 0.1814, 'train_acc': 0.9565, 'task_loss': (0.1446, 0.0367)}
{'epoch': 84, 'train_loss': 0.0543, 'train_acc': 0.9912, 'task_loss': (0.0399, 0.0144)}
{'epoch': 85, 'train_loss': 0.0589, 'train_acc': 0.9826, 'task_loss': (0.0359, 0.0229)}
{'epoch': 86, 'train_loss': 0.1281, 'train_acc': 0.96, 'task_loss': (0.1058, 0.0224)}
{'epoch': 87, 'train_loss': 0.0785, 'train_acc': 0.9646, 'task_loss': (0.0356, 0.0429)}
{'epoch': 88, 'train_loss': 0.053, 'train_acc': 0.9826, 'task_loss': (0.0237, 0.0294)}
{'epoch': 89, 'train_loss': 0.0754, 'train_acc': 0.9826, 'task_loss': (0.0641, 0.0113)}
{'epoch': 90, 'train_loss': 0.0406, 'train_acc': 0.9913, 'task_loss': (0.0219, 0.0187)}
{'epoch': 91, 'train_loss': 0.0424, 'train_acc': 0.9919, 'task_loss': (0.0191, 0.0233)}
{'epoch': 92, 'train_loss': 0.0629, 'train_acc': 0.9913, 'task_loss': (0.042, 0.0209)}
{'epoch': 93, 'train_loss': 0.0662, 'train_acc': 0.9826, 'task_loss': (0.0452, 0.021)}
{'epoch': 94, 'train_loss': 0.0821, 'train_acc': 0.9739, 'task_loss': (0.0493, 0.0328)}
{'epoch': 95, 'train_loss': 0.0408, 'train_acc': 1.0, 'task_loss': (0.0196, 0.0212)}
{'epoch': 96, 'train_loss': 0.0815, 'train_acc': 0.976, 'task_loss': (0.0609, 0.0207)}
{'epoch': 97, 'train_loss': 0.0916, 'train_acc': 0.9652, 'task_loss': (0.0729, 0.0187)}
{'epoch': 98, 'train_loss': 0.0995, 'train_acc': 0.9739, 'task_loss': (0.0748, 0.0248)}
{'epoch': 99, 'train_loss': 0.0606, 'train_acc': 0.9912, 'task_loss': (0.0283, 0.0324)}
{'epoch': 100, 'train_loss': 0.0319, 'train_acc': 1.0, 'task_loss': (0.0114, 0.0206)}
{'run_num': 9, 'final_test_err': 0.21899999999999997}
{'avg_err': 0.214, 'std_err': 0.008}
