{'deploy': True, 'tag': '05_ood/00_domain_net', 'seed': 10, 'device': 'cuda:0', 'reps': 10, 'loss': {'alpha': 0.5, 'tune_alpha': False, 'group_task_loss': False}, 'task': {'dataset': 'domain_net', 'task_map': [[0, 1], [2, 3], [4, 5], [6, 7], [8, 9]], 'target': 0, 'ood': [0], 'augment': False, 'n': 25, 'm_n': 7, 'beta': 0.5, 'custom_sampler': False, 'm_cinic': 1, 'm_cinic_neg': 0.0}, 'hp': {'epochs': 100, 'bs': 16, 'lr': 0.01}, 'net': 'conv'}
Files already downloaded and verified
Files already downloaded and verified
{'epoch': 1, 'train_loss': 0.4729, 'train_acc': 0.7719}
{'epoch': 2, 'train_loss': 0.2311, 'train_acc': 0.8833}
{'epoch': 3, 'train_loss': 0.178, 'train_acc': 0.9443}
{'epoch': 4, 'train_loss': 0.097, 'train_acc': 0.9629}
{'epoch': 5, 'train_loss': 0.045, 'train_acc': 0.9894}
{'epoch': 6, 'train_loss': 0.0376, 'train_acc': 0.9841}
{'epoch': 7, 'train_loss': 0.0206, 'train_acc': 0.9947}
{'epoch': 8, 'train_loss': 0.0446, 'train_acc': 0.9814}
{'epoch': 9, 'train_loss': 0.031, 'train_acc': 0.9947}
{'epoch': 10, 'train_loss': 0.0128, 'train_acc': 1.0}
{'epoch': 11, 'train_loss': 0.004, 'train_acc': 1.0}
{'epoch': 12, 'train_loss': 0.0043, 'train_acc': 1.0}
{'epoch': 13, 'train_loss': 0.0022, 'train_acc': 1.0}
{'epoch': 14, 'train_loss': 0.0021, 'train_acc': 1.0}
{'epoch': 15, 'train_loss': 0.002, 'train_acc': 1.0}
{'epoch': 16, 'train_loss': 0.0011, 'train_acc': 1.0}
{'epoch': 17, 'train_loss': 0.001, 'train_acc': 1.0}
{'epoch': 18, 'train_loss': 0.0015, 'train_acc': 1.0}
{'epoch': 19, 'train_loss': 0.0009, 'train_acc': 1.0}
{'epoch': 20, 'train_loss': 0.003, 'train_acc': 1.0}
{'epoch': 21, 'train_loss': 0.0011, 'train_acc': 1.0}
{'epoch': 22, 'train_loss': 0.0009, 'train_acc': 1.0}
{'epoch': 23, 'train_loss': 0.001, 'train_acc': 1.0}
{'epoch': 24, 'train_loss': 0.0015, 'train_acc': 1.0}
{'epoch': 25, 'train_loss': 0.0013, 'train_acc': 1.0}
{'epoch': 26, 'train_loss': 0.0009, 'train_acc': 1.0}
{'epoch': 27, 'train_loss': 0.0009, 'train_acc': 1.0}
{'epoch': 28, 'train_loss': 0.0008, 'train_acc': 1.0}
{'epoch': 29, 'train_loss': 0.0005, 'train_acc': 1.0}
{'epoch': 30, 'train_loss': 0.0007, 'train_acc': 1.0}
{'epoch': 31, 'train_loss': 0.0004, 'train_acc': 1.0}
{'epoch': 32, 'train_loss': 0.0004, 'train_acc': 1.0}
{'epoch': 33, 'train_loss': 0.0005, 'train_acc': 1.0}
{'epoch': 34, 'train_loss': 0.0006, 'train_acc': 1.0}
{'epoch': 35, 'train_loss': 0.0004, 'train_acc': 1.0}
{'epoch': 36, 'train_loss': 0.0007, 'train_acc': 1.0}
{'epoch': 37, 'train_loss': 0.0003, 'train_acc': 1.0}
{'epoch': 38, 'train_loss': 0.0004, 'train_acc': 1.0}
{'epoch': 39, 'train_loss': 0.0005, 'train_acc': 1.0}
{'epoch': 40, 'train_loss': 0.0005, 'train_acc': 1.0}
{'epoch': 41, 'train_loss': 0.0005, 'train_acc': 1.0}
{'epoch': 42, 'train_loss': 0.0007, 'train_acc': 1.0}
{'epoch': 43, 'train_loss': 0.0006, 'train_acc': 1.0}
{'epoch': 44, 'train_loss': 0.0003, 'train_acc': 1.0}
{'epoch': 45, 'train_loss': 0.0003, 'train_acc': 1.0}
{'epoch': 46, 'train_loss': 0.0003, 'train_acc': 1.0}
{'epoch': 47, 'train_loss': 0.0003, 'train_acc': 1.0}
{'epoch': 48, 'train_loss': 0.0002, 'train_acc': 1.0}
{'epoch': 49, 'train_loss': 0.0002, 'train_acc': 1.0}
{'epoch': 50, 'train_loss': 0.0004, 'train_acc': 1.0}
{'epoch': 51, 'train_loss': 0.0009, 'train_acc': 1.0}
{'epoch': 52, 'train_loss': 0.0005, 'train_acc': 1.0}
{'epoch': 53, 'train_loss': 0.0002, 'train_acc': 1.0}
{'epoch': 54, 'train_loss': 0.0003, 'train_acc': 1.0}
{'epoch': 55, 'train_loss': 0.0003, 'train_acc': 1.0}
{'epoch': 56, 'train_loss': 0.0003, 'train_acc': 1.0}
{'epoch': 57, 'train_loss': 0.0007, 'train_acc': 1.0}
{'epoch': 58, 'train_loss': 0.0005, 'train_acc': 1.0}
{'epoch': 59, 'train_loss': 0.0003, 'train_acc': 1.0}
{'epoch': 60, 'train_loss': 0.0002, 'train_acc': 1.0}
{'epoch': 61, 'train_loss': 0.0018, 'train_acc': 1.0}
{'epoch': 62, 'train_loss': 0.0002, 'train_acc': 1.0}
{'epoch': 63, 'train_loss': 0.0007, 'train_acc': 1.0}
{'epoch': 64, 'train_loss': 0.0002, 'train_acc': 1.0}
{'epoch': 65, 'train_loss': 0.0003, 'train_acc': 1.0}
{'epoch': 66, 'train_loss': 0.0002, 'train_acc': 1.0}
{'epoch': 67, 'train_loss': 0.0004, 'train_acc': 1.0}
{'epoch': 68, 'train_loss': 0.0004, 'train_acc': 1.0}
{'epoch': 69, 'train_loss': 0.0002, 'train_acc': 1.0}
{'epoch': 70, 'train_loss': 0.0002, 'train_acc': 1.0}
{'epoch': 71, 'train_loss': 0.0002, 'train_acc': 1.0}
{'epoch': 72, 'train_loss': 0.0003, 'train_acc': 1.0}
{'epoch': 73, 'train_loss': 0.0012, 'train_acc': 1.0}
{'epoch': 74, 'train_loss': 0.0002, 'train_acc': 1.0}
{'epoch': 75, 'train_loss': 0.0004, 'train_acc': 1.0}
{'epoch': 76, 'train_loss': 0.0004, 'train_acc': 1.0}
{'epoch': 77, 'train_loss': 0.0004, 'train_acc': 1.0}
{'epoch': 78, 'train_loss': 0.0004, 'train_acc': 1.0}
{'epoch': 79, 'train_loss': 0.0003, 'train_acc': 1.0}
{'epoch': 80, 'train_loss': 0.0003, 'train_acc': 1.0}
{'epoch': 81, 'train_loss': 0.0002, 'train_acc': 1.0}
{'epoch': 82, 'train_loss': 0.0007, 'train_acc': 1.0}
{'epoch': 83, 'train_loss': 0.0003, 'train_acc': 1.0}
{'epoch': 84, 'train_loss': 0.0002, 'train_acc': 1.0}
{'epoch': 85, 'train_loss': 0.0004, 'train_acc': 1.0}
{'epoch': 86, 'train_loss': 0.0005, 'train_acc': 1.0}
{'epoch': 87, 'train_loss': 0.0002, 'train_acc': 1.0}
{'epoch': 88, 'train_loss': 0.0005, 'train_acc': 1.0}
{'epoch': 89, 'train_loss': 0.0004, 'train_acc': 1.0}
{'epoch': 90, 'train_loss': 0.0002, 'train_acc': 1.0}
{'epoch': 91, 'train_loss': 0.0004, 'train_acc': 1.0}
{'epoch': 92, 'train_loss': 0.0002, 'train_acc': 1.0}
{'epoch': 93, 'train_loss': 0.0002, 'train_acc': 1.0}
{'epoch': 94, 'train_loss': 0.0004, 'train_acc': 1.0}
{'epoch': 95, 'train_loss': 0.0002, 'train_acc': 1.0}
{'epoch': 96, 'train_loss': 0.0002, 'train_acc': 1.0}
{'epoch': 97, 'train_loss': 0.0002, 'train_acc': 1.0}
{'epoch': 98, 'train_loss': 0.0005, 'train_acc': 1.0}
{'epoch': 99, 'train_loss': 0.0003, 'train_acc': 1.0}
{'epoch': 100, 'train_loss': 0.0069, 'train_acc': 0.9973}
{'run_num': 0, 'final_test_err': 0.1368078175895765}
Files already downloaded and verified
Files already downloaded and verified
{'epoch': 1, 'train_loss': 0.4852, 'train_acc': 0.7798}
{'epoch': 2, 'train_loss': 0.2224, 'train_acc': 0.9151}
{'epoch': 3, 'train_loss': 0.1661, 'train_acc': 0.9363}
{'epoch': 4, 'train_loss': 0.0606, 'train_acc': 0.9814}
{'epoch': 5, 'train_loss': 0.0372, 'train_acc': 0.9973}
{'epoch': 6, 'train_loss': 0.0169, 'train_acc': 1.0}
{'epoch': 7, 'train_loss': 0.0105, 'train_acc': 0.9973}
{'epoch': 8, 'train_loss': 0.0061, 'train_acc': 1.0}
{'epoch': 9, 'train_loss': 0.0115, 'train_acc': 0.9973}
{'epoch': 10, 'train_loss': 0.0102, 'train_acc': 0.9973}
{'epoch': 11, 'train_loss': 0.0089, 'train_acc': 1.0}
{'epoch': 12, 'train_loss': 0.0038, 'train_acc': 1.0}
{'epoch': 13, 'train_loss': 0.0023, 'train_acc': 1.0}
{'epoch': 14, 'train_loss': 0.0041, 'train_acc': 1.0}
{'epoch': 15, 'train_loss': 0.008, 'train_acc': 0.9973}
{'epoch': 16, 'train_loss': 0.0048, 'train_acc': 1.0}
{'epoch': 17, 'train_loss': 0.0019, 'train_acc': 1.0}
{'epoch': 18, 'train_loss': 0.0013, 'train_acc': 1.0}
{'epoch': 19, 'train_loss': 0.0012, 'train_acc': 1.0}
{'epoch': 20, 'train_loss': 0.0007, 'train_acc': 1.0}
{'epoch': 21, 'train_loss': 0.001, 'train_acc': 1.0}
{'epoch': 22, 'train_loss': 0.0007, 'train_acc': 1.0}
{'epoch': 23, 'train_loss': 0.0011, 'train_acc': 1.0}
{'epoch': 24, 'train_loss': 0.001, 'train_acc': 1.0}
{'epoch': 25, 'train_loss': 0.0008, 'train_acc': 1.0}
{'epoch': 26, 'train_loss': 0.0006, 'train_acc': 1.0}
{'epoch': 27, 'train_loss': 0.0005, 'train_acc': 1.0}
{'epoch': 28, 'train_loss': 0.0008, 'train_acc': 1.0}
{'epoch': 29, 'train_loss': 0.0026, 'train_acc': 1.0}
{'epoch': 30, 'train_loss': 0.0006, 'train_acc': 1.0}
{'epoch': 31, 'train_loss': 0.0006, 'train_acc': 1.0}
{'epoch': 32, 'train_loss': 0.0005, 'train_acc': 1.0}
{'epoch': 33, 'train_loss': 0.0036, 'train_acc': 0.9973}
{'epoch': 34, 'train_loss': 0.0124, 'train_acc': 0.9973}
{'epoch': 35, 'train_loss': 0.0025, 'train_acc': 1.0}
{'epoch': 36, 'train_loss': 0.001, 'train_acc': 1.0}
{'epoch': 37, 'train_loss': 0.0025, 'train_acc': 1.0}
{'epoch': 38, 'train_loss': 0.0007, 'train_acc': 1.0}
{'epoch': 39, 'train_loss': 0.0008, 'train_acc': 1.0}
{'epoch': 40, 'train_loss': 0.0005, 'train_acc': 1.0}
{'epoch': 41, 'train_loss': 0.0006, 'train_acc': 1.0}
{'epoch': 42, 'train_loss': 0.0002, 'train_acc': 1.0}
{'epoch': 43, 'train_loss': 0.0005, 'train_acc': 1.0}
{'epoch': 44, 'train_loss': 0.0009, 'train_acc': 1.0}
{'epoch': 45, 'train_loss': 0.0003, 'train_acc': 1.0}
{'epoch': 46, 'train_loss': 0.0003, 'train_acc': 1.0}
{'epoch': 47, 'train_loss': 0.0004, 'train_acc': 1.0}
{'epoch': 48, 'train_loss': 0.0005, 'train_acc': 1.0}
{'epoch': 49, 'train_loss': 0.0002, 'train_acc': 1.0}
{'epoch': 50, 'train_loss': 0.0004, 'train_acc': 1.0}
{'epoch': 51, 'train_loss': 0.0006, 'train_acc': 1.0}
{'epoch': 52, 'train_loss': 0.0007, 'train_acc': 1.0}
{'epoch': 53, 'train_loss': 0.0007, 'train_acc': 1.0}
{'epoch': 54, 'train_loss': 0.0004, 'train_acc': 1.0}
{'epoch': 55, 'train_loss': 0.0003, 'train_acc': 1.0}
{'epoch': 56, 'train_loss': 0.0006, 'train_acc': 1.0}
{'epoch': 57, 'train_loss': 0.0006, 'train_acc': 1.0}
{'epoch': 58, 'train_loss': 0.0003, 'train_acc': 1.0}
{'epoch': 59, 'train_loss': 0.0016, 'train_acc': 1.0}
{'epoch': 60, 'train_loss': 0.0007, 'train_acc': 1.0}
{'epoch': 61, 'train_loss': 0.0011, 'train_acc': 1.0}
{'epoch': 62, 'train_loss': 0.0013, 'train_acc': 1.0}
{'epoch': 63, 'train_loss': 0.0005, 'train_acc': 1.0}
{'epoch': 64, 'train_loss': 0.0003, 'train_acc': 1.0}
{'epoch': 65, 'train_loss': 0.0013, 'train_acc': 1.0}
{'epoch': 66, 'train_loss': 0.0002, 'train_acc': 1.0}
{'epoch': 67, 'train_loss': 0.0003, 'train_acc': 1.0}
{'epoch': 68, 'train_loss': 0.0002, 'train_acc': 1.0}
{'epoch': 69, 'train_loss': 0.0003, 'train_acc': 1.0}
{'epoch': 70, 'train_loss': 0.0008, 'train_acc': 1.0}
{'epoch': 71, 'train_loss': 0.0003, 'train_acc': 1.0}
{'epoch': 72, 'train_loss': 0.0004, 'train_acc': 1.0}
{'epoch': 73, 'train_loss': 0.0004, 'train_acc': 1.0}
{'epoch': 74, 'train_loss': 0.0002, 'train_acc': 1.0}
{'epoch': 75, 'train_loss': 0.0003, 'train_acc': 1.0}
{'epoch': 76, 'train_loss': 0.0002, 'train_acc': 1.0}
{'epoch': 77, 'train_loss': 0.0002, 'train_acc': 1.0}
{'epoch': 78, 'train_loss': 0.0003, 'train_acc': 1.0}
{'epoch': 79, 'train_loss': 0.0002, 'train_acc': 1.0}
{'epoch': 80, 'train_loss': 0.0003, 'train_acc': 1.0}
{'epoch': 81, 'train_loss': 0.0002, 'train_acc': 1.0}
{'epoch': 82, 'train_loss': 0.0003, 'train_acc': 1.0}
{'epoch': 83, 'train_loss': 0.0002, 'train_acc': 1.0}
{'epoch': 84, 'train_loss': 0.0002, 'train_acc': 1.0}
{'epoch': 85, 'train_loss': 0.0006, 'train_acc': 1.0}
{'epoch': 86, 'train_loss': 0.0002, 'train_acc': 1.0}
{'epoch': 87, 'train_loss': 0.0002, 'train_acc': 1.0}
{'epoch': 88, 'train_loss': 0.0002, 'train_acc': 1.0}
{'epoch': 89, 'train_loss': 0.0002, 'train_acc': 1.0}
{'epoch': 90, 'train_loss': 0.0003, 'train_acc': 1.0}
{'epoch': 91, 'train_loss': 0.0005, 'train_acc': 1.0}
{'epoch': 92, 'train_loss': 0.0003, 'train_acc': 1.0}
{'epoch': 93, 'train_loss': 0.0003, 'train_acc': 1.0}
{'epoch': 94, 'train_loss': 0.0003, 'train_acc': 1.0}
{'epoch': 95, 'train_loss': 0.0006, 'train_acc': 1.0}
{'epoch': 96, 'train_loss': 0.0004, 'train_acc': 1.0}
{'epoch': 97, 'train_loss': 0.0001, 'train_acc': 1.0}
{'epoch': 98, 'train_loss': 0.0004, 'train_acc': 1.0}
{'epoch': 99, 'train_loss': 0.0003, 'train_acc': 1.0}
{'epoch': 100, 'train_loss': 0.0005, 'train_acc': 1.0}
{'run_num': 1, 'final_test_err': 0.12377850162866455}
Files already downloaded and verified
Files already downloaded and verified
{'epoch': 1, 'train_loss': 0.4917, 'train_acc': 0.7878}
{'epoch': 2, 'train_loss': 0.2237, 'train_acc': 0.9125}
{'epoch': 3, 'train_loss': 0.1575, 'train_acc': 0.9443}
{'epoch': 4, 'train_loss': 0.143, 'train_acc': 0.9469}
{'epoch': 5, 'train_loss': 0.0774, 'train_acc': 0.9761}
{'epoch': 6, 'train_loss': 0.069, 'train_acc': 0.9682}
{'epoch': 7, 'train_loss': 0.0392, 'train_acc': 0.9841}
{'epoch': 8, 'train_loss': 0.0119, 'train_acc': 0.9973}
{'epoch': 9, 'train_loss': 0.0103, 'train_acc': 0.992}
{'epoch': 10, 'train_loss': 0.0102, 'train_acc': 1.0}
{'epoch': 11, 'train_loss': 0.0045, 'train_acc': 1.0}
{'epoch': 12, 'train_loss': 0.0197, 'train_acc': 0.9867}
{'epoch': 13, 'train_loss': 0.0096, 'train_acc': 1.0}
{'epoch': 14, 'train_loss': 0.0049, 'train_acc': 1.0}
{'epoch': 15, 'train_loss': 0.0072, 'train_acc': 0.9973}
{'epoch': 16, 'train_loss': 0.0027, 'train_acc': 1.0}
{'epoch': 17, 'train_loss': 0.0047, 'train_acc': 1.0}
{'epoch': 18, 'train_loss': 0.0023, 'train_acc': 1.0}
{'epoch': 19, 'train_loss': 0.0012, 'train_acc': 1.0}
{'epoch': 20, 'train_loss': 0.0034, 'train_acc': 1.0}
{'epoch': 21, 'train_loss': 0.0011, 'train_acc': 1.0}
{'epoch': 22, 'train_loss': 0.0016, 'train_acc': 1.0}
{'epoch': 23, 'train_loss': 0.001, 'train_acc': 1.0}
{'epoch': 24, 'train_loss': 0.0038, 'train_acc': 0.9973}
{'epoch': 25, 'train_loss': 0.0037, 'train_acc': 1.0}
{'epoch': 26, 'train_loss': 0.0009, 'train_acc': 1.0}
{'epoch': 27, 'train_loss': 0.0006, 'train_acc': 1.0}
{'epoch': 28, 'train_loss': 0.0007, 'train_acc': 1.0}
{'epoch': 29, 'train_loss': 0.0005, 'train_acc': 1.0}
{'epoch': 30, 'train_loss': 0.0006, 'train_acc': 1.0}
{'epoch': 31, 'train_loss': 0.0005, 'train_acc': 1.0}
{'epoch': 32, 'train_loss': 0.0006, 'train_acc': 1.0}
{'epoch': 33, 'train_loss': 0.0008, 'train_acc': 1.0}
{'epoch': 34, 'train_loss': 0.0003, 'train_acc': 1.0}
{'epoch': 35, 'train_loss': 0.0005, 'train_acc': 1.0}
{'epoch': 36, 'train_loss': 0.0004, 'train_acc': 1.0}
{'epoch': 37, 'train_loss': 0.0003, 'train_acc': 1.0}
{'epoch': 38, 'train_loss': 0.0003, 'train_acc': 1.0}
{'epoch': 39, 'train_loss': 0.0004, 'train_acc': 1.0}
{'epoch': 40, 'train_loss': 0.0005, 'train_acc': 1.0}
{'epoch': 41, 'train_loss': 0.0004, 'train_acc': 1.0}
{'epoch': 42, 'train_loss': 0.0003, 'train_acc': 1.0}
{'epoch': 43, 'train_loss': 0.0003, 'train_acc': 1.0}
{'epoch': 44, 'train_loss': 0.0012, 'train_acc': 1.0}
{'epoch': 45, 'train_loss': 0.0004, 'train_acc': 1.0}
{'epoch': 46, 'train_loss': 0.0003, 'train_acc': 1.0}
{'epoch': 47, 'train_loss': 0.0004, 'train_acc': 1.0}
{'epoch': 48, 'train_loss': 0.0003, 'train_acc': 1.0}
{'epoch': 49, 'train_loss': 0.0009, 'train_acc': 1.0}
{'epoch': 50, 'train_loss': 0.0004, 'train_acc': 1.0}
{'epoch': 51, 'train_loss': 0.0003, 'train_acc': 1.0}
{'epoch': 52, 'train_loss': 0.0003, 'train_acc': 1.0}
{'epoch': 53, 'train_loss': 0.0003, 'train_acc': 1.0}
{'epoch': 54, 'train_loss': 0.0039, 'train_acc': 1.0}
{'epoch': 55, 'train_loss': 0.0008, 'train_acc': 1.0}
{'epoch': 56, 'train_loss': 0.0004, 'train_acc': 1.0}
{'epoch': 57, 'train_loss': 0.0005, 'train_acc': 1.0}
{'epoch': 58, 'train_loss': 0.0009, 'train_acc': 1.0}
{'epoch': 59, 'train_loss': 0.0005, 'train_acc': 1.0}
{'epoch': 60, 'train_loss': 0.0003, 'train_acc': 1.0}
{'epoch': 61, 'train_loss': 0.0002, 'train_acc': 1.0}
{'epoch': 62, 'train_loss': 0.0005, 'train_acc': 1.0}
{'epoch': 63, 'train_loss': 0.0004, 'train_acc': 1.0}
{'epoch': 64, 'train_loss': 0.0003, 'train_acc': 1.0}
{'epoch': 65, 'train_loss': 0.0004, 'train_acc': 1.0}
{'epoch': 66, 'train_loss': 0.0004, 'train_acc': 1.0}
{'epoch': 67, 'train_loss': 0.0005, 'train_acc': 1.0}
{'epoch': 68, 'train_loss': 0.0003, 'train_acc': 1.0}
{'epoch': 69, 'train_loss': 0.0003, 'train_acc': 1.0}
{'epoch': 70, 'train_loss': 0.0002, 'train_acc': 1.0}
{'epoch': 71, 'train_loss': 0.0002, 'train_acc': 1.0}
{'epoch': 72, 'train_loss': 0.0006, 'train_acc': 1.0}
{'epoch': 73, 'train_loss': 0.0002, 'train_acc': 1.0}
{'epoch': 74, 'train_loss': 0.0003, 'train_acc': 1.0}
{'epoch': 75, 'train_loss': 0.0004, 'train_acc': 1.0}
{'epoch': 76, 'train_loss': 0.0002, 'train_acc': 1.0}
{'epoch': 77, 'train_loss': 0.0002, 'train_acc': 1.0}
{'epoch': 78, 'train_loss': 0.0002, 'train_acc': 1.0}
{'epoch': 79, 'train_loss': 0.0002, 'train_acc': 1.0}
{'epoch': 80, 'train_loss': 0.0002, 'train_acc': 1.0}
{'epoch': 81, 'train_loss': 0.0002, 'train_acc': 1.0}
{'epoch': 82, 'train_loss': 0.0002, 'train_acc': 1.0}
{'epoch': 83, 'train_loss': 0.0002, 'train_acc': 1.0}
{'epoch': 84, 'train_loss': 0.0002, 'train_acc': 1.0}
{'epoch': 85, 'train_loss': 0.0002, 'train_acc': 1.0}
{'epoch': 86, 'train_loss': 0.0002, 'train_acc': 1.0}
{'epoch': 87, 'train_loss': 0.0003, 'train_acc': 1.0}
{'epoch': 88, 'train_loss': 0.0002, 'train_acc': 1.0}
{'epoch': 89, 'train_loss': 0.0003, 'train_acc': 1.0}
{'epoch': 90, 'train_loss': 0.0006, 'train_acc': 1.0}
{'epoch': 91, 'train_loss': 0.0003, 'train_acc': 1.0}
{'epoch': 92, 'train_loss': 0.0002, 'train_acc': 1.0}
{'epoch': 93, 'train_loss': 0.0002, 'train_acc': 1.0}
{'epoch': 94, 'train_loss': 0.0004, 'train_acc': 1.0}
{'epoch': 95, 'train_loss': 0.0003, 'train_acc': 1.0}
{'epoch': 96, 'train_loss': 0.0003, 'train_acc': 1.0}
{'epoch': 97, 'train_loss': 0.0003, 'train_acc': 1.0}
{'epoch': 98, 'train_loss': 0.0003, 'train_acc': 1.0}
{'epoch': 99, 'train_loss': 0.0002, 'train_acc': 1.0}
{'epoch': 100, 'train_loss': 0.0002, 'train_acc': 1.0}
{'run_num': 2, 'final_test_err': 0.12052117263843654}
Files already downloaded and verified
Files already downloaded and verified
{'epoch': 1, 'train_loss': 0.4964, 'train_acc': 0.7533}
{'epoch': 2, 'train_loss': 0.2236, 'train_acc': 0.9072}
{'epoch': 3, 'train_loss': 0.1632, 'train_acc': 0.931}
{'epoch': 4, 'train_loss': 0.1084, 'train_acc': 0.9549}
{'epoch': 5, 'train_loss': 0.0814, 'train_acc': 0.9682}
{'epoch': 6, 'train_loss': 0.0353, 'train_acc': 0.9867}
{'epoch': 7, 'train_loss': 0.016, 'train_acc': 1.0}
{'epoch': 8, 'train_loss': 0.0132, 'train_acc': 0.9973}
{'epoch': 9, 'train_loss': 0.0259, 'train_acc': 0.9947}
{'epoch': 10, 'train_loss': 0.0174, 'train_acc': 0.9947}
{'epoch': 11, 'train_loss': 0.0177, 'train_acc': 0.9947}
{'epoch': 12, 'train_loss': 0.004, 'train_acc': 1.0}
{'epoch': 13, 'train_loss': 0.0057, 'train_acc': 1.0}
{'epoch': 14, 'train_loss': 0.0035, 'train_acc': 1.0}
{'epoch': 15, 'train_loss': 0.0015, 'train_acc': 1.0}
{'epoch': 16, 'train_loss': 0.0016, 'train_acc': 1.0}
{'epoch': 17, 'train_loss': 0.0018, 'train_acc': 1.0}
{'epoch': 18, 'train_loss': 0.0011, 'train_acc': 1.0}
{'epoch': 19, 'train_loss': 0.0018, 'train_acc': 1.0}
{'epoch': 20, 'train_loss': 0.0015, 'train_acc': 1.0}
{'epoch': 21, 'train_loss': 0.0017, 'train_acc': 1.0}
{'epoch': 22, 'train_loss': 0.0008, 'train_acc': 1.0}
{'epoch': 23, 'train_loss': 0.0013, 'train_acc': 1.0}
{'epoch': 24, 'train_loss': 0.0009, 'train_acc': 1.0}
{'epoch': 25, 'train_loss': 0.0006, 'train_acc': 1.0}
{'epoch': 26, 'train_loss': 0.0007, 'train_acc': 1.0}
{'epoch': 27, 'train_loss': 0.0004, 'train_acc': 1.0}
{'epoch': 28, 'train_loss': 0.0011, 'train_acc': 1.0}
{'epoch': 29, 'train_loss': 0.0007, 'train_acc': 1.0}
{'epoch': 30, 'train_loss': 0.0004, 'train_acc': 1.0}
{'epoch': 31, 'train_loss': 0.0006, 'train_acc': 1.0}
{'epoch': 32, 'train_loss': 0.0007, 'train_acc': 1.0}
{'epoch': 33, 'train_loss': 0.0004, 'train_acc': 1.0}
{'epoch': 34, 'train_loss': 0.0007, 'train_acc': 1.0}
{'epoch': 35, 'train_loss': 0.0006, 'train_acc': 1.0}
{'epoch': 36, 'train_loss': 0.0008, 'train_acc': 1.0}
{'epoch': 37, 'train_loss': 0.0005, 'train_acc': 1.0}
{'epoch': 38, 'train_loss': 0.0005, 'train_acc': 1.0}
{'epoch': 39, 'train_loss': 0.0002, 'train_acc': 1.0}
{'epoch': 40, 'train_loss': 0.0005, 'train_acc': 1.0}
{'epoch': 41, 'train_loss': 0.0006, 'train_acc': 1.0}
{'epoch': 42, 'train_loss': 0.0007, 'train_acc': 1.0}
{'epoch': 43, 'train_loss': 0.0003, 'train_acc': 1.0}
{'epoch': 44, 'train_loss': 0.0003, 'train_acc': 1.0}
{'epoch': 45, 'train_loss': 0.0005, 'train_acc': 1.0}
{'epoch': 46, 'train_loss': 0.001, 'train_acc': 1.0}
{'epoch': 47, 'train_loss': 0.0008, 'train_acc': 1.0}
{'epoch': 48, 'train_loss': 0.0021, 'train_acc': 1.0}
{'epoch': 49, 'train_loss': 0.0004, 'train_acc': 1.0}
{'epoch': 50, 'train_loss': 0.0008, 'train_acc': 1.0}
{'epoch': 51, 'train_loss': 0.0004, 'train_acc': 1.0}
{'epoch': 52, 'train_loss': 0.0004, 'train_acc': 1.0}
{'epoch': 53, 'train_loss': 0.0008, 'train_acc': 1.0}
{'epoch': 54, 'train_loss': 0.0004, 'train_acc': 1.0}
{'epoch': 55, 'train_loss': 0.0004, 'train_acc': 1.0}
{'epoch': 56, 'train_loss': 0.0004, 'train_acc': 1.0}
{'epoch': 57, 'train_loss': 0.0003, 'train_acc': 1.0}
{'epoch': 58, 'train_loss': 0.0005, 'train_acc': 1.0}
{'epoch': 59, 'train_loss': 0.0026, 'train_acc': 1.0}
{'epoch': 60, 'train_loss': 0.0006, 'train_acc': 1.0}
{'epoch': 61, 'train_loss': 0.0003, 'train_acc': 1.0}
{'epoch': 62, 'train_loss': 0.0006, 'train_acc': 1.0}
{'epoch': 63, 'train_loss': 0.0003, 'train_acc': 1.0}
{'epoch': 64, 'train_loss': 0.0002, 'train_acc': 1.0}
{'epoch': 65, 'train_loss': 0.0003, 'train_acc': 1.0}
{'epoch': 66, 'train_loss': 0.0002, 'train_acc': 1.0}
{'epoch': 67, 'train_loss': 0.0005, 'train_acc': 1.0}
{'epoch': 68, 'train_loss': 0.0003, 'train_acc': 1.0}
{'epoch': 69, 'train_loss': 0.0003, 'train_acc': 1.0}
{'epoch': 70, 'train_loss': 0.0002, 'train_acc': 1.0}
{'epoch': 71, 'train_loss': 0.0003, 'train_acc': 1.0}
{'epoch': 72, 'train_loss': 0.0004, 'train_acc': 1.0}
{'epoch': 73, 'train_loss': 0.0003, 'train_acc': 1.0}
{'epoch': 74, 'train_loss': 0.0003, 'train_acc': 1.0}
{'epoch': 75, 'train_loss': 0.0006, 'train_acc': 1.0}
{'epoch': 76, 'train_loss': 0.0002, 'train_acc': 1.0}
{'epoch': 77, 'train_loss': 0.0007, 'train_acc': 1.0}
{'epoch': 78, 'train_loss': 0.0003, 'train_acc': 1.0}
{'epoch': 79, 'train_loss': 0.0004, 'train_acc': 1.0}
{'epoch': 80, 'train_loss': 0.0005, 'train_acc': 1.0}
{'epoch': 81, 'train_loss': 0.0003, 'train_acc': 1.0}
{'epoch': 82, 'train_loss': 0.0002, 'train_acc': 1.0}
{'epoch': 83, 'train_loss': 0.0002, 'train_acc': 1.0}
{'epoch': 84, 'train_loss': 0.0007, 'train_acc': 1.0}
{'epoch': 85, 'train_loss': 0.0002, 'train_acc': 1.0}
{'epoch': 86, 'train_loss': 0.0007, 'train_acc': 1.0}
{'epoch': 87, 'train_loss': 0.0005, 'train_acc': 1.0}
{'epoch': 88, 'train_loss': 0.0005, 'train_acc': 1.0}
{'epoch': 89, 'train_loss': 0.0004, 'train_acc': 1.0}
{'epoch': 90, 'train_loss': 0.0002, 'train_acc': 1.0}
{'epoch': 91, 'train_loss': 0.0002, 'train_acc': 1.0}
{'epoch': 92, 'train_loss': 0.0002, 'train_acc': 1.0}
{'epoch': 93, 'train_loss': 0.0004, 'train_acc': 1.0}
{'epoch': 94, 'train_loss': 0.0005, 'train_acc': 1.0}
{'epoch': 95, 'train_loss': 0.0004, 'train_acc': 1.0}
{'epoch': 96, 'train_loss': 0.0002, 'train_acc': 1.0}
{'epoch': 97, 'train_loss': 0.0002, 'train_acc': 1.0}
{'epoch': 98, 'train_loss': 0.0002, 'train_acc': 1.0}
{'epoch': 99, 'train_loss': 0.0001, 'train_acc': 1.0}
{'epoch': 100, 'train_loss': 0.0004, 'train_acc': 1.0}
{'run_num': 3, 'final_test_err': 0.12703583061889245}
Files already downloaded and verified
Files already downloaded and verified
{'epoch': 1, 'train_loss': 0.508, 'train_acc': 0.7825}
{'epoch': 2, 'train_loss': 0.2748, 'train_acc': 0.8886}
{'epoch': 3, 'train_loss': 0.2213, 'train_acc': 0.9098}
{'epoch': 4, 'train_loss': 0.1047, 'train_acc': 0.9576}
{'epoch': 5, 'train_loss': 0.0877, 'train_acc': 0.9708}
{'epoch': 6, 'train_loss': 0.0298, 'train_acc': 0.9973}
{'epoch': 7, 'train_loss': 0.0133, 'train_acc': 1.0}
{'epoch': 8, 'train_loss': 0.0235, 'train_acc': 0.9894}
{'epoch': 9, 'train_loss': 0.0125, 'train_acc': 0.9947}
{'epoch': 10, 'train_loss': 0.0067, 'train_acc': 1.0}
{'epoch': 11, 'train_loss': 0.0048, 'train_acc': 1.0}
{'epoch': 12, 'train_loss': 0.0033, 'train_acc': 1.0}
{'epoch': 13, 'train_loss': 0.0083, 'train_acc': 0.9973}
{'epoch': 14, 'train_loss': 0.0096, 'train_acc': 1.0}
{'epoch': 15, 'train_loss': 0.0057, 'train_acc': 1.0}
{'epoch': 16, 'train_loss': 0.0031, 'train_acc': 1.0}
{'epoch': 17, 'train_loss': 0.0018, 'train_acc': 1.0}
{'epoch': 18, 'train_loss': 0.0019, 'train_acc': 1.0}
{'epoch': 19, 'train_loss': 0.003, 'train_acc': 1.0}
{'epoch': 20, 'train_loss': 0.0011, 'train_acc': 1.0}
{'epoch': 21, 'train_loss': 0.0036, 'train_acc': 1.0}
{'epoch': 22, 'train_loss': 0.0015, 'train_acc': 1.0}
{'epoch': 23, 'train_loss': 0.0017, 'train_acc': 1.0}
{'epoch': 24, 'train_loss': 0.0025, 'train_acc': 1.0}
{'epoch': 25, 'train_loss': 0.0121, 'train_acc': 0.9947}
{'epoch': 26, 'train_loss': 0.0786, 'train_acc': 0.9682}
{'epoch': 27, 'train_loss': 0.0337, 'train_acc': 0.9867}
{'epoch': 28, 'train_loss': 0.0289, 'train_acc': 0.992}
{'epoch': 29, 'train_loss': 0.0115, 'train_acc': 0.9973}
{'epoch': 30, 'train_loss': 0.0099, 'train_acc': 0.9947}
{'epoch': 31, 'train_loss': 0.0037, 'train_acc': 1.0}
{'epoch': 32, 'train_loss': 0.0028, 'train_acc': 1.0}
{'epoch': 33, 'train_loss': 0.0032, 'train_acc': 1.0}
{'epoch': 34, 'train_loss': 0.0023, 'train_acc': 1.0}
{'epoch': 35, 'train_loss': 0.0011, 'train_acc': 1.0}
{'epoch': 36, 'train_loss': 0.0009, 'train_acc': 1.0}
{'epoch': 37, 'train_loss': 0.0028, 'train_acc': 1.0}
{'epoch': 38, 'train_loss': 0.0008, 'train_acc': 1.0}
{'epoch': 39, 'train_loss': 0.0008, 'train_acc': 1.0}
{'epoch': 40, 'train_loss': 0.0012, 'train_acc': 1.0}
{'epoch': 41, 'train_loss': 0.001, 'train_acc': 1.0}
{'epoch': 42, 'train_loss': 0.0017, 'train_acc': 1.0}
{'epoch': 43, 'train_loss': 0.0009, 'train_acc': 1.0}
{'epoch': 44, 'train_loss': 0.0008, 'train_acc': 1.0}
{'epoch': 45, 'train_loss': 0.0009, 'train_acc': 1.0}
{'epoch': 46, 'train_loss': 0.0004, 'train_acc': 1.0}
{'epoch': 47, 'train_loss': 0.0005, 'train_acc': 1.0}
{'epoch': 48, 'train_loss': 0.0006, 'train_acc': 1.0}
{'epoch': 49, 'train_loss': 0.0005, 'train_acc': 1.0}
{'epoch': 50, 'train_loss': 0.0019, 'train_acc': 1.0}
{'epoch': 51, 'train_loss': 0.0008, 'train_acc': 1.0}
{'epoch': 52, 'train_loss': 0.0006, 'train_acc': 1.0}
{'epoch': 53, 'train_loss': 0.0015, 'train_acc': 1.0}
{'epoch': 54, 'train_loss': 0.0007, 'train_acc': 1.0}
{'epoch': 55, 'train_loss': 0.0003, 'train_acc': 1.0}
{'epoch': 56, 'train_loss': 0.0006, 'train_acc': 1.0}
{'epoch': 57, 'train_loss': 0.0005, 'train_acc': 1.0}
{'epoch': 58, 'train_loss': 0.0006, 'train_acc': 1.0}
{'epoch': 59, 'train_loss': 0.0007, 'train_acc': 1.0}
{'epoch': 60, 'train_loss': 0.0005, 'train_acc': 1.0}
{'epoch': 61, 'train_loss': 0.0003, 'train_acc': 1.0}
{'epoch': 62, 'train_loss': 0.0007, 'train_acc': 1.0}
{'epoch': 63, 'train_loss': 0.0003, 'train_acc': 1.0}
{'epoch': 64, 'train_loss': 0.0006, 'train_acc': 1.0}
{'epoch': 65, 'train_loss': 0.0005, 'train_acc': 1.0}
{'epoch': 66, 'train_loss': 0.0008, 'train_acc': 1.0}
{'epoch': 67, 'train_loss': 0.0004, 'train_acc': 1.0}
{'epoch': 68, 'train_loss': 0.0003, 'train_acc': 1.0}
{'epoch': 69, 'train_loss': 0.0007, 'train_acc': 1.0}
{'epoch': 70, 'train_loss': 0.0005, 'train_acc': 1.0}
{'epoch': 71, 'train_loss': 0.0008, 'train_acc': 1.0}
{'epoch': 72, 'train_loss': 0.0002, 'train_acc': 1.0}
{'epoch': 73, 'train_loss': 0.0005, 'train_acc': 1.0}
{'epoch': 74, 'train_loss': 0.0004, 'train_acc': 1.0}
{'epoch': 75, 'train_loss': 0.0003, 'train_acc': 1.0}
{'epoch': 76, 'train_loss': 0.0003, 'train_acc': 1.0}
{'epoch': 77, 'train_loss': 0.0003, 'train_acc': 1.0}
{'epoch': 78, 'train_loss': 0.0003, 'train_acc': 1.0}
{'epoch': 79, 'train_loss': 0.0003, 'train_acc': 1.0}
{'epoch': 80, 'train_loss': 0.0004, 'train_acc': 1.0}
{'epoch': 81, 'train_loss': 0.0003, 'train_acc': 1.0}
{'epoch': 82, 'train_loss': 0.0003, 'train_acc': 1.0}
{'epoch': 83, 'train_loss': 0.0003, 'train_acc': 1.0}
{'epoch': 84, 'train_loss': 0.0006, 'train_acc': 1.0}
{'epoch': 85, 'train_loss': 0.0004, 'train_acc': 1.0}
{'epoch': 86, 'train_loss': 0.0003, 'train_acc': 1.0}
{'epoch': 87, 'train_loss': 0.0004, 'train_acc': 1.0}
{'epoch': 88, 'train_loss': 0.0003, 'train_acc': 1.0}
{'epoch': 89, 'train_loss': 0.0004, 'train_acc': 1.0}
{'epoch': 90, 'train_loss': 0.0002, 'train_acc': 1.0}
{'epoch': 91, 'train_loss': 0.001, 'train_acc': 1.0}
{'epoch': 92, 'train_loss': 0.0005, 'train_acc': 1.0}
{'epoch': 93, 'train_loss': 0.0003, 'train_acc': 1.0}
{'epoch': 94, 'train_loss': 0.0003, 'train_acc': 1.0}
{'epoch': 95, 'train_loss': 0.0004, 'train_acc': 1.0}
{'epoch': 96, 'train_loss': 0.0003, 'train_acc': 1.0}
{'epoch': 97, 'train_loss': 0.0004, 'train_acc': 1.0}
{'epoch': 98, 'train_loss': 0.0003, 'train_acc': 1.0}
{'epoch': 99, 'train_loss': 0.0005, 'train_acc': 1.0}
{'epoch': 100, 'train_loss': 0.0004, 'train_acc': 1.0}
{'run_num': 4, 'final_test_err': 0.13029315960912047}
Files already downloaded and verified
Files already downloaded and verified
{'epoch': 1, 'train_loss': 0.4414, 'train_acc': 0.8011}
{'epoch': 2, 'train_loss': 0.2169, 'train_acc': 0.9045}
{'epoch': 3, 'train_loss': 0.1903, 'train_acc': 0.9204}
{'epoch': 4, 'train_loss': 0.1438, 'train_acc': 0.939}
{'epoch': 5, 'train_loss': 0.1003, 'train_acc': 0.9682}
{'epoch': 6, 'train_loss': 0.0921, 'train_acc': 0.9655}
{'epoch': 7, 'train_loss': 0.0343, 'train_acc': 0.9947}
{'epoch': 8, 'train_loss': 0.0162, 'train_acc': 0.9947}
{'epoch': 9, 'train_loss': 0.013, 'train_acc': 0.9973}
{'epoch': 10, 'train_loss': 0.0198, 'train_acc': 0.9894}
{'epoch': 11, 'train_loss': 0.0274, 'train_acc': 0.9894}
{'epoch': 12, 'train_loss': 0.0251, 'train_acc': 0.992}
{'epoch': 13, 'train_loss': 0.0066, 'train_acc': 1.0}
{'epoch': 14, 'train_loss': 0.013, 'train_acc': 0.9973}
{'epoch': 15, 'train_loss': 0.0104, 'train_acc': 1.0}
{'epoch': 16, 'train_loss': 0.0196, 'train_acc': 0.992}
{'epoch': 17, 'train_loss': 0.0125, 'train_acc': 0.9947}
{'epoch': 18, 'train_loss': 0.0041, 'train_acc': 1.0}
{'epoch': 19, 'train_loss': 0.0011, 'train_acc': 1.0}
{'epoch': 20, 'train_loss': 0.0013, 'train_acc': 1.0}
{'epoch': 21, 'train_loss': 0.0016, 'train_acc': 1.0}
{'epoch': 22, 'train_loss': 0.0009, 'train_acc': 1.0}
{'epoch': 23, 'train_loss': 0.0012, 'train_acc': 1.0}
{'epoch': 24, 'train_loss': 0.0009, 'train_acc': 1.0}
{'epoch': 25, 'train_loss': 0.0007, 'train_acc': 1.0}
{'epoch': 26, 'train_loss': 0.0005, 'train_acc': 1.0}
{'epoch': 27, 'train_loss': 0.0015, 'train_acc': 1.0}
{'epoch': 28, 'train_loss': 0.0006, 'train_acc': 1.0}
{'epoch': 29, 'train_loss': 0.001, 'train_acc': 1.0}
{'epoch': 30, 'train_loss': 0.0004, 'train_acc': 1.0}
{'epoch': 31, 'train_loss': 0.0006, 'train_acc': 1.0}
{'epoch': 32, 'train_loss': 0.0007, 'train_acc': 1.0}
{'epoch': 33, 'train_loss': 0.0006, 'train_acc': 1.0}
{'epoch': 34, 'train_loss': 0.0005, 'train_acc': 1.0}
{'epoch': 35, 'train_loss': 0.0005, 'train_acc': 1.0}
{'epoch': 36, 'train_loss': 0.0008, 'train_acc': 1.0}
{'epoch': 37, 'train_loss': 0.0003, 'train_acc': 1.0}
{'epoch': 38, 'train_loss': 0.0006, 'train_acc': 1.0}
{'epoch': 39, 'train_loss': 0.0004, 'train_acc': 1.0}
{'epoch': 40, 'train_loss': 0.0005, 'train_acc': 1.0}
{'epoch': 41, 'train_loss': 0.0005, 'train_acc': 1.0}
{'epoch': 42, 'train_loss': 0.0005, 'train_acc': 1.0}
{'epoch': 43, 'train_loss': 0.0009, 'train_acc': 1.0}
{'epoch': 44, 'train_loss': 0.0005, 'train_acc': 1.0}
{'epoch': 45, 'train_loss': 0.0004, 'train_acc': 1.0}
{'epoch': 46, 'train_loss': 0.0004, 'train_acc': 1.0}
{'epoch': 47, 'train_loss': 0.0002, 'train_acc': 1.0}
{'epoch': 48, 'train_loss': 0.0004, 'train_acc': 1.0}
{'epoch': 49, 'train_loss': 0.0004, 'train_acc': 1.0}
{'epoch': 50, 'train_loss': 0.001, 'train_acc': 1.0}
{'epoch': 51, 'train_loss': 0.0007, 'train_acc': 1.0}
{'epoch': 52, 'train_loss': 0.0004, 'train_acc': 1.0}
{'epoch': 53, 'train_loss': 0.0002, 'train_acc': 1.0}
{'epoch': 54, 'train_loss': 0.0004, 'train_acc': 1.0}
{'epoch': 55, 'train_loss': 0.0002, 'train_acc': 1.0}
{'epoch': 56, 'train_loss': 0.0003, 'train_acc': 1.0}
{'epoch': 57, 'train_loss': 0.0002, 'train_acc': 1.0}
{'epoch': 58, 'train_loss': 0.0004, 'train_acc': 1.0}
{'epoch': 59, 'train_loss': 0.0006, 'train_acc': 1.0}
{'epoch': 60, 'train_loss': 0.0002, 'train_acc': 1.0}
{'epoch': 61, 'train_loss': 0.0002, 'train_acc': 1.0}
{'epoch': 62, 'train_loss': 0.0047, 'train_acc': 0.9947}
{'epoch': 63, 'train_loss': 0.001, 'train_acc': 1.0}
{'epoch': 64, 'train_loss': 0.0002, 'train_acc': 1.0}
{'epoch': 65, 'train_loss': 0.0005, 'train_acc': 1.0}
{'epoch': 66, 'train_loss': 0.0011, 'train_acc': 1.0}
{'epoch': 67, 'train_loss': 0.0003, 'train_acc': 1.0}
{'epoch': 68, 'train_loss': 0.0003, 'train_acc': 1.0}
{'epoch': 69, 'train_loss': 0.0003, 'train_acc': 1.0}
{'epoch': 70, 'train_loss': 0.0004, 'train_acc': 1.0}
{'epoch': 71, 'train_loss': 0.0006, 'train_acc': 1.0}
{'epoch': 72, 'train_loss': 0.0004, 'train_acc': 1.0}
{'epoch': 73, 'train_loss': 0.0006, 'train_acc': 1.0}
{'epoch': 74, 'train_loss': 0.0003, 'train_acc': 1.0}
{'epoch': 75, 'train_loss': 0.0004, 'train_acc': 1.0}
{'epoch': 76, 'train_loss': 0.0003, 'train_acc': 1.0}
{'epoch': 77, 'train_loss': 0.0003, 'train_acc': 1.0}
{'epoch': 78, 'train_loss': 0.0006, 'train_acc': 1.0}
{'epoch': 79, 'train_loss': 0.0002, 'train_acc': 1.0}
{'epoch': 80, 'train_loss': 0.0006, 'train_acc': 1.0}
{'epoch': 81, 'train_loss': 0.0002, 'train_acc': 1.0}
{'epoch': 82, 'train_loss': 0.0007, 'train_acc': 1.0}
{'epoch': 83, 'train_loss': 0.0003, 'train_acc': 1.0}
{'epoch': 84, 'train_loss': 0.0005, 'train_acc': 1.0}
{'epoch': 85, 'train_loss': 0.0002, 'train_acc': 1.0}
{'epoch': 86, 'train_loss': 0.0008, 'train_acc': 1.0}
{'epoch': 87, 'train_loss': 0.0002, 'train_acc': 1.0}
{'epoch': 88, 'train_loss': 0.0004, 'train_acc': 1.0}
{'epoch': 89, 'train_loss': 0.0003, 'train_acc': 1.0}
{'epoch': 90, 'train_loss': 0.0004, 'train_acc': 1.0}
{'epoch': 91, 'train_loss': 0.0003, 'train_acc': 1.0}
{'epoch': 92, 'train_loss': 0.0002, 'train_acc': 1.0}
{'epoch': 93, 'train_loss': 0.0003, 'train_acc': 1.0}
{'epoch': 94, 'train_loss': 0.0003, 'train_acc': 1.0}
{'epoch': 95, 'train_loss': 0.0004, 'train_acc': 1.0}
{'epoch': 96, 'train_loss': 0.0003, 'train_acc': 1.0}
{'epoch': 97, 'train_loss': 0.0003, 'train_acc': 1.0}
{'epoch': 98, 'train_loss': 0.0004, 'train_acc': 1.0}
{'epoch': 99, 'train_loss': 0.0004, 'train_acc': 1.0}
{'epoch': 100, 'train_loss': 0.0004, 'train_acc': 1.0}
{'run_num': 5, 'final_test_err': 0.11726384364820852}
Files already downloaded and verified
Files already downloaded and verified
{'epoch': 1, 'train_loss': 0.4715, 'train_acc': 0.7798}
{'epoch': 2, 'train_loss': 0.2118, 'train_acc': 0.9019}
{'epoch': 3, 'train_loss': 0.112, 'train_acc': 0.9602}
{'epoch': 4, 'train_loss': 0.0558, 'train_acc': 0.9867}
{'epoch': 5, 'train_loss': 0.0375, 'train_acc': 0.9814}
{'epoch': 6, 'train_loss': 0.028, 'train_acc': 0.992}
{'epoch': 7, 'train_loss': 0.0165, 'train_acc': 0.9973}
{'epoch': 8, 'train_loss': 0.0136, 'train_acc': 0.9973}
{'epoch': 9, 'train_loss': 0.0069, 'train_acc': 1.0}
{'epoch': 10, 'train_loss': 0.0043, 'train_acc': 1.0}
{'epoch': 11, 'train_loss': 0.0021, 'train_acc': 1.0}
{'epoch': 12, 'train_loss': 0.0019, 'train_acc': 1.0}
{'epoch': 13, 'train_loss': 0.0045, 'train_acc': 1.0}
{'epoch': 14, 'train_loss': 0.0027, 'train_acc': 1.0}
{'epoch': 15, 'train_loss': 0.0039, 'train_acc': 0.9973}
{'epoch': 16, 'train_loss': 0.0062, 'train_acc': 0.9973}
{'epoch': 17, 'train_loss': 0.0015, 'train_acc': 1.0}
{'epoch': 18, 'train_loss': 0.0089, 'train_acc': 0.9973}
{'epoch': 19, 'train_loss': 0.0047, 'train_acc': 0.9973}
{'epoch': 20, 'train_loss': 0.012, 'train_acc': 0.9973}
{'epoch': 21, 'train_loss': 0.0167, 'train_acc': 0.992}
{'epoch': 22, 'train_loss': 0.0045, 'train_acc': 1.0}
{'epoch': 23, 'train_loss': 0.0028, 'train_acc': 1.0}
{'epoch': 24, 'train_loss': 0.0043, 'train_acc': 1.0}
{'epoch': 25, 'train_loss': 0.0022, 'train_acc': 1.0}
{'epoch': 26, 'train_loss': 0.0008, 'train_acc': 1.0}
{'epoch': 27, 'train_loss': 0.0011, 'train_acc': 1.0}
{'epoch': 28, 'train_loss': 0.0015, 'train_acc': 1.0}
{'epoch': 29, 'train_loss': 0.0007, 'train_acc': 1.0}
{'epoch': 30, 'train_loss': 0.0008, 'train_acc': 1.0}
{'epoch': 31, 'train_loss': 0.0006, 'train_acc': 1.0}
{'epoch': 32, 'train_loss': 0.0003, 'train_acc': 1.0}
{'epoch': 33, 'train_loss': 0.0004, 'train_acc': 1.0}
{'epoch': 34, 'train_loss': 0.0005, 'train_acc': 1.0}
{'epoch': 35, 'train_loss': 0.0004, 'train_acc': 1.0}
{'epoch': 36, 'train_loss': 0.0006, 'train_acc': 1.0}
{'epoch': 37, 'train_loss': 0.0004, 'train_acc': 1.0}
{'epoch': 38, 'train_loss': 0.0007, 'train_acc': 1.0}
{'epoch': 39, 'train_loss': 0.0003, 'train_acc': 1.0}
{'epoch': 40, 'train_loss': 0.0004, 'train_acc': 1.0}
{'epoch': 41, 'train_loss': 0.0004, 'train_acc': 1.0}
{'epoch': 42, 'train_loss': 0.0004, 'train_acc': 1.0}
{'epoch': 43, 'train_loss': 0.0002, 'train_acc': 1.0}
{'epoch': 44, 'train_loss': 0.0003, 'train_acc': 1.0}
{'epoch': 45, 'train_loss': 0.0002, 'train_acc': 1.0}
{'epoch': 46, 'train_loss': 0.0002, 'train_acc': 1.0}
{'epoch': 47, 'train_loss': 0.0004, 'train_acc': 1.0}
{'epoch': 48, 'train_loss': 0.0008, 'train_acc': 1.0}
{'epoch': 49, 'train_loss': 0.0003, 'train_acc': 1.0}
{'epoch': 50, 'train_loss': 0.0003, 'train_acc': 1.0}
{'epoch': 51, 'train_loss': 0.0003, 'train_acc': 1.0}
{'epoch': 52, 'train_loss': 0.0008, 'train_acc': 1.0}
{'epoch': 53, 'train_loss': 0.0003, 'train_acc': 1.0}
{'epoch': 54, 'train_loss': 0.0003, 'train_acc': 1.0}
{'epoch': 55, 'train_loss': 0.0003, 'train_acc': 1.0}
{'epoch': 56, 'train_loss': 0.0003, 'train_acc': 1.0}
{'epoch': 57, 'train_loss': 0.0003, 'train_acc': 1.0}
{'epoch': 58, 'train_loss': 0.0004, 'train_acc': 1.0}
{'epoch': 59, 'train_loss': 0.0002, 'train_acc': 1.0}
{'epoch': 60, 'train_loss': 0.0002, 'train_acc': 1.0}
{'epoch': 61, 'train_loss': 0.0002, 'train_acc': 1.0}
{'epoch': 62, 'train_loss': 0.0002, 'train_acc': 1.0}
{'epoch': 63, 'train_loss': 0.0003, 'train_acc': 1.0}
{'epoch': 64, 'train_loss': 0.0003, 'train_acc': 1.0}
{'epoch': 65, 'train_loss': 0.0001, 'train_acc': 1.0}
{'epoch': 66, 'train_loss': 0.0002, 'train_acc': 1.0}
{'epoch': 67, 'train_loss': 0.0002, 'train_acc': 1.0}
{'epoch': 68, 'train_loss': 0.0002, 'train_acc': 1.0}
{'epoch': 69, 'train_loss': 0.0004, 'train_acc': 1.0}
{'epoch': 70, 'train_loss': 0.0002, 'train_acc': 1.0}
{'epoch': 71, 'train_loss': 0.0004, 'train_acc': 1.0}
{'epoch': 72, 'train_loss': 0.0002, 'train_acc': 1.0}
{'epoch': 73, 'train_loss': 0.0003, 'train_acc': 1.0}
{'epoch': 74, 'train_loss': 0.0002, 'train_acc': 1.0}
{'epoch': 75, 'train_loss': 0.0002, 'train_acc': 1.0}
{'epoch': 76, 'train_loss': 0.0001, 'train_acc': 1.0}
{'epoch': 77, 'train_loss': 0.0002, 'train_acc': 1.0}
{'epoch': 78, 'train_loss': 0.0001, 'train_acc': 1.0}
{'epoch': 79, 'train_loss': 0.0002, 'train_acc': 1.0}
{'epoch': 80, 'train_loss': 0.0002, 'train_acc': 1.0}
{'epoch': 81, 'train_loss': 0.0002, 'train_acc': 1.0}
{'epoch': 82, 'train_loss': 0.0001, 'train_acc': 1.0}
{'epoch': 83, 'train_loss': 0.0002, 'train_acc': 1.0}
{'epoch': 84, 'train_loss': 0.0001, 'train_acc': 1.0}
{'epoch': 85, 'train_loss': 0.0004, 'train_acc': 1.0}
{'epoch': 86, 'train_loss': 0.0002, 'train_acc': 1.0}
{'epoch': 87, 'train_loss': 0.0002, 'train_acc': 1.0}
{'epoch': 88, 'train_loss': 0.0002, 'train_acc': 1.0}
{'epoch': 89, 'train_loss': 0.0004, 'train_acc': 1.0}
{'epoch': 90, 'train_loss': 0.0002, 'train_acc': 1.0}
{'epoch': 91, 'train_loss': 0.0004, 'train_acc': 1.0}
{'epoch': 92, 'train_loss': 0.0002, 'train_acc': 1.0}
{'epoch': 93, 'train_loss': 0.0002, 'train_acc': 1.0}
{'epoch': 94, 'train_loss': 0.0005, 'train_acc': 1.0}
{'epoch': 95, 'train_loss': 0.0002, 'train_acc': 1.0}
{'epoch': 96, 'train_loss': 0.0001, 'train_acc': 1.0}
{'epoch': 97, 'train_loss': 0.0002, 'train_acc': 1.0}
{'epoch': 98, 'train_loss': 0.0002, 'train_acc': 1.0}
{'epoch': 99, 'train_loss': 0.0002, 'train_acc': 1.0}
{'epoch': 100, 'train_loss': 0.0003, 'train_acc': 1.0}
{'run_num': 6, 'final_test_err': 0.10097719869706845}
Files already downloaded and verified
Files already downloaded and verified
{'epoch': 1, 'train_loss': 0.4127, 'train_acc': 0.8223}
{'epoch': 2, 'train_loss': 0.255, 'train_acc': 0.8886}
{'epoch': 3, 'train_loss': 0.113, 'train_acc': 0.9523}
{'epoch': 4, 'train_loss': 0.092, 'train_acc': 0.9602}
{'epoch': 5, 'train_loss': 0.0668, 'train_acc': 0.9735}
{'epoch': 6, 'train_loss': 0.0292, 'train_acc': 0.992}
{'epoch': 7, 'train_loss': 0.0205, 'train_acc': 0.9947}
{'epoch': 8, 'train_loss': 0.0088, 'train_acc': 0.9973}
{'epoch': 9, 'train_loss': 0.0049, 'train_acc': 1.0}
{'epoch': 10, 'train_loss': 0.003, 'train_acc': 1.0}
{'epoch': 11, 'train_loss': 0.0049, 'train_acc': 1.0}
{'epoch': 12, 'train_loss': 0.0045, 'train_acc': 1.0}
{'epoch': 13, 'train_loss': 0.0115, 'train_acc': 0.9973}
{'epoch': 14, 'train_loss': 0.0091, 'train_acc': 1.0}
{'epoch': 15, 'train_loss': 0.0032, 'train_acc': 1.0}
{'epoch': 16, 'train_loss': 0.0022, 'train_acc': 1.0}
{'epoch': 17, 'train_loss': 0.0014, 'train_acc': 1.0}
{'epoch': 18, 'train_loss': 0.0028, 'train_acc': 1.0}
{'epoch': 19, 'train_loss': 0.0015, 'train_acc': 1.0}
{'epoch': 20, 'train_loss': 0.001, 'train_acc': 1.0}
{'epoch': 21, 'train_loss': 0.0009, 'train_acc': 1.0}
{'epoch': 22, 'train_loss': 0.0009, 'train_acc': 1.0}
{'epoch': 23, 'train_loss': 0.0034, 'train_acc': 1.0}
{'epoch': 24, 'train_loss': 0.0019, 'train_acc': 1.0}
{'epoch': 25, 'train_loss': 0.0022, 'train_acc': 1.0}
{'epoch': 26, 'train_loss': 0.0015, 'train_acc': 1.0}
{'epoch': 27, 'train_loss': 0.0008, 'train_acc': 1.0}
{'epoch': 28, 'train_loss': 0.0004, 'train_acc': 1.0}
{'epoch': 29, 'train_loss': 0.0005, 'train_acc': 1.0}
{'epoch': 30, 'train_loss': 0.0006, 'train_acc': 1.0}
{'epoch': 31, 'train_loss': 0.0007, 'train_acc': 1.0}
{'epoch': 32, 'train_loss': 0.0011, 'train_acc': 1.0}
{'epoch': 33, 'train_loss': 0.0004, 'train_acc': 1.0}
{'epoch': 34, 'train_loss': 0.0003, 'train_acc': 1.0}
{'epoch': 35, 'train_loss': 0.0005, 'train_acc': 1.0}
{'epoch': 36, 'train_loss': 0.0011, 'train_acc': 1.0}
{'epoch': 37, 'train_loss': 0.0007, 'train_acc': 1.0}
{'epoch': 38, 'train_loss': 0.0007, 'train_acc': 1.0}
{'epoch': 39, 'train_loss': 0.0004, 'train_acc': 1.0}
{'epoch': 40, 'train_loss': 0.0011, 'train_acc': 1.0}
{'epoch': 41, 'train_loss': 0.0003, 'train_acc': 1.0}
{'epoch': 42, 'train_loss': 0.0006, 'train_acc': 1.0}
{'epoch': 43, 'train_loss': 0.0004, 'train_acc': 1.0}
{'epoch': 44, 'train_loss': 0.0003, 'train_acc': 1.0}
{'epoch': 45, 'train_loss': 0.0004, 'train_acc': 1.0}
{'epoch': 46, 'train_loss': 0.0004, 'train_acc': 1.0}
{'epoch': 47, 'train_loss': 0.0002, 'train_acc': 1.0}
{'epoch': 48, 'train_loss': 0.0003, 'train_acc': 1.0}
{'epoch': 49, 'train_loss': 0.0002, 'train_acc': 1.0}
{'epoch': 50, 'train_loss': 0.0004, 'train_acc': 1.0}
{'epoch': 51, 'train_loss': 0.0002, 'train_acc': 1.0}
{'epoch': 52, 'train_loss': 0.0005, 'train_acc': 1.0}
{'epoch': 53, 'train_loss': 0.0003, 'train_acc': 1.0}
{'epoch': 54, 'train_loss': 0.0002, 'train_acc': 1.0}
{'epoch': 55, 'train_loss': 0.0002, 'train_acc': 1.0}
{'epoch': 56, 'train_loss': 0.0003, 'train_acc': 1.0}
{'epoch': 57, 'train_loss': 0.0006, 'train_acc': 1.0}
{'epoch': 58, 'train_loss': 0.0003, 'train_acc': 1.0}
{'epoch': 59, 'train_loss': 0.0002, 'train_acc': 1.0}
{'epoch': 60, 'train_loss': 0.0001, 'train_acc': 1.0}
{'epoch': 61, 'train_loss': 0.0005, 'train_acc': 1.0}
{'epoch': 62, 'train_loss': 0.0002, 'train_acc': 1.0}
{'epoch': 63, 'train_loss': 0.0006, 'train_acc': 1.0}
{'epoch': 64, 'train_loss': 0.0002, 'train_acc': 1.0}
{'epoch': 65, 'train_loss': 0.0006, 'train_acc': 1.0}
{'epoch': 66, 'train_loss': 0.0002, 'train_acc': 1.0}
{'epoch': 67, 'train_loss': 0.0003, 'train_acc': 1.0}
{'epoch': 68, 'train_loss': 0.0002, 'train_acc': 1.0}
{'epoch': 69, 'train_loss': 0.0003, 'train_acc': 1.0}
{'epoch': 70, 'train_loss': 0.0002, 'train_acc': 1.0}
{'epoch': 71, 'train_loss': 0.0002, 'train_acc': 1.0}
{'epoch': 72, 'train_loss': 0.0004, 'train_acc': 1.0}
{'epoch': 73, 'train_loss': 0.0002, 'train_acc': 1.0}
{'epoch': 74, 'train_loss': 0.0006, 'train_acc': 1.0}
{'epoch': 75, 'train_loss': 0.0002, 'train_acc': 1.0}
{'epoch': 76, 'train_loss': 0.0002, 'train_acc': 1.0}
{'epoch': 77, 'train_loss': 0.0001, 'train_acc': 1.0}
{'epoch': 78, 'train_loss': 0.0002, 'train_acc': 1.0}
{'epoch': 79, 'train_loss': 0.0005, 'train_acc': 1.0}
{'epoch': 80, 'train_loss': 0.0002, 'train_acc': 1.0}
{'epoch': 81, 'train_loss': 0.0004, 'train_acc': 1.0}
{'epoch': 82, 'train_loss': 0.0002, 'train_acc': 1.0}
{'epoch': 83, 'train_loss': 0.0002, 'train_acc': 1.0}
{'epoch': 84, 'train_loss': 0.0002, 'train_acc': 1.0}
{'epoch': 85, 'train_loss': 0.0002, 'train_acc': 1.0}
{'epoch': 86, 'train_loss': 0.0004, 'train_acc': 1.0}
{'epoch': 87, 'train_loss': 0.0004, 'train_acc': 1.0}
{'epoch': 88, 'train_loss': 0.0002, 'train_acc': 1.0}
{'epoch': 89, 'train_loss': 0.0004, 'train_acc': 1.0}
{'epoch': 90, 'train_loss': 0.0001, 'train_acc': 1.0}
{'epoch': 91, 'train_loss': 0.0002, 'train_acc': 1.0}
{'epoch': 92, 'train_loss': 0.0002, 'train_acc': 1.0}
{'epoch': 93, 'train_loss': 0.0003, 'train_acc': 1.0}
{'epoch': 94, 'train_loss': 0.0002, 'train_acc': 1.0}
{'epoch': 95, 'train_loss': 0.0003, 'train_acc': 1.0}
{'epoch': 96, 'train_loss': 0.0001, 'train_acc': 1.0}
{'epoch': 97, 'train_loss': 0.0002, 'train_acc': 1.0}
{'epoch': 98, 'train_loss': 0.0003, 'train_acc': 1.0}
{'epoch': 99, 'train_loss': 0.0004, 'train_acc': 1.0}
{'epoch': 100, 'train_loss': 0.0001, 'train_acc': 1.0}
{'run_num': 7, 'final_test_err': 0.11726384364820852}
Files already downloaded and verified
Files already downloaded and verified
{'epoch': 1, 'train_loss': 0.4812, 'train_acc': 0.7772}
{'epoch': 2, 'train_loss': 0.2673, 'train_acc': 0.8886}
{'epoch': 3, 'train_loss': 0.1934, 'train_acc': 0.9231}
{'epoch': 4, 'train_loss': 0.1211, 'train_acc': 0.9469}
{'epoch': 5, 'train_loss': 0.0936, 'train_acc': 0.9602}
{'epoch': 6, 'train_loss': 0.0348, 'train_acc': 0.9894}
{'epoch': 7, 'train_loss': 0.0418, 'train_acc': 0.9894}
{'epoch': 8, 'train_loss': 0.0198, 'train_acc': 0.9973}
{'epoch': 9, 'train_loss': 0.0134, 'train_acc': 0.9973}
{'epoch': 10, 'train_loss': 0.0083, 'train_acc': 0.9973}
{'epoch': 11, 'train_loss': 0.0134, 'train_acc': 0.9973}
{'epoch': 12, 'train_loss': 0.0078, 'train_acc': 0.9973}
{'epoch': 13, 'train_loss': 0.0079, 'train_acc': 1.0}
{'epoch': 14, 'train_loss': 0.0064, 'train_acc': 0.9973}
{'epoch': 15, 'train_loss': 0.0027, 'train_acc': 1.0}
{'epoch': 16, 'train_loss': 0.0023, 'train_acc': 1.0}
{'epoch': 17, 'train_loss': 0.0017, 'train_acc': 1.0}
{'epoch': 18, 'train_loss': 0.0016, 'train_acc': 1.0}
{'epoch': 19, 'train_loss': 0.002, 'train_acc': 1.0}
{'epoch': 20, 'train_loss': 0.0007, 'train_acc': 1.0}
{'epoch': 21, 'train_loss': 0.001, 'train_acc': 1.0}
{'epoch': 22, 'train_loss': 0.0016, 'train_acc': 1.0}
{'epoch': 23, 'train_loss': 0.0014, 'train_acc': 1.0}
{'epoch': 24, 'train_loss': 0.0005, 'train_acc': 1.0}
{'epoch': 25, 'train_loss': 0.0016, 'train_acc': 1.0}
{'epoch': 26, 'train_loss': 0.001, 'train_acc': 1.0}
{'epoch': 27, 'train_loss': 0.0007, 'train_acc': 1.0}
{'epoch': 28, 'train_loss': 0.0009, 'train_acc': 1.0}
{'epoch': 29, 'train_loss': 0.0006, 'train_acc': 1.0}
{'epoch': 30, 'train_loss': 0.0007, 'train_acc': 1.0}
{'epoch': 31, 'train_loss': 0.0017, 'train_acc': 1.0}
{'epoch': 32, 'train_loss': 0.0007, 'train_acc': 1.0}
{'epoch': 33, 'train_loss': 0.0012, 'train_acc': 1.0}
{'epoch': 34, 'train_loss': 0.0022, 'train_acc': 1.0}
{'epoch': 35, 'train_loss': 0.0008, 'train_acc': 1.0}
{'epoch': 36, 'train_loss': 0.0006, 'train_acc': 1.0}
{'epoch': 37, 'train_loss': 0.001, 'train_acc': 1.0}
{'epoch': 38, 'train_loss': 0.001, 'train_acc': 1.0}
{'epoch': 39, 'train_loss': 0.0004, 'train_acc': 1.0}
{'epoch': 40, 'train_loss': 0.0009, 'train_acc': 1.0}
{'epoch': 41, 'train_loss': 0.0005, 'train_acc': 1.0}
{'epoch': 42, 'train_loss': 0.0002, 'train_acc': 1.0}
{'epoch': 43, 'train_loss': 0.0003, 'train_acc': 1.0}
{'epoch': 44, 'train_loss': 0.0006, 'train_acc': 1.0}
{'epoch': 45, 'train_loss': 0.0003, 'train_acc': 1.0}
{'epoch': 46, 'train_loss': 0.0005, 'train_acc': 1.0}
{'epoch': 47, 'train_loss': 0.0004, 'train_acc': 1.0}
{'epoch': 48, 'train_loss': 0.0004, 'train_acc': 1.0}
{'epoch': 49, 'train_loss': 0.0005, 'train_acc': 1.0}
{'epoch': 50, 'train_loss': 0.0003, 'train_acc': 1.0}
{'epoch': 51, 'train_loss': 0.0003, 'train_acc': 1.0}
{'epoch': 52, 'train_loss': 0.0007, 'train_acc': 1.0}
{'epoch': 53, 'train_loss': 0.0004, 'train_acc': 1.0}
{'epoch': 54, 'train_loss': 0.0004, 'train_acc': 1.0}
{'epoch': 55, 'train_loss': 0.0005, 'train_acc': 1.0}
{'epoch': 56, 'train_loss': 0.0004, 'train_acc': 1.0}
{'epoch': 57, 'train_loss': 0.0003, 'train_acc': 1.0}
{'epoch': 58, 'train_loss': 0.0002, 'train_acc': 1.0}
{'epoch': 59, 'train_loss': 0.0005, 'train_acc': 1.0}
{'epoch': 60, 'train_loss': 0.0004, 'train_acc': 1.0}
{'epoch': 61, 'train_loss': 0.0004, 'train_acc': 1.0}
{'epoch': 62, 'train_loss': 0.0005, 'train_acc': 1.0}
{'epoch': 63, 'train_loss': 0.0016, 'train_acc': 1.0}
{'epoch': 64, 'train_loss': 0.0002, 'train_acc': 1.0}
{'epoch': 65, 'train_loss': 0.0001, 'train_acc': 1.0}
{'epoch': 66, 'train_loss': 0.0004, 'train_acc': 1.0}
{'epoch': 67, 'train_loss': 0.0004, 'train_acc': 1.0}
{'epoch': 68, 'train_loss': 0.0003, 'train_acc': 1.0}
{'epoch': 69, 'train_loss': 0.0007, 'train_acc': 1.0}
{'epoch': 70, 'train_loss': 0.0004, 'train_acc': 1.0}
{'epoch': 71, 'train_loss': 0.0005, 'train_acc': 1.0}
{'epoch': 72, 'train_loss': 0.0003, 'train_acc': 1.0}
{'epoch': 73, 'train_loss': 0.0003, 'train_acc': 1.0}
{'epoch': 74, 'train_loss': 0.0002, 'train_acc': 1.0}
{'epoch': 75, 'train_loss': 0.0005, 'train_acc': 1.0}
{'epoch': 76, 'train_loss': 0.0003, 'train_acc': 1.0}
{'epoch': 77, 'train_loss': 0.0003, 'train_acc': 1.0}
{'epoch': 78, 'train_loss': 0.0003, 'train_acc': 1.0}
{'epoch': 79, 'train_loss': 0.0002, 'train_acc': 1.0}
{'epoch': 80, 'train_loss': 0.0003, 'train_acc': 1.0}
{'epoch': 81, 'train_loss': 0.0006, 'train_acc': 1.0}
{'epoch': 82, 'train_loss': 0.0004, 'train_acc': 1.0}
{'epoch': 83, 'train_loss': 0.0003, 'train_acc': 1.0}
{'epoch': 84, 'train_loss': 0.0004, 'train_acc': 1.0}
{'epoch': 85, 'train_loss': 0.0005, 'train_acc': 1.0}
{'epoch': 86, 'train_loss': 0.0005, 'train_acc': 1.0}
{'epoch': 87, 'train_loss': 0.0006, 'train_acc': 1.0}
{'epoch': 88, 'train_loss': 0.0002, 'train_acc': 1.0}
{'epoch': 89, 'train_loss': 0.0002, 'train_acc': 1.0}
{'epoch': 90, 'train_loss': 0.0007, 'train_acc': 1.0}
{'epoch': 91, 'train_loss': 0.0002, 'train_acc': 1.0}
{'epoch': 92, 'train_loss': 0.0003, 'train_acc': 1.0}
{'epoch': 93, 'train_loss': 0.0008, 'train_acc': 1.0}
{'epoch': 94, 'train_loss': 0.0003, 'train_acc': 1.0}
{'epoch': 95, 'train_loss': 0.0002, 'train_acc': 1.0}
{'epoch': 96, 'train_loss': 0.0002, 'train_acc': 1.0}
{'epoch': 97, 'train_loss': 0.0002, 'train_acc': 1.0}
{'epoch': 98, 'train_loss': 0.0006, 'train_acc': 1.0}
{'epoch': 99, 'train_loss': 0.0008, 'train_acc': 1.0}
{'epoch': 100, 'train_loss': 0.0002, 'train_acc': 1.0}
{'run_num': 8, 'final_test_err': 0.10749185667752448}
Files already downloaded and verified
Files already downloaded and verified
{'epoch': 1, 'train_loss': 0.6314, 'train_acc': 0.7374}
{'epoch': 2, 'train_loss': 0.3478, 'train_acc': 0.8488}
{'epoch': 3, 'train_loss': 0.17, 'train_acc': 0.9231}
{'epoch': 4, 'train_loss': 0.1079, 'train_acc': 0.9655}
{'epoch': 5, 'train_loss': 0.0642, 'train_acc': 0.9735}
{'epoch': 6, 'train_loss': 0.0585, 'train_acc': 0.9841}
{'epoch': 7, 'train_loss': 0.0566, 'train_acc': 0.9841}
{'epoch': 8, 'train_loss': 0.0301, 'train_acc': 0.992}
{'epoch': 9, 'train_loss': 0.0217, 'train_acc': 0.9867}
{'epoch': 10, 'train_loss': 0.0143, 'train_acc': 0.9947}
{'epoch': 11, 'train_loss': 0.021, 'train_acc': 0.992}
{'epoch': 12, 'train_loss': 0.0147, 'train_acc': 0.992}
{'epoch': 13, 'train_loss': 0.0134, 'train_acc': 0.9973}
{'epoch': 14, 'train_loss': 0.0187, 'train_acc': 0.9947}
{'epoch': 15, 'train_loss': 0.0033, 'train_acc': 1.0}
{'epoch': 16, 'train_loss': 0.002, 'train_acc': 1.0}
{'epoch': 17, 'train_loss': 0.0018, 'train_acc': 1.0}
{'epoch': 18, 'train_loss': 0.0011, 'train_acc': 1.0}
{'epoch': 19, 'train_loss': 0.0015, 'train_acc': 1.0}
{'epoch': 20, 'train_loss': 0.0025, 'train_acc': 1.0}
{'epoch': 21, 'train_loss': 0.0031, 'train_acc': 1.0}
{'epoch': 22, 'train_loss': 0.0025, 'train_acc': 1.0}
{'epoch': 23, 'train_loss': 0.001, 'train_acc': 1.0}
{'epoch': 24, 'train_loss': 0.0007, 'train_acc': 1.0}
{'epoch': 25, 'train_loss': 0.0014, 'train_acc': 1.0}
{'epoch': 26, 'train_loss': 0.0007, 'train_acc': 1.0}
{'epoch': 27, 'train_loss': 0.001, 'train_acc': 1.0}
{'epoch': 28, 'train_loss': 0.0005, 'train_acc': 1.0}
{'epoch': 29, 'train_loss': 0.0006, 'train_acc': 1.0}
{'epoch': 30, 'train_loss': 0.0007, 'train_acc': 1.0}
{'epoch': 31, 'train_loss': 0.0006, 'train_acc': 1.0}
{'epoch': 32, 'train_loss': 0.0005, 'train_acc': 1.0}
{'epoch': 33, 'train_loss': 0.0007, 'train_acc': 1.0}
{'epoch': 34, 'train_loss': 0.001, 'train_acc': 1.0}
{'epoch': 35, 'train_loss': 0.0003, 'train_acc': 1.0}
{'epoch': 36, 'train_loss': 0.0003, 'train_acc': 1.0}
{'epoch': 37, 'train_loss': 0.0006, 'train_acc': 1.0}
{'epoch': 38, 'train_loss': 0.0004, 'train_acc': 1.0}
{'epoch': 39, 'train_loss': 0.0011, 'train_acc': 1.0}
{'epoch': 40, 'train_loss': 0.0006, 'train_acc': 1.0}
{'epoch': 41, 'train_loss': 0.0004, 'train_acc': 1.0}
{'epoch': 42, 'train_loss': 0.0004, 'train_acc': 1.0}
{'epoch': 43, 'train_loss': 0.0004, 'train_acc': 1.0}
{'epoch': 44, 'train_loss': 0.0003, 'train_acc': 1.0}
{'epoch': 45, 'train_loss': 0.0008, 'train_acc': 1.0}
{'epoch': 46, 'train_loss': 0.0002, 'train_acc': 1.0}
{'epoch': 47, 'train_loss': 0.0002, 'train_acc': 1.0}
{'epoch': 48, 'train_loss': 0.0003, 'train_acc': 1.0}
{'epoch': 49, 'train_loss': 0.0003, 'train_acc': 1.0}
{'epoch': 50, 'train_loss': 0.0003, 'train_acc': 1.0}
{'epoch': 51, 'train_loss': 0.0003, 'train_acc': 1.0}
{'epoch': 52, 'train_loss': 0.0002, 'train_acc': 1.0}
{'epoch': 53, 'train_loss': 0.0004, 'train_acc': 1.0}
{'epoch': 54, 'train_loss': 0.0004, 'train_acc': 1.0}
{'epoch': 55, 'train_loss': 0.0004, 'train_acc': 1.0}
{'epoch': 56, 'train_loss': 0.0002, 'train_acc': 1.0}
{'epoch': 57, 'train_loss': 0.0003, 'train_acc': 1.0}
{'epoch': 58, 'train_loss': 0.0004, 'train_acc': 1.0}
{'epoch': 59, 'train_loss': 0.0004, 'train_acc': 1.0}
{'epoch': 60, 'train_loss': 0.0003, 'train_acc': 1.0}
{'epoch': 61, 'train_loss': 0.0003, 'train_acc': 1.0}
{'epoch': 62, 'train_loss': 0.0004, 'train_acc': 1.0}
{'epoch': 63, 'train_loss': 0.0002, 'train_acc': 1.0}
{'epoch': 64, 'train_loss': 0.0006, 'train_acc': 1.0}
{'epoch': 65, 'train_loss': 0.001, 'train_acc': 1.0}
{'epoch': 66, 'train_loss': 0.0002, 'train_acc': 1.0}
{'epoch': 67, 'train_loss': 0.0004, 'train_acc': 1.0}
{'epoch': 68, 'train_loss': 0.0004, 'train_acc': 1.0}
{'epoch': 69, 'train_loss': 0.0002, 'train_acc': 1.0}
{'epoch': 70, 'train_loss': 0.0004, 'train_acc': 1.0}
{'epoch': 71, 'train_loss': 0.0003, 'train_acc': 1.0}
{'epoch': 72, 'train_loss': 0.0004, 'train_acc': 1.0}
{'epoch': 73, 'train_loss': 0.0002, 'train_acc': 1.0}
{'epoch': 74, 'train_loss': 0.0003, 'train_acc': 1.0}
{'epoch': 75, 'train_loss': 0.0003, 'train_acc': 1.0}
{'epoch': 76, 'train_loss': 0.0002, 'train_acc': 1.0}
{'epoch': 77, 'train_loss': 0.0003, 'train_acc': 1.0}
{'epoch': 78, 'train_loss': 0.0002, 'train_acc': 1.0}
{'epoch': 79, 'train_loss': 0.0002, 'train_acc': 1.0}
{'epoch': 80, 'train_loss': 0.0002, 'train_acc': 1.0}
{'epoch': 81, 'train_loss': 0.0002, 'train_acc': 1.0}
{'epoch': 82, 'train_loss': 0.0002, 'train_acc': 1.0}
{'epoch': 83, 'train_loss': 0.0002, 'train_acc': 1.0}
{'epoch': 84, 'train_loss': 0.0002, 'train_acc': 1.0}
{'epoch': 85, 'train_loss': 0.0006, 'train_acc': 1.0}
{'epoch': 86, 'train_loss': 0.0002, 'train_acc': 1.0}
{'epoch': 87, 'train_loss': 0.0002, 'train_acc': 1.0}
{'epoch': 88, 'train_loss': 0.0004, 'train_acc': 1.0}
{'epoch': 89, 'train_loss': 0.0002, 'train_acc': 1.0}
{'epoch': 90, 'train_loss': 0.0003, 'train_acc': 1.0}
{'epoch': 91, 'train_loss': 0.0003, 'train_acc': 1.0}
{'epoch': 92, 'train_loss': 0.0002, 'train_acc': 1.0}
{'epoch': 93, 'train_loss': 0.0002, 'train_acc': 1.0}
{'epoch': 94, 'train_loss': 0.0003, 'train_acc': 1.0}
{'epoch': 95, 'train_loss': 0.0002, 'train_acc': 1.0}
{'epoch': 96, 'train_loss': 0.0003, 'train_acc': 1.0}
{'epoch': 97, 'train_loss': 0.0003, 'train_acc': 1.0}
{'epoch': 98, 'train_loss': 0.0004, 'train_acc': 1.0}
{'epoch': 99, 'train_loss': 0.0002, 'train_acc': 1.0}
{'epoch': 100, 'train_loss': 0.0002, 'train_acc': 1.0}
{'run_num': 9, 'final_test_err': 0.12052117263843654}
{'avg_err': 0.1202, 'std_err': 0.0099}
