{'deploy': True, 'tag': '05_ood/00_domain_net', 'seed': 10, 'device': 'cuda:0', 'reps': 10, 'loss': {'alpha': 0.5, 'tune_alpha': False, 'group_task_loss': False}, 'task': {'dataset': 'domain_net', 'task_map': [[0, 1], [2, 3], [4, 5], [6, 7], [8, 9]], 'target': 0, 'ood': [0], 'augment': False, 'n': 25, 'm_n': 1, 'beta': 0.5, 'custom_sampler': False, 'm_cinic': 1, 'm_cinic_neg': 0.0}, 'hp': {'epochs': 100, 'bs': 16, 'lr': 0.01}, 'net': 'conv'}
Files already downloaded and verified
Files already downloaded and verified
{'epoch': 1, 'train_loss': 0.7162, 'train_acc': 0.62}
{'epoch': 2, 'train_loss': 0.1721, 'train_acc': 0.94}
{'epoch': 3, 'train_loss': 0.0946, 'train_acc': 0.98}
{'epoch': 4, 'train_loss': 0.0674, 'train_acc': 0.99}
{'epoch': 5, 'train_loss': 0.0097, 'train_acc': 1.0}
{'epoch': 6, 'train_loss': 0.0069, 'train_acc': 1.0}
{'epoch': 7, 'train_loss': 0.0112, 'train_acc': 1.0}
{'epoch': 8, 'train_loss': 0.0042, 'train_acc': 1.0}
{'epoch': 9, 'train_loss': 0.0013, 'train_acc': 1.0}
{'epoch': 10, 'train_loss': 0.001, 'train_acc': 1.0}
{'epoch': 11, 'train_loss': 0.0007, 'train_acc': 1.0}
{'epoch': 12, 'train_loss': 0.0028, 'train_acc': 1.0}
{'epoch': 13, 'train_loss': 0.0032, 'train_acc': 1.0}
{'epoch': 14, 'train_loss': 0.0051, 'train_acc': 1.0}
{'epoch': 15, 'train_loss': 0.0054, 'train_acc': 1.0}
{'epoch': 16, 'train_loss': 0.0078, 'train_acc': 1.0}
{'epoch': 17, 'train_loss': 0.0225, 'train_acc': 1.0}
{'epoch': 18, 'train_loss': 0.0204, 'train_acc': 0.99}
{'epoch': 19, 'train_loss': 0.0377, 'train_acc': 0.98}
{'epoch': 20, 'train_loss': 0.015, 'train_acc': 1.0}
{'epoch': 21, 'train_loss': 0.01, 'train_acc': 1.0}
{'epoch': 22, 'train_loss': 0.0181, 'train_acc': 0.99}
{'epoch': 23, 'train_loss': 0.0263, 'train_acc': 0.99}
{'epoch': 24, 'train_loss': 0.0655, 'train_acc': 0.99}
{'epoch': 25, 'train_loss': 0.0206, 'train_acc': 1.0}
{'epoch': 26, 'train_loss': 0.0796, 'train_acc': 0.98}
{'epoch': 27, 'train_loss': 0.0065, 'train_acc': 1.0}
{'epoch': 28, 'train_loss': 0.0028, 'train_acc': 1.0}
{'epoch': 29, 'train_loss': 0.0012, 'train_acc': 1.0}
{'epoch': 30, 'train_loss': 0.0009, 'train_acc': 1.0}
{'epoch': 31, 'train_loss': 0.0009, 'train_acc': 1.0}
{'epoch': 32, 'train_loss': 0.0006, 'train_acc': 1.0}
{'epoch': 33, 'train_loss': 0.0009, 'train_acc': 1.0}
{'epoch': 34, 'train_loss': 0.0004, 'train_acc': 1.0}
{'epoch': 35, 'train_loss': 0.001, 'train_acc': 1.0}
{'epoch': 36, 'train_loss': 0.0009, 'train_acc': 1.0}
{'epoch': 37, 'train_loss': 0.0012, 'train_acc': 1.0}
{'epoch': 38, 'train_loss': 0.0006, 'train_acc': 1.0}
{'epoch': 39, 'train_loss': 0.0004, 'train_acc': 1.0}
{'epoch': 40, 'train_loss': 0.0005, 'train_acc': 1.0}
{'epoch': 41, 'train_loss': 0.0008, 'train_acc': 1.0}
{'epoch': 42, 'train_loss': 0.0007, 'train_acc': 1.0}
{'epoch': 43, 'train_loss': 0.0005, 'train_acc': 1.0}
{'epoch': 44, 'train_loss': 0.0013, 'train_acc': 1.0}
{'epoch': 45, 'train_loss': 0.0006, 'train_acc': 1.0}
{'epoch': 46, 'train_loss': 0.0005, 'train_acc': 1.0}
{'epoch': 47, 'train_loss': 0.0005, 'train_acc': 1.0}
{'epoch': 48, 'train_loss': 0.0005, 'train_acc': 1.0}
{'epoch': 49, 'train_loss': 0.0004, 'train_acc': 1.0}
{'epoch': 50, 'train_loss': 0.0009, 'train_acc': 1.0}
{'epoch': 51, 'train_loss': 0.0014, 'train_acc': 1.0}
{'epoch': 52, 'train_loss': 0.0002, 'train_acc': 1.0}
{'epoch': 53, 'train_loss': 0.0002, 'train_acc': 1.0}
{'epoch': 54, 'train_loss': 0.0003, 'train_acc': 1.0}
{'epoch': 55, 'train_loss': 0.0003, 'train_acc': 1.0}
{'epoch': 56, 'train_loss': 0.0003, 'train_acc': 1.0}
{'epoch': 57, 'train_loss': 0.0002, 'train_acc': 1.0}
{'epoch': 58, 'train_loss': 0.0005, 'train_acc': 1.0}
{'epoch': 59, 'train_loss': 0.0002, 'train_acc': 1.0}
{'epoch': 60, 'train_loss': 0.0002, 'train_acc': 1.0}
{'epoch': 61, 'train_loss': 0.0004, 'train_acc': 1.0}
{'epoch': 62, 'train_loss': 0.0005, 'train_acc': 1.0}
{'epoch': 63, 'train_loss': 0.0006, 'train_acc': 1.0}
{'epoch': 64, 'train_loss': 0.0003, 'train_acc': 1.0}
{'epoch': 65, 'train_loss': 0.0002, 'train_acc': 1.0}
{'epoch': 66, 'train_loss': 0.0002, 'train_acc': 1.0}
{'epoch': 67, 'train_loss': 0.0002, 'train_acc': 1.0}
{'epoch': 68, 'train_loss': 0.0006, 'train_acc': 1.0}
{'epoch': 69, 'train_loss': 0.0001, 'train_acc': 1.0}
{'epoch': 70, 'train_loss': 0.0003, 'train_acc': 1.0}
{'epoch': 71, 'train_loss': 0.0003, 'train_acc': 1.0}
{'epoch': 72, 'train_loss': 0.0001, 'train_acc': 1.0}
{'epoch': 73, 'train_loss': 0.0002, 'train_acc': 1.0}
{'epoch': 74, 'train_loss': 0.0001, 'train_acc': 1.0}
{'epoch': 75, 'train_loss': 0.0004, 'train_acc': 1.0}
{'epoch': 76, 'train_loss': 0.001, 'train_acc': 1.0}
{'epoch': 77, 'train_loss': 0.0002, 'train_acc': 1.0}
{'epoch': 78, 'train_loss': 0.0002, 'train_acc': 1.0}
{'epoch': 79, 'train_loss': 0.001, 'train_acc': 1.0}
{'epoch': 80, 'train_loss': 0.0001, 'train_acc': 1.0}
{'epoch': 81, 'train_loss': 0.0004, 'train_acc': 1.0}
{'epoch': 82, 'train_loss': 0.0003, 'train_acc': 1.0}
{'epoch': 83, 'train_loss': 0.0003, 'train_acc': 1.0}
{'epoch': 84, 'train_loss': 0.0002, 'train_acc': 1.0}
{'epoch': 85, 'train_loss': 0.0041, 'train_acc': 1.0}
{'epoch': 86, 'train_loss': 0.0003, 'train_acc': 1.0}
{'epoch': 87, 'train_loss': 0.0004, 'train_acc': 1.0}
{'epoch': 88, 'train_loss': 0.0002, 'train_acc': 1.0}
{'epoch': 89, 'train_loss': 0.0002, 'train_acc': 1.0}
{'epoch': 90, 'train_loss': 0.0002, 'train_acc': 1.0}
{'epoch': 91, 'train_loss': 0.0003, 'train_acc': 1.0}
{'epoch': 92, 'train_loss': 0.0002, 'train_acc': 1.0}
{'epoch': 93, 'train_loss': 0.0014, 'train_acc': 1.0}
{'epoch': 94, 'train_loss': 0.0003, 'train_acc': 1.0}
{'epoch': 95, 'train_loss': 0.0003, 'train_acc': 1.0}
{'epoch': 96, 'train_loss': 0.0004, 'train_acc': 1.0}
{'epoch': 97, 'train_loss': 0.0002, 'train_acc': 1.0}
{'epoch': 98, 'train_loss': 0.0002, 'train_acc': 1.0}
{'epoch': 99, 'train_loss': 0.0003, 'train_acc': 1.0}
{'epoch': 100, 'train_loss': 0.0002, 'train_acc': 1.0}
{'run_num': 0, 'final_test_err': 0.30293159609120524}
Files already downloaded and verified
Files already downloaded and verified
{'epoch': 1, 'train_loss': 0.4858, 'train_acc': 0.74}
{'epoch': 2, 'train_loss': 0.2662, 'train_acc': 0.93}
{'epoch': 3, 'train_loss': 0.0777, 'train_acc': 0.98}
{'epoch': 4, 'train_loss': 0.0472, 'train_acc': 0.99}
{'epoch': 5, 'train_loss': 0.0161, 'train_acc': 1.0}
{'epoch': 6, 'train_loss': 0.0061, 'train_acc': 1.0}
{'epoch': 7, 'train_loss': 0.0034, 'train_acc': 1.0}
{'epoch': 8, 'train_loss': 0.0033, 'train_acc': 1.0}
{'epoch': 9, 'train_loss': 0.0017, 'train_acc': 1.0}
{'epoch': 10, 'train_loss': 0.0017, 'train_acc': 1.0}
{'epoch': 11, 'train_loss': 0.002, 'train_acc': 1.0}
{'epoch': 12, 'train_loss': 0.001, 'train_acc': 1.0}
{'epoch': 13, 'train_loss': 0.0014, 'train_acc': 1.0}
{'epoch': 14, 'train_loss': 0.0012, 'train_acc': 1.0}
{'epoch': 15, 'train_loss': 0.0014, 'train_acc': 1.0}
{'epoch': 16, 'train_loss': 0.0007, 'train_acc': 1.0}
{'epoch': 17, 'train_loss': 0.0018, 'train_acc': 1.0}
{'epoch': 18, 'train_loss': 0.0006, 'train_acc': 1.0}
{'epoch': 19, 'train_loss': 0.0007, 'train_acc': 1.0}
{'epoch': 20, 'train_loss': 0.0007, 'train_acc': 1.0}
{'epoch': 21, 'train_loss': 0.0034, 'train_acc': 1.0}
{'epoch': 22, 'train_loss': 0.0006, 'train_acc': 1.0}
{'epoch': 23, 'train_loss': 0.0004, 'train_acc': 1.0}
{'epoch': 24, 'train_loss': 0.0008, 'train_acc': 1.0}
{'epoch': 25, 'train_loss': 0.0005, 'train_acc': 1.0}
{'epoch': 26, 'train_loss': 0.0006, 'train_acc': 1.0}
{'epoch': 27, 'train_loss': 0.0005, 'train_acc': 1.0}
{'epoch': 28, 'train_loss': 0.0003, 'train_acc': 1.0}
{'epoch': 29, 'train_loss': 0.0005, 'train_acc': 1.0}
{'epoch': 30, 'train_loss': 0.0003, 'train_acc': 1.0}
{'epoch': 31, 'train_loss': 0.0007, 'train_acc': 1.0}
{'epoch': 32, 'train_loss': 0.0004, 'train_acc': 1.0}
{'epoch': 33, 'train_loss': 0.0003, 'train_acc': 1.0}
{'epoch': 34, 'train_loss': 0.0004, 'train_acc': 1.0}
{'epoch': 35, 'train_loss': 0.0006, 'train_acc': 1.0}
{'epoch': 36, 'train_loss': 0.0005, 'train_acc': 1.0}
{'epoch': 37, 'train_loss': 0.0004, 'train_acc': 1.0}
{'epoch': 38, 'train_loss': 0.0003, 'train_acc': 1.0}
{'epoch': 39, 'train_loss': 0.0003, 'train_acc': 1.0}
{'epoch': 40, 'train_loss': 0.0005, 'train_acc': 1.0}
{'epoch': 41, 'train_loss': 0.0004, 'train_acc': 1.0}
{'epoch': 42, 'train_loss': 0.0003, 'train_acc': 1.0}
{'epoch': 43, 'train_loss': 0.0008, 'train_acc': 1.0}
{'epoch': 44, 'train_loss': 0.0003, 'train_acc': 1.0}
{'epoch': 45, 'train_loss': 0.0003, 'train_acc': 1.0}
{'epoch': 46, 'train_loss': 0.0002, 'train_acc': 1.0}
{'epoch': 47, 'train_loss': 0.0003, 'train_acc': 1.0}
{'epoch': 48, 'train_loss': 0.0003, 'train_acc': 1.0}
{'epoch': 49, 'train_loss': 0.0003, 'train_acc': 1.0}
{'epoch': 50, 'train_loss': 0.0002, 'train_acc': 1.0}
{'epoch': 51, 'train_loss': 0.0002, 'train_acc': 1.0}
{'epoch': 52, 'train_loss': 0.0005, 'train_acc': 1.0}
{'epoch': 53, 'train_loss': 0.0003, 'train_acc': 1.0}
{'epoch': 54, 'train_loss': 0.0002, 'train_acc': 1.0}
{'epoch': 55, 'train_loss': 0.0002, 'train_acc': 1.0}
{'epoch': 56, 'train_loss': 0.0003, 'train_acc': 1.0}
{'epoch': 57, 'train_loss': 0.0002, 'train_acc': 1.0}
{'epoch': 58, 'train_loss': 0.0003, 'train_acc': 1.0}
{'epoch': 59, 'train_loss': 0.0002, 'train_acc': 1.0}
{'epoch': 60, 'train_loss': 0.0002, 'train_acc': 1.0}
{'epoch': 61, 'train_loss': 0.0004, 'train_acc': 1.0}
{'epoch': 62, 'train_loss': 0.0003, 'train_acc': 1.0}
{'epoch': 63, 'train_loss': 0.0002, 'train_acc': 1.0}
{'epoch': 64, 'train_loss': 0.0005, 'train_acc': 1.0}
{'epoch': 65, 'train_loss': 0.0002, 'train_acc': 1.0}
{'epoch': 66, 'train_loss': 0.0003, 'train_acc': 1.0}
{'epoch': 67, 'train_loss': 0.0002, 'train_acc': 1.0}
{'epoch': 68, 'train_loss': 0.0006, 'train_acc': 1.0}
{'epoch': 69, 'train_loss': 0.0002, 'train_acc': 1.0}
{'epoch': 70, 'train_loss': 0.0002, 'train_acc': 1.0}
{'epoch': 71, 'train_loss': 0.0001, 'train_acc': 1.0}
{'epoch': 72, 'train_loss': 0.0002, 'train_acc': 1.0}
{'epoch': 73, 'train_loss': 0.0004, 'train_acc': 1.0}
{'epoch': 74, 'train_loss': 0.0002, 'train_acc': 1.0}
{'epoch': 75, 'train_loss': 0.0002, 'train_acc': 1.0}
{'epoch': 76, 'train_loss': 0.0003, 'train_acc': 1.0}
{'epoch': 77, 'train_loss': 0.0002, 'train_acc': 1.0}
{'epoch': 78, 'train_loss': 0.0002, 'train_acc': 1.0}
{'epoch': 79, 'train_loss': 0.0003, 'train_acc': 1.0}
{'epoch': 80, 'train_loss': 0.0001, 'train_acc': 1.0}
{'epoch': 81, 'train_loss': 0.0002, 'train_acc': 1.0}
{'epoch': 82, 'train_loss': 0.0002, 'train_acc': 1.0}
{'epoch': 83, 'train_loss': 0.0002, 'train_acc': 1.0}
{'epoch': 84, 'train_loss': 0.0002, 'train_acc': 1.0}
{'epoch': 85, 'train_loss': 0.0005, 'train_acc': 1.0}
{'epoch': 86, 'train_loss': 0.0002, 'train_acc': 1.0}
{'epoch': 87, 'train_loss': 0.0003, 'train_acc': 1.0}
{'epoch': 88, 'train_loss': 0.0002, 'train_acc': 1.0}
{'epoch': 89, 'train_loss': 0.0002, 'train_acc': 1.0}
{'epoch': 90, 'train_loss': 0.0002, 'train_acc': 1.0}
{'epoch': 91, 'train_loss': 0.0002, 'train_acc': 1.0}
{'epoch': 92, 'train_loss': 0.0005, 'train_acc': 1.0}
{'epoch': 93, 'train_loss': 0.0001, 'train_acc': 1.0}
{'epoch': 94, 'train_loss': 0.0002, 'train_acc': 1.0}
{'epoch': 95, 'train_loss': 0.0003, 'train_acc': 1.0}
{'epoch': 96, 'train_loss': 0.0002, 'train_acc': 1.0}
{'epoch': 97, 'train_loss': 0.0002, 'train_acc': 1.0}
{'epoch': 98, 'train_loss': 0.0002, 'train_acc': 1.0}
{'epoch': 99, 'train_loss': 0.0002, 'train_acc': 1.0}
{'epoch': 100, 'train_loss': 0.0002, 'train_acc': 1.0}
{'run_num': 1, 'final_test_err': 0.25732899022801303}
Files already downloaded and verified
Files already downloaded and verified
{'epoch': 1, 'train_loss': 0.5843, 'train_acc': 0.66}
{'epoch': 2, 'train_loss': 0.1474, 'train_acc': 0.94}
{'epoch': 3, 'train_loss': 0.0349, 'train_acc': 0.99}
{'epoch': 4, 'train_loss': 0.0664, 'train_acc': 0.98}
{'epoch': 5, 'train_loss': 0.0292, 'train_acc': 1.0}
{'epoch': 6, 'train_loss': 0.0083, 'train_acc': 1.0}
{'epoch': 7, 'train_loss': 0.0058, 'train_acc': 1.0}
{'epoch': 8, 'train_loss': 0.016, 'train_acc': 0.99}
{'epoch': 9, 'train_loss': 0.064, 'train_acc': 0.99}
{'epoch': 10, 'train_loss': 0.1132, 'train_acc': 0.96}
{'epoch': 11, 'train_loss': 0.0078, 'train_acc': 1.0}
{'epoch': 12, 'train_loss': 0.0169, 'train_acc': 1.0}
{'epoch': 13, 'train_loss': 0.0142, 'train_acc': 1.0}
{'epoch': 14, 'train_loss': 0.0112, 'train_acc': 1.0}
{'epoch': 15, 'train_loss': 0.0138, 'train_acc': 1.0}
{'epoch': 16, 'train_loss': 0.0056, 'train_acc': 1.0}
{'epoch': 17, 'train_loss': 0.0013, 'train_acc': 1.0}
{'epoch': 18, 'train_loss': 0.0007, 'train_acc': 1.0}
{'epoch': 19, 'train_loss': 0.0007, 'train_acc': 1.0}
{'epoch': 20, 'train_loss': 0.0012, 'train_acc': 1.0}
{'epoch': 21, 'train_loss': 0.001, 'train_acc': 1.0}
{'epoch': 22, 'train_loss': 0.0005, 'train_acc': 1.0}
{'epoch': 23, 'train_loss': 0.0008, 'train_acc': 1.0}
{'epoch': 24, 'train_loss': 0.0003, 'train_acc': 1.0}
{'epoch': 25, 'train_loss': 0.0006, 'train_acc': 1.0}
{'epoch': 26, 'train_loss': 0.0003, 'train_acc': 1.0}
{'epoch': 27, 'train_loss': 0.0002, 'train_acc': 1.0}
{'epoch': 28, 'train_loss': 0.0003, 'train_acc': 1.0}
{'epoch': 29, 'train_loss': 0.0005, 'train_acc': 1.0}
{'epoch': 30, 'train_loss': 0.0007, 'train_acc': 1.0}
{'epoch': 31, 'train_loss': 0.0004, 'train_acc': 1.0}
{'epoch': 32, 'train_loss': 0.0002, 'train_acc': 1.0}
{'epoch': 33, 'train_loss': 0.0002, 'train_acc': 1.0}
{'epoch': 34, 'train_loss': 0.0004, 'train_acc': 1.0}
{'epoch': 35, 'train_loss': 0.0005, 'train_acc': 1.0}
{'epoch': 36, 'train_loss': 0.0004, 'train_acc': 1.0}
{'epoch': 37, 'train_loss': 0.0002, 'train_acc': 1.0}
{'epoch': 38, 'train_loss': 0.0005, 'train_acc': 1.0}
{'epoch': 39, 'train_loss': 0.0002, 'train_acc': 1.0}
{'epoch': 40, 'train_loss': 0.0001, 'train_acc': 1.0}
{'epoch': 41, 'train_loss': 0.0004, 'train_acc': 1.0}
{'epoch': 42, 'train_loss': 0.0001, 'train_acc': 1.0}
{'epoch': 43, 'train_loss': 0.0003, 'train_acc': 1.0}
{'epoch': 44, 'train_loss': 0.0003, 'train_acc': 1.0}
{'epoch': 45, 'train_loss': 0.0003, 'train_acc': 1.0}
{'epoch': 46, 'train_loss': 0.0002, 'train_acc': 1.0}
{'epoch': 47, 'train_loss': 0.0001, 'train_acc': 1.0}
{'epoch': 48, 'train_loss': 0.0003, 'train_acc': 1.0}
{'epoch': 49, 'train_loss': 0.0018, 'train_acc': 1.0}
{'epoch': 50, 'train_loss': 0.0003, 'train_acc': 1.0}
{'epoch': 51, 'train_loss': 0.0002, 'train_acc': 1.0}
{'epoch': 52, 'train_loss': 0.0001, 'train_acc': 1.0}
{'epoch': 53, 'train_loss': 0.0001, 'train_acc': 1.0}
{'epoch': 54, 'train_loss': 0.0005, 'train_acc': 1.0}
{'epoch': 55, 'train_loss': 0.0012, 'train_acc': 1.0}
{'epoch': 56, 'train_loss': 0.0007, 'train_acc': 1.0}
{'epoch': 57, 'train_loss': 0.0006, 'train_acc': 1.0}
{'epoch': 58, 'train_loss': 0.0003, 'train_acc': 1.0}
{'epoch': 59, 'train_loss': 0.0004, 'train_acc': 1.0}
{'epoch': 60, 'train_loss': 0.0004, 'train_acc': 1.0}
{'epoch': 61, 'train_loss': 0.0008, 'train_acc': 1.0}
{'epoch': 62, 'train_loss': 0.0018, 'train_acc': 1.0}
{'epoch': 63, 'train_loss': 0.0006, 'train_acc': 1.0}
{'epoch': 64, 'train_loss': 0.0002, 'train_acc': 1.0}
{'epoch': 65, 'train_loss': 0.0002, 'train_acc': 1.0}
{'epoch': 66, 'train_loss': 0.0002, 'train_acc': 1.0}
{'epoch': 67, 'train_loss': 0.0003, 'train_acc': 1.0}
{'epoch': 68, 'train_loss': 0.0002, 'train_acc': 1.0}
{'epoch': 69, 'train_loss': 0.0001, 'train_acc': 1.0}
{'epoch': 70, 'train_loss': 0.0002, 'train_acc': 1.0}
{'epoch': 71, 'train_loss': 0.0006, 'train_acc': 1.0}
{'epoch': 72, 'train_loss': 0.0001, 'train_acc': 1.0}
{'epoch': 73, 'train_loss': 0.0003, 'train_acc': 1.0}
{'epoch': 74, 'train_loss': 0.0002, 'train_acc': 1.0}
{'epoch': 75, 'train_loss': 0.0011, 'train_acc': 1.0}
{'epoch': 76, 'train_loss': 0.0001, 'train_acc': 1.0}
{'epoch': 77, 'train_loss': 0.0001, 'train_acc': 1.0}
{'epoch': 78, 'train_loss': 0.0001, 'train_acc': 1.0}
{'epoch': 79, 'train_loss': 0.0003, 'train_acc': 1.0}
{'epoch': 80, 'train_loss': 0.0005, 'train_acc': 1.0}
{'epoch': 81, 'train_loss': 0.0003, 'train_acc': 1.0}
{'epoch': 82, 'train_loss': 0.0001, 'train_acc': 1.0}
{'epoch': 83, 'train_loss': 0.0001, 'train_acc': 1.0}
{'epoch': 84, 'train_loss': 0.0001, 'train_acc': 1.0}
{'epoch': 85, 'train_loss': 0.0001, 'train_acc': 1.0}
{'epoch': 86, 'train_loss': 0.0005, 'train_acc': 1.0}
{'epoch': 87, 'train_loss': 0.0001, 'train_acc': 1.0}
{'epoch': 88, 'train_loss': 0.0003, 'train_acc': 1.0}
{'epoch': 89, 'train_loss': 0.0002, 'train_acc': 1.0}
{'epoch': 90, 'train_loss': 0.0002, 'train_acc': 1.0}
{'epoch': 91, 'train_loss': 0.0002, 'train_acc': 1.0}
{'epoch': 92, 'train_loss': 0.0003, 'train_acc': 1.0}
{'epoch': 93, 'train_loss': 0.0001, 'train_acc': 1.0}
{'epoch': 94, 'train_loss': 0.0002, 'train_acc': 1.0}
{'epoch': 95, 'train_loss': 0.0005, 'train_acc': 1.0}
{'epoch': 96, 'train_loss': 0.0003, 'train_acc': 1.0}
{'epoch': 97, 'train_loss': 0.0002, 'train_acc': 1.0}
{'epoch': 98, 'train_loss': 0.0001, 'train_acc': 1.0}
{'epoch': 99, 'train_loss': 0.0001, 'train_acc': 1.0}
{'epoch': 100, 'train_loss': 0.0001, 'train_acc': 1.0}
{'run_num': 2, 'final_test_err': 0.17263843648208466}
Files already downloaded and verified
Files already downloaded and verified
{'epoch': 1, 'train_loss': 0.3845, 'train_acc': 0.84}
{'epoch': 2, 'train_loss': 0.0764, 'train_acc': 1.0}
{'epoch': 3, 'train_loss': 0.0365, 'train_acc': 0.99}
{'epoch': 4, 'train_loss': 0.0231, 'train_acc': 0.98}
{'epoch': 5, 'train_loss': 0.0069, 'train_acc': 1.0}
{'epoch': 6, 'train_loss': 0.0037, 'train_acc': 1.0}
{'epoch': 7, 'train_loss': 0.0016, 'train_acc': 1.0}
{'epoch': 8, 'train_loss': 0.0021, 'train_acc': 1.0}
{'epoch': 9, 'train_loss': 0.0011, 'train_acc': 1.0}
{'epoch': 10, 'train_loss': 0.0008, 'train_acc': 1.0}
{'epoch': 11, 'train_loss': 0.0008, 'train_acc': 1.0}
{'epoch': 12, 'train_loss': 0.0007, 'train_acc': 1.0}
{'epoch': 13, 'train_loss': 0.0006, 'train_acc': 1.0}
{'epoch': 14, 'train_loss': 0.0007, 'train_acc': 1.0}
{'epoch': 15, 'train_loss': 0.0005, 'train_acc': 1.0}
{'epoch': 16, 'train_loss': 0.001, 'train_acc': 1.0}
{'epoch': 17, 'train_loss': 0.0007, 'train_acc': 1.0}
{'epoch': 18, 'train_loss': 0.0004, 'train_acc': 1.0}
{'epoch': 19, 'train_loss': 0.0011, 'train_acc': 1.0}
{'epoch': 20, 'train_loss': 0.0004, 'train_acc': 1.0}
{'epoch': 21, 'train_loss': 0.0007, 'train_acc': 1.0}
{'epoch': 22, 'train_loss': 0.0026, 'train_acc': 1.0}
{'epoch': 23, 'train_loss': 0.003, 'train_acc': 1.0}
{'epoch': 24, 'train_loss': 0.0015, 'train_acc': 1.0}
{'epoch': 25, 'train_loss': 0.0014, 'train_acc': 1.0}
{'epoch': 26, 'train_loss': 0.0012, 'train_acc': 1.0}
{'epoch': 27, 'train_loss': 0.0016, 'train_acc': 1.0}
{'epoch': 28, 'train_loss': 0.0008, 'train_acc': 1.0}
{'epoch': 29, 'train_loss': 0.0004, 'train_acc': 1.0}
{'epoch': 30, 'train_loss': 0.0005, 'train_acc': 1.0}
{'epoch': 31, 'train_loss': 0.0003, 'train_acc': 1.0}
{'epoch': 32, 'train_loss': 0.0004, 'train_acc': 1.0}
{'epoch': 33, 'train_loss': 0.0012, 'train_acc': 1.0}
{'epoch': 34, 'train_loss': 0.0003, 'train_acc': 1.0}
{'epoch': 35, 'train_loss': 0.0012, 'train_acc': 1.0}
{'epoch': 36, 'train_loss': 0.0003, 'train_acc': 1.0}
{'epoch': 37, 'train_loss': 0.0012, 'train_acc': 1.0}
{'epoch': 38, 'train_loss': 0.0004, 'train_acc': 1.0}
{'epoch': 39, 'train_loss': 0.0007, 'train_acc': 1.0}
{'epoch': 40, 'train_loss': 0.0005, 'train_acc': 1.0}
{'epoch': 41, 'train_loss': 0.0005, 'train_acc': 1.0}
{'epoch': 42, 'train_loss': 0.0003, 'train_acc': 1.0}
{'epoch': 43, 'train_loss': 0.0003, 'train_acc': 1.0}
{'epoch': 44, 'train_loss': 0.0002, 'train_acc': 1.0}
{'epoch': 45, 'train_loss': 0.0002, 'train_acc': 1.0}
{'epoch': 46, 'train_loss': 0.0002, 'train_acc': 1.0}
{'epoch': 47, 'train_loss': 0.0003, 'train_acc': 1.0}
{'epoch': 48, 'train_loss': 0.0003, 'train_acc': 1.0}
{'epoch': 49, 'train_loss': 0.0002, 'train_acc': 1.0}
{'epoch': 50, 'train_loss': 0.0002, 'train_acc': 1.0}
{'epoch': 51, 'train_loss': 0.0002, 'train_acc': 1.0}
{'epoch': 52, 'train_loss': 0.0002, 'train_acc': 1.0}
{'epoch': 53, 'train_loss': 0.0002, 'train_acc': 1.0}
{'epoch': 54, 'train_loss': 0.0002, 'train_acc': 1.0}
{'epoch': 55, 'train_loss': 0.0002, 'train_acc': 1.0}
{'epoch': 56, 'train_loss': 0.0001, 'train_acc': 1.0}
{'epoch': 57, 'train_loss': 0.0001, 'train_acc': 1.0}
{'epoch': 58, 'train_loss': 0.0002, 'train_acc': 1.0}
{'epoch': 59, 'train_loss': 0.0002, 'train_acc': 1.0}
{'epoch': 60, 'train_loss': 0.0002, 'train_acc': 1.0}
{'epoch': 61, 'train_loss': 0.0002, 'train_acc': 1.0}
{'epoch': 62, 'train_loss': 0.0001, 'train_acc': 1.0}
{'epoch': 63, 'train_loss': 0.0001, 'train_acc': 1.0}
{'epoch': 64, 'train_loss': 0.0001, 'train_acc': 1.0}
{'epoch': 65, 'train_loss': 0.0002, 'train_acc': 1.0}
{'epoch': 66, 'train_loss': 0.0002, 'train_acc': 1.0}
{'epoch': 67, 'train_loss': 0.0001, 'train_acc': 1.0}
{'epoch': 68, 'train_loss': 0.0001, 'train_acc': 1.0}
{'epoch': 69, 'train_loss': 0.0001, 'train_acc': 1.0}
{'epoch': 70, 'train_loss': 0.0001, 'train_acc': 1.0}
{'epoch': 71, 'train_loss': 0.0002, 'train_acc': 1.0}
{'epoch': 72, 'train_loss': 0.0001, 'train_acc': 1.0}
{'epoch': 73, 'train_loss': 0.0002, 'train_acc': 1.0}
{'epoch': 74, 'train_loss': 0.0002, 'train_acc': 1.0}
{'epoch': 75, 'train_loss': 0.0001, 'train_acc': 1.0}
{'epoch': 76, 'train_loss': 0.0001, 'train_acc': 1.0}
{'epoch': 77, 'train_loss': 0.0001, 'train_acc': 1.0}
{'epoch': 78, 'train_loss': 0.0001, 'train_acc': 1.0}
{'epoch': 79, 'train_loss': 0.0002, 'train_acc': 1.0}
{'epoch': 80, 'train_loss': 0.0001, 'train_acc': 1.0}
{'epoch': 81, 'train_loss': 0.0001, 'train_acc': 1.0}
{'epoch': 82, 'train_loss': 0.0003, 'train_acc': 1.0}
{'epoch': 83, 'train_loss': 0.0001, 'train_acc': 1.0}
{'epoch': 84, 'train_loss': 0.0001, 'train_acc': 1.0}
{'epoch': 85, 'train_loss': 0.0001, 'train_acc': 1.0}
{'epoch': 86, 'train_loss': 0.0001, 'train_acc': 1.0}
{'epoch': 87, 'train_loss': 0.0002, 'train_acc': 1.0}
{'epoch': 88, 'train_loss': 0.0002, 'train_acc': 1.0}
{'epoch': 89, 'train_loss': 0.0002, 'train_acc': 1.0}
{'epoch': 90, 'train_loss': 0.0001, 'train_acc': 1.0}
{'epoch': 91, 'train_loss': 0.0001, 'train_acc': 1.0}
{'epoch': 92, 'train_loss': 0.0002, 'train_acc': 1.0}
{'epoch': 93, 'train_loss': 0.0001, 'train_acc': 1.0}
{'epoch': 94, 'train_loss': 0.0001, 'train_acc': 1.0}
{'epoch': 95, 'train_loss': 0.0001, 'train_acc': 1.0}
{'epoch': 96, 'train_loss': 0.0002, 'train_acc': 1.0}
{'epoch': 97, 'train_loss': 0.0002, 'train_acc': 1.0}
{'epoch': 98, 'train_loss': 0.0002, 'train_acc': 1.0}
{'epoch': 99, 'train_loss': 0.0001, 'train_acc': 1.0}
{'epoch': 100, 'train_loss': 0.0001, 'train_acc': 1.0}
{'run_num': 3, 'final_test_err': 0.247557003257329}
Files already downloaded and verified
Files already downloaded and verified
{'epoch': 1, 'train_loss': 0.6214, 'train_acc': 0.63}
{'epoch': 2, 'train_loss': 0.2201, 'train_acc': 0.92}
{'epoch': 3, 'train_loss': 0.0701, 'train_acc': 1.0}
{'epoch': 4, 'train_loss': 0.049, 'train_acc': 0.99}
{'epoch': 5, 'train_loss': 0.0402, 'train_acc': 0.98}
{'epoch': 6, 'train_loss': 0.0076, 'train_acc': 1.0}
{'epoch': 7, 'train_loss': 0.0083, 'train_acc': 1.0}
{'epoch': 8, 'train_loss': 0.0202, 'train_acc': 0.99}
{'epoch': 9, 'train_loss': 0.1295, 'train_acc': 0.94}
{'epoch': 10, 'train_loss': 0.0284, 'train_acc': 1.0}
{'epoch': 11, 'train_loss': 0.0262, 'train_acc': 0.99}
{'epoch': 12, 'train_loss': 0.008, 'train_acc': 1.0}
{'epoch': 13, 'train_loss': 0.0061, 'train_acc': 1.0}
{'epoch': 14, 'train_loss': 0.0016, 'train_acc': 1.0}
{'epoch': 15, 'train_loss': 0.0026, 'train_acc': 1.0}
{'epoch': 16, 'train_loss': 0.0015, 'train_acc': 1.0}
{'epoch': 17, 'train_loss': 0.0022, 'train_acc': 1.0}
{'epoch': 18, 'train_loss': 0.0041, 'train_acc': 1.0}
{'epoch': 19, 'train_loss': 0.002, 'train_acc': 1.0}
{'epoch': 20, 'train_loss': 0.0491, 'train_acc': 0.96}
{'epoch': 21, 'train_loss': 0.0114, 'train_acc': 0.99}
{'epoch': 22, 'train_loss': 0.0212, 'train_acc': 1.0}
{'epoch': 23, 'train_loss': 0.0183, 'train_acc': 1.0}
{'epoch': 24, 'train_loss': 0.0103, 'train_acc': 1.0}
{'epoch': 25, 'train_loss': 0.0122, 'train_acc': 1.0}
{'epoch': 26, 'train_loss': 0.0014, 'train_acc': 1.0}
{'epoch': 27, 'train_loss': 0.0057, 'train_acc': 1.0}
{'epoch': 28, 'train_loss': 0.0027, 'train_acc': 1.0}
{'epoch': 29, 'train_loss': 0.0027, 'train_acc': 1.0}
{'epoch': 30, 'train_loss': 0.0007, 'train_acc': 1.0}
{'epoch': 31, 'train_loss': 0.0014, 'train_acc': 1.0}
{'epoch': 32, 'train_loss': 0.0026, 'train_acc': 1.0}
{'epoch': 33, 'train_loss': 0.0008, 'train_acc': 1.0}
{'epoch': 34, 'train_loss': 0.0077, 'train_acc': 1.0}
{'epoch': 35, 'train_loss': 0.0012, 'train_acc': 1.0}
{'epoch': 36, 'train_loss': 0.0014, 'train_acc': 1.0}
{'epoch': 37, 'train_loss': 0.0036, 'train_acc': 1.0}
{'epoch': 38, 'train_loss': 0.0019, 'train_acc': 1.0}
{'epoch': 39, 'train_loss': 0.0026, 'train_acc': 1.0}
{'epoch': 40, 'train_loss': 0.0006, 'train_acc': 1.0}
{'epoch': 41, 'train_loss': 0.0024, 'train_acc': 1.0}
{'epoch': 42, 'train_loss': 0.0176, 'train_acc': 0.99}
{'epoch': 43, 'train_loss': 0.0008, 'train_acc': 1.0}
{'epoch': 44, 'train_loss': 0.0005, 'train_acc': 1.0}
{'epoch': 45, 'train_loss': 0.0006, 'train_acc': 1.0}
{'epoch': 46, 'train_loss': 0.0014, 'train_acc': 1.0}
{'epoch': 47, 'train_loss': 0.0003, 'train_acc': 1.0}
{'epoch': 48, 'train_loss': 0.0006, 'train_acc': 1.0}
{'epoch': 49, 'train_loss': 0.0004, 'train_acc': 1.0}
{'epoch': 50, 'train_loss': 0.0004, 'train_acc': 1.0}
{'epoch': 51, 'train_loss': 0.0006, 'train_acc': 1.0}
{'epoch': 52, 'train_loss': 0.001, 'train_acc': 1.0}
{'epoch': 53, 'train_loss': 0.0004, 'train_acc': 1.0}
{'epoch': 54, 'train_loss': 0.0003, 'train_acc': 1.0}
{'epoch': 55, 'train_loss': 0.0256, 'train_acc': 0.99}
{'epoch': 56, 'train_loss': 0.0018, 'train_acc': 1.0}
{'epoch': 57, 'train_loss': 0.0042, 'train_acc': 1.0}
{'epoch': 58, 'train_loss': 0.0122, 'train_acc': 1.0}
{'epoch': 59, 'train_loss': 0.0038, 'train_acc': 1.0}
{'epoch': 60, 'train_loss': 0.0022, 'train_acc': 1.0}
{'epoch': 61, 'train_loss': 0.0024, 'train_acc': 1.0}
{'epoch': 62, 'train_loss': 0.0017, 'train_acc': 1.0}
{'epoch': 63, 'train_loss': 0.0172, 'train_acc': 0.99}
{'epoch': 64, 'train_loss': 0.0031, 'train_acc': 1.0}
{'epoch': 65, 'train_loss': 0.007, 'train_acc': 1.0}
{'epoch': 66, 'train_loss': 0.0098, 'train_acc': 1.0}
{'epoch': 67, 'train_loss': 0.0021, 'train_acc': 1.0}
{'epoch': 68, 'train_loss': 0.0009, 'train_acc': 1.0}
{'epoch': 69, 'train_loss': 0.0015, 'train_acc': 1.0}
{'epoch': 70, 'train_loss': 0.0014, 'train_acc': 1.0}
{'epoch': 71, 'train_loss': 0.0011, 'train_acc': 1.0}
{'epoch': 72, 'train_loss': 0.0037, 'train_acc': 1.0}
{'epoch': 73, 'train_loss': 0.0006, 'train_acc': 1.0}
{'epoch': 74, 'train_loss': 0.0006, 'train_acc': 1.0}
{'epoch': 75, 'train_loss': 0.0027, 'train_acc': 1.0}
{'epoch': 76, 'train_loss': 0.0006, 'train_acc': 1.0}
{'epoch': 77, 'train_loss': 0.0003, 'train_acc': 1.0}
{'epoch': 78, 'train_loss': 0.0007, 'train_acc': 1.0}
{'epoch': 79, 'train_loss': 0.002, 'train_acc': 1.0}
{'epoch': 80, 'train_loss': 0.0004, 'train_acc': 1.0}
{'epoch': 81, 'train_loss': 0.0018, 'train_acc': 1.0}
{'epoch': 82, 'train_loss': 0.0008, 'train_acc': 1.0}
{'epoch': 83, 'train_loss': 0.001, 'train_acc': 1.0}
{'epoch': 84, 'train_loss': 0.0003, 'train_acc': 1.0}
{'epoch': 85, 'train_loss': 0.0008, 'train_acc': 1.0}
{'epoch': 86, 'train_loss': 0.0004, 'train_acc': 1.0}
{'epoch': 87, 'train_loss': 0.0004, 'train_acc': 1.0}
{'epoch': 88, 'train_loss': 0.002, 'train_acc': 1.0}
{'epoch': 89, 'train_loss': 0.0137, 'train_acc': 0.99}
{'epoch': 90, 'train_loss': 0.0008, 'train_acc': 1.0}
{'epoch': 91, 'train_loss': 0.0006, 'train_acc': 1.0}
{'epoch': 92, 'train_loss': 0.0014, 'train_acc': 1.0}
{'epoch': 93, 'train_loss': 0.0007, 'train_acc': 1.0}
{'epoch': 94, 'train_loss': 0.0009, 'train_acc': 1.0}
{'epoch': 95, 'train_loss': 0.0004, 'train_acc': 1.0}
{'epoch': 96, 'train_loss': 0.0004, 'train_acc': 1.0}
{'epoch': 97, 'train_loss': 0.0004, 'train_acc': 1.0}
{'epoch': 98, 'train_loss': 0.0003, 'train_acc': 1.0}
{'epoch': 99, 'train_loss': 0.0004, 'train_acc': 1.0}
{'epoch': 100, 'train_loss': 0.0031, 'train_acc': 1.0}
{'run_num': 4, 'final_test_err': 0.2019543973941368}
Files already downloaded and verified
Files already downloaded and verified
{'epoch': 1, 'train_loss': 0.4576, 'train_acc': 0.77}
{'epoch': 2, 'train_loss': 0.1406, 'train_acc': 0.94}
{'epoch': 3, 'train_loss': 0.0481, 'train_acc': 0.99}
{'epoch': 4, 'train_loss': 0.0119, 'train_acc': 1.0}
{'epoch': 5, 'train_loss': 0.0089, 'train_acc': 1.0}
{'epoch': 6, 'train_loss': 0.0056, 'train_acc': 1.0}
{'epoch': 7, 'train_loss': 0.0018, 'train_acc': 1.0}
{'epoch': 8, 'train_loss': 0.0048, 'train_acc': 1.0}
{'epoch': 9, 'train_loss': 0.0048, 'train_acc': 1.0}
{'epoch': 10, 'train_loss': 0.0029, 'train_acc': 1.0}
{'epoch': 11, 'train_loss': 0.0031, 'train_acc': 1.0}
{'epoch': 12, 'train_loss': 0.0012, 'train_acc': 1.0}
{'epoch': 13, 'train_loss': 0.0034, 'train_acc': 1.0}
{'epoch': 14, 'train_loss': 0.0016, 'train_acc': 1.0}
{'epoch': 15, 'train_loss': 0.0084, 'train_acc': 1.0}
{'epoch': 16, 'train_loss': 0.0021, 'train_acc': 1.0}
{'epoch': 17, 'train_loss': 0.0017, 'train_acc': 1.0}
{'epoch': 18, 'train_loss': 0.0012, 'train_acc': 1.0}
{'epoch': 19, 'train_loss': 0.001, 'train_acc': 1.0}
{'epoch': 20, 'train_loss': 0.0004, 'train_acc': 1.0}
{'epoch': 21, 'train_loss': 0.0006, 'train_acc': 1.0}
{'epoch': 22, 'train_loss': 0.0008, 'train_acc': 1.0}
{'epoch': 23, 'train_loss': 0.0003, 'train_acc': 1.0}
{'epoch': 24, 'train_loss': 0.0004, 'train_acc': 1.0}
{'epoch': 25, 'train_loss': 0.0005, 'train_acc': 1.0}
{'epoch': 26, 'train_loss': 0.0004, 'train_acc': 1.0}
{'epoch': 27, 'train_loss': 0.0005, 'train_acc': 1.0}
{'epoch': 28, 'train_loss': 0.0002, 'train_acc': 1.0}
{'epoch': 29, 'train_loss': 0.0004, 'train_acc': 1.0}
{'epoch': 30, 'train_loss': 0.0003, 'train_acc': 1.0}
{'epoch': 31, 'train_loss': 0.0004, 'train_acc': 1.0}
{'epoch': 32, 'train_loss': 0.0002, 'train_acc': 1.0}
{'epoch': 33, 'train_loss': 0.0003, 'train_acc': 1.0}
{'epoch': 34, 'train_loss': 0.0002, 'train_acc': 1.0}
{'epoch': 35, 'train_loss': 0.0002, 'train_acc': 1.0}
{'epoch': 36, 'train_loss': 0.0002, 'train_acc': 1.0}
{'epoch': 37, 'train_loss': 0.0002, 'train_acc': 1.0}
{'epoch': 38, 'train_loss': 0.0002, 'train_acc': 1.0}
{'epoch': 39, 'train_loss': 0.0002, 'train_acc': 1.0}
{'epoch': 40, 'train_loss': 0.0003, 'train_acc': 1.0}
{'epoch': 41, 'train_loss': 0.0002, 'train_acc': 1.0}
{'epoch': 42, 'train_loss': 0.0004, 'train_acc': 1.0}
{'epoch': 43, 'train_loss': 0.0003, 'train_acc': 1.0}
{'epoch': 44, 'train_loss': 0.0001, 'train_acc': 1.0}
{'epoch': 45, 'train_loss': 0.0002, 'train_acc': 1.0}
{'epoch': 46, 'train_loss': 0.0003, 'train_acc': 1.0}
{'epoch': 47, 'train_loss': 0.0002, 'train_acc': 1.0}
{'epoch': 48, 'train_loss': 0.0002, 'train_acc': 1.0}
{'epoch': 49, 'train_loss': 0.0003, 'train_acc': 1.0}
{'epoch': 50, 'train_loss': 0.0007, 'train_acc': 1.0}
{'epoch': 51, 'train_loss': 0.0001, 'train_acc': 1.0}
{'epoch': 52, 'train_loss': 0.0002, 'train_acc': 1.0}
{'epoch': 53, 'train_loss': 0.0002, 'train_acc': 1.0}
{'epoch': 54, 'train_loss': 0.0001, 'train_acc': 1.0}
{'epoch': 55, 'train_loss': 0.0002, 'train_acc': 1.0}
{'epoch': 56, 'train_loss': 0.0001, 'train_acc': 1.0}
{'epoch': 57, 'train_loss': 0.0002, 'train_acc': 1.0}
{'epoch': 58, 'train_loss': 0.0001, 'train_acc': 1.0}
{'epoch': 59, 'train_loss': 0.0002, 'train_acc': 1.0}
{'epoch': 60, 'train_loss': 0.0002, 'train_acc': 1.0}
{'epoch': 61, 'train_loss': 0.0001, 'train_acc': 1.0}
{'epoch': 62, 'train_loss': 0.0001, 'train_acc': 1.0}
{'epoch': 63, 'train_loss': 0.0005, 'train_acc': 1.0}
{'epoch': 64, 'train_loss': 0.0002, 'train_acc': 1.0}
{'epoch': 65, 'train_loss': 0.0001, 'train_acc': 1.0}
{'epoch': 66, 'train_loss': 0.0002, 'train_acc': 1.0}
{'epoch': 67, 'train_loss': 0.0005, 'train_acc': 1.0}
{'epoch': 68, 'train_loss': 0.0003, 'train_acc': 1.0}
{'epoch': 69, 'train_loss': 0.0001, 'train_acc': 1.0}
{'epoch': 70, 'train_loss': 0.0002, 'train_acc': 1.0}
{'epoch': 71, 'train_loss': 0.0001, 'train_acc': 1.0}
{'epoch': 72, 'train_loss': 0.0001, 'train_acc': 1.0}
{'epoch': 73, 'train_loss': 0.0001, 'train_acc': 1.0}
{'epoch': 74, 'train_loss': 0.0011, 'train_acc': 1.0}
{'epoch': 75, 'train_loss': 0.0001, 'train_acc': 1.0}
{'epoch': 76, 'train_loss': 0.0002, 'train_acc': 1.0}
{'epoch': 77, 'train_loss': 0.0003, 'train_acc': 1.0}
{'epoch': 78, 'train_loss': 0.0001, 'train_acc': 1.0}
{'epoch': 79, 'train_loss': 0.0001, 'train_acc': 1.0}
{'epoch': 80, 'train_loss': 0.0002, 'train_acc': 1.0}
{'epoch': 81, 'train_loss': 0.0024, 'train_acc': 1.0}
{'epoch': 82, 'train_loss': 0.0002, 'train_acc': 1.0}
{'epoch': 83, 'train_loss': 0.0001, 'train_acc': 1.0}
{'epoch': 84, 'train_loss': 0.0002, 'train_acc': 1.0}
{'epoch': 85, 'train_loss': 0.0001, 'train_acc': 1.0}
{'epoch': 86, 'train_loss': 0.0002, 'train_acc': 1.0}
{'epoch': 87, 'train_loss': 0.0001, 'train_acc': 1.0}
{'epoch': 88, 'train_loss': 0.0003, 'train_acc': 1.0}
{'epoch': 89, 'train_loss': 0.0001, 'train_acc': 1.0}
{'epoch': 90, 'train_loss': 0.0002, 'train_acc': 1.0}
{'epoch': 91, 'train_loss': 0.0002, 'train_acc': 1.0}
{'epoch': 92, 'train_loss': 0.0002, 'train_acc': 1.0}
{'epoch': 93, 'train_loss': 0.0003, 'train_acc': 1.0}
{'epoch': 94, 'train_loss': 0.0001, 'train_acc': 1.0}
{'epoch': 95, 'train_loss': 0.0001, 'train_acc': 1.0}
{'epoch': 96, 'train_loss': 0.0003, 'train_acc': 1.0}
{'epoch': 97, 'train_loss': 0.0001, 'train_acc': 1.0}
{'epoch': 98, 'train_loss': 0.0001, 'train_acc': 1.0}
{'epoch': 99, 'train_loss': 0.0001, 'train_acc': 1.0}
{'epoch': 100, 'train_loss': 0.0007, 'train_acc': 1.0}
{'run_num': 5, 'final_test_err': 0.16938110749185664}
Files already downloaded and verified
Files already downloaded and verified
{'epoch': 1, 'train_loss': 0.5358, 'train_acc': 0.75}
{'epoch': 2, 'train_loss': 0.1372, 'train_acc': 0.98}
{'epoch': 3, 'train_loss': 0.0297, 'train_acc': 0.99}
{'epoch': 4, 'train_loss': 0.0248, 'train_acc': 0.99}
{'epoch': 5, 'train_loss': 0.0625, 'train_acc': 0.98}
{'epoch': 6, 'train_loss': 0.0288, 'train_acc': 0.99}
{'epoch': 7, 'train_loss': 0.0163, 'train_acc': 1.0}
{'epoch': 8, 'train_loss': 0.0071, 'train_acc': 1.0}
{'epoch': 9, 'train_loss': 0.0039, 'train_acc': 1.0}
{'epoch': 10, 'train_loss': 0.0032, 'train_acc': 1.0}
{'epoch': 11, 'train_loss': 0.0017, 'train_acc': 1.0}
{'epoch': 12, 'train_loss': 0.0013, 'train_acc': 1.0}
{'epoch': 13, 'train_loss': 0.0011, 'train_acc': 1.0}
{'epoch': 14, 'train_loss': 0.0008, 'train_acc': 1.0}
{'epoch': 15, 'train_loss': 0.001, 'train_acc': 1.0}
{'epoch': 16, 'train_loss': 0.0006, 'train_acc': 1.0}
{'epoch': 17, 'train_loss': 0.0005, 'train_acc': 1.0}
{'epoch': 18, 'train_loss': 0.0009, 'train_acc': 1.0}
{'epoch': 19, 'train_loss': 0.0008, 'train_acc': 1.0}
{'epoch': 20, 'train_loss': 0.0006, 'train_acc': 1.0}
{'epoch': 21, 'train_loss': 0.0004, 'train_acc': 1.0}
{'epoch': 22, 'train_loss': 0.0004, 'train_acc': 1.0}
{'epoch': 23, 'train_loss': 0.0005, 'train_acc': 1.0}
{'epoch': 24, 'train_loss': 0.0003, 'train_acc': 1.0}
{'epoch': 25, 'train_loss': 0.0005, 'train_acc': 1.0}
{'epoch': 26, 'train_loss': 0.0004, 'train_acc': 1.0}
{'epoch': 27, 'train_loss': 0.0004, 'train_acc': 1.0}
{'epoch': 28, 'train_loss': 0.0005, 'train_acc': 1.0}
{'epoch': 29, 'train_loss': 0.0011, 'train_acc': 1.0}
{'epoch': 30, 'train_loss': 0.0003, 'train_acc': 1.0}
{'epoch': 31, 'train_loss': 0.0005, 'train_acc': 1.0}
{'epoch': 32, 'train_loss': 0.0005, 'train_acc': 1.0}
{'epoch': 33, 'train_loss': 0.0003, 'train_acc': 1.0}
{'epoch': 34, 'train_loss': 0.0005, 'train_acc': 1.0}
{'epoch': 35, 'train_loss': 0.0003, 'train_acc': 1.0}
{'epoch': 36, 'train_loss': 0.0003, 'train_acc': 1.0}
{'epoch': 37, 'train_loss': 0.0003, 'train_acc': 1.0}
{'epoch': 38, 'train_loss': 0.0003, 'train_acc': 1.0}
{'epoch': 39, 'train_loss': 0.0002, 'train_acc': 1.0}
{'epoch': 40, 'train_loss': 0.0002, 'train_acc': 1.0}
{'epoch': 41, 'train_loss': 0.0003, 'train_acc': 1.0}
{'epoch': 42, 'train_loss': 0.0002, 'train_acc': 1.0}
{'epoch': 43, 'train_loss': 0.0003, 'train_acc': 1.0}
{'epoch': 44, 'train_loss': 0.0003, 'train_acc': 1.0}
{'epoch': 45, 'train_loss': 0.0002, 'train_acc': 1.0}
{'epoch': 46, 'train_loss': 0.0003, 'train_acc': 1.0}
{'epoch': 47, 'train_loss': 0.0003, 'train_acc': 1.0}
{'epoch': 48, 'train_loss': 0.0002, 'train_acc': 1.0}
{'epoch': 49, 'train_loss': 0.0002, 'train_acc': 1.0}
{'epoch': 50, 'train_loss': 0.0002, 'train_acc': 1.0}
{'epoch': 51, 'train_loss': 0.0002, 'train_acc': 1.0}
{'epoch': 52, 'train_loss': 0.0002, 'train_acc': 1.0}
{'epoch': 53, 'train_loss': 0.0002, 'train_acc': 1.0}
{'epoch': 54, 'train_loss': 0.0004, 'train_acc': 1.0}
{'epoch': 55, 'train_loss': 0.0003, 'train_acc': 1.0}
{'epoch': 56, 'train_loss': 0.0004, 'train_acc': 1.0}
{'epoch': 57, 'train_loss': 0.0002, 'train_acc': 1.0}
{'epoch': 58, 'train_loss': 0.0002, 'train_acc': 1.0}
{'epoch': 59, 'train_loss': 0.0002, 'train_acc': 1.0}
{'epoch': 60, 'train_loss': 0.0003, 'train_acc': 1.0}
{'epoch': 61, 'train_loss': 0.0002, 'train_acc': 1.0}
{'epoch': 62, 'train_loss': 0.0003, 'train_acc': 1.0}
{'epoch': 63, 'train_loss': 0.0002, 'train_acc': 1.0}
{'epoch': 64, 'train_loss': 0.0002, 'train_acc': 1.0}
{'epoch': 65, 'train_loss': 0.0002, 'train_acc': 1.0}
{'epoch': 66, 'train_loss': 0.0002, 'train_acc': 1.0}
{'epoch': 67, 'train_loss': 0.0002, 'train_acc': 1.0}
{'epoch': 68, 'train_loss': 0.0002, 'train_acc': 1.0}
{'epoch': 69, 'train_loss': 0.0002, 'train_acc': 1.0}
{'epoch': 70, 'train_loss': 0.0002, 'train_acc': 1.0}
{'epoch': 71, 'train_loss': 0.0001, 'train_acc': 1.0}
{'epoch': 72, 'train_loss': 0.0002, 'train_acc': 1.0}
{'epoch': 73, 'train_loss': 0.0002, 'train_acc': 1.0}
{'epoch': 74, 'train_loss': 0.0001, 'train_acc': 1.0}
{'epoch': 75, 'train_loss': 0.0002, 'train_acc': 1.0}
{'epoch': 76, 'train_loss': 0.0002, 'train_acc': 1.0}
{'epoch': 77, 'train_loss': 0.0002, 'train_acc': 1.0}
{'epoch': 78, 'train_loss': 0.0004, 'train_acc': 1.0}
{'epoch': 79, 'train_loss': 0.0002, 'train_acc': 1.0}
{'epoch': 80, 'train_loss': 0.0002, 'train_acc': 1.0}
{'epoch': 81, 'train_loss': 0.0002, 'train_acc': 1.0}
{'epoch': 82, 'train_loss': 0.0003, 'train_acc': 1.0}
{'epoch': 83, 'train_loss': 0.0002, 'train_acc': 1.0}
{'epoch': 84, 'train_loss': 0.0002, 'train_acc': 1.0}
{'epoch': 85, 'train_loss': 0.0002, 'train_acc': 1.0}
{'epoch': 86, 'train_loss': 0.0002, 'train_acc': 1.0}
{'epoch': 87, 'train_loss': 0.0002, 'train_acc': 1.0}
{'epoch': 88, 'train_loss': 0.0001, 'train_acc': 1.0}
{'epoch': 89, 'train_loss': 0.0002, 'train_acc': 1.0}
{'epoch': 90, 'train_loss': 0.0002, 'train_acc': 1.0}
{'epoch': 91, 'train_loss': 0.0002, 'train_acc': 1.0}
{'epoch': 92, 'train_loss': 0.0002, 'train_acc': 1.0}
{'epoch': 93, 'train_loss': 0.0002, 'train_acc': 1.0}
{'epoch': 94, 'train_loss': 0.0002, 'train_acc': 1.0}
{'epoch': 95, 'train_loss': 0.0002, 'train_acc': 1.0}
{'epoch': 96, 'train_loss': 0.0002, 'train_acc': 1.0}
{'epoch': 97, 'train_loss': 0.0002, 'train_acc': 1.0}
{'epoch': 98, 'train_loss': 0.0002, 'train_acc': 1.0}
{'epoch': 99, 'train_loss': 0.0002, 'train_acc': 1.0}
{'epoch': 100, 'train_loss': 0.0002, 'train_acc': 1.0}
{'run_num': 6, 'final_test_err': 0.26058631921824105}
Files already downloaded and verified
Files already downloaded and verified
{'epoch': 1, 'train_loss': 0.438, 'train_acc': 0.8}
{'epoch': 2, 'train_loss': 0.0895, 'train_acc': 1.0}
{'epoch': 3, 'train_loss': 0.0266, 'train_acc': 1.0}
{'epoch': 4, 'train_loss': 0.006, 'train_acc': 1.0}
{'epoch': 5, 'train_loss': 0.0045, 'train_acc': 1.0}
{'epoch': 6, 'train_loss': 0.0018, 'train_acc': 1.0}
{'epoch': 7, 'train_loss': 0.0017, 'train_acc': 1.0}
{'epoch': 8, 'train_loss': 0.0011, 'train_acc': 1.0}
{'epoch': 9, 'train_loss': 0.0011, 'train_acc': 1.0}
{'epoch': 10, 'train_loss': 0.0007, 'train_acc': 1.0}
{'epoch': 11, 'train_loss': 0.0007, 'train_acc': 1.0}
{'epoch': 12, 'train_loss': 0.0005, 'train_acc': 1.0}
{'epoch': 13, 'train_loss': 0.0005, 'train_acc': 1.0}
{'epoch': 14, 'train_loss': 0.0008, 'train_acc': 1.0}
{'epoch': 15, 'train_loss': 0.001, 'train_acc': 1.0}
{'epoch': 16, 'train_loss': 0.0015, 'train_acc': 1.0}
{'epoch': 17, 'train_loss': 0.0006, 'train_acc': 1.0}
{'epoch': 18, 'train_loss': 0.0007, 'train_acc': 1.0}
{'epoch': 19, 'train_loss': 0.0007, 'train_acc': 1.0}
{'epoch': 20, 'train_loss': 0.0006, 'train_acc': 1.0}
{'epoch': 21, 'train_loss': 0.0009, 'train_acc': 1.0}
{'epoch': 22, 'train_loss': 0.0005, 'train_acc': 1.0}
{'epoch': 23, 'train_loss': 0.0004, 'train_acc': 1.0}
{'epoch': 24, 'train_loss': 0.0004, 'train_acc': 1.0}
{'epoch': 25, 'train_loss': 0.0004, 'train_acc': 1.0}
{'epoch': 26, 'train_loss': 0.0004, 'train_acc': 1.0}
{'epoch': 27, 'train_loss': 0.0003, 'train_acc': 1.0}
{'epoch': 28, 'train_loss': 0.0003, 'train_acc': 1.0}
{'epoch': 29, 'train_loss': 0.0003, 'train_acc': 1.0}
{'epoch': 30, 'train_loss': 0.0003, 'train_acc': 1.0}
{'epoch': 31, 'train_loss': 0.0004, 'train_acc': 1.0}
{'epoch': 32, 'train_loss': 0.0005, 'train_acc': 1.0}
{'epoch': 33, 'train_loss': 0.0006, 'train_acc': 1.0}
{'epoch': 34, 'train_loss': 0.0002, 'train_acc': 1.0}
{'epoch': 35, 'train_loss': 0.0003, 'train_acc': 1.0}
{'epoch': 36, 'train_loss': 0.0002, 'train_acc': 1.0}
{'epoch': 37, 'train_loss': 0.0002, 'train_acc': 1.0}
{'epoch': 38, 'train_loss': 0.0003, 'train_acc': 1.0}
{'epoch': 39, 'train_loss': 0.0003, 'train_acc': 1.0}
{'epoch': 40, 'train_loss': 0.0002, 'train_acc': 1.0}
{'epoch': 41, 'train_loss': 0.0003, 'train_acc': 1.0}
{'epoch': 42, 'train_loss': 0.0002, 'train_acc': 1.0}
{'epoch': 43, 'train_loss': 0.0002, 'train_acc': 1.0}
{'epoch': 44, 'train_loss': 0.0001, 'train_acc': 1.0}
{'epoch': 45, 'train_loss': 0.0002, 'train_acc': 1.0}
{'epoch': 46, 'train_loss': 0.0002, 'train_acc': 1.0}
{'epoch': 47, 'train_loss': 0.0002, 'train_acc': 1.0}
{'epoch': 48, 'train_loss': 0.0003, 'train_acc': 1.0}
{'epoch': 49, 'train_loss': 0.0003, 'train_acc': 1.0}
{'epoch': 50, 'train_loss': 0.0002, 'train_acc': 1.0}
{'epoch': 51, 'train_loss': 0.0002, 'train_acc': 1.0}
{'epoch': 52, 'train_loss': 0.0002, 'train_acc': 1.0}
{'epoch': 53, 'train_loss': 0.0002, 'train_acc': 1.0}
{'epoch': 54, 'train_loss': 0.0003, 'train_acc': 1.0}
{'epoch': 55, 'train_loss': 0.0002, 'train_acc': 1.0}
{'epoch': 56, 'train_loss': 0.0004, 'train_acc': 1.0}
{'epoch': 57, 'train_loss': 0.0001, 'train_acc': 1.0}
{'epoch': 58, 'train_loss': 0.0003, 'train_acc': 1.0}
{'epoch': 59, 'train_loss': 0.0001, 'train_acc': 1.0}
{'epoch': 60, 'train_loss': 0.0001, 'train_acc': 1.0}
{'epoch': 61, 'train_loss': 0.0001, 'train_acc': 1.0}
{'epoch': 62, 'train_loss': 0.0001, 'train_acc': 1.0}
{'epoch': 63, 'train_loss': 0.0001, 'train_acc': 1.0}
{'epoch': 64, 'train_loss': 0.0002, 'train_acc': 1.0}
{'epoch': 65, 'train_loss': 0.0001, 'train_acc': 1.0}
{'epoch': 66, 'train_loss': 0.0001, 'train_acc': 1.0}
{'epoch': 67, 'train_loss': 0.0001, 'train_acc': 1.0}
{'epoch': 68, 'train_loss': 0.0002, 'train_acc': 1.0}
{'epoch': 69, 'train_loss': 0.0001, 'train_acc': 1.0}
{'epoch': 70, 'train_loss': 0.0001, 'train_acc': 1.0}
{'epoch': 71, 'train_loss': 0.0002, 'train_acc': 1.0}
{'epoch': 72, 'train_loss': 0.0002, 'train_acc': 1.0}
{'epoch': 73, 'train_loss': 0.0002, 'train_acc': 1.0}
{'epoch': 74, 'train_loss': 0.0002, 'train_acc': 1.0}
{'epoch': 75, 'train_loss': 0.0001, 'train_acc': 1.0}
{'epoch': 76, 'train_loss': 0.0001, 'train_acc': 1.0}
{'epoch': 77, 'train_loss': 0.0001, 'train_acc': 1.0}
{'epoch': 78, 'train_loss': 0.0001, 'train_acc': 1.0}
{'epoch': 79, 'train_loss': 0.0002, 'train_acc': 1.0}
{'epoch': 80, 'train_loss': 0.0001, 'train_acc': 1.0}
{'epoch': 81, 'train_loss': 0.0002, 'train_acc': 1.0}
{'epoch': 82, 'train_loss': 0.0001, 'train_acc': 1.0}
{'epoch': 83, 'train_loss': 0.0003, 'train_acc': 1.0}
{'epoch': 84, 'train_loss': 0.0001, 'train_acc': 1.0}
{'epoch': 85, 'train_loss': 0.0001, 'train_acc': 1.0}
{'epoch': 86, 'train_loss': 0.0002, 'train_acc': 1.0}
{'epoch': 87, 'train_loss': 0.0001, 'train_acc': 1.0}
{'epoch': 88, 'train_loss': 0.0002, 'train_acc': 1.0}
{'epoch': 89, 'train_loss': 0.0001, 'train_acc': 1.0}
{'epoch': 90, 'train_loss': 0.0002, 'train_acc': 1.0}
{'epoch': 91, 'train_loss': 0.0001, 'train_acc': 1.0}
{'epoch': 92, 'train_loss': 0.0001, 'train_acc': 1.0}
{'epoch': 93, 'train_loss': 0.0001, 'train_acc': 1.0}
{'epoch': 94, 'train_loss': 0.0002, 'train_acc': 1.0}
{'epoch': 95, 'train_loss': 0.0001, 'train_acc': 1.0}
{'epoch': 96, 'train_loss': 0.0002, 'train_acc': 1.0}
{'epoch': 97, 'train_loss': 0.0001, 'train_acc': 1.0}
{'epoch': 98, 'train_loss': 0.0001, 'train_acc': 1.0}
{'epoch': 99, 'train_loss': 0.0002, 'train_acc': 1.0}
{'epoch': 100, 'train_loss': 0.0002, 'train_acc': 1.0}
{'run_num': 7, 'final_test_err': 0.1596091205211726}
Files already downloaded and verified
Files already downloaded and verified
{'epoch': 1, 'train_loss': 0.3905, 'train_acc': 0.83}
{'epoch': 2, 'train_loss': 0.0741, 'train_acc': 0.98}
{'epoch': 3, 'train_loss': 0.0361, 'train_acc': 0.99}
{'epoch': 4, 'train_loss': 0.0143, 'train_acc': 1.0}
{'epoch': 5, 'train_loss': 0.0337, 'train_acc': 0.99}
{'epoch': 6, 'train_loss': 0.1575, 'train_acc': 0.95}
{'epoch': 7, 'train_loss': 0.0375, 'train_acc': 1.0}
{'epoch': 8, 'train_loss': 0.0161, 'train_acc': 1.0}
{'epoch': 9, 'train_loss': 0.006, 'train_acc': 1.0}
{'epoch': 10, 'train_loss': 0.0026, 'train_acc': 1.0}
{'epoch': 11, 'train_loss': 0.0038, 'train_acc': 1.0}
{'epoch': 12, 'train_loss': 0.0022, 'train_acc': 1.0}
{'epoch': 13, 'train_loss': 0.0017, 'train_acc': 1.0}
{'epoch': 14, 'train_loss': 0.001, 'train_acc': 1.0}
{'epoch': 15, 'train_loss': 0.0077, 'train_acc': 1.0}
{'epoch': 16, 'train_loss': 0.0017, 'train_acc': 1.0}
{'epoch': 17, 'train_loss': 0.0013, 'train_acc': 1.0}
{'epoch': 18, 'train_loss': 0.0024, 'train_acc': 1.0}
{'epoch': 19, 'train_loss': 0.0007, 'train_acc': 1.0}
{'epoch': 20, 'train_loss': 0.0012, 'train_acc': 1.0}
{'epoch': 21, 'train_loss': 0.0008, 'train_acc': 1.0}
{'epoch': 22, 'train_loss': 0.0015, 'train_acc': 1.0}
{'epoch': 23, 'train_loss': 0.0005, 'train_acc': 1.0}
{'epoch': 24, 'train_loss': 0.001, 'train_acc': 1.0}
{'epoch': 25, 'train_loss': 0.002, 'train_acc': 1.0}
{'epoch': 26, 'train_loss': 0.0003, 'train_acc': 1.0}
{'epoch': 27, 'train_loss': 0.0008, 'train_acc': 1.0}
{'epoch': 28, 'train_loss': 0.0006, 'train_acc': 1.0}
{'epoch': 29, 'train_loss': 0.001, 'train_acc': 1.0}
{'epoch': 30, 'train_loss': 0.0004, 'train_acc': 1.0}
{'epoch': 31, 'train_loss': 0.0006, 'train_acc': 1.0}
{'epoch': 32, 'train_loss': 0.0005, 'train_acc': 1.0}
{'epoch': 33, 'train_loss': 0.0006, 'train_acc': 1.0}
{'epoch': 34, 'train_loss': 0.0004, 'train_acc': 1.0}
{'epoch': 35, 'train_loss': 0.0016, 'train_acc': 1.0}
{'epoch': 36, 'train_loss': 0.0004, 'train_acc': 1.0}
{'epoch': 37, 'train_loss': 0.007, 'train_acc': 1.0}
{'epoch': 38, 'train_loss': 0.0184, 'train_acc': 0.99}
{'epoch': 39, 'train_loss': 0.0101, 'train_acc': 1.0}
{'epoch': 40, 'train_loss': 0.0277, 'train_acc': 1.0}
{'epoch': 41, 'train_loss': 0.0114, 'train_acc': 1.0}
{'epoch': 42, 'train_loss': 0.0102, 'train_acc': 1.0}
{'epoch': 43, 'train_loss': 0.0046, 'train_acc': 1.0}
{'epoch': 44, 'train_loss': 0.0024, 'train_acc': 1.0}
{'epoch': 45, 'train_loss': 0.0024, 'train_acc': 1.0}
{'epoch': 46, 'train_loss': 0.0024, 'train_acc': 1.0}
{'epoch': 47, 'train_loss': 0.002, 'train_acc': 1.0}
{'epoch': 48, 'train_loss': 0.0041, 'train_acc': 1.0}
{'epoch': 49, 'train_loss': 0.0018, 'train_acc': 1.0}
{'epoch': 50, 'train_loss': 0.0026, 'train_acc': 1.0}
{'epoch': 51, 'train_loss': 0.0335, 'train_acc': 0.98}
{'epoch': 52, 'train_loss': 0.0011, 'train_acc': 1.0}
{'epoch': 53, 'train_loss': 0.001, 'train_acc': 1.0}
{'epoch': 54, 'train_loss': 0.0012, 'train_acc': 1.0}
{'epoch': 55, 'train_loss': 0.0013, 'train_acc': 1.0}
{'epoch': 56, 'train_loss': 0.0006, 'train_acc': 1.0}
{'epoch': 57, 'train_loss': 0.0016, 'train_acc': 1.0}
{'epoch': 58, 'train_loss': 0.0008, 'train_acc': 1.0}
{'epoch': 59, 'train_loss': 0.0006, 'train_acc': 1.0}
{'epoch': 60, 'train_loss': 0.0007, 'train_acc': 1.0}
{'epoch': 61, 'train_loss': 0.0007, 'train_acc': 1.0}
{'epoch': 62, 'train_loss': 0.0018, 'train_acc': 1.0}
{'epoch': 63, 'train_loss': 0.001, 'train_acc': 1.0}
{'epoch': 64, 'train_loss': 0.0008, 'train_acc': 1.0}
{'epoch': 65, 'train_loss': 0.0036, 'train_acc': 1.0}
{'epoch': 66, 'train_loss': 0.0007, 'train_acc': 1.0}
{'epoch': 67, 'train_loss': 0.0006, 'train_acc': 1.0}
{'epoch': 68, 'train_loss': 0.0009, 'train_acc': 1.0}
{'epoch': 69, 'train_loss': 0.0009, 'train_acc': 1.0}
{'epoch': 70, 'train_loss': 0.0008, 'train_acc': 1.0}
{'epoch': 71, 'train_loss': 0.0007, 'train_acc': 1.0}
{'epoch': 72, 'train_loss': 0.0007, 'train_acc': 1.0}
{'epoch': 73, 'train_loss': 0.0008, 'train_acc': 1.0}
{'epoch': 74, 'train_loss': 0.0007, 'train_acc': 1.0}
{'epoch': 75, 'train_loss': 0.0012, 'train_acc': 1.0}
{'epoch': 76, 'train_loss': 0.0007, 'train_acc': 1.0}
{'epoch': 77, 'train_loss': 0.0006, 'train_acc': 1.0}
{'epoch': 78, 'train_loss': 0.0008, 'train_acc': 1.0}
{'epoch': 79, 'train_loss': 0.0029, 'train_acc': 1.0}
{'epoch': 80, 'train_loss': 0.0005, 'train_acc': 1.0}
{'epoch': 81, 'train_loss': 0.0006, 'train_acc': 1.0}
{'epoch': 82, 'train_loss': 0.0005, 'train_acc': 1.0}
{'epoch': 83, 'train_loss': 0.0006, 'train_acc': 1.0}
{'epoch': 84, 'train_loss': 0.0009, 'train_acc': 1.0}
{'epoch': 85, 'train_loss': 0.0006, 'train_acc': 1.0}
{'epoch': 86, 'train_loss': 0.0005, 'train_acc': 1.0}
{'epoch': 87, 'train_loss': 0.0006, 'train_acc': 1.0}
{'epoch': 88, 'train_loss': 0.0006, 'train_acc': 1.0}
{'epoch': 89, 'train_loss': 0.0004, 'train_acc': 1.0}
{'epoch': 90, 'train_loss': 0.001, 'train_acc': 1.0}
{'epoch': 91, 'train_loss': 0.0003, 'train_acc': 1.0}
{'epoch': 92, 'train_loss': 0.0006, 'train_acc': 1.0}
{'epoch': 93, 'train_loss': 0.0053, 'train_acc': 1.0}
{'epoch': 94, 'train_loss': 0.0006, 'train_acc': 1.0}
{'epoch': 95, 'train_loss': 0.0007, 'train_acc': 1.0}
{'epoch': 96, 'train_loss': 0.0005, 'train_acc': 1.0}
{'epoch': 97, 'train_loss': 0.0005, 'train_acc': 1.0}
{'epoch': 98, 'train_loss': 0.0005, 'train_acc': 1.0}
{'epoch': 99, 'train_loss': 0.0006, 'train_acc': 1.0}
{'epoch': 100, 'train_loss': 0.0004, 'train_acc': 1.0}
{'run_num': 8, 'final_test_err': 0.21824104234527686}
Files already downloaded and verified
Files already downloaded and verified
{'epoch': 1, 'train_loss': 0.5539, 'train_acc': 0.74}
{'epoch': 2, 'train_loss': 0.1547, 'train_acc': 0.94}
{'epoch': 3, 'train_loss': 0.0387, 'train_acc': 1.0}
{'epoch': 4, 'train_loss': 0.0551, 'train_acc': 0.99}
{'epoch': 5, 'train_loss': 0.0109, 'train_acc': 1.0}
{'epoch': 6, 'train_loss': 0.0052, 'train_acc': 1.0}
{'epoch': 7, 'train_loss': 0.0039, 'train_acc': 1.0}
{'epoch': 8, 'train_loss': 0.0054, 'train_acc': 1.0}
{'epoch': 9, 'train_loss': 0.0043, 'train_acc': 1.0}
{'epoch': 10, 'train_loss': 0.003, 'train_acc': 1.0}
{'epoch': 11, 'train_loss': 0.0027, 'train_acc': 1.0}
{'epoch': 12, 'train_loss': 0.0015, 'train_acc': 1.0}
{'epoch': 13, 'train_loss': 0.0014, 'train_acc': 1.0}
{'epoch': 14, 'train_loss': 0.0009, 'train_acc': 1.0}
{'epoch': 15, 'train_loss': 0.002, 'train_acc': 1.0}
{'epoch': 16, 'train_loss': 0.0008, 'train_acc': 1.0}
{'epoch': 17, 'train_loss': 0.0031, 'train_acc': 1.0}
{'epoch': 18, 'train_loss': 0.0006, 'train_acc': 1.0}
{'epoch': 19, 'train_loss': 0.0009, 'train_acc': 1.0}
{'epoch': 20, 'train_loss': 0.0003, 'train_acc': 1.0}
{'epoch': 21, 'train_loss': 0.0003, 'train_acc': 1.0}
{'epoch': 22, 'train_loss': 0.0006, 'train_acc': 1.0}
{'epoch': 23, 'train_loss': 0.0006, 'train_acc': 1.0}
{'epoch': 24, 'train_loss': 0.0003, 'train_acc': 1.0}
{'epoch': 25, 'train_loss': 0.0003, 'train_acc': 1.0}
{'epoch': 26, 'train_loss': 0.0032, 'train_acc': 1.0}
{'epoch': 27, 'train_loss': 0.0012, 'train_acc': 1.0}
{'epoch': 28, 'train_loss': 0.0084, 'train_acc': 1.0}
{'epoch': 29, 'train_loss': 0.0028, 'train_acc': 1.0}
{'epoch': 30, 'train_loss': 0.0008, 'train_acc': 1.0}
{'epoch': 31, 'train_loss': 0.0007, 'train_acc': 1.0}
{'epoch': 32, 'train_loss': 0.0053, 'train_acc': 1.0}
{'epoch': 33, 'train_loss': 0.0029, 'train_acc': 1.0}
{'epoch': 34, 'train_loss': 0.0048, 'train_acc': 1.0}
{'epoch': 35, 'train_loss': 0.0044, 'train_acc': 1.0}
{'epoch': 36, 'train_loss': 0.0022, 'train_acc': 1.0}
{'epoch': 37, 'train_loss': 0.001, 'train_acc': 1.0}
{'epoch': 38, 'train_loss': 0.0008, 'train_acc': 1.0}
{'epoch': 39, 'train_loss': 0.0007, 'train_acc': 1.0}
{'epoch': 40, 'train_loss': 0.0005, 'train_acc': 1.0}
{'epoch': 41, 'train_loss': 0.0006, 'train_acc': 1.0}
{'epoch': 42, 'train_loss': 0.0004, 'train_acc': 1.0}
{'epoch': 43, 'train_loss': 0.0003, 'train_acc': 1.0}
{'epoch': 44, 'train_loss': 0.0008, 'train_acc': 1.0}
{'epoch': 45, 'train_loss': 0.0044, 'train_acc': 1.0}
{'epoch': 46, 'train_loss': 0.0006, 'train_acc': 1.0}
{'epoch': 47, 'train_loss': 0.0021, 'train_acc': 1.0}
{'epoch': 48, 'train_loss': 0.0014, 'train_acc': 1.0}
{'epoch': 49, 'train_loss': 0.0006, 'train_acc': 1.0}
{'epoch': 50, 'train_loss': 0.0009, 'train_acc': 1.0}
{'epoch': 51, 'train_loss': 0.0004, 'train_acc': 1.0}
{'epoch': 52, 'train_loss': 0.0004, 'train_acc': 1.0}
{'epoch': 53, 'train_loss': 0.0004, 'train_acc': 1.0}
{'epoch': 54, 'train_loss': 0.0002, 'train_acc': 1.0}
{'epoch': 55, 'train_loss': 0.0006, 'train_acc': 1.0}
{'epoch': 56, 'train_loss': 0.0004, 'train_acc': 1.0}
{'epoch': 57, 'train_loss': 0.0036, 'train_acc': 1.0}
{'epoch': 58, 'train_loss': 0.0006, 'train_acc': 1.0}
{'epoch': 59, 'train_loss': 0.0005, 'train_acc': 1.0}
{'epoch': 60, 'train_loss': 0.0011, 'train_acc': 1.0}
{'epoch': 61, 'train_loss': 0.0051, 'train_acc': 1.0}
{'epoch': 62, 'train_loss': 0.0007, 'train_acc': 1.0}
{'epoch': 63, 'train_loss': 0.0008, 'train_acc': 1.0}
{'epoch': 64, 'train_loss': 0.0016, 'train_acc': 1.0}
{'epoch': 65, 'train_loss': 0.0017, 'train_acc': 1.0}
{'epoch': 66, 'train_loss': 0.001, 'train_acc': 1.0}
{'epoch': 67, 'train_loss': 0.0015, 'train_acc': 1.0}
{'epoch': 68, 'train_loss': 0.0017, 'train_acc': 1.0}
{'epoch': 69, 'train_loss': 0.0006, 'train_acc': 1.0}
{'epoch': 70, 'train_loss': 0.0042, 'train_acc': 1.0}
{'epoch': 71, 'train_loss': 0.0005, 'train_acc': 1.0}
{'epoch': 72, 'train_loss': 0.0006, 'train_acc': 1.0}
{'epoch': 73, 'train_loss': 0.0008, 'train_acc': 1.0}
{'epoch': 74, 'train_loss': 0.001, 'train_acc': 1.0}
{'epoch': 75, 'train_loss': 0.0007, 'train_acc': 1.0}
{'epoch': 76, 'train_loss': 0.0004, 'train_acc': 1.0}
{'epoch': 77, 'train_loss': 0.0007, 'train_acc': 1.0}
{'epoch': 78, 'train_loss': 0.0007, 'train_acc': 1.0}
{'epoch': 79, 'train_loss': 0.0017, 'train_acc': 1.0}
{'epoch': 80, 'train_loss': 0.0003, 'train_acc': 1.0}
{'epoch': 81, 'train_loss': 0.0004, 'train_acc': 1.0}
{'epoch': 82, 'train_loss': 0.0006, 'train_acc': 1.0}
{'epoch': 83, 'train_loss': 0.0006, 'train_acc': 1.0}
{'epoch': 84, 'train_loss': 0.001, 'train_acc': 1.0}
{'epoch': 85, 'train_loss': 0.0005, 'train_acc': 1.0}
{'epoch': 86, 'train_loss': 0.0002, 'train_acc': 1.0}
{'epoch': 87, 'train_loss': 0.0003, 'train_acc': 1.0}
{'epoch': 88, 'train_loss': 0.0003, 'train_acc': 1.0}
{'epoch': 89, 'train_loss': 0.0005, 'train_acc': 1.0}
{'epoch': 90, 'train_loss': 0.0003, 'train_acc': 1.0}
{'epoch': 91, 'train_loss': 0.0002, 'train_acc': 1.0}
{'epoch': 92, 'train_loss': 0.0008, 'train_acc': 1.0}
{'epoch': 93, 'train_loss': 0.0005, 'train_acc': 1.0}
{'epoch': 94, 'train_loss': 0.0003, 'train_acc': 1.0}
{'epoch': 95, 'train_loss': 0.0002, 'train_acc': 1.0}
{'epoch': 96, 'train_loss': 0.0007, 'train_acc': 1.0}
{'epoch': 97, 'train_loss': 0.0003, 'train_acc': 1.0}
{'epoch': 98, 'train_loss': 0.0004, 'train_acc': 1.0}
{'epoch': 99, 'train_loss': 0.0003, 'train_acc': 1.0}
{'epoch': 100, 'train_loss': 0.0003, 'train_acc': 1.0}
{'run_num': 9, 'final_test_err': 0.21172638436482083}
{'avg_err': 0.2202, 'std_err': 0.0442}
