{'deploy': True, 'tag': '03_ood/task_agnostic', 'seed': 10, 'device': 'cuda:0', 'reps': 10, 'loss': {'alpha': 0.5, 'tune_alpha': False, 'group_task_loss': False}, 'task': {'dataset': 'split_cifar10', 'task_map': [[0, 1], [2, 3], [4, 5], [6, 7], [8, 9]], 'target': 0, 'ood': [4], 'augment': True, 'n': 50, 'm_n': 1, 'beta': 0.5, 'custom_sampler': False}, 'hp': {'epochs': 100, 'bs': 16, 'lr': 0.01}, 'net': 'conv'}
Files already downloaded and verified
Files already downloaded and verified
{'epoch': 1, 'train_loss': 0.8293, 'train_acc': 0.595}
{'epoch': 2, 'train_loss': 0.646, 'train_acc': 0.67}
{'epoch': 3, 'train_loss': 0.7336, 'train_acc': 0.675}
{'epoch': 4, 'train_loss': 0.6096, 'train_acc': 0.69}
{'epoch': 5, 'train_loss': 0.5768, 'train_acc': 0.705}
{'epoch': 6, 'train_loss': 0.5254, 'train_acc': 0.775}
{'epoch': 7, 'train_loss': 0.5022, 'train_acc': 0.76}
{'epoch': 8, 'train_loss': 0.4745, 'train_acc': 0.795}
{'epoch': 9, 'train_loss': 0.4445, 'train_acc': 0.82}
{'epoch': 10, 'train_loss': 0.4504, 'train_acc': 0.81}
{'epoch': 11, 'train_loss': 0.3611, 'train_acc': 0.82}
{'epoch': 12, 'train_loss': 0.4004, 'train_acc': 0.8}
{'epoch': 13, 'train_loss': 0.2962, 'train_acc': 0.89}
{'epoch': 14, 'train_loss': 0.3721, 'train_acc': 0.83}
{'epoch': 15, 'train_loss': 0.279, 'train_acc': 0.91}
{'epoch': 16, 'train_loss': 0.345, 'train_acc': 0.895}
{'epoch': 17, 'train_loss': 0.3125, 'train_acc': 0.88}
{'epoch': 18, 'train_loss': 0.2132, 'train_acc': 0.915}
{'epoch': 19, 'train_loss': 0.2512, 'train_acc': 0.895}
{'epoch': 20, 'train_loss': 0.1879, 'train_acc': 0.92}
{'epoch': 21, 'train_loss': 0.2593, 'train_acc': 0.895}
{'epoch': 22, 'train_loss': 0.2068, 'train_acc': 0.9}
{'epoch': 23, 'train_loss': 0.307, 'train_acc': 0.895}
{'epoch': 24, 'train_loss': 0.209, 'train_acc': 0.905}
{'epoch': 25, 'train_loss': 0.209, 'train_acc': 0.915}
{'epoch': 26, 'train_loss': 0.2163, 'train_acc': 0.905}
{'epoch': 27, 'train_loss': 0.1885, 'train_acc': 0.915}
{'epoch': 28, 'train_loss': 0.1092, 'train_acc': 0.965}
{'epoch': 29, 'train_loss': 0.2197, 'train_acc': 0.925}
{'epoch': 30, 'train_loss': 0.1941, 'train_acc': 0.905}
{'epoch': 31, 'train_loss': 0.1566, 'train_acc': 0.95}
{'epoch': 32, 'train_loss': 0.1276, 'train_acc': 0.95}
{'epoch': 33, 'train_loss': 0.14, 'train_acc': 0.93}
{'epoch': 34, 'train_loss': 0.1488, 'train_acc': 0.93}
{'epoch': 35, 'train_loss': 0.1419, 'train_acc': 0.92}
{'epoch': 36, 'train_loss': 0.1227, 'train_acc': 0.955}
{'epoch': 37, 'train_loss': 0.2521, 'train_acc': 0.915}
{'epoch': 38, 'train_loss': 0.1896, 'train_acc': 0.925}
{'epoch': 39, 'train_loss': 0.1288, 'train_acc': 0.935}
{'epoch': 40, 'train_loss': 0.123, 'train_acc': 0.935}
{'epoch': 41, 'train_loss': 0.1626, 'train_acc': 0.935}
{'epoch': 42, 'train_loss': 0.2461, 'train_acc': 0.905}
{'epoch': 43, 'train_loss': 0.1471, 'train_acc': 0.955}
{'epoch': 44, 'train_loss': 0.135, 'train_acc': 0.95}
{'epoch': 45, 'train_loss': 0.1709, 'train_acc': 0.925}
{'epoch': 46, 'train_loss': 0.144, 'train_acc': 0.97}
{'epoch': 47, 'train_loss': 0.1464, 'train_acc': 0.93}
{'epoch': 48, 'train_loss': 0.0616, 'train_acc': 0.98}
{'epoch': 49, 'train_loss': 0.1142, 'train_acc': 0.955}
{'epoch': 50, 'train_loss': 0.1151, 'train_acc': 0.96}
{'epoch': 51, 'train_loss': 0.0756, 'train_acc': 0.975}
{'epoch': 52, 'train_loss': 0.0729, 'train_acc': 0.965}
{'epoch': 53, 'train_loss': 0.0667, 'train_acc': 0.965}
{'epoch': 54, 'train_loss': 0.0807, 'train_acc': 0.97}
{'epoch': 55, 'train_loss': 0.1079, 'train_acc': 0.97}
{'epoch': 56, 'train_loss': 0.0461, 'train_acc': 0.985}
{'epoch': 57, 'train_loss': 0.085, 'train_acc': 0.97}
{'epoch': 58, 'train_loss': 0.0619, 'train_acc': 0.97}
{'epoch': 59, 'train_loss': 0.0228, 'train_acc': 0.995}
{'epoch': 60, 'train_loss': 0.0748, 'train_acc': 0.97}
{'epoch': 61, 'train_loss': 0.0391, 'train_acc': 0.99}
{'epoch': 62, 'train_loss': 0.0237, 'train_acc': 0.995}
{'epoch': 63, 'train_loss': 0.0552, 'train_acc': 0.985}
{'epoch': 64, 'train_loss': 0.049, 'train_acc': 0.98}
{'epoch': 65, 'train_loss': 0.0523, 'train_acc': 0.985}
{'epoch': 66, 'train_loss': 0.0337, 'train_acc': 0.995}
{'epoch': 67, 'train_loss': 0.0447, 'train_acc': 0.98}
{'epoch': 68, 'train_loss': 0.0245, 'train_acc': 1.0}
{'epoch': 69, 'train_loss': 0.0307, 'train_acc': 0.995}
{'epoch': 70, 'train_loss': 0.0177, 'train_acc': 1.0}
{'epoch': 71, 'train_loss': 0.031, 'train_acc': 0.99}
{'epoch': 72, 'train_loss': 0.0332, 'train_acc': 0.99}
{'epoch': 73, 'train_loss': 0.049, 'train_acc': 0.99}
{'epoch': 74, 'train_loss': 0.0594, 'train_acc': 0.97}
{'epoch': 75, 'train_loss': 0.0387, 'train_acc': 0.99}
{'epoch': 76, 'train_loss': 0.0354, 'train_acc': 0.995}
{'epoch': 77, 'train_loss': 0.0346, 'train_acc': 0.995}
{'epoch': 78, 'train_loss': 0.0332, 'train_acc': 0.985}
{'epoch': 79, 'train_loss': 0.0215, 'train_acc': 0.995}
{'epoch': 80, 'train_loss': 0.0259, 'train_acc': 0.99}
{'epoch': 81, 'train_loss': 0.0145, 'train_acc': 1.0}
{'epoch': 82, 'train_loss': 0.0647, 'train_acc': 0.975}
{'epoch': 83, 'train_loss': 0.0232, 'train_acc': 1.0}
{'epoch': 84, 'train_loss': 0.0262, 'train_acc': 1.0}
{'epoch': 85, 'train_loss': 0.0134, 'train_acc': 0.995}
{'epoch': 86, 'train_loss': 0.0267, 'train_acc': 0.99}
{'epoch': 87, 'train_loss': 0.0182, 'train_acc': 1.0}
{'epoch': 88, 'train_loss': 0.0198, 'train_acc': 1.0}
{'epoch': 89, 'train_loss': 0.0459, 'train_acc': 0.995}
{'epoch': 90, 'train_loss': 0.0161, 'train_acc': 1.0}
{'epoch': 91, 'train_loss': 0.0299, 'train_acc': 0.99}
{'epoch': 92, 'train_loss': 0.0261, 'train_acc': 0.985}
{'epoch': 93, 'train_loss': 0.0147, 'train_acc': 1.0}
{'epoch': 94, 'train_loss': 0.0252, 'train_acc': 0.995}
{'epoch': 95, 'train_loss': 0.0181, 'train_acc': 1.0}
{'epoch': 96, 'train_loss': 0.0179, 'train_acc': 1.0}
{'epoch': 97, 'train_loss': 0.0177, 'train_acc': 1.0}
{'epoch': 98, 'train_loss': 0.0115, 'train_acc': 1.0}
{'epoch': 99, 'train_loss': 0.0483, 'train_acc': 0.99}
{'epoch': 100, 'train_loss': 0.0257, 'train_acc': 0.99}
{'run_num': 0, 'final_test_err': 0.17200000000000004}
Files already downloaded and verified
Files already downloaded and verified
{'epoch': 1, 'train_loss': 0.7473, 'train_acc': 0.66}
{'epoch': 2, 'train_loss': 0.686, 'train_acc': 0.685}
{'epoch': 3, 'train_loss': 0.5789, 'train_acc': 0.72}
{'epoch': 4, 'train_loss': 0.5896, 'train_acc': 0.68}
{'epoch': 5, 'train_loss': 0.6016, 'train_acc': 0.72}
{'epoch': 6, 'train_loss': 0.5623, 'train_acc': 0.75}
{'epoch': 7, 'train_loss': 0.5335, 'train_acc': 0.77}
{'epoch': 8, 'train_loss': 0.6991, 'train_acc': 0.7}
{'epoch': 9, 'train_loss': 0.4891, 'train_acc': 0.79}
{'epoch': 10, 'train_loss': 0.4666, 'train_acc': 0.775}
{'epoch': 11, 'train_loss': 0.473, 'train_acc': 0.795}
{'epoch': 12, 'train_loss': 0.4749, 'train_acc': 0.805}
{'epoch': 13, 'train_loss': 0.3409, 'train_acc': 0.87}
{'epoch': 14, 'train_loss': 0.4139, 'train_acc': 0.825}
{'epoch': 15, 'train_loss': 0.3215, 'train_acc': 0.84}
{'epoch': 16, 'train_loss': 0.2932, 'train_acc': 0.88}
{'epoch': 17, 'train_loss': 0.3319, 'train_acc': 0.865}
{'epoch': 18, 'train_loss': 0.3199, 'train_acc': 0.85}
{'epoch': 19, 'train_loss': 0.3208, 'train_acc': 0.85}
{'epoch': 20, 'train_loss': 0.4389, 'train_acc': 0.805}
{'epoch': 21, 'train_loss': 0.3026, 'train_acc': 0.86}
{'epoch': 22, 'train_loss': 0.3132, 'train_acc': 0.855}
{'epoch': 23, 'train_loss': 0.2788, 'train_acc': 0.88}
{'epoch': 24, 'train_loss': 0.2341, 'train_acc': 0.92}
{'epoch': 25, 'train_loss': 0.2302, 'train_acc': 0.895}
{'epoch': 26, 'train_loss': 0.2286, 'train_acc': 0.9}
{'epoch': 27, 'train_loss': 0.2157, 'train_acc': 0.905}
{'epoch': 28, 'train_loss': 0.2097, 'train_acc': 0.91}
{'epoch': 29, 'train_loss': 0.1689, 'train_acc': 0.935}
{'epoch': 30, 'train_loss': 0.1644, 'train_acc': 0.93}
{'epoch': 31, 'train_loss': 0.1576, 'train_acc': 0.95}
{'epoch': 32, 'train_loss': 0.2484, 'train_acc': 0.89}
{'epoch': 33, 'train_loss': 0.1878, 'train_acc': 0.91}
{'epoch': 34, 'train_loss': 0.1617, 'train_acc': 0.92}
{'epoch': 35, 'train_loss': 0.1264, 'train_acc': 0.945}
{'epoch': 36, 'train_loss': 0.1781, 'train_acc': 0.925}
{'epoch': 37, 'train_loss': 0.1664, 'train_acc': 0.95}
{'epoch': 38, 'train_loss': 0.1096, 'train_acc': 0.955}
{'epoch': 39, 'train_loss': 0.1243, 'train_acc': 0.95}
{'epoch': 40, 'train_loss': 0.1754, 'train_acc': 0.935}
{'epoch': 41, 'train_loss': 0.1106, 'train_acc': 0.975}
{'epoch': 42, 'train_loss': 0.1564, 'train_acc': 0.94}
{'epoch': 43, 'train_loss': 0.084, 'train_acc': 0.97}
{'epoch': 44, 'train_loss': 0.1019, 'train_acc': 0.955}
{'epoch': 45, 'train_loss': 0.143, 'train_acc': 0.95}
{'epoch': 46, 'train_loss': 0.1141, 'train_acc': 0.955}
{'epoch': 47, 'train_loss': 0.0985, 'train_acc': 0.98}
{'epoch': 48, 'train_loss': 0.1164, 'train_acc': 0.965}
{'epoch': 49, 'train_loss': 0.0745, 'train_acc': 0.975}
{'epoch': 50, 'train_loss': 0.0946, 'train_acc': 0.96}
{'epoch': 51, 'train_loss': 0.0671, 'train_acc': 0.975}
{'epoch': 52, 'train_loss': 0.0606, 'train_acc': 0.98}
{'epoch': 53, 'train_loss': 0.0876, 'train_acc': 0.97}
{'epoch': 54, 'train_loss': 0.0973, 'train_acc': 0.965}
{'epoch': 55, 'train_loss': 0.1373, 'train_acc': 0.95}
{'epoch': 56, 'train_loss': 0.1157, 'train_acc': 0.96}
{'epoch': 57, 'train_loss': 0.0621, 'train_acc': 0.985}
{'epoch': 58, 'train_loss': 0.1333, 'train_acc': 0.94}
{'epoch': 59, 'train_loss': 0.0599, 'train_acc': 0.98}
{'epoch': 60, 'train_loss': 0.0368, 'train_acc': 0.985}
{'epoch': 61, 'train_loss': 0.058, 'train_acc': 0.98}
{'epoch': 62, 'train_loss': 0.0923, 'train_acc': 0.965}
{'epoch': 63, 'train_loss': 0.0737, 'train_acc': 0.98}
{'epoch': 64, 'train_loss': 0.0593, 'train_acc': 0.975}
{'epoch': 65, 'train_loss': 0.0314, 'train_acc': 1.0}
{'epoch': 66, 'train_loss': 0.0255, 'train_acc': 0.995}
{'epoch': 67, 'train_loss': 0.0269, 'train_acc': 0.995}
{'epoch': 68, 'train_loss': 0.0333, 'train_acc': 0.99}
{'epoch': 69, 'train_loss': 0.042, 'train_acc': 0.985}
{'epoch': 70, 'train_loss': 0.0445, 'train_acc': 0.99}
{'epoch': 71, 'train_loss': 0.0723, 'train_acc': 0.975}
{'epoch': 72, 'train_loss': 0.0405, 'train_acc': 0.99}
{'epoch': 73, 'train_loss': 0.0168, 'train_acc': 1.0}
{'epoch': 74, 'train_loss': 0.0273, 'train_acc': 1.0}
{'epoch': 75, 'train_loss': 0.0282, 'train_acc': 0.995}
{'epoch': 76, 'train_loss': 0.0441, 'train_acc': 0.985}
{'epoch': 77, 'train_loss': 0.0404, 'train_acc': 0.985}
{'epoch': 78, 'train_loss': 0.0332, 'train_acc': 0.995}
{'epoch': 79, 'train_loss': 0.0478, 'train_acc': 0.99}
{'epoch': 80, 'train_loss': 0.0305, 'train_acc': 0.99}
{'epoch': 81, 'train_loss': 0.0296, 'train_acc': 0.99}
{'epoch': 82, 'train_loss': 0.0288, 'train_acc': 0.995}
{'epoch': 83, 'train_loss': 0.0167, 'train_acc': 0.995}
{'epoch': 84, 'train_loss': 0.0272, 'train_acc': 0.99}
{'epoch': 85, 'train_loss': 0.0259, 'train_acc': 0.995}
{'epoch': 86, 'train_loss': 0.0642, 'train_acc': 0.985}
{'epoch': 87, 'train_loss': 0.0391, 'train_acc': 0.99}
{'epoch': 88, 'train_loss': 0.0243, 'train_acc': 0.995}
{'epoch': 89, 'train_loss': 0.0239, 'train_acc': 0.99}
{'epoch': 90, 'train_loss': 0.0289, 'train_acc': 0.99}
{'epoch': 91, 'train_loss': 0.0177, 'train_acc': 1.0}
{'epoch': 92, 'train_loss': 0.0276, 'train_acc': 0.99}
{'epoch': 93, 'train_loss': 0.0264, 'train_acc': 1.0}
{'epoch': 94, 'train_loss': 0.0186, 'train_acc': 1.0}
{'epoch': 95, 'train_loss': 0.0172, 'train_acc': 1.0}
{'epoch': 96, 'train_loss': 0.0155, 'train_acc': 0.995}
{'epoch': 97, 'train_loss': 0.0577, 'train_acc': 0.99}
{'epoch': 98, 'train_loss': 0.0434, 'train_acc': 0.98}
{'epoch': 99, 'train_loss': 0.0173, 'train_acc': 0.995}
{'epoch': 100, 'train_loss': 0.0311, 'train_acc': 0.995}
{'run_num': 1, 'final_test_err': 0.14549999999999996}
Files already downloaded and verified
Files already downloaded and verified
{'epoch': 1, 'train_loss': 0.7302, 'train_acc': 0.635}
{'epoch': 2, 'train_loss': 0.6475, 'train_acc': 0.655}
{'epoch': 3, 'train_loss': 0.6244, 'train_acc': 0.725}
{'epoch': 4, 'train_loss': 0.463, 'train_acc': 0.81}
{'epoch': 5, 'train_loss': 0.5781, 'train_acc': 0.755}
{'epoch': 6, 'train_loss': 0.5779, 'train_acc': 0.76}
{'epoch': 7, 'train_loss': 0.4635, 'train_acc': 0.815}
{'epoch': 8, 'train_loss': 0.4113, 'train_acc': 0.805}
{'epoch': 9, 'train_loss': 0.4059, 'train_acc': 0.815}
{'epoch': 10, 'train_loss': 0.4325, 'train_acc': 0.81}
{'epoch': 11, 'train_loss': 0.4802, 'train_acc': 0.8}
{'epoch': 12, 'train_loss': 0.3867, 'train_acc': 0.86}
{'epoch': 13, 'train_loss': 0.276, 'train_acc': 0.905}
{'epoch': 14, 'train_loss': 0.3392, 'train_acc': 0.85}
{'epoch': 15, 'train_loss': 0.5389, 'train_acc': 0.77}
{'epoch': 16, 'train_loss': 0.3819, 'train_acc': 0.83}
{'epoch': 17, 'train_loss': 0.3066, 'train_acc': 0.875}
{'epoch': 18, 'train_loss': 0.2557, 'train_acc': 0.89}
{'epoch': 19, 'train_loss': 0.2361, 'train_acc': 0.89}
{'epoch': 20, 'train_loss': 0.2813, 'train_acc': 0.87}
{'epoch': 21, 'train_loss': 0.2596, 'train_acc': 0.88}
{'epoch': 22, 'train_loss': 0.2752, 'train_acc': 0.9}
{'epoch': 23, 'train_loss': 0.1987, 'train_acc': 0.905}
{'epoch': 24, 'train_loss': 0.2132, 'train_acc': 0.905}
{'epoch': 25, 'train_loss': 0.2935, 'train_acc': 0.895}
{'epoch': 26, 'train_loss': 0.2899, 'train_acc': 0.895}
{'epoch': 27, 'train_loss': 0.2475, 'train_acc': 0.915}
{'epoch': 28, 'train_loss': 0.2298, 'train_acc': 0.9}
{'epoch': 29, 'train_loss': 0.1635, 'train_acc': 0.91}
{'epoch': 30, 'train_loss': 0.1999, 'train_acc': 0.915}
{'epoch': 31, 'train_loss': 0.1538, 'train_acc': 0.95}
{'epoch': 32, 'train_loss': 0.2431, 'train_acc': 0.92}
{'epoch': 33, 'train_loss': 0.0911, 'train_acc': 0.97}
{'epoch': 34, 'train_loss': 0.1242, 'train_acc': 0.955}
{'epoch': 35, 'train_loss': 0.0678, 'train_acc': 0.985}
{'epoch': 36, 'train_loss': 0.1617, 'train_acc': 0.925}
{'epoch': 37, 'train_loss': 0.1009, 'train_acc': 0.965}
{'epoch': 38, 'train_loss': 0.0981, 'train_acc': 0.96}
{'epoch': 39, 'train_loss': 0.1359, 'train_acc': 0.955}
{'epoch': 40, 'train_loss': 0.1277, 'train_acc': 0.945}
{'epoch': 41, 'train_loss': 0.1078, 'train_acc': 0.965}
{'epoch': 42, 'train_loss': 0.1196, 'train_acc': 0.945}
{'epoch': 43, 'train_loss': 0.1146, 'train_acc': 0.925}
{'epoch': 44, 'train_loss': 0.1121, 'train_acc': 0.96}
{'epoch': 45, 'train_loss': 0.1404, 'train_acc': 0.955}
{'epoch': 46, 'train_loss': 0.1336, 'train_acc': 0.95}
{'epoch': 47, 'train_loss': 0.118, 'train_acc': 0.965}
{'epoch': 48, 'train_loss': 0.0703, 'train_acc': 0.975}
{'epoch': 49, 'train_loss': 0.0558, 'train_acc': 0.98}
{'epoch': 50, 'train_loss': 0.0454, 'train_acc': 0.985}
{'epoch': 51, 'train_loss': 0.0746, 'train_acc': 0.97}
{'epoch': 52, 'train_loss': 0.0484, 'train_acc': 0.99}
{'epoch': 53, 'train_loss': 0.0496, 'train_acc': 0.985}
{'epoch': 54, 'train_loss': 0.0452, 'train_acc': 0.99}
{'epoch': 55, 'train_loss': 0.0325, 'train_acc': 0.995}
{'epoch': 56, 'train_loss': 0.0513, 'train_acc': 0.99}
{'epoch': 57, 'train_loss': 0.0786, 'train_acc': 0.975}
{'epoch': 58, 'train_loss': 0.0409, 'train_acc': 0.995}
{'epoch': 59, 'train_loss': 0.0526, 'train_acc': 0.985}
{'epoch': 60, 'train_loss': 0.0623, 'train_acc': 0.985}
{'epoch': 61, 'train_loss': 0.0351, 'train_acc': 0.985}
{'epoch': 62, 'train_loss': 0.07, 'train_acc': 0.97}
{'epoch': 63, 'train_loss': 0.0492, 'train_acc': 0.98}
{'epoch': 64, 'train_loss': 0.033, 'train_acc': 0.995}
{'epoch': 65, 'train_loss': 0.049, 'train_acc': 0.98}
{'epoch': 66, 'train_loss': 0.036, 'train_acc': 0.985}
{'epoch': 67, 'train_loss': 0.0277, 'train_acc': 0.995}
{'epoch': 68, 'train_loss': 0.0307, 'train_acc': 0.985}
{'epoch': 69, 'train_loss': 0.0255, 'train_acc': 0.995}
{'epoch': 70, 'train_loss': 0.0373, 'train_acc': 0.985}
{'epoch': 71, 'train_loss': 0.0307, 'train_acc': 0.995}
{'epoch': 72, 'train_loss': 0.0458, 'train_acc': 0.975}
{'epoch': 73, 'train_loss': 0.0654, 'train_acc': 0.965}
{'epoch': 74, 'train_loss': 0.0381, 'train_acc': 0.98}
{'epoch': 75, 'train_loss': 0.0362, 'train_acc': 0.99}
{'epoch': 76, 'train_loss': 0.0158, 'train_acc': 1.0}
{'epoch': 77, 'train_loss': 0.019, 'train_acc': 1.0}
{'epoch': 78, 'train_loss': 0.0195, 'train_acc': 1.0}
{'epoch': 79, 'train_loss': 0.0237, 'train_acc': 0.99}
{'epoch': 80, 'train_loss': 0.0267, 'train_acc': 0.995}
{'epoch': 81, 'train_loss': 0.034, 'train_acc': 0.99}
{'epoch': 82, 'train_loss': 0.0311, 'train_acc': 0.99}
{'epoch': 83, 'train_loss': 0.0394, 'train_acc': 0.99}
{'epoch': 84, 'train_loss': 0.0226, 'train_acc': 0.99}
{'epoch': 85, 'train_loss': 0.0345, 'train_acc': 0.985}
{'epoch': 86, 'train_loss': 0.0129, 'train_acc': 1.0}
{'epoch': 87, 'train_loss': 0.0101, 'train_acc': 1.0}
{'epoch': 88, 'train_loss': 0.0251, 'train_acc': 0.995}
{'epoch': 89, 'train_loss': 0.0127, 'train_acc': 1.0}
{'epoch': 90, 'train_loss': 0.0285, 'train_acc': 0.99}
{'epoch': 91, 'train_loss': 0.0193, 'train_acc': 1.0}
{'epoch': 92, 'train_loss': 0.0171, 'train_acc': 1.0}
{'epoch': 93, 'train_loss': 0.0239, 'train_acc': 0.995}
{'epoch': 94, 'train_loss': 0.025, 'train_acc': 0.995}
{'epoch': 95, 'train_loss': 0.014, 'train_acc': 1.0}
{'epoch': 96, 'train_loss': 0.039, 'train_acc': 0.98}
{'epoch': 97, 'train_loss': 0.0163, 'train_acc': 0.995}
{'epoch': 98, 'train_loss': 0.0133, 'train_acc': 1.0}
{'epoch': 99, 'train_loss': 0.0288, 'train_acc': 0.99}
{'epoch': 100, 'train_loss': 0.0173, 'train_acc': 0.995}
{'run_num': 2, 'final_test_err': 0.14549999999999996}
Files already downloaded and verified
Files already downloaded and verified
{'epoch': 1, 'train_loss': 0.8275, 'train_acc': 0.58}
{'epoch': 2, 'train_loss': 0.6382, 'train_acc': 0.715}
{'epoch': 3, 'train_loss': 0.6469, 'train_acc': 0.725}
{'epoch': 4, 'train_loss': 0.5676, 'train_acc': 0.735}
{'epoch': 5, 'train_loss': 0.4384, 'train_acc': 0.82}
{'epoch': 6, 'train_loss': 0.4344, 'train_acc': 0.795}
{'epoch': 7, 'train_loss': 0.4171, 'train_acc': 0.82}
{'epoch': 8, 'train_loss': 0.381, 'train_acc': 0.825}
{'epoch': 9, 'train_loss': 0.3345, 'train_acc': 0.88}
{'epoch': 10, 'train_loss': 0.3624, 'train_acc': 0.86}
{'epoch': 11, 'train_loss': 0.3171, 'train_acc': 0.875}
{'epoch': 12, 'train_loss': 0.3774, 'train_acc': 0.835}
{'epoch': 13, 'train_loss': 0.3835, 'train_acc': 0.82}
{'epoch': 14, 'train_loss': 0.2249, 'train_acc': 0.905}
{'epoch': 15, 'train_loss': 0.3519, 'train_acc': 0.87}
{'epoch': 16, 'train_loss': 0.3087, 'train_acc': 0.875}
{'epoch': 17, 'train_loss': 0.2865, 'train_acc': 0.885}
{'epoch': 18, 'train_loss': 0.276, 'train_acc': 0.905}
{'epoch': 19, 'train_loss': 0.274, 'train_acc': 0.88}
{'epoch': 20, 'train_loss': 0.2685, 'train_acc': 0.9}
{'epoch': 21, 'train_loss': 0.2676, 'train_acc': 0.89}
{'epoch': 22, 'train_loss': 0.2702, 'train_acc': 0.88}
{'epoch': 23, 'train_loss': 0.2768, 'train_acc': 0.86}
{'epoch': 24, 'train_loss': 0.1933, 'train_acc': 0.905}
{'epoch': 25, 'train_loss': 0.342, 'train_acc': 0.875}
{'epoch': 26, 'train_loss': 0.1498, 'train_acc': 0.93}
{'epoch': 27, 'train_loss': 0.1881, 'train_acc': 0.93}
{'epoch': 28, 'train_loss': 0.2175, 'train_acc': 0.94}
{'epoch': 29, 'train_loss': 0.1634, 'train_acc': 0.935}
{'epoch': 30, 'train_loss': 0.2157, 'train_acc': 0.915}
{'epoch': 31, 'train_loss': 0.1958, 'train_acc': 0.92}
{'epoch': 32, 'train_loss': 0.1169, 'train_acc': 0.96}
{'epoch': 33, 'train_loss': 0.1527, 'train_acc': 0.935}
{'epoch': 34, 'train_loss': 0.2145, 'train_acc': 0.915}
{'epoch': 35, 'train_loss': 0.1861, 'train_acc': 0.92}
{'epoch': 36, 'train_loss': 0.1217, 'train_acc': 0.945}
{'epoch': 37, 'train_loss': 0.1273, 'train_acc': 0.935}
{'epoch': 38, 'train_loss': 0.1227, 'train_acc': 0.945}
{'epoch': 39, 'train_loss': 0.115, 'train_acc': 0.945}
{'epoch': 40, 'train_loss': 0.0999, 'train_acc': 0.965}
{'epoch': 41, 'train_loss': 0.0758, 'train_acc': 0.98}
{'epoch': 42, 'train_loss': 0.0795, 'train_acc': 0.965}
{'epoch': 43, 'train_loss': 0.0597, 'train_acc': 0.97}
{'epoch': 44, 'train_loss': 0.1067, 'train_acc': 0.96}
{'epoch': 45, 'train_loss': 0.0506, 'train_acc': 0.98}
{'epoch': 46, 'train_loss': 0.1416, 'train_acc': 0.935}
{'epoch': 47, 'train_loss': 0.1819, 'train_acc': 0.92}
{'epoch': 48, 'train_loss': 0.1137, 'train_acc': 0.945}
{'epoch': 49, 'train_loss': 0.1278, 'train_acc': 0.945}
{'epoch': 50, 'train_loss': 0.1061, 'train_acc': 0.96}
{'epoch': 51, 'train_loss': 0.0644, 'train_acc': 0.975}
{'epoch': 52, 'train_loss': 0.0372, 'train_acc': 0.995}
{'epoch': 53, 'train_loss': 0.0329, 'train_acc': 0.995}
{'epoch': 54, 'train_loss': 0.0285, 'train_acc': 0.99}
{'epoch': 55, 'train_loss': 0.0819, 'train_acc': 0.97}
{'epoch': 56, 'train_loss': 0.0461, 'train_acc': 0.99}
{'epoch': 57, 'train_loss': 0.0334, 'train_acc': 0.99}
{'epoch': 58, 'train_loss': 0.0327, 'train_acc': 0.99}
{'epoch': 59, 'train_loss': 0.0718, 'train_acc': 0.975}
{'epoch': 60, 'train_loss': 0.0561, 'train_acc': 0.975}
{'epoch': 61, 'train_loss': 0.0502, 'train_acc': 0.99}
{'epoch': 62, 'train_loss': 0.0353, 'train_acc': 0.995}
{'epoch': 63, 'train_loss': 0.0372, 'train_acc': 0.99}
{'epoch': 64, 'train_loss': 0.0276, 'train_acc': 1.0}
{'epoch': 65, 'train_loss': 0.0186, 'train_acc': 1.0}
{'epoch': 66, 'train_loss': 0.022, 'train_acc': 0.99}
{'epoch': 67, 'train_loss': 0.0169, 'train_acc': 1.0}
{'epoch': 68, 'train_loss': 0.0142, 'train_acc': 0.995}
{'epoch': 69, 'train_loss': 0.0296, 'train_acc': 0.985}
{'epoch': 70, 'train_loss': 0.0109, 'train_acc': 1.0}
{'epoch': 71, 'train_loss': 0.018, 'train_acc': 1.0}
{'epoch': 72, 'train_loss': 0.0189, 'train_acc': 1.0}
{'epoch': 73, 'train_loss': 0.0364, 'train_acc': 0.99}
{'epoch': 74, 'train_loss': 0.0207, 'train_acc': 0.99}
{'epoch': 75, 'train_loss': 0.0263, 'train_acc': 0.985}
{'epoch': 76, 'train_loss': 0.0165, 'train_acc': 1.0}
{'epoch': 77, 'train_loss': 0.0123, 'train_acc': 1.0}
{'epoch': 78, 'train_loss': 0.0209, 'train_acc': 0.99}
{'epoch': 79, 'train_loss': 0.0422, 'train_acc': 0.985}
{'epoch': 80, 'train_loss': 0.0188, 'train_acc': 0.995}
{'epoch': 81, 'train_loss': 0.0126, 'train_acc': 1.0}
{'epoch': 82, 'train_loss': 0.0222, 'train_acc': 0.995}
{'epoch': 83, 'train_loss': 0.0226, 'train_acc': 0.99}
{'epoch': 84, 'train_loss': 0.0215, 'train_acc': 0.995}
{'epoch': 85, 'train_loss': 0.0137, 'train_acc': 1.0}
{'epoch': 86, 'train_loss': 0.0351, 'train_acc': 0.985}
{'epoch': 87, 'train_loss': 0.0273, 'train_acc': 0.99}
{'epoch': 88, 'train_loss': 0.0281, 'train_acc': 0.985}
{'epoch': 89, 'train_loss': 0.0137, 'train_acc': 1.0}
{'epoch': 90, 'train_loss': 0.0341, 'train_acc': 0.99}
{'epoch': 91, 'train_loss': 0.0162, 'train_acc': 0.995}
{'epoch': 92, 'train_loss': 0.0137, 'train_acc': 0.995}
{'epoch': 93, 'train_loss': 0.0202, 'train_acc': 0.99}
{'epoch': 94, 'train_loss': 0.0291, 'train_acc': 0.995}
{'epoch': 95, 'train_loss': 0.0164, 'train_acc': 1.0}
{'epoch': 96, 'train_loss': 0.0161, 'train_acc': 0.995}
{'epoch': 97, 'train_loss': 0.0111, 'train_acc': 1.0}
{'epoch': 98, 'train_loss': 0.0172, 'train_acc': 0.995}
{'epoch': 99, 'train_loss': 0.0263, 'train_acc': 0.99}
{'epoch': 100, 'train_loss': 0.0208, 'train_acc': 0.995}
{'run_num': 3, 'final_test_err': 0.14849999999999997}
Files already downloaded and verified
Files already downloaded and verified
{'epoch': 1, 'train_loss': 0.665, 'train_acc': 0.655}
{'epoch': 2, 'train_loss': 0.6371, 'train_acc': 0.675}
{'epoch': 3, 'train_loss': 0.5531, 'train_acc': 0.71}
{'epoch': 4, 'train_loss': 0.5674, 'train_acc': 0.745}
{'epoch': 5, 'train_loss': 0.5399, 'train_acc': 0.745}
{'epoch': 6, 'train_loss': 0.4528, 'train_acc': 0.79}
{'epoch': 7, 'train_loss': 0.4521, 'train_acc': 0.8}
{'epoch': 8, 'train_loss': 0.465, 'train_acc': 0.775}
{'epoch': 9, 'train_loss': 0.4235, 'train_acc': 0.815}
{'epoch': 10, 'train_loss': 0.3702, 'train_acc': 0.83}
{'epoch': 11, 'train_loss': 0.2945, 'train_acc': 0.84}
{'epoch': 12, 'train_loss': 0.3645, 'train_acc': 0.85}
{'epoch': 13, 'train_loss': 0.3272, 'train_acc': 0.855}
{'epoch': 14, 'train_loss': 0.2312, 'train_acc': 0.89}
{'epoch': 15, 'train_loss': 0.2735, 'train_acc': 0.89}
{'epoch': 16, 'train_loss': 0.3748, 'train_acc': 0.85}
{'epoch': 17, 'train_loss': 0.292, 'train_acc': 0.855}
{'epoch': 18, 'train_loss': 0.2976, 'train_acc': 0.86}
{'epoch': 19, 'train_loss': 0.252, 'train_acc': 0.88}
{'epoch': 20, 'train_loss': 0.2416, 'train_acc': 0.93}
{'epoch': 21, 'train_loss': 0.2353, 'train_acc': 0.9}
{'epoch': 22, 'train_loss': 0.2442, 'train_acc': 0.89}
{'epoch': 23, 'train_loss': 0.2639, 'train_acc': 0.88}
{'epoch': 24, 'train_loss': 0.1475, 'train_acc': 0.945}
{'epoch': 25, 'train_loss': 0.2079, 'train_acc': 0.905}
{'epoch': 26, 'train_loss': 0.2388, 'train_acc': 0.915}
{'epoch': 27, 'train_loss': 0.1923, 'train_acc': 0.92}
{'epoch': 28, 'train_loss': 0.2027, 'train_acc': 0.9}
{'epoch': 29, 'train_loss': 0.166, 'train_acc': 0.935}
{'epoch': 30, 'train_loss': 0.1607, 'train_acc': 0.935}
{'epoch': 31, 'train_loss': 0.1243, 'train_acc': 0.96}
{'epoch': 32, 'train_loss': 0.209, 'train_acc': 0.925}
{'epoch': 33, 'train_loss': 0.2145, 'train_acc': 0.915}
{'epoch': 34, 'train_loss': 0.1454, 'train_acc': 0.925}
{'epoch': 35, 'train_loss': 0.1246, 'train_acc': 0.955}
{'epoch': 36, 'train_loss': 0.1031, 'train_acc': 0.955}
{'epoch': 37, 'train_loss': 0.1063, 'train_acc': 0.965}
{'epoch': 38, 'train_loss': 0.0832, 'train_acc': 0.965}
{'epoch': 39, 'train_loss': 0.128, 'train_acc': 0.95}
{'epoch': 40, 'train_loss': 0.1298, 'train_acc': 0.965}
{'epoch': 41, 'train_loss': 0.1121, 'train_acc': 0.945}
{'epoch': 42, 'train_loss': 0.098, 'train_acc': 0.96}
{'epoch': 43, 'train_loss': 0.0855, 'train_acc': 0.96}
{'epoch': 44, 'train_loss': 0.098, 'train_acc': 0.965}
{'epoch': 45, 'train_loss': 0.063, 'train_acc': 0.97}
{'epoch': 46, 'train_loss': 0.1579, 'train_acc': 0.935}
{'epoch': 47, 'train_loss': 0.0992, 'train_acc': 0.955}
{'epoch': 48, 'train_loss': 0.0971, 'train_acc': 0.965}
{'epoch': 49, 'train_loss': 0.0967, 'train_acc': 0.96}
{'epoch': 50, 'train_loss': 0.1068, 'train_acc': 0.955}
{'epoch': 51, 'train_loss': 0.0668, 'train_acc': 0.975}
{'epoch': 52, 'train_loss': 0.0498, 'train_acc': 0.985}
{'epoch': 53, 'train_loss': 0.0546, 'train_acc': 0.98}
{'epoch': 54, 'train_loss': 0.0326, 'train_acc': 0.995}
{'epoch': 55, 'train_loss': 0.0381, 'train_acc': 0.985}
{'epoch': 56, 'train_loss': 0.028, 'train_acc': 0.99}
{'epoch': 57, 'train_loss': 0.0442, 'train_acc': 0.99}
{'epoch': 58, 'train_loss': 0.0513, 'train_acc': 0.985}
{'epoch': 59, 'train_loss': 0.0717, 'train_acc': 0.985}
{'epoch': 60, 'train_loss': 0.0286, 'train_acc': 0.995}
{'epoch': 61, 'train_loss': 0.0478, 'train_acc': 0.975}
{'epoch': 62, 'train_loss': 0.0505, 'train_acc': 0.975}
{'epoch': 63, 'train_loss': 0.0254, 'train_acc': 0.995}
{'epoch': 64, 'train_loss': 0.0379, 'train_acc': 0.99}
{'epoch': 65, 'train_loss': 0.0329, 'train_acc': 0.985}
{'epoch': 66, 'train_loss': 0.0311, 'train_acc': 1.0}
{'epoch': 67, 'train_loss': 0.0229, 'train_acc': 1.0}
{'epoch': 68, 'train_loss': 0.0592, 'train_acc': 0.985}
{'epoch': 69, 'train_loss': 0.0381, 'train_acc': 0.985}
{'epoch': 70, 'train_loss': 0.0289, 'train_acc': 0.99}
{'epoch': 71, 'train_loss': 0.0154, 'train_acc': 1.0}
{'epoch': 72, 'train_loss': 0.0271, 'train_acc': 0.995}
{'epoch': 73, 'train_loss': 0.0122, 'train_acc': 0.995}
{'epoch': 74, 'train_loss': 0.0208, 'train_acc': 1.0}
{'epoch': 75, 'train_loss': 0.0264, 'train_acc': 0.995}
{'epoch': 76, 'train_loss': 0.0155, 'train_acc': 1.0}
{'epoch': 77, 'train_loss': 0.0266, 'train_acc': 1.0}
{'epoch': 78, 'train_loss': 0.018, 'train_acc': 1.0}
{'epoch': 79, 'train_loss': 0.0108, 'train_acc': 1.0}
{'epoch': 80, 'train_loss': 0.0356, 'train_acc': 0.985}
{'epoch': 81, 'train_loss': 0.0162, 'train_acc': 1.0}
{'epoch': 82, 'train_loss': 0.0365, 'train_acc': 0.99}
{'epoch': 83, 'train_loss': 0.0244, 'train_acc': 0.995}
{'epoch': 84, 'train_loss': 0.0163, 'train_acc': 0.995}
{'epoch': 85, 'train_loss': 0.0172, 'train_acc': 1.0}
{'epoch': 86, 'train_loss': 0.0112, 'train_acc': 1.0}
{'epoch': 87, 'train_loss': 0.0069, 'train_acc': 1.0}
{'epoch': 88, 'train_loss': 0.0255, 'train_acc': 0.99}
{'epoch': 89, 'train_loss': 0.0178, 'train_acc': 0.995}
{'epoch': 90, 'train_loss': 0.0134, 'train_acc': 1.0}
{'epoch': 91, 'train_loss': 0.0092, 'train_acc': 1.0}
{'epoch': 92, 'train_loss': 0.0113, 'train_acc': 1.0}
{'epoch': 93, 'train_loss': 0.0179, 'train_acc': 1.0}
{'epoch': 94, 'train_loss': 0.0149, 'train_acc': 1.0}
{'epoch': 95, 'train_loss': 0.0191, 'train_acc': 0.995}
{'epoch': 96, 'train_loss': 0.0263, 'train_acc': 0.995}
{'epoch': 97, 'train_loss': 0.0203, 'train_acc': 0.99}
{'epoch': 98, 'train_loss': 0.0182, 'train_acc': 0.995}
{'epoch': 99, 'train_loss': 0.0243, 'train_acc': 0.99}
{'epoch': 100, 'train_loss': 0.0112, 'train_acc': 0.995}
{'run_num': 4, 'final_test_err': 0.13949999999999996}
Files already downloaded and verified
Files already downloaded and verified
{'epoch': 1, 'train_loss': 0.7598, 'train_acc': 0.67}
{'epoch': 2, 'train_loss': 0.6607, 'train_acc': 0.69}
{'epoch': 3, 'train_loss': 0.5441, 'train_acc': 0.76}
{'epoch': 4, 'train_loss': 0.826, 'train_acc': 0.665}
{'epoch': 5, 'train_loss': 0.4645, 'train_acc': 0.785}
{'epoch': 6, 'train_loss': 0.4859, 'train_acc': 0.8}
{'epoch': 7, 'train_loss': 0.4933, 'train_acc': 0.81}
{'epoch': 8, 'train_loss': 0.2845, 'train_acc': 0.875}
{'epoch': 9, 'train_loss': 0.4195, 'train_acc': 0.83}
{'epoch': 10, 'train_loss': 0.3989, 'train_acc': 0.825}
{'epoch': 11, 'train_loss': 0.3796, 'train_acc': 0.83}
{'epoch': 12, 'train_loss': 0.3941, 'train_acc': 0.85}
{'epoch': 13, 'train_loss': 0.3045, 'train_acc': 0.865}
{'epoch': 14, 'train_loss': 0.3966, 'train_acc': 0.82}
{'epoch': 15, 'train_loss': 0.3869, 'train_acc': 0.825}
{'epoch': 16, 'train_loss': 0.3476, 'train_acc': 0.835}
{'epoch': 17, 'train_loss': 0.2815, 'train_acc': 0.87}
{'epoch': 18, 'train_loss': 0.2224, 'train_acc': 0.935}
{'epoch': 19, 'train_loss': 0.2181, 'train_acc': 0.895}
{'epoch': 20, 'train_loss': 0.2629, 'train_acc': 0.88}
{'epoch': 21, 'train_loss': 0.2906, 'train_acc': 0.9}
{'epoch': 22, 'train_loss': 0.3457, 'train_acc': 0.875}
{'epoch': 23, 'train_loss': 0.2772, 'train_acc': 0.9}
{'epoch': 24, 'train_loss': 0.2155, 'train_acc': 0.915}
{'epoch': 25, 'train_loss': 0.1734, 'train_acc': 0.93}
{'epoch': 26, 'train_loss': 0.1783, 'train_acc': 0.95}
{'epoch': 27, 'train_loss': 0.19, 'train_acc': 0.92}
{'epoch': 28, 'train_loss': 0.166, 'train_acc': 0.94}
{'epoch': 29, 'train_loss': 0.1158, 'train_acc': 0.94}
{'epoch': 30, 'train_loss': 0.1442, 'train_acc': 0.94}
{'epoch': 31, 'train_loss': 0.1888, 'train_acc': 0.925}
{'epoch': 32, 'train_loss': 0.1738, 'train_acc': 0.92}
{'epoch': 33, 'train_loss': 0.145, 'train_acc': 0.93}
{'epoch': 34, 'train_loss': 0.1442, 'train_acc': 0.95}
{'epoch': 35, 'train_loss': 0.2755, 'train_acc': 0.875}
{'epoch': 36, 'train_loss': 0.1217, 'train_acc': 0.95}
{'epoch': 37, 'train_loss': 0.1226, 'train_acc': 0.95}
{'epoch': 38, 'train_loss': 0.158, 'train_acc': 0.93}
{'epoch': 39, 'train_loss': 0.1456, 'train_acc': 0.94}
{'epoch': 40, 'train_loss': 0.0751, 'train_acc': 0.965}
{'epoch': 41, 'train_loss': 0.0787, 'train_acc': 0.965}
{'epoch': 42, 'train_loss': 0.1549, 'train_acc': 0.94}
{'epoch': 43, 'train_loss': 0.1333, 'train_acc': 0.935}
{'epoch': 44, 'train_loss': 0.1308, 'train_acc': 0.935}
{'epoch': 45, 'train_loss': 0.0783, 'train_acc': 0.98}
{'epoch': 46, 'train_loss': 0.1043, 'train_acc': 0.96}
{'epoch': 47, 'train_loss': 0.0748, 'train_acc': 0.965}
{'epoch': 48, 'train_loss': 0.0798, 'train_acc': 0.965}
{'epoch': 49, 'train_loss': 0.0834, 'train_acc': 0.965}
{'epoch': 50, 'train_loss': 0.0717, 'train_acc': 0.965}
{'epoch': 51, 'train_loss': 0.0798, 'train_acc': 0.975}
{'epoch': 52, 'train_loss': 0.1241, 'train_acc': 0.965}
{'epoch': 53, 'train_loss': 0.0581, 'train_acc': 0.985}
{'epoch': 54, 'train_loss': 0.0655, 'train_acc': 0.98}
{'epoch': 55, 'train_loss': 0.0827, 'train_acc': 0.98}
{'epoch': 56, 'train_loss': 0.0534, 'train_acc': 0.985}
{'epoch': 57, 'train_loss': 0.0468, 'train_acc': 0.985}
{'epoch': 58, 'train_loss': 0.0448, 'train_acc': 0.99}
{'epoch': 59, 'train_loss': 0.0887, 'train_acc': 0.98}
{'epoch': 60, 'train_loss': 0.0786, 'train_acc': 0.975}
{'epoch': 61, 'train_loss': 0.0533, 'train_acc': 0.985}
{'epoch': 62, 'train_loss': 0.0536, 'train_acc': 0.98}
{'epoch': 63, 'train_loss': 0.0558, 'train_acc': 0.975}
{'epoch': 64, 'train_loss': 0.0364, 'train_acc': 0.99}
{'epoch': 65, 'train_loss': 0.0574, 'train_acc': 0.975}
{'epoch': 66, 'train_loss': 0.0181, 'train_acc': 1.0}
{'epoch': 67, 'train_loss': 0.0465, 'train_acc': 0.985}
{'epoch': 68, 'train_loss': 0.0526, 'train_acc': 0.985}
{'epoch': 69, 'train_loss': 0.0314, 'train_acc': 0.995}
{'epoch': 70, 'train_loss': 0.0227, 'train_acc': 0.99}
{'epoch': 71, 'train_loss': 0.0367, 'train_acc': 0.99}
{'epoch': 72, 'train_loss': 0.0474, 'train_acc': 0.98}
{'epoch': 73, 'train_loss': 0.0441, 'train_acc': 0.98}
{'epoch': 74, 'train_loss': 0.0261, 'train_acc': 0.995}
{'epoch': 75, 'train_loss': 0.0211, 'train_acc': 1.0}
{'epoch': 76, 'train_loss': 0.0154, 'train_acc': 1.0}
{'epoch': 77, 'train_loss': 0.0499, 'train_acc': 0.98}
{'epoch': 78, 'train_loss': 0.0237, 'train_acc': 1.0}
{'epoch': 79, 'train_loss': 0.0254, 'train_acc': 1.0}
{'epoch': 80, 'train_loss': 0.0387, 'train_acc': 0.985}
{'epoch': 81, 'train_loss': 0.0277, 'train_acc': 0.995}
{'epoch': 82, 'train_loss': 0.0347, 'train_acc': 0.99}
{'epoch': 83, 'train_loss': 0.0355, 'train_acc': 0.985}
{'epoch': 84, 'train_loss': 0.0318, 'train_acc': 0.99}
{'epoch': 85, 'train_loss': 0.0208, 'train_acc': 0.99}
{'epoch': 86, 'train_loss': 0.0588, 'train_acc': 0.98}
{'epoch': 87, 'train_loss': 0.0247, 'train_acc': 0.995}
{'epoch': 88, 'train_loss': 0.0137, 'train_acc': 1.0}
{'epoch': 89, 'train_loss': 0.0369, 'train_acc': 0.99}
{'epoch': 90, 'train_loss': 0.0215, 'train_acc': 0.995}
{'epoch': 91, 'train_loss': 0.0182, 'train_acc': 1.0}
{'epoch': 92, 'train_loss': 0.0231, 'train_acc': 1.0}
{'epoch': 93, 'train_loss': 0.0244, 'train_acc': 0.995}
{'epoch': 94, 'train_loss': 0.013, 'train_acc': 1.0}
{'epoch': 95, 'train_loss': 0.0228, 'train_acc': 0.995}
{'epoch': 96, 'train_loss': 0.0189, 'train_acc': 1.0}
{'epoch': 97, 'train_loss': 0.0241, 'train_acc': 0.995}
{'epoch': 98, 'train_loss': 0.0269, 'train_acc': 0.995}
{'epoch': 99, 'train_loss': 0.0394, 'train_acc': 0.99}
{'epoch': 100, 'train_loss': 0.0271, 'train_acc': 0.995}
{'run_num': 5, 'final_test_err': 0.14549999999999996}
Files already downloaded and verified
Files already downloaded and verified
{'epoch': 1, 'train_loss': 0.6632, 'train_acc': 0.71}
{'epoch': 2, 'train_loss': 0.535, 'train_acc': 0.745}
{'epoch': 3, 'train_loss': 0.5523, 'train_acc': 0.725}
{'epoch': 4, 'train_loss': 0.5215, 'train_acc': 0.815}
{'epoch': 5, 'train_loss': 0.4267, 'train_acc': 0.825}
{'epoch': 6, 'train_loss': 0.4035, 'train_acc': 0.825}
{'epoch': 7, 'train_loss': 0.4522, 'train_acc': 0.805}
{'epoch': 8, 'train_loss': 0.3249, 'train_acc': 0.86}
{'epoch': 9, 'train_loss': 0.4053, 'train_acc': 0.835}
{'epoch': 10, 'train_loss': 0.3596, 'train_acc': 0.85}
{'epoch': 11, 'train_loss': 0.3112, 'train_acc': 0.855}
{'epoch': 12, 'train_loss': 0.2515, 'train_acc': 0.905}
{'epoch': 13, 'train_loss': 0.2696, 'train_acc': 0.885}
{'epoch': 14, 'train_loss': 0.3621, 'train_acc': 0.855}
{'epoch': 15, 'train_loss': 0.195, 'train_acc': 0.915}
{'epoch': 16, 'train_loss': 0.2358, 'train_acc': 0.905}
{'epoch': 17, 'train_loss': 0.2076, 'train_acc': 0.925}
{'epoch': 18, 'train_loss': 0.15, 'train_acc': 0.935}
{'epoch': 19, 'train_loss': 0.1634, 'train_acc': 0.935}
{'epoch': 20, 'train_loss': 0.2562, 'train_acc': 0.92}
{'epoch': 21, 'train_loss': 0.178, 'train_acc': 0.95}
{'epoch': 22, 'train_loss': 0.201, 'train_acc': 0.915}
{'epoch': 23, 'train_loss': 0.1557, 'train_acc': 0.93}
{'epoch': 24, 'train_loss': 0.1669, 'train_acc': 0.95}
{'epoch': 25, 'train_loss': 0.2095, 'train_acc': 0.935}
{'epoch': 26, 'train_loss': 0.1623, 'train_acc': 0.93}
{'epoch': 27, 'train_loss': 0.1869, 'train_acc': 0.935}
{'epoch': 28, 'train_loss': 0.1415, 'train_acc': 0.945}
{'epoch': 29, 'train_loss': 0.1473, 'train_acc': 0.945}
{'epoch': 30, 'train_loss': 0.1371, 'train_acc': 0.94}
{'epoch': 31, 'train_loss': 0.0967, 'train_acc': 0.975}
{'epoch': 32, 'train_loss': 0.1417, 'train_acc': 0.965}
{'epoch': 33, 'train_loss': 0.1006, 'train_acc': 0.96}
{'epoch': 34, 'train_loss': 0.1057, 'train_acc': 0.975}
{'epoch': 35, 'train_loss': 0.0857, 'train_acc': 0.97}
{'epoch': 36, 'train_loss': 0.1809, 'train_acc': 0.935}
{'epoch': 37, 'train_loss': 0.1172, 'train_acc': 0.965}
{'epoch': 38, 'train_loss': 0.0863, 'train_acc': 0.965}
{'epoch': 39, 'train_loss': 0.0735, 'train_acc': 0.99}
{'epoch': 40, 'train_loss': 0.0828, 'train_acc': 0.975}
{'epoch': 41, 'train_loss': 0.0635, 'train_acc': 0.98}
{'epoch': 42, 'train_loss': 0.0538, 'train_acc': 0.985}
{'epoch': 43, 'train_loss': 0.1202, 'train_acc': 0.96}
{'epoch': 44, 'train_loss': 0.1176, 'train_acc': 0.95}
{'epoch': 45, 'train_loss': 0.0837, 'train_acc': 0.975}
{'epoch': 46, 'train_loss': 0.05, 'train_acc': 0.98}
{'epoch': 47, 'train_loss': 0.0428, 'train_acc': 0.985}
{'epoch': 48, 'train_loss': 0.0462, 'train_acc': 0.98}
{'epoch': 49, 'train_loss': 0.0457, 'train_acc': 0.985}
{'epoch': 50, 'train_loss': 0.0428, 'train_acc': 0.99}
{'epoch': 51, 'train_loss': 0.0671, 'train_acc': 0.975}
{'epoch': 52, 'train_loss': 0.0544, 'train_acc': 0.975}
{'epoch': 53, 'train_loss': 0.0418, 'train_acc': 0.985}
{'epoch': 54, 'train_loss': 0.038, 'train_acc': 0.99}
{'epoch': 55, 'train_loss': 0.0457, 'train_acc': 0.99}
{'epoch': 56, 'train_loss': 0.0479, 'train_acc': 0.98}
{'epoch': 57, 'train_loss': 0.0493, 'train_acc': 0.985}
{'epoch': 58, 'train_loss': 0.0203, 'train_acc': 1.0}
{'epoch': 59, 'train_loss': 0.0296, 'train_acc': 0.995}
{'epoch': 60, 'train_loss': 0.0414, 'train_acc': 0.98}
{'epoch': 61, 'train_loss': 0.0338, 'train_acc': 0.985}
{'epoch': 62, 'train_loss': 0.0297, 'train_acc': 0.995}
{'epoch': 63, 'train_loss': 0.0189, 'train_acc': 0.995}
{'epoch': 64, 'train_loss': 0.0321, 'train_acc': 0.995}
{'epoch': 65, 'train_loss': 0.0227, 'train_acc': 0.995}
{'epoch': 66, 'train_loss': 0.0258, 'train_acc': 0.985}
{'epoch': 67, 'train_loss': 0.0318, 'train_acc': 0.99}
{'epoch': 68, 'train_loss': 0.0158, 'train_acc': 1.0}
{'epoch': 69, 'train_loss': 0.0525, 'train_acc': 0.98}
{'epoch': 70, 'train_loss': 0.0356, 'train_acc': 0.995}
{'epoch': 71, 'train_loss': 0.0102, 'train_acc': 1.0}
{'epoch': 72, 'train_loss': 0.0176, 'train_acc': 0.995}
{'epoch': 73, 'train_loss': 0.0223, 'train_acc': 1.0}
{'epoch': 74, 'train_loss': 0.0345, 'train_acc': 0.99}
{'epoch': 75, 'train_loss': 0.0291, 'train_acc': 0.99}
{'epoch': 76, 'train_loss': 0.0245, 'train_acc': 0.995}
{'epoch': 77, 'train_loss': 0.0279, 'train_acc': 0.995}
{'epoch': 78, 'train_loss': 0.0382, 'train_acc': 0.99}
{'epoch': 79, 'train_loss': 0.0281, 'train_acc': 0.99}
{'epoch': 80, 'train_loss': 0.0093, 'train_acc': 1.0}
{'epoch': 81, 'train_loss': 0.0126, 'train_acc': 0.995}
{'epoch': 82, 'train_loss': 0.0087, 'train_acc': 1.0}
{'epoch': 83, 'train_loss': 0.0226, 'train_acc': 0.985}
{'epoch': 84, 'train_loss': 0.0257, 'train_acc': 0.995}
{'epoch': 85, 'train_loss': 0.0113, 'train_acc': 0.995}
{'epoch': 86, 'train_loss': 0.0117, 'train_acc': 1.0}
{'epoch': 87, 'train_loss': 0.0072, 'train_acc': 1.0}
{'epoch': 88, 'train_loss': 0.0127, 'train_acc': 1.0}
{'epoch': 89, 'train_loss': 0.0126, 'train_acc': 1.0}
{'epoch': 90, 'train_loss': 0.0152, 'train_acc': 0.995}
{'epoch': 91, 'train_loss': 0.0158, 'train_acc': 1.0}
{'epoch': 92, 'train_loss': 0.0279, 'train_acc': 0.99}
{'epoch': 93, 'train_loss': 0.0117, 'train_acc': 1.0}
{'epoch': 94, 'train_loss': 0.0239, 'train_acc': 0.995}
{'epoch': 95, 'train_loss': 0.0157, 'train_acc': 1.0}
{'epoch': 96, 'train_loss': 0.0141, 'train_acc': 0.995}
{'epoch': 97, 'train_loss': 0.0169, 'train_acc': 1.0}
{'epoch': 98, 'train_loss': 0.0162, 'train_acc': 0.995}
{'epoch': 99, 'train_loss': 0.0188, 'train_acc': 0.995}
{'epoch': 100, 'train_loss': 0.0221, 'train_acc': 0.99}
{'run_num': 6, 'final_test_err': 0.15649999999999997}
Files already downloaded and verified
Files already downloaded and verified
{'epoch': 1, 'train_loss': 0.7523, 'train_acc': 0.645}
{'epoch': 2, 'train_loss': 0.6472, 'train_acc': 0.7}
{'epoch': 3, 'train_loss': 0.6637, 'train_acc': 0.675}
{'epoch': 4, 'train_loss': 0.5278, 'train_acc': 0.74}
{'epoch': 5, 'train_loss': 0.5178, 'train_acc': 0.775}
{'epoch': 6, 'train_loss': 0.4363, 'train_acc': 0.79}
{'epoch': 7, 'train_loss': 0.4807, 'train_acc': 0.785}
{'epoch': 8, 'train_loss': 0.2732, 'train_acc': 0.89}
{'epoch': 9, 'train_loss': 0.3962, 'train_acc': 0.82}
{'epoch': 10, 'train_loss': 0.3261, 'train_acc': 0.85}
{'epoch': 11, 'train_loss': 0.3468, 'train_acc': 0.835}
{'epoch': 12, 'train_loss': 0.272, 'train_acc': 0.87}
{'epoch': 13, 'train_loss': 0.3035, 'train_acc': 0.885}
{'epoch': 14, 'train_loss': 0.2993, 'train_acc': 0.87}
{'epoch': 15, 'train_loss': 0.4173, 'train_acc': 0.86}
{'epoch': 16, 'train_loss': 0.2525, 'train_acc': 0.905}
{'epoch': 17, 'train_loss': 0.1919, 'train_acc': 0.92}
{'epoch': 18, 'train_loss': 0.2114, 'train_acc': 0.92}
{'epoch': 19, 'train_loss': 0.1875, 'train_acc': 0.945}
{'epoch': 20, 'train_loss': 0.2407, 'train_acc': 0.905}
{'epoch': 21, 'train_loss': 0.2734, 'train_acc': 0.88}
{'epoch': 22, 'train_loss': 0.2295, 'train_acc': 0.905}
{'epoch': 23, 'train_loss': 0.2457, 'train_acc': 0.935}
{'epoch': 24, 'train_loss': 0.2748, 'train_acc': 0.915}
{'epoch': 25, 'train_loss': 0.2639, 'train_acc': 0.93}
{'epoch': 26, 'train_loss': 0.173, 'train_acc': 0.925}
{'epoch': 27, 'train_loss': 0.1955, 'train_acc': 0.925}
{'epoch': 28, 'train_loss': 0.1848, 'train_acc': 0.925}
{'epoch': 29, 'train_loss': 0.2037, 'train_acc': 0.925}
{'epoch': 30, 'train_loss': 0.2032, 'train_acc': 0.93}
{'epoch': 31, 'train_loss': 0.2304, 'train_acc': 0.895}
{'epoch': 32, 'train_loss': 0.1648, 'train_acc': 0.945}
{'epoch': 33, 'train_loss': 0.1739, 'train_acc': 0.925}
{'epoch': 34, 'train_loss': 0.1613, 'train_acc': 0.945}
{'epoch': 35, 'train_loss': 0.1829, 'train_acc': 0.925}
{'epoch': 36, 'train_loss': 0.1625, 'train_acc': 0.945}
{'epoch': 37, 'train_loss': 0.1509, 'train_acc': 0.93}
{'epoch': 38, 'train_loss': 0.1196, 'train_acc': 0.96}
{'epoch': 39, 'train_loss': 0.1011, 'train_acc': 0.96}
{'epoch': 40, 'train_loss': 0.1384, 'train_acc': 0.965}
{'epoch': 41, 'train_loss': 0.1349, 'train_acc': 0.95}
{'epoch': 42, 'train_loss': 0.1253, 'train_acc': 0.955}
{'epoch': 43, 'train_loss': 0.0728, 'train_acc': 0.985}
{'epoch': 44, 'train_loss': 0.0994, 'train_acc': 0.97}
{'epoch': 45, 'train_loss': 0.0598, 'train_acc': 0.985}
{'epoch': 46, 'train_loss': 0.0663, 'train_acc': 0.975}
{'epoch': 47, 'train_loss': 0.1648, 'train_acc': 0.945}
{'epoch': 48, 'train_loss': 0.044, 'train_acc': 0.995}
{'epoch': 49, 'train_loss': 0.1043, 'train_acc': 0.955}
{'epoch': 50, 'train_loss': 0.0864, 'train_acc': 0.95}
{'epoch': 51, 'train_loss': 0.0799, 'train_acc': 0.98}
{'epoch': 52, 'train_loss': 0.0605, 'train_acc': 0.985}
{'epoch': 53, 'train_loss': 0.073, 'train_acc': 0.965}
{'epoch': 54, 'train_loss': 0.0582, 'train_acc': 0.99}
{'epoch': 55, 'train_loss': 0.0513, 'train_acc': 0.99}
{'epoch': 56, 'train_loss': 0.0295, 'train_acc': 0.99}
{'epoch': 57, 'train_loss': 0.0725, 'train_acc': 0.965}
{'epoch': 58, 'train_loss': 0.0717, 'train_acc': 0.98}
{'epoch': 59, 'train_loss': 0.0558, 'train_acc': 0.975}
{'epoch': 60, 'train_loss': 0.0441, 'train_acc': 0.98}
{'epoch': 61, 'train_loss': 0.0437, 'train_acc': 0.99}
{'epoch': 62, 'train_loss': 0.0498, 'train_acc': 0.985}
{'epoch': 63, 'train_loss': 0.0579, 'train_acc': 0.985}
{'epoch': 64, 'train_loss': 0.0581, 'train_acc': 0.975}
{'epoch': 65, 'train_loss': 0.0625, 'train_acc': 0.975}
{'epoch': 66, 'train_loss': 0.0122, 'train_acc': 1.0}
{'epoch': 67, 'train_loss': 0.0255, 'train_acc': 0.995}
{'epoch': 68, 'train_loss': 0.0265, 'train_acc': 0.995}
{'epoch': 69, 'train_loss': 0.0417, 'train_acc': 0.99}
{'epoch': 70, 'train_loss': 0.0285, 'train_acc': 1.0}
{'epoch': 71, 'train_loss': 0.0406, 'train_acc': 0.98}
{'epoch': 72, 'train_loss': 0.012, 'train_acc': 1.0}
{'epoch': 73, 'train_loss': 0.0492, 'train_acc': 0.99}
{'epoch': 74, 'train_loss': 0.0334, 'train_acc': 0.98}
{'epoch': 75, 'train_loss': 0.0409, 'train_acc': 0.99}
{'epoch': 76, 'train_loss': 0.0259, 'train_acc': 0.99}
{'epoch': 77, 'train_loss': 0.0315, 'train_acc': 0.99}
{'epoch': 78, 'train_loss': 0.0355, 'train_acc': 0.99}
{'epoch': 79, 'train_loss': 0.0159, 'train_acc': 1.0}
{'epoch': 80, 'train_loss': 0.0227, 'train_acc': 0.995}
{'epoch': 81, 'train_loss': 0.0401, 'train_acc': 0.98}
{'epoch': 82, 'train_loss': 0.0286, 'train_acc': 0.995}
{'epoch': 83, 'train_loss': 0.0747, 'train_acc': 0.975}
{'epoch': 84, 'train_loss': 0.0261, 'train_acc': 0.995}
{'epoch': 85, 'train_loss': 0.0332, 'train_acc': 0.995}
{'epoch': 86, 'train_loss': 0.025, 'train_acc': 0.995}
{'epoch': 87, 'train_loss': 0.0256, 'train_acc': 0.99}
{'epoch': 88, 'train_loss': 0.0294, 'train_acc': 0.985}
{'epoch': 89, 'train_loss': 0.0422, 'train_acc': 0.99}
{'epoch': 90, 'train_loss': 0.0281, 'train_acc': 0.99}
{'epoch': 91, 'train_loss': 0.0177, 'train_acc': 0.995}
{'epoch': 92, 'train_loss': 0.0212, 'train_acc': 0.995}
{'epoch': 93, 'train_loss': 0.0125, 'train_acc': 1.0}
{'epoch': 94, 'train_loss': 0.0227, 'train_acc': 0.99}
{'epoch': 95, 'train_loss': 0.0392, 'train_acc': 0.985}
{'epoch': 96, 'train_loss': 0.0291, 'train_acc': 0.995}
{'epoch': 97, 'train_loss': 0.0273, 'train_acc': 0.99}
{'epoch': 98, 'train_loss': 0.0261, 'train_acc': 0.995}
{'epoch': 99, 'train_loss': 0.0184, 'train_acc': 0.99}
{'epoch': 100, 'train_loss': 0.0511, 'train_acc': 0.99}
{'run_num': 7, 'final_test_err': 0.13449999999999995}
Files already downloaded and verified
Files already downloaded and verified
{'epoch': 1, 'train_loss': 0.7458, 'train_acc': 0.64}
{'epoch': 2, 'train_loss': 0.5634, 'train_acc': 0.73}
{'epoch': 3, 'train_loss': 0.5766, 'train_acc': 0.74}
{'epoch': 4, 'train_loss': 0.5519, 'train_acc': 0.765}
{'epoch': 5, 'train_loss': 0.5646, 'train_acc': 0.755}
{'epoch': 6, 'train_loss': 0.5578, 'train_acc': 0.76}
{'epoch': 7, 'train_loss': 0.4291, 'train_acc': 0.815}
{'epoch': 8, 'train_loss': 0.4113, 'train_acc': 0.835}
{'epoch': 9, 'train_loss': 0.3387, 'train_acc': 0.885}
{'epoch': 10, 'train_loss': 0.3734, 'train_acc': 0.85}
{'epoch': 11, 'train_loss': 0.3904, 'train_acc': 0.81}
{'epoch': 12, 'train_loss': 0.2915, 'train_acc': 0.87}
{'epoch': 13, 'train_loss': 0.3105, 'train_acc': 0.875}
{'epoch': 14, 'train_loss': 0.3992, 'train_acc': 0.81}
{'epoch': 15, 'train_loss': 0.2936, 'train_acc': 0.855}
{'epoch': 16, 'train_loss': 0.3674, 'train_acc': 0.86}
{'epoch': 17, 'train_loss': 0.2514, 'train_acc': 0.9}
{'epoch': 18, 'train_loss': 0.2363, 'train_acc': 0.905}
{'epoch': 19, 'train_loss': 0.2193, 'train_acc': 0.91}
{'epoch': 20, 'train_loss': 0.2823, 'train_acc': 0.875}
{'epoch': 21, 'train_loss': 0.192, 'train_acc': 0.92}
{'epoch': 22, 'train_loss': 0.1999, 'train_acc': 0.925}
{'epoch': 23, 'train_loss': 0.2025, 'train_acc': 0.93}
{'epoch': 24, 'train_loss': 0.2059, 'train_acc': 0.9}
{'epoch': 25, 'train_loss': 0.313, 'train_acc': 0.875}
{'epoch': 26, 'train_loss': 0.1791, 'train_acc': 0.93}
{'epoch': 27, 'train_loss': 0.177, 'train_acc': 0.95}
{'epoch': 28, 'train_loss': 0.1994, 'train_acc': 0.915}
{'epoch': 29, 'train_loss': 0.1941, 'train_acc': 0.93}
{'epoch': 30, 'train_loss': 0.1715, 'train_acc': 0.92}
{'epoch': 31, 'train_loss': 0.1978, 'train_acc': 0.91}
{'epoch': 32, 'train_loss': 0.1662, 'train_acc': 0.935}
{'epoch': 33, 'train_loss': 0.0607, 'train_acc': 0.985}
{'epoch': 34, 'train_loss': 0.1276, 'train_acc': 0.945}
{'epoch': 35, 'train_loss': 0.1162, 'train_acc': 0.95}
{'epoch': 36, 'train_loss': 0.1288, 'train_acc': 0.94}
{'epoch': 37, 'train_loss': 0.122, 'train_acc': 0.96}
{'epoch': 38, 'train_loss': 0.1353, 'train_acc': 0.945}
{'epoch': 39, 'train_loss': 0.1297, 'train_acc': 0.935}
{'epoch': 40, 'train_loss': 0.1593, 'train_acc': 0.95}
{'epoch': 41, 'train_loss': 0.1686, 'train_acc': 0.94}
{'epoch': 42, 'train_loss': 0.0763, 'train_acc': 0.965}
{'epoch': 43, 'train_loss': 0.1201, 'train_acc': 0.95}
{'epoch': 44, 'train_loss': 0.1047, 'train_acc': 0.95}
{'epoch': 45, 'train_loss': 0.0884, 'train_acc': 0.97}
{'epoch': 46, 'train_loss': 0.098, 'train_acc': 0.965}
{'epoch': 47, 'train_loss': 0.0725, 'train_acc': 0.98}
{'epoch': 48, 'train_loss': 0.0844, 'train_acc': 0.965}
{'epoch': 49, 'train_loss': 0.0416, 'train_acc': 0.985}
{'epoch': 50, 'train_loss': 0.0437, 'train_acc': 0.995}
{'epoch': 51, 'train_loss': 0.0487, 'train_acc': 0.975}
{'epoch': 52, 'train_loss': 0.079, 'train_acc': 0.975}
{'epoch': 53, 'train_loss': 0.0559, 'train_acc': 0.99}
{'epoch': 54, 'train_loss': 0.0514, 'train_acc': 0.985}
{'epoch': 55, 'train_loss': 0.0348, 'train_acc': 0.99}
{'epoch': 56, 'train_loss': 0.0394, 'train_acc': 0.99}
{'epoch': 57, 'train_loss': 0.0406, 'train_acc': 0.985}
{'epoch': 58, 'train_loss': 0.0281, 'train_acc': 1.0}
{'epoch': 59, 'train_loss': 0.0314, 'train_acc': 0.99}
{'epoch': 60, 'train_loss': 0.0344, 'train_acc': 0.995}
{'epoch': 61, 'train_loss': 0.0333, 'train_acc': 0.99}
{'epoch': 62, 'train_loss': 0.0295, 'train_acc': 0.995}
{'epoch': 63, 'train_loss': 0.0727, 'train_acc': 0.98}
{'epoch': 64, 'train_loss': 0.0569, 'train_acc': 0.97}
{'epoch': 65, 'train_loss': 0.0268, 'train_acc': 0.99}
{'epoch': 66, 'train_loss': 0.0305, 'train_acc': 0.99}
{'epoch': 67, 'train_loss': 0.0214, 'train_acc': 1.0}
{'epoch': 68, 'train_loss': 0.0279, 'train_acc': 0.995}
{'epoch': 69, 'train_loss': 0.0349, 'train_acc': 0.99}
{'epoch': 70, 'train_loss': 0.0355, 'train_acc': 0.995}
{'epoch': 71, 'train_loss': 0.0556, 'train_acc': 0.975}
{'epoch': 72, 'train_loss': 0.0176, 'train_acc': 1.0}
{'epoch': 73, 'train_loss': 0.0326, 'train_acc': 0.995}
{'epoch': 74, 'train_loss': 0.0111, 'train_acc': 1.0}
{'epoch': 75, 'train_loss': 0.0725, 'train_acc': 0.97}
{'epoch': 76, 'train_loss': 0.0786, 'train_acc': 0.97}
{'epoch': 77, 'train_loss': 0.0422, 'train_acc': 0.985}
{'epoch': 78, 'train_loss': 0.0356, 'train_acc': 0.99}
{'epoch': 79, 'train_loss': 0.0216, 'train_acc': 0.99}
{'epoch': 80, 'train_loss': 0.0179, 'train_acc': 0.99}
{'epoch': 81, 'train_loss': 0.0189, 'train_acc': 1.0}
{'epoch': 82, 'train_loss': 0.0312, 'train_acc': 0.985}
{'epoch': 83, 'train_loss': 0.0282, 'train_acc': 0.99}
{'epoch': 84, 'train_loss': 0.0475, 'train_acc': 0.975}
{'epoch': 85, 'train_loss': 0.0126, 'train_acc': 1.0}
{'epoch': 86, 'train_loss': 0.0183, 'train_acc': 0.995}
{'epoch': 87, 'train_loss': 0.0169, 'train_acc': 0.995}
{'epoch': 88, 'train_loss': 0.0464, 'train_acc': 0.985}
{'epoch': 89, 'train_loss': 0.0243, 'train_acc': 0.995}
{'epoch': 90, 'train_loss': 0.0271, 'train_acc': 0.99}
{'epoch': 91, 'train_loss': 0.0172, 'train_acc': 1.0}
{'epoch': 92, 'train_loss': 0.0263, 'train_acc': 0.995}
{'epoch': 93, 'train_loss': 0.0144, 'train_acc': 0.995}
{'epoch': 94, 'train_loss': 0.0198, 'train_acc': 0.995}
{'epoch': 95, 'train_loss': 0.0311, 'train_acc': 0.99}
{'epoch': 96, 'train_loss': 0.042, 'train_acc': 0.99}
{'epoch': 97, 'train_loss': 0.0236, 'train_acc': 0.99}
{'epoch': 98, 'train_loss': 0.0316, 'train_acc': 0.985}
{'epoch': 99, 'train_loss': 0.0224, 'train_acc': 1.0}
{'epoch': 100, 'train_loss': 0.0315, 'train_acc': 0.995}
{'run_num': 8, 'final_test_err': 0.16149999999999998}
Files already downloaded and verified
Files already downloaded and verified
{'epoch': 1, 'train_loss': 0.8453, 'train_acc': 0.575}
{'epoch': 2, 'train_loss': 0.6588, 'train_acc': 0.67}
{'epoch': 3, 'train_loss': 0.6698, 'train_acc': 0.7}
{'epoch': 4, 'train_loss': 0.627, 'train_acc': 0.72}
{'epoch': 5, 'train_loss': 0.586, 'train_acc': 0.72}
{'epoch': 6, 'train_loss': 0.6165, 'train_acc': 0.71}
{'epoch': 7, 'train_loss': 0.5297, 'train_acc': 0.75}
{'epoch': 8, 'train_loss': 0.5157, 'train_acc': 0.72}
{'epoch': 9, 'train_loss': 0.5063, 'train_acc': 0.765}
{'epoch': 10, 'train_loss': 0.4786, 'train_acc': 0.795}
{'epoch': 11, 'train_loss': 0.436, 'train_acc': 0.79}
{'epoch': 12, 'train_loss': 0.4617, 'train_acc': 0.785}
{'epoch': 13, 'train_loss': 0.3876, 'train_acc': 0.79}
{'epoch': 14, 'train_loss': 0.3716, 'train_acc': 0.84}
{'epoch': 15, 'train_loss': 0.4219, 'train_acc': 0.825}
{'epoch': 16, 'train_loss': 0.3925, 'train_acc': 0.835}
{'epoch': 17, 'train_loss': 0.4489, 'train_acc': 0.815}
{'epoch': 18, 'train_loss': 0.3145, 'train_acc': 0.84}
{'epoch': 19, 'train_loss': 0.2826, 'train_acc': 0.88}
{'epoch': 20, 'train_loss': 0.2746, 'train_acc': 0.9}
{'epoch': 21, 'train_loss': 0.2973, 'train_acc': 0.895}
{'epoch': 22, 'train_loss': 0.237, 'train_acc': 0.92}
{'epoch': 23, 'train_loss': 0.2574, 'train_acc': 0.88}
{'epoch': 24, 'train_loss': 0.3166, 'train_acc': 0.845}
{'epoch': 25, 'train_loss': 0.3138, 'train_acc': 0.875}
{'epoch': 26, 'train_loss': 0.2353, 'train_acc': 0.89}
{'epoch': 27, 'train_loss': 0.2721, 'train_acc': 0.9}
{'epoch': 28, 'train_loss': 0.1957, 'train_acc': 0.93}
{'epoch': 29, 'train_loss': 0.1558, 'train_acc': 0.945}
{'epoch': 30, 'train_loss': 0.2159, 'train_acc': 0.89}
{'epoch': 31, 'train_loss': 0.245, 'train_acc': 0.91}
{'epoch': 32, 'train_loss': 0.1347, 'train_acc': 0.945}
{'epoch': 33, 'train_loss': 0.2606, 'train_acc': 0.895}
{'epoch': 34, 'train_loss': 0.1135, 'train_acc': 0.945}
{'epoch': 35, 'train_loss': 0.1851, 'train_acc': 0.915}
{'epoch': 36, 'train_loss': 0.1435, 'train_acc': 0.925}
{'epoch': 37, 'train_loss': 0.2475, 'train_acc': 0.92}
{'epoch': 38, 'train_loss': 0.1326, 'train_acc': 0.945}
{'epoch': 39, 'train_loss': 0.1374, 'train_acc': 0.925}
{'epoch': 40, 'train_loss': 0.1213, 'train_acc': 0.95}
{'epoch': 41, 'train_loss': 0.1291, 'train_acc': 0.96}
{'epoch': 42, 'train_loss': 0.0964, 'train_acc': 0.975}
{'epoch': 43, 'train_loss': 0.0834, 'train_acc': 0.975}
{'epoch': 44, 'train_loss': 0.0994, 'train_acc': 0.945}
{'epoch': 45, 'train_loss': 0.0913, 'train_acc': 0.975}
{'epoch': 46, 'train_loss': 0.1381, 'train_acc': 0.94}
{'epoch': 47, 'train_loss': 0.1599, 'train_acc': 0.945}
{'epoch': 48, 'train_loss': 0.1393, 'train_acc': 0.95}
{'epoch': 49, 'train_loss': 0.1045, 'train_acc': 0.96}
{'epoch': 50, 'train_loss': 0.072, 'train_acc': 0.97}
{'epoch': 51, 'train_loss': 0.0965, 'train_acc': 0.97}
{'epoch': 52, 'train_loss': 0.064, 'train_acc': 0.98}
{'epoch': 53, 'train_loss': 0.0664, 'train_acc': 0.98}
{'epoch': 54, 'train_loss': 0.0721, 'train_acc': 0.97}
{'epoch': 55, 'train_loss': 0.0657, 'train_acc': 0.98}
{'epoch': 56, 'train_loss': 0.0412, 'train_acc': 0.98}
{'epoch': 57, 'train_loss': 0.0556, 'train_acc': 0.98}
{'epoch': 58, 'train_loss': 0.0509, 'train_acc': 0.975}
{'epoch': 59, 'train_loss': 0.1145, 'train_acc': 0.97}
{'epoch': 60, 'train_loss': 0.0869, 'train_acc': 0.97}
{'epoch': 61, 'train_loss': 0.0662, 'train_acc': 0.975}
{'epoch': 62, 'train_loss': 0.0712, 'train_acc': 0.96}
{'epoch': 63, 'train_loss': 0.0773, 'train_acc': 0.965}
{'epoch': 64, 'train_loss': 0.0659, 'train_acc': 0.99}
{'epoch': 65, 'train_loss': 0.0622, 'train_acc': 0.975}
{'epoch': 66, 'train_loss': 0.0459, 'train_acc': 0.985}
{'epoch': 67, 'train_loss': 0.0698, 'train_acc': 0.985}
{'epoch': 68, 'train_loss': 0.0572, 'train_acc': 0.98}
{'epoch': 69, 'train_loss': 0.0579, 'train_acc': 0.98}
{'epoch': 70, 'train_loss': 0.0294, 'train_acc': 0.995}
{'epoch': 71, 'train_loss': 0.0284, 'train_acc': 0.995}
{'epoch': 72, 'train_loss': 0.0241, 'train_acc': 1.0}
{'epoch': 73, 'train_loss': 0.0416, 'train_acc': 0.99}
{'epoch': 74, 'train_loss': 0.0478, 'train_acc': 0.975}
{'epoch': 75, 'train_loss': 0.0275, 'train_acc': 0.995}
{'epoch': 76, 'train_loss': 0.0322, 'train_acc': 0.985}
{'epoch': 77, 'train_loss': 0.0252, 'train_acc': 0.995}
{'epoch': 78, 'train_loss': 0.0226, 'train_acc': 0.99}
{'epoch': 79, 'train_loss': 0.0204, 'train_acc': 1.0}
{'epoch': 80, 'train_loss': 0.0123, 'train_acc': 1.0}
{'epoch': 81, 'train_loss': 0.0334, 'train_acc': 0.99}
{'epoch': 82, 'train_loss': 0.0266, 'train_acc': 0.995}
{'epoch': 83, 'train_loss': 0.0288, 'train_acc': 0.995}
{'epoch': 84, 'train_loss': 0.0185, 'train_acc': 1.0}
{'epoch': 85, 'train_loss': 0.013, 'train_acc': 1.0}
{'epoch': 86, 'train_loss': 0.0353, 'train_acc': 0.99}
{'epoch': 87, 'train_loss': 0.0369, 'train_acc': 0.99}
{'epoch': 88, 'train_loss': 0.044, 'train_acc': 0.99}
{'epoch': 89, 'train_loss': 0.0273, 'train_acc': 0.995}
{'epoch': 90, 'train_loss': 0.0217, 'train_acc': 1.0}
{'epoch': 91, 'train_loss': 0.0203, 'train_acc': 1.0}
{'epoch': 92, 'train_loss': 0.0316, 'train_acc': 0.995}
{'epoch': 93, 'train_loss': 0.0196, 'train_acc': 0.995}
{'epoch': 94, 'train_loss': 0.0316, 'train_acc': 0.995}
{'epoch': 95, 'train_loss': 0.0145, 'train_acc': 1.0}
{'epoch': 96, 'train_loss': 0.0215, 'train_acc': 1.0}
{'epoch': 97, 'train_loss': 0.0391, 'train_acc': 0.985}
{'epoch': 98, 'train_loss': 0.031, 'train_acc': 0.99}
{'epoch': 99, 'train_loss': 0.016, 'train_acc': 0.995}
{'epoch': 100, 'train_loss': 0.0164, 'train_acc': 1.0}
{'run_num': 9, 'final_test_err': 0.14049999999999996}
{'avg_err': 0.1489, 'std_err': 0.0107}
