{'deploy': True, 'tag': '01_prelim_v2/nets', 'seed': 10, 'device': 'cuda:0', 'reps': 10, 'loss': {'alpha': 0.5, 'tune_alpha': False, 'group_task_loss': True}, 'task': {'dataset': 'split_cifar10', 'task_map': [[0, 1], [2, 3], [4, 5], [6, 7], [8, 9]], 'target': 0, 'ood': [4], 'augment': True, 'n': 50, 'm_n': 0, 'beta': 0.5, 'custom_sampler': True}, 'hp': {'epochs': 100, 'bs': 16, 'lr': 0.01}, 'net': 'conv'}
Files already downloaded and verified
Files already downloaded and verified
{'epoch': 1, 'train_loss': 0.4061, 'train_acc': 0.5, 'task_loss': (0.4061, 0.0)}
{'epoch': 2, 'train_loss': 0.2693, 'train_acc': 0.76, 'task_loss': (0.2693, 0.0)}
{'epoch': 3, 'train_loss': 0.2435, 'train_acc': 0.76, 'task_loss': (0.2435, 0.0)}
{'epoch': 4, 'train_loss': 0.2054, 'train_acc': 0.8, 'task_loss': (0.2054, 0.0)}
{'epoch': 5, 'train_loss': 0.2378, 'train_acc': 0.83, 'task_loss': (0.2378, 0.0)}
{'epoch': 6, 'train_loss': 0.2173, 'train_acc': 0.85, 'task_loss': (0.2173, 0.0)}
{'epoch': 7, 'train_loss': 0.2002, 'train_acc': 0.84, 'task_loss': (0.2002, 0.0)}
{'epoch': 8, 'train_loss': 0.2263, 'train_acc': 0.81, 'task_loss': (0.2263, 0.0)}
{'epoch': 9, 'train_loss': 0.1816, 'train_acc': 0.84, 'task_loss': (0.1816, 0.0)}
{'epoch': 10, 'train_loss': 0.2177, 'train_acc': 0.81, 'task_loss': (0.2177, 0.0)}
{'epoch': 11, 'train_loss': 0.1207, 'train_acc': 0.91, 'task_loss': (0.1207, 0.0)}
{'epoch': 12, 'train_loss': 0.1326, 'train_acc': 0.89, 'task_loss': (0.1326, 0.0)}
{'epoch': 13, 'train_loss': 0.1304, 'train_acc': 0.92, 'task_loss': (0.1304, 0.0)}
{'epoch': 14, 'train_loss': 0.1186, 'train_acc': 0.89, 'task_loss': (0.1186, 0.0)}
{'epoch': 15, 'train_loss': 0.0943, 'train_acc': 0.92, 'task_loss': (0.0943, 0.0)}
{'epoch': 16, 'train_loss': 0.1401, 'train_acc': 0.85, 'task_loss': (0.1401, 0.0)}
{'epoch': 17, 'train_loss': 0.1457, 'train_acc': 0.87, 'task_loss': (0.1457, 0.0)}
{'epoch': 18, 'train_loss': 0.1207, 'train_acc': 0.9, 'task_loss': (0.1207, 0.0)}
{'epoch': 19, 'train_loss': 0.1733, 'train_acc': 0.85, 'task_loss': (0.1733, 0.0)}
{'epoch': 20, 'train_loss': 0.1887, 'train_acc': 0.83, 'task_loss': (0.1887, 0.0)}
{'epoch': 21, 'train_loss': 0.11, 'train_acc': 0.92, 'task_loss': (0.11, 0.0)}
{'epoch': 22, 'train_loss': 0.0921, 'train_acc': 0.94, 'task_loss': (0.0921, 0.0)}
{'epoch': 23, 'train_loss': 0.1295, 'train_acc': 0.89, 'task_loss': (0.1295, 0.0)}
{'epoch': 24, 'train_loss': 0.1007, 'train_acc': 0.91, 'task_loss': (0.1007, 0.0)}
{'epoch': 25, 'train_loss': 0.0847, 'train_acc': 0.92, 'task_loss': (0.0847, 0.0)}
{'epoch': 26, 'train_loss': 0.0748, 'train_acc': 0.92, 'task_loss': (0.0748, 0.0)}
{'epoch': 27, 'train_loss': 0.0701, 'train_acc': 0.94, 'task_loss': (0.0701, 0.0)}
{'epoch': 28, 'train_loss': 0.0911, 'train_acc': 0.93, 'task_loss': (0.0911, 0.0)}
{'epoch': 29, 'train_loss': 0.1388, 'train_acc': 0.87, 'task_loss': (0.1388, 0.0)}
{'epoch': 30, 'train_loss': 0.069, 'train_acc': 0.95, 'task_loss': (0.069, 0.0)}
{'epoch': 31, 'train_loss': 0.0555, 'train_acc': 0.96, 'task_loss': (0.0555, 0.0)}
{'epoch': 32, 'train_loss': 0.0581, 'train_acc': 0.96, 'task_loss': (0.0581, 0.0)}
{'epoch': 33, 'train_loss': 0.049, 'train_acc': 0.95, 'task_loss': (0.049, 0.0)}
{'epoch': 34, 'train_loss': 0.0566, 'train_acc': 0.95, 'task_loss': (0.0566, 0.0)}
{'epoch': 35, 'train_loss': 0.0379, 'train_acc': 0.98, 'task_loss': (0.0379, 0.0)}
{'epoch': 36, 'train_loss': 0.0663, 'train_acc': 0.95, 'task_loss': (0.0663, 0.0)}
{'epoch': 37, 'train_loss': 0.0495, 'train_acc': 0.97, 'task_loss': (0.0495, 0.0)}
{'epoch': 38, 'train_loss': 0.0469, 'train_acc': 0.98, 'task_loss': (0.0469, 0.0)}
{'epoch': 39, 'train_loss': 0.0953, 'train_acc': 0.92, 'task_loss': (0.0953, 0.0)}
{'epoch': 40, 'train_loss': 0.0365, 'train_acc': 0.98, 'task_loss': (0.0365, 0.0)}
{'epoch': 41, 'train_loss': 0.0465, 'train_acc': 0.96, 'task_loss': (0.0465, 0.0)}
{'epoch': 42, 'train_loss': 0.0502, 'train_acc': 0.97, 'task_loss': (0.0502, 0.0)}
{'epoch': 43, 'train_loss': 0.0311, 'train_acc': 0.98, 'task_loss': (0.0311, 0.0)}
{'epoch': 44, 'train_loss': 0.0333, 'train_acc': 0.98, 'task_loss': (0.0333, 0.0)}
{'epoch': 45, 'train_loss': 0.0365, 'train_acc': 0.98, 'task_loss': (0.0365, 0.0)}
{'epoch': 46, 'train_loss': 0.0226, 'train_acc': 0.98, 'task_loss': (0.0226, 0.0)}
{'epoch': 47, 'train_loss': 0.0334, 'train_acc': 0.98, 'task_loss': (0.0334, 0.0)}
{'epoch': 48, 'train_loss': 0.0266, 'train_acc': 0.98, 'task_loss': (0.0266, 0.0)}
{'epoch': 49, 'train_loss': 0.0265, 'train_acc': 0.98, 'task_loss': (0.0265, 0.0)}
{'epoch': 50, 'train_loss': 0.0282, 'train_acc': 0.99, 'task_loss': (0.0282, 0.0)}
{'epoch': 51, 'train_loss': 0.0188, 'train_acc': 1.0, 'task_loss': (0.0188, 0.0)}
{'epoch': 52, 'train_loss': 0.0297, 'train_acc': 0.98, 'task_loss': (0.0297, 0.0)}
{'epoch': 53, 'train_loss': 0.0249, 'train_acc': 0.99, 'task_loss': (0.0249, 0.0)}
{'epoch': 54, 'train_loss': 0.0192, 'train_acc': 0.99, 'task_loss': (0.0192, 0.0)}
{'epoch': 55, 'train_loss': 0.013, 'train_acc': 1.0, 'task_loss': (0.013, 0.0)}
{'epoch': 56, 'train_loss': 0.0205, 'train_acc': 0.98, 'task_loss': (0.0205, 0.0)}
{'epoch': 57, 'train_loss': 0.0185, 'train_acc': 0.99, 'task_loss': (0.0185, 0.0)}
{'epoch': 58, 'train_loss': 0.0267, 'train_acc': 0.97, 'task_loss': (0.0267, 0.0)}
{'epoch': 59, 'train_loss': 0.0185, 'train_acc': 0.98, 'task_loss': (0.0185, 0.0)}
{'epoch': 60, 'train_loss': 0.0111, 'train_acc': 1.0, 'task_loss': (0.0111, 0.0)}
{'epoch': 61, 'train_loss': 0.0192, 'train_acc': 0.99, 'task_loss': (0.0192, 0.0)}
{'epoch': 62, 'train_loss': 0.007, 'train_acc': 1.0, 'task_loss': (0.007, 0.0)}
{'epoch': 63, 'train_loss': 0.0126, 'train_acc': 1.0, 'task_loss': (0.0126, 0.0)}
{'epoch': 64, 'train_loss': 0.0272, 'train_acc': 0.98, 'task_loss': (0.0272, 0.0)}
{'epoch': 65, 'train_loss': 0.0155, 'train_acc': 1.0, 'task_loss': (0.0155, 0.0)}
{'epoch': 66, 'train_loss': 0.0413, 'train_acc': 0.96, 'task_loss': (0.0413, 0.0)}
{'epoch': 67, 'train_loss': 0.0287, 'train_acc': 0.98, 'task_loss': (0.0287, 0.0)}
{'epoch': 68, 'train_loss': 0.0299, 'train_acc': 0.99, 'task_loss': (0.0299, 0.0)}
{'epoch': 69, 'train_loss': 0.0317, 'train_acc': 0.98, 'task_loss': (0.0317, 0.0)}
{'epoch': 70, 'train_loss': 0.0161, 'train_acc': 0.99, 'task_loss': (0.0161, 0.0)}
{'epoch': 71, 'train_loss': 0.0198, 'train_acc': 0.99, 'task_loss': (0.0198, 0.0)}
{'epoch': 72, 'train_loss': 0.0219, 'train_acc': 1.0, 'task_loss': (0.0219, 0.0)}
{'epoch': 73, 'train_loss': 0.0196, 'train_acc': 0.99, 'task_loss': (0.0196, 0.0)}
{'epoch': 74, 'train_loss': 0.0273, 'train_acc': 0.98, 'task_loss': (0.0273, 0.0)}
{'epoch': 75, 'train_loss': 0.0112, 'train_acc': 1.0, 'task_loss': (0.0112, 0.0)}
{'epoch': 76, 'train_loss': 0.0096, 'train_acc': 1.0, 'task_loss': (0.0096, 0.0)}
{'epoch': 77, 'train_loss': 0.0129, 'train_acc': 1.0, 'task_loss': (0.0129, 0.0)}
{'epoch': 78, 'train_loss': 0.021, 'train_acc': 0.99, 'task_loss': (0.021, 0.0)}
{'epoch': 79, 'train_loss': 0.0179, 'train_acc': 0.99, 'task_loss': (0.0179, 0.0)}
{'epoch': 80, 'train_loss': 0.0132, 'train_acc': 1.0, 'task_loss': (0.0132, 0.0)}
{'epoch': 81, 'train_loss': 0.0103, 'train_acc': 1.0, 'task_loss': (0.0103, 0.0)}
{'epoch': 82, 'train_loss': 0.0076, 'train_acc': 1.0, 'task_loss': (0.0076, 0.0)}
{'epoch': 83, 'train_loss': 0.033, 'train_acc': 0.96, 'task_loss': (0.033, 0.0)}
{'epoch': 84, 'train_loss': 0.0077, 'train_acc': 1.0, 'task_loss': (0.0077, 0.0)}
{'epoch': 85, 'train_loss': 0.0082, 'train_acc': 1.0, 'task_loss': (0.0082, 0.0)}
{'epoch': 86, 'train_loss': 0.0132, 'train_acc': 0.99, 'task_loss': (0.0132, 0.0)}
{'epoch': 87, 'train_loss': 0.0159, 'train_acc': 0.99, 'task_loss': (0.0159, 0.0)}
{'epoch': 88, 'train_loss': 0.0078, 'train_acc': 1.0, 'task_loss': (0.0078, 0.0)}
{'epoch': 89, 'train_loss': 0.0247, 'train_acc': 0.99, 'task_loss': (0.0247, 0.0)}
{'epoch': 90, 'train_loss': 0.0067, 'train_acc': 1.0, 'task_loss': (0.0067, 0.0)}
{'epoch': 91, 'train_loss': 0.0101, 'train_acc': 1.0, 'task_loss': (0.0101, 0.0)}
{'epoch': 92, 'train_loss': 0.0121, 'train_acc': 1.0, 'task_loss': (0.0121, 0.0)}
{'epoch': 93, 'train_loss': 0.0192, 'train_acc': 0.99, 'task_loss': (0.0192, 0.0)}
{'epoch': 94, 'train_loss': 0.0049, 'train_acc': 1.0, 'task_loss': (0.0049, 0.0)}
{'epoch': 95, 'train_loss': 0.0156, 'train_acc': 0.99, 'task_loss': (0.0156, 0.0)}
{'epoch': 96, 'train_loss': 0.015, 'train_acc': 0.99, 'task_loss': (0.015, 0.0)}
{'epoch': 97, 'train_loss': 0.0253, 'train_acc': 0.99, 'task_loss': (0.0253, 0.0)}
{'epoch': 98, 'train_loss': 0.0055, 'train_acc': 1.0, 'task_loss': (0.0055, 0.0)}
{'epoch': 99, 'train_loss': 0.0089, 'train_acc': 1.0, 'task_loss': (0.0089, 0.0)}
{'epoch': 100, 'train_loss': 0.0111, 'train_acc': 1.0, 'task_loss': (0.0111, 0.0)}
{'run_num': 0, 'final_test_err': 0.14149999999999996}
Files already downloaded and verified
Files already downloaded and verified
{'epoch': 1, 'train_loss': 0.3936, 'train_acc': 0.46, 'task_loss': (0.3936, 0.0)}
{'epoch': 2, 'train_loss': 0.3001, 'train_acc': 0.69, 'task_loss': (0.3001, 0.0)}
{'epoch': 3, 'train_loss': 0.271, 'train_acc': 0.75, 'task_loss': (0.271, 0.0)}
{'epoch': 4, 'train_loss': 0.287, 'train_acc': 0.78, 'task_loss': (0.287, 0.0)}
{'epoch': 5, 'train_loss': 0.2275, 'train_acc': 0.8, 'task_loss': (0.2275, 0.0)}
{'epoch': 6, 'train_loss': 0.2567, 'train_acc': 0.78, 'task_loss': (0.2567, 0.0)}
{'epoch': 7, 'train_loss': 0.2512, 'train_acc': 0.76, 'task_loss': (0.2512, 0.0)}
{'epoch': 8, 'train_loss': 0.2206, 'train_acc': 0.8, 'task_loss': (0.2206, 0.0)}
{'epoch': 9, 'train_loss': 0.1556, 'train_acc': 0.89, 'task_loss': (0.1556, 0.0)}
{'epoch': 10, 'train_loss': 0.1428, 'train_acc': 0.9, 'task_loss': (0.1428, 0.0)}
{'epoch': 11, 'train_loss': 0.1428, 'train_acc': 0.9, 'task_loss': (0.1428, 0.0)}
{'epoch': 12, 'train_loss': 0.1036, 'train_acc': 0.91, 'task_loss': (0.1036, 0.0)}
{'epoch': 13, 'train_loss': 0.1616, 'train_acc': 0.89, 'task_loss': (0.1616, 0.0)}
{'epoch': 14, 'train_loss': 0.1386, 'train_acc': 0.9, 'task_loss': (0.1386, 0.0)}
{'epoch': 15, 'train_loss': 0.259, 'train_acc': 0.84, 'task_loss': (0.259, 0.0)}
{'epoch': 16, 'train_loss': 0.1438, 'train_acc': 0.87, 'task_loss': (0.1438, 0.0)}
{'epoch': 17, 'train_loss': 0.0724, 'train_acc': 0.95, 'task_loss': (0.0724, 0.0)}
{'epoch': 18, 'train_loss': 0.0824, 'train_acc': 0.9, 'task_loss': (0.0824, 0.0)}
{'epoch': 19, 'train_loss': 0.0818, 'train_acc': 0.94, 'task_loss': (0.0818, 0.0)}
{'epoch': 20, 'train_loss': 0.048, 'train_acc': 0.97, 'task_loss': (0.048, 0.0)}
{'epoch': 21, 'train_loss': 0.0916, 'train_acc': 0.94, 'task_loss': (0.0916, 0.0)}
{'epoch': 22, 'train_loss': 0.0736, 'train_acc': 0.91, 'task_loss': (0.0736, 0.0)}
{'epoch': 23, 'train_loss': 0.1457, 'train_acc': 0.9, 'task_loss': (0.1457, 0.0)}
{'epoch': 24, 'train_loss': 0.0862, 'train_acc': 0.93, 'task_loss': (0.0862, 0.0)}
{'epoch': 25, 'train_loss': 0.1575, 'train_acc': 0.88, 'task_loss': (0.1575, 0.0)}
{'epoch': 26, 'train_loss': 0.128, 'train_acc': 0.92, 'task_loss': (0.128, 0.0)}
{'epoch': 27, 'train_loss': 0.1452, 'train_acc': 0.87, 'task_loss': (0.1452, 0.0)}
{'epoch': 28, 'train_loss': 0.1062, 'train_acc': 0.91, 'task_loss': (0.1062, 0.0)}
{'epoch': 29, 'train_loss': 0.1219, 'train_acc': 0.88, 'task_loss': (0.1219, 0.0)}
{'epoch': 30, 'train_loss': 0.1222, 'train_acc': 0.9, 'task_loss': (0.1222, 0.0)}
{'epoch': 31, 'train_loss': 0.0397, 'train_acc': 0.98, 'task_loss': (0.0397, 0.0)}
{'epoch': 32, 'train_loss': 0.0596, 'train_acc': 0.96, 'task_loss': (0.0596, 0.0)}
{'epoch': 33, 'train_loss': 0.0738, 'train_acc': 0.94, 'task_loss': (0.0738, 0.0)}
{'epoch': 34, 'train_loss': 0.0596, 'train_acc': 0.94, 'task_loss': (0.0596, 0.0)}
{'epoch': 35, 'train_loss': 0.0824, 'train_acc': 0.94, 'task_loss': (0.0824, 0.0)}
{'epoch': 36, 'train_loss': 0.1252, 'train_acc': 0.9, 'task_loss': (0.1252, 0.0)}
{'epoch': 37, 'train_loss': 0.0557, 'train_acc': 0.95, 'task_loss': (0.0557, 0.0)}
{'epoch': 38, 'train_loss': 0.0352, 'train_acc': 0.99, 'task_loss': (0.0352, 0.0)}
{'epoch': 39, 'train_loss': 0.0776, 'train_acc': 0.95, 'task_loss': (0.0776, 0.0)}
{'epoch': 40, 'train_loss': 0.0616, 'train_acc': 0.94, 'task_loss': (0.0616, 0.0)}
{'epoch': 41, 'train_loss': 0.0763, 'train_acc': 0.96, 'task_loss': (0.0763, 0.0)}
{'epoch': 42, 'train_loss': 0.0566, 'train_acc': 0.96, 'task_loss': (0.0566, 0.0)}
{'epoch': 43, 'train_loss': 0.0425, 'train_acc': 0.97, 'task_loss': (0.0425, 0.0)}
{'epoch': 44, 'train_loss': 0.0304, 'train_acc': 0.99, 'task_loss': (0.0304, 0.0)}
{'epoch': 45, 'train_loss': 0.0455, 'train_acc': 0.98, 'task_loss': (0.0455, 0.0)}
{'epoch': 46, 'train_loss': 0.0299, 'train_acc': 0.98, 'task_loss': (0.0299, 0.0)}
{'epoch': 47, 'train_loss': 0.029, 'train_acc': 0.97, 'task_loss': (0.029, 0.0)}
{'epoch': 48, 'train_loss': 0.0298, 'train_acc': 0.98, 'task_loss': (0.0298, 0.0)}
{'epoch': 49, 'train_loss': 0.0387, 'train_acc': 0.98, 'task_loss': (0.0387, 0.0)}
{'epoch': 50, 'train_loss': 0.0292, 'train_acc': 0.98, 'task_loss': (0.0292, 0.0)}
{'epoch': 51, 'train_loss': 0.0504, 'train_acc': 0.95, 'task_loss': (0.0504, 0.0)}
{'epoch': 52, 'train_loss': 0.0329, 'train_acc': 0.97, 'task_loss': (0.0329, 0.0)}
{'epoch': 53, 'train_loss': 0.0376, 'train_acc': 0.97, 'task_loss': (0.0376, 0.0)}
{'epoch': 54, 'train_loss': 0.0263, 'train_acc': 0.99, 'task_loss': (0.0263, 0.0)}
{'epoch': 55, 'train_loss': 0.0331, 'train_acc': 0.99, 'task_loss': (0.0331, 0.0)}
{'epoch': 56, 'train_loss': 0.0538, 'train_acc': 0.97, 'task_loss': (0.0538, 0.0)}
{'epoch': 57, 'train_loss': 0.028, 'train_acc': 0.98, 'task_loss': (0.028, 0.0)}
{'epoch': 58, 'train_loss': 0.0179, 'train_acc': 0.99, 'task_loss': (0.0179, 0.0)}
{'epoch': 59, 'train_loss': 0.0186, 'train_acc': 0.99, 'task_loss': (0.0186, 0.0)}
{'epoch': 60, 'train_loss': 0.0189, 'train_acc': 0.99, 'task_loss': (0.0189, 0.0)}
{'epoch': 61, 'train_loss': 0.0163, 'train_acc': 0.99, 'task_loss': (0.0163, 0.0)}
{'epoch': 62, 'train_loss': 0.0418, 'train_acc': 0.99, 'task_loss': (0.0418, 0.0)}
{'epoch': 63, 'train_loss': 0.0153, 'train_acc': 0.99, 'task_loss': (0.0153, 0.0)}
{'epoch': 64, 'train_loss': 0.0252, 'train_acc': 0.99, 'task_loss': (0.0252, 0.0)}
{'epoch': 65, 'train_loss': 0.0305, 'train_acc': 0.99, 'task_loss': (0.0305, 0.0)}
{'epoch': 66, 'train_loss': 0.0205, 'train_acc': 0.98, 'task_loss': (0.0205, 0.0)}
{'epoch': 67, 'train_loss': 0.0113, 'train_acc': 1.0, 'task_loss': (0.0113, 0.0)}
{'epoch': 68, 'train_loss': 0.0059, 'train_acc': 1.0, 'task_loss': (0.0059, 0.0)}
{'epoch': 69, 'train_loss': 0.0288, 'train_acc': 0.99, 'task_loss': (0.0288, 0.0)}
{'epoch': 70, 'train_loss': 0.0101, 'train_acc': 1.0, 'task_loss': (0.0101, 0.0)}
{'epoch': 71, 'train_loss': 0.009, 'train_acc': 1.0, 'task_loss': (0.009, 0.0)}
{'epoch': 72, 'train_loss': 0.0121, 'train_acc': 1.0, 'task_loss': (0.0121, 0.0)}
{'epoch': 73, 'train_loss': 0.0136, 'train_acc': 1.0, 'task_loss': (0.0136, 0.0)}
{'epoch': 74, 'train_loss': 0.0092, 'train_acc': 1.0, 'task_loss': (0.0092, 0.0)}
{'epoch': 75, 'train_loss': 0.0107, 'train_acc': 1.0, 'task_loss': (0.0107, 0.0)}
{'epoch': 76, 'train_loss': 0.0201, 'train_acc': 0.99, 'task_loss': (0.0201, 0.0)}
{'epoch': 77, 'train_loss': 0.0068, 'train_acc': 1.0, 'task_loss': (0.0068, 0.0)}
{'epoch': 78, 'train_loss': 0.0137, 'train_acc': 1.0, 'task_loss': (0.0137, 0.0)}
{'epoch': 79, 'train_loss': 0.0207, 'train_acc': 0.98, 'task_loss': (0.0207, 0.0)}
{'epoch': 80, 'train_loss': 0.0089, 'train_acc': 1.0, 'task_loss': (0.0089, 0.0)}
{'epoch': 81, 'train_loss': 0.0087, 'train_acc': 1.0, 'task_loss': (0.0087, 0.0)}
{'epoch': 82, 'train_loss': 0.0103, 'train_acc': 1.0, 'task_loss': (0.0103, 0.0)}
{'epoch': 83, 'train_loss': 0.0162, 'train_acc': 0.99, 'task_loss': (0.0162, 0.0)}
{'epoch': 84, 'train_loss': 0.0159, 'train_acc': 1.0, 'task_loss': (0.0159, 0.0)}
{'epoch': 85, 'train_loss': 0.0212, 'train_acc': 0.99, 'task_loss': (0.0212, 0.0)}
{'epoch': 86, 'train_loss': 0.0186, 'train_acc': 0.99, 'task_loss': (0.0186, 0.0)}
{'epoch': 87, 'train_loss': 0.0157, 'train_acc': 0.99, 'task_loss': (0.0157, 0.0)}
{'epoch': 88, 'train_loss': 0.0102, 'train_acc': 1.0, 'task_loss': (0.0102, 0.0)}
{'epoch': 89, 'train_loss': 0.0066, 'train_acc': 1.0, 'task_loss': (0.0066, 0.0)}
{'epoch': 90, 'train_loss': 0.0205, 'train_acc': 0.98, 'task_loss': (0.0205, 0.0)}
{'epoch': 91, 'train_loss': 0.0173, 'train_acc': 0.99, 'task_loss': (0.0173, 0.0)}
{'epoch': 92, 'train_loss': 0.0109, 'train_acc': 1.0, 'task_loss': (0.0109, 0.0)}
{'epoch': 93, 'train_loss': 0.0093, 'train_acc': 1.0, 'task_loss': (0.0093, 0.0)}
{'epoch': 94, 'train_loss': 0.0127, 'train_acc': 1.0, 'task_loss': (0.0127, 0.0)}
{'epoch': 95, 'train_loss': 0.0167, 'train_acc': 0.99, 'task_loss': (0.0167, 0.0)}
{'epoch': 96, 'train_loss': 0.0297, 'train_acc': 0.97, 'task_loss': (0.0297, 0.0)}
{'epoch': 97, 'train_loss': 0.0092, 'train_acc': 1.0, 'task_loss': (0.0092, 0.0)}
{'epoch': 98, 'train_loss': 0.0088, 'train_acc': 1.0, 'task_loss': (0.0088, 0.0)}
{'epoch': 99, 'train_loss': 0.0142, 'train_acc': 1.0, 'task_loss': (0.0142, 0.0)}
{'epoch': 100, 'train_loss': 0.0071, 'train_acc': 1.0, 'task_loss': (0.0071, 0.0)}
{'run_num': 1, 'final_test_err': 0.14949999999999997}
Files already downloaded and verified
Files already downloaded and verified
{'epoch': 1, 'train_loss': 0.3242, 'train_acc': 0.58, 'task_loss': (0.3242, 0.0)}
{'epoch': 2, 'train_loss': 0.2689, 'train_acc': 0.8, 'task_loss': (0.2689, 0.0)}
{'epoch': 3, 'train_loss': 0.2751, 'train_acc': 0.7, 'task_loss': (0.2751, 0.0)}
{'epoch': 4, 'train_loss': 0.2391, 'train_acc': 0.77, 'task_loss': (0.2391, 0.0)}
{'epoch': 5, 'train_loss': 0.214, 'train_acc': 0.82, 'task_loss': (0.214, 0.0)}
{'epoch': 6, 'train_loss': 0.2206, 'train_acc': 0.81, 'task_loss': (0.2206, 0.0)}
{'epoch': 7, 'train_loss': 0.1666, 'train_acc': 0.88, 'task_loss': (0.1666, 0.0)}
{'epoch': 8, 'train_loss': 0.1565, 'train_acc': 0.86, 'task_loss': (0.1565, 0.0)}
{'epoch': 9, 'train_loss': 0.1744, 'train_acc': 0.88, 'task_loss': (0.1744, 0.0)}
{'epoch': 10, 'train_loss': 0.2068, 'train_acc': 0.84, 'task_loss': (0.2068, 0.0)}
{'epoch': 11, 'train_loss': 0.1515, 'train_acc': 0.89, 'task_loss': (0.1515, 0.0)}
{'epoch': 12, 'train_loss': 0.1005, 'train_acc': 0.95, 'task_loss': (0.1005, 0.0)}
{'epoch': 13, 'train_loss': 0.1375, 'train_acc': 0.85, 'task_loss': (0.1375, 0.0)}
{'epoch': 14, 'train_loss': 0.1263, 'train_acc': 0.88, 'task_loss': (0.1263, 0.0)}
{'epoch': 15, 'train_loss': 0.1187, 'train_acc': 0.91, 'task_loss': (0.1187, 0.0)}
{'epoch': 16, 'train_loss': 0.1176, 'train_acc': 0.87, 'task_loss': (0.1176, 0.0)}
{'epoch': 17, 'train_loss': 0.1191, 'train_acc': 0.89, 'task_loss': (0.1191, 0.0)}
{'epoch': 18, 'train_loss': 0.0702, 'train_acc': 0.96, 'task_loss': (0.0702, 0.0)}
{'epoch': 19, 'train_loss': 0.0751, 'train_acc': 0.95, 'task_loss': (0.0751, 0.0)}
{'epoch': 20, 'train_loss': 0.1074, 'train_acc': 0.9, 'task_loss': (0.1074, 0.0)}
{'epoch': 21, 'train_loss': 0.1003, 'train_acc': 0.91, 'task_loss': (0.1003, 0.0)}
{'epoch': 22, 'train_loss': 0.1703, 'train_acc': 0.89, 'task_loss': (0.1703, 0.0)}
{'epoch': 23, 'train_loss': 0.1601, 'train_acc': 0.89, 'task_loss': (0.1601, 0.0)}
{'epoch': 24, 'train_loss': 0.0993, 'train_acc': 0.93, 'task_loss': (0.0993, 0.0)}
{'epoch': 25, 'train_loss': 0.0616, 'train_acc': 0.95, 'task_loss': (0.0616, 0.0)}
{'epoch': 26, 'train_loss': 0.0424, 'train_acc': 0.97, 'task_loss': (0.0424, 0.0)}
{'epoch': 27, 'train_loss': 0.0978, 'train_acc': 0.92, 'task_loss': (0.0978, 0.0)}
{'epoch': 28, 'train_loss': 0.0395, 'train_acc': 0.96, 'task_loss': (0.0395, 0.0)}
{'epoch': 29, 'train_loss': 0.0357, 'train_acc': 0.98, 'task_loss': (0.0357, 0.0)}
{'epoch': 30, 'train_loss': 0.0295, 'train_acc': 0.99, 'task_loss': (0.0295, 0.0)}
{'epoch': 31, 'train_loss': 0.0288, 'train_acc': 0.99, 'task_loss': (0.0288, 0.0)}
{'epoch': 32, 'train_loss': 0.0235, 'train_acc': 0.99, 'task_loss': (0.0235, 0.0)}
{'epoch': 33, 'train_loss': 0.0347, 'train_acc': 0.98, 'task_loss': (0.0347, 0.0)}
{'epoch': 34, 'train_loss': 0.0339, 'train_acc': 0.96, 'task_loss': (0.0339, 0.0)}
{'epoch': 35, 'train_loss': 0.0248, 'train_acc': 0.97, 'task_loss': (0.0248, 0.0)}
{'epoch': 36, 'train_loss': 0.0454, 'train_acc': 0.97, 'task_loss': (0.0454, 0.0)}
{'epoch': 37, 'train_loss': 0.0784, 'train_acc': 0.96, 'task_loss': (0.0784, 0.0)}
{'epoch': 38, 'train_loss': 0.0396, 'train_acc': 0.97, 'task_loss': (0.0396, 0.0)}
{'epoch': 39, 'train_loss': 0.0293, 'train_acc': 0.98, 'task_loss': (0.0293, 0.0)}
{'epoch': 40, 'train_loss': 0.0366, 'train_acc': 0.98, 'task_loss': (0.0366, 0.0)}
{'epoch': 41, 'train_loss': 0.0576, 'train_acc': 0.98, 'task_loss': (0.0576, 0.0)}
{'epoch': 42, 'train_loss': 0.0323, 'train_acc': 0.99, 'task_loss': (0.0323, 0.0)}
{'epoch': 43, 'train_loss': 0.0251, 'train_acc': 0.99, 'task_loss': (0.0251, 0.0)}
{'epoch': 44, 'train_loss': 0.0382, 'train_acc': 0.98, 'task_loss': (0.0382, 0.0)}
{'epoch': 45, 'train_loss': 0.0734, 'train_acc': 0.96, 'task_loss': (0.0734, 0.0)}
{'epoch': 46, 'train_loss': 0.0311, 'train_acc': 0.98, 'task_loss': (0.0311, 0.0)}
{'epoch': 47, 'train_loss': 0.0375, 'train_acc': 0.97, 'task_loss': (0.0375, 0.0)}
{'epoch': 48, 'train_loss': 0.0103, 'train_acc': 1.0, 'task_loss': (0.0103, 0.0)}
{'epoch': 49, 'train_loss': 0.0369, 'train_acc': 0.98, 'task_loss': (0.0369, 0.0)}
{'epoch': 50, 'train_loss': 0.0227, 'train_acc': 0.99, 'task_loss': (0.0227, 0.0)}
{'epoch': 51, 'train_loss': 0.0343, 'train_acc': 0.97, 'task_loss': (0.0343, 0.0)}
{'epoch': 52, 'train_loss': 0.0196, 'train_acc': 0.99, 'task_loss': (0.0196, 0.0)}
{'epoch': 53, 'train_loss': 0.0269, 'train_acc': 0.98, 'task_loss': (0.0269, 0.0)}
{'epoch': 54, 'train_loss': 0.014, 'train_acc': 0.99, 'task_loss': (0.014, 0.0)}
{'epoch': 55, 'train_loss': 0.057, 'train_acc': 0.96, 'task_loss': (0.057, 0.0)}
{'epoch': 56, 'train_loss': 0.0431, 'train_acc': 0.97, 'task_loss': (0.0431, 0.0)}
{'epoch': 57, 'train_loss': 0.0189, 'train_acc': 1.0, 'task_loss': (0.0189, 0.0)}
{'epoch': 58, 'train_loss': 0.0186, 'train_acc': 0.99, 'task_loss': (0.0186, 0.0)}
{'epoch': 59, 'train_loss': 0.0127, 'train_acc': 0.99, 'task_loss': (0.0127, 0.0)}
{'epoch': 60, 'train_loss': 0.0204, 'train_acc': 0.98, 'task_loss': (0.0204, 0.0)}
{'epoch': 61, 'train_loss': 0.035, 'train_acc': 0.97, 'task_loss': (0.035, 0.0)}
{'epoch': 62, 'train_loss': 0.037, 'train_acc': 0.97, 'task_loss': (0.037, 0.0)}
{'epoch': 63, 'train_loss': 0.0107, 'train_acc': 1.0, 'task_loss': (0.0107, 0.0)}
{'epoch': 64, 'train_loss': 0.0139, 'train_acc': 0.99, 'task_loss': (0.0139, 0.0)}
{'epoch': 65, 'train_loss': 0.0235, 'train_acc': 0.98, 'task_loss': (0.0235, 0.0)}
{'epoch': 66, 'train_loss': 0.0191, 'train_acc': 1.0, 'task_loss': (0.0191, 0.0)}
{'epoch': 67, 'train_loss': 0.007, 'train_acc': 1.0, 'task_loss': (0.007, 0.0)}
{'epoch': 68, 'train_loss': 0.0147, 'train_acc': 0.98, 'task_loss': (0.0147, 0.0)}
{'epoch': 69, 'train_loss': 0.0096, 'train_acc': 1.0, 'task_loss': (0.0096, 0.0)}
{'epoch': 70, 'train_loss': 0.0057, 'train_acc': 1.0, 'task_loss': (0.0057, 0.0)}
{'epoch': 71, 'train_loss': 0.0068, 'train_acc': 1.0, 'task_loss': (0.0068, 0.0)}
{'epoch': 72, 'train_loss': 0.0047, 'train_acc': 1.0, 'task_loss': (0.0047, 0.0)}
{'epoch': 73, 'train_loss': 0.0057, 'train_acc': 1.0, 'task_loss': (0.0057, 0.0)}
{'epoch': 74, 'train_loss': 0.0124, 'train_acc': 0.99, 'task_loss': (0.0124, 0.0)}
{'epoch': 75, 'train_loss': 0.0142, 'train_acc': 0.99, 'task_loss': (0.0142, 0.0)}
{'epoch': 76, 'train_loss': 0.0267, 'train_acc': 0.98, 'task_loss': (0.0267, 0.0)}
{'epoch': 77, 'train_loss': 0.0055, 'train_acc': 1.0, 'task_loss': (0.0055, 0.0)}
{'epoch': 78, 'train_loss': 0.0182, 'train_acc': 0.98, 'task_loss': (0.0182, 0.0)}
{'epoch': 79, 'train_loss': 0.008, 'train_acc': 1.0, 'task_loss': (0.008, 0.0)}
{'epoch': 80, 'train_loss': 0.0073, 'train_acc': 1.0, 'task_loss': (0.0073, 0.0)}
{'epoch': 81, 'train_loss': 0.0151, 'train_acc': 0.99, 'task_loss': (0.0151, 0.0)}
{'epoch': 82, 'train_loss': 0.0117, 'train_acc': 0.99, 'task_loss': (0.0117, 0.0)}
{'epoch': 83, 'train_loss': 0.0081, 'train_acc': 1.0, 'task_loss': (0.0081, 0.0)}
{'epoch': 84, 'train_loss': 0.0124, 'train_acc': 0.99, 'task_loss': (0.0124, 0.0)}
{'epoch': 85, 'train_loss': 0.0126, 'train_acc': 1.0, 'task_loss': (0.0126, 0.0)}
{'epoch': 86, 'train_loss': 0.028, 'train_acc': 0.98, 'task_loss': (0.028, 0.0)}
{'epoch': 87, 'train_loss': 0.0111, 'train_acc': 0.99, 'task_loss': (0.0111, 0.0)}
{'epoch': 88, 'train_loss': 0.0106, 'train_acc': 1.0, 'task_loss': (0.0106, 0.0)}
{'epoch': 89, 'train_loss': 0.0084, 'train_acc': 1.0, 'task_loss': (0.0084, 0.0)}
{'epoch': 90, 'train_loss': 0.016, 'train_acc': 0.99, 'task_loss': (0.016, 0.0)}
{'epoch': 91, 'train_loss': 0.0072, 'train_acc': 1.0, 'task_loss': (0.0072, 0.0)}
{'epoch': 92, 'train_loss': 0.0075, 'train_acc': 1.0, 'task_loss': (0.0075, 0.0)}
{'epoch': 93, 'train_loss': 0.0119, 'train_acc': 1.0, 'task_loss': (0.0119, 0.0)}
{'epoch': 94, 'train_loss': 0.0115, 'train_acc': 0.99, 'task_loss': (0.0115, 0.0)}
{'epoch': 95, 'train_loss': 0.0101, 'train_acc': 1.0, 'task_loss': (0.0101, 0.0)}
{'epoch': 96, 'train_loss': 0.0104, 'train_acc': 1.0, 'task_loss': (0.0104, 0.0)}
{'epoch': 97, 'train_loss': 0.0041, 'train_acc': 1.0, 'task_loss': (0.0041, 0.0)}
{'epoch': 98, 'train_loss': 0.0093, 'train_acc': 1.0, 'task_loss': (0.0093, 0.0)}
{'epoch': 99, 'train_loss': 0.0176, 'train_acc': 0.99, 'task_loss': (0.0176, 0.0)}
{'epoch': 100, 'train_loss': 0.013, 'train_acc': 0.99, 'task_loss': (0.013, 0.0)}
{'run_num': 2, 'final_test_err': 0.1855}
Files already downloaded and verified
Files already downloaded and verified
{'epoch': 1, 'train_loss': 0.3452, 'train_acc': 0.6, 'task_loss': (0.3452, 0.0)}
{'epoch': 2, 'train_loss': 0.2602, 'train_acc': 0.7, 'task_loss': (0.2602, 0.0)}
{'epoch': 3, 'train_loss': 0.2864, 'train_acc': 0.68, 'task_loss': (0.2864, 0.0)}
{'epoch': 4, 'train_loss': 0.2152, 'train_acc': 0.78, 'task_loss': (0.2152, 0.0)}
{'epoch': 5, 'train_loss': 0.2444, 'train_acc': 0.78, 'task_loss': (0.2444, 0.0)}
{'epoch': 6, 'train_loss': 0.1909, 'train_acc': 0.83, 'task_loss': (0.1909, 0.0)}
{'epoch': 7, 'train_loss': 0.2645, 'train_acc': 0.72, 'task_loss': (0.2645, 0.0)}
{'epoch': 8, 'train_loss': 0.1497, 'train_acc': 0.86, 'task_loss': (0.1497, 0.0)}
{'epoch': 9, 'train_loss': 0.118, 'train_acc': 0.91, 'task_loss': (0.118, 0.0)}
{'epoch': 10, 'train_loss': 0.1357, 'train_acc': 0.92, 'task_loss': (0.1357, 0.0)}
{'epoch': 11, 'train_loss': 0.1797, 'train_acc': 0.83, 'task_loss': (0.1797, 0.0)}
{'epoch': 12, 'train_loss': 0.1478, 'train_acc': 0.88, 'task_loss': (0.1478, 0.0)}
{'epoch': 13, 'train_loss': 0.1687, 'train_acc': 0.84, 'task_loss': (0.1687, 0.0)}
{'epoch': 14, 'train_loss': 0.1936, 'train_acc': 0.86, 'task_loss': (0.1936, 0.0)}
{'epoch': 15, 'train_loss': 0.1604, 'train_acc': 0.8, 'task_loss': (0.1604, 0.0)}
{'epoch': 16, 'train_loss': 0.116, 'train_acc': 0.9, 'task_loss': (0.116, 0.0)}
{'epoch': 17, 'train_loss': 0.0861, 'train_acc': 0.9, 'task_loss': (0.0861, 0.0)}
{'epoch': 18, 'train_loss': 0.1134, 'train_acc': 0.91, 'task_loss': (0.1134, 0.0)}
{'epoch': 19, 'train_loss': 0.0982, 'train_acc': 0.93, 'task_loss': (0.0982, 0.0)}
{'epoch': 20, 'train_loss': 0.1492, 'train_acc': 0.87, 'task_loss': (0.1492, 0.0)}
{'epoch': 21, 'train_loss': 0.0946, 'train_acc': 0.92, 'task_loss': (0.0946, 0.0)}
{'epoch': 22, 'train_loss': 0.0531, 'train_acc': 0.96, 'task_loss': (0.0531, 0.0)}
{'epoch': 23, 'train_loss': 0.0648, 'train_acc': 0.94, 'task_loss': (0.0648, 0.0)}
{'epoch': 24, 'train_loss': 0.0552, 'train_acc': 0.97, 'task_loss': (0.0552, 0.0)}
{'epoch': 25, 'train_loss': 0.0504, 'train_acc': 0.96, 'task_loss': (0.0504, 0.0)}
{'epoch': 26, 'train_loss': 0.0816, 'train_acc': 0.95, 'task_loss': (0.0816, 0.0)}
{'epoch': 27, 'train_loss': 0.0479, 'train_acc': 0.98, 'task_loss': (0.0479, 0.0)}
{'epoch': 28, 'train_loss': 0.0763, 'train_acc': 0.92, 'task_loss': (0.0763, 0.0)}
{'epoch': 29, 'train_loss': 0.125, 'train_acc': 0.89, 'task_loss': (0.125, 0.0)}
{'epoch': 30, 'train_loss': 0.0756, 'train_acc': 0.94, 'task_loss': (0.0756, 0.0)}
{'epoch': 31, 'train_loss': 0.0724, 'train_acc': 0.96, 'task_loss': (0.0724, 0.0)}
{'epoch': 32, 'train_loss': 0.1261, 'train_acc': 0.89, 'task_loss': (0.1261, 0.0)}
{'epoch': 33, 'train_loss': 0.1041, 'train_acc': 0.9, 'task_loss': (0.1041, 0.0)}
{'epoch': 34, 'train_loss': 0.0533, 'train_acc': 0.97, 'task_loss': (0.0533, 0.0)}
{'epoch': 35, 'train_loss': 0.071, 'train_acc': 0.95, 'task_loss': (0.071, 0.0)}
{'epoch': 36, 'train_loss': 0.0755, 'train_acc': 0.93, 'task_loss': (0.0755, 0.0)}
{'epoch': 37, 'train_loss': 0.0416, 'train_acc': 0.99, 'task_loss': (0.0416, 0.0)}
{'epoch': 38, 'train_loss': 0.0198, 'train_acc': 1.0, 'task_loss': (0.0198, 0.0)}
{'epoch': 39, 'train_loss': 0.0435, 'train_acc': 0.96, 'task_loss': (0.0435, 0.0)}
{'epoch': 40, 'train_loss': 0.0274, 'train_acc': 0.98, 'task_loss': (0.0274, 0.0)}
{'epoch': 41, 'train_loss': 0.0461, 'train_acc': 0.98, 'task_loss': (0.0461, 0.0)}
{'epoch': 42, 'train_loss': 0.0345, 'train_acc': 0.98, 'task_loss': (0.0345, 0.0)}
{'epoch': 43, 'train_loss': 0.0532, 'train_acc': 0.96, 'task_loss': (0.0532, 0.0)}
{'epoch': 44, 'train_loss': 0.0184, 'train_acc': 1.0, 'task_loss': (0.0184, 0.0)}
{'epoch': 45, 'train_loss': 0.0406, 'train_acc': 0.95, 'task_loss': (0.0406, 0.0)}
{'epoch': 46, 'train_loss': 0.0468, 'train_acc': 0.97, 'task_loss': (0.0468, 0.0)}
{'epoch': 47, 'train_loss': 0.0481, 'train_acc': 0.96, 'task_loss': (0.0481, 0.0)}
{'epoch': 48, 'train_loss': 0.069, 'train_acc': 0.96, 'task_loss': (0.069, 0.0)}
{'epoch': 49, 'train_loss': 0.0437, 'train_acc': 0.98, 'task_loss': (0.0437, 0.0)}
{'epoch': 50, 'train_loss': 0.0456, 'train_acc': 0.98, 'task_loss': (0.0456, 0.0)}
{'epoch': 51, 'train_loss': 0.0267, 'train_acc': 0.98, 'task_loss': (0.0267, 0.0)}
{'epoch': 52, 'train_loss': 0.0238, 'train_acc': 0.99, 'task_loss': (0.0238, 0.0)}
{'epoch': 53, 'train_loss': 0.0156, 'train_acc': 1.0, 'task_loss': (0.0156, 0.0)}
{'epoch': 54, 'train_loss': 0.0224, 'train_acc': 0.98, 'task_loss': (0.0224, 0.0)}
{'epoch': 55, 'train_loss': 0.0173, 'train_acc': 0.99, 'task_loss': (0.0173, 0.0)}
{'epoch': 56, 'train_loss': 0.022, 'train_acc': 0.98, 'task_loss': (0.022, 0.0)}
{'epoch': 57, 'train_loss': 0.0305, 'train_acc': 0.98, 'task_loss': (0.0305, 0.0)}
{'epoch': 58, 'train_loss': 0.0134, 'train_acc': 0.99, 'task_loss': (0.0134, 0.0)}
{'epoch': 59, 'train_loss': 0.0169, 'train_acc': 0.99, 'task_loss': (0.0169, 0.0)}
{'epoch': 60, 'train_loss': 0.0145, 'train_acc': 1.0, 'task_loss': (0.0145, 0.0)}
{'epoch': 61, 'train_loss': 0.0191, 'train_acc': 0.99, 'task_loss': (0.0191, 0.0)}
{'epoch': 62, 'train_loss': 0.0398, 'train_acc': 0.98, 'task_loss': (0.0398, 0.0)}
{'epoch': 63, 'train_loss': 0.0199, 'train_acc': 0.99, 'task_loss': (0.0199, 0.0)}
{'epoch': 64, 'train_loss': 0.0174, 'train_acc': 0.99, 'task_loss': (0.0174, 0.0)}
{'epoch': 65, 'train_loss': 0.0118, 'train_acc': 1.0, 'task_loss': (0.0118, 0.0)}
{'epoch': 66, 'train_loss': 0.011, 'train_acc': 1.0, 'task_loss': (0.011, 0.0)}
{'epoch': 67, 'train_loss': 0.0145, 'train_acc': 0.99, 'task_loss': (0.0145, 0.0)}
{'epoch': 68, 'train_loss': 0.0133, 'train_acc': 0.99, 'task_loss': (0.0133, 0.0)}
{'epoch': 69, 'train_loss': 0.0089, 'train_acc': 0.99, 'task_loss': (0.0089, 0.0)}
{'epoch': 70, 'train_loss': 0.0196, 'train_acc': 0.99, 'task_loss': (0.0196, 0.0)}
{'epoch': 71, 'train_loss': 0.0147, 'train_acc': 1.0, 'task_loss': (0.0147, 0.0)}
{'epoch': 72, 'train_loss': 0.0072, 'train_acc': 1.0, 'task_loss': (0.0072, 0.0)}
{'epoch': 73, 'train_loss': 0.0101, 'train_acc': 1.0, 'task_loss': (0.0101, 0.0)}
{'epoch': 74, 'train_loss': 0.0061, 'train_acc': 1.0, 'task_loss': (0.0061, 0.0)}
{'epoch': 75, 'train_loss': 0.0083, 'train_acc': 1.0, 'task_loss': (0.0083, 0.0)}
{'epoch': 76, 'train_loss': 0.0119, 'train_acc': 0.99, 'task_loss': (0.0119, 0.0)}
{'epoch': 77, 'train_loss': 0.0254, 'train_acc': 0.99, 'task_loss': (0.0254, 0.0)}
{'epoch': 78, 'train_loss': 0.0083, 'train_acc': 1.0, 'task_loss': (0.0083, 0.0)}
{'epoch': 79, 'train_loss': 0.017, 'train_acc': 1.0, 'task_loss': (0.017, 0.0)}
{'epoch': 80, 'train_loss': 0.0114, 'train_acc': 0.99, 'task_loss': (0.0114, 0.0)}
{'epoch': 81, 'train_loss': 0.0171, 'train_acc': 0.98, 'task_loss': (0.0171, 0.0)}
{'epoch': 82, 'train_loss': 0.0103, 'train_acc': 1.0, 'task_loss': (0.0103, 0.0)}
{'epoch': 83, 'train_loss': 0.0069, 'train_acc': 1.0, 'task_loss': (0.0069, 0.0)}
{'epoch': 84, 'train_loss': 0.0056, 'train_acc': 1.0, 'task_loss': (0.0056, 0.0)}
{'epoch': 85, 'train_loss': 0.0099, 'train_acc': 1.0, 'task_loss': (0.0099, 0.0)}
{'epoch': 86, 'train_loss': 0.0079, 'train_acc': 0.99, 'task_loss': (0.0079, 0.0)}
{'epoch': 87, 'train_loss': 0.0133, 'train_acc': 0.99, 'task_loss': (0.0133, 0.0)}
{'epoch': 88, 'train_loss': 0.0157, 'train_acc': 0.99, 'task_loss': (0.0157, 0.0)}
{'epoch': 89, 'train_loss': 0.0037, 'train_acc': 1.0, 'task_loss': (0.0037, 0.0)}
{'epoch': 90, 'train_loss': 0.0072, 'train_acc': 1.0, 'task_loss': (0.0072, 0.0)}
{'epoch': 91, 'train_loss': 0.0152, 'train_acc': 0.99, 'task_loss': (0.0152, 0.0)}
{'epoch': 92, 'train_loss': 0.0129, 'train_acc': 1.0, 'task_loss': (0.0129, 0.0)}
{'epoch': 93, 'train_loss': 0.016, 'train_acc': 0.99, 'task_loss': (0.016, 0.0)}
{'epoch': 94, 'train_loss': 0.0163, 'train_acc': 0.99, 'task_loss': (0.0163, 0.0)}
{'epoch': 95, 'train_loss': 0.0108, 'train_acc': 0.99, 'task_loss': (0.0108, 0.0)}
{'epoch': 96, 'train_loss': 0.0147, 'train_acc': 1.0, 'task_loss': (0.0147, 0.0)}
{'epoch': 97, 'train_loss': 0.0086, 'train_acc': 1.0, 'task_loss': (0.0086, 0.0)}
{'epoch': 98, 'train_loss': 0.0148, 'train_acc': 0.98, 'task_loss': (0.0148, 0.0)}
{'epoch': 99, 'train_loss': 0.0129, 'train_acc': 0.99, 'task_loss': (0.0129, 0.0)}
{'epoch': 100, 'train_loss': 0.0065, 'train_acc': 1.0, 'task_loss': (0.0065, 0.0)}
{'run_num': 3, 'final_test_err': 0.14649999999999996}
Files already downloaded and verified
Files already downloaded and verified
{'epoch': 1, 'train_loss': 0.3634, 'train_acc': 0.6, 'task_loss': (0.3634, 0.0)}
{'epoch': 2, 'train_loss': 0.3528, 'train_acc': 0.68, 'task_loss': (0.3528, 0.0)}
{'epoch': 3, 'train_loss': 0.2064, 'train_acc': 0.83, 'task_loss': (0.2064, 0.0)}
{'epoch': 4, 'train_loss': 0.2251, 'train_acc': 0.78, 'task_loss': (0.2251, 0.0)}
{'epoch': 5, 'train_loss': 0.2413, 'train_acc': 0.78, 'task_loss': (0.2413, 0.0)}
{'epoch': 6, 'train_loss': 0.1909, 'train_acc': 0.8, 'task_loss': (0.1909, 0.0)}
{'epoch': 7, 'train_loss': 0.2016, 'train_acc': 0.82, 'task_loss': (0.2016, 0.0)}
{'epoch': 8, 'train_loss': 0.1913, 'train_acc': 0.83, 'task_loss': (0.1913, 0.0)}
{'epoch': 9, 'train_loss': 0.2014, 'train_acc': 0.84, 'task_loss': (0.2014, 0.0)}
{'epoch': 10, 'train_loss': 0.2331, 'train_acc': 0.79, 'task_loss': (0.2331, 0.0)}
{'epoch': 11, 'train_loss': 0.1772, 'train_acc': 0.82, 'task_loss': (0.1772, 0.0)}
{'epoch': 12, 'train_loss': 0.1809, 'train_acc': 0.81, 'task_loss': (0.1809, 0.0)}
{'epoch': 13, 'train_loss': 0.183, 'train_acc': 0.81, 'task_loss': (0.183, 0.0)}
{'epoch': 14, 'train_loss': 0.1498, 'train_acc': 0.87, 'task_loss': (0.1498, 0.0)}
{'epoch': 15, 'train_loss': 0.1243, 'train_acc': 0.91, 'task_loss': (0.1243, 0.0)}
{'epoch': 16, 'train_loss': 0.1658, 'train_acc': 0.87, 'task_loss': (0.1658, 0.0)}
{'epoch': 17, 'train_loss': 0.1501, 'train_acc': 0.84, 'task_loss': (0.1501, 0.0)}
{'epoch': 18, 'train_loss': 0.1299, 'train_acc': 0.88, 'task_loss': (0.1299, 0.0)}
{'epoch': 19, 'train_loss': 0.1329, 'train_acc': 0.88, 'task_loss': (0.1329, 0.0)}
{'epoch': 20, 'train_loss': 0.1018, 'train_acc': 0.93, 'task_loss': (0.1018, 0.0)}
{'epoch': 21, 'train_loss': 0.1205, 'train_acc': 0.88, 'task_loss': (0.1205, 0.0)}
{'epoch': 22, 'train_loss': 0.1125, 'train_acc': 0.9, 'task_loss': (0.1125, 0.0)}
{'epoch': 23, 'train_loss': 0.0865, 'train_acc': 0.92, 'task_loss': (0.0865, 0.0)}
{'epoch': 24, 'train_loss': 0.057, 'train_acc': 0.98, 'task_loss': (0.057, 0.0)}
{'epoch': 25, 'train_loss': 0.0919, 'train_acc': 0.9, 'task_loss': (0.0919, 0.0)}
{'epoch': 26, 'train_loss': 0.0663, 'train_acc': 0.94, 'task_loss': (0.0663, 0.0)}
{'epoch': 27, 'train_loss': 0.0734, 'train_acc': 0.95, 'task_loss': (0.0734, 0.0)}
{'epoch': 28, 'train_loss': 0.0714, 'train_acc': 0.96, 'task_loss': (0.0714, 0.0)}
{'epoch': 29, 'train_loss': 0.0742, 'train_acc': 0.95, 'task_loss': (0.0742, 0.0)}
{'epoch': 30, 'train_loss': 0.074, 'train_acc': 0.94, 'task_loss': (0.074, 0.0)}
{'epoch': 31, 'train_loss': 0.0694, 'train_acc': 0.94, 'task_loss': (0.0694, 0.0)}
{'epoch': 32, 'train_loss': 0.0527, 'train_acc': 0.97, 'task_loss': (0.0527, 0.0)}
{'epoch': 33, 'train_loss': 0.0591, 'train_acc': 0.95, 'task_loss': (0.0591, 0.0)}
{'epoch': 34, 'train_loss': 0.0724, 'train_acc': 0.97, 'task_loss': (0.0724, 0.0)}
{'epoch': 35, 'train_loss': 0.0655, 'train_acc': 0.95, 'task_loss': (0.0655, 0.0)}
{'epoch': 36, 'train_loss': 0.0594, 'train_acc': 0.97, 'task_loss': (0.0594, 0.0)}
{'epoch': 37, 'train_loss': 0.0769, 'train_acc': 0.91, 'task_loss': (0.0769, 0.0)}
{'epoch': 38, 'train_loss': 0.0613, 'train_acc': 0.94, 'task_loss': (0.0613, 0.0)}
{'epoch': 39, 'train_loss': 0.0543, 'train_acc': 0.98, 'task_loss': (0.0543, 0.0)}
{'epoch': 40, 'train_loss': 0.0548, 'train_acc': 0.98, 'task_loss': (0.0548, 0.0)}
{'epoch': 41, 'train_loss': 0.0458, 'train_acc': 0.97, 'task_loss': (0.0458, 0.0)}
{'epoch': 42, 'train_loss': 0.0424, 'train_acc': 0.98, 'task_loss': (0.0424, 0.0)}
{'epoch': 43, 'train_loss': 0.0616, 'train_acc': 0.95, 'task_loss': (0.0616, 0.0)}
{'epoch': 44, 'train_loss': 0.0251, 'train_acc': 1.0, 'task_loss': (0.0251, 0.0)}
{'epoch': 45, 'train_loss': 0.0401, 'train_acc': 0.96, 'task_loss': (0.0401, 0.0)}
{'epoch': 46, 'train_loss': 0.026, 'train_acc': 1.0, 'task_loss': (0.026, 0.0)}
{'epoch': 47, 'train_loss': 0.0235, 'train_acc': 0.99, 'task_loss': (0.0235, 0.0)}
{'epoch': 48, 'train_loss': 0.0228, 'train_acc': 0.99, 'task_loss': (0.0228, 0.0)}
{'epoch': 49, 'train_loss': 0.0369, 'train_acc': 0.98, 'task_loss': (0.0369, 0.0)}
{'epoch': 50, 'train_loss': 0.0265, 'train_acc': 1.0, 'task_loss': (0.0265, 0.0)}
{'epoch': 51, 'train_loss': 0.0211, 'train_acc': 0.99, 'task_loss': (0.0211, 0.0)}
{'epoch': 52, 'train_loss': 0.0207, 'train_acc': 0.99, 'task_loss': (0.0207, 0.0)}
{'epoch': 53, 'train_loss': 0.0447, 'train_acc': 0.98, 'task_loss': (0.0447, 0.0)}
{'epoch': 54, 'train_loss': 0.0336, 'train_acc': 0.98, 'task_loss': (0.0336, 0.0)}
{'epoch': 55, 'train_loss': 0.0267, 'train_acc': 0.99, 'task_loss': (0.0267, 0.0)}
{'epoch': 56, 'train_loss': 0.0264, 'train_acc': 0.98, 'task_loss': (0.0264, 0.0)}
{'epoch': 57, 'train_loss': 0.0281, 'train_acc': 0.97, 'task_loss': (0.0281, 0.0)}
{'epoch': 58, 'train_loss': 0.0149, 'train_acc': 0.99, 'task_loss': (0.0149, 0.0)}
{'epoch': 59, 'train_loss': 0.027, 'train_acc': 0.98, 'task_loss': (0.027, 0.0)}
{'epoch': 60, 'train_loss': 0.0174, 'train_acc': 1.0, 'task_loss': (0.0174, 0.0)}
{'epoch': 61, 'train_loss': 0.018, 'train_acc': 0.99, 'task_loss': (0.018, 0.0)}
{'epoch': 62, 'train_loss': 0.0132, 'train_acc': 1.0, 'task_loss': (0.0132, 0.0)}
{'epoch': 63, 'train_loss': 0.0164, 'train_acc': 0.99, 'task_loss': (0.0164, 0.0)}
{'epoch': 64, 'train_loss': 0.016, 'train_acc': 0.99, 'task_loss': (0.016, 0.0)}
{'epoch': 65, 'train_loss': 0.0199, 'train_acc': 0.99, 'task_loss': (0.0199, 0.0)}
{'epoch': 66, 'train_loss': 0.0146, 'train_acc': 0.99, 'task_loss': (0.0146, 0.0)}
{'epoch': 67, 'train_loss': 0.0291, 'train_acc': 0.99, 'task_loss': (0.0291, 0.0)}
{'epoch': 68, 'train_loss': 0.0235, 'train_acc': 0.99, 'task_loss': (0.0235, 0.0)}
{'epoch': 69, 'train_loss': 0.0165, 'train_acc': 1.0, 'task_loss': (0.0165, 0.0)}
{'epoch': 70, 'train_loss': 0.0084, 'train_acc': 1.0, 'task_loss': (0.0084, 0.0)}
{'epoch': 71, 'train_loss': 0.0187, 'train_acc': 0.98, 'task_loss': (0.0187, 0.0)}
{'epoch': 72, 'train_loss': 0.0148, 'train_acc': 0.99, 'task_loss': (0.0148, 0.0)}
{'epoch': 73, 'train_loss': 0.0194, 'train_acc': 0.99, 'task_loss': (0.0194, 0.0)}
{'epoch': 74, 'train_loss': 0.0223, 'train_acc': 0.98, 'task_loss': (0.0223, 0.0)}
{'epoch': 75, 'train_loss': 0.0332, 'train_acc': 0.96, 'task_loss': (0.0332, 0.0)}
{'epoch': 76, 'train_loss': 0.0179, 'train_acc': 0.99, 'task_loss': (0.0179, 0.0)}
{'epoch': 77, 'train_loss': 0.0158, 'train_acc': 0.99, 'task_loss': (0.0158, 0.0)}
{'epoch': 78, 'train_loss': 0.0206, 'train_acc': 1.0, 'task_loss': (0.0206, 0.0)}
{'epoch': 79, 'train_loss': 0.0117, 'train_acc': 1.0, 'task_loss': (0.0117, 0.0)}
{'epoch': 80, 'train_loss': 0.0117, 'train_acc': 1.0, 'task_loss': (0.0117, 0.0)}
{'epoch': 81, 'train_loss': 0.0117, 'train_acc': 1.0, 'task_loss': (0.0117, 0.0)}
{'epoch': 82, 'train_loss': 0.0242, 'train_acc': 0.99, 'task_loss': (0.0242, 0.0)}
{'epoch': 83, 'train_loss': 0.0157, 'train_acc': 0.99, 'task_loss': (0.0157, 0.0)}
{'epoch': 84, 'train_loss': 0.0129, 'train_acc': 0.99, 'task_loss': (0.0129, 0.0)}
{'epoch': 85, 'train_loss': 0.0087, 'train_acc': 1.0, 'task_loss': (0.0087, 0.0)}
{'epoch': 86, 'train_loss': 0.0155, 'train_acc': 0.99, 'task_loss': (0.0155, 0.0)}
{'epoch': 87, 'train_loss': 0.0116, 'train_acc': 1.0, 'task_loss': (0.0116, 0.0)}
{'epoch': 88, 'train_loss': 0.0197, 'train_acc': 0.99, 'task_loss': (0.0197, 0.0)}
{'epoch': 89, 'train_loss': 0.0203, 'train_acc': 0.99, 'task_loss': (0.0203, 0.0)}
{'epoch': 90, 'train_loss': 0.009, 'train_acc': 1.0, 'task_loss': (0.009, 0.0)}
{'epoch': 91, 'train_loss': 0.0133, 'train_acc': 1.0, 'task_loss': (0.0133, 0.0)}
{'epoch': 92, 'train_loss': 0.0081, 'train_acc': 1.0, 'task_loss': (0.0081, 0.0)}
{'epoch': 93, 'train_loss': 0.0154, 'train_acc': 0.99, 'task_loss': (0.0154, 0.0)}
{'epoch': 94, 'train_loss': 0.0119, 'train_acc': 1.0, 'task_loss': (0.0119, 0.0)}
{'epoch': 95, 'train_loss': 0.0133, 'train_acc': 1.0, 'task_loss': (0.0133, 0.0)}
{'epoch': 96, 'train_loss': 0.0096, 'train_acc': 1.0, 'task_loss': (0.0096, 0.0)}
{'epoch': 97, 'train_loss': 0.0132, 'train_acc': 0.99, 'task_loss': (0.0132, 0.0)}
{'epoch': 98, 'train_loss': 0.0233, 'train_acc': 0.97, 'task_loss': (0.0233, 0.0)}
{'epoch': 99, 'train_loss': 0.009, 'train_acc': 1.0, 'task_loss': (0.009, 0.0)}
{'epoch': 100, 'train_loss': 0.0108, 'train_acc': 1.0, 'task_loss': (0.0108, 0.0)}
{'run_num': 4, 'final_test_err': 0.14749999999999996}
Files already downloaded and verified
Files already downloaded and verified
{'epoch': 1, 'train_loss': 0.3319, 'train_acc': 0.68, 'task_loss': (0.3319, 0.0)}
{'epoch': 2, 'train_loss': 0.3408, 'train_acc': 0.66, 'task_loss': (0.3408, 0.0)}
{'epoch': 3, 'train_loss': 0.2652, 'train_acc': 0.73, 'task_loss': (0.2652, 0.0)}
{'epoch': 4, 'train_loss': 0.237, 'train_acc': 0.79, 'task_loss': (0.237, 0.0)}
{'epoch': 5, 'train_loss': 0.1878, 'train_acc': 0.83, 'task_loss': (0.1878, 0.0)}
{'epoch': 6, 'train_loss': 0.1985, 'train_acc': 0.85, 'task_loss': (0.1985, 0.0)}
{'epoch': 7, 'train_loss': 0.1432, 'train_acc': 0.88, 'task_loss': (0.1432, 0.0)}
{'epoch': 8, 'train_loss': 0.2195, 'train_acc': 0.79, 'task_loss': (0.2195, 0.0)}
{'epoch': 9, 'train_loss': 0.1679, 'train_acc': 0.82, 'task_loss': (0.1679, 0.0)}
{'epoch': 10, 'train_loss': 0.1703, 'train_acc': 0.83, 'task_loss': (0.1703, 0.0)}
{'epoch': 11, 'train_loss': 0.1176, 'train_acc': 0.9, 'task_loss': (0.1176, 0.0)}
{'epoch': 12, 'train_loss': 0.1521, 'train_acc': 0.86, 'task_loss': (0.1521, 0.0)}
{'epoch': 13, 'train_loss': 0.1722, 'train_acc': 0.9, 'task_loss': (0.1722, 0.0)}
{'epoch': 14, 'train_loss': 0.0958, 'train_acc': 0.93, 'task_loss': (0.0958, 0.0)}
{'epoch': 15, 'train_loss': 0.1036, 'train_acc': 0.92, 'task_loss': (0.1036, 0.0)}
{'epoch': 16, 'train_loss': 0.0994, 'train_acc': 0.92, 'task_loss': (0.0994, 0.0)}
{'epoch': 17, 'train_loss': 0.0988, 'train_acc': 0.93, 'task_loss': (0.0988, 0.0)}
{'epoch': 18, 'train_loss': 0.1002, 'train_acc': 0.93, 'task_loss': (0.1002, 0.0)}
{'epoch': 19, 'train_loss': 0.0661, 'train_acc': 0.96, 'task_loss': (0.0661, 0.0)}
{'epoch': 20, 'train_loss': 0.0596, 'train_acc': 0.97, 'task_loss': (0.0596, 0.0)}
{'epoch': 21, 'train_loss': 0.0577, 'train_acc': 0.96, 'task_loss': (0.0577, 0.0)}
{'epoch': 22, 'train_loss': 0.1018, 'train_acc': 0.88, 'task_loss': (0.1018, 0.0)}
{'epoch': 23, 'train_loss': 0.0377, 'train_acc': 0.99, 'task_loss': (0.0377, 0.0)}
{'epoch': 24, 'train_loss': 0.0748, 'train_acc': 0.95, 'task_loss': (0.0748, 0.0)}
{'epoch': 25, 'train_loss': 0.0495, 'train_acc': 0.97, 'task_loss': (0.0495, 0.0)}
{'epoch': 26, 'train_loss': 0.0868, 'train_acc': 0.91, 'task_loss': (0.0868, 0.0)}
{'epoch': 27, 'train_loss': 0.106, 'train_acc': 0.92, 'task_loss': (0.106, 0.0)}
{'epoch': 28, 'train_loss': 0.0642, 'train_acc': 0.96, 'task_loss': (0.0642, 0.0)}
{'epoch': 29, 'train_loss': 0.0767, 'train_acc': 0.94, 'task_loss': (0.0767, 0.0)}
{'epoch': 30, 'train_loss': 0.1113, 'train_acc': 0.92, 'task_loss': (0.1113, 0.0)}
{'epoch': 31, 'train_loss': 0.0501, 'train_acc': 0.96, 'task_loss': (0.0501, 0.0)}
{'epoch': 32, 'train_loss': 0.0496, 'train_acc': 0.94, 'task_loss': (0.0496, 0.0)}
{'epoch': 33, 'train_loss': 0.0299, 'train_acc': 0.99, 'task_loss': (0.0299, 0.0)}
{'epoch': 34, 'train_loss': 0.069, 'train_acc': 0.94, 'task_loss': (0.069, 0.0)}
{'epoch': 35, 'train_loss': 0.0227, 'train_acc': 0.99, 'task_loss': (0.0227, 0.0)}
{'epoch': 36, 'train_loss': 0.0614, 'train_acc': 0.97, 'task_loss': (0.0614, 0.0)}
{'epoch': 37, 'train_loss': 0.0649, 'train_acc': 0.95, 'task_loss': (0.0649, 0.0)}
{'epoch': 38, 'train_loss': 0.0545, 'train_acc': 0.97, 'task_loss': (0.0545, 0.0)}
{'epoch': 39, 'train_loss': 0.0305, 'train_acc': 0.97, 'task_loss': (0.0305, 0.0)}
{'epoch': 40, 'train_loss': 0.0367, 'train_acc': 0.98, 'task_loss': (0.0367, 0.0)}
{'epoch': 41, 'train_loss': 0.0222, 'train_acc': 0.99, 'task_loss': (0.0222, 0.0)}
{'epoch': 42, 'train_loss': 0.0388, 'train_acc': 0.98, 'task_loss': (0.0388, 0.0)}
{'epoch': 43, 'train_loss': 0.0267, 'train_acc': 0.97, 'task_loss': (0.0267, 0.0)}
{'epoch': 44, 'train_loss': 0.0522, 'train_acc': 0.96, 'task_loss': (0.0522, 0.0)}
{'epoch': 45, 'train_loss': 0.0347, 'train_acc': 0.98, 'task_loss': (0.0347, 0.0)}
{'epoch': 46, 'train_loss': 0.023, 'train_acc': 1.0, 'task_loss': (0.023, 0.0)}
{'epoch': 47, 'train_loss': 0.0276, 'train_acc': 0.98, 'task_loss': (0.0276, 0.0)}
{'epoch': 48, 'train_loss': 0.0245, 'train_acc': 0.99, 'task_loss': (0.0245, 0.0)}
{'epoch': 49, 'train_loss': 0.0895, 'train_acc': 0.93, 'task_loss': (0.0895, 0.0)}
{'epoch': 50, 'train_loss': 0.0324, 'train_acc': 0.99, 'task_loss': (0.0324, 0.0)}
{'epoch': 51, 'train_loss': 0.0392, 'train_acc': 0.96, 'task_loss': (0.0392, 0.0)}
{'epoch': 52, 'train_loss': 0.0349, 'train_acc': 0.98, 'task_loss': (0.0349, 0.0)}
{'epoch': 53, 'train_loss': 0.0385, 'train_acc': 0.97, 'task_loss': (0.0385, 0.0)}
{'epoch': 54, 'train_loss': 0.0195, 'train_acc': 1.0, 'task_loss': (0.0195, 0.0)}
{'epoch': 55, 'train_loss': 0.0269, 'train_acc': 0.99, 'task_loss': (0.0269, 0.0)}
{'epoch': 56, 'train_loss': 0.0293, 'train_acc': 0.97, 'task_loss': (0.0293, 0.0)}
{'epoch': 57, 'train_loss': 0.0105, 'train_acc': 1.0, 'task_loss': (0.0105, 0.0)}
{'epoch': 58, 'train_loss': 0.0131, 'train_acc': 0.99, 'task_loss': (0.0131, 0.0)}
{'epoch': 59, 'train_loss': 0.0114, 'train_acc': 1.0, 'task_loss': (0.0114, 0.0)}
{'epoch': 60, 'train_loss': 0.0117, 'train_acc': 1.0, 'task_loss': (0.0117, 0.0)}
{'epoch': 61, 'train_loss': 0.0337, 'train_acc': 0.98, 'task_loss': (0.0337, 0.0)}
{'epoch': 62, 'train_loss': 0.0177, 'train_acc': 0.99, 'task_loss': (0.0177, 0.0)}
{'epoch': 63, 'train_loss': 0.0323, 'train_acc': 0.99, 'task_loss': (0.0323, 0.0)}
{'epoch': 64, 'train_loss': 0.0303, 'train_acc': 0.98, 'task_loss': (0.0303, 0.0)}
{'epoch': 65, 'train_loss': 0.013, 'train_acc': 0.99, 'task_loss': (0.013, 0.0)}
{'epoch': 66, 'train_loss': 0.0078, 'train_acc': 1.0, 'task_loss': (0.0078, 0.0)}
{'epoch': 67, 'train_loss': 0.0417, 'train_acc': 0.96, 'task_loss': (0.0417, 0.0)}
{'epoch': 68, 'train_loss': 0.0202, 'train_acc': 1.0, 'task_loss': (0.0202, 0.0)}
{'epoch': 69, 'train_loss': 0.0092, 'train_acc': 1.0, 'task_loss': (0.0092, 0.0)}
{'epoch': 70, 'train_loss': 0.0227, 'train_acc': 0.99, 'task_loss': (0.0227, 0.0)}
{'epoch': 71, 'train_loss': 0.0117, 'train_acc': 1.0, 'task_loss': (0.0117, 0.0)}
{'epoch': 72, 'train_loss': 0.0217, 'train_acc': 0.97, 'task_loss': (0.0217, 0.0)}
{'epoch': 73, 'train_loss': 0.0078, 'train_acc': 1.0, 'task_loss': (0.0078, 0.0)}
{'epoch': 74, 'train_loss': 0.0092, 'train_acc': 1.0, 'task_loss': (0.0092, 0.0)}
{'epoch': 75, 'train_loss': 0.014, 'train_acc': 1.0, 'task_loss': (0.014, 0.0)}
{'epoch': 76, 'train_loss': 0.0132, 'train_acc': 1.0, 'task_loss': (0.0132, 0.0)}
{'epoch': 77, 'train_loss': 0.0171, 'train_acc': 0.99, 'task_loss': (0.0171, 0.0)}
{'epoch': 78, 'train_loss': 0.0093, 'train_acc': 1.0, 'task_loss': (0.0093, 0.0)}
{'epoch': 79, 'train_loss': 0.0161, 'train_acc': 0.98, 'task_loss': (0.0161, 0.0)}
{'epoch': 80, 'train_loss': 0.012, 'train_acc': 1.0, 'task_loss': (0.012, 0.0)}
{'epoch': 81, 'train_loss': 0.007, 'train_acc': 1.0, 'task_loss': (0.007, 0.0)}
{'epoch': 82, 'train_loss': 0.024, 'train_acc': 0.98, 'task_loss': (0.024, 0.0)}
{'epoch': 83, 'train_loss': 0.008, 'train_acc': 1.0, 'task_loss': (0.008, 0.0)}
{'epoch': 84, 'train_loss': 0.0122, 'train_acc': 0.99, 'task_loss': (0.0122, 0.0)}
{'epoch': 85, 'train_loss': 0.0096, 'train_acc': 1.0, 'task_loss': (0.0096, 0.0)}
{'epoch': 86, 'train_loss': 0.0325, 'train_acc': 0.97, 'task_loss': (0.0325, 0.0)}
{'epoch': 87, 'train_loss': 0.0107, 'train_acc': 1.0, 'task_loss': (0.0107, 0.0)}
{'epoch': 88, 'train_loss': 0.0108, 'train_acc': 1.0, 'task_loss': (0.0108, 0.0)}
{'epoch': 89, 'train_loss': 0.0106, 'train_acc': 1.0, 'task_loss': (0.0106, 0.0)}
{'epoch': 90, 'train_loss': 0.0166, 'train_acc': 0.99, 'task_loss': (0.0166, 0.0)}
{'epoch': 91, 'train_loss': 0.0109, 'train_acc': 1.0, 'task_loss': (0.0109, 0.0)}
{'epoch': 92, 'train_loss': 0.0066, 'train_acc': 1.0, 'task_loss': (0.0066, 0.0)}
{'epoch': 93, 'train_loss': 0.0096, 'train_acc': 1.0, 'task_loss': (0.0096, 0.0)}
{'epoch': 94, 'train_loss': 0.0069, 'train_acc': 1.0, 'task_loss': (0.0069, 0.0)}
{'epoch': 95, 'train_loss': 0.0038, 'train_acc': 1.0, 'task_loss': (0.0038, 0.0)}
{'epoch': 96, 'train_loss': 0.0111, 'train_acc': 1.0, 'task_loss': (0.0111, 0.0)}
{'epoch': 97, 'train_loss': 0.0252, 'train_acc': 0.97, 'task_loss': (0.0252, 0.0)}
{'epoch': 98, 'train_loss': 0.0096, 'train_acc': 1.0, 'task_loss': (0.0096, 0.0)}
{'epoch': 99, 'train_loss': 0.0111, 'train_acc': 0.99, 'task_loss': (0.0111, 0.0)}
{'epoch': 100, 'train_loss': 0.0126, 'train_acc': 0.99, 'task_loss': (0.0126, 0.0)}
{'run_num': 5, 'final_test_err': 0.12150000000000005}
Files already downloaded and verified
Files already downloaded and verified
{'epoch': 1, 'train_loss': 0.3952, 'train_acc': 0.59, 'task_loss': (0.3952, 0.0)}
{'epoch': 2, 'train_loss': 0.2592, 'train_acc': 0.72, 'task_loss': (0.2592, 0.0)}
{'epoch': 3, 'train_loss': 0.2443, 'train_acc': 0.76, 'task_loss': (0.2443, 0.0)}
{'epoch': 4, 'train_loss': 0.2203, 'train_acc': 0.82, 'task_loss': (0.2203, 0.0)}
{'epoch': 5, 'train_loss': 0.2619, 'train_acc': 0.72, 'task_loss': (0.2619, 0.0)}
{'epoch': 6, 'train_loss': 0.2054, 'train_acc': 0.79, 'task_loss': (0.2054, 0.0)}
{'epoch': 7, 'train_loss': 0.1936, 'train_acc': 0.81, 'task_loss': (0.1936, 0.0)}
{'epoch': 8, 'train_loss': 0.1929, 'train_acc': 0.84, 'task_loss': (0.1929, 0.0)}
{'epoch': 9, 'train_loss': 0.1395, 'train_acc': 0.9, 'task_loss': (0.1395, 0.0)}
{'epoch': 10, 'train_loss': 0.1594, 'train_acc': 0.85, 'task_loss': (0.1594, 0.0)}
{'epoch': 11, 'train_loss': 0.1482, 'train_acc': 0.87, 'task_loss': (0.1482, 0.0)}
{'epoch': 12, 'train_loss': 0.2039, 'train_acc': 0.82, 'task_loss': (0.2039, 0.0)}
{'epoch': 13, 'train_loss': 0.1514, 'train_acc': 0.88, 'task_loss': (0.1514, 0.0)}
{'epoch': 14, 'train_loss': 0.185, 'train_acc': 0.82, 'task_loss': (0.185, 0.0)}
{'epoch': 15, 'train_loss': 0.1402, 'train_acc': 0.89, 'task_loss': (0.1402, 0.0)}
{'epoch': 16, 'train_loss': 0.1179, 'train_acc': 0.93, 'task_loss': (0.1179, 0.0)}
{'epoch': 17, 'train_loss': 0.1053, 'train_acc': 0.91, 'task_loss': (0.1053, 0.0)}
{'epoch': 18, 'train_loss': 0.0905, 'train_acc': 0.94, 'task_loss': (0.0905, 0.0)}
{'epoch': 19, 'train_loss': 0.1147, 'train_acc': 0.92, 'task_loss': (0.1147, 0.0)}
{'epoch': 20, 'train_loss': 0.079, 'train_acc': 0.95, 'task_loss': (0.079, 0.0)}
{'epoch': 21, 'train_loss': 0.1139, 'train_acc': 0.92, 'task_loss': (0.1139, 0.0)}
{'epoch': 22, 'train_loss': 0.0951, 'train_acc': 0.92, 'task_loss': (0.0951, 0.0)}
{'epoch': 23, 'train_loss': 0.0992, 'train_acc': 0.94, 'task_loss': (0.0992, 0.0)}
{'epoch': 24, 'train_loss': 0.144, 'train_acc': 0.85, 'task_loss': (0.144, 0.0)}
{'epoch': 25, 'train_loss': 0.0888, 'train_acc': 0.93, 'task_loss': (0.0888, 0.0)}
{'epoch': 26, 'train_loss': 0.0627, 'train_acc': 0.96, 'task_loss': (0.0627, 0.0)}
{'epoch': 27, 'train_loss': 0.0666, 'train_acc': 0.94, 'task_loss': (0.0666, 0.0)}
{'epoch': 28, 'train_loss': 0.1067, 'train_acc': 0.89, 'task_loss': (0.1067, 0.0)}
{'epoch': 29, 'train_loss': 0.1246, 'train_acc': 0.87, 'task_loss': (0.1246, 0.0)}
{'epoch': 30, 'train_loss': 0.1189, 'train_acc': 0.93, 'task_loss': (0.1189, 0.0)}
{'epoch': 31, 'train_loss': 0.0841, 'train_acc': 0.94, 'task_loss': (0.0841, 0.0)}
{'epoch': 32, 'train_loss': 0.0414, 'train_acc': 0.95, 'task_loss': (0.0414, 0.0)}
{'epoch': 33, 'train_loss': 0.0547, 'train_acc': 0.96, 'task_loss': (0.0547, 0.0)}
{'epoch': 34, 'train_loss': 0.0633, 'train_acc': 0.95, 'task_loss': (0.0633, 0.0)}
{'epoch': 35, 'train_loss': 0.0384, 'train_acc': 0.98, 'task_loss': (0.0384, 0.0)}
{'epoch': 36, 'train_loss': 0.0398, 'train_acc': 0.96, 'task_loss': (0.0398, 0.0)}
{'epoch': 37, 'train_loss': 0.0508, 'train_acc': 0.95, 'task_loss': (0.0508, 0.0)}
{'epoch': 38, 'train_loss': 0.0255, 'train_acc': 0.99, 'task_loss': (0.0255, 0.0)}
{'epoch': 39, 'train_loss': 0.0571, 'train_acc': 0.95, 'task_loss': (0.0571, 0.0)}
{'epoch': 40, 'train_loss': 0.0623, 'train_acc': 0.94, 'task_loss': (0.0623, 0.0)}
{'epoch': 41, 'train_loss': 0.0395, 'train_acc': 0.97, 'task_loss': (0.0395, 0.0)}
{'epoch': 42, 'train_loss': 0.0401, 'train_acc': 0.98, 'task_loss': (0.0401, 0.0)}
{'epoch': 43, 'train_loss': 0.0638, 'train_acc': 0.96, 'task_loss': (0.0638, 0.0)}
{'epoch': 44, 'train_loss': 0.0711, 'train_acc': 0.94, 'task_loss': (0.0711, 0.0)}
{'epoch': 45, 'train_loss': 0.0525, 'train_acc': 0.96, 'task_loss': (0.0525, 0.0)}
{'epoch': 46, 'train_loss': 0.0261, 'train_acc': 0.99, 'task_loss': (0.0261, 0.0)}
{'epoch': 47, 'train_loss': 0.0281, 'train_acc': 0.98, 'task_loss': (0.0281, 0.0)}
{'epoch': 48, 'train_loss': 0.0274, 'train_acc': 0.97, 'task_loss': (0.0274, 0.0)}
{'epoch': 49, 'train_loss': 0.0399, 'train_acc': 0.96, 'task_loss': (0.0399, 0.0)}
{'epoch': 50, 'train_loss': 0.0365, 'train_acc': 0.96, 'task_loss': (0.0365, 0.0)}
{'epoch': 51, 'train_loss': 0.0263, 'train_acc': 0.99, 'task_loss': (0.0263, 0.0)}
{'epoch': 52, 'train_loss': 0.0103, 'train_acc': 1.0, 'task_loss': (0.0103, 0.0)}
{'epoch': 53, 'train_loss': 0.0185, 'train_acc': 0.99, 'task_loss': (0.0185, 0.0)}
{'epoch': 54, 'train_loss': 0.0215, 'train_acc': 0.98, 'task_loss': (0.0215, 0.0)}
{'epoch': 55, 'train_loss': 0.0124, 'train_acc': 1.0, 'task_loss': (0.0124, 0.0)}
{'epoch': 56, 'train_loss': 0.0098, 'train_acc': 1.0, 'task_loss': (0.0098, 0.0)}
{'epoch': 57, 'train_loss': 0.0235, 'train_acc': 0.99, 'task_loss': (0.0235, 0.0)}
{'epoch': 58, 'train_loss': 0.015, 'train_acc': 0.99, 'task_loss': (0.015, 0.0)}
{'epoch': 59, 'train_loss': 0.0131, 'train_acc': 1.0, 'task_loss': (0.0131, 0.0)}
{'epoch': 60, 'train_loss': 0.0161, 'train_acc': 0.99, 'task_loss': (0.0161, 0.0)}
{'epoch': 61, 'train_loss': 0.0097, 'train_acc': 1.0, 'task_loss': (0.0097, 0.0)}
{'epoch': 62, 'train_loss': 0.012, 'train_acc': 1.0, 'task_loss': (0.012, 0.0)}
{'epoch': 63, 'train_loss': 0.0277, 'train_acc': 0.98, 'task_loss': (0.0277, 0.0)}
{'epoch': 64, 'train_loss': 0.0214, 'train_acc': 0.99, 'task_loss': (0.0214, 0.0)}
{'epoch': 65, 'train_loss': 0.0208, 'train_acc': 0.98, 'task_loss': (0.0208, 0.0)}
{'epoch': 66, 'train_loss': 0.0423, 'train_acc': 0.96, 'task_loss': (0.0423, 0.0)}
{'epoch': 67, 'train_loss': 0.0207, 'train_acc': 0.99, 'task_loss': (0.0207, 0.0)}
{'epoch': 68, 'train_loss': 0.0242, 'train_acc': 0.99, 'task_loss': (0.0242, 0.0)}
{'epoch': 69, 'train_loss': 0.016, 'train_acc': 1.0, 'task_loss': (0.016, 0.0)}
{'epoch': 70, 'train_loss': 0.0254, 'train_acc': 0.98, 'task_loss': (0.0254, 0.0)}
{'epoch': 71, 'train_loss': 0.0217, 'train_acc': 0.99, 'task_loss': (0.0217, 0.0)}
{'epoch': 72, 'train_loss': 0.0162, 'train_acc': 0.99, 'task_loss': (0.0162, 0.0)}
{'epoch': 73, 'train_loss': 0.0122, 'train_acc': 0.99, 'task_loss': (0.0122, 0.0)}
{'epoch': 74, 'train_loss': 0.0076, 'train_acc': 1.0, 'task_loss': (0.0076, 0.0)}
{'epoch': 75, 'train_loss': 0.0093, 'train_acc': 1.0, 'task_loss': (0.0093, 0.0)}
{'epoch': 76, 'train_loss': 0.013, 'train_acc': 1.0, 'task_loss': (0.013, 0.0)}
{'epoch': 77, 'train_loss': 0.0082, 'train_acc': 1.0, 'task_loss': (0.0082, 0.0)}
{'epoch': 78, 'train_loss': 0.0077, 'train_acc': 1.0, 'task_loss': (0.0077, 0.0)}
{'epoch': 79, 'train_loss': 0.0221, 'train_acc': 0.98, 'task_loss': (0.0221, 0.0)}
{'epoch': 80, 'train_loss': 0.005, 'train_acc': 1.0, 'task_loss': (0.005, 0.0)}
{'epoch': 81, 'train_loss': 0.0122, 'train_acc': 1.0, 'task_loss': (0.0122, 0.0)}
{'epoch': 82, 'train_loss': 0.0115, 'train_acc': 0.99, 'task_loss': (0.0115, 0.0)}
{'epoch': 83, 'train_loss': 0.0056, 'train_acc': 1.0, 'task_loss': (0.0056, 0.0)}
{'epoch': 84, 'train_loss': 0.0068, 'train_acc': 1.0, 'task_loss': (0.0068, 0.0)}
{'epoch': 85, 'train_loss': 0.0173, 'train_acc': 0.99, 'task_loss': (0.0173, 0.0)}
{'epoch': 86, 'train_loss': 0.0135, 'train_acc': 0.99, 'task_loss': (0.0135, 0.0)}
{'epoch': 87, 'train_loss': 0.0129, 'train_acc': 0.99, 'task_loss': (0.0129, 0.0)}
{'epoch': 88, 'train_loss': 0.0082, 'train_acc': 1.0, 'task_loss': (0.0082, 0.0)}
{'epoch': 89, 'train_loss': 0.0065, 'train_acc': 1.0, 'task_loss': (0.0065, 0.0)}
{'epoch': 90, 'train_loss': 0.0097, 'train_acc': 1.0, 'task_loss': (0.0097, 0.0)}
{'epoch': 91, 'train_loss': 0.0089, 'train_acc': 1.0, 'task_loss': (0.0089, 0.0)}
{'epoch': 92, 'train_loss': 0.0107, 'train_acc': 1.0, 'task_loss': (0.0107, 0.0)}
{'epoch': 93, 'train_loss': 0.0124, 'train_acc': 1.0, 'task_loss': (0.0124, 0.0)}
{'epoch': 94, 'train_loss': 0.0072, 'train_acc': 1.0, 'task_loss': (0.0072, 0.0)}
{'epoch': 95, 'train_loss': 0.0064, 'train_acc': 1.0, 'task_loss': (0.0064, 0.0)}
{'epoch': 96, 'train_loss': 0.0104, 'train_acc': 0.99, 'task_loss': (0.0104, 0.0)}
{'epoch': 97, 'train_loss': 0.0053, 'train_acc': 1.0, 'task_loss': (0.0053, 0.0)}
{'epoch': 98, 'train_loss': 0.0189, 'train_acc': 0.99, 'task_loss': (0.0189, 0.0)}
{'epoch': 99, 'train_loss': 0.0135, 'train_acc': 0.99, 'task_loss': (0.0135, 0.0)}
{'epoch': 100, 'train_loss': 0.0138, 'train_acc': 0.98, 'task_loss': (0.0138, 0.0)}
{'run_num': 6, 'final_test_err': 0.14949999999999997}
Files already downloaded and verified
Files already downloaded and verified
{'epoch': 1, 'train_loss': 0.3619, 'train_acc': 0.59, 'task_loss': (0.3619, 0.0)}
{'epoch': 2, 'train_loss': 0.3069, 'train_acc': 0.69, 'task_loss': (0.3069, 0.0)}
{'epoch': 3, 'train_loss': 0.2296, 'train_acc': 0.76, 'task_loss': (0.2296, 0.0)}
{'epoch': 4, 'train_loss': 0.1722, 'train_acc': 0.87, 'task_loss': (0.1722, 0.0)}
{'epoch': 5, 'train_loss': 0.244, 'train_acc': 0.76, 'task_loss': (0.244, 0.0)}
{'epoch': 6, 'train_loss': 0.19, 'train_acc': 0.78, 'task_loss': (0.19, 0.0)}
{'epoch': 7, 'train_loss': 0.2113, 'train_acc': 0.83, 'task_loss': (0.2113, 0.0)}
{'epoch': 8, 'train_loss': 0.1932, 'train_acc': 0.83, 'task_loss': (0.1932, 0.0)}
{'epoch': 9, 'train_loss': 0.1837, 'train_acc': 0.86, 'task_loss': (0.1837, 0.0)}
{'epoch': 10, 'train_loss': 0.1868, 'train_acc': 0.86, 'task_loss': (0.1868, 0.0)}
{'epoch': 11, 'train_loss': 0.1477, 'train_acc': 0.87, 'task_loss': (0.1477, 0.0)}
{'epoch': 12, 'train_loss': 0.1092, 'train_acc': 0.91, 'task_loss': (0.1092, 0.0)}
{'epoch': 13, 'train_loss': 0.0857, 'train_acc': 0.94, 'task_loss': (0.0857, 0.0)}
{'epoch': 14, 'train_loss': 0.0836, 'train_acc': 0.94, 'task_loss': (0.0836, 0.0)}
{'epoch': 15, 'train_loss': 0.1401, 'train_acc': 0.88, 'task_loss': (0.1401, 0.0)}
{'epoch': 16, 'train_loss': 0.0756, 'train_acc': 0.94, 'task_loss': (0.0756, 0.0)}
{'epoch': 17, 'train_loss': 0.0797, 'train_acc': 0.91, 'task_loss': (0.0797, 0.0)}
{'epoch': 18, 'train_loss': 0.0712, 'train_acc': 0.93, 'task_loss': (0.0712, 0.0)}
{'epoch': 19, 'train_loss': 0.0672, 'train_acc': 0.93, 'task_loss': (0.0672, 0.0)}
{'epoch': 20, 'train_loss': 0.0708, 'train_acc': 0.93, 'task_loss': (0.0708, 0.0)}
{'epoch': 21, 'train_loss': 0.073, 'train_acc': 0.93, 'task_loss': (0.073, 0.0)}
{'epoch': 22, 'train_loss': 0.0999, 'train_acc': 0.92, 'task_loss': (0.0999, 0.0)}
{'epoch': 23, 'train_loss': 0.0594, 'train_acc': 0.94, 'task_loss': (0.0594, 0.0)}
{'epoch': 24, 'train_loss': 0.1358, 'train_acc': 0.87, 'task_loss': (0.1358, 0.0)}
{'epoch': 25, 'train_loss': 0.0852, 'train_acc': 0.93, 'task_loss': (0.0852, 0.0)}
{'epoch': 26, 'train_loss': 0.0751, 'train_acc': 0.95, 'task_loss': (0.0751, 0.0)}
{'epoch': 27, 'train_loss': 0.0458, 'train_acc': 0.97, 'task_loss': (0.0458, 0.0)}
{'epoch': 28, 'train_loss': 0.0582, 'train_acc': 0.95, 'task_loss': (0.0582, 0.0)}
{'epoch': 29, 'train_loss': 0.1651, 'train_acc': 0.84, 'task_loss': (0.1651, 0.0)}
{'epoch': 30, 'train_loss': 0.0948, 'train_acc': 0.93, 'task_loss': (0.0948, 0.0)}
{'epoch': 31, 'train_loss': 0.0972, 'train_acc': 0.94, 'task_loss': (0.0972, 0.0)}
{'epoch': 32, 'train_loss': 0.0463, 'train_acc': 0.97, 'task_loss': (0.0463, 0.0)}
{'epoch': 33, 'train_loss': 0.0425, 'train_acc': 0.97, 'task_loss': (0.0425, 0.0)}
{'epoch': 34, 'train_loss': 0.0672, 'train_acc': 0.95, 'task_loss': (0.0672, 0.0)}
{'epoch': 35, 'train_loss': 0.0711, 'train_acc': 0.93, 'task_loss': (0.0711, 0.0)}
{'epoch': 36, 'train_loss': 0.0502, 'train_acc': 0.95, 'task_loss': (0.0502, 0.0)}
{'epoch': 37, 'train_loss': 0.0387, 'train_acc': 0.95, 'task_loss': (0.0387, 0.0)}
{'epoch': 38, 'train_loss': 0.0401, 'train_acc': 0.98, 'task_loss': (0.0401, 0.0)}
{'epoch': 39, 'train_loss': 0.1103, 'train_acc': 0.91, 'task_loss': (0.1103, 0.0)}
{'epoch': 40, 'train_loss': 0.04, 'train_acc': 0.96, 'task_loss': (0.04, 0.0)}
{'epoch': 41, 'train_loss': 0.0681, 'train_acc': 0.96, 'task_loss': (0.0681, 0.0)}
{'epoch': 42, 'train_loss': 0.0582, 'train_acc': 0.95, 'task_loss': (0.0582, 0.0)}
{'epoch': 43, 'train_loss': 0.056, 'train_acc': 0.95, 'task_loss': (0.056, 0.0)}
{'epoch': 44, 'train_loss': 0.0369, 'train_acc': 0.97, 'task_loss': (0.0369, 0.0)}
{'epoch': 45, 'train_loss': 0.0178, 'train_acc': 0.99, 'task_loss': (0.0178, 0.0)}
{'epoch': 46, 'train_loss': 0.0131, 'train_acc': 0.99, 'task_loss': (0.0131, 0.0)}
{'epoch': 47, 'train_loss': 0.0256, 'train_acc': 0.97, 'task_loss': (0.0256, 0.0)}
{'epoch': 48, 'train_loss': 0.0137, 'train_acc': 1.0, 'task_loss': (0.0137, 0.0)}
{'epoch': 49, 'train_loss': 0.0288, 'train_acc': 0.98, 'task_loss': (0.0288, 0.0)}
{'epoch': 50, 'train_loss': 0.0138, 'train_acc': 0.99, 'task_loss': (0.0138, 0.0)}
{'epoch': 51, 'train_loss': 0.0225, 'train_acc': 0.99, 'task_loss': (0.0225, 0.0)}
{'epoch': 52, 'train_loss': 0.0095, 'train_acc': 1.0, 'task_loss': (0.0095, 0.0)}
{'epoch': 53, 'train_loss': 0.0323, 'train_acc': 0.98, 'task_loss': (0.0323, 0.0)}
{'epoch': 54, 'train_loss': 0.0228, 'train_acc': 0.98, 'task_loss': (0.0228, 0.0)}
{'epoch': 55, 'train_loss': 0.0171, 'train_acc': 0.99, 'task_loss': (0.0171, 0.0)}
{'epoch': 56, 'train_loss': 0.0086, 'train_acc': 1.0, 'task_loss': (0.0086, 0.0)}
{'epoch': 57, 'train_loss': 0.011, 'train_acc': 1.0, 'task_loss': (0.011, 0.0)}
{'epoch': 58, 'train_loss': 0.0292, 'train_acc': 0.99, 'task_loss': (0.0292, 0.0)}
{'epoch': 59, 'train_loss': 0.0083, 'train_acc': 1.0, 'task_loss': (0.0083, 0.0)}
{'epoch': 60, 'train_loss': 0.0193, 'train_acc': 0.99, 'task_loss': (0.0193, 0.0)}
{'epoch': 61, 'train_loss': 0.0078, 'train_acc': 1.0, 'task_loss': (0.0078, 0.0)}
{'epoch': 62, 'train_loss': 0.0153, 'train_acc': 0.99, 'task_loss': (0.0153, 0.0)}
{'epoch': 63, 'train_loss': 0.0074, 'train_acc': 1.0, 'task_loss': (0.0074, 0.0)}
{'epoch': 64, 'train_loss': 0.0213, 'train_acc': 0.98, 'task_loss': (0.0213, 0.0)}
{'epoch': 65, 'train_loss': 0.0118, 'train_acc': 0.99, 'task_loss': (0.0118, 0.0)}
{'epoch': 66, 'train_loss': 0.0069, 'train_acc': 1.0, 'task_loss': (0.0069, 0.0)}
{'epoch': 67, 'train_loss': 0.0035, 'train_acc': 1.0, 'task_loss': (0.0035, 0.0)}
{'epoch': 68, 'train_loss': 0.0074, 'train_acc': 1.0, 'task_loss': (0.0074, 0.0)}
{'epoch': 69, 'train_loss': 0.015, 'train_acc': 0.99, 'task_loss': (0.015, 0.0)}
{'epoch': 70, 'train_loss': 0.0043, 'train_acc': 1.0, 'task_loss': (0.0043, 0.0)}
{'epoch': 71, 'train_loss': 0.0089, 'train_acc': 1.0, 'task_loss': (0.0089, 0.0)}
{'epoch': 72, 'train_loss': 0.0092, 'train_acc': 1.0, 'task_loss': (0.0092, 0.0)}
{'epoch': 73, 'train_loss': 0.0187, 'train_acc': 0.99, 'task_loss': (0.0187, 0.0)}
{'epoch': 74, 'train_loss': 0.009, 'train_acc': 1.0, 'task_loss': (0.009, 0.0)}
{'epoch': 75, 'train_loss': 0.0055, 'train_acc': 1.0, 'task_loss': (0.0055, 0.0)}
{'epoch': 76, 'train_loss': 0.0231, 'train_acc': 0.98, 'task_loss': (0.0231, 0.0)}
{'epoch': 77, 'train_loss': 0.0061, 'train_acc': 1.0, 'task_loss': (0.0061, 0.0)}
{'epoch': 78, 'train_loss': 0.0198, 'train_acc': 0.99, 'task_loss': (0.0198, 0.0)}
{'epoch': 79, 'train_loss': 0.0254, 'train_acc': 0.98, 'task_loss': (0.0254, 0.0)}
{'epoch': 80, 'train_loss': 0.0243, 'train_acc': 0.99, 'task_loss': (0.0243, 0.0)}
{'epoch': 81, 'train_loss': 0.0077, 'train_acc': 1.0, 'task_loss': (0.0077, 0.0)}
{'epoch': 82, 'train_loss': 0.02, 'train_acc': 0.99, 'task_loss': (0.02, 0.0)}
{'epoch': 83, 'train_loss': 0.0153, 'train_acc': 0.99, 'task_loss': (0.0153, 0.0)}
{'epoch': 84, 'train_loss': 0.0083, 'train_acc': 1.0, 'task_loss': (0.0083, 0.0)}
{'epoch': 85, 'train_loss': 0.0071, 'train_acc': 1.0, 'task_loss': (0.0071, 0.0)}
{'epoch': 86, 'train_loss': 0.0072, 'train_acc': 1.0, 'task_loss': (0.0072, 0.0)}
{'epoch': 87, 'train_loss': 0.0134, 'train_acc': 0.99, 'task_loss': (0.0134, 0.0)}
{'epoch': 88, 'train_loss': 0.0097, 'train_acc': 0.99, 'task_loss': (0.0097, 0.0)}
{'epoch': 89, 'train_loss': 0.009, 'train_acc': 0.99, 'task_loss': (0.009, 0.0)}
{'epoch': 90, 'train_loss': 0.0068, 'train_acc': 1.0, 'task_loss': (0.0068, 0.0)}
{'epoch': 91, 'train_loss': 0.0145, 'train_acc': 0.99, 'task_loss': (0.0145, 0.0)}
{'epoch': 92, 'train_loss': 0.0124, 'train_acc': 0.99, 'task_loss': (0.0124, 0.0)}
{'epoch': 93, 'train_loss': 0.015, 'train_acc': 0.99, 'task_loss': (0.015, 0.0)}
{'epoch': 94, 'train_loss': 0.0049, 'train_acc': 1.0, 'task_loss': (0.0049, 0.0)}
{'epoch': 95, 'train_loss': 0.0062, 'train_acc': 1.0, 'task_loss': (0.0062, 0.0)}
{'epoch': 96, 'train_loss': 0.0047, 'train_acc': 1.0, 'task_loss': (0.0047, 0.0)}
{'epoch': 97, 'train_loss': 0.0048, 'train_acc': 1.0, 'task_loss': (0.0048, 0.0)}
{'epoch': 98, 'train_loss': 0.0068, 'train_acc': 1.0, 'task_loss': (0.0068, 0.0)}
{'epoch': 99, 'train_loss': 0.0083, 'train_acc': 1.0, 'task_loss': (0.0083, 0.0)}
{'epoch': 100, 'train_loss': 0.0102, 'train_acc': 1.0, 'task_loss': (0.0102, 0.0)}
{'run_num': 7, 'final_test_err': 0.14649999999999996}
Files already downloaded and verified
Files already downloaded and verified
{'epoch': 1, 'train_loss': 0.3633, 'train_acc': 0.58, 'task_loss': (0.3633, 0.0)}
{'epoch': 2, 'train_loss': 0.3089, 'train_acc': 0.71, 'task_loss': (0.3089, 0.0)}
{'epoch': 3, 'train_loss': 0.2545, 'train_acc': 0.73, 'task_loss': (0.2545, 0.0)}
{'epoch': 4, 'train_loss': 0.1855, 'train_acc': 0.87, 'task_loss': (0.1855, 0.0)}
{'epoch': 5, 'train_loss': 0.2221, 'train_acc': 0.82, 'task_loss': (0.2221, 0.0)}
{'epoch': 6, 'train_loss': 0.1607, 'train_acc': 0.86, 'task_loss': (0.1607, 0.0)}
{'epoch': 7, 'train_loss': 0.1788, 'train_acc': 0.86, 'task_loss': (0.1788, 0.0)}
{'epoch': 8, 'train_loss': 0.1825, 'train_acc': 0.82, 'task_loss': (0.1825, 0.0)}
{'epoch': 9, 'train_loss': 0.1157, 'train_acc': 0.91, 'task_loss': (0.1157, 0.0)}
{'epoch': 10, 'train_loss': 0.1389, 'train_acc': 0.87, 'task_loss': (0.1389, 0.0)}
{'epoch': 11, 'train_loss': 0.1277, 'train_acc': 0.92, 'task_loss': (0.1277, 0.0)}
{'epoch': 12, 'train_loss': 0.1586, 'train_acc': 0.92, 'task_loss': (0.1586, 0.0)}
{'epoch': 13, 'train_loss': 0.1215, 'train_acc': 0.89, 'task_loss': (0.1215, 0.0)}
{'epoch': 14, 'train_loss': 0.1017, 'train_acc': 0.93, 'task_loss': (0.1017, 0.0)}
{'epoch': 15, 'train_loss': 0.1325, 'train_acc': 0.91, 'task_loss': (0.1325, 0.0)}
{'epoch': 16, 'train_loss': 0.1312, 'train_acc': 0.91, 'task_loss': (0.1312, 0.0)}
{'epoch': 17, 'train_loss': 0.114, 'train_acc': 0.89, 'task_loss': (0.114, 0.0)}
{'epoch': 18, 'train_loss': 0.1269, 'train_acc': 0.92, 'task_loss': (0.1269, 0.0)}
{'epoch': 19, 'train_loss': 0.1071, 'train_acc': 0.93, 'task_loss': (0.1071, 0.0)}
{'epoch': 20, 'train_loss': 0.1594, 'train_acc': 0.9, 'task_loss': (0.1594, 0.0)}
{'epoch': 21, 'train_loss': 0.1755, 'train_acc': 0.84, 'task_loss': (0.1755, 0.0)}
{'epoch': 22, 'train_loss': 0.1114, 'train_acc': 0.92, 'task_loss': (0.1114, 0.0)}
{'epoch': 23, 'train_loss': 0.0918, 'train_acc': 0.93, 'task_loss': (0.0918, 0.0)}
{'epoch': 24, 'train_loss': 0.0599, 'train_acc': 0.95, 'task_loss': (0.0599, 0.0)}
{'epoch': 25, 'train_loss': 0.1085, 'train_acc': 0.91, 'task_loss': (0.1085, 0.0)}
{'epoch': 26, 'train_loss': 0.0741, 'train_acc': 0.94, 'task_loss': (0.0741, 0.0)}
{'epoch': 27, 'train_loss': 0.0632, 'train_acc': 0.98, 'task_loss': (0.0632, 0.0)}
{'epoch': 28, 'train_loss': 0.1048, 'train_acc': 0.95, 'task_loss': (0.1048, 0.0)}
{'epoch': 29, 'train_loss': 0.093, 'train_acc': 0.95, 'task_loss': (0.093, 0.0)}
{'epoch': 30, 'train_loss': 0.0812, 'train_acc': 0.95, 'task_loss': (0.0812, 0.0)}
{'epoch': 31, 'train_loss': 0.0533, 'train_acc': 0.96, 'task_loss': (0.0533, 0.0)}
{'epoch': 32, 'train_loss': 0.0495, 'train_acc': 0.99, 'task_loss': (0.0495, 0.0)}
{'epoch': 33, 'train_loss': 0.0588, 'train_acc': 0.97, 'task_loss': (0.0588, 0.0)}
{'epoch': 34, 'train_loss': 0.0322, 'train_acc': 0.99, 'task_loss': (0.0322, 0.0)}
{'epoch': 35, 'train_loss': 0.0835, 'train_acc': 0.96, 'task_loss': (0.0835, 0.0)}
{'epoch': 36, 'train_loss': 0.1424, 'train_acc': 0.86, 'task_loss': (0.1424, 0.0)}
{'epoch': 37, 'train_loss': 0.0919, 'train_acc': 0.92, 'task_loss': (0.0919, 0.0)}
{'epoch': 38, 'train_loss': 0.0466, 'train_acc': 0.98, 'task_loss': (0.0466, 0.0)}
{'epoch': 39, 'train_loss': 0.082, 'train_acc': 0.92, 'task_loss': (0.082, 0.0)}
{'epoch': 40, 'train_loss': 0.041, 'train_acc': 0.97, 'task_loss': (0.041, 0.0)}
{'epoch': 41, 'train_loss': 0.0501, 'train_acc': 0.94, 'task_loss': (0.0501, 0.0)}
{'epoch': 42, 'train_loss': 0.0251, 'train_acc': 0.99, 'task_loss': (0.0251, 0.0)}
{'epoch': 43, 'train_loss': 0.0898, 'train_acc': 0.96, 'task_loss': (0.0898, 0.0)}
{'epoch': 44, 'train_loss': 0.0507, 'train_acc': 0.96, 'task_loss': (0.0507, 0.0)}
{'epoch': 45, 'train_loss': 0.0391, 'train_acc': 0.98, 'task_loss': (0.0391, 0.0)}
{'epoch': 46, 'train_loss': 0.0431, 'train_acc': 0.97, 'task_loss': (0.0431, 0.0)}
{'epoch': 47, 'train_loss': 0.0331, 'train_acc': 0.97, 'task_loss': (0.0331, 0.0)}
{'epoch': 48, 'train_loss': 0.0457, 'train_acc': 0.95, 'task_loss': (0.0457, 0.0)}
{'epoch': 49, 'train_loss': 0.0402, 'train_acc': 0.98, 'task_loss': (0.0402, 0.0)}
{'epoch': 50, 'train_loss': 0.0523, 'train_acc': 0.97, 'task_loss': (0.0523, 0.0)}
{'epoch': 51, 'train_loss': 0.0155, 'train_acc': 1.0, 'task_loss': (0.0155, 0.0)}
{'epoch': 52, 'train_loss': 0.0297, 'train_acc': 0.99, 'task_loss': (0.0297, 0.0)}
{'epoch': 53, 'train_loss': 0.0502, 'train_acc': 0.96, 'task_loss': (0.0502, 0.0)}
{'epoch': 54, 'train_loss': 0.0428, 'train_acc': 0.97, 'task_loss': (0.0428, 0.0)}
{'epoch': 55, 'train_loss': 0.0277, 'train_acc': 0.98, 'task_loss': (0.0277, 0.0)}
{'epoch': 56, 'train_loss': 0.0193, 'train_acc': 0.99, 'task_loss': (0.0193, 0.0)}
{'epoch': 57, 'train_loss': 0.0177, 'train_acc': 0.99, 'task_loss': (0.0177, 0.0)}
{'epoch': 58, 'train_loss': 0.022, 'train_acc': 0.99, 'task_loss': (0.022, 0.0)}
{'epoch': 59, 'train_loss': 0.0183, 'train_acc': 0.99, 'task_loss': (0.0183, 0.0)}
{'epoch': 60, 'train_loss': 0.0233, 'train_acc': 0.98, 'task_loss': (0.0233, 0.0)}
{'epoch': 61, 'train_loss': 0.0238, 'train_acc': 1.0, 'task_loss': (0.0238, 0.0)}
{'epoch': 62, 'train_loss': 0.0115, 'train_acc': 1.0, 'task_loss': (0.0115, 0.0)}
{'epoch': 63, 'train_loss': 0.0314, 'train_acc': 0.98, 'task_loss': (0.0314, 0.0)}
{'epoch': 64, 'train_loss': 0.0307, 'train_acc': 0.98, 'task_loss': (0.0307, 0.0)}
{'epoch': 65, 'train_loss': 0.0262, 'train_acc': 0.99, 'task_loss': (0.0262, 0.0)}
{'epoch': 66, 'train_loss': 0.0202, 'train_acc': 1.0, 'task_loss': (0.0202, 0.0)}
{'epoch': 67, 'train_loss': 0.0192, 'train_acc': 0.99, 'task_loss': (0.0192, 0.0)}
{'epoch': 68, 'train_loss': 0.0131, 'train_acc': 0.99, 'task_loss': (0.0131, 0.0)}
{'epoch': 69, 'train_loss': 0.0175, 'train_acc': 0.99, 'task_loss': (0.0175, 0.0)}
{'epoch': 70, 'train_loss': 0.0204, 'train_acc': 0.99, 'task_loss': (0.0204, 0.0)}
{'epoch': 71, 'train_loss': 0.0106, 'train_acc': 1.0, 'task_loss': (0.0106, 0.0)}
{'epoch': 72, 'train_loss': 0.025, 'train_acc': 0.99, 'task_loss': (0.025, 0.0)}
{'epoch': 73, 'train_loss': 0.0235, 'train_acc': 0.99, 'task_loss': (0.0235, 0.0)}
{'epoch': 74, 'train_loss': 0.0166, 'train_acc': 0.99, 'task_loss': (0.0166, 0.0)}
{'epoch': 75, 'train_loss': 0.0169, 'train_acc': 1.0, 'task_loss': (0.0169, 0.0)}
{'epoch': 76, 'train_loss': 0.0166, 'train_acc': 0.99, 'task_loss': (0.0166, 0.0)}
{'epoch': 77, 'train_loss': 0.0085, 'train_acc': 1.0, 'task_loss': (0.0085, 0.0)}
{'epoch': 78, 'train_loss': 0.0386, 'train_acc': 0.97, 'task_loss': (0.0386, 0.0)}
{'epoch': 79, 'train_loss': 0.0112, 'train_acc': 1.0, 'task_loss': (0.0112, 0.0)}
{'epoch': 80, 'train_loss': 0.0102, 'train_acc': 1.0, 'task_loss': (0.0102, 0.0)}
{'epoch': 81, 'train_loss': 0.0116, 'train_acc': 1.0, 'task_loss': (0.0116, 0.0)}
{'epoch': 82, 'train_loss': 0.0119, 'train_acc': 1.0, 'task_loss': (0.0119, 0.0)}
{'epoch': 83, 'train_loss': 0.0189, 'train_acc': 0.99, 'task_loss': (0.0189, 0.0)}
{'epoch': 84, 'train_loss': 0.0059, 'train_acc': 1.0, 'task_loss': (0.0059, 0.0)}
{'epoch': 85, 'train_loss': 0.005, 'train_acc': 1.0, 'task_loss': (0.005, 0.0)}
{'epoch': 86, 'train_loss': 0.0093, 'train_acc': 1.0, 'task_loss': (0.0093, 0.0)}
{'epoch': 87, 'train_loss': 0.0527, 'train_acc': 0.95, 'task_loss': (0.0527, 0.0)}
{'epoch': 88, 'train_loss': 0.0093, 'train_acc': 1.0, 'task_loss': (0.0093, 0.0)}
{'epoch': 89, 'train_loss': 0.0109, 'train_acc': 1.0, 'task_loss': (0.0109, 0.0)}
{'epoch': 90, 'train_loss': 0.0113, 'train_acc': 1.0, 'task_loss': (0.0113, 0.0)}
{'epoch': 91, 'train_loss': 0.0107, 'train_acc': 1.0, 'task_loss': (0.0107, 0.0)}
{'epoch': 92, 'train_loss': 0.0102, 'train_acc': 1.0, 'task_loss': (0.0102, 0.0)}
{'epoch': 93, 'train_loss': 0.0148, 'train_acc': 0.98, 'task_loss': (0.0148, 0.0)}
{'epoch': 94, 'train_loss': 0.0104, 'train_acc': 1.0, 'task_loss': (0.0104, 0.0)}
{'epoch': 95, 'train_loss': 0.0246, 'train_acc': 0.99, 'task_loss': (0.0246, 0.0)}
{'epoch': 96, 'train_loss': 0.0091, 'train_acc': 1.0, 'task_loss': (0.0091, 0.0)}
{'epoch': 97, 'train_loss': 0.0223, 'train_acc': 0.99, 'task_loss': (0.0223, 0.0)}
{'epoch': 98, 'train_loss': 0.0125, 'train_acc': 1.0, 'task_loss': (0.0125, 0.0)}
{'epoch': 99, 'train_loss': 0.0079, 'train_acc': 1.0, 'task_loss': (0.0079, 0.0)}
{'epoch': 100, 'train_loss': 0.0089, 'train_acc': 1.0, 'task_loss': (0.0089, 0.0)}
{'run_num': 8, 'final_test_err': 0.15449999999999997}
Files already downloaded and verified
Files already downloaded and verified
{'epoch': 1, 'train_loss': 0.3747, 'train_acc': 0.56, 'task_loss': (0.3747, 0.0)}
{'epoch': 2, 'train_loss': 0.3263, 'train_acc': 0.67, 'task_loss': (0.3263, 0.0)}
{'epoch': 3, 'train_loss': 0.3436, 'train_acc': 0.64, 'task_loss': (0.3436, 0.0)}
{'epoch': 4, 'train_loss': 0.3041, 'train_acc': 0.61, 'task_loss': (0.3041, 0.0)}
{'epoch': 5, 'train_loss': 0.2419, 'train_acc': 0.78, 'task_loss': (0.2419, 0.0)}
{'epoch': 6, 'train_loss': 0.2936, 'train_acc': 0.71, 'task_loss': (0.2936, 0.0)}
{'epoch': 7, 'train_loss': 0.2717, 'train_acc': 0.74, 'task_loss': (0.2717, 0.0)}
{'epoch': 8, 'train_loss': 0.3131, 'train_acc': 0.67, 'task_loss': (0.3131, 0.0)}
{'epoch': 9, 'train_loss': 0.2269, 'train_acc': 0.75, 'task_loss': (0.2269, 0.0)}
{'epoch': 10, 'train_loss': 0.263, 'train_acc': 0.78, 'task_loss': (0.263, 0.0)}
{'epoch': 11, 'train_loss': 0.217, 'train_acc': 0.79, 'task_loss': (0.217, 0.0)}
{'epoch': 12, 'train_loss': 0.1752, 'train_acc': 0.88, 'task_loss': (0.1752, 0.0)}
{'epoch': 13, 'train_loss': 0.1411, 'train_acc': 0.89, 'task_loss': (0.1411, 0.0)}
{'epoch': 14, 'train_loss': 0.1389, 'train_acc': 0.87, 'task_loss': (0.1389, 0.0)}
{'epoch': 15, 'train_loss': 0.1368, 'train_acc': 0.89, 'task_loss': (0.1368, 0.0)}
{'epoch': 16, 'train_loss': 0.1067, 'train_acc': 0.93, 'task_loss': (0.1067, 0.0)}
{'epoch': 17, 'train_loss': 0.1179, 'train_acc': 0.87, 'task_loss': (0.1179, 0.0)}
{'epoch': 18, 'train_loss': 0.0778, 'train_acc': 0.95, 'task_loss': (0.0778, 0.0)}
{'epoch': 19, 'train_loss': 0.1001, 'train_acc': 0.91, 'task_loss': (0.1001, 0.0)}
{'epoch': 20, 'train_loss': 0.107, 'train_acc': 0.91, 'task_loss': (0.107, 0.0)}
{'epoch': 21, 'train_loss': 0.1357, 'train_acc': 0.91, 'task_loss': (0.1357, 0.0)}
{'epoch': 22, 'train_loss': 0.0933, 'train_acc': 0.91, 'task_loss': (0.0933, 0.0)}
{'epoch': 23, 'train_loss': 0.0841, 'train_acc': 0.93, 'task_loss': (0.0841, 0.0)}
{'epoch': 24, 'train_loss': 0.1077, 'train_acc': 0.93, 'task_loss': (0.1077, 0.0)}
{'epoch': 25, 'train_loss': 0.0972, 'train_acc': 0.95, 'task_loss': (0.0972, 0.0)}
{'epoch': 26, 'train_loss': 0.0703, 'train_acc': 0.93, 'task_loss': (0.0703, 0.0)}
{'epoch': 27, 'train_loss': 0.053, 'train_acc': 0.95, 'task_loss': (0.053, 0.0)}
{'epoch': 28, 'train_loss': 0.0824, 'train_acc': 0.93, 'task_loss': (0.0824, 0.0)}
{'epoch': 29, 'train_loss': 0.088, 'train_acc': 0.94, 'task_loss': (0.088, 0.0)}
{'epoch': 30, 'train_loss': 0.1265, 'train_acc': 0.9, 'task_loss': (0.1265, 0.0)}
{'epoch': 31, 'train_loss': 0.1104, 'train_acc': 0.93, 'task_loss': (0.1104, 0.0)}
{'epoch': 32, 'train_loss': 0.0656, 'train_acc': 0.95, 'task_loss': (0.0656, 0.0)}
{'epoch': 33, 'train_loss': 0.0946, 'train_acc': 0.91, 'task_loss': (0.0946, 0.0)}
{'epoch': 34, 'train_loss': 0.0596, 'train_acc': 0.97, 'task_loss': (0.0596, 0.0)}
{'epoch': 35, 'train_loss': 0.0574, 'train_acc': 0.98, 'task_loss': (0.0574, 0.0)}
{'epoch': 36, 'train_loss': 0.0645, 'train_acc': 0.95, 'task_loss': (0.0645, 0.0)}
{'epoch': 37, 'train_loss': 0.0469, 'train_acc': 0.98, 'task_loss': (0.0469, 0.0)}
{'epoch': 38, 'train_loss': 0.0591, 'train_acc': 0.96, 'task_loss': (0.0591, 0.0)}
{'epoch': 39, 'train_loss': 0.052, 'train_acc': 0.97, 'task_loss': (0.052, 0.0)}
{'epoch': 40, 'train_loss': 0.0648, 'train_acc': 0.95, 'task_loss': (0.0648, 0.0)}
{'epoch': 41, 'train_loss': 0.072, 'train_acc': 0.94, 'task_loss': (0.072, 0.0)}
{'epoch': 42, 'train_loss': 0.0727, 'train_acc': 0.91, 'task_loss': (0.0727, 0.0)}
{'epoch': 43, 'train_loss': 0.0491, 'train_acc': 0.97, 'task_loss': (0.0491, 0.0)}
{'epoch': 44, 'train_loss': 0.0269, 'train_acc': 0.98, 'task_loss': (0.0269, 0.0)}
{'epoch': 45, 'train_loss': 0.0563, 'train_acc': 0.95, 'task_loss': (0.0563, 0.0)}
{'epoch': 46, 'train_loss': 0.0606, 'train_acc': 0.96, 'task_loss': (0.0606, 0.0)}
{'epoch': 47, 'train_loss': 0.0433, 'train_acc': 0.98, 'task_loss': (0.0433, 0.0)}
{'epoch': 48, 'train_loss': 0.0304, 'train_acc': 0.99, 'task_loss': (0.0304, 0.0)}
{'epoch': 49, 'train_loss': 0.034, 'train_acc': 0.96, 'task_loss': (0.034, 0.0)}
{'epoch': 50, 'train_loss': 0.0358, 'train_acc': 0.96, 'task_loss': (0.0358, 0.0)}
{'epoch': 51, 'train_loss': 0.0336, 'train_acc': 0.97, 'task_loss': (0.0336, 0.0)}
{'epoch': 52, 'train_loss': 0.0247, 'train_acc': 0.99, 'task_loss': (0.0247, 0.0)}
{'epoch': 53, 'train_loss': 0.0146, 'train_acc': 0.99, 'task_loss': (0.0146, 0.0)}
{'epoch': 54, 'train_loss': 0.0167, 'train_acc': 1.0, 'task_loss': (0.0167, 0.0)}
{'epoch': 55, 'train_loss': 0.0138, 'train_acc': 1.0, 'task_loss': (0.0138, 0.0)}
{'epoch': 56, 'train_loss': 0.0201, 'train_acc': 0.99, 'task_loss': (0.0201, 0.0)}
{'epoch': 57, 'train_loss': 0.0141, 'train_acc': 1.0, 'task_loss': (0.0141, 0.0)}
{'epoch': 58, 'train_loss': 0.0157, 'train_acc': 0.98, 'task_loss': (0.0157, 0.0)}
{'epoch': 59, 'train_loss': 0.0396, 'train_acc': 0.98, 'task_loss': (0.0396, 0.0)}
{'epoch': 60, 'train_loss': 0.0153, 'train_acc': 0.99, 'task_loss': (0.0153, 0.0)}
{'epoch': 61, 'train_loss': 0.0206, 'train_acc': 1.0, 'task_loss': (0.0206, 0.0)}
{'epoch': 62, 'train_loss': 0.0086, 'train_acc': 1.0, 'task_loss': (0.0086, 0.0)}
{'epoch': 63, 'train_loss': 0.0131, 'train_acc': 1.0, 'task_loss': (0.0131, 0.0)}
{'epoch': 64, 'train_loss': 0.0191, 'train_acc': 1.0, 'task_loss': (0.0191, 0.0)}
{'epoch': 65, 'train_loss': 0.0113, 'train_acc': 1.0, 'task_loss': (0.0113, 0.0)}
{'epoch': 66, 'train_loss': 0.0206, 'train_acc': 0.99, 'task_loss': (0.0206, 0.0)}
{'epoch': 67, 'train_loss': 0.0286, 'train_acc': 0.99, 'task_loss': (0.0286, 0.0)}
{'epoch': 68, 'train_loss': 0.0118, 'train_acc': 1.0, 'task_loss': (0.0118, 0.0)}
{'epoch': 69, 'train_loss': 0.0103, 'train_acc': 0.99, 'task_loss': (0.0103, 0.0)}
{'epoch': 70, 'train_loss': 0.0214, 'train_acc': 0.98, 'task_loss': (0.0214, 0.0)}
{'epoch': 71, 'train_loss': 0.0156, 'train_acc': 1.0, 'task_loss': (0.0156, 0.0)}
{'epoch': 72, 'train_loss': 0.0131, 'train_acc': 1.0, 'task_loss': (0.0131, 0.0)}
{'epoch': 73, 'train_loss': 0.0104, 'train_acc': 1.0, 'task_loss': (0.0104, 0.0)}
{'epoch': 74, 'train_loss': 0.0105, 'train_acc': 1.0, 'task_loss': (0.0105, 0.0)}
{'epoch': 75, 'train_loss': 0.0098, 'train_acc': 1.0, 'task_loss': (0.0098, 0.0)}
{'epoch': 76, 'train_loss': 0.0085, 'train_acc': 1.0, 'task_loss': (0.0085, 0.0)}
{'epoch': 77, 'train_loss': 0.0096, 'train_acc': 1.0, 'task_loss': (0.0096, 0.0)}
{'epoch': 78, 'train_loss': 0.0092, 'train_acc': 1.0, 'task_loss': (0.0092, 0.0)}
{'epoch': 79, 'train_loss': 0.0125, 'train_acc': 1.0, 'task_loss': (0.0125, 0.0)}
{'epoch': 80, 'train_loss': 0.0087, 'train_acc': 1.0, 'task_loss': (0.0087, 0.0)}
{'epoch': 81, 'train_loss': 0.0098, 'train_acc': 1.0, 'task_loss': (0.0098, 0.0)}
{'epoch': 82, 'train_loss': 0.0086, 'train_acc': 1.0, 'task_loss': (0.0086, 0.0)}
{'epoch': 83, 'train_loss': 0.0074, 'train_acc': 1.0, 'task_loss': (0.0074, 0.0)}
{'epoch': 84, 'train_loss': 0.0085, 'train_acc': 1.0, 'task_loss': (0.0085, 0.0)}
{'epoch': 85, 'train_loss': 0.0092, 'train_acc': 1.0, 'task_loss': (0.0092, 0.0)}
{'epoch': 86, 'train_loss': 0.009, 'train_acc': 1.0, 'task_loss': (0.009, 0.0)}
{'epoch': 87, 'train_loss': 0.0096, 'train_acc': 1.0, 'task_loss': (0.0096, 0.0)}
{'epoch': 88, 'train_loss': 0.0068, 'train_acc': 1.0, 'task_loss': (0.0068, 0.0)}
{'epoch': 89, 'train_loss': 0.0054, 'train_acc': 1.0, 'task_loss': (0.0054, 0.0)}
{'epoch': 90, 'train_loss': 0.0093, 'train_acc': 1.0, 'task_loss': (0.0093, 0.0)}
{'epoch': 91, 'train_loss': 0.0101, 'train_acc': 0.99, 'task_loss': (0.0101, 0.0)}
{'epoch': 92, 'train_loss': 0.0132, 'train_acc': 1.0, 'task_loss': (0.0132, 0.0)}
{'epoch': 93, 'train_loss': 0.0103, 'train_acc': 1.0, 'task_loss': (0.0103, 0.0)}
{'epoch': 94, 'train_loss': 0.0074, 'train_acc': 1.0, 'task_loss': (0.0074, 0.0)}
{'epoch': 95, 'train_loss': 0.0078, 'train_acc': 1.0, 'task_loss': (0.0078, 0.0)}
{'epoch': 96, 'train_loss': 0.0107, 'train_acc': 1.0, 'task_loss': (0.0107, 0.0)}
{'epoch': 97, 'train_loss': 0.008, 'train_acc': 1.0, 'task_loss': (0.008, 0.0)}
{'epoch': 98, 'train_loss': 0.0221, 'train_acc': 0.98, 'task_loss': (0.0221, 0.0)}
{'epoch': 99, 'train_loss': 0.0087, 'train_acc': 1.0, 'task_loss': (0.0087, 0.0)}
{'epoch': 100, 'train_loss': 0.0077, 'train_acc': 1.0, 'task_loss': (0.0077, 0.0)}
{'run_num': 9, 'final_test_err': 0.14700000000000002}
{'avg_err': 0.1489, 'std_err': 0.0148}
