{'deploy': True, 'tag': '01_prelim_v2/nets', 'seed': 10, 'device': 'cuda:0', 'reps': 10, 'loss': {'alpha': 0.5, 'tune_alpha': False, 'group_task_loss': True}, 'task': {'dataset': 'split_cifar10', 'task_map': [[0, 1], [2, 3], [4, 5], [6, 7], [8, 9]], 'target': 0, 'ood': [4], 'augment': True, 'n': 50, 'm_n': 0, 'beta': 0.5, 'custom_sampler': True}, 'hp': {'epochs': 100, 'bs': 16, 'lr': 0.01}, 'net': 'wrn10_2'}
Files already downloaded and verified
Files already downloaded and verified
{'epoch': 1, 'train_loss': 0.36, 'train_acc': 0.44, 'task_loss': (0.36, 0.0)}
{'epoch': 2, 'train_loss': 0.3491, 'train_acc': 0.5, 'task_loss': (0.3491, 0.0)}
{'epoch': 3, 'train_loss': 0.3444, 'train_acc': 0.52, 'task_loss': (0.3444, 0.0)}
{'epoch': 4, 'train_loss': 0.3413, 'train_acc': 0.6, 'task_loss': (0.3413, 0.0)}
{'epoch': 5, 'train_loss': 0.3352, 'train_acc': 0.61, 'task_loss': (0.3352, 0.0)}
{'epoch': 6, 'train_loss': 0.3338, 'train_acc': 0.65, 'task_loss': (0.3338, 0.0)}
{'epoch': 7, 'train_loss': 0.3312, 'train_acc': 0.62, 'task_loss': (0.3312, 0.0)}
{'epoch': 8, 'train_loss': 0.3197, 'train_acc': 0.69, 'task_loss': (0.3197, 0.0)}
{'epoch': 9, 'train_loss': 0.3217, 'train_acc': 0.67, 'task_loss': (0.3217, 0.0)}
{'epoch': 10, 'train_loss': 0.3135, 'train_acc': 0.74, 'task_loss': (0.3135, 0.0)}
{'epoch': 11, 'train_loss': 0.3065, 'train_acc': 0.75, 'task_loss': (0.3065, 0.0)}
{'epoch': 12, 'train_loss': 0.3005, 'train_acc': 0.71, 'task_loss': (0.3005, 0.0)}
{'epoch': 13, 'train_loss': 0.295, 'train_acc': 0.74, 'task_loss': (0.295, 0.0)}
{'epoch': 14, 'train_loss': 0.2872, 'train_acc': 0.78, 'task_loss': (0.2872, 0.0)}
{'epoch': 15, 'train_loss': 0.2772, 'train_acc': 0.74, 'task_loss': (0.2772, 0.0)}
{'epoch': 16, 'train_loss': 0.2789, 'train_acc': 0.76, 'task_loss': (0.2789, 0.0)}
{'epoch': 17, 'train_loss': 0.2726, 'train_acc': 0.77, 'task_loss': (0.2726, 0.0)}
{'epoch': 18, 'train_loss': 0.2572, 'train_acc': 0.8, 'task_loss': (0.2572, 0.0)}
{'epoch': 19, 'train_loss': 0.2652, 'train_acc': 0.77, 'task_loss': (0.2652, 0.0)}
{'epoch': 20, 'train_loss': 0.2611, 'train_acc': 0.78, 'task_loss': (0.2611, 0.0)}
{'epoch': 21, 'train_loss': 0.2659, 'train_acc': 0.78, 'task_loss': (0.2659, 0.0)}
{'epoch': 22, 'train_loss': 0.2319, 'train_acc': 0.83, 'task_loss': (0.2319, 0.0)}
{'epoch': 23, 'train_loss': 0.2399, 'train_acc': 0.84, 'task_loss': (0.2399, 0.0)}
{'epoch': 24, 'train_loss': 0.2132, 'train_acc': 0.84, 'task_loss': (0.2132, 0.0)}
{'epoch': 25, 'train_loss': 0.2236, 'train_acc': 0.81, 'task_loss': (0.2236, 0.0)}
{'epoch': 26, 'train_loss': 0.2011, 'train_acc': 0.84, 'task_loss': (0.2011, 0.0)}
{'epoch': 27, 'train_loss': 0.2012, 'train_acc': 0.88, 'task_loss': (0.2012, 0.0)}
{'epoch': 28, 'train_loss': 0.2176, 'train_acc': 0.83, 'task_loss': (0.2176, 0.0)}
{'epoch': 29, 'train_loss': 0.1949, 'train_acc': 0.83, 'task_loss': (0.1949, 0.0)}
{'epoch': 30, 'train_loss': 0.1921, 'train_acc': 0.81, 'task_loss': (0.1921, 0.0)}
{'epoch': 31, 'train_loss': 0.209, 'train_acc': 0.85, 'task_loss': (0.209, 0.0)}
{'epoch': 32, 'train_loss': 0.1827, 'train_acc': 0.87, 'task_loss': (0.1827, 0.0)}
{'epoch': 33, 'train_loss': 0.2013, 'train_acc': 0.81, 'task_loss': (0.2013, 0.0)}
{'epoch': 34, 'train_loss': 0.1655, 'train_acc': 0.83, 'task_loss': (0.1655, 0.0)}
{'epoch': 35, 'train_loss': 0.1652, 'train_acc': 0.88, 'task_loss': (0.1652, 0.0)}
{'epoch': 36, 'train_loss': 0.1945, 'train_acc': 0.81, 'task_loss': (0.1945, 0.0)}
{'epoch': 37, 'train_loss': 0.188, 'train_acc': 0.82, 'task_loss': (0.188, 0.0)}
{'epoch': 38, 'train_loss': 0.1781, 'train_acc': 0.85, 'task_loss': (0.1781, 0.0)}
{'epoch': 39, 'train_loss': 0.1735, 'train_acc': 0.86, 'task_loss': (0.1735, 0.0)}
{'epoch': 40, 'train_loss': 0.1891, 'train_acc': 0.83, 'task_loss': (0.1891, 0.0)}
{'epoch': 41, 'train_loss': 0.1467, 'train_acc': 0.87, 'task_loss': (0.1467, 0.0)}
{'epoch': 42, 'train_loss': 0.165, 'train_acc': 0.86, 'task_loss': (0.165, 0.0)}
{'epoch': 43, 'train_loss': 0.1522, 'train_acc': 0.89, 'task_loss': (0.1522, 0.0)}
{'epoch': 44, 'train_loss': 0.1768, 'train_acc': 0.85, 'task_loss': (0.1768, 0.0)}
{'epoch': 45, 'train_loss': 0.2058, 'train_acc': 0.76, 'task_loss': (0.2058, 0.0)}
{'epoch': 46, 'train_loss': 0.16, 'train_acc': 0.88, 'task_loss': (0.16, 0.0)}
{'epoch': 47, 'train_loss': 0.1408, 'train_acc': 0.88, 'task_loss': (0.1408, 0.0)}
{'epoch': 48, 'train_loss': 0.1233, 'train_acc': 0.9, 'task_loss': (0.1233, 0.0)}
{'epoch': 49, 'train_loss': 0.1603, 'train_acc': 0.88, 'task_loss': (0.1603, 0.0)}
{'epoch': 50, 'train_loss': 0.1407, 'train_acc': 0.92, 'task_loss': (0.1407, 0.0)}
{'epoch': 51, 'train_loss': 0.1448, 'train_acc': 0.87, 'task_loss': (0.1448, 0.0)}
{'epoch': 52, 'train_loss': 0.1362, 'train_acc': 0.91, 'task_loss': (0.1362, 0.0)}
{'epoch': 53, 'train_loss': 0.1564, 'train_acc': 0.9, 'task_loss': (0.1564, 0.0)}
{'epoch': 54, 'train_loss': 0.1478, 'train_acc': 0.91, 'task_loss': (0.1478, 0.0)}
{'epoch': 55, 'train_loss': 0.1614, 'train_acc': 0.86, 'task_loss': (0.1614, 0.0)}
{'epoch': 56, 'train_loss': 0.1469, 'train_acc': 0.9, 'task_loss': (0.1469, 0.0)}
{'epoch': 57, 'train_loss': 0.1346, 'train_acc': 0.89, 'task_loss': (0.1346, 0.0)}
{'epoch': 58, 'train_loss': 0.1456, 'train_acc': 0.89, 'task_loss': (0.1456, 0.0)}
{'epoch': 59, 'train_loss': 0.1474, 'train_acc': 0.89, 'task_loss': (0.1474, 0.0)}
{'epoch': 60, 'train_loss': 0.1797, 'train_acc': 0.85, 'task_loss': (0.1797, 0.0)}
{'epoch': 61, 'train_loss': 0.1345, 'train_acc': 0.88, 'task_loss': (0.1345, 0.0)}
{'epoch': 62, 'train_loss': 0.13, 'train_acc': 0.91, 'task_loss': (0.13, 0.0)}
{'epoch': 63, 'train_loss': 0.1206, 'train_acc': 0.93, 'task_loss': (0.1206, 0.0)}
{'epoch': 64, 'train_loss': 0.1111, 'train_acc': 0.92, 'task_loss': (0.1111, 0.0)}
{'epoch': 65, 'train_loss': 0.1225, 'train_acc': 0.94, 'task_loss': (0.1225, 0.0)}
{'epoch': 66, 'train_loss': 0.1047, 'train_acc': 0.93, 'task_loss': (0.1047, 0.0)}
{'epoch': 67, 'train_loss': 0.1311, 'train_acc': 0.88, 'task_loss': (0.1311, 0.0)}
{'epoch': 68, 'train_loss': 0.1142, 'train_acc': 0.92, 'task_loss': (0.1142, 0.0)}
{'epoch': 69, 'train_loss': 0.1226, 'train_acc': 0.91, 'task_loss': (0.1226, 0.0)}
{'epoch': 70, 'train_loss': 0.1078, 'train_acc': 0.92, 'task_loss': (0.1078, 0.0)}
{'epoch': 71, 'train_loss': 0.1205, 'train_acc': 0.87, 'task_loss': (0.1205, 0.0)}
{'epoch': 72, 'train_loss': 0.1058, 'train_acc': 0.91, 'task_loss': (0.1058, 0.0)}
{'epoch': 73, 'train_loss': 0.1356, 'train_acc': 0.86, 'task_loss': (0.1356, 0.0)}
{'epoch': 74, 'train_loss': 0.0942, 'train_acc': 0.95, 'task_loss': (0.0942, 0.0)}
{'epoch': 75, 'train_loss': 0.1013, 'train_acc': 0.96, 'task_loss': (0.1013, 0.0)}
{'epoch': 76, 'train_loss': 0.0764, 'train_acc': 0.98, 'task_loss': (0.0764, 0.0)}
{'epoch': 77, 'train_loss': 0.1317, 'train_acc': 0.91, 'task_loss': (0.1317, 0.0)}
{'epoch': 78, 'train_loss': 0.1017, 'train_acc': 0.92, 'task_loss': (0.1017, 0.0)}
{'epoch': 79, 'train_loss': 0.0993, 'train_acc': 0.91, 'task_loss': (0.0993, 0.0)}
{'epoch': 80, 'train_loss': 0.0853, 'train_acc': 0.97, 'task_loss': (0.0853, 0.0)}
{'epoch': 81, 'train_loss': 0.0838, 'train_acc': 0.96, 'task_loss': (0.0838, 0.0)}
{'epoch': 82, 'train_loss': 0.1266, 'train_acc': 0.89, 'task_loss': (0.1266, 0.0)}
{'epoch': 83, 'train_loss': 0.1, 'train_acc': 0.94, 'task_loss': (0.1, 0.0)}
{'epoch': 84, 'train_loss': 0.107, 'train_acc': 0.92, 'task_loss': (0.107, 0.0)}
{'epoch': 85, 'train_loss': 0.1354, 'train_acc': 0.9, 'task_loss': (0.1354, 0.0)}
{'epoch': 86, 'train_loss': 0.083, 'train_acc': 0.96, 'task_loss': (0.083, 0.0)}
{'epoch': 87, 'train_loss': 0.0969, 'train_acc': 0.93, 'task_loss': (0.0969, 0.0)}
{'epoch': 88, 'train_loss': 0.094, 'train_acc': 0.93, 'task_loss': (0.094, 0.0)}
{'epoch': 89, 'train_loss': 0.1056, 'train_acc': 0.91, 'task_loss': (0.1056, 0.0)}
{'epoch': 90, 'train_loss': 0.0948, 'train_acc': 0.96, 'task_loss': (0.0948, 0.0)}
{'epoch': 91, 'train_loss': 0.0959, 'train_acc': 0.92, 'task_loss': (0.0959, 0.0)}
{'epoch': 92, 'train_loss': 0.1025, 'train_acc': 0.92, 'task_loss': (0.1025, 0.0)}
{'epoch': 93, 'train_loss': 0.1234, 'train_acc': 0.91, 'task_loss': (0.1234, 0.0)}
{'epoch': 94, 'train_loss': 0.0987, 'train_acc': 0.95, 'task_loss': (0.0987, 0.0)}
{'epoch': 95, 'train_loss': 0.0885, 'train_acc': 0.95, 'task_loss': (0.0885, 0.0)}
{'epoch': 96, 'train_loss': 0.0916, 'train_acc': 0.91, 'task_loss': (0.0916, 0.0)}
{'epoch': 97, 'train_loss': 0.1135, 'train_acc': 0.92, 'task_loss': (0.1135, 0.0)}
{'epoch': 98, 'train_loss': 0.105, 'train_acc': 0.91, 'task_loss': (0.105, 0.0)}
{'epoch': 99, 'train_loss': 0.09, 'train_acc': 0.94, 'task_loss': (0.09, 0.0)}
{'epoch': 100, 'train_loss': 0.097, 'train_acc': 0.94, 'task_loss': (0.097, 0.0)}
{'run_num': 0, 'final_test_err': 0.21350000000000002}
Files already downloaded and verified
Files already downloaded and verified
{'epoch': 1, 'train_loss': 0.3502, 'train_acc': 0.44, 'task_loss': (0.3502, 0.0)}
{'epoch': 2, 'train_loss': 0.3485, 'train_acc': 0.48, 'task_loss': (0.3485, 0.0)}
{'epoch': 3, 'train_loss': 0.3436, 'train_acc': 0.58, 'task_loss': (0.3436, 0.0)}
{'epoch': 4, 'train_loss': 0.339, 'train_acc': 0.6, 'task_loss': (0.339, 0.0)}
{'epoch': 5, 'train_loss': 0.339, 'train_acc': 0.56, 'task_loss': (0.339, 0.0)}
{'epoch': 6, 'train_loss': 0.3362, 'train_acc': 0.59, 'task_loss': (0.3362, 0.0)}
{'epoch': 7, 'train_loss': 0.3356, 'train_acc': 0.64, 'task_loss': (0.3356, 0.0)}
{'epoch': 8, 'train_loss': 0.329, 'train_acc': 0.68, 'task_loss': (0.329, 0.0)}
{'epoch': 9, 'train_loss': 0.3233, 'train_acc': 0.68, 'task_loss': (0.3233, 0.0)}
{'epoch': 10, 'train_loss': 0.3201, 'train_acc': 0.65, 'task_loss': (0.3201, 0.0)}
{'epoch': 11, 'train_loss': 0.3107, 'train_acc': 0.74, 'task_loss': (0.3107, 0.0)}
{'epoch': 12, 'train_loss': 0.3003, 'train_acc': 0.74, 'task_loss': (0.3003, 0.0)}
{'epoch': 13, 'train_loss': 0.2922, 'train_acc': 0.77, 'task_loss': (0.2922, 0.0)}
{'epoch': 14, 'train_loss': 0.2927, 'train_acc': 0.73, 'task_loss': (0.2927, 0.0)}
{'epoch': 15, 'train_loss': 0.2868, 'train_acc': 0.73, 'task_loss': (0.2868, 0.0)}
{'epoch': 16, 'train_loss': 0.2845, 'train_acc': 0.76, 'task_loss': (0.2845, 0.0)}
{'epoch': 17, 'train_loss': 0.2689, 'train_acc': 0.74, 'task_loss': (0.2689, 0.0)}
{'epoch': 18, 'train_loss': 0.2538, 'train_acc': 0.77, 'task_loss': (0.2538, 0.0)}
{'epoch': 19, 'train_loss': 0.2457, 'train_acc': 0.79, 'task_loss': (0.2457, 0.0)}
{'epoch': 20, 'train_loss': 0.2572, 'train_acc': 0.76, 'task_loss': (0.2572, 0.0)}
{'epoch': 21, 'train_loss': 0.258, 'train_acc': 0.8, 'task_loss': (0.258, 0.0)}
{'epoch': 22, 'train_loss': 0.2348, 'train_acc': 0.8, 'task_loss': (0.2348, 0.0)}
{'epoch': 23, 'train_loss': 0.2236, 'train_acc': 0.78, 'task_loss': (0.2236, 0.0)}
{'epoch': 24, 'train_loss': 0.2511, 'train_acc': 0.76, 'task_loss': (0.2511, 0.0)}
{'epoch': 25, 'train_loss': 0.2538, 'train_acc': 0.72, 'task_loss': (0.2538, 0.0)}
{'epoch': 26, 'train_loss': 0.2172, 'train_acc': 0.8, 'task_loss': (0.2172, 0.0)}
{'epoch': 27, 'train_loss': 0.2465, 'train_acc': 0.76, 'task_loss': (0.2465, 0.0)}
{'epoch': 28, 'train_loss': 0.2212, 'train_acc': 0.83, 'task_loss': (0.2212, 0.0)}
{'epoch': 29, 'train_loss': 0.2141, 'train_acc': 0.84, 'task_loss': (0.2141, 0.0)}
{'epoch': 30, 'train_loss': 0.2123, 'train_acc': 0.8, 'task_loss': (0.2123, 0.0)}
{'epoch': 31, 'train_loss': 0.2334, 'train_acc': 0.8, 'task_loss': (0.2334, 0.0)}
{'epoch': 32, 'train_loss': 0.2257, 'train_acc': 0.76, 'task_loss': (0.2257, 0.0)}
{'epoch': 33, 'train_loss': 0.2024, 'train_acc': 0.81, 'task_loss': (0.2024, 0.0)}
{'epoch': 34, 'train_loss': 0.2195, 'train_acc': 0.78, 'task_loss': (0.2195, 0.0)}
{'epoch': 35, 'train_loss': 0.204, 'train_acc': 0.82, 'task_loss': (0.204, 0.0)}
{'epoch': 36, 'train_loss': 0.1937, 'train_acc': 0.88, 'task_loss': (0.1937, 0.0)}
{'epoch': 37, 'train_loss': 0.2129, 'train_acc': 0.79, 'task_loss': (0.2129, 0.0)}
{'epoch': 38, 'train_loss': 0.1883, 'train_acc': 0.84, 'task_loss': (0.1883, 0.0)}
{'epoch': 39, 'train_loss': 0.1908, 'train_acc': 0.82, 'task_loss': (0.1908, 0.0)}
{'epoch': 40, 'train_loss': 0.1995, 'train_acc': 0.83, 'task_loss': (0.1995, 0.0)}
{'epoch': 41, 'train_loss': 0.1908, 'train_acc': 0.84, 'task_loss': (0.1908, 0.0)}
{'epoch': 42, 'train_loss': 0.1875, 'train_acc': 0.84, 'task_loss': (0.1875, 0.0)}
{'epoch': 43, 'train_loss': 0.198, 'train_acc': 0.83, 'task_loss': (0.198, 0.0)}
{'epoch': 44, 'train_loss': 0.2002, 'train_acc': 0.82, 'task_loss': (0.2002, 0.0)}
{'epoch': 45, 'train_loss': 0.1677, 'train_acc': 0.87, 'task_loss': (0.1677, 0.0)}
{'epoch': 46, 'train_loss': 0.181, 'train_acc': 0.85, 'task_loss': (0.181, 0.0)}
{'epoch': 47, 'train_loss': 0.1658, 'train_acc': 0.85, 'task_loss': (0.1658, 0.0)}
{'epoch': 48, 'train_loss': 0.1713, 'train_acc': 0.84, 'task_loss': (0.1713, 0.0)}
{'epoch': 49, 'train_loss': 0.1745, 'train_acc': 0.86, 'task_loss': (0.1745, 0.0)}
{'epoch': 50, 'train_loss': 0.1553, 'train_acc': 0.86, 'task_loss': (0.1553, 0.0)}
{'epoch': 51, 'train_loss': 0.1659, 'train_acc': 0.88, 'task_loss': (0.1659, 0.0)}
{'epoch': 52, 'train_loss': 0.1568, 'train_acc': 0.89, 'task_loss': (0.1568, 0.0)}
{'epoch': 53, 'train_loss': 0.1578, 'train_acc': 0.87, 'task_loss': (0.1578, 0.0)}
{'epoch': 54, 'train_loss': 0.1973, 'train_acc': 0.82, 'task_loss': (0.1973, 0.0)}
{'epoch': 55, 'train_loss': 0.1382, 'train_acc': 0.86, 'task_loss': (0.1382, 0.0)}
{'epoch': 56, 'train_loss': 0.1438, 'train_acc': 0.87, 'task_loss': (0.1438, 0.0)}
{'epoch': 57, 'train_loss': 0.1595, 'train_acc': 0.86, 'task_loss': (0.1595, 0.0)}
{'epoch': 58, 'train_loss': 0.1372, 'train_acc': 0.88, 'task_loss': (0.1372, 0.0)}
{'epoch': 59, 'train_loss': 0.148, 'train_acc': 0.88, 'task_loss': (0.148, 0.0)}
{'epoch': 60, 'train_loss': 0.1418, 'train_acc': 0.87, 'task_loss': (0.1418, 0.0)}
{'epoch': 61, 'train_loss': 0.1494, 'train_acc': 0.91, 'task_loss': (0.1494, 0.0)}
{'epoch': 62, 'train_loss': 0.1414, 'train_acc': 0.89, 'task_loss': (0.1414, 0.0)}
{'epoch': 63, 'train_loss': 0.1377, 'train_acc': 0.91, 'task_loss': (0.1377, 0.0)}
{'epoch': 64, 'train_loss': 0.1569, 'train_acc': 0.91, 'task_loss': (0.1569, 0.0)}
{'epoch': 65, 'train_loss': 0.1503, 'train_acc': 0.89, 'task_loss': (0.1503, 0.0)}
{'epoch': 66, 'train_loss': 0.1329, 'train_acc': 0.91, 'task_loss': (0.1329, 0.0)}
{'epoch': 67, 'train_loss': 0.1477, 'train_acc': 0.92, 'task_loss': (0.1477, 0.0)}
{'epoch': 68, 'train_loss': 0.1427, 'train_acc': 0.88, 'task_loss': (0.1427, 0.0)}
{'epoch': 69, 'train_loss': 0.1466, 'train_acc': 0.88, 'task_loss': (0.1466, 0.0)}
{'epoch': 70, 'train_loss': 0.1206, 'train_acc': 0.93, 'task_loss': (0.1206, 0.0)}
{'epoch': 71, 'train_loss': 0.1333, 'train_acc': 0.88, 'task_loss': (0.1333, 0.0)}
{'epoch': 72, 'train_loss': 0.1515, 'train_acc': 0.88, 'task_loss': (0.1515, 0.0)}
{'epoch': 73, 'train_loss': 0.1387, 'train_acc': 0.92, 'task_loss': (0.1387, 0.0)}
{'epoch': 74, 'train_loss': 0.1351, 'train_acc': 0.88, 'task_loss': (0.1351, 0.0)}
{'epoch': 75, 'train_loss': 0.1222, 'train_acc': 0.91, 'task_loss': (0.1222, 0.0)}
{'epoch': 76, 'train_loss': 0.1399, 'train_acc': 0.91, 'task_loss': (0.1399, 0.0)}
{'epoch': 77, 'train_loss': 0.1588, 'train_acc': 0.88, 'task_loss': (0.1588, 0.0)}
{'epoch': 78, 'train_loss': 0.1343, 'train_acc': 0.89, 'task_loss': (0.1343, 0.0)}
{'epoch': 79, 'train_loss': 0.1359, 'train_acc': 0.87, 'task_loss': (0.1359, 0.0)}
{'epoch': 80, 'train_loss': 0.1466, 'train_acc': 0.88, 'task_loss': (0.1466, 0.0)}
{'epoch': 81, 'train_loss': 0.1235, 'train_acc': 0.89, 'task_loss': (0.1235, 0.0)}
{'epoch': 82, 'train_loss': 0.1175, 'train_acc': 0.92, 'task_loss': (0.1175, 0.0)}
{'epoch': 83, 'train_loss': 0.1744, 'train_acc': 0.84, 'task_loss': (0.1744, 0.0)}
{'epoch': 84, 'train_loss': 0.1423, 'train_acc': 0.87, 'task_loss': (0.1423, 0.0)}
{'epoch': 85, 'train_loss': 0.1568, 'train_acc': 0.85, 'task_loss': (0.1568, 0.0)}
{'epoch': 86, 'train_loss': 0.1152, 'train_acc': 0.92, 'task_loss': (0.1152, 0.0)}
{'epoch': 87, 'train_loss': 0.1687, 'train_acc': 0.86, 'task_loss': (0.1687, 0.0)}
{'epoch': 88, 'train_loss': 0.1287, 'train_acc': 0.92, 'task_loss': (0.1287, 0.0)}
{'epoch': 89, 'train_loss': 0.127, 'train_acc': 0.9, 'task_loss': (0.127, 0.0)}
{'epoch': 90, 'train_loss': 0.121, 'train_acc': 0.93, 'task_loss': (0.121, 0.0)}
{'epoch': 91, 'train_loss': 0.1105, 'train_acc': 0.92, 'task_loss': (0.1105, 0.0)}
{'epoch': 92, 'train_loss': 0.1183, 'train_acc': 0.91, 'task_loss': (0.1183, 0.0)}
{'epoch': 93, 'train_loss': 0.1197, 'train_acc': 0.9, 'task_loss': (0.1197, 0.0)}
{'epoch': 94, 'train_loss': 0.1372, 'train_acc': 0.92, 'task_loss': (0.1372, 0.0)}
{'epoch': 95, 'train_loss': 0.129, 'train_acc': 0.93, 'task_loss': (0.129, 0.0)}
{'epoch': 96, 'train_loss': 0.1275, 'train_acc': 0.93, 'task_loss': (0.1275, 0.0)}
{'epoch': 97, 'train_loss': 0.1449, 'train_acc': 0.85, 'task_loss': (0.1449, 0.0)}
{'epoch': 98, 'train_loss': 0.114, 'train_acc': 0.93, 'task_loss': (0.114, 0.0)}
{'epoch': 99, 'train_loss': 0.1281, 'train_acc': 0.88, 'task_loss': (0.1281, 0.0)}
{'epoch': 100, 'train_loss': 0.1109, 'train_acc': 0.94, 'task_loss': (0.1109, 0.0)}
{'run_num': 1, 'final_test_err': 0.1875}
Files already downloaded and verified
Files already downloaded and verified
{'epoch': 1, 'train_loss': 0.3514, 'train_acc': 0.45, 'task_loss': (0.3514, 0.0)}
{'epoch': 2, 'train_loss': 0.3497, 'train_acc': 0.49, 'task_loss': (0.3497, 0.0)}
{'epoch': 3, 'train_loss': 0.3407, 'train_acc': 0.57, 'task_loss': (0.3407, 0.0)}
{'epoch': 4, 'train_loss': 0.3377, 'train_acc': 0.62, 'task_loss': (0.3377, 0.0)}
{'epoch': 5, 'train_loss': 0.3371, 'train_acc': 0.64, 'task_loss': (0.3371, 0.0)}
{'epoch': 6, 'train_loss': 0.3311, 'train_acc': 0.63, 'task_loss': (0.3311, 0.0)}
{'epoch': 7, 'train_loss': 0.3298, 'train_acc': 0.6, 'task_loss': (0.3298, 0.0)}
{'epoch': 8, 'train_loss': 0.32, 'train_acc': 0.66, 'task_loss': (0.32, 0.0)}
{'epoch': 9, 'train_loss': 0.3147, 'train_acc': 0.64, 'task_loss': (0.3147, 0.0)}
{'epoch': 10, 'train_loss': 0.3152, 'train_acc': 0.64, 'task_loss': (0.3152, 0.0)}
{'epoch': 11, 'train_loss': 0.3038, 'train_acc': 0.66, 'task_loss': (0.3038, 0.0)}
{'epoch': 12, 'train_loss': 0.303, 'train_acc': 0.66, 'task_loss': (0.303, 0.0)}
{'epoch': 13, 'train_loss': 0.2848, 'train_acc': 0.71, 'task_loss': (0.2848, 0.0)}
{'epoch': 14, 'train_loss': 0.2883, 'train_acc': 0.69, 'task_loss': (0.2883, 0.0)}
{'epoch': 15, 'train_loss': 0.2857, 'train_acc': 0.7, 'task_loss': (0.2857, 0.0)}
{'epoch': 16, 'train_loss': 0.2677, 'train_acc': 0.74, 'task_loss': (0.2677, 0.0)}
{'epoch': 17, 'train_loss': 0.2694, 'train_acc': 0.73, 'task_loss': (0.2694, 0.0)}
{'epoch': 18, 'train_loss': 0.2792, 'train_acc': 0.76, 'task_loss': (0.2792, 0.0)}
{'epoch': 19, 'train_loss': 0.2539, 'train_acc': 0.83, 'task_loss': (0.2539, 0.0)}
{'epoch': 20, 'train_loss': 0.2695, 'train_acc': 0.79, 'task_loss': (0.2695, 0.0)}
{'epoch': 21, 'train_loss': 0.2406, 'train_acc': 0.76, 'task_loss': (0.2406, 0.0)}
{'epoch': 22, 'train_loss': 0.241, 'train_acc': 0.77, 'task_loss': (0.241, 0.0)}
{'epoch': 23, 'train_loss': 0.2433, 'train_acc': 0.77, 'task_loss': (0.2433, 0.0)}
{'epoch': 24, 'train_loss': 0.2374, 'train_acc': 0.81, 'task_loss': (0.2374, 0.0)}
{'epoch': 25, 'train_loss': 0.2107, 'train_acc': 0.84, 'task_loss': (0.2107, 0.0)}
{'epoch': 26, 'train_loss': 0.2072, 'train_acc': 0.86, 'task_loss': (0.2072, 0.0)}
{'epoch': 27, 'train_loss': 0.2043, 'train_acc': 0.8, 'task_loss': (0.2043, 0.0)}
{'epoch': 28, 'train_loss': 0.1984, 'train_acc': 0.82, 'task_loss': (0.1984, 0.0)}
{'epoch': 29, 'train_loss': 0.1866, 'train_acc': 0.83, 'task_loss': (0.1866, 0.0)}
{'epoch': 30, 'train_loss': 0.2053, 'train_acc': 0.79, 'task_loss': (0.2053, 0.0)}
{'epoch': 31, 'train_loss': 0.2008, 'train_acc': 0.82, 'task_loss': (0.2008, 0.0)}
{'epoch': 32, 'train_loss': 0.1982, 'train_acc': 0.85, 'task_loss': (0.1982, 0.0)}
{'epoch': 33, 'train_loss': 0.1914, 'train_acc': 0.87, 'task_loss': (0.1914, 0.0)}
{'epoch': 34, 'train_loss': 0.1719, 'train_acc': 0.85, 'task_loss': (0.1719, 0.0)}
{'epoch': 35, 'train_loss': 0.175, 'train_acc': 0.83, 'task_loss': (0.175, 0.0)}
{'epoch': 36, 'train_loss': 0.1896, 'train_acc': 0.82, 'task_loss': (0.1896, 0.0)}
{'epoch': 37, 'train_loss': 0.1798, 'train_acc': 0.85, 'task_loss': (0.1798, 0.0)}
{'epoch': 38, 'train_loss': 0.1755, 'train_acc': 0.83, 'task_loss': (0.1755, 0.0)}
{'epoch': 39, 'train_loss': 0.1565, 'train_acc': 0.85, 'task_loss': (0.1565, 0.0)}
{'epoch': 40, 'train_loss': 0.1896, 'train_acc': 0.82, 'task_loss': (0.1896, 0.0)}
{'epoch': 41, 'train_loss': 0.14, 'train_acc': 0.91, 'task_loss': (0.14, 0.0)}
{'epoch': 42, 'train_loss': 0.1558, 'train_acc': 0.88, 'task_loss': (0.1558, 0.0)}
{'epoch': 43, 'train_loss': 0.1561, 'train_acc': 0.9, 'task_loss': (0.1561, 0.0)}
{'epoch': 44, 'train_loss': 0.1771, 'train_acc': 0.84, 'task_loss': (0.1771, 0.0)}
{'epoch': 45, 'train_loss': 0.1445, 'train_acc': 0.88, 'task_loss': (0.1445, 0.0)}
{'epoch': 46, 'train_loss': 0.1671, 'train_acc': 0.86, 'task_loss': (0.1671, 0.0)}
{'epoch': 47, 'train_loss': 0.1375, 'train_acc': 0.91, 'task_loss': (0.1375, 0.0)}
{'epoch': 48, 'train_loss': 0.1372, 'train_acc': 0.88, 'task_loss': (0.1372, 0.0)}
{'epoch': 49, 'train_loss': 0.1521, 'train_acc': 0.88, 'task_loss': (0.1521, 0.0)}
{'epoch': 50, 'train_loss': 0.1494, 'train_acc': 0.91, 'task_loss': (0.1494, 0.0)}
{'epoch': 51, 'train_loss': 0.1281, 'train_acc': 0.9, 'task_loss': (0.1281, 0.0)}
{'epoch': 52, 'train_loss': 0.1348, 'train_acc': 0.88, 'task_loss': (0.1348, 0.0)}
{'epoch': 53, 'train_loss': 0.1301, 'train_acc': 0.88, 'task_loss': (0.1301, 0.0)}
{'epoch': 54, 'train_loss': 0.1433, 'train_acc': 0.9, 'task_loss': (0.1433, 0.0)}
{'epoch': 55, 'train_loss': 0.127, 'train_acc': 0.9, 'task_loss': (0.127, 0.0)}
{'epoch': 56, 'train_loss': 0.1768, 'train_acc': 0.86, 'task_loss': (0.1768, 0.0)}
{'epoch': 57, 'train_loss': 0.1426, 'train_acc': 0.86, 'task_loss': (0.1426, 0.0)}
{'epoch': 58, 'train_loss': 0.1158, 'train_acc': 0.93, 'task_loss': (0.1158, 0.0)}
{'epoch': 59, 'train_loss': 0.1315, 'train_acc': 0.89, 'task_loss': (0.1315, 0.0)}
{'epoch': 60, 'train_loss': 0.1232, 'train_acc': 0.91, 'task_loss': (0.1232, 0.0)}
{'epoch': 61, 'train_loss': 0.1027, 'train_acc': 0.91, 'task_loss': (0.1027, 0.0)}
{'epoch': 62, 'train_loss': 0.1186, 'train_acc': 0.91, 'task_loss': (0.1186, 0.0)}
{'epoch': 63, 'train_loss': 0.1322, 'train_acc': 0.88, 'task_loss': (0.1322, 0.0)}
{'epoch': 64, 'train_loss': 0.1271, 'train_acc': 0.91, 'task_loss': (0.1271, 0.0)}
{'epoch': 65, 'train_loss': 0.1051, 'train_acc': 0.92, 'task_loss': (0.1051, 0.0)}
{'epoch': 66, 'train_loss': 0.1335, 'train_acc': 0.9, 'task_loss': (0.1335, 0.0)}
{'epoch': 67, 'train_loss': 0.088, 'train_acc': 0.95, 'task_loss': (0.088, 0.0)}
{'epoch': 68, 'train_loss': 0.1342, 'train_acc': 0.88, 'task_loss': (0.1342, 0.0)}
{'epoch': 69, 'train_loss': 0.1539, 'train_acc': 0.87, 'task_loss': (0.1539, 0.0)}
{'epoch': 70, 'train_loss': 0.1473, 'train_acc': 0.87, 'task_loss': (0.1473, 0.0)}
{'epoch': 71, 'train_loss': 0.124, 'train_acc': 0.88, 'task_loss': (0.124, 0.0)}
{'epoch': 72, 'train_loss': 0.1038, 'train_acc': 0.91, 'task_loss': (0.1038, 0.0)}
{'epoch': 73, 'train_loss': 0.1095, 'train_acc': 0.93, 'task_loss': (0.1095, 0.0)}
{'epoch': 74, 'train_loss': 0.1116, 'train_acc': 0.95, 'task_loss': (0.1116, 0.0)}
{'epoch': 75, 'train_loss': 0.1117, 'train_acc': 0.89, 'task_loss': (0.1117, 0.0)}
{'epoch': 76, 'train_loss': 0.1147, 'train_acc': 0.92, 'task_loss': (0.1147, 0.0)}
{'epoch': 77, 'train_loss': 0.1219, 'train_acc': 0.9, 'task_loss': (0.1219, 0.0)}
{'epoch': 78, 'train_loss': 0.1069, 'train_acc': 0.92, 'task_loss': (0.1069, 0.0)}
{'epoch': 79, 'train_loss': 0.0866, 'train_acc': 0.92, 'task_loss': (0.0866, 0.0)}
{'epoch': 80, 'train_loss': 0.1066, 'train_acc': 0.9, 'task_loss': (0.1066, 0.0)}
{'epoch': 81, 'train_loss': 0.1106, 'train_acc': 0.93, 'task_loss': (0.1106, 0.0)}
{'epoch': 82, 'train_loss': 0.0955, 'train_acc': 0.94, 'task_loss': (0.0955, 0.0)}
{'epoch': 83, 'train_loss': 0.1049, 'train_acc': 0.92, 'task_loss': (0.1049, 0.0)}
{'epoch': 84, 'train_loss': 0.1112, 'train_acc': 0.92, 'task_loss': (0.1112, 0.0)}
{'epoch': 85, 'train_loss': 0.1323, 'train_acc': 0.87, 'task_loss': (0.1323, 0.0)}
{'epoch': 86, 'train_loss': 0.0913, 'train_acc': 0.95, 'task_loss': (0.0913, 0.0)}
{'epoch': 87, 'train_loss': 0.109, 'train_acc': 0.9, 'task_loss': (0.109, 0.0)}
{'epoch': 88, 'train_loss': 0.1131, 'train_acc': 0.9, 'task_loss': (0.1131, 0.0)}
{'epoch': 89, 'train_loss': 0.1082, 'train_acc': 0.91, 'task_loss': (0.1082, 0.0)}
{'epoch': 90, 'train_loss': 0.1211, 'train_acc': 0.9, 'task_loss': (0.1211, 0.0)}
{'epoch': 91, 'train_loss': 0.1033, 'train_acc': 0.92, 'task_loss': (0.1033, 0.0)}
{'epoch': 92, 'train_loss': 0.104, 'train_acc': 0.94, 'task_loss': (0.104, 0.0)}
{'epoch': 93, 'train_loss': 0.1146, 'train_acc': 0.91, 'task_loss': (0.1146, 0.0)}
{'epoch': 94, 'train_loss': 0.0999, 'train_acc': 0.95, 'task_loss': (0.0999, 0.0)}
{'epoch': 95, 'train_loss': 0.1199, 'train_acc': 0.91, 'task_loss': (0.1199, 0.0)}
{'epoch': 96, 'train_loss': 0.1026, 'train_acc': 0.94, 'task_loss': (0.1026, 0.0)}
{'epoch': 97, 'train_loss': 0.1555, 'train_acc': 0.85, 'task_loss': (0.1555, 0.0)}
{'epoch': 98, 'train_loss': 0.1078, 'train_acc': 0.92, 'task_loss': (0.1078, 0.0)}
{'epoch': 99, 'train_loss': 0.1293, 'train_acc': 0.89, 'task_loss': (0.1293, 0.0)}
{'epoch': 100, 'train_loss': 0.1248, 'train_acc': 0.89, 'task_loss': (0.1248, 0.0)}
{'run_num': 2, 'final_test_err': 0.21450000000000002}
Files already downloaded and verified
Files already downloaded and verified
{'epoch': 1, 'train_loss': 0.3464, 'train_acc': 0.55, 'task_loss': (0.3464, 0.0)}
{'epoch': 2, 'train_loss': 0.3409, 'train_acc': 0.62, 'task_loss': (0.3409, 0.0)}
{'epoch': 3, 'train_loss': 0.3379, 'train_acc': 0.58, 'task_loss': (0.3379, 0.0)}
{'epoch': 4, 'train_loss': 0.3382, 'train_acc': 0.61, 'task_loss': (0.3382, 0.0)}
{'epoch': 5, 'train_loss': 0.3325, 'train_acc': 0.61, 'task_loss': (0.3325, 0.0)}
{'epoch': 6, 'train_loss': 0.3267, 'train_acc': 0.68, 'task_loss': (0.3267, 0.0)}
{'epoch': 7, 'train_loss': 0.3215, 'train_acc': 0.68, 'task_loss': (0.3215, 0.0)}
{'epoch': 8, 'train_loss': 0.3142, 'train_acc': 0.73, 'task_loss': (0.3142, 0.0)}
{'epoch': 9, 'train_loss': 0.3045, 'train_acc': 0.72, 'task_loss': (0.3045, 0.0)}
{'epoch': 10, 'train_loss': 0.3179, 'train_acc': 0.6, 'task_loss': (0.3179, 0.0)}
{'epoch': 11, 'train_loss': 0.3025, 'train_acc': 0.68, 'task_loss': (0.3025, 0.0)}
{'epoch': 12, 'train_loss': 0.3008, 'train_acc': 0.69, 'task_loss': (0.3008, 0.0)}
{'epoch': 13, 'train_loss': 0.2922, 'train_acc': 0.73, 'task_loss': (0.2922, 0.0)}
{'epoch': 14, 'train_loss': 0.2931, 'train_acc': 0.76, 'task_loss': (0.2931, 0.0)}
{'epoch': 15, 'train_loss': 0.2961, 'train_acc': 0.68, 'task_loss': (0.2961, 0.0)}
{'epoch': 16, 'train_loss': 0.2812, 'train_acc': 0.74, 'task_loss': (0.2812, 0.0)}
{'epoch': 17, 'train_loss': 0.2857, 'train_acc': 0.74, 'task_loss': (0.2857, 0.0)}
{'epoch': 18, 'train_loss': 0.2846, 'train_acc': 0.73, 'task_loss': (0.2846, 0.0)}
{'epoch': 19, 'train_loss': 0.2744, 'train_acc': 0.78, 'task_loss': (0.2744, 0.0)}
{'epoch': 20, 'train_loss': 0.2705, 'train_acc': 0.71, 'task_loss': (0.2705, 0.0)}
{'epoch': 21, 'train_loss': 0.2556, 'train_acc': 0.77, 'task_loss': (0.2556, 0.0)}
{'epoch': 22, 'train_loss': 0.2414, 'train_acc': 0.81, 'task_loss': (0.2414, 0.0)}
{'epoch': 23, 'train_loss': 0.2556, 'train_acc': 0.78, 'task_loss': (0.2556, 0.0)}
{'epoch': 24, 'train_loss': 0.2294, 'train_acc': 0.82, 'task_loss': (0.2294, 0.0)}
{'epoch': 25, 'train_loss': 0.2396, 'train_acc': 0.78, 'task_loss': (0.2396, 0.0)}
{'epoch': 26, 'train_loss': 0.2342, 'train_acc': 0.76, 'task_loss': (0.2342, 0.0)}
{'epoch': 27, 'train_loss': 0.239, 'train_acc': 0.79, 'task_loss': (0.239, 0.0)}
{'epoch': 28, 'train_loss': 0.2292, 'train_acc': 0.8, 'task_loss': (0.2292, 0.0)}
{'epoch': 29, 'train_loss': 0.2258, 'train_acc': 0.8, 'task_loss': (0.2258, 0.0)}
{'epoch': 30, 'train_loss': 0.2442, 'train_acc': 0.79, 'task_loss': (0.2442, 0.0)}
{'epoch': 31, 'train_loss': 0.2069, 'train_acc': 0.86, 'task_loss': (0.2069, 0.0)}
{'epoch': 32, 'train_loss': 0.2257, 'train_acc': 0.79, 'task_loss': (0.2257, 0.0)}
{'epoch': 33, 'train_loss': 0.2261, 'train_acc': 0.81, 'task_loss': (0.2261, 0.0)}
{'epoch': 34, 'train_loss': 0.2083, 'train_acc': 0.82, 'task_loss': (0.2083, 0.0)}
{'epoch': 35, 'train_loss': 0.2119, 'train_acc': 0.82, 'task_loss': (0.2119, 0.0)}
{'epoch': 36, 'train_loss': 0.2054, 'train_acc': 0.86, 'task_loss': (0.2054, 0.0)}
{'epoch': 37, 'train_loss': 0.2108, 'train_acc': 0.8, 'task_loss': (0.2108, 0.0)}
{'epoch': 38, 'train_loss': 0.2005, 'train_acc': 0.82, 'task_loss': (0.2005, 0.0)}
{'epoch': 39, 'train_loss': 0.2118, 'train_acc': 0.78, 'task_loss': (0.2118, 0.0)}
{'epoch': 40, 'train_loss': 0.1988, 'train_acc': 0.84, 'task_loss': (0.1988, 0.0)}
{'epoch': 41, 'train_loss': 0.2043, 'train_acc': 0.8, 'task_loss': (0.2043, 0.0)}
{'epoch': 42, 'train_loss': 0.1773, 'train_acc': 0.89, 'task_loss': (0.1773, 0.0)}
{'epoch': 43, 'train_loss': 0.175, 'train_acc': 0.84, 'task_loss': (0.175, 0.0)}
{'epoch': 44, 'train_loss': 0.1763, 'train_acc': 0.85, 'task_loss': (0.1763, 0.0)}
{'epoch': 45, 'train_loss': 0.1793, 'train_acc': 0.89, 'task_loss': (0.1793, 0.0)}
{'epoch': 46, 'train_loss': 0.1769, 'train_acc': 0.84, 'task_loss': (0.1769, 0.0)}
{'epoch': 47, 'train_loss': 0.1825, 'train_acc': 0.87, 'task_loss': (0.1825, 0.0)}
{'epoch': 48, 'train_loss': 0.1969, 'train_acc': 0.81, 'task_loss': (0.1969, 0.0)}
{'epoch': 49, 'train_loss': 0.1771, 'train_acc': 0.81, 'task_loss': (0.1771, 0.0)}
{'epoch': 50, 'train_loss': 0.192, 'train_acc': 0.86, 'task_loss': (0.192, 0.0)}
{'epoch': 51, 'train_loss': 0.1784, 'train_acc': 0.85, 'task_loss': (0.1784, 0.0)}
{'epoch': 52, 'train_loss': 0.1942, 'train_acc': 0.81, 'task_loss': (0.1942, 0.0)}
{'epoch': 53, 'train_loss': 0.206, 'train_acc': 0.83, 'task_loss': (0.206, 0.0)}
{'epoch': 54, 'train_loss': 0.179, 'train_acc': 0.86, 'task_loss': (0.179, 0.0)}
{'epoch': 55, 'train_loss': 0.2186, 'train_acc': 0.8, 'task_loss': (0.2186, 0.0)}
{'epoch': 56, 'train_loss': 0.1551, 'train_acc': 0.89, 'task_loss': (0.1551, 0.0)}
{'epoch': 57, 'train_loss': 0.1923, 'train_acc': 0.83, 'task_loss': (0.1923, 0.0)}
{'epoch': 58, 'train_loss': 0.1634, 'train_acc': 0.87, 'task_loss': (0.1634, 0.0)}
{'epoch': 59, 'train_loss': 0.1662, 'train_acc': 0.86, 'task_loss': (0.1662, 0.0)}
{'epoch': 60, 'train_loss': 0.1674, 'train_acc': 0.83, 'task_loss': (0.1674, 0.0)}
{'epoch': 61, 'train_loss': 0.1699, 'train_acc': 0.86, 'task_loss': (0.1699, 0.0)}
{'epoch': 62, 'train_loss': 0.1366, 'train_acc': 0.92, 'task_loss': (0.1366, 0.0)}
{'epoch': 63, 'train_loss': 0.1423, 'train_acc': 0.88, 'task_loss': (0.1423, 0.0)}
{'epoch': 64, 'train_loss': 0.1612, 'train_acc': 0.86, 'task_loss': (0.1612, 0.0)}
{'epoch': 65, 'train_loss': 0.1579, 'train_acc': 0.83, 'task_loss': (0.1579, 0.0)}
{'epoch': 66, 'train_loss': 0.166, 'train_acc': 0.89, 'task_loss': (0.166, 0.0)}
{'epoch': 67, 'train_loss': 0.1297, 'train_acc': 0.91, 'task_loss': (0.1297, 0.0)}
{'epoch': 68, 'train_loss': 0.152, 'train_acc': 0.89, 'task_loss': (0.152, 0.0)}
{'epoch': 69, 'train_loss': 0.1349, 'train_acc': 0.91, 'task_loss': (0.1349, 0.0)}
{'epoch': 70, 'train_loss': 0.1809, 'train_acc': 0.84, 'task_loss': (0.1809, 0.0)}
{'epoch': 71, 'train_loss': 0.1464, 'train_acc': 0.86, 'task_loss': (0.1464, 0.0)}
{'epoch': 72, 'train_loss': 0.1469, 'train_acc': 0.9, 'task_loss': (0.1469, 0.0)}
{'epoch': 73, 'train_loss': 0.1873, 'train_acc': 0.81, 'task_loss': (0.1873, 0.0)}
{'epoch': 74, 'train_loss': 0.1665, 'train_acc': 0.86, 'task_loss': (0.1665, 0.0)}
{'epoch': 75, 'train_loss': 0.1386, 'train_acc': 0.87, 'task_loss': (0.1386, 0.0)}
{'epoch': 76, 'train_loss': 0.1356, 'train_acc': 0.88, 'task_loss': (0.1356, 0.0)}
{'epoch': 77, 'train_loss': 0.1497, 'train_acc': 0.9, 'task_loss': (0.1497, 0.0)}
{'epoch': 78, 'train_loss': 0.1515, 'train_acc': 0.88, 'task_loss': (0.1515, 0.0)}
{'epoch': 79, 'train_loss': 0.1536, 'train_acc': 0.93, 'task_loss': (0.1536, 0.0)}
{'epoch': 80, 'train_loss': 0.1324, 'train_acc': 0.89, 'task_loss': (0.1324, 0.0)}
{'epoch': 81, 'train_loss': 0.1527, 'train_acc': 0.88, 'task_loss': (0.1527, 0.0)}
{'epoch': 82, 'train_loss': 0.1454, 'train_acc': 0.86, 'task_loss': (0.1454, 0.0)}
{'epoch': 83, 'train_loss': 0.1387, 'train_acc': 0.89, 'task_loss': (0.1387, 0.0)}
{'epoch': 84, 'train_loss': 0.1544, 'train_acc': 0.9, 'task_loss': (0.1544, 0.0)}
{'epoch': 85, 'train_loss': 0.1251, 'train_acc': 0.9, 'task_loss': (0.1251, 0.0)}
{'epoch': 86, 'train_loss': 0.1549, 'train_acc': 0.83, 'task_loss': (0.1549, 0.0)}
{'epoch': 87, 'train_loss': 0.1406, 'train_acc': 0.9, 'task_loss': (0.1406, 0.0)}
{'epoch': 88, 'train_loss': 0.1775, 'train_acc': 0.81, 'task_loss': (0.1775, 0.0)}
{'epoch': 89, 'train_loss': 0.1298, 'train_acc': 0.88, 'task_loss': (0.1298, 0.0)}
{'epoch': 90, 'train_loss': 0.1188, 'train_acc': 0.93, 'task_loss': (0.1188, 0.0)}
{'epoch': 91, 'train_loss': 0.1438, 'train_acc': 0.86, 'task_loss': (0.1438, 0.0)}
{'epoch': 92, 'train_loss': 0.1334, 'train_acc': 0.9, 'task_loss': (0.1334, 0.0)}
{'epoch': 93, 'train_loss': 0.1376, 'train_acc': 0.9, 'task_loss': (0.1376, 0.0)}
{'epoch': 94, 'train_loss': 0.1372, 'train_acc': 0.89, 'task_loss': (0.1372, 0.0)}
{'epoch': 95, 'train_loss': 0.1508, 'train_acc': 0.86, 'task_loss': (0.1508, 0.0)}
{'epoch': 96, 'train_loss': 0.1938, 'train_acc': 0.88, 'task_loss': (0.1938, 0.0)}
{'epoch': 97, 'train_loss': 0.1425, 'train_acc': 0.88, 'task_loss': (0.1425, 0.0)}
{'epoch': 98, 'train_loss': 0.1563, 'train_acc': 0.87, 'task_loss': (0.1563, 0.0)}
{'epoch': 99, 'train_loss': 0.1416, 'train_acc': 0.88, 'task_loss': (0.1416, 0.0)}
{'epoch': 100, 'train_loss': 0.1427, 'train_acc': 0.87, 'task_loss': (0.1427, 0.0)}
{'run_num': 3, 'final_test_err': 0.21499999999999997}
Files already downloaded and verified
Files already downloaded and verified
{'epoch': 1, 'train_loss': 0.3388, 'train_acc': 0.58, 'task_loss': (0.3388, 0.0)}
{'epoch': 2, 'train_loss': 0.3312, 'train_acc': 0.64, 'task_loss': (0.3312, 0.0)}
{'epoch': 3, 'train_loss': 0.3314, 'train_acc': 0.64, 'task_loss': (0.3314, 0.0)}
{'epoch': 4, 'train_loss': 0.3268, 'train_acc': 0.63, 'task_loss': (0.3268, 0.0)}
{'epoch': 5, 'train_loss': 0.3142, 'train_acc': 0.7, 'task_loss': (0.3142, 0.0)}
{'epoch': 6, 'train_loss': 0.3175, 'train_acc': 0.6, 'task_loss': (0.3175, 0.0)}
{'epoch': 7, 'train_loss': 0.3166, 'train_acc': 0.64, 'task_loss': (0.3166, 0.0)}
{'epoch': 8, 'train_loss': 0.3052, 'train_acc': 0.69, 'task_loss': (0.3052, 0.0)}
{'epoch': 9, 'train_loss': 0.3034, 'train_acc': 0.67, 'task_loss': (0.3034, 0.0)}
{'epoch': 10, 'train_loss': 0.3051, 'train_acc': 0.65, 'task_loss': (0.3051, 0.0)}
{'epoch': 11, 'train_loss': 0.3087, 'train_acc': 0.67, 'task_loss': (0.3087, 0.0)}
{'epoch': 12, 'train_loss': 0.3012, 'train_acc': 0.64, 'task_loss': (0.3012, 0.0)}
{'epoch': 13, 'train_loss': 0.3248, 'train_acc': 0.59, 'task_loss': (0.3248, 0.0)}
{'epoch': 14, 'train_loss': 0.3004, 'train_acc': 0.67, 'task_loss': (0.3004, 0.0)}
{'epoch': 15, 'train_loss': 0.304, 'train_acc': 0.63, 'task_loss': (0.304, 0.0)}
{'epoch': 16, 'train_loss': 0.3052, 'train_acc': 0.67, 'task_loss': (0.3052, 0.0)}
{'epoch': 17, 'train_loss': 0.2968, 'train_acc': 0.71, 'task_loss': (0.2968, 0.0)}
{'epoch': 18, 'train_loss': 0.3033, 'train_acc': 0.7, 'task_loss': (0.3033, 0.0)}
{'epoch': 19, 'train_loss': 0.296, 'train_acc': 0.7, 'task_loss': (0.296, 0.0)}
{'epoch': 20, 'train_loss': 0.2939, 'train_acc': 0.71, 'task_loss': (0.2939, 0.0)}
{'epoch': 21, 'train_loss': 0.2903, 'train_acc': 0.71, 'task_loss': (0.2903, 0.0)}
{'epoch': 22, 'train_loss': 0.2969, 'train_acc': 0.66, 'task_loss': (0.2969, 0.0)}
{'epoch': 23, 'train_loss': 0.2952, 'train_acc': 0.66, 'task_loss': (0.2952, 0.0)}
{'epoch': 24, 'train_loss': 0.2904, 'train_acc': 0.72, 'task_loss': (0.2904, 0.0)}
{'epoch': 25, 'train_loss': 0.2983, 'train_acc': 0.7, 'task_loss': (0.2983, 0.0)}
{'epoch': 26, 'train_loss': 0.2806, 'train_acc': 0.69, 'task_loss': (0.2806, 0.0)}
{'epoch': 27, 'train_loss': 0.2809, 'train_acc': 0.69, 'task_loss': (0.2809, 0.0)}
{'epoch': 28, 'train_loss': 0.2876, 'train_acc': 0.71, 'task_loss': (0.2876, 0.0)}
{'epoch': 29, 'train_loss': 0.2877, 'train_acc': 0.76, 'task_loss': (0.2877, 0.0)}
{'epoch': 30, 'train_loss': 0.2848, 'train_acc': 0.71, 'task_loss': (0.2848, 0.0)}
{'epoch': 31, 'train_loss': 0.2771, 'train_acc': 0.74, 'task_loss': (0.2771, 0.0)}
{'epoch': 32, 'train_loss': 0.2781, 'train_acc': 0.67, 'task_loss': (0.2781, 0.0)}
{'epoch': 33, 'train_loss': 0.2816, 'train_acc': 0.67, 'task_loss': (0.2816, 0.0)}
{'epoch': 34, 'train_loss': 0.2674, 'train_acc': 0.75, 'task_loss': (0.2674, 0.0)}
{'epoch': 35, 'train_loss': 0.2706, 'train_acc': 0.72, 'task_loss': (0.2706, 0.0)}
{'epoch': 36, 'train_loss': 0.2616, 'train_acc': 0.73, 'task_loss': (0.2616, 0.0)}
{'epoch': 37, 'train_loss': 0.2581, 'train_acc': 0.73, 'task_loss': (0.2581, 0.0)}
{'epoch': 38, 'train_loss': 0.2562, 'train_acc': 0.75, 'task_loss': (0.2562, 0.0)}
{'epoch': 39, 'train_loss': 0.2625, 'train_acc': 0.71, 'task_loss': (0.2625, 0.0)}
{'epoch': 40, 'train_loss': 0.2657, 'train_acc': 0.7, 'task_loss': (0.2657, 0.0)}
{'epoch': 41, 'train_loss': 0.2637, 'train_acc': 0.71, 'task_loss': (0.2637, 0.0)}
{'epoch': 42, 'train_loss': 0.2861, 'train_acc': 0.68, 'task_loss': (0.2861, 0.0)}
{'epoch': 43, 'train_loss': 0.2719, 'train_acc': 0.7, 'task_loss': (0.2719, 0.0)}
{'epoch': 44, 'train_loss': 0.2748, 'train_acc': 0.7, 'task_loss': (0.2748, 0.0)}
{'epoch': 45, 'train_loss': 0.2619, 'train_acc': 0.77, 'task_loss': (0.2619, 0.0)}
{'epoch': 46, 'train_loss': 0.2566, 'train_acc': 0.76, 'task_loss': (0.2566, 0.0)}
{'epoch': 47, 'train_loss': 0.2575, 'train_acc': 0.77, 'task_loss': (0.2575, 0.0)}
{'epoch': 48, 'train_loss': 0.257, 'train_acc': 0.75, 'task_loss': (0.257, 0.0)}
{'epoch': 49, 'train_loss': 0.2515, 'train_acc': 0.75, 'task_loss': (0.2515, 0.0)}
{'epoch': 50, 'train_loss': 0.2319, 'train_acc': 0.8, 'task_loss': (0.2319, 0.0)}
{'epoch': 51, 'train_loss': 0.2745, 'train_acc': 0.74, 'task_loss': (0.2745, 0.0)}
{'epoch': 52, 'train_loss': 0.2335, 'train_acc': 0.81, 'task_loss': (0.2335, 0.0)}
{'epoch': 53, 'train_loss': 0.2559, 'train_acc': 0.71, 'task_loss': (0.2559, 0.0)}
{'epoch': 54, 'train_loss': 0.2366, 'train_acc': 0.78, 'task_loss': (0.2366, 0.0)}
{'epoch': 55, 'train_loss': 0.2325, 'train_acc': 0.79, 'task_loss': (0.2325, 0.0)}
{'epoch': 56, 'train_loss': 0.2335, 'train_acc': 0.78, 'task_loss': (0.2335, 0.0)}
{'epoch': 57, 'train_loss': 0.2303, 'train_acc': 0.81, 'task_loss': (0.2303, 0.0)}
{'epoch': 58, 'train_loss': 0.2391, 'train_acc': 0.74, 'task_loss': (0.2391, 0.0)}
{'epoch': 59, 'train_loss': 0.2323, 'train_acc': 0.79, 'task_loss': (0.2323, 0.0)}
{'epoch': 60, 'train_loss': 0.2316, 'train_acc': 0.75, 'task_loss': (0.2316, 0.0)}
{'epoch': 61, 'train_loss': 0.2476, 'train_acc': 0.75, 'task_loss': (0.2476, 0.0)}
{'epoch': 62, 'train_loss': 0.2292, 'train_acc': 0.76, 'task_loss': (0.2292, 0.0)}
{'epoch': 63, 'train_loss': 0.223, 'train_acc': 0.79, 'task_loss': (0.223, 0.0)}
{'epoch': 64, 'train_loss': 0.2266, 'train_acc': 0.81, 'task_loss': (0.2266, 0.0)}
{'epoch': 65, 'train_loss': 0.2182, 'train_acc': 0.81, 'task_loss': (0.2182, 0.0)}
{'epoch': 66, 'train_loss': 0.2289, 'train_acc': 0.8, 'task_loss': (0.2289, 0.0)}
{'epoch': 67, 'train_loss': 0.2359, 'train_acc': 0.77, 'task_loss': (0.2359, 0.0)}
{'epoch': 68, 'train_loss': 0.2302, 'train_acc': 0.79, 'task_loss': (0.2302, 0.0)}
{'epoch': 69, 'train_loss': 0.2277, 'train_acc': 0.78, 'task_loss': (0.2277, 0.0)}
{'epoch': 70, 'train_loss': 0.2062, 'train_acc': 0.85, 'task_loss': (0.2062, 0.0)}
{'epoch': 71, 'train_loss': 0.2183, 'train_acc': 0.81, 'task_loss': (0.2183, 0.0)}
{'epoch': 72, 'train_loss': 0.2282, 'train_acc': 0.8, 'task_loss': (0.2282, 0.0)}
{'epoch': 73, 'train_loss': 0.2236, 'train_acc': 0.81, 'task_loss': (0.2236, 0.0)}
{'epoch': 74, 'train_loss': 0.2179, 'train_acc': 0.83, 'task_loss': (0.2179, 0.0)}
{'epoch': 75, 'train_loss': 0.2014, 'train_acc': 0.86, 'task_loss': (0.2014, 0.0)}
{'epoch': 76, 'train_loss': 0.2175, 'train_acc': 0.78, 'task_loss': (0.2175, 0.0)}
{'epoch': 77, 'train_loss': 0.2157, 'train_acc': 0.82, 'task_loss': (0.2157, 0.0)}
{'epoch': 78, 'train_loss': 0.2111, 'train_acc': 0.82, 'task_loss': (0.2111, 0.0)}
{'epoch': 79, 'train_loss': 0.2153, 'train_acc': 0.78, 'task_loss': (0.2153, 0.0)}
{'epoch': 80, 'train_loss': 0.2039, 'train_acc': 0.85, 'task_loss': (0.2039, 0.0)}
{'epoch': 81, 'train_loss': 0.2001, 'train_acc': 0.83, 'task_loss': (0.2001, 0.0)}
{'epoch': 82, 'train_loss': 0.2097, 'train_acc': 0.83, 'task_loss': (0.2097, 0.0)}
{'epoch': 83, 'train_loss': 0.2257, 'train_acc': 0.81, 'task_loss': (0.2257, 0.0)}
{'epoch': 84, 'train_loss': 0.2068, 'train_acc': 0.84, 'task_loss': (0.2068, 0.0)}
{'epoch': 85, 'train_loss': 0.1967, 'train_acc': 0.82, 'task_loss': (0.1967, 0.0)}
{'epoch': 86, 'train_loss': 0.1962, 'train_acc': 0.88, 'task_loss': (0.1962, 0.0)}
{'epoch': 87, 'train_loss': 0.202, 'train_acc': 0.83, 'task_loss': (0.202, 0.0)}
{'epoch': 88, 'train_loss': 0.2292, 'train_acc': 0.83, 'task_loss': (0.2292, 0.0)}
{'epoch': 89, 'train_loss': 0.2219, 'train_acc': 0.79, 'task_loss': (0.2219, 0.0)}
{'epoch': 90, 'train_loss': 0.1898, 'train_acc': 0.83, 'task_loss': (0.1898, 0.0)}
{'epoch': 91, 'train_loss': 0.215, 'train_acc': 0.8, 'task_loss': (0.215, 0.0)}
{'epoch': 92, 'train_loss': 0.2191, 'train_acc': 0.77, 'task_loss': (0.2191, 0.0)}
{'epoch': 93, 'train_loss': 0.1904, 'train_acc': 0.86, 'task_loss': (0.1904, 0.0)}
{'epoch': 94, 'train_loss': 0.1985, 'train_acc': 0.86, 'task_loss': (0.1985, 0.0)}
{'epoch': 95, 'train_loss': 0.2164, 'train_acc': 0.82, 'task_loss': (0.2164, 0.0)}
{'epoch': 96, 'train_loss': 0.2197, 'train_acc': 0.76, 'task_loss': (0.2197, 0.0)}
{'epoch': 97, 'train_loss': 0.2171, 'train_acc': 0.77, 'task_loss': (0.2171, 0.0)}
{'epoch': 98, 'train_loss': 0.2017, 'train_acc': 0.84, 'task_loss': (0.2017, 0.0)}
{'epoch': 99, 'train_loss': 0.1824, 'train_acc': 0.9, 'task_loss': (0.1824, 0.0)}
{'epoch': 100, 'train_loss': 0.2218, 'train_acc': 0.81, 'task_loss': (0.2218, 0.0)}
{'run_num': 4, 'final_test_err': 0.25249999999999995}
Files already downloaded and verified
Files already downloaded and verified
{'epoch': 1, 'train_loss': 0.3505, 'train_acc': 0.52, 'task_loss': (0.3505, 0.0)}
{'epoch': 2, 'train_loss': 0.3412, 'train_acc': 0.58, 'task_loss': (0.3412, 0.0)}
{'epoch': 3, 'train_loss': 0.3334, 'train_acc': 0.68, 'task_loss': (0.3334, 0.0)}
{'epoch': 4, 'train_loss': 0.3308, 'train_acc': 0.61, 'task_loss': (0.3308, 0.0)}
{'epoch': 5, 'train_loss': 0.3229, 'train_acc': 0.68, 'task_loss': (0.3229, 0.0)}
{'epoch': 6, 'train_loss': 0.3134, 'train_acc': 0.64, 'task_loss': (0.3134, 0.0)}
{'epoch': 7, 'train_loss': 0.3066, 'train_acc': 0.69, 'task_loss': (0.3066, 0.0)}
{'epoch': 8, 'train_loss': 0.3, 'train_acc': 0.67, 'task_loss': (0.3, 0.0)}
{'epoch': 9, 'train_loss': 0.2969, 'train_acc': 0.73, 'task_loss': (0.2969, 0.0)}
{'epoch': 10, 'train_loss': 0.2846, 'train_acc': 0.69, 'task_loss': (0.2846, 0.0)}
{'epoch': 11, 'train_loss': 0.2845, 'train_acc': 0.7, 'task_loss': (0.2845, 0.0)}
{'epoch': 12, 'train_loss': 0.2715, 'train_acc': 0.72, 'task_loss': (0.2715, 0.0)}
{'epoch': 13, 'train_loss': 0.2774, 'train_acc': 0.74, 'task_loss': (0.2774, 0.0)}
{'epoch': 14, 'train_loss': 0.2581, 'train_acc': 0.79, 'task_loss': (0.2581, 0.0)}
{'epoch': 15, 'train_loss': 0.2586, 'train_acc': 0.78, 'task_loss': (0.2586, 0.0)}
{'epoch': 16, 'train_loss': 0.2557, 'train_acc': 0.8, 'task_loss': (0.2557, 0.0)}
{'epoch': 17, 'train_loss': 0.254, 'train_acc': 0.76, 'task_loss': (0.254, 0.0)}
{'epoch': 18, 'train_loss': 0.2556, 'train_acc': 0.76, 'task_loss': (0.2556, 0.0)}
{'epoch': 19, 'train_loss': 0.2519, 'train_acc': 0.73, 'task_loss': (0.2519, 0.0)}
{'epoch': 20, 'train_loss': 0.2376, 'train_acc': 0.74, 'task_loss': (0.2376, 0.0)}
{'epoch': 21, 'train_loss': 0.2551, 'train_acc': 0.76, 'task_loss': (0.2551, 0.0)}
{'epoch': 22, 'train_loss': 0.2283, 'train_acc': 0.8, 'task_loss': (0.2283, 0.0)}
{'epoch': 23, 'train_loss': 0.2458, 'train_acc': 0.79, 'task_loss': (0.2458, 0.0)}
{'epoch': 24, 'train_loss': 0.2182, 'train_acc': 0.81, 'task_loss': (0.2182, 0.0)}
{'epoch': 25, 'train_loss': 0.2226, 'train_acc': 0.75, 'task_loss': (0.2226, 0.0)}
{'epoch': 26, 'train_loss': 0.2147, 'train_acc': 0.81, 'task_loss': (0.2147, 0.0)}
{'epoch': 27, 'train_loss': 0.2248, 'train_acc': 0.83, 'task_loss': (0.2248, 0.0)}
{'epoch': 28, 'train_loss': 0.2182, 'train_acc': 0.77, 'task_loss': (0.2182, 0.0)}
{'epoch': 29, 'train_loss': 0.2039, 'train_acc': 0.85, 'task_loss': (0.2039, 0.0)}
{'epoch': 30, 'train_loss': 0.2141, 'train_acc': 0.75, 'task_loss': (0.2141, 0.0)}
{'epoch': 31, 'train_loss': 0.2012, 'train_acc': 0.81, 'task_loss': (0.2012, 0.0)}
{'epoch': 32, 'train_loss': 0.2194, 'train_acc': 0.83, 'task_loss': (0.2194, 0.0)}
{'epoch': 33, 'train_loss': 0.2122, 'train_acc': 0.83, 'task_loss': (0.2122, 0.0)}
{'epoch': 34, 'train_loss': 0.2132, 'train_acc': 0.77, 'task_loss': (0.2132, 0.0)}
{'epoch': 35, 'train_loss': 0.2004, 'train_acc': 0.82, 'task_loss': (0.2004, 0.0)}
{'epoch': 36, 'train_loss': 0.2, 'train_acc': 0.81, 'task_loss': (0.2, 0.0)}
{'epoch': 37, 'train_loss': 0.1999, 'train_acc': 0.81, 'task_loss': (0.1999, 0.0)}
{'epoch': 38, 'train_loss': 0.2187, 'train_acc': 0.76, 'task_loss': (0.2187, 0.0)}
{'epoch': 39, 'train_loss': 0.1704, 'train_acc': 0.9, 'task_loss': (0.1704, 0.0)}
{'epoch': 40, 'train_loss': 0.2084, 'train_acc': 0.79, 'task_loss': (0.2084, 0.0)}
{'epoch': 41, 'train_loss': 0.1922, 'train_acc': 0.82, 'task_loss': (0.1922, 0.0)}
{'epoch': 42, 'train_loss': 0.1852, 'train_acc': 0.83, 'task_loss': (0.1852, 0.0)}
{'epoch': 43, 'train_loss': 0.2003, 'train_acc': 0.79, 'task_loss': (0.2003, 0.0)}
{'epoch': 44, 'train_loss': 0.179, 'train_acc': 0.9, 'task_loss': (0.179, 0.0)}
{'epoch': 45, 'train_loss': 0.187, 'train_acc': 0.82, 'task_loss': (0.187, 0.0)}
{'epoch': 46, 'train_loss': 0.2134, 'train_acc': 0.77, 'task_loss': (0.2134, 0.0)}
{'epoch': 47, 'train_loss': 0.1877, 'train_acc': 0.84, 'task_loss': (0.1877, 0.0)}
{'epoch': 48, 'train_loss': 0.2115, 'train_acc': 0.8, 'task_loss': (0.2115, 0.0)}
{'epoch': 49, 'train_loss': 0.2044, 'train_acc': 0.84, 'task_loss': (0.2044, 0.0)}
{'epoch': 50, 'train_loss': 0.148, 'train_acc': 0.89, 'task_loss': (0.148, 0.0)}
{'epoch': 51, 'train_loss': 0.1838, 'train_acc': 0.83, 'task_loss': (0.1838, 0.0)}
{'epoch': 52, 'train_loss': 0.1795, 'train_acc': 0.79, 'task_loss': (0.1795, 0.0)}
{'epoch': 53, 'train_loss': 0.1746, 'train_acc': 0.9, 'task_loss': (0.1746, 0.0)}
{'epoch': 54, 'train_loss': 0.1969, 'train_acc': 0.83, 'task_loss': (0.1969, 0.0)}
{'epoch': 55, 'train_loss': 0.1714, 'train_acc': 0.84, 'task_loss': (0.1714, 0.0)}
{'epoch': 56, 'train_loss': 0.1781, 'train_acc': 0.85, 'task_loss': (0.1781, 0.0)}
{'epoch': 57, 'train_loss': 0.1769, 'train_acc': 0.84, 'task_loss': (0.1769, 0.0)}
{'epoch': 58, 'train_loss': 0.1596, 'train_acc': 0.86, 'task_loss': (0.1596, 0.0)}
{'epoch': 59, 'train_loss': 0.172, 'train_acc': 0.83, 'task_loss': (0.172, 0.0)}
{'epoch': 60, 'train_loss': 0.1615, 'train_acc': 0.86, 'task_loss': (0.1615, 0.0)}
{'epoch': 61, 'train_loss': 0.1788, 'train_acc': 0.86, 'task_loss': (0.1788, 0.0)}
{'epoch': 62, 'train_loss': 0.1611, 'train_acc': 0.84, 'task_loss': (0.1611, 0.0)}
{'epoch': 63, 'train_loss': 0.1738, 'train_acc': 0.84, 'task_loss': (0.1738, 0.0)}
{'epoch': 64, 'train_loss': 0.182, 'train_acc': 0.82, 'task_loss': (0.182, 0.0)}
{'epoch': 65, 'train_loss': 0.1446, 'train_acc': 0.88, 'task_loss': (0.1446, 0.0)}
{'epoch': 66, 'train_loss': 0.1606, 'train_acc': 0.88, 'task_loss': (0.1606, 0.0)}
{'epoch': 67, 'train_loss': 0.1604, 'train_acc': 0.82, 'task_loss': (0.1604, 0.0)}
{'epoch': 68, 'train_loss': 0.1803, 'train_acc': 0.82, 'task_loss': (0.1803, 0.0)}
{'epoch': 69, 'train_loss': 0.1535, 'train_acc': 0.86, 'task_loss': (0.1535, 0.0)}
{'epoch': 70, 'train_loss': 0.1498, 'train_acc': 0.89, 'task_loss': (0.1498, 0.0)}
{'epoch': 71, 'train_loss': 0.1522, 'train_acc': 0.86, 'task_loss': (0.1522, 0.0)}
{'epoch': 72, 'train_loss': 0.1528, 'train_acc': 0.87, 'task_loss': (0.1528, 0.0)}
{'epoch': 73, 'train_loss': 0.156, 'train_acc': 0.9, 'task_loss': (0.156, 0.0)}
{'epoch': 74, 'train_loss': 0.1593, 'train_acc': 0.85, 'task_loss': (0.1593, 0.0)}
{'epoch': 75, 'train_loss': 0.1336, 'train_acc': 0.93, 'task_loss': (0.1336, 0.0)}
{'epoch': 76, 'train_loss': 0.169, 'train_acc': 0.84, 'task_loss': (0.169, 0.0)}
{'epoch': 77, 'train_loss': 0.1365, 'train_acc': 0.88, 'task_loss': (0.1365, 0.0)}
{'epoch': 78, 'train_loss': 0.1444, 'train_acc': 0.85, 'task_loss': (0.1444, 0.0)}
{'epoch': 79, 'train_loss': 0.1719, 'train_acc': 0.83, 'task_loss': (0.1719, 0.0)}
{'epoch': 80, 'train_loss': 0.1487, 'train_acc': 0.89, 'task_loss': (0.1487, 0.0)}
{'epoch': 81, 'train_loss': 0.1476, 'train_acc': 0.89, 'task_loss': (0.1476, 0.0)}
{'epoch': 82, 'train_loss': 0.1574, 'train_acc': 0.87, 'task_loss': (0.1574, 0.0)}
{'epoch': 83, 'train_loss': 0.1517, 'train_acc': 0.89, 'task_loss': (0.1517, 0.0)}
{'epoch': 84, 'train_loss': 0.1642, 'train_acc': 0.86, 'task_loss': (0.1642, 0.0)}
{'epoch': 85, 'train_loss': 0.1501, 'train_acc': 0.86, 'task_loss': (0.1501, 0.0)}
{'epoch': 86, 'train_loss': 0.1428, 'train_acc': 0.86, 'task_loss': (0.1428, 0.0)}
{'epoch': 87, 'train_loss': 0.1787, 'train_acc': 0.82, 'task_loss': (0.1787, 0.0)}
{'epoch': 88, 'train_loss': 0.176, 'train_acc': 0.8, 'task_loss': (0.176, 0.0)}
{'epoch': 89, 'train_loss': 0.1292, 'train_acc': 0.87, 'task_loss': (0.1292, 0.0)}
{'epoch': 90, 'train_loss': 0.1596, 'train_acc': 0.87, 'task_loss': (0.1596, 0.0)}
{'epoch': 91, 'train_loss': 0.1544, 'train_acc': 0.85, 'task_loss': (0.1544, 0.0)}
{'epoch': 92, 'train_loss': 0.1562, 'train_acc': 0.85, 'task_loss': (0.1562, 0.0)}
{'epoch': 93, 'train_loss': 0.129, 'train_acc': 0.92, 'task_loss': (0.129, 0.0)}
{'epoch': 94, 'train_loss': 0.1341, 'train_acc': 0.87, 'task_loss': (0.1341, 0.0)}
{'epoch': 95, 'train_loss': 0.1501, 'train_acc': 0.86, 'task_loss': (0.1501, 0.0)}
{'epoch': 96, 'train_loss': 0.1418, 'train_acc': 0.89, 'task_loss': (0.1418, 0.0)}
{'epoch': 97, 'train_loss': 0.1502, 'train_acc': 0.85, 'task_loss': (0.1502, 0.0)}
{'epoch': 98, 'train_loss': 0.1634, 'train_acc': 0.85, 'task_loss': (0.1634, 0.0)}
{'epoch': 99, 'train_loss': 0.1464, 'train_acc': 0.89, 'task_loss': (0.1464, 0.0)}
{'epoch': 100, 'train_loss': 0.162, 'train_acc': 0.85, 'task_loss': (0.162, 0.0)}
{'run_num': 5, 'final_test_err': 0.18999999999999995}
Files already downloaded and verified
Files already downloaded and verified
{'epoch': 1, 'train_loss': 0.3415, 'train_acc': 0.5, 'task_loss': (0.3415, 0.0)}
{'epoch': 2, 'train_loss': 0.3328, 'train_acc': 0.61, 'task_loss': (0.3328, 0.0)}
{'epoch': 3, 'train_loss': 0.3238, 'train_acc': 0.68, 'task_loss': (0.3238, 0.0)}
{'epoch': 4, 'train_loss': 0.3166, 'train_acc': 0.7, 'task_loss': (0.3166, 0.0)}
{'epoch': 5, 'train_loss': 0.3132, 'train_acc': 0.72, 'task_loss': (0.3132, 0.0)}
{'epoch': 6, 'train_loss': 0.3195, 'train_acc': 0.68, 'task_loss': (0.3195, 0.0)}
{'epoch': 7, 'train_loss': 0.2923, 'train_acc': 0.72, 'task_loss': (0.2923, 0.0)}
{'epoch': 8, 'train_loss': 0.3, 'train_acc': 0.69, 'task_loss': (0.3, 0.0)}
{'epoch': 9, 'train_loss': 0.3002, 'train_acc': 0.73, 'task_loss': (0.3002, 0.0)}
{'epoch': 10, 'train_loss': 0.2932, 'train_acc': 0.73, 'task_loss': (0.2932, 0.0)}
{'epoch': 11, 'train_loss': 0.2922, 'train_acc': 0.75, 'task_loss': (0.2922, 0.0)}
{'epoch': 12, 'train_loss': 0.2796, 'train_acc': 0.71, 'task_loss': (0.2796, 0.0)}
{'epoch': 13, 'train_loss': 0.2844, 'train_acc': 0.73, 'task_loss': (0.2844, 0.0)}
{'epoch': 14, 'train_loss': 0.2742, 'train_acc': 0.73, 'task_loss': (0.2742, 0.0)}
{'epoch': 15, 'train_loss': 0.2663, 'train_acc': 0.74, 'task_loss': (0.2663, 0.0)}
{'epoch': 16, 'train_loss': 0.2541, 'train_acc': 0.77, 'task_loss': (0.2541, 0.0)}
{'epoch': 17, 'train_loss': 0.2551, 'train_acc': 0.75, 'task_loss': (0.2551, 0.0)}
{'epoch': 18, 'train_loss': 0.2573, 'train_acc': 0.77, 'task_loss': (0.2573, 0.0)}
{'epoch': 19, 'train_loss': 0.2564, 'train_acc': 0.77, 'task_loss': (0.2564, 0.0)}
{'epoch': 20, 'train_loss': 0.246, 'train_acc': 0.78, 'task_loss': (0.246, 0.0)}
{'epoch': 21, 'train_loss': 0.2404, 'train_acc': 0.77, 'task_loss': (0.2404, 0.0)}
{'epoch': 22, 'train_loss': 0.2348, 'train_acc': 0.78, 'task_loss': (0.2348, 0.0)}
{'epoch': 23, 'train_loss': 0.2284, 'train_acc': 0.83, 'task_loss': (0.2284, 0.0)}
{'epoch': 24, 'train_loss': 0.2353, 'train_acc': 0.77, 'task_loss': (0.2353, 0.0)}
{'epoch': 25, 'train_loss': 0.2184, 'train_acc': 0.81, 'task_loss': (0.2184, 0.0)}
{'epoch': 26, 'train_loss': 0.2095, 'train_acc': 0.83, 'task_loss': (0.2095, 0.0)}
{'epoch': 27, 'train_loss': 0.2313, 'train_acc': 0.82, 'task_loss': (0.2313, 0.0)}
{'epoch': 28, 'train_loss': 0.2037, 'train_acc': 0.81, 'task_loss': (0.2037, 0.0)}
{'epoch': 29, 'train_loss': 0.1953, 'train_acc': 0.82, 'task_loss': (0.1953, 0.0)}
{'epoch': 30, 'train_loss': 0.2102, 'train_acc': 0.82, 'task_loss': (0.2102, 0.0)}
{'epoch': 31, 'train_loss': 0.1961, 'train_acc': 0.84, 'task_loss': (0.1961, 0.0)}
{'epoch': 32, 'train_loss': 0.1875, 'train_acc': 0.83, 'task_loss': (0.1875, 0.0)}
{'epoch': 33, 'train_loss': 0.1966, 'train_acc': 0.82, 'task_loss': (0.1966, 0.0)}
{'epoch': 34, 'train_loss': 0.1853, 'train_acc': 0.84, 'task_loss': (0.1853, 0.0)}
{'epoch': 35, 'train_loss': 0.1945, 'train_acc': 0.86, 'task_loss': (0.1945, 0.0)}
{'epoch': 36, 'train_loss': 0.2177, 'train_acc': 0.79, 'task_loss': (0.2177, 0.0)}
{'epoch': 37, 'train_loss': 0.1856, 'train_acc': 0.86, 'task_loss': (0.1856, 0.0)}
{'epoch': 38, 'train_loss': 0.1888, 'train_acc': 0.87, 'task_loss': (0.1888, 0.0)}
{'epoch': 39, 'train_loss': 0.1937, 'train_acc': 0.83, 'task_loss': (0.1937, 0.0)}
{'epoch': 40, 'train_loss': 0.1548, 'train_acc': 0.91, 'task_loss': (0.1548, 0.0)}
{'epoch': 41, 'train_loss': 0.1826, 'train_acc': 0.81, 'task_loss': (0.1826, 0.0)}
{'epoch': 42, 'train_loss': 0.1527, 'train_acc': 0.87, 'task_loss': (0.1527, 0.0)}
{'epoch': 43, 'train_loss': 0.1419, 'train_acc': 0.91, 'task_loss': (0.1419, 0.0)}
{'epoch': 44, 'train_loss': 0.1823, 'train_acc': 0.83, 'task_loss': (0.1823, 0.0)}
{'epoch': 45, 'train_loss': 0.1826, 'train_acc': 0.84, 'task_loss': (0.1826, 0.0)}
{'epoch': 46, 'train_loss': 0.1745, 'train_acc': 0.82, 'task_loss': (0.1745, 0.0)}
{'epoch': 47, 'train_loss': 0.14, 'train_acc': 0.9, 'task_loss': (0.14, 0.0)}
{'epoch': 48, 'train_loss': 0.179, 'train_acc': 0.85, 'task_loss': (0.179, 0.0)}
{'epoch': 49, 'train_loss': 0.1836, 'train_acc': 0.81, 'task_loss': (0.1836, 0.0)}
{'epoch': 50, 'train_loss': 0.1574, 'train_acc': 0.85, 'task_loss': (0.1574, 0.0)}
{'epoch': 51, 'train_loss': 0.1432, 'train_acc': 0.89, 'task_loss': (0.1432, 0.0)}
{'epoch': 52, 'train_loss': 0.1375, 'train_acc': 0.88, 'task_loss': (0.1375, 0.0)}
{'epoch': 53, 'train_loss': 0.1398, 'train_acc': 0.86, 'task_loss': (0.1398, 0.0)}
{'epoch': 54, 'train_loss': 0.1818, 'train_acc': 0.83, 'task_loss': (0.1818, 0.0)}
{'epoch': 55, 'train_loss': 0.132, 'train_acc': 0.92, 'task_loss': (0.132, 0.0)}
{'epoch': 56, 'train_loss': 0.1373, 'train_acc': 0.88, 'task_loss': (0.1373, 0.0)}
{'epoch': 57, 'train_loss': 0.1262, 'train_acc': 0.9, 'task_loss': (0.1262, 0.0)}
{'epoch': 58, 'train_loss': 0.1382, 'train_acc': 0.88, 'task_loss': (0.1382, 0.0)}
{'epoch': 59, 'train_loss': 0.1679, 'train_acc': 0.83, 'task_loss': (0.1679, 0.0)}
{'epoch': 60, 'train_loss': 0.1653, 'train_acc': 0.83, 'task_loss': (0.1653, 0.0)}
{'epoch': 61, 'train_loss': 0.1604, 'train_acc': 0.82, 'task_loss': (0.1604, 0.0)}
{'epoch': 62, 'train_loss': 0.1521, 'train_acc': 0.87, 'task_loss': (0.1521, 0.0)}
{'epoch': 63, 'train_loss': 0.1441, 'train_acc': 0.87, 'task_loss': (0.1441, 0.0)}
{'epoch': 64, 'train_loss': 0.1219, 'train_acc': 0.91, 'task_loss': (0.1219, 0.0)}
{'epoch': 65, 'train_loss': 0.143, 'train_acc': 0.88, 'task_loss': (0.143, 0.0)}
{'epoch': 66, 'train_loss': 0.1526, 'train_acc': 0.87, 'task_loss': (0.1526, 0.0)}
{'epoch': 67, 'train_loss': 0.1361, 'train_acc': 0.91, 'task_loss': (0.1361, 0.0)}
{'epoch': 68, 'train_loss': 0.131, 'train_acc': 0.88, 'task_loss': (0.131, 0.0)}
{'epoch': 69, 'train_loss': 0.1225, 'train_acc': 0.91, 'task_loss': (0.1225, 0.0)}
{'epoch': 70, 'train_loss': 0.1284, 'train_acc': 0.93, 'task_loss': (0.1284, 0.0)}
{'epoch': 71, 'train_loss': 0.1468, 'train_acc': 0.87, 'task_loss': (0.1468, 0.0)}
{'epoch': 72, 'train_loss': 0.1097, 'train_acc': 0.93, 'task_loss': (0.1097, 0.0)}
{'epoch': 73, 'train_loss': 0.1324, 'train_acc': 0.9, 'task_loss': (0.1324, 0.0)}
{'epoch': 74, 'train_loss': 0.1618, 'train_acc': 0.86, 'task_loss': (0.1618, 0.0)}
{'epoch': 75, 'train_loss': 0.1307, 'train_acc': 0.88, 'task_loss': (0.1307, 0.0)}
{'epoch': 76, 'train_loss': 0.1427, 'train_acc': 0.89, 'task_loss': (0.1427, 0.0)}
{'epoch': 77, 'train_loss': 0.1289, 'train_acc': 0.92, 'task_loss': (0.1289, 0.0)}
{'epoch': 78, 'train_loss': 0.1581, 'train_acc': 0.84, 'task_loss': (0.1581, 0.0)}
{'epoch': 79, 'train_loss': 0.118, 'train_acc': 0.94, 'task_loss': (0.118, 0.0)}
{'epoch': 80, 'train_loss': 0.1456, 'train_acc': 0.87, 'task_loss': (0.1456, 0.0)}
{'epoch': 81, 'train_loss': 0.1324, 'train_acc': 0.91, 'task_loss': (0.1324, 0.0)}
{'epoch': 82, 'train_loss': 0.1226, 'train_acc': 0.88, 'task_loss': (0.1226, 0.0)}
{'epoch': 83, 'train_loss': 0.133, 'train_acc': 0.88, 'task_loss': (0.133, 0.0)}
{'epoch': 84, 'train_loss': 0.1278, 'train_acc': 0.9, 'task_loss': (0.1278, 0.0)}
{'epoch': 85, 'train_loss': 0.1416, 'train_acc': 0.9, 'task_loss': (0.1416, 0.0)}
{'epoch': 86, 'train_loss': 0.1131, 'train_acc': 0.94, 'task_loss': (0.1131, 0.0)}
{'epoch': 87, 'train_loss': 0.1553, 'train_acc': 0.85, 'task_loss': (0.1553, 0.0)}
{'epoch': 88, 'train_loss': 0.1516, 'train_acc': 0.87, 'task_loss': (0.1516, 0.0)}
{'epoch': 89, 'train_loss': 0.1151, 'train_acc': 0.93, 'task_loss': (0.1151, 0.0)}
{'epoch': 90, 'train_loss': 0.1439, 'train_acc': 0.91, 'task_loss': (0.1439, 0.0)}
{'epoch': 91, 'train_loss': 0.1152, 'train_acc': 0.94, 'task_loss': (0.1152, 0.0)}
{'epoch': 92, 'train_loss': 0.14, 'train_acc': 0.87, 'task_loss': (0.14, 0.0)}
{'epoch': 93, 'train_loss': 0.1264, 'train_acc': 0.89, 'task_loss': (0.1264, 0.0)}
{'epoch': 94, 'train_loss': 0.1767, 'train_acc': 0.84, 'task_loss': (0.1767, 0.0)}
{'epoch': 95, 'train_loss': 0.1249, 'train_acc': 0.94, 'task_loss': (0.1249, 0.0)}
{'epoch': 96, 'train_loss': 0.1229, 'train_acc': 0.89, 'task_loss': (0.1229, 0.0)}
{'epoch': 97, 'train_loss': 0.1357, 'train_acc': 0.88, 'task_loss': (0.1357, 0.0)}
{'epoch': 98, 'train_loss': 0.1061, 'train_acc': 0.94, 'task_loss': (0.1061, 0.0)}
{'epoch': 99, 'train_loss': 0.1024, 'train_acc': 0.93, 'task_loss': (0.1024, 0.0)}
{'epoch': 100, 'train_loss': 0.1077, 'train_acc': 0.94, 'task_loss': (0.1077, 0.0)}
{'run_num': 6, 'final_test_err': 0.17800000000000005}
Files already downloaded and verified
Files already downloaded and verified
{'epoch': 1, 'train_loss': 0.3543, 'train_acc': 0.38, 'task_loss': (0.3543, 0.0)}
{'epoch': 2, 'train_loss': 0.349, 'train_acc': 0.53, 'task_loss': (0.349, 0.0)}
{'epoch': 3, 'train_loss': 0.3385, 'train_acc': 0.61, 'task_loss': (0.3385, 0.0)}
{'epoch': 4, 'train_loss': 0.3319, 'train_acc': 0.66, 'task_loss': (0.3319, 0.0)}
{'epoch': 5, 'train_loss': 0.3174, 'train_acc': 0.75, 'task_loss': (0.3174, 0.0)}
{'epoch': 6, 'train_loss': 0.3133, 'train_acc': 0.69, 'task_loss': (0.3133, 0.0)}
{'epoch': 7, 'train_loss': 0.3093, 'train_acc': 0.71, 'task_loss': (0.3093, 0.0)}
{'epoch': 8, 'train_loss': 0.2917, 'train_acc': 0.75, 'task_loss': (0.2917, 0.0)}
{'epoch': 9, 'train_loss': 0.2913, 'train_acc': 0.78, 'task_loss': (0.2913, 0.0)}
{'epoch': 10, 'train_loss': 0.2822, 'train_acc': 0.77, 'task_loss': (0.2822, 0.0)}
{'epoch': 11, 'train_loss': 0.287, 'train_acc': 0.68, 'task_loss': (0.287, 0.0)}
{'epoch': 12, 'train_loss': 0.2766, 'train_acc': 0.73, 'task_loss': (0.2766, 0.0)}
{'epoch': 13, 'train_loss': 0.2761, 'train_acc': 0.72, 'task_loss': (0.2761, 0.0)}
{'epoch': 14, 'train_loss': 0.2668, 'train_acc': 0.77, 'task_loss': (0.2668, 0.0)}
{'epoch': 15, 'train_loss': 0.2738, 'train_acc': 0.77, 'task_loss': (0.2738, 0.0)}
{'epoch': 16, 'train_loss': 0.257, 'train_acc': 0.76, 'task_loss': (0.257, 0.0)}
{'epoch': 17, 'train_loss': 0.2655, 'train_acc': 0.77, 'task_loss': (0.2655, 0.0)}
{'epoch': 18, 'train_loss': 0.2523, 'train_acc': 0.81, 'task_loss': (0.2523, 0.0)}
{'epoch': 19, 'train_loss': 0.2479, 'train_acc': 0.82, 'task_loss': (0.2479, 0.0)}
{'epoch': 20, 'train_loss': 0.2373, 'train_acc': 0.82, 'task_loss': (0.2373, 0.0)}
{'epoch': 21, 'train_loss': 0.2247, 'train_acc': 0.84, 'task_loss': (0.2247, 0.0)}
{'epoch': 22, 'train_loss': 0.2367, 'train_acc': 0.79, 'task_loss': (0.2367, 0.0)}
{'epoch': 23, 'train_loss': 0.2159, 'train_acc': 0.87, 'task_loss': (0.2159, 0.0)}
{'epoch': 24, 'train_loss': 0.2154, 'train_acc': 0.84, 'task_loss': (0.2154, 0.0)}
{'epoch': 25, 'train_loss': 0.2212, 'train_acc': 0.81, 'task_loss': (0.2212, 0.0)}
{'epoch': 26, 'train_loss': 0.1957, 'train_acc': 0.86, 'task_loss': (0.1957, 0.0)}
{'epoch': 27, 'train_loss': 0.1962, 'train_acc': 0.89, 'task_loss': (0.1962, 0.0)}
{'epoch': 28, 'train_loss': 0.214, 'train_acc': 0.84, 'task_loss': (0.214, 0.0)}
{'epoch': 29, 'train_loss': 0.209, 'train_acc': 0.79, 'task_loss': (0.209, 0.0)}
{'epoch': 30, 'train_loss': 0.198, 'train_acc': 0.84, 'task_loss': (0.198, 0.0)}
{'epoch': 31, 'train_loss': 0.1781, 'train_acc': 0.85, 'task_loss': (0.1781, 0.0)}
{'epoch': 32, 'train_loss': 0.1933, 'train_acc': 0.87, 'task_loss': (0.1933, 0.0)}
{'epoch': 33, 'train_loss': 0.1722, 'train_acc': 0.9, 'task_loss': (0.1722, 0.0)}
{'epoch': 34, 'train_loss': 0.1606, 'train_acc': 0.88, 'task_loss': (0.1606, 0.0)}
{'epoch': 35, 'train_loss': 0.1685, 'train_acc': 0.89, 'task_loss': (0.1685, 0.0)}
{'epoch': 36, 'train_loss': 0.1594, 'train_acc': 0.87, 'task_loss': (0.1594, 0.0)}
{'epoch': 37, 'train_loss': 0.153, 'train_acc': 0.89, 'task_loss': (0.153, 0.0)}
{'epoch': 38, 'train_loss': 0.1513, 'train_acc': 0.9, 'task_loss': (0.1513, 0.0)}
{'epoch': 39, 'train_loss': 0.1509, 'train_acc': 0.89, 'task_loss': (0.1509, 0.0)}
{'epoch': 40, 'train_loss': 0.1439, 'train_acc': 0.92, 'task_loss': (0.1439, 0.0)}
{'epoch': 41, 'train_loss': 0.1852, 'train_acc': 0.84, 'task_loss': (0.1852, 0.0)}
{'epoch': 42, 'train_loss': 0.1803, 'train_acc': 0.82, 'task_loss': (0.1803, 0.0)}
{'epoch': 43, 'train_loss': 0.1836, 'train_acc': 0.81, 'task_loss': (0.1836, 0.0)}
{'epoch': 44, 'train_loss': 0.1622, 'train_acc': 0.91, 'task_loss': (0.1622, 0.0)}
{'epoch': 45, 'train_loss': 0.1404, 'train_acc': 0.87, 'task_loss': (0.1404, 0.0)}
{'epoch': 46, 'train_loss': 0.1354, 'train_acc': 0.91, 'task_loss': (0.1354, 0.0)}
{'epoch': 47, 'train_loss': 0.1479, 'train_acc': 0.88, 'task_loss': (0.1479, 0.0)}
{'epoch': 48, 'train_loss': 0.1336, 'train_acc': 0.92, 'task_loss': (0.1336, 0.0)}
{'epoch': 49, 'train_loss': 0.1485, 'train_acc': 0.88, 'task_loss': (0.1485, 0.0)}
{'epoch': 50, 'train_loss': 0.1297, 'train_acc': 0.9, 'task_loss': (0.1297, 0.0)}
{'epoch': 51, 'train_loss': 0.1376, 'train_acc': 0.9, 'task_loss': (0.1376, 0.0)}
{'epoch': 52, 'train_loss': 0.1358, 'train_acc': 0.91, 'task_loss': (0.1358, 0.0)}
{'epoch': 53, 'train_loss': 0.1564, 'train_acc': 0.88, 'task_loss': (0.1564, 0.0)}
{'epoch': 54, 'train_loss': 0.1315, 'train_acc': 0.87, 'task_loss': (0.1315, 0.0)}
{'epoch': 55, 'train_loss': 0.1122, 'train_acc': 0.93, 'task_loss': (0.1122, 0.0)}
{'epoch': 56, 'train_loss': 0.1374, 'train_acc': 0.88, 'task_loss': (0.1374, 0.0)}
{'epoch': 57, 'train_loss': 0.1259, 'train_acc': 0.91, 'task_loss': (0.1259, 0.0)}
{'epoch': 58, 'train_loss': 0.1293, 'train_acc': 0.87, 'task_loss': (0.1293, 0.0)}
{'epoch': 59, 'train_loss': 0.1275, 'train_acc': 0.93, 'task_loss': (0.1275, 0.0)}
{'epoch': 60, 'train_loss': 0.119, 'train_acc': 0.93, 'task_loss': (0.119, 0.0)}
{'epoch': 61, 'train_loss': 0.1529, 'train_acc': 0.9, 'task_loss': (0.1529, 0.0)}
{'epoch': 62, 'train_loss': 0.1318, 'train_acc': 0.88, 'task_loss': (0.1318, 0.0)}
{'epoch': 63, 'train_loss': 0.1129, 'train_acc': 0.94, 'task_loss': (0.1129, 0.0)}
{'epoch': 64, 'train_loss': 0.1155, 'train_acc': 0.92, 'task_loss': (0.1155, 0.0)}
{'epoch': 65, 'train_loss': 0.1551, 'train_acc': 0.89, 'task_loss': (0.1551, 0.0)}
{'epoch': 66, 'train_loss': 0.1419, 'train_acc': 0.88, 'task_loss': (0.1419, 0.0)}
{'epoch': 67, 'train_loss': 0.1093, 'train_acc': 0.92, 'task_loss': (0.1093, 0.0)}
{'epoch': 68, 'train_loss': 0.1097, 'train_acc': 0.95, 'task_loss': (0.1097, 0.0)}
{'epoch': 69, 'train_loss': 0.1278, 'train_acc': 0.88, 'task_loss': (0.1278, 0.0)}
{'epoch': 70, 'train_loss': 0.1048, 'train_acc': 0.91, 'task_loss': (0.1048, 0.0)}
{'epoch': 71, 'train_loss': 0.1335, 'train_acc': 0.88, 'task_loss': (0.1335, 0.0)}
{'epoch': 72, 'train_loss': 0.1353, 'train_acc': 0.89, 'task_loss': (0.1353, 0.0)}
{'epoch': 73, 'train_loss': 0.1322, 'train_acc': 0.88, 'task_loss': (0.1322, 0.0)}
{'epoch': 74, 'train_loss': 0.1013, 'train_acc': 0.94, 'task_loss': (0.1013, 0.0)}
{'epoch': 75, 'train_loss': 0.1138, 'train_acc': 0.92, 'task_loss': (0.1138, 0.0)}
{'epoch': 76, 'train_loss': 0.0904, 'train_acc': 0.96, 'task_loss': (0.0904, 0.0)}
{'epoch': 77, 'train_loss': 0.1123, 'train_acc': 0.92, 'task_loss': (0.1123, 0.0)}
{'epoch': 78, 'train_loss': 0.0935, 'train_acc': 0.95, 'task_loss': (0.0935, 0.0)}
{'epoch': 79, 'train_loss': 0.1226, 'train_acc': 0.9, 'task_loss': (0.1226, 0.0)}
{'epoch': 80, 'train_loss': 0.1102, 'train_acc': 0.93, 'task_loss': (0.1102, 0.0)}
{'epoch': 81, 'train_loss': 0.1489, 'train_acc': 0.87, 'task_loss': (0.1489, 0.0)}
{'epoch': 82, 'train_loss': 0.085, 'train_acc': 0.97, 'task_loss': (0.085, 0.0)}
{'epoch': 83, 'train_loss': 0.1389, 'train_acc': 0.89, 'task_loss': (0.1389, 0.0)}
{'epoch': 84, 'train_loss': 0.1061, 'train_acc': 0.95, 'task_loss': (0.1061, 0.0)}
{'epoch': 85, 'train_loss': 0.1092, 'train_acc': 0.93, 'task_loss': (0.1092, 0.0)}
{'epoch': 86, 'train_loss': 0.115, 'train_acc': 0.86, 'task_loss': (0.115, 0.0)}
{'epoch': 87, 'train_loss': 0.1258, 'train_acc': 0.9, 'task_loss': (0.1258, 0.0)}
{'epoch': 88, 'train_loss': 0.102, 'train_acc': 0.91, 'task_loss': (0.102, 0.0)}
{'epoch': 89, 'train_loss': 0.1103, 'train_acc': 0.9, 'task_loss': (0.1103, 0.0)}
{'epoch': 90, 'train_loss': 0.1415, 'train_acc': 0.86, 'task_loss': (0.1415, 0.0)}
{'epoch': 91, 'train_loss': 0.0997, 'train_acc': 0.95, 'task_loss': (0.0997, 0.0)}
{'epoch': 92, 'train_loss': 0.0943, 'train_acc': 0.92, 'task_loss': (0.0943, 0.0)}
{'epoch': 93, 'train_loss': 0.1301, 'train_acc': 0.9, 'task_loss': (0.1301, 0.0)}
{'epoch': 94, 'train_loss': 0.093, 'train_acc': 0.95, 'task_loss': (0.093, 0.0)}
{'epoch': 95, 'train_loss': 0.1141, 'train_acc': 0.92, 'task_loss': (0.1141, 0.0)}
{'epoch': 96, 'train_loss': 0.1547, 'train_acc': 0.87, 'task_loss': (0.1547, 0.0)}
{'epoch': 97, 'train_loss': 0.1092, 'train_acc': 0.93, 'task_loss': (0.1092, 0.0)}
{'epoch': 98, 'train_loss': 0.1198, 'train_acc': 0.92, 'task_loss': (0.1198, 0.0)}
{'epoch': 99, 'train_loss': 0.1033, 'train_acc': 0.93, 'task_loss': (0.1033, 0.0)}
{'epoch': 100, 'train_loss': 0.1082, 'train_acc': 0.9, 'task_loss': (0.1082, 0.0)}
{'run_num': 7, 'final_test_err': 0.1845}
Files already downloaded and verified
Files already downloaded and verified
{'epoch': 1, 'train_loss': 0.3428, 'train_acc': 0.6, 'task_loss': (0.3428, 0.0)}
{'epoch': 2, 'train_loss': 0.3408, 'train_acc': 0.6, 'task_loss': (0.3408, 0.0)}
{'epoch': 3, 'train_loss': 0.3301, 'train_acc': 0.65, 'task_loss': (0.3301, 0.0)}
{'epoch': 4, 'train_loss': 0.3297, 'train_acc': 0.6, 'task_loss': (0.3297, 0.0)}
{'epoch': 5, 'train_loss': 0.3232, 'train_acc': 0.63, 'task_loss': (0.3232, 0.0)}
{'epoch': 6, 'train_loss': 0.3229, 'train_acc': 0.63, 'task_loss': (0.3229, 0.0)}
{'epoch': 7, 'train_loss': 0.3152, 'train_acc': 0.68, 'task_loss': (0.3152, 0.0)}
{'epoch': 8, 'train_loss': 0.3108, 'train_acc': 0.67, 'task_loss': (0.3108, 0.0)}
{'epoch': 9, 'train_loss': 0.3002, 'train_acc': 0.68, 'task_loss': (0.3002, 0.0)}
{'epoch': 10, 'train_loss': 0.2942, 'train_acc': 0.7, 'task_loss': (0.2942, 0.0)}
{'epoch': 11, 'train_loss': 0.2957, 'train_acc': 0.68, 'task_loss': (0.2957, 0.0)}
{'epoch': 12, 'train_loss': 0.2861, 'train_acc': 0.73, 'task_loss': (0.2861, 0.0)}
{'epoch': 13, 'train_loss': 0.2875, 'train_acc': 0.74, 'task_loss': (0.2875, 0.0)}
{'epoch': 14, 'train_loss': 0.2827, 'train_acc': 0.74, 'task_loss': (0.2827, 0.0)}
{'epoch': 15, 'train_loss': 0.29, 'train_acc': 0.71, 'task_loss': (0.29, 0.0)}
{'epoch': 16, 'train_loss': 0.2691, 'train_acc': 0.76, 'task_loss': (0.2691, 0.0)}
{'epoch': 17, 'train_loss': 0.2713, 'train_acc': 0.72, 'task_loss': (0.2713, 0.0)}
{'epoch': 18, 'train_loss': 0.2728, 'train_acc': 0.76, 'task_loss': (0.2728, 0.0)}
{'epoch': 19, 'train_loss': 0.2465, 'train_acc': 0.8, 'task_loss': (0.2465, 0.0)}
{'epoch': 20, 'train_loss': 0.2532, 'train_acc': 0.74, 'task_loss': (0.2532, 0.0)}
{'epoch': 21, 'train_loss': 0.2427, 'train_acc': 0.82, 'task_loss': (0.2427, 0.0)}
{'epoch': 22, 'train_loss': 0.2369, 'train_acc': 0.8, 'task_loss': (0.2369, 0.0)}
{'epoch': 23, 'train_loss': 0.2538, 'train_acc': 0.71, 'task_loss': (0.2538, 0.0)}
{'epoch': 24, 'train_loss': 0.2444, 'train_acc': 0.76, 'task_loss': (0.2444, 0.0)}
{'epoch': 25, 'train_loss': 0.2345, 'train_acc': 0.76, 'task_loss': (0.2345, 0.0)}
{'epoch': 26, 'train_loss': 0.2456, 'train_acc': 0.75, 'task_loss': (0.2456, 0.0)}
{'epoch': 27, 'train_loss': 0.2367, 'train_acc': 0.74, 'task_loss': (0.2367, 0.0)}
{'epoch': 28, 'train_loss': 0.2338, 'train_acc': 0.8, 'task_loss': (0.2338, 0.0)}
{'epoch': 29, 'train_loss': 0.2228, 'train_acc': 0.82, 'task_loss': (0.2228, 0.0)}
{'epoch': 30, 'train_loss': 0.2555, 'train_acc': 0.72, 'task_loss': (0.2555, 0.0)}
{'epoch': 31, 'train_loss': 0.2111, 'train_acc': 0.84, 'task_loss': (0.2111, 0.0)}
{'epoch': 32, 'train_loss': 0.216, 'train_acc': 0.83, 'task_loss': (0.216, 0.0)}
{'epoch': 33, 'train_loss': 0.2201, 'train_acc': 0.81, 'task_loss': (0.2201, 0.0)}
{'epoch': 34, 'train_loss': 0.1987, 'train_acc': 0.84, 'task_loss': (0.1987, 0.0)}
{'epoch': 35, 'train_loss': 0.2087, 'train_acc': 0.87, 'task_loss': (0.2087, 0.0)}
{'epoch': 36, 'train_loss': 0.1887, 'train_acc': 0.87, 'task_loss': (0.1887, 0.0)}
{'epoch': 37, 'train_loss': 0.209, 'train_acc': 0.81, 'task_loss': (0.209, 0.0)}
{'epoch': 38, 'train_loss': 0.1821, 'train_acc': 0.81, 'task_loss': (0.1821, 0.0)}
{'epoch': 39, 'train_loss': 0.1806, 'train_acc': 0.88, 'task_loss': (0.1806, 0.0)}
{'epoch': 40, 'train_loss': 0.2225, 'train_acc': 0.8, 'task_loss': (0.2225, 0.0)}
{'epoch': 41, 'train_loss': 0.2032, 'train_acc': 0.82, 'task_loss': (0.2032, 0.0)}
{'epoch': 42, 'train_loss': 0.1902, 'train_acc': 0.87, 'task_loss': (0.1902, 0.0)}
{'epoch': 43, 'train_loss': 0.1949, 'train_acc': 0.83, 'task_loss': (0.1949, 0.0)}
{'epoch': 44, 'train_loss': 0.1805, 'train_acc': 0.85, 'task_loss': (0.1805, 0.0)}
{'epoch': 45, 'train_loss': 0.1686, 'train_acc': 0.9, 'task_loss': (0.1686, 0.0)}
{'epoch': 46, 'train_loss': 0.1797, 'train_acc': 0.87, 'task_loss': (0.1797, 0.0)}
{'epoch': 47, 'train_loss': 0.2116, 'train_acc': 0.83, 'task_loss': (0.2116, 0.0)}
{'epoch': 48, 'train_loss': 0.1739, 'train_acc': 0.88, 'task_loss': (0.1739, 0.0)}
{'epoch': 49, 'train_loss': 0.1737, 'train_acc': 0.87, 'task_loss': (0.1737, 0.0)}
{'epoch': 50, 'train_loss': 0.1589, 'train_acc': 0.9, 'task_loss': (0.1589, 0.0)}
{'epoch': 51, 'train_loss': 0.17, 'train_acc': 0.86, 'task_loss': (0.17, 0.0)}
{'epoch': 52, 'train_loss': 0.1749, 'train_acc': 0.87, 'task_loss': (0.1749, 0.0)}
{'epoch': 53, 'train_loss': 0.1762, 'train_acc': 0.88, 'task_loss': (0.1762, 0.0)}
{'epoch': 54, 'train_loss': 0.1782, 'train_acc': 0.88, 'task_loss': (0.1782, 0.0)}
{'epoch': 55, 'train_loss': 0.1551, 'train_acc': 0.92, 'task_loss': (0.1551, 0.0)}
{'epoch': 56, 'train_loss': 0.1606, 'train_acc': 0.9, 'task_loss': (0.1606, 0.0)}
{'epoch': 57, 'train_loss': 0.181, 'train_acc': 0.84, 'task_loss': (0.181, 0.0)}
{'epoch': 58, 'train_loss': 0.1587, 'train_acc': 0.89, 'task_loss': (0.1587, 0.0)}
{'epoch': 59, 'train_loss': 0.1665, 'train_acc': 0.89, 'task_loss': (0.1665, 0.0)}
{'epoch': 60, 'train_loss': 0.1801, 'train_acc': 0.86, 'task_loss': (0.1801, 0.0)}
{'epoch': 61, 'train_loss': 0.1806, 'train_acc': 0.89, 'task_loss': (0.1806, 0.0)}
{'epoch': 62, 'train_loss': 0.179, 'train_acc': 0.84, 'task_loss': (0.179, 0.0)}
{'epoch': 63, 'train_loss': 0.1654, 'train_acc': 0.87, 'task_loss': (0.1654, 0.0)}
{'epoch': 64, 'train_loss': 0.1719, 'train_acc': 0.87, 'task_loss': (0.1719, 0.0)}
{'epoch': 65, 'train_loss': 0.1612, 'train_acc': 0.89, 'task_loss': (0.1612, 0.0)}
{'epoch': 66, 'train_loss': 0.1357, 'train_acc': 0.89, 'task_loss': (0.1357, 0.0)}
{'epoch': 67, 'train_loss': 0.1781, 'train_acc': 0.82, 'task_loss': (0.1781, 0.0)}
{'epoch': 68, 'train_loss': 0.1811, 'train_acc': 0.86, 'task_loss': (0.1811, 0.0)}
{'epoch': 69, 'train_loss': 0.1646, 'train_acc': 0.87, 'task_loss': (0.1646, 0.0)}
{'epoch': 70, 'train_loss': 0.1609, 'train_acc': 0.89, 'task_loss': (0.1609, 0.0)}
{'epoch': 71, 'train_loss': 0.1383, 'train_acc': 0.94, 'task_loss': (0.1383, 0.0)}
{'epoch': 72, 'train_loss': 0.1545, 'train_acc': 0.89, 'task_loss': (0.1545, 0.0)}
{'epoch': 73, 'train_loss': 0.151, 'train_acc': 0.88, 'task_loss': (0.151, 0.0)}
{'epoch': 74, 'train_loss': 0.132, 'train_acc': 0.89, 'task_loss': (0.132, 0.0)}
{'epoch': 75, 'train_loss': 0.1565, 'train_acc': 0.89, 'task_loss': (0.1565, 0.0)}
{'epoch': 76, 'train_loss': 0.1352, 'train_acc': 0.92, 'task_loss': (0.1352, 0.0)}
{'epoch': 77, 'train_loss': 0.1411, 'train_acc': 0.89, 'task_loss': (0.1411, 0.0)}
{'epoch': 78, 'train_loss': 0.1376, 'train_acc': 0.9, 'task_loss': (0.1376, 0.0)}
{'epoch': 79, 'train_loss': 0.1258, 'train_acc': 0.92, 'task_loss': (0.1258, 0.0)}
{'epoch': 80, 'train_loss': 0.1209, 'train_acc': 0.9, 'task_loss': (0.1209, 0.0)}
{'epoch': 81, 'train_loss': 0.1551, 'train_acc': 0.88, 'task_loss': (0.1551, 0.0)}
{'epoch': 82, 'train_loss': 0.1329, 'train_acc': 0.92, 'task_loss': (0.1329, 0.0)}
{'epoch': 83, 'train_loss': 0.1562, 'train_acc': 0.91, 'task_loss': (0.1562, 0.0)}
{'epoch': 84, 'train_loss': 0.1306, 'train_acc': 0.93, 'task_loss': (0.1306, 0.0)}
{'epoch': 85, 'train_loss': 0.1455, 'train_acc': 0.91, 'task_loss': (0.1455, 0.0)}
{'epoch': 86, 'train_loss': 0.1499, 'train_acc': 0.89, 'task_loss': (0.1499, 0.0)}
{'epoch': 87, 'train_loss': 0.1335, 'train_acc': 0.92, 'task_loss': (0.1335, 0.0)}
{'epoch': 88, 'train_loss': 0.12, 'train_acc': 0.93, 'task_loss': (0.12, 0.0)}
{'epoch': 89, 'train_loss': 0.1497, 'train_acc': 0.91, 'task_loss': (0.1497, 0.0)}
{'epoch': 90, 'train_loss': 0.1519, 'train_acc': 0.9, 'task_loss': (0.1519, 0.0)}
{'epoch': 91, 'train_loss': 0.1528, 'train_acc': 0.86, 'task_loss': (0.1528, 0.0)}
{'epoch': 92, 'train_loss': 0.1557, 'train_acc': 0.87, 'task_loss': (0.1557, 0.0)}
{'epoch': 93, 'train_loss': 0.1334, 'train_acc': 0.88, 'task_loss': (0.1334, 0.0)}
{'epoch': 94, 'train_loss': 0.1241, 'train_acc': 0.93, 'task_loss': (0.1241, 0.0)}
{'epoch': 95, 'train_loss': 0.1328, 'train_acc': 0.94, 'task_loss': (0.1328, 0.0)}
{'epoch': 96, 'train_loss': 0.1446, 'train_acc': 0.92, 'task_loss': (0.1446, 0.0)}
{'epoch': 97, 'train_loss': 0.1377, 'train_acc': 0.92, 'task_loss': (0.1377, 0.0)}
{'epoch': 98, 'train_loss': 0.1329, 'train_acc': 0.92, 'task_loss': (0.1329, 0.0)}
{'epoch': 99, 'train_loss': 0.1382, 'train_acc': 0.91, 'task_loss': (0.1382, 0.0)}
{'epoch': 100, 'train_loss': 0.1266, 'train_acc': 0.93, 'task_loss': (0.1266, 0.0)}
{'run_num': 8, 'final_test_err': 0.19499999999999995}
Files already downloaded and verified
Files already downloaded and verified
{'epoch': 1, 'train_loss': 0.3541, 'train_acc': 0.53, 'task_loss': (0.3541, 0.0)}
{'epoch': 2, 'train_loss': 0.348, 'train_acc': 0.58, 'task_loss': (0.348, 0.0)}
{'epoch': 3, 'train_loss': 0.3349, 'train_acc': 0.71, 'task_loss': (0.3349, 0.0)}
{'epoch': 4, 'train_loss': 0.337, 'train_acc': 0.61, 'task_loss': (0.337, 0.0)}
{'epoch': 5, 'train_loss': 0.3237, 'train_acc': 0.71, 'task_loss': (0.3237, 0.0)}
{'epoch': 6, 'train_loss': 0.3197, 'train_acc': 0.69, 'task_loss': (0.3197, 0.0)}
{'epoch': 7, 'train_loss': 0.3212, 'train_acc': 0.63, 'task_loss': (0.3212, 0.0)}
{'epoch': 8, 'train_loss': 0.3116, 'train_acc': 0.68, 'task_loss': (0.3116, 0.0)}
{'epoch': 9, 'train_loss': 0.3165, 'train_acc': 0.68, 'task_loss': (0.3165, 0.0)}
{'epoch': 10, 'train_loss': 0.2978, 'train_acc': 0.72, 'task_loss': (0.2978, 0.0)}
{'epoch': 11, 'train_loss': 0.3034, 'train_acc': 0.68, 'task_loss': (0.3034, 0.0)}
{'epoch': 12, 'train_loss': 0.2998, 'train_acc': 0.71, 'task_loss': (0.2998, 0.0)}
{'epoch': 13, 'train_loss': 0.2859, 'train_acc': 0.7, 'task_loss': (0.2859, 0.0)}
{'epoch': 14, 'train_loss': 0.293, 'train_acc': 0.71, 'task_loss': (0.293, 0.0)}
{'epoch': 15, 'train_loss': 0.2959, 'train_acc': 0.69, 'task_loss': (0.2959, 0.0)}
{'epoch': 16, 'train_loss': 0.2734, 'train_acc': 0.73, 'task_loss': (0.2734, 0.0)}
{'epoch': 17, 'train_loss': 0.2693, 'train_acc': 0.76, 'task_loss': (0.2693, 0.0)}
{'epoch': 18, 'train_loss': 0.2844, 'train_acc': 0.68, 'task_loss': (0.2844, 0.0)}
{'epoch': 19, 'train_loss': 0.2703, 'train_acc': 0.74, 'task_loss': (0.2703, 0.0)}
{'epoch': 20, 'train_loss': 0.2671, 'train_acc': 0.74, 'task_loss': (0.2671, 0.0)}
{'epoch': 21, 'train_loss': 0.2733, 'train_acc': 0.72, 'task_loss': (0.2733, 0.0)}
{'epoch': 22, 'train_loss': 0.2668, 'train_acc': 0.75, 'task_loss': (0.2668, 0.0)}
{'epoch': 23, 'train_loss': 0.2728, 'train_acc': 0.74, 'task_loss': (0.2728, 0.0)}
{'epoch': 24, 'train_loss': 0.262, 'train_acc': 0.75, 'task_loss': (0.262, 0.0)}
{'epoch': 25, 'train_loss': 0.2476, 'train_acc': 0.76, 'task_loss': (0.2476, 0.0)}
{'epoch': 26, 'train_loss': 0.2456, 'train_acc': 0.78, 'task_loss': (0.2456, 0.0)}
{'epoch': 27, 'train_loss': 0.2389, 'train_acc': 0.78, 'task_loss': (0.2389, 0.0)}
{'epoch': 28, 'train_loss': 0.2288, 'train_acc': 0.83, 'task_loss': (0.2288, 0.0)}
{'epoch': 29, 'train_loss': 0.2427, 'train_acc': 0.73, 'task_loss': (0.2427, 0.0)}
{'epoch': 30, 'train_loss': 0.2416, 'train_acc': 0.72, 'task_loss': (0.2416, 0.0)}
{'epoch': 31, 'train_loss': 0.2261, 'train_acc': 0.82, 'task_loss': (0.2261, 0.0)}
{'epoch': 32, 'train_loss': 0.2439, 'train_acc': 0.79, 'task_loss': (0.2439, 0.0)}
{'epoch': 33, 'train_loss': 0.2193, 'train_acc': 0.81, 'task_loss': (0.2193, 0.0)}
{'epoch': 34, 'train_loss': 0.2269, 'train_acc': 0.79, 'task_loss': (0.2269, 0.0)}
{'epoch': 35, 'train_loss': 0.2206, 'train_acc': 0.79, 'task_loss': (0.2206, 0.0)}
{'epoch': 36, 'train_loss': 0.2365, 'train_acc': 0.76, 'task_loss': (0.2365, 0.0)}
{'epoch': 37, 'train_loss': 0.1937, 'train_acc': 0.92, 'task_loss': (0.1937, 0.0)}
{'epoch': 38, 'train_loss': 0.2179, 'train_acc': 0.8, 'task_loss': (0.2179, 0.0)}
{'epoch': 39, 'train_loss': 0.1985, 'train_acc': 0.87, 'task_loss': (0.1985, 0.0)}
{'epoch': 40, 'train_loss': 0.2265, 'train_acc': 0.79, 'task_loss': (0.2265, 0.0)}
{'epoch': 41, 'train_loss': 0.2196, 'train_acc': 0.81, 'task_loss': (0.2196, 0.0)}
{'epoch': 42, 'train_loss': 0.2009, 'train_acc': 0.82, 'task_loss': (0.2009, 0.0)}
{'epoch': 43, 'train_loss': 0.2194, 'train_acc': 0.8, 'task_loss': (0.2194, 0.0)}
{'epoch': 44, 'train_loss': 0.208, 'train_acc': 0.81, 'task_loss': (0.208, 0.0)}
{'epoch': 45, 'train_loss': 0.192, 'train_acc': 0.79, 'task_loss': (0.192, 0.0)}
{'epoch': 46, 'train_loss': 0.172, 'train_acc': 0.9, 'task_loss': (0.172, 0.0)}
{'epoch': 47, 'train_loss': 0.2026, 'train_acc': 0.77, 'task_loss': (0.2026, 0.0)}
{'epoch': 48, 'train_loss': 0.195, 'train_acc': 0.81, 'task_loss': (0.195, 0.0)}
{'epoch': 49, 'train_loss': 0.1689, 'train_acc': 0.88, 'task_loss': (0.1689, 0.0)}
{'epoch': 50, 'train_loss': 0.194, 'train_acc': 0.84, 'task_loss': (0.194, 0.0)}
{'epoch': 51, 'train_loss': 0.1869, 'train_acc': 0.87, 'task_loss': (0.1869, 0.0)}
{'epoch': 52, 'train_loss': 0.1654, 'train_acc': 0.87, 'task_loss': (0.1654, 0.0)}
{'epoch': 53, 'train_loss': 0.1875, 'train_acc': 0.85, 'task_loss': (0.1875, 0.0)}
{'epoch': 54, 'train_loss': 0.1923, 'train_acc': 0.84, 'task_loss': (0.1923, 0.0)}
{'epoch': 55, 'train_loss': 0.1874, 'train_acc': 0.83, 'task_loss': (0.1874, 0.0)}
{'epoch': 56, 'train_loss': 0.1651, 'train_acc': 0.88, 'task_loss': (0.1651, 0.0)}
{'epoch': 57, 'train_loss': 0.1605, 'train_acc': 0.86, 'task_loss': (0.1605, 0.0)}
{'epoch': 58, 'train_loss': 0.1655, 'train_acc': 0.84, 'task_loss': (0.1655, 0.0)}
{'epoch': 59, 'train_loss': 0.1749, 'train_acc': 0.86, 'task_loss': (0.1749, 0.0)}
{'epoch': 60, 'train_loss': 0.1714, 'train_acc': 0.85, 'task_loss': (0.1714, 0.0)}
{'epoch': 61, 'train_loss': 0.1517, 'train_acc': 0.9, 'task_loss': (0.1517, 0.0)}
{'epoch': 62, 'train_loss': 0.1638, 'train_acc': 0.91, 'task_loss': (0.1638, 0.0)}
{'epoch': 63, 'train_loss': 0.1561, 'train_acc': 0.88, 'task_loss': (0.1561, 0.0)}
{'epoch': 64, 'train_loss': 0.1587, 'train_acc': 0.9, 'task_loss': (0.1587, 0.0)}
{'epoch': 65, 'train_loss': 0.157, 'train_acc': 0.87, 'task_loss': (0.157, 0.0)}
{'epoch': 66, 'train_loss': 0.1556, 'train_acc': 0.86, 'task_loss': (0.1556, 0.0)}
{'epoch': 67, 'train_loss': 0.1642, 'train_acc': 0.87, 'task_loss': (0.1642, 0.0)}
{'epoch': 68, 'train_loss': 0.1651, 'train_acc': 0.89, 'task_loss': (0.1651, 0.0)}
{'epoch': 69, 'train_loss': 0.1629, 'train_acc': 0.92, 'task_loss': (0.1629, 0.0)}
{'epoch': 70, 'train_loss': 0.1926, 'train_acc': 0.84, 'task_loss': (0.1926, 0.0)}
{'epoch': 71, 'train_loss': 0.1743, 'train_acc': 0.84, 'task_loss': (0.1743, 0.0)}
{'epoch': 72, 'train_loss': 0.1387, 'train_acc': 0.87, 'task_loss': (0.1387, 0.0)}
{'epoch': 73, 'train_loss': 0.1658, 'train_acc': 0.86, 'task_loss': (0.1658, 0.0)}
{'epoch': 74, 'train_loss': 0.1563, 'train_acc': 0.89, 'task_loss': (0.1563, 0.0)}
{'epoch': 75, 'train_loss': 0.1498, 'train_acc': 0.88, 'task_loss': (0.1498, 0.0)}
{'epoch': 76, 'train_loss': 0.1788, 'train_acc': 0.82, 'task_loss': (0.1788, 0.0)}
{'epoch': 77, 'train_loss': 0.1388, 'train_acc': 0.9, 'task_loss': (0.1388, 0.0)}
{'epoch': 78, 'train_loss': 0.1593, 'train_acc': 0.87, 'task_loss': (0.1593, 0.0)}
{'epoch': 79, 'train_loss': 0.1588, 'train_acc': 0.85, 'task_loss': (0.1588, 0.0)}
{'epoch': 80, 'train_loss': 0.1769, 'train_acc': 0.83, 'task_loss': (0.1769, 0.0)}
{'epoch': 81, 'train_loss': 0.1172, 'train_acc': 0.92, 'task_loss': (0.1172, 0.0)}
{'epoch': 82, 'train_loss': 0.1491, 'train_acc': 0.89, 'task_loss': (0.1491, 0.0)}
{'epoch': 83, 'train_loss': 0.1726, 'train_acc': 0.82, 'task_loss': (0.1726, 0.0)}
{'epoch': 84, 'train_loss': 0.1448, 'train_acc': 0.86, 'task_loss': (0.1448, 0.0)}
{'epoch': 85, 'train_loss': 0.1548, 'train_acc': 0.84, 'task_loss': (0.1548, 0.0)}
{'epoch': 86, 'train_loss': 0.1517, 'train_acc': 0.84, 'task_loss': (0.1517, 0.0)}
{'epoch': 87, 'train_loss': 0.1279, 'train_acc': 0.93, 'task_loss': (0.1279, 0.0)}
{'epoch': 88, 'train_loss': 0.1503, 'train_acc': 0.86, 'task_loss': (0.1503, 0.0)}
{'epoch': 89, 'train_loss': 0.1606, 'train_acc': 0.85, 'task_loss': (0.1606, 0.0)}
{'epoch': 90, 'train_loss': 0.1342, 'train_acc': 0.93, 'task_loss': (0.1342, 0.0)}
{'epoch': 91, 'train_loss': 0.1731, 'train_acc': 0.85, 'task_loss': (0.1731, 0.0)}
{'epoch': 92, 'train_loss': 0.1673, 'train_acc': 0.87, 'task_loss': (0.1673, 0.0)}
{'epoch': 93, 'train_loss': 0.131, 'train_acc': 0.91, 'task_loss': (0.131, 0.0)}
{'epoch': 94, 'train_loss': 0.1362, 'train_acc': 0.92, 'task_loss': (0.1362, 0.0)}
{'epoch': 95, 'train_loss': 0.156, 'train_acc': 0.87, 'task_loss': (0.156, 0.0)}
{'epoch': 96, 'train_loss': 0.1326, 'train_acc': 0.9, 'task_loss': (0.1326, 0.0)}
{'epoch': 97, 'train_loss': 0.1609, 'train_acc': 0.86, 'task_loss': (0.1609, 0.0)}
{'epoch': 98, 'train_loss': 0.1411, 'train_acc': 0.88, 'task_loss': (0.1411, 0.0)}
{'epoch': 99, 'train_loss': 0.1371, 'train_acc': 0.91, 'task_loss': (0.1371, 0.0)}
{'epoch': 100, 'train_loss': 0.1466, 'train_acc': 0.91, 'task_loss': (0.1466, 0.0)}
{'run_num': 9, 'final_test_err': 0.1985}
{'avg_err': 0.2029, 'std_err': 0.0207}
