{'deploy': True, 'tag': '05_ood/05_domain_net2', 'seed': 10, 'device': 'cuda:0', 'reps': 10, 'loss': {'alpha': 0.5, 'tune_alpha': False, 'group_task_loss': False}, 'task': {'dataset': 'domain_net', 'task_map': [[0, 1], [2, 3], [4, 5], [6, 7], [8, 9]], 'target': 0, 'ood': [5], 'augment': False, 'n': 100, 'm_n': 3, 'beta': 0.5, 'custom_sampler': False, 'm_cinic': 1, 'm_cinic_neg': 0.0}, 'hp': {'epochs': 100, 'bs': 16, 'lr': 0.01}, 'net': 'conv'}
Files already downloaded and verified
Files already downloaded and verified
{'epoch': 1, 'train_loss': 0.5438, 'train_acc': 0.72}
{'epoch': 2, 'train_loss': 0.3431, 'train_acc': 0.8588}
{'epoch': 3, 'train_loss': 0.2443, 'train_acc': 0.895}
{'epoch': 4, 'train_loss': 0.1813, 'train_acc': 0.9188}
{'epoch': 5, 'train_loss': 0.14, 'train_acc': 0.9562}
{'epoch': 6, 'train_loss': 0.0489, 'train_acc': 0.9825}
{'epoch': 7, 'train_loss': 0.0542, 'train_acc': 0.9775}
{'epoch': 8, 'train_loss': 0.0785, 'train_acc': 0.9738}
{'epoch': 9, 'train_loss': 0.0228, 'train_acc': 0.9912}
{'epoch': 10, 'train_loss': 0.0121, 'train_acc': 0.9975}
{'epoch': 11, 'train_loss': 0.0041, 'train_acc': 1.0}
{'epoch': 12, 'train_loss': 0.002, 'train_acc': 1.0}
{'epoch': 13, 'train_loss': 0.0017, 'train_acc': 1.0}
{'epoch': 14, 'train_loss': 0.001, 'train_acc': 1.0}
{'epoch': 15, 'train_loss': 0.0008, 'train_acc': 1.0}
{'epoch': 16, 'train_loss': 0.0009, 'train_acc': 1.0}
{'epoch': 17, 'train_loss': 0.0008, 'train_acc': 1.0}
{'epoch': 18, 'train_loss': 0.0006, 'train_acc': 1.0}
{'epoch': 19, 'train_loss': 0.0005, 'train_acc': 1.0}
{'epoch': 20, 'train_loss': 0.0005, 'train_acc': 1.0}
{'epoch': 21, 'train_loss': 0.0008, 'train_acc': 1.0}
{'epoch': 22, 'train_loss': 0.0005, 'train_acc': 1.0}
{'epoch': 23, 'train_loss': 0.0005, 'train_acc': 1.0}
{'epoch': 24, 'train_loss': 0.0004, 'train_acc': 1.0}
{'epoch': 25, 'train_loss': 0.0003, 'train_acc': 1.0}
{'epoch': 26, 'train_loss': 0.0006, 'train_acc': 1.0}
{'epoch': 27, 'train_loss': 0.0004, 'train_acc': 1.0}
{'epoch': 28, 'train_loss': 0.0003, 'train_acc': 1.0}
{'epoch': 29, 'train_loss': 0.0004, 'train_acc': 1.0}
{'epoch': 30, 'train_loss': 0.0002, 'train_acc': 1.0}
{'epoch': 31, 'train_loss': 0.0003, 'train_acc': 1.0}
{'epoch': 32, 'train_loss': 0.0003, 'train_acc': 1.0}
{'epoch': 33, 'train_loss': 0.0002, 'train_acc': 1.0}
{'epoch': 34, 'train_loss': 0.0003, 'train_acc': 1.0}
{'epoch': 35, 'train_loss': 0.0003, 'train_acc': 1.0}
{'epoch': 36, 'train_loss': 0.0002, 'train_acc': 1.0}
{'epoch': 37, 'train_loss': 0.0002, 'train_acc': 1.0}
{'epoch': 38, 'train_loss': 0.0002, 'train_acc': 1.0}
{'epoch': 39, 'train_loss': 0.0002, 'train_acc': 1.0}
{'epoch': 40, 'train_loss': 0.0003, 'train_acc': 1.0}
{'epoch': 41, 'train_loss': 0.0003, 'train_acc': 1.0}
{'epoch': 42, 'train_loss': 0.0002, 'train_acc': 1.0}
{'epoch': 43, 'train_loss': 0.0003, 'train_acc': 1.0}
{'epoch': 44, 'train_loss': 0.0002, 'train_acc': 1.0}
{'epoch': 45, 'train_loss': 0.0002, 'train_acc': 1.0}
{'epoch': 46, 'train_loss': 0.0002, 'train_acc': 1.0}
{'epoch': 47, 'train_loss': 0.0003, 'train_acc': 1.0}
{'epoch': 48, 'train_loss': 0.0003, 'train_acc': 1.0}
{'epoch': 49, 'train_loss': 0.0002, 'train_acc': 1.0}
{'epoch': 50, 'train_loss': 0.0003, 'train_acc': 1.0}
{'epoch': 51, 'train_loss': 0.0002, 'train_acc': 1.0}
{'epoch': 52, 'train_loss': 0.0002, 'train_acc': 1.0}
{'epoch': 53, 'train_loss': 0.0002, 'train_acc': 1.0}
{'epoch': 54, 'train_loss': 0.0002, 'train_acc': 1.0}
{'epoch': 55, 'train_loss': 0.0002, 'train_acc': 1.0}
{'epoch': 56, 'train_loss': 0.0002, 'train_acc': 1.0}
{'epoch': 57, 'train_loss': 0.0002, 'train_acc': 1.0}
{'epoch': 58, 'train_loss': 0.0002, 'train_acc': 1.0}
{'epoch': 59, 'train_loss': 0.0002, 'train_acc': 1.0}
{'epoch': 60, 'train_loss': 0.0002, 'train_acc': 1.0}
{'epoch': 61, 'train_loss': 0.0002, 'train_acc': 1.0}
{'epoch': 62, 'train_loss': 0.0002, 'train_acc': 1.0}
{'epoch': 63, 'train_loss': 0.0002, 'train_acc': 1.0}
{'epoch': 64, 'train_loss': 0.0002, 'train_acc': 1.0}
{'epoch': 65, 'train_loss': 0.0002, 'train_acc': 1.0}
{'epoch': 66, 'train_loss': 0.0001, 'train_acc': 1.0}
{'epoch': 67, 'train_loss': 0.0002, 'train_acc': 1.0}
{'epoch': 68, 'train_loss': 0.0002, 'train_acc': 1.0}
{'epoch': 69, 'train_loss': 0.0001, 'train_acc': 1.0}
{'epoch': 70, 'train_loss': 0.0001, 'train_acc': 1.0}
{'epoch': 71, 'train_loss': 0.0002, 'train_acc': 1.0}
{'epoch': 72, 'train_loss': 0.0002, 'train_acc': 1.0}
{'epoch': 73, 'train_loss': 0.0002, 'train_acc': 1.0}
{'epoch': 74, 'train_loss': 0.0001, 'train_acc': 1.0}
{'epoch': 75, 'train_loss': 0.0001, 'train_acc': 1.0}
{'epoch': 76, 'train_loss': 0.0001, 'train_acc': 1.0}
{'epoch': 77, 'train_loss': 0.0001, 'train_acc': 1.0}
{'epoch': 78, 'train_loss': 0.0002, 'train_acc': 1.0}
{'epoch': 79, 'train_loss': 0.0002, 'train_acc': 1.0}
{'epoch': 80, 'train_loss': 0.0002, 'train_acc': 1.0}
{'epoch': 81, 'train_loss': 0.0001, 'train_acc': 1.0}
{'epoch': 82, 'train_loss': 0.0003, 'train_acc': 1.0}
{'epoch': 83, 'train_loss': 0.0001, 'train_acc': 1.0}
{'epoch': 84, 'train_loss': 0.0002, 'train_acc': 1.0}
{'epoch': 85, 'train_loss': 0.0002, 'train_acc': 1.0}
{'epoch': 86, 'train_loss': 0.0002, 'train_acc': 1.0}
{'epoch': 87, 'train_loss': 0.0001, 'train_acc': 1.0}
{'epoch': 88, 'train_loss': 0.0001, 'train_acc': 1.0}
{'epoch': 89, 'train_loss': 0.0001, 'train_acc': 1.0}
{'epoch': 90, 'train_loss': 0.0002, 'train_acc': 1.0}
{'epoch': 91, 'train_loss': 0.0002, 'train_acc': 1.0}
{'epoch': 92, 'train_loss': 0.0002, 'train_acc': 1.0}
{'epoch': 93, 'train_loss': 0.0002, 'train_acc': 1.0}
{'epoch': 94, 'train_loss': 0.0001, 'train_acc': 1.0}
{'epoch': 95, 'train_loss': 0.0002, 'train_acc': 1.0}
{'epoch': 96, 'train_loss': 0.0002, 'train_acc': 1.0}
{'epoch': 97, 'train_loss': 0.0001, 'train_acc': 1.0}
{'epoch': 98, 'train_loss': 0.0004, 'train_acc': 1.0}
{'epoch': 99, 'train_loss': 0.0002, 'train_acc': 1.0}
{'epoch': 100, 'train_loss': 0.0002, 'train_acc': 1.0}
{'run_num': 0, 'final_test_err': 0.15309446254071657}
Files already downloaded and verified
Files already downloaded and verified
{'epoch': 1, 'train_loss': 0.5343, 'train_acc': 0.74}
{'epoch': 2, 'train_loss': 0.2983, 'train_acc': 0.8788}
{'epoch': 3, 'train_loss': 0.2152, 'train_acc': 0.9225}
{'epoch': 4, 'train_loss': 0.1666, 'train_acc': 0.9388}
{'epoch': 5, 'train_loss': 0.102, 'train_acc': 0.9562}
{'epoch': 6, 'train_loss': 0.063, 'train_acc': 0.9775}
{'epoch': 7, 'train_loss': 0.0236, 'train_acc': 0.995}
{'epoch': 8, 'train_loss': 0.0223, 'train_acc': 0.9938}
{'epoch': 9, 'train_loss': 0.0243, 'train_acc': 0.995}
{'epoch': 10, 'train_loss': 0.0038, 'train_acc': 1.0}
{'epoch': 11, 'train_loss': 0.0048, 'train_acc': 1.0}
{'epoch': 12, 'train_loss': 0.0016, 'train_acc': 1.0}
{'epoch': 13, 'train_loss': 0.0027, 'train_acc': 1.0}
{'epoch': 14, 'train_loss': 0.0011, 'train_acc': 1.0}
{'epoch': 15, 'train_loss': 0.0009, 'train_acc': 1.0}
{'epoch': 16, 'train_loss': 0.0015, 'train_acc': 1.0}
{'epoch': 17, 'train_loss': 0.0012, 'train_acc': 1.0}
{'epoch': 18, 'train_loss': 0.0007, 'train_acc': 1.0}
{'epoch': 19, 'train_loss': 0.0012, 'train_acc': 1.0}
{'epoch': 20, 'train_loss': 0.0007, 'train_acc': 1.0}
{'epoch': 21, 'train_loss': 0.0005, 'train_acc': 1.0}
{'epoch': 22, 'train_loss': 0.0005, 'train_acc': 1.0}
{'epoch': 23, 'train_loss': 0.0004, 'train_acc': 1.0}
{'epoch': 24, 'train_loss': 0.0003, 'train_acc': 1.0}
{'epoch': 25, 'train_loss': 0.0004, 'train_acc': 1.0}
{'epoch': 26, 'train_loss': 0.0003, 'train_acc': 1.0}
{'epoch': 27, 'train_loss': 0.0004, 'train_acc': 1.0}
{'epoch': 28, 'train_loss': 0.0003, 'train_acc': 1.0}
{'epoch': 29, 'train_loss': 0.0003, 'train_acc': 1.0}
{'epoch': 30, 'train_loss': 0.0004, 'train_acc': 1.0}
{'epoch': 31, 'train_loss': 0.0003, 'train_acc': 1.0}
{'epoch': 32, 'train_loss': 0.0003, 'train_acc': 1.0}
{'epoch': 33, 'train_loss': 0.0005, 'train_acc': 1.0}
{'epoch': 34, 'train_loss': 0.0005, 'train_acc': 1.0}
{'epoch': 35, 'train_loss': 0.0003, 'train_acc': 1.0}
{'epoch': 36, 'train_loss': 0.0003, 'train_acc': 1.0}
{'epoch': 37, 'train_loss': 0.0002, 'train_acc': 1.0}
{'epoch': 38, 'train_loss': 0.0003, 'train_acc': 1.0}
{'epoch': 39, 'train_loss': 0.0003, 'train_acc': 1.0}
{'epoch': 40, 'train_loss': 0.0002, 'train_acc': 1.0}
{'epoch': 41, 'train_loss': 0.0003, 'train_acc': 1.0}
{'epoch': 42, 'train_loss': 0.0002, 'train_acc': 1.0}
{'epoch': 43, 'train_loss': 0.0002, 'train_acc': 1.0}
{'epoch': 44, 'train_loss': 0.0003, 'train_acc': 1.0}
{'epoch': 45, 'train_loss': 0.0002, 'train_acc': 1.0}
{'epoch': 46, 'train_loss': 0.0002, 'train_acc': 1.0}
{'epoch': 47, 'train_loss': 0.0002, 'train_acc': 1.0}
{'epoch': 48, 'train_loss': 0.0002, 'train_acc': 1.0}
{'epoch': 49, 'train_loss': 0.0002, 'train_acc': 1.0}
{'epoch': 50, 'train_loss': 0.0002, 'train_acc': 1.0}
{'epoch': 51, 'train_loss': 0.0003, 'train_acc': 1.0}
{'epoch': 52, 'train_loss': 0.0002, 'train_acc': 1.0}
{'epoch': 53, 'train_loss': 0.0003, 'train_acc': 1.0}
{'epoch': 54, 'train_loss': 0.0002, 'train_acc': 1.0}
{'epoch': 55, 'train_loss': 0.0001, 'train_acc': 1.0}
{'epoch': 56, 'train_loss': 0.0003, 'train_acc': 1.0}
{'epoch': 57, 'train_loss': 0.0005, 'train_acc': 1.0}
{'epoch': 58, 'train_loss': 0.0002, 'train_acc': 1.0}
{'epoch': 59, 'train_loss': 0.0002, 'train_acc': 1.0}
{'epoch': 60, 'train_loss': 0.0002, 'train_acc': 1.0}
{'epoch': 61, 'train_loss': 0.0001, 'train_acc': 1.0}
{'epoch': 62, 'train_loss': 0.0002, 'train_acc': 1.0}
{'epoch': 63, 'train_loss': 0.0002, 'train_acc': 1.0}
{'epoch': 64, 'train_loss': 0.0002, 'train_acc': 1.0}
{'epoch': 65, 'train_loss': 0.0002, 'train_acc': 1.0}
{'epoch': 66, 'train_loss': 0.0001, 'train_acc': 1.0}
{'epoch': 67, 'train_loss': 0.0002, 'train_acc': 1.0}
{'epoch': 68, 'train_loss': 0.0002, 'train_acc': 1.0}
{'epoch': 69, 'train_loss': 0.0002, 'train_acc': 1.0}
{'epoch': 70, 'train_loss': 0.0002, 'train_acc': 1.0}
{'epoch': 71, 'train_loss': 0.0001, 'train_acc': 1.0}
{'epoch': 72, 'train_loss': 0.0001, 'train_acc': 1.0}
{'epoch': 73, 'train_loss': 0.0002, 'train_acc': 1.0}
{'epoch': 74, 'train_loss': 0.0001, 'train_acc': 1.0}
{'epoch': 75, 'train_loss': 0.0002, 'train_acc': 1.0}
{'epoch': 76, 'train_loss': 0.0001, 'train_acc': 1.0}
{'epoch': 77, 'train_loss': 0.0001, 'train_acc': 1.0}
{'epoch': 78, 'train_loss': 0.0001, 'train_acc': 1.0}
{'epoch': 79, 'train_loss': 0.0003, 'train_acc': 1.0}
{'epoch': 80, 'train_loss': 0.0002, 'train_acc': 1.0}
{'epoch': 81, 'train_loss': 0.0002, 'train_acc': 1.0}
{'epoch': 82, 'train_loss': 0.0002, 'train_acc': 1.0}
{'epoch': 83, 'train_loss': 0.0001, 'train_acc': 1.0}
{'epoch': 84, 'train_loss': 0.0002, 'train_acc': 1.0}
{'epoch': 85, 'train_loss': 0.0002, 'train_acc': 1.0}
{'epoch': 86, 'train_loss': 0.0002, 'train_acc': 1.0}
{'epoch': 87, 'train_loss': 0.0002, 'train_acc': 1.0}
{'epoch': 88, 'train_loss': 0.0002, 'train_acc': 1.0}
{'epoch': 89, 'train_loss': 0.0002, 'train_acc': 1.0}
{'epoch': 90, 'train_loss': 0.0002, 'train_acc': 1.0}
{'epoch': 91, 'train_loss': 0.0001, 'train_acc': 1.0}
{'epoch': 92, 'train_loss': 0.0002, 'train_acc': 1.0}
{'epoch': 93, 'train_loss': 0.0001, 'train_acc': 1.0}
{'epoch': 94, 'train_loss': 0.0002, 'train_acc': 1.0}
{'epoch': 95, 'train_loss': 0.0001, 'train_acc': 1.0}
{'epoch': 96, 'train_loss': 0.0001, 'train_acc': 1.0}
{'epoch': 97, 'train_loss': 0.0002, 'train_acc': 1.0}
{'epoch': 98, 'train_loss': 0.0002, 'train_acc': 1.0}
{'epoch': 99, 'train_loss': 0.0001, 'train_acc': 1.0}
{'epoch': 100, 'train_loss': 0.0002, 'train_acc': 1.0}
{'run_num': 1, 'final_test_err': 0.1400651465798045}
Files already downloaded and verified
Files already downloaded and verified
{'epoch': 1, 'train_loss': 0.6033, 'train_acc': 0.7025}
{'epoch': 2, 'train_loss': 0.3706, 'train_acc': 0.8475}
{'epoch': 3, 'train_loss': 0.2578, 'train_acc': 0.9025}
{'epoch': 4, 'train_loss': 0.1944, 'train_acc': 0.93}
{'epoch': 5, 'train_loss': 0.1042, 'train_acc': 0.9588}
{'epoch': 6, 'train_loss': 0.0737, 'train_acc': 0.97}
{'epoch': 7, 'train_loss': 0.0574, 'train_acc': 0.9825}
{'epoch': 8, 'train_loss': 0.046, 'train_acc': 0.985}
{'epoch': 9, 'train_loss': 0.0142, 'train_acc': 0.9975}
{'epoch': 10, 'train_loss': 0.027, 'train_acc': 0.9938}
{'epoch': 11, 'train_loss': 0.0053, 'train_acc': 1.0}
{'epoch': 12, 'train_loss': 0.0023, 'train_acc': 1.0}
{'epoch': 13, 'train_loss': 0.0013, 'train_acc': 1.0}
{'epoch': 14, 'train_loss': 0.0013, 'train_acc': 1.0}
{'epoch': 15, 'train_loss': 0.0008, 'train_acc': 1.0}
{'epoch': 16, 'train_loss': 0.0009, 'train_acc': 1.0}
{'epoch': 17, 'train_loss': 0.0008, 'train_acc': 1.0}
{'epoch': 18, 'train_loss': 0.0007, 'train_acc': 1.0}
{'epoch': 19, 'train_loss': 0.0006, 'train_acc': 1.0}
{'epoch': 20, 'train_loss': 0.0005, 'train_acc': 1.0}
{'epoch': 21, 'train_loss': 0.0005, 'train_acc': 1.0}
{'epoch': 22, 'train_loss': 0.0005, 'train_acc': 1.0}
{'epoch': 23, 'train_loss': 0.0004, 'train_acc': 1.0}
{'epoch': 24, 'train_loss': 0.0004, 'train_acc': 1.0}
{'epoch': 25, 'train_loss': 0.0004, 'train_acc': 1.0}
{'epoch': 26, 'train_loss': 0.0004, 'train_acc': 1.0}
{'epoch': 27, 'train_loss': 0.0005, 'train_acc': 1.0}
{'epoch': 28, 'train_loss': 0.0003, 'train_acc': 1.0}
{'epoch': 29, 'train_loss': 0.0003, 'train_acc': 1.0}
{'epoch': 30, 'train_loss': 0.0004, 'train_acc': 1.0}
{'epoch': 31, 'train_loss': 0.0003, 'train_acc': 1.0}
{'epoch': 32, 'train_loss': 0.0003, 'train_acc': 1.0}
{'epoch': 33, 'train_loss': 0.0002, 'train_acc': 1.0}
{'epoch': 34, 'train_loss': 0.0002, 'train_acc': 1.0}
{'epoch': 35, 'train_loss': 0.0003, 'train_acc': 1.0}
{'epoch': 36, 'train_loss': 0.0002, 'train_acc': 1.0}
{'epoch': 37, 'train_loss': 0.0003, 'train_acc': 1.0}
{'epoch': 38, 'train_loss': 0.0002, 'train_acc': 1.0}
{'epoch': 39, 'train_loss': 0.0002, 'train_acc': 1.0}
{'epoch': 40, 'train_loss': 0.0002, 'train_acc': 1.0}
{'epoch': 41, 'train_loss': 0.0002, 'train_acc': 1.0}
{'epoch': 42, 'train_loss': 0.0002, 'train_acc': 1.0}
{'epoch': 43, 'train_loss': 0.0002, 'train_acc': 1.0}
{'epoch': 44, 'train_loss': 0.0002, 'train_acc': 1.0}
{'epoch': 45, 'train_loss': 0.0002, 'train_acc': 1.0}
{'epoch': 46, 'train_loss': 0.0002, 'train_acc': 1.0}
{'epoch': 47, 'train_loss': 0.0003, 'train_acc': 1.0}
{'epoch': 48, 'train_loss': 0.0002, 'train_acc': 1.0}
{'epoch': 49, 'train_loss': 0.0002, 'train_acc': 1.0}
{'epoch': 50, 'train_loss': 0.0001, 'train_acc': 1.0}
{'epoch': 51, 'train_loss': 0.0002, 'train_acc': 1.0}
{'epoch': 52, 'train_loss': 0.0002, 'train_acc': 1.0}
{'epoch': 53, 'train_loss': 0.0002, 'train_acc': 1.0}
{'epoch': 54, 'train_loss': 0.0002, 'train_acc': 1.0}
{'epoch': 55, 'train_loss': 0.0002, 'train_acc': 1.0}
{'epoch': 56, 'train_loss': 0.0002, 'train_acc': 1.0}
{'epoch': 57, 'train_loss': 0.0002, 'train_acc': 1.0}
{'epoch': 58, 'train_loss': 0.0002, 'train_acc': 1.0}
{'epoch': 59, 'train_loss': 0.0002, 'train_acc': 1.0}
{'epoch': 60, 'train_loss': 0.0001, 'train_acc': 1.0}
{'epoch': 61, 'train_loss': 0.0002, 'train_acc': 1.0}
{'epoch': 62, 'train_loss': 0.0002, 'train_acc': 1.0}
{'epoch': 63, 'train_loss': 0.0002, 'train_acc': 1.0}
{'epoch': 64, 'train_loss': 0.0002, 'train_acc': 1.0}
{'epoch': 65, 'train_loss': 0.0002, 'train_acc': 1.0}
{'epoch': 66, 'train_loss': 0.0002, 'train_acc': 1.0}
{'epoch': 67, 'train_loss': 0.0001, 'train_acc': 1.0}
{'epoch': 68, 'train_loss': 0.0002, 'train_acc': 1.0}
{'epoch': 69, 'train_loss': 0.0001, 'train_acc': 1.0}
{'epoch': 70, 'train_loss': 0.0003, 'train_acc': 1.0}
{'epoch': 71, 'train_loss': 0.0001, 'train_acc': 1.0}
{'epoch': 72, 'train_loss': 0.0002, 'train_acc': 1.0}
{'epoch': 73, 'train_loss': 0.0002, 'train_acc': 1.0}
{'epoch': 74, 'train_loss': 0.0002, 'train_acc': 1.0}
{'epoch': 75, 'train_loss': 0.0001, 'train_acc': 1.0}
{'epoch': 76, 'train_loss': 0.0002, 'train_acc': 1.0}
{'epoch': 77, 'train_loss': 0.0001, 'train_acc': 1.0}
{'epoch': 78, 'train_loss': 0.0002, 'train_acc': 1.0}
{'epoch': 79, 'train_loss': 0.0001, 'train_acc': 1.0}
{'epoch': 80, 'train_loss': 0.0002, 'train_acc': 1.0}
{'epoch': 81, 'train_loss': 0.0001, 'train_acc': 1.0}
{'epoch': 82, 'train_loss': 0.0002, 'train_acc': 1.0}
{'epoch': 83, 'train_loss': 0.0002, 'train_acc': 1.0}
{'epoch': 84, 'train_loss': 0.0001, 'train_acc': 1.0}
{'epoch': 85, 'train_loss': 0.0001, 'train_acc': 1.0}
{'epoch': 86, 'train_loss': 0.0002, 'train_acc': 1.0}
{'epoch': 87, 'train_loss': 0.0002, 'train_acc': 1.0}
{'epoch': 88, 'train_loss': 0.0002, 'train_acc': 1.0}
{'epoch': 89, 'train_loss': 0.0002, 'train_acc': 1.0}
{'epoch': 90, 'train_loss': 0.0001, 'train_acc': 1.0}
{'epoch': 91, 'train_loss': 0.0002, 'train_acc': 1.0}
{'epoch': 92, 'train_loss': 0.0001, 'train_acc': 1.0}
{'epoch': 93, 'train_loss': 0.0001, 'train_acc': 1.0}
{'epoch': 94, 'train_loss': 0.0001, 'train_acc': 1.0}
{'epoch': 95, 'train_loss': 0.0002, 'train_acc': 1.0}
{'epoch': 96, 'train_loss': 0.0001, 'train_acc': 1.0}
{'epoch': 97, 'train_loss': 0.0001, 'train_acc': 1.0}
{'epoch': 98, 'train_loss': 0.0002, 'train_acc': 1.0}
{'epoch': 99, 'train_loss': 0.0002, 'train_acc': 1.0}
{'epoch': 100, 'train_loss': 0.0001, 'train_acc': 1.0}
{'run_num': 2, 'final_test_err': 0.14657980456026054}
Files already downloaded and verified
Files already downloaded and verified
{'epoch': 1, 'train_loss': 0.5087, 'train_acc': 0.7638}
{'epoch': 2, 'train_loss': 0.3781, 'train_acc': 0.8638}
{'epoch': 3, 'train_loss': 0.2039, 'train_acc': 0.9362}
{'epoch': 4, 'train_loss': 0.1059, 'train_acc': 0.9662}
{'epoch': 5, 'train_loss': 0.0664, 'train_acc': 0.975}
{'epoch': 6, 'train_loss': 0.0298, 'train_acc': 0.9912}
{'epoch': 7, 'train_loss': 0.0199, 'train_acc': 0.995}
{'epoch': 8, 'train_loss': 0.0185, 'train_acc': 0.9938}
{'epoch': 9, 'train_loss': 0.0076, 'train_acc': 0.9988}
{'epoch': 10, 'train_loss': 0.0047, 'train_acc': 0.9988}
{'epoch': 11, 'train_loss': 0.0032, 'train_acc': 1.0}
{'epoch': 12, 'train_loss': 0.0012, 'train_acc': 1.0}
{'epoch': 13, 'train_loss': 0.001, 'train_acc': 1.0}
{'epoch': 14, 'train_loss': 0.0013, 'train_acc': 1.0}
{'epoch': 15, 'train_loss': 0.001, 'train_acc': 1.0}
{'epoch': 16, 'train_loss': 0.0007, 'train_acc': 1.0}
{'epoch': 17, 'train_loss': 0.0005, 'train_acc': 1.0}
{'epoch': 18, 'train_loss': 0.0007, 'train_acc': 1.0}
{'epoch': 19, 'train_loss': 0.0006, 'train_acc': 1.0}
{'epoch': 20, 'train_loss': 0.0005, 'train_acc': 1.0}
{'epoch': 21, 'train_loss': 0.0005, 'train_acc': 1.0}
{'epoch': 22, 'train_loss': 0.0004, 'train_acc': 1.0}
{'epoch': 23, 'train_loss': 0.0004, 'train_acc': 1.0}
{'epoch': 24, 'train_loss': 0.0004, 'train_acc': 1.0}
{'epoch': 25, 'train_loss': 0.0004, 'train_acc': 1.0}
{'epoch': 26, 'train_loss': 0.0004, 'train_acc': 1.0}
{'epoch': 27, 'train_loss': 0.0004, 'train_acc': 1.0}
{'epoch': 28, 'train_loss': 0.0003, 'train_acc': 1.0}
{'epoch': 29, 'train_loss': 0.0003, 'train_acc': 1.0}
{'epoch': 30, 'train_loss': 0.0003, 'train_acc': 1.0}
{'epoch': 31, 'train_loss': 0.0003, 'train_acc': 1.0}
{'epoch': 32, 'train_loss': 0.0003, 'train_acc': 1.0}
{'epoch': 33, 'train_loss': 0.0003, 'train_acc': 1.0}
{'epoch': 34, 'train_loss': 0.0003, 'train_acc': 1.0}
{'epoch': 35, 'train_loss': 0.0003, 'train_acc': 1.0}
{'epoch': 36, 'train_loss': 0.0002, 'train_acc': 1.0}
{'epoch': 37, 'train_loss': 0.0003, 'train_acc': 1.0}
{'epoch': 38, 'train_loss': 0.0003, 'train_acc': 1.0}
{'epoch': 39, 'train_loss': 0.0002, 'train_acc': 1.0}
{'epoch': 40, 'train_loss': 0.0002, 'train_acc': 1.0}
{'epoch': 41, 'train_loss': 0.0002, 'train_acc': 1.0}
{'epoch': 42, 'train_loss': 0.0002, 'train_acc': 1.0}
{'epoch': 43, 'train_loss': 0.0002, 'train_acc': 1.0}
{'epoch': 44, 'train_loss': 0.0002, 'train_acc': 1.0}
{'epoch': 45, 'train_loss': 0.0002, 'train_acc': 1.0}
{'epoch': 46, 'train_loss': 0.0002, 'train_acc': 1.0}
{'epoch': 47, 'train_loss': 0.0002, 'train_acc': 1.0}
{'epoch': 48, 'train_loss': 0.0003, 'train_acc': 1.0}
{'epoch': 49, 'train_loss': 0.0002, 'train_acc': 1.0}
{'epoch': 50, 'train_loss': 0.0003, 'train_acc': 1.0}
{'epoch': 51, 'train_loss': 0.0002, 'train_acc': 1.0}
{'epoch': 52, 'train_loss': 0.0002, 'train_acc': 1.0}
{'epoch': 53, 'train_loss': 0.0002, 'train_acc': 1.0}
{'epoch': 54, 'train_loss': 0.0002, 'train_acc': 1.0}
{'epoch': 55, 'train_loss': 0.0001, 'train_acc': 1.0}
{'epoch': 56, 'train_loss': 0.0001, 'train_acc': 1.0}
{'epoch': 57, 'train_loss': 0.0002, 'train_acc': 1.0}
{'epoch': 58, 'train_loss': 0.0001, 'train_acc': 1.0}
{'epoch': 59, 'train_loss': 0.0002, 'train_acc': 1.0}
{'epoch': 60, 'train_loss': 0.0002, 'train_acc': 1.0}
{'epoch': 61, 'train_loss': 0.0002, 'train_acc': 1.0}
{'epoch': 62, 'train_loss': 0.0002, 'train_acc': 1.0}
{'epoch': 63, 'train_loss': 0.0001, 'train_acc': 1.0}
{'epoch': 64, 'train_loss': 0.0002, 'train_acc': 1.0}
{'epoch': 65, 'train_loss': 0.0001, 'train_acc': 1.0}
{'epoch': 66, 'train_loss': 0.0002, 'train_acc': 1.0}
{'epoch': 67, 'train_loss': 0.0002, 'train_acc': 1.0}
{'epoch': 68, 'train_loss': 0.0002, 'train_acc': 1.0}
{'epoch': 69, 'train_loss': 0.0002, 'train_acc': 1.0}
{'epoch': 70, 'train_loss': 0.0001, 'train_acc': 1.0}
{'epoch': 71, 'train_loss': 0.0002, 'train_acc': 1.0}
{'epoch': 72, 'train_loss': 0.0001, 'train_acc': 1.0}
{'epoch': 73, 'train_loss': 0.0001, 'train_acc': 1.0}
{'epoch': 74, 'train_loss': 0.0002, 'train_acc': 1.0}
{'epoch': 75, 'train_loss': 0.0002, 'train_acc': 1.0}
{'epoch': 76, 'train_loss': 0.0001, 'train_acc': 1.0}
{'epoch': 77, 'train_loss': 0.0002, 'train_acc': 1.0}
{'epoch': 78, 'train_loss': 0.0001, 'train_acc': 1.0}
{'epoch': 79, 'train_loss': 0.0002, 'train_acc': 1.0}
{'epoch': 80, 'train_loss': 0.0002, 'train_acc': 1.0}
{'epoch': 81, 'train_loss': 0.0001, 'train_acc': 1.0}
{'epoch': 82, 'train_loss': 0.0002, 'train_acc': 1.0}
{'epoch': 83, 'train_loss': 0.0001, 'train_acc': 1.0}
{'epoch': 84, 'train_loss': 0.0001, 'train_acc': 1.0}
{'epoch': 85, 'train_loss': 0.0001, 'train_acc': 1.0}
{'epoch': 86, 'train_loss': 0.0002, 'train_acc': 1.0}
{'epoch': 87, 'train_loss': 0.0002, 'train_acc': 1.0}
{'epoch': 88, 'train_loss': 0.0002, 'train_acc': 1.0}
{'epoch': 89, 'train_loss': 0.0001, 'train_acc': 1.0}
{'epoch': 90, 'train_loss': 0.0002, 'train_acc': 1.0}
{'epoch': 91, 'train_loss': 0.0002, 'train_acc': 1.0}
{'epoch': 92, 'train_loss': 0.0001, 'train_acc': 1.0}
{'epoch': 93, 'train_loss': 0.0002, 'train_acc': 1.0}
{'epoch': 94, 'train_loss': 0.0002, 'train_acc': 1.0}
{'epoch': 95, 'train_loss': 0.0001, 'train_acc': 1.0}
{'epoch': 96, 'train_loss': 0.0001, 'train_acc': 1.0}
{'epoch': 97, 'train_loss': 0.0001, 'train_acc': 1.0}
{'epoch': 98, 'train_loss': 0.0002, 'train_acc': 1.0}
{'epoch': 99, 'train_loss': 0.0001, 'train_acc': 1.0}
{'epoch': 100, 'train_loss': 0.0001, 'train_acc': 1.0}
{'run_num': 3, 'final_test_err': 0.14332247557003253}
Files already downloaded and verified
Files already downloaded and verified
{'epoch': 1, 'train_loss': 0.5144, 'train_acc': 0.76}
{'epoch': 2, 'train_loss': 0.3003, 'train_acc': 0.8738}
{'epoch': 3, 'train_loss': 0.1879, 'train_acc': 0.935}
{'epoch': 4, 'train_loss': 0.1319, 'train_acc': 0.9512}
{'epoch': 5, 'train_loss': 0.1142, 'train_acc': 0.9625}
{'epoch': 6, 'train_loss': 0.0769, 'train_acc': 0.975}
{'epoch': 7, 'train_loss': 0.0328, 'train_acc': 0.9888}
{'epoch': 8, 'train_loss': 0.0119, 'train_acc': 0.9962}
{'epoch': 9, 'train_loss': 0.0061, 'train_acc': 0.9988}
{'epoch': 10, 'train_loss': 0.0076, 'train_acc': 1.0}
{'epoch': 11, 'train_loss': 0.0027, 'train_acc': 1.0}
{'epoch': 12, 'train_loss': 0.0013, 'train_acc': 1.0}
{'epoch': 13, 'train_loss': 0.0012, 'train_acc': 1.0}
{'epoch': 14, 'train_loss': 0.0009, 'train_acc': 1.0}
{'epoch': 15, 'train_loss': 0.0009, 'train_acc': 1.0}
{'epoch': 16, 'train_loss': 0.0008, 'train_acc': 1.0}
{'epoch': 17, 'train_loss': 0.0006, 'train_acc': 1.0}
{'epoch': 18, 'train_loss': 0.0006, 'train_acc': 1.0}
{'epoch': 19, 'train_loss': 0.0007, 'train_acc': 1.0}
{'epoch': 20, 'train_loss': 0.0005, 'train_acc': 1.0}
{'epoch': 21, 'train_loss': 0.0006, 'train_acc': 1.0}
{'epoch': 22, 'train_loss': 0.0004, 'train_acc': 1.0}
{'epoch': 23, 'train_loss': 0.0004, 'train_acc': 1.0}
{'epoch': 24, 'train_loss': 0.0004, 'train_acc': 1.0}
{'epoch': 25, 'train_loss': 0.0004, 'train_acc': 1.0}
{'epoch': 26, 'train_loss': 0.0004, 'train_acc': 1.0}
{'epoch': 27, 'train_loss': 0.0003, 'train_acc': 1.0}
{'epoch': 28, 'train_loss': 0.0003, 'train_acc': 1.0}
{'epoch': 29, 'train_loss': 0.0003, 'train_acc': 1.0}
{'epoch': 30, 'train_loss': 0.0003, 'train_acc': 1.0}
{'epoch': 31, 'train_loss': 0.0004, 'train_acc': 1.0}
{'epoch': 32, 'train_loss': 0.0002, 'train_acc': 1.0}
{'epoch': 33, 'train_loss': 0.0003, 'train_acc': 1.0}
{'epoch': 34, 'train_loss': 0.0002, 'train_acc': 1.0}
{'epoch': 35, 'train_loss': 0.0002, 'train_acc': 1.0}
{'epoch': 36, 'train_loss': 0.0002, 'train_acc': 1.0}
{'epoch': 37, 'train_loss': 0.0003, 'train_acc': 1.0}
{'epoch': 38, 'train_loss': 0.0002, 'train_acc': 1.0}
{'epoch': 39, 'train_loss': 0.0003, 'train_acc': 1.0}
{'epoch': 40, 'train_loss': 0.0002, 'train_acc': 1.0}
{'epoch': 41, 'train_loss': 0.0002, 'train_acc': 1.0}
{'epoch': 42, 'train_loss': 0.0002, 'train_acc': 1.0}
{'epoch': 43, 'train_loss': 0.0003, 'train_acc': 1.0}
{'epoch': 44, 'train_loss': 0.0002, 'train_acc': 1.0}
{'epoch': 45, 'train_loss': 0.0002, 'train_acc': 1.0}
{'epoch': 46, 'train_loss': 0.0002, 'train_acc': 1.0}
{'epoch': 47, 'train_loss': 0.0002, 'train_acc': 1.0}
{'epoch': 48, 'train_loss': 0.0002, 'train_acc': 1.0}
{'epoch': 49, 'train_loss': 0.0002, 'train_acc': 1.0}
{'epoch': 50, 'train_loss': 0.0002, 'train_acc': 1.0}
{'epoch': 51, 'train_loss': 0.0002, 'train_acc': 1.0}
{'epoch': 52, 'train_loss': 0.0002, 'train_acc': 1.0}
{'epoch': 53, 'train_loss': 0.0002, 'train_acc': 1.0}
{'epoch': 54, 'train_loss': 0.0002, 'train_acc': 1.0}
{'epoch': 55, 'train_loss': 0.0001, 'train_acc': 1.0}
{'epoch': 56, 'train_loss': 0.0001, 'train_acc': 1.0}
{'epoch': 57, 'train_loss': 0.0002, 'train_acc': 1.0}
{'epoch': 58, 'train_loss': 0.0002, 'train_acc': 1.0}
{'epoch': 59, 'train_loss': 0.0001, 'train_acc': 1.0}
{'epoch': 60, 'train_loss': 0.0002, 'train_acc': 1.0}
{'epoch': 61, 'train_loss': 0.0001, 'train_acc': 1.0}
{'epoch': 62, 'train_loss': 0.0002, 'train_acc': 1.0}
{'epoch': 63, 'train_loss': 0.0001, 'train_acc': 1.0}
{'epoch': 64, 'train_loss': 0.0002, 'train_acc': 1.0}
{'epoch': 65, 'train_loss': 0.0001, 'train_acc': 1.0}
{'epoch': 66, 'train_loss': 0.0002, 'train_acc': 1.0}
{'epoch': 67, 'train_loss': 0.0002, 'train_acc': 1.0}
{'epoch': 68, 'train_loss': 0.0001, 'train_acc': 1.0}
{'epoch': 69, 'train_loss': 0.0002, 'train_acc': 1.0}
{'epoch': 70, 'train_loss': 0.0001, 'train_acc': 1.0}
{'epoch': 71, 'train_loss': 0.0001, 'train_acc': 1.0}
{'epoch': 72, 'train_loss': 0.0001, 'train_acc': 1.0}
{'epoch': 73, 'train_loss': 0.0001, 'train_acc': 1.0}
{'epoch': 74, 'train_loss': 0.0002, 'train_acc': 1.0}
{'epoch': 75, 'train_loss': 0.0002, 'train_acc': 1.0}
{'epoch': 76, 'train_loss': 0.0002, 'train_acc': 1.0}
{'epoch': 77, 'train_loss': 0.0002, 'train_acc': 1.0}
{'epoch': 78, 'train_loss': 0.0002, 'train_acc': 1.0}
{'epoch': 79, 'train_loss': 0.0001, 'train_acc': 1.0}
{'epoch': 80, 'train_loss': 0.0001, 'train_acc': 1.0}
{'epoch': 81, 'train_loss': 0.0001, 'train_acc': 1.0}
{'epoch': 82, 'train_loss': 0.0002, 'train_acc': 1.0}
{'epoch': 83, 'train_loss': 0.0002, 'train_acc': 1.0}
{'epoch': 84, 'train_loss': 0.0002, 'train_acc': 1.0}
{'epoch': 85, 'train_loss': 0.0002, 'train_acc': 1.0}
{'epoch': 86, 'train_loss': 0.0001, 'train_acc': 1.0}
{'epoch': 87, 'train_loss': 0.0002, 'train_acc': 1.0}
{'epoch': 88, 'train_loss': 0.0002, 'train_acc': 1.0}
{'epoch': 89, 'train_loss': 0.0001, 'train_acc': 1.0}
{'epoch': 90, 'train_loss': 0.0001, 'train_acc': 1.0}
{'epoch': 91, 'train_loss': 0.0002, 'train_acc': 1.0}
{'epoch': 92, 'train_loss': 0.0002, 'train_acc': 1.0}
{'epoch': 93, 'train_loss': 0.0001, 'train_acc': 1.0}
{'epoch': 94, 'train_loss': 0.0001, 'train_acc': 1.0}
{'epoch': 95, 'train_loss': 0.0002, 'train_acc': 1.0}
{'epoch': 96, 'train_loss': 0.0001, 'train_acc': 1.0}
{'epoch': 97, 'train_loss': 0.0002, 'train_acc': 1.0}
{'epoch': 98, 'train_loss': 0.0001, 'train_acc': 1.0}
{'epoch': 99, 'train_loss': 0.0002, 'train_acc': 1.0}
{'epoch': 100, 'train_loss': 0.0001, 'train_acc': 1.0}
{'run_num': 4, 'final_test_err': 0.12377850162866455}
Files already downloaded and verified
Files already downloaded and verified
{'epoch': 1, 'train_loss': 0.4569, 'train_acc': 0.7925}
{'epoch': 2, 'train_loss': 0.293, 'train_acc': 0.8762}
{'epoch': 3, 'train_loss': 0.1599, 'train_acc': 0.9412}
{'epoch': 4, 'train_loss': 0.1031, 'train_acc': 0.9588}
{'epoch': 5, 'train_loss': 0.0359, 'train_acc': 0.99}
{'epoch': 6, 'train_loss': 0.0197, 'train_acc': 0.9938}
{'epoch': 7, 'train_loss': 0.0302, 'train_acc': 0.9888}
{'epoch': 8, 'train_loss': 0.011, 'train_acc': 0.9975}
{'epoch': 9, 'train_loss': 0.0043, 'train_acc': 1.0}
{'epoch': 10, 'train_loss': 0.0022, 'train_acc': 1.0}
{'epoch': 11, 'train_loss': 0.0016, 'train_acc': 1.0}
{'epoch': 12, 'train_loss': 0.0012, 'train_acc': 1.0}
{'epoch': 13, 'train_loss': 0.0012, 'train_acc': 1.0}
{'epoch': 14, 'train_loss': 0.0018, 'train_acc': 1.0}
{'epoch': 15, 'train_loss': 0.001, 'train_acc': 1.0}
{'epoch': 16, 'train_loss': 0.0007, 'train_acc': 1.0}
{'epoch': 17, 'train_loss': 0.0008, 'train_acc': 1.0}
{'epoch': 18, 'train_loss': 0.0006, 'train_acc': 1.0}
{'epoch': 19, 'train_loss': 0.0007, 'train_acc': 1.0}
{'epoch': 20, 'train_loss': 0.0005, 'train_acc': 1.0}
{'epoch': 21, 'train_loss': 0.0004, 'train_acc': 1.0}
{'epoch': 22, 'train_loss': 0.0004, 'train_acc': 1.0}
{'epoch': 23, 'train_loss': 0.0004, 'train_acc': 1.0}
{'epoch': 24, 'train_loss': 0.0004, 'train_acc': 1.0}
{'epoch': 25, 'train_loss': 0.0003, 'train_acc': 1.0}
{'epoch': 26, 'train_loss': 0.0004, 'train_acc': 1.0}
{'epoch': 27, 'train_loss': 0.0003, 'train_acc': 1.0}
{'epoch': 28, 'train_loss': 0.0002, 'train_acc': 1.0}
{'epoch': 29, 'train_loss': 0.0003, 'train_acc': 1.0}
{'epoch': 30, 'train_loss': 0.0004, 'train_acc': 1.0}
{'epoch': 31, 'train_loss': 0.0003, 'train_acc': 1.0}
{'epoch': 32, 'train_loss': 0.0002, 'train_acc': 1.0}
{'epoch': 33, 'train_loss': 0.0002, 'train_acc': 1.0}
{'epoch': 34, 'train_loss': 0.0002, 'train_acc': 1.0}
{'epoch': 35, 'train_loss': 0.0003, 'train_acc': 1.0}
{'epoch': 36, 'train_loss': 0.0002, 'train_acc': 1.0}
{'epoch': 37, 'train_loss': 0.0002, 'train_acc': 1.0}
{'epoch': 38, 'train_loss': 0.0003, 'train_acc': 1.0}
{'epoch': 39, 'train_loss': 0.0003, 'train_acc': 1.0}
{'epoch': 40, 'train_loss': 0.0003, 'train_acc': 1.0}
{'epoch': 41, 'train_loss': 0.0002, 'train_acc': 1.0}
{'epoch': 42, 'train_loss': 0.0002, 'train_acc': 1.0}
{'epoch': 43, 'train_loss': 0.0002, 'train_acc': 1.0}
{'epoch': 44, 'train_loss': 0.0002, 'train_acc': 1.0}
{'epoch': 45, 'train_loss': 0.0002, 'train_acc': 1.0}
{'epoch': 46, 'train_loss': 0.0002, 'train_acc': 1.0}
{'epoch': 47, 'train_loss': 0.0003, 'train_acc': 1.0}
{'epoch': 48, 'train_loss': 0.0002, 'train_acc': 1.0}
{'epoch': 49, 'train_loss': 0.0002, 'train_acc': 1.0}
{'epoch': 50, 'train_loss': 0.0002, 'train_acc': 1.0}
{'epoch': 51, 'train_loss': 0.0002, 'train_acc': 1.0}
{'epoch': 52, 'train_loss': 0.0002, 'train_acc': 1.0}
{'epoch': 53, 'train_loss': 0.0002, 'train_acc': 1.0}
{'epoch': 54, 'train_loss': 0.0001, 'train_acc': 1.0}
{'epoch': 55, 'train_loss': 0.0002, 'train_acc': 1.0}
{'epoch': 56, 'train_loss': 0.0002, 'train_acc': 1.0}
{'epoch': 57, 'train_loss': 0.0002, 'train_acc': 1.0}
{'epoch': 58, 'train_loss': 0.0002, 'train_acc': 1.0}
{'epoch': 59, 'train_loss': 0.0001, 'train_acc': 1.0}
{'epoch': 60, 'train_loss': 0.0002, 'train_acc': 1.0}
{'epoch': 61, 'train_loss': 0.0001, 'train_acc': 1.0}
{'epoch': 62, 'train_loss': 0.0003, 'train_acc': 1.0}
{'epoch': 63, 'train_loss': 0.0001, 'train_acc': 1.0}
{'epoch': 64, 'train_loss': 0.0001, 'train_acc': 1.0}
{'epoch': 65, 'train_loss': 0.0002, 'train_acc': 1.0}
{'epoch': 66, 'train_loss': 0.0002, 'train_acc': 1.0}
{'epoch': 67, 'train_loss': 0.0002, 'train_acc': 1.0}
{'epoch': 68, 'train_loss': 0.0001, 'train_acc': 1.0}
{'epoch': 69, 'train_loss': 0.0002, 'train_acc': 1.0}
{'epoch': 70, 'train_loss': 0.0002, 'train_acc': 1.0}
{'epoch': 71, 'train_loss': 0.0001, 'train_acc': 1.0}
{'epoch': 72, 'train_loss': 0.0001, 'train_acc': 1.0}
{'epoch': 73, 'train_loss': 0.0001, 'train_acc': 1.0}
{'epoch': 74, 'train_loss': 0.0001, 'train_acc': 1.0}
{'epoch': 75, 'train_loss': 0.0002, 'train_acc': 1.0}
{'epoch': 76, 'train_loss': 0.0002, 'train_acc': 1.0}
{'epoch': 77, 'train_loss': 0.0001, 'train_acc': 1.0}
{'epoch': 78, 'train_loss': 0.0001, 'train_acc': 1.0}
{'epoch': 79, 'train_loss': 0.0001, 'train_acc': 1.0}
{'epoch': 80, 'train_loss': 0.0003, 'train_acc': 1.0}
{'epoch': 81, 'train_loss': 0.0001, 'train_acc': 1.0}
{'epoch': 82, 'train_loss': 0.0001, 'train_acc': 1.0}
{'epoch': 83, 'train_loss': 0.0002, 'train_acc': 1.0}
{'epoch': 84, 'train_loss': 0.0002, 'train_acc': 1.0}
{'epoch': 85, 'train_loss': 0.0001, 'train_acc': 1.0}
{'epoch': 86, 'train_loss': 0.0002, 'train_acc': 1.0}
{'epoch': 87, 'train_loss': 0.0002, 'train_acc': 1.0}
{'epoch': 88, 'train_loss': 0.0002, 'train_acc': 1.0}
{'epoch': 89, 'train_loss': 0.0002, 'train_acc': 1.0}
{'epoch': 90, 'train_loss': 0.0003, 'train_acc': 1.0}
{'epoch': 91, 'train_loss': 0.0002, 'train_acc': 1.0}
{'epoch': 92, 'train_loss': 0.0001, 'train_acc': 1.0}
{'epoch': 93, 'train_loss': 0.0002, 'train_acc': 1.0}
{'epoch': 94, 'train_loss': 0.0002, 'train_acc': 1.0}
{'epoch': 95, 'train_loss': 0.0001, 'train_acc': 1.0}
{'epoch': 96, 'train_loss': 0.0001, 'train_acc': 1.0}
{'epoch': 97, 'train_loss': 0.0001, 'train_acc': 1.0}
{'epoch': 98, 'train_loss': 0.0001, 'train_acc': 1.0}
{'epoch': 99, 'train_loss': 0.0002, 'train_acc': 1.0}
{'epoch': 100, 'train_loss': 0.0001, 'train_acc': 1.0}
{'run_num': 5, 'final_test_err': 0.12703583061889245}
Files already downloaded and verified
Files already downloaded and verified
{'epoch': 1, 'train_loss': 0.5166, 'train_acc': 0.76}
{'epoch': 2, 'train_loss': 0.2238, 'train_acc': 0.9088}
{'epoch': 3, 'train_loss': 0.205, 'train_acc': 0.91}
{'epoch': 4, 'train_loss': 0.0915, 'train_acc': 0.9712}
{'epoch': 5, 'train_loss': 0.0551, 'train_acc': 0.98}
{'epoch': 6, 'train_loss': 0.0249, 'train_acc': 0.9925}
{'epoch': 7, 'train_loss': 0.0107, 'train_acc': 1.0}
{'epoch': 8, 'train_loss': 0.0047, 'train_acc': 1.0}
{'epoch': 9, 'train_loss': 0.0027, 'train_acc': 1.0}
{'epoch': 10, 'train_loss': 0.0015, 'train_acc': 1.0}
{'epoch': 11, 'train_loss': 0.0014, 'train_acc': 1.0}
{'epoch': 12, 'train_loss': 0.0012, 'train_acc': 1.0}
{'epoch': 13, 'train_loss': 0.001, 'train_acc': 1.0}
{'epoch': 14, 'train_loss': 0.0017, 'train_acc': 1.0}
{'epoch': 15, 'train_loss': 0.0008, 'train_acc': 1.0}
{'epoch': 16, 'train_loss': 0.0008, 'train_acc': 1.0}
{'epoch': 17, 'train_loss': 0.0006, 'train_acc': 1.0}
{'epoch': 18, 'train_loss': 0.0005, 'train_acc': 1.0}
{'epoch': 19, 'train_loss': 0.0008, 'train_acc': 1.0}
{'epoch': 20, 'train_loss': 0.0008, 'train_acc': 1.0}
{'epoch': 21, 'train_loss': 0.0007, 'train_acc': 1.0}
{'epoch': 22, 'train_loss': 0.0006, 'train_acc': 1.0}
{'epoch': 23, 'train_loss': 0.0006, 'train_acc': 1.0}
{'epoch': 24, 'train_loss': 0.0004, 'train_acc': 1.0}
{'epoch': 25, 'train_loss': 0.0004, 'train_acc': 1.0}
{'epoch': 26, 'train_loss': 0.0004, 'train_acc': 1.0}
{'epoch': 27, 'train_loss': 0.0003, 'train_acc': 1.0}
{'epoch': 28, 'train_loss': 0.0003, 'train_acc': 1.0}
{'epoch': 29, 'train_loss': 0.0003, 'train_acc': 1.0}
{'epoch': 30, 'train_loss': 0.0004, 'train_acc': 1.0}
{'epoch': 31, 'train_loss': 0.0003, 'train_acc': 1.0}
{'epoch': 32, 'train_loss': 0.0003, 'train_acc': 1.0}
{'epoch': 33, 'train_loss': 0.0003, 'train_acc': 1.0}
{'epoch': 34, 'train_loss': 0.0003, 'train_acc': 1.0}
{'epoch': 35, 'train_loss': 0.0003, 'train_acc': 1.0}
{'epoch': 36, 'train_loss': 0.0003, 'train_acc': 1.0}
{'epoch': 37, 'train_loss': 0.0002, 'train_acc': 1.0}
{'epoch': 38, 'train_loss': 0.0003, 'train_acc': 1.0}
{'epoch': 39, 'train_loss': 0.0002, 'train_acc': 1.0}
{'epoch': 40, 'train_loss': 0.0003, 'train_acc': 1.0}
{'epoch': 41, 'train_loss': 0.0003, 'train_acc': 1.0}
{'epoch': 42, 'train_loss': 0.0002, 'train_acc': 1.0}
{'epoch': 43, 'train_loss': 0.0002, 'train_acc': 1.0}
{'epoch': 44, 'train_loss': 0.0002, 'train_acc': 1.0}
{'epoch': 45, 'train_loss': 0.0002, 'train_acc': 1.0}
{'epoch': 46, 'train_loss': 0.0002, 'train_acc': 1.0}
{'epoch': 47, 'train_loss': 0.0002, 'train_acc': 1.0}
{'epoch': 48, 'train_loss': 0.0002, 'train_acc': 1.0}
{'epoch': 49, 'train_loss': 0.0002, 'train_acc': 1.0}
{'epoch': 50, 'train_loss': 0.0002, 'train_acc': 1.0}
{'epoch': 51, 'train_loss': 0.0002, 'train_acc': 1.0}
{'epoch': 52, 'train_loss': 0.0002, 'train_acc': 1.0}
{'epoch': 53, 'train_loss': 0.0002, 'train_acc': 1.0}
{'epoch': 54, 'train_loss': 0.0002, 'train_acc': 1.0}
{'epoch': 55, 'train_loss': 0.0004, 'train_acc': 1.0}
{'epoch': 56, 'train_loss': 0.0002, 'train_acc': 1.0}
{'epoch': 57, 'train_loss': 0.0002, 'train_acc': 1.0}
{'epoch': 58, 'train_loss': 0.0002, 'train_acc': 1.0}
{'epoch': 59, 'train_loss': 0.0002, 'train_acc': 1.0}
{'epoch': 60, 'train_loss': 0.0002, 'train_acc': 1.0}
{'epoch': 61, 'train_loss': 0.0002, 'train_acc': 1.0}
{'epoch': 62, 'train_loss': 0.0002, 'train_acc': 1.0}
{'epoch': 63, 'train_loss': 0.0002, 'train_acc': 1.0}
{'epoch': 64, 'train_loss': 0.0002, 'train_acc': 1.0}
{'epoch': 65, 'train_loss': 0.0002, 'train_acc': 1.0}
{'epoch': 66, 'train_loss': 0.0002, 'train_acc': 1.0}
{'epoch': 67, 'train_loss': 0.0002, 'train_acc': 1.0}
{'epoch': 68, 'train_loss': 0.0002, 'train_acc': 1.0}
{'epoch': 69, 'train_loss': 0.0002, 'train_acc': 1.0}
{'epoch': 70, 'train_loss': 0.0003, 'train_acc': 1.0}
{'epoch': 71, 'train_loss': 0.0002, 'train_acc': 1.0}
{'epoch': 72, 'train_loss': 0.0002, 'train_acc': 1.0}
{'epoch': 73, 'train_loss': 0.0002, 'train_acc': 1.0}
{'epoch': 74, 'train_loss': 0.0002, 'train_acc': 1.0}
{'epoch': 75, 'train_loss': 0.0001, 'train_acc': 1.0}
{'epoch': 76, 'train_loss': 0.0002, 'train_acc': 1.0}
{'epoch': 77, 'train_loss': 0.0002, 'train_acc': 1.0}
{'epoch': 78, 'train_loss': 0.0002, 'train_acc': 1.0}
{'epoch': 79, 'train_loss': 0.0002, 'train_acc': 1.0}
{'epoch': 80, 'train_loss': 0.0002, 'train_acc': 1.0}
{'epoch': 81, 'train_loss': 0.0001, 'train_acc': 1.0}
{'epoch': 82, 'train_loss': 0.0002, 'train_acc': 1.0}
{'epoch': 83, 'train_loss': 0.0002, 'train_acc': 1.0}
{'epoch': 84, 'train_loss': 0.0001, 'train_acc': 1.0}
{'epoch': 85, 'train_loss': 0.0002, 'train_acc': 1.0}
{'epoch': 86, 'train_loss': 0.0001, 'train_acc': 1.0}
{'epoch': 87, 'train_loss': 0.0002, 'train_acc': 1.0}
{'epoch': 88, 'train_loss': 0.0001, 'train_acc': 1.0}
{'epoch': 89, 'train_loss': 0.0001, 'train_acc': 1.0}
{'epoch': 90, 'train_loss': 0.0002, 'train_acc': 1.0}
{'epoch': 91, 'train_loss': 0.0001, 'train_acc': 1.0}
{'epoch': 92, 'train_loss': 0.0003, 'train_acc': 1.0}
{'epoch': 93, 'train_loss': 0.0002, 'train_acc': 1.0}
{'epoch': 94, 'train_loss': 0.0001, 'train_acc': 1.0}
{'epoch': 95, 'train_loss': 0.0002, 'train_acc': 1.0}
{'epoch': 96, 'train_loss': 0.0001, 'train_acc': 1.0}
{'epoch': 97, 'train_loss': 0.0002, 'train_acc': 1.0}
{'epoch': 98, 'train_loss': 0.0001, 'train_acc': 1.0}
{'epoch': 99, 'train_loss': 0.0001, 'train_acc': 1.0}
{'epoch': 100, 'train_loss': 0.0002, 'train_acc': 1.0}
{'run_num': 6, 'final_test_err': 0.12703583061889245}
Files already downloaded and verified
Files already downloaded and verified
{'epoch': 1, 'train_loss': 0.5446, 'train_acc': 0.74}
{'epoch': 2, 'train_loss': 0.2944, 'train_acc': 0.8812}
{'epoch': 3, 'train_loss': 0.1675, 'train_acc': 0.9375}
{'epoch': 4, 'train_loss': 0.1276, 'train_acc': 0.95}
{'epoch': 5, 'train_loss': 0.0701, 'train_acc': 0.9738}
{'epoch': 6, 'train_loss': 0.0407, 'train_acc': 0.9875}
{'epoch': 7, 'train_loss': 0.0549, 'train_acc': 0.9838}
{'epoch': 8, 'train_loss': 0.0316, 'train_acc': 0.9925}
{'epoch': 9, 'train_loss': 0.0095, 'train_acc': 0.9962}
{'epoch': 10, 'train_loss': 0.0077, 'train_acc': 1.0}
{'epoch': 11, 'train_loss': 0.0025, 'train_acc': 1.0}
{'epoch': 12, 'train_loss': 0.0016, 'train_acc': 1.0}
{'epoch': 13, 'train_loss': 0.0013, 'train_acc': 1.0}
{'epoch': 14, 'train_loss': 0.0016, 'train_acc': 1.0}
{'epoch': 15, 'train_loss': 0.0009, 'train_acc': 1.0}
{'epoch': 16, 'train_loss': 0.0006, 'train_acc': 1.0}
{'epoch': 17, 'train_loss': 0.0008, 'train_acc': 1.0}
{'epoch': 18, 'train_loss': 0.0005, 'train_acc': 1.0}
{'epoch': 19, 'train_loss': 0.0004, 'train_acc': 1.0}
{'epoch': 20, 'train_loss': 0.0004, 'train_acc': 1.0}
{'epoch': 21, 'train_loss': 0.0004, 'train_acc': 1.0}
{'epoch': 22, 'train_loss': 0.0005, 'train_acc': 1.0}
{'epoch': 23, 'train_loss': 0.0004, 'train_acc': 1.0}
{'epoch': 24, 'train_loss': 0.0004, 'train_acc': 1.0}
{'epoch': 25, 'train_loss': 0.0003, 'train_acc': 1.0}
{'epoch': 26, 'train_loss': 0.0003, 'train_acc': 1.0}
{'epoch': 27, 'train_loss': 0.0004, 'train_acc': 1.0}
{'epoch': 28, 'train_loss': 0.0003, 'train_acc': 1.0}
{'epoch': 29, 'train_loss': 0.0004, 'train_acc': 1.0}
{'epoch': 30, 'train_loss': 0.0002, 'train_acc': 1.0}
{'epoch': 31, 'train_loss': 0.0003, 'train_acc': 1.0}
{'epoch': 32, 'train_loss': 0.0003, 'train_acc': 1.0}
{'epoch': 33, 'train_loss': 0.0002, 'train_acc': 1.0}
{'epoch': 34, 'train_loss': 0.0003, 'train_acc': 1.0}
{'epoch': 35, 'train_loss': 0.0003, 'train_acc': 1.0}
{'epoch': 36, 'train_loss': 0.0002, 'train_acc': 1.0}
{'epoch': 37, 'train_loss': 0.0002, 'train_acc': 1.0}
{'epoch': 38, 'train_loss': 0.0002, 'train_acc': 1.0}
{'epoch': 39, 'train_loss': 0.0002, 'train_acc': 1.0}
{'epoch': 40, 'train_loss': 0.0003, 'train_acc': 1.0}
{'epoch': 41, 'train_loss': 0.0002, 'train_acc': 1.0}
{'epoch': 42, 'train_loss': 0.0002, 'train_acc': 1.0}
{'epoch': 43, 'train_loss': 0.0001, 'train_acc': 1.0}
{'epoch': 44, 'train_loss': 0.0002, 'train_acc': 1.0}
{'epoch': 45, 'train_loss': 0.0002, 'train_acc': 1.0}
{'epoch': 46, 'train_loss': 0.0003, 'train_acc': 1.0}
{'epoch': 47, 'train_loss': 0.0002, 'train_acc': 1.0}
{'epoch': 48, 'train_loss': 0.0002, 'train_acc': 1.0}
{'epoch': 49, 'train_loss': 0.0001, 'train_acc': 1.0}
{'epoch': 50, 'train_loss': 0.0001, 'train_acc': 1.0}
{'epoch': 51, 'train_loss': 0.0002, 'train_acc': 1.0}
{'epoch': 52, 'train_loss': 0.0002, 'train_acc': 1.0}
{'epoch': 53, 'train_loss': 0.0002, 'train_acc': 1.0}
{'epoch': 54, 'train_loss': 0.0001, 'train_acc': 1.0}
{'epoch': 55, 'train_loss': 0.0002, 'train_acc': 1.0}
{'epoch': 56, 'train_loss': 0.0002, 'train_acc': 1.0}
{'epoch': 57, 'train_loss': 0.0002, 'train_acc': 1.0}
{'epoch': 58, 'train_loss': 0.0001, 'train_acc': 1.0}
{'epoch': 59, 'train_loss': 0.0002, 'train_acc': 1.0}
{'epoch': 60, 'train_loss': 0.0002, 'train_acc': 1.0}
{'epoch': 61, 'train_loss': 0.0002, 'train_acc': 1.0}
{'epoch': 62, 'train_loss': 0.0002, 'train_acc': 1.0}
{'epoch': 63, 'train_loss': 0.0002, 'train_acc': 1.0}
{'epoch': 64, 'train_loss': 0.0001, 'train_acc': 1.0}
{'epoch': 65, 'train_loss': 0.0001, 'train_acc': 1.0}
{'epoch': 66, 'train_loss': 0.0001, 'train_acc': 1.0}
{'epoch': 67, 'train_loss': 0.0002, 'train_acc': 1.0}
{'epoch': 68, 'train_loss': 0.0001, 'train_acc': 1.0}
{'epoch': 69, 'train_loss': 0.0001, 'train_acc': 1.0}
{'epoch': 70, 'train_loss': 0.0001, 'train_acc': 1.0}
{'epoch': 71, 'train_loss': 0.0001, 'train_acc': 1.0}
{'epoch': 72, 'train_loss': 0.0002, 'train_acc': 1.0}
{'epoch': 73, 'train_loss': 0.0002, 'train_acc': 1.0}
{'epoch': 74, 'train_loss': 0.0001, 'train_acc': 1.0}
{'epoch': 75, 'train_loss': 0.0002, 'train_acc': 1.0}
{'epoch': 76, 'train_loss': 0.0001, 'train_acc': 1.0}
{'epoch': 77, 'train_loss': 0.0001, 'train_acc': 1.0}
{'epoch': 78, 'train_loss': 0.0001, 'train_acc': 1.0}
{'epoch': 79, 'train_loss': 0.0001, 'train_acc': 1.0}
{'epoch': 80, 'train_loss': 0.0003, 'train_acc': 1.0}
{'epoch': 81, 'train_loss': 0.0002, 'train_acc': 1.0}
{'epoch': 82, 'train_loss': 0.0002, 'train_acc': 1.0}
{'epoch': 83, 'train_loss': 0.0002, 'train_acc': 1.0}
{'epoch': 84, 'train_loss': 0.0001, 'train_acc': 1.0}
{'epoch': 85, 'train_loss': 0.0002, 'train_acc': 1.0}
{'epoch': 86, 'train_loss': 0.0001, 'train_acc': 1.0}
{'epoch': 87, 'train_loss': 0.0001, 'train_acc': 1.0}
{'epoch': 88, 'train_loss': 0.0002, 'train_acc': 1.0}
{'epoch': 89, 'train_loss': 0.0002, 'train_acc': 1.0}
{'epoch': 90, 'train_loss': 0.0002, 'train_acc': 1.0}
{'epoch': 91, 'train_loss': 0.0001, 'train_acc': 1.0}
{'epoch': 92, 'train_loss': 0.0002, 'train_acc': 1.0}
{'epoch': 93, 'train_loss': 0.0001, 'train_acc': 1.0}
{'epoch': 94, 'train_loss': 0.0001, 'train_acc': 1.0}
{'epoch': 95, 'train_loss': 0.0001, 'train_acc': 1.0}
{'epoch': 96, 'train_loss': 0.0001, 'train_acc': 1.0}
{'epoch': 97, 'train_loss': 0.0001, 'train_acc': 1.0}
{'epoch': 98, 'train_loss': 0.0001, 'train_acc': 1.0}
{'epoch': 99, 'train_loss': 0.0002, 'train_acc': 1.0}
{'epoch': 100, 'train_loss': 0.0001, 'train_acc': 1.0}
{'run_num': 7, 'final_test_err': 0.13029315960912047}
Files already downloaded and verified
Files already downloaded and verified
{'epoch': 1, 'train_loss': 0.5106, 'train_acc': 0.76}
{'epoch': 2, 'train_loss': 0.298, 'train_acc': 0.8712}
{'epoch': 3, 'train_loss': 0.2528, 'train_acc': 0.9012}
{'epoch': 4, 'train_loss': 0.1432, 'train_acc': 0.9425}
{'epoch': 5, 'train_loss': 0.1116, 'train_acc': 0.955}
{'epoch': 6, 'train_loss': 0.0597, 'train_acc': 0.9812}
{'epoch': 7, 'train_loss': 0.0305, 'train_acc': 0.99}
{'epoch': 8, 'train_loss': 0.0306, 'train_acc': 0.9912}
{'epoch': 9, 'train_loss': 0.0237, 'train_acc': 0.9938}
{'epoch': 10, 'train_loss': 0.0165, 'train_acc': 0.9975}
{'epoch': 11, 'train_loss': 0.004, 'train_acc': 1.0}
{'epoch': 12, 'train_loss': 0.0029, 'train_acc': 0.9988}
{'epoch': 13, 'train_loss': 0.0019, 'train_acc': 1.0}
{'epoch': 14, 'train_loss': 0.0018, 'train_acc': 1.0}
{'epoch': 15, 'train_loss': 0.0012, 'train_acc': 1.0}
{'epoch': 16, 'train_loss': 0.0008, 'train_acc': 1.0}
{'epoch': 17, 'train_loss': 0.0008, 'train_acc': 1.0}
{'epoch': 18, 'train_loss': 0.0008, 'train_acc': 1.0}
{'epoch': 19, 'train_loss': 0.0007, 'train_acc': 1.0}
{'epoch': 20, 'train_loss': 0.0005, 'train_acc': 1.0}
{'epoch': 21, 'train_loss': 0.0007, 'train_acc': 1.0}
{'epoch': 22, 'train_loss': 0.0004, 'train_acc': 1.0}
{'epoch': 23, 'train_loss': 0.0005, 'train_acc': 1.0}
{'epoch': 24, 'train_loss': 0.0005, 'train_acc': 1.0}
{'epoch': 25, 'train_loss': 0.0005, 'train_acc': 1.0}
{'epoch': 26, 'train_loss': 0.0003, 'train_acc': 1.0}
{'epoch': 27, 'train_loss': 0.0003, 'train_acc': 1.0}
{'epoch': 28, 'train_loss': 0.0003, 'train_acc': 1.0}
{'epoch': 29, 'train_loss': 0.0003, 'train_acc': 1.0}
{'epoch': 30, 'train_loss': 0.0003, 'train_acc': 1.0}
{'epoch': 31, 'train_loss': 0.0003, 'train_acc': 1.0}
{'epoch': 32, 'train_loss': 0.0002, 'train_acc': 1.0}
{'epoch': 33, 'train_loss': 0.0002, 'train_acc': 1.0}
{'epoch': 34, 'train_loss': 0.0003, 'train_acc': 1.0}
{'epoch': 35, 'train_loss': 0.0002, 'train_acc': 1.0}
{'epoch': 36, 'train_loss': 0.0002, 'train_acc': 1.0}
{'epoch': 37, 'train_loss': 0.0002, 'train_acc': 1.0}
{'epoch': 38, 'train_loss': 0.0002, 'train_acc': 1.0}
{'epoch': 39, 'train_loss': 0.0002, 'train_acc': 1.0}
{'epoch': 40, 'train_loss': 0.0002, 'train_acc': 1.0}
{'epoch': 41, 'train_loss': 0.0003, 'train_acc': 1.0}
{'epoch': 42, 'train_loss': 0.0003, 'train_acc': 1.0}
{'epoch': 43, 'train_loss': 0.0002, 'train_acc': 1.0}
{'epoch': 44, 'train_loss': 0.0002, 'train_acc': 1.0}
{'epoch': 45, 'train_loss': 0.0002, 'train_acc': 1.0}
{'epoch': 46, 'train_loss': 0.0003, 'train_acc': 1.0}
{'epoch': 47, 'train_loss': 0.0002, 'train_acc': 1.0}
{'epoch': 48, 'train_loss': 0.0003, 'train_acc': 1.0}
{'epoch': 49, 'train_loss': 0.0002, 'train_acc': 1.0}
{'epoch': 50, 'train_loss': 0.0002, 'train_acc': 1.0}
{'epoch': 51, 'train_loss': 0.0001, 'train_acc': 1.0}
{'epoch': 52, 'train_loss': 0.0001, 'train_acc': 1.0}
{'epoch': 53, 'train_loss': 0.0002, 'train_acc': 1.0}
{'epoch': 54, 'train_loss': 0.0002, 'train_acc': 1.0}
{'epoch': 55, 'train_loss': 0.0002, 'train_acc': 1.0}
{'epoch': 56, 'train_loss': 0.0002, 'train_acc': 1.0}
{'epoch': 57, 'train_loss': 0.0001, 'train_acc': 1.0}
{'epoch': 58, 'train_loss': 0.0001, 'train_acc': 1.0}
{'epoch': 59, 'train_loss': 0.0001, 'train_acc': 1.0}
{'epoch': 60, 'train_loss': 0.0002, 'train_acc': 1.0}
{'epoch': 61, 'train_loss': 0.0002, 'train_acc': 1.0}
{'epoch': 62, 'train_loss': 0.0001, 'train_acc': 1.0}
{'epoch': 63, 'train_loss': 0.0002, 'train_acc': 1.0}
{'epoch': 64, 'train_loss': 0.0002, 'train_acc': 1.0}
{'epoch': 65, 'train_loss': 0.0002, 'train_acc': 1.0}
{'epoch': 66, 'train_loss': 0.0002, 'train_acc': 1.0}
{'epoch': 67, 'train_loss': 0.0001, 'train_acc': 1.0}
{'epoch': 68, 'train_loss': 0.0002, 'train_acc': 1.0}
{'epoch': 69, 'train_loss': 0.0002, 'train_acc': 1.0}
{'epoch': 70, 'train_loss': 0.0003, 'train_acc': 1.0}
{'epoch': 71, 'train_loss': 0.0001, 'train_acc': 1.0}
{'epoch': 72, 'train_loss': 0.0002, 'train_acc': 1.0}
{'epoch': 73, 'train_loss': 0.0002, 'train_acc': 1.0}
{'epoch': 74, 'train_loss': 0.0001, 'train_acc': 1.0}
{'epoch': 75, 'train_loss': 0.0001, 'train_acc': 1.0}
{'epoch': 76, 'train_loss': 0.0002, 'train_acc': 1.0}
{'epoch': 77, 'train_loss': 0.0001, 'train_acc': 1.0}
{'epoch': 78, 'train_loss': 0.0001, 'train_acc': 1.0}
{'epoch': 79, 'train_loss': 0.0001, 'train_acc': 1.0}
{'epoch': 80, 'train_loss': 0.0002, 'train_acc': 1.0}
{'epoch': 81, 'train_loss': 0.0001, 'train_acc': 1.0}
{'epoch': 82, 'train_loss': 0.0001, 'train_acc': 1.0}
{'epoch': 83, 'train_loss': 0.0002, 'train_acc': 1.0}
{'epoch': 84, 'train_loss': 0.0001, 'train_acc': 1.0}
{'epoch': 85, 'train_loss': 0.0001, 'train_acc': 1.0}
{'epoch': 86, 'train_loss': 0.0001, 'train_acc': 1.0}
{'epoch': 87, 'train_loss': 0.0001, 'train_acc': 1.0}
{'epoch': 88, 'train_loss': 0.0001, 'train_acc': 1.0}
{'epoch': 89, 'train_loss': 0.0001, 'train_acc': 1.0}
{'epoch': 90, 'train_loss': 0.0001, 'train_acc': 1.0}
{'epoch': 91, 'train_loss': 0.0002, 'train_acc': 1.0}
{'epoch': 92, 'train_loss': 0.0002, 'train_acc': 1.0}
{'epoch': 93, 'train_loss': 0.0001, 'train_acc': 1.0}
{'epoch': 94, 'train_loss': 0.0001, 'train_acc': 1.0}
{'epoch': 95, 'train_loss': 0.0001, 'train_acc': 1.0}
{'epoch': 96, 'train_loss': 0.0001, 'train_acc': 1.0}
{'epoch': 97, 'train_loss': 0.0001, 'train_acc': 1.0}
{'epoch': 98, 'train_loss': 0.0001, 'train_acc': 1.0}
{'epoch': 99, 'train_loss': 0.0002, 'train_acc': 1.0}
{'epoch': 100, 'train_loss': 0.0001, 'train_acc': 1.0}
{'run_num': 8, 'final_test_err': 0.10423452768729646}
Files already downloaded and verified
Files already downloaded and verified
{'epoch': 1, 'train_loss': 0.5248, 'train_acc': 0.7588}
{'epoch': 2, 'train_loss': 0.2788, 'train_acc': 0.8938}
{'epoch': 3, 'train_loss': 0.249, 'train_acc': 0.91}
{'epoch': 4, 'train_loss': 0.131, 'train_acc': 0.9475}
{'epoch': 5, 'train_loss': 0.0707, 'train_acc': 0.9738}
{'epoch': 6, 'train_loss': 0.0349, 'train_acc': 0.9925}
{'epoch': 7, 'train_loss': 0.0127, 'train_acc': 0.9975}
{'epoch': 8, 'train_loss': 0.0053, 'train_acc': 1.0}
{'epoch': 9, 'train_loss': 0.0031, 'train_acc': 1.0}
{'epoch': 10, 'train_loss': 0.0023, 'train_acc': 1.0}
{'epoch': 11, 'train_loss': 0.0011, 'train_acc': 1.0}
{'epoch': 12, 'train_loss': 0.001, 'train_acc': 1.0}
{'epoch': 13, 'train_loss': 0.0009, 'train_acc': 1.0}
{'epoch': 14, 'train_loss': 0.0009, 'train_acc': 1.0}
{'epoch': 15, 'train_loss': 0.001, 'train_acc': 1.0}
{'epoch': 16, 'train_loss': 0.0007, 'train_acc': 1.0}
{'epoch': 17, 'train_loss': 0.0005, 'train_acc': 1.0}
{'epoch': 18, 'train_loss': 0.0006, 'train_acc': 1.0}
{'epoch': 19, 'train_loss': 0.0006, 'train_acc': 1.0}
{'epoch': 20, 'train_loss': 0.0005, 'train_acc': 1.0}
{'epoch': 21, 'train_loss': 0.0005, 'train_acc': 1.0}
{'epoch': 22, 'train_loss': 0.0005, 'train_acc': 1.0}
{'epoch': 23, 'train_loss': 0.0004, 'train_acc': 1.0}
{'epoch': 24, 'train_loss': 0.0005, 'train_acc': 1.0}
{'epoch': 25, 'train_loss': 0.0004, 'train_acc': 1.0}
{'epoch': 26, 'train_loss': 0.0003, 'train_acc': 1.0}
{'epoch': 27, 'train_loss': 0.0004, 'train_acc': 1.0}
{'epoch': 28, 'train_loss': 0.0004, 'train_acc': 1.0}
{'epoch': 29, 'train_loss': 0.0003, 'train_acc': 1.0}
{'epoch': 30, 'train_loss': 0.0002, 'train_acc': 1.0}
{'epoch': 31, 'train_loss': 0.0004, 'train_acc': 1.0}
{'epoch': 32, 'train_loss': 0.0002, 'train_acc': 1.0}
{'epoch': 33, 'train_loss': 0.0003, 'train_acc': 1.0}
{'epoch': 34, 'train_loss': 0.0003, 'train_acc': 1.0}
{'epoch': 35, 'train_loss': 0.0002, 'train_acc': 1.0}
{'epoch': 36, 'train_loss': 0.0002, 'train_acc': 1.0}
{'epoch': 37, 'train_loss': 0.0003, 'train_acc': 1.0}
{'epoch': 38, 'train_loss': 0.0003, 'train_acc': 1.0}
{'epoch': 39, 'train_loss': 0.0002, 'train_acc': 1.0}
{'epoch': 40, 'train_loss': 0.0002, 'train_acc': 1.0}
{'epoch': 41, 'train_loss': 0.0003, 'train_acc': 1.0}
{'epoch': 42, 'train_loss': 0.0003, 'train_acc': 1.0}
{'epoch': 43, 'train_loss': 0.0002, 'train_acc': 1.0}
{'epoch': 44, 'train_loss': 0.0002, 'train_acc': 1.0}
{'epoch': 45, 'train_loss': 0.0002, 'train_acc': 1.0}
{'epoch': 46, 'train_loss': 0.0002, 'train_acc': 1.0}
{'epoch': 47, 'train_loss': 0.0002, 'train_acc': 1.0}
{'epoch': 48, 'train_loss': 0.0002, 'train_acc': 1.0}
{'epoch': 49, 'train_loss': 0.0002, 'train_acc': 1.0}
{'epoch': 50, 'train_loss': 0.0002, 'train_acc': 1.0}
{'epoch': 51, 'train_loss': 0.0002, 'train_acc': 1.0}
{'epoch': 52, 'train_loss': 0.0002, 'train_acc': 1.0}
{'epoch': 53, 'train_loss': 0.0002, 'train_acc': 1.0}
{'epoch': 54, 'train_loss': 0.0002, 'train_acc': 1.0}
{'epoch': 55, 'train_loss': 0.0002, 'train_acc': 1.0}
{'epoch': 56, 'train_loss': 0.0002, 'train_acc': 1.0}
{'epoch': 57, 'train_loss': 0.0002, 'train_acc': 1.0}
{'epoch': 58, 'train_loss': 0.0002, 'train_acc': 1.0}
{'epoch': 59, 'train_loss': 0.0001, 'train_acc': 1.0}
{'epoch': 60, 'train_loss': 0.0002, 'train_acc': 1.0}
{'epoch': 61, 'train_loss': 0.0002, 'train_acc': 1.0}
{'epoch': 62, 'train_loss': 0.0001, 'train_acc': 1.0}
{'epoch': 63, 'train_loss': 0.0001, 'train_acc': 1.0}
{'epoch': 64, 'train_loss': 0.0002, 'train_acc': 1.0}
{'epoch': 65, 'train_loss': 0.0001, 'train_acc': 1.0}
{'epoch': 66, 'train_loss': 0.0002, 'train_acc': 1.0}
{'epoch': 67, 'train_loss': 0.0001, 'train_acc': 1.0}
{'epoch': 68, 'train_loss': 0.0002, 'train_acc': 1.0}
{'epoch': 69, 'train_loss': 0.0002, 'train_acc': 1.0}
{'epoch': 70, 'train_loss': 0.0002, 'train_acc': 1.0}
{'epoch': 71, 'train_loss': 0.0002, 'train_acc': 1.0}
{'epoch': 72, 'train_loss': 0.0001, 'train_acc': 1.0}
{'epoch': 73, 'train_loss': 0.0001, 'train_acc': 1.0}
{'epoch': 74, 'train_loss': 0.0001, 'train_acc': 1.0}
{'epoch': 75, 'train_loss': 0.0001, 'train_acc': 1.0}
{'epoch': 76, 'train_loss': 0.0001, 'train_acc': 1.0}
{'epoch': 77, 'train_loss': 0.0001, 'train_acc': 1.0}
{'epoch': 78, 'train_loss': 0.0002, 'train_acc': 1.0}
{'epoch': 79, 'train_loss': 0.0002, 'train_acc': 1.0}
{'epoch': 80, 'train_loss': 0.0002, 'train_acc': 1.0}
{'epoch': 81, 'train_loss': 0.0002, 'train_acc': 1.0}
{'epoch': 82, 'train_loss': 0.0002, 'train_acc': 1.0}
{'epoch': 83, 'train_loss': 0.0001, 'train_acc': 1.0}
{'epoch': 84, 'train_loss': 0.0002, 'train_acc': 1.0}
{'epoch': 85, 'train_loss': 0.0001, 'train_acc': 1.0}
{'epoch': 86, 'train_loss': 0.0001, 'train_acc': 1.0}
{'epoch': 87, 'train_loss': 0.0001, 'train_acc': 1.0}
{'epoch': 88, 'train_loss': 0.0001, 'train_acc': 1.0}
{'epoch': 89, 'train_loss': 0.0001, 'train_acc': 1.0}
{'epoch': 90, 'train_loss': 0.0002, 'train_acc': 1.0}
{'epoch': 91, 'train_loss': 0.0001, 'train_acc': 1.0}
{'epoch': 92, 'train_loss': 0.0001, 'train_acc': 1.0}
{'epoch': 93, 'train_loss': 0.0001, 'train_acc': 1.0}
{'epoch': 94, 'train_loss': 0.0001, 'train_acc': 1.0}
{'epoch': 95, 'train_loss': 0.0001, 'train_acc': 1.0}
{'epoch': 96, 'train_loss': 0.0002, 'train_acc': 1.0}
{'epoch': 97, 'train_loss': 0.0002, 'train_acc': 1.0}
{'epoch': 98, 'train_loss': 0.0001, 'train_acc': 1.0}
{'epoch': 99, 'train_loss': 0.0001, 'train_acc': 1.0}
{'epoch': 100, 'train_loss': 0.0001, 'train_acc': 1.0}
{'run_num': 9, 'final_test_err': 0.12377850162866455}
{'avg_err': 0.1319, 'std_err': 0.0135}
