{'deploy': True, 'tag': '04_ood/singlehead_agnostic_mixed_cinic1', 'seed': 10, 'device': 'cuda:0', 'reps': 10, 'loss': {'alpha': 0.5, 'tune_alpha': False, 'group_task_loss': False}, 'task': {'dataset': 'cinic_img', 'task_map': [[0, 1], [2, 3], [4, 5], [6, 7], [8, 9]], 'target': 0, 'ood': [4], 'augment': False, 'n': 10, 'm_n': 1, 'beta': 0.5, 'custom_sampler': False, 'num_cinic': 1500}, 'hp': {'epochs': 100, 'bs': 16, 'lr': 0.01}, 'net': 'conv'}
Files already downloaded and verified
Files already downloaded and verified
{'epoch': 1, 'train_loss': 2.3206, 'train_acc': 0.155}
{'epoch': 2, 'train_loss': 1.7055, 'train_acc': 0.445}
{'epoch': 3, 'train_loss': 1.2609, 'train_acc': 0.59}
{'epoch': 4, 'train_loss': 0.9434, 'train_acc': 0.72}
{'epoch': 5, 'train_loss': 0.5972, 'train_acc': 0.875}
{'epoch': 6, 'train_loss': 0.3224, 'train_acc': 0.96}
{'epoch': 7, 'train_loss': 0.1478, 'train_acc': 0.995}
{'epoch': 8, 'train_loss': 0.0796, 'train_acc': 1.0}
{'epoch': 9, 'train_loss': 0.0557, 'train_acc': 1.0}
{'epoch': 10, 'train_loss': 0.0343, 'train_acc': 1.0}
{'epoch': 11, 'train_loss': 0.0272, 'train_acc': 1.0}
{'epoch': 12, 'train_loss': 0.0183, 'train_acc': 1.0}
{'epoch': 13, 'train_loss': 0.0145, 'train_acc': 1.0}
{'epoch': 14, 'train_loss': 0.0138, 'train_acc': 1.0}
{'epoch': 15, 'train_loss': 0.0117, 'train_acc': 1.0}
{'epoch': 16, 'train_loss': 0.0098, 'train_acc': 1.0}
{'epoch': 17, 'train_loss': 0.0096, 'train_acc': 1.0}
{'epoch': 18, 'train_loss': 0.008, 'train_acc': 1.0}
{'epoch': 19, 'train_loss': 0.0076, 'train_acc': 1.0}
{'epoch': 20, 'train_loss': 0.0073, 'train_acc': 1.0}
{'epoch': 21, 'train_loss': 0.0063, 'train_acc': 1.0}
{'epoch': 22, 'train_loss': 0.0057, 'train_acc': 1.0}
{'epoch': 23, 'train_loss': 0.0062, 'train_acc': 1.0}
{'epoch': 24, 'train_loss': 0.0057, 'train_acc': 1.0}
{'epoch': 25, 'train_loss': 0.0051, 'train_acc': 1.0}
{'epoch': 26, 'train_loss': 0.0047, 'train_acc': 1.0}
{'epoch': 27, 'train_loss': 0.0047, 'train_acc': 1.0}
{'epoch': 28, 'train_loss': 0.0041, 'train_acc': 1.0}
{'epoch': 29, 'train_loss': 0.0042, 'train_acc': 1.0}
{'epoch': 30, 'train_loss': 0.0038, 'train_acc': 1.0}
{'epoch': 31, 'train_loss': 0.0041, 'train_acc': 1.0}
{'epoch': 32, 'train_loss': 0.0035, 'train_acc': 1.0}
{'epoch': 33, 'train_loss': 0.0037, 'train_acc': 1.0}
{'epoch': 34, 'train_loss': 0.0036, 'train_acc': 1.0}
{'epoch': 35, 'train_loss': 0.0037, 'train_acc': 1.0}
{'epoch': 36, 'train_loss': 0.0031, 'train_acc': 1.0}
{'epoch': 37, 'train_loss': 0.0032, 'train_acc': 1.0}
{'epoch': 38, 'train_loss': 0.003, 'train_acc': 1.0}
{'epoch': 39, 'train_loss': 0.0028, 'train_acc': 1.0}
{'epoch': 40, 'train_loss': 0.0031, 'train_acc': 1.0}
{'epoch': 41, 'train_loss': 0.003, 'train_acc': 1.0}
{'epoch': 42, 'train_loss': 0.0031, 'train_acc': 1.0}
{'epoch': 43, 'train_loss': 0.0028, 'train_acc': 1.0}
{'epoch': 44, 'train_loss': 0.0026, 'train_acc': 1.0}
{'epoch': 45, 'train_loss': 0.0028, 'train_acc': 1.0}
{'epoch': 46, 'train_loss': 0.0025, 'train_acc': 1.0}
{'epoch': 47, 'train_loss': 0.0025, 'train_acc': 1.0}
{'epoch': 48, 'train_loss': 0.0023, 'train_acc': 1.0}
{'epoch': 49, 'train_loss': 0.0027, 'train_acc': 1.0}
{'epoch': 50, 'train_loss': 0.0026, 'train_acc': 1.0}
{'epoch': 51, 'train_loss': 0.0027, 'train_acc': 1.0}
{'epoch': 52, 'train_loss': 0.0023, 'train_acc': 1.0}
{'epoch': 53, 'train_loss': 0.0023, 'train_acc': 1.0}
{'epoch': 54, 'train_loss': 0.0024, 'train_acc': 1.0}
{'epoch': 55, 'train_loss': 0.0029, 'train_acc': 1.0}
{'epoch': 56, 'train_loss': 0.0022, 'train_acc': 1.0}
{'epoch': 57, 'train_loss': 0.002, 'train_acc': 1.0}
{'epoch': 58, 'train_loss': 0.0021, 'train_acc': 1.0}
{'epoch': 59, 'train_loss': 0.0023, 'train_acc': 1.0}
{'epoch': 60, 'train_loss': 0.002, 'train_acc': 1.0}
{'epoch': 61, 'train_loss': 0.0025, 'train_acc': 1.0}
{'epoch': 62, 'train_loss': 0.0023, 'train_acc': 1.0}
{'epoch': 63, 'train_loss': 0.002, 'train_acc': 1.0}
{'epoch': 64, 'train_loss': 0.002, 'train_acc': 1.0}
{'epoch': 65, 'train_loss': 0.0018, 'train_acc': 1.0}
{'epoch': 66, 'train_loss': 0.002, 'train_acc': 1.0}
{'epoch': 67, 'train_loss': 0.0019, 'train_acc': 1.0}
{'epoch': 68, 'train_loss': 0.002, 'train_acc': 1.0}
{'epoch': 69, 'train_loss': 0.0022, 'train_acc': 1.0}
{'epoch': 70, 'train_loss': 0.0021, 'train_acc': 1.0}
{'epoch': 71, 'train_loss': 0.0019, 'train_acc': 1.0}
{'epoch': 72, 'train_loss': 0.0024, 'train_acc': 1.0}
{'epoch': 73, 'train_loss': 0.002, 'train_acc': 1.0}
{'epoch': 74, 'train_loss': 0.0019, 'train_acc': 1.0}
{'epoch': 75, 'train_loss': 0.0019, 'train_acc': 1.0}
{'epoch': 76, 'train_loss': 0.0018, 'train_acc': 1.0}
{'epoch': 77, 'train_loss': 0.002, 'train_acc': 1.0}
{'epoch': 78, 'train_loss': 0.0019, 'train_acc': 1.0}
{'epoch': 79, 'train_loss': 0.002, 'train_acc': 1.0}
{'epoch': 80, 'train_loss': 0.0022, 'train_acc': 1.0}
{'epoch': 81, 'train_loss': 0.0018, 'train_acc': 1.0}
{'epoch': 82, 'train_loss': 0.0019, 'train_acc': 1.0}
{'epoch': 83, 'train_loss': 0.0018, 'train_acc': 1.0}
{'epoch': 84, 'train_loss': 0.0018, 'train_acc': 1.0}
{'epoch': 85, 'train_loss': 0.0021, 'train_acc': 1.0}
{'epoch': 86, 'train_loss': 0.0018, 'train_acc': 1.0}
{'epoch': 87, 'train_loss': 0.002, 'train_acc': 1.0}
{'epoch': 88, 'train_loss': 0.0022, 'train_acc': 1.0}
{'epoch': 89, 'train_loss': 0.0019, 'train_acc': 1.0}
{'epoch': 90, 'train_loss': 0.0018, 'train_acc': 1.0}
{'epoch': 91, 'train_loss': 0.0022, 'train_acc': 1.0}
{'epoch': 92, 'train_loss': 0.0018, 'train_acc': 1.0}
{'epoch': 93, 'train_loss': 0.0021, 'train_acc': 1.0}
{'epoch': 94, 'train_loss': 0.0018, 'train_acc': 1.0}
{'epoch': 95, 'train_loss': 0.0021, 'train_acc': 1.0}
{'epoch': 96, 'train_loss': 0.0018, 'train_acc': 1.0}
{'epoch': 97, 'train_loss': 0.0018, 'train_acc': 1.0}
{'epoch': 98, 'train_loss': 0.0019, 'train_acc': 1.0}
{'epoch': 99, 'train_loss': 0.002, 'train_acc': 1.0}
{'epoch': 100, 'train_loss': 0.0018, 'train_acc': 1.0}
{'run_num': 0, 'final_test_err': 0.7061999999999999}
Files already downloaded and verified
Files already downloaded and verified
{'epoch': 1, 'train_loss': 2.3559, 'train_acc': 0.155}
{'epoch': 2, 'train_loss': 1.8269, 'train_acc': 0.32}
{'epoch': 3, 'train_loss': 1.4384, 'train_acc': 0.505}
{'epoch': 4, 'train_loss': 0.9918, 'train_acc': 0.7}
{'epoch': 5, 'train_loss': 0.5899, 'train_acc': 0.86}
{'epoch': 6, 'train_loss': 0.3498, 'train_acc': 0.97}
{'epoch': 7, 'train_loss': 0.2254, 'train_acc': 0.985}
{'epoch': 8, 'train_loss': 0.1062, 'train_acc': 1.0}
{'epoch': 9, 'train_loss': 0.0631, 'train_acc': 1.0}
{'epoch': 10, 'train_loss': 0.0424, 'train_acc': 1.0}
{'epoch': 11, 'train_loss': 0.0282, 'train_acc': 1.0}
{'epoch': 12, 'train_loss': 0.0177, 'train_acc': 1.0}
{'epoch': 13, 'train_loss': 0.0138, 'train_acc': 1.0}
{'epoch': 14, 'train_loss': 0.0097, 'train_acc': 1.0}
{'epoch': 15, 'train_loss': 0.0095, 'train_acc': 1.0}
{'epoch': 16, 'train_loss': 0.0086, 'train_acc': 1.0}
{'epoch': 17, 'train_loss': 0.0068, 'train_acc': 1.0}
{'epoch': 18, 'train_loss': 0.0065, 'train_acc': 1.0}
{'epoch': 19, 'train_loss': 0.0062, 'train_acc': 1.0}
{'epoch': 20, 'train_loss': 0.0061, 'train_acc': 1.0}
{'epoch': 21, 'train_loss': 0.0052, 'train_acc': 1.0}
{'epoch': 22, 'train_loss': 0.0046, 'train_acc': 1.0}
{'epoch': 23, 'train_loss': 0.0047, 'train_acc': 1.0}
{'epoch': 24, 'train_loss': 0.0043, 'train_acc': 1.0}
{'epoch': 25, 'train_loss': 0.0042, 'train_acc': 1.0}
{'epoch': 26, 'train_loss': 0.0044, 'train_acc': 1.0}
{'epoch': 27, 'train_loss': 0.0038, 'train_acc': 1.0}
{'epoch': 28, 'train_loss': 0.0043, 'train_acc': 1.0}
{'epoch': 29, 'train_loss': 0.004, 'train_acc': 1.0}
{'epoch': 30, 'train_loss': 0.0041, 'train_acc': 1.0}
{'epoch': 31, 'train_loss': 0.0039, 'train_acc': 1.0}
{'epoch': 32, 'train_loss': 0.0035, 'train_acc': 1.0}
{'epoch': 33, 'train_loss': 0.003, 'train_acc': 1.0}
{'epoch': 34, 'train_loss': 0.003, 'train_acc': 1.0}
{'epoch': 35, 'train_loss': 0.0029, 'train_acc': 1.0}
{'epoch': 36, 'train_loss': 0.0027, 'train_acc': 1.0}
{'epoch': 37, 'train_loss': 0.0026, 'train_acc': 1.0}
{'epoch': 38, 'train_loss': 0.0027, 'train_acc': 1.0}
{'epoch': 39, 'train_loss': 0.0027, 'train_acc': 1.0}
{'epoch': 40, 'train_loss': 0.0029, 'train_acc': 1.0}
{'epoch': 41, 'train_loss': 0.0024, 'train_acc': 1.0}
{'epoch': 42, 'train_loss': 0.0025, 'train_acc': 1.0}
{'epoch': 43, 'train_loss': 0.0024, 'train_acc': 1.0}
{'epoch': 44, 'train_loss': 0.0024, 'train_acc': 1.0}
{'epoch': 45, 'train_loss': 0.0021, 'train_acc': 1.0}
{'epoch': 46, 'train_loss': 0.0025, 'train_acc': 1.0}
{'epoch': 47, 'train_loss': 0.002, 'train_acc': 1.0}
{'epoch': 48, 'train_loss': 0.0021, 'train_acc': 1.0}
{'epoch': 49, 'train_loss': 0.002, 'train_acc': 1.0}
{'epoch': 50, 'train_loss': 0.0025, 'train_acc': 1.0}
{'epoch': 51, 'train_loss': 0.002, 'train_acc': 1.0}
{'epoch': 52, 'train_loss': 0.0023, 'train_acc': 1.0}
{'epoch': 53, 'train_loss': 0.0019, 'train_acc': 1.0}
{'epoch': 54, 'train_loss': 0.002, 'train_acc': 1.0}
{'epoch': 55, 'train_loss': 0.002, 'train_acc': 1.0}
{'epoch': 56, 'train_loss': 0.002, 'train_acc': 1.0}
{'epoch': 57, 'train_loss': 0.0021, 'train_acc': 1.0}
{'epoch': 58, 'train_loss': 0.0019, 'train_acc': 1.0}
{'epoch': 59, 'train_loss': 0.002, 'train_acc': 1.0}
{'epoch': 60, 'train_loss': 0.0019, 'train_acc': 1.0}
{'epoch': 61, 'train_loss': 0.0019, 'train_acc': 1.0}
{'epoch': 62, 'train_loss': 0.0016, 'train_acc': 1.0}
{'epoch': 63, 'train_loss': 0.0017, 'train_acc': 1.0}
{'epoch': 64, 'train_loss': 0.0018, 'train_acc': 1.0}
{'epoch': 65, 'train_loss': 0.0016, 'train_acc': 1.0}
{'epoch': 66, 'train_loss': 0.0018, 'train_acc': 1.0}
{'epoch': 67, 'train_loss': 0.0019, 'train_acc': 1.0}
{'epoch': 68, 'train_loss': 0.0019, 'train_acc': 1.0}
{'epoch': 69, 'train_loss': 0.0017, 'train_acc': 1.0}
{'epoch': 70, 'train_loss': 0.0018, 'train_acc': 1.0}
{'epoch': 71, 'train_loss': 0.0017, 'train_acc': 1.0}
{'epoch': 72, 'train_loss': 0.0017, 'train_acc': 1.0}
{'epoch': 73, 'train_loss': 0.0017, 'train_acc': 1.0}
{'epoch': 74, 'train_loss': 0.0019, 'train_acc': 1.0}
{'epoch': 75, 'train_loss': 0.0017, 'train_acc': 1.0}
{'epoch': 76, 'train_loss': 0.0015, 'train_acc': 1.0}
{'epoch': 77, 'train_loss': 0.0016, 'train_acc': 1.0}
{'epoch': 78, 'train_loss': 0.0018, 'train_acc': 1.0}
{'epoch': 79, 'train_loss': 0.0015, 'train_acc': 1.0}
{'epoch': 80, 'train_loss': 0.0018, 'train_acc': 1.0}
{'epoch': 81, 'train_loss': 0.0017, 'train_acc': 1.0}
{'epoch': 82, 'train_loss': 0.0016, 'train_acc': 1.0}
{'epoch': 83, 'train_loss': 0.0017, 'train_acc': 1.0}
{'epoch': 84, 'train_loss': 0.0017, 'train_acc': 1.0}
{'epoch': 85, 'train_loss': 0.0015, 'train_acc': 1.0}
{'epoch': 86, 'train_loss': 0.0015, 'train_acc': 1.0}
{'epoch': 87, 'train_loss': 0.0016, 'train_acc': 1.0}
{'epoch': 88, 'train_loss': 0.0016, 'train_acc': 1.0}
{'epoch': 89, 'train_loss': 0.0018, 'train_acc': 1.0}
{'epoch': 90, 'train_loss': 0.0015, 'train_acc': 1.0}
{'epoch': 91, 'train_loss': 0.0015, 'train_acc': 1.0}
{'epoch': 92, 'train_loss': 0.0017, 'train_acc': 1.0}
{'epoch': 93, 'train_loss': 0.0014, 'train_acc': 1.0}
{'epoch': 94, 'train_loss': 0.0015, 'train_acc': 1.0}
{'epoch': 95, 'train_loss': 0.0018, 'train_acc': 1.0}
{'epoch': 96, 'train_loss': 0.0017, 'train_acc': 1.0}
{'epoch': 97, 'train_loss': 0.0016, 'train_acc': 1.0}
{'epoch': 98, 'train_loss': 0.0017, 'train_acc': 1.0}
{'epoch': 99, 'train_loss': 0.0015, 'train_acc': 1.0}
{'epoch': 100, 'train_loss': 0.0016, 'train_acc': 1.0}
{'run_num': 1, 'final_test_err': 0.6831}
Files already downloaded and verified
Files already downloaded and verified
{'epoch': 1, 'train_loss': 2.4478, 'train_acc': 0.12}
{'epoch': 2, 'train_loss': 1.8481, 'train_acc': 0.325}
{'epoch': 3, 'train_loss': 1.5161, 'train_acc': 0.465}
{'epoch': 4, 'train_loss': 1.0981, 'train_acc': 0.66}
{'epoch': 5, 'train_loss': 0.7285, 'train_acc': 0.815}
{'epoch': 6, 'train_loss': 0.4191, 'train_acc': 0.925}
{'epoch': 7, 'train_loss': 0.2563, 'train_acc': 0.965}
{'epoch': 8, 'train_loss': 0.1428, 'train_acc': 1.0}
{'epoch': 9, 'train_loss': 0.0741, 'train_acc': 1.0}
{'epoch': 10, 'train_loss': 0.0394, 'train_acc': 1.0}
{'epoch': 11, 'train_loss': 0.0234, 'train_acc': 1.0}
{'epoch': 12, 'train_loss': 0.0186, 'train_acc': 1.0}
{'epoch': 13, 'train_loss': 0.0156, 'train_acc': 1.0}
{'epoch': 14, 'train_loss': 0.0117, 'train_acc': 1.0}
{'epoch': 15, 'train_loss': 0.0118, 'train_acc': 1.0}
{'epoch': 16, 'train_loss': 0.0109, 'train_acc': 1.0}
{'epoch': 17, 'train_loss': 0.0092, 'train_acc': 1.0}
{'epoch': 18, 'train_loss': 0.0077, 'train_acc': 1.0}
{'epoch': 19, 'train_loss': 0.0073, 'train_acc': 1.0}
{'epoch': 20, 'train_loss': 0.0069, 'train_acc': 1.0}
{'epoch': 21, 'train_loss': 0.0067, 'train_acc': 1.0}
{'epoch': 22, 'train_loss': 0.0063, 'train_acc': 1.0}
{'epoch': 23, 'train_loss': 0.0054, 'train_acc': 1.0}
{'epoch': 24, 'train_loss': 0.0049, 'train_acc': 1.0}
{'epoch': 25, 'train_loss': 0.005, 'train_acc': 1.0}
{'epoch': 26, 'train_loss': 0.0047, 'train_acc': 1.0}
{'epoch': 27, 'train_loss': 0.0047, 'train_acc': 1.0}
{'epoch': 28, 'train_loss': 0.0038, 'train_acc': 1.0}
{'epoch': 29, 'train_loss': 0.004, 'train_acc': 1.0}
{'epoch': 30, 'train_loss': 0.0042, 'train_acc': 1.0}
{'epoch': 31, 'train_loss': 0.0039, 'train_acc': 1.0}
{'epoch': 32, 'train_loss': 0.0035, 'train_acc': 1.0}
{'epoch': 33, 'train_loss': 0.0034, 'train_acc': 1.0}
{'epoch': 34, 'train_loss': 0.0036, 'train_acc': 1.0}
{'epoch': 35, 'train_loss': 0.0041, 'train_acc': 1.0}
{'epoch': 36, 'train_loss': 0.0029, 'train_acc': 1.0}
{'epoch': 37, 'train_loss': 0.003, 'train_acc': 1.0}
{'epoch': 38, 'train_loss': 0.0028, 'train_acc': 1.0}
{'epoch': 39, 'train_loss': 0.0028, 'train_acc': 1.0}
{'epoch': 40, 'train_loss': 0.0032, 'train_acc': 1.0}
{'epoch': 41, 'train_loss': 0.0031, 'train_acc': 1.0}
{'epoch': 42, 'train_loss': 0.0033, 'train_acc': 1.0}
{'epoch': 43, 'train_loss': 0.0028, 'train_acc': 1.0}
{'epoch': 44, 'train_loss': 0.0025, 'train_acc': 1.0}
{'epoch': 45, 'train_loss': 0.0024, 'train_acc': 1.0}
{'epoch': 46, 'train_loss': 0.0026, 'train_acc': 1.0}
{'epoch': 47, 'train_loss': 0.0025, 'train_acc': 1.0}
{'epoch': 48, 'train_loss': 0.0027, 'train_acc': 1.0}
{'epoch': 49, 'train_loss': 0.0028, 'train_acc': 1.0}
{'epoch': 50, 'train_loss': 0.0022, 'train_acc': 1.0}
{'epoch': 51, 'train_loss': 0.0022, 'train_acc': 1.0}
{'epoch': 52, 'train_loss': 0.0022, 'train_acc': 1.0}
{'epoch': 53, 'train_loss': 0.0025, 'train_acc': 1.0}
{'epoch': 54, 'train_loss': 0.0021, 'train_acc': 1.0}
{'epoch': 55, 'train_loss': 0.0022, 'train_acc': 1.0}
{'epoch': 56, 'train_loss': 0.0022, 'train_acc': 1.0}
{'epoch': 57, 'train_loss': 0.0019, 'train_acc': 1.0}
{'epoch': 58, 'train_loss': 0.0021, 'train_acc': 1.0}
{'epoch': 59, 'train_loss': 0.002, 'train_acc': 1.0}
{'epoch': 60, 'train_loss': 0.0021, 'train_acc': 1.0}
{'epoch': 61, 'train_loss': 0.0022, 'train_acc': 1.0}
{'epoch': 62, 'train_loss': 0.0022, 'train_acc': 1.0}
{'epoch': 63, 'train_loss': 0.0024, 'train_acc': 1.0}
{'epoch': 64, 'train_loss': 0.0019, 'train_acc': 1.0}
{'epoch': 65, 'train_loss': 0.0025, 'train_acc': 1.0}
{'epoch': 66, 'train_loss': 0.0019, 'train_acc': 1.0}
{'epoch': 67, 'train_loss': 0.0019, 'train_acc': 1.0}
{'epoch': 68, 'train_loss': 0.002, 'train_acc': 1.0}
{'epoch': 69, 'train_loss': 0.0018, 'train_acc': 1.0}
{'epoch': 70, 'train_loss': 0.0021, 'train_acc': 1.0}
{'epoch': 71, 'train_loss': 0.0017, 'train_acc': 1.0}
{'epoch': 72, 'train_loss': 0.0018, 'train_acc': 1.0}
{'epoch': 73, 'train_loss': 0.0017, 'train_acc': 1.0}
{'epoch': 74, 'train_loss': 0.0019, 'train_acc': 1.0}
{'epoch': 75, 'train_loss': 0.0026, 'train_acc': 1.0}
{'epoch': 76, 'train_loss': 0.0019, 'train_acc': 1.0}
{'epoch': 77, 'train_loss': 0.0019, 'train_acc': 1.0}
{'epoch': 78, 'train_loss': 0.0016, 'train_acc': 1.0}
{'epoch': 79, 'train_loss': 0.0017, 'train_acc': 1.0}
{'epoch': 80, 'train_loss': 0.002, 'train_acc': 1.0}
{'epoch': 81, 'train_loss': 0.0018, 'train_acc': 1.0}
{'epoch': 82, 'train_loss': 0.0019, 'train_acc': 1.0}
{'epoch': 83, 'train_loss': 0.0018, 'train_acc': 1.0}
{'epoch': 84, 'train_loss': 0.0016, 'train_acc': 1.0}
{'epoch': 85, 'train_loss': 0.0017, 'train_acc': 1.0}
{'epoch': 86, 'train_loss': 0.0018, 'train_acc': 1.0}
{'epoch': 87, 'train_loss': 0.0018, 'train_acc': 1.0}
{'epoch': 88, 'train_loss': 0.0018, 'train_acc': 1.0}
{'epoch': 89, 'train_loss': 0.0017, 'train_acc': 1.0}
{'epoch': 90, 'train_loss': 0.0016, 'train_acc': 1.0}
{'epoch': 91, 'train_loss': 0.0019, 'train_acc': 1.0}
{'epoch': 92, 'train_loss': 0.0016, 'train_acc': 1.0}
{'epoch': 93, 'train_loss': 0.0016, 'train_acc': 1.0}
{'epoch': 94, 'train_loss': 0.0021, 'train_acc': 1.0}
{'epoch': 95, 'train_loss': 0.0019, 'train_acc': 1.0}
{'epoch': 96, 'train_loss': 0.002, 'train_acc': 1.0}
{'epoch': 97, 'train_loss': 0.0019, 'train_acc': 1.0}
{'epoch': 98, 'train_loss': 0.002, 'train_acc': 1.0}
{'epoch': 99, 'train_loss': 0.0023, 'train_acc': 1.0}
{'epoch': 100, 'train_loss': 0.0019, 'train_acc': 1.0}
{'run_num': 2, 'final_test_err': 0.6868000000000001}
Files already downloaded and verified
Files already downloaded and verified
{'epoch': 1, 'train_loss': 2.3078, 'train_acc': 0.175}
{'epoch': 2, 'train_loss': 1.7296, 'train_acc': 0.38}
{'epoch': 3, 'train_loss': 1.2838, 'train_acc': 0.57}
{'epoch': 4, 'train_loss': 1.0744, 'train_acc': 0.63}
{'epoch': 5, 'train_loss': 0.7503, 'train_acc': 0.77}
{'epoch': 6, 'train_loss': 0.436, 'train_acc': 0.9}
{'epoch': 7, 'train_loss': 0.3087, 'train_acc': 0.935}
{'epoch': 8, 'train_loss': 0.1752, 'train_acc': 0.97}
{'epoch': 9, 'train_loss': 0.0853, 'train_acc': 1.0}
{'epoch': 10, 'train_loss': 0.0587, 'train_acc': 0.995}
{'epoch': 11, 'train_loss': 0.0345, 'train_acc': 0.995}
{'epoch': 12, 'train_loss': 0.0227, 'train_acc': 1.0}
{'epoch': 13, 'train_loss': 0.0199, 'train_acc': 1.0}
{'epoch': 14, 'train_loss': 0.016, 'train_acc': 1.0}
{'epoch': 15, 'train_loss': 0.0124, 'train_acc': 1.0}
{'epoch': 16, 'train_loss': 0.0114, 'train_acc': 1.0}
{'epoch': 17, 'train_loss': 0.0091, 'train_acc': 1.0}
{'epoch': 18, 'train_loss': 0.0116, 'train_acc': 1.0}
{'epoch': 19, 'train_loss': 0.0093, 'train_acc': 1.0}
{'epoch': 20, 'train_loss': 0.0068, 'train_acc': 1.0}
{'epoch': 21, 'train_loss': 0.0082, 'train_acc': 1.0}
{'epoch': 22, 'train_loss': 0.0071, 'train_acc': 1.0}
{'epoch': 23, 'train_loss': 0.0066, 'train_acc': 1.0}
{'epoch': 24, 'train_loss': 0.0062, 'train_acc': 1.0}
{'epoch': 25, 'train_loss': 0.0052, 'train_acc': 1.0}
{'epoch': 26, 'train_loss': 0.0048, 'train_acc': 1.0}
{'epoch': 27, 'train_loss': 0.0051, 'train_acc': 1.0}
{'epoch': 28, 'train_loss': 0.0048, 'train_acc': 1.0}
{'epoch': 29, 'train_loss': 0.0045, 'train_acc': 1.0}
{'epoch': 30, 'train_loss': 0.0046, 'train_acc': 1.0}
{'epoch': 31, 'train_loss': 0.004, 'train_acc': 1.0}
{'epoch': 32, 'train_loss': 0.0041, 'train_acc': 1.0}
{'epoch': 33, 'train_loss': 0.0033, 'train_acc': 1.0}
{'epoch': 34, 'train_loss': 0.0036, 'train_acc': 1.0}
{'epoch': 35, 'train_loss': 0.0034, 'train_acc': 1.0}
{'epoch': 36, 'train_loss': 0.0038, 'train_acc': 1.0}
{'epoch': 37, 'train_loss': 0.0041, 'train_acc': 1.0}
{'epoch': 38, 'train_loss': 0.003, 'train_acc': 1.0}
{'epoch': 39, 'train_loss': 0.0033, 'train_acc': 1.0}
{'epoch': 40, 'train_loss': 0.0033, 'train_acc': 1.0}
{'epoch': 41, 'train_loss': 0.0037, 'train_acc': 1.0}
{'epoch': 42, 'train_loss': 0.0028, 'train_acc': 1.0}
{'epoch': 43, 'train_loss': 0.003, 'train_acc': 1.0}
{'epoch': 44, 'train_loss': 0.003, 'train_acc': 1.0}
{'epoch': 45, 'train_loss': 0.0028, 'train_acc': 1.0}
{'epoch': 46, 'train_loss': 0.0028, 'train_acc': 1.0}
{'epoch': 47, 'train_loss': 0.0031, 'train_acc': 1.0}
{'epoch': 48, 'train_loss': 0.0028, 'train_acc': 1.0}
{'epoch': 49, 'train_loss': 0.0029, 'train_acc': 1.0}
{'epoch': 50, 'train_loss': 0.0026, 'train_acc': 1.0}
{'epoch': 51, 'train_loss': 0.0025, 'train_acc': 1.0}
{'epoch': 52, 'train_loss': 0.0023, 'train_acc': 1.0}
{'epoch': 53, 'train_loss': 0.0022, 'train_acc': 1.0}
{'epoch': 54, 'train_loss': 0.0026, 'train_acc': 1.0}
{'epoch': 55, 'train_loss': 0.0023, 'train_acc': 1.0}
{'epoch': 56, 'train_loss': 0.0022, 'train_acc': 1.0}
{'epoch': 57, 'train_loss': 0.0023, 'train_acc': 1.0}
{'epoch': 58, 'train_loss': 0.0023, 'train_acc': 1.0}
{'epoch': 59, 'train_loss': 0.0024, 'train_acc': 1.0}
{'epoch': 60, 'train_loss': 0.0023, 'train_acc': 1.0}
{'epoch': 61, 'train_loss': 0.002, 'train_acc': 1.0}
{'epoch': 62, 'train_loss': 0.0022, 'train_acc': 1.0}
{'epoch': 63, 'train_loss': 0.0023, 'train_acc': 1.0}
{'epoch': 64, 'train_loss': 0.0023, 'train_acc': 1.0}
{'epoch': 65, 'train_loss': 0.0023, 'train_acc': 1.0}
{'epoch': 66, 'train_loss': 0.0018, 'train_acc': 1.0}
{'epoch': 67, 'train_loss': 0.0023, 'train_acc': 1.0}
{'epoch': 68, 'train_loss': 0.0021, 'train_acc': 1.0}
{'epoch': 69, 'train_loss': 0.0021, 'train_acc': 1.0}
{'epoch': 70, 'train_loss': 0.0018, 'train_acc': 1.0}
{'epoch': 71, 'train_loss': 0.002, 'train_acc': 1.0}
{'epoch': 72, 'train_loss': 0.0022, 'train_acc': 1.0}
{'epoch': 73, 'train_loss': 0.0022, 'train_acc': 1.0}
{'epoch': 74, 'train_loss': 0.002, 'train_acc': 1.0}
{'epoch': 75, 'train_loss': 0.0022, 'train_acc': 1.0}
{'epoch': 76, 'train_loss': 0.0019, 'train_acc': 1.0}
{'epoch': 77, 'train_loss': 0.0019, 'train_acc': 1.0}
{'epoch': 78, 'train_loss': 0.0018, 'train_acc': 1.0}
{'epoch': 79, 'train_loss': 0.002, 'train_acc': 1.0}
{'epoch': 80, 'train_loss': 0.002, 'train_acc': 1.0}
{'epoch': 81, 'train_loss': 0.0021, 'train_acc': 1.0}
{'epoch': 82, 'train_loss': 0.002, 'train_acc': 1.0}
{'epoch': 83, 'train_loss': 0.0019, 'train_acc': 1.0}
{'epoch': 84, 'train_loss': 0.0023, 'train_acc': 1.0}
{'epoch': 85, 'train_loss': 0.002, 'train_acc': 1.0}
{'epoch': 86, 'train_loss': 0.0021, 'train_acc': 1.0}
{'epoch': 87, 'train_loss': 0.0019, 'train_acc': 1.0}
{'epoch': 88, 'train_loss': 0.002, 'train_acc': 1.0}
{'epoch': 89, 'train_loss': 0.002, 'train_acc': 1.0}
{'epoch': 90, 'train_loss': 0.0021, 'train_acc': 1.0}
{'epoch': 91, 'train_loss': 0.0018, 'train_acc': 1.0}
{'epoch': 92, 'train_loss': 0.0023, 'train_acc': 1.0}
{'epoch': 93, 'train_loss': 0.0019, 'train_acc': 1.0}
{'epoch': 94, 'train_loss': 0.0021, 'train_acc': 1.0}
{'epoch': 95, 'train_loss': 0.0021, 'train_acc': 1.0}
{'epoch': 96, 'train_loss': 0.0018, 'train_acc': 1.0}
{'epoch': 97, 'train_loss': 0.002, 'train_acc': 1.0}
{'epoch': 98, 'train_loss': 0.0018, 'train_acc': 1.0}
{'epoch': 99, 'train_loss': 0.0018, 'train_acc': 1.0}
{'epoch': 100, 'train_loss': 0.0019, 'train_acc': 1.0}
{'run_num': 3, 'final_test_err': 0.6658}
Files already downloaded and verified
Files already downloaded and verified
{'epoch': 1, 'train_loss': 2.3434, 'train_acc': 0.18}
{'epoch': 2, 'train_loss': 1.764, 'train_acc': 0.365}
{'epoch': 3, 'train_loss': 1.2597, 'train_acc': 0.595}
{'epoch': 4, 'train_loss': 0.7911, 'train_acc': 0.78}
{'epoch': 5, 'train_loss': 0.4278, 'train_acc': 0.92}
{'epoch': 6, 'train_loss': 0.285, 'train_acc': 0.94}
{'epoch': 7, 'train_loss': 0.1411, 'train_acc': 0.99}
{'epoch': 8, 'train_loss': 0.0679, 'train_acc': 0.995}
{'epoch': 9, 'train_loss': 0.0387, 'train_acc': 1.0}
{'epoch': 10, 'train_loss': 0.0217, 'train_acc': 1.0}
{'epoch': 11, 'train_loss': 0.0174, 'train_acc': 1.0}
{'epoch': 12, 'train_loss': 0.0146, 'train_acc': 1.0}
{'epoch': 13, 'train_loss': 0.0127, 'train_acc': 1.0}
{'epoch': 14, 'train_loss': 0.011, 'train_acc': 1.0}
{'epoch': 15, 'train_loss': 0.0092, 'train_acc': 1.0}
{'epoch': 16, 'train_loss': 0.0093, 'train_acc': 1.0}
{'epoch': 17, 'train_loss': 0.0076, 'train_acc': 1.0}
{'epoch': 18, 'train_loss': 0.007, 'train_acc': 1.0}
{'epoch': 19, 'train_loss': 0.007, 'train_acc': 1.0}
{'epoch': 20, 'train_loss': 0.0066, 'train_acc': 1.0}
{'epoch': 21, 'train_loss': 0.0056, 'train_acc': 1.0}
{'epoch': 22, 'train_loss': 0.0058, 'train_acc': 1.0}
{'epoch': 23, 'train_loss': 0.006, 'train_acc': 1.0}
{'epoch': 24, 'train_loss': 0.0052, 'train_acc': 1.0}
{'epoch': 25, 'train_loss': 0.0045, 'train_acc': 1.0}
{'epoch': 26, 'train_loss': 0.004, 'train_acc': 1.0}
{'epoch': 27, 'train_loss': 0.0043, 'train_acc': 1.0}
{'epoch': 28, 'train_loss': 0.004, 'train_acc': 1.0}
{'epoch': 29, 'train_loss': 0.0037, 'train_acc': 1.0}
{'epoch': 30, 'train_loss': 0.0031, 'train_acc': 1.0}
{'epoch': 31, 'train_loss': 0.0035, 'train_acc': 1.0}
{'epoch': 32, 'train_loss': 0.0033, 'train_acc': 1.0}
{'epoch': 33, 'train_loss': 0.0033, 'train_acc': 1.0}
{'epoch': 34, 'train_loss': 0.0034, 'train_acc': 1.0}
{'epoch': 35, 'train_loss': 0.0031, 'train_acc': 1.0}
{'epoch': 36, 'train_loss': 0.0033, 'train_acc': 1.0}
{'epoch': 37, 'train_loss': 0.003, 'train_acc': 1.0}
{'epoch': 38, 'train_loss': 0.0028, 'train_acc': 1.0}
{'epoch': 39, 'train_loss': 0.0027, 'train_acc': 1.0}
{'epoch': 40, 'train_loss': 0.0027, 'train_acc': 1.0}
{'epoch': 41, 'train_loss': 0.0023, 'train_acc': 1.0}
{'epoch': 42, 'train_loss': 0.0026, 'train_acc': 1.0}
{'epoch': 43, 'train_loss': 0.0025, 'train_acc': 1.0}
{'epoch': 44, 'train_loss': 0.0027, 'train_acc': 1.0}
{'epoch': 45, 'train_loss': 0.0026, 'train_acc': 1.0}
{'epoch': 46, 'train_loss': 0.0021, 'train_acc': 1.0}
{'epoch': 47, 'train_loss': 0.0025, 'train_acc': 1.0}
{'epoch': 48, 'train_loss': 0.0023, 'train_acc': 1.0}
{'epoch': 49, 'train_loss': 0.0023, 'train_acc': 1.0}
{'epoch': 50, 'train_loss': 0.0023, 'train_acc': 1.0}
{'epoch': 51, 'train_loss': 0.0022, 'train_acc': 1.0}
{'epoch': 52, 'train_loss': 0.002, 'train_acc': 1.0}
{'epoch': 53, 'train_loss': 0.0022, 'train_acc': 1.0}
{'epoch': 54, 'train_loss': 0.002, 'train_acc': 1.0}
{'epoch': 55, 'train_loss': 0.0023, 'train_acc': 1.0}
{'epoch': 56, 'train_loss': 0.0022, 'train_acc': 1.0}
{'epoch': 57, 'train_loss': 0.0022, 'train_acc': 1.0}
{'epoch': 58, 'train_loss': 0.002, 'train_acc': 1.0}
{'epoch': 59, 'train_loss': 0.002, 'train_acc': 1.0}
{'epoch': 60, 'train_loss': 0.0019, 'train_acc': 1.0}
{'epoch': 61, 'train_loss': 0.0017, 'train_acc': 1.0}
{'epoch': 62, 'train_loss': 0.0021, 'train_acc': 1.0}
{'epoch': 63, 'train_loss': 0.0016, 'train_acc': 1.0}
{'epoch': 64, 'train_loss': 0.0018, 'train_acc': 1.0}
{'epoch': 65, 'train_loss': 0.0022, 'train_acc': 1.0}
{'epoch': 66, 'train_loss': 0.0018, 'train_acc': 1.0}
{'epoch': 67, 'train_loss': 0.0018, 'train_acc': 1.0}
{'epoch': 68, 'train_loss': 0.0017, 'train_acc': 1.0}
{'epoch': 69, 'train_loss': 0.0019, 'train_acc': 1.0}
{'epoch': 70, 'train_loss': 0.002, 'train_acc': 1.0}
{'epoch': 71, 'train_loss': 0.0022, 'train_acc': 1.0}
{'epoch': 72, 'train_loss': 0.0017, 'train_acc': 1.0}
{'epoch': 73, 'train_loss': 0.0019, 'train_acc': 1.0}
{'epoch': 74, 'train_loss': 0.0017, 'train_acc': 1.0}
{'epoch': 75, 'train_loss': 0.0018, 'train_acc': 1.0}
{'epoch': 76, 'train_loss': 0.0017, 'train_acc': 1.0}
{'epoch': 77, 'train_loss': 0.0018, 'train_acc': 1.0}
{'epoch': 78, 'train_loss': 0.0017, 'train_acc': 1.0}
{'epoch': 79, 'train_loss': 0.0019, 'train_acc': 1.0}
{'epoch': 80, 'train_loss': 0.0019, 'train_acc': 1.0}
{'epoch': 81, 'train_loss': 0.0019, 'train_acc': 1.0}
{'epoch': 82, 'train_loss': 0.0017, 'train_acc': 1.0}
{'epoch': 83, 'train_loss': 0.0017, 'train_acc': 1.0}
{'epoch': 84, 'train_loss': 0.002, 'train_acc': 1.0}
{'epoch': 85, 'train_loss': 0.0017, 'train_acc': 1.0}
{'epoch': 86, 'train_loss': 0.0019, 'train_acc': 1.0}
{'epoch': 87, 'train_loss': 0.0016, 'train_acc': 1.0}
{'epoch': 88, 'train_loss': 0.0015, 'train_acc': 1.0}
{'epoch': 89, 'train_loss': 0.0016, 'train_acc': 1.0}
{'epoch': 90, 'train_loss': 0.0019, 'train_acc': 1.0}
{'epoch': 91, 'train_loss': 0.0016, 'train_acc': 1.0}
{'epoch': 92, 'train_loss': 0.0019, 'train_acc': 1.0}
{'epoch': 93, 'train_loss': 0.0017, 'train_acc': 1.0}
{'epoch': 94, 'train_loss': 0.0017, 'train_acc': 1.0}
{'epoch': 95, 'train_loss': 0.0017, 'train_acc': 1.0}
{'epoch': 96, 'train_loss': 0.0019, 'train_acc': 1.0}
{'epoch': 97, 'train_loss': 0.0016, 'train_acc': 1.0}
{'epoch': 98, 'train_loss': 0.0018, 'train_acc': 1.0}
{'epoch': 99, 'train_loss': 0.002, 'train_acc': 1.0}
{'epoch': 100, 'train_loss': 0.0016, 'train_acc': 1.0}
{'run_num': 4, 'final_test_err': 0.6671}
Files already downloaded and verified
Files already downloaded and verified
{'epoch': 1, 'train_loss': 2.4676, 'train_acc': 0.12}
{'epoch': 2, 'train_loss': 1.8804, 'train_acc': 0.36}
{'epoch': 3, 'train_loss': 1.5009, 'train_acc': 0.48}
{'epoch': 4, 'train_loss': 1.102, 'train_acc': 0.665}
{'epoch': 5, 'train_loss': 0.686, 'train_acc': 0.83}
{'epoch': 6, 'train_loss': 0.443, 'train_acc': 0.905}
{'epoch': 7, 'train_loss': 0.2455, 'train_acc': 0.96}
{'epoch': 8, 'train_loss': 0.13, 'train_acc': 0.995}
{'epoch': 9, 'train_loss': 0.0763, 'train_acc': 0.995}
{'epoch': 10, 'train_loss': 0.044, 'train_acc': 1.0}
{'epoch': 11, 'train_loss': 0.0271, 'train_acc': 1.0}
{'epoch': 12, 'train_loss': 0.022, 'train_acc': 1.0}
{'epoch': 13, 'train_loss': 0.0182, 'train_acc': 1.0}
{'epoch': 14, 'train_loss': 0.0138, 'train_acc': 1.0}
{'epoch': 15, 'train_loss': 0.013, 'train_acc': 1.0}
{'epoch': 16, 'train_loss': 0.0108, 'train_acc': 1.0}
{'epoch': 17, 'train_loss': 0.0088, 'train_acc': 1.0}
{'epoch': 18, 'train_loss': 0.0085, 'train_acc': 1.0}
{'epoch': 19, 'train_loss': 0.0074, 'train_acc': 1.0}
{'epoch': 20, 'train_loss': 0.0062, 'train_acc': 1.0}
{'epoch': 21, 'train_loss': 0.0068, 'train_acc': 1.0}
{'epoch': 22, 'train_loss': 0.0073, 'train_acc': 1.0}
{'epoch': 23, 'train_loss': 0.0062, 'train_acc': 1.0}
{'epoch': 24, 'train_loss': 0.0056, 'train_acc': 1.0}
{'epoch': 25, 'train_loss': 0.0047, 'train_acc': 1.0}
{'epoch': 26, 'train_loss': 0.0047, 'train_acc': 1.0}
{'epoch': 27, 'train_loss': 0.0046, 'train_acc': 1.0}
{'epoch': 28, 'train_loss': 0.0046, 'train_acc': 1.0}
{'epoch': 29, 'train_loss': 0.0042, 'train_acc': 1.0}
{'epoch': 30, 'train_loss': 0.0043, 'train_acc': 1.0}
{'epoch': 31, 'train_loss': 0.0041, 'train_acc': 1.0}
{'epoch': 32, 'train_loss': 0.0039, 'train_acc': 1.0}
{'epoch': 33, 'train_loss': 0.0036, 'train_acc': 1.0}
{'epoch': 34, 'train_loss': 0.0032, 'train_acc': 1.0}
{'epoch': 35, 'train_loss': 0.0034, 'train_acc': 1.0}
{'epoch': 36, 'train_loss': 0.003, 'train_acc': 1.0}
{'epoch': 37, 'train_loss': 0.0027, 'train_acc': 1.0}
{'epoch': 38, 'train_loss': 0.003, 'train_acc': 1.0}
{'epoch': 39, 'train_loss': 0.0031, 'train_acc': 1.0}
{'epoch': 40, 'train_loss': 0.003, 'train_acc': 1.0}
{'epoch': 41, 'train_loss': 0.0029, 'train_acc': 1.0}
{'epoch': 42, 'train_loss': 0.0028, 'train_acc': 1.0}
{'epoch': 43, 'train_loss': 0.0027, 'train_acc': 1.0}
{'epoch': 44, 'train_loss': 0.0027, 'train_acc': 1.0}
{'epoch': 45, 'train_loss': 0.0026, 'train_acc': 1.0}
{'epoch': 46, 'train_loss': 0.0025, 'train_acc': 1.0}
{'epoch': 47, 'train_loss': 0.0023, 'train_acc': 1.0}
{'epoch': 48, 'train_loss': 0.003, 'train_acc': 1.0}
{'epoch': 49, 'train_loss': 0.0024, 'train_acc': 1.0}
{'epoch': 50, 'train_loss': 0.0024, 'train_acc': 1.0}
{'epoch': 51, 'train_loss': 0.0024, 'train_acc': 1.0}
{'epoch': 52, 'train_loss': 0.0021, 'train_acc': 1.0}
{'epoch': 53, 'train_loss': 0.0024, 'train_acc': 1.0}
{'epoch': 54, 'train_loss': 0.0022, 'train_acc': 1.0}
{'epoch': 55, 'train_loss': 0.0021, 'train_acc': 1.0}
{'epoch': 56, 'train_loss': 0.0023, 'train_acc': 1.0}
{'epoch': 57, 'train_loss': 0.0022, 'train_acc': 1.0}
{'epoch': 58, 'train_loss': 0.0021, 'train_acc': 1.0}
{'epoch': 59, 'train_loss': 0.0022, 'train_acc': 1.0}
{'epoch': 60, 'train_loss': 0.0021, 'train_acc': 1.0}
{'epoch': 61, 'train_loss': 0.0022, 'train_acc': 1.0}
{'epoch': 62, 'train_loss': 0.0018, 'train_acc': 1.0}
{'epoch': 63, 'train_loss': 0.0019, 'train_acc': 1.0}
{'epoch': 64, 'train_loss': 0.0023, 'train_acc': 1.0}
{'epoch': 65, 'train_loss': 0.0019, 'train_acc': 1.0}
{'epoch': 66, 'train_loss': 0.0019, 'train_acc': 1.0}
{'epoch': 67, 'train_loss': 0.0022, 'train_acc': 1.0}
{'epoch': 68, 'train_loss': 0.0019, 'train_acc': 1.0}
{'epoch': 69, 'train_loss': 0.0025, 'train_acc': 1.0}
{'epoch': 70, 'train_loss': 0.0022, 'train_acc': 1.0}
{'epoch': 71, 'train_loss': 0.0022, 'train_acc': 1.0}
{'epoch': 72, 'train_loss': 0.0021, 'train_acc': 1.0}
{'epoch': 73, 'train_loss': 0.0021, 'train_acc': 1.0}
{'epoch': 74, 'train_loss': 0.0019, 'train_acc': 1.0}
{'epoch': 75, 'train_loss': 0.0017, 'train_acc': 1.0}
{'epoch': 76, 'train_loss': 0.0021, 'train_acc': 1.0}
{'epoch': 77, 'train_loss': 0.0017, 'train_acc': 1.0}
{'epoch': 78, 'train_loss': 0.0019, 'train_acc': 1.0}
{'epoch': 79, 'train_loss': 0.002, 'train_acc': 1.0}
{'epoch': 80, 'train_loss': 0.0018, 'train_acc': 1.0}
{'epoch': 81, 'train_loss': 0.0016, 'train_acc': 1.0}
{'epoch': 82, 'train_loss': 0.0018, 'train_acc': 1.0}
{'epoch': 83, 'train_loss': 0.0017, 'train_acc': 1.0}
{'epoch': 84, 'train_loss': 0.0018, 'train_acc': 1.0}
{'epoch': 85, 'train_loss': 0.0019, 'train_acc': 1.0}
{'epoch': 86, 'train_loss': 0.0018, 'train_acc': 1.0}
{'epoch': 87, 'train_loss': 0.0019, 'train_acc': 1.0}
{'epoch': 88, 'train_loss': 0.0018, 'train_acc': 1.0}
{'epoch': 89, 'train_loss': 0.0016, 'train_acc': 1.0}
{'epoch': 90, 'train_loss': 0.0019, 'train_acc': 1.0}
{'epoch': 91, 'train_loss': 0.0018, 'train_acc': 1.0}
{'epoch': 92, 'train_loss': 0.0017, 'train_acc': 1.0}
{'epoch': 93, 'train_loss': 0.0019, 'train_acc': 1.0}
{'epoch': 94, 'train_loss': 0.0017, 'train_acc': 1.0}
{'epoch': 95, 'train_loss': 0.0017, 'train_acc': 1.0}
{'epoch': 96, 'train_loss': 0.0019, 'train_acc': 1.0}
{'epoch': 97, 'train_loss': 0.0018, 'train_acc': 1.0}
{'epoch': 98, 'train_loss': 0.0019, 'train_acc': 1.0}
{'epoch': 99, 'train_loss': 0.0019, 'train_acc': 1.0}
{'epoch': 100, 'train_loss': 0.0017, 'train_acc': 1.0}
{'run_num': 5, 'final_test_err': 0.6863}
Files already downloaded and verified
Files already downloaded and verified
{'epoch': 1, 'train_loss': 2.3744, 'train_acc': 0.165}
{'epoch': 2, 'train_loss': 1.7672, 'train_acc': 0.365}
{'epoch': 3, 'train_loss': 1.2867, 'train_acc': 0.55}
{'epoch': 4, 'train_loss': 0.8601, 'train_acc': 0.745}
{'epoch': 5, 'train_loss': 0.5413, 'train_acc': 0.88}
{'epoch': 6, 'train_loss': 0.2877, 'train_acc': 0.965}
{'epoch': 7, 'train_loss': 0.1508, 'train_acc': 0.98}
{'epoch': 8, 'train_loss': 0.0882, 'train_acc': 1.0}
{'epoch': 9, 'train_loss': 0.0436, 'train_acc': 1.0}
{'epoch': 10, 'train_loss': 0.0265, 'train_acc': 1.0}
{'epoch': 11, 'train_loss': 0.0163, 'train_acc': 1.0}
{'epoch': 12, 'train_loss': 0.0155, 'train_acc': 1.0}
{'epoch': 13, 'train_loss': 0.0106, 'train_acc': 1.0}
{'epoch': 14, 'train_loss': 0.0097, 'train_acc': 1.0}
{'epoch': 15, 'train_loss': 0.008, 'train_acc': 1.0}
{'epoch': 16, 'train_loss': 0.0065, 'train_acc': 1.0}
{'epoch': 17, 'train_loss': 0.0064, 'train_acc': 1.0}
{'epoch': 18, 'train_loss': 0.0059, 'train_acc': 1.0}
{'epoch': 19, 'train_loss': 0.0063, 'train_acc': 1.0}
{'epoch': 20, 'train_loss': 0.0045, 'train_acc': 1.0}
{'epoch': 21, 'train_loss': 0.0053, 'train_acc': 1.0}
{'epoch': 22, 'train_loss': 0.0045, 'train_acc': 1.0}
{'epoch': 23, 'train_loss': 0.0046, 'train_acc': 1.0}
{'epoch': 24, 'train_loss': 0.004, 'train_acc': 1.0}
{'epoch': 25, 'train_loss': 0.0037, 'train_acc': 1.0}
{'epoch': 26, 'train_loss': 0.0036, 'train_acc': 1.0}
{'epoch': 27, 'train_loss': 0.0035, 'train_acc': 1.0}
{'epoch': 28, 'train_loss': 0.0032, 'train_acc': 1.0}
{'epoch': 29, 'train_loss': 0.0032, 'train_acc': 1.0}
{'epoch': 30, 'train_loss': 0.0029, 'train_acc': 1.0}
{'epoch': 31, 'train_loss': 0.0027, 'train_acc': 1.0}
{'epoch': 32, 'train_loss': 0.0029, 'train_acc': 1.0}
{'epoch': 33, 'train_loss': 0.0032, 'train_acc': 1.0}
{'epoch': 34, 'train_loss': 0.0026, 'train_acc': 1.0}
{'epoch': 35, 'train_loss': 0.0025, 'train_acc': 1.0}
{'epoch': 36, 'train_loss': 0.0026, 'train_acc': 1.0}
{'epoch': 37, 'train_loss': 0.0027, 'train_acc': 1.0}
{'epoch': 38, 'train_loss': 0.0029, 'train_acc': 1.0}
{'epoch': 39, 'train_loss': 0.0026, 'train_acc': 1.0}
{'epoch': 40, 'train_loss': 0.0021, 'train_acc': 1.0}
{'epoch': 41, 'train_loss': 0.0025, 'train_acc': 1.0}
{'epoch': 42, 'train_loss': 0.0023, 'train_acc': 1.0}
{'epoch': 43, 'train_loss': 0.0023, 'train_acc': 1.0}
{'epoch': 44, 'train_loss': 0.002, 'train_acc': 1.0}
{'epoch': 45, 'train_loss': 0.0019, 'train_acc': 1.0}
{'epoch': 46, 'train_loss': 0.0022, 'train_acc': 1.0}
{'epoch': 47, 'train_loss': 0.0019, 'train_acc': 1.0}
{'epoch': 48, 'train_loss': 0.002, 'train_acc': 1.0}
{'epoch': 49, 'train_loss': 0.0018, 'train_acc': 1.0}
{'epoch': 50, 'train_loss': 0.0022, 'train_acc': 1.0}
{'epoch': 51, 'train_loss': 0.0019, 'train_acc': 1.0}
{'epoch': 52, 'train_loss': 0.0018, 'train_acc': 1.0}
{'epoch': 53, 'train_loss': 0.0018, 'train_acc': 1.0}
{'epoch': 54, 'train_loss': 0.0019, 'train_acc': 1.0}
{'epoch': 55, 'train_loss': 0.0018, 'train_acc': 1.0}
{'epoch': 56, 'train_loss': 0.0018, 'train_acc': 1.0}
{'epoch': 57, 'train_loss': 0.0018, 'train_acc': 1.0}
{'epoch': 58, 'train_loss': 0.0016, 'train_acc': 1.0}
{'epoch': 59, 'train_loss': 0.0016, 'train_acc': 1.0}
{'epoch': 60, 'train_loss': 0.0017, 'train_acc': 1.0}
{'epoch': 61, 'train_loss': 0.0018, 'train_acc': 1.0}
{'epoch': 62, 'train_loss': 0.0018, 'train_acc': 1.0}
{'epoch': 63, 'train_loss': 0.0016, 'train_acc': 1.0}
{'epoch': 64, 'train_loss': 0.0015, 'train_acc': 1.0}
{'epoch': 65, 'train_loss': 0.0017, 'train_acc': 1.0}
{'epoch': 66, 'train_loss': 0.0014, 'train_acc': 1.0}
{'epoch': 67, 'train_loss': 0.0016, 'train_acc': 1.0}
{'epoch': 68, 'train_loss': 0.0016, 'train_acc': 1.0}
{'epoch': 69, 'train_loss': 0.0017, 'train_acc': 1.0}
{'epoch': 70, 'train_loss': 0.0015, 'train_acc': 1.0}
{'epoch': 71, 'train_loss': 0.0016, 'train_acc': 1.0}
{'epoch': 72, 'train_loss': 0.0015, 'train_acc': 1.0}
{'epoch': 73, 'train_loss': 0.0018, 'train_acc': 1.0}
{'epoch': 74, 'train_loss': 0.0016, 'train_acc': 1.0}
{'epoch': 75, 'train_loss': 0.0016, 'train_acc': 1.0}
{'epoch': 76, 'train_loss': 0.0016, 'train_acc': 1.0}
{'epoch': 77, 'train_loss': 0.0014, 'train_acc': 1.0}
{'epoch': 78, 'train_loss': 0.0017, 'train_acc': 1.0}
{'epoch': 79, 'train_loss': 0.0016, 'train_acc': 1.0}
{'epoch': 80, 'train_loss': 0.0016, 'train_acc': 1.0}
{'epoch': 81, 'train_loss': 0.0015, 'train_acc': 1.0}
{'epoch': 82, 'train_loss': 0.0016, 'train_acc': 1.0}
{'epoch': 83, 'train_loss': 0.0014, 'train_acc': 1.0}
{'epoch': 84, 'train_loss': 0.0015, 'train_acc': 1.0}
{'epoch': 85, 'train_loss': 0.0013, 'train_acc': 1.0}
{'epoch': 86, 'train_loss': 0.0013, 'train_acc': 1.0}
{'epoch': 87, 'train_loss': 0.0016, 'train_acc': 1.0}
{'epoch': 88, 'train_loss': 0.0018, 'train_acc': 1.0}
{'epoch': 89, 'train_loss': 0.0016, 'train_acc': 1.0}
{'epoch': 90, 'train_loss': 0.0016, 'train_acc': 1.0}
{'epoch': 91, 'train_loss': 0.0014, 'train_acc': 1.0}
{'epoch': 92, 'train_loss': 0.0014, 'train_acc': 1.0}
{'epoch': 93, 'train_loss': 0.0014, 'train_acc': 1.0}
{'epoch': 94, 'train_loss': 0.0014, 'train_acc': 1.0}
{'epoch': 95, 'train_loss': 0.0018, 'train_acc': 1.0}
{'epoch': 96, 'train_loss': 0.0015, 'train_acc': 1.0}
{'epoch': 97, 'train_loss': 0.0014, 'train_acc': 1.0}
{'epoch': 98, 'train_loss': 0.0015, 'train_acc': 1.0}
{'epoch': 99, 'train_loss': 0.0016, 'train_acc': 1.0}
{'epoch': 100, 'train_loss': 0.0014, 'train_acc': 1.0}
{'run_num': 6, 'final_test_err': 0.6558999999999999}
Files already downloaded and verified
Files already downloaded and verified
{'epoch': 1, 'train_loss': 2.3049, 'train_acc': 0.2}
{'epoch': 2, 'train_loss': 1.564, 'train_acc': 0.48}
{'epoch': 3, 'train_loss': 1.2673, 'train_acc': 0.595}
{'epoch': 4, 'train_loss': 0.8118, 'train_acc': 0.745}
{'epoch': 5, 'train_loss': 0.5117, 'train_acc': 0.885}
{'epoch': 6, 'train_loss': 0.3529, 'train_acc': 0.935}
{'epoch': 7, 'train_loss': 0.1824, 'train_acc': 0.98}
{'epoch': 8, 'train_loss': 0.0962, 'train_acc': 1.0}
{'epoch': 9, 'train_loss': 0.056, 'train_acc': 1.0}
{'epoch': 10, 'train_loss': 0.0314, 'train_acc': 1.0}
{'epoch': 11, 'train_loss': 0.019, 'train_acc': 1.0}
{'epoch': 12, 'train_loss': 0.0139, 'train_acc': 1.0}
{'epoch': 13, 'train_loss': 0.0115, 'train_acc': 1.0}
{'epoch': 14, 'train_loss': 0.0098, 'train_acc': 1.0}
{'epoch': 15, 'train_loss': 0.0087, 'train_acc': 1.0}
{'epoch': 16, 'train_loss': 0.0084, 'train_acc': 1.0}
{'epoch': 17, 'train_loss': 0.007, 'train_acc': 1.0}
{'epoch': 18, 'train_loss': 0.0074, 'train_acc': 1.0}
{'epoch': 19, 'train_loss': 0.0058, 'train_acc': 1.0}
{'epoch': 20, 'train_loss': 0.0056, 'train_acc': 1.0}
{'epoch': 21, 'train_loss': 0.0051, 'train_acc': 1.0}
{'epoch': 22, 'train_loss': 0.0064, 'train_acc': 1.0}
{'epoch': 23, 'train_loss': 0.0046, 'train_acc': 1.0}
{'epoch': 24, 'train_loss': 0.0043, 'train_acc': 1.0}
{'epoch': 25, 'train_loss': 0.0042, 'train_acc': 1.0}
{'epoch': 26, 'train_loss': 0.0051, 'train_acc': 1.0}
{'epoch': 27, 'train_loss': 0.0041, 'train_acc': 1.0}
{'epoch': 28, 'train_loss': 0.0034, 'train_acc': 1.0}
{'epoch': 29, 'train_loss': 0.0034, 'train_acc': 1.0}
{'epoch': 30, 'train_loss': 0.0034, 'train_acc': 1.0}
{'epoch': 31, 'train_loss': 0.0036, 'train_acc': 1.0}
{'epoch': 32, 'train_loss': 0.0042, 'train_acc': 1.0}
{'epoch': 33, 'train_loss': 0.0036, 'train_acc': 1.0}
{'epoch': 34, 'train_loss': 0.0042, 'train_acc': 1.0}
{'epoch': 35, 'train_loss': 0.0034, 'train_acc': 1.0}
{'epoch': 36, 'train_loss': 0.0028, 'train_acc': 1.0}
{'epoch': 37, 'train_loss': 0.0027, 'train_acc': 1.0}
{'epoch': 38, 'train_loss': 0.003, 'train_acc': 1.0}
{'epoch': 39, 'train_loss': 0.0026, 'train_acc': 1.0}
{'epoch': 40, 'train_loss': 0.0026, 'train_acc': 1.0}
{'epoch': 41, 'train_loss': 0.0026, 'train_acc': 1.0}
{'epoch': 42, 'train_loss': 0.0025, 'train_acc': 1.0}
{'epoch': 43, 'train_loss': 0.0024, 'train_acc': 1.0}
{'epoch': 44, 'train_loss': 0.0021, 'train_acc': 1.0}
{'epoch': 45, 'train_loss': 0.0025, 'train_acc': 1.0}
{'epoch': 46, 'train_loss': 0.0025, 'train_acc': 1.0}
{'epoch': 47, 'train_loss': 0.0021, 'train_acc': 1.0}
{'epoch': 48, 'train_loss': 0.0023, 'train_acc': 1.0}
{'epoch': 49, 'train_loss': 0.002, 'train_acc': 1.0}
{'epoch': 50, 'train_loss': 0.0025, 'train_acc': 1.0}
{'epoch': 51, 'train_loss': 0.0023, 'train_acc': 1.0}
{'epoch': 52, 'train_loss': 0.002, 'train_acc': 1.0}
{'epoch': 53, 'train_loss': 0.0018, 'train_acc': 1.0}
{'epoch': 54, 'train_loss': 0.0021, 'train_acc': 1.0}
{'epoch': 55, 'train_loss': 0.0018, 'train_acc': 1.0}
{'epoch': 56, 'train_loss': 0.0017, 'train_acc': 1.0}
{'epoch': 57, 'train_loss': 0.0018, 'train_acc': 1.0}
{'epoch': 58, 'train_loss': 0.002, 'train_acc': 1.0}
{'epoch': 59, 'train_loss': 0.0026, 'train_acc': 1.0}
{'epoch': 60, 'train_loss': 0.0021, 'train_acc': 1.0}
{'epoch': 61, 'train_loss': 0.0018, 'train_acc': 1.0}
{'epoch': 62, 'train_loss': 0.0018, 'train_acc': 1.0}
{'epoch': 63, 'train_loss': 0.0017, 'train_acc': 1.0}
{'epoch': 64, 'train_loss': 0.0018, 'train_acc': 1.0}
{'epoch': 65, 'train_loss': 0.0017, 'train_acc': 1.0}
{'epoch': 66, 'train_loss': 0.0015, 'train_acc': 1.0}
{'epoch': 67, 'train_loss': 0.0019, 'train_acc': 1.0}
{'epoch': 68, 'train_loss': 0.0016, 'train_acc': 1.0}
{'epoch': 69, 'train_loss': 0.0017, 'train_acc': 1.0}
{'epoch': 70, 'train_loss': 0.0016, 'train_acc': 1.0}
{'epoch': 71, 'train_loss': 0.0015, 'train_acc': 1.0}
{'epoch': 72, 'train_loss': 0.0019, 'train_acc': 1.0}
{'epoch': 73, 'train_loss': 0.0016, 'train_acc': 1.0}
{'epoch': 74, 'train_loss': 0.0018, 'train_acc': 1.0}
{'epoch': 75, 'train_loss': 0.0022, 'train_acc': 1.0}
{'epoch': 76, 'train_loss': 0.0017, 'train_acc': 1.0}
{'epoch': 77, 'train_loss': 0.0016, 'train_acc': 1.0}
{'epoch': 78, 'train_loss': 0.0016, 'train_acc': 1.0}
{'epoch': 79, 'train_loss': 0.0014, 'train_acc': 1.0}
{'epoch': 80, 'train_loss': 0.0016, 'train_acc': 1.0}
{'epoch': 81, 'train_loss': 0.0016, 'train_acc': 1.0}
{'epoch': 82, 'train_loss': 0.0016, 'train_acc': 1.0}
{'epoch': 83, 'train_loss': 0.0015, 'train_acc': 1.0}
{'epoch': 84, 'train_loss': 0.0015, 'train_acc': 1.0}
{'epoch': 85, 'train_loss': 0.0019, 'train_acc': 1.0}
{'epoch': 86, 'train_loss': 0.0016, 'train_acc': 1.0}
{'epoch': 87, 'train_loss': 0.0016, 'train_acc': 1.0}
{'epoch': 88, 'train_loss': 0.0016, 'train_acc': 1.0}
{'epoch': 89, 'train_loss': 0.0015, 'train_acc': 1.0}
{'epoch': 90, 'train_loss': 0.0016, 'train_acc': 1.0}
{'epoch': 91, 'train_loss': 0.0017, 'train_acc': 1.0}
{'epoch': 92, 'train_loss': 0.0017, 'train_acc': 1.0}
{'epoch': 93, 'train_loss': 0.0018, 'train_acc': 1.0}
{'epoch': 94, 'train_loss': 0.0017, 'train_acc': 1.0}
{'epoch': 95, 'train_loss': 0.0017, 'train_acc': 1.0}
{'epoch': 96, 'train_loss': 0.0015, 'train_acc': 1.0}
{'epoch': 97, 'train_loss': 0.0016, 'train_acc': 1.0}
{'epoch': 98, 'train_loss': 0.0017, 'train_acc': 1.0}
{'epoch': 99, 'train_loss': 0.0017, 'train_acc': 1.0}
{'epoch': 100, 'train_loss': 0.0016, 'train_acc': 1.0}
{'run_num': 7, 'final_test_err': 0.6936}
Files already downloaded and verified
Files already downloaded and verified
{'epoch': 1, 'train_loss': 2.2826, 'train_acc': 0.195}
{'epoch': 2, 'train_loss': 1.7669, 'train_acc': 0.395}
{'epoch': 3, 'train_loss': 1.3421, 'train_acc': 0.52}
{'epoch': 4, 'train_loss': 0.9179, 'train_acc': 0.71}
{'epoch': 5, 'train_loss': 0.6465, 'train_acc': 0.795}
{'epoch': 6, 'train_loss': 0.3347, 'train_acc': 0.935}
{'epoch': 7, 'train_loss': 0.2081, 'train_acc': 0.985}
{'epoch': 8, 'train_loss': 0.1253, 'train_acc': 0.99}
{'epoch': 9, 'train_loss': 0.0824, 'train_acc': 0.995}
{'epoch': 10, 'train_loss': 0.0544, 'train_acc': 0.995}
{'epoch': 11, 'train_loss': 0.0375, 'train_acc': 1.0}
{'epoch': 12, 'train_loss': 0.0228, 'train_acc': 1.0}
{'epoch': 13, 'train_loss': 0.016, 'train_acc': 1.0}
{'epoch': 14, 'train_loss': 0.0159, 'train_acc': 1.0}
{'epoch': 15, 'train_loss': 0.0133, 'train_acc': 1.0}
{'epoch': 16, 'train_loss': 0.0103, 'train_acc': 1.0}
{'epoch': 17, 'train_loss': 0.0099, 'train_acc': 1.0}
{'epoch': 18, 'train_loss': 0.0081, 'train_acc': 1.0}
{'epoch': 19, 'train_loss': 0.0076, 'train_acc': 1.0}
{'epoch': 20, 'train_loss': 0.0071, 'train_acc': 1.0}
{'epoch': 21, 'train_loss': 0.0062, 'train_acc': 1.0}
{'epoch': 22, 'train_loss': 0.0062, 'train_acc': 1.0}
{'epoch': 23, 'train_loss': 0.0059, 'train_acc': 1.0}
{'epoch': 24, 'train_loss': 0.0053, 'train_acc': 1.0}
{'epoch': 25, 'train_loss': 0.0054, 'train_acc': 1.0}
{'epoch': 26, 'train_loss': 0.0056, 'train_acc': 1.0}
{'epoch': 27, 'train_loss': 0.0048, 'train_acc': 1.0}
{'epoch': 28, 'train_loss': 0.0049, 'train_acc': 1.0}
{'epoch': 29, 'train_loss': 0.0049, 'train_acc': 1.0}
{'epoch': 30, 'train_loss': 0.0043, 'train_acc': 1.0}
{'epoch': 31, 'train_loss': 0.0043, 'train_acc': 1.0}
{'epoch': 32, 'train_loss': 0.0039, 'train_acc': 1.0}
{'epoch': 33, 'train_loss': 0.0035, 'train_acc': 1.0}
{'epoch': 34, 'train_loss': 0.0032, 'train_acc': 1.0}
{'epoch': 35, 'train_loss': 0.0039, 'train_acc': 1.0}
{'epoch': 36, 'train_loss': 0.0032, 'train_acc': 1.0}
{'epoch': 37, 'train_loss': 0.0029, 'train_acc': 1.0}
{'epoch': 38, 'train_loss': 0.0032, 'train_acc': 1.0}
{'epoch': 39, 'train_loss': 0.003, 'train_acc': 1.0}
{'epoch': 40, 'train_loss': 0.0031, 'train_acc': 1.0}
{'epoch': 41, 'train_loss': 0.0028, 'train_acc': 1.0}
{'epoch': 42, 'train_loss': 0.0029, 'train_acc': 1.0}
{'epoch': 43, 'train_loss': 0.0028, 'train_acc': 1.0}
{'epoch': 44, 'train_loss': 0.0037, 'train_acc': 1.0}
{'epoch': 45, 'train_loss': 0.0026, 'train_acc': 1.0}
{'epoch': 46, 'train_loss': 0.0027, 'train_acc': 1.0}
{'epoch': 47, 'train_loss': 0.0025, 'train_acc': 1.0}
{'epoch': 48, 'train_loss': 0.0026, 'train_acc': 1.0}
{'epoch': 49, 'train_loss': 0.0024, 'train_acc': 1.0}
{'epoch': 50, 'train_loss': 0.0026, 'train_acc': 1.0}
{'epoch': 51, 'train_loss': 0.0023, 'train_acc': 1.0}
{'epoch': 52, 'train_loss': 0.0025, 'train_acc': 1.0}
{'epoch': 53, 'train_loss': 0.0024, 'train_acc': 1.0}
{'epoch': 54, 'train_loss': 0.0027, 'train_acc': 1.0}
{'epoch': 55, 'train_loss': 0.0022, 'train_acc': 1.0}
{'epoch': 56, 'train_loss': 0.0023, 'train_acc': 1.0}
{'epoch': 57, 'train_loss': 0.0023, 'train_acc': 1.0}
{'epoch': 58, 'train_loss': 0.0025, 'train_acc': 1.0}
{'epoch': 59, 'train_loss': 0.0022, 'train_acc': 1.0}
{'epoch': 60, 'train_loss': 0.0019, 'train_acc': 1.0}
{'epoch': 61, 'train_loss': 0.0022, 'train_acc': 1.0}
{'epoch': 62, 'train_loss': 0.0019, 'train_acc': 1.0}
{'epoch': 63, 'train_loss': 0.002, 'train_acc': 1.0}
{'epoch': 64, 'train_loss': 0.0024, 'train_acc': 1.0}
{'epoch': 65, 'train_loss': 0.0021, 'train_acc': 1.0}
{'epoch': 66, 'train_loss': 0.0023, 'train_acc': 1.0}
{'epoch': 67, 'train_loss': 0.0019, 'train_acc': 1.0}
{'epoch': 68, 'train_loss': 0.002, 'train_acc': 1.0}
{'epoch': 69, 'train_loss': 0.0019, 'train_acc': 1.0}
{'epoch': 70, 'train_loss': 0.0021, 'train_acc': 1.0}
{'epoch': 71, 'train_loss': 0.0022, 'train_acc': 1.0}
{'epoch': 72, 'train_loss': 0.0021, 'train_acc': 1.0}
{'epoch': 73, 'train_loss': 0.0021, 'train_acc': 1.0}
{'epoch': 74, 'train_loss': 0.0019, 'train_acc': 1.0}
{'epoch': 75, 'train_loss': 0.0019, 'train_acc': 1.0}
{'epoch': 76, 'train_loss': 0.002, 'train_acc': 1.0}
{'epoch': 77, 'train_loss': 0.0018, 'train_acc': 1.0}
{'epoch': 78, 'train_loss': 0.0017, 'train_acc': 1.0}
{'epoch': 79, 'train_loss': 0.002, 'train_acc': 1.0}
{'epoch': 80, 'train_loss': 0.0018, 'train_acc': 1.0}
{'epoch': 81, 'train_loss': 0.0019, 'train_acc': 1.0}
{'epoch': 82, 'train_loss': 0.0019, 'train_acc': 1.0}
{'epoch': 83, 'train_loss': 0.002, 'train_acc': 1.0}
{'epoch': 84, 'train_loss': 0.0019, 'train_acc': 1.0}
{'epoch': 85, 'train_loss': 0.0018, 'train_acc': 1.0}
{'epoch': 86, 'train_loss': 0.0018, 'train_acc': 1.0}
{'epoch': 87, 'train_loss': 0.002, 'train_acc': 1.0}
{'epoch': 88, 'train_loss': 0.0018, 'train_acc': 1.0}
{'epoch': 89, 'train_loss': 0.0019, 'train_acc': 1.0}
{'epoch': 90, 'train_loss': 0.0019, 'train_acc': 1.0}
{'epoch': 91, 'train_loss': 0.0021, 'train_acc': 1.0}
{'epoch': 92, 'train_loss': 0.0019, 'train_acc': 1.0}
{'epoch': 93, 'train_loss': 0.002, 'train_acc': 1.0}
{'epoch': 94, 'train_loss': 0.0018, 'train_acc': 1.0}
{'epoch': 95, 'train_loss': 0.0017, 'train_acc': 1.0}
{'epoch': 96, 'train_loss': 0.0017, 'train_acc': 1.0}
{'epoch': 97, 'train_loss': 0.002, 'train_acc': 1.0}
{'epoch': 98, 'train_loss': 0.0017, 'train_acc': 1.0}
{'epoch': 99, 'train_loss': 0.0018, 'train_acc': 1.0}
{'epoch': 100, 'train_loss': 0.0025, 'train_acc': 1.0}
{'run_num': 8, 'final_test_err': 0.6888000000000001}
Files already downloaded and verified
Files already downloaded and verified
{'epoch': 1, 'train_loss': 2.3931, 'train_acc': 0.13}
{'epoch': 2, 'train_loss': 1.7447, 'train_acc': 0.37}
{'epoch': 3, 'train_loss': 1.2438, 'train_acc': 0.605}
{'epoch': 4, 'train_loss': 0.7912, 'train_acc': 0.77}
{'epoch': 5, 'train_loss': 0.5579, 'train_acc': 0.84}
{'epoch': 6, 'train_loss': 0.3133, 'train_acc': 0.955}
{'epoch': 7, 'train_loss': 0.1828, 'train_acc': 0.985}
{'epoch': 8, 'train_loss': 0.0976, 'train_acc': 0.995}
{'epoch': 9, 'train_loss': 0.0494, 'train_acc': 1.0}
{'epoch': 10, 'train_loss': 0.0327, 'train_acc': 1.0}
{'epoch': 11, 'train_loss': 0.0296, 'train_acc': 0.995}
{'epoch': 12, 'train_loss': 0.0161, 'train_acc': 1.0}
{'epoch': 13, 'train_loss': 0.0161, 'train_acc': 1.0}
{'epoch': 14, 'train_loss': 0.0112, 'train_acc': 1.0}
{'epoch': 15, 'train_loss': 0.0103, 'train_acc': 1.0}
{'epoch': 16, 'train_loss': 0.0101, 'train_acc': 1.0}
{'epoch': 17, 'train_loss': 0.0072, 'train_acc': 1.0}
{'epoch': 18, 'train_loss': 0.0068, 'train_acc': 1.0}
{'epoch': 19, 'train_loss': 0.006, 'train_acc': 1.0}
{'epoch': 20, 'train_loss': 0.0058, 'train_acc': 1.0}
{'epoch': 21, 'train_loss': 0.006, 'train_acc': 1.0}
{'epoch': 22, 'train_loss': 0.0057, 'train_acc': 1.0}
{'epoch': 23, 'train_loss': 0.0045, 'train_acc': 1.0}
{'epoch': 24, 'train_loss': 0.0044, 'train_acc': 1.0}
{'epoch': 25, 'train_loss': 0.0043, 'train_acc': 1.0}
{'epoch': 26, 'train_loss': 0.0043, 'train_acc': 1.0}
{'epoch': 27, 'train_loss': 0.0038, 'train_acc': 1.0}
{'epoch': 28, 'train_loss': 0.0041, 'train_acc': 1.0}
{'epoch': 29, 'train_loss': 0.0033, 'train_acc': 1.0}
{'epoch': 30, 'train_loss': 0.0048, 'train_acc': 1.0}
{'epoch': 31, 'train_loss': 0.0034, 'train_acc': 1.0}
{'epoch': 32, 'train_loss': 0.0042, 'train_acc': 1.0}
{'epoch': 33, 'train_loss': 0.0029, 'train_acc': 1.0}
{'epoch': 34, 'train_loss': 0.0035, 'train_acc': 1.0}
{'epoch': 35, 'train_loss': 0.0029, 'train_acc': 1.0}
{'epoch': 36, 'train_loss': 0.003, 'train_acc': 1.0}
{'epoch': 37, 'train_loss': 0.0029, 'train_acc': 1.0}
{'epoch': 38, 'train_loss': 0.0026, 'train_acc': 1.0}
{'epoch': 39, 'train_loss': 0.0023, 'train_acc': 1.0}
{'epoch': 40, 'train_loss': 0.003, 'train_acc': 1.0}
{'epoch': 41, 'train_loss': 0.0029, 'train_acc': 1.0}
{'epoch': 42, 'train_loss': 0.0026, 'train_acc': 1.0}
{'epoch': 43, 'train_loss': 0.0024, 'train_acc': 1.0}
{'epoch': 44, 'train_loss': 0.0025, 'train_acc': 1.0}
{'epoch': 45, 'train_loss': 0.0023, 'train_acc': 1.0}
{'epoch': 46, 'train_loss': 0.0022, 'train_acc': 1.0}
{'epoch': 47, 'train_loss': 0.0022, 'train_acc': 1.0}
{'epoch': 48, 'train_loss': 0.0021, 'train_acc': 1.0}
{'epoch': 49, 'train_loss': 0.0026, 'train_acc': 1.0}
{'epoch': 50, 'train_loss': 0.0023, 'train_acc': 1.0}
{'epoch': 51, 'train_loss': 0.0021, 'train_acc': 1.0}
{'epoch': 52, 'train_loss': 0.0023, 'train_acc': 1.0}
{'epoch': 53, 'train_loss': 0.0025, 'train_acc': 1.0}
{'epoch': 54, 'train_loss': 0.0019, 'train_acc': 1.0}
{'epoch': 55, 'train_loss': 0.0018, 'train_acc': 1.0}
{'epoch': 56, 'train_loss': 0.0019, 'train_acc': 1.0}
{'epoch': 57, 'train_loss': 0.0018, 'train_acc': 1.0}
{'epoch': 58, 'train_loss': 0.0021, 'train_acc': 1.0}
{'epoch': 59, 'train_loss': 0.0017, 'train_acc': 1.0}
{'epoch': 60, 'train_loss': 0.002, 'train_acc': 1.0}
{'epoch': 61, 'train_loss': 0.0016, 'train_acc': 1.0}
{'epoch': 62, 'train_loss': 0.0021, 'train_acc': 1.0}
{'epoch': 63, 'train_loss': 0.0017, 'train_acc': 1.0}
{'epoch': 64, 'train_loss': 0.0019, 'train_acc': 1.0}
{'epoch': 65, 'train_loss': 0.0023, 'train_acc': 1.0}
{'epoch': 66, 'train_loss': 0.0019, 'train_acc': 1.0}
{'epoch': 67, 'train_loss': 0.0018, 'train_acc': 1.0}
{'epoch': 68, 'train_loss': 0.0019, 'train_acc': 1.0}
{'epoch': 69, 'train_loss': 0.0019, 'train_acc': 1.0}
{'epoch': 70, 'train_loss': 0.0017, 'train_acc': 1.0}
{'epoch': 71, 'train_loss': 0.0018, 'train_acc': 1.0}
{'epoch': 72, 'train_loss': 0.0019, 'train_acc': 1.0}
{'epoch': 73, 'train_loss': 0.0015, 'train_acc': 1.0}
{'epoch': 74, 'train_loss': 0.002, 'train_acc': 1.0}
{'epoch': 75, 'train_loss': 0.0018, 'train_acc': 1.0}
{'epoch': 76, 'train_loss': 0.0016, 'train_acc': 1.0}
{'epoch': 77, 'train_loss': 0.0017, 'train_acc': 1.0}
{'epoch': 78, 'train_loss': 0.0019, 'train_acc': 1.0}
{'epoch': 79, 'train_loss': 0.0016, 'train_acc': 1.0}
{'epoch': 80, 'train_loss': 0.0019, 'train_acc': 1.0}
{'epoch': 81, 'train_loss': 0.0015, 'train_acc': 1.0}
{'epoch': 82, 'train_loss': 0.0018, 'train_acc': 1.0}
{'epoch': 83, 'train_loss': 0.0017, 'train_acc': 1.0}
{'epoch': 84, 'train_loss': 0.0017, 'train_acc': 1.0}
{'epoch': 85, 'train_loss': 0.0018, 'train_acc': 1.0}
{'epoch': 86, 'train_loss': 0.0018, 'train_acc': 1.0}
{'epoch': 87, 'train_loss': 0.0017, 'train_acc': 1.0}
{'epoch': 88, 'train_loss': 0.002, 'train_acc': 1.0}
{'epoch': 89, 'train_loss': 0.0017, 'train_acc': 1.0}
{'epoch': 90, 'train_loss': 0.0017, 'train_acc': 1.0}
{'epoch': 91, 'train_loss': 0.0016, 'train_acc': 1.0}
{'epoch': 92, 'train_loss': 0.0018, 'train_acc': 1.0}
{'epoch': 93, 'train_loss': 0.0019, 'train_acc': 1.0}
{'epoch': 94, 'train_loss': 0.0016, 'train_acc': 1.0}
{'epoch': 95, 'train_loss': 0.0015, 'train_acc': 1.0}
{'epoch': 96, 'train_loss': 0.0018, 'train_acc': 1.0}
{'epoch': 97, 'train_loss': 0.0019, 'train_acc': 1.0}
{'epoch': 98, 'train_loss': 0.0015, 'train_acc': 1.0}
{'epoch': 99, 'train_loss': 0.0016, 'train_acc': 1.0}
{'epoch': 100, 'train_loss': 0.0018, 'train_acc': 1.0}
{'run_num': 9, 'final_test_err': 0.6678}
{'avg_err': 0.6801, 'std_err': 0.0146}
