{'deploy': True, 'tag': '04_ood/singlehead_agnostic_mixed_cinic1', 'seed': 10, 'device': 'cuda:0', 'reps': 10, 'loss': {'alpha': 0.5, 'tune_alpha': False, 'group_task_loss': False}, 'task': {'dataset': 'cinic_img', 'task_map': [[0, 1], [2, 3], [4, 5], [6, 7], [8, 9]], 'target': 0, 'ood': [4], 'augment': False, 'n': 10, 'm_n': 10, 'beta': 0.5, 'custom_sampler': False, 'num_cinic': 5000}, 'hp': {'epochs': 100, 'bs': 16, 'lr': 0.01}, 'net': 'conv'}
Files already downloaded and verified
Files already downloaded and verified
{'epoch': 1, 'train_loss': 2.1638, 'train_acc': 0.2273}
{'epoch': 2, 'train_loss': 1.7979, 'train_acc': 0.3436}
{'epoch': 3, 'train_loss': 1.5745, 'train_acc': 0.4264}
{'epoch': 4, 'train_loss': 1.3045, 'train_acc': 0.5209}
{'epoch': 5, 'train_loss': 0.9871, 'train_acc': 0.6545}
{'epoch': 6, 'train_loss': 0.7903, 'train_acc': 0.7355}
{'epoch': 7, 'train_loss': 0.5719, 'train_acc': 0.8136}
{'epoch': 8, 'train_loss': 0.3541, 'train_acc': 0.8964}
{'epoch': 9, 'train_loss': 0.2161, 'train_acc': 0.9564}
{'epoch': 10, 'train_loss': 0.1157, 'train_acc': 0.9818}
{'epoch': 11, 'train_loss': 0.0603, 'train_acc': 0.9936}
{'epoch': 12, 'train_loss': 0.0284, 'train_acc': 0.9991}
{'epoch': 13, 'train_loss': 0.0163, 'train_acc': 1.0}
{'epoch': 14, 'train_loss': 0.0102, 'train_acc': 1.0}
{'epoch': 15, 'train_loss': 0.0086, 'train_acc': 1.0}
{'epoch': 16, 'train_loss': 0.0068, 'train_acc': 1.0}
{'epoch': 17, 'train_loss': 0.0061, 'train_acc': 1.0}
{'epoch': 18, 'train_loss': 0.0053, 'train_acc': 1.0}
{'epoch': 19, 'train_loss': 0.0048, 'train_acc': 1.0}
{'epoch': 20, 'train_loss': 0.0048, 'train_acc': 1.0}
{'epoch': 21, 'train_loss': 0.004, 'train_acc': 1.0}
{'epoch': 22, 'train_loss': 0.0041, 'train_acc': 1.0}
{'epoch': 23, 'train_loss': 0.0033, 'train_acc': 1.0}
{'epoch': 24, 'train_loss': 0.0034, 'train_acc': 1.0}
{'epoch': 25, 'train_loss': 0.0027, 'train_acc': 1.0}
{'epoch': 26, 'train_loss': 0.0029, 'train_acc': 1.0}
{'epoch': 27, 'train_loss': 0.0026, 'train_acc': 1.0}
{'epoch': 28, 'train_loss': 0.0025, 'train_acc': 1.0}
{'epoch': 29, 'train_loss': 0.0026, 'train_acc': 1.0}
{'epoch': 30, 'train_loss': 0.0024, 'train_acc': 1.0}
{'epoch': 31, 'train_loss': 0.0021, 'train_acc': 1.0}
{'epoch': 32, 'train_loss': 0.0022, 'train_acc': 1.0}
{'epoch': 33, 'train_loss': 0.002, 'train_acc': 1.0}
{'epoch': 34, 'train_loss': 0.0021, 'train_acc': 1.0}
{'epoch': 35, 'train_loss': 0.0018, 'train_acc': 1.0}
{'epoch': 36, 'train_loss': 0.0019, 'train_acc': 1.0}
{'epoch': 37, 'train_loss': 0.0016, 'train_acc': 1.0}
{'epoch': 38, 'train_loss': 0.0016, 'train_acc': 1.0}
{'epoch': 39, 'train_loss': 0.0018, 'train_acc': 1.0}
{'epoch': 40, 'train_loss': 0.0017, 'train_acc': 1.0}
{'epoch': 41, 'train_loss': 0.0015, 'train_acc': 1.0}
{'epoch': 42, 'train_loss': 0.0015, 'train_acc': 1.0}
{'epoch': 43, 'train_loss': 0.0015, 'train_acc': 1.0}
{'epoch': 44, 'train_loss': 0.0015, 'train_acc': 1.0}
{'epoch': 45, 'train_loss': 0.0014, 'train_acc': 1.0}
{'epoch': 46, 'train_loss': 0.0012, 'train_acc': 1.0}
{'epoch': 47, 'train_loss': 0.0014, 'train_acc': 1.0}
{'epoch': 48, 'train_loss': 0.0014, 'train_acc': 1.0}
{'epoch': 49, 'train_loss': 0.0012, 'train_acc': 1.0}
{'epoch': 50, 'train_loss': 0.0013, 'train_acc': 1.0}
{'epoch': 51, 'train_loss': 0.0013, 'train_acc': 1.0}
{'epoch': 52, 'train_loss': 0.0014, 'train_acc': 1.0}
{'epoch': 53, 'train_loss': 0.0013, 'train_acc': 1.0}
{'epoch': 54, 'train_loss': 0.0012, 'train_acc': 1.0}
{'epoch': 55, 'train_loss': 0.0012, 'train_acc': 1.0}
{'epoch': 56, 'train_loss': 0.0012, 'train_acc': 1.0}
{'epoch': 57, 'train_loss': 0.0011, 'train_acc': 1.0}
{'epoch': 58, 'train_loss': 0.0012, 'train_acc': 1.0}
{'epoch': 59, 'train_loss': 0.0011, 'train_acc': 1.0}
{'epoch': 60, 'train_loss': 0.0011, 'train_acc': 1.0}
{'epoch': 61, 'train_loss': 0.0012, 'train_acc': 1.0}
{'epoch': 62, 'train_loss': 0.0011, 'train_acc': 1.0}
{'epoch': 63, 'train_loss': 0.0012, 'train_acc': 1.0}
{'epoch': 64, 'train_loss': 0.0011, 'train_acc': 1.0}
{'epoch': 65, 'train_loss': 0.001, 'train_acc': 1.0}
{'epoch': 66, 'train_loss': 0.0011, 'train_acc': 1.0}
{'epoch': 67, 'train_loss': 0.0012, 'train_acc': 1.0}
{'epoch': 68, 'train_loss': 0.001, 'train_acc': 1.0}
{'epoch': 69, 'train_loss': 0.0011, 'train_acc': 1.0}
{'epoch': 70, 'train_loss': 0.001, 'train_acc': 1.0}
{'epoch': 71, 'train_loss': 0.001, 'train_acc': 1.0}
{'epoch': 72, 'train_loss': 0.001, 'train_acc': 1.0}
{'epoch': 73, 'train_loss': 0.001, 'train_acc': 1.0}
{'epoch': 74, 'train_loss': 0.001, 'train_acc': 1.0}
{'epoch': 75, 'train_loss': 0.001, 'train_acc': 1.0}
{'epoch': 76, 'train_loss': 0.0009, 'train_acc': 1.0}
{'epoch': 77, 'train_loss': 0.0011, 'train_acc': 1.0}
{'epoch': 78, 'train_loss': 0.001, 'train_acc': 1.0}
{'epoch': 79, 'train_loss': 0.001, 'train_acc': 1.0}
{'epoch': 80, 'train_loss': 0.001, 'train_acc': 1.0}
{'epoch': 81, 'train_loss': 0.0013, 'train_acc': 1.0}
{'epoch': 82, 'train_loss': 0.001, 'train_acc': 1.0}
{'epoch': 83, 'train_loss': 0.0011, 'train_acc': 1.0}
{'epoch': 84, 'train_loss': 0.0009, 'train_acc': 1.0}
{'epoch': 85, 'train_loss': 0.001, 'train_acc': 1.0}
{'epoch': 86, 'train_loss': 0.0013, 'train_acc': 1.0}
{'epoch': 87, 'train_loss': 0.001, 'train_acc': 1.0}
{'epoch': 88, 'train_loss': 0.001, 'train_acc': 1.0}
{'epoch': 89, 'train_loss': 0.001, 'train_acc': 1.0}
{'epoch': 90, 'train_loss': 0.0011, 'train_acc': 1.0}
{'epoch': 91, 'train_loss': 0.001, 'train_acc': 1.0}
{'epoch': 92, 'train_loss': 0.001, 'train_acc': 1.0}
{'epoch': 93, 'train_loss': 0.0009, 'train_acc': 1.0}
{'epoch': 94, 'train_loss': 0.0009, 'train_acc': 1.0}
{'epoch': 95, 'train_loss': 0.001, 'train_acc': 1.0}
{'epoch': 96, 'train_loss': 0.001, 'train_acc': 1.0}
{'epoch': 97, 'train_loss': 0.0011, 'train_acc': 1.0}
{'epoch': 98, 'train_loss': 0.0011, 'train_acc': 1.0}
{'epoch': 99, 'train_loss': 0.0009, 'train_acc': 1.0}
{'epoch': 100, 'train_loss': 0.0009, 'train_acc': 1.0}
{'run_num': 0, 'final_test_err': 0.5908}
Files already downloaded and verified
Files already downloaded and verified
{'epoch': 1, 'train_loss': 2.1711, 'train_acc': 0.2227}
{'epoch': 2, 'train_loss': 1.8566, 'train_acc': 0.3427}
{'epoch': 3, 'train_loss': 1.6508, 'train_acc': 0.39}
{'epoch': 4, 'train_loss': 1.3476, 'train_acc': 0.5173}
{'epoch': 5, 'train_loss': 1.1132, 'train_acc': 0.6164}
{'epoch': 6, 'train_loss': 0.8556, 'train_acc': 0.71}
{'epoch': 7, 'train_loss': 0.6242, 'train_acc': 0.8073}
{'epoch': 8, 'train_loss': 0.4317, 'train_acc': 0.8718}
{'epoch': 9, 'train_loss': 0.2503, 'train_acc': 0.9527}
{'epoch': 10, 'train_loss': 0.1429, 'train_acc': 0.9782}
{'epoch': 11, 'train_loss': 0.0703, 'train_acc': 0.9982}
{'epoch': 12, 'train_loss': 0.034, 'train_acc': 0.9991}
{'epoch': 13, 'train_loss': 0.015, 'train_acc': 1.0}
{'epoch': 14, 'train_loss': 0.0124, 'train_acc': 1.0}
{'epoch': 15, 'train_loss': 0.0097, 'train_acc': 1.0}
{'epoch': 16, 'train_loss': 0.0073, 'train_acc': 1.0}
{'epoch': 17, 'train_loss': 0.0063, 'train_acc': 1.0}
{'epoch': 18, 'train_loss': 0.0048, 'train_acc': 1.0}
{'epoch': 19, 'train_loss': 0.0044, 'train_acc': 1.0}
{'epoch': 20, 'train_loss': 0.0042, 'train_acc': 1.0}
{'epoch': 21, 'train_loss': 0.0039, 'train_acc': 1.0}
{'epoch': 22, 'train_loss': 0.0037, 'train_acc': 1.0}
{'epoch': 23, 'train_loss': 0.003, 'train_acc': 1.0}
{'epoch': 24, 'train_loss': 0.0028, 'train_acc': 1.0}
{'epoch': 25, 'train_loss': 0.0028, 'train_acc': 1.0}
{'epoch': 26, 'train_loss': 0.0025, 'train_acc': 1.0}
{'epoch': 27, 'train_loss': 0.0023, 'train_acc': 1.0}
{'epoch': 28, 'train_loss': 0.0021, 'train_acc': 1.0}
{'epoch': 29, 'train_loss': 0.0024, 'train_acc': 1.0}
{'epoch': 30, 'train_loss': 0.0021, 'train_acc': 1.0}
{'epoch': 31, 'train_loss': 0.0021, 'train_acc': 1.0}
{'epoch': 32, 'train_loss': 0.002, 'train_acc': 1.0}
{'epoch': 33, 'train_loss': 0.0019, 'train_acc': 1.0}
{'epoch': 34, 'train_loss': 0.0018, 'train_acc': 1.0}
{'epoch': 35, 'train_loss': 0.0017, 'train_acc': 1.0}
{'epoch': 36, 'train_loss': 0.0018, 'train_acc': 1.0}
{'epoch': 37, 'train_loss': 0.0016, 'train_acc': 1.0}
{'epoch': 38, 'train_loss': 0.0017, 'train_acc': 1.0}
{'epoch': 39, 'train_loss': 0.0016, 'train_acc': 1.0}
{'epoch': 40, 'train_loss': 0.0015, 'train_acc': 1.0}
{'epoch': 41, 'train_loss': 0.0015, 'train_acc': 1.0}
{'epoch': 42, 'train_loss': 0.0014, 'train_acc': 1.0}
{'epoch': 43, 'train_loss': 0.0014, 'train_acc': 1.0}
{'epoch': 44, 'train_loss': 0.0013, 'train_acc': 1.0}
{'epoch': 45, 'train_loss': 0.0014, 'train_acc': 1.0}
{'epoch': 46, 'train_loss': 0.0013, 'train_acc': 1.0}
{'epoch': 47, 'train_loss': 0.0015, 'train_acc': 1.0}
{'epoch': 48, 'train_loss': 0.0012, 'train_acc': 1.0}
{'epoch': 49, 'train_loss': 0.0012, 'train_acc': 1.0}
{'epoch': 50, 'train_loss': 0.0012, 'train_acc': 1.0}
{'epoch': 51, 'train_loss': 0.0012, 'train_acc': 1.0}
{'epoch': 52, 'train_loss': 0.0013, 'train_acc': 1.0}
{'epoch': 53, 'train_loss': 0.0011, 'train_acc': 1.0}
{'epoch': 54, 'train_loss': 0.001, 'train_acc': 1.0}
{'epoch': 55, 'train_loss': 0.0012, 'train_acc': 1.0}
{'epoch': 56, 'train_loss': 0.0012, 'train_acc': 1.0}
{'epoch': 57, 'train_loss': 0.0012, 'train_acc': 1.0}
{'epoch': 58, 'train_loss': 0.0011, 'train_acc': 1.0}
{'epoch': 59, 'train_loss': 0.0011, 'train_acc': 1.0}
{'epoch': 60, 'train_loss': 0.0011, 'train_acc': 1.0}
{'epoch': 61, 'train_loss': 0.0012, 'train_acc': 1.0}
{'epoch': 62, 'train_loss': 0.0012, 'train_acc': 1.0}
{'epoch': 63, 'train_loss': 0.001, 'train_acc': 1.0}
{'epoch': 64, 'train_loss': 0.001, 'train_acc': 1.0}
{'epoch': 65, 'train_loss': 0.001, 'train_acc': 1.0}
{'epoch': 66, 'train_loss': 0.0011, 'train_acc': 1.0}
{'epoch': 67, 'train_loss': 0.001, 'train_acc': 1.0}
{'epoch': 68, 'train_loss': 0.001, 'train_acc': 1.0}
{'epoch': 69, 'train_loss': 0.001, 'train_acc': 1.0}
{'epoch': 70, 'train_loss': 0.0011, 'train_acc': 1.0}
{'epoch': 71, 'train_loss': 0.001, 'train_acc': 1.0}
{'epoch': 72, 'train_loss': 0.001, 'train_acc': 1.0}
{'epoch': 73, 'train_loss': 0.001, 'train_acc': 1.0}
{'epoch': 74, 'train_loss': 0.001, 'train_acc': 1.0}
{'epoch': 75, 'train_loss': 0.001, 'train_acc': 1.0}
{'epoch': 76, 'train_loss': 0.001, 'train_acc': 1.0}
{'epoch': 77, 'train_loss': 0.0009, 'train_acc': 1.0}
{'epoch': 78, 'train_loss': 0.001, 'train_acc': 1.0}
{'epoch': 79, 'train_loss': 0.0009, 'train_acc': 1.0}
{'epoch': 80, 'train_loss': 0.0009, 'train_acc': 1.0}
{'epoch': 81, 'train_loss': 0.0009, 'train_acc': 1.0}
{'epoch': 82, 'train_loss': 0.001, 'train_acc': 1.0}
{'epoch': 83, 'train_loss': 0.001, 'train_acc': 1.0}
{'epoch': 84, 'train_loss': 0.0009, 'train_acc': 1.0}
{'epoch': 85, 'train_loss': 0.0008, 'train_acc': 1.0}
{'epoch': 86, 'train_loss': 0.0009, 'train_acc': 1.0}
{'epoch': 87, 'train_loss': 0.001, 'train_acc': 1.0}
{'epoch': 88, 'train_loss': 0.0008, 'train_acc': 1.0}
{'epoch': 89, 'train_loss': 0.0009, 'train_acc': 1.0}
{'epoch': 90, 'train_loss': 0.0011, 'train_acc': 1.0}
{'epoch': 91, 'train_loss': 0.0009, 'train_acc': 1.0}
{'epoch': 92, 'train_loss': 0.0009, 'train_acc': 1.0}
{'epoch': 93, 'train_loss': 0.0009, 'train_acc': 1.0}
{'epoch': 94, 'train_loss': 0.0009, 'train_acc': 1.0}
{'epoch': 95, 'train_loss': 0.0009, 'train_acc': 1.0}
{'epoch': 96, 'train_loss': 0.0009, 'train_acc': 1.0}
{'epoch': 97, 'train_loss': 0.001, 'train_acc': 1.0}
{'epoch': 98, 'train_loss': 0.0009, 'train_acc': 1.0}
{'epoch': 99, 'train_loss': 0.0009, 'train_acc': 1.0}
{'epoch': 100, 'train_loss': 0.0009, 'train_acc': 1.0}
{'run_num': 1, 'final_test_err': 0.5895}
Files already downloaded and verified
Files already downloaded and verified
{'epoch': 1, 'train_loss': 2.2832, 'train_acc': 0.1909}
{'epoch': 2, 'train_loss': 1.9013, 'train_acc': 0.3145}
{'epoch': 3, 'train_loss': 1.6965, 'train_acc': 0.3991}
{'epoch': 4, 'train_loss': 1.4669, 'train_acc': 0.48}
{'epoch': 5, 'train_loss': 1.2143, 'train_acc': 0.5727}
{'epoch': 6, 'train_loss': 0.9334, 'train_acc': 0.6827}
{'epoch': 7, 'train_loss': 0.746, 'train_acc': 0.7509}
{'epoch': 8, 'train_loss': 0.5091, 'train_acc': 0.8464}
{'epoch': 9, 'train_loss': 0.2976, 'train_acc': 0.9236}
{'epoch': 10, 'train_loss': 0.1837, 'train_acc': 0.9618}
{'epoch': 11, 'train_loss': 0.102, 'train_acc': 0.9836}
{'epoch': 12, 'train_loss': 0.0569, 'train_acc': 0.9945}
{'epoch': 13, 'train_loss': 0.0292, 'train_acc': 0.9982}
{'epoch': 14, 'train_loss': 0.0172, 'train_acc': 1.0}
{'epoch': 15, 'train_loss': 0.0118, 'train_acc': 1.0}
{'epoch': 16, 'train_loss': 0.01, 'train_acc': 1.0}
{'epoch': 17, 'train_loss': 0.0084, 'train_acc': 1.0}
{'epoch': 18, 'train_loss': 0.0059, 'train_acc': 1.0}
{'epoch': 19, 'train_loss': 0.0062, 'train_acc': 1.0}
{'epoch': 20, 'train_loss': 0.0045, 'train_acc': 1.0}
{'epoch': 21, 'train_loss': 0.0045, 'train_acc': 1.0}
{'epoch': 22, 'train_loss': 0.0044, 'train_acc': 1.0}
{'epoch': 23, 'train_loss': 0.004, 'train_acc': 1.0}
{'epoch': 24, 'train_loss': 0.0038, 'train_acc': 1.0}
{'epoch': 25, 'train_loss': 0.0034, 'train_acc': 1.0}
{'epoch': 26, 'train_loss': 0.0035, 'train_acc': 1.0}
{'epoch': 27, 'train_loss': 0.003, 'train_acc': 1.0}
{'epoch': 28, 'train_loss': 0.0032, 'train_acc': 1.0}
{'epoch': 29, 'train_loss': 0.0028, 'train_acc': 1.0}
{'epoch': 30, 'train_loss': 0.0025, 'train_acc': 1.0}
{'epoch': 31, 'train_loss': 0.0027, 'train_acc': 1.0}
{'epoch': 32, 'train_loss': 0.0025, 'train_acc': 1.0}
{'epoch': 33, 'train_loss': 0.0024, 'train_acc': 1.0}
{'epoch': 34, 'train_loss': 0.0023, 'train_acc': 1.0}
{'epoch': 35, 'train_loss': 0.0021, 'train_acc': 1.0}
{'epoch': 36, 'train_loss': 0.0019, 'train_acc': 1.0}
{'epoch': 37, 'train_loss': 0.0021, 'train_acc': 1.0}
{'epoch': 38, 'train_loss': 0.002, 'train_acc': 1.0}
{'epoch': 39, 'train_loss': 0.0019, 'train_acc': 1.0}
{'epoch': 40, 'train_loss': 0.0019, 'train_acc': 1.0}
{'epoch': 41, 'train_loss': 0.0016, 'train_acc': 1.0}
{'epoch': 42, 'train_loss': 0.0017, 'train_acc': 1.0}
{'epoch': 43, 'train_loss': 0.0019, 'train_acc': 1.0}
{'epoch': 44, 'train_loss': 0.0014, 'train_acc': 1.0}
{'epoch': 45, 'train_loss': 0.0015, 'train_acc': 1.0}
{'epoch': 46, 'train_loss': 0.0014, 'train_acc': 1.0}
{'epoch': 47, 'train_loss': 0.0014, 'train_acc': 1.0}
{'epoch': 48, 'train_loss': 0.0015, 'train_acc': 1.0}
{'epoch': 49, 'train_loss': 0.0015, 'train_acc': 1.0}
{'epoch': 50, 'train_loss': 0.0014, 'train_acc': 1.0}
{'epoch': 51, 'train_loss': 0.0014, 'train_acc': 1.0}
{'epoch': 52, 'train_loss': 0.0013, 'train_acc': 1.0}
{'epoch': 53, 'train_loss': 0.0013, 'train_acc': 1.0}
{'epoch': 54, 'train_loss': 0.0014, 'train_acc': 1.0}
{'epoch': 55, 'train_loss': 0.0014, 'train_acc': 1.0}
{'epoch': 56, 'train_loss': 0.0013, 'train_acc': 1.0}
{'epoch': 57, 'train_loss': 0.0013, 'train_acc': 1.0}
{'epoch': 58, 'train_loss': 0.0012, 'train_acc': 1.0}
{'epoch': 59, 'train_loss': 0.0013, 'train_acc': 1.0}
{'epoch': 60, 'train_loss': 0.0012, 'train_acc': 1.0}
{'epoch': 61, 'train_loss': 0.0012, 'train_acc': 1.0}
{'epoch': 62, 'train_loss': 0.0011, 'train_acc': 1.0}
{'epoch': 63, 'train_loss': 0.0011, 'train_acc': 1.0}
{'epoch': 64, 'train_loss': 0.0011, 'train_acc': 1.0}
{'epoch': 65, 'train_loss': 0.0013, 'train_acc': 1.0}
{'epoch': 66, 'train_loss': 0.0011, 'train_acc': 1.0}
{'epoch': 67, 'train_loss': 0.001, 'train_acc': 1.0}
{'epoch': 68, 'train_loss': 0.0012, 'train_acc': 1.0}
{'epoch': 69, 'train_loss': 0.0011, 'train_acc': 1.0}
{'epoch': 70, 'train_loss': 0.0011, 'train_acc': 1.0}
{'epoch': 71, 'train_loss': 0.0011, 'train_acc': 1.0}
{'epoch': 72, 'train_loss': 0.001, 'train_acc': 1.0}
{'epoch': 73, 'train_loss': 0.0012, 'train_acc': 1.0}
{'epoch': 74, 'train_loss': 0.001, 'train_acc': 1.0}
{'epoch': 75, 'train_loss': 0.001, 'train_acc': 1.0}
{'epoch': 76, 'train_loss': 0.001, 'train_acc': 1.0}
{'epoch': 77, 'train_loss': 0.0011, 'train_acc': 1.0}
{'epoch': 78, 'train_loss': 0.0011, 'train_acc': 1.0}
{'epoch': 79, 'train_loss': 0.0011, 'train_acc': 1.0}
{'epoch': 80, 'train_loss': 0.0011, 'train_acc': 1.0}
{'epoch': 81, 'train_loss': 0.0011, 'train_acc': 1.0}
{'epoch': 82, 'train_loss': 0.0011, 'train_acc': 1.0}
{'epoch': 83, 'train_loss': 0.001, 'train_acc': 1.0}
{'epoch': 84, 'train_loss': 0.001, 'train_acc': 1.0}
{'epoch': 85, 'train_loss': 0.001, 'train_acc': 1.0}
{'epoch': 86, 'train_loss': 0.0011, 'train_acc': 1.0}
{'epoch': 87, 'train_loss': 0.001, 'train_acc': 1.0}
{'epoch': 88, 'train_loss': 0.001, 'train_acc': 1.0}
{'epoch': 89, 'train_loss': 0.0011, 'train_acc': 1.0}
{'epoch': 90, 'train_loss': 0.0011, 'train_acc': 1.0}
{'epoch': 91, 'train_loss': 0.0012, 'train_acc': 1.0}
{'epoch': 92, 'train_loss': 0.0009, 'train_acc': 1.0}
{'epoch': 93, 'train_loss': 0.001, 'train_acc': 1.0}
{'epoch': 94, 'train_loss': 0.0009, 'train_acc': 1.0}
{'epoch': 95, 'train_loss': 0.0011, 'train_acc': 1.0}
{'epoch': 96, 'train_loss': 0.001, 'train_acc': 1.0}
{'epoch': 97, 'train_loss': 0.001, 'train_acc': 1.0}
{'epoch': 98, 'train_loss': 0.001, 'train_acc': 1.0}
{'epoch': 99, 'train_loss': 0.0011, 'train_acc': 1.0}
{'epoch': 100, 'train_loss': 0.001, 'train_acc': 1.0}
{'run_num': 2, 'final_test_err': 0.571}
Files already downloaded and verified
Files already downloaded and verified
{'epoch': 1, 'train_loss': 2.2112, 'train_acc': 0.2282}
{'epoch': 2, 'train_loss': 1.8353, 'train_acc': 0.3436}
{'epoch': 3, 'train_loss': 1.673, 'train_acc': 0.4036}
{'epoch': 4, 'train_loss': 1.494, 'train_acc': 0.4727}
{'epoch': 5, 'train_loss': 1.2187, 'train_acc': 0.5482}
{'epoch': 6, 'train_loss': 0.9335, 'train_acc': 0.6909}
{'epoch': 7, 'train_loss': 0.6703, 'train_acc': 0.7873}
{'epoch': 8, 'train_loss': 0.4253, 'train_acc': 0.8909}
{'epoch': 9, 'train_loss': 0.2798, 'train_acc': 0.9364}
{'epoch': 10, 'train_loss': 0.1682, 'train_acc': 0.97}
{'epoch': 11, 'train_loss': 0.0717, 'train_acc': 0.9945}
{'epoch': 12, 'train_loss': 0.0281, 'train_acc': 1.0}
{'epoch': 13, 'train_loss': 0.0198, 'train_acc': 1.0}
{'epoch': 14, 'train_loss': 0.0129, 'train_acc': 1.0}
{'epoch': 15, 'train_loss': 0.0103, 'train_acc': 1.0}
{'epoch': 16, 'train_loss': 0.0072, 'train_acc': 1.0}
{'epoch': 17, 'train_loss': 0.0061, 'train_acc': 1.0}
{'epoch': 18, 'train_loss': 0.0058, 'train_acc': 1.0}
{'epoch': 19, 'train_loss': 0.005, 'train_acc': 1.0}
{'epoch': 20, 'train_loss': 0.0045, 'train_acc': 1.0}
{'epoch': 21, 'train_loss': 0.0042, 'train_acc': 1.0}
{'epoch': 22, 'train_loss': 0.0039, 'train_acc': 1.0}
{'epoch': 23, 'train_loss': 0.0037, 'train_acc': 1.0}
{'epoch': 24, 'train_loss': 0.0035, 'train_acc': 1.0}
{'epoch': 25, 'train_loss': 0.0031, 'train_acc': 1.0}
{'epoch': 26, 'train_loss': 0.0029, 'train_acc': 1.0}
{'epoch': 27, 'train_loss': 0.0029, 'train_acc': 1.0}
{'epoch': 28, 'train_loss': 0.0026, 'train_acc': 1.0}
{'epoch': 29, 'train_loss': 0.0024, 'train_acc': 1.0}
{'epoch': 30, 'train_loss': 0.0026, 'train_acc': 1.0}
{'epoch': 31, 'train_loss': 0.0021, 'train_acc': 1.0}
{'epoch': 32, 'train_loss': 0.0023, 'train_acc': 1.0}
{'epoch': 33, 'train_loss': 0.0022, 'train_acc': 1.0}
{'epoch': 34, 'train_loss': 0.0018, 'train_acc': 1.0}
{'epoch': 35, 'train_loss': 0.002, 'train_acc': 1.0}
{'epoch': 36, 'train_loss': 0.0018, 'train_acc': 1.0}
{'epoch': 37, 'train_loss': 0.0018, 'train_acc': 1.0}
{'epoch': 38, 'train_loss': 0.0017, 'train_acc': 1.0}
{'epoch': 39, 'train_loss': 0.0017, 'train_acc': 1.0}
{'epoch': 40, 'train_loss': 0.0016, 'train_acc': 1.0}
{'epoch': 41, 'train_loss': 0.0015, 'train_acc': 1.0}
{'epoch': 42, 'train_loss': 0.0016, 'train_acc': 1.0}
{'epoch': 43, 'train_loss': 0.0016, 'train_acc': 1.0}
{'epoch': 44, 'train_loss': 0.0015, 'train_acc': 1.0}
{'epoch': 45, 'train_loss': 0.0014, 'train_acc': 1.0}
{'epoch': 46, 'train_loss': 0.0016, 'train_acc': 1.0}
{'epoch': 47, 'train_loss': 0.0015, 'train_acc': 1.0}
{'epoch': 48, 'train_loss': 0.0013, 'train_acc': 1.0}
{'epoch': 49, 'train_loss': 0.0012, 'train_acc': 1.0}
{'epoch': 50, 'train_loss': 0.0013, 'train_acc': 1.0}
{'epoch': 51, 'train_loss': 0.0013, 'train_acc': 1.0}
{'epoch': 52, 'train_loss': 0.0013, 'train_acc': 1.0}
{'epoch': 53, 'train_loss': 0.0014, 'train_acc': 1.0}
{'epoch': 54, 'train_loss': 0.0013, 'train_acc': 1.0}
{'epoch': 55, 'train_loss': 0.0014, 'train_acc': 1.0}
{'epoch': 56, 'train_loss': 0.0013, 'train_acc': 1.0}
{'epoch': 57, 'train_loss': 0.0013, 'train_acc': 1.0}
{'epoch': 58, 'train_loss': 0.0011, 'train_acc': 1.0}
{'epoch': 59, 'train_loss': 0.0012, 'train_acc': 1.0}
{'epoch': 60, 'train_loss': 0.0011, 'train_acc': 1.0}
{'epoch': 61, 'train_loss': 0.001, 'train_acc': 1.0}
{'epoch': 62, 'train_loss': 0.0011, 'train_acc': 1.0}
{'epoch': 63, 'train_loss': 0.0011, 'train_acc': 1.0}
{'epoch': 64, 'train_loss': 0.0011, 'train_acc': 1.0}
{'epoch': 65, 'train_loss': 0.001, 'train_acc': 1.0}
{'epoch': 66, 'train_loss': 0.0011, 'train_acc': 1.0}
{'epoch': 67, 'train_loss': 0.0012, 'train_acc': 1.0}
{'epoch': 68, 'train_loss': 0.0011, 'train_acc': 1.0}
{'epoch': 69, 'train_loss': 0.0011, 'train_acc': 1.0}
{'epoch': 70, 'train_loss': 0.001, 'train_acc': 1.0}
{'epoch': 71, 'train_loss': 0.0011, 'train_acc': 1.0}
{'epoch': 72, 'train_loss': 0.0011, 'train_acc': 1.0}
{'epoch': 73, 'train_loss': 0.001, 'train_acc': 1.0}
{'epoch': 74, 'train_loss': 0.001, 'train_acc': 1.0}
{'epoch': 75, 'train_loss': 0.001, 'train_acc': 1.0}
{'epoch': 76, 'train_loss': 0.0011, 'train_acc': 1.0}
{'epoch': 77, 'train_loss': 0.001, 'train_acc': 1.0}
{'epoch': 78, 'train_loss': 0.0011, 'train_acc': 1.0}
{'epoch': 79, 'train_loss': 0.0011, 'train_acc': 1.0}
{'epoch': 80, 'train_loss': 0.001, 'train_acc': 1.0}
{'epoch': 81, 'train_loss': 0.001, 'train_acc': 1.0}
{'epoch': 82, 'train_loss': 0.0009, 'train_acc': 1.0}
{'epoch': 83, 'train_loss': 0.001, 'train_acc': 1.0}
{'epoch': 84, 'train_loss': 0.001, 'train_acc': 1.0}
{'epoch': 85, 'train_loss': 0.001, 'train_acc': 1.0}
{'epoch': 86, 'train_loss': 0.0011, 'train_acc': 1.0}
{'epoch': 87, 'train_loss': 0.001, 'train_acc': 1.0}
{'epoch': 88, 'train_loss': 0.001, 'train_acc': 1.0}
{'epoch': 89, 'train_loss': 0.001, 'train_acc': 1.0}
{'epoch': 90, 'train_loss': 0.001, 'train_acc': 1.0}
{'epoch': 91, 'train_loss': 0.0011, 'train_acc': 1.0}
{'epoch': 92, 'train_loss': 0.001, 'train_acc': 1.0}
{'epoch': 93, 'train_loss': 0.0012, 'train_acc': 1.0}
{'epoch': 94, 'train_loss': 0.001, 'train_acc': 1.0}
{'epoch': 95, 'train_loss': 0.001, 'train_acc': 1.0}
{'epoch': 96, 'train_loss': 0.0011, 'train_acc': 1.0}
{'epoch': 97, 'train_loss': 0.0015, 'train_acc': 1.0}
{'epoch': 98, 'train_loss': 0.001, 'train_acc': 1.0}
{'epoch': 99, 'train_loss': 0.0011, 'train_acc': 1.0}
{'epoch': 100, 'train_loss': 0.001, 'train_acc': 1.0}
{'run_num': 3, 'final_test_err': 0.6032}
Files already downloaded and verified
Files already downloaded and verified
{'epoch': 1, 'train_loss': 2.1569, 'train_acc': 0.2464}
{'epoch': 2, 'train_loss': 1.8608, 'train_acc': 0.3273}
{'epoch': 3, 'train_loss': 1.6141, 'train_acc': 0.4073}
{'epoch': 4, 'train_loss': 1.4008, 'train_acc': 0.4891}
{'epoch': 5, 'train_loss': 1.1578, 'train_acc': 0.5918}
{'epoch': 6, 'train_loss': 0.9056, 'train_acc': 0.6791}
{'epoch': 7, 'train_loss': 0.6146, 'train_acc': 0.8009}
{'epoch': 8, 'train_loss': 0.4374, 'train_acc': 0.8809}
{'epoch': 9, 'train_loss': 0.2675, 'train_acc': 0.9436}
{'epoch': 10, 'train_loss': 0.1375, 'train_acc': 0.9727}
{'epoch': 11, 'train_loss': 0.0724, 'train_acc': 0.9927}
{'epoch': 12, 'train_loss': 0.0341, 'train_acc': 0.9982}
{'epoch': 13, 'train_loss': 0.0162, 'train_acc': 1.0}
{'epoch': 14, 'train_loss': 0.0105, 'train_acc': 1.0}
{'epoch': 15, 'train_loss': 0.009, 'train_acc': 1.0}
{'epoch': 16, 'train_loss': 0.0076, 'train_acc': 1.0}
{'epoch': 17, 'train_loss': 0.0062, 'train_acc': 1.0}
{'epoch': 18, 'train_loss': 0.0057, 'train_acc': 1.0}
{'epoch': 19, 'train_loss': 0.0049, 'train_acc': 1.0}
{'epoch': 20, 'train_loss': 0.0041, 'train_acc': 1.0}
{'epoch': 21, 'train_loss': 0.0036, 'train_acc': 1.0}
{'epoch': 22, 'train_loss': 0.0036, 'train_acc': 1.0}
{'epoch': 23, 'train_loss': 0.0033, 'train_acc': 1.0}
{'epoch': 24, 'train_loss': 0.0032, 'train_acc': 1.0}
{'epoch': 25, 'train_loss': 0.003, 'train_acc': 1.0}
{'epoch': 26, 'train_loss': 0.0026, 'train_acc': 1.0}
{'epoch': 27, 'train_loss': 0.0027, 'train_acc': 1.0}
{'epoch': 28, 'train_loss': 0.0026, 'train_acc': 1.0}
{'epoch': 29, 'train_loss': 0.0027, 'train_acc': 1.0}
{'epoch': 30, 'train_loss': 0.0022, 'train_acc': 1.0}
{'epoch': 31, 'train_loss': 0.0021, 'train_acc': 1.0}
{'epoch': 32, 'train_loss': 0.002, 'train_acc': 1.0}
{'epoch': 33, 'train_loss': 0.0021, 'train_acc': 1.0}
{'epoch': 34, 'train_loss': 0.002, 'train_acc': 1.0}
{'epoch': 35, 'train_loss': 0.0019, 'train_acc': 1.0}
{'epoch': 36, 'train_loss': 0.0018, 'train_acc': 1.0}
{'epoch': 37, 'train_loss': 0.0017, 'train_acc': 1.0}
{'epoch': 38, 'train_loss': 0.0017, 'train_acc': 1.0}
{'epoch': 39, 'train_loss': 0.0015, 'train_acc': 1.0}
{'epoch': 40, 'train_loss': 0.0018, 'train_acc': 1.0}
{'epoch': 41, 'train_loss': 0.0015, 'train_acc': 1.0}
{'epoch': 42, 'train_loss': 0.0013, 'train_acc': 1.0}
{'epoch': 43, 'train_loss': 0.0016, 'train_acc': 1.0}
{'epoch': 44, 'train_loss': 0.0014, 'train_acc': 1.0}
{'epoch': 45, 'train_loss': 0.0014, 'train_acc': 1.0}
{'epoch': 46, 'train_loss': 0.0015, 'train_acc': 1.0}
{'epoch': 47, 'train_loss': 0.0011, 'train_acc': 1.0}
{'epoch': 48, 'train_loss': 0.0014, 'train_acc': 1.0}
{'epoch': 49, 'train_loss': 0.0012, 'train_acc': 1.0}
{'epoch': 50, 'train_loss': 0.0012, 'train_acc': 1.0}
{'epoch': 51, 'train_loss': 0.0012, 'train_acc': 1.0}
{'epoch': 52, 'train_loss': 0.0011, 'train_acc': 1.0}
{'epoch': 53, 'train_loss': 0.0012, 'train_acc': 1.0}
{'epoch': 54, 'train_loss': 0.0012, 'train_acc': 1.0}
{'epoch': 55, 'train_loss': 0.001, 'train_acc': 1.0}
{'epoch': 56, 'train_loss': 0.0012, 'train_acc': 1.0}
{'epoch': 57, 'train_loss': 0.0011, 'train_acc': 1.0}
{'epoch': 58, 'train_loss': 0.0011, 'train_acc': 1.0}
{'epoch': 59, 'train_loss': 0.0011, 'train_acc': 1.0}
{'epoch': 60, 'train_loss': 0.0011, 'train_acc': 1.0}
{'epoch': 61, 'train_loss': 0.0011, 'train_acc': 1.0}
{'epoch': 62, 'train_loss': 0.0011, 'train_acc': 1.0}
{'epoch': 63, 'train_loss': 0.0011, 'train_acc': 1.0}
{'epoch': 64, 'train_loss': 0.0012, 'train_acc': 1.0}
{'epoch': 65, 'train_loss': 0.0011, 'train_acc': 1.0}
{'epoch': 66, 'train_loss': 0.0011, 'train_acc': 1.0}
{'epoch': 67, 'train_loss': 0.001, 'train_acc': 1.0}
{'epoch': 68, 'train_loss': 0.001, 'train_acc': 1.0}
{'epoch': 69, 'train_loss': 0.001, 'train_acc': 1.0}
{'epoch': 70, 'train_loss': 0.001, 'train_acc': 1.0}
{'epoch': 71, 'train_loss': 0.0011, 'train_acc': 1.0}
{'epoch': 72, 'train_loss': 0.001, 'train_acc': 1.0}
{'epoch': 73, 'train_loss': 0.0009, 'train_acc': 1.0}
{'epoch': 74, 'train_loss': 0.001, 'train_acc': 1.0}
{'epoch': 75, 'train_loss': 0.0009, 'train_acc': 1.0}
{'epoch': 76, 'train_loss': 0.001, 'train_acc': 1.0}
{'epoch': 77, 'train_loss': 0.001, 'train_acc': 1.0}
{'epoch': 78, 'train_loss': 0.001, 'train_acc': 1.0}
{'epoch': 79, 'train_loss': 0.0009, 'train_acc': 1.0}
{'epoch': 80, 'train_loss': 0.001, 'train_acc': 1.0}
{'epoch': 81, 'train_loss': 0.0009, 'train_acc': 1.0}
{'epoch': 82, 'train_loss': 0.0009, 'train_acc': 1.0}
{'epoch': 83, 'train_loss': 0.0011, 'train_acc': 1.0}
{'epoch': 84, 'train_loss': 0.001, 'train_acc': 1.0}
{'epoch': 85, 'train_loss': 0.001, 'train_acc': 1.0}
{'epoch': 86, 'train_loss': 0.001, 'train_acc': 1.0}
{'epoch': 87, 'train_loss': 0.001, 'train_acc': 1.0}
{'epoch': 88, 'train_loss': 0.001, 'train_acc': 1.0}
{'epoch': 89, 'train_loss': 0.0008, 'train_acc': 1.0}
{'epoch': 90, 'train_loss': 0.0009, 'train_acc': 1.0}
{'epoch': 91, 'train_loss': 0.0009, 'train_acc': 1.0}
{'epoch': 92, 'train_loss': 0.0009, 'train_acc': 1.0}
{'epoch': 93, 'train_loss': 0.0009, 'train_acc': 1.0}
{'epoch': 94, 'train_loss': 0.0008, 'train_acc': 1.0}
{'epoch': 95, 'train_loss': 0.001, 'train_acc': 1.0}
{'epoch': 96, 'train_loss': 0.0009, 'train_acc': 1.0}
{'epoch': 97, 'train_loss': 0.001, 'train_acc': 1.0}
{'epoch': 98, 'train_loss': 0.0009, 'train_acc': 1.0}
{'epoch': 99, 'train_loss': 0.0009, 'train_acc': 1.0}
{'epoch': 100, 'train_loss': 0.001, 'train_acc': 1.0}
{'run_num': 4, 'final_test_err': 0.5886}
Files already downloaded and verified
Files already downloaded and verified
{'epoch': 1, 'train_loss': 2.1488, 'train_acc': 0.2345}
{'epoch': 2, 'train_loss': 1.8573, 'train_acc': 0.3545}
{'epoch': 3, 'train_loss': 1.6053, 'train_acc': 0.4173}
{'epoch': 4, 'train_loss': 1.4063, 'train_acc': 0.4909}
{'epoch': 5, 'train_loss': 1.1509, 'train_acc': 0.6009}
{'epoch': 6, 'train_loss': 0.9349, 'train_acc': 0.6855}
{'epoch': 7, 'train_loss': 0.6557, 'train_acc': 0.7927}
{'epoch': 8, 'train_loss': 0.4594, 'train_acc': 0.86}
{'epoch': 9, 'train_loss': 0.3239, 'train_acc': 0.9136}
{'epoch': 10, 'train_loss': 0.1867, 'train_acc': 0.96}
{'epoch': 11, 'train_loss': 0.0835, 'train_acc': 0.9927}
{'epoch': 12, 'train_loss': 0.0439, 'train_acc': 1.0}
{'epoch': 13, 'train_loss': 0.0211, 'train_acc': 1.0}
{'epoch': 14, 'train_loss': 0.0165, 'train_acc': 0.9982}
{'epoch': 15, 'train_loss': 0.0098, 'train_acc': 1.0}
{'epoch': 16, 'train_loss': 0.0091, 'train_acc': 1.0}
{'epoch': 17, 'train_loss': 0.0068, 'train_acc': 1.0}
{'epoch': 18, 'train_loss': 0.0057, 'train_acc': 1.0}
{'epoch': 19, 'train_loss': 0.006, 'train_acc': 1.0}
{'epoch': 20, 'train_loss': 0.0046, 'train_acc': 1.0}
{'epoch': 21, 'train_loss': 0.0046, 'train_acc': 1.0}
{'epoch': 22, 'train_loss': 0.0044, 'train_acc': 1.0}
{'epoch': 23, 'train_loss': 0.0035, 'train_acc': 1.0}
{'epoch': 24, 'train_loss': 0.0043, 'train_acc': 1.0}
{'epoch': 25, 'train_loss': 0.0031, 'train_acc': 1.0}
{'epoch': 26, 'train_loss': 0.0029, 'train_acc': 1.0}
{'epoch': 27, 'train_loss': 0.0026, 'train_acc': 1.0}
{'epoch': 28, 'train_loss': 0.0027, 'train_acc': 1.0}
{'epoch': 29, 'train_loss': 0.0025, 'train_acc': 1.0}
{'epoch': 30, 'train_loss': 0.0024, 'train_acc': 1.0}
{'epoch': 31, 'train_loss': 0.0023, 'train_acc': 1.0}
{'epoch': 32, 'train_loss': 0.0022, 'train_acc': 1.0}
{'epoch': 33, 'train_loss': 0.0019, 'train_acc': 1.0}
{'epoch': 34, 'train_loss': 0.0021, 'train_acc': 1.0}
{'epoch': 35, 'train_loss': 0.002, 'train_acc': 1.0}
{'epoch': 36, 'train_loss': 0.0018, 'train_acc': 1.0}
{'epoch': 37, 'train_loss': 0.0019, 'train_acc': 1.0}
{'epoch': 38, 'train_loss': 0.0016, 'train_acc': 1.0}
{'epoch': 39, 'train_loss': 0.0016, 'train_acc': 1.0}
{'epoch': 40, 'train_loss': 0.0016, 'train_acc': 1.0}
{'epoch': 41, 'train_loss': 0.0017, 'train_acc': 1.0}
{'epoch': 42, 'train_loss': 0.0015, 'train_acc': 1.0}
{'epoch': 43, 'train_loss': 0.0014, 'train_acc': 1.0}
{'epoch': 44, 'train_loss': 0.0016, 'train_acc': 1.0}
{'epoch': 45, 'train_loss': 0.0015, 'train_acc': 1.0}
{'epoch': 46, 'train_loss': 0.0014, 'train_acc': 1.0}
{'epoch': 47, 'train_loss': 0.0013, 'train_acc': 1.0}
{'epoch': 48, 'train_loss': 0.0014, 'train_acc': 1.0}
{'epoch': 49, 'train_loss': 0.0014, 'train_acc': 1.0}
{'epoch': 50, 'train_loss': 0.0014, 'train_acc': 1.0}
{'epoch': 51, 'train_loss': 0.0016, 'train_acc': 1.0}
{'epoch': 52, 'train_loss': 0.0012, 'train_acc': 1.0}
{'epoch': 53, 'train_loss': 0.0012, 'train_acc': 1.0}
{'epoch': 54, 'train_loss': 0.0013, 'train_acc': 1.0}
{'epoch': 55, 'train_loss': 0.0012, 'train_acc': 1.0}
{'epoch': 56, 'train_loss': 0.0012, 'train_acc': 1.0}
{'epoch': 57, 'train_loss': 0.0013, 'train_acc': 1.0}
{'epoch': 58, 'train_loss': 0.0012, 'train_acc': 1.0}
{'epoch': 59, 'train_loss': 0.0012, 'train_acc': 1.0}
{'epoch': 60, 'train_loss': 0.001, 'train_acc': 1.0}
{'epoch': 61, 'train_loss': 0.0013, 'train_acc': 1.0}
{'epoch': 62, 'train_loss': 0.0012, 'train_acc': 1.0}
{'epoch': 63, 'train_loss': 0.001, 'train_acc': 1.0}
{'epoch': 64, 'train_loss': 0.001, 'train_acc': 1.0}
{'epoch': 65, 'train_loss': 0.001, 'train_acc': 1.0}
{'epoch': 66, 'train_loss': 0.0011, 'train_acc': 1.0}
{'epoch': 67, 'train_loss': 0.0011, 'train_acc': 1.0}
{'epoch': 68, 'train_loss': 0.001, 'train_acc': 1.0}
{'epoch': 69, 'train_loss': 0.0011, 'train_acc': 1.0}
{'epoch': 70, 'train_loss': 0.001, 'train_acc': 1.0}
{'epoch': 71, 'train_loss': 0.0011, 'train_acc': 1.0}
{'epoch': 72, 'train_loss': 0.001, 'train_acc': 1.0}
{'epoch': 73, 'train_loss': 0.001, 'train_acc': 1.0}
{'epoch': 74, 'train_loss': 0.001, 'train_acc': 1.0}
{'epoch': 75, 'train_loss': 0.0012, 'train_acc': 1.0}
{'epoch': 76, 'train_loss': 0.001, 'train_acc': 1.0}
{'epoch': 77, 'train_loss': 0.0009, 'train_acc': 1.0}
{'epoch': 78, 'train_loss': 0.001, 'train_acc': 1.0}
{'epoch': 79, 'train_loss': 0.0011, 'train_acc': 1.0}
{'epoch': 80, 'train_loss': 0.0011, 'train_acc': 1.0}
{'epoch': 81, 'train_loss': 0.0011, 'train_acc': 1.0}
{'epoch': 82, 'train_loss': 0.0009, 'train_acc': 1.0}
{'epoch': 83, 'train_loss': 0.001, 'train_acc': 1.0}
{'epoch': 84, 'train_loss': 0.001, 'train_acc': 1.0}
{'epoch': 85, 'train_loss': 0.0011, 'train_acc': 1.0}
{'epoch': 86, 'train_loss': 0.0011, 'train_acc': 1.0}
{'epoch': 87, 'train_loss': 0.0009, 'train_acc': 1.0}
{'epoch': 88, 'train_loss': 0.001, 'train_acc': 1.0}
{'epoch': 89, 'train_loss': 0.001, 'train_acc': 1.0}
{'epoch': 90, 'train_loss': 0.0009, 'train_acc': 1.0}
{'epoch': 91, 'train_loss': 0.001, 'train_acc': 1.0}
{'epoch': 92, 'train_loss': 0.0009, 'train_acc': 1.0}
{'epoch': 93, 'train_loss': 0.0011, 'train_acc': 1.0}
{'epoch': 94, 'train_loss': 0.001, 'train_acc': 1.0}
{'epoch': 95, 'train_loss': 0.001, 'train_acc': 1.0}
{'epoch': 96, 'train_loss': 0.001, 'train_acc': 1.0}
{'epoch': 97, 'train_loss': 0.0009, 'train_acc': 1.0}
{'epoch': 98, 'train_loss': 0.0009, 'train_acc': 1.0}
{'epoch': 99, 'train_loss': 0.001, 'train_acc': 1.0}
{'epoch': 100, 'train_loss': 0.0009, 'train_acc': 1.0}
{'run_num': 5, 'final_test_err': 0.5899}
Files already downloaded and verified
Files already downloaded and verified
{'epoch': 1, 'train_loss': 2.1297, 'train_acc': 0.2527}
{'epoch': 2, 'train_loss': 1.8084, 'train_acc': 0.35}
{'epoch': 3, 'train_loss': 1.5656, 'train_acc': 0.4436}
{'epoch': 4, 'train_loss': 1.3532, 'train_acc': 0.5336}
{'epoch': 5, 'train_loss': 1.1339, 'train_acc': 0.6145}
{'epoch': 6, 'train_loss': 0.8356, 'train_acc': 0.7082}
{'epoch': 7, 'train_loss': 0.5415, 'train_acc': 0.8473}
{'epoch': 8, 'train_loss': 0.3474, 'train_acc': 0.9091}
{'epoch': 9, 'train_loss': 0.2003, 'train_acc': 0.9609}
{'epoch': 10, 'train_loss': 0.102, 'train_acc': 0.9918}
{'epoch': 11, 'train_loss': 0.0508, 'train_acc': 0.9973}
{'epoch': 12, 'train_loss': 0.0248, 'train_acc': 0.9982}
{'epoch': 13, 'train_loss': 0.0126, 'train_acc': 1.0}
{'epoch': 14, 'train_loss': 0.0111, 'train_acc': 1.0}
{'epoch': 15, 'train_loss': 0.0087, 'train_acc': 1.0}
{'epoch': 16, 'train_loss': 0.0061, 'train_acc': 1.0}
{'epoch': 17, 'train_loss': 0.0058, 'train_acc': 1.0}
{'epoch': 18, 'train_loss': 0.0051, 'train_acc': 1.0}
{'epoch': 19, 'train_loss': 0.0044, 'train_acc': 1.0}
{'epoch': 20, 'train_loss': 0.0041, 'train_acc': 1.0}
{'epoch': 21, 'train_loss': 0.0037, 'train_acc': 1.0}
{'epoch': 22, 'train_loss': 0.0036, 'train_acc': 1.0}
{'epoch': 23, 'train_loss': 0.0034, 'train_acc': 1.0}
{'epoch': 24, 'train_loss': 0.0027, 'train_acc': 1.0}
{'epoch': 25, 'train_loss': 0.0026, 'train_acc': 1.0}
{'epoch': 26, 'train_loss': 0.0027, 'train_acc': 1.0}
{'epoch': 27, 'train_loss': 0.0024, 'train_acc': 1.0}
{'epoch': 28, 'train_loss': 0.0023, 'train_acc': 1.0}
{'epoch': 29, 'train_loss': 0.0021, 'train_acc': 1.0}
{'epoch': 30, 'train_loss': 0.0023, 'train_acc': 1.0}
{'epoch': 31, 'train_loss': 0.0022, 'train_acc': 1.0}
{'epoch': 32, 'train_loss': 0.0021, 'train_acc': 1.0}
{'epoch': 33, 'train_loss': 0.0019, 'train_acc': 1.0}
{'epoch': 34, 'train_loss': 0.0019, 'train_acc': 1.0}
{'epoch': 35, 'train_loss': 0.0016, 'train_acc': 1.0}
{'epoch': 36, 'train_loss': 0.0018, 'train_acc': 1.0}
{'epoch': 37, 'train_loss': 0.0016, 'train_acc': 1.0}
{'epoch': 38, 'train_loss': 0.0015, 'train_acc': 1.0}
{'epoch': 39, 'train_loss': 0.0017, 'train_acc': 1.0}
{'epoch': 40, 'train_loss': 0.0016, 'train_acc': 1.0}
{'epoch': 41, 'train_loss': 0.0016, 'train_acc': 1.0}
{'epoch': 42, 'train_loss': 0.0016, 'train_acc': 1.0}
{'epoch': 43, 'train_loss': 0.0014, 'train_acc': 1.0}
{'epoch': 44, 'train_loss': 0.0014, 'train_acc': 1.0}
{'epoch': 45, 'train_loss': 0.0015, 'train_acc': 1.0}
{'epoch': 46, 'train_loss': 0.0014, 'train_acc': 1.0}
{'epoch': 47, 'train_loss': 0.0013, 'train_acc': 1.0}
{'epoch': 48, 'train_loss': 0.0013, 'train_acc': 1.0}
{'epoch': 49, 'train_loss': 0.0012, 'train_acc': 1.0}
{'epoch': 50, 'train_loss': 0.0014, 'train_acc': 1.0}
{'epoch': 51, 'train_loss': 0.0012, 'train_acc': 1.0}
{'epoch': 52, 'train_loss': 0.0012, 'train_acc': 1.0}
{'epoch': 53, 'train_loss': 0.0012, 'train_acc': 1.0}
{'epoch': 54, 'train_loss': 0.0012, 'train_acc': 1.0}
{'epoch': 55, 'train_loss': 0.0012, 'train_acc': 1.0}
{'epoch': 56, 'train_loss': 0.0011, 'train_acc': 1.0}
{'epoch': 57, 'train_loss': 0.0012, 'train_acc': 1.0}
{'epoch': 58, 'train_loss': 0.0011, 'train_acc': 1.0}
{'epoch': 59, 'train_loss': 0.001, 'train_acc': 1.0}
{'epoch': 60, 'train_loss': 0.0012, 'train_acc': 1.0}
{'epoch': 61, 'train_loss': 0.0011, 'train_acc': 1.0}
{'epoch': 62, 'train_loss': 0.0011, 'train_acc': 1.0}
{'epoch': 63, 'train_loss': 0.001, 'train_acc': 1.0}
{'epoch': 64, 'train_loss': 0.001, 'train_acc': 1.0}
{'epoch': 65, 'train_loss': 0.0011, 'train_acc': 1.0}
{'epoch': 66, 'train_loss': 0.001, 'train_acc': 1.0}
{'epoch': 67, 'train_loss': 0.001, 'train_acc': 1.0}
{'epoch': 68, 'train_loss': 0.0011, 'train_acc': 1.0}
{'epoch': 69, 'train_loss': 0.0009, 'train_acc': 1.0}
{'epoch': 70, 'train_loss': 0.0011, 'train_acc': 1.0}
{'epoch': 71, 'train_loss': 0.001, 'train_acc': 1.0}
{'epoch': 72, 'train_loss': 0.0011, 'train_acc': 1.0}
{'epoch': 73, 'train_loss': 0.001, 'train_acc': 1.0}
{'epoch': 74, 'train_loss': 0.001, 'train_acc': 1.0}
{'epoch': 75, 'train_loss': 0.001, 'train_acc': 1.0}
{'epoch': 76, 'train_loss': 0.001, 'train_acc': 1.0}
{'epoch': 77, 'train_loss': 0.001, 'train_acc': 1.0}
{'epoch': 78, 'train_loss': 0.0009, 'train_acc': 1.0}
{'epoch': 79, 'train_loss': 0.001, 'train_acc': 1.0}
{'epoch': 80, 'train_loss': 0.001, 'train_acc': 1.0}
{'epoch': 81, 'train_loss': 0.001, 'train_acc': 1.0}
{'epoch': 82, 'train_loss': 0.001, 'train_acc': 1.0}
{'epoch': 83, 'train_loss': 0.001, 'train_acc': 1.0}
{'epoch': 84, 'train_loss': 0.001, 'train_acc': 1.0}
{'epoch': 85, 'train_loss': 0.0011, 'train_acc': 1.0}
{'epoch': 86, 'train_loss': 0.0009, 'train_acc': 1.0}
{'epoch': 87, 'train_loss': 0.0009, 'train_acc': 1.0}
{'epoch': 88, 'train_loss': 0.001, 'train_acc': 1.0}
{'epoch': 89, 'train_loss': 0.0009, 'train_acc': 1.0}
{'epoch': 90, 'train_loss': 0.001, 'train_acc': 1.0}
{'epoch': 91, 'train_loss': 0.0009, 'train_acc': 1.0}
{'epoch': 92, 'train_loss': 0.0009, 'train_acc': 1.0}
{'epoch': 93, 'train_loss': 0.001, 'train_acc': 1.0}
{'epoch': 94, 'train_loss': 0.0009, 'train_acc': 1.0}
{'epoch': 95, 'train_loss': 0.001, 'train_acc': 1.0}
{'epoch': 96, 'train_loss': 0.001, 'train_acc': 1.0}
{'epoch': 97, 'train_loss': 0.0009, 'train_acc': 1.0}
{'epoch': 98, 'train_loss': 0.0009, 'train_acc': 1.0}
{'epoch': 99, 'train_loss': 0.001, 'train_acc': 1.0}
{'epoch': 100, 'train_loss': 0.0009, 'train_acc': 1.0}
{'run_num': 6, 'final_test_err': 0.6104}
Files already downloaded and verified
Files already downloaded and verified
{'epoch': 1, 'train_loss': 2.1786, 'train_acc': 0.2309}
{'epoch': 2, 'train_loss': 1.8916, 'train_acc': 0.3336}
{'epoch': 3, 'train_loss': 1.6559, 'train_acc': 0.4064}
{'epoch': 4, 'train_loss': 1.4549, 'train_acc': 0.4845}
{'epoch': 5, 'train_loss': 1.2028, 'train_acc': 0.5636}
{'epoch': 6, 'train_loss': 0.9592, 'train_acc': 0.6718}
{'epoch': 7, 'train_loss': 0.7262, 'train_acc': 0.7627}
{'epoch': 8, 'train_loss': 0.5254, 'train_acc': 0.8418}
{'epoch': 9, 'train_loss': 0.34, 'train_acc': 0.9164}
{'epoch': 10, 'train_loss': 0.1991, 'train_acc': 0.9573}
{'epoch': 11, 'train_loss': 0.1185, 'train_acc': 0.9827}
{'epoch': 12, 'train_loss': 0.0546, 'train_acc': 0.9955}
{'epoch': 13, 'train_loss': 0.0267, 'train_acc': 0.9982}
{'epoch': 14, 'train_loss': 0.018, 'train_acc': 1.0}
{'epoch': 15, 'train_loss': 0.0117, 'train_acc': 1.0}
{'epoch': 16, 'train_loss': 0.0093, 'train_acc': 1.0}
{'epoch': 17, 'train_loss': 0.0075, 'train_acc': 1.0}
{'epoch': 18, 'train_loss': 0.0057, 'train_acc': 1.0}
{'epoch': 19, 'train_loss': 0.006, 'train_acc': 1.0}
{'epoch': 20, 'train_loss': 0.0055, 'train_acc': 1.0}
{'epoch': 21, 'train_loss': 0.0044, 'train_acc': 1.0}
{'epoch': 22, 'train_loss': 0.0043, 'train_acc': 1.0}
{'epoch': 23, 'train_loss': 0.0035, 'train_acc': 1.0}
{'epoch': 24, 'train_loss': 0.0049, 'train_acc': 1.0}
{'epoch': 25, 'train_loss': 0.0044, 'train_acc': 1.0}
{'epoch': 26, 'train_loss': 0.0034, 'train_acc': 1.0}
{'epoch': 27, 'train_loss': 0.0032, 'train_acc': 1.0}
{'epoch': 28, 'train_loss': 0.0025, 'train_acc': 1.0}
{'epoch': 29, 'train_loss': 0.0029, 'train_acc': 1.0}
{'epoch': 30, 'train_loss': 0.0025, 'train_acc': 1.0}
{'epoch': 31, 'train_loss': 0.0024, 'train_acc': 1.0}
{'epoch': 32, 'train_loss': 0.0023, 'train_acc': 1.0}
{'epoch': 33, 'train_loss': 0.0025, 'train_acc': 1.0}
{'epoch': 34, 'train_loss': 0.0022, 'train_acc': 1.0}
{'epoch': 35, 'train_loss': 0.0021, 'train_acc': 1.0}
{'epoch': 36, 'train_loss': 0.0018, 'train_acc': 1.0}
{'epoch': 37, 'train_loss': 0.0018, 'train_acc': 1.0}
{'epoch': 38, 'train_loss': 0.0018, 'train_acc': 1.0}
{'epoch': 39, 'train_loss': 0.0017, 'train_acc': 1.0}
{'epoch': 40, 'train_loss': 0.0019, 'train_acc': 1.0}
{'epoch': 41, 'train_loss': 0.0016, 'train_acc': 1.0}
{'epoch': 42, 'train_loss': 0.0015, 'train_acc': 1.0}
{'epoch': 43, 'train_loss': 0.0015, 'train_acc': 1.0}
{'epoch': 44, 'train_loss': 0.0016, 'train_acc': 1.0}
{'epoch': 45, 'train_loss': 0.0016, 'train_acc': 1.0}
{'epoch': 46, 'train_loss': 0.0014, 'train_acc': 1.0}
{'epoch': 47, 'train_loss': 0.0015, 'train_acc': 1.0}
{'epoch': 48, 'train_loss': 0.0013, 'train_acc': 1.0}
{'epoch': 49, 'train_loss': 0.0013, 'train_acc': 1.0}
{'epoch': 50, 'train_loss': 0.0013, 'train_acc': 1.0}
{'epoch': 51, 'train_loss': 0.0014, 'train_acc': 1.0}
{'epoch': 52, 'train_loss': 0.0012, 'train_acc': 1.0}
{'epoch': 53, 'train_loss': 0.0013, 'train_acc': 1.0}
{'epoch': 54, 'train_loss': 0.0011, 'train_acc': 1.0}
{'epoch': 55, 'train_loss': 0.0012, 'train_acc': 1.0}
{'epoch': 56, 'train_loss': 0.0012, 'train_acc': 1.0}
{'epoch': 57, 'train_loss': 0.0014, 'train_acc': 1.0}
{'epoch': 58, 'train_loss': 0.0014, 'train_acc': 1.0}
{'epoch': 59, 'train_loss': 0.0011, 'train_acc': 1.0}
{'epoch': 60, 'train_loss': 0.0012, 'train_acc': 1.0}
{'epoch': 61, 'train_loss': 0.0015, 'train_acc': 1.0}
{'epoch': 62, 'train_loss': 0.0011, 'train_acc': 1.0}
{'epoch': 63, 'train_loss': 0.0011, 'train_acc': 1.0}
{'epoch': 64, 'train_loss': 0.0011, 'train_acc': 1.0}
{'epoch': 65, 'train_loss': 0.0012, 'train_acc': 1.0}
{'epoch': 66, 'train_loss': 0.0011, 'train_acc': 1.0}
{'epoch': 67, 'train_loss': 0.001, 'train_acc': 1.0}
{'epoch': 68, 'train_loss': 0.0011, 'train_acc': 1.0}
{'epoch': 69, 'train_loss': 0.0011, 'train_acc': 1.0}
{'epoch': 70, 'train_loss': 0.0011, 'train_acc': 1.0}
{'epoch': 71, 'train_loss': 0.001, 'train_acc': 1.0}
{'epoch': 72, 'train_loss': 0.001, 'train_acc': 1.0}
{'epoch': 73, 'train_loss': 0.0011, 'train_acc': 1.0}
{'epoch': 74, 'train_loss': 0.0011, 'train_acc': 1.0}
{'epoch': 75, 'train_loss': 0.0011, 'train_acc': 1.0}
{'epoch': 76, 'train_loss': 0.0011, 'train_acc': 1.0}
{'epoch': 77, 'train_loss': 0.0011, 'train_acc': 1.0}
{'epoch': 78, 'train_loss': 0.0011, 'train_acc': 1.0}
{'epoch': 79, 'train_loss': 0.0011, 'train_acc': 1.0}
{'epoch': 80, 'train_loss': 0.0011, 'train_acc': 1.0}
{'epoch': 81, 'train_loss': 0.0011, 'train_acc': 1.0}
{'epoch': 82, 'train_loss': 0.0011, 'train_acc': 1.0}
{'epoch': 83, 'train_loss': 0.0009, 'train_acc': 1.0}
{'epoch': 84, 'train_loss': 0.0012, 'train_acc': 1.0}
{'epoch': 85, 'train_loss': 0.001, 'train_acc': 1.0}
{'epoch': 86, 'train_loss': 0.0011, 'train_acc': 1.0}
{'epoch': 87, 'train_loss': 0.0011, 'train_acc': 1.0}
{'epoch': 88, 'train_loss': 0.0012, 'train_acc': 1.0}
{'epoch': 89, 'train_loss': 0.001, 'train_acc': 1.0}
{'epoch': 90, 'train_loss': 0.001, 'train_acc': 1.0}
{'epoch': 91, 'train_loss': 0.0011, 'train_acc': 1.0}
{'epoch': 92, 'train_loss': 0.0011, 'train_acc': 1.0}
{'epoch': 93, 'train_loss': 0.001, 'train_acc': 1.0}
{'epoch': 94, 'train_loss': 0.001, 'train_acc': 1.0}
{'epoch': 95, 'train_loss': 0.001, 'train_acc': 1.0}
{'epoch': 96, 'train_loss': 0.001, 'train_acc': 1.0}
{'epoch': 97, 'train_loss': 0.0009, 'train_acc': 1.0}
{'epoch': 98, 'train_loss': 0.001, 'train_acc': 1.0}
{'epoch': 99, 'train_loss': 0.001, 'train_acc': 1.0}
{'epoch': 100, 'train_loss': 0.001, 'train_acc': 1.0}
{'run_num': 7, 'final_test_err': 0.5886}
Files already downloaded and verified
Files already downloaded and verified
{'epoch': 1, 'train_loss': 2.2137, 'train_acc': 0.2218}
{'epoch': 2, 'train_loss': 1.8145, 'train_acc': 0.3364}
{'epoch': 3, 'train_loss': 1.6129, 'train_acc': 0.4027}
{'epoch': 4, 'train_loss': 1.3881, 'train_acc': 0.4864}
{'epoch': 5, 'train_loss': 1.1206, 'train_acc': 0.6155}
{'epoch': 6, 'train_loss': 0.8669, 'train_acc': 0.6991}
{'epoch': 7, 'train_loss': 0.614, 'train_acc': 0.8182}
{'epoch': 8, 'train_loss': 0.3744, 'train_acc': 0.9091}
{'epoch': 9, 'train_loss': 0.2386, 'train_acc': 0.9473}
{'epoch': 10, 'train_loss': 0.183, 'train_acc': 0.9618}
{'epoch': 11, 'train_loss': 0.088, 'train_acc': 0.9891}
{'epoch': 12, 'train_loss': 0.0398, 'train_acc': 0.9991}
{'epoch': 13, 'train_loss': 0.0232, 'train_acc': 1.0}
{'epoch': 14, 'train_loss': 0.0128, 'train_acc': 1.0}
{'epoch': 15, 'train_loss': 0.0111, 'train_acc': 1.0}
{'epoch': 16, 'train_loss': 0.0097, 'train_acc': 1.0}
{'epoch': 17, 'train_loss': 0.0066, 'train_acc': 1.0}
{'epoch': 18, 'train_loss': 0.0058, 'train_acc': 1.0}
{'epoch': 19, 'train_loss': 0.0051, 'train_acc': 1.0}
{'epoch': 20, 'train_loss': 0.0046, 'train_acc': 1.0}
{'epoch': 21, 'train_loss': 0.0044, 'train_acc': 1.0}
{'epoch': 22, 'train_loss': 0.0042, 'train_acc': 1.0}
{'epoch': 23, 'train_loss': 0.0042, 'train_acc': 1.0}
{'epoch': 24, 'train_loss': 0.0036, 'train_acc': 1.0}
{'epoch': 25, 'train_loss': 0.0031, 'train_acc': 1.0}
{'epoch': 26, 'train_loss': 0.0031, 'train_acc': 1.0}
{'epoch': 27, 'train_loss': 0.0029, 'train_acc': 1.0}
{'epoch': 28, 'train_loss': 0.0028, 'train_acc': 1.0}
{'epoch': 29, 'train_loss': 0.0025, 'train_acc': 1.0}
{'epoch': 30, 'train_loss': 0.0025, 'train_acc': 1.0}
{'epoch': 31, 'train_loss': 0.0024, 'train_acc': 1.0}
{'epoch': 32, 'train_loss': 0.0021, 'train_acc': 1.0}
{'epoch': 33, 'train_loss': 0.0023, 'train_acc': 1.0}
{'epoch': 34, 'train_loss': 0.0023, 'train_acc': 1.0}
{'epoch': 35, 'train_loss': 0.0019, 'train_acc': 1.0}
{'epoch': 36, 'train_loss': 0.0021, 'train_acc': 1.0}
{'epoch': 37, 'train_loss': 0.0018, 'train_acc': 1.0}
{'epoch': 38, 'train_loss': 0.0018, 'train_acc': 1.0}
{'epoch': 39, 'train_loss': 0.0017, 'train_acc': 1.0}
{'epoch': 40, 'train_loss': 0.0017, 'train_acc': 1.0}
{'epoch': 41, 'train_loss': 0.0017, 'train_acc': 1.0}
{'epoch': 42, 'train_loss': 0.0015, 'train_acc': 1.0}
{'epoch': 43, 'train_loss': 0.0016, 'train_acc': 1.0}
{'epoch': 44, 'train_loss': 0.0015, 'train_acc': 1.0}
{'epoch': 45, 'train_loss': 0.0017, 'train_acc': 1.0}
{'epoch': 46, 'train_loss': 0.0015, 'train_acc': 1.0}
{'epoch': 47, 'train_loss': 0.0014, 'train_acc': 1.0}
{'epoch': 48, 'train_loss': 0.0014, 'train_acc': 1.0}
{'epoch': 49, 'train_loss': 0.0015, 'train_acc': 1.0}
{'epoch': 50, 'train_loss': 0.0013, 'train_acc': 1.0}
{'epoch': 51, 'train_loss': 0.0012, 'train_acc': 1.0}
{'epoch': 52, 'train_loss': 0.0012, 'train_acc': 1.0}
{'epoch': 53, 'train_loss': 0.0012, 'train_acc': 1.0}
{'epoch': 54, 'train_loss': 0.0014, 'train_acc': 1.0}
{'epoch': 55, 'train_loss': 0.0013, 'train_acc': 1.0}
{'epoch': 56, 'train_loss': 0.0012, 'train_acc': 1.0}
{'epoch': 57, 'train_loss': 0.0013, 'train_acc': 1.0}
{'epoch': 58, 'train_loss': 0.0012, 'train_acc': 1.0}
{'epoch': 59, 'train_loss': 0.0012, 'train_acc': 1.0}
{'epoch': 60, 'train_loss': 0.0012, 'train_acc': 1.0}
{'epoch': 61, 'train_loss': 0.001, 'train_acc': 1.0}
{'epoch': 62, 'train_loss': 0.0012, 'train_acc': 1.0}
{'epoch': 63, 'train_loss': 0.0012, 'train_acc': 1.0}
{'epoch': 64, 'train_loss': 0.0012, 'train_acc': 1.0}
{'epoch': 65, 'train_loss': 0.0011, 'train_acc': 1.0}
{'epoch': 66, 'train_loss': 0.0011, 'train_acc': 1.0}
{'epoch': 67, 'train_loss': 0.0012, 'train_acc': 1.0}
{'epoch': 68, 'train_loss': 0.001, 'train_acc': 1.0}
{'epoch': 69, 'train_loss': 0.0011, 'train_acc': 1.0}
{'epoch': 70, 'train_loss': 0.0011, 'train_acc': 1.0}
{'epoch': 71, 'train_loss': 0.001, 'train_acc': 1.0}
{'epoch': 72, 'train_loss': 0.001, 'train_acc': 1.0}
{'epoch': 73, 'train_loss': 0.0013, 'train_acc': 1.0}
{'epoch': 74, 'train_loss': 0.0011, 'train_acc': 1.0}
{'epoch': 75, 'train_loss': 0.0011, 'train_acc': 1.0}
{'epoch': 76, 'train_loss': 0.001, 'train_acc': 1.0}
{'epoch': 77, 'train_loss': 0.001, 'train_acc': 1.0}
{'epoch': 78, 'train_loss': 0.0011, 'train_acc': 1.0}
{'epoch': 79, 'train_loss': 0.0011, 'train_acc': 1.0}
{'epoch': 80, 'train_loss': 0.0011, 'train_acc': 1.0}
{'epoch': 81, 'train_loss': 0.001, 'train_acc': 1.0}
{'epoch': 82, 'train_loss': 0.001, 'train_acc': 1.0}
{'epoch': 83, 'train_loss': 0.001, 'train_acc': 1.0}
{'epoch': 84, 'train_loss': 0.001, 'train_acc': 1.0}
{'epoch': 85, 'train_loss': 0.001, 'train_acc': 1.0}
{'epoch': 86, 'train_loss': 0.001, 'train_acc': 1.0}
{'epoch': 87, 'train_loss': 0.001, 'train_acc': 1.0}
{'epoch': 88, 'train_loss': 0.001, 'train_acc': 1.0}
{'epoch': 89, 'train_loss': 0.001, 'train_acc': 1.0}
{'epoch': 90, 'train_loss': 0.001, 'train_acc': 1.0}
{'epoch': 91, 'train_loss': 0.001, 'train_acc': 1.0}
{'epoch': 92, 'train_loss': 0.0011, 'train_acc': 1.0}
{'epoch': 93, 'train_loss': 0.0013, 'train_acc': 1.0}
{'epoch': 94, 'train_loss': 0.001, 'train_acc': 1.0}
{'epoch': 95, 'train_loss': 0.001, 'train_acc': 1.0}
{'epoch': 96, 'train_loss': 0.0011, 'train_acc': 1.0}
{'epoch': 97, 'train_loss': 0.0011, 'train_acc': 1.0}
{'epoch': 98, 'train_loss': 0.001, 'train_acc': 1.0}
{'epoch': 99, 'train_loss': 0.001, 'train_acc': 1.0}
{'epoch': 100, 'train_loss': 0.0011, 'train_acc': 1.0}
{'run_num': 8, 'final_test_err': 0.6094999999999999}
Files already downloaded and verified
Files already downloaded and verified
{'epoch': 1, 'train_loss': 2.2252, 'train_acc': 0.2282}
{'epoch': 2, 'train_loss': 1.8083, 'train_acc': 0.3409}
{'epoch': 3, 'train_loss': 1.5836, 'train_acc': 0.4455}
{'epoch': 4, 'train_loss': 1.3507, 'train_acc': 0.5218}
{'epoch': 5, 'train_loss': 1.1065, 'train_acc': 0.6064}
{'epoch': 6, 'train_loss': 0.8636, 'train_acc': 0.6991}
{'epoch': 7, 'train_loss': 0.6031, 'train_acc': 0.8027}
{'epoch': 8, 'train_loss': 0.3981, 'train_acc': 0.8827}
{'epoch': 9, 'train_loss': 0.2314, 'train_acc': 0.9436}
{'epoch': 10, 'train_loss': 0.1233, 'train_acc': 0.9818}
{'epoch': 11, 'train_loss': 0.0734, 'train_acc': 0.9873}
{'epoch': 12, 'train_loss': 0.0418, 'train_acc': 0.9991}
{'epoch': 13, 'train_loss': 0.0205, 'train_acc': 1.0}
{'epoch': 14, 'train_loss': 0.0144, 'train_acc': 1.0}
{'epoch': 15, 'train_loss': 0.0164, 'train_acc': 0.9991}
{'epoch': 16, 'train_loss': 0.0086, 'train_acc': 1.0}
{'epoch': 17, 'train_loss': 0.0077, 'train_acc': 1.0}
{'epoch': 18, 'train_loss': 0.0061, 'train_acc': 1.0}
{'epoch': 19, 'train_loss': 0.0055, 'train_acc': 1.0}
{'epoch': 20, 'train_loss': 0.0046, 'train_acc': 1.0}
{'epoch': 21, 'train_loss': 0.0043, 'train_acc': 1.0}
{'epoch': 22, 'train_loss': 0.0039, 'train_acc': 1.0}
{'epoch': 23, 'train_loss': 0.0035, 'train_acc': 1.0}
{'epoch': 24, 'train_loss': 0.0032, 'train_acc': 1.0}
{'epoch': 25, 'train_loss': 0.003, 'train_acc': 1.0}
{'epoch': 26, 'train_loss': 0.0028, 'train_acc': 1.0}
{'epoch': 27, 'train_loss': 0.0026, 'train_acc': 1.0}
{'epoch': 28, 'train_loss': 0.0027, 'train_acc': 1.0}
{'epoch': 29, 'train_loss': 0.0024, 'train_acc': 1.0}
{'epoch': 30, 'train_loss': 0.0025, 'train_acc': 1.0}
{'epoch': 31, 'train_loss': 0.0022, 'train_acc': 1.0}
{'epoch': 32, 'train_loss': 0.0024, 'train_acc': 1.0}
{'epoch': 33, 'train_loss': 0.0022, 'train_acc': 1.0}
{'epoch': 34, 'train_loss': 0.0021, 'train_acc': 1.0}
{'epoch': 35, 'train_loss': 0.0018, 'train_acc': 1.0}
{'epoch': 36, 'train_loss': 0.002, 'train_acc': 1.0}
{'epoch': 37, 'train_loss': 0.0019, 'train_acc': 1.0}
{'epoch': 38, 'train_loss': 0.0018, 'train_acc': 1.0}
{'epoch': 39, 'train_loss': 0.0018, 'train_acc': 1.0}
{'epoch': 40, 'train_loss': 0.0017, 'train_acc': 1.0}
{'epoch': 41, 'train_loss': 0.0016, 'train_acc': 1.0}
{'epoch': 42, 'train_loss': 0.0017, 'train_acc': 1.0}
{'epoch': 43, 'train_loss': 0.0017, 'train_acc': 1.0}
{'epoch': 44, 'train_loss': 0.0016, 'train_acc': 1.0}
{'epoch': 45, 'train_loss': 0.0015, 'train_acc': 1.0}
{'epoch': 46, 'train_loss': 0.0016, 'train_acc': 1.0}
{'epoch': 47, 'train_loss': 0.0015, 'train_acc': 1.0}
{'epoch': 48, 'train_loss': 0.0015, 'train_acc': 1.0}
{'epoch': 49, 'train_loss': 0.0014, 'train_acc': 1.0}
{'epoch': 50, 'train_loss': 0.0014, 'train_acc': 1.0}
{'epoch': 51, 'train_loss': 0.0014, 'train_acc': 1.0}
{'epoch': 52, 'train_loss': 0.0012, 'train_acc': 1.0}
{'epoch': 53, 'train_loss': 0.0012, 'train_acc': 1.0}
{'epoch': 54, 'train_loss': 0.0013, 'train_acc': 1.0}
{'epoch': 55, 'train_loss': 0.0012, 'train_acc': 1.0}
{'epoch': 56, 'train_loss': 0.0012, 'train_acc': 1.0}
{'epoch': 57, 'train_loss': 0.0012, 'train_acc': 1.0}
{'epoch': 58, 'train_loss': 0.0012, 'train_acc': 1.0}
{'epoch': 59, 'train_loss': 0.0014, 'train_acc': 1.0}
{'epoch': 60, 'train_loss': 0.0012, 'train_acc': 1.0}
{'epoch': 61, 'train_loss': 0.0011, 'train_acc': 1.0}
{'epoch': 62, 'train_loss': 0.0011, 'train_acc': 1.0}
{'epoch': 63, 'train_loss': 0.0012, 'train_acc': 1.0}
{'epoch': 64, 'train_loss': 0.0011, 'train_acc': 1.0}
{'epoch': 65, 'train_loss': 0.0012, 'train_acc': 1.0}
{'epoch': 66, 'train_loss': 0.0012, 'train_acc': 1.0}
{'epoch': 67, 'train_loss': 0.0011, 'train_acc': 1.0}
{'epoch': 68, 'train_loss': 0.0011, 'train_acc': 1.0}
{'epoch': 69, 'train_loss': 0.0011, 'train_acc': 1.0}
{'epoch': 70, 'train_loss': 0.0011, 'train_acc': 1.0}
{'epoch': 71, 'train_loss': 0.0012, 'train_acc': 1.0}
{'epoch': 72, 'train_loss': 0.0011, 'train_acc': 1.0}
{'epoch': 73, 'train_loss': 0.001, 'train_acc': 1.0}
{'epoch': 74, 'train_loss': 0.0011, 'train_acc': 1.0}
{'epoch': 75, 'train_loss': 0.001, 'train_acc': 1.0}
{'epoch': 76, 'train_loss': 0.001, 'train_acc': 1.0}
{'epoch': 77, 'train_loss': 0.0011, 'train_acc': 1.0}
{'epoch': 78, 'train_loss': 0.0011, 'train_acc': 1.0}
{'epoch': 79, 'train_loss': 0.001, 'train_acc': 1.0}
{'epoch': 80, 'train_loss': 0.0009, 'train_acc': 1.0}
{'epoch': 81, 'train_loss': 0.0009, 'train_acc': 1.0}
{'epoch': 82, 'train_loss': 0.001, 'train_acc': 1.0}
{'epoch': 83, 'train_loss': 0.0011, 'train_acc': 1.0}
{'epoch': 84, 'train_loss': 0.001, 'train_acc': 1.0}
{'epoch': 85, 'train_loss': 0.001, 'train_acc': 1.0}
{'epoch': 86, 'train_loss': 0.0011, 'train_acc': 1.0}
{'epoch': 87, 'train_loss': 0.001, 'train_acc': 1.0}
{'epoch': 88, 'train_loss': 0.0011, 'train_acc': 1.0}
{'epoch': 89, 'train_loss': 0.0013, 'train_acc': 1.0}
{'epoch': 90, 'train_loss': 0.001, 'train_acc': 1.0}
{'epoch': 91, 'train_loss': 0.001, 'train_acc': 1.0}
{'epoch': 92, 'train_loss': 0.0011, 'train_acc': 1.0}
{'epoch': 93, 'train_loss': 0.001, 'train_acc': 1.0}
{'epoch': 94, 'train_loss': 0.0012, 'train_acc': 1.0}
{'epoch': 95, 'train_loss': 0.0011, 'train_acc': 1.0}
{'epoch': 96, 'train_loss': 0.0011, 'train_acc': 1.0}
{'epoch': 97, 'train_loss': 0.0011, 'train_acc': 1.0}
{'epoch': 98, 'train_loss': 0.001, 'train_acc': 1.0}
{'epoch': 99, 'train_loss': 0.001, 'train_acc': 1.0}
{'epoch': 100, 'train_loss': 0.0011, 'train_acc': 1.0}
{'run_num': 9, 'final_test_err': 0.5941000000000001}
{'avg_err': 0.5936, 'std_err': 0.0111}
