{'deploy': True, 'tag': '04_ood/singlehead_agnostic_mixed_cinic1', 'seed': 10, 'device': 'cuda:0', 'reps': 10, 'loss': {'alpha': 0.5, 'tune_alpha': False, 'group_task_loss': False}, 'task': {'dataset': 'cinic_img', 'task_map': [[0, 1], [2, 3], [4, 5], [6, 7], [8, 9]], 'target': 0, 'ood': [4], 'augment': False, 'n': 10, 'm_n': 1, 'beta': 0.5, 'custom_sampler': False, 'num_cinic': 2500}, 'hp': {'epochs': 100, 'bs': 16, 'lr': 0.01}, 'net': 'conv'}
Files already downloaded and verified
Files already downloaded and verified
{'epoch': 1, 'train_loss': 2.4313, 'train_acc': 0.13}
{'epoch': 2, 'train_loss': 1.8328, 'train_acc': 0.365}
{'epoch': 3, 'train_loss': 1.3722, 'train_acc': 0.53}
{'epoch': 4, 'train_loss': 1.0178, 'train_acc': 0.7}
{'epoch': 5, 'train_loss': 0.5898, 'train_acc': 0.86}
{'epoch': 6, 'train_loss': 0.3932, 'train_acc': 0.94}
{'epoch': 7, 'train_loss': 0.1704, 'train_acc': 0.995}
{'epoch': 8, 'train_loss': 0.0875, 'train_acc': 1.0}
{'epoch': 9, 'train_loss': 0.0504, 'train_acc': 1.0}
{'epoch': 10, 'train_loss': 0.0306, 'train_acc': 1.0}
{'epoch': 11, 'train_loss': 0.0198, 'train_acc': 1.0}
{'epoch': 12, 'train_loss': 0.0184, 'train_acc': 1.0}
{'epoch': 13, 'train_loss': 0.0136, 'train_acc': 1.0}
{'epoch': 14, 'train_loss': 0.0133, 'train_acc': 1.0}
{'epoch': 15, 'train_loss': 0.0102, 'train_acc': 1.0}
{'epoch': 16, 'train_loss': 0.0094, 'train_acc': 1.0}
{'epoch': 17, 'train_loss': 0.0093, 'train_acc': 1.0}
{'epoch': 18, 'train_loss': 0.0073, 'train_acc': 1.0}
{'epoch': 19, 'train_loss': 0.0071, 'train_acc': 1.0}
{'epoch': 20, 'train_loss': 0.0057, 'train_acc': 1.0}
{'epoch': 21, 'train_loss': 0.006, 'train_acc': 1.0}
{'epoch': 22, 'train_loss': 0.0053, 'train_acc': 1.0}
{'epoch': 23, 'train_loss': 0.0055, 'train_acc': 1.0}
{'epoch': 24, 'train_loss': 0.0054, 'train_acc': 1.0}
{'epoch': 25, 'train_loss': 0.0049, 'train_acc': 1.0}
{'epoch': 26, 'train_loss': 0.0044, 'train_acc': 1.0}
{'epoch': 27, 'train_loss': 0.0047, 'train_acc': 1.0}
{'epoch': 28, 'train_loss': 0.0039, 'train_acc': 1.0}
{'epoch': 29, 'train_loss': 0.0039, 'train_acc': 1.0}
{'epoch': 30, 'train_loss': 0.0036, 'train_acc': 1.0}
{'epoch': 31, 'train_loss': 0.0033, 'train_acc': 1.0}
{'epoch': 32, 'train_loss': 0.0035, 'train_acc': 1.0}
{'epoch': 33, 'train_loss': 0.0034, 'train_acc': 1.0}
{'epoch': 34, 'train_loss': 0.0035, 'train_acc': 1.0}
{'epoch': 35, 'train_loss': 0.0033, 'train_acc': 1.0}
{'epoch': 36, 'train_loss': 0.0029, 'train_acc': 1.0}
{'epoch': 37, 'train_loss': 0.0035, 'train_acc': 1.0}
{'epoch': 38, 'train_loss': 0.0028, 'train_acc': 1.0}
{'epoch': 39, 'train_loss': 0.0031, 'train_acc': 1.0}
{'epoch': 40, 'train_loss': 0.0029, 'train_acc': 1.0}
{'epoch': 41, 'train_loss': 0.0027, 'train_acc': 1.0}
{'epoch': 42, 'train_loss': 0.0032, 'train_acc': 1.0}
{'epoch': 43, 'train_loss': 0.0025, 'train_acc': 1.0}
{'epoch': 44, 'train_loss': 0.0024, 'train_acc': 1.0}
{'epoch': 45, 'train_loss': 0.0026, 'train_acc': 1.0}
{'epoch': 46, 'train_loss': 0.0026, 'train_acc': 1.0}
{'epoch': 47, 'train_loss': 0.0023, 'train_acc': 1.0}
{'epoch': 48, 'train_loss': 0.0022, 'train_acc': 1.0}
{'epoch': 49, 'train_loss': 0.0024, 'train_acc': 1.0}
{'epoch': 50, 'train_loss': 0.0026, 'train_acc': 1.0}
{'epoch': 51, 'train_loss': 0.0022, 'train_acc': 1.0}
{'epoch': 52, 'train_loss': 0.0025, 'train_acc': 1.0}
{'epoch': 53, 'train_loss': 0.0024, 'train_acc': 1.0}
{'epoch': 54, 'train_loss': 0.0025, 'train_acc': 1.0}
{'epoch': 55, 'train_loss': 0.0026, 'train_acc': 1.0}
{'epoch': 56, 'train_loss': 0.0021, 'train_acc': 1.0}
{'epoch': 57, 'train_loss': 0.002, 'train_acc': 1.0}
{'epoch': 58, 'train_loss': 0.002, 'train_acc': 1.0}
{'epoch': 59, 'train_loss': 0.0021, 'train_acc': 1.0}
{'epoch': 60, 'train_loss': 0.0021, 'train_acc': 1.0}
{'epoch': 61, 'train_loss': 0.0021, 'train_acc': 1.0}
{'epoch': 62, 'train_loss': 0.0021, 'train_acc': 1.0}
{'epoch': 63, 'train_loss': 0.0018, 'train_acc': 1.0}
{'epoch': 64, 'train_loss': 0.0021, 'train_acc': 1.0}
{'epoch': 65, 'train_loss': 0.0017, 'train_acc': 1.0}
{'epoch': 66, 'train_loss': 0.002, 'train_acc': 1.0}
{'epoch': 67, 'train_loss': 0.0019, 'train_acc': 1.0}
{'epoch': 68, 'train_loss': 0.0018, 'train_acc': 1.0}
{'epoch': 69, 'train_loss': 0.002, 'train_acc': 1.0}
{'epoch': 70, 'train_loss': 0.0021, 'train_acc': 1.0}
{'epoch': 71, 'train_loss': 0.0019, 'train_acc': 1.0}
{'epoch': 72, 'train_loss': 0.0019, 'train_acc': 1.0}
{'epoch': 73, 'train_loss': 0.0017, 'train_acc': 1.0}
{'epoch': 74, 'train_loss': 0.0017, 'train_acc': 1.0}
{'epoch': 75, 'train_loss': 0.0018, 'train_acc': 1.0}
{'epoch': 76, 'train_loss': 0.0018, 'train_acc': 1.0}
{'epoch': 77, 'train_loss': 0.0017, 'train_acc': 1.0}
{'epoch': 78, 'train_loss': 0.0018, 'train_acc': 1.0}
{'epoch': 79, 'train_loss': 0.002, 'train_acc': 1.0}
{'epoch': 80, 'train_loss': 0.0021, 'train_acc': 1.0}
{'epoch': 81, 'train_loss': 0.0018, 'train_acc': 1.0}
{'epoch': 82, 'train_loss': 0.0019, 'train_acc': 1.0}
{'epoch': 83, 'train_loss': 0.0017, 'train_acc': 1.0}
{'epoch': 84, 'train_loss': 0.0017, 'train_acc': 1.0}
{'epoch': 85, 'train_loss': 0.0019, 'train_acc': 1.0}
{'epoch': 86, 'train_loss': 0.0019, 'train_acc': 1.0}
{'epoch': 87, 'train_loss': 0.0021, 'train_acc': 1.0}
{'epoch': 88, 'train_loss': 0.0018, 'train_acc': 1.0}
{'epoch': 89, 'train_loss': 0.002, 'train_acc': 1.0}
{'epoch': 90, 'train_loss': 0.0018, 'train_acc': 1.0}
{'epoch': 91, 'train_loss': 0.0018, 'train_acc': 1.0}
{'epoch': 92, 'train_loss': 0.0018, 'train_acc': 1.0}
{'epoch': 93, 'train_loss': 0.0018, 'train_acc': 1.0}
{'epoch': 94, 'train_loss': 0.0018, 'train_acc': 1.0}
{'epoch': 95, 'train_loss': 0.002, 'train_acc': 1.0}
{'epoch': 96, 'train_loss': 0.0017, 'train_acc': 1.0}
{'epoch': 97, 'train_loss': 0.0017, 'train_acc': 1.0}
{'epoch': 98, 'train_loss': 0.0018, 'train_acc': 1.0}
{'epoch': 99, 'train_loss': 0.002, 'train_acc': 1.0}
{'epoch': 100, 'train_loss': 0.0017, 'train_acc': 1.0}
{'run_num': 0, 'final_test_err': 0.7031000000000001}
Files already downloaded and verified
Files already downloaded and verified
{'epoch': 1, 'train_loss': 2.3716, 'train_acc': 0.155}
{'epoch': 2, 'train_loss': 1.7625, 'train_acc': 0.375}
{'epoch': 3, 'train_loss': 1.4062, 'train_acc': 0.495}
{'epoch': 4, 'train_loss': 1.0509, 'train_acc': 0.635}
{'epoch': 5, 'train_loss': 0.6625, 'train_acc': 0.84}
{'epoch': 6, 'train_loss': 0.4077, 'train_acc': 0.95}
{'epoch': 7, 'train_loss': 0.2014, 'train_acc': 0.995}
{'epoch': 8, 'train_loss': 0.1028, 'train_acc': 0.995}
{'epoch': 9, 'train_loss': 0.0555, 'train_acc': 1.0}
{'epoch': 10, 'train_loss': 0.0329, 'train_acc': 1.0}
{'epoch': 11, 'train_loss': 0.0275, 'train_acc': 1.0}
{'epoch': 12, 'train_loss': 0.0168, 'train_acc': 1.0}
{'epoch': 13, 'train_loss': 0.0132, 'train_acc': 1.0}
{'epoch': 14, 'train_loss': 0.0096, 'train_acc': 1.0}
{'epoch': 15, 'train_loss': 0.0094, 'train_acc': 1.0}
{'epoch': 16, 'train_loss': 0.0084, 'train_acc': 1.0}
{'epoch': 17, 'train_loss': 0.0079, 'train_acc': 1.0}
{'epoch': 18, 'train_loss': 0.0071, 'train_acc': 1.0}
{'epoch': 19, 'train_loss': 0.0066, 'train_acc': 1.0}
{'epoch': 20, 'train_loss': 0.006, 'train_acc': 1.0}
{'epoch': 21, 'train_loss': 0.0059, 'train_acc': 1.0}
{'epoch': 22, 'train_loss': 0.0052, 'train_acc': 1.0}
{'epoch': 23, 'train_loss': 0.0053, 'train_acc': 1.0}
{'epoch': 24, 'train_loss': 0.0046, 'train_acc': 1.0}
{'epoch': 25, 'train_loss': 0.0046, 'train_acc': 1.0}
{'epoch': 26, 'train_loss': 0.0052, 'train_acc': 1.0}
{'epoch': 27, 'train_loss': 0.0042, 'train_acc': 1.0}
{'epoch': 28, 'train_loss': 0.0039, 'train_acc': 1.0}
{'epoch': 29, 'train_loss': 0.0038, 'train_acc': 1.0}
{'epoch': 30, 'train_loss': 0.0034, 'train_acc': 1.0}
{'epoch': 31, 'train_loss': 0.0037, 'train_acc': 1.0}
{'epoch': 32, 'train_loss': 0.0037, 'train_acc': 1.0}
{'epoch': 33, 'train_loss': 0.0032, 'train_acc': 1.0}
{'epoch': 34, 'train_loss': 0.0036, 'train_acc': 1.0}
{'epoch': 35, 'train_loss': 0.003, 'train_acc': 1.0}
{'epoch': 36, 'train_loss': 0.003, 'train_acc': 1.0}
{'epoch': 37, 'train_loss': 0.0027, 'train_acc': 1.0}
{'epoch': 38, 'train_loss': 0.003, 'train_acc': 1.0}
{'epoch': 39, 'train_loss': 0.0031, 'train_acc': 1.0}
{'epoch': 40, 'train_loss': 0.0027, 'train_acc': 1.0}
{'epoch': 41, 'train_loss': 0.0025, 'train_acc': 1.0}
{'epoch': 42, 'train_loss': 0.0024, 'train_acc': 1.0}
{'epoch': 43, 'train_loss': 0.0025, 'train_acc': 1.0}
{'epoch': 44, 'train_loss': 0.0026, 'train_acc': 1.0}
{'epoch': 45, 'train_loss': 0.0024, 'train_acc': 1.0}
{'epoch': 46, 'train_loss': 0.0023, 'train_acc': 1.0}
{'epoch': 47, 'train_loss': 0.0021, 'train_acc': 1.0}
{'epoch': 48, 'train_loss': 0.0019, 'train_acc': 1.0}
{'epoch': 49, 'train_loss': 0.0024, 'train_acc': 1.0}
{'epoch': 50, 'train_loss': 0.0026, 'train_acc': 1.0}
{'epoch': 51, 'train_loss': 0.0022, 'train_acc': 1.0}
{'epoch': 52, 'train_loss': 0.0025, 'train_acc': 1.0}
{'epoch': 53, 'train_loss': 0.0021, 'train_acc': 1.0}
{'epoch': 54, 'train_loss': 0.002, 'train_acc': 1.0}
{'epoch': 55, 'train_loss': 0.0023, 'train_acc': 1.0}
{'epoch': 56, 'train_loss': 0.002, 'train_acc': 1.0}
{'epoch': 57, 'train_loss': 0.0021, 'train_acc': 1.0}
{'epoch': 58, 'train_loss': 0.0019, 'train_acc': 1.0}
{'epoch': 59, 'train_loss': 0.0021, 'train_acc': 1.0}
{'epoch': 60, 'train_loss': 0.0022, 'train_acc': 1.0}
{'epoch': 61, 'train_loss': 0.0023, 'train_acc': 1.0}
{'epoch': 62, 'train_loss': 0.0018, 'train_acc': 1.0}
{'epoch': 63, 'train_loss': 0.0018, 'train_acc': 1.0}
{'epoch': 64, 'train_loss': 0.002, 'train_acc': 1.0}
{'epoch': 65, 'train_loss': 0.0018, 'train_acc': 1.0}
{'epoch': 66, 'train_loss': 0.002, 'train_acc': 1.0}
{'epoch': 67, 'train_loss': 0.0023, 'train_acc': 1.0}
{'epoch': 68, 'train_loss': 0.0019, 'train_acc': 1.0}
{'epoch': 69, 'train_loss': 0.0017, 'train_acc': 1.0}
{'epoch': 70, 'train_loss': 0.0018, 'train_acc': 1.0}
{'epoch': 71, 'train_loss': 0.0017, 'train_acc': 1.0}
{'epoch': 72, 'train_loss': 0.0016, 'train_acc': 1.0}
{'epoch': 73, 'train_loss': 0.0017, 'train_acc': 1.0}
{'epoch': 74, 'train_loss': 0.0017, 'train_acc': 1.0}
{'epoch': 75, 'train_loss': 0.0019, 'train_acc': 1.0}
{'epoch': 76, 'train_loss': 0.0015, 'train_acc': 1.0}
{'epoch': 77, 'train_loss': 0.0016, 'train_acc': 1.0}
{'epoch': 78, 'train_loss': 0.0021, 'train_acc': 1.0}
{'epoch': 79, 'train_loss': 0.0017, 'train_acc': 1.0}
{'epoch': 80, 'train_loss': 0.0017, 'train_acc': 1.0}
{'epoch': 81, 'train_loss': 0.0019, 'train_acc': 1.0}
{'epoch': 82, 'train_loss': 0.0017, 'train_acc': 1.0}
{'epoch': 83, 'train_loss': 0.0016, 'train_acc': 1.0}
{'epoch': 84, 'train_loss': 0.0017, 'train_acc': 1.0}
{'epoch': 85, 'train_loss': 0.0016, 'train_acc': 1.0}
{'epoch': 86, 'train_loss': 0.0016, 'train_acc': 1.0}
{'epoch': 87, 'train_loss': 0.0016, 'train_acc': 1.0}
{'epoch': 88, 'train_loss': 0.0015, 'train_acc': 1.0}
{'epoch': 89, 'train_loss': 0.0016, 'train_acc': 1.0}
{'epoch': 90, 'train_loss': 0.0015, 'train_acc': 1.0}
{'epoch': 91, 'train_loss': 0.0016, 'train_acc': 1.0}
{'epoch': 92, 'train_loss': 0.0017, 'train_acc': 1.0}
{'epoch': 93, 'train_loss': 0.0017, 'train_acc': 1.0}
{'epoch': 94, 'train_loss': 0.0017, 'train_acc': 1.0}
{'epoch': 95, 'train_loss': 0.0017, 'train_acc': 1.0}
{'epoch': 96, 'train_loss': 0.0018, 'train_acc': 1.0}
{'epoch': 97, 'train_loss': 0.0016, 'train_acc': 1.0}
{'epoch': 98, 'train_loss': 0.0018, 'train_acc': 1.0}
{'epoch': 99, 'train_loss': 0.0016, 'train_acc': 1.0}
{'epoch': 100, 'train_loss': 0.0016, 'train_acc': 1.0}
{'run_num': 1, 'final_test_err': 0.6807000000000001}
Files already downloaded and verified
Files already downloaded and verified
{'epoch': 1, 'train_loss': 2.3777, 'train_acc': 0.165}
{'epoch': 2, 'train_loss': 1.8041, 'train_acc': 0.395}
{'epoch': 3, 'train_loss': 1.4243, 'train_acc': 0.53}
{'epoch': 4, 'train_loss': 0.997, 'train_acc': 0.67}
{'epoch': 5, 'train_loss': 0.6719, 'train_acc': 0.815}
{'epoch': 6, 'train_loss': 0.3824, 'train_acc': 0.935}
{'epoch': 7, 'train_loss': 0.2278, 'train_acc': 0.975}
{'epoch': 8, 'train_loss': 0.1266, 'train_acc': 0.995}
{'epoch': 9, 'train_loss': 0.0608, 'train_acc': 1.0}
{'epoch': 10, 'train_loss': 0.0345, 'train_acc': 1.0}
{'epoch': 11, 'train_loss': 0.0243, 'train_acc': 1.0}
{'epoch': 12, 'train_loss': 0.0189, 'train_acc': 1.0}
{'epoch': 13, 'train_loss': 0.0153, 'train_acc': 1.0}
{'epoch': 14, 'train_loss': 0.0114, 'train_acc': 1.0}
{'epoch': 15, 'train_loss': 0.0121, 'train_acc': 1.0}
{'epoch': 16, 'train_loss': 0.0103, 'train_acc': 1.0}
{'epoch': 17, 'train_loss': 0.0094, 'train_acc': 1.0}
{'epoch': 18, 'train_loss': 0.0086, 'train_acc': 1.0}
{'epoch': 19, 'train_loss': 0.0084, 'train_acc': 1.0}
{'epoch': 20, 'train_loss': 0.007, 'train_acc': 1.0}
{'epoch': 21, 'train_loss': 0.0065, 'train_acc': 1.0}
{'epoch': 22, 'train_loss': 0.0056, 'train_acc': 1.0}
{'epoch': 23, 'train_loss': 0.0054, 'train_acc': 1.0}
{'epoch': 24, 'train_loss': 0.0051, 'train_acc': 1.0}
{'epoch': 25, 'train_loss': 0.0051, 'train_acc': 1.0}
{'epoch': 26, 'train_loss': 0.0045, 'train_acc': 1.0}
{'epoch': 27, 'train_loss': 0.0052, 'train_acc': 1.0}
{'epoch': 28, 'train_loss': 0.004, 'train_acc': 1.0}
{'epoch': 29, 'train_loss': 0.0041, 'train_acc': 1.0}
{'epoch': 30, 'train_loss': 0.0038, 'train_acc': 1.0}
{'epoch': 31, 'train_loss': 0.0037, 'train_acc': 1.0}
{'epoch': 32, 'train_loss': 0.0035, 'train_acc': 1.0}
{'epoch': 33, 'train_loss': 0.0037, 'train_acc': 1.0}
{'epoch': 34, 'train_loss': 0.0036, 'train_acc': 1.0}
{'epoch': 35, 'train_loss': 0.0037, 'train_acc': 1.0}
{'epoch': 36, 'train_loss': 0.0031, 'train_acc': 1.0}
{'epoch': 37, 'train_loss': 0.0027, 'train_acc': 1.0}
{'epoch': 38, 'train_loss': 0.0031, 'train_acc': 1.0}
{'epoch': 39, 'train_loss': 0.0029, 'train_acc': 1.0}
{'epoch': 40, 'train_loss': 0.0031, 'train_acc': 1.0}
{'epoch': 41, 'train_loss': 0.0029, 'train_acc': 1.0}
{'epoch': 42, 'train_loss': 0.0029, 'train_acc': 1.0}
{'epoch': 43, 'train_loss': 0.0032, 'train_acc': 1.0}
{'epoch': 44, 'train_loss': 0.0026, 'train_acc': 1.0}
{'epoch': 45, 'train_loss': 0.0022, 'train_acc': 1.0}
{'epoch': 46, 'train_loss': 0.0025, 'train_acc': 1.0}
{'epoch': 47, 'train_loss': 0.0024, 'train_acc': 1.0}
{'epoch': 48, 'train_loss': 0.0024, 'train_acc': 1.0}
{'epoch': 49, 'train_loss': 0.0028, 'train_acc': 1.0}
{'epoch': 50, 'train_loss': 0.0021, 'train_acc': 1.0}
{'epoch': 51, 'train_loss': 0.0024, 'train_acc': 1.0}
{'epoch': 52, 'train_loss': 0.0022, 'train_acc': 1.0}
{'epoch': 53, 'train_loss': 0.0025, 'train_acc': 1.0}
{'epoch': 54, 'train_loss': 0.0022, 'train_acc': 1.0}
{'epoch': 55, 'train_loss': 0.0022, 'train_acc': 1.0}
{'epoch': 56, 'train_loss': 0.0021, 'train_acc': 1.0}
{'epoch': 57, 'train_loss': 0.0022, 'train_acc': 1.0}
{'epoch': 58, 'train_loss': 0.002, 'train_acc': 1.0}
{'epoch': 59, 'train_loss': 0.002, 'train_acc': 1.0}
{'epoch': 60, 'train_loss': 0.0019, 'train_acc': 1.0}
{'epoch': 61, 'train_loss': 0.0022, 'train_acc': 1.0}
{'epoch': 62, 'train_loss': 0.002, 'train_acc': 1.0}
{'epoch': 63, 'train_loss': 0.0025, 'train_acc': 1.0}
{'epoch': 64, 'train_loss': 0.0017, 'train_acc': 1.0}
{'epoch': 65, 'train_loss': 0.002, 'train_acc': 1.0}
{'epoch': 66, 'train_loss': 0.0021, 'train_acc': 1.0}
{'epoch': 67, 'train_loss': 0.0023, 'train_acc': 1.0}
{'epoch': 68, 'train_loss': 0.0022, 'train_acc': 1.0}
{'epoch': 69, 'train_loss': 0.0017, 'train_acc': 1.0}
{'epoch': 70, 'train_loss': 0.002, 'train_acc': 1.0}
{'epoch': 71, 'train_loss': 0.0018, 'train_acc': 1.0}
{'epoch': 72, 'train_loss': 0.0018, 'train_acc': 1.0}
{'epoch': 73, 'train_loss': 0.0018, 'train_acc': 1.0}
{'epoch': 74, 'train_loss': 0.0019, 'train_acc': 1.0}
{'epoch': 75, 'train_loss': 0.0022, 'train_acc': 1.0}
{'epoch': 76, 'train_loss': 0.0019, 'train_acc': 1.0}
{'epoch': 77, 'train_loss': 0.0022, 'train_acc': 1.0}
{'epoch': 78, 'train_loss': 0.0016, 'train_acc': 1.0}
{'epoch': 79, 'train_loss': 0.0018, 'train_acc': 1.0}
{'epoch': 80, 'train_loss': 0.0021, 'train_acc': 1.0}
{'epoch': 81, 'train_loss': 0.0019, 'train_acc': 1.0}
{'epoch': 82, 'train_loss': 0.0018, 'train_acc': 1.0}
{'epoch': 83, 'train_loss': 0.0019, 'train_acc': 1.0}
{'epoch': 84, 'train_loss': 0.0017, 'train_acc': 1.0}
{'epoch': 85, 'train_loss': 0.0019, 'train_acc': 1.0}
{'epoch': 86, 'train_loss': 0.0021, 'train_acc': 1.0}
{'epoch': 87, 'train_loss': 0.0016, 'train_acc': 1.0}
{'epoch': 88, 'train_loss': 0.0016, 'train_acc': 1.0}
{'epoch': 89, 'train_loss': 0.0017, 'train_acc': 1.0}
{'epoch': 90, 'train_loss': 0.0016, 'train_acc': 1.0}
{'epoch': 91, 'train_loss': 0.0019, 'train_acc': 1.0}
{'epoch': 92, 'train_loss': 0.0017, 'train_acc': 1.0}
{'epoch': 93, 'train_loss': 0.002, 'train_acc': 1.0}
{'epoch': 94, 'train_loss': 0.002, 'train_acc': 1.0}
{'epoch': 95, 'train_loss': 0.002, 'train_acc': 1.0}
{'epoch': 96, 'train_loss': 0.0018, 'train_acc': 1.0}
{'epoch': 97, 'train_loss': 0.0019, 'train_acc': 1.0}
{'epoch': 98, 'train_loss': 0.0019, 'train_acc': 1.0}
{'epoch': 99, 'train_loss': 0.0019, 'train_acc': 1.0}
{'epoch': 100, 'train_loss': 0.0017, 'train_acc': 1.0}
{'run_num': 2, 'final_test_err': 0.6855}
Files already downloaded and verified
Files already downloaded and verified
{'epoch': 1, 'train_loss': 2.3103, 'train_acc': 0.175}
{'epoch': 2, 'train_loss': 1.7365, 'train_acc': 0.375}
{'epoch': 3, 'train_loss': 1.2963, 'train_acc': 0.535}
{'epoch': 4, 'train_loss': 0.9034, 'train_acc': 0.735}
{'epoch': 5, 'train_loss': 0.6134, 'train_acc': 0.84}
{'epoch': 6, 'train_loss': 0.37, 'train_acc': 0.935}
{'epoch': 7, 'train_loss': 0.2187, 'train_acc': 0.97}
{'epoch': 8, 'train_loss': 0.1439, 'train_acc': 0.99}
{'epoch': 9, 'train_loss': 0.0735, 'train_acc': 0.995}
{'epoch': 10, 'train_loss': 0.0564, 'train_acc': 1.0}
{'epoch': 11, 'train_loss': 0.0236, 'train_acc': 1.0}
{'epoch': 12, 'train_loss': 0.0223, 'train_acc': 1.0}
{'epoch': 13, 'train_loss': 0.0164, 'train_acc': 1.0}
{'epoch': 14, 'train_loss': 0.0135, 'train_acc': 1.0}
{'epoch': 15, 'train_loss': 0.0103, 'train_acc': 1.0}
{'epoch': 16, 'train_loss': 0.0086, 'train_acc': 1.0}
{'epoch': 17, 'train_loss': 0.0077, 'train_acc': 1.0}
{'epoch': 18, 'train_loss': 0.0078, 'train_acc': 1.0}
{'epoch': 19, 'train_loss': 0.0083, 'train_acc': 1.0}
{'epoch': 20, 'train_loss': 0.0054, 'train_acc': 1.0}
{'epoch': 21, 'train_loss': 0.006, 'train_acc': 1.0}
{'epoch': 22, 'train_loss': 0.0054, 'train_acc': 1.0}
{'epoch': 23, 'train_loss': 0.0056, 'train_acc': 1.0}
{'epoch': 24, 'train_loss': 0.0052, 'train_acc': 1.0}
{'epoch': 25, 'train_loss': 0.0044, 'train_acc': 1.0}
{'epoch': 26, 'train_loss': 0.004, 'train_acc': 1.0}
{'epoch': 27, 'train_loss': 0.0042, 'train_acc': 1.0}
{'epoch': 28, 'train_loss': 0.0049, 'train_acc': 1.0}
{'epoch': 29, 'train_loss': 0.004, 'train_acc': 1.0}
{'epoch': 30, 'train_loss': 0.0039, 'train_acc': 1.0}
{'epoch': 31, 'train_loss': 0.0037, 'train_acc': 1.0}
{'epoch': 32, 'train_loss': 0.0036, 'train_acc': 1.0}
{'epoch': 33, 'train_loss': 0.003, 'train_acc': 1.0}
{'epoch': 34, 'train_loss': 0.0031, 'train_acc': 1.0}
{'epoch': 35, 'train_loss': 0.0034, 'train_acc': 1.0}
{'epoch': 36, 'train_loss': 0.0036, 'train_acc': 1.0}
{'epoch': 37, 'train_loss': 0.0033, 'train_acc': 1.0}
{'epoch': 38, 'train_loss': 0.0028, 'train_acc': 1.0}
{'epoch': 39, 'train_loss': 0.0031, 'train_acc': 1.0}
{'epoch': 40, 'train_loss': 0.0028, 'train_acc': 1.0}
{'epoch': 41, 'train_loss': 0.0037, 'train_acc': 1.0}
{'epoch': 42, 'train_loss': 0.003, 'train_acc': 1.0}
{'epoch': 43, 'train_loss': 0.0027, 'train_acc': 1.0}
{'epoch': 44, 'train_loss': 0.0026, 'train_acc': 1.0}
{'epoch': 45, 'train_loss': 0.0028, 'train_acc': 1.0}
{'epoch': 46, 'train_loss': 0.0024, 'train_acc': 1.0}
{'epoch': 47, 'train_loss': 0.0034, 'train_acc': 1.0}
{'epoch': 48, 'train_loss': 0.0025, 'train_acc': 1.0}
{'epoch': 49, 'train_loss': 0.003, 'train_acc': 1.0}
{'epoch': 50, 'train_loss': 0.0023, 'train_acc': 1.0}
{'epoch': 51, 'train_loss': 0.0023, 'train_acc': 1.0}
{'epoch': 52, 'train_loss': 0.0019, 'train_acc': 1.0}
{'epoch': 53, 'train_loss': 0.0019, 'train_acc': 1.0}
{'epoch': 54, 'train_loss': 0.0024, 'train_acc': 1.0}
{'epoch': 55, 'train_loss': 0.0022, 'train_acc': 1.0}
{'epoch': 56, 'train_loss': 0.0018, 'train_acc': 1.0}
{'epoch': 57, 'train_loss': 0.0017, 'train_acc': 1.0}
{'epoch': 58, 'train_loss': 0.0019, 'train_acc': 1.0}
{'epoch': 59, 'train_loss': 0.0019, 'train_acc': 1.0}
{'epoch': 60, 'train_loss': 0.002, 'train_acc': 1.0}
{'epoch': 61, 'train_loss': 0.002, 'train_acc': 1.0}
{'epoch': 62, 'train_loss': 0.002, 'train_acc': 1.0}
{'epoch': 63, 'train_loss': 0.0021, 'train_acc': 1.0}
{'epoch': 64, 'train_loss': 0.0019, 'train_acc': 1.0}
{'epoch': 65, 'train_loss': 0.0019, 'train_acc': 1.0}
{'epoch': 66, 'train_loss': 0.0016, 'train_acc': 1.0}
{'epoch': 67, 'train_loss': 0.0018, 'train_acc': 1.0}
{'epoch': 68, 'train_loss': 0.0019, 'train_acc': 1.0}
{'epoch': 69, 'train_loss': 0.0017, 'train_acc': 1.0}
{'epoch': 70, 'train_loss': 0.0018, 'train_acc': 1.0}
{'epoch': 71, 'train_loss': 0.002, 'train_acc': 1.0}
{'epoch': 72, 'train_loss': 0.0017, 'train_acc': 1.0}
{'epoch': 73, 'train_loss': 0.0017, 'train_acc': 1.0}
{'epoch': 74, 'train_loss': 0.002, 'train_acc': 1.0}
{'epoch': 75, 'train_loss': 0.0024, 'train_acc': 1.0}
{'epoch': 76, 'train_loss': 0.0018, 'train_acc': 1.0}
{'epoch': 77, 'train_loss': 0.0018, 'train_acc': 1.0}
{'epoch': 78, 'train_loss': 0.0016, 'train_acc': 1.0}
{'epoch': 79, 'train_loss': 0.0018, 'train_acc': 1.0}
{'epoch': 80, 'train_loss': 0.0017, 'train_acc': 1.0}
{'epoch': 81, 'train_loss': 0.0019, 'train_acc': 1.0}
{'epoch': 82, 'train_loss': 0.0016, 'train_acc': 1.0}
{'epoch': 83, 'train_loss': 0.0019, 'train_acc': 1.0}
{'epoch': 84, 'train_loss': 0.0017, 'train_acc': 1.0}
{'epoch': 85, 'train_loss': 0.0016, 'train_acc': 1.0}
{'epoch': 86, 'train_loss': 0.0021, 'train_acc': 1.0}
{'epoch': 87, 'train_loss': 0.0016, 'train_acc': 1.0}
{'epoch': 88, 'train_loss': 0.0017, 'train_acc': 1.0}
{'epoch': 89, 'train_loss': 0.0016, 'train_acc': 1.0}
{'epoch': 90, 'train_loss': 0.002, 'train_acc': 1.0}
{'epoch': 91, 'train_loss': 0.0019, 'train_acc': 1.0}
{'epoch': 92, 'train_loss': 0.0021, 'train_acc': 1.0}
{'epoch': 93, 'train_loss': 0.0021, 'train_acc': 1.0}
{'epoch': 94, 'train_loss': 0.0015, 'train_acc': 1.0}
{'epoch': 95, 'train_loss': 0.0017, 'train_acc': 1.0}
{'epoch': 96, 'train_loss': 0.0017, 'train_acc': 1.0}
{'epoch': 97, 'train_loss': 0.0018, 'train_acc': 1.0}
{'epoch': 98, 'train_loss': 0.0016, 'train_acc': 1.0}
{'epoch': 99, 'train_loss': 0.0015, 'train_acc': 1.0}
{'epoch': 100, 'train_loss': 0.0016, 'train_acc': 1.0}
{'run_num': 3, 'final_test_err': 0.6663}
Files already downloaded and verified
Files already downloaded and verified
{'epoch': 1, 'train_loss': 2.3246, 'train_acc': 0.17}
{'epoch': 2, 'train_loss': 1.7697, 'train_acc': 0.36}
{'epoch': 3, 'train_loss': 1.235, 'train_acc': 0.585}
{'epoch': 4, 'train_loss': 0.7575, 'train_acc': 0.805}
{'epoch': 5, 'train_loss': 0.4165, 'train_acc': 0.925}
{'epoch': 6, 'train_loss': 0.2453, 'train_acc': 0.97}
{'epoch': 7, 'train_loss': 0.1318, 'train_acc': 0.995}
{'epoch': 8, 'train_loss': 0.0584, 'train_acc': 1.0}
{'epoch': 9, 'train_loss': 0.0362, 'train_acc': 1.0}
{'epoch': 10, 'train_loss': 0.0237, 'train_acc': 1.0}
{'epoch': 11, 'train_loss': 0.0199, 'train_acc': 1.0}
{'epoch': 12, 'train_loss': 0.0153, 'train_acc': 1.0}
{'epoch': 13, 'train_loss': 0.0134, 'train_acc': 1.0}
{'epoch': 14, 'train_loss': 0.0103, 'train_acc': 1.0}
{'epoch': 15, 'train_loss': 0.0103, 'train_acc': 1.0}
{'epoch': 16, 'train_loss': 0.0099, 'train_acc': 1.0}
{'epoch': 17, 'train_loss': 0.0093, 'train_acc': 1.0}
{'epoch': 18, 'train_loss': 0.0087, 'train_acc': 1.0}
{'epoch': 19, 'train_loss': 0.007, 'train_acc': 1.0}
{'epoch': 20, 'train_loss': 0.0068, 'train_acc': 1.0}
{'epoch': 21, 'train_loss': 0.0065, 'train_acc': 1.0}
{'epoch': 22, 'train_loss': 0.0061, 'train_acc': 1.0}
{'epoch': 23, 'train_loss': 0.0056, 'train_acc': 1.0}
{'epoch': 24, 'train_loss': 0.0047, 'train_acc': 1.0}
{'epoch': 25, 'train_loss': 0.0046, 'train_acc': 1.0}
{'epoch': 26, 'train_loss': 0.004, 'train_acc': 1.0}
{'epoch': 27, 'train_loss': 0.0045, 'train_acc': 1.0}
{'epoch': 28, 'train_loss': 0.0037, 'train_acc': 1.0}
{'epoch': 29, 'train_loss': 0.0039, 'train_acc': 1.0}
{'epoch': 30, 'train_loss': 0.0033, 'train_acc': 1.0}
{'epoch': 31, 'train_loss': 0.0039, 'train_acc': 1.0}
{'epoch': 32, 'train_loss': 0.0033, 'train_acc': 1.0}
{'epoch': 33, 'train_loss': 0.0032, 'train_acc': 1.0}
{'epoch': 34, 'train_loss': 0.0033, 'train_acc': 1.0}
{'epoch': 35, 'train_loss': 0.0032, 'train_acc': 1.0}
{'epoch': 36, 'train_loss': 0.0032, 'train_acc': 1.0}
{'epoch': 37, 'train_loss': 0.003, 'train_acc': 1.0}
{'epoch': 38, 'train_loss': 0.0027, 'train_acc': 1.0}
{'epoch': 39, 'train_loss': 0.003, 'train_acc': 1.0}
{'epoch': 40, 'train_loss': 0.0028, 'train_acc': 1.0}
{'epoch': 41, 'train_loss': 0.0024, 'train_acc': 1.0}
{'epoch': 42, 'train_loss': 0.0026, 'train_acc': 1.0}
{'epoch': 43, 'train_loss': 0.0026, 'train_acc': 1.0}
{'epoch': 44, 'train_loss': 0.0027, 'train_acc': 1.0}
{'epoch': 45, 'train_loss': 0.0028, 'train_acc': 1.0}
{'epoch': 46, 'train_loss': 0.0024, 'train_acc': 1.0}
{'epoch': 47, 'train_loss': 0.0023, 'train_acc': 1.0}
{'epoch': 48, 'train_loss': 0.0029, 'train_acc': 1.0}
{'epoch': 49, 'train_loss': 0.0024, 'train_acc': 1.0}
{'epoch': 50, 'train_loss': 0.0024, 'train_acc': 1.0}
{'epoch': 51, 'train_loss': 0.0022, 'train_acc': 1.0}
{'epoch': 52, 'train_loss': 0.0021, 'train_acc': 1.0}
{'epoch': 53, 'train_loss': 0.0025, 'train_acc': 1.0}
{'epoch': 54, 'train_loss': 0.0021, 'train_acc': 1.0}
{'epoch': 55, 'train_loss': 0.0021, 'train_acc': 1.0}
{'epoch': 56, 'train_loss': 0.0023, 'train_acc': 1.0}
{'epoch': 57, 'train_loss': 0.002, 'train_acc': 1.0}
{'epoch': 58, 'train_loss': 0.0019, 'train_acc': 1.0}
{'epoch': 59, 'train_loss': 0.0019, 'train_acc': 1.0}
{'epoch': 60, 'train_loss': 0.0019, 'train_acc': 1.0}
{'epoch': 61, 'train_loss': 0.0018, 'train_acc': 1.0}
{'epoch': 62, 'train_loss': 0.0021, 'train_acc': 1.0}
{'epoch': 63, 'train_loss': 0.0016, 'train_acc': 1.0}
{'epoch': 64, 'train_loss': 0.002, 'train_acc': 1.0}
{'epoch': 65, 'train_loss': 0.002, 'train_acc': 1.0}
{'epoch': 66, 'train_loss': 0.0019, 'train_acc': 1.0}
{'epoch': 67, 'train_loss': 0.0018, 'train_acc': 1.0}
{'epoch': 68, 'train_loss': 0.0019, 'train_acc': 1.0}
{'epoch': 69, 'train_loss': 0.0022, 'train_acc': 1.0}
{'epoch': 70, 'train_loss': 0.002, 'train_acc': 1.0}
{'epoch': 71, 'train_loss': 0.0026, 'train_acc': 1.0}
{'epoch': 72, 'train_loss': 0.0018, 'train_acc': 1.0}
{'epoch': 73, 'train_loss': 0.0018, 'train_acc': 1.0}
{'epoch': 74, 'train_loss': 0.0016, 'train_acc': 1.0}
{'epoch': 75, 'train_loss': 0.002, 'train_acc': 1.0}
{'epoch': 76, 'train_loss': 0.0017, 'train_acc': 1.0}
{'epoch': 77, 'train_loss': 0.0019, 'train_acc': 1.0}
{'epoch': 78, 'train_loss': 0.0017, 'train_acc': 1.0}
{'epoch': 79, 'train_loss': 0.0017, 'train_acc': 1.0}
{'epoch': 80, 'train_loss': 0.0025, 'train_acc': 1.0}
{'epoch': 81, 'train_loss': 0.0021, 'train_acc': 1.0}
{'epoch': 82, 'train_loss': 0.0017, 'train_acc': 1.0}
{'epoch': 83, 'train_loss': 0.0016, 'train_acc': 1.0}
{'epoch': 84, 'train_loss': 0.0017, 'train_acc': 1.0}
{'epoch': 85, 'train_loss': 0.0017, 'train_acc': 1.0}
{'epoch': 86, 'train_loss': 0.0019, 'train_acc': 1.0}
{'epoch': 87, 'train_loss': 0.0017, 'train_acc': 1.0}
{'epoch': 88, 'train_loss': 0.0016, 'train_acc': 1.0}
{'epoch': 89, 'train_loss': 0.0017, 'train_acc': 1.0}
{'epoch': 90, 'train_loss': 0.0019, 'train_acc': 1.0}
{'epoch': 91, 'train_loss': 0.0018, 'train_acc': 1.0}
{'epoch': 92, 'train_loss': 0.002, 'train_acc': 1.0}
{'epoch': 93, 'train_loss': 0.0016, 'train_acc': 1.0}
{'epoch': 94, 'train_loss': 0.0017, 'train_acc': 1.0}
{'epoch': 95, 'train_loss': 0.0018, 'train_acc': 1.0}
{'epoch': 96, 'train_loss': 0.0021, 'train_acc': 1.0}
{'epoch': 97, 'train_loss': 0.0017, 'train_acc': 1.0}
{'epoch': 98, 'train_loss': 0.0018, 'train_acc': 1.0}
{'epoch': 99, 'train_loss': 0.0022, 'train_acc': 1.0}
{'epoch': 100, 'train_loss': 0.0016, 'train_acc': 1.0}
{'run_num': 4, 'final_test_err': 0.6571}
Files already downloaded and verified
Files already downloaded and verified
{'epoch': 1, 'train_loss': 2.4682, 'train_acc': 0.135}
{'epoch': 2, 'train_loss': 1.912, 'train_acc': 0.34}
{'epoch': 3, 'train_loss': 1.5661, 'train_acc': 0.425}
{'epoch': 4, 'train_loss': 1.1275, 'train_acc': 0.61}
{'epoch': 5, 'train_loss': 0.7338, 'train_acc': 0.805}
{'epoch': 6, 'train_loss': 0.4382, 'train_acc': 0.93}
{'epoch': 7, 'train_loss': 0.3291, 'train_acc': 0.95}
{'epoch': 8, 'train_loss': 0.1459, 'train_acc': 0.99}
{'epoch': 9, 'train_loss': 0.0844, 'train_acc': 1.0}
{'epoch': 10, 'train_loss': 0.0478, 'train_acc': 1.0}
{'epoch': 11, 'train_loss': 0.0288, 'train_acc': 1.0}
{'epoch': 12, 'train_loss': 0.0229, 'train_acc': 1.0}
{'epoch': 13, 'train_loss': 0.017, 'train_acc': 1.0}
{'epoch': 14, 'train_loss': 0.0136, 'train_acc': 1.0}
{'epoch': 15, 'train_loss': 0.0125, 'train_acc': 1.0}
{'epoch': 16, 'train_loss': 0.0125, 'train_acc': 1.0}
{'epoch': 17, 'train_loss': 0.0099, 'train_acc': 1.0}
{'epoch': 18, 'train_loss': 0.0091, 'train_acc': 1.0}
{'epoch': 19, 'train_loss': 0.0081, 'train_acc': 1.0}
{'epoch': 20, 'train_loss': 0.0071, 'train_acc': 1.0}
{'epoch': 21, 'train_loss': 0.0074, 'train_acc': 1.0}
{'epoch': 22, 'train_loss': 0.0074, 'train_acc': 1.0}
{'epoch': 23, 'train_loss': 0.0073, 'train_acc': 1.0}
{'epoch': 24, 'train_loss': 0.0057, 'train_acc': 1.0}
{'epoch': 25, 'train_loss': 0.0047, 'train_acc': 1.0}
{'epoch': 26, 'train_loss': 0.0049, 'train_acc': 1.0}
{'epoch': 27, 'train_loss': 0.0041, 'train_acc': 1.0}
{'epoch': 28, 'train_loss': 0.0043, 'train_acc': 1.0}
{'epoch': 29, 'train_loss': 0.0043, 'train_acc': 1.0}
{'epoch': 30, 'train_loss': 0.0042, 'train_acc': 1.0}
{'epoch': 31, 'train_loss': 0.0044, 'train_acc': 1.0}
{'epoch': 32, 'train_loss': 0.0035, 'train_acc': 1.0}
{'epoch': 33, 'train_loss': 0.0035, 'train_acc': 1.0}
{'epoch': 34, 'train_loss': 0.0031, 'train_acc': 1.0}
{'epoch': 35, 'train_loss': 0.0034, 'train_acc': 1.0}
{'epoch': 36, 'train_loss': 0.0029, 'train_acc': 1.0}
{'epoch': 37, 'train_loss': 0.0029, 'train_acc': 1.0}
{'epoch': 38, 'train_loss': 0.0028, 'train_acc': 1.0}
{'epoch': 39, 'train_loss': 0.0031, 'train_acc': 1.0}
{'epoch': 40, 'train_loss': 0.0027, 'train_acc': 1.0}
{'epoch': 41, 'train_loss': 0.003, 'train_acc': 1.0}
{'epoch': 42, 'train_loss': 0.0026, 'train_acc': 1.0}
{'epoch': 43, 'train_loss': 0.0023, 'train_acc': 1.0}
{'epoch': 44, 'train_loss': 0.0026, 'train_acc': 1.0}
{'epoch': 45, 'train_loss': 0.0029, 'train_acc': 1.0}
{'epoch': 46, 'train_loss': 0.0024, 'train_acc': 1.0}
{'epoch': 47, 'train_loss': 0.0023, 'train_acc': 1.0}
{'epoch': 48, 'train_loss': 0.0032, 'train_acc': 1.0}
{'epoch': 49, 'train_loss': 0.0022, 'train_acc': 1.0}
{'epoch': 50, 'train_loss': 0.0023, 'train_acc': 1.0}
{'epoch': 51, 'train_loss': 0.0023, 'train_acc': 1.0}
{'epoch': 52, 'train_loss': 0.0021, 'train_acc': 1.0}
{'epoch': 53, 'train_loss': 0.0022, 'train_acc': 1.0}
{'epoch': 54, 'train_loss': 0.0022, 'train_acc': 1.0}
{'epoch': 55, 'train_loss': 0.0024, 'train_acc': 1.0}
{'epoch': 56, 'train_loss': 0.0021, 'train_acc': 1.0}
{'epoch': 57, 'train_loss': 0.0019, 'train_acc': 1.0}
{'epoch': 58, 'train_loss': 0.0024, 'train_acc': 1.0}
{'epoch': 59, 'train_loss': 0.0022, 'train_acc': 1.0}
{'epoch': 60, 'train_loss': 0.0018, 'train_acc': 1.0}
{'epoch': 61, 'train_loss': 0.002, 'train_acc': 1.0}
{'epoch': 62, 'train_loss': 0.0017, 'train_acc': 1.0}
{'epoch': 63, 'train_loss': 0.0019, 'train_acc': 1.0}
{'epoch': 64, 'train_loss': 0.002, 'train_acc': 1.0}
{'epoch': 65, 'train_loss': 0.0018, 'train_acc': 1.0}
{'epoch': 66, 'train_loss': 0.0019, 'train_acc': 1.0}
{'epoch': 67, 'train_loss': 0.0019, 'train_acc': 1.0}
{'epoch': 68, 'train_loss': 0.0019, 'train_acc': 1.0}
{'epoch': 69, 'train_loss': 0.0024, 'train_acc': 1.0}
{'epoch': 70, 'train_loss': 0.0021, 'train_acc': 1.0}
{'epoch': 71, 'train_loss': 0.0023, 'train_acc': 1.0}
{'epoch': 72, 'train_loss': 0.0021, 'train_acc': 1.0}
{'epoch': 73, 'train_loss': 0.0019, 'train_acc': 1.0}
{'epoch': 74, 'train_loss': 0.0018, 'train_acc': 1.0}
{'epoch': 75, 'train_loss': 0.0017, 'train_acc': 1.0}
{'epoch': 76, 'train_loss': 0.0018, 'train_acc': 1.0}
{'epoch': 77, 'train_loss': 0.0018, 'train_acc': 1.0}
{'epoch': 78, 'train_loss': 0.0016, 'train_acc': 1.0}
{'epoch': 79, 'train_loss': 0.0021, 'train_acc': 1.0}
{'epoch': 80, 'train_loss': 0.0018, 'train_acc': 1.0}
{'epoch': 81, 'train_loss': 0.0017, 'train_acc': 1.0}
{'epoch': 82, 'train_loss': 0.0018, 'train_acc': 1.0}
{'epoch': 83, 'train_loss': 0.0017, 'train_acc': 1.0}
{'epoch': 84, 'train_loss': 0.0017, 'train_acc': 1.0}
{'epoch': 85, 'train_loss': 0.0018, 'train_acc': 1.0}
{'epoch': 86, 'train_loss': 0.0017, 'train_acc': 1.0}
{'epoch': 87, 'train_loss': 0.0021, 'train_acc': 1.0}
{'epoch': 88, 'train_loss': 0.0018, 'train_acc': 1.0}
{'epoch': 89, 'train_loss': 0.0017, 'train_acc': 1.0}
{'epoch': 90, 'train_loss': 0.0019, 'train_acc': 1.0}
{'epoch': 91, 'train_loss': 0.002, 'train_acc': 1.0}
{'epoch': 92, 'train_loss': 0.0018, 'train_acc': 1.0}
{'epoch': 93, 'train_loss': 0.0018, 'train_acc': 1.0}
{'epoch': 94, 'train_loss': 0.0016, 'train_acc': 1.0}
{'epoch': 95, 'train_loss': 0.0019, 'train_acc': 1.0}
{'epoch': 96, 'train_loss': 0.0017, 'train_acc': 1.0}
{'epoch': 97, 'train_loss': 0.0017, 'train_acc': 1.0}
{'epoch': 98, 'train_loss': 0.0017, 'train_acc': 1.0}
{'epoch': 99, 'train_loss': 0.0021, 'train_acc': 1.0}
{'epoch': 100, 'train_loss': 0.0017, 'train_acc': 1.0}
{'run_num': 5, 'final_test_err': 0.6669}
Files already downloaded and verified
Files already downloaded and verified
{'epoch': 1, 'train_loss': 2.3527, 'train_acc': 0.165}
{'epoch': 2, 'train_loss': 1.7296, 'train_acc': 0.375}
{'epoch': 3, 'train_loss': 1.2033, 'train_acc': 0.595}
{'epoch': 4, 'train_loss': 0.8218, 'train_acc': 0.74}
{'epoch': 5, 'train_loss': 0.5185, 'train_acc': 0.885}
{'epoch': 6, 'train_loss': 0.2559, 'train_acc': 0.97}
{'epoch': 7, 'train_loss': 0.1285, 'train_acc': 1.0}
{'epoch': 8, 'train_loss': 0.0815, 'train_acc': 1.0}
{'epoch': 9, 'train_loss': 0.0592, 'train_acc': 0.995}
{'epoch': 10, 'train_loss': 0.0311, 'train_acc': 1.0}
{'epoch': 11, 'train_loss': 0.025, 'train_acc': 1.0}
{'epoch': 12, 'train_loss': 0.0181, 'train_acc': 1.0}
{'epoch': 13, 'train_loss': 0.012, 'train_acc': 1.0}
{'epoch': 14, 'train_loss': 0.0114, 'train_acc': 1.0}
{'epoch': 15, 'train_loss': 0.0085, 'train_acc': 1.0}
{'epoch': 16, 'train_loss': 0.0077, 'train_acc': 1.0}
{'epoch': 17, 'train_loss': 0.0075, 'train_acc': 1.0}
{'epoch': 18, 'train_loss': 0.0062, 'train_acc': 1.0}
{'epoch': 19, 'train_loss': 0.007, 'train_acc': 1.0}
{'epoch': 20, 'train_loss': 0.0057, 'train_acc': 1.0}
{'epoch': 21, 'train_loss': 0.0066, 'train_acc': 1.0}
{'epoch': 22, 'train_loss': 0.0047, 'train_acc': 1.0}
{'epoch': 23, 'train_loss': 0.0047, 'train_acc': 1.0}
{'epoch': 24, 'train_loss': 0.0043, 'train_acc': 1.0}
{'epoch': 25, 'train_loss': 0.0037, 'train_acc': 1.0}
{'epoch': 26, 'train_loss': 0.004, 'train_acc': 1.0}
{'epoch': 27, 'train_loss': 0.0036, 'train_acc': 1.0}
{'epoch': 28, 'train_loss': 0.0034, 'train_acc': 1.0}
{'epoch': 29, 'train_loss': 0.0034, 'train_acc': 1.0}
{'epoch': 30, 'train_loss': 0.0032, 'train_acc': 1.0}
{'epoch': 31, 'train_loss': 0.0032, 'train_acc': 1.0}
{'epoch': 32, 'train_loss': 0.003, 'train_acc': 1.0}
{'epoch': 33, 'train_loss': 0.0027, 'train_acc': 1.0}
{'epoch': 34, 'train_loss': 0.0027, 'train_acc': 1.0}
{'epoch': 35, 'train_loss': 0.0028, 'train_acc': 1.0}
{'epoch': 36, 'train_loss': 0.0028, 'train_acc': 1.0}
{'epoch': 37, 'train_loss': 0.0028, 'train_acc': 1.0}
{'epoch': 38, 'train_loss': 0.0034, 'train_acc': 1.0}
{'epoch': 39, 'train_loss': 0.0028, 'train_acc': 1.0}
{'epoch': 40, 'train_loss': 0.0026, 'train_acc': 1.0}
{'epoch': 41, 'train_loss': 0.0028, 'train_acc': 1.0}
{'epoch': 42, 'train_loss': 0.0023, 'train_acc': 1.0}
{'epoch': 43, 'train_loss': 0.0023, 'train_acc': 1.0}
{'epoch': 44, 'train_loss': 0.002, 'train_acc': 1.0}
{'epoch': 45, 'train_loss': 0.0022, 'train_acc': 1.0}
{'epoch': 46, 'train_loss': 0.0021, 'train_acc': 1.0}
{'epoch': 47, 'train_loss': 0.0023, 'train_acc': 1.0}
{'epoch': 48, 'train_loss': 0.002, 'train_acc': 1.0}
{'epoch': 49, 'train_loss': 0.002, 'train_acc': 1.0}
{'epoch': 50, 'train_loss': 0.002, 'train_acc': 1.0}
{'epoch': 51, 'train_loss': 0.002, 'train_acc': 1.0}
{'epoch': 52, 'train_loss': 0.002, 'train_acc': 1.0}
{'epoch': 53, 'train_loss': 0.0022, 'train_acc': 1.0}
{'epoch': 54, 'train_loss': 0.0019, 'train_acc': 1.0}
{'epoch': 55, 'train_loss': 0.002, 'train_acc': 1.0}
{'epoch': 56, 'train_loss': 0.0018, 'train_acc': 1.0}
{'epoch': 57, 'train_loss': 0.0021, 'train_acc': 1.0}
{'epoch': 58, 'train_loss': 0.0021, 'train_acc': 1.0}
{'epoch': 59, 'train_loss': 0.002, 'train_acc': 1.0}
{'epoch': 60, 'train_loss': 0.0019, 'train_acc': 1.0}
{'epoch': 61, 'train_loss': 0.0018, 'train_acc': 1.0}
{'epoch': 62, 'train_loss': 0.0017, 'train_acc': 1.0}
{'epoch': 63, 'train_loss': 0.0017, 'train_acc': 1.0}
{'epoch': 64, 'train_loss': 0.0017, 'train_acc': 1.0}
{'epoch': 65, 'train_loss': 0.0016, 'train_acc': 1.0}
{'epoch': 66, 'train_loss': 0.0016, 'train_acc': 1.0}
{'epoch': 67, 'train_loss': 0.0018, 'train_acc': 1.0}
{'epoch': 68, 'train_loss': 0.0016, 'train_acc': 1.0}
{'epoch': 69, 'train_loss': 0.0017, 'train_acc': 1.0}
{'epoch': 70, 'train_loss': 0.0018, 'train_acc': 1.0}
{'epoch': 71, 'train_loss': 0.0018, 'train_acc': 1.0}
{'epoch': 72, 'train_loss': 0.0017, 'train_acc': 1.0}
{'epoch': 73, 'train_loss': 0.0019, 'train_acc': 1.0}
{'epoch': 74, 'train_loss': 0.0016, 'train_acc': 1.0}
{'epoch': 75, 'train_loss': 0.0016, 'train_acc': 1.0}
{'epoch': 76, 'train_loss': 0.0018, 'train_acc': 1.0}
{'epoch': 77, 'train_loss': 0.0016, 'train_acc': 1.0}
{'epoch': 78, 'train_loss': 0.0019, 'train_acc': 1.0}
{'epoch': 79, 'train_loss': 0.0017, 'train_acc': 1.0}
{'epoch': 80, 'train_loss': 0.0016, 'train_acc': 1.0}
{'epoch': 81, 'train_loss': 0.0016, 'train_acc': 1.0}
{'epoch': 82, 'train_loss': 0.0019, 'train_acc': 1.0}
{'epoch': 83, 'train_loss': 0.0015, 'train_acc': 1.0}
{'epoch': 84, 'train_loss': 0.0016, 'train_acc': 1.0}
{'epoch': 85, 'train_loss': 0.0013, 'train_acc': 1.0}
{'epoch': 86, 'train_loss': 0.0015, 'train_acc': 1.0}
{'epoch': 87, 'train_loss': 0.0015, 'train_acc': 1.0}
{'epoch': 88, 'train_loss': 0.0017, 'train_acc': 1.0}
{'epoch': 89, 'train_loss': 0.0017, 'train_acc': 1.0}
{'epoch': 90, 'train_loss': 0.0018, 'train_acc': 1.0}
{'epoch': 91, 'train_loss': 0.0016, 'train_acc': 1.0}
{'epoch': 92, 'train_loss': 0.0015, 'train_acc': 1.0}
{'epoch': 93, 'train_loss': 0.0014, 'train_acc': 1.0}
{'epoch': 94, 'train_loss': 0.0016, 'train_acc': 1.0}
{'epoch': 95, 'train_loss': 0.002, 'train_acc': 1.0}
{'epoch': 96, 'train_loss': 0.0014, 'train_acc': 1.0}
{'epoch': 97, 'train_loss': 0.0013, 'train_acc': 1.0}
{'epoch': 98, 'train_loss': 0.0019, 'train_acc': 1.0}
{'epoch': 99, 'train_loss': 0.0016, 'train_acc': 1.0}
{'epoch': 100, 'train_loss': 0.0014, 'train_acc': 1.0}
{'run_num': 6, 'final_test_err': 0.6658}
Files already downloaded and verified
Files already downloaded and verified
{'epoch': 1, 'train_loss': 2.4214, 'train_acc': 0.145}
{'epoch': 2, 'train_loss': 1.7085, 'train_acc': 0.465}
{'epoch': 3, 'train_loss': 1.3131, 'train_acc': 0.54}
{'epoch': 4, 'train_loss': 0.8698, 'train_acc': 0.76}
{'epoch': 5, 'train_loss': 0.5944, 'train_acc': 0.83}
{'epoch': 6, 'train_loss': 0.3178, 'train_acc': 0.965}
{'epoch': 7, 'train_loss': 0.1519, 'train_acc': 0.995}
{'epoch': 8, 'train_loss': 0.0709, 'train_acc': 1.0}
{'epoch': 9, 'train_loss': 0.0426, 'train_acc': 1.0}
{'epoch': 10, 'train_loss': 0.0295, 'train_acc': 1.0}
{'epoch': 11, 'train_loss': 0.0211, 'train_acc': 1.0}
{'epoch': 12, 'train_loss': 0.0147, 'train_acc': 1.0}
{'epoch': 13, 'train_loss': 0.0126, 'train_acc': 1.0}
{'epoch': 14, 'train_loss': 0.0099, 'train_acc': 1.0}
{'epoch': 15, 'train_loss': 0.0082, 'train_acc': 1.0}
{'epoch': 16, 'train_loss': 0.0091, 'train_acc': 1.0}
{'epoch': 17, 'train_loss': 0.0073, 'train_acc': 1.0}
{'epoch': 18, 'train_loss': 0.006, 'train_acc': 1.0}
{'epoch': 19, 'train_loss': 0.005, 'train_acc': 1.0}
{'epoch': 20, 'train_loss': 0.0052, 'train_acc': 1.0}
{'epoch': 21, 'train_loss': 0.0048, 'train_acc': 1.0}
{'epoch': 22, 'train_loss': 0.005, 'train_acc': 1.0}
{'epoch': 23, 'train_loss': 0.0047, 'train_acc': 1.0}
{'epoch': 24, 'train_loss': 0.0045, 'train_acc': 1.0}
{'epoch': 25, 'train_loss': 0.0045, 'train_acc': 1.0}
{'epoch': 26, 'train_loss': 0.0039, 'train_acc': 1.0}
{'epoch': 27, 'train_loss': 0.004, 'train_acc': 1.0}
{'epoch': 28, 'train_loss': 0.0033, 'train_acc': 1.0}
{'epoch': 29, 'train_loss': 0.0034, 'train_acc': 1.0}
{'epoch': 30, 'train_loss': 0.0037, 'train_acc': 1.0}
{'epoch': 31, 'train_loss': 0.003, 'train_acc': 1.0}
{'epoch': 32, 'train_loss': 0.0035, 'train_acc': 1.0}
{'epoch': 33, 'train_loss': 0.0028, 'train_acc': 1.0}
{'epoch': 34, 'train_loss': 0.0031, 'train_acc': 1.0}
{'epoch': 35, 'train_loss': 0.0025, 'train_acc': 1.0}
{'epoch': 36, 'train_loss': 0.0027, 'train_acc': 1.0}
{'epoch': 37, 'train_loss': 0.0023, 'train_acc': 1.0}
{'epoch': 38, 'train_loss': 0.0028, 'train_acc': 1.0}
{'epoch': 39, 'train_loss': 0.0022, 'train_acc': 1.0}
{'epoch': 40, 'train_loss': 0.0024, 'train_acc': 1.0}
{'epoch': 41, 'train_loss': 0.0021, 'train_acc': 1.0}
{'epoch': 42, 'train_loss': 0.0023, 'train_acc': 1.0}
{'epoch': 43, 'train_loss': 0.0023, 'train_acc': 1.0}
{'epoch': 44, 'train_loss': 0.0019, 'train_acc': 1.0}
{'epoch': 45, 'train_loss': 0.0025, 'train_acc': 1.0}
{'epoch': 46, 'train_loss': 0.0022, 'train_acc': 1.0}
{'epoch': 47, 'train_loss': 0.002, 'train_acc': 1.0}
{'epoch': 48, 'train_loss': 0.0022, 'train_acc': 1.0}
{'epoch': 49, 'train_loss': 0.002, 'train_acc': 1.0}
{'epoch': 50, 'train_loss': 0.002, 'train_acc': 1.0}
{'epoch': 51, 'train_loss': 0.0022, 'train_acc': 1.0}
{'epoch': 52, 'train_loss': 0.0018, 'train_acc': 1.0}
{'epoch': 53, 'train_loss': 0.0021, 'train_acc': 1.0}
{'epoch': 54, 'train_loss': 0.0019, 'train_acc': 1.0}
{'epoch': 55, 'train_loss': 0.0019, 'train_acc': 1.0}
{'epoch': 56, 'train_loss': 0.0018, 'train_acc': 1.0}
{'epoch': 57, 'train_loss': 0.0019, 'train_acc': 1.0}
{'epoch': 58, 'train_loss': 0.0017, 'train_acc': 1.0}
{'epoch': 59, 'train_loss': 0.002, 'train_acc': 1.0}
{'epoch': 60, 'train_loss': 0.002, 'train_acc': 1.0}
{'epoch': 61, 'train_loss': 0.0018, 'train_acc': 1.0}
{'epoch': 62, 'train_loss': 0.0018, 'train_acc': 1.0}
{'epoch': 63, 'train_loss': 0.0016, 'train_acc': 1.0}
{'epoch': 64, 'train_loss': 0.0016, 'train_acc': 1.0}
{'epoch': 65, 'train_loss': 0.0016, 'train_acc': 1.0}
{'epoch': 66, 'train_loss': 0.0015, 'train_acc': 1.0}
{'epoch': 67, 'train_loss': 0.0018, 'train_acc': 1.0}
{'epoch': 68, 'train_loss': 0.0016, 'train_acc': 1.0}
{'epoch': 69, 'train_loss': 0.0016, 'train_acc': 1.0}
{'epoch': 70, 'train_loss': 0.0017, 'train_acc': 1.0}
{'epoch': 71, 'train_loss': 0.0015, 'train_acc': 1.0}
{'epoch': 72, 'train_loss': 0.0018, 'train_acc': 1.0}
{'epoch': 73, 'train_loss': 0.0016, 'train_acc': 1.0}
{'epoch': 74, 'train_loss': 0.0017, 'train_acc': 1.0}
{'epoch': 75, 'train_loss': 0.002, 'train_acc': 1.0}
{'epoch': 76, 'train_loss': 0.0019, 'train_acc': 1.0}
{'epoch': 77, 'train_loss': 0.0015, 'train_acc': 1.0}
{'epoch': 78, 'train_loss': 0.0015, 'train_acc': 1.0}
{'epoch': 79, 'train_loss': 0.0016, 'train_acc': 1.0}
{'epoch': 80, 'train_loss': 0.0016, 'train_acc': 1.0}
{'epoch': 81, 'train_loss': 0.0015, 'train_acc': 1.0}
{'epoch': 82, 'train_loss': 0.0016, 'train_acc': 1.0}
{'epoch': 83, 'train_loss': 0.0015, 'train_acc': 1.0}
{'epoch': 84, 'train_loss': 0.0014, 'train_acc': 1.0}
{'epoch': 85, 'train_loss': 0.0018, 'train_acc': 1.0}
{'epoch': 86, 'train_loss': 0.0015, 'train_acc': 1.0}
{'epoch': 87, 'train_loss': 0.0016, 'train_acc': 1.0}
{'epoch': 88, 'train_loss': 0.0016, 'train_acc': 1.0}
{'epoch': 89, 'train_loss': 0.0017, 'train_acc': 1.0}
{'epoch': 90, 'train_loss': 0.0014, 'train_acc': 1.0}
{'epoch': 91, 'train_loss': 0.0016, 'train_acc': 1.0}
{'epoch': 92, 'train_loss': 0.0018, 'train_acc': 1.0}
{'epoch': 93, 'train_loss': 0.0015, 'train_acc': 1.0}
{'epoch': 94, 'train_loss': 0.0019, 'train_acc': 1.0}
{'epoch': 95, 'train_loss': 0.0019, 'train_acc': 1.0}
{'epoch': 96, 'train_loss': 0.0014, 'train_acc': 1.0}
{'epoch': 97, 'train_loss': 0.0016, 'train_acc': 1.0}
{'epoch': 98, 'train_loss': 0.0016, 'train_acc': 1.0}
{'epoch': 99, 'train_loss': 0.0016, 'train_acc': 1.0}
{'epoch': 100, 'train_loss': 0.0016, 'train_acc': 1.0}
{'run_num': 7, 'final_test_err': 0.6772}
Files already downloaded and verified
Files already downloaded and verified
{'epoch': 1, 'train_loss': 2.4768, 'train_acc': 0.095}
{'epoch': 2, 'train_loss': 1.886, 'train_acc': 0.31}
{'epoch': 3, 'train_loss': 1.5284, 'train_acc': 0.495}
{'epoch': 4, 'train_loss': 1.1071, 'train_acc': 0.66}
{'epoch': 5, 'train_loss': 0.7286, 'train_acc': 0.795}
{'epoch': 6, 'train_loss': 0.435, 'train_acc': 0.91}
{'epoch': 7, 'train_loss': 0.2636, 'train_acc': 0.965}
{'epoch': 8, 'train_loss': 0.146, 'train_acc': 0.99}
{'epoch': 9, 'train_loss': 0.0867, 'train_acc': 0.995}
{'epoch': 10, 'train_loss': 0.0454, 'train_acc': 1.0}
{'epoch': 11, 'train_loss': 0.0315, 'train_acc': 1.0}
{'epoch': 12, 'train_loss': 0.0178, 'train_acc': 1.0}
{'epoch': 13, 'train_loss': 0.0142, 'train_acc': 1.0}
{'epoch': 14, 'train_loss': 0.0135, 'train_acc': 1.0}
{'epoch': 15, 'train_loss': 0.0126, 'train_acc': 1.0}
{'epoch': 16, 'train_loss': 0.0091, 'train_acc': 1.0}
{'epoch': 17, 'train_loss': 0.0075, 'train_acc': 1.0}
{'epoch': 18, 'train_loss': 0.0066, 'train_acc': 1.0}
{'epoch': 19, 'train_loss': 0.0058, 'train_acc': 1.0}
{'epoch': 20, 'train_loss': 0.006, 'train_acc': 1.0}
{'epoch': 21, 'train_loss': 0.0049, 'train_acc': 1.0}
{'epoch': 22, 'train_loss': 0.0052, 'train_acc': 1.0}
{'epoch': 23, 'train_loss': 0.005, 'train_acc': 1.0}
{'epoch': 24, 'train_loss': 0.0049, 'train_acc': 1.0}
{'epoch': 25, 'train_loss': 0.0054, 'train_acc': 1.0}
{'epoch': 26, 'train_loss': 0.0044, 'train_acc': 1.0}
{'epoch': 27, 'train_loss': 0.0038, 'train_acc': 1.0}
{'epoch': 28, 'train_loss': 0.0038, 'train_acc': 1.0}
{'epoch': 29, 'train_loss': 0.0036, 'train_acc': 1.0}
{'epoch': 30, 'train_loss': 0.0033, 'train_acc': 1.0}
{'epoch': 31, 'train_loss': 0.0033, 'train_acc': 1.0}
{'epoch': 32, 'train_loss': 0.0034, 'train_acc': 1.0}
{'epoch': 33, 'train_loss': 0.0032, 'train_acc': 1.0}
{'epoch': 34, 'train_loss': 0.0033, 'train_acc': 1.0}
{'epoch': 35, 'train_loss': 0.0035, 'train_acc': 1.0}
{'epoch': 36, 'train_loss': 0.0031, 'train_acc': 1.0}
{'epoch': 37, 'train_loss': 0.0028, 'train_acc': 1.0}
{'epoch': 38, 'train_loss': 0.0027, 'train_acc': 1.0}
{'epoch': 39, 'train_loss': 0.0027, 'train_acc': 1.0}
{'epoch': 40, 'train_loss': 0.0028, 'train_acc': 1.0}
{'epoch': 41, 'train_loss': 0.0028, 'train_acc': 1.0}
{'epoch': 42, 'train_loss': 0.0023, 'train_acc': 1.0}
{'epoch': 43, 'train_loss': 0.0025, 'train_acc': 1.0}
{'epoch': 44, 'train_loss': 0.0033, 'train_acc': 1.0}
{'epoch': 45, 'train_loss': 0.0022, 'train_acc': 1.0}
{'epoch': 46, 'train_loss': 0.0025, 'train_acc': 1.0}
{'epoch': 47, 'train_loss': 0.0022, 'train_acc': 1.0}
{'epoch': 48, 'train_loss': 0.0019, 'train_acc': 1.0}
{'epoch': 49, 'train_loss': 0.0024, 'train_acc': 1.0}
{'epoch': 50, 'train_loss': 0.0022, 'train_acc': 1.0}
{'epoch': 51, 'train_loss': 0.0019, 'train_acc': 1.0}
{'epoch': 52, 'train_loss': 0.002, 'train_acc': 1.0}
{'epoch': 53, 'train_loss': 0.0024, 'train_acc': 1.0}
{'epoch': 54, 'train_loss': 0.0022, 'train_acc': 1.0}
{'epoch': 55, 'train_loss': 0.0019, 'train_acc': 1.0}
{'epoch': 56, 'train_loss': 0.0023, 'train_acc': 1.0}
{'epoch': 57, 'train_loss': 0.0021, 'train_acc': 1.0}
{'epoch': 58, 'train_loss': 0.002, 'train_acc': 1.0}
{'epoch': 59, 'train_loss': 0.0021, 'train_acc': 1.0}
{'epoch': 60, 'train_loss': 0.0019, 'train_acc': 1.0}
{'epoch': 61, 'train_loss': 0.002, 'train_acc': 1.0}
{'epoch': 62, 'train_loss': 0.0018, 'train_acc': 1.0}
{'epoch': 63, 'train_loss': 0.0017, 'train_acc': 1.0}
{'epoch': 64, 'train_loss': 0.0019, 'train_acc': 1.0}
{'epoch': 65, 'train_loss': 0.002, 'train_acc': 1.0}
{'epoch': 66, 'train_loss': 0.0018, 'train_acc': 1.0}
{'epoch': 67, 'train_loss': 0.0018, 'train_acc': 1.0}
{'epoch': 68, 'train_loss': 0.0017, 'train_acc': 1.0}
{'epoch': 69, 'train_loss': 0.0017, 'train_acc': 1.0}
{'epoch': 70, 'train_loss': 0.0018, 'train_acc': 1.0}
{'epoch': 71, 'train_loss': 0.0019, 'train_acc': 1.0}
{'epoch': 72, 'train_loss': 0.0018, 'train_acc': 1.0}
{'epoch': 73, 'train_loss': 0.0018, 'train_acc': 1.0}
{'epoch': 74, 'train_loss': 0.0017, 'train_acc': 1.0}
{'epoch': 75, 'train_loss': 0.0018, 'train_acc': 1.0}
{'epoch': 76, 'train_loss': 0.0017, 'train_acc': 1.0}
{'epoch': 77, 'train_loss': 0.0017, 'train_acc': 1.0}
{'epoch': 78, 'train_loss': 0.0016, 'train_acc': 1.0}
{'epoch': 79, 'train_loss': 0.0018, 'train_acc': 1.0}
{'epoch': 80, 'train_loss': 0.0017, 'train_acc': 1.0}
{'epoch': 81, 'train_loss': 0.0019, 'train_acc': 1.0}
{'epoch': 82, 'train_loss': 0.0017, 'train_acc': 1.0}
{'epoch': 83, 'train_loss': 0.0015, 'train_acc': 1.0}
{'epoch': 84, 'train_loss': 0.0016, 'train_acc': 1.0}
{'epoch': 85, 'train_loss': 0.0017, 'train_acc': 1.0}
{'epoch': 86, 'train_loss': 0.0018, 'train_acc': 1.0}
{'epoch': 87, 'train_loss': 0.0019, 'train_acc': 1.0}
{'epoch': 88, 'train_loss': 0.0016, 'train_acc': 1.0}
{'epoch': 89, 'train_loss': 0.0017, 'train_acc': 1.0}
{'epoch': 90, 'train_loss': 0.0016, 'train_acc': 1.0}
{'epoch': 91, 'train_loss': 0.0017, 'train_acc': 1.0}
{'epoch': 92, 'train_loss': 0.0017, 'train_acc': 1.0}
{'epoch': 93, 'train_loss': 0.0017, 'train_acc': 1.0}
{'epoch': 94, 'train_loss': 0.0018, 'train_acc': 1.0}
{'epoch': 95, 'train_loss': 0.0015, 'train_acc': 1.0}
{'epoch': 96, 'train_loss': 0.0015, 'train_acc': 1.0}
{'epoch': 97, 'train_loss': 0.0019, 'train_acc': 1.0}
{'epoch': 98, 'train_loss': 0.0017, 'train_acc': 1.0}
{'epoch': 99, 'train_loss': 0.0016, 'train_acc': 1.0}
{'epoch': 100, 'train_loss': 0.002, 'train_acc': 1.0}
{'run_num': 8, 'final_test_err': 0.6720999999999999}
Files already downloaded and verified
Files already downloaded and verified
{'epoch': 1, 'train_loss': 2.4156, 'train_acc': 0.14}
{'epoch': 2, 'train_loss': 1.6614, 'train_acc': 0.4}
{'epoch': 3, 'train_loss': 1.0507, 'train_acc': 0.705}
{'epoch': 4, 'train_loss': 0.7656, 'train_acc': 0.74}
{'epoch': 5, 'train_loss': 0.3975, 'train_acc': 0.92}
{'epoch': 6, 'train_loss': 0.2367, 'train_acc': 0.97}
{'epoch': 7, 'train_loss': 0.1348, 'train_acc': 0.99}
{'epoch': 8, 'train_loss': 0.069, 'train_acc': 1.0}
{'epoch': 9, 'train_loss': 0.0381, 'train_acc': 1.0}
{'epoch': 10, 'train_loss': 0.0251, 'train_acc': 1.0}
{'epoch': 11, 'train_loss': 0.0172, 'train_acc': 1.0}
{'epoch': 12, 'train_loss': 0.0104, 'train_acc': 1.0}
{'epoch': 13, 'train_loss': 0.0096, 'train_acc': 1.0}
{'epoch': 14, 'train_loss': 0.0086, 'train_acc': 1.0}
{'epoch': 15, 'train_loss': 0.0077, 'train_acc': 1.0}
{'epoch': 16, 'train_loss': 0.0079, 'train_acc': 1.0}
{'epoch': 17, 'train_loss': 0.0062, 'train_acc': 1.0}
{'epoch': 18, 'train_loss': 0.0066, 'train_acc': 1.0}
{'epoch': 19, 'train_loss': 0.0052, 'train_acc': 1.0}
{'epoch': 20, 'train_loss': 0.0052, 'train_acc': 1.0}
{'epoch': 21, 'train_loss': 0.0046, 'train_acc': 1.0}
{'epoch': 22, 'train_loss': 0.0046, 'train_acc': 1.0}
{'epoch': 23, 'train_loss': 0.004, 'train_acc': 1.0}
{'epoch': 24, 'train_loss': 0.0043, 'train_acc': 1.0}
{'epoch': 25, 'train_loss': 0.0034, 'train_acc': 1.0}
{'epoch': 26, 'train_loss': 0.004, 'train_acc': 1.0}
{'epoch': 27, 'train_loss': 0.0038, 'train_acc': 1.0}
{'epoch': 28, 'train_loss': 0.0039, 'train_acc': 1.0}
{'epoch': 29, 'train_loss': 0.0035, 'train_acc': 1.0}
{'epoch': 30, 'train_loss': 0.0036, 'train_acc': 1.0}
{'epoch': 31, 'train_loss': 0.0032, 'train_acc': 1.0}
{'epoch': 32, 'train_loss': 0.0033, 'train_acc': 1.0}
{'epoch': 33, 'train_loss': 0.0029, 'train_acc': 1.0}
{'epoch': 34, 'train_loss': 0.0029, 'train_acc': 1.0}
{'epoch': 35, 'train_loss': 0.0027, 'train_acc': 1.0}
{'epoch': 36, 'train_loss': 0.0027, 'train_acc': 1.0}
{'epoch': 37, 'train_loss': 0.0025, 'train_acc': 1.0}
{'epoch': 38, 'train_loss': 0.0024, 'train_acc': 1.0}
{'epoch': 39, 'train_loss': 0.0022, 'train_acc': 1.0}
{'epoch': 40, 'train_loss': 0.0025, 'train_acc': 1.0}
{'epoch': 41, 'train_loss': 0.0024, 'train_acc': 1.0}
{'epoch': 42, 'train_loss': 0.0021, 'train_acc': 1.0}
{'epoch': 43, 'train_loss': 0.0023, 'train_acc': 1.0}
{'epoch': 44, 'train_loss': 0.0023, 'train_acc': 1.0}
{'epoch': 45, 'train_loss': 0.0023, 'train_acc': 1.0}
{'epoch': 46, 'train_loss': 0.0021, 'train_acc': 1.0}
{'epoch': 47, 'train_loss': 0.0023, 'train_acc': 1.0}
{'epoch': 48, 'train_loss': 0.0024, 'train_acc': 1.0}
{'epoch': 49, 'train_loss': 0.0023, 'train_acc': 1.0}
{'epoch': 50, 'train_loss': 0.0022, 'train_acc': 1.0}
{'epoch': 51, 'train_loss': 0.0021, 'train_acc': 1.0}
{'epoch': 52, 'train_loss': 0.0019, 'train_acc': 1.0}
{'epoch': 53, 'train_loss': 0.0021, 'train_acc': 1.0}
{'epoch': 54, 'train_loss': 0.0021, 'train_acc': 1.0}
{'epoch': 55, 'train_loss': 0.0019, 'train_acc': 1.0}
{'epoch': 56, 'train_loss': 0.0019, 'train_acc': 1.0}
{'epoch': 57, 'train_loss': 0.002, 'train_acc': 1.0}
{'epoch': 58, 'train_loss': 0.0017, 'train_acc': 1.0}
{'epoch': 59, 'train_loss': 0.0016, 'train_acc': 1.0}
{'epoch': 60, 'train_loss': 0.0023, 'train_acc': 1.0}
{'epoch': 61, 'train_loss': 0.0019, 'train_acc': 1.0}
{'epoch': 62, 'train_loss': 0.0019, 'train_acc': 1.0}
{'epoch': 63, 'train_loss': 0.0017, 'train_acc': 1.0}
{'epoch': 64, 'train_loss': 0.0018, 'train_acc': 1.0}
{'epoch': 65, 'train_loss': 0.0017, 'train_acc': 1.0}
{'epoch': 66, 'train_loss': 0.0017, 'train_acc': 1.0}
{'epoch': 67, 'train_loss': 0.0016, 'train_acc': 1.0}
{'epoch': 68, 'train_loss': 0.0017, 'train_acc': 1.0}
{'epoch': 69, 'train_loss': 0.0017, 'train_acc': 1.0}
{'epoch': 70, 'train_loss': 0.0015, 'train_acc': 1.0}
{'epoch': 71, 'train_loss': 0.0018, 'train_acc': 1.0}
{'epoch': 72, 'train_loss': 0.0018, 'train_acc': 1.0}
{'epoch': 73, 'train_loss': 0.0015, 'train_acc': 1.0}
{'epoch': 74, 'train_loss': 0.0017, 'train_acc': 1.0}
{'epoch': 75, 'train_loss': 0.0016, 'train_acc': 1.0}
{'epoch': 76, 'train_loss': 0.0016, 'train_acc': 1.0}
{'epoch': 77, 'train_loss': 0.0017, 'train_acc': 1.0}
{'epoch': 78, 'train_loss': 0.0016, 'train_acc': 1.0}
{'epoch': 79, 'train_loss': 0.0017, 'train_acc': 1.0}
{'epoch': 80, 'train_loss': 0.0017, 'train_acc': 1.0}
{'epoch': 81, 'train_loss': 0.0015, 'train_acc': 1.0}
{'epoch': 82, 'train_loss': 0.0016, 'train_acc': 1.0}
{'epoch': 83, 'train_loss': 0.0017, 'train_acc': 1.0}
{'epoch': 84, 'train_loss': 0.0014, 'train_acc': 1.0}
{'epoch': 85, 'train_loss': 0.0018, 'train_acc': 1.0}
{'epoch': 86, 'train_loss': 0.0017, 'train_acc': 1.0}
{'epoch': 87, 'train_loss': 0.0016, 'train_acc': 1.0}
{'epoch': 88, 'train_loss': 0.0017, 'train_acc': 1.0}
{'epoch': 89, 'train_loss': 0.0016, 'train_acc': 1.0}
{'epoch': 90, 'train_loss': 0.0018, 'train_acc': 1.0}
{'epoch': 91, 'train_loss': 0.0016, 'train_acc': 1.0}
{'epoch': 92, 'train_loss': 0.0016, 'train_acc': 1.0}
{'epoch': 93, 'train_loss': 0.0016, 'train_acc': 1.0}
{'epoch': 94, 'train_loss': 0.0015, 'train_acc': 1.0}
{'epoch': 95, 'train_loss': 0.0017, 'train_acc': 1.0}
{'epoch': 96, 'train_loss': 0.0017, 'train_acc': 1.0}
{'epoch': 97, 'train_loss': 0.0018, 'train_acc': 1.0}
{'epoch': 98, 'train_loss': 0.0015, 'train_acc': 1.0}
{'epoch': 99, 'train_loss': 0.0016, 'train_acc': 1.0}
{'epoch': 100, 'train_loss': 0.0016, 'train_acc': 1.0}
{'run_num': 9, 'final_test_err': 0.6775}
{'avg_err': 0.6752, 'std_err': 0.0122}
