{'deploy': True, 'tag': '04_ood/singlehead_agnostic_mixed_cinic1', 'seed': 10, 'device': 'cuda:0', 'reps': 10, 'loss': {'alpha': 0.5, 'tune_alpha': False, 'group_task_loss': False}, 'task': {'dataset': 'cinic_img', 'task_map': [[0, 1], [2, 3], [4, 5], [6, 7], [8, 9]], 'target': 0, 'ood': [4], 'augment': False, 'n': 10, 'm_n': 20, 'beta': 0.5, 'custom_sampler': False, 'num_cinic': 5000}, 'hp': {'epochs': 100, 'bs': 16, 'lr': 0.01}, 'net': 'conv'}
Files already downloaded and verified
Files already downloaded and verified
{'epoch': 1, 'train_loss': 2.11, 'train_acc': 0.2476}
{'epoch': 2, 'train_loss': 1.8319, 'train_acc': 0.3429}
{'epoch': 3, 'train_loss': 1.6234, 'train_acc': 0.4133}
{'epoch': 4, 'train_loss': 1.4495, 'train_acc': 0.4867}
{'epoch': 5, 'train_loss': 1.2679, 'train_acc': 0.5505}
{'epoch': 6, 'train_loss': 1.0972, 'train_acc': 0.6048}
{'epoch': 7, 'train_loss': 0.881, 'train_acc': 0.6857}
{'epoch': 8, 'train_loss': 0.6837, 'train_acc': 0.7605}
{'epoch': 9, 'train_loss': 0.5117, 'train_acc': 0.8433}
{'epoch': 10, 'train_loss': 0.3936, 'train_acc': 0.8757}
{'epoch': 11, 'train_loss': 0.2349, 'train_acc': 0.9376}
{'epoch': 12, 'train_loss': 0.1314, 'train_acc': 0.9738}
{'epoch': 13, 'train_loss': 0.112, 'train_acc': 0.979}
{'epoch': 14, 'train_loss': 0.0568, 'train_acc': 0.991}
{'epoch': 15, 'train_loss': 0.0508, 'train_acc': 0.9919}
{'epoch': 16, 'train_loss': 0.0204, 'train_acc': 1.0}
{'epoch': 17, 'train_loss': 0.0108, 'train_acc': 0.9995}
{'epoch': 18, 'train_loss': 0.0078, 'train_acc': 1.0}
{'epoch': 19, 'train_loss': 0.0071, 'train_acc': 1.0}
{'epoch': 20, 'train_loss': 0.0073, 'train_acc': 1.0}
{'epoch': 21, 'train_loss': 0.0051, 'train_acc': 1.0}
{'epoch': 22, 'train_loss': 0.0043, 'train_acc': 1.0}
{'epoch': 23, 'train_loss': 0.0049, 'train_acc': 1.0}
{'epoch': 24, 'train_loss': 0.0039, 'train_acc': 1.0}
{'epoch': 25, 'train_loss': 0.0034, 'train_acc': 1.0}
{'epoch': 26, 'train_loss': 0.0031, 'train_acc': 1.0}
{'epoch': 27, 'train_loss': 0.003, 'train_acc': 1.0}
{'epoch': 28, 'train_loss': 0.0038, 'train_acc': 0.9995}
{'epoch': 29, 'train_loss': 0.0025, 'train_acc': 1.0}
{'epoch': 30, 'train_loss': 0.0025, 'train_acc': 1.0}
{'epoch': 31, 'train_loss': 0.0022, 'train_acc': 1.0}
{'epoch': 32, 'train_loss': 0.0022, 'train_acc': 1.0}
{'epoch': 33, 'train_loss': 0.0022, 'train_acc': 1.0}
{'epoch': 34, 'train_loss': 0.0018, 'train_acc': 1.0}
{'epoch': 35, 'train_loss': 0.0018, 'train_acc': 1.0}
{'epoch': 36, 'train_loss': 0.0018, 'train_acc': 1.0}
{'epoch': 37, 'train_loss': 0.0021, 'train_acc': 1.0}
{'epoch': 38, 'train_loss': 0.0018, 'train_acc': 1.0}
{'epoch': 39, 'train_loss': 0.0015, 'train_acc': 1.0}
{'epoch': 40, 'train_loss': 0.0016, 'train_acc': 1.0}
{'epoch': 41, 'train_loss': 0.0014, 'train_acc': 1.0}
{'epoch': 42, 'train_loss': 0.0015, 'train_acc': 1.0}
{'epoch': 43, 'train_loss': 0.0015, 'train_acc': 1.0}
{'epoch': 44, 'train_loss': 0.0013, 'train_acc': 1.0}
{'epoch': 45, 'train_loss': 0.0014, 'train_acc': 1.0}
{'epoch': 46, 'train_loss': 0.0013, 'train_acc': 1.0}
{'epoch': 47, 'train_loss': 0.0011, 'train_acc': 1.0}
{'epoch': 48, 'train_loss': 0.0012, 'train_acc': 1.0}
{'epoch': 49, 'train_loss': 0.0013, 'train_acc': 1.0}
{'epoch': 50, 'train_loss': 0.0011, 'train_acc': 1.0}
{'epoch': 51, 'train_loss': 0.001, 'train_acc': 1.0}
{'epoch': 52, 'train_loss': 0.0012, 'train_acc': 1.0}
{'epoch': 53, 'train_loss': 0.0015, 'train_acc': 1.0}
{'epoch': 54, 'train_loss': 0.0012, 'train_acc': 1.0}
{'epoch': 55, 'train_loss': 0.0011, 'train_acc': 1.0}
{'epoch': 56, 'train_loss': 0.0018, 'train_acc': 1.0}
{'epoch': 57, 'train_loss': 0.0011, 'train_acc': 1.0}
{'epoch': 58, 'train_loss': 0.001, 'train_acc': 1.0}
{'epoch': 59, 'train_loss': 0.0011, 'train_acc': 1.0}
{'epoch': 60, 'train_loss': 0.001, 'train_acc': 1.0}
{'epoch': 61, 'train_loss': 0.001, 'train_acc': 1.0}
{'epoch': 62, 'train_loss': 0.0012, 'train_acc': 1.0}
{'epoch': 63, 'train_loss': 0.001, 'train_acc': 1.0}
{'epoch': 64, 'train_loss': 0.0011, 'train_acc': 1.0}
{'epoch': 65, 'train_loss': 0.001, 'train_acc': 1.0}
{'epoch': 66, 'train_loss': 0.0009, 'train_acc': 1.0}
{'epoch': 67, 'train_loss': 0.0009, 'train_acc': 1.0}
{'epoch': 68, 'train_loss': 0.0011, 'train_acc': 1.0}
{'epoch': 69, 'train_loss': 0.001, 'train_acc': 1.0}
{'epoch': 70, 'train_loss': 0.001, 'train_acc': 1.0}
{'epoch': 71, 'train_loss': 0.001, 'train_acc': 1.0}
{'epoch': 72, 'train_loss': 0.0009, 'train_acc': 1.0}
{'epoch': 73, 'train_loss': 0.0009, 'train_acc': 1.0}
{'epoch': 74, 'train_loss': 0.0011, 'train_acc': 1.0}
{'epoch': 75, 'train_loss': 0.001, 'train_acc': 1.0}
{'epoch': 76, 'train_loss': 0.001, 'train_acc': 1.0}
{'epoch': 77, 'train_loss': 0.0009, 'train_acc': 1.0}
{'epoch': 78, 'train_loss': 0.0009, 'train_acc': 1.0}
{'epoch': 79, 'train_loss': 0.001, 'train_acc': 1.0}
{'epoch': 80, 'train_loss': 0.0009, 'train_acc': 1.0}
{'epoch': 81, 'train_loss': 0.001, 'train_acc': 1.0}
{'epoch': 82, 'train_loss': 0.0008, 'train_acc': 1.0}
{'epoch': 83, 'train_loss': 0.0009, 'train_acc': 1.0}
{'epoch': 84, 'train_loss': 0.0009, 'train_acc': 1.0}
{'epoch': 85, 'train_loss': 0.001, 'train_acc': 1.0}
{'epoch': 86, 'train_loss': 0.0009, 'train_acc': 1.0}
{'epoch': 87, 'train_loss': 0.0008, 'train_acc': 1.0}
{'epoch': 88, 'train_loss': 0.001, 'train_acc': 1.0}
{'epoch': 89, 'train_loss': 0.001, 'train_acc': 1.0}
{'epoch': 90, 'train_loss': 0.0011, 'train_acc': 1.0}
{'epoch': 91, 'train_loss': 0.0009, 'train_acc': 1.0}
{'epoch': 92, 'train_loss': 0.0009, 'train_acc': 1.0}
{'epoch': 93, 'train_loss': 0.0009, 'train_acc': 1.0}
{'epoch': 94, 'train_loss': 0.0009, 'train_acc': 1.0}
{'epoch': 95, 'train_loss': 0.0008, 'train_acc': 1.0}
{'epoch': 96, 'train_loss': 0.0009, 'train_acc': 1.0}
{'epoch': 97, 'train_loss': 0.0009, 'train_acc': 1.0}
{'epoch': 98, 'train_loss': 0.0009, 'train_acc': 1.0}
{'epoch': 99, 'train_loss': 0.0008, 'train_acc': 1.0}
{'epoch': 100, 'train_loss': 0.001, 'train_acc': 1.0}
{'run_num': 0, 'final_test_err': 0.5802}
Files already downloaded and verified
Files already downloaded and verified
{'epoch': 1, 'train_loss': 2.0988, 'train_acc': 0.2505}
{'epoch': 2, 'train_loss': 1.8166, 'train_acc': 0.36}
{'epoch': 3, 'train_loss': 1.6126, 'train_acc': 0.4348}
{'epoch': 4, 'train_loss': 1.3942, 'train_acc': 0.5048}
{'epoch': 5, 'train_loss': 1.2536, 'train_acc': 0.5643}
{'epoch': 6, 'train_loss': 1.0228, 'train_acc': 0.639}
{'epoch': 7, 'train_loss': 0.8382, 'train_acc': 0.7162}
{'epoch': 8, 'train_loss': 0.6563, 'train_acc': 0.7762}
{'epoch': 9, 'train_loss': 0.4125, 'train_acc': 0.8767}
{'epoch': 10, 'train_loss': 0.2996, 'train_acc': 0.9171}
{'epoch': 11, 'train_loss': 0.1724, 'train_acc': 0.9581}
{'epoch': 12, 'train_loss': 0.0727, 'train_acc': 0.9924}
{'epoch': 13, 'train_loss': 0.034, 'train_acc': 0.9986}
{'epoch': 14, 'train_loss': 0.0197, 'train_acc': 1.0}
{'epoch': 15, 'train_loss': 0.014, 'train_acc': 1.0}
{'epoch': 16, 'train_loss': 0.0086, 'train_acc': 1.0}
{'epoch': 17, 'train_loss': 0.0076, 'train_acc': 1.0}
{'epoch': 18, 'train_loss': 0.0122, 'train_acc': 1.0}
{'epoch': 19, 'train_loss': 0.0065, 'train_acc': 1.0}
{'epoch': 20, 'train_loss': 0.0054, 'train_acc': 1.0}
{'epoch': 21, 'train_loss': 0.0047, 'train_acc': 1.0}
{'epoch': 22, 'train_loss': 0.0039, 'train_acc': 1.0}
{'epoch': 23, 'train_loss': 0.0034, 'train_acc': 1.0}
{'epoch': 24, 'train_loss': 0.0028, 'train_acc': 1.0}
{'epoch': 25, 'train_loss': 0.0034, 'train_acc': 1.0}
{'epoch': 26, 'train_loss': 0.003, 'train_acc': 1.0}
{'epoch': 27, 'train_loss': 0.0024, 'train_acc': 1.0}
{'epoch': 28, 'train_loss': 0.0024, 'train_acc': 1.0}
{'epoch': 29, 'train_loss': 0.0022, 'train_acc': 1.0}
{'epoch': 30, 'train_loss': 0.0019, 'train_acc': 1.0}
{'epoch': 31, 'train_loss': 0.0019, 'train_acc': 1.0}
{'epoch': 32, 'train_loss': 0.0019, 'train_acc': 1.0}
{'epoch': 33, 'train_loss': 0.0019, 'train_acc': 1.0}
{'epoch': 34, 'train_loss': 0.0022, 'train_acc': 0.9995}
{'epoch': 35, 'train_loss': 0.0019, 'train_acc': 1.0}
{'epoch': 36, 'train_loss': 0.0016, 'train_acc': 1.0}
{'epoch': 37, 'train_loss': 0.0017, 'train_acc': 1.0}
{'epoch': 38, 'train_loss': 0.0018, 'train_acc': 1.0}
{'epoch': 39, 'train_loss': 0.0089, 'train_acc': 0.999}
{'epoch': 40, 'train_loss': 0.0022, 'train_acc': 1.0}
{'epoch': 41, 'train_loss': 0.0019, 'train_acc': 1.0}
{'epoch': 42, 'train_loss': 0.002, 'train_acc': 1.0}
{'epoch': 43, 'train_loss': 0.0016, 'train_acc': 1.0}
{'epoch': 44, 'train_loss': 0.0015, 'train_acc': 1.0}
{'epoch': 45, 'train_loss': 0.0015, 'train_acc': 1.0}
{'epoch': 46, 'train_loss': 0.0014, 'train_acc': 1.0}
{'epoch': 47, 'train_loss': 0.0014, 'train_acc': 1.0}
{'epoch': 48, 'train_loss': 0.0013, 'train_acc': 1.0}
{'epoch': 49, 'train_loss': 0.0013, 'train_acc': 1.0}
{'epoch': 50, 'train_loss': 0.0013, 'train_acc': 1.0}
{'epoch': 51, 'train_loss': 0.0014, 'train_acc': 1.0}
{'epoch': 52, 'train_loss': 0.0017, 'train_acc': 1.0}
{'epoch': 53, 'train_loss': 0.0013, 'train_acc': 1.0}
{'epoch': 54, 'train_loss': 0.0016, 'train_acc': 1.0}
{'epoch': 55, 'train_loss': 0.0012, 'train_acc': 1.0}
{'epoch': 56, 'train_loss': 0.0011, 'train_acc': 1.0}
{'epoch': 57, 'train_loss': 0.0011, 'train_acc': 1.0}
{'epoch': 58, 'train_loss': 0.0011, 'train_acc': 1.0}
{'epoch': 59, 'train_loss': 0.0011, 'train_acc': 1.0}
{'epoch': 60, 'train_loss': 0.0011, 'train_acc': 1.0}
{'epoch': 61, 'train_loss': 0.001, 'train_acc': 1.0}
{'epoch': 62, 'train_loss': 0.001, 'train_acc': 1.0}
{'epoch': 63, 'train_loss': 0.001, 'train_acc': 1.0}
{'epoch': 64, 'train_loss': 0.001, 'train_acc': 1.0}
{'epoch': 65, 'train_loss': 0.0011, 'train_acc': 1.0}
{'epoch': 66, 'train_loss': 0.0011, 'train_acc': 1.0}
{'epoch': 67, 'train_loss': 0.0009, 'train_acc': 1.0}
{'epoch': 68, 'train_loss': 0.0009, 'train_acc': 1.0}
{'epoch': 69, 'train_loss': 0.0009, 'train_acc': 1.0}
{'epoch': 70, 'train_loss': 0.001, 'train_acc': 1.0}
{'epoch': 71, 'train_loss': 0.0009, 'train_acc': 1.0}
{'epoch': 72, 'train_loss': 0.0009, 'train_acc': 1.0}
{'epoch': 73, 'train_loss': 0.0009, 'train_acc': 1.0}
{'epoch': 74, 'train_loss': 0.0009, 'train_acc': 1.0}
{'epoch': 75, 'train_loss': 0.0009, 'train_acc': 1.0}
{'epoch': 76, 'train_loss': 0.001, 'train_acc': 1.0}
{'epoch': 77, 'train_loss': 0.001, 'train_acc': 1.0}
{'epoch': 78, 'train_loss': 0.0009, 'train_acc': 1.0}
{'epoch': 79, 'train_loss': 0.0008, 'train_acc': 1.0}
{'epoch': 80, 'train_loss': 0.0018, 'train_acc': 0.9995}
{'epoch': 81, 'train_loss': 0.0008, 'train_acc': 1.0}
{'epoch': 82, 'train_loss': 0.0009, 'train_acc': 1.0}
{'epoch': 83, 'train_loss': 0.0009, 'train_acc': 1.0}
{'epoch': 84, 'train_loss': 0.0009, 'train_acc': 1.0}
{'epoch': 85, 'train_loss': 0.0008, 'train_acc': 1.0}
{'epoch': 86, 'train_loss': 0.0009, 'train_acc': 1.0}
{'epoch': 87, 'train_loss': 0.0008, 'train_acc': 1.0}
{'epoch': 88, 'train_loss': 0.0008, 'train_acc': 1.0}
{'epoch': 89, 'train_loss': 0.0009, 'train_acc': 1.0}
{'epoch': 90, 'train_loss': 0.0008, 'train_acc': 1.0}
{'epoch': 91, 'train_loss': 0.0008, 'train_acc': 1.0}
{'epoch': 92, 'train_loss': 0.0009, 'train_acc': 1.0}
{'epoch': 93, 'train_loss': 0.0009, 'train_acc': 1.0}
{'epoch': 94, 'train_loss': 0.0008, 'train_acc': 1.0}
{'epoch': 95, 'train_loss': 0.0008, 'train_acc': 1.0}
{'epoch': 96, 'train_loss': 0.0009, 'train_acc': 1.0}
{'epoch': 97, 'train_loss': 0.0009, 'train_acc': 1.0}
{'epoch': 98, 'train_loss': 0.0008, 'train_acc': 1.0}
{'epoch': 99, 'train_loss': 0.0008, 'train_acc': 1.0}
{'epoch': 100, 'train_loss': 0.0009, 'train_acc': 1.0}
{'run_num': 1, 'final_test_err': 0.5671999999999999}
Files already downloaded and verified
Files already downloaded and verified
{'epoch': 1, 'train_loss': 2.1527, 'train_acc': 0.2467}
{'epoch': 2, 'train_loss': 1.8224, 'train_acc': 0.3476}
{'epoch': 3, 'train_loss': 1.6282, 'train_acc': 0.4048}
{'epoch': 4, 'train_loss': 1.4406, 'train_acc': 0.4781}
{'epoch': 5, 'train_loss': 1.2832, 'train_acc': 0.5305}
{'epoch': 6, 'train_loss': 1.0661, 'train_acc': 0.62}
{'epoch': 7, 'train_loss': 0.886, 'train_acc': 0.701}
{'epoch': 8, 'train_loss': 0.6832, 'train_acc': 0.7676}
{'epoch': 9, 'train_loss': 0.4805, 'train_acc': 0.8457}
{'epoch': 10, 'train_loss': 0.3736, 'train_acc': 0.8857}
{'epoch': 11, 'train_loss': 0.2674, 'train_acc': 0.9338}
{'epoch': 12, 'train_loss': 0.1585, 'train_acc': 0.96}
{'epoch': 13, 'train_loss': 0.1352, 'train_acc': 0.969}
{'epoch': 14, 'train_loss': 0.06, 'train_acc': 0.9924}
{'epoch': 15, 'train_loss': 0.0274, 'train_acc': 0.9995}
{'epoch': 16, 'train_loss': 0.0203, 'train_acc': 0.999}
{'epoch': 17, 'train_loss': 0.0101, 'train_acc': 1.0}
{'epoch': 18, 'train_loss': 0.0078, 'train_acc': 1.0}
{'epoch': 19, 'train_loss': 0.0059, 'train_acc': 1.0}
{'epoch': 20, 'train_loss': 0.0061, 'train_acc': 1.0}
{'epoch': 21, 'train_loss': 0.0044, 'train_acc': 1.0}
{'epoch': 22, 'train_loss': 0.0037, 'train_acc': 1.0}
{'epoch': 23, 'train_loss': 0.0034, 'train_acc': 1.0}
{'epoch': 24, 'train_loss': 0.0034, 'train_acc': 1.0}
{'epoch': 25, 'train_loss': 0.0035, 'train_acc': 1.0}
{'epoch': 26, 'train_loss': 0.003, 'train_acc': 1.0}
{'epoch': 27, 'train_loss': 0.0026, 'train_acc': 1.0}
{'epoch': 28, 'train_loss': 0.0024, 'train_acc': 1.0}
{'epoch': 29, 'train_loss': 0.0026, 'train_acc': 1.0}
{'epoch': 30, 'train_loss': 0.0023, 'train_acc': 1.0}
{'epoch': 31, 'train_loss': 0.0022, 'train_acc': 1.0}
{'epoch': 32, 'train_loss': 0.0024, 'train_acc': 1.0}
{'epoch': 33, 'train_loss': 0.002, 'train_acc': 1.0}
{'epoch': 34, 'train_loss': 0.002, 'train_acc': 1.0}
{'epoch': 35, 'train_loss': 0.0021, 'train_acc': 1.0}
{'epoch': 36, 'train_loss': 0.0017, 'train_acc': 1.0}
{'epoch': 37, 'train_loss': 0.0017, 'train_acc': 1.0}
{'epoch': 38, 'train_loss': 0.0016, 'train_acc': 1.0}
{'epoch': 39, 'train_loss': 0.0014, 'train_acc': 1.0}
{'epoch': 40, 'train_loss': 0.0015, 'train_acc': 1.0}
{'epoch': 41, 'train_loss': 0.0014, 'train_acc': 1.0}
{'epoch': 42, 'train_loss': 0.0014, 'train_acc': 1.0}
{'epoch': 43, 'train_loss': 0.0013, 'train_acc': 1.0}
{'epoch': 44, 'train_loss': 0.0016, 'train_acc': 1.0}
{'epoch': 45, 'train_loss': 0.0014, 'train_acc': 1.0}
{'epoch': 46, 'train_loss': 0.0013, 'train_acc': 1.0}
{'epoch': 47, 'train_loss': 0.0013, 'train_acc': 1.0}
{'epoch': 48, 'train_loss': 0.0014, 'train_acc': 1.0}
{'epoch': 49, 'train_loss': 0.0012, 'train_acc': 1.0}
{'epoch': 50, 'train_loss': 0.0011, 'train_acc': 1.0}
{'epoch': 51, 'train_loss': 0.0012, 'train_acc': 1.0}
{'epoch': 52, 'train_loss': 0.0013, 'train_acc': 1.0}
{'epoch': 53, 'train_loss': 0.0011, 'train_acc': 1.0}
{'epoch': 54, 'train_loss': 0.0012, 'train_acc': 1.0}
{'epoch': 55, 'train_loss': 0.0012, 'train_acc': 1.0}
{'epoch': 56, 'train_loss': 0.0011, 'train_acc': 1.0}
{'epoch': 57, 'train_loss': 0.001, 'train_acc': 1.0}
{'epoch': 58, 'train_loss': 0.001, 'train_acc': 1.0}
{'epoch': 59, 'train_loss': 0.0009, 'train_acc': 1.0}
{'epoch': 60, 'train_loss': 0.001, 'train_acc': 1.0}
{'epoch': 61, 'train_loss': 0.001, 'train_acc': 1.0}
{'epoch': 62, 'train_loss': 0.0011, 'train_acc': 1.0}
{'epoch': 63, 'train_loss': 0.0011, 'train_acc': 1.0}
{'epoch': 64, 'train_loss': 0.001, 'train_acc': 1.0}
{'epoch': 65, 'train_loss': 0.001, 'train_acc': 1.0}
{'epoch': 66, 'train_loss': 0.0012, 'train_acc': 1.0}
{'epoch': 67, 'train_loss': 0.0011, 'train_acc': 1.0}
{'epoch': 68, 'train_loss': 0.001, 'train_acc': 1.0}
{'epoch': 69, 'train_loss': 0.0011, 'train_acc': 1.0}
{'epoch': 70, 'train_loss': 0.001, 'train_acc': 1.0}
{'epoch': 71, 'train_loss': 0.001, 'train_acc': 1.0}
{'epoch': 72, 'train_loss': 0.0009, 'train_acc': 1.0}
{'epoch': 73, 'train_loss': 0.001, 'train_acc': 1.0}
{'epoch': 74, 'train_loss': 0.0009, 'train_acc': 1.0}
{'epoch': 75, 'train_loss': 0.0009, 'train_acc': 1.0}
{'epoch': 76, 'train_loss': 0.001, 'train_acc': 1.0}
{'epoch': 77, 'train_loss': 0.0009, 'train_acc': 1.0}
{'epoch': 78, 'train_loss': 0.0009, 'train_acc': 1.0}
{'epoch': 79, 'train_loss': 0.001, 'train_acc': 1.0}
{'epoch': 80, 'train_loss': 0.001, 'train_acc': 1.0}
{'epoch': 81, 'train_loss': 0.0009, 'train_acc': 1.0}
{'epoch': 82, 'train_loss': 0.001, 'train_acc': 1.0}
{'epoch': 83, 'train_loss': 0.001, 'train_acc': 1.0}
{'epoch': 84, 'train_loss': 0.0009, 'train_acc': 1.0}
{'epoch': 85, 'train_loss': 0.0009, 'train_acc': 1.0}
{'epoch': 86, 'train_loss': 0.0009, 'train_acc': 1.0}
{'epoch': 87, 'train_loss': 0.0009, 'train_acc': 1.0}
{'epoch': 88, 'train_loss': 0.0009, 'train_acc': 1.0}
{'epoch': 89, 'train_loss': 0.0009, 'train_acc': 1.0}
{'epoch': 90, 'train_loss': 0.0009, 'train_acc': 1.0}
{'epoch': 91, 'train_loss': 0.0009, 'train_acc': 1.0}
{'epoch': 92, 'train_loss': 0.0008, 'train_acc': 1.0}
{'epoch': 93, 'train_loss': 0.0008, 'train_acc': 1.0}
{'epoch': 94, 'train_loss': 0.0009, 'train_acc': 1.0}
{'epoch': 95, 'train_loss': 0.0009, 'train_acc': 1.0}
{'epoch': 96, 'train_loss': 0.0009, 'train_acc': 1.0}
{'epoch': 97, 'train_loss': 0.0009, 'train_acc': 1.0}
{'epoch': 98, 'train_loss': 0.0008, 'train_acc': 1.0}
{'epoch': 99, 'train_loss': 0.0008, 'train_acc': 1.0}
{'epoch': 100, 'train_loss': 0.001, 'train_acc': 1.0}
{'run_num': 2, 'final_test_err': 0.548}
Files already downloaded and verified
Files already downloaded and verified
{'epoch': 1, 'train_loss': 2.1141, 'train_acc': 0.2457}
{'epoch': 2, 'train_loss': 1.8209, 'train_acc': 0.3457}
{'epoch': 3, 'train_loss': 1.6117, 'train_acc': 0.4119}
{'epoch': 4, 'train_loss': 1.4471, 'train_acc': 0.4829}
{'epoch': 5, 'train_loss': 1.2801, 'train_acc': 0.5424}
{'epoch': 6, 'train_loss': 1.1219, 'train_acc': 0.619}
{'epoch': 7, 'train_loss': 0.9003, 'train_acc': 0.6943}
{'epoch': 8, 'train_loss': 0.6829, 'train_acc': 0.7719}
{'epoch': 9, 'train_loss': 0.49, 'train_acc': 0.8433}
{'epoch': 10, 'train_loss': 0.3595, 'train_acc': 0.8952}
{'epoch': 11, 'train_loss': 0.2382, 'train_acc': 0.9338}
{'epoch': 12, 'train_loss': 0.1167, 'train_acc': 0.981}
{'epoch': 13, 'train_loss': 0.0646, 'train_acc': 0.9919}
{'epoch': 14, 'train_loss': 0.0329, 'train_acc': 0.9995}
{'epoch': 15, 'train_loss': 0.0296, 'train_acc': 0.9971}
{'epoch': 16, 'train_loss': 0.0173, 'train_acc': 1.0}
{'epoch': 17, 'train_loss': 0.0116, 'train_acc': 1.0}
{'epoch': 18, 'train_loss': 0.0078, 'train_acc': 1.0}
{'epoch': 19, 'train_loss': 0.0082, 'train_acc': 1.0}
{'epoch': 20, 'train_loss': 0.0061, 'train_acc': 1.0}
{'epoch': 21, 'train_loss': 0.0047, 'train_acc': 1.0}
{'epoch': 22, 'train_loss': 0.0043, 'train_acc': 1.0}
{'epoch': 23, 'train_loss': 0.0041, 'train_acc': 1.0}
{'epoch': 24, 'train_loss': 0.0035, 'train_acc': 1.0}
{'epoch': 25, 'train_loss': 0.0031, 'train_acc': 1.0}
{'epoch': 26, 'train_loss': 0.0028, 'train_acc': 1.0}
{'epoch': 27, 'train_loss': 0.0029, 'train_acc': 1.0}
{'epoch': 28, 'train_loss': 0.0031, 'train_acc': 1.0}
{'epoch': 29, 'train_loss': 0.0024, 'train_acc': 1.0}
{'epoch': 30, 'train_loss': 0.0022, 'train_acc': 1.0}
{'epoch': 31, 'train_loss': 0.0024, 'train_acc': 1.0}
{'epoch': 32, 'train_loss': 0.0021, 'train_acc': 1.0}
{'epoch': 33, 'train_loss': 0.002, 'train_acc': 1.0}
{'epoch': 34, 'train_loss': 0.0019, 'train_acc': 1.0}
{'epoch': 35, 'train_loss': 0.0017, 'train_acc': 1.0}
{'epoch': 36, 'train_loss': 0.0019, 'train_acc': 1.0}
{'epoch': 37, 'train_loss': 0.0017, 'train_acc': 1.0}
{'epoch': 38, 'train_loss': 0.0015, 'train_acc': 1.0}
{'epoch': 39, 'train_loss': 0.0017, 'train_acc': 1.0}
{'epoch': 40, 'train_loss': 0.0016, 'train_acc': 1.0}
{'epoch': 41, 'train_loss': 0.0015, 'train_acc': 1.0}
{'epoch': 42, 'train_loss': 0.0015, 'train_acc': 1.0}
{'epoch': 43, 'train_loss': 0.0015, 'train_acc': 1.0}
{'epoch': 44, 'train_loss': 0.0014, 'train_acc': 1.0}
{'epoch': 45, 'train_loss': 0.0013, 'train_acc': 1.0}
{'epoch': 46, 'train_loss': 0.0014, 'train_acc': 1.0}
{'epoch': 47, 'train_loss': 0.0012, 'train_acc': 1.0}
{'epoch': 48, 'train_loss': 0.0012, 'train_acc': 1.0}
{'epoch': 49, 'train_loss': 0.0013, 'train_acc': 1.0}
{'epoch': 50, 'train_loss': 0.0017, 'train_acc': 1.0}
{'epoch': 51, 'train_loss': 0.0013, 'train_acc': 1.0}
{'epoch': 52, 'train_loss': 0.0016, 'train_acc': 1.0}
{'epoch': 53, 'train_loss': 0.0029, 'train_acc': 1.0}
{'epoch': 54, 'train_loss': 0.0016, 'train_acc': 1.0}
{'epoch': 55, 'train_loss': 0.0013, 'train_acc': 1.0}
{'epoch': 56, 'train_loss': 0.0012, 'train_acc': 1.0}
{'epoch': 57, 'train_loss': 0.0013, 'train_acc': 1.0}
{'epoch': 58, 'train_loss': 0.0014, 'train_acc': 1.0}
{'epoch': 59, 'train_loss': 0.002, 'train_acc': 1.0}
{'epoch': 60, 'train_loss': 0.0018, 'train_acc': 1.0}
{'epoch': 61, 'train_loss': 0.0015, 'train_acc': 1.0}
{'epoch': 62, 'train_loss': 0.0014, 'train_acc': 1.0}
{'epoch': 63, 'train_loss': 0.0012, 'train_acc': 1.0}
{'epoch': 64, 'train_loss': 0.0011, 'train_acc': 1.0}
{'epoch': 65, 'train_loss': 0.0012, 'train_acc': 1.0}
{'epoch': 66, 'train_loss': 0.001, 'train_acc': 1.0}
{'epoch': 67, 'train_loss': 0.001, 'train_acc': 1.0}
{'epoch': 68, 'train_loss': 0.0011, 'train_acc': 1.0}
{'epoch': 69, 'train_loss': 0.001, 'train_acc': 1.0}
{'epoch': 70, 'train_loss': 0.0009, 'train_acc': 1.0}
{'epoch': 71, 'train_loss': 0.001, 'train_acc': 1.0}
{'epoch': 72, 'train_loss': 0.0011, 'train_acc': 1.0}
{'epoch': 73, 'train_loss': 0.0009, 'train_acc': 1.0}
{'epoch': 74, 'train_loss': 0.0016, 'train_acc': 1.0}
{'epoch': 75, 'train_loss': 0.0016, 'train_acc': 1.0}
{'epoch': 76, 'train_loss': 0.0012, 'train_acc': 1.0}
{'epoch': 77, 'train_loss': 0.0011, 'train_acc': 1.0}
{'epoch': 78, 'train_loss': 0.001, 'train_acc': 1.0}
{'epoch': 79, 'train_loss': 0.0011, 'train_acc': 1.0}
{'epoch': 80, 'train_loss': 0.001, 'train_acc': 1.0}
{'epoch': 81, 'train_loss': 0.001, 'train_acc': 1.0}
{'epoch': 82, 'train_loss': 0.001, 'train_acc': 1.0}
{'epoch': 83, 'train_loss': 0.001, 'train_acc': 1.0}
{'epoch': 84, 'train_loss': 0.0012, 'train_acc': 1.0}
{'epoch': 85, 'train_loss': 0.0011, 'train_acc': 1.0}
{'epoch': 86, 'train_loss': 0.001, 'train_acc': 1.0}
{'epoch': 87, 'train_loss': 0.001, 'train_acc': 1.0}
{'epoch': 88, 'train_loss': 0.001, 'train_acc': 1.0}
{'epoch': 89, 'train_loss': 0.001, 'train_acc': 1.0}
{'epoch': 90, 'train_loss': 0.0011, 'train_acc': 1.0}
{'epoch': 91, 'train_loss': 0.0009, 'train_acc': 1.0}
{'epoch': 92, 'train_loss': 0.0009, 'train_acc': 1.0}
{'epoch': 93, 'train_loss': 0.0009, 'train_acc': 1.0}
{'epoch': 94, 'train_loss': 0.0009, 'train_acc': 1.0}
{'epoch': 95, 'train_loss': 0.0009, 'train_acc': 1.0}
{'epoch': 96, 'train_loss': 0.0009, 'train_acc': 1.0}
{'epoch': 97, 'train_loss': 0.001, 'train_acc': 1.0}
{'epoch': 98, 'train_loss': 0.0009, 'train_acc': 1.0}
{'epoch': 99, 'train_loss': 0.001, 'train_acc': 1.0}
{'epoch': 100, 'train_loss': 0.001, 'train_acc': 1.0}
{'run_num': 3, 'final_test_err': 0.5800000000000001}
Files already downloaded and verified
Files already downloaded and verified
{'epoch': 1, 'train_loss': 2.0914, 'train_acc': 0.2543}
{'epoch': 2, 'train_loss': 1.7666, 'train_acc': 0.3519}
{'epoch': 3, 'train_loss': 1.6062, 'train_acc': 0.4214}
{'epoch': 4, 'train_loss': 1.4021, 'train_acc': 0.4986}
{'epoch': 5, 'train_loss': 1.1978, 'train_acc': 0.56}
{'epoch': 6, 'train_loss': 0.9908, 'train_acc': 0.6548}
{'epoch': 7, 'train_loss': 0.7901, 'train_acc': 0.73}
{'epoch': 8, 'train_loss': 0.5697, 'train_acc': 0.8229}
{'epoch': 9, 'train_loss': 0.4049, 'train_acc': 0.8781}
{'epoch': 10, 'train_loss': 0.2526, 'train_acc': 0.9348}
{'epoch': 11, 'train_loss': 0.1818, 'train_acc': 0.9524}
{'epoch': 12, 'train_loss': 0.1131, 'train_acc': 0.9762}
{'epoch': 13, 'train_loss': 0.0363, 'train_acc': 0.9995}
{'epoch': 14, 'train_loss': 0.0211, 'train_acc': 0.999}
{'epoch': 15, 'train_loss': 0.013, 'train_acc': 0.9995}
{'epoch': 16, 'train_loss': 0.0111, 'train_acc': 1.0}
{'epoch': 17, 'train_loss': 0.0084, 'train_acc': 1.0}
{'epoch': 18, 'train_loss': 0.0059, 'train_acc': 1.0}
{'epoch': 19, 'train_loss': 0.0048, 'train_acc': 1.0}
{'epoch': 20, 'train_loss': 0.0055, 'train_acc': 1.0}
{'epoch': 21, 'train_loss': 0.0046, 'train_acc': 1.0}
{'epoch': 22, 'train_loss': 0.0039, 'train_acc': 1.0}
{'epoch': 23, 'train_loss': 0.0034, 'train_acc': 1.0}
{'epoch': 24, 'train_loss': 0.0062, 'train_acc': 1.0}
{'epoch': 25, 'train_loss': 0.0041, 'train_acc': 1.0}
{'epoch': 26, 'train_loss': 0.0039, 'train_acc': 1.0}
{'epoch': 27, 'train_loss': 0.0029, 'train_acc': 1.0}
{'epoch': 28, 'train_loss': 0.0025, 'train_acc': 1.0}
{'epoch': 29, 'train_loss': 0.0024, 'train_acc': 1.0}
{'epoch': 30, 'train_loss': 0.0022, 'train_acc': 1.0}
{'epoch': 31, 'train_loss': 0.0023, 'train_acc': 1.0}
{'epoch': 32, 'train_loss': 0.0019, 'train_acc': 1.0}
{'epoch': 33, 'train_loss': 0.0018, 'train_acc': 1.0}
{'epoch': 34, 'train_loss': 0.0019, 'train_acc': 1.0}
{'epoch': 35, 'train_loss': 0.0016, 'train_acc': 1.0}
{'epoch': 36, 'train_loss': 0.0016, 'train_acc': 1.0}
{'epoch': 37, 'train_loss': 0.0016, 'train_acc': 1.0}
{'epoch': 38, 'train_loss': 0.0016, 'train_acc': 1.0}
{'epoch': 39, 'train_loss': 0.0016, 'train_acc': 1.0}
{'epoch': 40, 'train_loss': 0.0014, 'train_acc': 1.0}
{'epoch': 41, 'train_loss': 0.0014, 'train_acc': 1.0}
{'epoch': 42, 'train_loss': 0.0014, 'train_acc': 1.0}
{'epoch': 43, 'train_loss': 0.0015, 'train_acc': 1.0}
{'epoch': 44, 'train_loss': 0.0014, 'train_acc': 1.0}
{'epoch': 45, 'train_loss': 0.0013, 'train_acc': 1.0}
{'epoch': 46, 'train_loss': 0.0012, 'train_acc': 1.0}
{'epoch': 47, 'train_loss': 0.0012, 'train_acc': 1.0}
{'epoch': 48, 'train_loss': 0.0014, 'train_acc': 1.0}
{'epoch': 49, 'train_loss': 0.0012, 'train_acc': 1.0}
{'epoch': 50, 'train_loss': 0.0011, 'train_acc': 1.0}
{'epoch': 51, 'train_loss': 0.0011, 'train_acc': 1.0}
{'epoch': 52, 'train_loss': 0.0011, 'train_acc': 1.0}
{'epoch': 53, 'train_loss': 0.001, 'train_acc': 1.0}
{'epoch': 54, 'train_loss': 0.0011, 'train_acc': 1.0}
{'epoch': 55, 'train_loss': 0.001, 'train_acc': 1.0}
{'epoch': 56, 'train_loss': 0.001, 'train_acc': 1.0}
{'epoch': 57, 'train_loss': 0.0009, 'train_acc': 1.0}
{'epoch': 58, 'train_loss': 0.001, 'train_acc': 1.0}
{'epoch': 59, 'train_loss': 0.001, 'train_acc': 1.0}
{'epoch': 60, 'train_loss': 0.001, 'train_acc': 1.0}
{'epoch': 61, 'train_loss': 0.001, 'train_acc': 1.0}
{'epoch': 62, 'train_loss': 0.0009, 'train_acc': 1.0}
{'epoch': 63, 'train_loss': 0.001, 'train_acc': 1.0}
{'epoch': 64, 'train_loss': 0.001, 'train_acc': 1.0}
{'epoch': 65, 'train_loss': 0.001, 'train_acc': 1.0}
{'epoch': 66, 'train_loss': 0.001, 'train_acc': 1.0}
{'epoch': 67, 'train_loss': 0.0009, 'train_acc': 1.0}
{'epoch': 68, 'train_loss': 0.0009, 'train_acc': 1.0}
{'epoch': 69, 'train_loss': 0.0008, 'train_acc': 1.0}
{'epoch': 70, 'train_loss': 0.0009, 'train_acc': 1.0}
{'epoch': 71, 'train_loss': 0.001, 'train_acc': 1.0}
{'epoch': 72, 'train_loss': 0.0009, 'train_acc': 1.0}
{'epoch': 73, 'train_loss': 0.0009, 'train_acc': 1.0}
{'epoch': 74, 'train_loss': 0.0009, 'train_acc': 1.0}
{'epoch': 75, 'train_loss': 0.0009, 'train_acc': 1.0}
{'epoch': 76, 'train_loss': 0.0008, 'train_acc': 1.0}
{'epoch': 77, 'train_loss': 0.0009, 'train_acc': 1.0}
{'epoch': 78, 'train_loss': 0.0009, 'train_acc': 1.0}
{'epoch': 79, 'train_loss': 0.0009, 'train_acc': 1.0}
{'epoch': 80, 'train_loss': 0.001, 'train_acc': 1.0}
{'epoch': 81, 'train_loss': 0.0011, 'train_acc': 1.0}
{'epoch': 82, 'train_loss': 0.0008, 'train_acc': 1.0}
{'epoch': 83, 'train_loss': 0.001, 'train_acc': 1.0}
{'epoch': 84, 'train_loss': 0.0009, 'train_acc': 1.0}
{'epoch': 85, 'train_loss': 0.0009, 'train_acc': 1.0}
{'epoch': 86, 'train_loss': 0.0009, 'train_acc': 1.0}
{'epoch': 87, 'train_loss': 0.0009, 'train_acc': 1.0}
{'epoch': 88, 'train_loss': 0.0008, 'train_acc': 1.0}
{'epoch': 89, 'train_loss': 0.0009, 'train_acc': 1.0}
{'epoch': 90, 'train_loss': 0.0008, 'train_acc': 1.0}
{'epoch': 91, 'train_loss': 0.0009, 'train_acc': 1.0}
{'epoch': 92, 'train_loss': 0.0008, 'train_acc': 1.0}
{'epoch': 93, 'train_loss': 0.0008, 'train_acc': 1.0}
{'epoch': 94, 'train_loss': 0.001, 'train_acc': 1.0}
{'epoch': 95, 'train_loss': 0.0009, 'train_acc': 1.0}
{'epoch': 96, 'train_loss': 0.0008, 'train_acc': 1.0}
{'epoch': 97, 'train_loss': 0.0008, 'train_acc': 1.0}
{'epoch': 98, 'train_loss': 0.0009, 'train_acc': 1.0}
{'epoch': 99, 'train_loss': 0.0008, 'train_acc': 1.0}
{'epoch': 100, 'train_loss': 0.0008, 'train_acc': 1.0}
{'run_num': 4, 'final_test_err': 0.5682}
Files already downloaded and verified
Files already downloaded and verified
{'epoch': 1, 'train_loss': 2.105, 'train_acc': 0.2543}
{'epoch': 2, 'train_loss': 1.7513, 'train_acc': 0.3524}
{'epoch': 3, 'train_loss': 1.5644, 'train_acc': 0.4295}
{'epoch': 4, 'train_loss': 1.3961, 'train_acc': 0.5048}
{'epoch': 5, 'train_loss': 1.2172, 'train_acc': 0.5595}
{'epoch': 6, 'train_loss': 1.0022, 'train_acc': 0.6471}
{'epoch': 7, 'train_loss': 0.8162, 'train_acc': 0.729}
{'epoch': 8, 'train_loss': 0.5996, 'train_acc': 0.8024}
{'epoch': 9, 'train_loss': 0.4652, 'train_acc': 0.8448}
{'epoch': 10, 'train_loss': 0.3278, 'train_acc': 0.9062}
{'epoch': 11, 'train_loss': 0.2273, 'train_acc': 0.9362}
{'epoch': 12, 'train_loss': 0.1378, 'train_acc': 0.9724}
{'epoch': 13, 'train_loss': 0.0557, 'train_acc': 0.9943}
{'epoch': 14, 'train_loss': 0.0266, 'train_acc': 0.999}
{'epoch': 15, 'train_loss': 0.0153, 'train_acc': 1.0}
{'epoch': 16, 'train_loss': 0.0091, 'train_acc': 1.0}
{'epoch': 17, 'train_loss': 0.0093, 'train_acc': 1.0}
{'epoch': 18, 'train_loss': 0.0072, 'train_acc': 1.0}
{'epoch': 19, 'train_loss': 0.0089, 'train_acc': 0.9995}
{'epoch': 20, 'train_loss': 0.0048, 'train_acc': 1.0}
{'epoch': 21, 'train_loss': 0.0041, 'train_acc': 1.0}
{'epoch': 22, 'train_loss': 0.0043, 'train_acc': 0.9995}
{'epoch': 23, 'train_loss': 0.0398, 'train_acc': 0.9943}
{'epoch': 24, 'train_loss': 0.0085, 'train_acc': 1.0}
{'epoch': 25, 'train_loss': 0.0063, 'train_acc': 1.0}
{'epoch': 26, 'train_loss': 0.004, 'train_acc': 1.0}
{'epoch': 27, 'train_loss': 0.0036, 'train_acc': 1.0}
{'epoch': 28, 'train_loss': 0.0055, 'train_acc': 1.0}
{'epoch': 29, 'train_loss': 0.0033, 'train_acc': 1.0}
{'epoch': 30, 'train_loss': 0.0025, 'train_acc': 1.0}
{'epoch': 31, 'train_loss': 0.0027, 'train_acc': 1.0}
{'epoch': 32, 'train_loss': 0.0026, 'train_acc': 1.0}
{'epoch': 33, 'train_loss': 0.0025, 'train_acc': 1.0}
{'epoch': 34, 'train_loss': 0.0021, 'train_acc': 1.0}
{'epoch': 35, 'train_loss': 0.002, 'train_acc': 1.0}
{'epoch': 36, 'train_loss': 0.0024, 'train_acc': 1.0}
{'epoch': 37, 'train_loss': 0.0018, 'train_acc': 1.0}
{'epoch': 38, 'train_loss': 0.0017, 'train_acc': 1.0}
{'epoch': 39, 'train_loss': 0.0014, 'train_acc': 1.0}
{'epoch': 40, 'train_loss': 0.0015, 'train_acc': 1.0}
{'epoch': 41, 'train_loss': 0.002, 'train_acc': 1.0}
{'epoch': 42, 'train_loss': 0.0014, 'train_acc': 1.0}
{'epoch': 43, 'train_loss': 0.0013, 'train_acc': 1.0}
{'epoch': 44, 'train_loss': 0.0013, 'train_acc': 1.0}
{'epoch': 45, 'train_loss': 0.0013, 'train_acc': 1.0}
{'epoch': 46, 'train_loss': 0.0013, 'train_acc': 1.0}
{'epoch': 47, 'train_loss': 0.0013, 'train_acc': 1.0}
{'epoch': 48, 'train_loss': 0.0012, 'train_acc': 1.0}
{'epoch': 49, 'train_loss': 0.0011, 'train_acc': 1.0}
{'epoch': 50, 'train_loss': 0.0011, 'train_acc': 1.0}
{'epoch': 51, 'train_loss': 0.0011, 'train_acc': 1.0}
{'epoch': 52, 'train_loss': 0.0009, 'train_acc': 1.0}
{'epoch': 53, 'train_loss': 0.001, 'train_acc': 1.0}
{'epoch': 54, 'train_loss': 0.001, 'train_acc': 1.0}
{'epoch': 55, 'train_loss': 0.0015, 'train_acc': 1.0}
{'epoch': 56, 'train_loss': 0.001, 'train_acc': 1.0}
{'epoch': 57, 'train_loss': 0.0011, 'train_acc': 1.0}
{'epoch': 58, 'train_loss': 0.0011, 'train_acc': 1.0}
{'epoch': 59, 'train_loss': 0.001, 'train_acc': 1.0}
{'epoch': 60, 'train_loss': 0.001, 'train_acc': 1.0}
{'epoch': 61, 'train_loss': 0.0009, 'train_acc': 1.0}
{'epoch': 62, 'train_loss': 0.0008, 'train_acc': 1.0}
{'epoch': 63, 'train_loss': 0.0009, 'train_acc': 1.0}
{'epoch': 64, 'train_loss': 0.0009, 'train_acc': 1.0}
{'epoch': 65, 'train_loss': 0.001, 'train_acc': 1.0}
{'epoch': 66, 'train_loss': 0.0009, 'train_acc': 1.0}
{'epoch': 67, 'train_loss': 0.0011, 'train_acc': 1.0}
{'epoch': 68, 'train_loss': 0.0008, 'train_acc': 1.0}
{'epoch': 69, 'train_loss': 0.001, 'train_acc': 1.0}
{'epoch': 70, 'train_loss': 0.0009, 'train_acc': 1.0}
{'epoch': 71, 'train_loss': 0.0009, 'train_acc': 1.0}
{'epoch': 72, 'train_loss': 0.0009, 'train_acc': 1.0}
{'epoch': 73, 'train_loss': 0.001, 'train_acc': 1.0}
{'epoch': 74, 'train_loss': 0.001, 'train_acc': 1.0}
{'epoch': 75, 'train_loss': 0.0009, 'train_acc': 1.0}
{'epoch': 76, 'train_loss': 0.0009, 'train_acc': 1.0}
{'epoch': 77, 'train_loss': 0.0009, 'train_acc': 1.0}
{'epoch': 78, 'train_loss': 0.0009, 'train_acc': 1.0}
{'epoch': 79, 'train_loss': 0.001, 'train_acc': 1.0}
{'epoch': 80, 'train_loss': 0.0009, 'train_acc': 1.0}
{'epoch': 81, 'train_loss': 0.0009, 'train_acc': 1.0}
{'epoch': 82, 'train_loss': 0.0009, 'train_acc': 1.0}
{'epoch': 83, 'train_loss': 0.0009, 'train_acc': 1.0}
{'epoch': 84, 'train_loss': 0.0008, 'train_acc': 1.0}
{'epoch': 85, 'train_loss': 0.0008, 'train_acc': 1.0}
{'epoch': 86, 'train_loss': 0.0008, 'train_acc': 1.0}
{'epoch': 87, 'train_loss': 0.0008, 'train_acc': 1.0}
{'epoch': 88, 'train_loss': 0.0008, 'train_acc': 1.0}
{'epoch': 89, 'train_loss': 0.0008, 'train_acc': 1.0}
{'epoch': 90, 'train_loss': 0.0008, 'train_acc': 1.0}
{'epoch': 91, 'train_loss': 0.0008, 'train_acc': 1.0}
{'epoch': 92, 'train_loss': 0.0008, 'train_acc': 1.0}
{'epoch': 93, 'train_loss': 0.0011, 'train_acc': 1.0}
{'epoch': 94, 'train_loss': 0.0009, 'train_acc': 1.0}
{'epoch': 95, 'train_loss': 0.0009, 'train_acc': 1.0}
{'epoch': 96, 'train_loss': 0.0008, 'train_acc': 1.0}
{'epoch': 97, 'train_loss': 0.0008, 'train_acc': 1.0}
{'epoch': 98, 'train_loss': 0.0008, 'train_acc': 1.0}
{'epoch': 99, 'train_loss': 0.0008, 'train_acc': 1.0}
{'epoch': 100, 'train_loss': 0.0008, 'train_acc': 1.0}
{'run_num': 5, 'final_test_err': 0.5603}
Files already downloaded and verified
Files already downloaded and verified
{'epoch': 1, 'train_loss': 2.0835, 'train_acc': 0.2581}
{'epoch': 2, 'train_loss': 1.8073, 'train_acc': 0.3481}
{'epoch': 3, 'train_loss': 1.6206, 'train_acc': 0.4243}
{'epoch': 4, 'train_loss': 1.4083, 'train_acc': 0.49}
{'epoch': 5, 'train_loss': 1.1965, 'train_acc': 0.571}
{'epoch': 6, 'train_loss': 0.9683, 'train_acc': 0.6562}
{'epoch': 7, 'train_loss': 0.7521, 'train_acc': 0.741}
{'epoch': 8, 'train_loss': 0.5521, 'train_acc': 0.819}
{'epoch': 9, 'train_loss': 0.3701, 'train_acc': 0.89}
{'epoch': 10, 'train_loss': 0.2646, 'train_acc': 0.9271}
{'epoch': 11, 'train_loss': 0.1677, 'train_acc': 0.9638}
{'epoch': 12, 'train_loss': 0.0858, 'train_acc': 0.9871}
{'epoch': 13, 'train_loss': 0.0284, 'train_acc': 0.9981}
{'epoch': 14, 'train_loss': 0.0153, 'train_acc': 0.9995}
{'epoch': 15, 'train_loss': 0.0103, 'train_acc': 1.0}
{'epoch': 16, 'train_loss': 0.0076, 'train_acc': 1.0}
{'epoch': 17, 'train_loss': 0.0065, 'train_acc': 1.0}
{'epoch': 18, 'train_loss': 0.0047, 'train_acc': 1.0}
{'epoch': 19, 'train_loss': 0.0043, 'train_acc': 1.0}
{'epoch': 20, 'train_loss': 0.0041, 'train_acc': 1.0}
{'epoch': 21, 'train_loss': 0.0039, 'train_acc': 1.0}
{'epoch': 22, 'train_loss': 0.0036, 'train_acc': 1.0}
{'epoch': 23, 'train_loss': 0.0031, 'train_acc': 1.0}
{'epoch': 24, 'train_loss': 0.0029, 'train_acc': 1.0}
{'epoch': 25, 'train_loss': 0.0036, 'train_acc': 1.0}
{'epoch': 26, 'train_loss': 0.0027, 'train_acc': 1.0}
{'epoch': 27, 'train_loss': 0.0025, 'train_acc': 1.0}
{'epoch': 28, 'train_loss': 0.0022, 'train_acc': 1.0}
{'epoch': 29, 'train_loss': 0.0022, 'train_acc': 1.0}
{'epoch': 30, 'train_loss': 0.0021, 'train_acc': 1.0}
{'epoch': 31, 'train_loss': 0.0021, 'train_acc': 1.0}
{'epoch': 32, 'train_loss': 0.0018, 'train_acc': 1.0}
{'epoch': 33, 'train_loss': 0.0017, 'train_acc': 1.0}
{'epoch': 34, 'train_loss': 0.0017, 'train_acc': 1.0}
{'epoch': 35, 'train_loss': 0.0017, 'train_acc': 1.0}
{'epoch': 36, 'train_loss': 0.0017, 'train_acc': 1.0}
{'epoch': 37, 'train_loss': 0.0021, 'train_acc': 1.0}
{'epoch': 38, 'train_loss': 0.0016, 'train_acc': 1.0}
{'epoch': 39, 'train_loss': 0.0016, 'train_acc': 1.0}
{'epoch': 40, 'train_loss': 0.0015, 'train_acc': 1.0}
{'epoch': 41, 'train_loss': 0.0015, 'train_acc': 1.0}
{'epoch': 42, 'train_loss': 0.0012, 'train_acc': 1.0}
{'epoch': 43, 'train_loss': 0.0015, 'train_acc': 1.0}
{'epoch': 44, 'train_loss': 0.0013, 'train_acc': 1.0}
{'epoch': 45, 'train_loss': 0.0012, 'train_acc': 1.0}
{'epoch': 46, 'train_loss': 0.0011, 'train_acc': 1.0}
{'epoch': 47, 'train_loss': 0.0012, 'train_acc': 1.0}
{'epoch': 48, 'train_loss': 0.0012, 'train_acc': 1.0}
{'epoch': 49, 'train_loss': 0.0011, 'train_acc': 1.0}
{'epoch': 50, 'train_loss': 0.0011, 'train_acc': 1.0}
{'epoch': 51, 'train_loss': 0.0012, 'train_acc': 1.0}
{'epoch': 52, 'train_loss': 0.001, 'train_acc': 1.0}
{'epoch': 53, 'train_loss': 0.0011, 'train_acc': 1.0}
{'epoch': 54, 'train_loss': 0.0011, 'train_acc': 1.0}
{'epoch': 55, 'train_loss': 0.001, 'train_acc': 1.0}
{'epoch': 56, 'train_loss': 0.001, 'train_acc': 1.0}
{'epoch': 57, 'train_loss': 0.0011, 'train_acc': 1.0}
{'epoch': 58, 'train_loss': 0.001, 'train_acc': 1.0}
{'epoch': 59, 'train_loss': 0.0009, 'train_acc': 1.0}
{'epoch': 60, 'train_loss': 0.0009, 'train_acc': 1.0}
{'epoch': 61, 'train_loss': 0.001, 'train_acc': 1.0}
{'epoch': 62, 'train_loss': 0.0009, 'train_acc': 1.0}
{'epoch': 63, 'train_loss': 0.0009, 'train_acc': 1.0}
{'epoch': 64, 'train_loss': 0.0011, 'train_acc': 1.0}
{'epoch': 65, 'train_loss': 0.001, 'train_acc': 1.0}
{'epoch': 66, 'train_loss': 0.0009, 'train_acc': 1.0}
{'epoch': 67, 'train_loss': 0.0009, 'train_acc': 1.0}
{'epoch': 68, 'train_loss': 0.0009, 'train_acc': 1.0}
{'epoch': 69, 'train_loss': 0.0009, 'train_acc': 1.0}
{'epoch': 70, 'train_loss': 0.0008, 'train_acc': 1.0}
{'epoch': 71, 'train_loss': 0.0008, 'train_acc': 1.0}
{'epoch': 72, 'train_loss': 0.0009, 'train_acc': 1.0}
{'epoch': 73, 'train_loss': 0.0009, 'train_acc': 1.0}
{'epoch': 74, 'train_loss': 0.0011, 'train_acc': 1.0}
{'epoch': 75, 'train_loss': 0.0008, 'train_acc': 1.0}
{'epoch': 76, 'train_loss': 0.0009, 'train_acc': 1.0}
{'epoch': 77, 'train_loss': 0.0009, 'train_acc': 1.0}
{'epoch': 78, 'train_loss': 0.0009, 'train_acc': 1.0}
{'epoch': 79, 'train_loss': 0.0009, 'train_acc': 1.0}
{'epoch': 80, 'train_loss': 0.0008, 'train_acc': 1.0}
{'epoch': 81, 'train_loss': 0.0009, 'train_acc': 1.0}
{'epoch': 82, 'train_loss': 0.0008, 'train_acc': 1.0}
{'epoch': 83, 'train_loss': 0.0008, 'train_acc': 1.0}
{'epoch': 84, 'train_loss': 0.001, 'train_acc': 1.0}
{'epoch': 85, 'train_loss': 0.0009, 'train_acc': 1.0}
{'epoch': 86, 'train_loss': 0.0009, 'train_acc': 1.0}
{'epoch': 87, 'train_loss': 0.0009, 'train_acc': 1.0}
{'epoch': 88, 'train_loss': 0.0008, 'train_acc': 1.0}
{'epoch': 89, 'train_loss': 0.0009, 'train_acc': 1.0}
{'epoch': 90, 'train_loss': 0.0009, 'train_acc': 1.0}
{'epoch': 91, 'train_loss': 0.0008, 'train_acc': 1.0}
{'epoch': 92, 'train_loss': 0.0009, 'train_acc': 1.0}
{'epoch': 93, 'train_loss': 0.0009, 'train_acc': 1.0}
{'epoch': 94, 'train_loss': 0.0008, 'train_acc': 1.0}
{'epoch': 95, 'train_loss': 0.0008, 'train_acc': 1.0}
{'epoch': 96, 'train_loss': 0.0008, 'train_acc': 1.0}
{'epoch': 97, 'train_loss': 0.0008, 'train_acc': 1.0}
{'epoch': 98, 'train_loss': 0.0009, 'train_acc': 1.0}
{'epoch': 99, 'train_loss': 0.0009, 'train_acc': 1.0}
{'epoch': 100, 'train_loss': 0.0008, 'train_acc': 1.0}
{'run_num': 6, 'final_test_err': 0.5818}
Files already downloaded and verified
Files already downloaded and verified
{'epoch': 1, 'train_loss': 2.1085, 'train_acc': 0.2486}
{'epoch': 2, 'train_loss': 1.8069, 'train_acc': 0.3543}
{'epoch': 3, 'train_loss': 1.6094, 'train_acc': 0.4176}
{'epoch': 4, 'train_loss': 1.4361, 'train_acc': 0.479}
{'epoch': 5, 'train_loss': 1.2871, 'train_acc': 0.541}
{'epoch': 6, 'train_loss': 1.0762, 'train_acc': 0.6252}
{'epoch': 7, 'train_loss': 0.888, 'train_acc': 0.6981}
{'epoch': 8, 'train_loss': 0.7049, 'train_acc': 0.7633}
{'epoch': 9, 'train_loss': 0.5203, 'train_acc': 0.841}
{'epoch': 10, 'train_loss': 0.4154, 'train_acc': 0.8681}
{'epoch': 11, 'train_loss': 0.2458, 'train_acc': 0.9324}
{'epoch': 12, 'train_loss': 0.1614, 'train_acc': 0.9624}
{'epoch': 13, 'train_loss': 0.0692, 'train_acc': 0.991}
{'epoch': 14, 'train_loss': 0.0387, 'train_acc': 0.9976}
{'epoch': 15, 'train_loss': 0.0336, 'train_acc': 0.9952}
{'epoch': 16, 'train_loss': 0.0156, 'train_acc': 0.9995}
{'epoch': 17, 'train_loss': 0.0103, 'train_acc': 1.0}
{'epoch': 18, 'train_loss': 0.0116, 'train_acc': 0.9995}
{'epoch': 19, 'train_loss': 0.0074, 'train_acc': 1.0}
{'epoch': 20, 'train_loss': 0.0056, 'train_acc': 1.0}
{'epoch': 21, 'train_loss': 0.0128, 'train_acc': 0.9995}
{'epoch': 22, 'train_loss': 0.0053, 'train_acc': 1.0}
{'epoch': 23, 'train_loss': 0.0043, 'train_acc': 1.0}
{'epoch': 24, 'train_loss': 0.0039, 'train_acc': 1.0}
{'epoch': 25, 'train_loss': 0.0028, 'train_acc': 1.0}
{'epoch': 26, 'train_loss': 0.0031, 'train_acc': 1.0}
{'epoch': 27, 'train_loss': 0.0039, 'train_acc': 1.0}
{'epoch': 28, 'train_loss': 0.003, 'train_acc': 1.0}
{'epoch': 29, 'train_loss': 0.0024, 'train_acc': 1.0}
{'epoch': 30, 'train_loss': 0.0023, 'train_acc': 1.0}
{'epoch': 31, 'train_loss': 0.0027, 'train_acc': 1.0}
{'epoch': 32, 'train_loss': 0.002, 'train_acc': 1.0}
{'epoch': 33, 'train_loss': 0.0018, 'train_acc': 1.0}
{'epoch': 34, 'train_loss': 0.0021, 'train_acc': 1.0}
{'epoch': 35, 'train_loss': 0.0029, 'train_acc': 1.0}
{'epoch': 36, 'train_loss': 0.002, 'train_acc': 1.0}
{'epoch': 37, 'train_loss': 0.0017, 'train_acc': 1.0}
{'epoch': 38, 'train_loss': 0.0017, 'train_acc': 1.0}
{'epoch': 39, 'train_loss': 0.0021, 'train_acc': 1.0}
{'epoch': 40, 'train_loss': 0.0016, 'train_acc': 1.0}
{'epoch': 41, 'train_loss': 0.0016, 'train_acc': 1.0}
{'epoch': 42, 'train_loss': 0.0015, 'train_acc': 1.0}
{'epoch': 43, 'train_loss': 0.0014, 'train_acc': 1.0}
{'epoch': 44, 'train_loss': 0.0013, 'train_acc': 1.0}
{'epoch': 45, 'train_loss': 0.0013, 'train_acc': 1.0}
{'epoch': 46, 'train_loss': 0.0014, 'train_acc': 1.0}
{'epoch': 47, 'train_loss': 0.0013, 'train_acc': 1.0}
{'epoch': 48, 'train_loss': 0.0018, 'train_acc': 1.0}
{'epoch': 49, 'train_loss': 0.0029, 'train_acc': 1.0}
{'epoch': 50, 'train_loss': 0.0015, 'train_acc': 1.0}
{'epoch': 51, 'train_loss': 0.0013, 'train_acc': 1.0}
{'epoch': 52, 'train_loss': 0.0013, 'train_acc': 1.0}
{'epoch': 53, 'train_loss': 0.0012, 'train_acc': 1.0}
{'epoch': 54, 'train_loss': 0.0013, 'train_acc': 1.0}
{'epoch': 55, 'train_loss': 0.0012, 'train_acc': 1.0}
{'epoch': 56, 'train_loss': 0.0011, 'train_acc': 1.0}
{'epoch': 57, 'train_loss': 0.0011, 'train_acc': 1.0}
{'epoch': 58, 'train_loss': 0.0011, 'train_acc': 1.0}
{'epoch': 59, 'train_loss': 0.001, 'train_acc': 1.0}
{'epoch': 60, 'train_loss': 0.0012, 'train_acc': 1.0}
{'epoch': 61, 'train_loss': 0.0013, 'train_acc': 1.0}
{'epoch': 62, 'train_loss': 0.0011, 'train_acc': 1.0}
{'epoch': 63, 'train_loss': 0.001, 'train_acc': 1.0}
{'epoch': 64, 'train_loss': 0.001, 'train_acc': 1.0}
{'epoch': 65, 'train_loss': 0.0011, 'train_acc': 1.0}
{'epoch': 66, 'train_loss': 0.0011, 'train_acc': 1.0}
{'epoch': 67, 'train_loss': 0.0011, 'train_acc': 1.0}
{'epoch': 68, 'train_loss': 0.001, 'train_acc': 1.0}
{'epoch': 69, 'train_loss': 0.001, 'train_acc': 1.0}
{'epoch': 70, 'train_loss': 0.001, 'train_acc': 1.0}
{'epoch': 71, 'train_loss': 0.001, 'train_acc': 1.0}
{'epoch': 72, 'train_loss': 0.001, 'train_acc': 1.0}
{'epoch': 73, 'train_loss': 0.0009, 'train_acc': 1.0}
{'epoch': 74, 'train_loss': 0.0009, 'train_acc': 1.0}
{'epoch': 75, 'train_loss': 0.0011, 'train_acc': 1.0}
{'epoch': 76, 'train_loss': 0.0009, 'train_acc': 1.0}
{'epoch': 77, 'train_loss': 0.0009, 'train_acc': 1.0}
{'epoch': 78, 'train_loss': 0.0009, 'train_acc': 1.0}
{'epoch': 79, 'train_loss': 0.0009, 'train_acc': 1.0}
{'epoch': 80, 'train_loss': 0.0009, 'train_acc': 1.0}
{'epoch': 81, 'train_loss': 0.0009, 'train_acc': 1.0}
{'epoch': 82, 'train_loss': 0.0008, 'train_acc': 1.0}
{'epoch': 83, 'train_loss': 0.0008, 'train_acc': 1.0}
{'epoch': 84, 'train_loss': 0.001, 'train_acc': 1.0}
{'epoch': 85, 'train_loss': 0.0008, 'train_acc': 1.0}
{'epoch': 86, 'train_loss': 0.0009, 'train_acc': 1.0}
{'epoch': 87, 'train_loss': 0.0009, 'train_acc': 1.0}
{'epoch': 88, 'train_loss': 0.0008, 'train_acc': 1.0}
{'epoch': 89, 'train_loss': 0.0009, 'train_acc': 1.0}
{'epoch': 90, 'train_loss': 0.0009, 'train_acc': 1.0}
{'epoch': 91, 'train_loss': 0.0008, 'train_acc': 1.0}
{'epoch': 92, 'train_loss': 0.0009, 'train_acc': 1.0}
{'epoch': 93, 'train_loss': 0.0009, 'train_acc': 1.0}
{'epoch': 94, 'train_loss': 0.0009, 'train_acc': 1.0}
{'epoch': 95, 'train_loss': 0.0008, 'train_acc': 1.0}
{'epoch': 96, 'train_loss': 0.001, 'train_acc': 1.0}
{'epoch': 97, 'train_loss': 0.0008, 'train_acc': 1.0}
{'epoch': 98, 'train_loss': 0.0008, 'train_acc': 1.0}
{'epoch': 99, 'train_loss': 0.001, 'train_acc': 1.0}
{'epoch': 100, 'train_loss': 0.0009, 'train_acc': 1.0}
{'run_num': 7, 'final_test_err': 0.5644}
Files already downloaded and verified
Files already downloaded and verified
{'epoch': 1, 'train_loss': 2.1302, 'train_acc': 0.2533}
{'epoch': 2, 'train_loss': 1.815, 'train_acc': 0.3267}
{'epoch': 3, 'train_loss': 1.621, 'train_acc': 0.4067}
{'epoch': 4, 'train_loss': 1.4495, 'train_acc': 0.4724}
{'epoch': 5, 'train_loss': 1.2769, 'train_acc': 0.5533}
{'epoch': 6, 'train_loss': 1.0376, 'train_acc': 0.6367}
{'epoch': 7, 'train_loss': 0.8713, 'train_acc': 0.7024}
{'epoch': 8, 'train_loss': 0.646, 'train_acc': 0.7862}
{'epoch': 9, 'train_loss': 0.4686, 'train_acc': 0.8486}
{'epoch': 10, 'train_loss': 0.281, 'train_acc': 0.9224}
{'epoch': 11, 'train_loss': 0.1922, 'train_acc': 0.9543}
{'epoch': 12, 'train_loss': 0.1138, 'train_acc': 0.979}
{'epoch': 13, 'train_loss': 0.0615, 'train_acc': 0.9933}
{'epoch': 14, 'train_loss': 0.0332, 'train_acc': 0.9962}
{'epoch': 15, 'train_loss': 0.0285, 'train_acc': 0.9981}
{'epoch': 16, 'train_loss': 0.0161, 'train_acc': 0.9995}
{'epoch': 17, 'train_loss': 0.0117, 'train_acc': 0.9986}
{'epoch': 18, 'train_loss': 0.0091, 'train_acc': 1.0}
{'epoch': 19, 'train_loss': 0.0062, 'train_acc': 1.0}
{'epoch': 20, 'train_loss': 0.0053, 'train_acc': 1.0}
{'epoch': 21, 'train_loss': 0.0059, 'train_acc': 0.9995}
{'epoch': 22, 'train_loss': 0.0049, 'train_acc': 1.0}
{'epoch': 23, 'train_loss': 0.0045, 'train_acc': 1.0}
{'epoch': 24, 'train_loss': 0.0048, 'train_acc': 1.0}
{'epoch': 25, 'train_loss': 0.0039, 'train_acc': 1.0}
{'epoch': 26, 'train_loss': 0.0029, 'train_acc': 1.0}
{'epoch': 27, 'train_loss': 0.0033, 'train_acc': 1.0}
{'epoch': 28, 'train_loss': 0.0024, 'train_acc': 1.0}
{'epoch': 29, 'train_loss': 0.0026, 'train_acc': 1.0}
{'epoch': 30, 'train_loss': 0.0032, 'train_acc': 1.0}
{'epoch': 31, 'train_loss': 0.0029, 'train_acc': 1.0}
{'epoch': 32, 'train_loss': 0.003, 'train_acc': 0.9995}
{'epoch': 33, 'train_loss': 0.0025, 'train_acc': 1.0}
{'epoch': 34, 'train_loss': 0.0024, 'train_acc': 1.0}
{'epoch': 35, 'train_loss': 0.0019, 'train_acc': 1.0}
{'epoch': 36, 'train_loss': 0.002, 'train_acc': 1.0}
{'epoch': 37, 'train_loss': 0.0018, 'train_acc': 1.0}
{'epoch': 38, 'train_loss': 0.0021, 'train_acc': 1.0}
{'epoch': 39, 'train_loss': 0.0018, 'train_acc': 1.0}
{'epoch': 40, 'train_loss': 0.0016, 'train_acc': 1.0}
{'epoch': 41, 'train_loss': 0.0017, 'train_acc': 1.0}
{'epoch': 42, 'train_loss': 0.0014, 'train_acc': 1.0}
{'epoch': 43, 'train_loss': 0.0014, 'train_acc': 1.0}
{'epoch': 44, 'train_loss': 0.0014, 'train_acc': 1.0}
{'epoch': 45, 'train_loss': 0.0014, 'train_acc': 1.0}
{'epoch': 46, 'train_loss': 0.0014, 'train_acc': 1.0}
{'epoch': 47, 'train_loss': 0.0013, 'train_acc': 1.0}
{'epoch': 48, 'train_loss': 0.0013, 'train_acc': 1.0}
{'epoch': 49, 'train_loss': 0.0012, 'train_acc': 1.0}
{'epoch': 50, 'train_loss': 0.0012, 'train_acc': 1.0}
{'epoch': 51, 'train_loss': 0.0011, 'train_acc': 1.0}
{'epoch': 52, 'train_loss': 0.0011, 'train_acc': 1.0}
{'epoch': 53, 'train_loss': 0.001, 'train_acc': 1.0}
{'epoch': 54, 'train_loss': 0.0011, 'train_acc': 1.0}
{'epoch': 55, 'train_loss': 0.0011, 'train_acc': 1.0}
{'epoch': 56, 'train_loss': 0.0011, 'train_acc': 1.0}
{'epoch': 57, 'train_loss': 0.001, 'train_acc': 1.0}
{'epoch': 58, 'train_loss': 0.0009, 'train_acc': 1.0}
{'epoch': 59, 'train_loss': 0.0011, 'train_acc': 1.0}
{'epoch': 60, 'train_loss': 0.001, 'train_acc': 1.0}
{'epoch': 61, 'train_loss': 0.001, 'train_acc': 1.0}
{'epoch': 62, 'train_loss': 0.0009, 'train_acc': 1.0}
{'epoch': 63, 'train_loss': 0.0009, 'train_acc': 1.0}
{'epoch': 64, 'train_loss': 0.0009, 'train_acc': 1.0}
{'epoch': 65, 'train_loss': 0.0009, 'train_acc': 1.0}
{'epoch': 66, 'train_loss': 0.0008, 'train_acc': 1.0}
{'epoch': 67, 'train_loss': 0.0009, 'train_acc': 1.0}
{'epoch': 68, 'train_loss': 0.0009, 'train_acc': 1.0}
{'epoch': 69, 'train_loss': 0.0011, 'train_acc': 1.0}
{'epoch': 70, 'train_loss': 0.0009, 'train_acc': 1.0}
{'epoch': 71, 'train_loss': 0.0008, 'train_acc': 1.0}
{'epoch': 72, 'train_loss': 0.0009, 'train_acc': 1.0}
{'epoch': 73, 'train_loss': 0.0009, 'train_acc': 1.0}
{'epoch': 74, 'train_loss': 0.001, 'train_acc': 1.0}
{'epoch': 75, 'train_loss': 0.0008, 'train_acc': 1.0}
{'epoch': 76, 'train_loss': 0.0009, 'train_acc': 1.0}
{'epoch': 77, 'train_loss': 0.0009, 'train_acc': 1.0}
{'epoch': 78, 'train_loss': 0.0008, 'train_acc': 1.0}
{'epoch': 79, 'train_loss': 0.0009, 'train_acc': 1.0}
{'epoch': 80, 'train_loss': 0.0008, 'train_acc': 1.0}
{'epoch': 81, 'train_loss': 0.001, 'train_acc': 1.0}
{'epoch': 82, 'train_loss': 0.0009, 'train_acc': 1.0}
{'epoch': 83, 'train_loss': 0.0008, 'train_acc': 1.0}
{'epoch': 84, 'train_loss': 0.0009, 'train_acc': 1.0}
{'epoch': 85, 'train_loss': 0.0008, 'train_acc': 1.0}
{'epoch': 86, 'train_loss': 0.0009, 'train_acc': 1.0}
{'epoch': 87, 'train_loss': 0.0009, 'train_acc': 1.0}
{'epoch': 88, 'train_loss': 0.0008, 'train_acc': 1.0}
{'epoch': 89, 'train_loss': 0.0009, 'train_acc': 1.0}
{'epoch': 90, 'train_loss': 0.0009, 'train_acc': 1.0}
{'epoch': 91, 'train_loss': 0.0009, 'train_acc': 1.0}
{'epoch': 92, 'train_loss': 0.0008, 'train_acc': 1.0}
{'epoch': 93, 'train_loss': 0.0008, 'train_acc': 1.0}
{'epoch': 94, 'train_loss': 0.0009, 'train_acc': 1.0}
{'epoch': 95, 'train_loss': 0.0008, 'train_acc': 1.0}
{'epoch': 96, 'train_loss': 0.0008, 'train_acc': 1.0}
{'epoch': 97, 'train_loss': 0.0008, 'train_acc': 1.0}
{'epoch': 98, 'train_loss': 0.0007, 'train_acc': 1.0}
{'epoch': 99, 'train_loss': 0.0009, 'train_acc': 1.0}
{'epoch': 100, 'train_loss': 0.0009, 'train_acc': 1.0}
{'run_num': 8, 'final_test_err': 0.5789}
Files already downloaded and verified
Files already downloaded and verified
{'epoch': 1, 'train_loss': 2.0682, 'train_acc': 0.2595}
{'epoch': 2, 'train_loss': 1.7898, 'train_acc': 0.3571}
{'epoch': 3, 'train_loss': 1.6053, 'train_acc': 0.41}
{'epoch': 4, 'train_loss': 1.398, 'train_acc': 0.4867}
{'epoch': 5, 'train_loss': 1.2284, 'train_acc': 0.5443}
{'epoch': 6, 'train_loss': 1.029, 'train_acc': 0.6395}
{'epoch': 7, 'train_loss': 0.8179, 'train_acc': 0.7238}
{'epoch': 8, 'train_loss': 0.6449, 'train_acc': 0.7862}
{'epoch': 9, 'train_loss': 0.4375, 'train_acc': 0.8686}
{'epoch': 10, 'train_loss': 0.3174, 'train_acc': 0.9067}
{'epoch': 11, 'train_loss': 0.2077, 'train_acc': 0.9462}
{'epoch': 12, 'train_loss': 0.1479, 'train_acc': 0.9676}
{'epoch': 13, 'train_loss': 0.1068, 'train_acc': 0.9776}
{'epoch': 14, 'train_loss': 0.0441, 'train_acc': 0.9952}
{'epoch': 15, 'train_loss': 0.0212, 'train_acc': 0.999}
{'epoch': 16, 'train_loss': 0.0136, 'train_acc': 0.9995}
{'epoch': 17, 'train_loss': 0.0107, 'train_acc': 1.0}
{'epoch': 18, 'train_loss': 0.0076, 'train_acc': 1.0}
{'epoch': 19, 'train_loss': 0.0056, 'train_acc': 1.0}
{'epoch': 20, 'train_loss': 0.0049, 'train_acc': 1.0}
{'epoch': 21, 'train_loss': 0.0051, 'train_acc': 1.0}
{'epoch': 22, 'train_loss': 0.0044, 'train_acc': 1.0}
{'epoch': 23, 'train_loss': 0.0039, 'train_acc': 1.0}
{'epoch': 24, 'train_loss': 0.0033, 'train_acc': 1.0}
{'epoch': 25, 'train_loss': 0.0031, 'train_acc': 1.0}
{'epoch': 26, 'train_loss': 0.0028, 'train_acc': 1.0}
{'epoch': 27, 'train_loss': 0.0024, 'train_acc': 1.0}
{'epoch': 28, 'train_loss': 0.0027, 'train_acc': 1.0}
{'epoch': 29, 'train_loss': 0.0027, 'train_acc': 1.0}
{'epoch': 30, 'train_loss': 0.0025, 'train_acc': 1.0}
{'epoch': 31, 'train_loss': 0.0025, 'train_acc': 1.0}
{'epoch': 32, 'train_loss': 0.0021, 'train_acc': 1.0}
{'epoch': 33, 'train_loss': 0.0023, 'train_acc': 1.0}
{'epoch': 34, 'train_loss': 0.002, 'train_acc': 1.0}
{'epoch': 35, 'train_loss': 0.0018, 'train_acc': 1.0}
{'epoch': 36, 'train_loss': 0.0017, 'train_acc': 1.0}
{'epoch': 37, 'train_loss': 0.0016, 'train_acc': 1.0}
{'epoch': 38, 'train_loss': 0.0017, 'train_acc': 1.0}
{'epoch': 39, 'train_loss': 0.0015, 'train_acc': 1.0}
{'epoch': 40, 'train_loss': 0.0017, 'train_acc': 1.0}
{'epoch': 41, 'train_loss': 0.0014, 'train_acc': 1.0}
{'epoch': 42, 'train_loss': 0.0013, 'train_acc': 1.0}
{'epoch': 43, 'train_loss': 0.0015, 'train_acc': 1.0}
{'epoch': 44, 'train_loss': 0.0013, 'train_acc': 1.0}
{'epoch': 45, 'train_loss': 0.0014, 'train_acc': 1.0}
{'epoch': 46, 'train_loss': 0.0013, 'train_acc': 1.0}
{'epoch': 47, 'train_loss': 0.0013, 'train_acc': 1.0}
{'epoch': 48, 'train_loss': 0.0013, 'train_acc': 1.0}
{'epoch': 49, 'train_loss': 0.0014, 'train_acc': 1.0}
{'epoch': 50, 'train_loss': 0.0013, 'train_acc': 1.0}
{'epoch': 51, 'train_loss': 0.0013, 'train_acc': 1.0}
{'epoch': 52, 'train_loss': 0.0016, 'train_acc': 1.0}
{'epoch': 53, 'train_loss': 0.0013, 'train_acc': 1.0}
{'epoch': 54, 'train_loss': 0.0012, 'train_acc': 1.0}
{'epoch': 55, 'train_loss': 0.0012, 'train_acc': 1.0}
{'epoch': 56, 'train_loss': 0.0011, 'train_acc': 1.0}
{'epoch': 57, 'train_loss': 0.0012, 'train_acc': 1.0}
{'epoch': 58, 'train_loss': 0.0011, 'train_acc': 1.0}
{'epoch': 59, 'train_loss': 0.0011, 'train_acc': 1.0}
{'epoch': 60, 'train_loss': 0.0011, 'train_acc': 1.0}
{'epoch': 61, 'train_loss': 0.0013, 'train_acc': 1.0}
{'epoch': 62, 'train_loss': 0.001, 'train_acc': 1.0}
{'epoch': 63, 'train_loss': 0.001, 'train_acc': 1.0}
{'epoch': 64, 'train_loss': 0.0011, 'train_acc': 1.0}
{'epoch': 65, 'train_loss': 0.001, 'train_acc': 1.0}
{'epoch': 66, 'train_loss': 0.0011, 'train_acc': 1.0}
{'epoch': 67, 'train_loss': 0.001, 'train_acc': 1.0}
{'epoch': 68, 'train_loss': 0.0009, 'train_acc': 1.0}
{'epoch': 69, 'train_loss': 0.001, 'train_acc': 1.0}
{'epoch': 70, 'train_loss': 0.0009, 'train_acc': 1.0}
{'epoch': 71, 'train_loss': 0.001, 'train_acc': 1.0}
{'epoch': 72, 'train_loss': 0.001, 'train_acc': 1.0}
{'epoch': 73, 'train_loss': 0.001, 'train_acc': 1.0}
{'epoch': 74, 'train_loss': 0.0009, 'train_acc': 1.0}
{'epoch': 75, 'train_loss': 0.001, 'train_acc': 1.0}
{'epoch': 76, 'train_loss': 0.001, 'train_acc': 1.0}
{'epoch': 77, 'train_loss': 0.001, 'train_acc': 1.0}
{'epoch': 78, 'train_loss': 0.0009, 'train_acc': 1.0}
{'epoch': 79, 'train_loss': 0.0009, 'train_acc': 1.0}
{'epoch': 80, 'train_loss': 0.0009, 'train_acc': 1.0}
{'epoch': 81, 'train_loss': 0.0009, 'train_acc': 1.0}
{'epoch': 82, 'train_loss': 0.001, 'train_acc': 1.0}
{'epoch': 83, 'train_loss': 0.0009, 'train_acc': 1.0}
{'epoch': 84, 'train_loss': 0.0009, 'train_acc': 1.0}
{'epoch': 85, 'train_loss': 0.0009, 'train_acc': 1.0}
{'epoch': 86, 'train_loss': 0.0009, 'train_acc': 1.0}
{'epoch': 87, 'train_loss': 0.0009, 'train_acc': 1.0}
{'epoch': 88, 'train_loss': 0.001, 'train_acc': 1.0}
{'epoch': 89, 'train_loss': 0.0009, 'train_acc': 1.0}
{'epoch': 90, 'train_loss': 0.0008, 'train_acc': 1.0}
{'epoch': 91, 'train_loss': 0.0009, 'train_acc': 1.0}
{'epoch': 92, 'train_loss': 0.0009, 'train_acc': 1.0}
{'epoch': 93, 'train_loss': 0.0011, 'train_acc': 1.0}
{'epoch': 94, 'train_loss': 0.0008, 'train_acc': 1.0}
{'epoch': 95, 'train_loss': 0.0009, 'train_acc': 1.0}
{'epoch': 96, 'train_loss': 0.0009, 'train_acc': 1.0}
{'epoch': 97, 'train_loss': 0.0009, 'train_acc': 1.0}
{'epoch': 98, 'train_loss': 0.0009, 'train_acc': 1.0}
{'epoch': 99, 'train_loss': 0.001, 'train_acc': 1.0}
{'epoch': 100, 'train_loss': 0.0009, 'train_acc': 1.0}
{'run_num': 9, 'final_test_err': 0.5559000000000001}
{'avg_err': 0.5685, 'std_err': 0.011}
