{'deploy': True, 'tag': '01_prelim/ep', 'seed': 10, 'device': 'cuda:0', 'reps': 1, 'loss': {'α': 0.5, 'tune_α': False, 'group_task_loss': True}, 'task': {'dataset': 'split_cifar10', 'task_map': [[0, 1], [2, 3], [4, 5], [6, 7], [8, 9]], 'target': 0, 'ood': [1], 'augment': True, 'n': 50, 'm_n': 0, 'β': 0.5, 'custom_sampler': True}, 'hp': {'epochs': 300, 'bs': 16, 'lr': 0.01}, 'net': 'conv'}
Files already downloaded and verified
Files already downloaded and verified
{'epoch': 1, 'train_loss': 0.4063, 'train_acc': 0.5, 'task_loss': (0.4063, 0.0)}
{'epoch': 2, 'train_loss': 0.2706, 'train_acc': 0.75, 'task_loss': (0.2706, 0.0)}
{'epoch': 3, 'train_loss': 0.2472, 'train_acc': 0.74, 'task_loss': (0.2472, 0.0)}
{'epoch': 4, 'train_loss': 0.2, 'train_acc': 0.8, 'task_loss': (0.2, 0.0)}
{'epoch': 5, 'train_loss': 0.2399, 'train_acc': 0.79, 'task_loss': (0.2399, 0.0)}
{'epoch': 6, 'train_loss': 0.2164, 'train_acc': 0.84, 'task_loss': (0.2164, 0.0)}
{'epoch': 7, 'train_loss': 0.2033, 'train_acc': 0.82, 'task_loss': (0.2033, 0.0)}
{'epoch': 8, 'train_loss': 0.2222, 'train_acc': 0.83, 'task_loss': (0.2222, 0.0)}
{'epoch': 9, 'train_loss': 0.1908, 'train_acc': 0.84, 'task_loss': (0.1908, 0.0)}
{'epoch': 10, 'train_loss': 0.2229, 'train_acc': 0.81, 'task_loss': (0.2229, 0.0)}
{'epoch': 11, 'train_loss': 0.1315, 'train_acc': 0.91, 'task_loss': (0.1315, 0.0)}
{'epoch': 12, 'train_loss': 0.1227, 'train_acc': 0.91, 'task_loss': (0.1227, 0.0)}
{'epoch': 13, 'train_loss': 0.1458, 'train_acc': 0.89, 'task_loss': (0.1458, 0.0)}
{'epoch': 14, 'train_loss': 0.1368, 'train_acc': 0.87, 'task_loss': (0.1368, 0.0)}
{'epoch': 15, 'train_loss': 0.0945, 'train_acc': 0.92, 'task_loss': (0.0945, 0.0)}
{'epoch': 16, 'train_loss': 0.1387, 'train_acc': 0.84, 'task_loss': (0.1387, 0.0)}
{'epoch': 17, 'train_loss': 0.1502, 'train_acc': 0.86, 'task_loss': (0.1502, 0.0)}
{'epoch': 18, 'train_loss': 0.1069, 'train_acc': 0.87, 'task_loss': (0.1069, 0.0)}
{'epoch': 19, 'train_loss': 0.1678, 'train_acc': 0.83, 'task_loss': (0.1678, 0.0)}
{'epoch': 20, 'train_loss': 0.1622, 'train_acc': 0.87, 'task_loss': (0.1622, 0.0)}
{'epoch': 21, 'train_loss': 0.1096, 'train_acc': 0.9, 'task_loss': (0.1096, 0.0)}
{'epoch': 22, 'train_loss': 0.0926, 'train_acc': 0.93, 'task_loss': (0.0926, 0.0)}
{'epoch': 23, 'train_loss': 0.1896, 'train_acc': 0.86, 'task_loss': (0.1896, 0.0)}
{'epoch': 24, 'train_loss': 0.1029, 'train_acc': 0.9, 'task_loss': (0.1029, 0.0)}
{'epoch': 25, 'train_loss': 0.0993, 'train_acc': 0.91, 'task_loss': (0.0993, 0.0)}
{'epoch': 26, 'train_loss': 0.0745, 'train_acc': 0.94, 'task_loss': (0.0745, 0.0)}
{'epoch': 27, 'train_loss': 0.0862, 'train_acc': 0.95, 'task_loss': (0.0862, 0.0)}
{'epoch': 28, 'train_loss': 0.0959, 'train_acc': 0.92, 'task_loss': (0.0959, 0.0)}
{'epoch': 29, 'train_loss': 0.1488, 'train_acc': 0.9, 'task_loss': (0.1488, 0.0)}
{'epoch': 30, 'train_loss': 0.0963, 'train_acc': 0.89, 'task_loss': (0.0963, 0.0)}
{'epoch': 31, 'train_loss': 0.0699, 'train_acc': 0.97, 'task_loss': (0.0699, 0.0)}
{'epoch': 32, 'train_loss': 0.0707, 'train_acc': 0.94, 'task_loss': (0.0707, 0.0)}
{'epoch': 33, 'train_loss': 0.0637, 'train_acc': 0.95, 'task_loss': (0.0637, 0.0)}
{'epoch': 34, 'train_loss': 0.0627, 'train_acc': 0.96, 'task_loss': (0.0627, 0.0)}
{'epoch': 35, 'train_loss': 0.042, 'train_acc': 0.97, 'task_loss': (0.042, 0.0)}
{'epoch': 36, 'train_loss': 0.0671, 'train_acc': 0.94, 'task_loss': (0.0671, 0.0)}
{'epoch': 37, 'train_loss': 0.0661, 'train_acc': 0.97, 'task_loss': (0.0661, 0.0)}
{'epoch': 38, 'train_loss': 0.048, 'train_acc': 0.96, 'task_loss': (0.048, 0.0)}
{'epoch': 39, 'train_loss': 0.091, 'train_acc': 0.93, 'task_loss': (0.091, 0.0)}
{'epoch': 40, 'train_loss': 0.0428, 'train_acc': 0.98, 'task_loss': (0.0428, 0.0)}
{'epoch': 41, 'train_loss': 0.041, 'train_acc': 0.97, 'task_loss': (0.041, 0.0)}
{'epoch': 42, 'train_loss': 0.0424, 'train_acc': 0.97, 'task_loss': (0.0424, 0.0)}
{'epoch': 43, 'train_loss': 0.0459, 'train_acc': 0.97, 'task_loss': (0.0459, 0.0)}
{'epoch': 44, 'train_loss': 0.0408, 'train_acc': 0.97, 'task_loss': (0.0408, 0.0)}
{'epoch': 45, 'train_loss': 0.0392, 'train_acc': 0.97, 'task_loss': (0.0392, 0.0)}
{'epoch': 46, 'train_loss': 0.0257, 'train_acc': 0.98, 'task_loss': (0.0257, 0.0)}
{'epoch': 47, 'train_loss': 0.0439, 'train_acc': 0.98, 'task_loss': (0.0439, 0.0)}
{'epoch': 48, 'train_loss': 0.0438, 'train_acc': 0.96, 'task_loss': (0.0438, 0.0)}
{'epoch': 49, 'train_loss': 0.0375, 'train_acc': 0.98, 'task_loss': (0.0375, 0.0)}
{'epoch': 50, 'train_loss': 0.038, 'train_acc': 0.97, 'task_loss': (0.038, 0.0)}
{'epoch': 51, 'train_loss': 0.0235, 'train_acc': 0.99, 'task_loss': (0.0235, 0.0)}
{'epoch': 52, 'train_loss': 0.0222, 'train_acc': 0.99, 'task_loss': (0.0222, 0.0)}
{'epoch': 53, 'train_loss': 0.0237, 'train_acc': 0.99, 'task_loss': (0.0237, 0.0)}
{'epoch': 54, 'train_loss': 0.0122, 'train_acc': 1.0, 'task_loss': (0.0122, 0.0)}
{'epoch': 55, 'train_loss': 0.0091, 'train_acc': 1.0, 'task_loss': (0.0091, 0.0)}
{'epoch': 56, 'train_loss': 0.0186, 'train_acc': 1.0, 'task_loss': (0.0186, 0.0)}
{'epoch': 57, 'train_loss': 0.0219, 'train_acc': 0.98, 'task_loss': (0.0219, 0.0)}
{'epoch': 58, 'train_loss': 0.0335, 'train_acc': 0.99, 'task_loss': (0.0335, 0.0)}
{'epoch': 59, 'train_loss': 0.0277, 'train_acc': 0.98, 'task_loss': (0.0277, 0.0)}
{'epoch': 60, 'train_loss': 0.0177, 'train_acc': 1.0, 'task_loss': (0.0177, 0.0)}
{'epoch': 61, 'train_loss': 0.0142, 'train_acc': 1.0, 'task_loss': (0.0142, 0.0)}
{'epoch': 62, 'train_loss': 0.0059, 'train_acc': 1.0, 'task_loss': (0.0059, 0.0)}
{'epoch': 63, 'train_loss': 0.0131, 'train_acc': 0.99, 'task_loss': (0.0131, 0.0)}
{'epoch': 64, 'train_loss': 0.0298, 'train_acc': 0.98, 'task_loss': (0.0298, 0.0)}
{'epoch': 65, 'train_loss': 0.0381, 'train_acc': 0.97, 'task_loss': (0.0381, 0.0)}
{'epoch': 66, 'train_loss': 0.0763, 'train_acc': 0.94, 'task_loss': (0.0763, 0.0)}
{'epoch': 67, 'train_loss': 0.0578, 'train_acc': 0.93, 'task_loss': (0.0578, 0.0)}
{'epoch': 68, 'train_loss': 0.0209, 'train_acc': 1.0, 'task_loss': (0.0209, 0.0)}
{'epoch': 69, 'train_loss': 0.024, 'train_acc': 0.99, 'task_loss': (0.024, 0.0)}
{'epoch': 70, 'train_loss': 0.0266, 'train_acc': 0.99, 'task_loss': (0.0266, 0.0)}
{'epoch': 71, 'train_loss': 0.0193, 'train_acc': 0.99, 'task_loss': (0.0193, 0.0)}
{'epoch': 72, 'train_loss': 0.0227, 'train_acc': 0.99, 'task_loss': (0.0227, 0.0)}
{'epoch': 73, 'train_loss': 0.0146, 'train_acc': 0.98, 'task_loss': (0.0146, 0.0)}
{'epoch': 74, 'train_loss': 0.0288, 'train_acc': 0.98, 'task_loss': (0.0288, 0.0)}
{'epoch': 75, 'train_loss': 0.0217, 'train_acc': 0.98, 'task_loss': (0.0217, 0.0)}
{'epoch': 76, 'train_loss': 0.03, 'train_acc': 0.99, 'task_loss': (0.03, 0.0)}
{'epoch': 77, 'train_loss': 0.0228, 'train_acc': 0.98, 'task_loss': (0.0228, 0.0)}
{'epoch': 78, 'train_loss': 0.0525, 'train_acc': 0.96, 'task_loss': (0.0525, 0.0)}
{'epoch': 79, 'train_loss': 0.0303, 'train_acc': 0.97, 'task_loss': (0.0303, 0.0)}
{'epoch': 80, 'train_loss': 0.0315, 'train_acc': 0.98, 'task_loss': (0.0315, 0.0)}
{'epoch': 81, 'train_loss': 0.0384, 'train_acc': 0.97, 'task_loss': (0.0384, 0.0)}
{'epoch': 82, 'train_loss': 0.017, 'train_acc': 0.99, 'task_loss': (0.017, 0.0)}
{'epoch': 83, 'train_loss': 0.0607, 'train_acc': 0.95, 'task_loss': (0.0607, 0.0)}
{'epoch': 84, 'train_loss': 0.0358, 'train_acc': 0.97, 'task_loss': (0.0358, 0.0)}
{'epoch': 85, 'train_loss': 0.0236, 'train_acc': 0.97, 'task_loss': (0.0236, 0.0)}
{'epoch': 86, 'train_loss': 0.0215, 'train_acc': 0.99, 'task_loss': (0.0215, 0.0)}
{'epoch': 87, 'train_loss': 0.0241, 'train_acc': 0.97, 'task_loss': (0.0241, 0.0)}
{'epoch': 88, 'train_loss': 0.0204, 'train_acc': 0.98, 'task_loss': (0.0204, 0.0)}
{'epoch': 89, 'train_loss': 0.0493, 'train_acc': 0.96, 'task_loss': (0.0493, 0.0)}
{'epoch': 90, 'train_loss': 0.009, 'train_acc': 1.0, 'task_loss': (0.009, 0.0)}
{'epoch': 91, 'train_loss': 0.0097, 'train_acc': 1.0, 'task_loss': (0.0097, 0.0)}
{'epoch': 92, 'train_loss': 0.0343, 'train_acc': 0.97, 'task_loss': (0.0343, 0.0)}
{'epoch': 93, 'train_loss': 0.0291, 'train_acc': 0.97, 'task_loss': (0.0291, 0.0)}
{'epoch': 94, 'train_loss': 0.0046, 'train_acc': 1.0, 'task_loss': (0.0046, 0.0)}
{'epoch': 95, 'train_loss': 0.0136, 'train_acc': 0.99, 'task_loss': (0.0136, 0.0)}
{'epoch': 96, 'train_loss': 0.0206, 'train_acc': 0.98, 'task_loss': (0.0206, 0.0)}
{'epoch': 97, 'train_loss': 0.0339, 'train_acc': 0.98, 'task_loss': (0.0339, 0.0)}
{'epoch': 98, 'train_loss': 0.0029, 'train_acc': 1.0, 'task_loss': (0.0029, 0.0)}
{'epoch': 99, 'train_loss': 0.009, 'train_acc': 1.0, 'task_loss': (0.009, 0.0)}
{'epoch': 100, 'train_loss': 0.0115, 'train_acc': 0.99, 'task_loss': (0.0115, 0.0)}
{'epoch': 101, 'train_loss': 0.0131, 'train_acc': 0.99, 'task_loss': (0.0131, 0.0)}
{'epoch': 102, 'train_loss': 0.0058, 'train_acc': 1.0, 'task_loss': (0.0058, 0.0)}
{'epoch': 103, 'train_loss': 0.0068, 'train_acc': 1.0, 'task_loss': (0.0068, 0.0)}
{'epoch': 104, 'train_loss': 0.0062, 'train_acc': 1.0, 'task_loss': (0.0062, 0.0)}
{'epoch': 105, 'train_loss': 0.0135, 'train_acc': 0.99, 'task_loss': (0.0135, 0.0)}
{'epoch': 106, 'train_loss': 0.0072, 'train_acc': 1.0, 'task_loss': (0.0072, 0.0)}
{'epoch': 107, 'train_loss': 0.0037, 'train_acc': 1.0, 'task_loss': (0.0037, 0.0)}
{'epoch': 108, 'train_loss': 0.0074, 'train_acc': 1.0, 'task_loss': (0.0074, 0.0)}
{'epoch': 109, 'train_loss': 0.0122, 'train_acc': 0.99, 'task_loss': (0.0122, 0.0)}
{'epoch': 110, 'train_loss': 0.012, 'train_acc': 0.99, 'task_loss': (0.012, 0.0)}
{'epoch': 111, 'train_loss': 0.0081, 'train_acc': 1.0, 'task_loss': (0.0081, 0.0)}
{'epoch': 112, 'train_loss': 0.0103, 'train_acc': 0.99, 'task_loss': (0.0103, 0.0)}
{'epoch': 113, 'train_loss': 0.0237, 'train_acc': 0.99, 'task_loss': (0.0237, 0.0)}
{'epoch': 114, 'train_loss': 0.0328, 'train_acc': 0.98, 'task_loss': (0.0328, 0.0)}
{'epoch': 115, 'train_loss': 0.0086, 'train_acc': 0.99, 'task_loss': (0.0086, 0.0)}
{'epoch': 116, 'train_loss': 0.0153, 'train_acc': 0.99, 'task_loss': (0.0153, 0.0)}
{'epoch': 117, 'train_loss': 0.0038, 'train_acc': 1.0, 'task_loss': (0.0038, 0.0)}
{'epoch': 118, 'train_loss': 0.0199, 'train_acc': 0.99, 'task_loss': (0.0199, 0.0)}
{'epoch': 119, 'train_loss': 0.02, 'train_acc': 0.98, 'task_loss': (0.02, 0.0)}
{'epoch': 120, 'train_loss': 0.0398, 'train_acc': 0.97, 'task_loss': (0.0398, 0.0)}
{'epoch': 121, 'train_loss': 0.0181, 'train_acc': 0.99, 'task_loss': (0.0181, 0.0)}
{'epoch': 122, 'train_loss': 0.0189, 'train_acc': 0.98, 'task_loss': (0.0189, 0.0)}
{'epoch': 123, 'train_loss': 0.013, 'train_acc': 1.0, 'task_loss': (0.013, 0.0)}
{'epoch': 124, 'train_loss': 0.0206, 'train_acc': 0.98, 'task_loss': (0.0206, 0.0)}
{'epoch': 125, 'train_loss': 0.01, 'train_acc': 0.99, 'task_loss': (0.01, 0.0)}
{'epoch': 126, 'train_loss': 0.0051, 'train_acc': 1.0, 'task_loss': (0.0051, 0.0)}
{'epoch': 127, 'train_loss': 0.0125, 'train_acc': 0.99, 'task_loss': (0.0125, 0.0)}
{'epoch': 128, 'train_loss': 0.0033, 'train_acc': 1.0, 'task_loss': (0.0033, 0.0)}
{'epoch': 129, 'train_loss': 0.0031, 'train_acc': 1.0, 'task_loss': (0.0031, 0.0)}
{'epoch': 130, 'train_loss': 0.0025, 'train_acc': 1.0, 'task_loss': (0.0025, 0.0)}
{'epoch': 131, 'train_loss': 0.0049, 'train_acc': 1.0, 'task_loss': (0.0049, 0.0)}
{'epoch': 132, 'train_loss': 0.0072, 'train_acc': 1.0, 'task_loss': (0.0072, 0.0)}
{'epoch': 133, 'train_loss': 0.0186, 'train_acc': 0.99, 'task_loss': (0.0186, 0.0)}
{'epoch': 134, 'train_loss': 0.0231, 'train_acc': 0.99, 'task_loss': (0.0231, 0.0)}
{'epoch': 135, 'train_loss': 0.0036, 'train_acc': 1.0, 'task_loss': (0.0036, 0.0)}
{'epoch': 136, 'train_loss': 0.0029, 'train_acc': 1.0, 'task_loss': (0.0029, 0.0)}
{'epoch': 137, 'train_loss': 0.0033, 'train_acc': 1.0, 'task_loss': (0.0033, 0.0)}
{'epoch': 138, 'train_loss': 0.0022, 'train_acc': 1.0, 'task_loss': (0.0022, 0.0)}
{'epoch': 139, 'train_loss': 0.0042, 'train_acc': 1.0, 'task_loss': (0.0042, 0.0)}
{'epoch': 140, 'train_loss': 0.0022, 'train_acc': 1.0, 'task_loss': (0.0022, 0.0)}
{'epoch': 141, 'train_loss': 0.0057, 'train_acc': 1.0, 'task_loss': (0.0057, 0.0)}
{'epoch': 142, 'train_loss': 0.0018, 'train_acc': 1.0, 'task_loss': (0.0018, 0.0)}
{'epoch': 143, 'train_loss': 0.0196, 'train_acc': 0.99, 'task_loss': (0.0196, 0.0)}
{'epoch': 144, 'train_loss': 0.0049, 'train_acc': 1.0, 'task_loss': (0.0049, 0.0)}
{'epoch': 145, 'train_loss': 0.0096, 'train_acc': 1.0, 'task_loss': (0.0096, 0.0)}
{'epoch': 146, 'train_loss': 0.0103, 'train_acc': 0.99, 'task_loss': (0.0103, 0.0)}
{'epoch': 147, 'train_loss': 0.0121, 'train_acc': 0.99, 'task_loss': (0.0121, 0.0)}
{'epoch': 148, 'train_loss': 0.0035, 'train_acc': 1.0, 'task_loss': (0.0035, 0.0)}
{'epoch': 149, 'train_loss': 0.0187, 'train_acc': 0.98, 'task_loss': (0.0187, 0.0)}
{'epoch': 150, 'train_loss': 0.0305, 'train_acc': 0.98, 'task_loss': (0.0305, 0.0)}
{'epoch': 151, 'train_loss': 0.0058, 'train_acc': 1.0, 'task_loss': (0.0058, 0.0)}
{'epoch': 152, 'train_loss': 0.0017, 'train_acc': 1.0, 'task_loss': (0.0017, 0.0)}
{'epoch': 153, 'train_loss': 0.0083, 'train_acc': 0.99, 'task_loss': (0.0083, 0.0)}
{'epoch': 154, 'train_loss': 0.0052, 'train_acc': 1.0, 'task_loss': (0.0052, 0.0)}
{'epoch': 155, 'train_loss': 0.011, 'train_acc': 0.99, 'task_loss': (0.011, 0.0)}
{'epoch': 156, 'train_loss': 0.0045, 'train_acc': 1.0, 'task_loss': (0.0045, 0.0)}
{'epoch': 157, 'train_loss': 0.0102, 'train_acc': 1.0, 'task_loss': (0.0102, 0.0)}
{'epoch': 158, 'train_loss': 0.0127, 'train_acc': 0.99, 'task_loss': (0.0127, 0.0)}
{'epoch': 159, 'train_loss': 0.0041, 'train_acc': 1.0, 'task_loss': (0.0041, 0.0)}
{'epoch': 160, 'train_loss': 0.0069, 'train_acc': 1.0, 'task_loss': (0.0069, 0.0)}
{'epoch': 161, 'train_loss': 0.0037, 'train_acc': 1.0, 'task_loss': (0.0037, 0.0)}
{'epoch': 162, 'train_loss': 0.0018, 'train_acc': 1.0, 'task_loss': (0.0018, 0.0)}
{'epoch': 163, 'train_loss': 0.0156, 'train_acc': 0.98, 'task_loss': (0.0156, 0.0)}
{'epoch': 164, 'train_loss': 0.0085, 'train_acc': 0.99, 'task_loss': (0.0085, 0.0)}
{'epoch': 165, 'train_loss': 0.0115, 'train_acc': 0.99, 'task_loss': (0.0115, 0.0)}
{'epoch': 166, 'train_loss': 0.0203, 'train_acc': 0.98, 'task_loss': (0.0203, 0.0)}
{'epoch': 167, 'train_loss': 0.0073, 'train_acc': 0.99, 'task_loss': (0.0073, 0.0)}
{'epoch': 168, 'train_loss': 0.0038, 'train_acc': 1.0, 'task_loss': (0.0038, 0.0)}
{'epoch': 169, 'train_loss': 0.0038, 'train_acc': 1.0, 'task_loss': (0.0038, 0.0)}
{'epoch': 170, 'train_loss': 0.004, 'train_acc': 1.0, 'task_loss': (0.004, 0.0)}
{'epoch': 171, 'train_loss': 0.0073, 'train_acc': 1.0, 'task_loss': (0.0073, 0.0)}
{'epoch': 172, 'train_loss': 0.0017, 'train_acc': 1.0, 'task_loss': (0.0017, 0.0)}
{'epoch': 173, 'train_loss': 0.0111, 'train_acc': 0.99, 'task_loss': (0.0111, 0.0)}
{'epoch': 174, 'train_loss': 0.0037, 'train_acc': 1.0, 'task_loss': (0.0037, 0.0)}
{'epoch': 175, 'train_loss': 0.0256, 'train_acc': 0.98, 'task_loss': (0.0256, 0.0)}
{'epoch': 176, 'train_loss': 0.0034, 'train_acc': 1.0, 'task_loss': (0.0034, 0.0)}
{'epoch': 177, 'train_loss': 0.0063, 'train_acc': 1.0, 'task_loss': (0.0063, 0.0)}
{'epoch': 178, 'train_loss': 0.0099, 'train_acc': 0.99, 'task_loss': (0.0099, 0.0)}
{'epoch': 179, 'train_loss': 0.0058, 'train_acc': 1.0, 'task_loss': (0.0058, 0.0)}
{'epoch': 180, 'train_loss': 0.0101, 'train_acc': 1.0, 'task_loss': (0.0101, 0.0)}
{'epoch': 181, 'train_loss': 0.0025, 'train_acc': 1.0, 'task_loss': (0.0025, 0.0)}
{'epoch': 182, 'train_loss': 0.0079, 'train_acc': 0.99, 'task_loss': (0.0079, 0.0)}
{'epoch': 183, 'train_loss': 0.0032, 'train_acc': 1.0, 'task_loss': (0.0032, 0.0)}
{'epoch': 184, 'train_loss': 0.0071, 'train_acc': 1.0, 'task_loss': (0.0071, 0.0)}
{'epoch': 185, 'train_loss': 0.0439, 'train_acc': 0.97, 'task_loss': (0.0439, 0.0)}
{'epoch': 186, 'train_loss': 0.0027, 'train_acc': 1.0, 'task_loss': (0.0027, 0.0)}
{'epoch': 187, 'train_loss': 0.0132, 'train_acc': 0.99, 'task_loss': (0.0132, 0.0)}
{'epoch': 188, 'train_loss': 0.0155, 'train_acc': 0.99, 'task_loss': (0.0155, 0.0)}
{'epoch': 189, 'train_loss': 0.0052, 'train_acc': 1.0, 'task_loss': (0.0052, 0.0)}
{'epoch': 190, 'train_loss': 0.0088, 'train_acc': 0.99, 'task_loss': (0.0088, 0.0)}
{'epoch': 191, 'train_loss': 0.005, 'train_acc': 1.0, 'task_loss': (0.005, 0.0)}
{'epoch': 192, 'train_loss': 0.0146, 'train_acc': 0.99, 'task_loss': (0.0146, 0.0)}
{'epoch': 193, 'train_loss': 0.0052, 'train_acc': 1.0, 'task_loss': (0.0052, 0.0)}
{'epoch': 194, 'train_loss': 0.0062, 'train_acc': 1.0, 'task_loss': (0.0062, 0.0)}
{'epoch': 195, 'train_loss': 0.0047, 'train_acc': 1.0, 'task_loss': (0.0047, 0.0)}
{'epoch': 196, 'train_loss': 0.0032, 'train_acc': 1.0, 'task_loss': (0.0032, 0.0)}
{'epoch': 197, 'train_loss': 0.0051, 'train_acc': 1.0, 'task_loss': (0.0051, 0.0)}
{'epoch': 198, 'train_loss': 0.0014, 'train_acc': 1.0, 'task_loss': (0.0014, 0.0)}
{'epoch': 199, 'train_loss': 0.0036, 'train_acc': 1.0, 'task_loss': (0.0036, 0.0)}
{'epoch': 200, 'train_loss': 0.0014, 'train_acc': 1.0, 'task_loss': (0.0014, 0.0)}
{'epoch': 201, 'train_loss': 0.0035, 'train_acc': 1.0, 'task_loss': (0.0035, 0.0)}
{'epoch': 202, 'train_loss': 0.0078, 'train_acc': 0.99, 'task_loss': (0.0078, 0.0)}
{'epoch': 203, 'train_loss': 0.0032, 'train_acc': 1.0, 'task_loss': (0.0032, 0.0)}
{'epoch': 204, 'train_loss': 0.0032, 'train_acc': 1.0, 'task_loss': (0.0032, 0.0)}
{'epoch': 205, 'train_loss': 0.0023, 'train_acc': 1.0, 'task_loss': (0.0023, 0.0)}
{'epoch': 206, 'train_loss': 0.002, 'train_acc': 1.0, 'task_loss': (0.002, 0.0)}
{'epoch': 207, 'train_loss': 0.0021, 'train_acc': 1.0, 'task_loss': (0.0021, 0.0)}
{'epoch': 208, 'train_loss': 0.0015, 'train_acc': 1.0, 'task_loss': (0.0015, 0.0)}
{'epoch': 209, 'train_loss': 0.0015, 'train_acc': 1.0, 'task_loss': (0.0015, 0.0)}
{'epoch': 210, 'train_loss': 0.001, 'train_acc': 1.0, 'task_loss': (0.001, 0.0)}
{'epoch': 211, 'train_loss': 0.0029, 'train_acc': 1.0, 'task_loss': (0.0029, 0.0)}
{'epoch': 212, 'train_loss': 0.004, 'train_acc': 1.0, 'task_loss': (0.004, 0.0)}
{'epoch': 213, 'train_loss': 0.0011, 'train_acc': 1.0, 'task_loss': (0.0011, 0.0)}
{'epoch': 214, 'train_loss': 0.0021, 'train_acc': 1.0, 'task_loss': (0.0021, 0.0)}
{'epoch': 215, 'train_loss': 0.0012, 'train_acc': 1.0, 'task_loss': (0.0012, 0.0)}
{'epoch': 216, 'train_loss': 0.003, 'train_acc': 1.0, 'task_loss': (0.003, 0.0)}
{'epoch': 217, 'train_loss': 0.0006, 'train_acc': 1.0, 'task_loss': (0.0006, 0.0)}
{'epoch': 218, 'train_loss': 0.003, 'train_acc': 1.0, 'task_loss': (0.003, 0.0)}
{'epoch': 219, 'train_loss': 0.0011, 'train_acc': 1.0, 'task_loss': (0.0011, 0.0)}
{'epoch': 220, 'train_loss': 0.0026, 'train_acc': 1.0, 'task_loss': (0.0026, 0.0)}
{'epoch': 221, 'train_loss': 0.0015, 'train_acc': 1.0, 'task_loss': (0.0015, 0.0)}
{'epoch': 222, 'train_loss': 0.0011, 'train_acc': 1.0, 'task_loss': (0.0011, 0.0)}
{'epoch': 223, 'train_loss': 0.0087, 'train_acc': 0.99, 'task_loss': (0.0087, 0.0)}
{'epoch': 224, 'train_loss': 0.0014, 'train_acc': 1.0, 'task_loss': (0.0014, 0.0)}
{'epoch': 225, 'train_loss': 0.0018, 'train_acc': 1.0, 'task_loss': (0.0018, 0.0)}
{'epoch': 226, 'train_loss': 0.0012, 'train_acc': 1.0, 'task_loss': (0.0012, 0.0)}
{'epoch': 227, 'train_loss': 0.0009, 'train_acc': 1.0, 'task_loss': (0.0009, 0.0)}
{'epoch': 228, 'train_loss': 0.0044, 'train_acc': 1.0, 'task_loss': (0.0044, 0.0)}
{'epoch': 229, 'train_loss': 0.0018, 'train_acc': 1.0, 'task_loss': (0.0018, 0.0)}
{'epoch': 230, 'train_loss': 0.0012, 'train_acc': 1.0, 'task_loss': (0.0012, 0.0)}
{'epoch': 231, 'train_loss': 0.0055, 'train_acc': 0.99, 'task_loss': (0.0055, 0.0)}
{'epoch': 232, 'train_loss': 0.0025, 'train_acc': 1.0, 'task_loss': (0.0025, 0.0)}
{'epoch': 233, 'train_loss': 0.0014, 'train_acc': 1.0, 'task_loss': (0.0014, 0.0)}
{'epoch': 234, 'train_loss': 0.001, 'train_acc': 1.0, 'task_loss': (0.001, 0.0)}
{'epoch': 235, 'train_loss': 0.0023, 'train_acc': 1.0, 'task_loss': (0.0023, 0.0)}
{'epoch': 236, 'train_loss': 0.0013, 'train_acc': 1.0, 'task_loss': (0.0013, 0.0)}
{'epoch': 237, 'train_loss': 0.001, 'train_acc': 1.0, 'task_loss': (0.001, 0.0)}
{'epoch': 238, 'train_loss': 0.0017, 'train_acc': 1.0, 'task_loss': (0.0017, 0.0)}
{'epoch': 239, 'train_loss': 0.0038, 'train_acc': 1.0, 'task_loss': (0.0038, 0.0)}
{'epoch': 240, 'train_loss': 0.0048, 'train_acc': 1.0, 'task_loss': (0.0048, 0.0)}
{'epoch': 241, 'train_loss': 0.0011, 'train_acc': 1.0, 'task_loss': (0.0011, 0.0)}
{'epoch': 242, 'train_loss': 0.0016, 'train_acc': 1.0, 'task_loss': (0.0016, 0.0)}
{'epoch': 243, 'train_loss': 0.0017, 'train_acc': 1.0, 'task_loss': (0.0017, 0.0)}
{'epoch': 244, 'train_loss': 0.001, 'train_acc': 1.0, 'task_loss': (0.001, 0.0)}
{'epoch': 245, 'train_loss': 0.0032, 'train_acc': 1.0, 'task_loss': (0.0032, 0.0)}
{'epoch': 246, 'train_loss': 0.0005, 'train_acc': 1.0, 'task_loss': (0.0005, 0.0)}
{'epoch': 247, 'train_loss': 0.0073, 'train_acc': 0.99, 'task_loss': (0.0073, 0.0)}
{'epoch': 248, 'train_loss': 0.0021, 'train_acc': 1.0, 'task_loss': (0.0021, 0.0)}
{'epoch': 249, 'train_loss': 0.001, 'train_acc': 1.0, 'task_loss': (0.001, 0.0)}
{'epoch': 250, 'train_loss': 0.0033, 'train_acc': 1.0, 'task_loss': (0.0033, 0.0)}
{'epoch': 251, 'train_loss': 0.0017, 'train_acc': 1.0, 'task_loss': (0.0017, 0.0)}
{'epoch': 252, 'train_loss': 0.0021, 'train_acc': 1.0, 'task_loss': (0.0021, 0.0)}
{'epoch': 253, 'train_loss': 0.019, 'train_acc': 0.99, 'task_loss': (0.019, 0.0)}
{'epoch': 254, 'train_loss': 0.0013, 'train_acc': 1.0, 'task_loss': (0.0013, 0.0)}
{'epoch': 255, 'train_loss': 0.003, 'train_acc': 1.0, 'task_loss': (0.003, 0.0)}
{'epoch': 256, 'train_loss': 0.002, 'train_acc': 1.0, 'task_loss': (0.002, 0.0)}
{'epoch': 257, 'train_loss': 0.0013, 'train_acc': 1.0, 'task_loss': (0.0013, 0.0)}
{'epoch': 258, 'train_loss': 0.0019, 'train_acc': 1.0, 'task_loss': (0.0019, 0.0)}
{'epoch': 259, 'train_loss': 0.0026, 'train_acc': 1.0, 'task_loss': (0.0026, 0.0)}
{'epoch': 260, 'train_loss': 0.001, 'train_acc': 1.0, 'task_loss': (0.001, 0.0)}
{'epoch': 261, 'train_loss': 0.0238, 'train_acc': 0.99, 'task_loss': (0.0238, 0.0)}
{'epoch': 262, 'train_loss': 0.0045, 'train_acc': 1.0, 'task_loss': (0.0045, 0.0)}
{'epoch': 263, 'train_loss': 0.0013, 'train_acc': 1.0, 'task_loss': (0.0013, 0.0)}
{'epoch': 264, 'train_loss': 0.0029, 'train_acc': 1.0, 'task_loss': (0.0029, 0.0)}
{'epoch': 265, 'train_loss': 0.0018, 'train_acc': 1.0, 'task_loss': (0.0018, 0.0)}
{'epoch': 266, 'train_loss': 0.0023, 'train_acc': 1.0, 'task_loss': (0.0023, 0.0)}
{'epoch': 267, 'train_loss': 0.001, 'train_acc': 1.0, 'task_loss': (0.001, 0.0)}
{'epoch': 268, 'train_loss': 0.0016, 'train_acc': 1.0, 'task_loss': (0.0016, 0.0)}
{'epoch': 269, 'train_loss': 0.0015, 'train_acc': 1.0, 'task_loss': (0.0015, 0.0)}
{'epoch': 270, 'train_loss': 0.0059, 'train_acc': 0.99, 'task_loss': (0.0059, 0.0)}
{'epoch': 271, 'train_loss': 0.0016, 'train_acc': 1.0, 'task_loss': (0.0016, 0.0)}
{'epoch': 272, 'train_loss': 0.0014, 'train_acc': 1.0, 'task_loss': (0.0014, 0.0)}
{'epoch': 273, 'train_loss': 0.0016, 'train_acc': 1.0, 'task_loss': (0.0016, 0.0)}
{'epoch': 274, 'train_loss': 0.002, 'train_acc': 1.0, 'task_loss': (0.002, 0.0)}
{'epoch': 275, 'train_loss': 0.002, 'train_acc': 1.0, 'task_loss': (0.002, 0.0)}
{'epoch': 276, 'train_loss': 0.0028, 'train_acc': 1.0, 'task_loss': (0.0028, 0.0)}
{'epoch': 277, 'train_loss': 0.0016, 'train_acc': 1.0, 'task_loss': (0.0016, 0.0)}
{'epoch': 278, 'train_loss': 0.0029, 'train_acc': 1.0, 'task_loss': (0.0029, 0.0)}
{'epoch': 279, 'train_loss': 0.0011, 'train_acc': 1.0, 'task_loss': (0.0011, 0.0)}
{'epoch': 280, 'train_loss': 0.0021, 'train_acc': 1.0, 'task_loss': (0.0021, 0.0)}
{'epoch': 281, 'train_loss': 0.0102, 'train_acc': 0.99, 'task_loss': (0.0102, 0.0)}
{'epoch': 282, 'train_loss': 0.0023, 'train_acc': 1.0, 'task_loss': (0.0023, 0.0)}
{'epoch': 283, 'train_loss': 0.0006, 'train_acc': 1.0, 'task_loss': (0.0006, 0.0)}
{'epoch': 284, 'train_loss': 0.0011, 'train_acc': 1.0, 'task_loss': (0.0011, 0.0)}
{'epoch': 285, 'train_loss': 0.0006, 'train_acc': 1.0, 'task_loss': (0.0006, 0.0)}
{'epoch': 286, 'train_loss': 0.0021, 'train_acc': 1.0, 'task_loss': (0.0021, 0.0)}
{'epoch': 287, 'train_loss': 0.002, 'train_acc': 1.0, 'task_loss': (0.002, 0.0)}
{'epoch': 288, 'train_loss': 0.0101, 'train_acc': 1.0, 'task_loss': (0.0101, 0.0)}
{'epoch': 289, 'train_loss': 0.0034, 'train_acc': 1.0, 'task_loss': (0.0034, 0.0)}
{'epoch': 290, 'train_loss': 0.0014, 'train_acc': 1.0, 'task_loss': (0.0014, 0.0)}
{'epoch': 291, 'train_loss': 0.0011, 'train_acc': 1.0, 'task_loss': (0.0011, 0.0)}
{'epoch': 292, 'train_loss': 0.0029, 'train_acc': 1.0, 'task_loss': (0.0029, 0.0)}
{'epoch': 293, 'train_loss': 0.0027, 'train_acc': 1.0, 'task_loss': (0.0027, 0.0)}
{'epoch': 294, 'train_loss': 0.0034, 'train_acc': 1.0, 'task_loss': (0.0034, 0.0)}
{'epoch': 295, 'train_loss': 0.0019, 'train_acc': 1.0, 'task_loss': (0.0019, 0.0)}
{'epoch': 296, 'train_loss': 0.0022, 'train_acc': 1.0, 'task_loss': (0.0022, 0.0)}
{'epoch': 297, 'train_loss': 0.0012, 'train_acc': 1.0, 'task_loss': (0.0012, 0.0)}
{'epoch': 298, 'train_loss': 0.0024, 'train_acc': 1.0, 'task_loss': (0.0024, 0.0)}
{'epoch': 299, 'train_loss': 0.0017, 'train_acc': 1.0, 'task_loss': (0.0017, 0.0)}
{'epoch': 300, 'train_loss': 0.0017, 'train_acc': 1.0, 'task_loss': (0.0017, 0.0)}
{'run_num': 0, 'final_test_err': 0.27875000000000005}
{'avg_err': 0.2788, 'std_err': 0.0}
