{'deploy': True, 'tag': '05_ood/01_domain_alpha1', 'seed': 10, 'device': 'cuda:0', 'reps': 10, 'loss': {'alpha': 0.5, 'tune_alpha': False, 'group_task_loss': True}, 'task': {'dataset': 'domain_net', 'task_map': [[0, 1], [2, 3], [4, 5], [6, 7], [8, 9]], 'target': 0, 'ood': [1], 'augment': False, 'n': 100, 'm_n': 4, 'beta': 0.5, 'custom_sampler': False, 'm_cinic': 1, 'm_cinic_neg': 0.0}, 'hp': {'epochs': 100, 'bs': 16, 'lr': 0.01}, 'net': 'conv'}
Files already downloaded and verified
Files already downloaded and verified
{'epoch': 1, 'train_loss': 0.7004, 'train_acc': 0.5938, 'task_loss': (0.3197, 0.3807)}
{'epoch': 2, 'train_loss': 0.5462, 'train_acc': 0.6961, 'task_loss': (0.2072, 0.339)}
{'epoch': 3, 'train_loss': 0.5107, 'train_acc': 0.7008, 'task_loss': (0.1871, 0.3236)}
{'epoch': 4, 'train_loss': 0.4132, 'train_acc': 0.7829, 'task_loss': (0.1261, 0.2871)}
{'epoch': 5, 'train_loss': 0.3293, 'train_acc': 0.8124, 'task_loss': (0.0754, 0.254)}
{'epoch': 6, 'train_loss': 0.2692, 'train_acc': 0.8372, 'task_loss': (0.0488, 0.2203)}
{'epoch': 7, 'train_loss': 0.1994, 'train_acc': 0.8791, 'task_loss': (0.0291, 0.1703)}
{'epoch': 8, 'train_loss': 0.2019, 'train_acc': 0.9023, 'task_loss': (0.0384, 0.1636)}
{'epoch': 9, 'train_loss': 0.1506, 'train_acc': 0.9116, 'task_loss': (0.0259, 0.1247)}
{'epoch': 10, 'train_loss': 0.107, 'train_acc': 0.9411, 'task_loss': (0.0133, 0.0936)}
{'epoch': 11, 'train_loss': 0.0982, 'train_acc': 0.9442, 'task_loss': (0.0266, 0.0715)}
{'epoch': 12, 'train_loss': 0.1053, 'train_acc': 0.9519, 'task_loss': (0.0166, 0.0887)}
{'epoch': 13, 'train_loss': 0.0634, 'train_acc': 0.9736, 'task_loss': (0.0108, 0.0526)}
{'epoch': 14, 'train_loss': 0.0392, 'train_acc': 0.9814, 'task_loss': (0.0017, 0.0375)}
{'epoch': 15, 'train_loss': 0.0315, 'train_acc': 0.9814, 'task_loss': (0.0013, 0.0302)}
{'epoch': 16, 'train_loss': 0.0178, 'train_acc': 0.9938, 'task_loss': (0.0012, 0.0167)}
{'epoch': 17, 'train_loss': 0.0141, 'train_acc': 0.9938, 'task_loss': (0.0008, 0.0133)}
{'epoch': 18, 'train_loss': 0.0115, 'train_acc': 0.9969, 'task_loss': (0.0007, 0.0108)}
{'epoch': 19, 'train_loss': 0.0096, 'train_acc': 1.0, 'task_loss': (0.0005, 0.0091)}
{'epoch': 20, 'train_loss': 0.0091, 'train_acc': 0.9984, 'task_loss': (0.0003, 0.0087)}
{'epoch': 21, 'train_loss': 0.0064, 'train_acc': 1.0, 'task_loss': (0.0003, 0.0062)}
{'epoch': 22, 'train_loss': 0.0059, 'train_acc': 1.0, 'task_loss': (0.0007, 0.0052)}
{'epoch': 23, 'train_loss': 0.0045, 'train_acc': 1.0, 'task_loss': (0.0002, 0.0043)}
{'epoch': 24, 'train_loss': 0.0047, 'train_acc': 0.9984, 'task_loss': (0.0003, 0.0044)}
{'epoch': 25, 'train_loss': 0.0042, 'train_acc': 1.0, 'task_loss': (0.0002, 0.0039)}
{'epoch': 26, 'train_loss': 0.0026, 'train_acc': 1.0, 'task_loss': (0.0003, 0.0023)}
{'epoch': 27, 'train_loss': 0.0024, 'train_acc': 1.0, 'task_loss': (1e-04, 0.0023)}
{'epoch': 28, 'train_loss': 0.0022, 'train_acc': 1.0, 'task_loss': (0.0002, 0.002)}
{'epoch': 29, 'train_loss': 0.0025, 'train_acc': 1.0, 'task_loss': (1e-04, 0.0024)}
{'epoch': 30, 'train_loss': 0.0022, 'train_acc': 1.0, 'task_loss': (1e-04, 0.0021)}
{'epoch': 31, 'train_loss': 0.0017, 'train_acc': 1.0, 'task_loss': (1e-04, 0.0016)}
{'epoch': 32, 'train_loss': 0.0014, 'train_acc': 1.0, 'task_loss': (1e-04, 0.0014)}
{'epoch': 33, 'train_loss': 0.0019, 'train_acc': 1.0, 'task_loss': (1e-04, 0.0018)}
{'epoch': 34, 'train_loss': 0.0015, 'train_acc': 1.0, 'task_loss': (1e-04, 0.0014)}
{'epoch': 35, 'train_loss': 0.0014, 'train_acc': 1.0, 'task_loss': (1e-04, 0.0013)}
{'epoch': 36, 'train_loss': 0.0016, 'train_acc': 1.0, 'task_loss': (1e-04, 0.0015)}
{'epoch': 37, 'train_loss': 0.0013, 'train_acc': 1.0, 'task_loss': (1e-04, 0.0012)}
{'epoch': 38, 'train_loss': 0.0012, 'train_acc': 1.0, 'task_loss': (1e-04, 0.001)}
{'epoch': 39, 'train_loss': 0.0012, 'train_acc': 1.0, 'task_loss': (1e-04, 0.0012)}
{'epoch': 40, 'train_loss': 0.0009, 'train_acc': 1.0, 'task_loss': (1e-04, 0.0008)}
{'epoch': 41, 'train_loss': 0.001, 'train_acc': 1.0, 'task_loss': (0.0002, 0.0008)}
{'epoch': 42, 'train_loss': 0.0011, 'train_acc': 1.0, 'task_loss': (1e-04, 0.001)}
{'epoch': 43, 'train_loss': 0.0009, 'train_acc': 1.0, 'task_loss': (1e-04, 0.0009)}
{'epoch': 44, 'train_loss': 0.001, 'train_acc': 1.0, 'task_loss': (0.0002, 0.0008)}
{'epoch': 45, 'train_loss': 0.001, 'train_acc': 1.0, 'task_loss': (1e-04, 0.0008)}
{'epoch': 46, 'train_loss': 0.0009, 'train_acc': 1.0, 'task_loss': (1e-04, 0.0008)}
{'epoch': 47, 'train_loss': 0.0007, 'train_acc': 1.0, 'task_loss': (1e-04, 0.0007)}
{'epoch': 48, 'train_loss': 0.0011, 'train_acc': 1.0, 'task_loss': (1e-04, 0.0009)}
{'epoch': 49, 'train_loss': 0.0008, 'train_acc': 1.0, 'task_loss': (1e-04, 0.0008)}
{'epoch': 50, 'train_loss': 0.0007, 'train_acc': 1.0, 'task_loss': (1e-04, 0.0006)}
{'epoch': 51, 'train_loss': 0.0009, 'train_acc': 1.0, 'task_loss': (1e-04, 0.0008)}
{'epoch': 52, 'train_loss': 0.0007, 'train_acc': 1.0, 'task_loss': (1e-04, 0.0007)}
{'epoch': 53, 'train_loss': 0.0007, 'train_acc': 1.0, 'task_loss': (0.0, 0.0007)}
{'epoch': 54, 'train_loss': 0.0006, 'train_acc': 1.0, 'task_loss': (1e-04, 0.0006)}
{'epoch': 55, 'train_loss': 0.0007, 'train_acc': 1.0, 'task_loss': (0.0, 0.0007)}
{'epoch': 56, 'train_loss': 0.0007, 'train_acc': 1.0, 'task_loss': (1e-04, 0.0007)}
{'epoch': 57, 'train_loss': 0.0006, 'train_acc': 1.0, 'task_loss': (0.0, 0.0006)}
{'epoch': 58, 'train_loss': 0.0007, 'train_acc': 1.0, 'task_loss': (1e-04, 0.0007)}
{'epoch': 59, 'train_loss': 0.0006, 'train_acc': 1.0, 'task_loss': (1e-04, 0.0005)}
{'epoch': 60, 'train_loss': 0.0008, 'train_acc': 1.0, 'task_loss': (1e-04, 0.0007)}
{'epoch': 61, 'train_loss': 0.0007, 'train_acc': 1.0, 'task_loss': (0.0, 0.0006)}
{'epoch': 62, 'train_loss': 0.0008, 'train_acc': 1.0, 'task_loss': (1e-04, 0.0008)}
{'epoch': 63, 'train_loss': 0.0004, 'train_acc': 1.0, 'task_loss': (0.0, 0.0004)}
{'epoch': 64, 'train_loss': 0.0006, 'train_acc': 1.0, 'task_loss': (1e-04, 0.0005)}
{'epoch': 65, 'train_loss': 0.0007, 'train_acc': 1.0, 'task_loss': (0.0, 0.0007)}
{'epoch': 66, 'train_loss': 0.0006, 'train_acc': 1.0, 'task_loss': (0.0, 0.0005)}
{'epoch': 67, 'train_loss': 0.0006, 'train_acc': 1.0, 'task_loss': (0.0, 0.0005)}
{'epoch': 68, 'train_loss': 0.0005, 'train_acc': 1.0, 'task_loss': (1e-04, 0.0005)}
{'epoch': 69, 'train_loss': 0.0006, 'train_acc': 1.0, 'task_loss': (0.0, 0.0005)}
{'epoch': 70, 'train_loss': 0.0006, 'train_acc': 1.0, 'task_loss': (1e-04, 0.0005)}
{'epoch': 71, 'train_loss': 0.0006, 'train_acc': 1.0, 'task_loss': (0.0, 0.0005)}
{'epoch': 72, 'train_loss': 0.0006, 'train_acc': 1.0, 'task_loss': (1e-04, 0.0005)}
{'epoch': 73, 'train_loss': 0.0005, 'train_acc': 1.0, 'task_loss': (0.0, 0.0005)}
{'epoch': 74, 'train_loss': 0.0005, 'train_acc': 1.0, 'task_loss': (0.0, 0.0004)}
{'epoch': 75, 'train_loss': 0.0006, 'train_acc': 1.0, 'task_loss': (1e-04, 0.0005)}
{'epoch': 76, 'train_loss': 0.0006, 'train_acc': 1.0, 'task_loss': (1e-04, 0.0005)}
{'epoch': 77, 'train_loss': 0.0005, 'train_acc': 1.0, 'task_loss': (1e-04, 0.0005)}
{'epoch': 78, 'train_loss': 0.0006, 'train_acc': 1.0, 'task_loss': (0.0, 0.0005)}
{'epoch': 79, 'train_loss': 0.0005, 'train_acc': 1.0, 'task_loss': (0.0, 0.0005)}
{'epoch': 80, 'train_loss': 0.0006, 'train_acc': 1.0, 'task_loss': (0.0, 0.0005)}
{'epoch': 81, 'train_loss': 0.0006, 'train_acc': 1.0, 'task_loss': (0.0, 0.0006)}
{'epoch': 82, 'train_loss': 0.0006, 'train_acc': 1.0, 'task_loss': (1e-04, 0.0006)}
{'epoch': 83, 'train_loss': 0.0004, 'train_acc': 1.0, 'task_loss': (0.0, 0.0004)}
{'epoch': 84, 'train_loss': 0.0006, 'train_acc': 1.0, 'task_loss': (1e-04, 0.0005)}
{'epoch': 85, 'train_loss': 0.0005, 'train_acc': 1.0, 'task_loss': (0.0, 0.0005)}
{'epoch': 86, 'train_loss': 0.0008, 'train_acc': 1.0, 'task_loss': (1e-04, 0.0007)}
{'epoch': 87, 'train_loss': 0.0006, 'train_acc': 1.0, 'task_loss': (0.0, 0.0006)}
{'epoch': 88, 'train_loss': 0.0005, 'train_acc': 1.0, 'task_loss': (0.0, 0.0005)}
{'epoch': 89, 'train_loss': 0.0005, 'train_acc': 1.0, 'task_loss': (0.0, 0.0004)}
{'epoch': 90, 'train_loss': 0.0005, 'train_acc': 1.0, 'task_loss': (0.0, 0.0005)}
{'epoch': 91, 'train_loss': 0.0005, 'train_acc': 1.0, 'task_loss': (1e-04, 0.0004)}
{'epoch': 92, 'train_loss': 0.0007, 'train_acc': 1.0, 'task_loss': (0.0, 0.0006)}
{'epoch': 93, 'train_loss': 0.0005, 'train_acc': 1.0, 'task_loss': (0.0, 0.0005)}
{'epoch': 94, 'train_loss': 0.0006, 'train_acc': 1.0, 'task_loss': (0.0, 0.0006)}
{'epoch': 95, 'train_loss': 0.0005, 'train_acc': 1.0, 'task_loss': (0.0, 0.0004)}
{'epoch': 96, 'train_loss': 0.0005, 'train_acc': 1.0, 'task_loss': (0.0, 0.0005)}
{'epoch': 97, 'train_loss': 0.0005, 'train_acc': 1.0, 'task_loss': (0.0, 0.0004)}
{'epoch': 98, 'train_loss': 0.0005, 'train_acc': 1.0, 'task_loss': (0.0, 0.0004)}
{'epoch': 99, 'train_loss': 0.0006, 'train_acc': 1.0, 'task_loss': (0.0, 0.0006)}
{'epoch': 100, 'train_loss': 0.0005, 'train_acc': 1.0, 'task_loss': (1e-04, 0.0004)}
{'run_num': 0, 'final_test_err': 0.1400651465798045}
Files already downloaded and verified
Files already downloaded and verified
{'epoch': 1, 'train_loss': 0.8217, 'train_acc': 0.5814, 'task_loss': (0.4658, 0.3559)}
{'epoch': 2, 'train_loss': 0.6371, 'train_acc': 0.6791, 'task_loss': (0.2673, 0.3698)}
{'epoch': 3, 'train_loss': 0.6768, 'train_acc': 0.7008, 'task_loss': (0.3186, 0.3582)}
{'epoch': 4, 'train_loss': 0.5002, 'train_acc': 0.7473, 'task_loss': (0.1909, 0.3093)}
{'epoch': 5, 'train_loss': 0.3487, 'train_acc': 0.8031, 'task_loss': (0.108, 0.2407)}
{'epoch': 6, 'train_loss': 0.3943, 'train_acc': 0.831, 'task_loss': (0.166, 0.2283)}
{'epoch': 7, 'train_loss': 0.4448, 'train_acc': 0.8155, 'task_loss': (0.1732, 0.2716)}
{'epoch': 8, 'train_loss': 0.3041, 'train_acc': 0.8636, 'task_loss': (0.103, 0.2012)}
{'epoch': 9, 'train_loss': 0.3315, 'train_acc': 0.8512, 'task_loss': (0.1561, 0.1754)}
{'epoch': 10, 'train_loss': 0.2388, 'train_acc': 0.8806, 'task_loss': (0.0579, 0.1809)}
{'epoch': 11, 'train_loss': 0.1488, 'train_acc': 0.9318, 'task_loss': (0.0224, 0.1264)}
{'epoch': 12, 'train_loss': 0.0892, 'train_acc': 0.9674, 'task_loss': (0.0197, 0.0695)}
{'epoch': 13, 'train_loss': 0.0795, 'train_acc': 0.9581, 'task_loss': (0.0073, 0.0722)}
{'epoch': 14, 'train_loss': 0.0723, 'train_acc': 0.9674, 'task_loss': (0.0085, 0.0637)}
{'epoch': 15, 'train_loss': 0.0507, 'train_acc': 0.9721, 'task_loss': (0.0028, 0.0479)}
{'epoch': 16, 'train_loss': 0.0357, 'train_acc': 0.9845, 'task_loss': (0.0041, 0.0316)}
{'epoch': 17, 'train_loss': 0.0308, 'train_acc': 0.9829, 'task_loss': (0.0022, 0.0286)}
{'epoch': 18, 'train_loss': 0.0288, 'train_acc': 0.9907, 'task_loss': (0.0046, 0.0242)}
{'epoch': 19, 'train_loss': 0.0213, 'train_acc': 0.9891, 'task_loss': (0.0025, 0.0188)}
{'epoch': 20, 'train_loss': 0.0225, 'train_acc': 0.9907, 'task_loss': (0.0015, 0.0211)}
{'epoch': 21, 'train_loss': 0.02, 'train_acc': 0.9907, 'task_loss': (0.002, 0.0181)}
{'epoch': 22, 'train_loss': 0.0152, 'train_acc': 0.9938, 'task_loss': (0.0015, 0.0137)}
{'epoch': 23, 'train_loss': 0.0111, 'train_acc': 0.9953, 'task_loss': (0.0007, 0.0104)}
{'epoch': 24, 'train_loss': 0.0137, 'train_acc': 0.9984, 'task_loss': (0.0007, 0.013)}
{'epoch': 25, 'train_loss': 0.0115, 'train_acc': 0.9969, 'task_loss': (0.0012, 0.0103)}
{'epoch': 26, 'train_loss': 0.0068, 'train_acc': 0.9984, 'task_loss': (0.0004, 0.0064)}
{'epoch': 27, 'train_loss': 0.0057, 'train_acc': 0.9969, 'task_loss': (0.0004, 0.0053)}
{'epoch': 28, 'train_loss': 0.0044, 'train_acc': 1.0, 'task_loss': (0.0002, 0.0042)}
{'epoch': 29, 'train_loss': 0.0042, 'train_acc': 1.0, 'task_loss': (0.0004, 0.0038)}
{'epoch': 30, 'train_loss': 0.0033, 'train_acc': 1.0, 'task_loss': (0.0002, 0.003)}
{'epoch': 31, 'train_loss': 0.003, 'train_acc': 1.0, 'task_loss': (0.0002, 0.0028)}
{'epoch': 32, 'train_loss': 0.0035, 'train_acc': 1.0, 'task_loss': (0.0005, 0.003)}
{'epoch': 33, 'train_loss': 0.0036, 'train_acc': 1.0, 'task_loss': (0.0003, 0.0033)}
{'epoch': 34, 'train_loss': 0.0038, 'train_acc': 1.0, 'task_loss': (0.0002, 0.0036)}
{'epoch': 35, 'train_loss': 0.0038, 'train_acc': 1.0, 'task_loss': (0.0003, 0.0035)}
{'epoch': 36, 'train_loss': 0.0025, 'train_acc': 1.0, 'task_loss': (0.0002, 0.0022)}
{'epoch': 37, 'train_loss': 0.0018, 'train_acc': 1.0, 'task_loss': (1e-04, 0.0016)}
{'epoch': 38, 'train_loss': 0.0028, 'train_acc': 1.0, 'task_loss': (0.0002, 0.0027)}
{'epoch': 39, 'train_loss': 0.0019, 'train_acc': 1.0, 'task_loss': (0.0002, 0.0017)}
{'epoch': 40, 'train_loss': 0.0014, 'train_acc': 1.0, 'task_loss': (1e-04, 0.0013)}
{'epoch': 41, 'train_loss': 0.0016, 'train_acc': 1.0, 'task_loss': (0.0002, 0.0014)}
{'epoch': 42, 'train_loss': 0.0014, 'train_acc': 1.0, 'task_loss': (0.0002, 0.0012)}
{'epoch': 43, 'train_loss': 0.0014, 'train_acc': 1.0, 'task_loss': (1e-04, 0.0013)}
{'epoch': 44, 'train_loss': 0.0012, 'train_acc': 1.0, 'task_loss': (1e-04, 0.0011)}
{'epoch': 45, 'train_loss': 0.0018, 'train_acc': 1.0, 'task_loss': (1e-04, 0.0017)}
{'epoch': 46, 'train_loss': 0.0012, 'train_acc': 1.0, 'task_loss': (1e-04, 0.0011)}
{'epoch': 47, 'train_loss': 0.0013, 'train_acc': 1.0, 'task_loss': (1e-04, 0.0012)}
{'epoch': 48, 'train_loss': 0.0012, 'train_acc': 1.0, 'task_loss': (0.0002, 0.001)}
{'epoch': 49, 'train_loss': 0.0009, 'train_acc': 1.0, 'task_loss': (1e-04, 0.0008)}
{'epoch': 50, 'train_loss': 0.0009, 'train_acc': 1.0, 'task_loss': (1e-04, 0.0008)}
{'epoch': 51, 'train_loss': 0.0009, 'train_acc': 1.0, 'task_loss': (1e-04, 0.0008)}
{'epoch': 52, 'train_loss': 0.0009, 'train_acc': 1.0, 'task_loss': (1e-04, 0.0009)}
{'epoch': 53, 'train_loss': 0.0013, 'train_acc': 1.0, 'task_loss': (1e-04, 0.0012)}
{'epoch': 54, 'train_loss': 0.0009, 'train_acc': 1.0, 'task_loss': (1e-04, 0.0008)}
{'epoch': 55, 'train_loss': 0.0011, 'train_acc': 1.0, 'task_loss': (1e-04, 0.001)}
{'epoch': 56, 'train_loss': 0.0009, 'train_acc': 1.0, 'task_loss': (1e-04, 0.0008)}
{'epoch': 57, 'train_loss': 0.0009, 'train_acc': 1.0, 'task_loss': (1e-04, 0.0008)}
{'epoch': 58, 'train_loss': 0.0009, 'train_acc': 1.0, 'task_loss': (1e-04, 0.0008)}
{'epoch': 59, 'train_loss': 0.0008, 'train_acc': 1.0, 'task_loss': (1e-04, 0.0007)}
{'epoch': 60, 'train_loss': 0.0009, 'train_acc': 1.0, 'task_loss': (1e-04, 0.0008)}
{'epoch': 61, 'train_loss': 0.0007, 'train_acc': 1.0, 'task_loss': (1e-04, 0.0007)}
{'epoch': 62, 'train_loss': 0.001, 'train_acc': 1.0, 'task_loss': (1e-04, 0.0009)}
{'epoch': 63, 'train_loss': 0.0008, 'train_acc': 1.0, 'task_loss': (1e-04, 0.0007)}
{'epoch': 64, 'train_loss': 0.001, 'train_acc': 1.0, 'task_loss': (1e-04, 0.0009)}
{'epoch': 65, 'train_loss': 0.0008, 'train_acc': 1.0, 'task_loss': (1e-04, 0.0007)}
{'epoch': 66, 'train_loss': 0.0008, 'train_acc': 1.0, 'task_loss': (1e-04, 0.0007)}
{'epoch': 67, 'train_loss': 0.0008, 'train_acc': 1.0, 'task_loss': (1e-04, 0.0007)}
{'epoch': 68, 'train_loss': 0.0007, 'train_acc': 1.0, 'task_loss': (1e-04, 0.0006)}
{'epoch': 69, 'train_loss': 0.0006, 'train_acc': 1.0, 'task_loss': (1e-04, 0.0005)}
{'epoch': 70, 'train_loss': 0.001, 'train_acc': 1.0, 'task_loss': (0.0002, 0.0008)}
{'epoch': 71, 'train_loss': 0.0011, 'train_acc': 1.0, 'task_loss': (1e-04, 0.001)}
{'epoch': 72, 'train_loss': 0.0006, 'train_acc': 1.0, 'task_loss': (1e-04, 0.0005)}
{'epoch': 73, 'train_loss': 0.0008, 'train_acc': 1.0, 'task_loss': (1e-04, 0.0007)}
{'epoch': 74, 'train_loss': 0.0006, 'train_acc': 1.0, 'task_loss': (1e-04, 0.0005)}
{'epoch': 75, 'train_loss': 0.0007, 'train_acc': 1.0, 'task_loss': (1e-04, 0.0006)}
{'epoch': 76, 'train_loss': 0.0007, 'train_acc': 1.0, 'task_loss': (1e-04, 0.0006)}
{'epoch': 77, 'train_loss': 0.0006, 'train_acc': 1.0, 'task_loss': (1e-04, 0.0005)}
{'epoch': 78, 'train_loss': 0.0007, 'train_acc': 1.0, 'task_loss': (1e-04, 0.0006)}
{'epoch': 79, 'train_loss': 0.0005, 'train_acc': 1.0, 'task_loss': (1e-04, 0.0005)}
{'epoch': 80, 'train_loss': 0.0007, 'train_acc': 1.0, 'task_loss': (1e-04, 0.0006)}
{'epoch': 81, 'train_loss': 0.0006, 'train_acc': 1.0, 'task_loss': (1e-04, 0.0005)}
{'epoch': 82, 'train_loss': 0.0007, 'train_acc': 1.0, 'task_loss': (1e-04, 0.0007)}
{'epoch': 83, 'train_loss': 0.0007, 'train_acc': 1.0, 'task_loss': (1e-04, 0.0006)}
{'epoch': 84, 'train_loss': 0.0005, 'train_acc': 1.0, 'task_loss': (1e-04, 0.0005)}
{'epoch': 85, 'train_loss': 0.0006, 'train_acc': 1.0, 'task_loss': (1e-04, 0.0005)}
{'epoch': 86, 'train_loss': 0.0006, 'train_acc': 1.0, 'task_loss': (1e-04, 0.0005)}
{'epoch': 87, 'train_loss': 0.0008, 'train_acc': 1.0, 'task_loss': (1e-04, 0.0007)}
{'epoch': 88, 'train_loss': 0.0015, 'train_acc': 1.0, 'task_loss': (1e-04, 0.0014)}
{'epoch': 89, 'train_loss': 0.0007, 'train_acc': 1.0, 'task_loss': (1e-04, 0.0006)}
{'epoch': 90, 'train_loss': 0.0006, 'train_acc': 1.0, 'task_loss': (1e-04, 0.0005)}
{'epoch': 91, 'train_loss': 0.0007, 'train_acc': 1.0, 'task_loss': (1e-04, 0.0006)}
{'epoch': 92, 'train_loss': 0.0005, 'train_acc': 1.0, 'task_loss': (0.0, 0.0005)}
{'epoch': 93, 'train_loss': 0.0009, 'train_acc': 1.0, 'task_loss': (1e-04, 0.0008)}
{'epoch': 94, 'train_loss': 0.0007, 'train_acc': 1.0, 'task_loss': (0.0, 0.0006)}
{'epoch': 95, 'train_loss': 0.0007, 'train_acc': 1.0, 'task_loss': (1e-04, 0.0006)}
{'epoch': 96, 'train_loss': 0.0007, 'train_acc': 1.0, 'task_loss': (1e-04, 0.0007)}
{'epoch': 97, 'train_loss': 0.0006, 'train_acc': 1.0, 'task_loss': (1e-04, 0.0006)}
{'epoch': 98, 'train_loss': 0.0006, 'train_acc': 1.0, 'task_loss': (1e-04, 0.0005)}
{'epoch': 99, 'train_loss': 0.0009, 'train_acc': 1.0, 'task_loss': (0.0, 0.0008)}
{'epoch': 100, 'train_loss': 0.0007, 'train_acc': 1.0, 'task_loss': (1e-04, 0.0006)}
{'run_num': 1, 'final_test_err': 0.14983713355048855}
Files already downloaded and verified
Files already downloaded and verified
{'epoch': 1, 'train_loss': 0.7095, 'train_acc': 0.6202, 'task_loss': (0.318, 0.3915)}
{'epoch': 2, 'train_loss': 0.6722, 'train_acc': 0.6388, 'task_loss': (0.2919, 0.3804)}
{'epoch': 3, 'train_loss': 0.5319, 'train_acc': 0.6992, 'task_loss': (0.2039, 0.328)}
{'epoch': 4, 'train_loss': 0.481, 'train_acc': 0.738, 'task_loss': (0.1802, 0.3009)}
{'epoch': 5, 'train_loss': 0.4167, 'train_acc': 0.7535, 'task_loss': (0.1341, 0.2827)}
{'epoch': 6, 'train_loss': 0.3343, 'train_acc': 0.8264, 'task_loss': (0.0979, 0.2364)}
{'epoch': 7, 'train_loss': 0.3456, 'train_acc': 0.8388, 'task_loss': (0.1202, 0.2253)}
{'epoch': 8, 'train_loss': 0.3385, 'train_acc': 0.8372, 'task_loss': (0.1319, 0.2066)}
{'epoch': 9, 'train_loss': 0.2147, 'train_acc': 0.8806, 'task_loss': (0.0319, 0.1827)}
{'epoch': 10, 'train_loss': 0.1342, 'train_acc': 0.9395, 'task_loss': (0.0282, 0.106)}
{'epoch': 11, 'train_loss': 0.0959, 'train_acc': 0.9395, 'task_loss': (0.0147, 0.0812)}
{'epoch': 12, 'train_loss': 0.1013, 'train_acc': 0.9504, 'task_loss': (0.0153, 0.086)}
{'epoch': 13, 'train_loss': 0.0724, 'train_acc': 0.9643, 'task_loss': (0.0073, 0.0651)}
{'epoch': 14, 'train_loss': 0.0779, 'train_acc': 0.9721, 'task_loss': (0.019, 0.0589)}
{'epoch': 15, 'train_loss': 0.0526, 'train_acc': 0.9721, 'task_loss': (0.0069, 0.0457)}
{'epoch': 16, 'train_loss': 0.0298, 'train_acc': 0.9891, 'task_loss': (0.0019, 0.0279)}
{'epoch': 17, 'train_loss': 0.0199, 'train_acc': 0.9938, 'task_loss': (0.0015, 0.0184)}
{'epoch': 18, 'train_loss': 0.0157, 'train_acc': 0.9969, 'task_loss': (0.0006, 0.0151)}
{'epoch': 19, 'train_loss': 0.0103, 'train_acc': 0.9969, 'task_loss': (0.0004, 0.01)}
{'epoch': 20, 'train_loss': 0.0105, 'train_acc': 0.9969, 'task_loss': (0.0004, 0.0101)}
{'epoch': 21, 'train_loss': 0.0073, 'train_acc': 0.9984, 'task_loss': (0.0004, 0.0069)}
{'epoch': 22, 'train_loss': 0.0064, 'train_acc': 1.0, 'task_loss': (0.0003, 0.0061)}
{'epoch': 23, 'train_loss': 0.0045, 'train_acc': 1.0, 'task_loss': (0.0002, 0.0043)}
{'epoch': 24, 'train_loss': 0.0055, 'train_acc': 1.0, 'task_loss': (0.0003, 0.0052)}
{'epoch': 25, 'train_loss': 0.0039, 'train_acc': 1.0, 'task_loss': (0.0002, 0.0038)}
{'epoch': 26, 'train_loss': 0.003, 'train_acc': 1.0, 'task_loss': (0.0002, 0.0028)}
{'epoch': 27, 'train_loss': 0.0025, 'train_acc': 1.0, 'task_loss': (1e-04, 0.0024)}
{'epoch': 28, 'train_loss': 0.0024, 'train_acc': 1.0, 'task_loss': (1e-04, 0.0023)}
{'epoch': 29, 'train_loss': 0.0018, 'train_acc': 1.0, 'task_loss': (0.0002, 0.0016)}
{'epoch': 30, 'train_loss': 0.0018, 'train_acc': 1.0, 'task_loss': (1e-04, 0.0017)}
{'epoch': 31, 'train_loss': 0.0019, 'train_acc': 1.0, 'task_loss': (1e-04, 0.0018)}
{'epoch': 32, 'train_loss': 0.002, 'train_acc': 1.0, 'task_loss': (1e-04, 0.0019)}
{'epoch': 33, 'train_loss': 0.0017, 'train_acc': 1.0, 'task_loss': (1e-04, 0.0016)}
{'epoch': 34, 'train_loss': 0.0017, 'train_acc': 1.0, 'task_loss': (1e-04, 0.0016)}
{'epoch': 35, 'train_loss': 0.0017, 'train_acc': 1.0, 'task_loss': (1e-04, 0.0016)}
{'epoch': 36, 'train_loss': 0.0013, 'train_acc': 1.0, 'task_loss': (1e-04, 0.0012)}
{'epoch': 37, 'train_loss': 0.0013, 'train_acc': 1.0, 'task_loss': (1e-04, 0.0012)}
{'epoch': 38, 'train_loss': 0.0014, 'train_acc': 1.0, 'task_loss': (1e-04, 0.0013)}
{'epoch': 39, 'train_loss': 0.0013, 'train_acc': 1.0, 'task_loss': (1e-04, 0.0013)}
{'epoch': 40, 'train_loss': 0.0011, 'train_acc': 1.0, 'task_loss': (1e-04, 0.001)}
{'epoch': 41, 'train_loss': 0.0011, 'train_acc': 1.0, 'task_loss': (1e-04, 0.0011)}
{'epoch': 42, 'train_loss': 0.0009, 'train_acc': 1.0, 'task_loss': (1e-04, 0.0008)}
{'epoch': 43, 'train_loss': 0.0009, 'train_acc': 1.0, 'task_loss': (1e-04, 0.0008)}
{'epoch': 44, 'train_loss': 0.0012, 'train_acc': 1.0, 'task_loss': (1e-04, 0.0011)}
{'epoch': 45, 'train_loss': 0.001, 'train_acc': 1.0, 'task_loss': (1e-04, 0.001)}
{'epoch': 46, 'train_loss': 0.0008, 'train_acc': 1.0, 'task_loss': (1e-04, 0.0007)}
{'epoch': 47, 'train_loss': 0.0008, 'train_acc': 1.0, 'task_loss': (1e-04, 0.0008)}
{'epoch': 48, 'train_loss': 0.0008, 'train_acc': 1.0, 'task_loss': (1e-04, 0.0006)}
{'epoch': 49, 'train_loss': 0.0008, 'train_acc': 1.0, 'task_loss': (1e-04, 0.0007)}
{'epoch': 50, 'train_loss': 0.0008, 'train_acc': 1.0, 'task_loss': (0.0, 0.0007)}
{'epoch': 51, 'train_loss': 0.0008, 'train_acc': 1.0, 'task_loss': (0.0, 0.0007)}
{'epoch': 52, 'train_loss': 0.0008, 'train_acc': 1.0, 'task_loss': (0.0, 0.0007)}
{'epoch': 53, 'train_loss': 0.0006, 'train_acc': 1.0, 'task_loss': (0.0, 0.0006)}
{'epoch': 54, 'train_loss': 0.0007, 'train_acc': 1.0, 'task_loss': (0.0, 0.0007)}
{'epoch': 55, 'train_loss': 0.0007, 'train_acc': 1.0, 'task_loss': (0.0, 0.0007)}
{'epoch': 56, 'train_loss': 0.0008, 'train_acc': 1.0, 'task_loss': (1e-04, 0.0007)}
{'epoch': 57, 'train_loss': 0.0007, 'train_acc': 1.0, 'task_loss': (1e-04, 0.0006)}
{'epoch': 58, 'train_loss': 0.0005, 'train_acc': 1.0, 'task_loss': (1e-04, 0.0005)}
{'epoch': 59, 'train_loss': 0.0007, 'train_acc': 1.0, 'task_loss': (0.0, 0.0006)}
{'epoch': 60, 'train_loss': 0.0008, 'train_acc': 1.0, 'task_loss': (1e-04, 0.0007)}
{'epoch': 61, 'train_loss': 0.0006, 'train_acc': 1.0, 'task_loss': (0.0, 0.0006)}
{'epoch': 62, 'train_loss': 0.0007, 'train_acc': 1.0, 'task_loss': (1e-04, 0.0006)}
{'epoch': 63, 'train_loss': 0.0006, 'train_acc': 1.0, 'task_loss': (0.0, 0.0006)}
{'epoch': 64, 'train_loss': 0.0006, 'train_acc': 1.0, 'task_loss': (0.0, 0.0005)}
{'epoch': 65, 'train_loss': 0.0005, 'train_acc': 1.0, 'task_loss': (0.0, 0.0004)}
{'epoch': 66, 'train_loss': 0.0006, 'train_acc': 1.0, 'task_loss': (0.0, 0.0006)}
{'epoch': 67, 'train_loss': 0.0006, 'train_acc': 1.0, 'task_loss': (0.0, 0.0006)}
{'epoch': 68, 'train_loss': 0.0004, 'train_acc': 1.0, 'task_loss': (0.0, 0.0004)}
{'epoch': 69, 'train_loss': 0.0006, 'train_acc': 1.0, 'task_loss': (1e-04, 0.0005)}
{'epoch': 70, 'train_loss': 0.0005, 'train_acc': 1.0, 'task_loss': (0.0, 0.0004)}
{'epoch': 71, 'train_loss': 0.0008, 'train_acc': 1.0, 'task_loss': (0.0, 0.0007)}
{'epoch': 72, 'train_loss': 0.0004, 'train_acc': 1.0, 'task_loss': (0.0, 0.0004)}
{'epoch': 73, 'train_loss': 0.0005, 'train_acc': 1.0, 'task_loss': (0.0, 0.0004)}
{'epoch': 74, 'train_loss': 0.0005, 'train_acc': 1.0, 'task_loss': (0.0, 0.0005)}
{'epoch': 75, 'train_loss': 0.0005, 'train_acc': 1.0, 'task_loss': (0.0, 0.0005)}
{'epoch': 76, 'train_loss': 0.0005, 'train_acc': 1.0, 'task_loss': (1e-04, 0.0005)}
{'epoch': 77, 'train_loss': 0.0005, 'train_acc': 1.0, 'task_loss': (0.0, 0.0005)}
{'epoch': 78, 'train_loss': 0.0004, 'train_acc': 1.0, 'task_loss': (0.0, 0.0004)}
{'epoch': 79, 'train_loss': 0.0005, 'train_acc': 1.0, 'task_loss': (1e-04, 0.0005)}
{'epoch': 80, 'train_loss': 0.0005, 'train_acc': 1.0, 'task_loss': (1e-04, 0.0005)}
{'epoch': 81, 'train_loss': 0.0005, 'train_acc': 1.0, 'task_loss': (1e-04, 0.0004)}
{'epoch': 82, 'train_loss': 0.0005, 'train_acc': 1.0, 'task_loss': (0.0, 0.0004)}
{'epoch': 83, 'train_loss': 0.0005, 'train_acc': 1.0, 'task_loss': (0.0, 0.0004)}
{'epoch': 84, 'train_loss': 0.0005, 'train_acc': 1.0, 'task_loss': (0.0, 0.0005)}
{'epoch': 85, 'train_loss': 0.0005, 'train_acc': 1.0, 'task_loss': (1e-04, 0.0004)}
{'epoch': 86, 'train_loss': 0.0005, 'train_acc': 1.0, 'task_loss': (0.0, 0.0004)}
{'epoch': 87, 'train_loss': 0.0005, 'train_acc': 1.0, 'task_loss': (0.0, 0.0004)}
{'epoch': 88, 'train_loss': 0.0004, 'train_acc': 1.0, 'task_loss': (0.0, 0.0004)}
{'epoch': 89, 'train_loss': 0.0005, 'train_acc': 1.0, 'task_loss': (0.0, 0.0005)}
{'epoch': 90, 'train_loss': 0.0005, 'train_acc': 1.0, 'task_loss': (1e-04, 0.0004)}
{'epoch': 91, 'train_loss': 0.0005, 'train_acc': 1.0, 'task_loss': (0.0, 0.0005)}
{'epoch': 92, 'train_loss': 0.0005, 'train_acc': 1.0, 'task_loss': (1e-04, 0.0005)}
{'epoch': 93, 'train_loss': 0.0018, 'train_acc': 1.0, 'task_loss': (1e-04, 0.0017)}
{'epoch': 94, 'train_loss': 0.0005, 'train_acc': 1.0, 'task_loss': (0.0, 0.0005)}
{'epoch': 95, 'train_loss': 0.0004, 'train_acc': 1.0, 'task_loss': (0.0, 0.0004)}
{'epoch': 96, 'train_loss': 0.0005, 'train_acc': 1.0, 'task_loss': (0.0, 0.0005)}
{'epoch': 97, 'train_loss': 0.0005, 'train_acc': 1.0, 'task_loss': (0.0, 0.0004)}
{'epoch': 98, 'train_loss': 0.0006, 'train_acc': 1.0, 'task_loss': (1e-04, 0.0005)}
{'epoch': 99, 'train_loss': 0.0005, 'train_acc': 1.0, 'task_loss': (0.0, 0.0004)}
{'epoch': 100, 'train_loss': 0.0005, 'train_acc': 1.0, 'task_loss': (0.0, 0.0004)}
{'run_num': 2, 'final_test_err': 0.14657980456026054}
Files already downloaded and verified
Files already downloaded and verified
{'epoch': 1, 'train_loss': 0.7899, 'train_acc': 0.614, 'task_loss': (0.4286, 0.3613)}
{'epoch': 2, 'train_loss': 0.7927, 'train_acc': 0.6992, 'task_loss': (0.4499, 0.3428)}
{'epoch': 3, 'train_loss': 0.4295, 'train_acc': 0.7674, 'task_loss': (0.1499, 0.2797)}
{'epoch': 4, 'train_loss': 0.384, 'train_acc': 0.7891, 'task_loss': (0.1185, 0.2655)}
{'epoch': 5, 'train_loss': 0.277, 'train_acc': 0.8434, 'task_loss': (0.0702, 0.2068)}
{'epoch': 6, 'train_loss': 0.2185, 'train_acc': 0.8899, 'task_loss': (0.0567, 0.1617)}
{'epoch': 7, 'train_loss': 0.185, 'train_acc': 0.893, 'task_loss': (0.0476, 0.1374)}
{'epoch': 8, 'train_loss': 0.1468, 'train_acc': 0.9349, 'task_loss': (0.0384, 0.1085)}
{'epoch': 9, 'train_loss': 0.1145, 'train_acc': 0.955, 'task_loss': (0.0309, 0.0836)}
{'epoch': 10, 'train_loss': 0.0794, 'train_acc': 0.9643, 'task_loss': (0.016, 0.0634)}
{'epoch': 11, 'train_loss': 0.0672, 'train_acc': 0.9674, 'task_loss': (0.0162, 0.0511)}
{'epoch': 12, 'train_loss': 0.049, 'train_acc': 0.9814, 'task_loss': (0.0051, 0.044)}
{'epoch': 13, 'train_loss': 0.0534, 'train_acc': 0.9767, 'task_loss': (0.0115, 0.0419)}
{'epoch': 14, 'train_loss': 0.0522, 'train_acc': 0.9814, 'task_loss': (0.0134, 0.0388)}
{'epoch': 15, 'train_loss': 0.0417, 'train_acc': 0.9814, 'task_loss': (0.0093, 0.0325)}
{'epoch': 16, 'train_loss': 0.0312, 'train_acc': 0.9922, 'task_loss': (0.0053, 0.026)}
{'epoch': 17, 'train_loss': 0.0315, 'train_acc': 0.9829, 'task_loss': (0.0019, 0.0296)}
{'epoch': 18, 'train_loss': 0.0164, 'train_acc': 0.9953, 'task_loss': (0.0016, 0.0147)}
{'epoch': 19, 'train_loss': 0.0111, 'train_acc': 0.9969, 'task_loss': (0.0005, 0.0106)}
{'epoch': 20, 'train_loss': 0.0074, 'train_acc': 1.0, 'task_loss': (0.0003, 0.0071)}
{'epoch': 21, 'train_loss': 0.0084, 'train_acc': 0.9984, 'task_loss': (0.0005, 0.0079)}
{'epoch': 22, 'train_loss': 0.0055, 'train_acc': 0.9984, 'task_loss': (0.0002, 0.0053)}
{'epoch': 23, 'train_loss': 0.005, 'train_acc': 0.9984, 'task_loss': (0.0005, 0.0045)}
{'epoch': 24, 'train_loss': 0.005, 'train_acc': 1.0, 'task_loss': (0.0002, 0.0048)}
{'epoch': 25, 'train_loss': 0.0046, 'train_acc': 1.0, 'task_loss': (0.0006, 0.004)}
{'epoch': 26, 'train_loss': 0.0037, 'train_acc': 1.0, 'task_loss': (0.0003, 0.0034)}
{'epoch': 27, 'train_loss': 0.0024, 'train_acc': 1.0, 'task_loss': (1e-04, 0.0023)}
{'epoch': 28, 'train_loss': 0.0026, 'train_acc': 1.0, 'task_loss': (0.0002, 0.0024)}
{'epoch': 29, 'train_loss': 0.0018, 'train_acc': 1.0, 'task_loss': (1e-04, 0.0016)}
{'epoch': 30, 'train_loss': 0.0018, 'train_acc': 1.0, 'task_loss': (1e-04, 0.0017)}
{'epoch': 31, 'train_loss': 0.0028, 'train_acc': 1.0, 'task_loss': (1e-04, 0.0027)}
{'epoch': 32, 'train_loss': 0.002, 'train_acc': 1.0, 'task_loss': (0.0002, 0.0018)}
{'epoch': 33, 'train_loss': 0.0017, 'train_acc': 1.0, 'task_loss': (0.0004, 0.0013)}
{'epoch': 34, 'train_loss': 0.0017, 'train_acc': 1.0, 'task_loss': (1e-04, 0.0016)}
{'epoch': 35, 'train_loss': 0.0015, 'train_acc': 1.0, 'task_loss': (1e-04, 0.0014)}
{'epoch': 36, 'train_loss': 0.0013, 'train_acc': 1.0, 'task_loss': (1e-04, 0.0012)}
{'epoch': 37, 'train_loss': 0.0012, 'train_acc': 1.0, 'task_loss': (1e-04, 0.0012)}
{'epoch': 38, 'train_loss': 0.001, 'train_acc': 1.0, 'task_loss': (1e-04, 0.0009)}
{'epoch': 39, 'train_loss': 0.0011, 'train_acc': 1.0, 'task_loss': (1e-04, 0.001)}
{'epoch': 40, 'train_loss': 0.0012, 'train_acc': 1.0, 'task_loss': (1e-04, 0.0011)}
{'epoch': 41, 'train_loss': 0.0012, 'train_acc': 1.0, 'task_loss': (1e-04, 0.0011)}
{'epoch': 42, 'train_loss': 0.0011, 'train_acc': 1.0, 'task_loss': (1e-04, 0.001)}
{'epoch': 43, 'train_loss': 0.0012, 'train_acc': 1.0, 'task_loss': (0.0002, 0.0011)}
{'epoch': 44, 'train_loss': 0.0011, 'train_acc': 1.0, 'task_loss': (1e-04, 0.001)}
{'epoch': 45, 'train_loss': 0.0013, 'train_acc': 1.0, 'task_loss': (1e-04, 0.0012)}
{'epoch': 46, 'train_loss': 0.0009, 'train_acc': 1.0, 'task_loss': (0.0002, 0.0007)}
{'epoch': 47, 'train_loss': 0.0008, 'train_acc': 1.0, 'task_loss': (1e-04, 0.0007)}
{'epoch': 48, 'train_loss': 0.0009, 'train_acc': 1.0, 'task_loss': (1e-04, 0.0008)}
{'epoch': 49, 'train_loss': 0.0008, 'train_acc': 1.0, 'task_loss': (0.0, 0.0008)}
{'epoch': 50, 'train_loss': 0.0007, 'train_acc': 1.0, 'task_loss': (1e-04, 0.0007)}
{'epoch': 51, 'train_loss': 0.0009, 'train_acc': 1.0, 'task_loss': (1e-04, 0.0008)}
{'epoch': 52, 'train_loss': 0.0006, 'train_acc': 1.0, 'task_loss': (0.0, 0.0006)}
{'epoch': 53, 'train_loss': 0.0006, 'train_acc': 1.0, 'task_loss': (1e-04, 0.0006)}
{'epoch': 54, 'train_loss': 0.0007, 'train_acc': 1.0, 'task_loss': (1e-04, 0.0006)}
{'epoch': 55, 'train_loss': 0.0007, 'train_acc': 1.0, 'task_loss': (1e-04, 0.0006)}
{'epoch': 56, 'train_loss': 0.0006, 'train_acc': 1.0, 'task_loss': (0.0, 0.0005)}
{'epoch': 57, 'train_loss': 0.0007, 'train_acc': 1.0, 'task_loss': (1e-04, 0.0007)}
{'epoch': 58, 'train_loss': 0.0006, 'train_acc': 1.0, 'task_loss': (1e-04, 0.0006)}
{'epoch': 59, 'train_loss': 0.0007, 'train_acc': 1.0, 'task_loss': (1e-04, 0.0006)}
{'epoch': 60, 'train_loss': 0.0005, 'train_acc': 1.0, 'task_loss': (1e-04, 0.0005)}
{'epoch': 61, 'train_loss': 0.0005, 'train_acc': 1.0, 'task_loss': (1e-04, 0.0004)}
{'epoch': 62, 'train_loss': 0.0008, 'train_acc': 1.0, 'task_loss': (1e-04, 0.0007)}
{'epoch': 63, 'train_loss': 0.0007, 'train_acc': 1.0, 'task_loss': (1e-04, 0.0006)}
{'epoch': 64, 'train_loss': 0.0009, 'train_acc': 1.0, 'task_loss': (1e-04, 0.0008)}
{'epoch': 65, 'train_loss': 0.0008, 'train_acc': 1.0, 'task_loss': (1e-04, 0.0008)}
{'epoch': 66, 'train_loss': 0.0006, 'train_acc': 1.0, 'task_loss': (1e-04, 0.0006)}
{'epoch': 67, 'train_loss': 0.0005, 'train_acc': 1.0, 'task_loss': (1e-04, 0.0005)}
{'epoch': 68, 'train_loss': 0.0007, 'train_acc': 1.0, 'task_loss': (1e-04, 0.0007)}
{'epoch': 69, 'train_loss': 0.0007, 'train_acc': 1.0, 'task_loss': (1e-04, 0.0006)}
{'epoch': 70, 'train_loss': 0.0007, 'train_acc': 1.0, 'task_loss': (1e-04, 0.0006)}
{'epoch': 71, 'train_loss': 0.0006, 'train_acc': 1.0, 'task_loss': (0.0, 0.0005)}
{'epoch': 72, 'train_loss': 0.0005, 'train_acc': 1.0, 'task_loss': (0.0, 0.0005)}
{'epoch': 73, 'train_loss': 0.0006, 'train_acc': 1.0, 'task_loss': (1e-04, 0.0005)}
{'epoch': 74, 'train_loss': 0.0007, 'train_acc': 1.0, 'task_loss': (1e-04, 0.0006)}
{'epoch': 75, 'train_loss': 0.0006, 'train_acc': 1.0, 'task_loss': (1e-04, 0.0005)}
{'epoch': 76, 'train_loss': 0.0005, 'train_acc': 1.0, 'task_loss': (0.0, 0.0005)}
{'epoch': 77, 'train_loss': 0.0006, 'train_acc': 1.0, 'task_loss': (0.0002, 0.0005)}
{'epoch': 78, 'train_loss': 0.0006, 'train_acc': 1.0, 'task_loss': (1e-04, 0.0006)}
{'epoch': 79, 'train_loss': 0.0006, 'train_acc': 1.0, 'task_loss': (1e-04, 0.0005)}
{'epoch': 80, 'train_loss': 0.0007, 'train_acc': 1.0, 'task_loss': (0.0, 0.0006)}
{'epoch': 81, 'train_loss': 0.0005, 'train_acc': 1.0, 'task_loss': (0.0, 0.0005)}
{'epoch': 82, 'train_loss': 0.0005, 'train_acc': 1.0, 'task_loss': (0.0, 0.0005)}
{'epoch': 83, 'train_loss': 0.0005, 'train_acc': 1.0, 'task_loss': (0.0, 0.0005)}
{'epoch': 84, 'train_loss': 0.0006, 'train_acc': 1.0, 'task_loss': (0.0, 0.0006)}
{'epoch': 85, 'train_loss': 0.0006, 'train_acc': 1.0, 'task_loss': (1e-04, 0.0005)}
{'epoch': 86, 'train_loss': 0.0006, 'train_acc': 1.0, 'task_loss': (0.0, 0.0005)}
{'epoch': 87, 'train_loss': 0.0005, 'train_acc': 1.0, 'task_loss': (0.0, 0.0004)}
{'epoch': 88, 'train_loss': 0.0006, 'train_acc': 1.0, 'task_loss': (1e-04, 0.0005)}
{'epoch': 89, 'train_loss': 0.0005, 'train_acc': 1.0, 'task_loss': (0.0, 0.0005)}
{'epoch': 90, 'train_loss': 0.0005, 'train_acc': 1.0, 'task_loss': (1e-04, 0.0004)}
{'epoch': 91, 'train_loss': 0.0007, 'train_acc': 1.0, 'task_loss': (0.0, 0.0006)}
{'epoch': 92, 'train_loss': 0.0007, 'train_acc': 1.0, 'task_loss': (1e-04, 0.0006)}
{'epoch': 93, 'train_loss': 0.0004, 'train_acc': 1.0, 'task_loss': (0.0, 0.0003)}
{'epoch': 94, 'train_loss': 0.0005, 'train_acc': 1.0, 'task_loss': (1e-04, 0.0004)}
{'epoch': 95, 'train_loss': 0.0005, 'train_acc': 1.0, 'task_loss': (0.0, 0.0004)}
{'epoch': 96, 'train_loss': 0.0007, 'train_acc': 1.0, 'task_loss': (1e-04, 0.0006)}
{'epoch': 97, 'train_loss': 0.0007, 'train_acc': 1.0, 'task_loss': (1e-04, 0.0006)}
{'epoch': 98, 'train_loss': 0.0005, 'train_acc': 1.0, 'task_loss': (1e-04, 0.0004)}
{'epoch': 99, 'train_loss': 0.0005, 'train_acc': 1.0, 'task_loss': (1e-04, 0.0004)}
{'epoch': 100, 'train_loss': 0.0006, 'train_acc': 1.0, 'task_loss': (1e-04, 0.0005)}
{'run_num': 3, 'final_test_err': 0.1596091205211726}
Files already downloaded and verified
Files already downloaded and verified
{'epoch': 1, 'train_loss': 0.6332, 'train_acc': 0.6543, 'task_loss': (0.2488, 0.3844)}
{'epoch': 2, 'train_loss': 0.5253, 'train_acc': 0.7271, 'task_loss': (0.1854, 0.3399)}
{'epoch': 3, 'train_loss': 0.4436, 'train_acc': 0.769, 'task_loss': (0.121, 0.3227)}
{'epoch': 4, 'train_loss': 0.4214, 'train_acc': 0.8047, 'task_loss': (0.1417, 0.2797)}
{'epoch': 5, 'train_loss': 0.3968, 'train_acc': 0.8047, 'task_loss': (0.1522, 0.2446)}
{'epoch': 6, 'train_loss': 0.4459, 'train_acc': 0.7659, 'task_loss': (0.0976, 0.3483)}
{'epoch': 7, 'train_loss': 0.2548, 'train_acc': 0.8434, 'task_loss': (0.0527, 0.2021)}
{'epoch': 8, 'train_loss': 0.1985, 'train_acc': 0.8884, 'task_loss': (0.025, 0.1735)}
{'epoch': 9, 'train_loss': 0.1609, 'train_acc': 0.907, 'task_loss': (0.0289, 0.132)}
{'epoch': 10, 'train_loss': 0.1033, 'train_acc': 0.9504, 'task_loss': (0.0059, 0.0974)}
{'epoch': 11, 'train_loss': 0.0731, 'train_acc': 0.9628, 'task_loss': (0.0059, 0.0672)}
{'epoch': 12, 'train_loss': 0.0638, 'train_acc': 0.9721, 'task_loss': (0.0061, 0.0577)}
{'epoch': 13, 'train_loss': 0.0479, 'train_acc': 0.9814, 'task_loss': (0.0038, 0.044)}
{'epoch': 14, 'train_loss': 0.0392, 'train_acc': 0.986, 'task_loss': (0.0096, 0.0296)}
{'epoch': 15, 'train_loss': 0.0425, 'train_acc': 0.9891, 'task_loss': (0.0065, 0.036)}
{'epoch': 16, 'train_loss': 0.0851, 'train_acc': 0.9581, 'task_loss': (0.0258, 0.0594)}
{'epoch': 17, 'train_loss': 0.0963, 'train_acc': 0.9612, 'task_loss': (0.028, 0.0683)}
{'epoch': 18, 'train_loss': 0.054, 'train_acc': 0.9783, 'task_loss': (0.0038, 0.0502)}
{'epoch': 19, 'train_loss': 0.0459, 'train_acc': 0.9783, 'task_loss': (0.0071, 0.0387)}
{'epoch': 20, 'train_loss': 0.0228, 'train_acc': 0.9953, 'task_loss': (0.0027, 0.0201)}
{'epoch': 21, 'train_loss': 0.0183, 'train_acc': 0.9953, 'task_loss': (0.0022, 0.0161)}
{'epoch': 22, 'train_loss': 0.0117, 'train_acc': 0.9984, 'task_loss': (0.0004, 0.0113)}
{'epoch': 23, 'train_loss': 0.0108, 'train_acc': 0.9969, 'task_loss': (0.0006, 0.0102)}
{'epoch': 24, 'train_loss': 0.0158, 'train_acc': 0.9953, 'task_loss': (0.0005, 0.0154)}
{'epoch': 25, 'train_loss': 0.009, 'train_acc': 1.0, 'task_loss': (0.0003, 0.0087)}
{'epoch': 26, 'train_loss': 0.0073, 'train_acc': 0.9984, 'task_loss': (0.0003, 0.007)}
{'epoch': 27, 'train_loss': 0.0055, 'train_acc': 1.0, 'task_loss': (0.0003, 0.0052)}
{'epoch': 28, 'train_loss': 0.0051, 'train_acc': 1.0, 'task_loss': (0.0003, 0.0048)}
{'epoch': 29, 'train_loss': 0.0053, 'train_acc': 1.0, 'task_loss': (0.0003, 0.005)}
{'epoch': 30, 'train_loss': 0.0041, 'train_acc': 1.0, 'task_loss': (0.0003, 0.0037)}
{'epoch': 31, 'train_loss': 0.003, 'train_acc': 1.0, 'task_loss': (0.0002, 0.0028)}
{'epoch': 32, 'train_loss': 0.0027, 'train_acc': 1.0, 'task_loss': (1e-04, 0.0026)}
{'epoch': 33, 'train_loss': 0.0026, 'train_acc': 1.0, 'task_loss': (1e-04, 0.0025)}
{'epoch': 34, 'train_loss': 0.0028, 'train_acc': 1.0, 'task_loss': (0.0002, 0.0027)}
{'epoch': 35, 'train_loss': 0.0027, 'train_acc': 1.0, 'task_loss': (0.0002, 0.0026)}
{'epoch': 36, 'train_loss': 0.0019, 'train_acc': 1.0, 'task_loss': (1e-04, 0.0018)}
{'epoch': 37, 'train_loss': 0.0021, 'train_acc': 1.0, 'task_loss': (1e-04, 0.0019)}
{'epoch': 38, 'train_loss': 0.0014, 'train_acc': 1.0, 'task_loss': (1e-04, 0.0013)}
{'epoch': 39, 'train_loss': 0.002, 'train_acc': 1.0, 'task_loss': (0.0002, 0.0019)}
{'epoch': 40, 'train_loss': 0.003, 'train_acc': 1.0, 'task_loss': (1e-04, 0.0029)}
{'epoch': 41, 'train_loss': 0.0019, 'train_acc': 1.0, 'task_loss': (0.0004, 0.0016)}
{'epoch': 42, 'train_loss': 0.0027, 'train_acc': 1.0, 'task_loss': (1e-04, 0.0026)}
{'epoch': 43, 'train_loss': 0.0017, 'train_acc': 1.0, 'task_loss': (1e-04, 0.0017)}
{'epoch': 44, 'train_loss': 0.0017, 'train_acc': 1.0, 'task_loss': (1e-04, 0.0016)}
{'epoch': 45, 'train_loss': 0.0017, 'train_acc': 1.0, 'task_loss': (0.0002, 0.0015)}
{'epoch': 46, 'train_loss': 0.0014, 'train_acc': 1.0, 'task_loss': (1e-04, 0.0013)}
{'epoch': 47, 'train_loss': 0.0013, 'train_acc': 1.0, 'task_loss': (1e-04, 0.0012)}
{'epoch': 48, 'train_loss': 0.0014, 'train_acc': 1.0, 'task_loss': (1e-04, 0.0013)}
{'epoch': 49, 'train_loss': 0.0015, 'train_acc': 1.0, 'task_loss': (0.0002, 0.0013)}
{'epoch': 50, 'train_loss': 0.0013, 'train_acc': 1.0, 'task_loss': (1e-04, 0.0013)}
{'epoch': 51, 'train_loss': 0.0011, 'train_acc': 1.0, 'task_loss': (1e-04, 0.0011)}
{'epoch': 52, 'train_loss': 0.0011, 'train_acc': 1.0, 'task_loss': (0.0, 0.0011)}
{'epoch': 53, 'train_loss': 0.0013, 'train_acc': 1.0, 'task_loss': (0.0002, 0.0012)}
{'epoch': 54, 'train_loss': 0.0012, 'train_acc': 1.0, 'task_loss': (1e-04, 0.0011)}
{'epoch': 55, 'train_loss': 0.0009, 'train_acc': 1.0, 'task_loss': (1e-04, 0.0009)}
{'epoch': 56, 'train_loss': 0.0009, 'train_acc': 1.0, 'task_loss': (0.0, 0.0009)}
{'epoch': 57, 'train_loss': 0.001, 'train_acc': 1.0, 'task_loss': (0.0, 0.001)}
{'epoch': 58, 'train_loss': 0.0011, 'train_acc': 1.0, 'task_loss': (0.0, 0.0011)}
{'epoch': 59, 'train_loss': 0.0011, 'train_acc': 1.0, 'task_loss': (1e-04, 0.001)}
{'epoch': 60, 'train_loss': 0.0011, 'train_acc': 1.0, 'task_loss': (1e-04, 0.001)}
{'epoch': 61, 'train_loss': 0.001, 'train_acc': 1.0, 'task_loss': (1e-04, 0.001)}
{'epoch': 62, 'train_loss': 0.0011, 'train_acc': 1.0, 'task_loss': (1e-04, 0.001)}
{'epoch': 63, 'train_loss': 0.0009, 'train_acc': 1.0, 'task_loss': (1e-04, 0.0008)}
{'epoch': 64, 'train_loss': 0.0009, 'train_acc': 1.0, 'task_loss': (0.0, 0.0009)}
{'epoch': 65, 'train_loss': 0.0009, 'train_acc': 1.0, 'task_loss': (0.0, 0.0008)}
{'epoch': 66, 'train_loss': 0.0011, 'train_acc': 1.0, 'task_loss': (0.0, 0.001)}
{'epoch': 67, 'train_loss': 0.0011, 'train_acc': 1.0, 'task_loss': (1e-04, 0.0009)}
{'epoch': 68, 'train_loss': 0.0009, 'train_acc': 1.0, 'task_loss': (1e-04, 0.0008)}
{'epoch': 69, 'train_loss': 0.001, 'train_acc': 1.0, 'task_loss': (1e-04, 0.0009)}
{'epoch': 70, 'train_loss': 0.0008, 'train_acc': 1.0, 'task_loss': (0.0, 0.0007)}
{'epoch': 71, 'train_loss': 0.001, 'train_acc': 1.0, 'task_loss': (1e-04, 0.0009)}
{'epoch': 72, 'train_loss': 0.0008, 'train_acc': 1.0, 'task_loss': (0.0, 0.0008)}
{'epoch': 73, 'train_loss': 0.0007, 'train_acc': 1.0, 'task_loss': (0.0, 0.0007)}
{'epoch': 74, 'train_loss': 0.0008, 'train_acc': 1.0, 'task_loss': (1e-04, 0.0008)}
{'epoch': 75, 'train_loss': 0.0008, 'train_acc': 1.0, 'task_loss': (1e-04, 0.0007)}
{'epoch': 76, 'train_loss': 0.001, 'train_acc': 1.0, 'task_loss': (1e-04, 0.0009)}
{'epoch': 77, 'train_loss': 0.0007, 'train_acc': 1.0, 'task_loss': (0.0, 0.0007)}
{'epoch': 78, 'train_loss': 0.0009, 'train_acc': 1.0, 'task_loss': (1e-04, 0.0008)}
{'epoch': 79, 'train_loss': 0.0009, 'train_acc': 1.0, 'task_loss': (1e-04, 0.0008)}
{'epoch': 80, 'train_loss': 0.0006, 'train_acc': 1.0, 'task_loss': (0.0, 0.0006)}
{'epoch': 81, 'train_loss': 0.0014, 'train_acc': 1.0, 'task_loss': (0.0002, 0.0012)}
{'epoch': 82, 'train_loss': 0.0007, 'train_acc': 1.0, 'task_loss': (1e-04, 0.0006)}
{'epoch': 83, 'train_loss': 0.0008, 'train_acc': 1.0, 'task_loss': (1e-04, 0.0007)}
{'epoch': 84, 'train_loss': 0.0007, 'train_acc': 1.0, 'task_loss': (0.0, 0.0007)}
{'epoch': 85, 'train_loss': 0.0007, 'train_acc': 1.0, 'task_loss': (0.0, 0.0006)}
{'epoch': 86, 'train_loss': 0.0007, 'train_acc': 1.0, 'task_loss': (1e-04, 0.0006)}
{'epoch': 87, 'train_loss': 0.0009, 'train_acc': 1.0, 'task_loss': (1e-04, 0.0008)}
{'epoch': 88, 'train_loss': 0.0009, 'train_acc': 1.0, 'task_loss': (0.0, 0.0008)}
{'epoch': 89, 'train_loss': 0.0008, 'train_acc': 1.0, 'task_loss': (0.0, 0.0007)}
{'epoch': 90, 'train_loss': 0.0009, 'train_acc': 1.0, 'task_loss': (0.0002, 0.0007)}
{'epoch': 91, 'train_loss': 0.0008, 'train_acc': 1.0, 'task_loss': (0.0, 0.0008)}
{'epoch': 92, 'train_loss': 0.0008, 'train_acc': 1.0, 'task_loss': (1e-04, 0.0007)}
{'epoch': 93, 'train_loss': 0.0006, 'train_acc': 1.0, 'task_loss': (0.0, 0.0006)}
{'epoch': 94, 'train_loss': 0.0008, 'train_acc': 1.0, 'task_loss': (1e-04, 0.0007)}
{'epoch': 95, 'train_loss': 0.0008, 'train_acc': 1.0, 'task_loss': (0.0, 0.0008)}
{'epoch': 96, 'train_loss': 0.0008, 'train_acc': 1.0, 'task_loss': (1e-04, 0.0007)}
{'epoch': 97, 'train_loss': 0.0008, 'train_acc': 1.0, 'task_loss': (0.0, 0.0008)}
{'epoch': 98, 'train_loss': 0.0007, 'train_acc': 1.0, 'task_loss': (1e-04, 0.0006)}
{'epoch': 99, 'train_loss': 0.0007, 'train_acc': 1.0, 'task_loss': (1e-04, 0.0007)}
{'epoch': 100, 'train_loss': 0.0007, 'train_acc': 1.0, 'task_loss': (0.0, 0.0006)}
{'run_num': 4, 'final_test_err': 0.11726384364820852}
Files already downloaded and verified
Files already downloaded and verified
{'epoch': 1, 'train_loss': 0.7637, 'train_acc': 0.6047, 'task_loss': (0.3838, 0.3799)}
{'epoch': 2, 'train_loss': 0.5287, 'train_acc': 0.7209, 'task_loss': (0.1977, 0.331)}
{'epoch': 3, 'train_loss': 0.4414, 'train_acc': 0.7256, 'task_loss': (0.1347, 0.3067)}
{'epoch': 4, 'train_loss': 0.3945, 'train_acc': 0.7876, 'task_loss': (0.1075, 0.287)}
{'epoch': 5, 'train_loss': 0.3322, 'train_acc': 0.8248, 'task_loss': (0.0754, 0.2569)}
{'epoch': 6, 'train_loss': 0.6135, 'train_acc': 0.7752, 'task_loss': (0.346, 0.2676)}
{'epoch': 7, 'train_loss': 0.4364, 'train_acc': 0.7876, 'task_loss': (0.1612, 0.2753)}
{'epoch': 8, 'train_loss': 0.3812, 'train_acc': 0.7907, 'task_loss': (0.1239, 0.2573)}
{'epoch': 9, 'train_loss': 0.2078, 'train_acc': 0.8775, 'task_loss': (0.0368, 0.171)}
{'epoch': 10, 'train_loss': 0.1612, 'train_acc': 0.9039, 'task_loss': (0.0249, 0.1363)}
{'epoch': 11, 'train_loss': 0.1356, 'train_acc': 0.9178, 'task_loss': (0.01, 0.1256)}
{'epoch': 12, 'train_loss': 0.0879, 'train_acc': 0.9504, 'task_loss': (0.0081, 0.0799)}
{'epoch': 13, 'train_loss': 0.0831, 'train_acc': 0.9581, 'task_loss': (0.0058, 0.0773)}
{'epoch': 14, 'train_loss': 0.0655, 'train_acc': 0.9674, 'task_loss': (0.0056, 0.0598)}
{'epoch': 15, 'train_loss': 0.0595, 'train_acc': 0.9659, 'task_loss': (0.0039, 0.0556)}
{'epoch': 16, 'train_loss': 0.0418, 'train_acc': 0.9829, 'task_loss': (0.0027, 0.0391)}
{'epoch': 17, 'train_loss': 0.0367, 'train_acc': 0.9814, 'task_loss': (0.0016, 0.0351)}
{'epoch': 18, 'train_loss': 0.022, 'train_acc': 0.9938, 'task_loss': (0.0009, 0.0211)}
{'epoch': 19, 'train_loss': 0.0223, 'train_acc': 0.9938, 'task_loss': (0.0008, 0.0215)}
{'epoch': 20, 'train_loss': 0.0144, 'train_acc': 0.9984, 'task_loss': (0.0011, 0.0133)}
{'epoch': 21, 'train_loss': 0.018, 'train_acc': 0.9938, 'task_loss': (0.0006, 0.0173)}
{'epoch': 22, 'train_loss': 0.0152, 'train_acc': 0.9969, 'task_loss': (0.0014, 0.0138)}
{'epoch': 23, 'train_loss': 0.0138, 'train_acc': 0.9953, 'task_loss': (0.0015, 0.0123)}
{'epoch': 24, 'train_loss': 0.0102, 'train_acc': 0.9938, 'task_loss': (0.0008, 0.0094)}
{'epoch': 25, 'train_loss': 0.0079, 'train_acc': 0.9984, 'task_loss': (0.0003, 0.0076)}
{'epoch': 26, 'train_loss': 0.0068, 'train_acc': 0.9984, 'task_loss': (0.0004, 0.0064)}
{'epoch': 27, 'train_loss': 0.0083, 'train_acc': 1.0, 'task_loss': (0.0005, 0.0078)}
{'epoch': 28, 'train_loss': 0.0054, 'train_acc': 1.0, 'task_loss': (0.0002, 0.0051)}
{'epoch': 29, 'train_loss': 0.0049, 'train_acc': 1.0, 'task_loss': (0.0002, 0.0048)}
{'epoch': 30, 'train_loss': 0.0035, 'train_acc': 1.0, 'task_loss': (0.0002, 0.0034)}
{'epoch': 31, 'train_loss': 0.0028, 'train_acc': 1.0, 'task_loss': (0.0002, 0.0027)}
{'epoch': 32, 'train_loss': 0.0028, 'train_acc': 1.0, 'task_loss': (0.0002, 0.0026)}
{'epoch': 33, 'train_loss': 0.0036, 'train_acc': 1.0, 'task_loss': (1e-04, 0.0034)}
{'epoch': 34, 'train_loss': 0.0023, 'train_acc': 1.0, 'task_loss': (1e-04, 0.0021)}
{'epoch': 35, 'train_loss': 0.0021, 'train_acc': 1.0, 'task_loss': (0.0002, 0.002)}
{'epoch': 36, 'train_loss': 0.0022, 'train_acc': 1.0, 'task_loss': (0.0002, 0.0021)}
{'epoch': 37, 'train_loss': 0.0019, 'train_acc': 1.0, 'task_loss': (0.0002, 0.0018)}
{'epoch': 38, 'train_loss': 0.0017, 'train_acc': 1.0, 'task_loss': (1e-04, 0.0015)}
{'epoch': 39, 'train_loss': 0.0016, 'train_acc': 1.0, 'task_loss': (1e-04, 0.0015)}
{'epoch': 40, 'train_loss': 0.0019, 'train_acc': 1.0, 'task_loss': (1e-04, 0.0018)}
{'epoch': 41, 'train_loss': 0.002, 'train_acc': 1.0, 'task_loss': (1e-04, 0.0018)}
{'epoch': 42, 'train_loss': 0.0016, 'train_acc': 1.0, 'task_loss': (1e-04, 0.0015)}
{'epoch': 43, 'train_loss': 0.0021, 'train_acc': 1.0, 'task_loss': (1e-04, 0.002)}
{'epoch': 44, 'train_loss': 0.0016, 'train_acc': 1.0, 'task_loss': (1e-04, 0.0014)}
{'epoch': 45, 'train_loss': 0.0012, 'train_acc': 1.0, 'task_loss': (1e-04, 0.0011)}
{'epoch': 46, 'train_loss': 0.0023, 'train_acc': 1.0, 'task_loss': (1e-04, 0.0021)}
{'epoch': 47, 'train_loss': 0.0016, 'train_acc': 1.0, 'task_loss': (1e-04, 0.0015)}
{'epoch': 48, 'train_loss': 0.0013, 'train_acc': 1.0, 'task_loss': (1e-04, 0.0012)}
{'epoch': 49, 'train_loss': 0.0012, 'train_acc': 1.0, 'task_loss': (1e-04, 0.0012)}
{'epoch': 50, 'train_loss': 0.0013, 'train_acc': 1.0, 'task_loss': (0.0002, 0.0012)}
{'epoch': 51, 'train_loss': 0.0011, 'train_acc': 1.0, 'task_loss': (1e-04, 0.001)}
{'epoch': 52, 'train_loss': 0.0012, 'train_acc': 1.0, 'task_loss': (1e-04, 0.0011)}
{'epoch': 53, 'train_loss': 0.0011, 'train_acc': 1.0, 'task_loss': (1e-04, 0.001)}
{'epoch': 54, 'train_loss': 0.0011, 'train_acc': 1.0, 'task_loss': (0.0, 0.001)}
{'epoch': 55, 'train_loss': 0.001, 'train_acc': 1.0, 'task_loss': (1e-04, 0.0009)}
{'epoch': 56, 'train_loss': 0.0012, 'train_acc': 1.0, 'task_loss': (1e-04, 0.0011)}
{'epoch': 57, 'train_loss': 0.0011, 'train_acc': 1.0, 'task_loss': (0.0, 0.0011)}
{'epoch': 58, 'train_loss': 0.0011, 'train_acc': 1.0, 'task_loss': (1e-04, 0.0011)}
{'epoch': 59, 'train_loss': 0.0012, 'train_acc': 1.0, 'task_loss': (1e-04, 0.0011)}
{'epoch': 60, 'train_loss': 0.0008, 'train_acc': 1.0, 'task_loss': (1e-04, 0.0007)}
{'epoch': 61, 'train_loss': 0.0009, 'train_acc': 1.0, 'task_loss': (1e-04, 0.0008)}
{'epoch': 62, 'train_loss': 0.0008, 'train_acc': 1.0, 'task_loss': (1e-04, 0.0007)}
{'epoch': 63, 'train_loss': 0.0009, 'train_acc': 1.0, 'task_loss': (0.0002, 0.0007)}
{'epoch': 64, 'train_loss': 0.0007, 'train_acc': 1.0, 'task_loss': (1e-04, 0.0007)}
{'epoch': 65, 'train_loss': 0.0007, 'train_acc': 1.0, 'task_loss': (1e-04, 0.0007)}
{'epoch': 66, 'train_loss': 0.001, 'train_acc': 1.0, 'task_loss': (1e-04, 0.0009)}
{'epoch': 67, 'train_loss': 0.0008, 'train_acc': 1.0, 'task_loss': (1e-04, 0.0007)}
{'epoch': 68, 'train_loss': 0.001, 'train_acc': 1.0, 'task_loss': (0.0, 0.0009)}
{'epoch': 69, 'train_loss': 0.0008, 'train_acc': 1.0, 'task_loss': (1e-04, 0.0007)}
{'epoch': 70, 'train_loss': 0.0008, 'train_acc': 1.0, 'task_loss': (0.0, 0.0007)}
{'epoch': 71, 'train_loss': 0.0008, 'train_acc': 1.0, 'task_loss': (0.0, 0.0007)}
{'epoch': 72, 'train_loss': 0.0007, 'train_acc': 1.0, 'task_loss': (0.0, 0.0006)}
{'epoch': 73, 'train_loss': 0.0008, 'train_acc': 1.0, 'task_loss': (0.0, 0.0007)}
{'epoch': 74, 'train_loss': 0.0008, 'train_acc': 1.0, 'task_loss': (1e-04, 0.0008)}
{'epoch': 75, 'train_loss': 0.0008, 'train_acc': 1.0, 'task_loss': (1e-04, 0.0007)}
{'epoch': 76, 'train_loss': 0.0007, 'train_acc': 1.0, 'task_loss': (0.0, 0.0007)}
{'epoch': 77, 'train_loss': 0.0008, 'train_acc': 1.0, 'task_loss': (1e-04, 0.0007)}
{'epoch': 78, 'train_loss': 0.0008, 'train_acc': 1.0, 'task_loss': (1e-04, 0.0007)}
{'epoch': 79, 'train_loss': 0.0006, 'train_acc': 1.0, 'task_loss': (1e-04, 0.0006)}
{'epoch': 80, 'train_loss': 0.0006, 'train_acc': 1.0, 'task_loss': (0.0, 0.0005)}
{'epoch': 81, 'train_loss': 0.0006, 'train_acc': 1.0, 'task_loss': (0.0, 0.0006)}
{'epoch': 82, 'train_loss': 0.0006, 'train_acc': 1.0, 'task_loss': (0.0, 0.0006)}
{'epoch': 83, 'train_loss': 0.0009, 'train_acc': 1.0, 'task_loss': (1e-04, 0.0008)}
{'epoch': 84, 'train_loss': 0.0007, 'train_acc': 1.0, 'task_loss': (1e-04, 0.0006)}
{'epoch': 85, 'train_loss': 0.0007, 'train_acc': 1.0, 'task_loss': (0.0, 0.0007)}
{'epoch': 86, 'train_loss': 0.0009, 'train_acc': 1.0, 'task_loss': (0.0, 0.0008)}
{'epoch': 87, 'train_loss': 0.0008, 'train_acc': 1.0, 'task_loss': (0.0, 0.0008)}
{'epoch': 88, 'train_loss': 0.0007, 'train_acc': 1.0, 'task_loss': (1e-04, 0.0007)}
{'epoch': 89, 'train_loss': 0.0006, 'train_acc': 1.0, 'task_loss': (0.0, 0.0005)}
{'epoch': 90, 'train_loss': 0.001, 'train_acc': 1.0, 'task_loss': (0.0, 0.001)}
{'epoch': 91, 'train_loss': 0.0006, 'train_acc': 1.0, 'task_loss': (0.0, 0.0005)}
{'epoch': 92, 'train_loss': 0.0007, 'train_acc': 1.0, 'task_loss': (1e-04, 0.0006)}
{'epoch': 93, 'train_loss': 0.0008, 'train_acc': 1.0, 'task_loss': (0.0, 0.0007)}
{'epoch': 94, 'train_loss': 0.0007, 'train_acc': 1.0, 'task_loss': (0.0, 0.0007)}
{'epoch': 95, 'train_loss': 0.0007, 'train_acc': 1.0, 'task_loss': (1e-04, 0.0006)}
{'epoch': 96, 'train_loss': 0.0008, 'train_acc': 1.0, 'task_loss': (0.0, 0.0007)}
{'epoch': 97, 'train_loss': 0.0006, 'train_acc': 1.0, 'task_loss': (0.0, 0.0005)}
{'epoch': 98, 'train_loss': 0.0007, 'train_acc': 1.0, 'task_loss': (1e-04, 0.0006)}
{'epoch': 99, 'train_loss': 0.0007, 'train_acc': 1.0, 'task_loss': (1e-04, 0.0006)}
{'epoch': 100, 'train_loss': 0.0007, 'train_acc': 1.0, 'task_loss': (0.0, 0.0007)}
{'run_num': 5, 'final_test_err': 0.16612377850162863}
Files already downloaded and verified
Files already downloaded and verified
{'epoch': 1, 'train_loss': 0.7614, 'train_acc': 0.6109, 'task_loss': (0.3753, 0.3862)}
{'epoch': 2, 'train_loss': 0.6208, 'train_acc': 0.7008, 'task_loss': (0.2693, 0.3515)}
{'epoch': 3, 'train_loss': 0.5261, 'train_acc': 0.7504, 'task_loss': (0.1709, 0.3553)}
{'epoch': 4, 'train_loss': 0.384, 'train_acc': 0.786, 'task_loss': (0.1373, 0.2467)}
{'epoch': 5, 'train_loss': 0.2746, 'train_acc': 0.8512, 'task_loss': (0.0546, 0.22)}
{'epoch': 6, 'train_loss': 0.4161, 'train_acc': 0.8, 'task_loss': (0.1414, 0.2747)}
{'epoch': 7, 'train_loss': 0.4638, 'train_acc': 0.7752, 'task_loss': (0.1669, 0.2969)}
{'epoch': 8, 'train_loss': 0.2296, 'train_acc': 0.8775, 'task_loss': (0.0449, 0.1846)}
{'epoch': 9, 'train_loss': 0.1859, 'train_acc': 0.9008, 'task_loss': (0.0503, 0.1356)}
{'epoch': 10, 'train_loss': 0.1342, 'train_acc': 0.9349, 'task_loss': (0.0193, 0.1149)}
{'epoch': 11, 'train_loss': 0.1143, 'train_acc': 0.9395, 'task_loss': (0.0113, 0.103)}
{'epoch': 12, 'train_loss': 0.0601, 'train_acc': 0.9628, 'task_loss': (0.0047, 0.0553)}
{'epoch': 13, 'train_loss': 0.0402, 'train_acc': 0.9845, 'task_loss': (0.0034, 0.0368)}
{'epoch': 14, 'train_loss': 0.0353, 'train_acc': 0.9829, 'task_loss': (0.0018, 0.0336)}
{'epoch': 15, 'train_loss': 0.028, 'train_acc': 0.9891, 'task_loss': (0.0018, 0.0261)}
{'epoch': 16, 'train_loss': 0.0197, 'train_acc': 0.9938, 'task_loss': (0.0012, 0.0185)}
{'epoch': 17, 'train_loss': 0.026, 'train_acc': 0.9907, 'task_loss': (0.0041, 0.0219)}
{'epoch': 18, 'train_loss': 0.0236, 'train_acc': 0.9907, 'task_loss': (0.0038, 0.0198)}
{'epoch': 19, 'train_loss': 0.06, 'train_acc': 0.9876, 'task_loss': (0.0122, 0.0478)}
{'epoch': 20, 'train_loss': 0.0402, 'train_acc': 0.986, 'task_loss': (0.0062, 0.034)}
{'epoch': 21, 'train_loss': 0.026, 'train_acc': 0.9922, 'task_loss': (0.002, 0.024)}
{'epoch': 22, 'train_loss': 0.0142, 'train_acc': 0.9969, 'task_loss': (0.0006, 0.0136)}
{'epoch': 23, 'train_loss': 0.0086, 'train_acc': 0.9984, 'task_loss': (0.0005, 0.0081)}
{'epoch': 24, 'train_loss': 0.0095, 'train_acc': 0.9969, 'task_loss': (0.0006, 0.0089)}
{'epoch': 25, 'train_loss': 0.0075, 'train_acc': 0.9984, 'task_loss': (0.0002, 0.0072)}
{'epoch': 26, 'train_loss': 0.0096, 'train_acc': 0.9969, 'task_loss': (0.001, 0.0086)}
{'epoch': 27, 'train_loss': 0.007, 'train_acc': 1.0, 'task_loss': (0.001, 0.006)}
{'epoch': 28, 'train_loss': 0.0059, 'train_acc': 1.0, 'task_loss': (0.0007, 0.0052)}
{'epoch': 29, 'train_loss': 0.007, 'train_acc': 1.0, 'task_loss': (0.0014, 0.0056)}
{'epoch': 30, 'train_loss': 0.0047, 'train_acc': 1.0, 'task_loss': (0.0004, 0.0043)}
{'epoch': 31, 'train_loss': 0.0037, 'train_acc': 1.0, 'task_loss': (0.0004, 0.0033)}
{'epoch': 32, 'train_loss': 0.004, 'train_acc': 1.0, 'task_loss': (0.0004, 0.0036)}
{'epoch': 33, 'train_loss': 0.0029, 'train_acc': 1.0, 'task_loss': (0.0002, 0.0027)}
{'epoch': 34, 'train_loss': 0.0027, 'train_acc': 1.0, 'task_loss': (0.0002, 0.0025)}
{'epoch': 35, 'train_loss': 0.0023, 'train_acc': 1.0, 'task_loss': (1e-04, 0.0022)}
{'epoch': 36, 'train_loss': 0.0025, 'train_acc': 1.0, 'task_loss': (1e-04, 0.0024)}
{'epoch': 37, 'train_loss': 0.0019, 'train_acc': 1.0, 'task_loss': (0.0002, 0.0018)}
{'epoch': 38, 'train_loss': 0.0026, 'train_acc': 1.0, 'task_loss': (1e-04, 0.0025)}
{'epoch': 39, 'train_loss': 0.0018, 'train_acc': 1.0, 'task_loss': (0.0002, 0.0017)}
{'epoch': 40, 'train_loss': 0.0024, 'train_acc': 1.0, 'task_loss': (0.0002, 0.0021)}
{'epoch': 41, 'train_loss': 0.0021, 'train_acc': 1.0, 'task_loss': (0.0004, 0.0017)}
{'epoch': 42, 'train_loss': 0.0017, 'train_acc': 1.0, 'task_loss': (0.0002, 0.0016)}
{'epoch': 43, 'train_loss': 0.0018, 'train_acc': 1.0, 'task_loss': (0.0002, 0.0016)}
{'epoch': 44, 'train_loss': 0.0019, 'train_acc': 1.0, 'task_loss': (1e-04, 0.0018)}
{'epoch': 45, 'train_loss': 0.0017, 'train_acc': 1.0, 'task_loss': (0.0002, 0.0015)}
{'epoch': 46, 'train_loss': 0.0016, 'train_acc': 1.0, 'task_loss': (1e-04, 0.0014)}
{'epoch': 47, 'train_loss': 0.0012, 'train_acc': 1.0, 'task_loss': (1e-04, 0.0012)}
{'epoch': 48, 'train_loss': 0.0015, 'train_acc': 1.0, 'task_loss': (1e-04, 0.0013)}
{'epoch': 49, 'train_loss': 0.0013, 'train_acc': 1.0, 'task_loss': (1e-04, 0.0012)}
{'epoch': 50, 'train_loss': 0.0014, 'train_acc': 1.0, 'task_loss': (1e-04, 0.0013)}
{'epoch': 51, 'train_loss': 0.0013, 'train_acc': 1.0, 'task_loss': (1e-04, 0.0012)}
{'epoch': 52, 'train_loss': 0.0012, 'train_acc': 1.0, 'task_loss': (1e-04, 0.0012)}
{'epoch': 53, 'train_loss': 0.0013, 'train_acc': 1.0, 'task_loss': (1e-04, 0.0013)}
{'epoch': 54, 'train_loss': 0.0009, 'train_acc': 1.0, 'task_loss': (1e-04, 0.0009)}
{'epoch': 55, 'train_loss': 0.0009, 'train_acc': 1.0, 'task_loss': (1e-04, 0.0008)}
{'epoch': 56, 'train_loss': 0.0011, 'train_acc': 1.0, 'task_loss': (1e-04, 0.001)}
{'epoch': 57, 'train_loss': 0.0011, 'train_acc': 1.0, 'task_loss': (1e-04, 0.0011)}
{'epoch': 58, 'train_loss': 0.001, 'train_acc': 1.0, 'task_loss': (1e-04, 0.0009)}
{'epoch': 59, 'train_loss': 0.001, 'train_acc': 1.0, 'task_loss': (1e-04, 0.0009)}
{'epoch': 60, 'train_loss': 0.0011, 'train_acc': 1.0, 'task_loss': (1e-04, 0.001)}
{'epoch': 61, 'train_loss': 0.001, 'train_acc': 1.0, 'task_loss': (1e-04, 0.001)}
{'epoch': 62, 'train_loss': 0.0011, 'train_acc': 1.0, 'task_loss': (1e-04, 0.001)}
{'epoch': 63, 'train_loss': 0.0008, 'train_acc': 1.0, 'task_loss': (1e-04, 0.0007)}
{'epoch': 64, 'train_loss': 0.0011, 'train_acc': 1.0, 'task_loss': (1e-04, 0.001)}
{'epoch': 65, 'train_loss': 0.0008, 'train_acc': 1.0, 'task_loss': (1e-04, 0.0008)}
{'epoch': 66, 'train_loss': 0.0009, 'train_acc': 1.0, 'task_loss': (1e-04, 0.0008)}
{'epoch': 67, 'train_loss': 0.001, 'train_acc': 1.0, 'task_loss': (1e-04, 0.0009)}
{'epoch': 68, 'train_loss': 0.0008, 'train_acc': 1.0, 'task_loss': (1e-04, 0.0008)}
{'epoch': 69, 'train_loss': 0.0008, 'train_acc': 1.0, 'task_loss': (1e-04, 0.0007)}
{'epoch': 70, 'train_loss': 0.0007, 'train_acc': 1.0, 'task_loss': (1e-04, 0.0006)}
{'epoch': 71, 'train_loss': 0.0008, 'train_acc': 1.0, 'task_loss': (1e-04, 0.0008)}
{'epoch': 72, 'train_loss': 0.0007, 'train_acc': 1.0, 'task_loss': (1e-04, 0.0006)}
{'epoch': 73, 'train_loss': 0.0007, 'train_acc': 1.0, 'task_loss': (0.0, 0.0006)}
{'epoch': 74, 'train_loss': 0.0009, 'train_acc': 1.0, 'task_loss': (0.0, 0.0008)}
{'epoch': 75, 'train_loss': 0.0008, 'train_acc': 1.0, 'task_loss': (1e-04, 0.0007)}
{'epoch': 76, 'train_loss': 0.0009, 'train_acc': 1.0, 'task_loss': (1e-04, 0.0009)}
{'epoch': 77, 'train_loss': 0.0009, 'train_acc': 1.0, 'task_loss': (1e-04, 0.0008)}
{'epoch': 78, 'train_loss': 0.0008, 'train_acc': 1.0, 'task_loss': (1e-04, 0.0007)}
{'epoch': 79, 'train_loss': 0.0011, 'train_acc': 1.0, 'task_loss': (1e-04, 0.001)}
{'epoch': 80, 'train_loss': 0.0007, 'train_acc': 1.0, 'task_loss': (0.0, 0.0007)}
{'epoch': 81, 'train_loss': 0.0008, 'train_acc': 1.0, 'task_loss': (1e-04, 0.0007)}
{'epoch': 82, 'train_loss': 0.0008, 'train_acc': 1.0, 'task_loss': (1e-04, 0.0008)}
{'epoch': 83, 'train_loss': 0.0007, 'train_acc': 1.0, 'task_loss': (1e-04, 0.0007)}
{'epoch': 84, 'train_loss': 0.0006, 'train_acc': 1.0, 'task_loss': (0.0, 0.0005)}
{'epoch': 85, 'train_loss': 0.0008, 'train_acc': 1.0, 'task_loss': (1e-04, 0.0008)}
{'epoch': 86, 'train_loss': 0.0008, 'train_acc': 1.0, 'task_loss': (0.0, 0.0008)}
{'epoch': 87, 'train_loss': 0.0008, 'train_acc': 1.0, 'task_loss': (1e-04, 0.0007)}
{'epoch': 88, 'train_loss': 0.0007, 'train_acc': 1.0, 'task_loss': (0.0, 0.0007)}
{'epoch': 89, 'train_loss': 0.0008, 'train_acc': 1.0, 'task_loss': (1e-04, 0.0007)}
{'epoch': 90, 'train_loss': 0.001, 'train_acc': 1.0, 'task_loss': (1e-04, 0.0009)}
{'epoch': 91, 'train_loss': 0.0006, 'train_acc': 1.0, 'task_loss': (1e-04, 0.0006)}
{'epoch': 92, 'train_loss': 0.0008, 'train_acc': 1.0, 'task_loss': (1e-04, 0.0008)}
{'epoch': 93, 'train_loss': 0.0007, 'train_acc': 1.0, 'task_loss': (1e-04, 0.0007)}
{'epoch': 94, 'train_loss': 0.0007, 'train_acc': 1.0, 'task_loss': (1e-04, 0.0006)}
{'epoch': 95, 'train_loss': 0.0008, 'train_acc': 1.0, 'task_loss': (0.0, 0.0007)}
{'epoch': 96, 'train_loss': 0.0008, 'train_acc': 1.0, 'task_loss': (1e-04, 0.0007)}
{'epoch': 97, 'train_loss': 0.0006, 'train_acc': 1.0, 'task_loss': (1e-04, 0.0005)}
{'epoch': 98, 'train_loss': 0.0007, 'train_acc': 1.0, 'task_loss': (1e-04, 0.0006)}
{'epoch': 99, 'train_loss': 0.0006, 'train_acc': 1.0, 'task_loss': (1e-04, 0.0006)}
{'epoch': 100, 'train_loss': 0.0009, 'train_acc': 1.0, 'task_loss': (1e-04, 0.0008)}
{'run_num': 6, 'final_test_err': 0.14983713355048855}
Files already downloaded and verified
Files already downloaded and verified
{'epoch': 1, 'train_loss': 0.6818, 'train_acc': 0.6155, 'task_loss': (0.2876, 0.3942)}
{'epoch': 2, 'train_loss': 0.5732, 'train_acc': 0.7194, 'task_loss': (0.2234, 0.3498)}
{'epoch': 3, 'train_loss': 0.5637, 'train_acc': 0.7271, 'task_loss': (0.2231, 0.3406)}
{'epoch': 4, 'train_loss': 0.4881, 'train_acc': 0.7566, 'task_loss': (0.1566, 0.3315)}
{'epoch': 5, 'train_loss': 0.2973, 'train_acc': 0.8295, 'task_loss': (0.0549, 0.2424)}
{'epoch': 6, 'train_loss': 0.2171, 'train_acc': 0.8853, 'task_loss': (0.0392, 0.1779)}
{'epoch': 7, 'train_loss': 0.1931, 'train_acc': 0.8961, 'task_loss': (0.0372, 0.1559)}
{'epoch': 8, 'train_loss': 0.1964, 'train_acc': 0.8992, 'task_loss': (0.0529, 0.1435)}
{'epoch': 9, 'train_loss': 0.3533, 'train_acc': 0.8419, 'task_loss': (0.1361, 0.2172)}
{'epoch': 10, 'train_loss': 0.2346, 'train_acc': 0.8729, 'task_loss': (0.0427, 0.1919)}
{'epoch': 11, 'train_loss': 0.13, 'train_acc': 0.9411, 'task_loss': (0.0324, 0.0976)}
{'epoch': 12, 'train_loss': 0.0748, 'train_acc': 0.9659, 'task_loss': (0.0142, 0.0606)}
{'epoch': 13, 'train_loss': 0.073, 'train_acc': 0.9752, 'task_loss': (0.0074, 0.0656)}
{'epoch': 14, 'train_loss': 0.0501, 'train_acc': 0.9798, 'task_loss': (0.004, 0.0461)}
{'epoch': 15, 'train_loss': 0.0377, 'train_acc': 0.9814, 'task_loss': (0.0042, 0.0335)}
{'epoch': 16, 'train_loss': 0.0215, 'train_acc': 0.9938, 'task_loss': (0.0012, 0.0203)}
{'epoch': 17, 'train_loss': 0.0206, 'train_acc': 0.9938, 'task_loss': (0.0014, 0.0192)}
{'epoch': 18, 'train_loss': 0.0262, 'train_acc': 0.9891, 'task_loss': (0.0023, 0.024)}
{'epoch': 19, 'train_loss': 0.0154, 'train_acc': 0.9953, 'task_loss': (0.001, 0.0144)}
{'epoch': 20, 'train_loss': 0.0105, 'train_acc': 1.0, 'task_loss': (0.0018, 0.0087)}
{'epoch': 21, 'train_loss': 0.0105, 'train_acc': 0.9969, 'task_loss': (0.0015, 0.009)}
{'epoch': 22, 'train_loss': 0.007, 'train_acc': 1.0, 'task_loss': (0.0004, 0.0066)}
{'epoch': 23, 'train_loss': 0.0063, 'train_acc': 0.9984, 'task_loss': (0.0004, 0.0059)}
{'epoch': 24, 'train_loss': 0.0054, 'train_acc': 1.0, 'task_loss': (0.0003, 0.005)}
{'epoch': 25, 'train_loss': 0.0046, 'train_acc': 1.0, 'task_loss': (0.0004, 0.0041)}
{'epoch': 26, 'train_loss': 0.0036, 'train_acc': 1.0, 'task_loss': (0.0002, 0.0034)}
{'epoch': 27, 'train_loss': 0.0027, 'train_acc': 1.0, 'task_loss': (1e-04, 0.0025)}
{'epoch': 28, 'train_loss': 0.003, 'train_acc': 1.0, 'task_loss': (0.0002, 0.0028)}
{'epoch': 29, 'train_loss': 0.0027, 'train_acc': 1.0, 'task_loss': (1e-04, 0.0025)}
{'epoch': 30, 'train_loss': 0.0024, 'train_acc': 1.0, 'task_loss': (1e-04, 0.0022)}
{'epoch': 31, 'train_loss': 0.0026, 'train_acc': 1.0, 'task_loss': (1e-04, 0.0025)}
{'epoch': 32, 'train_loss': 0.0025, 'train_acc': 1.0, 'task_loss': (1e-04, 0.0024)}
{'epoch': 33, 'train_loss': 0.0018, 'train_acc': 1.0, 'task_loss': (0.0002, 0.0016)}
{'epoch': 34, 'train_loss': 0.0013, 'train_acc': 1.0, 'task_loss': (1e-04, 0.0012)}
{'epoch': 35, 'train_loss': 0.0016, 'train_acc': 1.0, 'task_loss': (1e-04, 0.0015)}
{'epoch': 36, 'train_loss': 0.0014, 'train_acc': 1.0, 'task_loss': (1e-04, 0.0013)}
{'epoch': 37, 'train_loss': 0.0016, 'train_acc': 1.0, 'task_loss': (1e-04, 0.0015)}
{'epoch': 38, 'train_loss': 0.0018, 'train_acc': 1.0, 'task_loss': (1e-04, 0.0017)}
{'epoch': 39, 'train_loss': 0.0018, 'train_acc': 1.0, 'task_loss': (0.0002, 0.0016)}
{'epoch': 40, 'train_loss': 0.0017, 'train_acc': 1.0, 'task_loss': (1e-04, 0.0016)}
{'epoch': 41, 'train_loss': 0.0012, 'train_acc': 1.0, 'task_loss': (1e-04, 0.0011)}
{'epoch': 42, 'train_loss': 0.0012, 'train_acc': 1.0, 'task_loss': (1e-04, 0.0011)}
{'epoch': 43, 'train_loss': 0.0012, 'train_acc': 1.0, 'task_loss': (1e-04, 0.0011)}
{'epoch': 44, 'train_loss': 0.001, 'train_acc': 1.0, 'task_loss': (1e-04, 0.0008)}
{'epoch': 45, 'train_loss': 0.0011, 'train_acc': 1.0, 'task_loss': (1e-04, 0.001)}
{'epoch': 46, 'train_loss': 0.0016, 'train_acc': 1.0, 'task_loss': (0.0003, 0.0013)}
{'epoch': 47, 'train_loss': 0.0016, 'train_acc': 1.0, 'task_loss': (1e-04, 0.0015)}
{'epoch': 48, 'train_loss': 0.001, 'train_acc': 1.0, 'task_loss': (1e-04, 0.0009)}
{'epoch': 49, 'train_loss': 0.001, 'train_acc': 1.0, 'task_loss': (1e-04, 0.0009)}
{'epoch': 50, 'train_loss': 0.0008, 'train_acc': 1.0, 'task_loss': (1e-04, 0.0008)}
{'epoch': 51, 'train_loss': 0.0012, 'train_acc': 1.0, 'task_loss': (1e-04, 0.0011)}
{'epoch': 52, 'train_loss': 0.0008, 'train_acc': 1.0, 'task_loss': (1e-04, 0.0007)}
{'epoch': 53, 'train_loss': 0.0009, 'train_acc': 1.0, 'task_loss': (1e-04, 0.0008)}
{'epoch': 54, 'train_loss': 0.0008, 'train_acc': 1.0, 'task_loss': (1e-04, 0.0007)}
{'epoch': 55, 'train_loss': 0.001, 'train_acc': 1.0, 'task_loss': (1e-04, 0.0009)}
{'epoch': 56, 'train_loss': 0.001, 'train_acc': 1.0, 'task_loss': (1e-04, 0.0009)}
{'epoch': 57, 'train_loss': 0.0008, 'train_acc': 1.0, 'task_loss': (1e-04, 0.0007)}
{'epoch': 58, 'train_loss': 0.0006, 'train_acc': 1.0, 'task_loss': (1e-04, 0.0006)}
{'epoch': 59, 'train_loss': 0.0008, 'train_acc': 1.0, 'task_loss': (1e-04, 0.0007)}
{'epoch': 60, 'train_loss': 0.0008, 'train_acc': 1.0, 'task_loss': (1e-04, 0.0007)}
{'epoch': 61, 'train_loss': 0.0009, 'train_acc': 1.0, 'task_loss': (1e-04, 0.0008)}
{'epoch': 62, 'train_loss': 0.0008, 'train_acc': 1.0, 'task_loss': (1e-04, 0.0007)}
{'epoch': 63, 'train_loss': 0.0008, 'train_acc': 1.0, 'task_loss': (1e-04, 0.0007)}
{'epoch': 64, 'train_loss': 0.0008, 'train_acc': 1.0, 'task_loss': (1e-04, 0.0007)}
{'epoch': 65, 'train_loss': 0.0009, 'train_acc': 1.0, 'task_loss': (1e-04, 0.0008)}
{'epoch': 66, 'train_loss': 0.0008, 'train_acc': 1.0, 'task_loss': (0.0, 0.0008)}
{'epoch': 67, 'train_loss': 0.0008, 'train_acc': 1.0, 'task_loss': (1e-04, 0.0007)}
{'epoch': 68, 'train_loss': 0.0007, 'train_acc': 1.0, 'task_loss': (1e-04, 0.0007)}
{'epoch': 69, 'train_loss': 0.0007, 'train_acc': 1.0, 'task_loss': (1e-04, 0.0006)}
{'epoch': 70, 'train_loss': 0.0009, 'train_acc': 1.0, 'task_loss': (0.0, 0.0008)}
{'epoch': 71, 'train_loss': 0.0007, 'train_acc': 1.0, 'task_loss': (1e-04, 0.0007)}
{'epoch': 72, 'train_loss': 0.0007, 'train_acc': 1.0, 'task_loss': (0.0, 0.0007)}
{'epoch': 73, 'train_loss': 0.0009, 'train_acc': 1.0, 'task_loss': (1e-04, 0.0009)}
{'epoch': 74, 'train_loss': 0.0007, 'train_acc': 1.0, 'task_loss': (1e-04, 0.0006)}
{'epoch': 75, 'train_loss': 0.0007, 'train_acc': 1.0, 'task_loss': (0.0, 0.0007)}
{'epoch': 76, 'train_loss': 0.0006, 'train_acc': 1.0, 'task_loss': (1e-04, 0.0005)}
{'epoch': 77, 'train_loss': 0.0006, 'train_acc': 1.0, 'task_loss': (1e-04, 0.0006)}
{'epoch': 78, 'train_loss': 0.0005, 'train_acc': 1.0, 'task_loss': (1e-04, 0.0005)}
{'epoch': 79, 'train_loss': 0.0006, 'train_acc': 1.0, 'task_loss': (1e-04, 0.0006)}
{'epoch': 80, 'train_loss': 0.0008, 'train_acc': 1.0, 'task_loss': (1e-04, 0.0008)}
{'epoch': 81, 'train_loss': 0.0006, 'train_acc': 1.0, 'task_loss': (1e-04, 0.0005)}
{'epoch': 82, 'train_loss': 0.0005, 'train_acc': 1.0, 'task_loss': (0.0, 0.0005)}
{'epoch': 83, 'train_loss': 0.0007, 'train_acc': 1.0, 'task_loss': (1e-04, 0.0006)}
{'epoch': 84, 'train_loss': 0.0006, 'train_acc': 1.0, 'task_loss': (1e-04, 0.0006)}
{'epoch': 85, 'train_loss': 0.0008, 'train_acc': 1.0, 'task_loss': (1e-04, 0.0008)}
{'epoch': 86, 'train_loss': 0.0007, 'train_acc': 1.0, 'task_loss': (0.0, 0.0007)}
{'epoch': 87, 'train_loss': 0.0006, 'train_acc': 1.0, 'task_loss': (1e-04, 0.0006)}
{'epoch': 88, 'train_loss': 0.0008, 'train_acc': 1.0, 'task_loss': (1e-04, 0.0006)}
{'epoch': 89, 'train_loss': 0.0006, 'train_acc': 1.0, 'task_loss': (0.0, 0.0005)}
{'epoch': 90, 'train_loss': 0.0005, 'train_acc': 1.0, 'task_loss': (0.0, 0.0005)}
{'epoch': 91, 'train_loss': 0.0006, 'train_acc': 1.0, 'task_loss': (0.0, 0.0006)}
{'epoch': 92, 'train_loss': 0.0007, 'train_acc': 1.0, 'task_loss': (1e-04, 0.0006)}
{'epoch': 93, 'train_loss': 0.0006, 'train_acc': 1.0, 'task_loss': (1e-04, 0.0005)}
{'epoch': 94, 'train_loss': 0.0005, 'train_acc': 1.0, 'task_loss': (1e-04, 0.0005)}
{'epoch': 95, 'train_loss': 0.0007, 'train_acc': 1.0, 'task_loss': (0.0, 0.0006)}
{'epoch': 96, 'train_loss': 0.0005, 'train_acc': 1.0, 'task_loss': (0.0, 0.0005)}
{'epoch': 97, 'train_loss': 0.0027, 'train_acc': 1.0, 'task_loss': (1e-04, 0.0027)}
{'epoch': 98, 'train_loss': 0.0006, 'train_acc': 1.0, 'task_loss': (1e-04, 0.0006)}
{'epoch': 99, 'train_loss': 0.0007, 'train_acc': 1.0, 'task_loss': (1e-04, 0.0007)}
{'epoch': 100, 'train_loss': 0.0007, 'train_acc': 1.0, 'task_loss': (1e-04, 0.0006)}
{'run_num': 7, 'final_test_err': 0.17263843648208466}
Files already downloaded and verified
Files already downloaded and verified
{'epoch': 1, 'train_loss': 0.8222, 'train_acc': 0.5891, 'task_loss': (0.4008, 0.4214)}
{'epoch': 2, 'train_loss': 0.6187, 'train_acc': 0.6837, 'task_loss': (0.2469, 0.3717)}
{'epoch': 3, 'train_loss': 0.4791, 'train_acc': 0.738, 'task_loss': (0.1467, 0.3324)}
{'epoch': 4, 'train_loss': 0.3997, 'train_acc': 0.7612, 'task_loss': (0.1115, 0.2882)}
{'epoch': 5, 'train_loss': 0.4342, 'train_acc': 0.7535, 'task_loss': (0.1312, 0.3029)}
{'epoch': 6, 'train_loss': 0.3561, 'train_acc': 0.8186, 'task_loss': (0.091, 0.2651)}
{'epoch': 7, 'train_loss': 0.2538, 'train_acc': 0.8636, 'task_loss': (0.0519, 0.2019)}
{'epoch': 8, 'train_loss': 0.2389, 'train_acc': 0.8682, 'task_loss': (0.0473, 0.1916)}
{'epoch': 9, 'train_loss': 0.2182, 'train_acc': 0.9023, 'task_loss': (0.0675, 0.1507)}
{'epoch': 10, 'train_loss': 0.1751, 'train_acc': 0.8992, 'task_loss': (0.0188, 0.1563)}
{'epoch': 11, 'train_loss': 0.154, 'train_acc': 0.9256, 'task_loss': (0.0248, 0.1292)}
{'epoch': 12, 'train_loss': 0.0864, 'train_acc': 0.9566, 'task_loss': (0.011, 0.0754)}
{'epoch': 13, 'train_loss': 0.0682, 'train_acc': 0.969, 'task_loss': (0.0071, 0.0612)}
{'epoch': 14, 'train_loss': 0.0783, 'train_acc': 0.9643, 'task_loss': (0.0233, 0.055)}
{'epoch': 15, 'train_loss': 0.1101, 'train_acc': 0.955, 'task_loss': (0.0291, 0.081)}
{'epoch': 16, 'train_loss': 0.1028, 'train_acc': 0.9519, 'task_loss': (0.0109, 0.0919)}
{'epoch': 17, 'train_loss': 0.0526, 'train_acc': 0.969, 'task_loss': (0.0102, 0.0424)}
{'epoch': 18, 'train_loss': 0.0353, 'train_acc': 0.986, 'task_loss': (0.005, 0.0303)}
{'epoch': 19, 'train_loss': 0.0205, 'train_acc': 0.9969, 'task_loss': (0.0014, 0.0191)}
{'epoch': 20, 'train_loss': 0.0144, 'train_acc': 0.9969, 'task_loss': (0.0008, 0.0136)}
{'epoch': 21, 'train_loss': 0.0117, 'train_acc': 0.9953, 'task_loss': (0.0009, 0.0108)}
{'epoch': 22, 'train_loss': 0.0086, 'train_acc': 1.0, 'task_loss': (0.0005, 0.008)}
{'epoch': 23, 'train_loss': 0.0058, 'train_acc': 1.0, 'task_loss': (0.0005, 0.0053)}
{'epoch': 24, 'train_loss': 0.0056, 'train_acc': 1.0, 'task_loss': (0.0007, 0.0049)}
{'epoch': 25, 'train_loss': 0.0041, 'train_acc': 1.0, 'task_loss': (0.0002, 0.0039)}
{'epoch': 26, 'train_loss': 0.0039, 'train_acc': 1.0, 'task_loss': (0.0003, 0.0036)}
{'epoch': 27, 'train_loss': 0.0036, 'train_acc': 1.0, 'task_loss': (0.0003, 0.0033)}
{'epoch': 28, 'train_loss': 0.01, 'train_acc': 0.9984, 'task_loss': (0.0003, 0.0097)}
{'epoch': 29, 'train_loss': 0.0039, 'train_acc': 1.0, 'task_loss': (0.0004, 0.0035)}
{'epoch': 30, 'train_loss': 0.0041, 'train_acc': 1.0, 'task_loss': (0.0003, 0.0038)}
{'epoch': 31, 'train_loss': 0.0037, 'train_acc': 0.9984, 'task_loss': (0.0003, 0.0033)}
{'epoch': 32, 'train_loss': 0.0029, 'train_acc': 1.0, 'task_loss': (0.0006, 0.0023)}
{'epoch': 33, 'train_loss': 0.006, 'train_acc': 1.0, 'task_loss': (0.0007, 0.0053)}
{'epoch': 34, 'train_loss': 0.0044, 'train_acc': 1.0, 'task_loss': (0.0002, 0.0042)}
{'epoch': 35, 'train_loss': 0.0036, 'train_acc': 1.0, 'task_loss': (0.0003, 0.0033)}
{'epoch': 36, 'train_loss': 0.0031, 'train_acc': 1.0, 'task_loss': (0.0002, 0.0029)}
{'epoch': 37, 'train_loss': 0.0019, 'train_acc': 1.0, 'task_loss': (0.0003, 0.0016)}
{'epoch': 38, 'train_loss': 0.0024, 'train_acc': 1.0, 'task_loss': (0.0003, 0.0021)}
{'epoch': 39, 'train_loss': 0.002, 'train_acc': 1.0, 'task_loss': (1e-04, 0.0019)}
{'epoch': 40, 'train_loss': 0.0018, 'train_acc': 1.0, 'task_loss': (1e-04, 0.0018)}
{'epoch': 41, 'train_loss': 0.0019, 'train_acc': 1.0, 'task_loss': (0.0002, 0.0018)}
{'epoch': 42, 'train_loss': 0.0016, 'train_acc': 1.0, 'task_loss': (1e-04, 0.0015)}
{'epoch': 43, 'train_loss': 0.0012, 'train_acc': 1.0, 'task_loss': (1e-04, 0.0012)}
{'epoch': 44, 'train_loss': 0.001, 'train_acc': 1.0, 'task_loss': (1e-04, 0.0008)}
{'epoch': 45, 'train_loss': 0.0009, 'train_acc': 1.0, 'task_loss': (1e-04, 0.0008)}
{'epoch': 46, 'train_loss': 0.0008, 'train_acc': 1.0, 'task_loss': (1e-04, 0.0008)}
{'epoch': 47, 'train_loss': 0.0037, 'train_acc': 0.9984, 'task_loss': (1e-04, 0.0036)}
{'epoch': 48, 'train_loss': 0.0575, 'train_acc': 0.9798, 'task_loss': (0.01, 0.0474)}
{'epoch': 49, 'train_loss': 0.0241, 'train_acc': 0.9953, 'task_loss': (0.0023, 0.0218)}
{'epoch': 50, 'train_loss': 0.0103, 'train_acc': 1.0, 'task_loss': (0.001, 0.0093)}
{'epoch': 51, 'train_loss': 0.0059, 'train_acc': 1.0, 'task_loss': (0.0009, 0.005)}
{'epoch': 52, 'train_loss': 0.0048, 'train_acc': 1.0, 'task_loss': (0.0007, 0.0042)}
{'epoch': 53, 'train_loss': 0.0034, 'train_acc': 1.0, 'task_loss': (0.0004, 0.003)}
{'epoch': 54, 'train_loss': 0.0027, 'train_acc': 1.0, 'task_loss': (0.0002, 0.0025)}
{'epoch': 55, 'train_loss': 0.0023, 'train_acc': 1.0, 'task_loss': (1e-04, 0.0022)}
{'epoch': 56, 'train_loss': 0.0033, 'train_acc': 1.0, 'task_loss': (1e-04, 0.0032)}
{'epoch': 57, 'train_loss': 0.0028, 'train_acc': 1.0, 'task_loss': (0.0002, 0.0026)}
{'epoch': 58, 'train_loss': 0.0022, 'train_acc': 1.0, 'task_loss': (1e-04, 0.002)}
{'epoch': 59, 'train_loss': 0.0019, 'train_acc': 1.0, 'task_loss': (1e-04, 0.0018)}
{'epoch': 60, 'train_loss': 0.002, 'train_acc': 1.0, 'task_loss': (1e-04, 0.002)}
{'epoch': 61, 'train_loss': 0.0018, 'train_acc': 1.0, 'task_loss': (1e-04, 0.0017)}
{'epoch': 62, 'train_loss': 0.0026, 'train_acc': 1.0, 'task_loss': (0.0006, 0.002)}
{'epoch': 63, 'train_loss': 0.002, 'train_acc': 1.0, 'task_loss': (1e-04, 0.0018)}
{'epoch': 64, 'train_loss': 0.0023, 'train_acc': 1.0, 'task_loss': (0.0002, 0.0021)}
{'epoch': 65, 'train_loss': 0.0015, 'train_acc': 1.0, 'task_loss': (1e-04, 0.0014)}
{'epoch': 66, 'train_loss': 0.0012, 'train_acc': 1.0, 'task_loss': (1e-04, 0.0011)}
{'epoch': 67, 'train_loss': 0.0013, 'train_acc': 1.0, 'task_loss': (1e-04, 0.0012)}
{'epoch': 68, 'train_loss': 0.0018, 'train_acc': 1.0, 'task_loss': (0.0002, 0.0016)}
{'epoch': 69, 'train_loss': 0.0013, 'train_acc': 1.0, 'task_loss': (1e-04, 0.0012)}
{'epoch': 70, 'train_loss': 0.0013, 'train_acc': 1.0, 'task_loss': (1e-04, 0.0013)}
{'epoch': 71, 'train_loss': 0.0011, 'train_acc': 1.0, 'task_loss': (1e-04, 0.001)}
{'epoch': 72, 'train_loss': 0.0012, 'train_acc': 1.0, 'task_loss': (1e-04, 0.0012)}
{'epoch': 73, 'train_loss': 0.0013, 'train_acc': 1.0, 'task_loss': (1e-04, 0.0013)}
{'epoch': 74, 'train_loss': 0.0012, 'train_acc': 1.0, 'task_loss': (1e-04, 0.0012)}
{'epoch': 75, 'train_loss': 0.0012, 'train_acc': 1.0, 'task_loss': (1e-04, 0.0011)}
{'epoch': 76, 'train_loss': 0.0013, 'train_acc': 1.0, 'task_loss': (1e-04, 0.0012)}
{'epoch': 77, 'train_loss': 0.0009, 'train_acc': 1.0, 'task_loss': (1e-04, 0.0009)}
{'epoch': 78, 'train_loss': 0.0011, 'train_acc': 1.0, 'task_loss': (1e-04, 0.0009)}
{'epoch': 79, 'train_loss': 0.001, 'train_acc': 1.0, 'task_loss': (1e-04, 0.0009)}
{'epoch': 80, 'train_loss': 0.0011, 'train_acc': 1.0, 'task_loss': (1e-04, 0.001)}
{'epoch': 81, 'train_loss': 0.0011, 'train_acc': 1.0, 'task_loss': (1e-04, 0.001)}
{'epoch': 82, 'train_loss': 0.0011, 'train_acc': 1.0, 'task_loss': (1e-04, 0.001)}
{'epoch': 83, 'train_loss': 0.001, 'train_acc': 1.0, 'task_loss': (1e-04, 0.0009)}
{'epoch': 84, 'train_loss': 0.001, 'train_acc': 1.0, 'task_loss': (1e-04, 0.0009)}
{'epoch': 85, 'train_loss': 0.001, 'train_acc': 1.0, 'task_loss': (1e-04, 0.0009)}
{'epoch': 86, 'train_loss': 0.0008, 'train_acc': 1.0, 'task_loss': (1e-04, 0.0008)}
{'epoch': 87, 'train_loss': 0.0009, 'train_acc': 1.0, 'task_loss': (1e-04, 0.0009)}
{'epoch': 88, 'train_loss': 0.0011, 'train_acc': 1.0, 'task_loss': (1e-04, 0.0009)}
{'epoch': 89, 'train_loss': 0.0008, 'train_acc': 1.0, 'task_loss': (1e-04, 0.0008)}
{'epoch': 90, 'train_loss': 0.0012, 'train_acc': 1.0, 'task_loss': (0.0002, 0.001)}
{'epoch': 91, 'train_loss': 0.001, 'train_acc': 1.0, 'task_loss': (1e-04, 0.0009)}
{'epoch': 92, 'train_loss': 0.0009, 'train_acc': 1.0, 'task_loss': (1e-04, 0.0008)}
{'epoch': 93, 'train_loss': 0.001, 'train_acc': 1.0, 'task_loss': (0.0002, 0.0008)}
{'epoch': 94, 'train_loss': 0.0009, 'train_acc': 1.0, 'task_loss': (1e-04, 0.0008)}
{'epoch': 95, 'train_loss': 0.0011, 'train_acc': 1.0, 'task_loss': (1e-04, 0.001)}
{'epoch': 96, 'train_loss': 0.001, 'train_acc': 1.0, 'task_loss': (0.0002, 0.0009)}
{'epoch': 97, 'train_loss': 0.0014, 'train_acc': 1.0, 'task_loss': (1e-04, 0.0013)}
{'epoch': 98, 'train_loss': 0.0011, 'train_acc': 1.0, 'task_loss': (1e-04, 0.001)}
{'epoch': 99, 'train_loss': 0.001, 'train_acc': 1.0, 'task_loss': (1e-04, 0.0009)}
{'epoch': 100, 'train_loss': 0.0011, 'train_acc': 1.0, 'task_loss': (1e-04, 0.001)}
{'run_num': 8, 'final_test_err': 0.1596091205211726}
Files already downloaded and verified
Files already downloaded and verified
{'epoch': 1, 'train_loss': 0.8347, 'train_acc': 0.6031, 'task_loss': (0.4335, 0.4012)}
{'epoch': 2, 'train_loss': 0.5592, 'train_acc': 0.7023, 'task_loss': (0.2258, 0.3334)}
{'epoch': 3, 'train_loss': 0.4765, 'train_acc': 0.7442, 'task_loss': (0.1765, 0.2999)}
{'epoch': 4, 'train_loss': 0.4643, 'train_acc': 0.7411, 'task_loss': (0.162, 0.3023)}
{'epoch': 5, 'train_loss': 0.3765, 'train_acc': 0.7845, 'task_loss': (0.1006, 0.2758)}
{'epoch': 6, 'train_loss': 0.3394, 'train_acc': 0.8434, 'task_loss': (0.0873, 0.2522)}
{'epoch': 7, 'train_loss': 0.2258, 'train_acc': 0.8744, 'task_loss': (0.0431, 0.1828)}
{'epoch': 8, 'train_loss': 0.1744, 'train_acc': 0.9039, 'task_loss': (0.0238, 0.1507)}
{'epoch': 9, 'train_loss': 0.0999, 'train_acc': 0.9519, 'task_loss': (0.0123, 0.0876)}
{'epoch': 10, 'train_loss': 0.1163, 'train_acc': 0.9442, 'task_loss': (0.0284, 0.0879)}
{'epoch': 11, 'train_loss': 0.1092, 'train_acc': 0.9442, 'task_loss': (0.0178, 0.0913)}
{'epoch': 12, 'train_loss': 0.0811, 'train_acc': 0.9535, 'task_loss': (0.0112, 0.0698)}
{'epoch': 13, 'train_loss': 0.0981, 'train_acc': 0.9597, 'task_loss': (0.0251, 0.0729)}
{'epoch': 14, 'train_loss': 0.1565, 'train_acc': 0.9411, 'task_loss': (0.0545, 0.102)}
{'epoch': 15, 'train_loss': 0.1194, 'train_acc': 0.9411, 'task_loss': (0.0272, 0.0922)}
{'epoch': 16, 'train_loss': 0.0835, 'train_acc': 0.955, 'task_loss': (0.02, 0.0634)}
{'epoch': 17, 'train_loss': 0.0419, 'train_acc': 0.986, 'task_loss': (0.0034, 0.0385)}
{'epoch': 18, 'train_loss': 0.0233, 'train_acc': 0.9922, 'task_loss': (0.0013, 0.022)}
{'epoch': 19, 'train_loss': 0.0199, 'train_acc': 0.9907, 'task_loss': (0.0006, 0.0193)}
{'epoch': 20, 'train_loss': 0.0148, 'train_acc': 0.9969, 'task_loss': (0.0005, 0.0143)}
{'epoch': 21, 'train_loss': 0.0121, 'train_acc': 0.9984, 'task_loss': (0.0004, 0.0117)}
{'epoch': 22, 'train_loss': 0.0096, 'train_acc': 0.9969, 'task_loss': (0.0004, 0.0092)}
{'epoch': 23, 'train_loss': 0.0073, 'train_acc': 0.9984, 'task_loss': (0.0003, 0.007)}
{'epoch': 24, 'train_loss': 0.006, 'train_acc': 0.9969, 'task_loss': (0.0002, 0.0059)}
{'epoch': 25, 'train_loss': 0.0055, 'train_acc': 1.0, 'task_loss': (0.0002, 0.0052)}
{'epoch': 26, 'train_loss': 0.0057, 'train_acc': 0.9984, 'task_loss': (0.0002, 0.0055)}
{'epoch': 27, 'train_loss': 0.0047, 'train_acc': 1.0, 'task_loss': (0.0004, 0.0043)}
{'epoch': 28, 'train_loss': 0.0035, 'train_acc': 1.0, 'task_loss': (1e-04, 0.0033)}
{'epoch': 29, 'train_loss': 0.0033, 'train_acc': 1.0, 'task_loss': (1e-04, 0.0031)}
{'epoch': 30, 'train_loss': 0.0035, 'train_acc': 1.0, 'task_loss': (0.0002, 0.0033)}
{'epoch': 31, 'train_loss': 0.0028, 'train_acc': 1.0, 'task_loss': (0.0002, 0.0026)}
{'epoch': 32, 'train_loss': 0.0028, 'train_acc': 1.0, 'task_loss': (1e-04, 0.0027)}
{'epoch': 33, 'train_loss': 0.0019, 'train_acc': 1.0, 'task_loss': (1e-04, 0.0018)}
{'epoch': 34, 'train_loss': 0.0038, 'train_acc': 0.9984, 'task_loss': (1e-04, 0.0037)}
{'epoch': 35, 'train_loss': 0.0052, 'train_acc': 0.9984, 'task_loss': (0.0003, 0.0049)}
{'epoch': 36, 'train_loss': 0.0024, 'train_acc': 1.0, 'task_loss': (0.0003, 0.0021)}
{'epoch': 37, 'train_loss': 0.002, 'train_acc': 1.0, 'task_loss': (1e-04, 0.0019)}
{'epoch': 38, 'train_loss': 0.0018, 'train_acc': 1.0, 'task_loss': (1e-04, 0.0017)}
{'epoch': 39, 'train_loss': 0.0015, 'train_acc': 1.0, 'task_loss': (1e-04, 0.0014)}
{'epoch': 40, 'train_loss': 0.0016, 'train_acc': 1.0, 'task_loss': (1e-04, 0.0015)}
{'epoch': 41, 'train_loss': 0.0015, 'train_acc': 1.0, 'task_loss': (1e-04, 0.0014)}
{'epoch': 42, 'train_loss': 0.0022, 'train_acc': 1.0, 'task_loss': (1e-04, 0.0021)}
{'epoch': 43, 'train_loss': 0.0014, 'train_acc': 1.0, 'task_loss': (1e-04, 0.0013)}
{'epoch': 44, 'train_loss': 0.0014, 'train_acc': 1.0, 'task_loss': (1e-04, 0.0013)}
{'epoch': 45, 'train_loss': 0.0016, 'train_acc': 1.0, 'task_loss': (1e-04, 0.0015)}
{'epoch': 46, 'train_loss': 0.0013, 'train_acc': 1.0, 'task_loss': (1e-04, 0.0012)}
{'epoch': 47, 'train_loss': 0.0013, 'train_acc': 1.0, 'task_loss': (0.0002, 0.0011)}
{'epoch': 48, 'train_loss': 0.0012, 'train_acc': 1.0, 'task_loss': (1e-04, 0.0012)}
{'epoch': 49, 'train_loss': 0.0011, 'train_acc': 1.0, 'task_loss': (1e-04, 0.001)}
{'epoch': 50, 'train_loss': 0.0012, 'train_acc': 1.0, 'task_loss': (1e-04, 0.0011)}
{'epoch': 51, 'train_loss': 0.001, 'train_acc': 1.0, 'task_loss': (1e-04, 0.0009)}
{'epoch': 52, 'train_loss': 0.0011, 'train_acc': 1.0, 'task_loss': (1e-04, 0.0011)}
{'epoch': 53, 'train_loss': 0.0009, 'train_acc': 1.0, 'task_loss': (1e-04, 0.0009)}
{'epoch': 54, 'train_loss': 0.0009, 'train_acc': 1.0, 'task_loss': (1e-04, 0.0008)}
{'epoch': 55, 'train_loss': 0.0008, 'train_acc': 1.0, 'task_loss': (0.0, 0.0008)}
{'epoch': 56, 'train_loss': 0.0011, 'train_acc': 1.0, 'task_loss': (1e-04, 0.001)}
{'epoch': 57, 'train_loss': 0.0011, 'train_acc': 1.0, 'task_loss': (1e-04, 0.001)}
{'epoch': 58, 'train_loss': 0.0009, 'train_acc': 1.0, 'task_loss': (1e-04, 0.0008)}
{'epoch': 59, 'train_loss': 0.0008, 'train_acc': 1.0, 'task_loss': (1e-04, 0.0008)}
{'epoch': 60, 'train_loss': 0.0012, 'train_acc': 1.0, 'task_loss': (0.0, 0.0012)}
{'epoch': 61, 'train_loss': 0.0008, 'train_acc': 1.0, 'task_loss': (1e-04, 0.0007)}
{'epoch': 62, 'train_loss': 0.0008, 'train_acc': 1.0, 'task_loss': (0.0, 0.0008)}
{'epoch': 63, 'train_loss': 0.0007, 'train_acc': 1.0, 'task_loss': (1e-04, 0.0007)}
{'epoch': 64, 'train_loss': 0.0006, 'train_acc': 1.0, 'task_loss': (1e-04, 0.0006)}
{'epoch': 65, 'train_loss': 0.0008, 'train_acc': 1.0, 'task_loss': (0.0, 0.0008)}
{'epoch': 66, 'train_loss': 0.0009, 'train_acc': 1.0, 'task_loss': (0.0, 0.0008)}
{'epoch': 67, 'train_loss': 0.001, 'train_acc': 1.0, 'task_loss': (1e-04, 0.0009)}
{'epoch': 68, 'train_loss': 0.0007, 'train_acc': 1.0, 'task_loss': (1e-04, 0.0006)}
{'epoch': 69, 'train_loss': 0.001, 'train_acc': 1.0, 'task_loss': (1e-04, 0.0009)}
{'epoch': 70, 'train_loss': 0.0007, 'train_acc': 1.0, 'task_loss': (1e-04, 0.0007)}
{'epoch': 71, 'train_loss': 0.0007, 'train_acc': 1.0, 'task_loss': (0.0, 0.0006)}
{'epoch': 72, 'train_loss': 0.0008, 'train_acc': 1.0, 'task_loss': (0.0, 0.0007)}
{'epoch': 73, 'train_loss': 0.0008, 'train_acc': 1.0, 'task_loss': (1e-04, 0.0007)}
{'epoch': 74, 'train_loss': 0.0007, 'train_acc': 1.0, 'task_loss': (1e-04, 0.0007)}
{'epoch': 75, 'train_loss': 0.0008, 'train_acc': 1.0, 'task_loss': (0.0, 0.0007)}
{'epoch': 76, 'train_loss': 0.0007, 'train_acc': 1.0, 'task_loss': (1e-04, 0.0007)}
{'epoch': 77, 'train_loss': 0.0006, 'train_acc': 1.0, 'task_loss': (0.0, 0.0006)}
{'epoch': 78, 'train_loss': 0.0009, 'train_acc': 1.0, 'task_loss': (1e-04, 0.0009)}
{'epoch': 79, 'train_loss': 0.0006, 'train_acc': 1.0, 'task_loss': (0.0, 0.0006)}
{'epoch': 80, 'train_loss': 0.0008, 'train_acc': 1.0, 'task_loss': (1e-04, 0.0007)}
{'epoch': 81, 'train_loss': 0.0009, 'train_acc': 1.0, 'task_loss': (1e-04, 0.0009)}
{'epoch': 82, 'train_loss': 0.0007, 'train_acc': 1.0, 'task_loss': (0.0, 0.0007)}
{'epoch': 83, 'train_loss': 0.0006, 'train_acc': 1.0, 'task_loss': (0.0, 0.0005)}
{'epoch': 84, 'train_loss': 0.0007, 'train_acc': 1.0, 'task_loss': (1e-04, 0.0006)}
{'epoch': 85, 'train_loss': 0.0006, 'train_acc': 1.0, 'task_loss': (0.0, 0.0005)}
{'epoch': 86, 'train_loss': 0.0006, 'train_acc': 1.0, 'task_loss': (0.0, 0.0005)}
{'epoch': 87, 'train_loss': 0.0009, 'train_acc': 1.0, 'task_loss': (1e-04, 0.0008)}
{'epoch': 88, 'train_loss': 0.0007, 'train_acc': 1.0, 'task_loss': (0.0, 0.0006)}
{'epoch': 89, 'train_loss': 0.0009, 'train_acc': 1.0, 'task_loss': (0.0, 0.0009)}
{'epoch': 90, 'train_loss': 0.0007, 'train_acc': 1.0, 'task_loss': (1e-04, 0.0007)}
{'epoch': 91, 'train_loss': 0.0007, 'train_acc': 1.0, 'task_loss': (0.0, 0.0006)}
{'epoch': 92, 'train_loss': 0.0006, 'train_acc': 1.0, 'task_loss': (0.0, 0.0006)}
{'epoch': 93, 'train_loss': 0.0007, 'train_acc': 1.0, 'task_loss': (0.0, 0.0006)}
{'epoch': 94, 'train_loss': 0.0008, 'train_acc': 1.0, 'task_loss': (0.0, 0.0008)}
{'epoch': 95, 'train_loss': 0.0007, 'train_acc': 1.0, 'task_loss': (0.0, 0.0006)}
{'epoch': 96, 'train_loss': 0.0005, 'train_acc': 1.0, 'task_loss': (0.0, 0.0005)}
{'epoch': 97, 'train_loss': 0.0006, 'train_acc': 1.0, 'task_loss': (0.0, 0.0005)}
{'epoch': 98, 'train_loss': 0.0006, 'train_acc': 1.0, 'task_loss': (0.0, 0.0006)}
{'epoch': 99, 'train_loss': 0.0007, 'train_acc': 1.0, 'task_loss': (0.0, 0.0006)}
{'epoch': 100, 'train_loss': 0.0006, 'train_acc': 1.0, 'task_loss': (0.0, 0.0006)}
{'run_num': 9, 'final_test_err': 0.16612377850162863}
{'avg_err': 0.1528, 'std_err': 0.0152}
