{'deploy': True, 'tag': '05_ood/02_domain_alpha1', 'seed': 10, 'device': 'cuda:0', 'reps': 10, 'loss': {'alpha': 0.5, 'tune_alpha': False, 'group_task_loss': True}, 'task': {'dataset': 'domain_net', 'task_map': [[0, 1], [2, 3], [4, 5], [6, 7], [8, 9]], 'target': 0, 'ood': [2], 'augment': False, 'n': 100, 'm_n': 0.5, 'beta': 0.5, 'custom_sampler': False, 'm_cinic': 1, 'm_cinic_neg': 0.0}, 'hp': {'epochs': 100, 'bs': 16, 'lr': 0.01}, 'net': 'conv'}
Files already downloaded and verified
Files already downloaded and verified
{'epoch': 1, 'train_loss': 0.7317, 'train_acc': 0.67, 'task_loss': (0.3001, 0.4315)}
{'epoch': 2, 'train_loss': 0.3862, 'train_acc': 0.8033, 'task_loss': (0.1987, 0.1876)}
{'epoch': 3, 'train_loss': 0.3001, 'train_acc': 0.8667, 'task_loss': (0.1781, 0.1219)}
{'epoch': 4, 'train_loss': 0.3056, 'train_acc': 0.8733, 'task_loss': (0.1477, 0.1579)}
{'epoch': 5, 'train_loss': 0.2238, 'train_acc': 0.9267, 'task_loss': (0.0991, 0.1247)}
{'epoch': 6, 'train_loss': 0.115, 'train_acc': 0.9567, 'task_loss': (0.0656, 0.0494)}
{'epoch': 7, 'train_loss': 0.1241, 'train_acc': 0.9533, 'task_loss': (0.0613, 0.0628)}
{'epoch': 8, 'train_loss': 0.1014, 'train_acc': 0.9567, 'task_loss': (0.057, 0.0445)}
{'epoch': 9, 'train_loss': 0.0427, 'train_acc': 0.98, 'task_loss': (0.0217, 0.021)}
{'epoch': 10, 'train_loss': 0.021, 'train_acc': 0.9967, 'task_loss': (0.0153, 0.0057)}
{'epoch': 11, 'train_loss': 0.014, 'train_acc': 0.9967, 'task_loss': (0.0087, 0.0054)}
{'epoch': 12, 'train_loss': 0.0185, 'train_acc': 0.9933, 'task_loss': (0.015, 0.0035)}
{'epoch': 13, 'train_loss': 0.0127, 'train_acc': 0.9967, 'task_loss': (0.0102, 0.0025)}
{'epoch': 14, 'train_loss': 0.0081, 'train_acc': 1.0, 'task_loss': (0.0033, 0.0048)}
{'epoch': 15, 'train_loss': 0.0076, 'train_acc': 1.0, 'task_loss': (0.0053, 0.0023)}
{'epoch': 16, 'train_loss': 0.0043, 'train_acc': 1.0, 'task_loss': (0.0014, 0.0029)}
{'epoch': 17, 'train_loss': 0.0029, 'train_acc': 1.0, 'task_loss': (0.0024, 0.0005)}
{'epoch': 18, 'train_loss': 0.0034, 'train_acc': 1.0, 'task_loss': (0.0026, 0.0009)}
{'epoch': 19, 'train_loss': 0.0017, 'train_acc': 1.0, 'task_loss': (0.0012, 0.0005)}
{'epoch': 20, 'train_loss': 0.0031, 'train_acc': 1.0, 'task_loss': (0.0024, 0.0007)}
{'epoch': 21, 'train_loss': 0.0017, 'train_acc': 1.0, 'task_loss': (0.0011, 0.0006)}
{'epoch': 22, 'train_loss': 0.0015, 'train_acc': 1.0, 'task_loss': (0.0011, 0.0004)}
{'epoch': 23, 'train_loss': 0.001, 'train_acc': 1.0, 'task_loss': (0.0006, 0.0004)}
{'epoch': 24, 'train_loss': 0.001, 'train_acc': 1.0, 'task_loss': (0.0007, 0.0004)}
{'epoch': 25, 'train_loss': 0.0011, 'train_acc': 1.0, 'task_loss': (0.0006, 0.0005)}
{'epoch': 26, 'train_loss': 0.0008, 'train_acc': 1.0, 'task_loss': (0.0005, 0.0003)}
{'epoch': 27, 'train_loss': 0.001, 'train_acc': 1.0, 'task_loss': (0.0006, 0.0004)}
{'epoch': 28, 'train_loss': 0.0014, 'train_acc': 1.0, 'task_loss': (0.0011, 0.0003)}
{'epoch': 29, 'train_loss': 0.001, 'train_acc': 1.0, 'task_loss': (0.0008, 0.0003)}
{'epoch': 30, 'train_loss': 0.0008, 'train_acc': 1.0, 'task_loss': (0.0006, 0.0002)}
{'epoch': 31, 'train_loss': 0.0008, 'train_acc': 1.0, 'task_loss': (0.0006, 0.0002)}
{'epoch': 32, 'train_loss': 0.0024, 'train_acc': 1.0, 'task_loss': (0.0019, 0.0005)}
{'epoch': 33, 'train_loss': 0.0016, 'train_acc': 1.0, 'task_loss': (0.0014, 0.0003)}
{'epoch': 34, 'train_loss': 0.001, 'train_acc': 1.0, 'task_loss': (0.0006, 0.0005)}
{'epoch': 35, 'train_loss': 0.0006, 'train_acc': 1.0, 'task_loss': (0.0004, 0.0002)}
{'epoch': 36, 'train_loss': 0.0005, 'train_acc': 1.0, 'task_loss': (0.0003, 0.0002)}
{'epoch': 37, 'train_loss': 0.0011, 'train_acc': 1.0, 'task_loss': (0.0009, 0.0002)}
{'epoch': 38, 'train_loss': 0.0007, 'train_acc': 1.0, 'task_loss': (0.0006, 1e-04)}
{'epoch': 39, 'train_loss': 0.0008, 'train_acc': 1.0, 'task_loss': (0.0006, 0.0002)}
{'epoch': 40, 'train_loss': 0.0011, 'train_acc': 1.0, 'task_loss': (0.0007, 0.0004)}
{'epoch': 41, 'train_loss': 0.0012, 'train_acc': 1.0, 'task_loss': (0.0008, 0.0003)}
{'epoch': 42, 'train_loss': 0.0007, 'train_acc': 1.0, 'task_loss': (0.0005, 0.0002)}
{'epoch': 43, 'train_loss': 0.0008, 'train_acc': 1.0, 'task_loss': (0.0006, 1e-04)}
{'epoch': 44, 'train_loss': 0.0014, 'train_acc': 1.0, 'task_loss': (0.001, 0.0004)}
{'epoch': 45, 'train_loss': 0.0008, 'train_acc': 1.0, 'task_loss': (0.0006, 0.0003)}
{'epoch': 46, 'train_loss': 0.0006, 'train_acc': 1.0, 'task_loss': (0.0003, 0.0003)}
{'epoch': 47, 'train_loss': 0.0011, 'train_acc': 1.0, 'task_loss': (0.0007, 0.0004)}
{'epoch': 48, 'train_loss': 0.0006, 'train_acc': 1.0, 'task_loss': (0.0003, 0.0003)}
{'epoch': 49, 'train_loss': 0.0014, 'train_acc': 1.0, 'task_loss': (0.0012, 0.0002)}
{'epoch': 50, 'train_loss': 0.0005, 'train_acc': 1.0, 'task_loss': (0.0004, 0.0002)}
{'epoch': 51, 'train_loss': 0.0004, 'train_acc': 1.0, 'task_loss': (0.0003, 1e-04)}
{'epoch': 52, 'train_loss': 0.0005, 'train_acc': 1.0, 'task_loss': (0.0004, 1e-04)}
{'epoch': 53, 'train_loss': 0.0004, 'train_acc': 1.0, 'task_loss': (0.0003, 1e-04)}
{'epoch': 54, 'train_loss': 0.0017, 'train_acc': 1.0, 'task_loss': (0.0014, 0.0003)}
{'epoch': 55, 'train_loss': 0.0004, 'train_acc': 1.0, 'task_loss': (0.0003, 0.0002)}
{'epoch': 56, 'train_loss': 0.0006, 'train_acc': 1.0, 'task_loss': (0.0005, 1e-04)}
{'epoch': 57, 'train_loss': 0.0004, 'train_acc': 1.0, 'task_loss': (0.0003, 1e-04)}
{'epoch': 58, 'train_loss': 0.0004, 'train_acc': 1.0, 'task_loss': (0.0003, 1e-04)}
{'epoch': 59, 'train_loss': 0.0008, 'train_acc': 1.0, 'task_loss': (0.0007, 0.0002)}
{'epoch': 60, 'train_loss': 0.0008, 'train_acc': 1.0, 'task_loss': (0.0006, 0.0002)}
{'epoch': 61, 'train_loss': 0.0003, 'train_acc': 1.0, 'task_loss': (0.0002, 1e-04)}
{'epoch': 62, 'train_loss': 0.0005, 'train_acc': 1.0, 'task_loss': (0.0004, 1e-04)}
{'epoch': 63, 'train_loss': 0.0003, 'train_acc': 1.0, 'task_loss': (0.0002, 1e-04)}
{'epoch': 64, 'train_loss': 0.0003, 'train_acc': 1.0, 'task_loss': (0.0002, 1e-04)}
{'epoch': 65, 'train_loss': 0.0004, 'train_acc': 1.0, 'task_loss': (0.0002, 1e-04)}
{'epoch': 66, 'train_loss': 0.0006, 'train_acc': 1.0, 'task_loss': (0.0004, 0.0002)}
{'epoch': 67, 'train_loss': 0.0004, 'train_acc': 1.0, 'task_loss': (0.0002, 1e-04)}
{'epoch': 68, 'train_loss': 0.0009, 'train_acc': 1.0, 'task_loss': (0.0007, 1e-04)}
{'epoch': 69, 'train_loss': 0.0003, 'train_acc': 1.0, 'task_loss': (0.0002, 1e-04)}
{'epoch': 70, 'train_loss': 0.0006, 'train_acc': 1.0, 'task_loss': (0.0003, 0.0003)}
{'epoch': 71, 'train_loss': 0.0006, 'train_acc': 1.0, 'task_loss': (0.0005, 1e-04)}
{'epoch': 72, 'train_loss': 0.0004, 'train_acc': 1.0, 'task_loss': (0.0003, 1e-04)}
{'epoch': 73, 'train_loss': 0.0005, 'train_acc': 1.0, 'task_loss': (0.0003, 0.0002)}
{'epoch': 74, 'train_loss': 0.0004, 'train_acc': 1.0, 'task_loss': (0.0002, 0.0002)}
{'epoch': 75, 'train_loss': 0.0009, 'train_acc': 1.0, 'task_loss': (0.0007, 0.0002)}
{'epoch': 76, 'train_loss': 0.0007, 'train_acc': 1.0, 'task_loss': (0.0006, 0.0002)}
{'epoch': 77, 'train_loss': 0.0003, 'train_acc': 1.0, 'task_loss': (0.0002, 1e-04)}
{'epoch': 78, 'train_loss': 0.0004, 'train_acc': 1.0, 'task_loss': (0.0002, 0.0002)}
{'epoch': 79, 'train_loss': 0.0003, 'train_acc': 1.0, 'task_loss': (0.0002, 1e-04)}
{'epoch': 80, 'train_loss': 0.0003, 'train_acc': 1.0, 'task_loss': (0.0002, 1e-04)}
{'epoch': 81, 'train_loss': 0.001, 'train_acc': 1.0, 'task_loss': (0.0006, 0.0004)}
{'epoch': 82, 'train_loss': 0.0002, 'train_acc': 1.0, 'task_loss': (0.0002, 1e-04)}
{'epoch': 83, 'train_loss': 0.0003, 'train_acc': 1.0, 'task_loss': (0.0002, 1e-04)}
{'epoch': 84, 'train_loss': 0.0005, 'train_acc': 1.0, 'task_loss': (0.0004, 0.0002)}
{'epoch': 85, 'train_loss': 0.0003, 'train_acc': 1.0, 'task_loss': (0.0002, 1e-04)}
{'epoch': 86, 'train_loss': 0.0005, 'train_acc': 1.0, 'task_loss': (0.0004, 1e-04)}
{'epoch': 87, 'train_loss': 0.0004, 'train_acc': 1.0, 'task_loss': (0.0003, 1e-04)}
{'epoch': 88, 'train_loss': 0.0004, 'train_acc': 1.0, 'task_loss': (0.0002, 1e-04)}
{'epoch': 89, 'train_loss': 0.0006, 'train_acc': 1.0, 'task_loss': (0.0005, 0.0002)}
{'epoch': 90, 'train_loss': 0.0003, 'train_acc': 1.0, 'task_loss': (0.0002, 1e-04)}
{'epoch': 91, 'train_loss': 0.0005, 'train_acc': 1.0, 'task_loss': (0.0003, 0.0002)}
{'epoch': 92, 'train_loss': 0.0004, 'train_acc': 1.0, 'task_loss': (0.0002, 0.0002)}
{'epoch': 93, 'train_loss': 0.0007, 'train_acc': 1.0, 'task_loss': (0.0005, 0.0002)}
{'epoch': 94, 'train_loss': 0.0002, 'train_acc': 1.0, 'task_loss': (1e-04, 1e-04)}
{'epoch': 95, 'train_loss': 0.0003, 'train_acc': 1.0, 'task_loss': (0.0002, 1e-04)}
{'epoch': 96, 'train_loss': 0.0003, 'train_acc': 1.0, 'task_loss': (0.0002, 1e-04)}
{'epoch': 97, 'train_loss': 0.0004, 'train_acc': 1.0, 'task_loss': (0.0003, 1e-04)}
{'epoch': 98, 'train_loss': 0.0003, 'train_acc': 1.0, 'task_loss': (1e-04, 1e-04)}
{'epoch': 99, 'train_loss': 0.0007, 'train_acc': 1.0, 'task_loss': (0.0006, 1e-04)}
{'epoch': 100, 'train_loss': 0.0021, 'train_acc': 1.0, 'task_loss': (0.0016, 0.0005)}
{'run_num': 0, 'final_test_err': 0.15635179153094458}
Files already downloaded and verified
Files already downloaded and verified
{'epoch': 1, 'train_loss': 0.863, 'train_acc': 0.5767, 'task_loss': (0.32, 0.543)}
{'epoch': 2, 'train_loss': 0.5741, 'train_acc': 0.7433, 'task_loss': (0.2445, 0.3295)}
{'epoch': 3, 'train_loss': 0.4867, 'train_acc': 0.8033, 'task_loss': (0.2142, 0.2725)}
{'epoch': 4, 'train_loss': 0.2538, 'train_acc': 0.8933, 'task_loss': (0.1222, 0.1316)}
{'epoch': 5, 'train_loss': 0.2127, 'train_acc': 0.9067, 'task_loss': (0.1024, 0.1103)}
{'epoch': 6, 'train_loss': 0.1608, 'train_acc': 0.9267, 'task_loss': (0.0904, 0.0703)}
{'epoch': 7, 'train_loss': 0.1374, 'train_acc': 0.9433, 'task_loss': (0.0707, 0.0667)}
{'epoch': 8, 'train_loss': 0.0813, 'train_acc': 0.9633, 'task_loss': (0.0396, 0.0417)}
{'epoch': 9, 'train_loss': 0.0531, 'train_acc': 0.9867, 'task_loss': (0.0343, 0.0188)}
{'epoch': 10, 'train_loss': 0.0798, 'train_acc': 0.9733, 'task_loss': (0.0375, 0.0423)}
{'epoch': 11, 'train_loss': 0.0417, 'train_acc': 0.9867, 'task_loss': (0.0259, 0.0158)}
{'epoch': 12, 'train_loss': 0.0218, 'train_acc': 0.9967, 'task_loss': (0.0181, 0.0037)}
{'epoch': 13, 'train_loss': 0.0135, 'train_acc': 1.0, 'task_loss': (0.0091, 0.0044)}
{'epoch': 14, 'train_loss': 0.0075, 'train_acc': 1.0, 'task_loss': (0.0056, 0.0019)}
{'epoch': 15, 'train_loss': 0.0077, 'train_acc': 1.0, 'task_loss': (0.0063, 0.0013)}
{'epoch': 16, 'train_loss': 0.0048, 'train_acc': 1.0, 'task_loss': (0.0034, 0.0014)}
{'epoch': 17, 'train_loss': 0.0034, 'train_acc': 1.0, 'task_loss': (0.0021, 0.0013)}
{'epoch': 18, 'train_loss': 0.0036, 'train_acc': 1.0, 'task_loss': (0.0025, 0.0011)}
{'epoch': 19, 'train_loss': 0.0029, 'train_acc': 1.0, 'task_loss': (0.0019, 0.0011)}
{'epoch': 20, 'train_loss': 0.0033, 'train_acc': 1.0, 'task_loss': (0.0027, 0.0006)}
{'epoch': 21, 'train_loss': 0.0068, 'train_acc': 1.0, 'task_loss': (0.0048, 0.002)}
{'epoch': 22, 'train_loss': 0.0024, 'train_acc': 1.0, 'task_loss': (0.0017, 0.0007)}
{'epoch': 23, 'train_loss': 0.0034, 'train_acc': 1.0, 'task_loss': (0.0026, 0.0008)}
{'epoch': 24, 'train_loss': 0.0019, 'train_acc': 1.0, 'task_loss': (0.0012, 0.0007)}
{'epoch': 25, 'train_loss': 0.002, 'train_acc': 1.0, 'task_loss': (0.0013, 0.0007)}
{'epoch': 26, 'train_loss': 0.002, 'train_acc': 1.0, 'task_loss': (0.0015, 0.0004)}
{'epoch': 27, 'train_loss': 0.0013, 'train_acc': 1.0, 'task_loss': (0.0009, 0.0004)}
{'epoch': 28, 'train_loss': 0.0015, 'train_acc': 1.0, 'task_loss': (0.001, 0.0005)}
{'epoch': 29, 'train_loss': 0.001, 'train_acc': 1.0, 'task_loss': (0.0007, 0.0003)}
{'epoch': 30, 'train_loss': 0.0012, 'train_acc': 1.0, 'task_loss': (0.0008, 0.0004)}
{'epoch': 31, 'train_loss': 0.0011, 'train_acc': 1.0, 'task_loss': (0.0009, 0.0003)}
{'epoch': 32, 'train_loss': 0.0013, 'train_acc': 1.0, 'task_loss': (0.0009, 0.0003)}
{'epoch': 33, 'train_loss': 0.0007, 'train_acc': 1.0, 'task_loss': (0.0005, 0.0002)}
{'epoch': 34, 'train_loss': 0.0013, 'train_acc': 1.0, 'task_loss': (0.001, 0.0004)}
{'epoch': 35, 'train_loss': 0.0012, 'train_acc': 1.0, 'task_loss': (0.0008, 0.0003)}
{'epoch': 36, 'train_loss': 0.002, 'train_acc': 1.0, 'task_loss': (0.0017, 0.0003)}
{'epoch': 37, 'train_loss': 0.0008, 'train_acc': 1.0, 'task_loss': (0.0005, 0.0002)}
{'epoch': 38, 'train_loss': 0.002, 'train_acc': 1.0, 'task_loss': (0.001, 0.001)}
{'epoch': 39, 'train_loss': 0.0011, 'train_acc': 1.0, 'task_loss': (0.0009, 0.0002)}
{'epoch': 40, 'train_loss': 0.0026, 'train_acc': 1.0, 'task_loss': (0.002, 0.0006)}
{'epoch': 41, 'train_loss': 0.001, 'train_acc': 1.0, 'task_loss': (0.0007, 0.0003)}
{'epoch': 42, 'train_loss': 0.001, 'train_acc': 1.0, 'task_loss': (0.0007, 0.0003)}
{'epoch': 43, 'train_loss': 0.0007, 'train_acc': 1.0, 'task_loss': (0.0005, 0.0002)}
{'epoch': 44, 'train_loss': 0.0012, 'train_acc': 1.0, 'task_loss': (0.0008, 0.0004)}
{'epoch': 45, 'train_loss': 0.0007, 'train_acc': 1.0, 'task_loss': (0.0004, 0.0002)}
{'epoch': 46, 'train_loss': 0.001, 'train_acc': 1.0, 'task_loss': (0.0008, 0.0002)}
{'epoch': 47, 'train_loss': 0.0006, 'train_acc': 1.0, 'task_loss': (0.0004, 0.0002)}
{'epoch': 48, 'train_loss': 0.0005, 'train_acc': 1.0, 'task_loss': (0.0004, 0.0002)}
{'epoch': 49, 'train_loss': 0.0005, 'train_acc': 1.0, 'task_loss': (0.0004, 1e-04)}
{'epoch': 50, 'train_loss': 0.0007, 'train_acc': 1.0, 'task_loss': (0.0005, 0.0002)}
{'epoch': 51, 'train_loss': 0.0007, 'train_acc': 1.0, 'task_loss': (0.0005, 0.0002)}
{'epoch': 52, 'train_loss': 0.0005, 'train_acc': 1.0, 'task_loss': (0.0003, 0.0002)}
{'epoch': 53, 'train_loss': 0.0006, 'train_acc': 1.0, 'task_loss': (0.0005, 1e-04)}
{'epoch': 54, 'train_loss': 0.0006, 'train_acc': 1.0, 'task_loss': (0.0004, 0.0002)}
{'epoch': 55, 'train_loss': 0.0005, 'train_acc': 1.0, 'task_loss': (0.0004, 1e-04)}
{'epoch': 56, 'train_loss': 0.0007, 'train_acc': 1.0, 'task_loss': (0.0006, 1e-04)}
{'epoch': 57, 'train_loss': 0.0003, 'train_acc': 1.0, 'task_loss': (0.0002, 1e-04)}
{'epoch': 58, 'train_loss': 0.0009, 'train_acc': 1.0, 'task_loss': (0.0006, 0.0003)}
{'epoch': 59, 'train_loss': 0.0009, 'train_acc': 1.0, 'task_loss': (0.0007, 0.0003)}
{'epoch': 60, 'train_loss': 0.0005, 'train_acc': 1.0, 'task_loss': (0.0003, 0.0002)}
{'epoch': 61, 'train_loss': 0.0013, 'train_acc': 1.0, 'task_loss': (0.0011, 1e-04)}
{'epoch': 62, 'train_loss': 0.0005, 'train_acc': 1.0, 'task_loss': (0.0004, 0.0002)}
{'epoch': 63, 'train_loss': 0.0008, 'train_acc': 1.0, 'task_loss': (0.0006, 0.0002)}
{'epoch': 64, 'train_loss': 0.0005, 'train_acc': 1.0, 'task_loss': (0.0003, 0.0002)}
{'epoch': 65, 'train_loss': 0.0009, 'train_acc': 1.0, 'task_loss': (0.0007, 0.0002)}
{'epoch': 66, 'train_loss': 0.0007, 'train_acc': 1.0, 'task_loss': (0.0005, 0.0002)}
{'epoch': 67, 'train_loss': 0.0006, 'train_acc': 1.0, 'task_loss': (0.0004, 0.0002)}
{'epoch': 68, 'train_loss': 0.0006, 'train_acc': 1.0, 'task_loss': (0.0004, 0.0002)}
{'epoch': 69, 'train_loss': 0.0004, 'train_acc': 1.0, 'task_loss': (0.0003, 1e-04)}
{'epoch': 70, 'train_loss': 0.0007, 'train_acc': 1.0, 'task_loss': (0.0005, 1e-04)}
{'epoch': 71, 'train_loss': 0.0004, 'train_acc': 1.0, 'task_loss': (0.0003, 1e-04)}
{'epoch': 72, 'train_loss': 0.0005, 'train_acc': 1.0, 'task_loss': (0.0004, 1e-04)}
{'epoch': 73, 'train_loss': 0.0008, 'train_acc': 1.0, 'task_loss': (0.0005, 0.0003)}
{'epoch': 74, 'train_loss': 0.0004, 'train_acc': 1.0, 'task_loss': (0.0003, 1e-04)}
{'epoch': 75, 'train_loss': 0.001, 'train_acc': 1.0, 'task_loss': (0.0008, 0.0002)}
{'epoch': 76, 'train_loss': 0.0008, 'train_acc': 1.0, 'task_loss': (0.0007, 0.0002)}
{'epoch': 77, 'train_loss': 0.0003, 'train_acc': 1.0, 'task_loss': (0.0002, 1e-04)}
{'epoch': 78, 'train_loss': 0.0004, 'train_acc': 1.0, 'task_loss': (0.0002, 1e-04)}
{'epoch': 79, 'train_loss': 0.0003, 'train_acc': 1.0, 'task_loss': (0.0002, 1e-04)}
{'epoch': 80, 'train_loss': 0.0004, 'train_acc': 1.0, 'task_loss': (0.0003, 1e-04)}
{'epoch': 81, 'train_loss': 0.0007, 'train_acc': 1.0, 'task_loss': (0.0005, 0.0002)}
{'epoch': 82, 'train_loss': 0.001, 'train_acc': 1.0, 'task_loss': (0.0006, 0.0004)}
{'epoch': 83, 'train_loss': 0.001, 'train_acc': 1.0, 'task_loss': (0.0007, 0.0003)}
{'epoch': 84, 'train_loss': 0.0004, 'train_acc': 1.0, 'task_loss': (0.0003, 1e-04)}
{'epoch': 85, 'train_loss': 0.0004, 'train_acc': 1.0, 'task_loss': (0.0003, 1e-04)}
{'epoch': 86, 'train_loss': 0.0004, 'train_acc': 1.0, 'task_loss': (0.0003, 1e-04)}
{'epoch': 87, 'train_loss': 0.0005, 'train_acc': 1.0, 'task_loss': (0.0004, 1e-04)}
{'epoch': 88, 'train_loss': 0.0004, 'train_acc': 1.0, 'task_loss': (0.0003, 1e-04)}
{'epoch': 89, 'train_loss': 0.0004, 'train_acc': 1.0, 'task_loss': (0.0003, 1e-04)}
{'epoch': 90, 'train_loss': 0.0005, 'train_acc': 1.0, 'task_loss': (0.0004, 1e-04)}
{'epoch': 91, 'train_loss': 0.0005, 'train_acc': 1.0, 'task_loss': (0.0003, 1e-04)}
{'epoch': 92, 'train_loss': 0.0004, 'train_acc': 1.0, 'task_loss': (0.0002, 1e-04)}
{'epoch': 93, 'train_loss': 0.0004, 'train_acc': 1.0, 'task_loss': (0.0003, 1e-04)}
{'epoch': 94, 'train_loss': 0.0004, 'train_acc': 1.0, 'task_loss': (0.0003, 1e-04)}
{'epoch': 95, 'train_loss': 0.0005, 'train_acc': 1.0, 'task_loss': (0.0004, 0.0002)}
{'epoch': 96, 'train_loss': 0.0008, 'train_acc': 1.0, 'task_loss': (0.0007, 1e-04)}
{'epoch': 97, 'train_loss': 0.0004, 'train_acc': 1.0, 'task_loss': (0.0003, 1e-04)}
{'epoch': 98, 'train_loss': 0.0005, 'train_acc': 1.0, 'task_loss': (0.0004, 1e-04)}
{'epoch': 99, 'train_loss': 0.0005, 'train_acc': 1.0, 'task_loss': (0.0004, 1e-04)}
{'epoch': 100, 'train_loss': 0.0003, 'train_acc': 1.0, 'task_loss': (0.0002, 1e-04)}
{'run_num': 1, 'final_test_err': 0.1400651465798045}
Files already downloaded and verified
Files already downloaded and verified
{'epoch': 1, 'train_loss': 0.8048, 'train_acc': 0.6167, 'task_loss': (0.2961, 0.5087)}
{'epoch': 2, 'train_loss': 0.4001, 'train_acc': 0.8367, 'task_loss': (0.1765, 0.2236)}
{'epoch': 3, 'train_loss': 0.3165, 'train_acc': 0.86, 'task_loss': (0.1462, 0.1703)}
{'epoch': 4, 'train_loss': 0.2696, 'train_acc': 0.9067, 'task_loss': (0.1058, 0.1638)}
{'epoch': 5, 'train_loss': 0.2105, 'train_acc': 0.9, 'task_loss': (0.1187, 0.0918)}
{'epoch': 6, 'train_loss': 0.1322, 'train_acc': 0.96, 'task_loss': (0.0607, 0.0715)}
{'epoch': 7, 'train_loss': 0.0919, 'train_acc': 0.9667, 'task_loss': (0.0508, 0.0412)}
{'epoch': 8, 'train_loss': 0.0556, 'train_acc': 0.98, 'task_loss': (0.0372, 0.0184)}
{'epoch': 9, 'train_loss': 0.0323, 'train_acc': 0.9933, 'task_loss': (0.0192, 0.0131)}
{'epoch': 10, 'train_loss': 0.0143, 'train_acc': 1.0, 'task_loss': (0.0088, 0.0055)}
{'epoch': 11, 'train_loss': 0.0126, 'train_acc': 0.9967, 'task_loss': (0.0103, 0.0023)}
{'epoch': 12, 'train_loss': 0.013, 'train_acc': 0.9967, 'task_loss': (0.0062, 0.0069)}
{'epoch': 13, 'train_loss': 0.0115, 'train_acc': 0.9967, 'task_loss': (0.0102, 0.0013)}
{'epoch': 14, 'train_loss': 0.007, 'train_acc': 1.0, 'task_loss': (0.0053, 0.0017)}
{'epoch': 15, 'train_loss': 0.0076, 'train_acc': 1.0, 'task_loss': (0.0046, 0.0031)}
{'epoch': 16, 'train_loss': 0.0047, 'train_acc': 1.0, 'task_loss': (0.0027, 0.002)}
{'epoch': 17, 'train_loss': 0.0038, 'train_acc': 1.0, 'task_loss': (0.003, 0.0008)}
{'epoch': 18, 'train_loss': 0.0028, 'train_acc': 1.0, 'task_loss': (0.0019, 0.0009)}
{'epoch': 19, 'train_loss': 0.0026, 'train_acc': 1.0, 'task_loss': (0.0019, 0.0006)}
{'epoch': 20, 'train_loss': 0.0023, 'train_acc': 1.0, 'task_loss': (0.0015, 0.0007)}
{'epoch': 21, 'train_loss': 0.0019, 'train_acc': 1.0, 'task_loss': (0.0015, 0.0004)}
{'epoch': 22, 'train_loss': 0.0018, 'train_acc': 1.0, 'task_loss': (0.0012, 0.0006)}
{'epoch': 23, 'train_loss': 0.0011, 'train_acc': 1.0, 'task_loss': (0.0007, 0.0004)}
{'epoch': 24, 'train_loss': 0.0015, 'train_acc': 1.0, 'task_loss': (0.0011, 0.0004)}
{'epoch': 25, 'train_loss': 0.0017, 'train_acc': 1.0, 'task_loss': (0.0012, 0.0004)}
{'epoch': 26, 'train_loss': 0.0012, 'train_acc': 1.0, 'task_loss': (0.0008, 0.0004)}
{'epoch': 27, 'train_loss': 0.0021, 'train_acc': 1.0, 'task_loss': (0.0018, 0.0003)}
{'epoch': 28, 'train_loss': 0.0016, 'train_acc': 1.0, 'task_loss': (0.001, 0.0006)}
{'epoch': 29, 'train_loss': 0.0013, 'train_acc': 1.0, 'task_loss': (0.0011, 0.0002)}
{'epoch': 30, 'train_loss': 0.0021, 'train_acc': 1.0, 'task_loss': (0.0017, 0.0004)}
{'epoch': 31, 'train_loss': 0.0026, 'train_acc': 1.0, 'task_loss': (0.0022, 0.0004)}
{'epoch': 32, 'train_loss': 0.0012, 'train_acc': 1.0, 'task_loss': (0.0008, 0.0003)}
{'epoch': 33, 'train_loss': 0.0012, 'train_acc': 1.0, 'task_loss': (0.0009, 0.0003)}
{'epoch': 34, 'train_loss': 0.001, 'train_acc': 1.0, 'task_loss': (0.0007, 0.0003)}
{'epoch': 35, 'train_loss': 0.001, 'train_acc': 1.0, 'task_loss': (0.0008, 0.0002)}
{'epoch': 36, 'train_loss': 0.0015, 'train_acc': 1.0, 'task_loss': (0.0011, 0.0004)}
{'epoch': 37, 'train_loss': 0.0006, 'train_acc': 1.0, 'task_loss': (0.0003, 0.0002)}
{'epoch': 38, 'train_loss': 0.0006, 'train_acc': 1.0, 'task_loss': (0.0004, 0.0002)}
{'epoch': 39, 'train_loss': 0.0019, 'train_acc': 1.0, 'task_loss': (0.0014, 0.0004)}
{'epoch': 40, 'train_loss': 0.0016, 'train_acc': 1.0, 'task_loss': (0.0014, 0.0002)}
{'epoch': 41, 'train_loss': 0.0006, 'train_acc': 1.0, 'task_loss': (0.0004, 0.0002)}
{'epoch': 42, 'train_loss': 0.0008, 'train_acc': 1.0, 'task_loss': (0.0006, 0.0003)}
{'epoch': 43, 'train_loss': 0.0009, 'train_acc': 1.0, 'task_loss': (0.0004, 0.0005)}
{'epoch': 44, 'train_loss': 0.0007, 'train_acc': 1.0, 'task_loss': (0.0004, 0.0003)}
{'epoch': 45, 'train_loss': 0.0006, 'train_acc': 1.0, 'task_loss': (0.0005, 1e-04)}
{'epoch': 46, 'train_loss': 0.0007, 'train_acc': 1.0, 'task_loss': (0.0006, 1e-04)}
{'epoch': 47, 'train_loss': 0.0007, 'train_acc': 1.0, 'task_loss': (0.0005, 1e-04)}
{'epoch': 48, 'train_loss': 0.0007, 'train_acc': 1.0, 'task_loss': (0.0005, 0.0002)}
{'epoch': 49, 'train_loss': 0.0007, 'train_acc': 1.0, 'task_loss': (0.0005, 1e-04)}
{'epoch': 50, 'train_loss': 0.0007, 'train_acc': 1.0, 'task_loss': (0.0004, 0.0003)}
{'epoch': 51, 'train_loss': 0.0008, 'train_acc': 1.0, 'task_loss': (0.0007, 1e-04)}
{'epoch': 52, 'train_loss': 0.0005, 'train_acc': 1.0, 'task_loss': (0.0004, 1e-04)}
{'epoch': 53, 'train_loss': 0.0008, 'train_acc': 1.0, 'task_loss': (0.0006, 0.0002)}
{'epoch': 54, 'train_loss': 0.0004, 'train_acc': 1.0, 'task_loss': (0.0003, 1e-04)}
{'epoch': 55, 'train_loss': 0.0009, 'train_acc': 1.0, 'task_loss': (0.0007, 0.0003)}
{'epoch': 56, 'train_loss': 0.0004, 'train_acc': 1.0, 'task_loss': (0.0003, 1e-04)}
{'epoch': 57, 'train_loss': 0.001, 'train_acc': 1.0, 'task_loss': (0.0007, 0.0003)}
{'epoch': 58, 'train_loss': 0.0005, 'train_acc': 1.0, 'task_loss': (0.0003, 1e-04)}
{'epoch': 59, 'train_loss': 0.0006, 'train_acc': 1.0, 'task_loss': (0.0004, 0.0002)}
{'epoch': 60, 'train_loss': 0.0006, 'train_acc': 1.0, 'task_loss': (0.0004, 0.0002)}
{'epoch': 61, 'train_loss': 0.001, 'train_acc': 1.0, 'task_loss': (0.0008, 0.0002)}
{'epoch': 62, 'train_loss': 0.0004, 'train_acc': 1.0, 'task_loss': (0.0002, 0.0002)}
{'epoch': 63, 'train_loss': 0.001, 'train_acc': 1.0, 'task_loss': (0.0005, 0.0005)}
{'epoch': 64, 'train_loss': 0.0003, 'train_acc': 1.0, 'task_loss': (0.0002, 1e-04)}
{'epoch': 65, 'train_loss': 0.0006, 'train_acc': 1.0, 'task_loss': (0.0004, 0.0002)}
{'epoch': 66, 'train_loss': 0.0006, 'train_acc': 1.0, 'task_loss': (0.0004, 0.0002)}
{'epoch': 67, 'train_loss': 0.0005, 'train_acc': 1.0, 'task_loss': (0.0004, 1e-04)}
{'epoch': 68, 'train_loss': 0.0019, 'train_acc': 1.0, 'task_loss': (0.0018, 1e-04)}
{'epoch': 69, 'train_loss': 0.001, 'train_acc': 1.0, 'task_loss': (0.0008, 0.0002)}
{'epoch': 70, 'train_loss': 0.0006, 'train_acc': 1.0, 'task_loss': (0.0005, 1e-04)}
{'epoch': 71, 'train_loss': 0.0006, 'train_acc': 1.0, 'task_loss': (0.0004, 0.0002)}
{'epoch': 72, 'train_loss': 0.0004, 'train_acc': 1.0, 'task_loss': (0.0003, 1e-04)}
{'epoch': 73, 'train_loss': 0.0003, 'train_acc': 1.0, 'task_loss': (0.0002, 1e-04)}
{'epoch': 74, 'train_loss': 0.001, 'train_acc': 1.0, 'task_loss': (0.0007, 0.0003)}
{'epoch': 75, 'train_loss': 0.0005, 'train_acc': 1.0, 'task_loss': (0.0004, 1e-04)}
{'epoch': 76, 'train_loss': 0.0006, 'train_acc': 1.0, 'task_loss': (0.0004, 0.0003)}
{'epoch': 77, 'train_loss': 0.0008, 'train_acc': 1.0, 'task_loss': (0.0007, 0.0002)}
{'epoch': 78, 'train_loss': 0.0003, 'train_acc': 1.0, 'task_loss': (0.0002, 1e-04)}
{'epoch': 79, 'train_loss': 0.0003, 'train_acc': 1.0, 'task_loss': (0.0002, 1e-04)}
{'epoch': 80, 'train_loss': 0.0005, 'train_acc': 1.0, 'task_loss': (0.0004, 1e-04)}
{'epoch': 81, 'train_loss': 0.0007, 'train_acc': 1.0, 'task_loss': (0.0002, 0.0005)}
{'epoch': 82, 'train_loss': 0.0004, 'train_acc': 1.0, 'task_loss': (0.0003, 1e-04)}
{'epoch': 83, 'train_loss': 0.0004, 'train_acc': 1.0, 'task_loss': (0.0003, 1e-04)}
{'epoch': 84, 'train_loss': 0.0005, 'train_acc': 1.0, 'task_loss': (0.0002, 0.0002)}
{'epoch': 85, 'train_loss': 0.0003, 'train_acc': 1.0, 'task_loss': (0.0002, 1e-04)}
{'epoch': 86, 'train_loss': 0.0006, 'train_acc': 1.0, 'task_loss': (0.0005, 1e-04)}
{'epoch': 87, 'train_loss': 0.0005, 'train_acc': 1.0, 'task_loss': (0.0004, 1e-04)}
{'epoch': 88, 'train_loss': 0.0004, 'train_acc': 1.0, 'task_loss': (0.0003, 1e-04)}
{'epoch': 89, 'train_loss': 0.0005, 'train_acc': 1.0, 'task_loss': (0.0004, 1e-04)}
{'epoch': 90, 'train_loss': 0.0005, 'train_acc': 1.0, 'task_loss': (0.0004, 1e-04)}
{'epoch': 91, 'train_loss': 0.0004, 'train_acc': 1.0, 'task_loss': (0.0002, 1e-04)}
{'epoch': 92, 'train_loss': 0.0004, 'train_acc': 1.0, 'task_loss': (0.0002, 0.0002)}
{'epoch': 93, 'train_loss': 0.0004, 'train_acc': 1.0, 'task_loss': (0.0003, 1e-04)}
{'epoch': 94, 'train_loss': 0.0003, 'train_acc': 1.0, 'task_loss': (0.0002, 1e-04)}
{'epoch': 95, 'train_loss': 0.0005, 'train_acc': 1.0, 'task_loss': (0.0004, 1e-04)}
{'epoch': 96, 'train_loss': 0.0002, 'train_acc': 1.0, 'task_loss': (0.0002, 1e-04)}
{'epoch': 97, 'train_loss': 0.0004, 'train_acc': 1.0, 'task_loss': (0.0003, 1e-04)}
{'epoch': 98, 'train_loss': 0.0009, 'train_acc': 1.0, 'task_loss': (0.0008, 1e-04)}
{'epoch': 99, 'train_loss': 0.0004, 'train_acc': 1.0, 'task_loss': (0.0003, 1e-04)}
{'epoch': 100, 'train_loss': 0.0004, 'train_acc': 1.0, 'task_loss': (0.0003, 1e-04)}
{'run_num': 2, 'final_test_err': 0.16612377850162863}
Files already downloaded and verified
Files already downloaded and verified
{'epoch': 1, 'train_loss': 0.7536, 'train_acc': 0.6133, 'task_loss': (0.2967, 0.4569)}
{'epoch': 2, 'train_loss': 0.5067, 'train_acc': 0.7333, 'task_loss': (0.2434, 0.2634)}
{'epoch': 3, 'train_loss': 0.4115, 'train_acc': 0.8367, 'task_loss': (0.2282, 0.1833)}
{'epoch': 4, 'train_loss': 0.2542, 'train_acc': 0.88, 'task_loss': (0.1208, 0.1334)}
{'epoch': 5, 'train_loss': 0.2691, 'train_acc': 0.8833, 'task_loss': (0.1299, 0.1391)}
{'epoch': 6, 'train_loss': 0.1648, 'train_acc': 0.9333, 'task_loss': (0.106, 0.0588)}
{'epoch': 7, 'train_loss': 0.061, 'train_acc': 0.9767, 'task_loss': (0.0461, 0.0149)}
{'epoch': 8, 'train_loss': 0.043, 'train_acc': 0.9933, 'task_loss': (0.0307, 0.0123)}
{'epoch': 9, 'train_loss': 0.028, 'train_acc': 0.99, 'task_loss': (0.0191, 0.0089)}
{'epoch': 10, 'train_loss': 0.0149, 'train_acc': 1.0, 'task_loss': (0.011, 0.0039)}
{'epoch': 11, 'train_loss': 0.0132, 'train_acc': 1.0, 'task_loss': (0.0096, 0.0036)}
{'epoch': 12, 'train_loss': 0.0103, 'train_acc': 1.0, 'task_loss': (0.0083, 0.0019)}
{'epoch': 13, 'train_loss': 0.0091, 'train_acc': 1.0, 'task_loss': (0.0068, 0.0022)}
{'epoch': 14, 'train_loss': 0.0042, 'train_acc': 1.0, 'task_loss': (0.0034, 0.0008)}
{'epoch': 15, 'train_loss': 0.0042, 'train_acc': 1.0, 'task_loss': (0.0034, 0.0008)}
{'epoch': 16, 'train_loss': 0.0033, 'train_acc': 1.0, 'task_loss': (0.0024, 0.0009)}
{'epoch': 17, 'train_loss': 0.0036, 'train_acc': 1.0, 'task_loss': (0.0026, 0.0011)}
{'epoch': 18, 'train_loss': 0.003, 'train_acc': 1.0, 'task_loss': (0.0023, 0.0007)}
{'epoch': 19, 'train_loss': 0.0024, 'train_acc': 1.0, 'task_loss': (0.0018, 0.0006)}
{'epoch': 20, 'train_loss': 0.0034, 'train_acc': 1.0, 'task_loss': (0.0024, 0.001)}
{'epoch': 21, 'train_loss': 0.0124, 'train_acc': 0.9967, 'task_loss': (0.0117, 0.0007)}
{'epoch': 22, 'train_loss': 0.0038, 'train_acc': 1.0, 'task_loss': (0.0033, 0.0005)}
{'epoch': 23, 'train_loss': 0.0024, 'train_acc': 1.0, 'task_loss': (0.0019, 0.0005)}
{'epoch': 24, 'train_loss': 0.0019, 'train_acc': 1.0, 'task_loss': (0.0016, 0.0004)}
{'epoch': 25, 'train_loss': 0.0014, 'train_acc': 1.0, 'task_loss': (0.0011, 0.0003)}
{'epoch': 26, 'train_loss': 0.0012, 'train_acc': 1.0, 'task_loss': (0.0008, 0.0004)}
{'epoch': 27, 'train_loss': 0.0009, 'train_acc': 1.0, 'task_loss': (0.0006, 0.0003)}
{'epoch': 28, 'train_loss': 0.0012, 'train_acc': 1.0, 'task_loss': (0.0009, 0.0002)}
{'epoch': 29, 'train_loss': 0.0015, 'train_acc': 1.0, 'task_loss': (0.0011, 0.0003)}
{'epoch': 30, 'train_loss': 0.0015, 'train_acc': 1.0, 'task_loss': (0.001, 0.0006)}
{'epoch': 31, 'train_loss': 0.001, 'train_acc': 1.0, 'task_loss': (0.0008, 0.0002)}
{'epoch': 32, 'train_loss': 0.001, 'train_acc': 1.0, 'task_loss': (0.0007, 0.0003)}
{'epoch': 33, 'train_loss': 0.0014, 'train_acc': 1.0, 'task_loss': (0.0008, 0.0006)}
{'epoch': 34, 'train_loss': 0.0014, 'train_acc': 1.0, 'task_loss': (0.0011, 0.0003)}
{'epoch': 35, 'train_loss': 0.003, 'train_acc': 0.9967, 'task_loss': (0.0028, 0.0002)}
{'epoch': 36, 'train_loss': 0.0016, 'train_acc': 1.0, 'task_loss': (0.0013, 0.0003)}
{'epoch': 37, 'train_loss': 0.0011, 'train_acc': 1.0, 'task_loss': (0.0008, 0.0004)}
{'epoch': 38, 'train_loss': 0.0045, 'train_acc': 0.9967, 'task_loss': (0.0042, 0.0003)}
{'epoch': 39, 'train_loss': 0.0016, 'train_acc': 1.0, 'task_loss': (0.0013, 0.0003)}
{'epoch': 40, 'train_loss': 0.0011, 'train_acc': 1.0, 'task_loss': (0.0008, 0.0003)}
{'epoch': 41, 'train_loss': 0.0006, 'train_acc': 1.0, 'task_loss': (0.0005, 1e-04)}
{'epoch': 42, 'train_loss': 0.0008, 'train_acc': 1.0, 'task_loss': (0.0005, 0.0002)}
{'epoch': 43, 'train_loss': 0.0006, 'train_acc': 1.0, 'task_loss': (0.0004, 0.0002)}
{'epoch': 44, 'train_loss': 0.0008, 'train_acc': 1.0, 'task_loss': (0.0007, 1e-04)}
{'epoch': 45, 'train_loss': 0.0015, 'train_acc': 1.0, 'task_loss': (0.001, 0.0005)}
{'epoch': 46, 'train_loss': 0.0009, 'train_acc': 1.0, 'task_loss': (0.0007, 0.0002)}
{'epoch': 47, 'train_loss': 0.0005, 'train_acc': 1.0, 'task_loss': (0.0003, 1e-04)}
{'epoch': 48, 'train_loss': 0.0009, 'train_acc': 1.0, 'task_loss': (0.0008, 1e-04)}
{'epoch': 49, 'train_loss': 0.0011, 'train_acc': 1.0, 'task_loss': (0.0008, 0.0003)}
{'epoch': 50, 'train_loss': 0.0006, 'train_acc': 1.0, 'task_loss': (0.0005, 1e-04)}
{'epoch': 51, 'train_loss': 0.0005, 'train_acc': 1.0, 'task_loss': (0.0004, 1e-04)}
{'epoch': 52, 'train_loss': 0.0008, 'train_acc': 1.0, 'task_loss': (0.0007, 1e-04)}
{'epoch': 53, 'train_loss': 0.0006, 'train_acc': 1.0, 'task_loss': (0.0005, 1e-04)}
{'epoch': 54, 'train_loss': 0.0011, 'train_acc': 1.0, 'task_loss': (0.0009, 0.0002)}
{'epoch': 55, 'train_loss': 0.0004, 'train_acc': 1.0, 'task_loss': (0.0003, 1e-04)}
{'epoch': 56, 'train_loss': 0.0006, 'train_acc': 1.0, 'task_loss': (0.0004, 1e-04)}
{'epoch': 57, 'train_loss': 0.0006, 'train_acc': 1.0, 'task_loss': (0.0004, 0.0002)}
{'epoch': 58, 'train_loss': 0.0006, 'train_acc': 1.0, 'task_loss': (0.0004, 0.0002)}
{'epoch': 59, 'train_loss': 0.0004, 'train_acc': 1.0, 'task_loss': (0.0003, 1e-04)}
{'epoch': 60, 'train_loss': 0.0005, 'train_acc': 1.0, 'task_loss': (0.0003, 1e-04)}
{'epoch': 61, 'train_loss': 0.0006, 'train_acc': 1.0, 'task_loss': (0.0005, 1e-04)}
{'epoch': 62, 'train_loss': 0.0008, 'train_acc': 1.0, 'task_loss': (0.0007, 1e-04)}
{'epoch': 63, 'train_loss': 0.0007, 'train_acc': 1.0, 'task_loss': (0.0006, 1e-04)}
{'epoch': 64, 'train_loss': 0.0005, 'train_acc': 1.0, 'task_loss': (0.0004, 1e-04)}
{'epoch': 65, 'train_loss': 0.0004, 'train_acc': 1.0, 'task_loss': (0.0003, 1e-04)}
{'epoch': 66, 'train_loss': 0.0008, 'train_acc': 1.0, 'task_loss': (0.0007, 0.0002)}
{'epoch': 67, 'train_loss': 0.0006, 'train_acc': 1.0, 'task_loss': (0.0005, 1e-04)}
{'epoch': 68, 'train_loss': 0.0005, 'train_acc': 1.0, 'task_loss': (0.0003, 0.0002)}
{'epoch': 69, 'train_loss': 0.0008, 'train_acc': 1.0, 'task_loss': (0.0005, 0.0003)}
{'epoch': 70, 'train_loss': 0.0003, 'train_acc': 1.0, 'task_loss': (0.0003, 1e-04)}
{'epoch': 71, 'train_loss': 0.0005, 'train_acc': 1.0, 'task_loss': (0.0004, 0.0002)}
{'epoch': 72, 'train_loss': 0.0003, 'train_acc': 1.0, 'task_loss': (0.0002, 1e-04)}
{'epoch': 73, 'train_loss': 0.0005, 'train_acc': 1.0, 'task_loss': (0.0004, 1e-04)}
{'epoch': 74, 'train_loss': 0.0003, 'train_acc': 1.0, 'task_loss': (0.0002, 1e-04)}
{'epoch': 75, 'train_loss': 0.0004, 'train_acc': 1.0, 'task_loss': (0.0004, 1e-04)}
{'epoch': 76, 'train_loss': 0.0004, 'train_acc': 1.0, 'task_loss': (0.0003, 1e-04)}
{'epoch': 77, 'train_loss': 0.0005, 'train_acc': 1.0, 'task_loss': (0.0004, 1e-04)}
{'epoch': 78, 'train_loss': 0.0003, 'train_acc': 1.0, 'task_loss': (0.0002, 1e-04)}
{'epoch': 79, 'train_loss': 0.0004, 'train_acc': 1.0, 'task_loss': (0.0003, 1e-04)}
{'epoch': 80, 'train_loss': 0.0011, 'train_acc': 1.0, 'task_loss': (0.0009, 0.0002)}
{'epoch': 81, 'train_loss': 0.0007, 'train_acc': 1.0, 'task_loss': (0.0007, 1e-04)}
{'epoch': 82, 'train_loss': 0.0006, 'train_acc': 1.0, 'task_loss': (0.0004, 1e-04)}
{'epoch': 83, 'train_loss': 0.0011, 'train_acc': 1.0, 'task_loss': (0.001, 1e-04)}
{'epoch': 84, 'train_loss': 0.0004, 'train_acc': 1.0, 'task_loss': (0.0003, 1e-04)}
{'epoch': 85, 'train_loss': 0.0005, 'train_acc': 1.0, 'task_loss': (0.0004, 1e-04)}
{'epoch': 86, 'train_loss': 0.0003, 'train_acc': 1.0, 'task_loss': (0.0002, 1e-04)}
{'epoch': 87, 'train_loss': 0.0005, 'train_acc': 1.0, 'task_loss': (0.0004, 1e-04)}
{'epoch': 88, 'train_loss': 0.0003, 'train_acc': 1.0, 'task_loss': (0.0002, 1e-04)}
{'epoch': 89, 'train_loss': 0.0004, 'train_acc': 1.0, 'task_loss': (0.0003, 1e-04)}
{'epoch': 90, 'train_loss': 0.0004, 'train_acc': 1.0, 'task_loss': (0.0003, 1e-04)}
{'epoch': 91, 'train_loss': 0.0004, 'train_acc': 1.0, 'task_loss': (0.0003, 1e-04)}
{'epoch': 92, 'train_loss': 0.0003, 'train_acc': 1.0, 'task_loss': (0.0003, 1e-04)}
{'epoch': 93, 'train_loss': 0.0011, 'train_acc': 1.0, 'task_loss': (0.0009, 0.0002)}
{'epoch': 94, 'train_loss': 0.0008, 'train_acc': 1.0, 'task_loss': (0.0005, 0.0004)}
{'epoch': 95, 'train_loss': 0.0003, 'train_acc': 1.0, 'task_loss': (0.0002, 1e-04)}
{'epoch': 96, 'train_loss': 0.0009, 'train_acc': 1.0, 'task_loss': (0.0008, 1e-04)}
{'epoch': 97, 'train_loss': 0.0006, 'train_acc': 1.0, 'task_loss': (0.0004, 0.0002)}
{'epoch': 98, 'train_loss': 0.0011, 'train_acc': 1.0, 'task_loss': (0.001, 1e-04)}
{'epoch': 99, 'train_loss': 0.0005, 'train_acc': 1.0, 'task_loss': (0.0004, 1e-04)}
{'epoch': 100, 'train_loss': 0.0004, 'train_acc': 1.0, 'task_loss': (0.0003, 1e-04)}
{'run_num': 3, 'final_test_err': 0.11726384364820852}
Files already downloaded and verified
Files already downloaded and verified
{'epoch': 1, 'train_loss': 0.5301, 'train_acc': 0.7533, 'task_loss': (0.2559, 0.2742)}
{'epoch': 2, 'train_loss': 0.4376, 'train_acc': 0.8033, 'task_loss': (0.1761, 0.2615)}
{'epoch': 3, 'train_loss': 0.2448, 'train_acc': 0.8967, 'task_loss': (0.119, 0.1258)}
{'epoch': 4, 'train_loss': 0.19, 'train_acc': 0.9133, 'task_loss': (0.087, 0.103)}
{'epoch': 5, 'train_loss': 0.1421, 'train_acc': 0.94, 'task_loss': (0.0793, 0.0628)}
{'epoch': 6, 'train_loss': 0.0602, 'train_acc': 0.9767, 'task_loss': (0.0406, 0.0196)}
{'epoch': 7, 'train_loss': 0.0386, 'train_acc': 0.9867, 'task_loss': (0.0303, 0.0082)}
{'epoch': 8, 'train_loss': 0.0276, 'train_acc': 0.9967, 'task_loss': (0.017, 0.0106)}
{'epoch': 9, 'train_loss': 0.0198, 'train_acc': 0.9967, 'task_loss': (0.0134, 0.0064)}
{'epoch': 10, 'train_loss': 0.01, 'train_acc': 1.0, 'task_loss': (0.0071, 0.0029)}
{'epoch': 11, 'train_loss': 0.0169, 'train_acc': 0.9967, 'task_loss': (0.0088, 0.0081)}
{'epoch': 12, 'train_loss': 0.0064, 'train_acc': 1.0, 'task_loss': (0.0043, 0.0021)}
{'epoch': 13, 'train_loss': 0.004, 'train_acc': 1.0, 'task_loss': (0.0027, 0.0013)}
{'epoch': 14, 'train_loss': 0.0045, 'train_acc': 1.0, 'task_loss': (0.0033, 0.0012)}
{'epoch': 15, 'train_loss': 0.0033, 'train_acc': 1.0, 'task_loss': (0.002, 0.0013)}
{'epoch': 16, 'train_loss': 0.002, 'train_acc': 1.0, 'task_loss': (0.0013, 0.0007)}
{'epoch': 17, 'train_loss': 0.0028, 'train_acc': 1.0, 'task_loss': (0.0017, 0.0011)}
{'epoch': 18, 'train_loss': 0.0021, 'train_acc': 1.0, 'task_loss': (0.0015, 0.0006)}
{'epoch': 19, 'train_loss': 0.0016, 'train_acc': 1.0, 'task_loss': (0.0011, 0.0005)}
{'epoch': 20, 'train_loss': 0.0017, 'train_acc': 1.0, 'task_loss': (0.0014, 0.0003)}
{'epoch': 21, 'train_loss': 0.0017, 'train_acc': 1.0, 'task_loss': (0.0013, 0.0004)}
{'epoch': 22, 'train_loss': 0.0013, 'train_acc': 1.0, 'task_loss': (0.0009, 0.0003)}
{'epoch': 23, 'train_loss': 0.0011, 'train_acc': 1.0, 'task_loss': (0.0008, 0.0002)}
{'epoch': 24, 'train_loss': 0.0013, 'train_acc': 1.0, 'task_loss': (0.0005, 0.0008)}
{'epoch': 25, 'train_loss': 0.0012, 'train_acc': 1.0, 'task_loss': (0.0007, 0.0004)}
{'epoch': 26, 'train_loss': 0.0011, 'train_acc': 1.0, 'task_loss': (0.0009, 0.0002)}
{'epoch': 27, 'train_loss': 0.001, 'train_acc': 1.0, 'task_loss': (0.0008, 0.0002)}
{'epoch': 28, 'train_loss': 0.0008, 'train_acc': 1.0, 'task_loss': (0.0005, 0.0003)}
{'epoch': 29, 'train_loss': 0.0009, 'train_acc': 1.0, 'task_loss': (0.0006, 0.0003)}
{'epoch': 30, 'train_loss': 0.0011, 'train_acc': 1.0, 'task_loss': (0.0009, 0.0003)}
{'epoch': 31, 'train_loss': 0.001, 'train_acc': 1.0, 'task_loss': (0.0007, 0.0003)}
{'epoch': 32, 'train_loss': 0.0009, 'train_acc': 1.0, 'task_loss': (0.0006, 0.0003)}
{'epoch': 33, 'train_loss': 0.0008, 'train_acc': 1.0, 'task_loss': (0.0006, 0.0002)}
{'epoch': 34, 'train_loss': 0.0007, 'train_acc': 1.0, 'task_loss': (0.0005, 0.0002)}
{'epoch': 35, 'train_loss': 0.0005, 'train_acc': 1.0, 'task_loss': (0.0004, 1e-04)}
{'epoch': 36, 'train_loss': 0.0008, 'train_acc': 1.0, 'task_loss': (0.0005, 0.0002)}
{'epoch': 37, 'train_loss': 0.0006, 'train_acc': 1.0, 'task_loss': (0.0004, 0.0002)}
{'epoch': 38, 'train_loss': 0.0009, 'train_acc': 1.0, 'task_loss': (0.0006, 0.0003)}
{'epoch': 39, 'train_loss': 0.0011, 'train_acc': 1.0, 'task_loss': (0.0009, 0.0003)}
{'epoch': 40, 'train_loss': 0.0008, 'train_acc': 1.0, 'task_loss': (0.0006, 0.0002)}
{'epoch': 41, 'train_loss': 0.0007, 'train_acc': 1.0, 'task_loss': (0.0005, 0.0002)}
{'epoch': 42, 'train_loss': 0.0007, 'train_acc': 1.0, 'task_loss': (0.0005, 0.0002)}
{'epoch': 43, 'train_loss': 0.0005, 'train_acc': 1.0, 'task_loss': (0.0004, 1e-04)}
{'epoch': 44, 'train_loss': 0.0007, 'train_acc': 1.0, 'task_loss': (0.0005, 0.0002)}
{'epoch': 45, 'train_loss': 0.0004, 'train_acc': 1.0, 'task_loss': (0.0003, 1e-04)}
{'epoch': 46, 'train_loss': 0.0007, 'train_acc': 1.0, 'task_loss': (0.0005, 0.0002)}
{'epoch': 47, 'train_loss': 0.0006, 'train_acc': 1.0, 'task_loss': (0.0004, 0.0003)}
{'epoch': 48, 'train_loss': 0.0008, 'train_acc': 1.0, 'task_loss': (0.0006, 0.0002)}
{'epoch': 49, 'train_loss': 0.0005, 'train_acc': 1.0, 'task_loss': (0.0003, 0.0002)}
{'epoch': 50, 'train_loss': 0.0005, 'train_acc': 1.0, 'task_loss': (0.0004, 0.0002)}
{'epoch': 51, 'train_loss': 0.0006, 'train_acc': 1.0, 'task_loss': (0.0005, 1e-04)}
{'epoch': 52, 'train_loss': 0.0003, 'train_acc': 1.0, 'task_loss': (0.0003, 1e-04)}
{'epoch': 53, 'train_loss': 0.0006, 'train_acc': 1.0, 'task_loss': (0.0004, 0.0002)}
{'epoch': 54, 'train_loss': 0.0005, 'train_acc': 1.0, 'task_loss': (0.0004, 0.0002)}
{'epoch': 55, 'train_loss': 0.0004, 'train_acc': 1.0, 'task_loss': (0.0003, 1e-04)}
{'epoch': 56, 'train_loss': 0.0004, 'train_acc': 1.0, 'task_loss': (0.0003, 1e-04)}
{'epoch': 57, 'train_loss': 0.0004, 'train_acc': 1.0, 'task_loss': (0.0003, 1e-04)}
{'epoch': 58, 'train_loss': 0.0005, 'train_acc': 1.0, 'task_loss': (0.0003, 1e-04)}
{'epoch': 59, 'train_loss': 0.0005, 'train_acc': 1.0, 'task_loss': (0.0004, 1e-04)}
{'epoch': 60, 'train_loss': 0.0004, 'train_acc': 1.0, 'task_loss': (0.0003, 1e-04)}
{'epoch': 61, 'train_loss': 0.0003, 'train_acc': 1.0, 'task_loss': (0.0002, 1e-04)}
{'epoch': 62, 'train_loss': 0.0004, 'train_acc': 1.0, 'task_loss': (0.0002, 0.0002)}
{'epoch': 63, 'train_loss': 0.0003, 'train_acc': 1.0, 'task_loss': (0.0002, 1e-04)}
{'epoch': 64, 'train_loss': 0.0006, 'train_acc': 1.0, 'task_loss': (0.0005, 1e-04)}
{'epoch': 65, 'train_loss': 0.0004, 'train_acc': 1.0, 'task_loss': (0.0003, 1e-04)}
{'epoch': 66, 'train_loss': 0.0004, 'train_acc': 1.0, 'task_loss': (0.0003, 1e-04)}
{'epoch': 67, 'train_loss': 0.0009, 'train_acc': 1.0, 'task_loss': (0.0007, 1e-04)}
{'epoch': 68, 'train_loss': 0.0003, 'train_acc': 1.0, 'task_loss': (0.0002, 1e-04)}
{'epoch': 69, 'train_loss': 0.0004, 'train_acc': 1.0, 'task_loss': (0.0004, 1e-04)}
{'epoch': 70, 'train_loss': 0.0009, 'train_acc': 1.0, 'task_loss': (0.0007, 0.0002)}
{'epoch': 71, 'train_loss': 0.0004, 'train_acc': 1.0, 'task_loss': (0.0003, 1e-04)}
{'epoch': 72, 'train_loss': 0.0003, 'train_acc': 1.0, 'task_loss': (0.0002, 1e-04)}
{'epoch': 73, 'train_loss': 0.0006, 'train_acc': 1.0, 'task_loss': (0.0004, 0.0002)}
{'epoch': 74, 'train_loss': 0.0003, 'train_acc': 1.0, 'task_loss': (0.0002, 1e-04)}
{'epoch': 75, 'train_loss': 0.0005, 'train_acc': 1.0, 'task_loss': (0.0003, 0.0002)}
{'epoch': 76, 'train_loss': 0.0006, 'train_acc': 1.0, 'task_loss': (0.0005, 0.0002)}
{'epoch': 77, 'train_loss': 0.0002, 'train_acc': 1.0, 'task_loss': (0.0002, 1e-04)}
{'epoch': 78, 'train_loss': 0.0003, 'train_acc': 1.0, 'task_loss': (0.0002, 1e-04)}
{'epoch': 79, 'train_loss': 0.0005, 'train_acc': 1.0, 'task_loss': (0.0004, 1e-04)}
{'epoch': 80, 'train_loss': 0.0003, 'train_acc': 1.0, 'task_loss': (0.0002, 1e-04)}
{'epoch': 81, 'train_loss': 0.0004, 'train_acc': 1.0, 'task_loss': (0.0002, 0.0002)}
{'epoch': 82, 'train_loss': 0.0007, 'train_acc': 1.0, 'task_loss': (0.0005, 0.0002)}
{'epoch': 83, 'train_loss': 0.0006, 'train_acc': 1.0, 'task_loss': (0.0002, 0.0004)}
{'epoch': 84, 'train_loss': 0.0003, 'train_acc': 1.0, 'task_loss': (0.0003, 1e-04)}
{'epoch': 85, 'train_loss': 0.0005, 'train_acc': 1.0, 'task_loss': (0.0004, 1e-04)}
{'epoch': 86, 'train_loss': 0.0005, 'train_acc': 1.0, 'task_loss': (0.0003, 1e-04)}
{'epoch': 87, 'train_loss': 0.0005, 'train_acc': 1.0, 'task_loss': (0.0004, 1e-04)}
{'epoch': 88, 'train_loss': 0.0006, 'train_acc': 1.0, 'task_loss': (0.0004, 0.0002)}
{'epoch': 89, 'train_loss': 0.0002, 'train_acc': 1.0, 'task_loss': (0.0002, 1e-04)}
{'epoch': 90, 'train_loss': 0.0005, 'train_acc': 1.0, 'task_loss': (0.0004, 1e-04)}
{'epoch': 91, 'train_loss': 0.0005, 'train_acc': 1.0, 'task_loss': (0.0004, 1e-04)}
{'epoch': 92, 'train_loss': 0.0004, 'train_acc': 1.0, 'task_loss': (0.0003, 1e-04)}
{'epoch': 93, 'train_loss': 0.0004, 'train_acc': 1.0, 'task_loss': (0.0003, 1e-04)}
{'epoch': 94, 'train_loss': 0.0004, 'train_acc': 1.0, 'task_loss': (0.0003, 0.0002)}
{'epoch': 95, 'train_loss': 0.0005, 'train_acc': 1.0, 'task_loss': (0.0003, 0.0002)}
{'epoch': 96, 'train_loss': 0.0008, 'train_acc': 1.0, 'task_loss': (0.0007, 1e-04)}
{'epoch': 97, 'train_loss': 0.0005, 'train_acc': 1.0, 'task_loss': (0.0003, 1e-04)}
{'epoch': 98, 'train_loss': 0.0005, 'train_acc': 1.0, 'task_loss': (0.0003, 0.0002)}
{'epoch': 99, 'train_loss': 0.0004, 'train_acc': 1.0, 'task_loss': (0.0003, 1e-04)}
{'epoch': 100, 'train_loss': 0.0002, 'train_acc': 1.0, 'task_loss': (0.0002, 1e-04)}
{'run_num': 4, 'final_test_err': 0.16938110749185664}
Files already downloaded and verified
Files already downloaded and verified
{'epoch': 1, 'train_loss': 0.6868, 'train_acc': 0.6867, 'task_loss': (0.3093, 0.3775)}
{'epoch': 2, 'train_loss': 0.5375, 'train_acc': 0.77, 'task_loss': (0.2045, 0.333)}
{'epoch': 3, 'train_loss': 0.254, 'train_acc': 0.89, 'task_loss': (0.1086, 0.1455)}
{'epoch': 4, 'train_loss': 0.1621, 'train_acc': 0.9267, 'task_loss': (0.0751, 0.087)}
{'epoch': 5, 'train_loss': 0.1111, 'train_acc': 0.9733, 'task_loss': (0.0702, 0.0409)}
{'epoch': 6, 'train_loss': 0.0858, 'train_acc': 0.9633, 'task_loss': (0.0547, 0.0312)}
{'epoch': 7, 'train_loss': 0.0681, 'train_acc': 0.98, 'task_loss': (0.0342, 0.0338)}
{'epoch': 8, 'train_loss': 0.0443, 'train_acc': 0.99, 'task_loss': (0.028, 0.0162)}
{'epoch': 9, 'train_loss': 0.0228, 'train_acc': 0.9967, 'task_loss': (0.0081, 0.0146)}
{'epoch': 10, 'train_loss': 0.019, 'train_acc': 0.9967, 'task_loss': (0.0087, 0.0103)}
{'epoch': 11, 'train_loss': 0.0102, 'train_acc': 1.0, 'task_loss': (0.0035, 0.0067)}
{'epoch': 12, 'train_loss': 0.0069, 'train_acc': 1.0, 'task_loss': (0.0036, 0.0032)}
{'epoch': 13, 'train_loss': 0.0037, 'train_acc': 1.0, 'task_loss': (0.002, 0.0017)}
{'epoch': 14, 'train_loss': 0.0086, 'train_acc': 1.0, 'task_loss': (0.004, 0.0046)}
{'epoch': 15, 'train_loss': 0.008, 'train_acc': 1.0, 'task_loss': (0.0059, 0.0021)}
{'epoch': 16, 'train_loss': 0.0034, 'train_acc': 1.0, 'task_loss': (0.0017, 0.0017)}
{'epoch': 17, 'train_loss': 0.0031, 'train_acc': 1.0, 'task_loss': (0.0019, 0.0013)}
{'epoch': 18, 'train_loss': 0.0021, 'train_acc': 1.0, 'task_loss': (0.0013, 0.0009)}
{'epoch': 19, 'train_loss': 0.0247, 'train_acc': 0.9933, 'task_loss': (0.0209, 0.0038)}
{'epoch': 20, 'train_loss': 0.0087, 'train_acc': 1.0, 'task_loss': (0.0064, 0.0023)}
{'epoch': 21, 'train_loss': 0.0053, 'train_acc': 1.0, 'task_loss': (0.0029, 0.0023)}
{'epoch': 22, 'train_loss': 0.0059, 'train_acc': 1.0, 'task_loss': (0.0047, 0.0011)}
{'epoch': 23, 'train_loss': 0.0069, 'train_acc': 1.0, 'task_loss': (0.004, 0.003)}
{'epoch': 24, 'train_loss': 0.0087, 'train_acc': 0.9933, 'task_loss': (0.0071, 0.0016)}
{'epoch': 25, 'train_loss': 0.0027, 'train_acc': 1.0, 'task_loss': (0.0019, 0.0008)}
{'epoch': 26, 'train_loss': 0.0046, 'train_acc': 1.0, 'task_loss': (0.0024, 0.0022)}
{'epoch': 27, 'train_loss': 0.0041, 'train_acc': 0.9967, 'task_loss': (0.0033, 0.0008)}
{'epoch': 28, 'train_loss': 0.0021, 'train_acc': 1.0, 'task_loss': (0.0013, 0.0007)}
{'epoch': 29, 'train_loss': 0.0012, 'train_acc': 1.0, 'task_loss': (0.0007, 0.0005)}
{'epoch': 30, 'train_loss': 0.001, 'train_acc': 1.0, 'task_loss': (0.0006, 0.0004)}
{'epoch': 31, 'train_loss': 0.001, 'train_acc': 1.0, 'task_loss': (0.0004, 0.0006)}
{'epoch': 32, 'train_loss': 0.0009, 'train_acc': 1.0, 'task_loss': (0.0004, 0.0004)}
{'epoch': 33, 'train_loss': 0.001, 'train_acc': 1.0, 'task_loss': (0.0006, 0.0004)}
{'epoch': 34, 'train_loss': 0.001, 'train_acc': 1.0, 'task_loss': (0.0007, 0.0004)}
{'epoch': 35, 'train_loss': 0.0009, 'train_acc': 1.0, 'task_loss': (0.0006, 0.0003)}
{'epoch': 36, 'train_loss': 0.0008, 'train_acc': 1.0, 'task_loss': (0.0003, 0.0005)}
{'epoch': 37, 'train_loss': 0.0006, 'train_acc': 1.0, 'task_loss': (0.0003, 0.0003)}
{'epoch': 38, 'train_loss': 0.0007, 'train_acc': 1.0, 'task_loss': (0.0004, 0.0003)}
{'epoch': 39, 'train_loss': 0.0005, 'train_acc': 1.0, 'task_loss': (0.0003, 0.0003)}
{'epoch': 40, 'train_loss': 0.0005, 'train_acc': 1.0, 'task_loss': (0.0004, 0.0002)}
{'epoch': 41, 'train_loss': 0.0005, 'train_acc': 1.0, 'task_loss': (0.0002, 0.0003)}
{'epoch': 42, 'train_loss': 0.0008, 'train_acc': 1.0, 'task_loss': (0.0006, 0.0002)}
{'epoch': 43, 'train_loss': 0.0007, 'train_acc': 1.0, 'task_loss': (0.0004, 0.0003)}
{'epoch': 44, 'train_loss': 0.0006, 'train_acc': 1.0, 'task_loss': (0.0003, 0.0003)}
{'epoch': 45, 'train_loss': 0.0007, 'train_acc': 1.0, 'task_loss': (0.0004, 0.0002)}
{'epoch': 46, 'train_loss': 0.0004, 'train_acc': 1.0, 'task_loss': (0.0002, 0.0002)}
{'epoch': 47, 'train_loss': 0.0006, 'train_acc': 1.0, 'task_loss': (0.0004, 0.0002)}
{'epoch': 48, 'train_loss': 0.0004, 'train_acc': 1.0, 'task_loss': (0.0002, 0.0002)}
{'epoch': 49, 'train_loss': 0.0005, 'train_acc': 1.0, 'task_loss': (0.0003, 0.0002)}
{'epoch': 50, 'train_loss': 0.0007, 'train_acc': 1.0, 'task_loss': (0.0003, 0.0004)}
{'epoch': 51, 'train_loss': 0.0004, 'train_acc': 1.0, 'task_loss': (0.0002, 0.0002)}
{'epoch': 52, 'train_loss': 0.0004, 'train_acc': 1.0, 'task_loss': (0.0002, 0.0002)}
{'epoch': 53, 'train_loss': 0.0005, 'train_acc': 1.0, 'task_loss': (0.0003, 0.0002)}
{'epoch': 54, 'train_loss': 0.0005, 'train_acc': 1.0, 'task_loss': (0.0004, 0.0002)}
{'epoch': 55, 'train_loss': 0.0004, 'train_acc': 1.0, 'task_loss': (0.0003, 1e-04)}
{'epoch': 56, 'train_loss': 0.0003, 'train_acc': 1.0, 'task_loss': (0.0002, 1e-04)}
{'epoch': 57, 'train_loss': 0.0005, 'train_acc': 1.0, 'task_loss': (0.0003, 0.0003)}
{'epoch': 58, 'train_loss': 0.0003, 'train_acc': 1.0, 'task_loss': (0.0002, 1e-04)}
{'epoch': 59, 'train_loss': 0.0005, 'train_acc': 1.0, 'task_loss': (0.0004, 1e-04)}
{'epoch': 60, 'train_loss': 0.0006, 'train_acc': 1.0, 'task_loss': (0.0004, 1e-04)}
{'epoch': 61, 'train_loss': 0.0005, 'train_acc': 1.0, 'task_loss': (0.0003, 0.0002)}
{'epoch': 62, 'train_loss': 0.0006, 'train_acc': 1.0, 'task_loss': (0.0003, 0.0002)}
{'epoch': 63, 'train_loss': 0.0004, 'train_acc': 1.0, 'task_loss': (0.0002, 0.0002)}
{'epoch': 64, 'train_loss': 0.0003, 'train_acc': 1.0, 'task_loss': (0.0002, 1e-04)}
{'epoch': 65, 'train_loss': 0.0005, 'train_acc': 1.0, 'task_loss': (0.0003, 0.0003)}
{'epoch': 66, 'train_loss': 0.0004, 'train_acc': 1.0, 'task_loss': (0.0002, 0.0002)}
{'epoch': 67, 'train_loss': 0.0003, 'train_acc': 1.0, 'task_loss': (0.0002, 1e-04)}
{'epoch': 68, 'train_loss': 0.0012, 'train_acc': 1.0, 'task_loss': (0.001, 0.0002)}
{'epoch': 69, 'train_loss': 0.0003, 'train_acc': 1.0, 'task_loss': (0.0002, 1e-04)}
{'epoch': 70, 'train_loss': 0.0005, 'train_acc': 1.0, 'task_loss': (0.0002, 0.0002)}
{'epoch': 71, 'train_loss': 0.0003, 'train_acc': 1.0, 'task_loss': (0.0002, 1e-04)}
{'epoch': 72, 'train_loss': 0.0008, 'train_acc': 1.0, 'task_loss': (0.0005, 0.0003)}
{'epoch': 73, 'train_loss': 0.0005, 'train_acc': 1.0, 'task_loss': (0.0003, 0.0002)}
{'epoch': 74, 'train_loss': 0.0006, 'train_acc': 1.0, 'task_loss': (0.0004, 0.0002)}
{'epoch': 75, 'train_loss': 0.0003, 'train_acc': 1.0, 'task_loss': (0.0002, 1e-04)}
{'epoch': 76, 'train_loss': 0.0009, 'train_acc': 1.0, 'task_loss': (0.0002, 0.0007)}
{'epoch': 77, 'train_loss': 0.0003, 'train_acc': 1.0, 'task_loss': (0.0002, 1e-04)}
{'epoch': 78, 'train_loss': 0.0008, 'train_acc': 1.0, 'task_loss': (0.0006, 0.0002)}
{'epoch': 79, 'train_loss': 0.0005, 'train_acc': 1.0, 'task_loss': (0.0003, 0.0002)}
{'epoch': 80, 'train_loss': 0.0003, 'train_acc': 1.0, 'task_loss': (0.0002, 1e-04)}
{'epoch': 81, 'train_loss': 0.0004, 'train_acc': 1.0, 'task_loss': (0.0002, 1e-04)}
{'epoch': 82, 'train_loss': 0.0005, 'train_acc': 1.0, 'task_loss': (0.0003, 0.0002)}
{'epoch': 83, 'train_loss': 0.0003, 'train_acc': 1.0, 'task_loss': (0.0002, 1e-04)}
{'epoch': 84, 'train_loss': 0.0003, 'train_acc': 1.0, 'task_loss': (0.0002, 1e-04)}
{'epoch': 85, 'train_loss': 0.0003, 'train_acc': 1.0, 'task_loss': (1e-04, 1e-04)}
{'epoch': 86, 'train_loss': 0.0006, 'train_acc': 1.0, 'task_loss': (0.0004, 0.0002)}
{'epoch': 87, 'train_loss': 0.0003, 'train_acc': 1.0, 'task_loss': (0.0002, 1e-04)}
{'epoch': 88, 'train_loss': 0.0003, 'train_acc': 1.0, 'task_loss': (1e-04, 0.0002)}
{'epoch': 89, 'train_loss': 0.0003, 'train_acc': 1.0, 'task_loss': (0.0002, 0.0002)}
{'epoch': 90, 'train_loss': 0.0003, 'train_acc': 1.0, 'task_loss': (0.0002, 1e-04)}
{'epoch': 91, 'train_loss': 0.0005, 'train_acc': 1.0, 'task_loss': (0.0003, 0.0002)}
{'epoch': 92, 'train_loss': 0.0005, 'train_acc': 1.0, 'task_loss': (0.0002, 0.0002)}
{'epoch': 93, 'train_loss': 0.0003, 'train_acc': 1.0, 'task_loss': (1e-04, 0.0002)}
{'epoch': 94, 'train_loss': 0.0003, 'train_acc': 1.0, 'task_loss': (0.0002, 0.0002)}
{'epoch': 95, 'train_loss': 0.0004, 'train_acc': 1.0, 'task_loss': (0.0003, 0.0002)}
{'epoch': 96, 'train_loss': 0.0007, 'train_acc': 1.0, 'task_loss': (0.0006, 1e-04)}
{'epoch': 97, 'train_loss': 0.0002, 'train_acc': 1.0, 'task_loss': (1e-04, 1e-04)}
{'epoch': 98, 'train_loss': 0.0007, 'train_acc': 1.0, 'task_loss': (0.0005, 0.0002)}
{'epoch': 99, 'train_loss': 0.0004, 'train_acc': 1.0, 'task_loss': (0.0003, 1e-04)}
{'epoch': 100, 'train_loss': 0.0003, 'train_acc': 1.0, 'task_loss': (0.0002, 1e-04)}
{'run_num': 5, 'final_test_err': 0.15635179153094458}
Files already downloaded and verified
Files already downloaded and verified
{'epoch': 1, 'train_loss': 0.5859, 'train_acc': 0.76, 'task_loss': (0.2197, 0.3663)}
{'epoch': 2, 'train_loss': 0.3864, 'train_acc': 0.8267, 'task_loss': (0.1816, 0.2048)}
{'epoch': 3, 'train_loss': 0.298, 'train_acc': 0.8767, 'task_loss': (0.1395, 0.1585)}
{'epoch': 4, 'train_loss': 0.2154, 'train_acc': 0.9267, 'task_loss': (0.0847, 0.1307)}
{'epoch': 5, 'train_loss': 0.126, 'train_acc': 0.94, 'task_loss': (0.0734, 0.0526)}
{'epoch': 6, 'train_loss': 0.1036, 'train_acc': 0.9467, 'task_loss': (0.0556, 0.048)}
{'epoch': 7, 'train_loss': 0.0643, 'train_acc': 0.9767, 'task_loss': (0.0311, 0.0332)}
{'epoch': 8, 'train_loss': 0.0527, 'train_acc': 0.9767, 'task_loss': (0.034, 0.0187)}
{'epoch': 9, 'train_loss': 0.0272, 'train_acc': 0.99, 'task_loss': (0.0198, 0.0074)}
{'epoch': 10, 'train_loss': 0.0303, 'train_acc': 0.99, 'task_loss': (0.0203, 0.0099)}
{'epoch': 11, 'train_loss': 0.0167, 'train_acc': 0.99, 'task_loss': (0.0145, 0.0022)}
{'epoch': 12, 'train_loss': 0.0122, 'train_acc': 1.0, 'task_loss': (0.0094, 0.0028)}
{'epoch': 13, 'train_loss': 0.0091, 'train_acc': 1.0, 'task_loss': (0.0063, 0.0028)}
{'epoch': 14, 'train_loss': 0.0048, 'train_acc': 1.0, 'task_loss': (0.0025, 0.0023)}
{'epoch': 15, 'train_loss': 0.0034, 'train_acc': 1.0, 'task_loss': (0.0023, 0.0011)}
{'epoch': 16, 'train_loss': 0.0029, 'train_acc': 1.0, 'task_loss': (0.0016, 0.0013)}
{'epoch': 17, 'train_loss': 0.005, 'train_acc': 0.9967, 'task_loss': (0.0039, 0.001)}
{'epoch': 18, 'train_loss': 0.0036, 'train_acc': 1.0, 'task_loss': (0.0012, 0.0024)}
{'epoch': 19, 'train_loss': 0.0036, 'train_acc': 1.0, 'task_loss': (0.0026, 0.001)}
{'epoch': 20, 'train_loss': 0.0014, 'train_acc': 1.0, 'task_loss': (0.001, 0.0004)}
{'epoch': 21, 'train_loss': 0.0013, 'train_acc': 1.0, 'task_loss': (0.001, 0.0003)}
{'epoch': 22, 'train_loss': 0.0053, 'train_acc': 1.0, 'task_loss': (0.0047, 0.0006)}
{'epoch': 23, 'train_loss': 0.0021, 'train_acc': 1.0, 'task_loss': (0.0016, 0.0005)}
{'epoch': 24, 'train_loss': 0.005, 'train_acc': 1.0, 'task_loss': (0.0046, 0.0004)}
{'epoch': 25, 'train_loss': 0.0025, 'train_acc': 1.0, 'task_loss': (0.001, 0.0015)}
{'epoch': 26, 'train_loss': 0.0019, 'train_acc': 1.0, 'task_loss': (0.001, 0.0009)}
{'epoch': 27, 'train_loss': 0.0015, 'train_acc': 1.0, 'task_loss': (0.0012, 0.0003)}
{'epoch': 28, 'train_loss': 0.0012, 'train_acc': 1.0, 'task_loss': (0.0009, 0.0003)}
{'epoch': 29, 'train_loss': 0.0007, 'train_acc': 1.0, 'task_loss': (0.0005, 0.0002)}
{'epoch': 30, 'train_loss': 0.0009, 'train_acc': 1.0, 'task_loss': (0.0005, 0.0004)}
{'epoch': 31, 'train_loss': 0.001, 'train_acc': 1.0, 'task_loss': (0.0007, 0.0003)}
{'epoch': 32, 'train_loss': 0.0007, 'train_acc': 1.0, 'task_loss': (0.0005, 0.0002)}
{'epoch': 33, 'train_loss': 0.0009, 'train_acc': 1.0, 'task_loss': (0.0006, 0.0003)}
{'epoch': 34, 'train_loss': 0.0006, 'train_acc': 1.0, 'task_loss': (0.0004, 0.0002)}
{'epoch': 35, 'train_loss': 0.0008, 'train_acc': 1.0, 'task_loss': (0.0006, 0.0002)}
{'epoch': 36, 'train_loss': 0.0011, 'train_acc': 1.0, 'task_loss': (0.001, 0.0002)}
{'epoch': 37, 'train_loss': 0.0007, 'train_acc': 1.0, 'task_loss': (0.0004, 0.0002)}
{'epoch': 38, 'train_loss': 0.0016, 'train_acc': 1.0, 'task_loss': (0.0013, 0.0002)}
{'epoch': 39, 'train_loss': 0.001, 'train_acc': 1.0, 'task_loss': (0.0008, 0.0002)}
{'epoch': 40, 'train_loss': 0.0013, 'train_acc': 1.0, 'task_loss': (0.001, 0.0003)}
{'epoch': 41, 'train_loss': 0.0011, 'train_acc': 1.0, 'task_loss': (0.0008, 0.0003)}
{'epoch': 42, 'train_loss': 0.0007, 'train_acc': 1.0, 'task_loss': (0.0005, 0.0002)}
{'epoch': 43, 'train_loss': 0.0007, 'train_acc': 1.0, 'task_loss': (0.0004, 0.0003)}
{'epoch': 44, 'train_loss': 0.0005, 'train_acc': 1.0, 'task_loss': (0.0004, 1e-04)}
{'epoch': 45, 'train_loss': 0.0006, 'train_acc': 1.0, 'task_loss': (0.0004, 0.0002)}
{'epoch': 46, 'train_loss': 0.0005, 'train_acc': 1.0, 'task_loss': (0.0003, 0.0002)}
{'epoch': 47, 'train_loss': 0.0008, 'train_acc': 1.0, 'task_loss': (0.0007, 0.0002)}
{'epoch': 48, 'train_loss': 0.0005, 'train_acc': 1.0, 'task_loss': (0.0003, 0.0002)}
{'epoch': 49, 'train_loss': 0.0005, 'train_acc': 1.0, 'task_loss': (0.0003, 0.0002)}
{'epoch': 50, 'train_loss': 0.0004, 'train_acc': 1.0, 'task_loss': (0.0003, 1e-04)}
{'epoch': 51, 'train_loss': 0.0007, 'train_acc': 1.0, 'task_loss': (0.0005, 0.0002)}
{'epoch': 52, 'train_loss': 0.0004, 'train_acc': 1.0, 'task_loss': (0.0003, 1e-04)}
{'epoch': 53, 'train_loss': 0.0005, 'train_acc': 1.0, 'task_loss': (0.0003, 0.0002)}
{'epoch': 54, 'train_loss': 0.0009, 'train_acc': 1.0, 'task_loss': (0.0007, 0.0003)}
{'epoch': 55, 'train_loss': 0.0003, 'train_acc': 1.0, 'task_loss': (0.0002, 1e-04)}
{'epoch': 56, 'train_loss': 0.0006, 'train_acc': 1.0, 'task_loss': (0.0004, 0.0002)}
{'epoch': 57, 'train_loss': 0.0005, 'train_acc': 1.0, 'task_loss': (0.0004, 0.0002)}
{'epoch': 58, 'train_loss': 0.0003, 'train_acc': 1.0, 'task_loss': (0.0002, 1e-04)}
{'epoch': 59, 'train_loss': 0.0006, 'train_acc': 1.0, 'task_loss': (0.0004, 0.0002)}
{'epoch': 60, 'train_loss': 0.0006, 'train_acc': 1.0, 'task_loss': (0.0005, 1e-04)}
{'epoch': 61, 'train_loss': 0.0008, 'train_acc': 1.0, 'task_loss': (0.0005, 0.0002)}
{'epoch': 62, 'train_loss': 0.0003, 'train_acc': 1.0, 'task_loss': (0.0002, 1e-04)}
{'epoch': 63, 'train_loss': 0.0019, 'train_acc': 1.0, 'task_loss': (0.0014, 0.0005)}
{'epoch': 64, 'train_loss': 0.0005, 'train_acc': 1.0, 'task_loss': (0.0003, 0.0002)}
{'epoch': 65, 'train_loss': 0.0007, 'train_acc': 1.0, 'task_loss': (0.0004, 0.0003)}
{'epoch': 66, 'train_loss': 0.0003, 'train_acc': 1.0, 'task_loss': (0.0002, 1e-04)}
{'epoch': 67, 'train_loss': 0.0012, 'train_acc': 1.0, 'task_loss': (0.001, 0.0002)}
{'epoch': 68, 'train_loss': 0.001, 'train_acc': 1.0, 'task_loss': (0.0007, 0.0003)}
{'epoch': 69, 'train_loss': 0.0005, 'train_acc': 1.0, 'task_loss': (0.0003, 0.0002)}
{'epoch': 70, 'train_loss': 0.0004, 'train_acc': 1.0, 'task_loss': (0.0002, 1e-04)}
{'epoch': 71, 'train_loss': 0.0004, 'train_acc': 1.0, 'task_loss': (0.0003, 1e-04)}
{'epoch': 72, 'train_loss': 0.0005, 'train_acc': 1.0, 'task_loss': (0.0004, 1e-04)}
{'epoch': 73, 'train_loss': 0.0007, 'train_acc': 1.0, 'task_loss': (0.0003, 0.0004)}
{'epoch': 74, 'train_loss': 0.0005, 'train_acc': 1.0, 'task_loss': (0.0004, 0.0002)}
{'epoch': 75, 'train_loss': 0.0005, 'train_acc': 1.0, 'task_loss': (0.0004, 1e-04)}
{'epoch': 76, 'train_loss': 0.0005, 'train_acc': 1.0, 'task_loss': (0.0003, 0.0002)}
{'epoch': 77, 'train_loss': 0.0003, 'train_acc': 1.0, 'task_loss': (0.0002, 1e-04)}
{'epoch': 78, 'train_loss': 0.0004, 'train_acc': 1.0, 'task_loss': (0.0003, 1e-04)}
{'epoch': 79, 'train_loss': 0.0007, 'train_acc': 1.0, 'task_loss': (0.0006, 1e-04)}
{'epoch': 80, 'train_loss': 0.0003, 'train_acc': 1.0, 'task_loss': (0.0002, 1e-04)}
{'epoch': 81, 'train_loss': 0.0005, 'train_acc': 1.0, 'task_loss': (0.0004, 1e-04)}
{'epoch': 82, 'train_loss': 0.0004, 'train_acc': 1.0, 'task_loss': (0.0003, 0.0002)}
{'epoch': 83, 'train_loss': 0.0009, 'train_acc': 1.0, 'task_loss': (0.0007, 0.0002)}
{'epoch': 84, 'train_loss': 0.0005, 'train_acc': 1.0, 'task_loss': (0.0004, 1e-04)}
{'epoch': 85, 'train_loss': 0.0006, 'train_acc': 1.0, 'task_loss': (0.0003, 0.0002)}
{'epoch': 86, 'train_loss': 0.0003, 'train_acc': 1.0, 'task_loss': (0.0002, 1e-04)}
{'epoch': 87, 'train_loss': 0.0003, 'train_acc': 1.0, 'task_loss': (0.0002, 1e-04)}
{'epoch': 88, 'train_loss': 0.0003, 'train_acc': 1.0, 'task_loss': (0.0002, 1e-04)}
{'epoch': 89, 'train_loss': 0.0003, 'train_acc': 1.0, 'task_loss': (0.0003, 1e-04)}
{'epoch': 90, 'train_loss': 0.0005, 'train_acc': 1.0, 'task_loss': (0.0004, 1e-04)}
{'epoch': 91, 'train_loss': 0.0003, 'train_acc': 1.0, 'task_loss': (0.0003, 0.0)}
{'epoch': 92, 'train_loss': 0.001, 'train_acc': 1.0, 'task_loss': (0.0006, 0.0005)}
{'epoch': 93, 'train_loss': 0.0003, 'train_acc': 1.0, 'task_loss': (0.0003, 1e-04)}
{'epoch': 94, 'train_loss': 0.0009, 'train_acc': 1.0, 'task_loss': (0.0008, 1e-04)}
{'epoch': 95, 'train_loss': 0.0003, 'train_acc': 1.0, 'task_loss': (0.0002, 1e-04)}
{'epoch': 96, 'train_loss': 0.0004, 'train_acc': 1.0, 'task_loss': (0.0003, 1e-04)}
{'epoch': 97, 'train_loss': 0.0005, 'train_acc': 1.0, 'task_loss': (0.0003, 0.0002)}
{'epoch': 98, 'train_loss': 0.0003, 'train_acc': 1.0, 'task_loss': (0.0002, 1e-04)}
{'epoch': 99, 'train_loss': 0.0003, 'train_acc': 1.0, 'task_loss': (0.0002, 1e-04)}
{'epoch': 100, 'train_loss': 0.0006, 'train_acc': 1.0, 'task_loss': (0.0004, 0.0002)}
{'run_num': 6, 'final_test_err': 0.1400651465798045}
Files already downloaded and verified
Files already downloaded and verified
/home/ubuntu/tools/miniconda3/envs/manifold/lib/python3.8/site-packages/torch/optim/lr_scheduler.py:131: UserWarning: Detected call of `lr_scheduler.step()` before `optimizer.step()`. In PyTorch 1.1.0 and later, you should call them in the opposite order: `optimizer.step()` before `lr_scheduler.step()`.  Failure to do this will result in PyTorch skipping the first value of the learning rate schedule. See more details at https://pytorch.org/docs/stable/optim.html#how-to-adjust-learning-rate
  warnings.warn("Detected call of `lr_scheduler.step()` before `optimizer.step()`. "
{'epoch': 1, 'train_loss': 0.8252, 'train_acc': 0.61, 'task_loss': (0.3447, 0.4805)}
{'epoch': 2, 'train_loss': 0.516, 'train_acc': 0.8, 'task_loss': (0.2367, 0.2793)}
{'epoch': 3, 'train_loss': 0.2874, 'train_acc': 0.8733, 'task_loss': (0.1586, 0.1288)}
{'epoch': 4, 'train_loss': 0.1892, 'train_acc': 0.9133, 'task_loss': (0.1039, 0.0853)}
{'epoch': 5, 'train_loss': 0.1667, 'train_acc': 0.93, 'task_loss': (0.089, 0.0777)}
{'epoch': 6, 'train_loss': 0.156, 'train_acc': 0.92, 'task_loss': (0.0793, 0.0767)}
{'epoch': 7, 'train_loss': 0.1034, 'train_acc': 0.9467, 'task_loss': (0.0688, 0.0346)}
{'epoch': 8, 'train_loss': 0.0614, 'train_acc': 0.98, 'task_loss': (0.0414, 0.0201)}
{'epoch': 9, 'train_loss': 0.0362, 'train_acc': 0.9833, 'task_loss': (0.0244, 0.0118)}
{'epoch': 10, 'train_loss': 0.0233, 'train_acc': 0.9967, 'task_loss': (0.0168, 0.0065)}
{'epoch': 11, 'train_loss': 0.016, 'train_acc': 0.9967, 'task_loss': (0.011, 0.005)}
{'epoch': 12, 'train_loss': 0.0077, 'train_acc': 1.0, 'task_loss': (0.0063, 0.0013)}
{'epoch': 13, 'train_loss': 0.0051, 'train_acc': 1.0, 'task_loss': (0.0039, 0.0012)}
{'epoch': 14, 'train_loss': 0.0045, 'train_acc': 1.0, 'task_loss': (0.0036, 0.001)}
{'epoch': 15, 'train_loss': 0.0059, 'train_acc': 1.0, 'task_loss': (0.0046, 0.0014)}
{'epoch': 16, 'train_loss': 0.0029, 'train_acc': 1.0, 'task_loss': (0.0012, 0.0017)}
{'epoch': 17, 'train_loss': 0.0033, 'train_acc': 1.0, 'task_loss': (0.002, 0.0013)}
{'epoch': 18, 'train_loss': 0.0015, 'train_acc': 1.0, 'task_loss': (0.001, 0.0006)}
{'epoch': 19, 'train_loss': 0.0025, 'train_acc': 1.0, 'task_loss': (0.0019, 0.0005)}
{'epoch': 20, 'train_loss': 0.0013, 'train_acc': 1.0, 'task_loss': (0.0008, 0.0005)}
{'epoch': 21, 'train_loss': 0.0016, 'train_acc': 1.0, 'task_loss': (0.001, 0.0006)}
{'epoch': 22, 'train_loss': 0.0013, 'train_acc': 1.0, 'task_loss': (0.001, 0.0003)}
{'epoch': 23, 'train_loss': 0.0013, 'train_acc': 1.0, 'task_loss': (0.001, 0.0003)}
{'epoch': 24, 'train_loss': 0.0023, 'train_acc': 1.0, 'task_loss': (0.0017, 0.0006)}
{'epoch': 25, 'train_loss': 0.0028, 'train_acc': 1.0, 'task_loss': (0.0023, 0.0006)}
{'epoch': 26, 'train_loss': 0.0013, 'train_acc': 1.0, 'task_loss': (0.0009, 0.0004)}
{'epoch': 27, 'train_loss': 0.0015, 'train_acc': 1.0, 'task_loss': (0.0012, 0.0003)}
{'epoch': 28, 'train_loss': 0.0013, 'train_acc': 1.0, 'task_loss': (0.0008, 0.0004)}
{'epoch': 29, 'train_loss': 0.001, 'train_acc': 1.0, 'task_loss': (0.0008, 0.0003)}
{'epoch': 30, 'train_loss': 0.0008, 'train_acc': 1.0, 'task_loss': (0.0006, 0.0002)}
{'epoch': 31, 'train_loss': 0.0008, 'train_acc': 1.0, 'task_loss': (0.0005, 0.0003)}
{'epoch': 32, 'train_loss': 0.0008, 'train_acc': 1.0, 'task_loss': (0.0006, 0.0003)}
{'epoch': 33, 'train_loss': 0.0008, 'train_acc': 1.0, 'task_loss': (0.0006, 0.0002)}
{'epoch': 34, 'train_loss': 0.0007, 'train_acc': 1.0, 'task_loss': (0.0005, 0.0002)}
{'epoch': 35, 'train_loss': 0.0006, 'train_acc': 1.0, 'task_loss': (0.0004, 0.0002)}
{'epoch': 36, 'train_loss': 0.0007, 'train_acc': 1.0, 'task_loss': (0.0006, 0.0002)}
{'epoch': 37, 'train_loss': 0.0007, 'train_acc': 1.0, 'task_loss': (0.0006, 0.0002)}
{'epoch': 38, 'train_loss': 0.0005, 'train_acc': 1.0, 'task_loss': (0.0003, 0.0002)}
{'epoch': 39, 'train_loss': 0.0008, 'train_acc': 1.0, 'task_loss': (0.0004, 0.0003)}
{'epoch': 40, 'train_loss': 0.0006, 'train_acc': 1.0, 'task_loss': (0.0004, 0.0002)}
{'epoch': 41, 'train_loss': 0.0006, 'train_acc': 1.0, 'task_loss': (0.0004, 0.0002)}
{'epoch': 42, 'train_loss': 0.0007, 'train_acc': 1.0, 'task_loss': (0.0005, 0.0002)}
{'epoch': 43, 'train_loss': 0.0005, 'train_acc': 1.0, 'task_loss': (0.0004, 0.0002)}
{'epoch': 44, 'train_loss': 0.0008, 'train_acc': 1.0, 'task_loss': (0.0007, 0.0002)}
{'epoch': 45, 'train_loss': 0.0004, 'train_acc': 1.0, 'task_loss': (0.0003, 1e-04)}
{'epoch': 46, 'train_loss': 0.0006, 'train_acc': 1.0, 'task_loss': (0.0004, 0.0002)}
{'epoch': 47, 'train_loss': 0.0005, 'train_acc': 1.0, 'task_loss': (0.0003, 0.0002)}
{'epoch': 48, 'train_loss': 0.0004, 'train_acc': 1.0, 'task_loss': (0.0003, 1e-04)}
{'epoch': 49, 'train_loss': 0.0004, 'train_acc': 1.0, 'task_loss': (0.0003, 1e-04)}
{'epoch': 50, 'train_loss': 0.0004, 'train_acc': 1.0, 'task_loss': (0.0003, 1e-04)}
{'epoch': 51, 'train_loss': 0.0005, 'train_acc': 1.0, 'task_loss': (0.0004, 1e-04)}
{'epoch': 52, 'train_loss': 0.0007, 'train_acc': 1.0, 'task_loss': (0.0005, 0.0002)}
{'epoch': 53, 'train_loss': 0.0004, 'train_acc': 1.0, 'task_loss': (0.0003, 1e-04)}
{'epoch': 54, 'train_loss': 0.0003, 'train_acc': 1.0, 'task_loss': (0.0003, 1e-04)}
{'epoch': 55, 'train_loss': 0.0009, 'train_acc': 1.0, 'task_loss': (0.0007, 0.0002)}
{'epoch': 56, 'train_loss': 0.0003, 'train_acc': 1.0, 'task_loss': (0.0002, 1e-04)}
{'epoch': 57, 'train_loss': 0.0007, 'train_acc': 1.0, 'task_loss': (0.0005, 0.0002)}
{'epoch': 58, 'train_loss': 0.0003, 'train_acc': 1.0, 'task_loss': (0.0002, 1e-04)}
{'epoch': 59, 'train_loss': 0.0003, 'train_acc': 1.0, 'task_loss': (0.0003, 1e-04)}
{'epoch': 60, 'train_loss': 0.0004, 'train_acc': 1.0, 'task_loss': (0.0003, 1e-04)}
{'epoch': 61, 'train_loss': 0.0004, 'train_acc': 1.0, 'task_loss': (0.0003, 1e-04)}
{'epoch': 62, 'train_loss': 0.0005, 'train_acc': 1.0, 'task_loss': (0.0004, 0.0002)}
{'epoch': 63, 'train_loss': 0.0003, 'train_acc': 1.0, 'task_loss': (0.0002, 1e-04)}
{'epoch': 64, 'train_loss': 0.0004, 'train_acc': 1.0, 'task_loss': (0.0002, 0.0002)}
{'epoch': 65, 'train_loss': 0.0003, 'train_acc': 1.0, 'task_loss': (0.0002, 1e-04)}
{'epoch': 66, 'train_loss': 0.0005, 'train_acc': 1.0, 'task_loss': (0.0005, 1e-04)}
{'epoch': 67, 'train_loss': 0.0003, 'train_acc': 1.0, 'task_loss': (0.0002, 1e-04)}
{'epoch': 68, 'train_loss': 0.0004, 'train_acc': 1.0, 'task_loss': (0.0002, 0.0002)}
{'epoch': 69, 'train_loss': 0.0003, 'train_acc': 1.0, 'task_loss': (0.0002, 1e-04)}
{'epoch': 70, 'train_loss': 0.0004, 'train_acc': 1.0, 'task_loss': (0.0002, 0.0002)}
{'epoch': 71, 'train_loss': 0.0003, 'train_acc': 1.0, 'task_loss': (0.0002, 1e-04)}
{'epoch': 72, 'train_loss': 0.0005, 'train_acc': 1.0, 'task_loss': (0.0003, 1e-04)}
{'epoch': 73, 'train_loss': 0.0003, 'train_acc': 1.0, 'task_loss': (0.0002, 1e-04)}
{'epoch': 74, 'train_loss': 0.0006, 'train_acc': 1.0, 'task_loss': (0.0004, 1e-04)}
{'epoch': 75, 'train_loss': 0.0006, 'train_acc': 1.0, 'task_loss': (0.0004, 0.0002)}
{'epoch': 76, 'train_loss': 0.0003, 'train_acc': 1.0, 'task_loss': (0.0002, 1e-04)}
{'epoch': 77, 'train_loss': 0.0004, 'train_acc': 1.0, 'task_loss': (0.0003, 1e-04)}
{'epoch': 78, 'train_loss': 0.0003, 'train_acc': 1.0, 'task_loss': (0.0002, 1e-04)}
{'epoch': 79, 'train_loss': 0.0004, 'train_acc': 1.0, 'task_loss': (0.0002, 0.0002)}
{'epoch': 80, 'train_loss': 0.0004, 'train_acc': 1.0, 'task_loss': (0.0003, 1e-04)}
{'epoch': 81, 'train_loss': 0.0003, 'train_acc': 1.0, 'task_loss': (0.0002, 1e-04)}
{'epoch': 82, 'train_loss': 0.0005, 'train_acc': 1.0, 'task_loss': (0.0004, 1e-04)}
{'epoch': 83, 'train_loss': 0.0004, 'train_acc': 1.0, 'task_loss': (0.0002, 0.0002)}
{'epoch': 84, 'train_loss': 0.0004, 'train_acc': 1.0, 'task_loss': (0.0003, 0.0002)}
{'epoch': 85, 'train_loss': 0.0003, 'train_acc': 1.0, 'task_loss': (0.0002, 1e-04)}
{'epoch': 86, 'train_loss': 0.0003, 'train_acc': 1.0, 'task_loss': (0.0002, 1e-04)}
{'epoch': 87, 'train_loss': 0.0005, 'train_acc': 1.0, 'task_loss': (0.0004, 1e-04)}
{'epoch': 88, 'train_loss': 0.0007, 'train_acc': 1.0, 'task_loss': (0.0003, 0.0003)}
{'epoch': 89, 'train_loss': 0.0003, 'train_acc': 1.0, 'task_loss': (0.0002, 1e-04)}
{'epoch': 90, 'train_loss': 0.0003, 'train_acc': 1.0, 'task_loss': (0.0002, 1e-04)}
{'epoch': 91, 'train_loss': 0.0004, 'train_acc': 1.0, 'task_loss': (0.0003, 1e-04)}
{'epoch': 92, 'train_loss': 0.0004, 'train_acc': 1.0, 'task_loss': (0.0003, 1e-04)}
{'epoch': 93, 'train_loss': 0.0005, 'train_acc': 1.0, 'task_loss': (0.0003, 0.0002)}
{'epoch': 94, 'train_loss': 0.0003, 'train_acc': 1.0, 'task_loss': (0.0002, 1e-04)}
{'epoch': 95, 'train_loss': 0.0003, 'train_acc': 1.0, 'task_loss': (0.0002, 1e-04)}
{'epoch': 96, 'train_loss': 0.0003, 'train_acc': 1.0, 'task_loss': (0.0002, 1e-04)}
{'epoch': 97, 'train_loss': 0.0004, 'train_acc': 1.0, 'task_loss': (0.0002, 0.0002)}
{'epoch': 98, 'train_loss': 0.0003, 'train_acc': 1.0, 'task_loss': (0.0002, 0.0002)}
{'epoch': 99, 'train_loss': 0.0005, 'train_acc': 1.0, 'task_loss': (0.0004, 1e-04)}
{'epoch': 100, 'train_loss': 0.0004, 'train_acc': 1.0, 'task_loss': (0.0003, 1e-04)}
{'run_num': 7, 'final_test_err': 0.1368078175895765}
Files already downloaded and verified
Files already downloaded and verified
{'epoch': 1, 'train_loss': 0.6721, 'train_acc': 0.7, 'task_loss': (0.263, 0.4091)}
{'epoch': 2, 'train_loss': 0.5, 'train_acc': 0.78, 'task_loss': (0.2265, 0.2734)}
{'epoch': 3, 'train_loss': 0.4198, 'train_acc': 0.8467, 'task_loss': (0.1922, 0.2276)}
{'epoch': 4, 'train_loss': 0.2567, 'train_acc': 0.9, 'task_loss': (0.1566, 0.1001)}
{'epoch': 5, 'train_loss': 0.1953, 'train_acc': 0.9167, 'task_loss': (0.1061, 0.0893)}
{'epoch': 6, 'train_loss': 0.1916, 'train_acc': 0.9267, 'task_loss': (0.0886, 0.103)}
{'epoch': 7, 'train_loss': 0.1197, 'train_acc': 0.95, 'task_loss': (0.0636, 0.0561)}
{'epoch': 8, 'train_loss': 0.0683, 'train_acc': 0.9667, 'task_loss': (0.0484, 0.02)}
{'epoch': 9, 'train_loss': 0.0743, 'train_acc': 0.9567, 'task_loss': (0.0506, 0.0237)}
{'epoch': 10, 'train_loss': 0.0535, 'train_acc': 0.9667, 'task_loss': (0.0457, 0.0077)}
{'epoch': 11, 'train_loss': 0.0507, 'train_acc': 0.98, 'task_loss': (0.0318, 0.0189)}
{'epoch': 12, 'train_loss': 0.031, 'train_acc': 0.99, 'task_loss': (0.0192, 0.0118)}
{'epoch': 13, 'train_loss': 0.0131, 'train_acc': 1.0, 'task_loss': (0.0105, 0.0026)}
{'epoch': 14, 'train_loss': 0.0184, 'train_acc': 0.9933, 'task_loss': (0.013, 0.0054)}
{'epoch': 15, 'train_loss': 0.0127, 'train_acc': 1.0, 'task_loss': (0.009, 0.0038)}
{'epoch': 16, 'train_loss': 0.0055, 'train_acc': 1.0, 'task_loss': (0.0038, 0.0016)}
{'epoch': 17, 'train_loss': 0.004, 'train_acc': 1.0, 'task_loss': (0.0033, 0.0008)}
{'epoch': 18, 'train_loss': 0.0025, 'train_acc': 1.0, 'task_loss': (0.0018, 0.0007)}
{'epoch': 19, 'train_loss': 0.004, 'train_acc': 1.0, 'task_loss': (0.003, 0.001)}
{'epoch': 20, 'train_loss': 0.0015, 'train_acc': 1.0, 'task_loss': (0.0012, 0.0003)}
{'epoch': 21, 'train_loss': 0.0029, 'train_acc': 1.0, 'task_loss': (0.0024, 0.0005)}
{'epoch': 22, 'train_loss': 0.0016, 'train_acc': 1.0, 'task_loss': (0.0012, 0.0004)}
{'epoch': 23, 'train_loss': 0.002, 'train_acc': 1.0, 'task_loss': (0.0017, 0.0002)}
{'epoch': 24, 'train_loss': 0.0015, 'train_acc': 1.0, 'task_loss': (0.0011, 0.0004)}
{'epoch': 25, 'train_loss': 0.0015, 'train_acc': 1.0, 'task_loss': (0.0011, 0.0003)}
{'epoch': 26, 'train_loss': 0.0015, 'train_acc': 1.0, 'task_loss': (0.0012, 0.0003)}
{'epoch': 27, 'train_loss': 0.001, 'train_acc': 1.0, 'task_loss': (0.0007, 0.0002)}
{'epoch': 28, 'train_loss': 0.0012, 'train_acc': 1.0, 'task_loss': (0.001, 0.0002)}
{'epoch': 29, 'train_loss': 0.0008, 'train_acc': 1.0, 'task_loss': (0.0005, 0.0003)}
{'epoch': 30, 'train_loss': 0.0013, 'train_acc': 1.0, 'task_loss': (0.0011, 0.0002)}
{'epoch': 31, 'train_loss': 0.0012, 'train_acc': 1.0, 'task_loss': (0.0009, 0.0002)}
{'epoch': 32, 'train_loss': 0.001, 'train_acc': 1.0, 'task_loss': (0.0007, 0.0003)}
{'epoch': 33, 'train_loss': 0.0023, 'train_acc': 1.0, 'task_loss': (0.0019, 0.0004)}
{'epoch': 34, 'train_loss': 0.0011, 'train_acc': 1.0, 'task_loss': (0.0009, 0.0002)}
{'epoch': 35, 'train_loss': 0.0005, 'train_acc': 1.0, 'task_loss': (0.0003, 0.0002)}
{'epoch': 36, 'train_loss': 0.0008, 'train_acc': 1.0, 'task_loss': (0.0006, 0.0002)}
{'epoch': 37, 'train_loss': 0.0007, 'train_acc': 1.0, 'task_loss': (0.0004, 0.0003)}
{'epoch': 38, 'train_loss': 0.0012, 'train_acc': 1.0, 'task_loss': (0.0007, 0.0005)}
{'epoch': 39, 'train_loss': 0.0012, 'train_acc': 1.0, 'task_loss': (0.001, 1e-04)}
{'epoch': 40, 'train_loss': 0.0008, 'train_acc': 1.0, 'task_loss': (0.0006, 0.0002)}
{'epoch': 41, 'train_loss': 0.0006, 'train_acc': 1.0, 'task_loss': (0.0003, 0.0003)}
{'epoch': 42, 'train_loss': 0.0006, 'train_acc': 1.0, 'task_loss': (0.0004, 1e-04)}
{'epoch': 43, 'train_loss': 0.0007, 'train_acc': 1.0, 'task_loss': (0.0005, 0.0002)}
{'epoch': 44, 'train_loss': 0.0008, 'train_acc': 1.0, 'task_loss': (0.0007, 1e-04)}
{'epoch': 45, 'train_loss': 0.0008, 'train_acc': 1.0, 'task_loss': (0.0006, 0.0003)}
{'epoch': 46, 'train_loss': 0.0007, 'train_acc': 1.0, 'task_loss': (0.0004, 0.0003)}
{'epoch': 47, 'train_loss': 0.0008, 'train_acc': 1.0, 'task_loss': (0.0006, 0.0002)}
{'epoch': 48, 'train_loss': 0.0014, 'train_acc': 1.0, 'task_loss': (0.0013, 1e-04)}
{'epoch': 49, 'train_loss': 0.0004, 'train_acc': 1.0, 'task_loss': (0.0003, 1e-04)}
{'epoch': 50, 'train_loss': 0.0004, 'train_acc': 1.0, 'task_loss': (0.0003, 1e-04)}
{'epoch': 51, 'train_loss': 0.0004, 'train_acc': 1.0, 'task_loss': (0.0002, 1e-04)}
{'epoch': 52, 'train_loss': 0.0008, 'train_acc': 1.0, 'task_loss': (0.0007, 1e-04)}
{'epoch': 53, 'train_loss': 0.0005, 'train_acc': 1.0, 'task_loss': (0.0003, 1e-04)}
{'epoch': 54, 'train_loss': 0.0005, 'train_acc': 1.0, 'task_loss': (0.0003, 0.0002)}
{'epoch': 55, 'train_loss': 0.0003, 'train_acc': 1.0, 'task_loss': (0.0002, 1e-04)}
{'epoch': 56, 'train_loss': 0.0006, 'train_acc': 1.0, 'task_loss': (0.0004, 0.0002)}
{'epoch': 57, 'train_loss': 0.0005, 'train_acc': 1.0, 'task_loss': (0.0004, 1e-04)}
{'epoch': 58, 'train_loss': 0.0007, 'train_acc': 1.0, 'task_loss': (0.0006, 0.0002)}
{'epoch': 59, 'train_loss': 0.0015, 'train_acc': 1.0, 'task_loss': (0.0013, 0.0003)}
{'epoch': 60, 'train_loss': 0.0005, 'train_acc': 1.0, 'task_loss': (0.0004, 1e-04)}
{'epoch': 61, 'train_loss': 0.0006, 'train_acc': 1.0, 'task_loss': (0.0004, 0.0002)}
{'epoch': 62, 'train_loss': 0.0003, 'train_acc': 1.0, 'task_loss': (0.0002, 1e-04)}
{'epoch': 63, 'train_loss': 0.0004, 'train_acc': 1.0, 'task_loss': (0.0002, 1e-04)}
{'epoch': 64, 'train_loss': 0.0004, 'train_acc': 1.0, 'task_loss': (0.0003, 1e-04)}
{'epoch': 65, 'train_loss': 0.0003, 'train_acc': 1.0, 'task_loss': (0.0002, 1e-04)}
{'epoch': 66, 'train_loss': 0.0004, 'train_acc': 1.0, 'task_loss': (0.0002, 1e-04)}
{'epoch': 67, 'train_loss': 0.0005, 'train_acc': 1.0, 'task_loss': (0.0003, 0.0002)}
{'epoch': 68, 'train_loss': 0.0003, 'train_acc': 1.0, 'task_loss': (0.0002, 1e-04)}
{'epoch': 69, 'train_loss': 0.0004, 'train_acc': 1.0, 'task_loss': (0.0003, 0.0002)}
{'epoch': 70, 'train_loss': 0.0004, 'train_acc': 1.0, 'task_loss': (0.0002, 1e-04)}
{'epoch': 71, 'train_loss': 0.0004, 'train_acc': 1.0, 'task_loss': (0.0002, 1e-04)}
{'epoch': 72, 'train_loss': 0.0004, 'train_acc': 1.0, 'task_loss': (0.0003, 1e-04)}
{'epoch': 73, 'train_loss': 0.0003, 'train_acc': 1.0, 'task_loss': (0.0002, 1e-04)}
{'epoch': 74, 'train_loss': 0.0005, 'train_acc': 1.0, 'task_loss': (0.0003, 0.0002)}
{'epoch': 75, 'train_loss': 0.0009, 'train_acc': 1.0, 'task_loss': (0.0008, 1e-04)}
{'epoch': 76, 'train_loss': 0.0005, 'train_acc': 1.0, 'task_loss': (0.0004, 1e-04)}
{'epoch': 77, 'train_loss': 0.0003, 'train_acc': 1.0, 'task_loss': (0.0003, 1e-04)}
{'epoch': 78, 'train_loss': 0.0005, 'train_acc': 1.0, 'task_loss': (0.0004, 1e-04)}
{'epoch': 79, 'train_loss': 0.0003, 'train_acc': 1.0, 'task_loss': (0.0002, 1e-04)}
{'epoch': 80, 'train_loss': 0.0003, 'train_acc': 1.0, 'task_loss': (0.0002, 1e-04)}
{'epoch': 81, 'train_loss': 0.0003, 'train_acc': 1.0, 'task_loss': (0.0002, 1e-04)}
{'epoch': 82, 'train_loss': 0.0004, 'train_acc': 1.0, 'task_loss': (0.0002, 1e-04)}
{'epoch': 83, 'train_loss': 0.0003, 'train_acc': 1.0, 'task_loss': (0.0002, 1e-04)}
{'epoch': 84, 'train_loss': 0.0002, 'train_acc': 1.0, 'task_loss': (1e-04, 1e-04)}
{'epoch': 85, 'train_loss': 0.0003, 'train_acc': 1.0, 'task_loss': (0.0003, 1e-04)}
{'epoch': 86, 'train_loss': 0.0005, 'train_acc': 1.0, 'task_loss': (0.0003, 1e-04)}
{'epoch': 87, 'train_loss': 0.0003, 'train_acc': 1.0, 'task_loss': (0.0002, 1e-04)}
{'epoch': 88, 'train_loss': 0.0005, 'train_acc': 1.0, 'task_loss': (0.0005, 1e-04)}
{'epoch': 89, 'train_loss': 0.0008, 'train_acc': 1.0, 'task_loss': (0.0005, 0.0003)}
{'epoch': 90, 'train_loss': 0.0004, 'train_acc': 1.0, 'task_loss': (0.0003, 0.0002)}
{'epoch': 91, 'train_loss': 0.0004, 'train_acc': 1.0, 'task_loss': (0.0003, 1e-04)}
{'epoch': 92, 'train_loss': 0.0004, 'train_acc': 1.0, 'task_loss': (0.0003, 1e-04)}
{'epoch': 93, 'train_loss': 0.0004, 'train_acc': 1.0, 'task_loss': (0.0003, 1e-04)}
{'epoch': 94, 'train_loss': 0.0003, 'train_acc': 1.0, 'task_loss': (0.0003, 1e-04)}
{'epoch': 95, 'train_loss': 0.0005, 'train_acc': 1.0, 'task_loss': (0.0004, 1e-04)}
{'epoch': 96, 'train_loss': 0.0005, 'train_acc': 1.0, 'task_loss': (0.0004, 0.0002)}
{'epoch': 97, 'train_loss': 0.0006, 'train_acc': 1.0, 'task_loss': (0.0004, 0.0002)}
{'epoch': 98, 'train_loss': 0.0004, 'train_acc': 1.0, 'task_loss': (0.0003, 1e-04)}
{'epoch': 99, 'train_loss': 0.0003, 'train_acc': 1.0, 'task_loss': (0.0002, 1e-04)}
{'epoch': 100, 'train_loss': 0.0007, 'train_acc': 1.0, 'task_loss': (0.0005, 0.0002)}
{'run_num': 8, 'final_test_err': 0.1368078175895765}
Files already downloaded and verified
Files already downloaded and verified
{'epoch': 1, 'train_loss': 0.6928, 'train_acc': 0.69, 'task_loss': (0.2679, 0.4249)}
{'epoch': 2, 'train_loss': 0.3907, 'train_acc': 0.8167, 'task_loss': (0.1912, 0.1995)}
{'epoch': 3, 'train_loss': 0.289, 'train_acc': 0.8867, 'task_loss': (0.1457, 0.1433)}
{'epoch': 4, 'train_loss': 0.2342, 'train_acc': 0.9267, 'task_loss': (0.1087, 0.1255)}
{'epoch': 5, 'train_loss': 0.1674, 'train_acc': 0.93, 'task_loss': (0.0812, 0.0861)}
{'epoch': 6, 'train_loss': 0.1551, 'train_acc': 0.93, 'task_loss': (0.0771, 0.078)}
{'epoch': 7, 'train_loss': 0.0741, 'train_acc': 0.9667, 'task_loss': (0.0461, 0.028)}
{'epoch': 8, 'train_loss': 0.0423, 'train_acc': 0.99, 'task_loss': (0.026, 0.0162)}
{'epoch': 9, 'train_loss': 0.0155, 'train_acc': 1.0, 'task_loss': (0.0104, 0.0051)}
{'epoch': 10, 'train_loss': 0.0129, 'train_acc': 1.0, 'task_loss': (0.008, 0.0049)}
{'epoch': 11, 'train_loss': 0.0101, 'train_acc': 1.0, 'task_loss': (0.0064, 0.0037)}
{'epoch': 12, 'train_loss': 0.0056, 'train_acc': 1.0, 'task_loss': (0.0029, 0.0027)}
{'epoch': 13, 'train_loss': 0.006, 'train_acc': 1.0, 'task_loss': (0.0033, 0.0027)}
{'epoch': 14, 'train_loss': 0.0054, 'train_acc': 1.0, 'task_loss': (0.0037, 0.0016)}
{'epoch': 15, 'train_loss': 0.0037, 'train_acc': 1.0, 'task_loss': (0.0017, 0.002)}
{'epoch': 16, 'train_loss': 0.003, 'train_acc': 1.0, 'task_loss': (0.0024, 0.0006)}
{'epoch': 17, 'train_loss': 0.0017, 'train_acc': 1.0, 'task_loss': (0.0008, 0.0009)}
{'epoch': 18, 'train_loss': 0.0032, 'train_acc': 1.0, 'task_loss': (0.0028, 0.0004)}
{'epoch': 19, 'train_loss': 0.0022, 'train_acc': 1.0, 'task_loss': (0.0015, 0.0007)}
{'epoch': 20, 'train_loss': 0.0013, 'train_acc': 1.0, 'task_loss': (0.0009, 0.0004)}
{'epoch': 21, 'train_loss': 0.0013, 'train_acc': 1.0, 'task_loss': (0.0009, 0.0004)}
{'epoch': 22, 'train_loss': 0.0013, 'train_acc': 1.0, 'task_loss': (0.0008, 0.0005)}
{'epoch': 23, 'train_loss': 0.0016, 'train_acc': 1.0, 'task_loss': (0.0009, 0.0007)}
{'epoch': 24, 'train_loss': 0.0023, 'train_acc': 1.0, 'task_loss': (0.0017, 0.0007)}
{'epoch': 25, 'train_loss': 0.0037, 'train_acc': 1.0, 'task_loss': (0.0032, 0.0004)}
{'epoch': 26, 'train_loss': 0.002, 'train_acc': 1.0, 'task_loss': (0.0015, 0.0005)}
{'epoch': 27, 'train_loss': 0.0018, 'train_acc': 1.0, 'task_loss': (0.0013, 0.0006)}
{'epoch': 28, 'train_loss': 0.0012, 'train_acc': 1.0, 'task_loss': (0.0008, 0.0004)}
{'epoch': 29, 'train_loss': 0.001, 'train_acc': 1.0, 'task_loss': (0.0008, 0.0003)}
{'epoch': 30, 'train_loss': 0.0014, 'train_acc': 1.0, 'task_loss': (0.0007, 0.0006)}
{'epoch': 31, 'train_loss': 0.0009, 'train_acc': 1.0, 'task_loss': (0.0004, 0.0005)}
{'epoch': 32, 'train_loss': 0.0007, 'train_acc': 1.0, 'task_loss': (0.0005, 0.0002)}
{'epoch': 33, 'train_loss': 0.0006, 'train_acc': 1.0, 'task_loss': (0.0004, 0.0002)}
{'epoch': 34, 'train_loss': 0.0006, 'train_acc': 1.0, 'task_loss': (0.0003, 0.0002)}
{'epoch': 35, 'train_loss': 0.0005, 'train_acc': 1.0, 'task_loss': (0.0003, 1e-04)}
{'epoch': 36, 'train_loss': 0.0007, 'train_acc': 1.0, 'task_loss': (0.0005, 0.0002)}
{'epoch': 37, 'train_loss': 0.0005, 'train_acc': 1.0, 'task_loss': (0.0004, 0.0002)}
{'epoch': 38, 'train_loss': 0.0006, 'train_acc': 1.0, 'task_loss': (0.0004, 0.0002)}
{'epoch': 39, 'train_loss': 0.0017, 'train_acc': 1.0, 'task_loss': (0.0016, 0.0002)}
{'epoch': 40, 'train_loss': 0.0011, 'train_acc': 1.0, 'task_loss': (0.0007, 0.0003)}
{'epoch': 41, 'train_loss': 0.0006, 'train_acc': 1.0, 'task_loss': (0.0003, 0.0003)}
{'epoch': 42, 'train_loss': 0.001, 'train_acc': 1.0, 'task_loss': (0.0006, 0.0004)}
{'epoch': 43, 'train_loss': 0.0005, 'train_acc': 1.0, 'task_loss': (0.0004, 1e-04)}
{'epoch': 44, 'train_loss': 0.0006, 'train_acc': 1.0, 'task_loss': (0.0005, 1e-04)}
{'epoch': 45, 'train_loss': 0.0004, 'train_acc': 1.0, 'task_loss': (0.0003, 1e-04)}
{'epoch': 46, 'train_loss': 0.0009, 'train_acc': 1.0, 'task_loss': (0.0007, 0.0002)}
{'epoch': 47, 'train_loss': 0.0004, 'train_acc': 1.0, 'task_loss': (0.0003, 1e-04)}
{'epoch': 48, 'train_loss': 0.0006, 'train_acc': 1.0, 'task_loss': (0.0005, 1e-04)}
{'epoch': 49, 'train_loss': 0.0005, 'train_acc': 1.0, 'task_loss': (0.0003, 0.0003)}
{'epoch': 50, 'train_loss': 0.0005, 'train_acc': 1.0, 'task_loss': (0.0004, 0.0002)}
{'epoch': 51, 'train_loss': 0.0004, 'train_acc': 1.0, 'task_loss': (0.0002, 0.0002)}
{'epoch': 52, 'train_loss': 0.0016, 'train_acc': 1.0, 'task_loss': (0.0015, 0.0002)}
{'epoch': 53, 'train_loss': 0.001, 'train_acc': 1.0, 'task_loss': (0.0006, 0.0004)}
{'epoch': 54, 'train_loss': 0.0003, 'train_acc': 1.0, 'task_loss': (0.0002, 1e-04)}
{'epoch': 55, 'train_loss': 0.0006, 'train_acc': 1.0, 'task_loss': (0.0004, 0.0002)}
{'epoch': 56, 'train_loss': 0.0004, 'train_acc': 1.0, 'task_loss': (0.0002, 0.0002)}
{'epoch': 57, 'train_loss': 0.0004, 'train_acc': 1.0, 'task_loss': (0.0003, 1e-04)}
{'epoch': 58, 'train_loss': 0.0003, 'train_acc': 1.0, 'task_loss': (0.0002, 1e-04)}
{'epoch': 59, 'train_loss': 0.0004, 'train_acc': 1.0, 'task_loss': (0.0003, 1e-04)}
{'epoch': 60, 'train_loss': 0.0005, 'train_acc': 1.0, 'task_loss': (0.0003, 0.0002)}
{'epoch': 61, 'train_loss': 0.0006, 'train_acc': 1.0, 'task_loss': (0.0002, 0.0004)}
{'epoch': 62, 'train_loss': 0.0005, 'train_acc': 1.0, 'task_loss': (0.0003, 1e-04)}
{'epoch': 63, 'train_loss': 0.0004, 'train_acc': 1.0, 'task_loss': (0.0003, 1e-04)}
{'epoch': 64, 'train_loss': 0.0003, 'train_acc': 1.0, 'task_loss': (0.0002, 1e-04)}
{'epoch': 65, 'train_loss': 0.0007, 'train_acc': 1.0, 'task_loss': (0.0005, 0.0002)}
{'epoch': 66, 'train_loss': 0.0004, 'train_acc': 1.0, 'task_loss': (0.0003, 1e-04)}
{'epoch': 67, 'train_loss': 0.0003, 'train_acc': 1.0, 'task_loss': (0.0003, 1e-04)}
{'epoch': 68, 'train_loss': 0.0004, 'train_acc': 1.0, 'task_loss': (0.0002, 1e-04)}
{'epoch': 69, 'train_loss': 0.0003, 'train_acc': 1.0, 'task_loss': (0.0002, 1e-04)}
{'epoch': 70, 'train_loss': 0.0005, 'train_acc': 1.0, 'task_loss': (0.0003, 0.0003)}
{'epoch': 71, 'train_loss': 0.0004, 'train_acc': 1.0, 'task_loss': (0.0003, 1e-04)}
{'epoch': 72, 'train_loss': 0.0011, 'train_acc': 1.0, 'task_loss': (0.0009, 0.0002)}
{'epoch': 73, 'train_loss': 0.0003, 'train_acc': 1.0, 'task_loss': (0.0002, 1e-04)}
{'epoch': 74, 'train_loss': 0.0006, 'train_acc': 1.0, 'task_loss': (0.0002, 0.0004)}
{'epoch': 75, 'train_loss': 0.0004, 'train_acc': 1.0, 'task_loss': (0.0003, 1e-04)}
{'epoch': 76, 'train_loss': 0.0008, 'train_acc': 1.0, 'task_loss': (0.0007, 0.0002)}
{'epoch': 77, 'train_loss': 0.0004, 'train_acc': 1.0, 'task_loss': (0.0003, 1e-04)}
{'epoch': 78, 'train_loss': 0.0005, 'train_acc': 1.0, 'task_loss': (0.0004, 1e-04)}
{'epoch': 79, 'train_loss': 0.0004, 'train_acc': 1.0, 'task_loss': (0.0003, 1e-04)}
{'epoch': 80, 'train_loss': 0.0008, 'train_acc': 1.0, 'task_loss': (0.0006, 0.0002)}
{'epoch': 81, 'train_loss': 0.0004, 'train_acc': 1.0, 'task_loss': (0.0002, 0.0002)}
{'epoch': 82, 'train_loss': 0.0006, 'train_acc': 1.0, 'task_loss': (0.0004, 0.0003)}
{'epoch': 83, 'train_loss': 0.0004, 'train_acc': 1.0, 'task_loss': (0.0003, 1e-04)}
{'epoch': 84, 'train_loss': 0.0005, 'train_acc': 1.0, 'task_loss': (0.0003, 1e-04)}
{'epoch': 85, 'train_loss': 0.0004, 'train_acc': 1.0, 'task_loss': (0.0002, 0.0002)}
{'epoch': 86, 'train_loss': 0.0005, 'train_acc': 1.0, 'task_loss': (0.0003, 0.0002)}
{'epoch': 87, 'train_loss': 0.0003, 'train_acc': 1.0, 'task_loss': (0.0002, 1e-04)}
{'epoch': 88, 'train_loss': 0.0003, 'train_acc': 1.0, 'task_loss': (0.0002, 1e-04)}
{'epoch': 89, 'train_loss': 0.0004, 'train_acc': 1.0, 'task_loss': (0.0003, 1e-04)}
{'epoch': 90, 'train_loss': 0.0004, 'train_acc': 1.0, 'task_loss': (0.0003, 1e-04)}
{'epoch': 91, 'train_loss': 0.0003, 'train_acc': 1.0, 'task_loss': (0.0002, 1e-04)}
{'epoch': 92, 'train_loss': 0.0005, 'train_acc': 1.0, 'task_loss': (0.0002, 0.0003)}
{'epoch': 93, 'train_loss': 0.0003, 'train_acc': 1.0, 'task_loss': (0.0002, 1e-04)}
{'epoch': 94, 'train_loss': 0.0003, 'train_acc': 1.0, 'task_loss': (0.0002, 1e-04)}
{'epoch': 95, 'train_loss': 0.0003, 'train_acc': 1.0, 'task_loss': (0.0002, 1e-04)}
{'epoch': 96, 'train_loss': 0.0003, 'train_acc': 1.0, 'task_loss': (0.0002, 1e-04)}
{'epoch': 97, 'train_loss': 0.0004, 'train_acc': 1.0, 'task_loss': (0.0002, 0.0002)}
{'epoch': 98, 'train_loss': 0.0005, 'train_acc': 1.0, 'task_loss': (0.0004, 1e-04)}
{'epoch': 99, 'train_loss': 0.0005, 'train_acc': 1.0, 'task_loss': (0.0003, 0.0002)}
{'epoch': 100, 'train_loss': 0.0003, 'train_acc': 1.0, 'task_loss': (0.0002, 1e-04)}
{'run_num': 9, 'final_test_err': 0.1400651465798045}
{'avg_err': 0.1459, 'std_err': 0.0151}
