{'deploy': True, 'tag': '05_ood/02_domain_alpha1', 'seed': 10, 'device': 'cuda:0', 'reps': 10, 'loss': {'alpha': 0.5, 'tune_alpha': False, 'group_task_loss': True}, 'task': {'dataset': 'domain_net', 'task_map': [[0, 1], [2, 3], [4, 5], [6, 7], [8, 9]], 'target': 0, 'ood': [2], 'augment': False, 'n': 100, 'm_n': 5, 'beta': 0.5, 'custom_sampler': False, 'm_cinic': 1, 'm_cinic_neg': 0.0}, 'hp': {'epochs': 100, 'bs': 16, 'lr': 0.01}, 'net': 'conv'}
Files already downloaded and verified
Files already downloaded and verified
{'epoch': 1, 'train_loss': 0.484, 'train_acc': 0.7773, 'task_loss': (0.2146, 0.2694)}
{'epoch': 2, 'train_loss': 0.3571, 'train_acc': 0.8557, 'task_loss': (0.1646, 0.1925)}
{'epoch': 3, 'train_loss': 0.223, 'train_acc': 0.9113, 'task_loss': (0.111, 0.112)}
{'epoch': 4, 'train_loss': 0.1635, 'train_acc': 0.932, 'task_loss': (0.0721, 0.0913)}
{'epoch': 5, 'train_loss': 0.1138, 'train_acc': 0.9505, 'task_loss': (0.0674, 0.0463)}
{'epoch': 6, 'train_loss': 0.0979, 'train_acc': 0.9629, 'task_loss': (0.0391, 0.0587)}
{'epoch': 7, 'train_loss': 0.122, 'train_acc': 0.9588, 'task_loss': (0.0409, 0.0811)}
{'epoch': 8, 'train_loss': 0.056, 'train_acc': 0.9794, 'task_loss': (0.0159, 0.0401)}
{'epoch': 9, 'train_loss': 0.054, 'train_acc': 0.9814, 'task_loss': (0.0337, 0.0202)}
{'epoch': 10, 'train_loss': 0.0519, 'train_acc': 0.9835, 'task_loss': (0.0219, 0.03)}
{'epoch': 11, 'train_loss': 0.1148, 'train_acc': 0.9485, 'task_loss': (0.048, 0.0668)}
{'epoch': 12, 'train_loss': 0.1079, 'train_acc': 0.9608, 'task_loss': (0.065, 0.0429)}
{'epoch': 13, 'train_loss': 0.0274, 'train_acc': 0.9897, 'task_loss': (0.018, 0.0093)}
{'epoch': 14, 'train_loss': 0.0172, 'train_acc': 0.9959, 'task_loss': (0.0075, 0.0097)}
{'epoch': 15, 'train_loss': 0.005, 'train_acc': 1.0, 'task_loss': (0.0018, 0.0033)}
{'epoch': 16, 'train_loss': 0.0052, 'train_acc': 1.0, 'task_loss': (0.0019, 0.0033)}
{'epoch': 17, 'train_loss': 0.0046, 'train_acc': 1.0, 'task_loss': (0.0022, 0.0023)}
{'epoch': 18, 'train_loss': 0.0034, 'train_acc': 1.0, 'task_loss': (0.0019, 0.0015)}
{'epoch': 19, 'train_loss': 0.0032, 'train_acc': 1.0, 'task_loss': (0.0014, 0.0018)}
{'epoch': 20, 'train_loss': 0.0022, 'train_acc': 1.0, 'task_loss': (0.0011, 0.0011)}
{'epoch': 21, 'train_loss': 0.0023, 'train_acc': 1.0, 'task_loss': (0.0009, 0.0014)}
{'epoch': 22, 'train_loss': 0.0016, 'train_acc': 1.0, 'task_loss': (0.0007, 0.0008)}
{'epoch': 23, 'train_loss': 0.0041, 'train_acc': 0.9979, 'task_loss': (0.0012, 0.0029)}
{'epoch': 24, 'train_loss': 0.019, 'train_acc': 0.9897, 'task_loss': (0.0046, 0.0144)}
{'epoch': 25, 'train_loss': 0.0077, 'train_acc': 0.9959, 'task_loss': (0.0018, 0.006)}
{'epoch': 26, 'train_loss': 0.0042, 'train_acc': 1.0, 'task_loss': (0.0023, 0.0019)}
{'epoch': 27, 'train_loss': 0.0017, 'train_acc': 1.0, 'task_loss': (0.0008, 0.0009)}
{'epoch': 28, 'train_loss': 0.0023, 'train_acc': 1.0, 'task_loss': (0.0014, 0.0009)}
{'epoch': 29, 'train_loss': 0.0055, 'train_acc': 1.0, 'task_loss': (0.0043, 0.0013)}
{'epoch': 30, 'train_loss': 0.0042, 'train_acc': 1.0, 'task_loss': (0.002, 0.0022)}
{'epoch': 31, 'train_loss': 0.0022, 'train_acc': 1.0, 'task_loss': (0.001, 0.0011)}
{'epoch': 32, 'train_loss': 0.0026, 'train_acc': 1.0, 'task_loss': (0.0017, 0.0009)}
{'epoch': 33, 'train_loss': 0.0008, 'train_acc': 1.0, 'task_loss': (0.0004, 0.0005)}
{'epoch': 34, 'train_loss': 0.0019, 'train_acc': 1.0, 'task_loss': (0.0007, 0.0011)}
{'epoch': 35, 'train_loss': 0.001, 'train_acc': 1.0, 'task_loss': (0.0004, 0.0006)}
{'epoch': 36, 'train_loss': 0.0007, 'train_acc': 1.0, 'task_loss': (0.0003, 0.0004)}
{'epoch': 37, 'train_loss': 0.0008, 'train_acc': 1.0, 'task_loss': (0.0004, 0.0003)}
{'epoch': 38, 'train_loss': 0.0009, 'train_acc': 1.0, 'task_loss': (0.0004, 0.0004)}
{'epoch': 39, 'train_loss': 0.0006, 'train_acc': 1.0, 'task_loss': (0.0004, 0.0002)}
{'epoch': 40, 'train_loss': 0.0005, 'train_acc': 1.0, 'task_loss': (0.0002, 0.0003)}
{'epoch': 41, 'train_loss': 0.0004, 'train_acc': 1.0, 'task_loss': (0.0002, 0.0002)}
{'epoch': 42, 'train_loss': 0.0006, 'train_acc': 1.0, 'task_loss': (0.0003, 0.0003)}
{'epoch': 43, 'train_loss': 0.001, 'train_acc': 1.0, 'task_loss': (0.0005, 0.0005)}
{'epoch': 44, 'train_loss': 0.0004, 'train_acc': 1.0, 'task_loss': (0.0002, 0.0002)}
{'epoch': 45, 'train_loss': 0.0004, 'train_acc': 1.0, 'task_loss': (0.0002, 0.0003)}
{'epoch': 46, 'train_loss': 0.0004, 'train_acc': 1.0, 'task_loss': (0.0002, 0.0003)}
{'epoch': 47, 'train_loss': 0.0004, 'train_acc': 1.0, 'task_loss': (0.0002, 0.0002)}
{'epoch': 48, 'train_loss': 0.0006, 'train_acc': 1.0, 'task_loss': (0.0003, 0.0004)}
{'epoch': 49, 'train_loss': 0.0004, 'train_acc': 1.0, 'task_loss': (0.0002, 0.0003)}
{'epoch': 50, 'train_loss': 0.0006, 'train_acc': 1.0, 'task_loss': (0.0003, 0.0002)}
{'epoch': 51, 'train_loss': 0.0005, 'train_acc': 1.0, 'task_loss': (0.0002, 0.0003)}
{'epoch': 52, 'train_loss': 0.0009, 'train_acc': 1.0, 'task_loss': (0.0002, 0.0007)}
{'epoch': 53, 'train_loss': 0.0008, 'train_acc': 1.0, 'task_loss': (0.0003, 0.0005)}
{'epoch': 54, 'train_loss': 0.0005, 'train_acc': 1.0, 'task_loss': (0.0002, 0.0003)}
{'epoch': 55, 'train_loss': 0.0003, 'train_acc': 1.0, 'task_loss': (0.0002, 1e-04)}
{'epoch': 56, 'train_loss': 0.0004, 'train_acc': 1.0, 'task_loss': (0.0002, 0.0002)}
{'epoch': 57, 'train_loss': 0.0006, 'train_acc': 1.0, 'task_loss': (0.0003, 0.0003)}
{'epoch': 58, 'train_loss': 0.0003, 'train_acc': 1.0, 'task_loss': (1e-04, 0.0002)}
{'epoch': 59, 'train_loss': 0.0004, 'train_acc': 1.0, 'task_loss': (0.0002, 0.0002)}
{'epoch': 60, 'train_loss': 0.0004, 'train_acc': 1.0, 'task_loss': (1e-04, 0.0003)}
{'epoch': 61, 'train_loss': 0.0006, 'train_acc': 1.0, 'task_loss': (0.0003, 0.0003)}
{'epoch': 62, 'train_loss': 0.0004, 'train_acc': 1.0, 'task_loss': (0.0003, 1e-04)}
{'epoch': 63, 'train_loss': 0.0004, 'train_acc': 1.0, 'task_loss': (0.0002, 0.0002)}
{'epoch': 64, 'train_loss': 0.0004, 'train_acc': 1.0, 'task_loss': (0.0002, 0.0002)}
{'epoch': 65, 'train_loss': 0.0005, 'train_acc': 1.0, 'task_loss': (0.0002, 0.0003)}
{'epoch': 66, 'train_loss': 0.0004, 'train_acc': 1.0, 'task_loss': (0.0003, 1e-04)}
{'epoch': 67, 'train_loss': 0.0004, 'train_acc': 1.0, 'task_loss': (0.0002, 0.0002)}
{'epoch': 68, 'train_loss': 0.0004, 'train_acc': 1.0, 'task_loss': (1e-04, 0.0002)}
{'epoch': 69, 'train_loss': 0.0007, 'train_acc': 1.0, 'task_loss': (0.0004, 0.0003)}
{'epoch': 70, 'train_loss': 0.0004, 'train_acc': 1.0, 'task_loss': (0.0002, 0.0002)}
{'epoch': 71, 'train_loss': 0.0005, 'train_acc': 1.0, 'task_loss': (0.0003, 0.0002)}
{'epoch': 72, 'train_loss': 0.0003, 'train_acc': 1.0, 'task_loss': (1e-04, 0.0002)}
{'epoch': 73, 'train_loss': 0.0003, 'train_acc': 1.0, 'task_loss': (1e-04, 0.0002)}
{'epoch': 74, 'train_loss': 0.0004, 'train_acc': 1.0, 'task_loss': (1e-04, 0.0002)}
{'epoch': 75, 'train_loss': 0.0007, 'train_acc': 1.0, 'task_loss': (0.0002, 0.0005)}
{'epoch': 76, 'train_loss': 0.0004, 'train_acc': 1.0, 'task_loss': (0.0002, 0.0002)}
{'epoch': 77, 'train_loss': 0.0004, 'train_acc': 1.0, 'task_loss': (0.0002, 0.0002)}
{'epoch': 78, 'train_loss': 0.0006, 'train_acc': 1.0, 'task_loss': (0.0004, 0.0002)}
{'epoch': 79, 'train_loss': 0.0005, 'train_acc': 1.0, 'task_loss': (0.0002, 0.0004)}
{'epoch': 80, 'train_loss': 0.0003, 'train_acc': 1.0, 'task_loss': (1e-04, 0.0002)}
{'epoch': 81, 'train_loss': 0.0004, 'train_acc': 1.0, 'task_loss': (0.0002, 0.0002)}
{'epoch': 82, 'train_loss': 0.0002, 'train_acc': 1.0, 'task_loss': (1e-04, 1e-04)}
{'epoch': 83, 'train_loss': 0.0004, 'train_acc': 1.0, 'task_loss': (0.0002, 0.0002)}
{'epoch': 84, 'train_loss': 0.0003, 'train_acc': 1.0, 'task_loss': (0.0002, 1e-04)}
{'epoch': 85, 'train_loss': 0.0002, 'train_acc': 1.0, 'task_loss': (0.0002, 1e-04)}
{'epoch': 86, 'train_loss': 0.0003, 'train_acc': 1.0, 'task_loss': (0.0002, 1e-04)}
{'epoch': 87, 'train_loss': 0.0003, 'train_acc': 1.0, 'task_loss': (1e-04, 0.0002)}
{'epoch': 88, 'train_loss': 0.0003, 'train_acc': 1.0, 'task_loss': (0.0002, 0.0002)}
{'epoch': 89, 'train_loss': 0.0003, 'train_acc': 1.0, 'task_loss': (1e-04, 0.0002)}
{'epoch': 90, 'train_loss': 0.0002, 'train_acc': 1.0, 'task_loss': (1e-04, 1e-04)}
{'epoch': 91, 'train_loss': 0.0003, 'train_acc': 1.0, 'task_loss': (0.0002, 0.0002)}
{'epoch': 92, 'train_loss': 0.0002, 'train_acc': 1.0, 'task_loss': (1e-04, 1e-04)}
{'epoch': 93, 'train_loss': 0.0002, 'train_acc': 1.0, 'task_loss': (0.0002, 1e-04)}
{'epoch': 94, 'train_loss': 0.0003, 'train_acc': 1.0, 'task_loss': (0.0002, 0.0002)}
{'epoch': 95, 'train_loss': 0.0002, 'train_acc': 1.0, 'task_loss': (1e-04, 1e-04)}
{'epoch': 96, 'train_loss': 0.0003, 'train_acc': 1.0, 'task_loss': (0.0002, 1e-04)}
{'epoch': 97, 'train_loss': 0.0002, 'train_acc': 1.0, 'task_loss': (1e-04, 1e-04)}
{'epoch': 98, 'train_loss': 0.0003, 'train_acc': 1.0, 'task_loss': (1e-04, 0.0002)}
{'epoch': 99, 'train_loss': 0.0002, 'train_acc': 1.0, 'task_loss': (1e-04, 1e-04)}
{'epoch': 100, 'train_loss': 0.0004, 'train_acc': 1.0, 'task_loss': (1e-04, 0.0002)}
{'run_num': 0, 'final_test_err': 0.12703583061889245}
Files already downloaded and verified
Files already downloaded and verified
{'epoch': 1, 'train_loss': 0.5144, 'train_acc': 0.7505, 'task_loss': (0.2716, 0.2427)}
{'epoch': 2, 'train_loss': 0.3682, 'train_acc': 0.8433, 'task_loss': (0.1748, 0.1934)}
{'epoch': 3, 'train_loss': 0.2442, 'train_acc': 0.8969, 'task_loss': (0.1119, 0.1323)}
{'epoch': 4, 'train_loss': 0.1641, 'train_acc': 0.932, 'task_loss': (0.086, 0.0781)}
{'epoch': 5, 'train_loss': 0.1062, 'train_acc': 0.9588, 'task_loss': (0.0573, 0.049)}
{'epoch': 6, 'train_loss': 0.0729, 'train_acc': 0.9567, 'task_loss': (0.036, 0.037)}
{'epoch': 7, 'train_loss': 0.0496, 'train_acc': 0.9835, 'task_loss': (0.0185, 0.0312)}
{'epoch': 8, 'train_loss': 0.0397, 'train_acc': 0.9897, 'task_loss': (0.0221, 0.0176)}
{'epoch': 9, 'train_loss': 0.052, 'train_acc': 0.9856, 'task_loss': (0.0257, 0.0263)}
{'epoch': 10, 'train_loss': 0.0832, 'train_acc': 0.9629, 'task_loss': (0.044, 0.0393)}
{'epoch': 11, 'train_loss': 0.041, 'train_acc': 0.9835, 'task_loss': (0.0158, 0.0252)}
{'epoch': 12, 'train_loss': 0.0164, 'train_acc': 0.9959, 'task_loss': (0.0079, 0.0085)}
{'epoch': 13, 'train_loss': 0.0411, 'train_acc': 0.9814, 'task_loss': (0.0292, 0.0119)}
{'epoch': 14, 'train_loss': 0.0234, 'train_acc': 0.9959, 'task_loss': (0.0144, 0.009)}
{'epoch': 15, 'train_loss': 0.0091, 'train_acc': 1.0, 'task_loss': (0.004, 0.0051)}
{'epoch': 16, 'train_loss': 0.0035, 'train_acc': 1.0, 'task_loss': (0.0016, 0.0019)}
{'epoch': 17, 'train_loss': 0.0087, 'train_acc': 0.9979, 'task_loss': (0.0022, 0.0065)}
{'epoch': 18, 'train_loss': 0.0041, 'train_acc': 1.0, 'task_loss': (0.0028, 0.0013)}
{'epoch': 19, 'train_loss': 0.0021, 'train_acc': 1.0, 'task_loss': (0.0013, 0.0008)}
{'epoch': 20, 'train_loss': 0.0015, 'train_acc': 1.0, 'task_loss': (0.0011, 0.0004)}
{'epoch': 21, 'train_loss': 0.0015, 'train_acc': 1.0, 'task_loss': (0.001, 0.0005)}
{'epoch': 22, 'train_loss': 0.0011, 'train_acc': 1.0, 'task_loss': (0.0006, 0.0005)}
{'epoch': 23, 'train_loss': 0.0008, 'train_acc': 1.0, 'task_loss': (0.0005, 0.0003)}
{'epoch': 24, 'train_loss': 0.0012, 'train_acc': 1.0, 'task_loss': (0.0009, 0.0004)}
{'epoch': 25, 'train_loss': 0.0014, 'train_acc': 1.0, 'task_loss': (0.0011, 0.0003)}
{'epoch': 26, 'train_loss': 0.0006, 'train_acc': 1.0, 'task_loss': (0.0003, 0.0003)}
{'epoch': 27, 'train_loss': 0.0008, 'train_acc': 1.0, 'task_loss': (0.0006, 0.0003)}
{'epoch': 28, 'train_loss': 0.0005, 'train_acc': 1.0, 'task_loss': (0.0003, 0.0002)}
{'epoch': 29, 'train_loss': 0.0006, 'train_acc': 1.0, 'task_loss': (0.0004, 0.0002)}
{'epoch': 30, 'train_loss': 0.0007, 'train_acc': 1.0, 'task_loss': (0.0004, 0.0003)}
{'epoch': 31, 'train_loss': 0.0008, 'train_acc': 1.0, 'task_loss': (0.0005, 0.0003)}
{'epoch': 32, 'train_loss': 0.0006, 'train_acc': 1.0, 'task_loss': (0.0005, 1e-04)}
{'epoch': 33, 'train_loss': 0.0007, 'train_acc': 1.0, 'task_loss': (0.0004, 0.0002)}
{'epoch': 34, 'train_loss': 0.0007, 'train_acc': 1.0, 'task_loss': (0.0004, 0.0003)}
{'epoch': 35, 'train_loss': 0.0005, 'train_acc': 1.0, 'task_loss': (0.0003, 0.0003)}
{'epoch': 36, 'train_loss': 0.0005, 'train_acc': 1.0, 'task_loss': (0.0003, 0.0002)}
{'epoch': 37, 'train_loss': 0.0005, 'train_acc': 1.0, 'task_loss': (0.0003, 0.0003)}
{'epoch': 38, 'train_loss': 0.0008, 'train_acc': 1.0, 'task_loss': (0.0005, 0.0002)}
{'epoch': 39, 'train_loss': 0.0003, 'train_acc': 1.0, 'task_loss': (0.0002, 1e-04)}
{'epoch': 40, 'train_loss': 0.0004, 'train_acc': 1.0, 'task_loss': (0.0003, 1e-04)}
{'epoch': 41, 'train_loss': 0.0004, 'train_acc': 1.0, 'task_loss': (0.0002, 0.0002)}
{'epoch': 42, 'train_loss': 0.0004, 'train_acc': 1.0, 'task_loss': (0.0003, 1e-04)}
{'epoch': 43, 'train_loss': 0.0004, 'train_acc': 1.0, 'task_loss': (0.0003, 1e-04)}
{'epoch': 44, 'train_loss': 0.0005, 'train_acc': 1.0, 'task_loss': (0.0003, 0.0002)}
{'epoch': 45, 'train_loss': 0.0005, 'train_acc': 1.0, 'task_loss': (0.0002, 0.0003)}
{'epoch': 46, 'train_loss': 0.0004, 'train_acc': 1.0, 'task_loss': (0.0002, 0.0002)}
{'epoch': 47, 'train_loss': 0.0004, 'train_acc': 1.0, 'task_loss': (0.0003, 1e-04)}
{'epoch': 48, 'train_loss': 0.0003, 'train_acc': 1.0, 'task_loss': (0.0002, 1e-04)}
{'epoch': 49, 'train_loss': 0.0003, 'train_acc': 1.0, 'task_loss': (0.0002, 0.0002)}
{'epoch': 50, 'train_loss': 0.0003, 'train_acc': 1.0, 'task_loss': (0.0002, 1e-04)}
{'epoch': 51, 'train_loss': 0.0003, 'train_acc': 1.0, 'task_loss': (0.0002, 1e-04)}
{'epoch': 52, 'train_loss': 0.0004, 'train_acc': 1.0, 'task_loss': (0.0002, 0.0002)}
{'epoch': 53, 'train_loss': 0.0003, 'train_acc': 1.0, 'task_loss': (0.0002, 1e-04)}
{'epoch': 54, 'train_loss': 0.0003, 'train_acc': 1.0, 'task_loss': (0.0002, 1e-04)}
{'epoch': 55, 'train_loss': 0.0004, 'train_acc': 1.0, 'task_loss': (0.0002, 1e-04)}
{'epoch': 56, 'train_loss': 0.0004, 'train_acc': 1.0, 'task_loss': (0.0002, 0.0002)}
{'epoch': 57, 'train_loss': 0.0004, 'train_acc': 1.0, 'task_loss': (0.0002, 1e-04)}
{'epoch': 58, 'train_loss': 0.0002, 'train_acc': 1.0, 'task_loss': (1e-04, 1e-04)}
{'epoch': 59, 'train_loss': 0.0002, 'train_acc': 1.0, 'task_loss': (1e-04, 1e-04)}
{'epoch': 60, 'train_loss': 0.0004, 'train_acc': 1.0, 'task_loss': (0.0003, 1e-04)}
{'epoch': 61, 'train_loss': 0.0006, 'train_acc': 1.0, 'task_loss': (0.0002, 0.0004)}
{'epoch': 62, 'train_loss': 0.0003, 'train_acc': 1.0, 'task_loss': (1e-04, 1e-04)}
{'epoch': 63, 'train_loss': 0.0003, 'train_acc': 1.0, 'task_loss': (1e-04, 0.0002)}
{'epoch': 64, 'train_loss': 0.0003, 'train_acc': 1.0, 'task_loss': (1e-04, 0.0002)}
{'epoch': 65, 'train_loss': 0.0004, 'train_acc': 1.0, 'task_loss': (0.0002, 0.0002)}
{'epoch': 66, 'train_loss': 0.0004, 'train_acc': 1.0, 'task_loss': (0.0003, 1e-04)}
{'epoch': 67, 'train_loss': 0.0004, 'train_acc': 1.0, 'task_loss': (1e-04, 0.0002)}
{'epoch': 68, 'train_loss': 0.0003, 'train_acc': 1.0, 'task_loss': (0.0002, 1e-04)}
{'epoch': 69, 'train_loss': 0.0004, 'train_acc': 1.0, 'task_loss': (0.0002, 0.0002)}
{'epoch': 70, 'train_loss': 0.0002, 'train_acc': 1.0, 'task_loss': (0.0002, 1e-04)}
{'epoch': 71, 'train_loss': 0.0003, 'train_acc': 1.0, 'task_loss': (0.0002, 1e-04)}
{'epoch': 72, 'train_loss': 0.0002, 'train_acc': 1.0, 'task_loss': (0.0002, 1e-04)}
{'epoch': 73, 'train_loss': 0.0003, 'train_acc': 1.0, 'task_loss': (1e-04, 0.0002)}
{'epoch': 74, 'train_loss': 0.0002, 'train_acc': 1.0, 'task_loss': (1e-04, 1e-04)}
{'epoch': 75, 'train_loss': 0.0004, 'train_acc': 1.0, 'task_loss': (0.0002, 0.0002)}
{'epoch': 76, 'train_loss': 0.0002, 'train_acc': 1.0, 'task_loss': (1e-04, 1e-04)}
{'epoch': 77, 'train_loss': 0.0005, 'train_acc': 1.0, 'task_loss': (0.0004, 1e-04)}
{'epoch': 78, 'train_loss': 0.0004, 'train_acc': 1.0, 'task_loss': (0.0002, 0.0002)}
{'epoch': 79, 'train_loss': 0.0003, 'train_acc': 1.0, 'task_loss': (0.0002, 1e-04)}
{'epoch': 80, 'train_loss': 0.0004, 'train_acc': 1.0, 'task_loss': (0.0003, 1e-04)}
{'epoch': 81, 'train_loss': 0.0003, 'train_acc': 1.0, 'task_loss': (0.0002, 0.0002)}
{'epoch': 82, 'train_loss': 0.0002, 'train_acc': 1.0, 'task_loss': (1e-04, 1e-04)}
{'epoch': 83, 'train_loss': 0.0004, 'train_acc': 1.0, 'task_loss': (0.0003, 1e-04)}
{'epoch': 84, 'train_loss': 0.0003, 'train_acc': 1.0, 'task_loss': (1e-04, 0.0002)}
{'epoch': 85, 'train_loss': 0.0002, 'train_acc': 1.0, 'task_loss': (1e-04, 1e-04)}
{'epoch': 86, 'train_loss': 0.0004, 'train_acc': 1.0, 'task_loss': (0.0003, 1e-04)}
{'epoch': 87, 'train_loss': 0.0006, 'train_acc': 1.0, 'task_loss': (0.0005, 1e-04)}
{'epoch': 88, 'train_loss': 0.0004, 'train_acc': 1.0, 'task_loss': (0.0003, 1e-04)}
{'epoch': 89, 'train_loss': 0.0003, 'train_acc': 1.0, 'task_loss': (1e-04, 1e-04)}
{'epoch': 90, 'train_loss': 0.0003, 'train_acc': 1.0, 'task_loss': (0.0002, 1e-04)}
{'epoch': 91, 'train_loss': 0.0002, 'train_acc': 1.0, 'task_loss': (1e-04, 1e-04)}
{'epoch': 92, 'train_loss': 0.0002, 'train_acc': 1.0, 'task_loss': (1e-04, 1e-04)}
{'epoch': 93, 'train_loss': 0.0003, 'train_acc': 1.0, 'task_loss': (0.0002, 1e-04)}
{'epoch': 94, 'train_loss': 0.0002, 'train_acc': 1.0, 'task_loss': (1e-04, 1e-04)}
{'epoch': 95, 'train_loss': 0.0006, 'train_acc': 1.0, 'task_loss': (0.0005, 1e-04)}
{'epoch': 96, 'train_loss': 0.0003, 'train_acc': 1.0, 'task_loss': (0.0002, 1e-04)}
{'epoch': 97, 'train_loss': 0.0002, 'train_acc': 1.0, 'task_loss': (1e-04, 1e-04)}
{'epoch': 98, 'train_loss': 0.0002, 'train_acc': 1.0, 'task_loss': (1e-04, 1e-04)}
{'epoch': 99, 'train_loss': 0.0003, 'train_acc': 1.0, 'task_loss': (0.0002, 1e-04)}
{'epoch': 100, 'train_loss': 0.0005, 'train_acc': 1.0, 'task_loss': (0.0004, 1e-04)}
{'run_num': 1, 'final_test_err': 0.15309446254071657}
Files already downloaded and verified
Files already downloaded and verified
{'epoch': 1, 'train_loss': 0.5461, 'train_acc': 0.7381, 'task_loss': (0.2677, 0.2785)}
{'epoch': 2, 'train_loss': 0.3365, 'train_acc': 0.868, 'task_loss': (0.171, 0.1655)}
{'epoch': 3, 'train_loss': 0.3382, 'train_acc': 0.8804, 'task_loss': (0.1592, 0.179)}
{'epoch': 4, 'train_loss': 0.1657, 'train_acc': 0.932, 'task_loss': (0.0814, 0.0843)}
{'epoch': 5, 'train_loss': 0.1145, 'train_acc': 0.9464, 'task_loss': (0.0585, 0.0559)}
{'epoch': 6, 'train_loss': 0.1104, 'train_acc': 0.9588, 'task_loss': (0.0635, 0.0469)}
{'epoch': 7, 'train_loss': 0.1101, 'train_acc': 0.9567, 'task_loss': (0.0547, 0.0554)}
{'epoch': 8, 'train_loss': 0.0601, 'train_acc': 0.9794, 'task_loss': (0.0287, 0.0314)}
{'epoch': 9, 'train_loss': 0.076, 'train_acc': 0.9711, 'task_loss': (0.0324, 0.0436)}
{'epoch': 10, 'train_loss': 0.0462, 'train_acc': 0.9794, 'task_loss': (0.0353, 0.0109)}
{'epoch': 11, 'train_loss': 0.0254, 'train_acc': 0.9918, 'task_loss': (0.0165, 0.0089)}
{'epoch': 12, 'train_loss': 0.0283, 'train_acc': 0.9918, 'task_loss': (0.0084, 0.0199)}
{'epoch': 13, 'train_loss': 0.0081, 'train_acc': 1.0, 'task_loss': (0.004, 0.0041)}
{'epoch': 14, 'train_loss': 0.0091, 'train_acc': 0.9979, 'task_loss': (0.0054, 0.0037)}
{'epoch': 15, 'train_loss': 0.0045, 'train_acc': 1.0, 'task_loss': (0.0013, 0.0031)}
{'epoch': 16, 'train_loss': 0.0032, 'train_acc': 1.0, 'task_loss': (0.0019, 0.0013)}
{'epoch': 17, 'train_loss': 0.003, 'train_acc': 1.0, 'task_loss': (0.0013, 0.0017)}
{'epoch': 18, 'train_loss': 0.0018, 'train_acc': 1.0, 'task_loss': (0.0007, 0.0011)}
{'epoch': 19, 'train_loss': 0.0016, 'train_acc': 1.0, 'task_loss': (0.0005, 0.0011)}
{'epoch': 20, 'train_loss': 0.0021, 'train_acc': 1.0, 'task_loss': (0.0012, 0.0008)}
{'epoch': 21, 'train_loss': 0.0018, 'train_acc': 1.0, 'task_loss': (0.0007, 0.0011)}
{'epoch': 22, 'train_loss': 0.0016, 'train_acc': 1.0, 'task_loss': (0.0008, 0.0007)}
{'epoch': 23, 'train_loss': 0.0014, 'train_acc': 1.0, 'task_loss': (0.0006, 0.0007)}
{'epoch': 24, 'train_loss': 0.0013, 'train_acc': 1.0, 'task_loss': (0.0008, 0.0006)}
{'epoch': 25, 'train_loss': 0.0012, 'train_acc': 1.0, 'task_loss': (0.0005, 0.0007)}
{'epoch': 26, 'train_loss': 0.0007, 'train_acc': 1.0, 'task_loss': (0.0004, 0.0003)}
{'epoch': 27, 'train_loss': 0.0009, 'train_acc': 1.0, 'task_loss': (0.0004, 0.0005)}
{'epoch': 28, 'train_loss': 0.0007, 'train_acc': 1.0, 'task_loss': (0.0004, 0.0003)}
{'epoch': 29, 'train_loss': 0.0007, 'train_acc': 1.0, 'task_loss': (0.0004, 0.0003)}
{'epoch': 30, 'train_loss': 0.0009, 'train_acc': 1.0, 'task_loss': (0.0004, 0.0005)}
{'epoch': 31, 'train_loss': 0.0008, 'train_acc': 1.0, 'task_loss': (0.0003, 0.0004)}
{'epoch': 32, 'train_loss': 0.0012, 'train_acc': 1.0, 'task_loss': (0.0007, 0.0005)}
{'epoch': 33, 'train_loss': 0.0009, 'train_acc': 1.0, 'task_loss': (0.0002, 0.0007)}
{'epoch': 34, 'train_loss': 0.0018, 'train_acc': 1.0, 'task_loss': (0.0008, 0.001)}
{'epoch': 35, 'train_loss': 0.0017, 'train_acc': 1.0, 'task_loss': (0.0007, 0.001)}
{'epoch': 36, 'train_loss': 0.0013, 'train_acc': 1.0, 'task_loss': (0.0007, 0.0006)}
{'epoch': 37, 'train_loss': 0.0012, 'train_acc': 1.0, 'task_loss': (0.0003, 0.0008)}
{'epoch': 38, 'train_loss': 0.0006, 'train_acc': 1.0, 'task_loss': (0.0003, 0.0003)}
{'epoch': 39, 'train_loss': 0.0005, 'train_acc': 1.0, 'task_loss': (0.0002, 0.0003)}
{'epoch': 40, 'train_loss': 0.0006, 'train_acc': 1.0, 'task_loss': (0.0003, 0.0002)}
{'epoch': 41, 'train_loss': 0.0008, 'train_acc': 1.0, 'task_loss': (0.0005, 0.0003)}
{'epoch': 42, 'train_loss': 0.0005, 'train_acc': 1.0, 'task_loss': (0.0003, 0.0002)}
{'epoch': 43, 'train_loss': 0.0005, 'train_acc': 1.0, 'task_loss': (0.0003, 0.0002)}
{'epoch': 44, 'train_loss': 0.0003, 'train_acc': 1.0, 'task_loss': (1e-04, 0.0002)}
{'epoch': 45, 'train_loss': 0.0004, 'train_acc': 1.0, 'task_loss': (0.0002, 0.0002)}
{'epoch': 46, 'train_loss': 0.0006, 'train_acc': 1.0, 'task_loss': (0.0003, 0.0003)}
{'epoch': 47, 'train_loss': 0.0005, 'train_acc': 1.0, 'task_loss': (0.0002, 0.0003)}
{'epoch': 48, 'train_loss': 0.0005, 'train_acc': 1.0, 'task_loss': (0.0003, 0.0002)}
{'epoch': 49, 'train_loss': 0.0005, 'train_acc': 1.0, 'task_loss': (0.0003, 0.0002)}
{'epoch': 50, 'train_loss': 0.0004, 'train_acc': 1.0, 'task_loss': (0.0002, 0.0002)}
{'epoch': 51, 'train_loss': 0.0003, 'train_acc': 1.0, 'task_loss': (0.0002, 1e-04)}
{'epoch': 52, 'train_loss': 0.0004, 'train_acc': 1.0, 'task_loss': (0.0002, 0.0002)}
{'epoch': 53, 'train_loss': 0.0005, 'train_acc': 1.0, 'task_loss': (0.0003, 0.0002)}
{'epoch': 54, 'train_loss': 0.0003, 'train_acc': 1.0, 'task_loss': (1e-04, 0.0002)}
{'epoch': 55, 'train_loss': 0.0003, 'train_acc': 1.0, 'task_loss': (0.0002, 1e-04)}
{'epoch': 56, 'train_loss': 0.0007, 'train_acc': 1.0, 'task_loss': (1e-04, 0.0006)}
{'epoch': 57, 'train_loss': 0.0005, 'train_acc': 1.0, 'task_loss': (0.0002, 0.0003)}
{'epoch': 58, 'train_loss': 0.0003, 'train_acc': 1.0, 'task_loss': (1e-04, 1e-04)}
{'epoch': 59, 'train_loss': 0.0003, 'train_acc': 1.0, 'task_loss': (1e-04, 0.0002)}
{'epoch': 60, 'train_loss': 0.0005, 'train_acc': 1.0, 'task_loss': (0.0003, 0.0002)}
{'epoch': 61, 'train_loss': 0.0004, 'train_acc': 1.0, 'task_loss': (1e-04, 0.0002)}
{'epoch': 62, 'train_loss': 0.0003, 'train_acc': 1.0, 'task_loss': (1e-04, 1e-04)}
{'epoch': 63, 'train_loss': 0.0003, 'train_acc': 1.0, 'task_loss': (1e-04, 0.0002)}
{'epoch': 64, 'train_loss': 0.0003, 'train_acc': 1.0, 'task_loss': (1e-04, 1e-04)}
{'epoch': 65, 'train_loss': 0.0003, 'train_acc': 1.0, 'task_loss': (1e-04, 1e-04)}
{'epoch': 66, 'train_loss': 0.0003, 'train_acc': 1.0, 'task_loss': (0.0002, 1e-04)}
{'epoch': 67, 'train_loss': 0.0005, 'train_acc': 1.0, 'task_loss': (0.0002, 0.0002)}
{'epoch': 68, 'train_loss': 0.0003, 'train_acc': 1.0, 'task_loss': (1e-04, 0.0002)}
{'epoch': 69, 'train_loss': 0.0003, 'train_acc': 1.0, 'task_loss': (1e-04, 1e-04)}
{'epoch': 70, 'train_loss': 0.0003, 'train_acc': 1.0, 'task_loss': (1e-04, 0.0002)}
{'epoch': 71, 'train_loss': 0.0003, 'train_acc': 1.0, 'task_loss': (1e-04, 0.0002)}
{'epoch': 72, 'train_loss': 0.0003, 'train_acc': 1.0, 'task_loss': (1e-04, 1e-04)}
{'epoch': 73, 'train_loss': 0.0002, 'train_acc': 1.0, 'task_loss': (1e-04, 0.0002)}
{'epoch': 74, 'train_loss': 0.0003, 'train_acc': 1.0, 'task_loss': (0.0002, 1e-04)}
{'epoch': 75, 'train_loss': 0.0003, 'train_acc': 1.0, 'task_loss': (1e-04, 0.0002)}
{'epoch': 76, 'train_loss': 0.0002, 'train_acc': 1.0, 'task_loss': (1e-04, 1e-04)}
{'epoch': 77, 'train_loss': 0.0002, 'train_acc': 1.0, 'task_loss': (1e-04, 1e-04)}
{'epoch': 78, 'train_loss': 0.0002, 'train_acc': 1.0, 'task_loss': (1e-04, 1e-04)}
{'epoch': 79, 'train_loss': 0.0003, 'train_acc': 1.0, 'task_loss': (1e-04, 0.0002)}
{'epoch': 80, 'train_loss': 0.0002, 'train_acc': 1.0, 'task_loss': (1e-04, 1e-04)}
{'epoch': 81, 'train_loss': 0.0005, 'train_acc': 1.0, 'task_loss': (0.0003, 0.0002)}
{'epoch': 82, 'train_loss': 0.0002, 'train_acc': 1.0, 'task_loss': (1e-04, 1e-04)}
{'epoch': 83, 'train_loss': 0.0003, 'train_acc': 1.0, 'task_loss': (1e-04, 0.0002)}
{'epoch': 84, 'train_loss': 0.0003, 'train_acc': 1.0, 'task_loss': (0.0002, 1e-04)}
{'epoch': 85, 'train_loss': 0.0004, 'train_acc': 1.0, 'task_loss': (0.0002, 0.0002)}
{'epoch': 86, 'train_loss': 0.0002, 'train_acc': 1.0, 'task_loss': (1e-04, 1e-04)}
{'epoch': 87, 'train_loss': 0.0002, 'train_acc': 1.0, 'task_loss': (1e-04, 1e-04)}
{'epoch': 88, 'train_loss': 0.0004, 'train_acc': 1.0, 'task_loss': (1e-04, 0.0003)}
{'epoch': 89, 'train_loss': 0.0002, 'train_acc': 1.0, 'task_loss': (1e-04, 1e-04)}
{'epoch': 90, 'train_loss': 0.0003, 'train_acc': 1.0, 'task_loss': (0.0002, 1e-04)}
{'epoch': 91, 'train_loss': 0.0003, 'train_acc': 1.0, 'task_loss': (0.0002, 1e-04)}
{'epoch': 92, 'train_loss': 0.0003, 'train_acc': 1.0, 'task_loss': (1e-04, 0.0002)}
{'epoch': 93, 'train_loss': 0.0002, 'train_acc': 1.0, 'task_loss': (1e-04, 1e-04)}
{'epoch': 94, 'train_loss': 0.0002, 'train_acc': 1.0, 'task_loss': (1e-04, 0.0002)}
{'epoch': 95, 'train_loss': 0.0003, 'train_acc': 1.0, 'task_loss': (0.0002, 1e-04)}
{'epoch': 96, 'train_loss': 0.0002, 'train_acc': 1.0, 'task_loss': (1e-04, 1e-04)}
{'epoch': 97, 'train_loss': 0.0003, 'train_acc': 1.0, 'task_loss': (1e-04, 0.0002)}
{'epoch': 98, 'train_loss': 0.0002, 'train_acc': 1.0, 'task_loss': (1e-04, 1e-04)}
{'epoch': 99, 'train_loss': 0.0003, 'train_acc': 1.0, 'task_loss': (1e-04, 1e-04)}
{'epoch': 100, 'train_loss': 0.0002, 'train_acc': 1.0, 'task_loss': (1e-04, 1e-04)}
{'run_num': 2, 'final_test_err': 0.14332247557003253}
Files already downloaded and verified
Files already downloaded and verified
{'epoch': 1, 'train_loss': 0.551, 'train_acc': 0.7443, 'task_loss': (0.2835, 0.2675)}
{'epoch': 2, 'train_loss': 0.3548, 'train_acc': 0.866, 'task_loss': (0.1859, 0.169)}
{'epoch': 3, 'train_loss': 0.2922, 'train_acc': 0.8845, 'task_loss': (0.1442, 0.148)}
{'epoch': 4, 'train_loss': 0.2817, 'train_acc': 0.8845, 'task_loss': (0.1472, 0.1344)}
{'epoch': 5, 'train_loss': 0.153, 'train_acc': 0.932, 'task_loss': (0.065, 0.088)}
{'epoch': 6, 'train_loss': 0.1107, 'train_acc': 0.967, 'task_loss': (0.0735, 0.0372)}
{'epoch': 7, 'train_loss': 0.0556, 'train_acc': 0.9794, 'task_loss': (0.0313, 0.0243)}
{'epoch': 8, 'train_loss': 0.0322, 'train_acc': 0.9918, 'task_loss': (0.0195, 0.0127)}
{'epoch': 9, 'train_loss': 0.0222, 'train_acc': 0.9938, 'task_loss': (0.011, 0.0112)}
{'epoch': 10, 'train_loss': 0.0204, 'train_acc': 0.9918, 'task_loss': (0.0054, 0.015)}
{'epoch': 11, 'train_loss': 0.0142, 'train_acc': 0.9959, 'task_loss': (0.0048, 0.0094)}
{'epoch': 12, 'train_loss': 0.0067, 'train_acc': 1.0, 'task_loss': (0.0034, 0.0034)}
{'epoch': 13, 'train_loss': 0.0087, 'train_acc': 1.0, 'task_loss': (0.0039, 0.0048)}
{'epoch': 14, 'train_loss': 0.0041, 'train_acc': 1.0, 'task_loss': (0.0024, 0.0018)}
{'epoch': 15, 'train_loss': 0.0051, 'train_acc': 1.0, 'task_loss': (0.0032, 0.0019)}
{'epoch': 16, 'train_loss': 0.0021, 'train_acc': 1.0, 'task_loss': (0.0012, 0.0009)}
{'epoch': 17, 'train_loss': 0.0053, 'train_acc': 1.0, 'task_loss': (0.0042, 0.0011)}
{'epoch': 18, 'train_loss': 0.0015, 'train_acc': 1.0, 'task_loss': (0.0008, 0.0007)}
{'epoch': 19, 'train_loss': 0.0021, 'train_acc': 1.0, 'task_loss': (0.0013, 0.0008)}
{'epoch': 20, 'train_loss': 0.0018, 'train_acc': 1.0, 'task_loss': (0.0008, 0.001)}
{'epoch': 21, 'train_loss': 0.0016, 'train_acc': 1.0, 'task_loss': (0.0009, 0.0007)}
{'epoch': 22, 'train_loss': 0.0029, 'train_acc': 1.0, 'task_loss': (0.0022, 0.0006)}
{'epoch': 23, 'train_loss': 0.0017, 'train_acc': 1.0, 'task_loss': (0.0008, 0.0009)}
{'epoch': 24, 'train_loss': 0.0015, 'train_acc': 1.0, 'task_loss': (0.0009, 0.0006)}
{'epoch': 25, 'train_loss': 0.0019, 'train_acc': 1.0, 'task_loss': (0.0014, 0.0005)}
{'epoch': 26, 'train_loss': 0.0043, 'train_acc': 0.9979, 'task_loss': (0.0006, 0.0037)}
{'epoch': 27, 'train_loss': 0.045, 'train_acc': 0.9794, 'task_loss': (0.0176, 0.0274)}
{'epoch': 28, 'train_loss': 0.0348, 'train_acc': 0.9856, 'task_loss': (0.0185, 0.0163)}
{'epoch': 29, 'train_loss': 0.017, 'train_acc': 0.9979, 'task_loss': (0.011, 0.006)}
{'epoch': 30, 'train_loss': 0.0207, 'train_acc': 0.9959, 'task_loss': (0.0158, 0.0049)}
{'epoch': 31, 'train_loss': 0.0074, 'train_acc': 1.0, 'task_loss': (0.0029, 0.0045)}
{'epoch': 32, 'train_loss': 0.0039, 'train_acc': 1.0, 'task_loss': (0.0023, 0.0015)}
{'epoch': 33, 'train_loss': 0.002, 'train_acc': 1.0, 'task_loss': (0.0011, 0.0008)}
{'epoch': 34, 'train_loss': 0.0016, 'train_acc': 1.0, 'task_loss': (0.0009, 0.0008)}
{'epoch': 35, 'train_loss': 0.001, 'train_acc': 1.0, 'task_loss': (0.0006, 0.0004)}
{'epoch': 36, 'train_loss': 0.0011, 'train_acc': 1.0, 'task_loss': (0.0005, 0.0006)}
{'epoch': 37, 'train_loss': 0.0009, 'train_acc': 1.0, 'task_loss': (0.0005, 0.0004)}
{'epoch': 38, 'train_loss': 0.0011, 'train_acc': 1.0, 'task_loss': (0.0006, 0.0005)}
{'epoch': 39, 'train_loss': 0.0007, 'train_acc': 1.0, 'task_loss': (0.0003, 0.0004)}
{'epoch': 40, 'train_loss': 0.0008, 'train_acc': 1.0, 'task_loss': (0.0004, 0.0004)}
{'epoch': 41, 'train_loss': 0.0007, 'train_acc': 1.0, 'task_loss': (0.0003, 0.0005)}
{'epoch': 42, 'train_loss': 0.0006, 'train_acc': 1.0, 'task_loss': (0.0003, 0.0003)}
{'epoch': 43, 'train_loss': 0.0005, 'train_acc': 1.0, 'task_loss': (0.0003, 0.0002)}
{'epoch': 44, 'train_loss': 0.0005, 'train_acc': 1.0, 'task_loss': (0.0003, 0.0002)}
{'epoch': 45, 'train_loss': 0.0005, 'train_acc': 1.0, 'task_loss': (0.0003, 0.0002)}
{'epoch': 46, 'train_loss': 0.0005, 'train_acc': 1.0, 'task_loss': (0.0003, 0.0002)}
{'epoch': 47, 'train_loss': 0.0006, 'train_acc': 1.0, 'task_loss': (0.0003, 0.0003)}
{'epoch': 48, 'train_loss': 0.0006, 'train_acc': 1.0, 'task_loss': (0.0003, 0.0003)}
{'epoch': 49, 'train_loss': 0.0005, 'train_acc': 1.0, 'task_loss': (0.0002, 0.0003)}
{'epoch': 50, 'train_loss': 0.0004, 'train_acc': 1.0, 'task_loss': (0.0003, 0.0002)}
{'epoch': 51, 'train_loss': 0.0004, 'train_acc': 1.0, 'task_loss': (0.0002, 0.0002)}
{'epoch': 52, 'train_loss': 0.0005, 'train_acc': 1.0, 'task_loss': (0.0003, 0.0002)}
{'epoch': 53, 'train_loss': 0.0007, 'train_acc': 1.0, 'task_loss': (0.0004, 0.0003)}
{'epoch': 54, 'train_loss': 0.0006, 'train_acc': 1.0, 'task_loss': (0.0004, 0.0002)}
{'epoch': 55, 'train_loss': 0.0005, 'train_acc': 1.0, 'task_loss': (0.0003, 0.0002)}
{'epoch': 56, 'train_loss': 0.0004, 'train_acc': 1.0, 'task_loss': (0.0002, 0.0002)}
{'epoch': 57, 'train_loss': 0.0004, 'train_acc': 1.0, 'task_loss': (0.0002, 0.0002)}
{'epoch': 58, 'train_loss': 0.0004, 'train_acc': 1.0, 'task_loss': (0.0002, 1e-04)}
{'epoch': 59, 'train_loss': 0.0004, 'train_acc': 1.0, 'task_loss': (0.0002, 0.0002)}
{'epoch': 60, 'train_loss': 0.0004, 'train_acc': 1.0, 'task_loss': (0.0003, 0.0002)}
{'epoch': 61, 'train_loss': 0.0005, 'train_acc': 1.0, 'task_loss': (0.0003, 0.0002)}
{'epoch': 62, 'train_loss': 0.0003, 'train_acc': 1.0, 'task_loss': (0.0002, 1e-04)}
{'epoch': 63, 'train_loss': 0.0005, 'train_acc': 1.0, 'task_loss': (0.0004, 0.0002)}
{'epoch': 64, 'train_loss': 0.0003, 'train_acc': 1.0, 'task_loss': (1e-04, 1e-04)}
{'epoch': 65, 'train_loss': 0.0003, 'train_acc': 1.0, 'task_loss': (1e-04, 1e-04)}
{'epoch': 66, 'train_loss': 0.0006, 'train_acc': 1.0, 'task_loss': (0.0003, 0.0002)}
{'epoch': 67, 'train_loss': 0.0004, 'train_acc': 1.0, 'task_loss': (0.0002, 0.0002)}
{'epoch': 68, 'train_loss': 0.0003, 'train_acc': 1.0, 'task_loss': (1e-04, 1e-04)}
{'epoch': 69, 'train_loss': 0.0004, 'train_acc': 1.0, 'task_loss': (0.0003, 0.0002)}
{'epoch': 70, 'train_loss': 0.0003, 'train_acc': 1.0, 'task_loss': (0.0002, 1e-04)}
{'epoch': 71, 'train_loss': 0.0004, 'train_acc': 1.0, 'task_loss': (0.0002, 0.0002)}
{'epoch': 72, 'train_loss': 0.001, 'train_acc': 1.0, 'task_loss': (0.0002, 0.0007)}
{'epoch': 73, 'train_loss': 0.0003, 'train_acc': 1.0, 'task_loss': (0.0002, 1e-04)}
{'epoch': 74, 'train_loss': 0.0007, 'train_acc': 1.0, 'task_loss': (0.0002, 0.0005)}
{'epoch': 75, 'train_loss': 0.0003, 'train_acc': 1.0, 'task_loss': (1e-04, 0.0002)}
{'epoch': 76, 'train_loss': 0.0003, 'train_acc': 1.0, 'task_loss': (1e-04, 1e-04)}
{'epoch': 77, 'train_loss': 0.0003, 'train_acc': 1.0, 'task_loss': (0.0002, 1e-04)}
{'epoch': 78, 'train_loss': 0.0003, 'train_acc': 1.0, 'task_loss': (0.0002, 1e-04)}
{'epoch': 79, 'train_loss': 0.0004, 'train_acc': 1.0, 'task_loss': (0.0002, 0.0002)}
{'epoch': 80, 'train_loss': 0.0005, 'train_acc': 1.0, 'task_loss': (1e-04, 0.0003)}
{'epoch': 81, 'train_loss': 0.0004, 'train_acc': 1.0, 'task_loss': (0.0003, 0.0002)}
{'epoch': 82, 'train_loss': 0.0005, 'train_acc': 1.0, 'task_loss': (0.0003, 0.0002)}
{'epoch': 83, 'train_loss': 0.0004, 'train_acc': 1.0, 'task_loss': (0.0002, 0.0002)}
{'epoch': 84, 'train_loss': 0.0003, 'train_acc': 1.0, 'task_loss': (0.0002, 1e-04)}
{'epoch': 85, 'train_loss': 0.0003, 'train_acc': 1.0, 'task_loss': (1e-04, 0.0002)}
{'epoch': 86, 'train_loss': 0.0005, 'train_acc': 1.0, 'task_loss': (0.0004, 0.0002)}
{'epoch': 87, 'train_loss': 0.0005, 'train_acc': 1.0, 'task_loss': (0.0003, 0.0002)}
{'epoch': 88, 'train_loss': 0.0004, 'train_acc': 1.0, 'task_loss': (0.0002, 1e-04)}
{'epoch': 89, 'train_loss': 0.0003, 'train_acc': 1.0, 'task_loss': (1e-04, 0.0002)}
{'epoch': 90, 'train_loss': 0.0003, 'train_acc': 1.0, 'task_loss': (0.0002, 1e-04)}
{'epoch': 91, 'train_loss': 0.0004, 'train_acc': 1.0, 'task_loss': (0.0003, 0.0002)}
{'epoch': 92, 'train_loss': 0.0003, 'train_acc': 1.0, 'task_loss': (1e-04, 0.0002)}
{'epoch': 93, 'train_loss': 0.0004, 'train_acc': 1.0, 'task_loss': (0.0002, 1e-04)}
{'epoch': 94, 'train_loss': 0.0004, 'train_acc': 1.0, 'task_loss': (0.0002, 0.0002)}
{'epoch': 95, 'train_loss': 0.0004, 'train_acc': 1.0, 'task_loss': (0.0002, 0.0002)}
{'epoch': 96, 'train_loss': 0.0003, 'train_acc': 1.0, 'task_loss': (0.0002, 1e-04)}
{'epoch': 97, 'train_loss': 0.0002, 'train_acc': 1.0, 'task_loss': (1e-04, 1e-04)}
{'epoch': 98, 'train_loss': 0.0004, 'train_acc': 1.0, 'task_loss': (0.0003, 0.0002)}
{'epoch': 99, 'train_loss': 0.0003, 'train_acc': 1.0, 'task_loss': (0.0002, 1e-04)}
{'epoch': 100, 'train_loss': 0.0003, 'train_acc': 1.0, 'task_loss': (1e-04, 0.0002)}
{'run_num': 3, 'final_test_err': 0.11726384364820852}
Files already downloaded and verified
Files already downloaded and verified
{'epoch': 1, 'train_loss': 0.5692, 'train_acc': 0.732, 'task_loss': (0.2647, 0.3044)}
{'epoch': 2, 'train_loss': 0.3149, 'train_acc': 0.8804, 'task_loss': (0.1338, 0.1811)}
{'epoch': 3, 'train_loss': 0.2512, 'train_acc': 0.901, 'task_loss': (0.1289, 0.1223)}
{'epoch': 4, 'train_loss': 0.1683, 'train_acc': 0.9361, 'task_loss': (0.0873, 0.081)}
{'epoch': 5, 'train_loss': 0.1236, 'train_acc': 0.9423, 'task_loss': (0.0481, 0.0755)}
{'epoch': 6, 'train_loss': 0.0921, 'train_acc': 0.9649, 'task_loss': (0.0502, 0.0419)}
{'epoch': 7, 'train_loss': 0.0564, 'train_acc': 0.9753, 'task_loss': (0.0269, 0.0294)}
{'epoch': 8, 'train_loss': 0.0396, 'train_acc': 0.9856, 'task_loss': (0.0186, 0.0211)}
{'epoch': 9, 'train_loss': 0.0288, 'train_acc': 0.9918, 'task_loss': (0.0112, 0.0176)}
{'epoch': 10, 'train_loss': 0.0257, 'train_acc': 0.9918, 'task_loss': (0.0202, 0.0055)}
{'epoch': 11, 'train_loss': 0.0148, 'train_acc': 0.9979, 'task_loss': (0.0062, 0.0086)}
{'epoch': 12, 'train_loss': 0.0082, 'train_acc': 1.0, 'task_loss': (0.0035, 0.0047)}
{'epoch': 13, 'train_loss': 0.0041, 'train_acc': 1.0, 'task_loss': (0.0015, 0.0026)}
{'epoch': 14, 'train_loss': 0.0055, 'train_acc': 1.0, 'task_loss': (0.0028, 0.0028)}
{'epoch': 15, 'train_loss': 0.0073, 'train_acc': 0.9979, 'task_loss': (0.0013, 0.006)}
{'epoch': 16, 'train_loss': 0.0051, 'train_acc': 1.0, 'task_loss': (0.0028, 0.0023)}
{'epoch': 17, 'train_loss': 0.0037, 'train_acc': 1.0, 'task_loss': (0.0014, 0.0024)}
{'epoch': 18, 'train_loss': 0.0021, 'train_acc': 1.0, 'task_loss': (0.0011, 0.001)}
{'epoch': 19, 'train_loss': 0.0013, 'train_acc': 1.0, 'task_loss': (0.0007, 0.0006)}
{'epoch': 20, 'train_loss': 0.0011, 'train_acc': 1.0, 'task_loss': (0.0007, 0.0004)}
{'epoch': 21, 'train_loss': 0.001, 'train_acc': 1.0, 'task_loss': (0.0004, 0.0005)}
{'epoch': 22, 'train_loss': 0.0007, 'train_acc': 1.0, 'task_loss': (0.0004, 0.0003)}
{'epoch': 23, 'train_loss': 0.0009, 'train_acc': 1.0, 'task_loss': (0.0005, 0.0003)}
{'epoch': 24, 'train_loss': 0.0008, 'train_acc': 1.0, 'task_loss': (0.0005, 0.0004)}
{'epoch': 25, 'train_loss': 0.0008, 'train_acc': 1.0, 'task_loss': (0.0005, 0.0003)}
{'epoch': 26, 'train_loss': 0.0005, 'train_acc': 1.0, 'task_loss': (0.0003, 0.0002)}
{'epoch': 27, 'train_loss': 0.0008, 'train_acc': 1.0, 'task_loss': (0.0004, 0.0004)}
{'epoch': 28, 'train_loss': 0.0005, 'train_acc': 1.0, 'task_loss': (0.0003, 0.0002)}
{'epoch': 29, 'train_loss': 0.0005, 'train_acc': 1.0, 'task_loss': (0.0003, 0.0002)}
{'epoch': 30, 'train_loss': 0.0013, 'train_acc': 1.0, 'task_loss': (0.0009, 0.0004)}
{'epoch': 31, 'train_loss': 0.0007, 'train_acc': 1.0, 'task_loss': (0.0005, 0.0002)}
{'epoch': 32, 'train_loss': 0.0006, 'train_acc': 1.0, 'task_loss': (0.0004, 0.0003)}
{'epoch': 33, 'train_loss': 0.0004, 'train_acc': 1.0, 'task_loss': (0.0002, 0.0002)}
{'epoch': 34, 'train_loss': 0.0003, 'train_acc': 1.0, 'task_loss': (1e-04, 0.0002)}
{'epoch': 35, 'train_loss': 0.0006, 'train_acc': 1.0, 'task_loss': (0.0003, 0.0003)}
{'epoch': 36, 'train_loss': 0.0009, 'train_acc': 1.0, 'task_loss': (0.0004, 0.0005)}
{'epoch': 37, 'train_loss': 0.0007, 'train_acc': 1.0, 'task_loss': (0.0003, 0.0003)}
{'epoch': 38, 'train_loss': 0.0003, 'train_acc': 1.0, 'task_loss': (0.0002, 1e-04)}
{'epoch': 39, 'train_loss': 0.0004, 'train_acc': 1.0, 'task_loss': (0.0002, 0.0002)}
{'epoch': 40, 'train_loss': 0.0003, 'train_acc': 1.0, 'task_loss': (1e-04, 0.0002)}
{'epoch': 41, 'train_loss': 0.0004, 'train_acc': 1.0, 'task_loss': (0.0002, 0.0002)}
{'epoch': 42, 'train_loss': 0.0003, 'train_acc': 1.0, 'task_loss': (0.0002, 0.0002)}
{'epoch': 43, 'train_loss': 0.0005, 'train_acc': 1.0, 'task_loss': (0.0003, 0.0002)}
{'epoch': 44, 'train_loss': 0.0005, 'train_acc': 1.0, 'task_loss': (0.0003, 0.0002)}
{'epoch': 45, 'train_loss': 0.0003, 'train_acc': 1.0, 'task_loss': (0.0002, 1e-04)}
{'epoch': 46, 'train_loss': 0.0005, 'train_acc': 1.0, 'task_loss': (0.0003, 0.0002)}
{'epoch': 47, 'train_loss': 0.0004, 'train_acc': 1.0, 'task_loss': (0.0003, 1e-04)}
{'epoch': 48, 'train_loss': 0.0003, 'train_acc': 1.0, 'task_loss': (0.0002, 0.0002)}
{'epoch': 49, 'train_loss': 0.0005, 'train_acc': 1.0, 'task_loss': (0.0003, 0.0002)}
{'epoch': 50, 'train_loss': 0.0007, 'train_acc': 1.0, 'task_loss': (0.0003, 0.0004)}
{'epoch': 51, 'train_loss': 0.0002, 'train_acc': 1.0, 'task_loss': (1e-04, 1e-04)}
{'epoch': 52, 'train_loss': 0.0003, 'train_acc': 1.0, 'task_loss': (0.0002, 0.0002)}
{'epoch': 53, 'train_loss': 0.0003, 'train_acc': 1.0, 'task_loss': (0.0002, 1e-04)}
{'epoch': 54, 'train_loss': 0.0003, 'train_acc': 1.0, 'task_loss': (0.0002, 1e-04)}
{'epoch': 55, 'train_loss': 0.0004, 'train_acc': 1.0, 'task_loss': (0.0002, 0.0002)}
{'epoch': 56, 'train_loss': 0.0003, 'train_acc': 1.0, 'task_loss': (0.0002, 1e-04)}
{'epoch': 57, 'train_loss': 0.0004, 'train_acc': 1.0, 'task_loss': (0.0002, 0.0002)}
{'epoch': 58, 'train_loss': 0.0003, 'train_acc': 1.0, 'task_loss': (1e-04, 1e-04)}
{'epoch': 59, 'train_loss': 0.0003, 'train_acc': 1.0, 'task_loss': (1e-04, 0.0002)}
{'epoch': 60, 'train_loss': 0.0003, 'train_acc': 1.0, 'task_loss': (1e-04, 0.0002)}
{'epoch': 61, 'train_loss': 0.0004, 'train_acc': 1.0, 'task_loss': (0.0002, 1e-04)}
{'epoch': 62, 'train_loss': 0.0003, 'train_acc': 1.0, 'task_loss': (0.0002, 1e-04)}
{'epoch': 63, 'train_loss': 0.0002, 'train_acc': 1.0, 'task_loss': (1e-04, 1e-04)}
{'epoch': 64, 'train_loss': 0.0003, 'train_acc': 1.0, 'task_loss': (0.0002, 0.0002)}
{'epoch': 65, 'train_loss': 0.0002, 'train_acc': 1.0, 'task_loss': (1e-04, 1e-04)}
{'epoch': 66, 'train_loss': 0.0003, 'train_acc': 1.0, 'task_loss': (0.0002, 1e-04)}
{'epoch': 67, 'train_loss': 0.0004, 'train_acc': 1.0, 'task_loss': (0.0002, 0.0002)}
{'epoch': 68, 'train_loss': 0.0004, 'train_acc': 1.0, 'task_loss': (1e-04, 0.0003)}
{'epoch': 69, 'train_loss': 0.0003, 'train_acc': 1.0, 'task_loss': (0.0002, 1e-04)}
{'epoch': 70, 'train_loss': 0.0002, 'train_acc': 1.0, 'task_loss': (1e-04, 1e-04)}
{'epoch': 71, 'train_loss': 0.0003, 'train_acc': 1.0, 'task_loss': (1e-04, 0.0002)}
{'epoch': 72, 'train_loss': 0.0005, 'train_acc': 1.0, 'task_loss': (1e-04, 0.0003)}
{'epoch': 73, 'train_loss': 0.0002, 'train_acc': 1.0, 'task_loss': (1e-04, 1e-04)}
{'epoch': 74, 'train_loss': 0.0004, 'train_acc': 1.0, 'task_loss': (0.0003, 1e-04)}
{'epoch': 75, 'train_loss': 0.0002, 'train_acc': 1.0, 'task_loss': (1e-04, 1e-04)}
{'epoch': 76, 'train_loss': 0.0002, 'train_acc': 1.0, 'task_loss': (1e-04, 1e-04)}
{'epoch': 77, 'train_loss': 0.0003, 'train_acc': 1.0, 'task_loss': (0.0002, 1e-04)}
{'epoch': 78, 'train_loss': 0.0003, 'train_acc': 1.0, 'task_loss': (0.0002, 1e-04)}
{'epoch': 79, 'train_loss': 0.0002, 'train_acc': 1.0, 'task_loss': (1e-04, 1e-04)}
{'epoch': 80, 'train_loss': 0.0002, 'train_acc': 1.0, 'task_loss': (1e-04, 1e-04)}
{'epoch': 81, 'train_loss': 0.0003, 'train_acc': 1.0, 'task_loss': (0.0002, 1e-04)}
{'epoch': 82, 'train_loss': 0.0005, 'train_acc': 1.0, 'task_loss': (0.0002, 0.0003)}
{'epoch': 83, 'train_loss': 0.0002, 'train_acc': 1.0, 'task_loss': (1e-04, 1e-04)}
{'epoch': 84, 'train_loss': 0.0003, 'train_acc': 1.0, 'task_loss': (0.0002, 0.0002)}
{'epoch': 85, 'train_loss': 0.0003, 'train_acc': 1.0, 'task_loss': (0.0002, 1e-04)}
{'epoch': 86, 'train_loss': 0.0002, 'train_acc': 1.0, 'task_loss': (1e-04, 1e-04)}
{'epoch': 87, 'train_loss': 0.0003, 'train_acc': 1.0, 'task_loss': (0.0002, 1e-04)}
{'epoch': 88, 'train_loss': 0.0002, 'train_acc': 1.0, 'task_loss': (1e-04, 1e-04)}
{'epoch': 89, 'train_loss': 0.0003, 'train_acc': 1.0, 'task_loss': (1e-04, 0.0002)}
{'epoch': 90, 'train_loss': 0.0003, 'train_acc': 1.0, 'task_loss': (1e-04, 1e-04)}
{'epoch': 91, 'train_loss': 0.0003, 'train_acc': 1.0, 'task_loss': (1e-04, 0.0002)}
{'epoch': 92, 'train_loss': 0.0003, 'train_acc': 1.0, 'task_loss': (0.0002, 1e-04)}
{'epoch': 93, 'train_loss': 0.0003, 'train_acc': 1.0, 'task_loss': (1e-04, 0.0002)}
{'epoch': 94, 'train_loss': 0.0002, 'train_acc': 1.0, 'task_loss': (1e-04, 1e-04)}
{'epoch': 95, 'train_loss': 0.0003, 'train_acc': 1.0, 'task_loss': (0.0002, 1e-04)}
{'epoch': 96, 'train_loss': 0.0003, 'train_acc': 1.0, 'task_loss': (0.0002, 1e-04)}
{'epoch': 97, 'train_loss': 0.0002, 'train_acc': 1.0, 'task_loss': (1e-04, 1e-04)}
{'epoch': 98, 'train_loss': 0.0003, 'train_acc': 1.0, 'task_loss': (0.0002, 1e-04)}
{'epoch': 99, 'train_loss': 0.0004, 'train_acc': 1.0, 'task_loss': (0.0002, 0.0002)}
{'epoch': 100, 'train_loss': 0.0003, 'train_acc': 1.0, 'task_loss': (1e-04, 0.0002)}
{'run_num': 4, 'final_test_err': 0.13355048859934848}
Files already downloaded and verified
Files already downloaded and verified
{'epoch': 1, 'train_loss': 0.5639, 'train_acc': 0.7443, 'task_loss': (0.3158, 0.2481)}
{'epoch': 2, 'train_loss': 0.3087, 'train_acc': 0.8639, 'task_loss': (0.1333, 0.1754)}
{'epoch': 3, 'train_loss': 0.2234, 'train_acc': 0.9113, 'task_loss': (0.1093, 0.1141)}
{'epoch': 4, 'train_loss': 0.2281, 'train_acc': 0.9134, 'task_loss': (0.0883, 0.1399)}
{'epoch': 5, 'train_loss': 0.1721, 'train_acc': 0.9196, 'task_loss': (0.084, 0.0881)}
{'epoch': 6, 'train_loss': 0.0931, 'train_acc': 0.9649, 'task_loss': (0.0357, 0.0574)}
{'epoch': 7, 'train_loss': 0.0769, 'train_acc': 0.9773, 'task_loss': (0.0456, 0.0314)}
{'epoch': 8, 'train_loss': 0.0483, 'train_acc': 0.9794, 'task_loss': (0.0163, 0.0321)}
{'epoch': 9, 'train_loss': 0.0241, 'train_acc': 0.9959, 'task_loss': (0.0112, 0.0129)}
{'epoch': 10, 'train_loss': 0.0125, 'train_acc': 0.9979, 'task_loss': (0.0042, 0.0083)}
{'epoch': 11, 'train_loss': 0.0141, 'train_acc': 0.9979, 'task_loss': (0.0086, 0.0056)}
{'epoch': 12, 'train_loss': 0.0123, 'train_acc': 0.9979, 'task_loss': (0.0084, 0.0039)}
{'epoch': 13, 'train_loss': 0.005, 'train_acc': 1.0, 'task_loss': (0.0022, 0.0028)}
{'epoch': 14, 'train_loss': 0.0043, 'train_acc': 1.0, 'task_loss': (0.0025, 0.0018)}
{'epoch': 15, 'train_loss': 0.004, 'train_acc': 1.0, 'task_loss': (0.0012, 0.0028)}
{'epoch': 16, 'train_loss': 0.0028, 'train_acc': 1.0, 'task_loss': (0.0013, 0.0015)}
{'epoch': 17, 'train_loss': 0.0019, 'train_acc': 1.0, 'task_loss': (0.0005, 0.0014)}
{'epoch': 18, 'train_loss': 0.0019, 'train_acc': 1.0, 'task_loss': (0.0006, 0.0014)}
{'epoch': 19, 'train_loss': 0.0015, 'train_acc': 1.0, 'task_loss': (0.0005, 0.001)}
{'epoch': 20, 'train_loss': 0.001, 'train_acc': 1.0, 'task_loss': (0.0004, 0.0006)}
{'epoch': 21, 'train_loss': 0.0017, 'train_acc': 1.0, 'task_loss': (0.0009, 0.0007)}
{'epoch': 22, 'train_loss': 0.0011, 'train_acc': 1.0, 'task_loss': (0.0005, 0.0006)}
{'epoch': 23, 'train_loss': 0.0008, 'train_acc': 1.0, 'task_loss': (0.0004, 0.0005)}
{'epoch': 24, 'train_loss': 0.001, 'train_acc': 1.0, 'task_loss': (0.0003, 0.0006)}
{'epoch': 25, 'train_loss': 0.0009, 'train_acc': 1.0, 'task_loss': (0.0004, 0.0005)}
{'epoch': 26, 'train_loss': 0.0006, 'train_acc': 1.0, 'task_loss': (0.0003, 0.0003)}
{'epoch': 27, 'train_loss': 0.001, 'train_acc': 1.0, 'task_loss': (0.0005, 0.0005)}
{'epoch': 28, 'train_loss': 0.0018, 'train_acc': 1.0, 'task_loss': (0.0003, 0.0015)}
{'epoch': 29, 'train_loss': 0.0014, 'train_acc': 1.0, 'task_loss': (0.0005, 0.0009)}
{'epoch': 30, 'train_loss': 0.001, 'train_acc': 1.0, 'task_loss': (0.0003, 0.0007)}
{'epoch': 31, 'train_loss': 0.0006, 'train_acc': 1.0, 'task_loss': (0.0002, 0.0004)}
{'epoch': 32, 'train_loss': 0.0005, 'train_acc': 1.0, 'task_loss': (0.0002, 0.0003)}
{'epoch': 33, 'train_loss': 0.0007, 'train_acc': 1.0, 'task_loss': (0.0004, 0.0003)}
{'epoch': 34, 'train_loss': 0.0006, 'train_acc': 1.0, 'task_loss': (0.0003, 0.0003)}
{'epoch': 35, 'train_loss': 0.001, 'train_acc': 1.0, 'task_loss': (0.0003, 0.0007)}
{'epoch': 36, 'train_loss': 0.0006, 'train_acc': 1.0, 'task_loss': (0.0002, 0.0003)}
{'epoch': 37, 'train_loss': 0.0005, 'train_acc': 1.0, 'task_loss': (0.0003, 0.0002)}
{'epoch': 38, 'train_loss': 0.0006, 'train_acc': 1.0, 'task_loss': (0.0002, 0.0004)}
{'epoch': 39, 'train_loss': 0.0009, 'train_acc': 1.0, 'task_loss': (0.0002, 0.0008)}
{'epoch': 40, 'train_loss': 0.0007, 'train_acc': 1.0, 'task_loss': (0.0004, 0.0003)}
{'epoch': 41, 'train_loss': 0.0007, 'train_acc': 1.0, 'task_loss': (0.0003, 0.0004)}
{'epoch': 42, 'train_loss': 0.0005, 'train_acc': 1.0, 'task_loss': (0.0002, 0.0003)}
{'epoch': 43, 'train_loss': 0.0004, 'train_acc': 1.0, 'task_loss': (0.0002, 0.0002)}
{'epoch': 44, 'train_loss': 0.0004, 'train_acc': 1.0, 'task_loss': (1e-04, 0.0003)}
{'epoch': 45, 'train_loss': 0.0004, 'train_acc': 1.0, 'task_loss': (0.0002, 0.0002)}
{'epoch': 46, 'train_loss': 0.0006, 'train_acc': 1.0, 'task_loss': (0.0002, 0.0004)}
{'epoch': 47, 'train_loss': 0.0004, 'train_acc': 1.0, 'task_loss': (0.0002, 0.0002)}
{'epoch': 48, 'train_loss': 0.0004, 'train_acc': 1.0, 'task_loss': (0.0002, 0.0002)}
{'epoch': 49, 'train_loss': 0.0004, 'train_acc': 1.0, 'task_loss': (0.0002, 0.0003)}
{'epoch': 50, 'train_loss': 0.0005, 'train_acc': 1.0, 'task_loss': (0.0002, 0.0003)}
{'epoch': 51, 'train_loss': 0.0004, 'train_acc': 1.0, 'task_loss': (0.0002, 0.0002)}
{'epoch': 52, 'train_loss': 0.0003, 'train_acc': 1.0, 'task_loss': (1e-04, 0.0002)}
{'epoch': 53, 'train_loss': 0.0003, 'train_acc': 1.0, 'task_loss': (0.0002, 1e-04)}
{'epoch': 54, 'train_loss': 0.0002, 'train_acc': 1.0, 'task_loss': (1e-04, 1e-04)}
{'epoch': 55, 'train_loss': 0.0004, 'train_acc': 1.0, 'task_loss': (0.0002, 0.0002)}
{'epoch': 56, 'train_loss': 0.0004, 'train_acc': 1.0, 'task_loss': (0.0002, 0.0002)}
{'epoch': 57, 'train_loss': 0.0003, 'train_acc': 1.0, 'task_loss': (0.0002, 0.0002)}
{'epoch': 58, 'train_loss': 0.0004, 'train_acc': 1.0, 'task_loss': (1e-04, 0.0002)}
{'epoch': 59, 'train_loss': 0.0002, 'train_acc': 1.0, 'task_loss': (1e-04, 1e-04)}
{'epoch': 60, 'train_loss': 0.0002, 'train_acc': 1.0, 'task_loss': (1e-04, 1e-04)}
{'epoch': 61, 'train_loss': 0.0003, 'train_acc': 1.0, 'task_loss': (1e-04, 0.0002)}
{'epoch': 62, 'train_loss': 0.0002, 'train_acc': 1.0, 'task_loss': (1e-04, 1e-04)}
{'epoch': 63, 'train_loss': 0.0003, 'train_acc': 1.0, 'task_loss': (0.0002, 0.0002)}
{'epoch': 64, 'train_loss': 0.0002, 'train_acc': 1.0, 'task_loss': (1e-04, 1e-04)}
{'epoch': 65, 'train_loss': 0.0004, 'train_acc': 1.0, 'task_loss': (0.0002, 0.0002)}
{'epoch': 66, 'train_loss': 0.0004, 'train_acc': 1.0, 'task_loss': (1e-04, 0.0003)}
{'epoch': 67, 'train_loss': 0.0018, 'train_acc': 0.9979, 'task_loss': (0.0017, 0.0002)}
{'epoch': 68, 'train_loss': 0.0003, 'train_acc': 1.0, 'task_loss': (1e-04, 0.0002)}
{'epoch': 69, 'train_loss': 0.0003, 'train_acc': 1.0, 'task_loss': (1e-04, 1e-04)}
{'epoch': 70, 'train_loss': 0.0002, 'train_acc': 1.0, 'task_loss': (1e-04, 1e-04)}
{'epoch': 71, 'train_loss': 0.0003, 'train_acc': 1.0, 'task_loss': (1e-04, 0.0002)}
{'epoch': 72, 'train_loss': 0.0004, 'train_acc': 1.0, 'task_loss': (0.0003, 1e-04)}
{'epoch': 73, 'train_loss': 0.0003, 'train_acc': 1.0, 'task_loss': (0.0002, 1e-04)}
{'epoch': 74, 'train_loss': 0.0004, 'train_acc': 1.0, 'task_loss': (0.0002, 0.0002)}
{'epoch': 75, 'train_loss': 0.0003, 'train_acc': 1.0, 'task_loss': (0.0002, 1e-04)}
{'epoch': 76, 'train_loss': 0.0002, 'train_acc': 1.0, 'task_loss': (1e-04, 1e-04)}
{'epoch': 77, 'train_loss': 0.0005, 'train_acc': 1.0, 'task_loss': (0.0002, 0.0003)}
{'epoch': 78, 'train_loss': 0.0003, 'train_acc': 1.0, 'task_loss': (0.0002, 1e-04)}
{'epoch': 79, 'train_loss': 0.0003, 'train_acc': 1.0, 'task_loss': (1e-04, 0.0002)}
{'epoch': 80, 'train_loss': 0.0002, 'train_acc': 1.0, 'task_loss': (1e-04, 1e-04)}
{'epoch': 81, 'train_loss': 0.0003, 'train_acc': 1.0, 'task_loss': (1e-04, 0.0002)}
{'epoch': 82, 'train_loss': 0.0003, 'train_acc': 1.0, 'task_loss': (1e-04, 0.0002)}
{'epoch': 83, 'train_loss': 0.0005, 'train_acc': 1.0, 'task_loss': (0.0002, 0.0003)}
{'epoch': 84, 'train_loss': 0.0002, 'train_acc': 1.0, 'task_loss': (1e-04, 1e-04)}
{'epoch': 85, 'train_loss': 0.0003, 'train_acc': 1.0, 'task_loss': (1e-04, 1e-04)}
{'epoch': 86, 'train_loss': 0.0002, 'train_acc': 1.0, 'task_loss': (1e-04, 0.0002)}
{'epoch': 87, 'train_loss': 0.0002, 'train_acc': 1.0, 'task_loss': (1e-04, 1e-04)}
{'epoch': 88, 'train_loss': 0.0008, 'train_acc': 1.0, 'task_loss': (0.0006, 0.0002)}
{'epoch': 89, 'train_loss': 0.0002, 'train_acc': 1.0, 'task_loss': (1e-04, 0.0002)}
{'epoch': 90, 'train_loss': 0.0006, 'train_acc': 1.0, 'task_loss': (0.0004, 0.0002)}
{'epoch': 91, 'train_loss': 0.0003, 'train_acc': 1.0, 'task_loss': (0.0002, 1e-04)}
{'epoch': 92, 'train_loss': 0.0002, 'train_acc': 1.0, 'task_loss': (1e-04, 1e-04)}
{'epoch': 93, 'train_loss': 0.0003, 'train_acc': 1.0, 'task_loss': (0.0002, 0.0002)}
{'epoch': 94, 'train_loss': 0.0003, 'train_acc': 1.0, 'task_loss': (0.0002, 1e-04)}
{'epoch': 95, 'train_loss': 0.0023, 'train_acc': 1.0, 'task_loss': (1e-04, 0.0022)}
{'epoch': 96, 'train_loss': 0.0002, 'train_acc': 1.0, 'task_loss': (1e-04, 0.0002)}
{'epoch': 97, 'train_loss': 0.0002, 'train_acc': 1.0, 'task_loss': (1e-04, 1e-04)}
{'epoch': 98, 'train_loss': 0.0004, 'train_acc': 1.0, 'task_loss': (0.0002, 0.0002)}
{'epoch': 99, 'train_loss': 0.0003, 'train_acc': 1.0, 'task_loss': (0.0002, 1e-04)}
{'epoch': 100, 'train_loss': 0.0003, 'train_acc': 1.0, 'task_loss': (1e-04, 0.0002)}
{'run_num': 5, 'final_test_err': 0.14657980456026054}
Files already downloaded and verified
Files already downloaded and verified
{'epoch': 1, 'train_loss': 0.4967, 'train_acc': 0.7814, 'task_loss': (0.2475, 0.2492)}
{'epoch': 2, 'train_loss': 0.3465, 'train_acc': 0.8619, 'task_loss': (0.1842, 0.1623)}
{'epoch': 3, 'train_loss': 0.2468, 'train_acc': 0.9093, 'task_loss': (0.1109, 0.1358)}
{'epoch': 4, 'train_loss': 0.1072, 'train_acc': 0.9526, 'task_loss': (0.0573, 0.0499)}
{'epoch': 5, 'train_loss': 0.079, 'train_acc': 0.9691, 'task_loss': (0.0289, 0.0502)}
{'epoch': 6, 'train_loss': 0.0774, 'train_acc': 0.9649, 'task_loss': (0.0441, 0.0333)}
{'epoch': 7, 'train_loss': 0.0492, 'train_acc': 0.9814, 'task_loss': (0.0166, 0.0326)}
{'epoch': 8, 'train_loss': 0.0467, 'train_acc': 0.9794, 'task_loss': (0.0182, 0.0284)}
{'epoch': 9, 'train_loss': 0.0392, 'train_acc': 0.9814, 'task_loss': (0.018, 0.0212)}
{'epoch': 10, 'train_loss': 0.0091, 'train_acc': 1.0, 'task_loss': (0.0038, 0.0053)}
{'epoch': 11, 'train_loss': 0.0242, 'train_acc': 0.9897, 'task_loss': (0.0068, 0.0174)}
{'epoch': 12, 'train_loss': 0.0193, 'train_acc': 0.9938, 'task_loss': (0.0114, 0.0079)}
{'epoch': 13, 'train_loss': 0.0128, 'train_acc': 0.9938, 'task_loss': (0.0041, 0.0086)}
{'epoch': 14, 'train_loss': 0.0055, 'train_acc': 1.0, 'task_loss': (0.0036, 0.0018)}
{'epoch': 15, 'train_loss': 0.0053, 'train_acc': 0.9979, 'task_loss': (0.0038, 0.0015)}
{'epoch': 16, 'train_loss': 0.0065, 'train_acc': 0.9979, 'task_loss': (0.0016, 0.0049)}
{'epoch': 17, 'train_loss': 0.0089, 'train_acc': 0.9979, 'task_loss': (0.0035, 0.0053)}
{'epoch': 18, 'train_loss': 0.0036, 'train_acc': 1.0, 'task_loss': (0.002, 0.0016)}
{'epoch': 19, 'train_loss': 0.0035, 'train_acc': 1.0, 'task_loss': (0.0017, 0.0018)}
{'epoch': 20, 'train_loss': 0.0022, 'train_acc': 1.0, 'task_loss': (0.0016, 0.0006)}
{'epoch': 21, 'train_loss': 0.0013, 'train_acc': 1.0, 'task_loss': (0.0008, 0.0005)}
{'epoch': 22, 'train_loss': 0.0017, 'train_acc': 1.0, 'task_loss': (0.0012, 0.0005)}
{'epoch': 23, 'train_loss': 0.0006, 'train_acc': 1.0, 'task_loss': (0.0003, 0.0003)}
{'epoch': 24, 'train_loss': 0.0011, 'train_acc': 1.0, 'task_loss': (0.0006, 0.0004)}
{'epoch': 25, 'train_loss': 0.0006, 'train_acc': 1.0, 'task_loss': (0.0003, 0.0003)}
{'epoch': 26, 'train_loss': 0.0006, 'train_acc': 1.0, 'task_loss': (0.0004, 0.0002)}
{'epoch': 27, 'train_loss': 0.0007, 'train_acc': 1.0, 'task_loss': (0.0004, 0.0003)}
{'epoch': 28, 'train_loss': 0.0005, 'train_acc': 1.0, 'task_loss': (0.0003, 0.0002)}
{'epoch': 29, 'train_loss': 0.0006, 'train_acc': 1.0, 'task_loss': (0.0004, 0.0003)}
{'epoch': 30, 'train_loss': 0.0005, 'train_acc': 1.0, 'task_loss': (0.0002, 0.0003)}
{'epoch': 31, 'train_loss': 0.0005, 'train_acc': 1.0, 'task_loss': (0.0002, 0.0003)}
{'epoch': 32, 'train_loss': 0.0004, 'train_acc': 1.0, 'task_loss': (1e-04, 0.0002)}
{'epoch': 33, 'train_loss': 0.0004, 'train_acc': 1.0, 'task_loss': (0.0002, 0.0002)}
{'epoch': 34, 'train_loss': 0.0009, 'train_acc': 1.0, 'task_loss': (0.0005, 0.0004)}
{'epoch': 35, 'train_loss': 0.0007, 'train_acc': 1.0, 'task_loss': (0.0004, 0.0003)}
{'epoch': 36, 'train_loss': 0.0007, 'train_acc': 1.0, 'task_loss': (0.0003, 0.0004)}
{'epoch': 37, 'train_loss': 0.0004, 'train_acc': 1.0, 'task_loss': (0.0002, 0.0002)}
{'epoch': 38, 'train_loss': 0.0006, 'train_acc': 1.0, 'task_loss': (0.0003, 0.0003)}
{'epoch': 39, 'train_loss': 0.0007, 'train_acc': 1.0, 'task_loss': (0.0004, 0.0003)}
{'epoch': 40, 'train_loss': 0.0005, 'train_acc': 1.0, 'task_loss': (0.0003, 0.0002)}
{'epoch': 41, 'train_loss': 0.0003, 'train_acc': 1.0, 'task_loss': (1e-04, 1e-04)}
{'epoch': 42, 'train_loss': 0.0002, 'train_acc': 1.0, 'task_loss': (1e-04, 1e-04)}
{'epoch': 43, 'train_loss': 0.0008, 'train_acc': 1.0, 'task_loss': (0.0005, 0.0003)}
{'epoch': 44, 'train_loss': 0.0004, 'train_acc': 1.0, 'task_loss': (0.0002, 0.0002)}
{'epoch': 45, 'train_loss': 0.0004, 'train_acc': 1.0, 'task_loss': (0.0002, 0.0002)}
{'epoch': 46, 'train_loss': 0.0003, 'train_acc': 1.0, 'task_loss': (1e-04, 0.0002)}
{'epoch': 47, 'train_loss': 0.0005, 'train_acc': 1.0, 'task_loss': (0.0002, 0.0004)}
{'epoch': 48, 'train_loss': 0.0003, 'train_acc': 1.0, 'task_loss': (1e-04, 0.0002)}
{'epoch': 49, 'train_loss': 0.0003, 'train_acc': 1.0, 'task_loss': (1e-04, 1e-04)}
{'epoch': 50, 'train_loss': 0.0005, 'train_acc': 1.0, 'task_loss': (0.0002, 0.0003)}
{'epoch': 51, 'train_loss': 0.0003, 'train_acc': 1.0, 'task_loss': (1e-04, 1e-04)}
{'epoch': 52, 'train_loss': 0.0005, 'train_acc': 1.0, 'task_loss': (0.0003, 1e-04)}
{'epoch': 53, 'train_loss': 0.0003, 'train_acc': 1.0, 'task_loss': (1e-04, 0.0002)}
{'epoch': 54, 'train_loss': 0.0004, 'train_acc': 1.0, 'task_loss': (0.0002, 0.0002)}
{'epoch': 55, 'train_loss': 0.0002, 'train_acc': 1.0, 'task_loss': (1e-04, 1e-04)}
{'epoch': 56, 'train_loss': 0.0002, 'train_acc': 1.0, 'task_loss': (1e-04, 1e-04)}
{'epoch': 57, 'train_loss': 0.0006, 'train_acc': 1.0, 'task_loss': (0.0004, 0.0002)}
{'epoch': 58, 'train_loss': 0.0002, 'train_acc': 1.0, 'task_loss': (1e-04, 1e-04)}
{'epoch': 59, 'train_loss': 0.0002, 'train_acc': 1.0, 'task_loss': (1e-04, 1e-04)}
{'epoch': 60, 'train_loss': 0.0006, 'train_acc': 1.0, 'task_loss': (0.0002, 0.0004)}
{'epoch': 61, 'train_loss': 0.0003, 'train_acc': 1.0, 'task_loss': (1e-04, 0.0002)}
{'epoch': 62, 'train_loss': 0.0004, 'train_acc': 1.0, 'task_loss': (0.0003, 1e-04)}
{'epoch': 63, 'train_loss': 0.0003, 'train_acc': 1.0, 'task_loss': (1e-04, 0.0002)}
{'epoch': 64, 'train_loss': 0.0002, 'train_acc': 1.0, 'task_loss': (1e-04, 1e-04)}
{'epoch': 65, 'train_loss': 0.0004, 'train_acc': 1.0, 'task_loss': (0.0002, 0.0002)}
{'epoch': 66, 'train_loss': 0.0002, 'train_acc': 1.0, 'task_loss': (1e-04, 1e-04)}
{'epoch': 67, 'train_loss': 0.0004, 'train_acc': 1.0, 'task_loss': (0.0003, 1e-04)}
{'epoch': 68, 'train_loss': 0.0003, 'train_acc': 1.0, 'task_loss': (0.0002, 0.0002)}
{'epoch': 69, 'train_loss': 0.0002, 'train_acc': 1.0, 'task_loss': (1e-04, 1e-04)}
{'epoch': 70, 'train_loss': 0.0002, 'train_acc': 1.0, 'task_loss': (1e-04, 1e-04)}
{'epoch': 71, 'train_loss': 0.0002, 'train_acc': 1.0, 'task_loss': (1e-04, 1e-04)}
{'epoch': 72, 'train_loss': 0.0003, 'train_acc': 1.0, 'task_loss': (1e-04, 0.0002)}
{'epoch': 73, 'train_loss': 0.0004, 'train_acc': 1.0, 'task_loss': (1e-04, 0.0002)}
{'epoch': 74, 'train_loss': 0.0002, 'train_acc': 1.0, 'task_loss': (1e-04, 1e-04)}
{'epoch': 75, 'train_loss': 0.0002, 'train_acc': 1.0, 'task_loss': (1e-04, 1e-04)}
{'epoch': 76, 'train_loss': 0.0002, 'train_acc': 1.0, 'task_loss': (1e-04, 1e-04)}
{'epoch': 77, 'train_loss': 0.0002, 'train_acc': 1.0, 'task_loss': (1e-04, 1e-04)}
{'epoch': 78, 'train_loss': 0.0003, 'train_acc': 1.0, 'task_loss': (1e-04, 1e-04)}
{'epoch': 79, 'train_loss': 0.0002, 'train_acc': 1.0, 'task_loss': (1e-04, 1e-04)}
{'epoch': 80, 'train_loss': 0.0004, 'train_acc': 1.0, 'task_loss': (0.0003, 1e-04)}
{'epoch': 81, 'train_loss': 0.0003, 'train_acc': 1.0, 'task_loss': (0.0002, 1e-04)}
{'epoch': 82, 'train_loss': 0.0002, 'train_acc': 1.0, 'task_loss': (1e-04, 1e-04)}
{'epoch': 83, 'train_loss': 0.0002, 'train_acc': 1.0, 'task_loss': (1e-04, 1e-04)}
{'epoch': 84, 'train_loss': 0.0003, 'train_acc': 1.0, 'task_loss': (0.0002, 1e-04)}
{'epoch': 85, 'train_loss': 0.0005, 'train_acc': 1.0, 'task_loss': (0.0003, 0.0002)}
{'epoch': 86, 'train_loss': 0.0002, 'train_acc': 1.0, 'task_loss': (1e-04, 1e-04)}
{'epoch': 87, 'train_loss': 0.0004, 'train_acc': 1.0, 'task_loss': (0.0002, 0.0002)}
{'epoch': 88, 'train_loss': 0.0002, 'train_acc': 1.0, 'task_loss': (1e-04, 1e-04)}
{'epoch': 89, 'train_loss': 0.0002, 'train_acc': 1.0, 'task_loss': (1e-04, 1e-04)}
{'epoch': 90, 'train_loss': 0.0002, 'train_acc': 1.0, 'task_loss': (1e-04, 1e-04)}
{'epoch': 91, 'train_loss': 0.0002, 'train_acc': 1.0, 'task_loss': (1e-04, 1e-04)}
{'epoch': 92, 'train_loss': 0.0003, 'train_acc': 1.0, 'task_loss': (1e-04, 0.0002)}
{'epoch': 93, 'train_loss': 0.0002, 'train_acc': 1.0, 'task_loss': (1e-04, 1e-04)}
{'epoch': 94, 'train_loss': 0.0003, 'train_acc': 1.0, 'task_loss': (0.0002, 1e-04)}
{'epoch': 95, 'train_loss': 0.0006, 'train_acc': 1.0, 'task_loss': (1e-04, 0.0004)}
{'epoch': 96, 'train_loss': 0.0003, 'train_acc': 1.0, 'task_loss': (0.0002, 1e-04)}
{'epoch': 97, 'train_loss': 0.0002, 'train_acc': 1.0, 'task_loss': (1e-04, 1e-04)}
{'epoch': 98, 'train_loss': 0.0002, 'train_acc': 1.0, 'task_loss': (1e-04, 1e-04)}
{'epoch': 99, 'train_loss': 0.0002, 'train_acc': 1.0, 'task_loss': (1e-04, 1e-04)}
{'epoch': 100, 'train_loss': 0.0002, 'train_acc': 1.0, 'task_loss': (1e-04, 1e-04)}
{'run_num': 6, 'final_test_err': 0.13355048859934848}
Files already downloaded and verified
Files already downloaded and verified
{'epoch': 1, 'train_loss': 0.4762, 'train_acc': 0.7711, 'task_loss': (0.267, 0.2092)}
{'epoch': 2, 'train_loss': 0.3091, 'train_acc': 0.8701, 'task_loss': (0.1577, 0.1514)}
{'epoch': 3, 'train_loss': 0.2205, 'train_acc': 0.9113, 'task_loss': (0.0872, 0.1333)}
{'epoch': 4, 'train_loss': 0.1796, 'train_acc': 0.9237, 'task_loss': (0.1008, 0.0789)}
{'epoch': 5, 'train_loss': 0.133, 'train_acc': 0.9567, 'task_loss': (0.0711, 0.0619)}
{'epoch': 6, 'train_loss': 0.0964, 'train_acc': 0.9649, 'task_loss': (0.0392, 0.0572)}
{'epoch': 7, 'train_loss': 0.0642, 'train_acc': 0.9814, 'task_loss': (0.0356, 0.0287)}
{'epoch': 8, 'train_loss': 0.0438, 'train_acc': 0.9835, 'task_loss': (0.0158, 0.028)}
{'epoch': 9, 'train_loss': 0.0382, 'train_acc': 0.9876, 'task_loss': (0.0199, 0.0183)}
{'epoch': 10, 'train_loss': 0.0231, 'train_acc': 0.9938, 'task_loss': (0.013, 0.0101)}
{'epoch': 11, 'train_loss': 0.0171, 'train_acc': 0.9979, 'task_loss': (0.0062, 0.0109)}
{'epoch': 12, 'train_loss': 0.0125, 'train_acc': 0.9979, 'task_loss': (0.0058, 0.0067)}
{'epoch': 13, 'train_loss': 0.0054, 'train_acc': 1.0, 'task_loss': (0.0028, 0.0026)}
{'epoch': 14, 'train_loss': 0.0064, 'train_acc': 0.9979, 'task_loss': (0.0025, 0.0039)}
{'epoch': 15, 'train_loss': 0.0166, 'train_acc': 0.9959, 'task_loss': (0.0055, 0.0111)}
{'epoch': 16, 'train_loss': 0.008, 'train_acc': 0.9979, 'task_loss': (0.0033, 0.0047)}
{'epoch': 17, 'train_loss': 0.0044, 'train_acc': 1.0, 'task_loss': (0.0019, 0.0024)}
{'epoch': 18, 'train_loss': 0.0045, 'train_acc': 1.0, 'task_loss': (0.002, 0.0025)}
{'epoch': 19, 'train_loss': 0.0046, 'train_acc': 1.0, 'task_loss': (0.0031, 0.0015)}
{'epoch': 20, 'train_loss': 0.0015, 'train_acc': 1.0, 'task_loss': (0.0009, 0.0006)}
{'epoch': 21, 'train_loss': 0.0008, 'train_acc': 1.0, 'task_loss': (0.0005, 0.0003)}
{'epoch': 22, 'train_loss': 0.001, 'train_acc': 1.0, 'task_loss': (0.0005, 0.0006)}
{'epoch': 23, 'train_loss': 0.0006, 'train_acc': 1.0, 'task_loss': (0.0003, 0.0003)}
{'epoch': 24, 'train_loss': 0.0008, 'train_acc': 1.0, 'task_loss': (0.0005, 0.0003)}
{'epoch': 25, 'train_loss': 0.0007, 'train_acc': 1.0, 'task_loss': (0.0004, 0.0003)}
{'epoch': 26, 'train_loss': 0.0017, 'train_acc': 1.0, 'task_loss': (0.0013, 0.0004)}
{'epoch': 27, 'train_loss': 0.0007, 'train_acc': 1.0, 'task_loss': (0.0004, 0.0003)}
{'epoch': 28, 'train_loss': 0.001, 'train_acc': 1.0, 'task_loss': (0.0005, 0.0005)}
{'epoch': 29, 'train_loss': 0.0008, 'train_acc': 1.0, 'task_loss': (0.0004, 0.0004)}
{'epoch': 30, 'train_loss': 0.0009, 'train_acc': 1.0, 'task_loss': (0.0004, 0.0005)}
{'epoch': 31, 'train_loss': 0.001, 'train_acc': 1.0, 'task_loss': (0.0005, 0.0005)}
{'epoch': 32, 'train_loss': 0.0009, 'train_acc': 1.0, 'task_loss': (0.0007, 0.0002)}
{'epoch': 33, 'train_loss': 0.0006, 'train_acc': 1.0, 'task_loss': (0.0004, 0.0003)}
{'epoch': 34, 'train_loss': 0.0008, 'train_acc': 1.0, 'task_loss': (0.0005, 0.0003)}
{'epoch': 35, 'train_loss': 0.0004, 'train_acc': 1.0, 'task_loss': (0.0002, 0.0002)}
{'epoch': 36, 'train_loss': 0.001, 'train_acc': 1.0, 'task_loss': (0.0007, 0.0002)}
{'epoch': 37, 'train_loss': 0.0003, 'train_acc': 1.0, 'task_loss': (0.0002, 1e-04)}
{'epoch': 38, 'train_loss': 0.0011, 'train_acc': 1.0, 'task_loss': (0.0002, 0.0009)}
{'epoch': 39, 'train_loss': 0.0015, 'train_acc': 1.0, 'task_loss': (0.0007, 0.0008)}
{'epoch': 40, 'train_loss': 0.0006, 'train_acc': 1.0, 'task_loss': (0.0004, 0.0002)}
{'epoch': 41, 'train_loss': 0.0006, 'train_acc': 1.0, 'task_loss': (0.0003, 0.0002)}
{'epoch': 42, 'train_loss': 0.0007, 'train_acc': 1.0, 'task_loss': (0.0003, 0.0004)}
{'epoch': 43, 'train_loss': 0.0005, 'train_acc': 1.0, 'task_loss': (0.0002, 0.0002)}
{'epoch': 44, 'train_loss': 0.0003, 'train_acc': 1.0, 'task_loss': (0.0002, 1e-04)}
{'epoch': 45, 'train_loss': 0.0003, 'train_acc': 1.0, 'task_loss': (0.0002, 1e-04)}
{'epoch': 46, 'train_loss': 0.0005, 'train_acc': 1.0, 'task_loss': (0.0002, 0.0002)}
{'epoch': 47, 'train_loss': 0.0004, 'train_acc': 1.0, 'task_loss': (0.0002, 1e-04)}
{'epoch': 48, 'train_loss': 0.0004, 'train_acc': 1.0, 'task_loss': (0.0002, 1e-04)}
{'epoch': 49, 'train_loss': 0.0003, 'train_acc': 1.0, 'task_loss': (0.0002, 0.0002)}
{'epoch': 50, 'train_loss': 0.0004, 'train_acc': 1.0, 'task_loss': (0.0002, 0.0002)}
{'epoch': 51, 'train_loss': 0.0003, 'train_acc': 1.0, 'task_loss': (0.0002, 1e-04)}
{'epoch': 52, 'train_loss': 0.0004, 'train_acc': 1.0, 'task_loss': (0.0003, 1e-04)}
{'epoch': 53, 'train_loss': 0.0003, 'train_acc': 1.0, 'task_loss': (1e-04, 0.0002)}
{'epoch': 54, 'train_loss': 0.0004, 'train_acc': 1.0, 'task_loss': (0.0002, 1e-04)}
{'epoch': 55, 'train_loss': 0.0004, 'train_acc': 1.0, 'task_loss': (0.0002, 0.0002)}
{'epoch': 56, 'train_loss': 0.0002, 'train_acc': 1.0, 'task_loss': (1e-04, 1e-04)}
{'epoch': 57, 'train_loss': 0.0002, 'train_acc': 1.0, 'task_loss': (1e-04, 1e-04)}
{'epoch': 58, 'train_loss': 0.0004, 'train_acc': 1.0, 'task_loss': (0.0002, 0.0002)}
{'epoch': 59, 'train_loss': 0.0007, 'train_acc': 1.0, 'task_loss': (0.0006, 1e-04)}
{'epoch': 60, 'train_loss': 0.0003, 'train_acc': 1.0, 'task_loss': (1e-04, 0.0002)}
{'epoch': 61, 'train_loss': 0.0003, 'train_acc': 1.0, 'task_loss': (1e-04, 1e-04)}
{'epoch': 62, 'train_loss': 0.0002, 'train_acc': 1.0, 'task_loss': (1e-04, 1e-04)}
{'epoch': 63, 'train_loss': 0.0002, 'train_acc': 1.0, 'task_loss': (1e-04, 1e-04)}
{'epoch': 64, 'train_loss': 0.0006, 'train_acc': 1.0, 'task_loss': (0.0003, 0.0002)}
{'epoch': 65, 'train_loss': 0.0003, 'train_acc': 1.0, 'task_loss': (1e-04, 1e-04)}
{'epoch': 66, 'train_loss': 0.0002, 'train_acc': 1.0, 'task_loss': (1e-04, 1e-04)}
{'epoch': 67, 'train_loss': 0.0002, 'train_acc': 1.0, 'task_loss': (1e-04, 1e-04)}
{'epoch': 68, 'train_loss': 0.0002, 'train_acc': 1.0, 'task_loss': (1e-04, 1e-04)}
{'epoch': 69, 'train_loss': 0.0003, 'train_acc': 1.0, 'task_loss': (0.0002, 1e-04)}
{'epoch': 70, 'train_loss': 0.0003, 'train_acc': 1.0, 'task_loss': (1e-04, 0.0002)}
{'epoch': 71, 'train_loss': 0.0003, 'train_acc': 1.0, 'task_loss': (0.0002, 1e-04)}
{'epoch': 72, 'train_loss': 0.0002, 'train_acc': 1.0, 'task_loss': (1e-04, 1e-04)}
{'epoch': 73, 'train_loss': 0.0002, 'train_acc': 1.0, 'task_loss': (1e-04, 1e-04)}
{'epoch': 74, 'train_loss': 0.0002, 'train_acc': 1.0, 'task_loss': (1e-04, 1e-04)}
{'epoch': 75, 'train_loss': 0.0002, 'train_acc': 1.0, 'task_loss': (1e-04, 1e-04)}
{'epoch': 76, 'train_loss': 0.0003, 'train_acc': 1.0, 'task_loss': (0.0002, 1e-04)}
{'epoch': 77, 'train_loss': 0.0002, 'train_acc': 1.0, 'task_loss': (1e-04, 1e-04)}
{'epoch': 78, 'train_loss': 0.0003, 'train_acc': 1.0, 'task_loss': (0.0002, 0.0002)}
{'epoch': 79, 'train_loss': 0.0002, 'train_acc': 1.0, 'task_loss': (1e-04, 1e-04)}
{'epoch': 80, 'train_loss': 0.0003, 'train_acc': 1.0, 'task_loss': (0.0002, 1e-04)}
{'epoch': 81, 'train_loss': 0.0002, 'train_acc': 1.0, 'task_loss': (1e-04, 1e-04)}
{'epoch': 82, 'train_loss': 0.0002, 'train_acc': 1.0, 'task_loss': (1e-04, 1e-04)}
{'epoch': 83, 'train_loss': 0.0003, 'train_acc': 1.0, 'task_loss': (0.0002, 1e-04)}
{'epoch': 84, 'train_loss': 0.0002, 'train_acc': 1.0, 'task_loss': (1e-04, 1e-04)}
{'epoch': 85, 'train_loss': 0.0002, 'train_acc': 1.0, 'task_loss': (1e-04, 1e-04)}
{'epoch': 86, 'train_loss': 0.0002, 'train_acc': 1.0, 'task_loss': (1e-04, 1e-04)}
{'epoch': 87, 'train_loss': 0.0002, 'train_acc': 1.0, 'task_loss': (1e-04, 1e-04)}
{'epoch': 88, 'train_loss': 0.0004, 'train_acc': 1.0, 'task_loss': (0.0003, 1e-04)}
{'epoch': 89, 'train_loss': 0.0002, 'train_acc': 1.0, 'task_loss': (1e-04, 1e-04)}
{'epoch': 90, 'train_loss': 0.0002, 'train_acc': 1.0, 'task_loss': (1e-04, 1e-04)}
{'epoch': 91, 'train_loss': 0.0002, 'train_acc': 1.0, 'task_loss': (1e-04, 1e-04)}
{'epoch': 92, 'train_loss': 0.0001, 'train_acc': 1.0, 'task_loss': (1e-04, 1e-04)}
{'epoch': 93, 'train_loss': 0.0002, 'train_acc': 1.0, 'task_loss': (0.0002, 1e-04)}
{'epoch': 94, 'train_loss': 0.0003, 'train_acc': 1.0, 'task_loss': (1e-04, 0.0002)}
{'epoch': 95, 'train_loss': 0.0002, 'train_acc': 1.0, 'task_loss': (1e-04, 1e-04)}
{'epoch': 96, 'train_loss': 0.0003, 'train_acc': 1.0, 'task_loss': (0.0002, 1e-04)}
{'epoch': 97, 'train_loss': 0.0002, 'train_acc': 1.0, 'task_loss': (1e-04, 1e-04)}
{'epoch': 98, 'train_loss': 0.0002, 'train_acc': 1.0, 'task_loss': (1e-04, 1e-04)}
{'epoch': 99, 'train_loss': 0.0002, 'train_acc': 1.0, 'task_loss': (1e-04, 1e-04)}
{'epoch': 100, 'train_loss': 0.0002, 'train_acc': 1.0, 'task_loss': (1e-04, 1e-04)}
{'run_num': 7, 'final_test_err': 0.14983713355048855}
Files already downloaded and verified
Files already downloaded and verified
{'epoch': 1, 'train_loss': 0.5362, 'train_acc': 0.7485, 'task_loss': (0.2726, 0.2636)}
{'epoch': 2, 'train_loss': 0.3518, 'train_acc': 0.8639, 'task_loss': (0.1884, 0.1634)}
{'epoch': 3, 'train_loss': 0.2573, 'train_acc': 0.8907, 'task_loss': (0.1412, 0.1161)}
{'epoch': 4, 'train_loss': 0.1715, 'train_acc': 0.932, 'task_loss': (0.0695, 0.102)}
{'epoch': 5, 'train_loss': 0.1295, 'train_acc': 0.9567, 'task_loss': (0.0542, 0.0752)}
{'epoch': 6, 'train_loss': 0.1052, 'train_acc': 0.9608, 'task_loss': (0.0567, 0.0485)}
{'epoch': 7, 'train_loss': 0.0724, 'train_acc': 0.967, 'task_loss': (0.0294, 0.043)}
{'epoch': 8, 'train_loss': 0.0777, 'train_acc': 0.9814, 'task_loss': (0.0337, 0.044)}
{'epoch': 9, 'train_loss': 0.0846, 'train_acc': 0.9629, 'task_loss': (0.0422, 0.0425)}
{'epoch': 10, 'train_loss': 0.059, 'train_acc': 0.9814, 'task_loss': (0.0245, 0.0345)}
{'epoch': 11, 'train_loss': 0.0249, 'train_acc': 0.9979, 'task_loss': (0.0133, 0.0116)}
{'epoch': 12, 'train_loss': 0.0127, 'train_acc': 1.0, 'task_loss': (0.0057, 0.0069)}
{'epoch': 13, 'train_loss': 0.0111, 'train_acc': 0.9979, 'task_loss': (0.0059, 0.0051)}
{'epoch': 14, 'train_loss': 0.0204, 'train_acc': 0.9938, 'task_loss': (0.0122, 0.0082)}
{'epoch': 15, 'train_loss': 0.0072, 'train_acc': 1.0, 'task_loss': (0.0035, 0.0037)}
{'epoch': 16, 'train_loss': 0.0038, 'train_acc': 1.0, 'task_loss': (0.0021, 0.0017)}
{'epoch': 17, 'train_loss': 0.0034, 'train_acc': 1.0, 'task_loss': (0.002, 0.0015)}
{'epoch': 18, 'train_loss': 0.0029, 'train_acc': 1.0, 'task_loss': (0.0022, 0.0007)}
{'epoch': 19, 'train_loss': 0.0027, 'train_acc': 1.0, 'task_loss': (0.0019, 0.0008)}
{'epoch': 20, 'train_loss': 0.0021, 'train_acc': 1.0, 'task_loss': (0.0011, 0.001)}
{'epoch': 21, 'train_loss': 0.0038, 'train_acc': 1.0, 'task_loss': (0.0029, 0.0009)}
{'epoch': 22, 'train_loss': 0.0025, 'train_acc': 1.0, 'task_loss': (0.0014, 0.0011)}
{'epoch': 23, 'train_loss': 0.0022, 'train_acc': 1.0, 'task_loss': (0.0011, 0.0011)}
{'epoch': 24, 'train_loss': 0.0027, 'train_acc': 1.0, 'task_loss': (0.0021, 0.0006)}
{'epoch': 25, 'train_loss': 0.0036, 'train_acc': 1.0, 'task_loss': (0.0026, 0.001)}
{'epoch': 26, 'train_loss': 0.001, 'train_acc': 1.0, 'task_loss': (0.0005, 0.0005)}
{'epoch': 27, 'train_loss': 0.0034, 'train_acc': 0.9979, 'task_loss': (0.0013, 0.0021)}
{'epoch': 28, 'train_loss': 0.0021, 'train_acc': 1.0, 'task_loss': (0.0013, 0.0008)}
{'epoch': 29, 'train_loss': 0.0015, 'train_acc': 1.0, 'task_loss': (0.0009, 0.0006)}
{'epoch': 30, 'train_loss': 0.0009, 'train_acc': 1.0, 'task_loss': (0.0005, 0.0004)}
{'epoch': 31, 'train_loss': 0.0006, 'train_acc': 1.0, 'task_loss': (0.0003, 0.0002)}
{'epoch': 32, 'train_loss': 0.0016, 'train_acc': 1.0, 'task_loss': (0.0006, 0.001)}
{'epoch': 33, 'train_loss': 0.0022, 'train_acc': 1.0, 'task_loss': (0.0017, 0.0005)}
{'epoch': 34, 'train_loss': 0.0008, 'train_acc': 1.0, 'task_loss': (0.0003, 0.0005)}
{'epoch': 35, 'train_loss': 0.0007, 'train_acc': 1.0, 'task_loss': (0.0003, 0.0004)}
{'epoch': 36, 'train_loss': 0.0008, 'train_acc': 1.0, 'task_loss': (0.0004, 0.0004)}
{'epoch': 37, 'train_loss': 0.0008, 'train_acc': 1.0, 'task_loss': (0.0006, 0.0002)}
{'epoch': 38, 'train_loss': 0.0005, 'train_acc': 1.0, 'task_loss': (0.0002, 0.0003)}
{'epoch': 39, 'train_loss': 0.0004, 'train_acc': 1.0, 'task_loss': (0.0002, 0.0002)}
{'epoch': 40, 'train_loss': 0.0005, 'train_acc': 1.0, 'task_loss': (0.0002, 0.0003)}
{'epoch': 41, 'train_loss': 0.0004, 'train_acc': 1.0, 'task_loss': (0.0002, 0.0002)}
{'epoch': 42, 'train_loss': 0.0004, 'train_acc': 1.0, 'task_loss': (0.0002, 0.0002)}
{'epoch': 43, 'train_loss': 0.0004, 'train_acc': 1.0, 'task_loss': (0.0002, 0.0003)}
{'epoch': 44, 'train_loss': 0.0003, 'train_acc': 1.0, 'task_loss': (1e-04, 0.0002)}
{'epoch': 45, 'train_loss': 0.0008, 'train_acc': 1.0, 'task_loss': (0.0005, 0.0003)}
{'epoch': 46, 'train_loss': 0.0003, 'train_acc': 1.0, 'task_loss': (1e-04, 0.0002)}
{'epoch': 47, 'train_loss': 0.0004, 'train_acc': 1.0, 'task_loss': (0.0002, 0.0002)}
{'epoch': 48, 'train_loss': 0.0005, 'train_acc': 1.0, 'task_loss': (0.0003, 0.0002)}
{'epoch': 49, 'train_loss': 0.0004, 'train_acc': 1.0, 'task_loss': (0.0002, 0.0002)}
{'epoch': 50, 'train_loss': 0.0005, 'train_acc': 1.0, 'task_loss': (0.0003, 0.0002)}
{'epoch': 51, 'train_loss': 0.0003, 'train_acc': 1.0, 'task_loss': (0.0002, 1e-04)}
{'epoch': 52, 'train_loss': 0.0007, 'train_acc': 1.0, 'task_loss': (0.0002, 0.0005)}
{'epoch': 53, 'train_loss': 0.0006, 'train_acc': 1.0, 'task_loss': (0.0003, 0.0003)}
{'epoch': 54, 'train_loss': 0.0004, 'train_acc': 1.0, 'task_loss': (0.0003, 0.0002)}
{'epoch': 55, 'train_loss': 0.0003, 'train_acc': 1.0, 'task_loss': (1e-04, 0.0002)}
{'epoch': 56, 'train_loss': 0.0004, 'train_acc': 1.0, 'task_loss': (0.0002, 1e-04)}
{'epoch': 57, 'train_loss': 0.0003, 'train_acc': 1.0, 'task_loss': (0.0002, 1e-04)}
{'epoch': 58, 'train_loss': 0.0002, 'train_acc': 1.0, 'task_loss': (1e-04, 1e-04)}
{'epoch': 59, 'train_loss': 0.0003, 'train_acc': 1.0, 'task_loss': (1e-04, 0.0002)}
{'epoch': 60, 'train_loss': 0.0004, 'train_acc': 1.0, 'task_loss': (0.0002, 0.0002)}
{'epoch': 61, 'train_loss': 0.0004, 'train_acc': 1.0, 'task_loss': (0.0002, 1e-04)}
{'epoch': 62, 'train_loss': 0.0004, 'train_acc': 1.0, 'task_loss': (1e-04, 0.0002)}
{'epoch': 63, 'train_loss': 0.0006, 'train_acc': 1.0, 'task_loss': (0.0003, 0.0002)}
{'epoch': 64, 'train_loss': 0.0003, 'train_acc': 1.0, 'task_loss': (0.0002, 1e-04)}
{'epoch': 65, 'train_loss': 0.0004, 'train_acc': 1.0, 'task_loss': (0.0002, 0.0002)}
{'epoch': 66, 'train_loss': 0.0003, 'train_acc': 1.0, 'task_loss': (0.0002, 1e-04)}
{'epoch': 67, 'train_loss': 0.0002, 'train_acc': 1.0, 'task_loss': (1e-04, 1e-04)}
{'epoch': 68, 'train_loss': 0.0002, 'train_acc': 1.0, 'task_loss': (1e-04, 1e-04)}
{'epoch': 69, 'train_loss': 0.0003, 'train_acc': 1.0, 'task_loss': (0.0002, 1e-04)}
{'epoch': 70, 'train_loss': 0.0004, 'train_acc': 1.0, 'task_loss': (0.0002, 0.0002)}
{'epoch': 71, 'train_loss': 0.0004, 'train_acc': 1.0, 'task_loss': (0.0003, 1e-04)}
{'epoch': 72, 'train_loss': 0.0002, 'train_acc': 1.0, 'task_loss': (1e-04, 1e-04)}
{'epoch': 73, 'train_loss': 0.0005, 'train_acc': 1.0, 'task_loss': (0.0003, 0.0003)}
{'epoch': 74, 'train_loss': 0.0004, 'train_acc': 1.0, 'task_loss': (0.0002, 0.0002)}
{'epoch': 75, 'train_loss': 0.0004, 'train_acc': 1.0, 'task_loss': (0.0002, 0.0002)}
{'epoch': 76, 'train_loss': 0.0002, 'train_acc': 1.0, 'task_loss': (1e-04, 1e-04)}
{'epoch': 77, 'train_loss': 0.0004, 'train_acc': 1.0, 'task_loss': (0.0002, 0.0002)}
{'epoch': 78, 'train_loss': 0.0004, 'train_acc': 1.0, 'task_loss': (1e-04, 0.0002)}
{'epoch': 79, 'train_loss': 0.0003, 'train_acc': 1.0, 'task_loss': (1e-04, 0.0002)}
{'epoch': 80, 'train_loss': 0.0002, 'train_acc': 1.0, 'task_loss': (1e-04, 1e-04)}
{'epoch': 81, 'train_loss': 0.0011, 'train_acc': 1.0, 'task_loss': (0.001, 0.0002)}
{'epoch': 82, 'train_loss': 0.0002, 'train_acc': 1.0, 'task_loss': (1e-04, 1e-04)}
{'epoch': 83, 'train_loss': 0.0002, 'train_acc': 1.0, 'task_loss': (1e-04, 1e-04)}
{'epoch': 84, 'train_loss': 0.0004, 'train_acc': 1.0, 'task_loss': (0.0002, 1e-04)}
{'epoch': 85, 'train_loss': 0.0005, 'train_acc': 1.0, 'task_loss': (0.0003, 0.0002)}
{'epoch': 86, 'train_loss': 0.0003, 'train_acc': 1.0, 'task_loss': (0.0002, 0.0002)}
{'epoch': 87, 'train_loss': 0.0003, 'train_acc': 1.0, 'task_loss': (1e-04, 1e-04)}
{'epoch': 88, 'train_loss': 0.0003, 'train_acc': 1.0, 'task_loss': (1e-04, 1e-04)}
{'epoch': 89, 'train_loss': 0.0004, 'train_acc': 1.0, 'task_loss': (0.0002, 0.0002)}
{'epoch': 90, 'train_loss': 0.0003, 'train_acc': 1.0, 'task_loss': (0.0002, 0.0002)}
{'epoch': 91, 'train_loss': 0.0004, 'train_acc': 1.0, 'task_loss': (0.0002, 0.0002)}
{'epoch': 92, 'train_loss': 0.0003, 'train_acc': 1.0, 'task_loss': (1e-04, 0.0002)}
{'epoch': 93, 'train_loss': 0.0003, 'train_acc': 1.0, 'task_loss': (0.0002, 1e-04)}
{'epoch': 94, 'train_loss': 0.0002, 'train_acc': 1.0, 'task_loss': (1e-04, 1e-04)}
{'epoch': 95, 'train_loss': 0.0005, 'train_acc': 1.0, 'task_loss': (0.0003, 1e-04)}
{'epoch': 96, 'train_loss': 0.0002, 'train_acc': 1.0, 'task_loss': (1e-04, 1e-04)}
{'epoch': 97, 'train_loss': 0.0003, 'train_acc': 1.0, 'task_loss': (0.0002, 1e-04)}
{'epoch': 98, 'train_loss': 0.0002, 'train_acc': 1.0, 'task_loss': (1e-04, 1e-04)}
{'epoch': 99, 'train_loss': 0.0003, 'train_acc': 1.0, 'task_loss': (1e-04, 0.0002)}
{'epoch': 100, 'train_loss': 0.0004, 'train_acc': 1.0, 'task_loss': (0.0003, 1e-04)}
{'run_num': 8, 'final_test_err': 0.10097719869706845}
Files already downloaded and verified
Files already downloaded and verified
{'epoch': 1, 'train_loss': 0.4693, 'train_acc': 0.7876, 'task_loss': (0.2299, 0.2394)}
{'epoch': 2, 'train_loss': 0.2854, 'train_acc': 0.8742, 'task_loss': (0.1554, 0.13)}
{'epoch': 3, 'train_loss': 0.2815, 'train_acc': 0.9113, 'task_loss': (0.1263, 0.1552)}
{'epoch': 4, 'train_loss': 0.1857, 'train_acc': 0.9175, 'task_loss': (0.1039, 0.0818)}
{'epoch': 5, 'train_loss': 0.0954, 'train_acc': 0.9691, 'task_loss': (0.0589, 0.0365)}
{'epoch': 6, 'train_loss': 0.0801, 'train_acc': 0.9711, 'task_loss': (0.0308, 0.0493)}
{'epoch': 7, 'train_loss': 0.0691, 'train_acc': 0.9794, 'task_loss': (0.0318, 0.0374)}
{'epoch': 8, 'train_loss': 0.043, 'train_acc': 0.9897, 'task_loss': (0.019, 0.0241)}
{'epoch': 9, 'train_loss': 0.0332, 'train_acc': 0.9876, 'task_loss': (0.0171, 0.016)}
{'epoch': 10, 'train_loss': 0.0136, 'train_acc': 0.9979, 'task_loss': (0.0062, 0.0074)}
{'epoch': 11, 'train_loss': 0.0098, 'train_acc': 0.9959, 'task_loss': (0.0027, 0.0072)}
{'epoch': 12, 'train_loss': 0.0092, 'train_acc': 0.9979, 'task_loss': (0.0044, 0.0048)}
{'epoch': 13, 'train_loss': 0.0036, 'train_acc': 1.0, 'task_loss': (0.0018, 0.0019)}
{'epoch': 14, 'train_loss': 0.0042, 'train_acc': 1.0, 'task_loss': (0.0016, 0.0027)}
{'epoch': 15, 'train_loss': 0.0035, 'train_acc': 1.0, 'task_loss': (0.0024, 0.0011)}
{'epoch': 16, 'train_loss': 0.0028, 'train_acc': 1.0, 'task_loss': (0.0018, 0.001)}
{'epoch': 17, 'train_loss': 0.0027, 'train_acc': 1.0, 'task_loss': (0.0018, 0.001)}
{'epoch': 18, 'train_loss': 0.0133, 'train_acc': 0.9959, 'task_loss': (0.0098, 0.0035)}
{'epoch': 19, 'train_loss': 0.0075, 'train_acc': 0.9979, 'task_loss': (0.0027, 0.0048)}
{'epoch': 20, 'train_loss': 0.0031, 'train_acc': 1.0, 'task_loss': (0.0016, 0.0016)}
{'epoch': 21, 'train_loss': 0.0013, 'train_acc': 1.0, 'task_loss': (0.0006, 0.0007)}
{'epoch': 22, 'train_loss': 0.0014, 'train_acc': 1.0, 'task_loss': (0.0008, 0.0005)}
{'epoch': 23, 'train_loss': 0.0023, 'train_acc': 1.0, 'task_loss': (0.0014, 0.0009)}
{'epoch': 24, 'train_loss': 0.0008, 'train_acc': 1.0, 'task_loss': (0.0004, 0.0004)}
{'epoch': 25, 'train_loss': 0.0009, 'train_acc': 1.0, 'task_loss': (0.0004, 0.0005)}
{'epoch': 26, 'train_loss': 0.0008, 'train_acc': 1.0, 'task_loss': (0.0004, 0.0004)}
{'epoch': 27, 'train_loss': 0.001, 'train_acc': 1.0, 'task_loss': (0.0004, 0.0006)}
{'epoch': 28, 'train_loss': 0.0007, 'train_acc': 1.0, 'task_loss': (0.0005, 0.0003)}
{'epoch': 29, 'train_loss': 0.0012, 'train_acc': 1.0, 'task_loss': (0.0003, 0.001)}
{'epoch': 30, 'train_loss': 0.001, 'train_acc': 1.0, 'task_loss': (0.0006, 0.0004)}
{'epoch': 31, 'train_loss': 0.0012, 'train_acc': 1.0, 'task_loss': (0.0004, 0.0008)}
{'epoch': 32, 'train_loss': 0.0007, 'train_acc': 1.0, 'task_loss': (0.0003, 0.0004)}
{'epoch': 33, 'train_loss': 0.0007, 'train_acc': 1.0, 'task_loss': (0.0004, 0.0003)}
{'epoch': 34, 'train_loss': 0.0007, 'train_acc': 1.0, 'task_loss': (0.0003, 0.0005)}
{'epoch': 35, 'train_loss': 0.0008, 'train_acc': 1.0, 'task_loss': (0.0005, 0.0003)}
{'epoch': 36, 'train_loss': 0.0004, 'train_acc': 1.0, 'task_loss': (0.0002, 0.0002)}
{'epoch': 37, 'train_loss': 0.0007, 'train_acc': 1.0, 'task_loss': (0.0003, 0.0003)}
{'epoch': 38, 'train_loss': 0.0007, 'train_acc': 1.0, 'task_loss': (0.0005, 0.0002)}
{'epoch': 39, 'train_loss': 0.0005, 'train_acc': 1.0, 'task_loss': (0.0003, 0.0002)}
{'epoch': 40, 'train_loss': 0.0006, 'train_acc': 1.0, 'task_loss': (0.0003, 0.0003)}
{'epoch': 41, 'train_loss': 0.0006, 'train_acc': 1.0, 'task_loss': (0.0002, 0.0004)}
{'epoch': 42, 'train_loss': 0.0004, 'train_acc': 1.0, 'task_loss': (0.0002, 0.0002)}
{'epoch': 43, 'train_loss': 0.0003, 'train_acc': 1.0, 'task_loss': (1e-04, 0.0002)}
{'epoch': 44, 'train_loss': 0.0003, 'train_acc': 1.0, 'task_loss': (0.0002, 1e-04)}
{'epoch': 45, 'train_loss': 0.0004, 'train_acc': 1.0, 'task_loss': (0.0003, 1e-04)}
{'epoch': 46, 'train_loss': 0.0003, 'train_acc': 1.0, 'task_loss': (0.0002, 1e-04)}
{'epoch': 47, 'train_loss': 0.0004, 'train_acc': 1.0, 'task_loss': (0.0002, 0.0002)}
{'epoch': 48, 'train_loss': 0.0003, 'train_acc': 1.0, 'task_loss': (1e-04, 0.0002)}
{'epoch': 49, 'train_loss': 0.0003, 'train_acc': 1.0, 'task_loss': (1e-04, 0.0002)}
{'epoch': 50, 'train_loss': 0.0003, 'train_acc': 1.0, 'task_loss': (1e-04, 0.0002)}
{'epoch': 51, 'train_loss': 0.0012, 'train_acc': 1.0, 'task_loss': (0.0011, 1e-04)}
{'epoch': 52, 'train_loss': 0.0033, 'train_acc': 1.0, 'task_loss': (0.0006, 0.0027)}
{'epoch': 53, 'train_loss': 0.001, 'train_acc': 1.0, 'task_loss': (0.0004, 0.0006)}
{'epoch': 54, 'train_loss': 0.0011, 'train_acc': 1.0, 'task_loss': (0.0006, 0.0005)}
{'epoch': 55, 'train_loss': 0.0007, 'train_acc': 1.0, 'task_loss': (0.0005, 0.0002)}
{'epoch': 56, 'train_loss': 0.0008, 'train_acc': 1.0, 'task_loss': (0.0005, 0.0003)}
{'epoch': 57, 'train_loss': 0.0004, 'train_acc': 1.0, 'task_loss': (0.0002, 0.0002)}
{'epoch': 58, 'train_loss': 0.0007, 'train_acc': 1.0, 'task_loss': (0.0003, 0.0004)}
{'epoch': 59, 'train_loss': 0.0005, 'train_acc': 1.0, 'task_loss': (0.0002, 0.0003)}
{'epoch': 60, 'train_loss': 0.0005, 'train_acc': 1.0, 'task_loss': (0.0003, 0.0002)}
{'epoch': 61, 'train_loss': 0.0005, 'train_acc': 1.0, 'task_loss': (0.0003, 0.0002)}
{'epoch': 62, 'train_loss': 0.0004, 'train_acc': 1.0, 'task_loss': (0.0002, 0.0002)}
{'epoch': 63, 'train_loss': 0.0004, 'train_acc': 1.0, 'task_loss': (0.0002, 0.0002)}
{'epoch': 64, 'train_loss': 0.0003, 'train_acc': 1.0, 'task_loss': (1e-04, 1e-04)}
{'epoch': 65, 'train_loss': 0.0003, 'train_acc': 1.0, 'task_loss': (1e-04, 1e-04)}
{'epoch': 66, 'train_loss': 0.0003, 'train_acc': 1.0, 'task_loss': (0.0002, 1e-04)}
{'epoch': 67, 'train_loss': 0.0002, 'train_acc': 1.0, 'task_loss': (1e-04, 1e-04)}
{'epoch': 68, 'train_loss': 0.0005, 'train_acc': 1.0, 'task_loss': (0.0002, 0.0003)}
{'epoch': 69, 'train_loss': 0.0003, 'train_acc': 1.0, 'task_loss': (1e-04, 0.0002)}
{'epoch': 70, 'train_loss': 0.0003, 'train_acc': 1.0, 'task_loss': (0.0002, 1e-04)}
{'epoch': 71, 'train_loss': 0.0003, 'train_acc': 1.0, 'task_loss': (1e-04, 0.0002)}
{'epoch': 72, 'train_loss': 0.0004, 'train_acc': 1.0, 'task_loss': (0.0002, 0.0002)}
{'epoch': 73, 'train_loss': 0.0003, 'train_acc': 1.0, 'task_loss': (0.0002, 0.0002)}
{'epoch': 74, 'train_loss': 0.0002, 'train_acc': 1.0, 'task_loss': (1e-04, 1e-04)}
{'epoch': 75, 'train_loss': 0.0006, 'train_acc': 1.0, 'task_loss': (0.0002, 0.0004)}
{'epoch': 76, 'train_loss': 0.0003, 'train_acc': 1.0, 'task_loss': (0.0002, 1e-04)}
{'epoch': 77, 'train_loss': 0.0003, 'train_acc': 1.0, 'task_loss': (0.0002, 0.0002)}
{'epoch': 78, 'train_loss': 0.0003, 'train_acc': 1.0, 'task_loss': (1e-04, 1e-04)}
{'epoch': 79, 'train_loss': 0.0003, 'train_acc': 1.0, 'task_loss': (1e-04, 0.0002)}
{'epoch': 80, 'train_loss': 0.0004, 'train_acc': 1.0, 'task_loss': (0.0002, 0.0003)}
{'epoch': 81, 'train_loss': 0.0002, 'train_acc': 1.0, 'task_loss': (1e-04, 1e-04)}
{'epoch': 82, 'train_loss': 0.0003, 'train_acc': 1.0, 'task_loss': (0.0002, 1e-04)}
{'epoch': 83, 'train_loss': 0.0003, 'train_acc': 1.0, 'task_loss': (0.0002, 1e-04)}
{'epoch': 84, 'train_loss': 0.0002, 'train_acc': 1.0, 'task_loss': (1e-04, 1e-04)}
{'epoch': 85, 'train_loss': 0.0002, 'train_acc': 1.0, 'task_loss': (1e-04, 1e-04)}
{'epoch': 86, 'train_loss': 0.0003, 'train_acc': 1.0, 'task_loss': (1e-04, 1e-04)}
{'epoch': 87, 'train_loss': 0.0002, 'train_acc': 1.0, 'task_loss': (1e-04, 1e-04)}
{'epoch': 88, 'train_loss': 0.0003, 'train_acc': 1.0, 'task_loss': (1e-04, 1e-04)}
{'epoch': 89, 'train_loss': 0.0003, 'train_acc': 1.0, 'task_loss': (1e-04, 0.0002)}
{'epoch': 90, 'train_loss': 0.0002, 'train_acc': 1.0, 'task_loss': (1e-04, 1e-04)}
{'epoch': 91, 'train_loss': 0.0005, 'train_acc': 1.0, 'task_loss': (0.0003, 1e-04)}
{'epoch': 92, 'train_loss': 0.0002, 'train_acc': 1.0, 'task_loss': (1e-04, 1e-04)}
{'epoch': 93, 'train_loss': 0.0002, 'train_acc': 1.0, 'task_loss': (1e-04, 1e-04)}
{'epoch': 94, 'train_loss': 0.0002, 'train_acc': 1.0, 'task_loss': (1e-04, 1e-04)}
{'epoch': 95, 'train_loss': 0.0003, 'train_acc': 1.0, 'task_loss': (0.0002, 1e-04)}
{'epoch': 96, 'train_loss': 0.0002, 'train_acc': 1.0, 'task_loss': (1e-04, 1e-04)}
{'epoch': 97, 'train_loss': 0.0002, 'train_acc': 1.0, 'task_loss': (1e-04, 1e-04)}
{'epoch': 98, 'train_loss': 0.0002, 'train_acc': 1.0, 'task_loss': (1e-04, 1e-04)}
{'epoch': 99, 'train_loss': 0.0002, 'train_acc': 1.0, 'task_loss': (1e-04, 1e-04)}
{'epoch': 100, 'train_loss': 0.0003, 'train_acc': 1.0, 'task_loss': (1e-04, 0.0002)}
{'run_num': 9, 'final_test_err': 0.11726384364820852}
{'avg_err': 0.1322, 'std_err': 0.0159}
