{'deploy': True, 'tag': '05_ood/01_domain_net2', 'seed': 10, 'device': 'cuda:0', 'reps': 10, 'loss': {'alpha': 0.5, 'tune_alpha': False, 'group_task_loss': False}, 'task': {'dataset': 'domain_net', 'task_map': [[0, 1], [2, 3], [4, 5], [6, 7], [8, 9]], 'target': 0, 'ood': [1], 'augment': False, 'n': 100, 'm_n': 0.25, 'beta': 0.5, 'custom_sampler': False, 'm_cinic': 1, 'm_cinic_neg': 0.0}, 'hp': {'epochs': 100, 'bs': 16, 'lr': 0.01}, 'net': 'conv'}
Files already downloaded and verified
Files already downloaded and verified
{'epoch': 1, 'train_loss': 0.5605, 'train_acc': 0.696}
{'epoch': 2, 'train_loss': 0.4232, 'train_acc': 0.768}
{'epoch': 3, 'train_loss': 0.2749, 'train_acc': 0.88}
{'epoch': 4, 'train_loss': 0.2225, 'train_acc': 0.872}
{'epoch': 5, 'train_loss': 0.1335, 'train_acc': 0.928}
{'epoch': 6, 'train_loss': 0.1435, 'train_acc': 0.928}
{'epoch': 7, 'train_loss': 0.1385, 'train_acc': 0.94}
{'epoch': 8, 'train_loss': 0.0996, 'train_acc': 0.952}
{'epoch': 9, 'train_loss': 0.0652, 'train_acc': 0.98}
{'epoch': 10, 'train_loss': 0.0504, 'train_acc': 0.98}
{'epoch': 11, 'train_loss': 0.0565, 'train_acc': 0.976}
{'epoch': 12, 'train_loss': 0.0391, 'train_acc': 0.992}
{'epoch': 13, 'train_loss': 0.0289, 'train_acc': 0.996}
{'epoch': 14, 'train_loss': 0.0278, 'train_acc': 0.992}
{'epoch': 15, 'train_loss': 0.0126, 'train_acc': 1.0}
{'epoch': 16, 'train_loss': 0.0073, 'train_acc': 1.0}
{'epoch': 17, 'train_loss': 0.0089, 'train_acc': 0.996}
{'epoch': 18, 'train_loss': 0.0059, 'train_acc': 1.0}
{'epoch': 19, 'train_loss': 0.0042, 'train_acc': 1.0}
{'epoch': 20, 'train_loss': 0.0034, 'train_acc': 1.0}
{'epoch': 21, 'train_loss': 0.0024, 'train_acc': 1.0}
{'epoch': 22, 'train_loss': 0.0021, 'train_acc': 1.0}
{'epoch': 23, 'train_loss': 0.0018, 'train_acc': 1.0}
{'epoch': 24, 'train_loss': 0.0017, 'train_acc': 1.0}
{'epoch': 25, 'train_loss': 0.0013, 'train_acc': 1.0}
{'epoch': 26, 'train_loss': 0.0016, 'train_acc': 1.0}
{'epoch': 27, 'train_loss': 0.0011, 'train_acc': 1.0}
{'epoch': 28, 'train_loss': 0.0011, 'train_acc': 1.0}
{'epoch': 29, 'train_loss': 0.0012, 'train_acc': 1.0}
{'epoch': 30, 'train_loss': 0.0012, 'train_acc': 1.0}
{'epoch': 31, 'train_loss': 0.001, 'train_acc': 1.0}
{'epoch': 32, 'train_loss': 0.0012, 'train_acc': 1.0}
{'epoch': 33, 'train_loss': 0.0009, 'train_acc': 1.0}
{'epoch': 34, 'train_loss': 0.0009, 'train_acc': 1.0}
{'epoch': 35, 'train_loss': 0.0007, 'train_acc': 1.0}
{'epoch': 36, 'train_loss': 0.0008, 'train_acc': 1.0}
{'epoch': 37, 'train_loss': 0.0013, 'train_acc': 1.0}
{'epoch': 38, 'train_loss': 0.0007, 'train_acc': 1.0}
{'epoch': 39, 'train_loss': 0.001, 'train_acc': 1.0}
{'epoch': 40, 'train_loss': 0.0008, 'train_acc': 1.0}
{'epoch': 41, 'train_loss': 0.0008, 'train_acc': 1.0}
{'epoch': 42, 'train_loss': 0.001, 'train_acc': 1.0}
{'epoch': 43, 'train_loss': 0.0006, 'train_acc': 1.0}
{'epoch': 44, 'train_loss': 0.0005, 'train_acc': 1.0}
{'epoch': 45, 'train_loss': 0.0006, 'train_acc': 1.0}
{'epoch': 46, 'train_loss': 0.0008, 'train_acc': 1.0}
{'epoch': 47, 'train_loss': 0.0005, 'train_acc': 1.0}
{'epoch': 48, 'train_loss': 0.0005, 'train_acc': 1.0}
{'epoch': 49, 'train_loss': 0.0007, 'train_acc': 1.0}
{'epoch': 50, 'train_loss': 0.0012, 'train_acc': 1.0}
{'epoch': 51, 'train_loss': 0.0006, 'train_acc': 1.0}
{'epoch': 52, 'train_loss': 0.001, 'train_acc': 1.0}
{'epoch': 53, 'train_loss': 0.0006, 'train_acc': 1.0}
{'epoch': 54, 'train_loss': 0.0005, 'train_acc': 1.0}
{'epoch': 55, 'train_loss': 0.0005, 'train_acc': 1.0}
{'epoch': 56, 'train_loss': 0.0006, 'train_acc': 1.0}
{'epoch': 57, 'train_loss': 0.0007, 'train_acc': 1.0}
{'epoch': 58, 'train_loss': 0.0004, 'train_acc': 1.0}
{'epoch': 59, 'train_loss': 0.0005, 'train_acc': 1.0}
{'epoch': 60, 'train_loss': 0.0005, 'train_acc': 1.0}
{'epoch': 61, 'train_loss': 0.0005, 'train_acc': 1.0}
{'epoch': 62, 'train_loss': 0.0006, 'train_acc': 1.0}
{'epoch': 63, 'train_loss': 0.0005, 'train_acc': 1.0}
{'epoch': 64, 'train_loss': 0.0006, 'train_acc': 1.0}
{'epoch': 65, 'train_loss': 0.0004, 'train_acc': 1.0}
{'epoch': 66, 'train_loss': 0.0004, 'train_acc': 1.0}
{'epoch': 67, 'train_loss': 0.0006, 'train_acc': 1.0}
{'epoch': 68, 'train_loss': 0.0004, 'train_acc': 1.0}
{'epoch': 69, 'train_loss': 0.0005, 'train_acc': 1.0}
{'epoch': 70, 'train_loss': 0.0005, 'train_acc': 1.0}
{'epoch': 71, 'train_loss': 0.0005, 'train_acc': 1.0}
{'epoch': 72, 'train_loss': 0.0005, 'train_acc': 1.0}
{'epoch': 73, 'train_loss': 0.0004, 'train_acc': 1.0}
{'epoch': 74, 'train_loss': 0.0004, 'train_acc': 1.0}
{'epoch': 75, 'train_loss': 0.0005, 'train_acc': 1.0}
{'epoch': 76, 'train_loss': 0.0004, 'train_acc': 1.0}
{'epoch': 77, 'train_loss': 0.0004, 'train_acc': 1.0}
{'epoch': 78, 'train_loss': 0.0004, 'train_acc': 1.0}
{'epoch': 79, 'train_loss': 0.0004, 'train_acc': 1.0}
{'epoch': 80, 'train_loss': 0.0003, 'train_acc': 1.0}
{'epoch': 81, 'train_loss': 0.0004, 'train_acc': 1.0}
{'epoch': 82, 'train_loss': 0.0003, 'train_acc': 1.0}
{'epoch': 83, 'train_loss': 0.0004, 'train_acc': 1.0}
{'epoch': 84, 'train_loss': 0.0004, 'train_acc': 1.0}
{'epoch': 85, 'train_loss': 0.0004, 'train_acc': 1.0}
{'epoch': 86, 'train_loss': 0.0004, 'train_acc': 1.0}
{'epoch': 87, 'train_loss': 0.0004, 'train_acc': 1.0}
{'epoch': 88, 'train_loss': 0.0007, 'train_acc': 1.0}
{'epoch': 89, 'train_loss': 0.0003, 'train_acc': 1.0}
{'epoch': 90, 'train_loss': 0.0004, 'train_acc': 1.0}
{'epoch': 91, 'train_loss': 0.0005, 'train_acc': 1.0}
{'epoch': 92, 'train_loss': 0.0004, 'train_acc': 1.0}
{'epoch': 93, 'train_loss': 0.0004, 'train_acc': 1.0}
{'epoch': 94, 'train_loss': 0.0004, 'train_acc': 1.0}
{'epoch': 95, 'train_loss': 0.0004, 'train_acc': 1.0}
{'epoch': 96, 'train_loss': 0.0004, 'train_acc': 1.0}
{'epoch': 97, 'train_loss': 0.0005, 'train_acc': 1.0}
{'epoch': 98, 'train_loss': 0.0004, 'train_acc': 1.0}
{'epoch': 99, 'train_loss': 0.0005, 'train_acc': 1.0}
{'epoch': 100, 'train_loss': 0.0004, 'train_acc': 1.0}
{'run_num': 0, 'final_test_err': 0.13029315960912047}
Files already downloaded and verified
Files already downloaded and verified
{'epoch': 1, 'train_loss': 0.6315, 'train_acc': 0.668}
{'epoch': 2, 'train_loss': 0.404, 'train_acc': 0.812}
{'epoch': 3, 'train_loss': 0.2541, 'train_acc': 0.892}
{'epoch': 4, 'train_loss': 0.1489, 'train_acc': 0.932}
{'epoch': 5, 'train_loss': 0.1064, 'train_acc': 0.964}
{'epoch': 6, 'train_loss': 0.0847, 'train_acc': 0.972}
{'epoch': 7, 'train_loss': 0.0837, 'train_acc': 0.964}
{'epoch': 8, 'train_loss': 0.0599, 'train_acc': 0.98}
{'epoch': 9, 'train_loss': 0.0382, 'train_acc': 0.992}
{'epoch': 10, 'train_loss': 0.0342, 'train_acc': 0.98}
{'epoch': 11, 'train_loss': 0.0219, 'train_acc': 0.992}
{'epoch': 12, 'train_loss': 0.012, 'train_acc': 1.0}
{'epoch': 13, 'train_loss': 0.0137, 'train_acc': 1.0}
{'epoch': 14, 'train_loss': 0.007, 'train_acc': 1.0}
{'epoch': 15, 'train_loss': 0.0065, 'train_acc': 1.0}
{'epoch': 16, 'train_loss': 0.005, 'train_acc': 1.0}
{'epoch': 17, 'train_loss': 0.0041, 'train_acc': 1.0}
{'epoch': 18, 'train_loss': 0.0044, 'train_acc': 1.0}
{'epoch': 19, 'train_loss': 0.0046, 'train_acc': 1.0}
{'epoch': 20, 'train_loss': 0.0027, 'train_acc': 1.0}
{'epoch': 21, 'train_loss': 0.0023, 'train_acc': 1.0}
{'epoch': 22, 'train_loss': 0.0078, 'train_acc': 0.996}
{'epoch': 23, 'train_loss': 0.0049, 'train_acc': 1.0}
{'epoch': 24, 'train_loss': 0.0025, 'train_acc': 1.0}
{'epoch': 25, 'train_loss': 0.0026, 'train_acc': 1.0}
{'epoch': 26, 'train_loss': 0.0011, 'train_acc': 1.0}
{'epoch': 27, 'train_loss': 0.0028, 'train_acc': 1.0}
{'epoch': 28, 'train_loss': 0.0013, 'train_acc': 1.0}
{'epoch': 29, 'train_loss': 0.0015, 'train_acc': 1.0}
{'epoch': 30, 'train_loss': 0.0011, 'train_acc': 1.0}
{'epoch': 31, 'train_loss': 0.0095, 'train_acc': 1.0}
{'epoch': 32, 'train_loss': 0.0101, 'train_acc': 0.996}
{'epoch': 33, 'train_loss': 0.0032, 'train_acc': 1.0}
{'epoch': 34, 'train_loss': 0.0022, 'train_acc': 1.0}
{'epoch': 35, 'train_loss': 0.0019, 'train_acc': 1.0}
{'epoch': 36, 'train_loss': 0.0021, 'train_acc': 1.0}
{'epoch': 37, 'train_loss': 0.0011, 'train_acc': 1.0}
{'epoch': 38, 'train_loss': 0.001, 'train_acc': 1.0}
{'epoch': 39, 'train_loss': 0.001, 'train_acc': 1.0}
{'epoch': 40, 'train_loss': 0.0009, 'train_acc': 1.0}
{'epoch': 41, 'train_loss': 0.0014, 'train_acc': 1.0}
{'epoch': 42, 'train_loss': 0.001, 'train_acc': 1.0}
{'epoch': 43, 'train_loss': 0.0009, 'train_acc': 1.0}
{'epoch': 44, 'train_loss': 0.0011, 'train_acc': 1.0}
{'epoch': 45, 'train_loss': 0.0008, 'train_acc': 1.0}
{'epoch': 46, 'train_loss': 0.0006, 'train_acc': 1.0}
{'epoch': 47, 'train_loss': 0.0004, 'train_acc': 1.0}
{'epoch': 48, 'train_loss': 0.0007, 'train_acc': 1.0}
{'epoch': 49, 'train_loss': 0.0007, 'train_acc': 1.0}
{'epoch': 50, 'train_loss': 0.0005, 'train_acc': 1.0}
{'epoch': 51, 'train_loss': 0.0005, 'train_acc': 1.0}
{'epoch': 52, 'train_loss': 0.0006, 'train_acc': 1.0}
{'epoch': 53, 'train_loss': 0.0008, 'train_acc': 1.0}
{'epoch': 54, 'train_loss': 0.0005, 'train_acc': 1.0}
{'epoch': 55, 'train_loss': 0.0005, 'train_acc': 1.0}
{'epoch': 56, 'train_loss': 0.0004, 'train_acc': 1.0}
{'epoch': 57, 'train_loss': 0.0008, 'train_acc': 1.0}
{'epoch': 58, 'train_loss': 0.0004, 'train_acc': 1.0}
{'epoch': 59, 'train_loss': 0.0004, 'train_acc': 1.0}
{'epoch': 60, 'train_loss': 0.0004, 'train_acc': 1.0}
{'epoch': 61, 'train_loss': 0.0005, 'train_acc': 1.0}
{'epoch': 62, 'train_loss': 0.0005, 'train_acc': 1.0}
{'epoch': 63, 'train_loss': 0.0004, 'train_acc': 1.0}
{'epoch': 64, 'train_loss': 0.0004, 'train_acc': 1.0}
{'epoch': 65, 'train_loss': 0.0005, 'train_acc': 1.0}
{'epoch': 66, 'train_loss': 0.0005, 'train_acc': 1.0}
{'epoch': 67, 'train_loss': 0.0004, 'train_acc': 1.0}
{'epoch': 68, 'train_loss': 0.0004, 'train_acc': 1.0}
{'epoch': 69, 'train_loss': 0.0003, 'train_acc': 1.0}
{'epoch': 70, 'train_loss': 0.0005, 'train_acc': 1.0}
{'epoch': 71, 'train_loss': 0.0005, 'train_acc': 1.0}
{'epoch': 72, 'train_loss': 0.0004, 'train_acc': 1.0}
{'epoch': 73, 'train_loss': 0.0004, 'train_acc': 1.0}
{'epoch': 74, 'train_loss': 0.0007, 'train_acc': 1.0}
{'epoch': 75, 'train_loss': 0.0004, 'train_acc': 1.0}
{'epoch': 76, 'train_loss': 0.0004, 'train_acc': 1.0}
{'epoch': 77, 'train_loss': 0.0004, 'train_acc': 1.0}
{'epoch': 78, 'train_loss': 0.0004, 'train_acc': 1.0}
{'epoch': 79, 'train_loss': 0.001, 'train_acc': 1.0}
{'epoch': 80, 'train_loss': 0.0004, 'train_acc': 1.0}
{'epoch': 81, 'train_loss': 0.0003, 'train_acc': 1.0}
{'epoch': 82, 'train_loss': 0.0005, 'train_acc': 1.0}
{'epoch': 83, 'train_loss': 0.0003, 'train_acc': 1.0}
{'epoch': 84, 'train_loss': 0.0003, 'train_acc': 1.0}
{'epoch': 85, 'train_loss': 0.0003, 'train_acc': 1.0}
{'epoch': 86, 'train_loss': 0.0006, 'train_acc': 1.0}
{'epoch': 87, 'train_loss': 0.0004, 'train_acc': 1.0}
{'epoch': 88, 'train_loss': 0.0003, 'train_acc': 1.0}
{'epoch': 89, 'train_loss': 0.0004, 'train_acc': 1.0}
{'epoch': 90, 'train_loss': 0.0004, 'train_acc': 1.0}
{'epoch': 91, 'train_loss': 0.0004, 'train_acc': 1.0}
{'epoch': 92, 'train_loss': 0.0003, 'train_acc': 1.0}
{'epoch': 93, 'train_loss': 0.0004, 'train_acc': 1.0}
{'epoch': 94, 'train_loss': 0.0004, 'train_acc': 1.0}
{'epoch': 95, 'train_loss': 0.0003, 'train_acc': 1.0}
{'epoch': 96, 'train_loss': 0.0005, 'train_acc': 1.0}
{'epoch': 97, 'train_loss': 0.0004, 'train_acc': 1.0}
{'epoch': 98, 'train_loss': 0.0003, 'train_acc': 1.0}
{'epoch': 99, 'train_loss': 0.0007, 'train_acc': 1.0}
{'epoch': 100, 'train_loss': 0.0004, 'train_acc': 1.0}
{'run_num': 1, 'final_test_err': 0.13355048859934848}
Files already downloaded and verified
Files already downloaded and verified
{'epoch': 1, 'train_loss': 0.6073, 'train_acc': 0.696}
{'epoch': 2, 'train_loss': 0.4303, 'train_acc': 0.8}
{'epoch': 3, 'train_loss': 0.2192, 'train_acc': 0.904}
{'epoch': 4, 'train_loss': 0.2103, 'train_acc': 0.912}
{'epoch': 5, 'train_loss': 0.135, 'train_acc': 0.968}
{'epoch': 6, 'train_loss': 0.1262, 'train_acc': 0.936}
{'epoch': 7, 'train_loss': 0.0696, 'train_acc': 0.972}
{'epoch': 8, 'train_loss': 0.0651, 'train_acc': 0.98}
{'epoch': 9, 'train_loss': 0.0676, 'train_acc': 0.976}
{'epoch': 10, 'train_loss': 0.0652, 'train_acc': 0.976}
{'epoch': 11, 'train_loss': 0.0317, 'train_acc': 0.992}
{'epoch': 12, 'train_loss': 0.028, 'train_acc': 0.988}
{'epoch': 13, 'train_loss': 0.0133, 'train_acc': 1.0}
{'epoch': 14, 'train_loss': 0.0104, 'train_acc': 1.0}
{'epoch': 15, 'train_loss': 0.0098, 'train_acc': 0.996}
{'epoch': 16, 'train_loss': 0.0069, 'train_acc': 1.0}
{'epoch': 17, 'train_loss': 0.0064, 'train_acc': 1.0}
{'epoch': 18, 'train_loss': 0.004, 'train_acc': 1.0}
{'epoch': 19, 'train_loss': 0.0028, 'train_acc': 1.0}
{'epoch': 20, 'train_loss': 0.0019, 'train_acc': 1.0}
{'epoch': 21, 'train_loss': 0.0024, 'train_acc': 1.0}
{'epoch': 22, 'train_loss': 0.0024, 'train_acc': 1.0}
{'epoch': 23, 'train_loss': 0.0017, 'train_acc': 1.0}
{'epoch': 24, 'train_loss': 0.0026, 'train_acc': 1.0}
{'epoch': 25, 'train_loss': 0.0013, 'train_acc': 1.0}
{'epoch': 26, 'train_loss': 0.0013, 'train_acc': 1.0}
{'epoch': 27, 'train_loss': 0.0013, 'train_acc': 1.0}
{'epoch': 28, 'train_loss': 0.0014, 'train_acc': 1.0}
{'epoch': 29, 'train_loss': 0.0011, 'train_acc': 1.0}
{'epoch': 30, 'train_loss': 0.0013, 'train_acc': 1.0}
{'epoch': 31, 'train_loss': 0.0011, 'train_acc': 1.0}
{'epoch': 32, 'train_loss': 0.0009, 'train_acc': 1.0}
{'epoch': 33, 'train_loss': 0.0009, 'train_acc': 1.0}
{'epoch': 34, 'train_loss': 0.0014, 'train_acc': 1.0}
{'epoch': 35, 'train_loss': 0.0011, 'train_acc': 1.0}
{'epoch': 36, 'train_loss': 0.0009, 'train_acc': 1.0}
{'epoch': 37, 'train_loss': 0.0016, 'train_acc': 1.0}
{'epoch': 38, 'train_loss': 0.0009, 'train_acc': 1.0}
{'epoch': 39, 'train_loss': 0.0015, 'train_acc': 1.0}
{'epoch': 40, 'train_loss': 0.0009, 'train_acc': 1.0}
{'epoch': 41, 'train_loss': 0.0007, 'train_acc': 1.0}
{'epoch': 42, 'train_loss': 0.0007, 'train_acc': 1.0}
{'epoch': 43, 'train_loss': 0.0006, 'train_acc': 1.0}
{'epoch': 44, 'train_loss': 0.0007, 'train_acc': 1.0}
{'epoch': 45, 'train_loss': 0.0015, 'train_acc': 1.0}
{'epoch': 46, 'train_loss': 0.0006, 'train_acc': 1.0}
{'epoch': 47, 'train_loss': 0.0006, 'train_acc': 1.0}
{'epoch': 48, 'train_loss': 0.001, 'train_acc': 1.0}
{'epoch': 49, 'train_loss': 0.0005, 'train_acc': 1.0}
{'epoch': 50, 'train_loss': 0.0007, 'train_acc': 1.0}
{'epoch': 51, 'train_loss': 0.0006, 'train_acc': 1.0}
{'epoch': 52, 'train_loss': 0.0006, 'train_acc': 1.0}
{'epoch': 53, 'train_loss': 0.0005, 'train_acc': 1.0}
{'epoch': 54, 'train_loss': 0.0007, 'train_acc': 1.0}
{'epoch': 55, 'train_loss': 0.0006, 'train_acc': 1.0}
{'epoch': 56, 'train_loss': 0.0004, 'train_acc': 1.0}
{'epoch': 57, 'train_loss': 0.0005, 'train_acc': 1.0}
{'epoch': 58, 'train_loss': 0.0005, 'train_acc': 1.0}
{'epoch': 59, 'train_loss': 0.0005, 'train_acc': 1.0}
{'epoch': 60, 'train_loss': 0.0006, 'train_acc': 1.0}
{'epoch': 61, 'train_loss': 0.0006, 'train_acc': 1.0}
{'epoch': 62, 'train_loss': 0.0006, 'train_acc': 1.0}
{'epoch': 63, 'train_loss': 0.0007, 'train_acc': 1.0}
{'epoch': 64, 'train_loss': 0.0005, 'train_acc': 1.0}
{'epoch': 65, 'train_loss': 0.0006, 'train_acc': 1.0}
{'epoch': 66, 'train_loss': 0.0004, 'train_acc': 1.0}
{'epoch': 67, 'train_loss': 0.0004, 'train_acc': 1.0}
{'epoch': 68, 'train_loss': 0.0005, 'train_acc': 1.0}
{'epoch': 69, 'train_loss': 0.0004, 'train_acc': 1.0}
{'epoch': 70, 'train_loss': 0.0005, 'train_acc': 1.0}
{'epoch': 71, 'train_loss': 0.0004, 'train_acc': 1.0}
{'epoch': 72, 'train_loss': 0.0005, 'train_acc': 1.0}
{'epoch': 73, 'train_loss': 0.0004, 'train_acc': 1.0}
{'epoch': 74, 'train_loss': 0.0004, 'train_acc': 1.0}
{'epoch': 75, 'train_loss': 0.0005, 'train_acc': 1.0}
{'epoch': 76, 'train_loss': 0.0005, 'train_acc': 1.0}
{'epoch': 77, 'train_loss': 0.0005, 'train_acc': 1.0}
{'epoch': 78, 'train_loss': 0.0004, 'train_acc': 1.0}
{'epoch': 79, 'train_loss': 0.0005, 'train_acc': 1.0}
{'epoch': 80, 'train_loss': 0.0004, 'train_acc': 1.0}
{'epoch': 81, 'train_loss': 0.0003, 'train_acc': 1.0}
{'epoch': 82, 'train_loss': 0.0008, 'train_acc': 1.0}
{'epoch': 83, 'train_loss': 0.0005, 'train_acc': 1.0}
{'epoch': 84, 'train_loss': 0.0004, 'train_acc': 1.0}
{'epoch': 85, 'train_loss': 0.0005, 'train_acc': 1.0}
{'epoch': 86, 'train_loss': 0.0003, 'train_acc': 1.0}
{'epoch': 87, 'train_loss': 0.0007, 'train_acc': 1.0}
{'epoch': 88, 'train_loss': 0.0003, 'train_acc': 1.0}
{'epoch': 89, 'train_loss': 0.0003, 'train_acc': 1.0}
{'epoch': 90, 'train_loss': 0.0004, 'train_acc': 1.0}
{'epoch': 91, 'train_loss': 0.0004, 'train_acc': 1.0}
{'epoch': 92, 'train_loss': 0.0004, 'train_acc': 1.0}
{'epoch': 93, 'train_loss': 0.0004, 'train_acc': 1.0}
{'epoch': 94, 'train_loss': 0.0008, 'train_acc': 1.0}
{'epoch': 95, 'train_loss': 0.0004, 'train_acc': 1.0}
{'epoch': 96, 'train_loss': 0.0006, 'train_acc': 1.0}
{'epoch': 97, 'train_loss': 0.0004, 'train_acc': 1.0}
{'epoch': 98, 'train_loss': 0.0004, 'train_acc': 1.0}
{'epoch': 99, 'train_loss': 0.0004, 'train_acc': 1.0}
{'epoch': 100, 'train_loss': 0.0005, 'train_acc': 1.0}
{'run_num': 2, 'final_test_err': 0.15309446254071657}
Files already downloaded and verified
Files already downloaded and verified
{'epoch': 1, 'train_loss': 0.6742, 'train_acc': 0.652}
{'epoch': 2, 'train_loss': 0.3459, 'train_acc': 0.86}
{'epoch': 3, 'train_loss': 0.2628, 'train_acc': 0.896}
{'epoch': 4, 'train_loss': 0.2045, 'train_acc': 0.924}
{'epoch': 5, 'train_loss': 0.1233, 'train_acc': 0.94}
{'epoch': 6, 'train_loss': 0.0976, 'train_acc': 0.968}
{'epoch': 7, 'train_loss': 0.0555, 'train_acc': 0.98}
{'epoch': 8, 'train_loss': 0.0468, 'train_acc': 0.984}
{'epoch': 9, 'train_loss': 0.035, 'train_acc': 0.992}
{'epoch': 10, 'train_loss': 0.0265, 'train_acc': 0.988}
{'epoch': 11, 'train_loss': 0.0193, 'train_acc': 1.0}
{'epoch': 12, 'train_loss': 0.014, 'train_acc': 1.0}
{'epoch': 13, 'train_loss': 0.0133, 'train_acc': 0.996}
{'epoch': 14, 'train_loss': 0.0082, 'train_acc': 1.0}
{'epoch': 15, 'train_loss': 0.0068, 'train_acc': 1.0}
{'epoch': 16, 'train_loss': 0.0051, 'train_acc': 1.0}
{'epoch': 17, 'train_loss': 0.0044, 'train_acc': 1.0}
{'epoch': 18, 'train_loss': 0.0032, 'train_acc': 1.0}
{'epoch': 19, 'train_loss': 0.0037, 'train_acc': 1.0}
{'epoch': 20, 'train_loss': 0.0072, 'train_acc': 1.0}
{'epoch': 21, 'train_loss': 0.0136, 'train_acc': 0.996}
{'epoch': 22, 'train_loss': 0.03, 'train_acc': 0.996}
{'epoch': 23, 'train_loss': 0.0128, 'train_acc': 1.0}
{'epoch': 24, 'train_loss': 0.0104, 'train_acc': 1.0}
{'epoch': 25, 'train_loss': 0.0061, 'train_acc': 1.0}
{'epoch': 26, 'train_loss': 0.0045, 'train_acc': 1.0}
{'epoch': 27, 'train_loss': 0.0031, 'train_acc': 1.0}
{'epoch': 28, 'train_loss': 0.0045, 'train_acc': 1.0}
{'epoch': 29, 'train_loss': 0.0038, 'train_acc': 1.0}
{'epoch': 30, 'train_loss': 0.0022, 'train_acc': 1.0}
{'epoch': 31, 'train_loss': 0.0014, 'train_acc': 1.0}
{'epoch': 32, 'train_loss': 0.0018, 'train_acc': 1.0}
{'epoch': 33, 'train_loss': 0.0028, 'train_acc': 1.0}
{'epoch': 34, 'train_loss': 0.002, 'train_acc': 1.0}
{'epoch': 35, 'train_loss': 0.002, 'train_acc': 1.0}
{'epoch': 36, 'train_loss': 0.002, 'train_acc': 1.0}
{'epoch': 37, 'train_loss': 0.0015, 'train_acc': 1.0}
{'epoch': 38, 'train_loss': 0.0013, 'train_acc': 1.0}
{'epoch': 39, 'train_loss': 0.0011, 'train_acc': 1.0}
{'epoch': 40, 'train_loss': 0.0014, 'train_acc': 1.0}
{'epoch': 41, 'train_loss': 0.001, 'train_acc': 1.0}
{'epoch': 42, 'train_loss': 0.001, 'train_acc': 1.0}
{'epoch': 43, 'train_loss': 0.0008, 'train_acc': 1.0}
{'epoch': 44, 'train_loss': 0.0009, 'train_acc': 1.0}
{'epoch': 45, 'train_loss': 0.0007, 'train_acc': 1.0}
{'epoch': 46, 'train_loss': 0.0007, 'train_acc': 1.0}
{'epoch': 47, 'train_loss': 0.0011, 'train_acc': 1.0}
{'epoch': 48, 'train_loss': 0.0007, 'train_acc': 1.0}
{'epoch': 49, 'train_loss': 0.0008, 'train_acc': 1.0}
{'epoch': 50, 'train_loss': 0.0009, 'train_acc': 1.0}
{'epoch': 51, 'train_loss': 0.0006, 'train_acc': 1.0}
{'epoch': 52, 'train_loss': 0.0011, 'train_acc': 1.0}
{'epoch': 53, 'train_loss': 0.0007, 'train_acc': 1.0}
{'epoch': 54, 'train_loss': 0.0006, 'train_acc': 1.0}
{'epoch': 55, 'train_loss': 0.0006, 'train_acc': 1.0}
{'epoch': 56, 'train_loss': 0.0006, 'train_acc': 1.0}
{'epoch': 57, 'train_loss': 0.0006, 'train_acc': 1.0}
{'epoch': 58, 'train_loss': 0.001, 'train_acc': 1.0}
{'epoch': 59, 'train_loss': 0.0012, 'train_acc': 1.0}
{'epoch': 60, 'train_loss': 0.0016, 'train_acc': 1.0}
{'epoch': 61, 'train_loss': 0.0005, 'train_acc': 1.0}
{'epoch': 62, 'train_loss': 0.0005, 'train_acc': 1.0}
{'epoch': 63, 'train_loss': 0.0006, 'train_acc': 1.0}
{'epoch': 64, 'train_loss': 0.0004, 'train_acc': 1.0}
{'epoch': 65, 'train_loss': 0.0008, 'train_acc': 1.0}
{'epoch': 66, 'train_loss': 0.0005, 'train_acc': 1.0}
{'epoch': 67, 'train_loss': 0.0006, 'train_acc': 1.0}
{'epoch': 68, 'train_loss': 0.0004, 'train_acc': 1.0}
{'epoch': 69, 'train_loss': 0.0005, 'train_acc': 1.0}
{'epoch': 70, 'train_loss': 0.0004, 'train_acc': 1.0}
{'epoch': 71, 'train_loss': 0.0004, 'train_acc': 1.0}
{'epoch': 72, 'train_loss': 0.0003, 'train_acc': 1.0}
{'epoch': 73, 'train_loss': 0.0005, 'train_acc': 1.0}
{'epoch': 74, 'train_loss': 0.0005, 'train_acc': 1.0}
{'epoch': 75, 'train_loss': 0.0005, 'train_acc': 1.0}
{'epoch': 76, 'train_loss': 0.0005, 'train_acc': 1.0}
{'epoch': 77, 'train_loss': 0.0005, 'train_acc': 1.0}
{'epoch': 78, 'train_loss': 0.0003, 'train_acc': 1.0}
{'epoch': 79, 'train_loss': 0.0003, 'train_acc': 1.0}
{'epoch': 80, 'train_loss': 0.0005, 'train_acc': 1.0}
{'epoch': 81, 'train_loss': 0.0004, 'train_acc': 1.0}
{'epoch': 82, 'train_loss': 0.0004, 'train_acc': 1.0}
{'epoch': 83, 'train_loss': 0.0005, 'train_acc': 1.0}
{'epoch': 84, 'train_loss': 0.0005, 'train_acc': 1.0}
{'epoch': 85, 'train_loss': 0.0004, 'train_acc': 1.0}
{'epoch': 86, 'train_loss': 0.0004, 'train_acc': 1.0}
{'epoch': 87, 'train_loss': 0.0004, 'train_acc': 1.0}
{'epoch': 88, 'train_loss': 0.0005, 'train_acc': 1.0}
{'epoch': 89, 'train_loss': 0.0004, 'train_acc': 1.0}
{'epoch': 90, 'train_loss': 0.0004, 'train_acc': 1.0}
{'epoch': 91, 'train_loss': 0.0011, 'train_acc': 1.0}
{'epoch': 92, 'train_loss': 0.0003, 'train_acc': 1.0}
{'epoch': 93, 'train_loss': 0.0005, 'train_acc': 1.0}
{'epoch': 94, 'train_loss': 0.0003, 'train_acc': 1.0}
{'epoch': 95, 'train_loss': 0.0009, 'train_acc': 1.0}
{'epoch': 96, 'train_loss': 0.0003, 'train_acc': 1.0}
{'epoch': 97, 'train_loss': 0.0005, 'train_acc': 1.0}
{'epoch': 98, 'train_loss': 0.0009, 'train_acc': 1.0}
{'epoch': 99, 'train_loss': 0.0004, 'train_acc': 1.0}
{'epoch': 100, 'train_loss': 0.0004, 'train_acc': 1.0}
{'run_num': 3, 'final_test_err': 0.13355048859934848}
Files already downloaded and verified
Files already downloaded and verified
{'epoch': 1, 'train_loss': 0.5324, 'train_acc': 0.74}
{'epoch': 2, 'train_loss': 0.3645, 'train_acc': 0.808}
{'epoch': 3, 'train_loss': 0.2283, 'train_acc': 0.9}
{'epoch': 4, 'train_loss': 0.2021, 'train_acc': 0.912}
{'epoch': 5, 'train_loss': 0.1443, 'train_acc': 0.94}
{'epoch': 6, 'train_loss': 0.1106, 'train_acc': 0.96}
{'epoch': 7, 'train_loss': 0.1285, 'train_acc': 0.948}
{'epoch': 8, 'train_loss': 0.0711, 'train_acc': 0.984}
{'epoch': 9, 'train_loss': 0.0348, 'train_acc': 0.988}
{'epoch': 10, 'train_loss': 0.0243, 'train_acc': 0.996}
{'epoch': 11, 'train_loss': 0.0131, 'train_acc': 1.0}
{'epoch': 12, 'train_loss': 0.0089, 'train_acc': 1.0}
{'epoch': 13, 'train_loss': 0.0053, 'train_acc': 1.0}
{'epoch': 14, 'train_loss': 0.0041, 'train_acc': 1.0}
{'epoch': 15, 'train_loss': 0.0052, 'train_acc': 1.0}
{'epoch': 16, 'train_loss': 0.0036, 'train_acc': 1.0}
{'epoch': 17, 'train_loss': 0.0021, 'train_acc': 1.0}
{'epoch': 18, 'train_loss': 0.0022, 'train_acc': 1.0}
{'epoch': 19, 'train_loss': 0.005, 'train_acc': 1.0}
{'epoch': 20, 'train_loss': 0.002, 'train_acc': 1.0}
{'epoch': 21, 'train_loss': 0.0023, 'train_acc': 1.0}
{'epoch': 22, 'train_loss': 0.0024, 'train_acc': 1.0}
{'epoch': 23, 'train_loss': 0.0011, 'train_acc': 1.0}
{'epoch': 24, 'train_loss': 0.0016, 'train_acc': 1.0}
{'epoch': 25, 'train_loss': 0.0016, 'train_acc': 1.0}
{'epoch': 26, 'train_loss': 0.0022, 'train_acc': 1.0}
{'epoch': 27, 'train_loss': 0.0011, 'train_acc': 1.0}
{'epoch': 28, 'train_loss': 0.0013, 'train_acc': 1.0}
{'epoch': 29, 'train_loss': 0.0011, 'train_acc': 1.0}
{'epoch': 30, 'train_loss': 0.0008, 'train_acc': 1.0}
{'epoch': 31, 'train_loss': 0.0012, 'train_acc': 1.0}
{'epoch': 32, 'train_loss': 0.0016, 'train_acc': 1.0}
{'epoch': 33, 'train_loss': 0.001, 'train_acc': 1.0}
{'epoch': 34, 'train_loss': 0.0015, 'train_acc': 1.0}
{'epoch': 35, 'train_loss': 0.001, 'train_acc': 1.0}
{'epoch': 36, 'train_loss': 0.0018, 'train_acc': 1.0}
{'epoch': 37, 'train_loss': 0.0008, 'train_acc': 1.0}
{'epoch': 38, 'train_loss': 0.0009, 'train_acc': 1.0}
{'epoch': 39, 'train_loss': 0.0013, 'train_acc': 1.0}
{'epoch': 40, 'train_loss': 0.0004, 'train_acc': 1.0}
{'epoch': 41, 'train_loss': 0.0007, 'train_acc': 1.0}
{'epoch': 42, 'train_loss': 0.0008, 'train_acc': 1.0}
{'epoch': 43, 'train_loss': 0.0006, 'train_acc': 1.0}
{'epoch': 44, 'train_loss': 0.0007, 'train_acc': 1.0}
{'epoch': 45, 'train_loss': 0.0008, 'train_acc': 1.0}
{'epoch': 46, 'train_loss': 0.0005, 'train_acc': 1.0}
{'epoch': 47, 'train_loss': 0.0004, 'train_acc': 1.0}
{'epoch': 48, 'train_loss': 0.0011, 'train_acc': 1.0}
{'epoch': 49, 'train_loss': 0.0006, 'train_acc': 1.0}
{'epoch': 50, 'train_loss': 0.0015, 'train_acc': 1.0}
{'epoch': 51, 'train_loss': 0.0009, 'train_acc': 1.0}
{'epoch': 52, 'train_loss': 0.0007, 'train_acc': 1.0}
{'epoch': 53, 'train_loss': 0.0006, 'train_acc': 1.0}
{'epoch': 54, 'train_loss': 0.0003, 'train_acc': 1.0}
{'epoch': 55, 'train_loss': 0.0004, 'train_acc': 1.0}
{'epoch': 56, 'train_loss': 0.0004, 'train_acc': 1.0}
{'epoch': 57, 'train_loss': 0.0005, 'train_acc': 1.0}
{'epoch': 58, 'train_loss': 0.0003, 'train_acc': 1.0}
{'epoch': 59, 'train_loss': 0.0004, 'train_acc': 1.0}
{'epoch': 60, 'train_loss': 0.0014, 'train_acc': 1.0}
{'epoch': 61, 'train_loss': 0.0004, 'train_acc': 1.0}
{'epoch': 62, 'train_loss': 0.0007, 'train_acc': 1.0}
{'epoch': 63, 'train_loss': 0.0005, 'train_acc': 1.0}
{'epoch': 64, 'train_loss': 0.0017, 'train_acc': 1.0}
{'epoch': 65, 'train_loss': 0.0009, 'train_acc': 1.0}
{'epoch': 66, 'train_loss': 0.0004, 'train_acc': 1.0}
{'epoch': 67, 'train_loss': 0.0012, 'train_acc': 1.0}
{'epoch': 68, 'train_loss': 0.0008, 'train_acc': 1.0}
{'epoch': 69, 'train_loss': 0.0003, 'train_acc': 1.0}
{'epoch': 70, 'train_loss': 0.0005, 'train_acc': 1.0}
{'epoch': 71, 'train_loss': 0.0004, 'train_acc': 1.0}
{'epoch': 72, 'train_loss': 0.0004, 'train_acc': 1.0}
{'epoch': 73, 'train_loss': 0.0005, 'train_acc': 1.0}
{'epoch': 74, 'train_loss': 0.0003, 'train_acc': 1.0}
{'epoch': 75, 'train_loss': 0.0005, 'train_acc': 1.0}
{'epoch': 76, 'train_loss': 0.0005, 'train_acc': 1.0}
{'epoch': 77, 'train_loss': 0.0004, 'train_acc': 1.0}
{'epoch': 78, 'train_loss': 0.0005, 'train_acc': 1.0}
{'epoch': 79, 'train_loss': 0.0004, 'train_acc': 1.0}
{'epoch': 80, 'train_loss': 0.0005, 'train_acc': 1.0}
{'epoch': 81, 'train_loss': 0.0003, 'train_acc': 1.0}
{'epoch': 82, 'train_loss': 0.0006, 'train_acc': 1.0}
{'epoch': 83, 'train_loss': 0.0005, 'train_acc': 1.0}
{'epoch': 84, 'train_loss': 0.0004, 'train_acc': 1.0}
{'epoch': 85, 'train_loss': 0.0004, 'train_acc': 1.0}
{'epoch': 86, 'train_loss': 0.0003, 'train_acc': 1.0}
{'epoch': 87, 'train_loss': 0.0006, 'train_acc': 1.0}
{'epoch': 88, 'train_loss': 0.0003, 'train_acc': 1.0}
{'epoch': 89, 'train_loss': 0.0004, 'train_acc': 1.0}
{'epoch': 90, 'train_loss': 0.0008, 'train_acc': 1.0}
{'epoch': 91, 'train_loss': 0.0007, 'train_acc': 1.0}
{'epoch': 92, 'train_loss': 0.0004, 'train_acc': 1.0}
{'epoch': 93, 'train_loss': 0.0004, 'train_acc': 1.0}
{'epoch': 94, 'train_loss': 0.0003, 'train_acc': 1.0}
{'epoch': 95, 'train_loss': 0.0004, 'train_acc': 1.0}
{'epoch': 96, 'train_loss': 0.0003, 'train_acc': 1.0}
{'epoch': 97, 'train_loss': 0.0005, 'train_acc': 1.0}
{'epoch': 98, 'train_loss': 0.0006, 'train_acc': 1.0}
{'epoch': 99, 'train_loss': 0.001, 'train_acc': 1.0}
{'epoch': 100, 'train_loss': 0.0003, 'train_acc': 1.0}
{'run_num': 4, 'final_test_err': 0.1596091205211726}
Files already downloaded and verified
Files already downloaded and verified
{'epoch': 1, 'train_loss': 0.6632, 'train_acc': 0.636}
{'epoch': 2, 'train_loss': 0.3346, 'train_acc': 0.844}
{'epoch': 3, 'train_loss': 0.1924, 'train_acc': 0.924}
{'epoch': 4, 'train_loss': 0.1579, 'train_acc': 0.924}
{'epoch': 5, 'train_loss': 0.1337, 'train_acc': 0.948}
{'epoch': 6, 'train_loss': 0.1043, 'train_acc': 0.952}
{'epoch': 7, 'train_loss': 0.0728, 'train_acc': 0.972}
{'epoch': 8, 'train_loss': 0.059, 'train_acc': 0.98}
{'epoch': 9, 'train_loss': 0.046, 'train_acc': 0.984}
{'epoch': 10, 'train_loss': 0.0339, 'train_acc': 0.988}
{'epoch': 11, 'train_loss': 0.0399, 'train_acc': 0.984}
{'epoch': 12, 'train_loss': 0.0238, 'train_acc': 0.992}
{'epoch': 13, 'train_loss': 0.0304, 'train_acc': 0.988}
{'epoch': 14, 'train_loss': 0.0185, 'train_acc': 0.996}
{'epoch': 15, 'train_loss': 0.0133, 'train_acc': 0.996}
{'epoch': 16, 'train_loss': 0.01, 'train_acc': 1.0}
{'epoch': 17, 'train_loss': 0.0048, 'train_acc': 1.0}
{'epoch': 18, 'train_loss': 0.0042, 'train_acc': 1.0}
{'epoch': 19, 'train_loss': 0.0026, 'train_acc': 1.0}
{'epoch': 20, 'train_loss': 0.0022, 'train_acc': 1.0}
{'epoch': 21, 'train_loss': 0.0022, 'train_acc': 1.0}
{'epoch': 22, 'train_loss': 0.0016, 'train_acc': 1.0}
{'epoch': 23, 'train_loss': 0.0012, 'train_acc': 1.0}
{'epoch': 24, 'train_loss': 0.0019, 'train_acc': 1.0}
{'epoch': 25, 'train_loss': 0.0014, 'train_acc': 1.0}
{'epoch': 26, 'train_loss': 0.0015, 'train_acc': 1.0}
{'epoch': 27, 'train_loss': 0.0015, 'train_acc': 1.0}
{'epoch': 28, 'train_loss': 0.0014, 'train_acc': 1.0}
{'epoch': 29, 'train_loss': 0.0012, 'train_acc': 1.0}
{'epoch': 30, 'train_loss': 0.0008, 'train_acc': 1.0}
{'epoch': 31, 'train_loss': 0.0013, 'train_acc': 1.0}
{'epoch': 32, 'train_loss': 0.0007, 'train_acc': 1.0}
{'epoch': 33, 'train_loss': 0.0006, 'train_acc': 1.0}
{'epoch': 34, 'train_loss': 0.0005, 'train_acc': 1.0}
{'epoch': 35, 'train_loss': 0.0012, 'train_acc': 1.0}
{'epoch': 36, 'train_loss': 0.0006, 'train_acc': 1.0}
{'epoch': 37, 'train_loss': 0.0008, 'train_acc': 1.0}
{'epoch': 38, 'train_loss': 0.0008, 'train_acc': 1.0}
{'epoch': 39, 'train_loss': 0.0006, 'train_acc': 1.0}
{'epoch': 40, 'train_loss': 0.0006, 'train_acc': 1.0}
{'epoch': 41, 'train_loss': 0.0006, 'train_acc': 1.0}
{'epoch': 42, 'train_loss': 0.0015, 'train_acc': 1.0}
{'epoch': 43, 'train_loss': 0.0008, 'train_acc': 1.0}
{'epoch': 44, 'train_loss': 0.001, 'train_acc': 1.0}
{'epoch': 45, 'train_loss': 0.0012, 'train_acc': 1.0}
{'epoch': 46, 'train_loss': 0.0006, 'train_acc': 1.0}
{'epoch': 47, 'train_loss': 0.0008, 'train_acc': 1.0}
{'epoch': 48, 'train_loss': 0.0007, 'train_acc': 1.0}
{'epoch': 49, 'train_loss': 0.0008, 'train_acc': 1.0}
{'epoch': 50, 'train_loss': 0.0004, 'train_acc': 1.0}
{'epoch': 51, 'train_loss': 0.0005, 'train_acc': 1.0}
{'epoch': 52, 'train_loss': 0.0004, 'train_acc': 1.0}
{'epoch': 53, 'train_loss': 0.0005, 'train_acc': 1.0}
{'epoch': 54, 'train_loss': 0.0005, 'train_acc': 1.0}
{'epoch': 55, 'train_loss': 0.0004, 'train_acc': 1.0}
{'epoch': 56, 'train_loss': 0.0006, 'train_acc': 1.0}
{'epoch': 57, 'train_loss': 0.0007, 'train_acc': 1.0}
{'epoch': 58, 'train_loss': 0.0004, 'train_acc': 1.0}
{'epoch': 59, 'train_loss': 0.0004, 'train_acc': 1.0}
{'epoch': 60, 'train_loss': 0.0005, 'train_acc': 1.0}
{'epoch': 61, 'train_loss': 0.0007, 'train_acc': 1.0}
{'epoch': 62, 'train_loss': 0.0003, 'train_acc': 1.0}
{'epoch': 63, 'train_loss': 0.0003, 'train_acc': 1.0}
{'epoch': 64, 'train_loss': 0.0003, 'train_acc': 1.0}
{'epoch': 65, 'train_loss': 0.0003, 'train_acc': 1.0}
{'epoch': 66, 'train_loss': 0.0003, 'train_acc': 1.0}
{'epoch': 67, 'train_loss': 0.0003, 'train_acc': 1.0}
{'epoch': 68, 'train_loss': 0.0005, 'train_acc': 1.0}
{'epoch': 69, 'train_loss': 0.0002, 'train_acc': 1.0}
{'epoch': 70, 'train_loss': 0.0003, 'train_acc': 1.0}
{'epoch': 71, 'train_loss': 0.0004, 'train_acc': 1.0}
{'epoch': 72, 'train_loss': 0.0003, 'train_acc': 1.0}
{'epoch': 73, 'train_loss': 0.0004, 'train_acc': 1.0}
{'epoch': 74, 'train_loss': 0.0003, 'train_acc': 1.0}
{'epoch': 75, 'train_loss': 0.0004, 'train_acc': 1.0}
{'epoch': 76, 'train_loss': 0.0003, 'train_acc': 1.0}
{'epoch': 77, 'train_loss': 0.0003, 'train_acc': 1.0}
{'epoch': 78, 'train_loss': 0.0003, 'train_acc': 1.0}
{'epoch': 79, 'train_loss': 0.0005, 'train_acc': 1.0}
{'epoch': 80, 'train_loss': 0.0003, 'train_acc': 1.0}
{'epoch': 81, 'train_loss': 0.0003, 'train_acc': 1.0}
{'epoch': 82, 'train_loss': 0.0003, 'train_acc': 1.0}
{'epoch': 83, 'train_loss': 0.0004, 'train_acc': 1.0}
{'epoch': 84, 'train_loss': 0.0004, 'train_acc': 1.0}
{'epoch': 85, 'train_loss': 0.0003, 'train_acc': 1.0}
{'epoch': 86, 'train_loss': 0.0005, 'train_acc': 1.0}
{'epoch': 87, 'train_loss': 0.0003, 'train_acc': 1.0}
{'epoch': 88, 'train_loss': 0.0004, 'train_acc': 1.0}
{'epoch': 89, 'train_loss': 0.0003, 'train_acc': 1.0}
{'epoch': 90, 'train_loss': 0.0003, 'train_acc': 1.0}
{'epoch': 91, 'train_loss': 0.0003, 'train_acc': 1.0}
{'epoch': 92, 'train_loss': 0.0003, 'train_acc': 1.0}
{'epoch': 93, 'train_loss': 0.0002, 'train_acc': 1.0}
{'epoch': 94, 'train_loss': 0.0004, 'train_acc': 1.0}
{'epoch': 95, 'train_loss': 0.0003, 'train_acc': 1.0}
{'epoch': 96, 'train_loss': 0.0003, 'train_acc': 1.0}
{'epoch': 97, 'train_loss': 0.0004, 'train_acc': 1.0}
{'epoch': 98, 'train_loss': 0.0004, 'train_acc': 1.0}
{'epoch': 99, 'train_loss': 0.0003, 'train_acc': 1.0}
{'epoch': 100, 'train_loss': 0.0003, 'train_acc': 1.0}
{'run_num': 5, 'final_test_err': 0.11726384364820852}
Files already downloaded and verified
Files already downloaded and verified
{'epoch': 1, 'train_loss': 0.6699, 'train_acc': 0.692}
{'epoch': 2, 'train_loss': 0.3414, 'train_acc': 0.824}
{'epoch': 3, 'train_loss': 0.2547, 'train_acc': 0.88}
{'epoch': 4, 'train_loss': 0.1639, 'train_acc': 0.916}
{'epoch': 5, 'train_loss': 0.1411, 'train_acc': 0.928}
{'epoch': 6, 'train_loss': 0.1507, 'train_acc': 0.94}
{'epoch': 7, 'train_loss': 0.077, 'train_acc': 0.972}
{'epoch': 8, 'train_loss': 0.0687, 'train_acc': 0.976}
{'epoch': 9, 'train_loss': 0.0618, 'train_acc': 0.972}
{'epoch': 10, 'train_loss': 0.0422, 'train_acc': 0.988}
{'epoch': 11, 'train_loss': 0.0386, 'train_acc': 0.984}
{'epoch': 12, 'train_loss': 0.0264, 'train_acc': 0.992}
{'epoch': 13, 'train_loss': 0.0289, 'train_acc': 0.992}
{'epoch': 14, 'train_loss': 0.0231, 'train_acc': 0.996}
{'epoch': 15, 'train_loss': 0.013, 'train_acc': 0.996}
{'epoch': 16, 'train_loss': 0.0124, 'train_acc': 1.0}
{'epoch': 17, 'train_loss': 0.0055, 'train_acc': 1.0}
{'epoch': 18, 'train_loss': 0.0036, 'train_acc': 1.0}
{'epoch': 19, 'train_loss': 0.0031, 'train_acc': 1.0}
{'epoch': 20, 'train_loss': 0.0029, 'train_acc': 1.0}
{'epoch': 21, 'train_loss': 0.0018, 'train_acc': 1.0}
{'epoch': 22, 'train_loss': 0.0017, 'train_acc': 1.0}
{'epoch': 23, 'train_loss': 0.0019, 'train_acc': 1.0}
{'epoch': 24, 'train_loss': 0.0016, 'train_acc': 1.0}
{'epoch': 25, 'train_loss': 0.0017, 'train_acc': 1.0}
{'epoch': 26, 'train_loss': 0.0021, 'train_acc': 1.0}
{'epoch': 27, 'train_loss': 0.0016, 'train_acc': 1.0}
{'epoch': 28, 'train_loss': 0.003, 'train_acc': 1.0}
{'epoch': 29, 'train_loss': 0.0017, 'train_acc': 1.0}
{'epoch': 30, 'train_loss': 0.0014, 'train_acc': 1.0}
{'epoch': 31, 'train_loss': 0.0013, 'train_acc': 1.0}
{'epoch': 32, 'train_loss': 0.001, 'train_acc': 1.0}
{'epoch': 33, 'train_loss': 0.0011, 'train_acc': 1.0}
{'epoch': 34, 'train_loss': 0.0009, 'train_acc': 1.0}
{'epoch': 35, 'train_loss': 0.0009, 'train_acc': 1.0}
{'epoch': 36, 'train_loss': 0.0006, 'train_acc': 1.0}
{'epoch': 37, 'train_loss': 0.0006, 'train_acc': 1.0}
{'epoch': 38, 'train_loss': 0.0006, 'train_acc': 1.0}
{'epoch': 39, 'train_loss': 0.0011, 'train_acc': 1.0}
{'epoch': 40, 'train_loss': 0.0012, 'train_acc': 1.0}
{'epoch': 41, 'train_loss': 0.0006, 'train_acc': 1.0}
{'epoch': 42, 'train_loss': 0.001, 'train_acc': 1.0}
{'epoch': 43, 'train_loss': 0.0012, 'train_acc': 1.0}
{'epoch': 44, 'train_loss': 0.0009, 'train_acc': 1.0}
{'epoch': 45, 'train_loss': 0.0006, 'train_acc': 1.0}
{'epoch': 46, 'train_loss': 0.0007, 'train_acc': 1.0}
{'epoch': 47, 'train_loss': 0.001, 'train_acc': 1.0}
{'epoch': 48, 'train_loss': 0.0005, 'train_acc': 1.0}
{'epoch': 49, 'train_loss': 0.0004, 'train_acc': 1.0}
{'epoch': 50, 'train_loss': 0.0005, 'train_acc': 1.0}
{'epoch': 51, 'train_loss': 0.0005, 'train_acc': 1.0}
{'epoch': 52, 'train_loss': 0.0004, 'train_acc': 1.0}
{'epoch': 53, 'train_loss': 0.0004, 'train_acc': 1.0}
{'epoch': 54, 'train_loss': 0.0007, 'train_acc': 1.0}
{'epoch': 55, 'train_loss': 0.0004, 'train_acc': 1.0}
{'epoch': 56, 'train_loss': 0.0006, 'train_acc': 1.0}
{'epoch': 57, 'train_loss': 0.0005, 'train_acc': 1.0}
{'epoch': 58, 'train_loss': 0.0005, 'train_acc': 1.0}
{'epoch': 59, 'train_loss': 0.0003, 'train_acc': 1.0}
{'epoch': 60, 'train_loss': 0.0005, 'train_acc': 1.0}
{'epoch': 61, 'train_loss': 0.0009, 'train_acc': 1.0}
{'epoch': 62, 'train_loss': 0.0004, 'train_acc': 1.0}
{'epoch': 63, 'train_loss': 0.0004, 'train_acc': 1.0}
{'epoch': 64, 'train_loss': 0.0003, 'train_acc': 1.0}
{'epoch': 65, 'train_loss': 0.0004, 'train_acc': 1.0}
{'epoch': 66, 'train_loss': 0.0005, 'train_acc': 1.0}
{'epoch': 67, 'train_loss': 0.0004, 'train_acc': 1.0}
{'epoch': 68, 'train_loss': 0.0004, 'train_acc': 1.0}
{'epoch': 69, 'train_loss': 0.0007, 'train_acc': 1.0}
{'epoch': 70, 'train_loss': 0.0004, 'train_acc': 1.0}
{'epoch': 71, 'train_loss': 0.0003, 'train_acc': 1.0}
{'epoch': 72, 'train_loss': 0.0007, 'train_acc': 1.0}
{'epoch': 73, 'train_loss': 0.0004, 'train_acc': 1.0}
{'epoch': 74, 'train_loss': 0.0004, 'train_acc': 1.0}
{'epoch': 75, 'train_loss': 0.0003, 'train_acc': 1.0}
{'epoch': 76, 'train_loss': 0.0005, 'train_acc': 1.0}
{'epoch': 77, 'train_loss': 0.0004, 'train_acc': 1.0}
{'epoch': 78, 'train_loss': 0.0004, 'train_acc': 1.0}
{'epoch': 79, 'train_loss': 0.0005, 'train_acc': 1.0}
{'epoch': 80, 'train_loss': 0.0005, 'train_acc': 1.0}
{'epoch': 81, 'train_loss': 0.0003, 'train_acc': 1.0}
{'epoch': 82, 'train_loss': 0.0003, 'train_acc': 1.0}
{'epoch': 83, 'train_loss': 0.0004, 'train_acc': 1.0}
{'epoch': 84, 'train_loss': 0.0004, 'train_acc': 1.0}
{'epoch': 85, 'train_loss': 0.0009, 'train_acc': 1.0}
{'epoch': 86, 'train_loss': 0.0004, 'train_acc': 1.0}
{'epoch': 87, 'train_loss': 0.0004, 'train_acc': 1.0}
{'epoch': 88, 'train_loss': 0.0004, 'train_acc': 1.0}
{'epoch': 89, 'train_loss': 0.0003, 'train_acc': 1.0}
{'epoch': 90, 'train_loss': 0.0004, 'train_acc': 1.0}
{'epoch': 91, 'train_loss': 0.0004, 'train_acc': 1.0}
{'epoch': 92, 'train_loss': 0.0003, 'train_acc': 1.0}
{'epoch': 93, 'train_loss': 0.0003, 'train_acc': 1.0}
{'epoch': 94, 'train_loss': 0.0004, 'train_acc': 1.0}
{'epoch': 95, 'train_loss': 0.0002, 'train_acc': 1.0}
{'epoch': 96, 'train_loss': 0.0005, 'train_acc': 1.0}
{'epoch': 97, 'train_loss': 0.001, 'train_acc': 1.0}
{'epoch': 98, 'train_loss': 0.0003, 'train_acc': 1.0}
{'epoch': 99, 'train_loss': 0.0006, 'train_acc': 1.0}
{'epoch': 100, 'train_loss': 0.0003, 'train_acc': 1.0}
{'run_num': 6, 'final_test_err': 0.14332247557003253}
Files already downloaded and verified
Files already downloaded and verified
{'epoch': 1, 'train_loss': 0.5819, 'train_acc': 0.7}
{'epoch': 2, 'train_loss': 0.3295, 'train_acc': 0.872}
{'epoch': 3, 'train_loss': 0.2609, 'train_acc': 0.88}
{'epoch': 4, 'train_loss': 0.2959, 'train_acc': 0.888}
{'epoch': 5, 'train_loss': 0.192, 'train_acc': 0.912}
{'epoch': 6, 'train_loss': 0.1201, 'train_acc': 0.944}
{'epoch': 7, 'train_loss': 0.0796, 'train_acc': 0.968}
{'epoch': 8, 'train_loss': 0.0372, 'train_acc': 0.984}
{'epoch': 9, 'train_loss': 0.0465, 'train_acc': 0.98}
{'epoch': 10, 'train_loss': 0.0247, 'train_acc': 0.996}
{'epoch': 11, 'train_loss': 0.0251, 'train_acc': 0.996}
{'epoch': 12, 'train_loss': 0.014, 'train_acc': 1.0}
{'epoch': 13, 'train_loss': 0.0118, 'train_acc': 1.0}
{'epoch': 14, 'train_loss': 0.0093, 'train_acc': 1.0}
{'epoch': 15, 'train_loss': 0.0062, 'train_acc': 1.0}
{'epoch': 16, 'train_loss': 0.0053, 'train_acc': 1.0}
{'epoch': 17, 'train_loss': 0.0057, 'train_acc': 1.0}
{'epoch': 18, 'train_loss': 0.0041, 'train_acc': 1.0}
{'epoch': 19, 'train_loss': 0.0029, 'train_acc': 1.0}
{'epoch': 20, 'train_loss': 0.0028, 'train_acc': 1.0}
{'epoch': 21, 'train_loss': 0.0027, 'train_acc': 1.0}
{'epoch': 22, 'train_loss': 0.0031, 'train_acc': 1.0}
{'epoch': 23, 'train_loss': 0.0031, 'train_acc': 1.0}
{'epoch': 24, 'train_loss': 0.0017, 'train_acc': 1.0}
{'epoch': 25, 'train_loss': 0.0016, 'train_acc': 1.0}
{'epoch': 26, 'train_loss': 0.0014, 'train_acc': 1.0}
{'epoch': 27, 'train_loss': 0.0025, 'train_acc': 1.0}
{'epoch': 28, 'train_loss': 0.002, 'train_acc': 1.0}
{'epoch': 29, 'train_loss': 0.0012, 'train_acc': 1.0}
{'epoch': 30, 'train_loss': 0.0014, 'train_acc': 1.0}
{'epoch': 31, 'train_loss': 0.0011, 'train_acc': 1.0}
{'epoch': 32, 'train_loss': 0.0016, 'train_acc': 1.0}
{'epoch': 33, 'train_loss': 0.0013, 'train_acc': 1.0}
{'epoch': 34, 'train_loss': 0.001, 'train_acc': 1.0}
{'epoch': 35, 'train_loss': 0.0013, 'train_acc': 1.0}
{'epoch': 36, 'train_loss': 0.001, 'train_acc': 1.0}
{'epoch': 37, 'train_loss': 0.0008, 'train_acc': 1.0}
{'epoch': 38, 'train_loss': 0.0012, 'train_acc': 1.0}
{'epoch': 39, 'train_loss': 0.0013, 'train_acc': 1.0}
{'epoch': 40, 'train_loss': 0.0007, 'train_acc': 1.0}
{'epoch': 41, 'train_loss': 0.001, 'train_acc': 1.0}
{'epoch': 42, 'train_loss': 0.0009, 'train_acc': 1.0}
{'epoch': 43, 'train_loss': 0.0006, 'train_acc': 1.0}
{'epoch': 44, 'train_loss': 0.0008, 'train_acc': 1.0}
{'epoch': 45, 'train_loss': 0.0009, 'train_acc': 1.0}
{'epoch': 46, 'train_loss': 0.0006, 'train_acc': 1.0}
{'epoch': 47, 'train_loss': 0.0009, 'train_acc': 1.0}
{'epoch': 48, 'train_loss': 0.001, 'train_acc': 1.0}
{'epoch': 49, 'train_loss': 0.0006, 'train_acc': 1.0}
{'epoch': 50, 'train_loss': 0.0007, 'train_acc': 1.0}
{'epoch': 51, 'train_loss': 0.0006, 'train_acc': 1.0}
{'epoch': 52, 'train_loss': 0.0005, 'train_acc': 1.0}
{'epoch': 53, 'train_loss': 0.0006, 'train_acc': 1.0}
{'epoch': 54, 'train_loss': 0.0007, 'train_acc': 1.0}
{'epoch': 55, 'train_loss': 0.0008, 'train_acc': 1.0}
{'epoch': 56, 'train_loss': 0.0006, 'train_acc': 1.0}
{'epoch': 57, 'train_loss': 0.0005, 'train_acc': 1.0}
{'epoch': 58, 'train_loss': 0.0007, 'train_acc': 1.0}
{'epoch': 59, 'train_loss': 0.0007, 'train_acc': 1.0}
{'epoch': 60, 'train_loss': 0.0005, 'train_acc': 1.0}
{'epoch': 61, 'train_loss': 0.0006, 'train_acc': 1.0}
{'epoch': 62, 'train_loss': 0.0005, 'train_acc': 1.0}
{'epoch': 63, 'train_loss': 0.0005, 'train_acc': 1.0}
{'epoch': 64, 'train_loss': 0.0009, 'train_acc': 1.0}
{'epoch': 65, 'train_loss': 0.0005, 'train_acc': 1.0}
{'epoch': 66, 'train_loss': 0.0008, 'train_acc': 1.0}
{'epoch': 67, 'train_loss': 0.0005, 'train_acc': 1.0}
{'epoch': 68, 'train_loss': 0.0007, 'train_acc': 1.0}
{'epoch': 69, 'train_loss': 0.0007, 'train_acc': 1.0}
{'epoch': 70, 'train_loss': 0.0004, 'train_acc': 1.0}
{'epoch': 71, 'train_loss': 0.0005, 'train_acc': 1.0}
{'epoch': 72, 'train_loss': 0.0003, 'train_acc': 1.0}
{'epoch': 73, 'train_loss': 0.0008, 'train_acc': 1.0}
{'epoch': 74, 'train_loss': 0.0006, 'train_acc': 1.0}
{'epoch': 75, 'train_loss': 0.0004, 'train_acc': 1.0}
{'epoch': 76, 'train_loss': 0.0006, 'train_acc': 1.0}
{'epoch': 77, 'train_loss': 0.0005, 'train_acc': 1.0}
{'epoch': 78, 'train_loss': 0.0005, 'train_acc': 1.0}
{'epoch': 79, 'train_loss': 0.0006, 'train_acc': 1.0}
{'epoch': 80, 'train_loss': 0.0004, 'train_acc': 1.0}
{'epoch': 81, 'train_loss': 0.0006, 'train_acc': 1.0}
{'epoch': 82, 'train_loss': 0.0006, 'train_acc': 1.0}
{'epoch': 83, 'train_loss': 0.0005, 'train_acc': 1.0}
{'epoch': 84, 'train_loss': 0.0005, 'train_acc': 1.0}
{'epoch': 85, 'train_loss': 0.0005, 'train_acc': 1.0}
{'epoch': 86, 'train_loss': 0.0005, 'train_acc': 1.0}
{'epoch': 87, 'train_loss': 0.0005, 'train_acc': 1.0}
{'epoch': 88, 'train_loss': 0.0005, 'train_acc': 1.0}
{'epoch': 89, 'train_loss': 0.0004, 'train_acc': 1.0}
{'epoch': 90, 'train_loss': 0.0004, 'train_acc': 1.0}
{'epoch': 91, 'train_loss': 0.0005, 'train_acc': 1.0}
{'epoch': 92, 'train_loss': 0.0004, 'train_acc': 1.0}
{'epoch': 93, 'train_loss': 0.0004, 'train_acc': 1.0}
{'epoch': 94, 'train_loss': 0.0005, 'train_acc': 1.0}
{'epoch': 95, 'train_loss': 0.0005, 'train_acc': 1.0}
{'epoch': 96, 'train_loss': 0.0005, 'train_acc': 1.0}
{'epoch': 97, 'train_loss': 0.0005, 'train_acc': 1.0}
{'epoch': 98, 'train_loss': 0.0004, 'train_acc': 1.0}
{'epoch': 99, 'train_loss': 0.0004, 'train_acc': 1.0}
{'epoch': 100, 'train_loss': 0.0005, 'train_acc': 1.0}
{'run_num': 7, 'final_test_err': 0.1400651465798045}
Files already downloaded and verified
Files already downloaded and verified
{'epoch': 1, 'train_loss': 0.5758, 'train_acc': 0.676}
{'epoch': 2, 'train_loss': 0.3593, 'train_acc': 0.828}
{'epoch': 3, 'train_loss': 0.2458, 'train_acc': 0.876}
{'epoch': 4, 'train_loss': 0.1623, 'train_acc': 0.94}
{'epoch': 5, 'train_loss': 0.1294, 'train_acc': 0.944}
{'epoch': 6, 'train_loss': 0.1195, 'train_acc': 0.94}
{'epoch': 7, 'train_loss': 0.0744, 'train_acc': 0.968}
{'epoch': 8, 'train_loss': 0.0952, 'train_acc': 0.972}
{'epoch': 9, 'train_loss': 0.0428, 'train_acc': 0.992}
{'epoch': 10, 'train_loss': 0.102, 'train_acc': 0.956}
{'epoch': 11, 'train_loss': 0.0511, 'train_acc': 0.984}
{'epoch': 12, 'train_loss': 0.0518, 'train_acc': 0.976}
{'epoch': 13, 'train_loss': 0.043, 'train_acc': 0.98}
{'epoch': 14, 'train_loss': 0.0142, 'train_acc': 1.0}
{'epoch': 15, 'train_loss': 0.0089, 'train_acc': 1.0}
{'epoch': 16, 'train_loss': 0.0056, 'train_acc': 1.0}
{'epoch': 17, 'train_loss': 0.0045, 'train_acc': 1.0}
{'epoch': 18, 'train_loss': 0.0033, 'train_acc': 1.0}
{'epoch': 19, 'train_loss': 0.002, 'train_acc': 1.0}
{'epoch': 20, 'train_loss': 0.0027, 'train_acc': 1.0}
{'epoch': 21, 'train_loss': 0.0028, 'train_acc': 1.0}
{'epoch': 22, 'train_loss': 0.0017, 'train_acc': 1.0}
{'epoch': 23, 'train_loss': 0.0022, 'train_acc': 1.0}
{'epoch': 24, 'train_loss': 0.0014, 'train_acc': 1.0}
{'epoch': 25, 'train_loss': 0.0012, 'train_acc': 1.0}
{'epoch': 26, 'train_loss': 0.0013, 'train_acc': 1.0}
{'epoch': 27, 'train_loss': 0.0009, 'train_acc': 1.0}
{'epoch': 28, 'train_loss': 0.0018, 'train_acc': 1.0}
{'epoch': 29, 'train_loss': 0.001, 'train_acc': 1.0}
{'epoch': 30, 'train_loss': 0.0012, 'train_acc': 1.0}
{'epoch': 31, 'train_loss': 0.0012, 'train_acc': 1.0}
{'epoch': 32, 'train_loss': 0.001, 'train_acc': 1.0}
{'epoch': 33, 'train_loss': 0.0022, 'train_acc': 1.0}
{'epoch': 34, 'train_loss': 0.0015, 'train_acc': 1.0}
{'epoch': 35, 'train_loss': 0.002, 'train_acc': 1.0}
{'epoch': 36, 'train_loss': 0.0014, 'train_acc': 1.0}
{'epoch': 37, 'train_loss': 0.001, 'train_acc': 1.0}
{'epoch': 38, 'train_loss': 0.0006, 'train_acc': 1.0}
{'epoch': 39, 'train_loss': 0.0007, 'train_acc': 1.0}
{'epoch': 40, 'train_loss': 0.0007, 'train_acc': 1.0}
{'epoch': 41, 'train_loss': 0.0007, 'train_acc': 1.0}
{'epoch': 42, 'train_loss': 0.001, 'train_acc': 1.0}
{'epoch': 43, 'train_loss': 0.0006, 'train_acc': 1.0}
{'epoch': 44, 'train_loss': 0.0009, 'train_acc': 1.0}
{'epoch': 45, 'train_loss': 0.0005, 'train_acc': 1.0}
{'epoch': 46, 'train_loss': 0.0005, 'train_acc': 1.0}
{'epoch': 47, 'train_loss': 0.0004, 'train_acc': 1.0}
{'epoch': 48, 'train_loss': 0.0004, 'train_acc': 1.0}
{'epoch': 49, 'train_loss': 0.0006, 'train_acc': 1.0}
{'epoch': 50, 'train_loss': 0.0007, 'train_acc': 1.0}
{'epoch': 51, 'train_loss': 0.0005, 'train_acc': 1.0}
{'epoch': 52, 'train_loss': 0.0008, 'train_acc': 1.0}
{'epoch': 53, 'train_loss': 0.0009, 'train_acc': 1.0}
{'epoch': 54, 'train_loss': 0.0006, 'train_acc': 1.0}
{'epoch': 55, 'train_loss': 0.0004, 'train_acc': 1.0}
{'epoch': 56, 'train_loss': 0.0006, 'train_acc': 1.0}
{'epoch': 57, 'train_loss': 0.0006, 'train_acc': 1.0}
{'epoch': 58, 'train_loss': 0.0004, 'train_acc': 1.0}
{'epoch': 59, 'train_loss': 0.0004, 'train_acc': 1.0}
{'epoch': 60, 'train_loss': 0.0005, 'train_acc': 1.0}
{'epoch': 61, 'train_loss': 0.0005, 'train_acc': 1.0}
{'epoch': 62, 'train_loss': 0.0004, 'train_acc': 1.0}
{'epoch': 63, 'train_loss': 0.0004, 'train_acc': 1.0}
{'epoch': 64, 'train_loss': 0.0004, 'train_acc': 1.0}
{'epoch': 65, 'train_loss': 0.0004, 'train_acc': 1.0}
{'epoch': 66, 'train_loss': 0.0004, 'train_acc': 1.0}
{'epoch': 67, 'train_loss': 0.0005, 'train_acc': 1.0}
{'epoch': 68, 'train_loss': 0.0004, 'train_acc': 1.0}
{'epoch': 69, 'train_loss': 0.0003, 'train_acc': 1.0}
{'epoch': 70, 'train_loss': 0.0003, 'train_acc': 1.0}
{'epoch': 71, 'train_loss': 0.0003, 'train_acc': 1.0}
{'epoch': 72, 'train_loss': 0.0004, 'train_acc': 1.0}
{'epoch': 73, 'train_loss': 0.0003, 'train_acc': 1.0}
{'epoch': 74, 'train_loss': 0.0007, 'train_acc': 1.0}
{'epoch': 75, 'train_loss': 0.0004, 'train_acc': 1.0}
{'epoch': 76, 'train_loss': 0.0006, 'train_acc': 1.0}
{'epoch': 77, 'train_loss': 0.0003, 'train_acc': 1.0}
{'epoch': 78, 'train_loss': 0.0004, 'train_acc': 1.0}
{'epoch': 79, 'train_loss': 0.0006, 'train_acc': 1.0}
{'epoch': 80, 'train_loss': 0.0003, 'train_acc': 1.0}
{'epoch': 81, 'train_loss': 0.0005, 'train_acc': 1.0}
{'epoch': 82, 'train_loss': 0.0003, 'train_acc': 1.0}
{'epoch': 83, 'train_loss': 0.0006, 'train_acc': 1.0}
{'epoch': 84, 'train_loss': 0.0003, 'train_acc': 1.0}
{'epoch': 85, 'train_loss': 0.0008, 'train_acc': 1.0}
{'epoch': 86, 'train_loss': 0.0005, 'train_acc': 1.0}
{'epoch': 87, 'train_loss': 0.0004, 'train_acc': 1.0}
{'epoch': 88, 'train_loss': 0.0003, 'train_acc': 1.0}
{'epoch': 89, 'train_loss': 0.0003, 'train_acc': 1.0}
{'epoch': 90, 'train_loss': 0.0009, 'train_acc': 1.0}
{'epoch': 91, 'train_loss': 0.0006, 'train_acc': 1.0}
{'epoch': 92, 'train_loss': 0.0005, 'train_acc': 1.0}
{'epoch': 93, 'train_loss': 0.0005, 'train_acc': 1.0}
{'epoch': 94, 'train_loss': 0.0006, 'train_acc': 1.0}
{'epoch': 95, 'train_loss': 0.0004, 'train_acc': 1.0}
{'epoch': 96, 'train_loss': 0.0004, 'train_acc': 1.0}
{'epoch': 97, 'train_loss': 0.0004, 'train_acc': 1.0}
{'epoch': 98, 'train_loss': 0.0004, 'train_acc': 1.0}
{'epoch': 99, 'train_loss': 0.0003, 'train_acc': 1.0}
{'epoch': 100, 'train_loss': 0.0002, 'train_acc': 1.0}
{'run_num': 8, 'final_test_err': 0.11074918566775249}
Files already downloaded and verified
Files already downloaded and verified
{'epoch': 1, 'train_loss': 0.5948, 'train_acc': 0.72}
{'epoch': 2, 'train_loss': 0.414, 'train_acc': 0.796}
{'epoch': 3, 'train_loss': 0.313, 'train_acc': 0.844}
{'epoch': 4, 'train_loss': 0.192, 'train_acc': 0.912}
{'epoch': 5, 'train_loss': 0.1647, 'train_acc': 0.928}
{'epoch': 6, 'train_loss': 0.1385, 'train_acc': 0.944}
{'epoch': 7, 'train_loss': 0.0766, 'train_acc': 0.964}
{'epoch': 8, 'train_loss': 0.0931, 'train_acc': 0.964}
{'epoch': 9, 'train_loss': 0.0619, 'train_acc': 0.988}
{'epoch': 10, 'train_loss': 0.0361, 'train_acc': 0.988}
{'epoch': 11, 'train_loss': 0.0347, 'train_acc': 0.988}
{'epoch': 12, 'train_loss': 0.0229, 'train_acc': 0.992}
{'epoch': 13, 'train_loss': 0.0193, 'train_acc': 0.992}
{'epoch': 14, 'train_loss': 0.0141, 'train_acc': 0.996}
{'epoch': 15, 'train_loss': 0.015, 'train_acc': 1.0}
{'epoch': 16, 'train_loss': 0.0191, 'train_acc': 0.996}
{'epoch': 17, 'train_loss': 0.0156, 'train_acc': 0.996}
{'epoch': 18, 'train_loss': 0.0098, 'train_acc': 0.996}
{'epoch': 19, 'train_loss': 0.0067, 'train_acc': 1.0}
{'epoch': 20, 'train_loss': 0.0049, 'train_acc': 1.0}
{'epoch': 21, 'train_loss': 0.0051, 'train_acc': 1.0}
{'epoch': 22, 'train_loss': 0.0056, 'train_acc': 1.0}
{'epoch': 23, 'train_loss': 0.0039, 'train_acc': 1.0}
{'epoch': 24, 'train_loss': 0.0024, 'train_acc': 1.0}
{'epoch': 25, 'train_loss': 0.0041, 'train_acc': 1.0}
{'epoch': 26, 'train_loss': 0.0027, 'train_acc': 1.0}
{'epoch': 27, 'train_loss': 0.0025, 'train_acc': 1.0}
{'epoch': 28, 'train_loss': 0.0015, 'train_acc': 1.0}
{'epoch': 29, 'train_loss': 0.0018, 'train_acc': 1.0}
{'epoch': 30, 'train_loss': 0.002, 'train_acc': 1.0}
{'epoch': 31, 'train_loss': 0.0017, 'train_acc': 1.0}
{'epoch': 32, 'train_loss': 0.0017, 'train_acc': 1.0}
{'epoch': 33, 'train_loss': 0.0019, 'train_acc': 1.0}
{'epoch': 34, 'train_loss': 0.0017, 'train_acc': 1.0}
{'epoch': 35, 'train_loss': 0.0011, 'train_acc': 1.0}
{'epoch': 36, 'train_loss': 0.0013, 'train_acc': 1.0}
{'epoch': 37, 'train_loss': 0.0022, 'train_acc': 1.0}
{'epoch': 38, 'train_loss': 0.0009, 'train_acc': 1.0}
{'epoch': 39, 'train_loss': 0.0011, 'train_acc': 1.0}
{'epoch': 40, 'train_loss': 0.0008, 'train_acc': 1.0}
{'epoch': 41, 'train_loss': 0.0035, 'train_acc': 1.0}
{'epoch': 42, 'train_loss': 0.0102, 'train_acc': 0.996}
{'epoch': 43, 'train_loss': 0.0089, 'train_acc': 1.0}
{'epoch': 44, 'train_loss': 0.0047, 'train_acc': 1.0}
{'epoch': 45, 'train_loss': 0.0036, 'train_acc': 1.0}
{'epoch': 46, 'train_loss': 0.002, 'train_acc': 1.0}
{'epoch': 47, 'train_loss': 0.0013, 'train_acc': 1.0}
{'epoch': 48, 'train_loss': 0.0011, 'train_acc': 1.0}
{'epoch': 49, 'train_loss': 0.0014, 'train_acc': 1.0}
{'epoch': 50, 'train_loss': 0.0019, 'train_acc': 1.0}
{'epoch': 51, 'train_loss': 0.0015, 'train_acc': 1.0}
{'epoch': 52, 'train_loss': 0.0008, 'train_acc': 1.0}
{'epoch': 53, 'train_loss': 0.0012, 'train_acc': 1.0}
{'epoch': 54, 'train_loss': 0.0008, 'train_acc': 1.0}
{'epoch': 55, 'train_loss': 0.0008, 'train_acc': 1.0}
{'epoch': 56, 'train_loss': 0.0008, 'train_acc': 1.0}
{'epoch': 57, 'train_loss': 0.0007, 'train_acc': 1.0}
{'epoch': 58, 'train_loss': 0.0007, 'train_acc': 1.0}
{'epoch': 59, 'train_loss': 0.0007, 'train_acc': 1.0}
{'epoch': 60, 'train_loss': 0.0009, 'train_acc': 1.0}
{'epoch': 61, 'train_loss': 0.0007, 'train_acc': 1.0}
{'epoch': 62, 'train_loss': 0.0006, 'train_acc': 1.0}
{'epoch': 63, 'train_loss': 0.0011, 'train_acc': 1.0}
{'epoch': 64, 'train_loss': 0.0007, 'train_acc': 1.0}
{'epoch': 65, 'train_loss': 0.0006, 'train_acc': 1.0}
{'epoch': 66, 'train_loss': 0.0007, 'train_acc': 1.0}
{'epoch': 67, 'train_loss': 0.0005, 'train_acc': 1.0}
{'epoch': 68, 'train_loss': 0.0007, 'train_acc': 1.0}
{'epoch': 69, 'train_loss': 0.0008, 'train_acc': 1.0}
{'epoch': 70, 'train_loss': 0.0007, 'train_acc': 1.0}
{'epoch': 71, 'train_loss': 0.0006, 'train_acc': 1.0}
{'epoch': 72, 'train_loss': 0.0005, 'train_acc': 1.0}
{'epoch': 73, 'train_loss': 0.0008, 'train_acc': 1.0}
{'epoch': 74, 'train_loss': 0.0008, 'train_acc': 1.0}
{'epoch': 75, 'train_loss': 0.0007, 'train_acc': 1.0}
{'epoch': 76, 'train_loss': 0.0005, 'train_acc': 1.0}
{'epoch': 77, 'train_loss': 0.0007, 'train_acc': 1.0}
{'epoch': 78, 'train_loss': 0.0005, 'train_acc': 1.0}
{'epoch': 79, 'train_loss': 0.0005, 'train_acc': 1.0}
{'epoch': 80, 'train_loss': 0.0005, 'train_acc': 1.0}
{'epoch': 81, 'train_loss': 0.0006, 'train_acc': 1.0}
{'epoch': 82, 'train_loss': 0.0006, 'train_acc': 1.0}
{'epoch': 83, 'train_loss': 0.0004, 'train_acc': 1.0}
{'epoch': 84, 'train_loss': 0.0005, 'train_acc': 1.0}
{'epoch': 85, 'train_loss': 0.0005, 'train_acc': 1.0}
{'epoch': 86, 'train_loss': 0.0005, 'train_acc': 1.0}
{'epoch': 87, 'train_loss': 0.0005, 'train_acc': 1.0}
{'epoch': 88, 'train_loss': 0.0006, 'train_acc': 1.0}
{'epoch': 89, 'train_loss': 0.0006, 'train_acc': 1.0}
{'epoch': 90, 'train_loss': 0.0006, 'train_acc': 1.0}
{'epoch': 91, 'train_loss': 0.0006, 'train_acc': 1.0}
{'epoch': 92, 'train_loss': 0.0005, 'train_acc': 1.0}
{'epoch': 93, 'train_loss': 0.0006, 'train_acc': 1.0}
{'epoch': 94, 'train_loss': 0.0005, 'train_acc': 1.0}
{'epoch': 95, 'train_loss': 0.0006, 'train_acc': 1.0}
{'epoch': 96, 'train_loss': 0.0004, 'train_acc': 1.0}
{'epoch': 97, 'train_loss': 0.0006, 'train_acc': 1.0}
{'epoch': 98, 'train_loss': 0.0005, 'train_acc': 1.0}
{'epoch': 99, 'train_loss': 0.0009, 'train_acc': 1.0}
{'epoch': 100, 'train_loss': 0.0007, 'train_acc': 1.0}
{'run_num': 9, 'final_test_err': 0.16612377850162863}
{'avg_err': 0.1388, 'std_err': 0.0167}
