{'deploy': True, 'tag': '05_ood/05_domain_net', 'seed': 10, 'device': 'cuda:0', 'reps': 10, 'loss': {'alpha': 0.5, 'tune_alpha': False, 'group_task_loss': False}, 'task': {'dataset': 'domain_net', 'task_map': [[0, 1], [2, 3], [4, 5], [6, 7], [8, 9]], 'target': 0, 'ood': [5], 'augment': False, 'n': 25, 'm_n': 3, 'beta': 0.5, 'custom_sampler': False, 'm_cinic': 1, 'm_cinic_neg': 0.0}, 'hp': {'epochs': 100, 'bs': 16, 'lr': 0.01}, 'net': 'conv'}
Files already downloaded and verified
Files already downloaded and verified
{'epoch': 1, 'train_loss': 0.7516, 'train_acc': 0.545}
{'epoch': 2, 'train_loss': 0.4977, 'train_acc': 0.795}
{'epoch': 3, 'train_loss': 0.2811, 'train_acc': 0.89}
{'epoch': 4, 'train_loss': 0.2389, 'train_acc': 0.945}
{'epoch': 5, 'train_loss': 0.1176, 'train_acc': 0.975}
{'epoch': 6, 'train_loss': 0.0636, 'train_acc': 0.98}
{'epoch': 7, 'train_loss': 0.0448, 'train_acc': 0.99}
{'epoch': 8, 'train_loss': 0.0702, 'train_acc': 0.98}
{'epoch': 9, 'train_loss': 0.023, 'train_acc': 1.0}
{'epoch': 10, 'train_loss': 0.0088, 'train_acc': 1.0}
{'epoch': 11, 'train_loss': 0.0049, 'train_acc': 1.0}
{'epoch': 12, 'train_loss': 0.0027, 'train_acc': 1.0}
{'epoch': 13, 'train_loss': 0.0024, 'train_acc': 1.0}
{'epoch': 14, 'train_loss': 0.0012, 'train_acc': 1.0}
{'epoch': 15, 'train_loss': 0.0012, 'train_acc': 1.0}
{'epoch': 16, 'train_loss': 0.001, 'train_acc': 1.0}
{'epoch': 17, 'train_loss': 0.0008, 'train_acc': 1.0}
{'epoch': 18, 'train_loss': 0.0008, 'train_acc': 1.0}
{'epoch': 19, 'train_loss': 0.0006, 'train_acc': 1.0}
{'epoch': 20, 'train_loss': 0.0009, 'train_acc': 1.0}
{'epoch': 21, 'train_loss': 0.0005, 'train_acc': 1.0}
{'epoch': 22, 'train_loss': 0.0006, 'train_acc': 1.0}
{'epoch': 23, 'train_loss': 0.0005, 'train_acc': 1.0}
{'epoch': 24, 'train_loss': 0.0005, 'train_acc': 1.0}
{'epoch': 25, 'train_loss': 0.0005, 'train_acc': 1.0}
{'epoch': 26, 'train_loss': 0.0004, 'train_acc': 1.0}
{'epoch': 27, 'train_loss': 0.0008, 'train_acc': 1.0}
{'epoch': 28, 'train_loss': 0.0005, 'train_acc': 1.0}
{'epoch': 29, 'train_loss': 0.0006, 'train_acc': 1.0}
{'epoch': 30, 'train_loss': 0.0007, 'train_acc': 1.0}
{'epoch': 31, 'train_loss': 0.0005, 'train_acc': 1.0}
{'epoch': 32, 'train_loss': 0.0004, 'train_acc': 1.0}
{'epoch': 33, 'train_loss': 0.0003, 'train_acc': 1.0}
{'epoch': 34, 'train_loss': 0.0004, 'train_acc': 1.0}
{'epoch': 35, 'train_loss': 0.0003, 'train_acc': 1.0}
{'epoch': 36, 'train_loss': 0.0002, 'train_acc': 1.0}
{'epoch': 37, 'train_loss': 0.0003, 'train_acc': 1.0}
{'epoch': 38, 'train_loss': 0.0003, 'train_acc': 1.0}
{'epoch': 39, 'train_loss': 0.0003, 'train_acc': 1.0}
{'epoch': 40, 'train_loss': 0.0005, 'train_acc': 1.0}
{'epoch': 41, 'train_loss': 0.0007, 'train_acc': 1.0}
{'epoch': 42, 'train_loss': 0.0003, 'train_acc': 1.0}
{'epoch': 43, 'train_loss': 0.0003, 'train_acc': 1.0}
{'epoch': 44, 'train_loss': 0.0003, 'train_acc': 1.0}
{'epoch': 45, 'train_loss': 0.0003, 'train_acc': 1.0}
{'epoch': 46, 'train_loss': 0.0002, 'train_acc': 1.0}
{'epoch': 47, 'train_loss': 0.0003, 'train_acc': 1.0}
{'epoch': 48, 'train_loss': 0.0005, 'train_acc': 1.0}
{'epoch': 49, 'train_loss': 0.0002, 'train_acc': 1.0}
{'epoch': 50, 'train_loss': 0.0003, 'train_acc': 1.0}
{'epoch': 51, 'train_loss': 0.0002, 'train_acc': 1.0}
{'epoch': 52, 'train_loss': 0.0002, 'train_acc': 1.0}
{'epoch': 53, 'train_loss': 0.0002, 'train_acc': 1.0}
{'epoch': 54, 'train_loss': 0.0002, 'train_acc': 1.0}
{'epoch': 55, 'train_loss': 0.0003, 'train_acc': 1.0}
{'epoch': 56, 'train_loss': 0.0003, 'train_acc': 1.0}
{'epoch': 57, 'train_loss': 0.0002, 'train_acc': 1.0}
{'epoch': 58, 'train_loss': 0.0002, 'train_acc': 1.0}
{'epoch': 59, 'train_loss': 0.0003, 'train_acc': 1.0}
{'epoch': 60, 'train_loss': 0.0002, 'train_acc': 1.0}
{'epoch': 61, 'train_loss': 0.0002, 'train_acc': 1.0}
{'epoch': 62, 'train_loss': 0.0002, 'train_acc': 1.0}
{'epoch': 63, 'train_loss': 0.0002, 'train_acc': 1.0}
{'epoch': 64, 'train_loss': 0.0002, 'train_acc': 1.0}
{'epoch': 65, 'train_loss': 0.0002, 'train_acc': 1.0}
{'epoch': 66, 'train_loss': 0.0002, 'train_acc': 1.0}
{'epoch': 67, 'train_loss': 0.0002, 'train_acc': 1.0}
{'epoch': 68, 'train_loss': 0.0002, 'train_acc': 1.0}
{'epoch': 69, 'train_loss': 0.0002, 'train_acc': 1.0}
{'epoch': 70, 'train_loss': 0.0003, 'train_acc': 1.0}
{'epoch': 71, 'train_loss': 0.0003, 'train_acc': 1.0}
{'epoch': 72, 'train_loss': 0.0003, 'train_acc': 1.0}
{'epoch': 73, 'train_loss': 0.0002, 'train_acc': 1.0}
{'epoch': 74, 'train_loss': 0.0003, 'train_acc': 1.0}
{'epoch': 75, 'train_loss': 0.0002, 'train_acc': 1.0}
{'epoch': 76, 'train_loss': 0.0002, 'train_acc': 1.0}
{'epoch': 77, 'train_loss': 0.0002, 'train_acc': 1.0}
{'epoch': 78, 'train_loss': 0.0002, 'train_acc': 1.0}
{'epoch': 79, 'train_loss': 0.0002, 'train_acc': 1.0}
{'epoch': 80, 'train_loss': 0.0002, 'train_acc': 1.0}
{'epoch': 81, 'train_loss': 0.0001, 'train_acc': 1.0}
{'epoch': 82, 'train_loss': 0.0002, 'train_acc': 1.0}
{'epoch': 83, 'train_loss': 0.0002, 'train_acc': 1.0}
{'epoch': 84, 'train_loss': 0.0002, 'train_acc': 1.0}
{'epoch': 85, 'train_loss': 0.0002, 'train_acc': 1.0}
{'epoch': 86, 'train_loss': 0.0002, 'train_acc': 1.0}
{'epoch': 87, 'train_loss': 0.0002, 'train_acc': 1.0}
{'epoch': 88, 'train_loss': 0.0002, 'train_acc': 1.0}
{'epoch': 89, 'train_loss': 0.0002, 'train_acc': 1.0}
{'epoch': 90, 'train_loss': 0.0002, 'train_acc': 1.0}
{'epoch': 91, 'train_loss': 0.0002, 'train_acc': 1.0}
{'epoch': 92, 'train_loss': 0.0002, 'train_acc': 1.0}
{'epoch': 93, 'train_loss': 0.0002, 'train_acc': 1.0}
{'epoch': 94, 'train_loss': 0.0002, 'train_acc': 1.0}
{'epoch': 95, 'train_loss': 0.0002, 'train_acc': 1.0}
{'epoch': 96, 'train_loss': 0.0002, 'train_acc': 1.0}
{'epoch': 97, 'train_loss': 0.0002, 'train_acc': 1.0}
{'epoch': 98, 'train_loss': 0.0002, 'train_acc': 1.0}
{'epoch': 99, 'train_loss': 0.0003, 'train_acc': 1.0}
{'epoch': 100, 'train_loss': 0.0002, 'train_acc': 1.0}
{'run_num': 0, 'final_test_err': 0.25732899022801303}
Files already downloaded and verified
Files already downloaded and verified
{'epoch': 1, 'train_loss': 0.7613, 'train_acc': 0.58}
{'epoch': 2, 'train_loss': 0.5009, 'train_acc': 0.8}
{'epoch': 3, 'train_loss': 0.4305, 'train_acc': 0.82}
{'epoch': 4, 'train_loss': 0.2271, 'train_acc': 0.925}
{'epoch': 5, 'train_loss': 0.2182, 'train_acc': 0.94}
{'epoch': 6, 'train_loss': 0.1351, 'train_acc': 0.96}
{'epoch': 7, 'train_loss': 0.0662, 'train_acc': 0.98}
{'epoch': 8, 'train_loss': 0.028, 'train_acc': 0.995}
{'epoch': 9, 'train_loss': 0.0139, 'train_acc': 1.0}
{'epoch': 10, 'train_loss': 0.0107, 'train_acc': 1.0}
{'epoch': 11, 'train_loss': 0.0041, 'train_acc': 1.0}
{'epoch': 12, 'train_loss': 0.0028, 'train_acc': 1.0}
{'epoch': 13, 'train_loss': 0.0023, 'train_acc': 1.0}
{'epoch': 14, 'train_loss': 0.0023, 'train_acc': 1.0}
{'epoch': 15, 'train_loss': 0.0019, 'train_acc': 1.0}
{'epoch': 16, 'train_loss': 0.0014, 'train_acc': 1.0}
{'epoch': 17, 'train_loss': 0.0015, 'train_acc': 1.0}
{'epoch': 18, 'train_loss': 0.0011, 'train_acc': 1.0}
{'epoch': 19, 'train_loss': 0.0013, 'train_acc': 1.0}
{'epoch': 20, 'train_loss': 0.0011, 'train_acc': 1.0}
{'epoch': 21, 'train_loss': 0.001, 'train_acc': 1.0}
{'epoch': 22, 'train_loss': 0.0009, 'train_acc': 1.0}
{'epoch': 23, 'train_loss': 0.0007, 'train_acc': 1.0}
{'epoch': 24, 'train_loss': 0.0008, 'train_acc': 1.0}
{'epoch': 25, 'train_loss': 0.0007, 'train_acc': 1.0}
{'epoch': 26, 'train_loss': 0.0006, 'train_acc': 1.0}
{'epoch': 27, 'train_loss': 0.0008, 'train_acc': 1.0}
{'epoch': 28, 'train_loss': 0.0006, 'train_acc': 1.0}
{'epoch': 29, 'train_loss': 0.0007, 'train_acc': 1.0}
{'epoch': 30, 'train_loss': 0.0005, 'train_acc': 1.0}
{'epoch': 31, 'train_loss': 0.0006, 'train_acc': 1.0}
{'epoch': 32, 'train_loss': 0.0005, 'train_acc': 1.0}
{'epoch': 33, 'train_loss': 0.0004, 'train_acc': 1.0}
{'epoch': 34, 'train_loss': 0.0005, 'train_acc': 1.0}
{'epoch': 35, 'train_loss': 0.0004, 'train_acc': 1.0}
{'epoch': 36, 'train_loss': 0.0004, 'train_acc': 1.0}
{'epoch': 37, 'train_loss': 0.0003, 'train_acc': 1.0}
{'epoch': 38, 'train_loss': 0.0004, 'train_acc': 1.0}
{'epoch': 39, 'train_loss': 0.0003, 'train_acc': 1.0}
{'epoch': 40, 'train_loss': 0.0004, 'train_acc': 1.0}
{'epoch': 41, 'train_loss': 0.0003, 'train_acc': 1.0}
{'epoch': 42, 'train_loss': 0.0004, 'train_acc': 1.0}
{'epoch': 43, 'train_loss': 0.0003, 'train_acc': 1.0}
{'epoch': 44, 'train_loss': 0.0003, 'train_acc': 1.0}
{'epoch': 45, 'train_loss': 0.0003, 'train_acc': 1.0}
{'epoch': 46, 'train_loss': 0.0004, 'train_acc': 1.0}
{'epoch': 47, 'train_loss': 0.0003, 'train_acc': 1.0}
{'epoch': 48, 'train_loss': 0.0004, 'train_acc': 1.0}
{'epoch': 49, 'train_loss': 0.0003, 'train_acc': 1.0}
{'epoch': 50, 'train_loss': 0.0003, 'train_acc': 1.0}
{'epoch': 51, 'train_loss': 0.0003, 'train_acc': 1.0}
{'epoch': 52, 'train_loss': 0.0002, 'train_acc': 1.0}
{'epoch': 53, 'train_loss': 0.0003, 'train_acc': 1.0}
{'epoch': 54, 'train_loss': 0.0003, 'train_acc': 1.0}
{'epoch': 55, 'train_loss': 0.0003, 'train_acc': 1.0}
{'epoch': 56, 'train_loss': 0.0003, 'train_acc': 1.0}
{'epoch': 57, 'train_loss': 0.0004, 'train_acc': 1.0}
{'epoch': 58, 'train_loss': 0.0003, 'train_acc': 1.0}
{'epoch': 59, 'train_loss': 0.0003, 'train_acc': 1.0}
{'epoch': 60, 'train_loss': 0.0002, 'train_acc': 1.0}
{'epoch': 61, 'train_loss': 0.0003, 'train_acc': 1.0}
{'epoch': 62, 'train_loss': 0.0003, 'train_acc': 1.0}
{'epoch': 63, 'train_loss': 0.0003, 'train_acc': 1.0}
{'epoch': 64, 'train_loss': 0.0003, 'train_acc': 1.0}
{'epoch': 65, 'train_loss': 0.0003, 'train_acc': 1.0}
{'epoch': 66, 'train_loss': 0.0003, 'train_acc': 1.0}
{'epoch': 67, 'train_loss': 0.0003, 'train_acc': 1.0}
{'epoch': 68, 'train_loss': 0.0002, 'train_acc': 1.0}
{'epoch': 69, 'train_loss': 0.0003, 'train_acc': 1.0}
{'epoch': 70, 'train_loss': 0.0004, 'train_acc': 1.0}
{'epoch': 71, 'train_loss': 0.0002, 'train_acc': 1.0}
{'epoch': 72, 'train_loss': 0.0002, 'train_acc': 1.0}
{'epoch': 73, 'train_loss': 0.0003, 'train_acc': 1.0}
{'epoch': 74, 'train_loss': 0.0003, 'train_acc': 1.0}
{'epoch': 75, 'train_loss': 0.0003, 'train_acc': 1.0}
{'epoch': 76, 'train_loss': 0.0003, 'train_acc': 1.0}
{'epoch': 77, 'train_loss': 0.0002, 'train_acc': 1.0}
{'epoch': 78, 'train_loss': 0.0002, 'train_acc': 1.0}
{'epoch': 79, 'train_loss': 0.0002, 'train_acc': 1.0}
{'epoch': 80, 'train_loss': 0.0002, 'train_acc': 1.0}
{'epoch': 81, 'train_loss': 0.0002, 'train_acc': 1.0}
{'epoch': 82, 'train_loss': 0.0003, 'train_acc': 1.0}
{'epoch': 83, 'train_loss': 0.0002, 'train_acc': 1.0}
{'epoch': 84, 'train_loss': 0.0003, 'train_acc': 1.0}
{'epoch': 85, 'train_loss': 0.0002, 'train_acc': 1.0}
{'epoch': 86, 'train_loss': 0.0003, 'train_acc': 1.0}
{'epoch': 87, 'train_loss': 0.0003, 'train_acc': 1.0}
{'epoch': 88, 'train_loss': 0.0004, 'train_acc': 1.0}
{'epoch': 89, 'train_loss': 0.0002, 'train_acc': 1.0}
{'epoch': 90, 'train_loss': 0.0002, 'train_acc': 1.0}
{'epoch': 91, 'train_loss': 0.0003, 'train_acc': 1.0}
{'epoch': 92, 'train_loss': 0.0002, 'train_acc': 1.0}
{'epoch': 93, 'train_loss': 0.0002, 'train_acc': 1.0}
{'epoch': 94, 'train_loss': 0.0002, 'train_acc': 1.0}
{'epoch': 95, 'train_loss': 0.0002, 'train_acc': 1.0}
{'epoch': 96, 'train_loss': 0.0002, 'train_acc': 1.0}
{'epoch': 97, 'train_loss': 0.0002, 'train_acc': 1.0}
{'epoch': 98, 'train_loss': 0.0002, 'train_acc': 1.0}
{'epoch': 99, 'train_loss': 0.0002, 'train_acc': 1.0}
{'epoch': 100, 'train_loss': 0.0002, 'train_acc': 1.0}
{'run_num': 1, 'final_test_err': 0.17915309446254069}
Files already downloaded and verified
Files already downloaded and verified
{'epoch': 1, 'train_loss': 0.7576, 'train_acc': 0.605}
{'epoch': 2, 'train_loss': 0.4084, 'train_acc': 0.82}
{'epoch': 3, 'train_loss': 0.3294, 'train_acc': 0.905}
{'epoch': 4, 'train_loss': 0.2151, 'train_acc': 0.93}
{'epoch': 5, 'train_loss': 0.0942, 'train_acc': 0.97}
{'epoch': 6, 'train_loss': 0.0825, 'train_acc': 0.965}
{'epoch': 7, 'train_loss': 0.0838, 'train_acc': 0.985}
{'epoch': 8, 'train_loss': 0.0193, 'train_acc': 0.995}
{'epoch': 9, 'train_loss': 0.0092, 'train_acc': 1.0}
{'epoch': 10, 'train_loss': 0.003, 'train_acc': 1.0}
{'epoch': 11, 'train_loss': 0.0025, 'train_acc': 1.0}
{'epoch': 12, 'train_loss': 0.0016, 'train_acc': 1.0}
{'epoch': 13, 'train_loss': 0.0013, 'train_acc': 1.0}
{'epoch': 14, 'train_loss': 0.0012, 'train_acc': 1.0}
{'epoch': 15, 'train_loss': 0.0008, 'train_acc': 1.0}
{'epoch': 16, 'train_loss': 0.001, 'train_acc': 1.0}
{'epoch': 17, 'train_loss': 0.0009, 'train_acc': 1.0}
{'epoch': 18, 'train_loss': 0.0005, 'train_acc': 1.0}
{'epoch': 19, 'train_loss': 0.0006, 'train_acc': 1.0}
{'epoch': 20, 'train_loss': 0.0007, 'train_acc': 1.0}
{'epoch': 21, 'train_loss': 0.0005, 'train_acc': 1.0}
{'epoch': 22, 'train_loss': 0.0006, 'train_acc': 1.0}
{'epoch': 23, 'train_loss': 0.0005, 'train_acc': 1.0}
{'epoch': 24, 'train_loss': 0.0005, 'train_acc': 1.0}
{'epoch': 25, 'train_loss': 0.001, 'train_acc': 1.0}
{'epoch': 26, 'train_loss': 0.0006, 'train_acc': 1.0}
{'epoch': 27, 'train_loss': 0.0004, 'train_acc': 1.0}
{'epoch': 28, 'train_loss': 0.0006, 'train_acc': 1.0}
{'epoch': 29, 'train_loss': 0.0004, 'train_acc': 1.0}
{'epoch': 30, 'train_loss': 0.0005, 'train_acc': 1.0}
{'epoch': 31, 'train_loss': 0.0004, 'train_acc': 1.0}
{'epoch': 32, 'train_loss': 0.0003, 'train_acc': 1.0}
{'epoch': 33, 'train_loss': 0.0003, 'train_acc': 1.0}
{'epoch': 34, 'train_loss': 0.0003, 'train_acc': 1.0}
{'epoch': 35, 'train_loss': 0.0003, 'train_acc': 1.0}
{'epoch': 36, 'train_loss': 0.0003, 'train_acc': 1.0}
{'epoch': 37, 'train_loss': 0.0003, 'train_acc': 1.0}
{'epoch': 38, 'train_loss': 0.0003, 'train_acc': 1.0}
{'epoch': 39, 'train_loss': 0.0002, 'train_acc': 1.0}
{'epoch': 40, 'train_loss': 0.0003, 'train_acc': 1.0}
{'epoch': 41, 'train_loss': 0.0005, 'train_acc': 1.0}
{'epoch': 42, 'train_loss': 0.0003, 'train_acc': 1.0}
{'epoch': 43, 'train_loss': 0.0002, 'train_acc': 1.0}
{'epoch': 44, 'train_loss': 0.0003, 'train_acc': 1.0}
{'epoch': 45, 'train_loss': 0.0003, 'train_acc': 1.0}
{'epoch': 46, 'train_loss': 0.0002, 'train_acc': 1.0}
{'epoch': 47, 'train_loss': 0.0002, 'train_acc': 1.0}
{'epoch': 48, 'train_loss': 0.0002, 'train_acc': 1.0}
{'epoch': 49, 'train_loss': 0.0002, 'train_acc': 1.0}
{'epoch': 50, 'train_loss': 0.0002, 'train_acc': 1.0}
{'epoch': 51, 'train_loss': 0.0002, 'train_acc': 1.0}
{'epoch': 52, 'train_loss': 0.0003, 'train_acc': 1.0}
{'epoch': 53, 'train_loss': 0.0003, 'train_acc': 1.0}
{'epoch': 54, 'train_loss': 0.0002, 'train_acc': 1.0}
{'epoch': 55, 'train_loss': 0.0002, 'train_acc': 1.0}
{'epoch': 56, 'train_loss': 0.0002, 'train_acc': 1.0}
{'epoch': 57, 'train_loss': 0.0002, 'train_acc': 1.0}
{'epoch': 58, 'train_loss': 0.0003, 'train_acc': 1.0}
{'epoch': 59, 'train_loss': 0.0002, 'train_acc': 1.0}
{'epoch': 60, 'train_loss': 0.0002, 'train_acc': 1.0}
{'epoch': 61, 'train_loss': 0.0002, 'train_acc': 1.0}
{'epoch': 62, 'train_loss': 0.0002, 'train_acc': 1.0}
{'epoch': 63, 'train_loss': 0.0002, 'train_acc': 1.0}
{'epoch': 64, 'train_loss': 0.0003, 'train_acc': 1.0}
{'epoch': 65, 'train_loss': 0.0002, 'train_acc': 1.0}
{'epoch': 66, 'train_loss': 0.0002, 'train_acc': 1.0}
{'epoch': 67, 'train_loss': 0.0002, 'train_acc': 1.0}
{'epoch': 68, 'train_loss': 0.0002, 'train_acc': 1.0}
{'epoch': 69, 'train_loss': 0.0003, 'train_acc': 1.0}
{'epoch': 70, 'train_loss': 0.0002, 'train_acc': 1.0}
{'epoch': 71, 'train_loss': 0.0002, 'train_acc': 1.0}
{'epoch': 72, 'train_loss': 0.0003, 'train_acc': 1.0}
{'epoch': 73, 'train_loss': 0.0003, 'train_acc': 1.0}
{'epoch': 74, 'train_loss': 0.0002, 'train_acc': 1.0}
{'epoch': 75, 'train_loss': 0.0002, 'train_acc': 1.0}
{'epoch': 76, 'train_loss': 0.0002, 'train_acc': 1.0}
{'epoch': 77, 'train_loss': 0.0002, 'train_acc': 1.0}
{'epoch': 78, 'train_loss': 0.0002, 'train_acc': 1.0}
{'epoch': 79, 'train_loss': 0.0002, 'train_acc': 1.0}
{'epoch': 80, 'train_loss': 0.0001, 'train_acc': 1.0}
{'epoch': 81, 'train_loss': 0.0002, 'train_acc': 1.0}
{'epoch': 82, 'train_loss': 0.0003, 'train_acc': 1.0}
{'epoch': 83, 'train_loss': 0.0002, 'train_acc': 1.0}
{'epoch': 84, 'train_loss': 0.0002, 'train_acc': 1.0}
{'epoch': 85, 'train_loss': 0.0003, 'train_acc': 1.0}
{'epoch': 86, 'train_loss': 0.0003, 'train_acc': 1.0}
{'epoch': 87, 'train_loss': 0.0002, 'train_acc': 1.0}
{'epoch': 88, 'train_loss': 0.0002, 'train_acc': 1.0}
{'epoch': 89, 'train_loss': 0.0003, 'train_acc': 1.0}
{'epoch': 90, 'train_loss': 0.0003, 'train_acc': 1.0}
{'epoch': 91, 'train_loss': 0.0002, 'train_acc': 1.0}
{'epoch': 92, 'train_loss': 0.0003, 'train_acc': 1.0}
{'epoch': 93, 'train_loss': 0.0001, 'train_acc': 1.0}
{'epoch': 94, 'train_loss': 0.0003, 'train_acc': 1.0}
{'epoch': 95, 'train_loss': 0.0002, 'train_acc': 1.0}
{'epoch': 96, 'train_loss': 0.0002, 'train_acc': 1.0}
{'epoch': 97, 'train_loss': 0.0003, 'train_acc': 1.0}
{'epoch': 98, 'train_loss': 0.0002, 'train_acc': 1.0}
{'epoch': 99, 'train_loss': 0.0001, 'train_acc': 1.0}
{'epoch': 100, 'train_loss': 0.0002, 'train_acc': 1.0}
{'run_num': 2, 'final_test_err': 0.1628664495114006}
Files already downloaded and verified
Files already downloaded and verified
{'epoch': 1, 'train_loss': 0.6976, 'train_acc': 0.615}
{'epoch': 2, 'train_loss': 0.3646, 'train_acc': 0.85}
{'epoch': 3, 'train_loss': 0.2079, 'train_acc': 0.925}
{'epoch': 4, 'train_loss': 0.0931, 'train_acc': 0.965}
{'epoch': 5, 'train_loss': 0.0662, 'train_acc': 0.975}
{'epoch': 6, 'train_loss': 0.0347, 'train_acc': 0.995}
{'epoch': 7, 'train_loss': 0.0127, 'train_acc': 1.0}
{'epoch': 8, 'train_loss': 0.0045, 'train_acc': 1.0}
{'epoch': 9, 'train_loss': 0.0023, 'train_acc': 1.0}
{'epoch': 10, 'train_loss': 0.0029, 'train_acc': 1.0}
{'epoch': 11, 'train_loss': 0.0022, 'train_acc': 1.0}
{'epoch': 12, 'train_loss': 0.0011, 'train_acc': 1.0}
{'epoch': 13, 'train_loss': 0.0013, 'train_acc': 1.0}
{'epoch': 14, 'train_loss': 0.001, 'train_acc': 1.0}
{'epoch': 15, 'train_loss': 0.001, 'train_acc': 1.0}
{'epoch': 16, 'train_loss': 0.0008, 'train_acc': 1.0}
{'epoch': 17, 'train_loss': 0.0023, 'train_acc': 1.0}
{'epoch': 18, 'train_loss': 0.0016, 'train_acc': 1.0}
{'epoch': 19, 'train_loss': 0.002, 'train_acc': 1.0}
{'epoch': 20, 'train_loss': 0.0011, 'train_acc': 1.0}
{'epoch': 21, 'train_loss': 0.0008, 'train_acc': 1.0}
{'epoch': 22, 'train_loss': 0.0007, 'train_acc': 1.0}
{'epoch': 23, 'train_loss': 0.0008, 'train_acc': 1.0}
{'epoch': 24, 'train_loss': 0.0005, 'train_acc': 1.0}
{'epoch': 25, 'train_loss': 0.0005, 'train_acc': 1.0}
{'epoch': 26, 'train_loss': 0.0007, 'train_acc': 1.0}
{'epoch': 27, 'train_loss': 0.0005, 'train_acc': 1.0}
{'epoch': 28, 'train_loss': 0.0005, 'train_acc': 1.0}
{'epoch': 29, 'train_loss': 0.0004, 'train_acc': 1.0}
{'epoch': 30, 'train_loss': 0.0005, 'train_acc': 1.0}
{'epoch': 31, 'train_loss': 0.0004, 'train_acc': 1.0}
{'epoch': 32, 'train_loss': 0.0004, 'train_acc': 1.0}
{'epoch': 33, 'train_loss': 0.0004, 'train_acc': 1.0}
{'epoch': 34, 'train_loss': 0.0003, 'train_acc': 1.0}
{'epoch': 35, 'train_loss': 0.0004, 'train_acc': 1.0}
{'epoch': 36, 'train_loss': 0.0004, 'train_acc': 1.0}
{'epoch': 37, 'train_loss': 0.0003, 'train_acc': 1.0}
{'epoch': 38, 'train_loss': 0.0003, 'train_acc': 1.0}
{'epoch': 39, 'train_loss': 0.0003, 'train_acc': 1.0}
{'epoch': 40, 'train_loss': 0.0003, 'train_acc': 1.0}
{'epoch': 41, 'train_loss': 0.0006, 'train_acc': 1.0}
{'epoch': 42, 'train_loss': 0.0002, 'train_acc': 1.0}
{'epoch': 43, 'train_loss': 0.0003, 'train_acc': 1.0}
{'epoch': 44, 'train_loss': 0.0002, 'train_acc': 1.0}
{'epoch': 45, 'train_loss': 0.0004, 'train_acc': 1.0}
{'epoch': 46, 'train_loss': 0.0003, 'train_acc': 1.0}
{'epoch': 47, 'train_loss': 0.0003, 'train_acc': 1.0}
{'epoch': 48, 'train_loss': 0.0002, 'train_acc': 1.0}
{'epoch': 49, 'train_loss': 0.0002, 'train_acc': 1.0}
{'epoch': 50, 'train_loss': 0.0004, 'train_acc': 1.0}
{'epoch': 51, 'train_loss': 0.0002, 'train_acc': 1.0}
{'epoch': 52, 'train_loss': 0.0003, 'train_acc': 1.0}
{'epoch': 53, 'train_loss': 0.0003, 'train_acc': 1.0}
{'epoch': 54, 'train_loss': 0.0002, 'train_acc': 1.0}
{'epoch': 55, 'train_loss': 0.0002, 'train_acc': 1.0}
{'epoch': 56, 'train_loss': 0.0002, 'train_acc': 1.0}
{'epoch': 57, 'train_loss': 0.0004, 'train_acc': 1.0}
{'epoch': 58, 'train_loss': 0.0002, 'train_acc': 1.0}
{'epoch': 59, 'train_loss': 0.0003, 'train_acc': 1.0}
{'epoch': 60, 'train_loss': 0.0003, 'train_acc': 1.0}
{'epoch': 61, 'train_loss': 0.0002, 'train_acc': 1.0}
{'epoch': 62, 'train_loss': 0.0002, 'train_acc': 1.0}
{'epoch': 63, 'train_loss': 0.0002, 'train_acc': 1.0}
{'epoch': 64, 'train_loss': 0.0002, 'train_acc': 1.0}
{'epoch': 65, 'train_loss': 0.0003, 'train_acc': 1.0}
{'epoch': 66, 'train_loss': 0.0002, 'train_acc': 1.0}
{'epoch': 67, 'train_loss': 0.0002, 'train_acc': 1.0}
{'epoch': 68, 'train_loss': 0.0002, 'train_acc': 1.0}
{'epoch': 69, 'train_loss': 0.0002, 'train_acc': 1.0}
{'epoch': 70, 'train_loss': 0.0002, 'train_acc': 1.0}
{'epoch': 71, 'train_loss': 0.0002, 'train_acc': 1.0}
{'epoch': 72, 'train_loss': 0.0002, 'train_acc': 1.0}
{'epoch': 73, 'train_loss': 0.0002, 'train_acc': 1.0}
{'epoch': 74, 'train_loss': 0.0003, 'train_acc': 1.0}
{'epoch': 75, 'train_loss': 0.0002, 'train_acc': 1.0}
{'epoch': 76, 'train_loss': 0.0003, 'train_acc': 1.0}
{'epoch': 77, 'train_loss': 0.0003, 'train_acc': 1.0}
{'epoch': 78, 'train_loss': 0.0002, 'train_acc': 1.0}
{'epoch': 79, 'train_loss': 0.0002, 'train_acc': 1.0}
{'epoch': 80, 'train_loss': 0.0003, 'train_acc': 1.0}
{'epoch': 81, 'train_loss': 0.0002, 'train_acc': 1.0}
{'epoch': 82, 'train_loss': 0.0002, 'train_acc': 1.0}
{'epoch': 83, 'train_loss': 0.0002, 'train_acc': 1.0}
{'epoch': 84, 'train_loss': 0.0002, 'train_acc': 1.0}
{'epoch': 85, 'train_loss': 0.0002, 'train_acc': 1.0}
{'epoch': 86, 'train_loss': 0.0002, 'train_acc': 1.0}
{'epoch': 87, 'train_loss': 0.0002, 'train_acc': 1.0}
{'epoch': 88, 'train_loss': 0.0002, 'train_acc': 1.0}
{'epoch': 89, 'train_loss': 0.0002, 'train_acc': 1.0}
{'epoch': 90, 'train_loss': 0.0002, 'train_acc': 1.0}
{'epoch': 91, 'train_loss': 0.0002, 'train_acc': 1.0}
{'epoch': 92, 'train_loss': 0.0002, 'train_acc': 1.0}
{'epoch': 93, 'train_loss': 0.0002, 'train_acc': 1.0}
{'epoch': 94, 'train_loss': 0.0002, 'train_acc': 1.0}
{'epoch': 95, 'train_loss': 0.0002, 'train_acc': 1.0}
{'epoch': 96, 'train_loss': 0.0002, 'train_acc': 1.0}
{'epoch': 97, 'train_loss': 0.0002, 'train_acc': 1.0}
{'epoch': 98, 'train_loss': 0.0002, 'train_acc': 1.0}
{'epoch': 99, 'train_loss': 0.0003, 'train_acc': 1.0}
{'epoch': 100, 'train_loss': 0.0002, 'train_acc': 1.0}
{'run_num': 3, 'final_test_err': 0.2899022801302932}
Files already downloaded and verified
Files already downloaded and verified
{'epoch': 1, 'train_loss': 0.6802, 'train_acc': 0.6}
{'epoch': 2, 'train_loss': 0.3619, 'train_acc': 0.875}
{'epoch': 3, 'train_loss': 0.2466, 'train_acc': 0.9}
{'epoch': 4, 'train_loss': 0.1563, 'train_acc': 0.96}
{'epoch': 5, 'train_loss': 0.0824, 'train_acc': 0.98}
{'epoch': 6, 'train_loss': 0.0373, 'train_acc': 0.99}
{'epoch': 7, 'train_loss': 0.0131, 'train_acc': 1.0}
{'epoch': 8, 'train_loss': 0.0175, 'train_acc': 0.995}
{'epoch': 9, 'train_loss': 0.0163, 'train_acc': 0.995}
{'epoch': 10, 'train_loss': 0.0415, 'train_acc': 0.985}
{'epoch': 11, 'train_loss': 0.0347, 'train_acc': 0.99}
{'epoch': 12, 'train_loss': 0.0113, 'train_acc': 1.0}
{'epoch': 13, 'train_loss': 0.0035, 'train_acc': 1.0}
{'epoch': 14, 'train_loss': 0.0031, 'train_acc': 1.0}
{'epoch': 15, 'train_loss': 0.0014, 'train_acc': 1.0}
{'epoch': 16, 'train_loss': 0.0015, 'train_acc': 1.0}
{'epoch': 17, 'train_loss': 0.0014, 'train_acc': 1.0}
{'epoch': 18, 'train_loss': 0.0012, 'train_acc': 1.0}
{'epoch': 19, 'train_loss': 0.0009, 'train_acc': 1.0}
{'epoch': 20, 'train_loss': 0.0014, 'train_acc': 1.0}
{'epoch': 21, 'train_loss': 0.0007, 'train_acc': 1.0}
{'epoch': 22, 'train_loss': 0.0005, 'train_acc': 1.0}
{'epoch': 23, 'train_loss': 0.0004, 'train_acc': 1.0}
{'epoch': 24, 'train_loss': 0.0009, 'train_acc': 1.0}
{'epoch': 25, 'train_loss': 0.0006, 'train_acc': 1.0}
{'epoch': 26, 'train_loss': 0.0005, 'train_acc': 1.0}
{'epoch': 27, 'train_loss': 0.0005, 'train_acc': 1.0}
{'epoch': 28, 'train_loss': 0.0004, 'train_acc': 1.0}
{'epoch': 29, 'train_loss': 0.0005, 'train_acc': 1.0}
{'epoch': 30, 'train_loss': 0.0004, 'train_acc': 1.0}
{'epoch': 31, 'train_loss': 0.0005, 'train_acc': 1.0}
{'epoch': 32, 'train_loss': 0.0004, 'train_acc': 1.0}
{'epoch': 33, 'train_loss': 0.0003, 'train_acc': 1.0}
{'epoch': 34, 'train_loss': 0.0003, 'train_acc': 1.0}
{'epoch': 35, 'train_loss': 0.0004, 'train_acc': 1.0}
{'epoch': 36, 'train_loss': 0.0003, 'train_acc': 1.0}
{'epoch': 37, 'train_loss': 0.0004, 'train_acc': 1.0}
{'epoch': 38, 'train_loss': 0.0004, 'train_acc': 1.0}
{'epoch': 39, 'train_loss': 0.0004, 'train_acc': 1.0}
{'epoch': 40, 'train_loss': 0.0003, 'train_acc': 1.0}
{'epoch': 41, 'train_loss': 0.0004, 'train_acc': 1.0}
{'epoch': 42, 'train_loss': 0.0002, 'train_acc': 1.0}
{'epoch': 43, 'train_loss': 0.0005, 'train_acc': 1.0}
{'epoch': 44, 'train_loss': 0.0003, 'train_acc': 1.0}
{'epoch': 45, 'train_loss': 0.0003, 'train_acc': 1.0}
{'epoch': 46, 'train_loss': 0.0003, 'train_acc': 1.0}
{'epoch': 47, 'train_loss': 0.0003, 'train_acc': 1.0}
{'epoch': 48, 'train_loss': 0.0002, 'train_acc': 1.0}
{'epoch': 49, 'train_loss': 0.0002, 'train_acc': 1.0}
{'epoch': 50, 'train_loss': 0.0003, 'train_acc': 1.0}
{'epoch': 51, 'train_loss': 0.0003, 'train_acc': 1.0}
{'epoch': 52, 'train_loss': 0.0003, 'train_acc': 1.0}
{'epoch': 53, 'train_loss': 0.0002, 'train_acc': 1.0}
{'epoch': 54, 'train_loss': 0.0003, 'train_acc': 1.0}
{'epoch': 55, 'train_loss': 0.0003, 'train_acc': 1.0}
{'epoch': 56, 'train_loss': 0.0004, 'train_acc': 1.0}
{'epoch': 57, 'train_loss': 0.0003, 'train_acc': 1.0}
{'epoch': 58, 'train_loss': 0.0003, 'train_acc': 1.0}
{'epoch': 59, 'train_loss': 0.0002, 'train_acc': 1.0}
{'epoch': 60, 'train_loss': 0.0003, 'train_acc': 1.0}
{'epoch': 61, 'train_loss': 0.0002, 'train_acc': 1.0}
{'epoch': 62, 'train_loss': 0.0003, 'train_acc': 1.0}
{'epoch': 63, 'train_loss': 0.0002, 'train_acc': 1.0}
{'epoch': 64, 'train_loss': 0.0002, 'train_acc': 1.0}
{'epoch': 65, 'train_loss': 0.0003, 'train_acc': 1.0}
{'epoch': 66, 'train_loss': 0.0006, 'train_acc': 1.0}
{'epoch': 67, 'train_loss': 0.0003, 'train_acc': 1.0}
{'epoch': 68, 'train_loss': 0.0003, 'train_acc': 1.0}
{'epoch': 69, 'train_loss': 0.0002, 'train_acc': 1.0}
{'epoch': 70, 'train_loss': 0.0002, 'train_acc': 1.0}
{'epoch': 71, 'train_loss': 0.0002, 'train_acc': 1.0}
{'epoch': 72, 'train_loss': 0.0006, 'train_acc': 1.0}
{'epoch': 73, 'train_loss': 0.0003, 'train_acc': 1.0}
{'epoch': 74, 'train_loss': 0.0002, 'train_acc': 1.0}
{'epoch': 75, 'train_loss': 0.0002, 'train_acc': 1.0}
{'epoch': 76, 'train_loss': 0.0002, 'train_acc': 1.0}
{'epoch': 77, 'train_loss': 0.0003, 'train_acc': 1.0}
{'epoch': 78, 'train_loss': 0.0002, 'train_acc': 1.0}
{'epoch': 79, 'train_loss': 0.0005, 'train_acc': 1.0}
{'epoch': 80, 'train_loss': 0.0003, 'train_acc': 1.0}
{'epoch': 81, 'train_loss': 0.0002, 'train_acc': 1.0}
{'epoch': 82, 'train_loss': 0.0002, 'train_acc': 1.0}
{'epoch': 83, 'train_loss': 0.0002, 'train_acc': 1.0}
{'epoch': 84, 'train_loss': 0.0003, 'train_acc': 1.0}
{'epoch': 85, 'train_loss': 0.0002, 'train_acc': 1.0}
{'epoch': 86, 'train_loss': 0.0002, 'train_acc': 1.0}
{'epoch': 87, 'train_loss': 0.0003, 'train_acc': 1.0}
{'epoch': 88, 'train_loss': 0.0004, 'train_acc': 1.0}
{'epoch': 89, 'train_loss': 0.0002, 'train_acc': 1.0}
{'epoch': 90, 'train_loss': 0.0002, 'train_acc': 1.0}
{'epoch': 91, 'train_loss': 0.0002, 'train_acc': 1.0}
{'epoch': 92, 'train_loss': 0.0003, 'train_acc': 1.0}
{'epoch': 93, 'train_loss': 0.0003, 'train_acc': 1.0}
{'epoch': 94, 'train_loss': 0.0002, 'train_acc': 1.0}
{'epoch': 95, 'train_loss': 0.0002, 'train_acc': 1.0}
{'epoch': 96, 'train_loss': 0.0002, 'train_acc': 1.0}
{'epoch': 97, 'train_loss': 0.0003, 'train_acc': 1.0}
{'epoch': 98, 'train_loss': 0.0002, 'train_acc': 1.0}
{'epoch': 99, 'train_loss': 0.0002, 'train_acc': 1.0}
{'epoch': 100, 'train_loss': 0.0002, 'train_acc': 1.0}
{'run_num': 4, 'final_test_err': 0.17263843648208466}
Files already downloaded and verified
Files already downloaded and verified
{'epoch': 1, 'train_loss': 0.6778, 'train_acc': 0.635}
{'epoch': 2, 'train_loss': 0.4136, 'train_acc': 0.835}
{'epoch': 3, 'train_loss': 0.2913, 'train_acc': 0.845}
{'epoch': 4, 'train_loss': 0.1921, 'train_acc': 0.925}
{'epoch': 5, 'train_loss': 0.0853, 'train_acc': 0.975}
{'epoch': 6, 'train_loss': 0.0412, 'train_acc': 0.99}
{'epoch': 7, 'train_loss': 0.0139, 'train_acc': 1.0}
{'epoch': 8, 'train_loss': 0.0043, 'train_acc': 1.0}
{'epoch': 9, 'train_loss': 0.0019, 'train_acc': 1.0}
{'epoch': 10, 'train_loss': 0.0011, 'train_acc': 1.0}
{'epoch': 11, 'train_loss': 0.0013, 'train_acc': 1.0}
{'epoch': 12, 'train_loss': 0.0012, 'train_acc': 1.0}
{'epoch': 13, 'train_loss': 0.001, 'train_acc': 1.0}
{'epoch': 14, 'train_loss': 0.0008, 'train_acc': 1.0}
{'epoch': 15, 'train_loss': 0.0008, 'train_acc': 1.0}
{'epoch': 16, 'train_loss': 0.0007, 'train_acc': 1.0}
{'epoch': 17, 'train_loss': 0.0007, 'train_acc': 1.0}
{'epoch': 18, 'train_loss': 0.0007, 'train_acc': 1.0}
{'epoch': 19, 'train_loss': 0.0008, 'train_acc': 1.0}
{'epoch': 20, 'train_loss': 0.0006, 'train_acc': 1.0}
{'epoch': 21, 'train_loss': 0.0004, 'train_acc': 1.0}
{'epoch': 22, 'train_loss': 0.0004, 'train_acc': 1.0}
{'epoch': 23, 'train_loss': 0.0005, 'train_acc': 1.0}
{'epoch': 24, 'train_loss': 0.0004, 'train_acc': 1.0}
{'epoch': 25, 'train_loss': 0.0004, 'train_acc': 1.0}
{'epoch': 26, 'train_loss': 0.0004, 'train_acc': 1.0}
{'epoch': 27, 'train_loss': 0.0004, 'train_acc': 1.0}
{'epoch': 28, 'train_loss': 0.0004, 'train_acc': 1.0}
{'epoch': 29, 'train_loss': 0.0004, 'train_acc': 1.0}
{'epoch': 30, 'train_loss': 0.0003, 'train_acc': 1.0}
{'epoch': 31, 'train_loss': 0.0003, 'train_acc': 1.0}
{'epoch': 32, 'train_loss': 0.0003, 'train_acc': 1.0}
{'epoch': 33, 'train_loss': 0.0003, 'train_acc': 1.0}
{'epoch': 34, 'train_loss': 0.0003, 'train_acc': 1.0}
{'epoch': 35, 'train_loss': 0.0002, 'train_acc': 1.0}
{'epoch': 36, 'train_loss': 0.0003, 'train_acc': 1.0}
{'epoch': 37, 'train_loss': 0.0003, 'train_acc': 1.0}
{'epoch': 38, 'train_loss': 0.0008, 'train_acc': 1.0}
{'epoch': 39, 'train_loss': 0.0003, 'train_acc': 1.0}
{'epoch': 40, 'train_loss': 0.0003, 'train_acc': 1.0}
{'epoch': 41, 'train_loss': 0.0003, 'train_acc': 1.0}
{'epoch': 42, 'train_loss': 0.0003, 'train_acc': 1.0}
{'epoch': 43, 'train_loss': 0.0004, 'train_acc': 1.0}
{'epoch': 44, 'train_loss': 0.0002, 'train_acc': 1.0}
{'epoch': 45, 'train_loss': 0.0003, 'train_acc': 1.0}
{'epoch': 46, 'train_loss': 0.0002, 'train_acc': 1.0}
{'epoch': 47, 'train_loss': 0.0003, 'train_acc': 1.0}
{'epoch': 48, 'train_loss': 0.0002, 'train_acc': 1.0}
{'epoch': 49, 'train_loss': 0.0002, 'train_acc': 1.0}
{'epoch': 50, 'train_loss': 0.0002, 'train_acc': 1.0}
{'epoch': 51, 'train_loss': 0.0002, 'train_acc': 1.0}
{'epoch': 52, 'train_loss': 0.0002, 'train_acc': 1.0}
{'epoch': 53, 'train_loss': 0.0003, 'train_acc': 1.0}
{'epoch': 54, 'train_loss': 0.0003, 'train_acc': 1.0}
{'epoch': 55, 'train_loss': 0.0002, 'train_acc': 1.0}
{'epoch': 56, 'train_loss': 0.0002, 'train_acc': 1.0}
{'epoch': 57, 'train_loss': 0.0002, 'train_acc': 1.0}
{'epoch': 58, 'train_loss': 0.0002, 'train_acc': 1.0}
{'epoch': 59, 'train_loss': 0.0002, 'train_acc': 1.0}
{'epoch': 60, 'train_loss': 0.0002, 'train_acc': 1.0}
{'epoch': 61, 'train_loss': 0.0002, 'train_acc': 1.0}
{'epoch': 62, 'train_loss': 0.0002, 'train_acc': 1.0}
{'epoch': 63, 'train_loss': 0.0002, 'train_acc': 1.0}
{'epoch': 64, 'train_loss': 0.0002, 'train_acc': 1.0}
{'epoch': 65, 'train_loss': 0.0002, 'train_acc': 1.0}
{'epoch': 66, 'train_loss': 0.0002, 'train_acc': 1.0}
{'epoch': 67, 'train_loss': 0.0002, 'train_acc': 1.0}
{'epoch': 68, 'train_loss': 0.0002, 'train_acc': 1.0}
{'epoch': 69, 'train_loss': 0.0002, 'train_acc': 1.0}
{'epoch': 70, 'train_loss': 0.0001, 'train_acc': 1.0}
{'epoch': 71, 'train_loss': 0.0002, 'train_acc': 1.0}
{'epoch': 72, 'train_loss': 0.0002, 'train_acc': 1.0}
{'epoch': 73, 'train_loss': 0.0002, 'train_acc': 1.0}
{'epoch': 74, 'train_loss': 0.0002, 'train_acc': 1.0}
{'epoch': 75, 'train_loss': 0.0002, 'train_acc': 1.0}
{'epoch': 76, 'train_loss': 0.0002, 'train_acc': 1.0}
{'epoch': 77, 'train_loss': 0.0002, 'train_acc': 1.0}
{'epoch': 78, 'train_loss': 0.0002, 'train_acc': 1.0}
{'epoch': 79, 'train_loss': 0.0002, 'train_acc': 1.0}
{'epoch': 80, 'train_loss': 0.0002, 'train_acc': 1.0}
{'epoch': 81, 'train_loss': 0.0002, 'train_acc': 1.0}
{'epoch': 82, 'train_loss': 0.0002, 'train_acc': 1.0}
{'epoch': 83, 'train_loss': 0.0002, 'train_acc': 1.0}
{'epoch': 84, 'train_loss': 0.0002, 'train_acc': 1.0}
{'epoch': 85, 'train_loss': 0.0002, 'train_acc': 1.0}
{'epoch': 86, 'train_loss': 0.0002, 'train_acc': 1.0}
{'epoch': 87, 'train_loss': 0.0002, 'train_acc': 1.0}
{'epoch': 88, 'train_loss': 0.0002, 'train_acc': 1.0}
{'epoch': 89, 'train_loss': 0.0002, 'train_acc': 1.0}
{'epoch': 90, 'train_loss': 0.0002, 'train_acc': 1.0}
{'epoch': 91, 'train_loss': 0.0002, 'train_acc': 1.0}
{'epoch': 92, 'train_loss': 0.0002, 'train_acc': 1.0}
{'epoch': 93, 'train_loss': 0.0002, 'train_acc': 1.0}
{'epoch': 94, 'train_loss': 0.0002, 'train_acc': 1.0}
{'epoch': 95, 'train_loss': 0.0002, 'train_acc': 1.0}
{'epoch': 96, 'train_loss': 0.0002, 'train_acc': 1.0}
{'epoch': 97, 'train_loss': 0.0002, 'train_acc': 1.0}
{'epoch': 98, 'train_loss': 0.0002, 'train_acc': 1.0}
{'epoch': 99, 'train_loss': 0.0002, 'train_acc': 1.0}
{'epoch': 100, 'train_loss': 0.0002, 'train_acc': 1.0}
{'run_num': 5, 'final_test_err': 0.16612377850162863}
Files already downloaded and verified
Files already downloaded and verified
{'epoch': 1, 'train_loss': 0.6808, 'train_acc': 0.665}
{'epoch': 2, 'train_loss': 0.3816, 'train_acc': 0.84}
{'epoch': 3, 'train_loss': 0.1966, 'train_acc': 0.905}
{'epoch': 4, 'train_loss': 0.1004, 'train_acc': 0.975}
{'epoch': 5, 'train_loss': 0.0424, 'train_acc': 1.0}
{'epoch': 6, 'train_loss': 0.0167, 'train_acc': 1.0}
{'epoch': 7, 'train_loss': 0.017, 'train_acc': 0.995}
{'epoch': 8, 'train_loss': 0.0098, 'train_acc': 1.0}
{'epoch': 9, 'train_loss': 0.0096, 'train_acc': 0.995}
{'epoch': 10, 'train_loss': 0.0027, 'train_acc': 1.0}
{'epoch': 11, 'train_loss': 0.0023, 'train_acc': 1.0}
{'epoch': 12, 'train_loss': 0.0025, 'train_acc': 1.0}
{'epoch': 13, 'train_loss': 0.001, 'train_acc': 1.0}
{'epoch': 14, 'train_loss': 0.0014, 'train_acc': 1.0}
{'epoch': 15, 'train_loss': 0.001, 'train_acc': 1.0}
{'epoch': 16, 'train_loss': 0.0012, 'train_acc': 1.0}
{'epoch': 17, 'train_loss': 0.0009, 'train_acc': 1.0}
{'epoch': 18, 'train_loss': 0.0008, 'train_acc': 1.0}
{'epoch': 19, 'train_loss': 0.001, 'train_acc': 1.0}
{'epoch': 20, 'train_loss': 0.0005, 'train_acc': 1.0}
{'epoch': 21, 'train_loss': 0.0006, 'train_acc': 1.0}
{'epoch': 22, 'train_loss': 0.0009, 'train_acc': 1.0}
{'epoch': 23, 'train_loss': 0.0005, 'train_acc': 1.0}
{'epoch': 24, 'train_loss': 0.0005, 'train_acc': 1.0}
{'epoch': 25, 'train_loss': 0.0004, 'train_acc': 1.0}
{'epoch': 26, 'train_loss': 0.0004, 'train_acc': 1.0}
{'epoch': 27, 'train_loss': 0.0004, 'train_acc': 1.0}
{'epoch': 28, 'train_loss': 0.0003, 'train_acc': 1.0}
{'epoch': 29, 'train_loss': 0.0006, 'train_acc': 1.0}
{'epoch': 30, 'train_loss': 0.0003, 'train_acc': 1.0}
{'epoch': 31, 'train_loss': 0.0003, 'train_acc': 1.0}
{'epoch': 32, 'train_loss': 0.0003, 'train_acc': 1.0}
{'epoch': 33, 'train_loss': 0.0004, 'train_acc': 1.0}
{'epoch': 34, 'train_loss': 0.0004, 'train_acc': 1.0}
{'epoch': 35, 'train_loss': 0.0004, 'train_acc': 1.0}
{'epoch': 36, 'train_loss': 0.0007, 'train_acc': 1.0}
{'epoch': 37, 'train_loss': 0.0002, 'train_acc': 1.0}
{'epoch': 38, 'train_loss': 0.0003, 'train_acc': 1.0}
{'epoch': 39, 'train_loss': 0.0004, 'train_acc': 1.0}
{'epoch': 40, 'train_loss': 0.0002, 'train_acc': 1.0}
{'epoch': 41, 'train_loss': 0.0003, 'train_acc': 1.0}
{'epoch': 42, 'train_loss': 0.0002, 'train_acc': 1.0}
{'epoch': 43, 'train_loss': 0.0004, 'train_acc': 1.0}
{'epoch': 44, 'train_loss': 0.0002, 'train_acc': 1.0}
{'epoch': 45, 'train_loss': 0.0002, 'train_acc': 1.0}
{'epoch': 46, 'train_loss': 0.0003, 'train_acc': 1.0}
{'epoch': 47, 'train_loss': 0.0002, 'train_acc': 1.0}
{'epoch': 48, 'train_loss': 0.0003, 'train_acc': 1.0}
{'epoch': 49, 'train_loss': 0.0003, 'train_acc': 1.0}
{'epoch': 50, 'train_loss': 0.0004, 'train_acc': 1.0}
{'epoch': 51, 'train_loss': 0.0004, 'train_acc': 1.0}
{'epoch': 52, 'train_loss': 0.0002, 'train_acc': 1.0}
{'epoch': 53, 'train_loss': 0.0002, 'train_acc': 1.0}
{'epoch': 54, 'train_loss': 0.0004, 'train_acc': 1.0}
{'epoch': 55, 'train_loss': 0.0003, 'train_acc': 1.0}
{'epoch': 56, 'train_loss': 0.0002, 'train_acc': 1.0}
{'epoch': 57, 'train_loss': 0.0003, 'train_acc': 1.0}
{'epoch': 58, 'train_loss': 0.0003, 'train_acc': 1.0}
{'epoch': 59, 'train_loss': 0.0003, 'train_acc': 1.0}
{'epoch': 60, 'train_loss': 0.0002, 'train_acc': 1.0}
{'epoch': 61, 'train_loss': 0.0001, 'train_acc': 1.0}
{'epoch': 62, 'train_loss': 0.0002, 'train_acc': 1.0}
{'epoch': 63, 'train_loss': 0.0002, 'train_acc': 1.0}
{'epoch': 64, 'train_loss': 0.0002, 'train_acc': 1.0}
{'epoch': 65, 'train_loss': 0.0003, 'train_acc': 1.0}
{'epoch': 66, 'train_loss': 0.0002, 'train_acc': 1.0}
{'epoch': 67, 'train_loss': 0.0004, 'train_acc': 1.0}
{'epoch': 68, 'train_loss': 0.0005, 'train_acc': 1.0}
{'epoch': 69, 'train_loss': 0.0003, 'train_acc': 1.0}
{'epoch': 70, 'train_loss': 0.0003, 'train_acc': 1.0}
{'epoch': 71, 'train_loss': 0.0002, 'train_acc': 1.0}
{'epoch': 72, 'train_loss': 0.0003, 'train_acc': 1.0}
{'epoch': 73, 'train_loss': 0.0003, 'train_acc': 1.0}
{'epoch': 74, 'train_loss': 0.0001, 'train_acc': 1.0}
{'epoch': 75, 'train_loss': 0.0002, 'train_acc': 1.0}
{'epoch': 76, 'train_loss': 0.0002, 'train_acc': 1.0}
{'epoch': 77, 'train_loss': 0.0002, 'train_acc': 1.0}
{'epoch': 78, 'train_loss': 0.0004, 'train_acc': 1.0}
{'epoch': 79, 'train_loss': 0.0001, 'train_acc': 1.0}
{'epoch': 80, 'train_loss': 0.0002, 'train_acc': 1.0}
{'epoch': 81, 'train_loss': 0.0003, 'train_acc': 1.0}
{'epoch': 82, 'train_loss': 0.0002, 'train_acc': 1.0}
{'epoch': 83, 'train_loss': 0.0002, 'train_acc': 1.0}
{'epoch': 84, 'train_loss': 0.0002, 'train_acc': 1.0}
{'epoch': 85, 'train_loss': 0.0002, 'train_acc': 1.0}
{'epoch': 86, 'train_loss': 0.0003, 'train_acc': 1.0}
{'epoch': 87, 'train_loss': 0.0002, 'train_acc': 1.0}
{'epoch': 88, 'train_loss': 0.0002, 'train_acc': 1.0}
{'epoch': 89, 'train_loss': 0.0002, 'train_acc': 1.0}
{'epoch': 90, 'train_loss': 0.0002, 'train_acc': 1.0}
{'epoch': 91, 'train_loss': 0.0002, 'train_acc': 1.0}
{'epoch': 92, 'train_loss': 0.0002, 'train_acc': 1.0}
{'epoch': 93, 'train_loss': 0.0003, 'train_acc': 1.0}
{'epoch': 94, 'train_loss': 0.0003, 'train_acc': 1.0}
{'epoch': 95, 'train_loss': 0.0002, 'train_acc': 1.0}
{'epoch': 96, 'train_loss': 0.0002, 'train_acc': 1.0}
{'epoch': 97, 'train_loss': 0.0002, 'train_acc': 1.0}
{'epoch': 98, 'train_loss': 0.0003, 'train_acc': 1.0}
{'epoch': 99, 'train_loss': 0.0001, 'train_acc': 1.0}
{'epoch': 100, 'train_loss': 0.0002, 'train_acc': 1.0}
{'run_num': 6, 'final_test_err': 0.17915309446254069}
Files already downloaded and verified
Files already downloaded and verified
{'epoch': 1, 'train_loss': 0.6768, 'train_acc': 0.68}
{'epoch': 2, 'train_loss': 0.403, 'train_acc': 0.855}
{'epoch': 3, 'train_loss': 0.2108, 'train_acc': 0.92}
{'epoch': 4, 'train_loss': 0.0957, 'train_acc': 0.97}
{'epoch': 5, 'train_loss': 0.0531, 'train_acc': 0.985}
{'epoch': 6, 'train_loss': 0.0211, 'train_acc': 0.995}
{'epoch': 7, 'train_loss': 0.0108, 'train_acc': 1.0}
{'epoch': 8, 'train_loss': 0.0093, 'train_acc': 1.0}
{'epoch': 9, 'train_loss': 0.0051, 'train_acc': 1.0}
{'epoch': 10, 'train_loss': 0.0026, 'train_acc': 1.0}
{'epoch': 11, 'train_loss': 0.0024, 'train_acc': 1.0}
{'epoch': 12, 'train_loss': 0.0019, 'train_acc': 1.0}
{'epoch': 13, 'train_loss': 0.0013, 'train_acc': 1.0}
{'epoch': 14, 'train_loss': 0.0011, 'train_acc': 1.0}
{'epoch': 15, 'train_loss': 0.0011, 'train_acc': 1.0}
{'epoch': 16, 'train_loss': 0.0013, 'train_acc': 1.0}
{'epoch': 17, 'train_loss': 0.0012, 'train_acc': 1.0}
{'epoch': 18, 'train_loss': 0.0006, 'train_acc': 1.0}
{'epoch': 19, 'train_loss': 0.0007, 'train_acc': 1.0}
{'epoch': 20, 'train_loss': 0.0005, 'train_acc': 1.0}
{'epoch': 21, 'train_loss': 0.0005, 'train_acc': 1.0}
{'epoch': 22, 'train_loss': 0.0006, 'train_acc': 1.0}
{'epoch': 23, 'train_loss': 0.001, 'train_acc': 1.0}
{'epoch': 24, 'train_loss': 0.0006, 'train_acc': 1.0}
{'epoch': 25, 'train_loss': 0.0005, 'train_acc': 1.0}
{'epoch': 26, 'train_loss': 0.0004, 'train_acc': 1.0}
{'epoch': 27, 'train_loss': 0.0004, 'train_acc': 1.0}
{'epoch': 28, 'train_loss': 0.0004, 'train_acc': 1.0}
{'epoch': 29, 'train_loss': 0.0003, 'train_acc': 1.0}
{'epoch': 30, 'train_loss': 0.0004, 'train_acc': 1.0}
{'epoch': 31, 'train_loss': 0.0003, 'train_acc': 1.0}
{'epoch': 32, 'train_loss': 0.0003, 'train_acc': 1.0}
{'epoch': 33, 'train_loss': 0.0004, 'train_acc': 1.0}
{'epoch': 34, 'train_loss': 0.0003, 'train_acc': 1.0}
{'epoch': 35, 'train_loss': 0.0004, 'train_acc': 1.0}
{'epoch': 36, 'train_loss': 0.0003, 'train_acc': 1.0}
{'epoch': 37, 'train_loss': 0.0004, 'train_acc': 1.0}
{'epoch': 38, 'train_loss': 0.0003, 'train_acc': 1.0}
{'epoch': 39, 'train_loss': 0.0003, 'train_acc': 1.0}
{'epoch': 40, 'train_loss': 0.0003, 'train_acc': 1.0}
{'epoch': 41, 'train_loss': 0.0003, 'train_acc': 1.0}
{'epoch': 42, 'train_loss': 0.0003, 'train_acc': 1.0}
{'epoch': 43, 'train_loss': 0.0004, 'train_acc': 1.0}
{'epoch': 44, 'train_loss': 0.0003, 'train_acc': 1.0}
{'epoch': 45, 'train_loss': 0.0003, 'train_acc': 1.0}
{'epoch': 46, 'train_loss': 0.0003, 'train_acc': 1.0}
{'epoch': 47, 'train_loss': 0.0003, 'train_acc': 1.0}
{'epoch': 48, 'train_loss': 0.0003, 'train_acc': 1.0}
{'epoch': 49, 'train_loss': 0.0004, 'train_acc': 1.0}
{'epoch': 50, 'train_loss': 0.0002, 'train_acc': 1.0}
{'epoch': 51, 'train_loss': 0.0003, 'train_acc': 1.0}
{'epoch': 52, 'train_loss': 0.0003, 'train_acc': 1.0}
{'epoch': 53, 'train_loss': 0.0003, 'train_acc': 1.0}
{'epoch': 54, 'train_loss': 0.0002, 'train_acc': 1.0}
{'epoch': 55, 'train_loss': 0.0003, 'train_acc': 1.0}
{'epoch': 56, 'train_loss': 0.0002, 'train_acc': 1.0}
{'epoch': 57, 'train_loss': 0.0002, 'train_acc': 1.0}
{'epoch': 58, 'train_loss': 0.0003, 'train_acc': 1.0}
{'epoch': 59, 'train_loss': 0.0003, 'train_acc': 1.0}
{'epoch': 60, 'train_loss': 0.0002, 'train_acc': 1.0}
{'epoch': 61, 'train_loss': 0.0003, 'train_acc': 1.0}
{'epoch': 62, 'train_loss': 0.0003, 'train_acc': 1.0}
{'epoch': 63, 'train_loss': 0.0002, 'train_acc': 1.0}
{'epoch': 64, 'train_loss': 0.0003, 'train_acc': 1.0}
{'epoch': 65, 'train_loss': 0.0003, 'train_acc': 1.0}
{'epoch': 66, 'train_loss': 0.0002, 'train_acc': 1.0}
{'epoch': 67, 'train_loss': 0.0002, 'train_acc': 1.0}
{'epoch': 68, 'train_loss': 0.0002, 'train_acc': 1.0}
{'epoch': 69, 'train_loss': 0.0003, 'train_acc': 1.0}
{'epoch': 70, 'train_loss': 0.0002, 'train_acc': 1.0}
{'epoch': 71, 'train_loss': 0.0002, 'train_acc': 1.0}
{'epoch': 72, 'train_loss': 0.0002, 'train_acc': 1.0}
{'epoch': 73, 'train_loss': 0.0002, 'train_acc': 1.0}
{'epoch': 74, 'train_loss': 0.0003, 'train_acc': 1.0}
{'epoch': 75, 'train_loss': 0.0003, 'train_acc': 1.0}
{'epoch': 76, 'train_loss': 0.0002, 'train_acc': 1.0}
{'epoch': 77, 'train_loss': 0.0002, 'train_acc': 1.0}
{'epoch': 78, 'train_loss': 0.0002, 'train_acc': 1.0}
{'epoch': 79, 'train_loss': 0.0002, 'train_acc': 1.0}
{'epoch': 80, 'train_loss': 0.0002, 'train_acc': 1.0}
{'epoch': 81, 'train_loss': 0.0002, 'train_acc': 1.0}
{'epoch': 82, 'train_loss': 0.0002, 'train_acc': 1.0}
{'epoch': 83, 'train_loss': 0.0001, 'train_acc': 1.0}
{'epoch': 84, 'train_loss': 0.0003, 'train_acc': 1.0}
{'epoch': 85, 'train_loss': 0.0003, 'train_acc': 1.0}
{'epoch': 86, 'train_loss': 0.0003, 'train_acc': 1.0}
{'epoch': 87, 'train_loss': 0.0002, 'train_acc': 1.0}
{'epoch': 88, 'train_loss': 0.0002, 'train_acc': 1.0}
{'epoch': 89, 'train_loss': 0.0003, 'train_acc': 1.0}
{'epoch': 90, 'train_loss': 0.0002, 'train_acc': 1.0}
{'epoch': 91, 'train_loss': 0.0002, 'train_acc': 1.0}
{'epoch': 92, 'train_loss': 0.0002, 'train_acc': 1.0}
{'epoch': 93, 'train_loss': 0.0002, 'train_acc': 1.0}
{'epoch': 94, 'train_loss': 0.0002, 'train_acc': 1.0}
{'epoch': 95, 'train_loss': 0.0002, 'train_acc': 1.0}
{'epoch': 96, 'train_loss': 0.0002, 'train_acc': 1.0}
{'epoch': 97, 'train_loss': 0.0002, 'train_acc': 1.0}
{'epoch': 98, 'train_loss': 0.0003, 'train_acc': 1.0}
{'epoch': 99, 'train_loss': 0.0003, 'train_acc': 1.0}
{'epoch': 100, 'train_loss': 0.0002, 'train_acc': 1.0}
{'run_num': 7, 'final_test_err': 0.1596091205211726}
Files already downloaded and verified
Files already downloaded and verified
{'epoch': 1, 'train_loss': 0.6915, 'train_acc': 0.645}
{'epoch': 2, 'train_loss': 0.4776, 'train_acc': 0.785}
{'epoch': 3, 'train_loss': 0.2718, 'train_acc': 0.905}
{'epoch': 4, 'train_loss': 0.1342, 'train_acc': 0.955}
{'epoch': 5, 'train_loss': 0.1282, 'train_acc': 0.95}
{'epoch': 6, 'train_loss': 0.1683, 'train_acc': 0.955}
{'epoch': 7, 'train_loss': 0.0631, 'train_acc': 0.98}
{'epoch': 8, 'train_loss': 0.0186, 'train_acc': 1.0}
{'epoch': 9, 'train_loss': 0.008, 'train_acc': 1.0}
{'epoch': 10, 'train_loss': 0.0042, 'train_acc': 1.0}
{'epoch': 11, 'train_loss': 0.0027, 'train_acc': 1.0}
{'epoch': 12, 'train_loss': 0.0095, 'train_acc': 0.995}
{'epoch': 13, 'train_loss': 0.006, 'train_acc': 1.0}
{'epoch': 14, 'train_loss': 0.0024, 'train_acc': 1.0}
{'epoch': 15, 'train_loss': 0.0017, 'train_acc': 1.0}
{'epoch': 16, 'train_loss': 0.0016, 'train_acc': 1.0}
{'epoch': 17, 'train_loss': 0.001, 'train_acc': 1.0}
{'epoch': 18, 'train_loss': 0.0015, 'train_acc': 1.0}
{'epoch': 19, 'train_loss': 0.001, 'train_acc': 1.0}
{'epoch': 20, 'train_loss': 0.0012, 'train_acc': 1.0}
{'epoch': 21, 'train_loss': 0.0007, 'train_acc': 1.0}
{'epoch': 22, 'train_loss': 0.0007, 'train_acc': 1.0}
{'epoch': 23, 'train_loss': 0.0007, 'train_acc': 1.0}
{'epoch': 24, 'train_loss': 0.0005, 'train_acc': 1.0}
{'epoch': 25, 'train_loss': 0.0006, 'train_acc': 1.0}
{'epoch': 26, 'train_loss': 0.0005, 'train_acc': 1.0}
{'epoch': 27, 'train_loss': 0.0006, 'train_acc': 1.0}
{'epoch': 28, 'train_loss': 0.0005, 'train_acc': 1.0}
{'epoch': 29, 'train_loss': 0.0005, 'train_acc': 1.0}
{'epoch': 30, 'train_loss': 0.0005, 'train_acc': 1.0}
{'epoch': 31, 'train_loss': 0.0005, 'train_acc': 1.0}
{'epoch': 32, 'train_loss': 0.0005, 'train_acc': 1.0}
{'epoch': 33, 'train_loss': 0.0004, 'train_acc': 1.0}
{'epoch': 34, 'train_loss': 0.0003, 'train_acc': 1.0}
{'epoch': 35, 'train_loss': 0.0004, 'train_acc': 1.0}
{'epoch': 36, 'train_loss': 0.0004, 'train_acc': 1.0}
{'epoch': 37, 'train_loss': 0.0004, 'train_acc': 1.0}
{'epoch': 38, 'train_loss': 0.0004, 'train_acc': 1.0}
{'epoch': 39, 'train_loss': 0.0004, 'train_acc': 1.0}
{'epoch': 40, 'train_loss': 0.0003, 'train_acc': 1.0}
{'epoch': 41, 'train_loss': 0.0003, 'train_acc': 1.0}
{'epoch': 42, 'train_loss': 0.0002, 'train_acc': 1.0}
{'epoch': 43, 'train_loss': 0.0003, 'train_acc': 1.0}
{'epoch': 44, 'train_loss': 0.0003, 'train_acc': 1.0}
{'epoch': 45, 'train_loss': 0.0006, 'train_acc': 1.0}
{'epoch': 46, 'train_loss': 0.0002, 'train_acc': 1.0}
{'epoch': 47, 'train_loss': 0.0004, 'train_acc': 1.0}
{'epoch': 48, 'train_loss': 0.0003, 'train_acc': 1.0}
{'epoch': 49, 'train_loss': 0.0002, 'train_acc': 1.0}
{'epoch': 50, 'train_loss': 0.0002, 'train_acc': 1.0}
{'epoch': 51, 'train_loss': 0.0002, 'train_acc': 1.0}
{'epoch': 52, 'train_loss': 0.0002, 'train_acc': 1.0}
{'epoch': 53, 'train_loss': 0.0004, 'train_acc': 1.0}
{'epoch': 54, 'train_loss': 0.0003, 'train_acc': 1.0}
{'epoch': 55, 'train_loss': 0.0003, 'train_acc': 1.0}
{'epoch': 56, 'train_loss': 0.0002, 'train_acc': 1.0}
{'epoch': 57, 'train_loss': 0.0002, 'train_acc': 1.0}
{'epoch': 58, 'train_loss': 0.0002, 'train_acc': 1.0}
{'epoch': 59, 'train_loss': 0.0002, 'train_acc': 1.0}
{'epoch': 60, 'train_loss': 0.0002, 'train_acc': 1.0}
{'epoch': 61, 'train_loss': 0.0002, 'train_acc': 1.0}
{'epoch': 62, 'train_loss': 0.0004, 'train_acc': 1.0}
{'epoch': 63, 'train_loss': 0.0002, 'train_acc': 1.0}
{'epoch': 64, 'train_loss': 0.0002, 'train_acc': 1.0}
{'epoch': 65, 'train_loss': 0.0002, 'train_acc': 1.0}
{'epoch': 66, 'train_loss': 0.0002, 'train_acc': 1.0}
{'epoch': 67, 'train_loss': 0.0002, 'train_acc': 1.0}
{'epoch': 68, 'train_loss': 0.0003, 'train_acc': 1.0}
{'epoch': 69, 'train_loss': 0.0003, 'train_acc': 1.0}
{'epoch': 70, 'train_loss': 0.0002, 'train_acc': 1.0}
{'epoch': 71, 'train_loss': 0.0002, 'train_acc': 1.0}
{'epoch': 72, 'train_loss': 0.0003, 'train_acc': 1.0}
{'epoch': 73, 'train_loss': 0.0002, 'train_acc': 1.0}
{'epoch': 74, 'train_loss': 0.0002, 'train_acc': 1.0}
{'epoch': 75, 'train_loss': 0.0002, 'train_acc': 1.0}
{'epoch': 76, 'train_loss': 0.0002, 'train_acc': 1.0}
{'epoch': 77, 'train_loss': 0.0003, 'train_acc': 1.0}
{'epoch': 78, 'train_loss': 0.0002, 'train_acc': 1.0}
{'epoch': 79, 'train_loss': 0.0002, 'train_acc': 1.0}
{'epoch': 80, 'train_loss': 0.0002, 'train_acc': 1.0}
{'epoch': 81, 'train_loss': 0.0002, 'train_acc': 1.0}
{'epoch': 82, 'train_loss': 0.0002, 'train_acc': 1.0}
{'epoch': 83, 'train_loss': 0.0002, 'train_acc': 1.0}
{'epoch': 84, 'train_loss': 0.0002, 'train_acc': 1.0}
{'epoch': 85, 'train_loss': 0.0003, 'train_acc': 1.0}
{'epoch': 86, 'train_loss': 0.0002, 'train_acc': 1.0}
{'epoch': 87, 'train_loss': 0.0003, 'train_acc': 1.0}
{'epoch': 88, 'train_loss': 0.0003, 'train_acc': 1.0}
{'epoch': 89, 'train_loss': 0.0002, 'train_acc': 1.0}
{'epoch': 90, 'train_loss': 0.0002, 'train_acc': 1.0}
{'epoch': 91, 'train_loss': 0.0002, 'train_acc': 1.0}
{'epoch': 92, 'train_loss': 0.0003, 'train_acc': 1.0}
{'epoch': 93, 'train_loss': 0.0002, 'train_acc': 1.0}
{'epoch': 94, 'train_loss': 0.0001, 'train_acc': 1.0}
{'epoch': 95, 'train_loss': 0.0001, 'train_acc': 1.0}
{'epoch': 96, 'train_loss': 0.0002, 'train_acc': 1.0}
{'epoch': 97, 'train_loss': 0.0002, 'train_acc': 1.0}
{'epoch': 98, 'train_loss': 0.0003, 'train_acc': 1.0}
{'epoch': 99, 'train_loss': 0.0003, 'train_acc': 1.0}
{'epoch': 100, 'train_loss': 0.0003, 'train_acc': 1.0}
{'run_num': 8, 'final_test_err': 0.14983713355048855}
Files already downloaded and verified
Files already downloaded and verified
{'epoch': 1, 'train_loss': 0.7713, 'train_acc': 0.65}
{'epoch': 2, 'train_loss': 0.3492, 'train_acc': 0.84}
{'epoch': 3, 'train_loss': 0.1914, 'train_acc': 0.915}
{'epoch': 4, 'train_loss': 0.0796, 'train_acc': 0.99}
{'epoch': 5, 'train_loss': 0.0667, 'train_acc': 0.975}
{'epoch': 6, 'train_loss': 0.022, 'train_acc': 1.0}
{'epoch': 7, 'train_loss': 0.0079, 'train_acc': 1.0}
{'epoch': 8, 'train_loss': 0.0044, 'train_acc': 1.0}
{'epoch': 9, 'train_loss': 0.0025, 'train_acc': 1.0}
{'epoch': 10, 'train_loss': 0.0023, 'train_acc': 1.0}
{'epoch': 11, 'train_loss': 0.0014, 'train_acc': 1.0}
{'epoch': 12, 'train_loss': 0.0021, 'train_acc': 1.0}
{'epoch': 13, 'train_loss': 0.0014, 'train_acc': 1.0}
{'epoch': 14, 'train_loss': 0.0011, 'train_acc': 1.0}
{'epoch': 15, 'train_loss': 0.0011, 'train_acc': 1.0}
{'epoch': 16, 'train_loss': 0.0008, 'train_acc': 1.0}
{'epoch': 17, 'train_loss': 0.0007, 'train_acc': 1.0}
{'epoch': 18, 'train_loss': 0.0006, 'train_acc': 1.0}
{'epoch': 19, 'train_loss': 0.0009, 'train_acc': 1.0}
{'epoch': 20, 'train_loss': 0.0005, 'train_acc': 1.0}
{'epoch': 21, 'train_loss': 0.0005, 'train_acc': 1.0}
{'epoch': 22, 'train_loss': 0.0008, 'train_acc': 1.0}
{'epoch': 23, 'train_loss': 0.0004, 'train_acc': 1.0}
{'epoch': 24, 'train_loss': 0.0007, 'train_acc': 1.0}
{'epoch': 25, 'train_loss': 0.0005, 'train_acc': 1.0}
{'epoch': 26, 'train_loss': 0.0005, 'train_acc': 1.0}
{'epoch': 27, 'train_loss': 0.0004, 'train_acc': 1.0}
{'epoch': 28, 'train_loss': 0.0004, 'train_acc': 1.0}
{'epoch': 29, 'train_loss': 0.0004, 'train_acc': 1.0}
{'epoch': 30, 'train_loss': 0.0003, 'train_acc': 1.0}
{'epoch': 31, 'train_loss': 0.0004, 'train_acc': 1.0}
{'epoch': 32, 'train_loss': 0.0003, 'train_acc': 1.0}
{'epoch': 33, 'train_loss': 0.0004, 'train_acc': 1.0}
{'epoch': 34, 'train_loss': 0.0004, 'train_acc': 1.0}
{'epoch': 35, 'train_loss': 0.0003, 'train_acc': 1.0}
{'epoch': 36, 'train_loss': 0.0004, 'train_acc': 1.0}
{'epoch': 37, 'train_loss': 0.0003, 'train_acc': 1.0}
{'epoch': 38, 'train_loss': 0.0003, 'train_acc': 1.0}
{'epoch': 39, 'train_loss': 0.0004, 'train_acc': 1.0}
{'epoch': 40, 'train_loss': 0.0003, 'train_acc': 1.0}
{'epoch': 41, 'train_loss': 0.0003, 'train_acc': 1.0}
{'epoch': 42, 'train_loss': 0.0003, 'train_acc': 1.0}
{'epoch': 43, 'train_loss': 0.0003, 'train_acc': 1.0}
{'epoch': 44, 'train_loss': 0.0003, 'train_acc': 1.0}
{'epoch': 45, 'train_loss': 0.0003, 'train_acc': 1.0}
{'epoch': 46, 'train_loss': 0.0003, 'train_acc': 1.0}
{'epoch': 47, 'train_loss': 0.0003, 'train_acc': 1.0}
{'epoch': 48, 'train_loss': 0.0003, 'train_acc': 1.0}
{'epoch': 49, 'train_loss': 0.0003, 'train_acc': 1.0}
{'epoch': 50, 'train_loss': 0.0003, 'train_acc': 1.0}
{'epoch': 51, 'train_loss': 0.0003, 'train_acc': 1.0}
{'epoch': 52, 'train_loss': 0.0003, 'train_acc': 1.0}
{'epoch': 53, 'train_loss': 0.0004, 'train_acc': 1.0}
{'epoch': 54, 'train_loss': 0.0003, 'train_acc': 1.0}
{'epoch': 55, 'train_loss': 0.0002, 'train_acc': 1.0}
{'epoch': 56, 'train_loss': 0.0002, 'train_acc': 1.0}
{'epoch': 57, 'train_loss': 0.0002, 'train_acc': 1.0}
{'epoch': 58, 'train_loss': 0.0002, 'train_acc': 1.0}
{'epoch': 59, 'train_loss': 0.0003, 'train_acc': 1.0}
{'epoch': 60, 'train_loss': 0.0002, 'train_acc': 1.0}
{'epoch': 61, 'train_loss': 0.0003, 'train_acc': 1.0}
{'epoch': 62, 'train_loss': 0.0003, 'train_acc': 1.0}
{'epoch': 63, 'train_loss': 0.0003, 'train_acc': 1.0}
{'epoch': 64, 'train_loss': 0.0003, 'train_acc': 1.0}
{'epoch': 65, 'train_loss': 0.0002, 'train_acc': 1.0}
{'epoch': 66, 'train_loss': 0.0002, 'train_acc': 1.0}
{'epoch': 67, 'train_loss': 0.0002, 'train_acc': 1.0}
{'epoch': 68, 'train_loss': 0.0002, 'train_acc': 1.0}
{'epoch': 69, 'train_loss': 0.0003, 'train_acc': 1.0}
{'epoch': 70, 'train_loss': 0.0003, 'train_acc': 1.0}
{'epoch': 71, 'train_loss': 0.0003, 'train_acc': 1.0}
{'epoch': 72, 'train_loss': 0.0004, 'train_acc': 1.0}
{'epoch': 73, 'train_loss': 0.0003, 'train_acc': 1.0}
{'epoch': 74, 'train_loss': 0.0002, 'train_acc': 1.0}
{'epoch': 75, 'train_loss': 0.0002, 'train_acc': 1.0}
{'epoch': 76, 'train_loss': 0.0002, 'train_acc': 1.0}
{'epoch': 77, 'train_loss': 0.0003, 'train_acc': 1.0}
{'epoch': 78, 'train_loss': 0.0002, 'train_acc': 1.0}
{'epoch': 79, 'train_loss': 0.0003, 'train_acc': 1.0}
{'epoch': 80, 'train_loss': 0.0002, 'train_acc': 1.0}
{'epoch': 81, 'train_loss': 0.0003, 'train_acc': 1.0}
{'epoch': 82, 'train_loss': 0.0002, 'train_acc': 1.0}
{'epoch': 83, 'train_loss': 0.0002, 'train_acc': 1.0}
{'epoch': 84, 'train_loss': 0.0002, 'train_acc': 1.0}
{'epoch': 85, 'train_loss': 0.0002, 'train_acc': 1.0}
{'epoch': 86, 'train_loss': 0.0003, 'train_acc': 1.0}
{'epoch': 87, 'train_loss': 0.0002, 'train_acc': 1.0}
{'epoch': 88, 'train_loss': 0.0002, 'train_acc': 1.0}
{'epoch': 89, 'train_loss': 0.0002, 'train_acc': 1.0}
{'epoch': 90, 'train_loss': 0.0002, 'train_acc': 1.0}
{'epoch': 91, 'train_loss': 0.0002, 'train_acc': 1.0}
{'epoch': 92, 'train_loss': 0.0002, 'train_acc': 1.0}
{'epoch': 93, 'train_loss': 0.0002, 'train_acc': 1.0}
{'epoch': 94, 'train_loss': 0.0002, 'train_acc': 1.0}
{'epoch': 95, 'train_loss': 0.0002, 'train_acc': 1.0}
{'epoch': 96, 'train_loss': 0.0003, 'train_acc': 1.0}
{'epoch': 97, 'train_loss': 0.0002, 'train_acc': 1.0}
{'epoch': 98, 'train_loss': 0.0002, 'train_acc': 1.0}
{'epoch': 99, 'train_loss': 0.0002, 'train_acc': 1.0}
{'epoch': 100, 'train_loss': 0.0004, 'train_acc': 1.0}
{'run_num': 9, 'final_test_err': 0.17263843648208466}
{'avg_err': 0.1889, 'std_err': 0.0438}
