{'deploy': True, 'tag': '05_ood/01_domain_net', 'seed': 10, 'device': 'cuda:0', 'reps': 10, 'loss': {'alpha': 0.5, 'tune_alpha': False, 'group_task_loss': False}, 'task': {'dataset': 'domain_net', 'task_map': [[0, 1], [2, 3], [4, 5], [6, 7], [8, 9]], 'target': 0, 'ood': [1], 'augment': False, 'n': 25, 'm_n': 1, 'beta': 0.5, 'custom_sampler': False, 'm_cinic': 1, 'm_cinic_neg': 0.0}, 'hp': {'epochs': 100, 'bs': 16, 'lr': 0.01}, 'net': 'conv'}
Files already downloaded and verified
Files already downloaded and verified
{'epoch': 1, 'train_loss': 0.9416, 'train_acc': 0.53}
{'epoch': 2, 'train_loss': 0.7997, 'train_acc': 0.59}
{'epoch': 3, 'train_loss': 0.5215, 'train_acc': 0.67}
{'epoch': 4, 'train_loss': 0.4932, 'train_acc': 0.72}
{'epoch': 5, 'train_loss': 0.3945, 'train_acc': 0.81}
{'epoch': 6, 'train_loss': 0.2923, 'train_acc': 0.87}
{'epoch': 7, 'train_loss': 0.3028, 'train_acc': 0.83}
{'epoch': 8, 'train_loss': 0.2517, 'train_acc': 0.91}
{'epoch': 9, 'train_loss': 0.2334, 'train_acc': 0.93}
{'epoch': 10, 'train_loss': 0.1542, 'train_acc': 0.93}
{'epoch': 11, 'train_loss': 0.1337, 'train_acc': 0.93}
{'epoch': 12, 'train_loss': 0.0951, 'train_acc': 0.99}
{'epoch': 13, 'train_loss': 0.0814, 'train_acc': 0.96}
{'epoch': 14, 'train_loss': 0.0529, 'train_acc': 1.0}
{'epoch': 15, 'train_loss': 0.059, 'train_acc': 0.99}
{'epoch': 16, 'train_loss': 0.0703, 'train_acc': 0.99}
{'epoch': 17, 'train_loss': 0.043, 'train_acc': 1.0}
{'epoch': 18, 'train_loss': 0.0316, 'train_acc': 1.0}
{'epoch': 19, 'train_loss': 0.0194, 'train_acc': 1.0}
{'epoch': 20, 'train_loss': 0.0235, 'train_acc': 1.0}
{'epoch': 21, 'train_loss': 0.0137, 'train_acc': 1.0}
{'epoch': 22, 'train_loss': 0.0069, 'train_acc': 1.0}
{'epoch': 23, 'train_loss': 0.0044, 'train_acc': 1.0}
{'epoch': 24, 'train_loss': 0.0057, 'train_acc': 1.0}
{'epoch': 25, 'train_loss': 0.0033, 'train_acc': 1.0}
{'epoch': 26, 'train_loss': 0.0038, 'train_acc': 1.0}
{'epoch': 27, 'train_loss': 0.0021, 'train_acc': 1.0}
{'epoch': 28, 'train_loss': 0.0024, 'train_acc': 1.0}
{'epoch': 29, 'train_loss': 0.0019, 'train_acc': 1.0}
{'epoch': 30, 'train_loss': 0.0017, 'train_acc': 1.0}
{'epoch': 31, 'train_loss': 0.0017, 'train_acc': 1.0}
{'epoch': 32, 'train_loss': 0.0017, 'train_acc': 1.0}
{'epoch': 33, 'train_loss': 0.0015, 'train_acc': 1.0}
{'epoch': 34, 'train_loss': 0.0015, 'train_acc': 1.0}
{'epoch': 35, 'train_loss': 0.0025, 'train_acc': 1.0}
{'epoch': 36, 'train_loss': 0.0049, 'train_acc': 1.0}
{'epoch': 37, 'train_loss': 0.0027, 'train_acc': 1.0}
{'epoch': 38, 'train_loss': 0.002, 'train_acc': 1.0}
{'epoch': 39, 'train_loss': 0.0019, 'train_acc': 1.0}
{'epoch': 40, 'train_loss': 0.0017, 'train_acc': 1.0}
{'epoch': 41, 'train_loss': 0.0015, 'train_acc': 1.0}
{'epoch': 42, 'train_loss': 0.0018, 'train_acc': 1.0}
{'epoch': 43, 'train_loss': 0.0013, 'train_acc': 1.0}
{'epoch': 44, 'train_loss': 0.0014, 'train_acc': 1.0}
{'epoch': 45, 'train_loss': 0.0012, 'train_acc': 1.0}
{'epoch': 46, 'train_loss': 0.0011, 'train_acc': 1.0}
{'epoch': 47, 'train_loss': 0.0011, 'train_acc': 1.0}
{'epoch': 48, 'train_loss': 0.0013, 'train_acc': 1.0}
{'epoch': 49, 'train_loss': 0.0008, 'train_acc': 1.0}
{'epoch': 50, 'train_loss': 0.0013, 'train_acc': 1.0}
{'epoch': 51, 'train_loss': 0.0008, 'train_acc': 1.0}
{'epoch': 52, 'train_loss': 0.0011, 'train_acc': 1.0}
{'epoch': 53, 'train_loss': 0.0009, 'train_acc': 1.0}
{'epoch': 54, 'train_loss': 0.001, 'train_acc': 1.0}
{'epoch': 55, 'train_loss': 0.001, 'train_acc': 1.0}
{'epoch': 56, 'train_loss': 0.0007, 'train_acc': 1.0}
{'epoch': 57, 'train_loss': 0.0008, 'train_acc': 1.0}
{'epoch': 58, 'train_loss': 0.0005, 'train_acc': 1.0}
{'epoch': 59, 'train_loss': 0.001, 'train_acc': 1.0}
{'epoch': 60, 'train_loss': 0.0007, 'train_acc': 1.0}
{'epoch': 61, 'train_loss': 0.0017, 'train_acc': 1.0}
{'epoch': 62, 'train_loss': 0.0014, 'train_acc': 1.0}
{'epoch': 63, 'train_loss': 0.0012, 'train_acc': 1.0}
{'epoch': 64, 'train_loss': 0.0019, 'train_acc': 1.0}
{'epoch': 65, 'train_loss': 0.0009, 'train_acc': 1.0}
{'epoch': 66, 'train_loss': 0.0009, 'train_acc': 1.0}
{'epoch': 67, 'train_loss': 0.001, 'train_acc': 1.0}
{'epoch': 68, 'train_loss': 0.001, 'train_acc': 1.0}
{'epoch': 69, 'train_loss': 0.0009, 'train_acc': 1.0}
{'epoch': 70, 'train_loss': 0.0011, 'train_acc': 1.0}
{'epoch': 71, 'train_loss': 0.0007, 'train_acc': 1.0}
{'epoch': 72, 'train_loss': 0.0007, 'train_acc': 1.0}
{'epoch': 73, 'train_loss': 0.0008, 'train_acc': 1.0}
{'epoch': 74, 'train_loss': 0.001, 'train_acc': 1.0}
{'epoch': 75, 'train_loss': 0.0008, 'train_acc': 1.0}
{'epoch': 76, 'train_loss': 0.001, 'train_acc': 1.0}
{'epoch': 77, 'train_loss': 0.0008, 'train_acc': 1.0}
{'epoch': 78, 'train_loss': 0.0009, 'train_acc': 1.0}
{'epoch': 79, 'train_loss': 0.0008, 'train_acc': 1.0}
{'epoch': 80, 'train_loss': 0.0007, 'train_acc': 1.0}
{'epoch': 81, 'train_loss': 0.0006, 'train_acc': 1.0}
{'epoch': 82, 'train_loss': 0.0008, 'train_acc': 1.0}
{'epoch': 83, 'train_loss': 0.0007, 'train_acc': 1.0}
{'epoch': 84, 'train_loss': 0.0022, 'train_acc': 1.0}
{'epoch': 85, 'train_loss': 0.0011, 'train_acc': 1.0}
{'epoch': 86, 'train_loss': 0.0008, 'train_acc': 1.0}
{'epoch': 87, 'train_loss': 0.0014, 'train_acc': 1.0}
{'epoch': 88, 'train_loss': 0.0009, 'train_acc': 1.0}
{'epoch': 89, 'train_loss': 0.0006, 'train_acc': 1.0}
{'epoch': 90, 'train_loss': 0.0007, 'train_acc': 1.0}
{'epoch': 91, 'train_loss': 0.0008, 'train_acc': 1.0}
{'epoch': 92, 'train_loss': 0.0008, 'train_acc': 1.0}
{'epoch': 93, 'train_loss': 0.0008, 'train_acc': 1.0}
{'epoch': 94, 'train_loss': 0.0007, 'train_acc': 1.0}
{'epoch': 95, 'train_loss': 0.0008, 'train_acc': 1.0}
{'epoch': 96, 'train_loss': 0.0008, 'train_acc': 1.0}
{'epoch': 97, 'train_loss': 0.0007, 'train_acc': 1.0}
{'epoch': 98, 'train_loss': 0.0007, 'train_acc': 1.0}
{'epoch': 99, 'train_loss': 0.0009, 'train_acc': 1.0}
{'epoch': 100, 'train_loss': 0.0007, 'train_acc': 1.0}
{'run_num': 0, 'final_test_err': 0.250814332247557}
Files already downloaded and verified
Files already downloaded and verified
{'epoch': 1, 'train_loss': 0.915, 'train_acc': 0.47}
{'epoch': 2, 'train_loss': 0.7396, 'train_acc': 0.6}
{'epoch': 3, 'train_loss': 0.5622, 'train_acc': 0.75}
{'epoch': 4, 'train_loss': 0.5288, 'train_acc': 0.79}
{'epoch': 5, 'train_loss': 0.3374, 'train_acc': 0.83}
{'epoch': 6, 'train_loss': 0.1695, 'train_acc': 0.93}
{'epoch': 7, 'train_loss': 0.1479, 'train_acc': 0.94}
{'epoch': 8, 'train_loss': 0.0767, 'train_acc': 1.0}
{'epoch': 9, 'train_loss': 0.0452, 'train_acc': 0.99}
{'epoch': 10, 'train_loss': 0.0307, 'train_acc': 1.0}
{'epoch': 11, 'train_loss': 0.0247, 'train_acc': 1.0}
{'epoch': 12, 'train_loss': 0.0198, 'train_acc': 1.0}
{'epoch': 13, 'train_loss': 0.0173, 'train_acc': 1.0}
{'epoch': 14, 'train_loss': 0.0193, 'train_acc': 1.0}
{'epoch': 15, 'train_loss': 0.0171, 'train_acc': 1.0}
{'epoch': 16, 'train_loss': 0.0098, 'train_acc': 1.0}
{'epoch': 17, 'train_loss': 0.0103, 'train_acc': 1.0}
{'epoch': 18, 'train_loss': 0.0058, 'train_acc': 1.0}
{'epoch': 19, 'train_loss': 0.0056, 'train_acc': 1.0}
{'epoch': 20, 'train_loss': 0.006, 'train_acc': 1.0}
{'epoch': 21, 'train_loss': 0.004, 'train_acc': 1.0}
{'epoch': 22, 'train_loss': 0.0065, 'train_acc': 1.0}
{'epoch': 23, 'train_loss': 0.0032, 'train_acc': 1.0}
{'epoch': 24, 'train_loss': 0.0044, 'train_acc': 1.0}
{'epoch': 25, 'train_loss': 0.0033, 'train_acc': 1.0}
{'epoch': 26, 'train_loss': 0.0025, 'train_acc': 1.0}
{'epoch': 27, 'train_loss': 0.0021, 'train_acc': 1.0}
{'epoch': 28, 'train_loss': 0.0017, 'train_acc': 1.0}
{'epoch': 29, 'train_loss': 0.0021, 'train_acc': 1.0}
{'epoch': 30, 'train_loss': 0.0034, 'train_acc': 1.0}
{'epoch': 31, 'train_loss': 0.0038, 'train_acc': 1.0}
{'epoch': 32, 'train_loss': 0.0058, 'train_acc': 1.0}
{'epoch': 33, 'train_loss': 0.0065, 'train_acc': 1.0}
{'epoch': 34, 'train_loss': 0.0044, 'train_acc': 1.0}
{'epoch': 35, 'train_loss': 0.0051, 'train_acc': 1.0}
{'epoch': 36, 'train_loss': 0.004, 'train_acc': 1.0}
{'epoch': 37, 'train_loss': 0.0047, 'train_acc': 1.0}
{'epoch': 38, 'train_loss': 0.0036, 'train_acc': 1.0}
{'epoch': 39, 'train_loss': 0.0038, 'train_acc': 1.0}
{'epoch': 40, 'train_loss': 0.0034, 'train_acc': 1.0}
{'epoch': 41, 'train_loss': 0.0029, 'train_acc': 1.0}
{'epoch': 42, 'train_loss': 0.0036, 'train_acc': 1.0}
{'epoch': 43, 'train_loss': 0.002, 'train_acc': 1.0}
{'epoch': 44, 'train_loss': 0.0014, 'train_acc': 1.0}
{'epoch': 45, 'train_loss': 0.0022, 'train_acc': 1.0}
{'epoch': 46, 'train_loss': 0.002, 'train_acc': 1.0}
{'epoch': 47, 'train_loss': 0.0014, 'train_acc': 1.0}
{'epoch': 48, 'train_loss': 0.0017, 'train_acc': 1.0}
{'epoch': 49, 'train_loss': 0.0011, 'train_acc': 1.0}
{'epoch': 50, 'train_loss': 0.0017, 'train_acc': 1.0}
{'epoch': 51, 'train_loss': 0.001, 'train_acc': 1.0}
{'epoch': 52, 'train_loss': 0.0012, 'train_acc': 1.0}
{'epoch': 53, 'train_loss': 0.001, 'train_acc': 1.0}
{'epoch': 54, 'train_loss': 0.0012, 'train_acc': 1.0}
{'epoch': 55, 'train_loss': 0.0009, 'train_acc': 1.0}
{'epoch': 56, 'train_loss': 0.0008, 'train_acc': 1.0}
{'epoch': 57, 'train_loss': 0.0011, 'train_acc': 1.0}
{'epoch': 58, 'train_loss': 0.001, 'train_acc': 1.0}
{'epoch': 59, 'train_loss': 0.0008, 'train_acc': 1.0}
{'epoch': 60, 'train_loss': 0.0009, 'train_acc': 1.0}
{'epoch': 61, 'train_loss': 0.001, 'train_acc': 1.0}
{'epoch': 62, 'train_loss': 0.0014, 'train_acc': 1.0}
{'epoch': 63, 'train_loss': 0.0008, 'train_acc': 1.0}
{'epoch': 64, 'train_loss': 0.0008, 'train_acc': 1.0}
{'epoch': 65, 'train_loss': 0.0009, 'train_acc': 1.0}
{'epoch': 66, 'train_loss': 0.0011, 'train_acc': 1.0}
{'epoch': 67, 'train_loss': 0.0007, 'train_acc': 1.0}
{'epoch': 68, 'train_loss': 0.0006, 'train_acc': 1.0}
{'epoch': 69, 'train_loss': 0.0017, 'train_acc': 1.0}
{'epoch': 70, 'train_loss': 0.0012, 'train_acc': 1.0}
{'epoch': 71, 'train_loss': 0.0008, 'train_acc': 1.0}
{'epoch': 72, 'train_loss': 0.0007, 'train_acc': 1.0}
{'epoch': 73, 'train_loss': 0.0008, 'train_acc': 1.0}
{'epoch': 74, 'train_loss': 0.0008, 'train_acc': 1.0}
{'epoch': 75, 'train_loss': 0.0007, 'train_acc': 1.0}
{'epoch': 76, 'train_loss': 0.0011, 'train_acc': 1.0}
{'epoch': 77, 'train_loss': 0.0007, 'train_acc': 1.0}
{'epoch': 78, 'train_loss': 0.0009, 'train_acc': 1.0}
{'epoch': 79, 'train_loss': 0.0011, 'train_acc': 1.0}
{'epoch': 80, 'train_loss': 0.0007, 'train_acc': 1.0}
{'epoch': 81, 'train_loss': 0.0007, 'train_acc': 1.0}
{'epoch': 82, 'train_loss': 0.0006, 'train_acc': 1.0}
{'epoch': 83, 'train_loss': 0.0005, 'train_acc': 1.0}
{'epoch': 84, 'train_loss': 0.0008, 'train_acc': 1.0}
{'epoch': 85, 'train_loss': 0.0007, 'train_acc': 1.0}
{'epoch': 86, 'train_loss': 0.0007, 'train_acc': 1.0}
{'epoch': 87, 'train_loss': 0.0008, 'train_acc': 1.0}
{'epoch': 88, 'train_loss': 0.0007, 'train_acc': 1.0}
{'epoch': 89, 'train_loss': 0.0012, 'train_acc': 1.0}
{'epoch': 90, 'train_loss': 0.0008, 'train_acc': 1.0}
{'epoch': 91, 'train_loss': 0.0007, 'train_acc': 1.0}
{'epoch': 92, 'train_loss': 0.0009, 'train_acc': 1.0}
{'epoch': 93, 'train_loss': 0.0006, 'train_acc': 1.0}
{'epoch': 94, 'train_loss': 0.0008, 'train_acc': 1.0}
{'epoch': 95, 'train_loss': 0.0007, 'train_acc': 1.0}
{'epoch': 96, 'train_loss': 0.0006, 'train_acc': 1.0}
{'epoch': 97, 'train_loss': 0.0012, 'train_acc': 1.0}
{'epoch': 98, 'train_loss': 0.0008, 'train_acc': 1.0}
{'epoch': 99, 'train_loss': 0.0015, 'train_acc': 1.0}
{'epoch': 100, 'train_loss': 0.0008, 'train_acc': 1.0}
{'run_num': 1, 'final_test_err': 0.23127035830618892}
Files already downloaded and verified
Files already downloaded and verified
{'epoch': 1, 'train_loss': 0.8858, 'train_acc': 0.51}
{'epoch': 2, 'train_loss': 0.4568, 'train_acc': 0.75}
{'epoch': 3, 'train_loss': 0.4267, 'train_acc': 0.79}
{'epoch': 4, 'train_loss': 0.3422, 'train_acc': 0.82}
{'epoch': 5, 'train_loss': 0.192, 'train_acc': 0.91}
{'epoch': 6, 'train_loss': 0.1379, 'train_acc': 0.96}
{'epoch': 7, 'train_loss': 0.1008, 'train_acc': 0.97}
{'epoch': 8, 'train_loss': 0.0895, 'train_acc': 0.98}
{'epoch': 9, 'train_loss': 0.0739, 'train_acc': 0.99}
{'epoch': 10, 'train_loss': 0.0547, 'train_acc': 0.99}
{'epoch': 11, 'train_loss': 0.0437, 'train_acc': 0.98}
{'epoch': 12, 'train_loss': 0.0311, 'train_acc': 0.99}
{'epoch': 13, 'train_loss': 0.0268, 'train_acc': 1.0}
{'epoch': 14, 'train_loss': 0.0384, 'train_acc': 0.99}
{'epoch': 15, 'train_loss': 0.049, 'train_acc': 0.98}
{'epoch': 16, 'train_loss': 0.0292, 'train_acc': 0.99}
{'epoch': 17, 'train_loss': 0.0204, 'train_acc': 1.0}
{'epoch': 18, 'train_loss': 0.0197, 'train_acc': 1.0}
{'epoch': 19, 'train_loss': 0.0158, 'train_acc': 1.0}
{'epoch': 20, 'train_loss': 0.0096, 'train_acc': 1.0}
{'epoch': 21, 'train_loss': 0.0094, 'train_acc': 1.0}
{'epoch': 22, 'train_loss': 0.0058, 'train_acc': 1.0}
{'epoch': 23, 'train_loss': 0.0067, 'train_acc': 1.0}
{'epoch': 24, 'train_loss': 0.0076, 'train_acc': 1.0}
{'epoch': 25, 'train_loss': 0.004, 'train_acc': 1.0}
{'epoch': 26, 'train_loss': 0.0029, 'train_acc': 1.0}
{'epoch': 27, 'train_loss': 0.0023, 'train_acc': 1.0}
{'epoch': 28, 'train_loss': 0.0025, 'train_acc': 1.0}
{'epoch': 29, 'train_loss': 0.0019, 'train_acc': 1.0}
{'epoch': 30, 'train_loss': 0.0021, 'train_acc': 1.0}
{'epoch': 31, 'train_loss': 0.0019, 'train_acc': 1.0}
{'epoch': 32, 'train_loss': 0.0021, 'train_acc': 1.0}
{'epoch': 33, 'train_loss': 0.0014, 'train_acc': 1.0}
{'epoch': 34, 'train_loss': 0.0022, 'train_acc': 1.0}
{'epoch': 35, 'train_loss': 0.0013, 'train_acc': 1.0}
{'epoch': 36, 'train_loss': 0.0011, 'train_acc': 1.0}
{'epoch': 37, 'train_loss': 0.0009, 'train_acc': 1.0}
{'epoch': 38, 'train_loss': 0.0011, 'train_acc': 1.0}
{'epoch': 39, 'train_loss': 0.0012, 'train_acc': 1.0}
{'epoch': 40, 'train_loss': 0.0009, 'train_acc': 1.0}
{'epoch': 41, 'train_loss': 0.005, 'train_acc': 1.0}
{'epoch': 42, 'train_loss': 0.0179, 'train_acc': 0.99}
{'epoch': 43, 'train_loss': 0.0097, 'train_acc': 1.0}
{'epoch': 44, 'train_loss': 0.0067, 'train_acc': 1.0}
{'epoch': 45, 'train_loss': 0.0043, 'train_acc': 1.0}
{'epoch': 46, 'train_loss': 0.0033, 'train_acc': 1.0}
{'epoch': 47, 'train_loss': 0.0031, 'train_acc': 1.0}
{'epoch': 48, 'train_loss': 0.0025, 'train_acc': 1.0}
{'epoch': 49, 'train_loss': 0.0046, 'train_acc': 1.0}
{'epoch': 50, 'train_loss': 0.0024, 'train_acc': 1.0}
{'epoch': 51, 'train_loss': 0.0042, 'train_acc': 1.0}
{'epoch': 52, 'train_loss': 0.0023, 'train_acc': 1.0}
{'epoch': 53, 'train_loss': 0.0021, 'train_acc': 1.0}
{'epoch': 54, 'train_loss': 0.0022, 'train_acc': 1.0}
{'epoch': 55, 'train_loss': 0.0018, 'train_acc': 1.0}
{'epoch': 56, 'train_loss': 0.0022, 'train_acc': 1.0}
{'epoch': 57, 'train_loss': 0.0014, 'train_acc': 1.0}
{'epoch': 58, 'train_loss': 0.0015, 'train_acc': 1.0}
{'epoch': 59, 'train_loss': 0.0018, 'train_acc': 1.0}
{'epoch': 60, 'train_loss': 0.0016, 'train_acc': 1.0}
{'epoch': 61, 'train_loss': 0.0024, 'train_acc': 1.0}
{'epoch': 62, 'train_loss': 0.0029, 'train_acc': 1.0}
{'epoch': 63, 'train_loss': 0.0016, 'train_acc': 1.0}
{'epoch': 64, 'train_loss': 0.0013, 'train_acc': 1.0}
{'epoch': 65, 'train_loss': 0.003, 'train_acc': 1.0}
{'epoch': 66, 'train_loss': 0.0009, 'train_acc': 1.0}
{'epoch': 67, 'train_loss': 0.0014, 'train_acc': 1.0}
{'epoch': 68, 'train_loss': 0.0012, 'train_acc': 1.0}
{'epoch': 69, 'train_loss': 0.0009, 'train_acc': 1.0}
{'epoch': 70, 'train_loss': 0.0013, 'train_acc': 1.0}
{'epoch': 71, 'train_loss': 0.0018, 'train_acc': 1.0}
{'epoch': 72, 'train_loss': 0.001, 'train_acc': 1.0}
{'epoch': 73, 'train_loss': 0.0014, 'train_acc': 1.0}
{'epoch': 74, 'train_loss': 0.0011, 'train_acc': 1.0}
{'epoch': 75, 'train_loss': 0.0018, 'train_acc': 1.0}
{'epoch': 76, 'train_loss': 0.0009, 'train_acc': 1.0}
{'epoch': 77, 'train_loss': 0.0009, 'train_acc': 1.0}
{'epoch': 78, 'train_loss': 0.0015, 'train_acc': 1.0}
{'epoch': 79, 'train_loss': 0.0009, 'train_acc': 1.0}
{'epoch': 80, 'train_loss': 0.0009, 'train_acc': 1.0}
{'epoch': 81, 'train_loss': 0.0012, 'train_acc': 1.0}
{'epoch': 82, 'train_loss': 0.0014, 'train_acc': 1.0}
{'epoch': 83, 'train_loss': 0.0013, 'train_acc': 1.0}
{'epoch': 84, 'train_loss': 0.001, 'train_acc': 1.0}
{'epoch': 85, 'train_loss': 0.0009, 'train_acc': 1.0}
{'epoch': 86, 'train_loss': 0.0012, 'train_acc': 1.0}
{'epoch': 87, 'train_loss': 0.0012, 'train_acc': 1.0}
{'epoch': 88, 'train_loss': 0.0013, 'train_acc': 1.0}
{'epoch': 89, 'train_loss': 0.0011, 'train_acc': 1.0}
{'epoch': 90, 'train_loss': 0.0008, 'train_acc': 1.0}
{'epoch': 91, 'train_loss': 0.0009, 'train_acc': 1.0}
{'epoch': 92, 'train_loss': 0.0012, 'train_acc': 1.0}
{'epoch': 93, 'train_loss': 0.0007, 'train_acc': 1.0}
{'epoch': 94, 'train_loss': 0.0008, 'train_acc': 1.0}
{'epoch': 95, 'train_loss': 0.001, 'train_acc': 1.0}
{'epoch': 96, 'train_loss': 0.0012, 'train_acc': 1.0}
{'epoch': 97, 'train_loss': 0.0009, 'train_acc': 1.0}
{'epoch': 98, 'train_loss': 0.001, 'train_acc': 1.0}
{'epoch': 99, 'train_loss': 0.0008, 'train_acc': 1.0}
{'epoch': 100, 'train_loss': 0.0008, 'train_acc': 1.0}
{'run_num': 2, 'final_test_err': 0.19543973941368076}
Files already downloaded and verified
Files already downloaded and verified
{'epoch': 1, 'train_loss': 0.6958, 'train_acc': 0.62}
{'epoch': 2, 'train_loss': 0.4961, 'train_acc': 0.74}
{'epoch': 3, 'train_loss': 0.4015, 'train_acc': 0.78}
{'epoch': 4, 'train_loss': 0.2528, 'train_acc': 0.89}
{'epoch': 5, 'train_loss': 0.1893, 'train_acc': 0.92}
{'epoch': 6, 'train_loss': 0.1586, 'train_acc': 0.94}
{'epoch': 7, 'train_loss': 0.157, 'train_acc': 0.92}
{'epoch': 8, 'train_loss': 0.1431, 'train_acc': 0.94}
{'epoch': 9, 'train_loss': 0.0888, 'train_acc': 0.96}
{'epoch': 10, 'train_loss': 0.071, 'train_acc': 0.98}
{'epoch': 11, 'train_loss': 0.0767, 'train_acc': 0.96}
{'epoch': 12, 'train_loss': 0.0593, 'train_acc': 0.98}
{'epoch': 13, 'train_loss': 0.0586, 'train_acc': 0.99}
{'epoch': 14, 'train_loss': 0.0414, 'train_acc': 0.99}
{'epoch': 15, 'train_loss': 0.0329, 'train_acc': 1.0}
{'epoch': 16, 'train_loss': 0.0177, 'train_acc': 1.0}
{'epoch': 17, 'train_loss': 0.0139, 'train_acc': 1.0}
{'epoch': 18, 'train_loss': 0.0108, 'train_acc': 1.0}
{'epoch': 19, 'train_loss': 0.0082, 'train_acc': 1.0}
{'epoch': 20, 'train_loss': 0.0047, 'train_acc': 1.0}
{'epoch': 21, 'train_loss': 0.0045, 'train_acc': 1.0}
{'epoch': 22, 'train_loss': 0.0051, 'train_acc': 1.0}
{'epoch': 23, 'train_loss': 0.0033, 'train_acc': 1.0}
{'epoch': 24, 'train_loss': 0.0023, 'train_acc': 1.0}
{'epoch': 25, 'train_loss': 0.0022, 'train_acc': 1.0}
{'epoch': 26, 'train_loss': 0.0021, 'train_acc': 1.0}
{'epoch': 27, 'train_loss': 0.0018, 'train_acc': 1.0}
{'epoch': 28, 'train_loss': 0.0018, 'train_acc': 1.0}
{'epoch': 29, 'train_loss': 0.0018, 'train_acc': 1.0}
{'epoch': 30, 'train_loss': 0.0021, 'train_acc': 1.0}
{'epoch': 31, 'train_loss': 0.0015, 'train_acc': 1.0}
{'epoch': 32, 'train_loss': 0.0015, 'train_acc': 1.0}
{'epoch': 33, 'train_loss': 0.0018, 'train_acc': 1.0}
{'epoch': 34, 'train_loss': 0.0015, 'train_acc': 1.0}
{'epoch': 35, 'train_loss': 0.0014, 'train_acc': 1.0}
{'epoch': 36, 'train_loss': 0.0014, 'train_acc': 1.0}
{'epoch': 37, 'train_loss': 0.0016, 'train_acc': 1.0}
{'epoch': 38, 'train_loss': 0.0013, 'train_acc': 1.0}
{'epoch': 39, 'train_loss': 0.0011, 'train_acc': 1.0}
{'epoch': 40, 'train_loss': 0.0016, 'train_acc': 1.0}
{'epoch': 41, 'train_loss': 0.0022, 'train_acc': 1.0}
{'epoch': 42, 'train_loss': 0.0015, 'train_acc': 1.0}
{'epoch': 43, 'train_loss': 0.0012, 'train_acc': 1.0}
{'epoch': 44, 'train_loss': 0.0013, 'train_acc': 1.0}
{'epoch': 45, 'train_loss': 0.0014, 'train_acc': 1.0}
{'epoch': 46, 'train_loss': 0.0013, 'train_acc': 1.0}
{'epoch': 47, 'train_loss': 0.0016, 'train_acc': 1.0}
{'epoch': 48, 'train_loss': 0.001, 'train_acc': 1.0}
{'epoch': 49, 'train_loss': 0.0013, 'train_acc': 1.0}
{'epoch': 50, 'train_loss': 0.0021, 'train_acc': 1.0}
{'epoch': 51, 'train_loss': 0.0009, 'train_acc': 1.0}
{'epoch': 52, 'train_loss': 0.0015, 'train_acc': 1.0}
{'epoch': 53, 'train_loss': 0.0015, 'train_acc': 1.0}
{'epoch': 54, 'train_loss': 0.0013, 'train_acc': 1.0}
{'epoch': 55, 'train_loss': 0.001, 'train_acc': 1.0}
{'epoch': 56, 'train_loss': 0.0011, 'train_acc': 1.0}
{'epoch': 57, 'train_loss': 0.001, 'train_acc': 1.0}
{'epoch': 58, 'train_loss': 0.0011, 'train_acc': 1.0}
{'epoch': 59, 'train_loss': 0.0009, 'train_acc': 1.0}
{'epoch': 60, 'train_loss': 0.0012, 'train_acc': 1.0}
{'epoch': 61, 'train_loss': 0.0007, 'train_acc': 1.0}
{'epoch': 62, 'train_loss': 0.0007, 'train_acc': 1.0}
{'epoch': 63, 'train_loss': 0.0007, 'train_acc': 1.0}
{'epoch': 64, 'train_loss': 0.0006, 'train_acc': 1.0}
{'epoch': 65, 'train_loss': 0.0006, 'train_acc': 1.0}
{'epoch': 66, 'train_loss': 0.0006, 'train_acc': 1.0}
{'epoch': 67, 'train_loss': 0.0009, 'train_acc': 1.0}
{'epoch': 68, 'train_loss': 0.0006, 'train_acc': 1.0}
{'epoch': 69, 'train_loss': 0.0006, 'train_acc': 1.0}
{'epoch': 70, 'train_loss': 0.0006, 'train_acc': 1.0}
{'epoch': 71, 'train_loss': 0.0007, 'train_acc': 1.0}
{'epoch': 72, 'train_loss': 0.0006, 'train_acc': 1.0}
{'epoch': 73, 'train_loss': 0.0005, 'train_acc': 1.0}
{'epoch': 74, 'train_loss': 0.0009, 'train_acc': 1.0}
{'epoch': 75, 'train_loss': 0.0006, 'train_acc': 1.0}
{'epoch': 76, 'train_loss': 0.0006, 'train_acc': 1.0}
{'epoch': 77, 'train_loss': 0.0005, 'train_acc': 1.0}
{'epoch': 78, 'train_loss': 0.0007, 'train_acc': 1.0}
{'epoch': 79, 'train_loss': 0.0006, 'train_acc': 1.0}
{'epoch': 80, 'train_loss': 0.0006, 'train_acc': 1.0}
{'epoch': 81, 'train_loss': 0.0009, 'train_acc': 1.0}
{'epoch': 82, 'train_loss': 0.0006, 'train_acc': 1.0}
{'epoch': 83, 'train_loss': 0.0005, 'train_acc': 1.0}
{'epoch': 84, 'train_loss': 0.0005, 'train_acc': 1.0}
{'epoch': 85, 'train_loss': 0.0006, 'train_acc': 1.0}
{'epoch': 86, 'train_loss': 0.0005, 'train_acc': 1.0}
{'epoch': 87, 'train_loss': 0.0006, 'train_acc': 1.0}
{'epoch': 88, 'train_loss': 0.0009, 'train_acc': 1.0}
{'epoch': 89, 'train_loss': 0.0006, 'train_acc': 1.0}
{'epoch': 90, 'train_loss': 0.0007, 'train_acc': 1.0}
{'epoch': 91, 'train_loss': 0.0005, 'train_acc': 1.0}
{'epoch': 92, 'train_loss': 0.0006, 'train_acc': 1.0}
{'epoch': 93, 'train_loss': 0.0006, 'train_acc': 1.0}
{'epoch': 94, 'train_loss': 0.0006, 'train_acc': 1.0}
{'epoch': 95, 'train_loss': 0.001, 'train_acc': 1.0}
{'epoch': 96, 'train_loss': 0.0008, 'train_acc': 1.0}
{'epoch': 97, 'train_loss': 0.0007, 'train_acc': 1.0}
{'epoch': 98, 'train_loss': 0.0006, 'train_acc': 1.0}
{'epoch': 99, 'train_loss': 0.0007, 'train_acc': 1.0}
{'epoch': 100, 'train_loss': 0.0007, 'train_acc': 1.0}
{'run_num': 3, 'final_test_err': 0.16938110749185664}
Files already downloaded and verified
Files already downloaded and verified
{'epoch': 1, 'train_loss': 0.7233, 'train_acc': 0.54}
{'epoch': 2, 'train_loss': 0.4767, 'train_acc': 0.75}
{'epoch': 3, 'train_loss': 0.4631, 'train_acc': 0.77}
{'epoch': 4, 'train_loss': 0.3595, 'train_acc': 0.82}
{'epoch': 5, 'train_loss': 0.3849, 'train_acc': 0.85}
{'epoch': 6, 'train_loss': 0.211, 'train_acc': 0.89}
{'epoch': 7, 'train_loss': 0.2061, 'train_acc': 0.92}
{'epoch': 8, 'train_loss': 0.156, 'train_acc': 0.93}
{'epoch': 9, 'train_loss': 0.3828, 'train_acc': 0.83}
{'epoch': 10, 'train_loss': 0.3874, 'train_acc': 0.86}
{'epoch': 11, 'train_loss': 0.1208, 'train_acc': 0.94}
{'epoch': 12, 'train_loss': 0.059, 'train_acc': 0.99}
{'epoch': 13, 'train_loss': 0.0676, 'train_acc': 0.98}
{'epoch': 14, 'train_loss': 0.1298, 'train_acc': 0.96}
{'epoch': 15, 'train_loss': 0.1178, 'train_acc': 0.95}
{'epoch': 16, 'train_loss': 0.0773, 'train_acc': 0.96}
{'epoch': 17, 'train_loss': 0.0817, 'train_acc': 0.96}
{'epoch': 18, 'train_loss': 0.038, 'train_acc': 1.0}
{'epoch': 19, 'train_loss': 0.0539, 'train_acc': 0.98}
{'epoch': 20, 'train_loss': 0.0212, 'train_acc': 1.0}
{'epoch': 21, 'train_loss': 0.0493, 'train_acc': 0.97}
{'epoch': 22, 'train_loss': 0.0481, 'train_acc': 0.98}
{'epoch': 23, 'train_loss': 0.1334, 'train_acc': 0.93}
{'epoch': 24, 'train_loss': 0.02, 'train_acc': 1.0}
{'epoch': 25, 'train_loss': 0.0304, 'train_acc': 0.99}
{'epoch': 26, 'train_loss': 0.0207, 'train_acc': 0.99}
{'epoch': 27, 'train_loss': 0.012, 'train_acc': 1.0}
{'epoch': 28, 'train_loss': 0.0126, 'train_acc': 1.0}
{'epoch': 29, 'train_loss': 0.0137, 'train_acc': 1.0}
{'epoch': 30, 'train_loss': 0.0105, 'train_acc': 1.0}
{'epoch': 31, 'train_loss': 0.005, 'train_acc': 1.0}
{'epoch': 32, 'train_loss': 0.0049, 'train_acc': 1.0}
{'epoch': 33, 'train_loss': 0.0072, 'train_acc': 1.0}
{'epoch': 34, 'train_loss': 0.0037, 'train_acc': 1.0}
{'epoch': 35, 'train_loss': 0.0043, 'train_acc': 1.0}
{'epoch': 36, 'train_loss': 0.0051, 'train_acc': 1.0}
{'epoch': 37, 'train_loss': 0.0032, 'train_acc': 1.0}
{'epoch': 38, 'train_loss': 0.0033, 'train_acc': 1.0}
{'epoch': 39, 'train_loss': 0.0058, 'train_acc': 1.0}
{'epoch': 40, 'train_loss': 0.0012, 'train_acc': 1.0}
{'epoch': 41, 'train_loss': 0.0024, 'train_acc': 1.0}
{'epoch': 42, 'train_loss': 0.0096, 'train_acc': 1.0}
{'epoch': 43, 'train_loss': 0.0023, 'train_acc': 1.0}
{'epoch': 44, 'train_loss': 0.0021, 'train_acc': 1.0}
{'epoch': 45, 'train_loss': 0.0079, 'train_acc': 1.0}
{'epoch': 46, 'train_loss': 0.0023, 'train_acc': 1.0}
{'epoch': 47, 'train_loss': 0.0015, 'train_acc': 1.0}
{'epoch': 48, 'train_loss': 0.0035, 'train_acc': 1.0}
{'epoch': 49, 'train_loss': 0.0014, 'train_acc': 1.0}
{'epoch': 50, 'train_loss': 0.0015, 'train_acc': 1.0}
{'epoch': 51, 'train_loss': 0.0027, 'train_acc': 1.0}
{'epoch': 52, 'train_loss': 0.0009, 'train_acc': 1.0}
{'epoch': 53, 'train_loss': 0.0014, 'train_acc': 1.0}
{'epoch': 54, 'train_loss': 0.0016, 'train_acc': 1.0}
{'epoch': 55, 'train_loss': 0.003, 'train_acc': 1.0}
{'epoch': 56, 'train_loss': 0.0009, 'train_acc': 1.0}
{'epoch': 57, 'train_loss': 0.0017, 'train_acc': 1.0}
{'epoch': 58, 'train_loss': 0.0011, 'train_acc': 1.0}
{'epoch': 59, 'train_loss': 0.0022, 'train_acc': 1.0}
{'epoch': 60, 'train_loss': 0.0007, 'train_acc': 1.0}
{'epoch': 61, 'train_loss': 0.0011, 'train_acc': 1.0}
{'epoch': 62, 'train_loss': 0.0018, 'train_acc': 1.0}
{'epoch': 63, 'train_loss': 0.0011, 'train_acc': 1.0}
{'epoch': 64, 'train_loss': 0.0007, 'train_acc': 1.0}
{'epoch': 65, 'train_loss': 0.0015, 'train_acc': 1.0}
{'epoch': 66, 'train_loss': 0.0014, 'train_acc': 1.0}
{'epoch': 67, 'train_loss': 0.0012, 'train_acc': 1.0}
{'epoch': 68, 'train_loss': 0.0008, 'train_acc': 1.0}
{'epoch': 69, 'train_loss': 0.0007, 'train_acc': 1.0}
{'epoch': 70, 'train_loss': 0.001, 'train_acc': 1.0}
{'epoch': 71, 'train_loss': 0.0013, 'train_acc': 1.0}
{'epoch': 72, 'train_loss': 0.0017, 'train_acc': 1.0}
{'epoch': 73, 'train_loss': 0.0012, 'train_acc': 1.0}
{'epoch': 74, 'train_loss': 0.0008, 'train_acc': 1.0}
{'epoch': 75, 'train_loss': 0.0014, 'train_acc': 1.0}
{'epoch': 76, 'train_loss': 0.0009, 'train_acc': 1.0}
{'epoch': 77, 'train_loss': 0.0006, 'train_acc': 1.0}
{'epoch': 78, 'train_loss': 0.0011, 'train_acc': 1.0}
{'epoch': 79, 'train_loss': 0.0043, 'train_acc': 1.0}
{'epoch': 80, 'train_loss': 0.0011, 'train_acc': 1.0}
{'epoch': 81, 'train_loss': 0.0158, 'train_acc': 0.99}
{'epoch': 82, 'train_loss': 0.0009, 'train_acc': 1.0}
{'epoch': 83, 'train_loss': 0.001, 'train_acc': 1.0}
{'epoch': 84, 'train_loss': 0.0007, 'train_acc': 1.0}
{'epoch': 85, 'train_loss': 0.0007, 'train_acc': 1.0}
{'epoch': 86, 'train_loss': 0.0018, 'train_acc': 1.0}
{'epoch': 87, 'train_loss': 0.0011, 'train_acc': 1.0}
{'epoch': 88, 'train_loss': 0.0008, 'train_acc': 1.0}
{'epoch': 89, 'train_loss': 0.0113, 'train_acc': 0.99}
{'epoch': 90, 'train_loss': 0.0009, 'train_acc': 1.0}
{'epoch': 91, 'train_loss': 0.0009, 'train_acc': 1.0}
{'epoch': 92, 'train_loss': 0.0019, 'train_acc': 1.0}
{'epoch': 93, 'train_loss': 0.0022, 'train_acc': 1.0}
{'epoch': 94, 'train_loss': 0.0017, 'train_acc': 1.0}
{'epoch': 95, 'train_loss': 0.0011, 'train_acc': 1.0}
{'epoch': 96, 'train_loss': 0.0006, 'train_acc': 1.0}
{'epoch': 97, 'train_loss': 0.001, 'train_acc': 1.0}
{'epoch': 98, 'train_loss': 0.001, 'train_acc': 1.0}
{'epoch': 99, 'train_loss': 0.0009, 'train_acc': 1.0}
{'epoch': 100, 'train_loss': 0.0012, 'train_acc': 1.0}
{'run_num': 4, 'final_test_err': 0.16938110749185664}
Files already downloaded and verified
Files already downloaded and verified
{'epoch': 1, 'train_loss': 0.7222, 'train_acc': 0.57}
{'epoch': 2, 'train_loss': 0.6205, 'train_acc': 0.69}
{'epoch': 3, 'train_loss': 0.4435, 'train_acc': 0.78}
{'epoch': 4, 'train_loss': 0.4124, 'train_acc': 0.8}
{'epoch': 5, 'train_loss': 0.3439, 'train_acc': 0.82}
{'epoch': 6, 'train_loss': 0.1624, 'train_acc': 0.94}
{'epoch': 7, 'train_loss': 0.2129, 'train_acc': 0.91}
{'epoch': 8, 'train_loss': 0.181, 'train_acc': 0.91}
{'epoch': 9, 'train_loss': 0.0954, 'train_acc': 0.97}
{'epoch': 10, 'train_loss': 0.0406, 'train_acc': 0.99}
{'epoch': 11, 'train_loss': 0.0349, 'train_acc': 0.99}
{'epoch': 12, 'train_loss': 0.0369, 'train_acc': 0.99}
{'epoch': 13, 'train_loss': 0.0192, 'train_acc': 0.99}
{'epoch': 14, 'train_loss': 0.0117, 'train_acc': 1.0}
{'epoch': 15, 'train_loss': 0.0107, 'train_acc': 1.0}
{'epoch': 16, 'train_loss': 0.0071, 'train_acc': 1.0}
{'epoch': 17, 'train_loss': 0.0046, 'train_acc': 1.0}
{'epoch': 18, 'train_loss': 0.0038, 'train_acc': 1.0}
{'epoch': 19, 'train_loss': 0.0031, 'train_acc': 1.0}
{'epoch': 20, 'train_loss': 0.0021, 'train_acc': 1.0}
{'epoch': 21, 'train_loss': 0.0027, 'train_acc': 1.0}
{'epoch': 22, 'train_loss': 0.0024, 'train_acc': 1.0}
{'epoch': 23, 'train_loss': 0.0021, 'train_acc': 1.0}
{'epoch': 24, 'train_loss': 0.0021, 'train_acc': 1.0}
{'epoch': 25, 'train_loss': 0.0016, 'train_acc': 1.0}
{'epoch': 26, 'train_loss': 0.002, 'train_acc': 1.0}
{'epoch': 27, 'train_loss': 0.0018, 'train_acc': 1.0}
{'epoch': 28, 'train_loss': 0.0012, 'train_acc': 1.0}
{'epoch': 29, 'train_loss': 0.0013, 'train_acc': 1.0}
{'epoch': 30, 'train_loss': 0.0016, 'train_acc': 1.0}
{'epoch': 31, 'train_loss': 0.001, 'train_acc': 1.0}
{'epoch': 32, 'train_loss': 0.0011, 'train_acc': 1.0}
{'epoch': 33, 'train_loss': 0.0018, 'train_acc': 1.0}
{'epoch': 34, 'train_loss': 0.0011, 'train_acc': 1.0}
{'epoch': 35, 'train_loss': 0.0022, 'train_acc': 1.0}
{'epoch': 36, 'train_loss': 0.0017, 'train_acc': 1.0}
{'epoch': 37, 'train_loss': 0.0013, 'train_acc': 1.0}
{'epoch': 38, 'train_loss': 0.0012, 'train_acc': 1.0}
{'epoch': 39, 'train_loss': 0.0011, 'train_acc': 1.0}
{'epoch': 40, 'train_loss': 0.0011, 'train_acc': 1.0}
{'epoch': 41, 'train_loss': 0.0009, 'train_acc': 1.0}
{'epoch': 42, 'train_loss': 0.0008, 'train_acc': 1.0}
{'epoch': 43, 'train_loss': 0.0009, 'train_acc': 1.0}
{'epoch': 44, 'train_loss': 0.0007, 'train_acc': 1.0}
{'epoch': 45, 'train_loss': 0.0007, 'train_acc': 1.0}
{'epoch': 46, 'train_loss': 0.0006, 'train_acc': 1.0}
{'epoch': 47, 'train_loss': 0.0008, 'train_acc': 1.0}
{'epoch': 48, 'train_loss': 0.0007, 'train_acc': 1.0}
{'epoch': 49, 'train_loss': 0.0008, 'train_acc': 1.0}
{'epoch': 50, 'train_loss': 0.0008, 'train_acc': 1.0}
{'epoch': 51, 'train_loss': 0.0008, 'train_acc': 1.0}
{'epoch': 52, 'train_loss': 0.0007, 'train_acc': 1.0}
{'epoch': 53, 'train_loss': 0.0006, 'train_acc': 1.0}
{'epoch': 54, 'train_loss': 0.0006, 'train_acc': 1.0}
{'epoch': 55, 'train_loss': 0.0009, 'train_acc': 1.0}
{'epoch': 56, 'train_loss': 0.0006, 'train_acc': 1.0}
{'epoch': 57, 'train_loss': 0.001, 'train_acc': 1.0}
{'epoch': 58, 'train_loss': 0.0006, 'train_acc': 1.0}
{'epoch': 59, 'train_loss': 0.0008, 'train_acc': 1.0}
{'epoch': 60, 'train_loss': 0.0005, 'train_acc': 1.0}
{'epoch': 61, 'train_loss': 0.0004, 'train_acc': 1.0}
{'epoch': 62, 'train_loss': 0.0004, 'train_acc': 1.0}
{'epoch': 63, 'train_loss': 0.0006, 'train_acc': 1.0}
{'epoch': 64, 'train_loss': 0.0006, 'train_acc': 1.0}
{'epoch': 65, 'train_loss': 0.0004, 'train_acc': 1.0}
{'epoch': 66, 'train_loss': 0.0004, 'train_acc': 1.0}
{'epoch': 67, 'train_loss': 0.0007, 'train_acc': 1.0}
{'epoch': 68, 'train_loss': 0.0005, 'train_acc': 1.0}
{'epoch': 69, 'train_loss': 0.0004, 'train_acc': 1.0}
{'epoch': 70, 'train_loss': 0.0006, 'train_acc': 1.0}
{'epoch': 71, 'train_loss': 0.0006, 'train_acc': 1.0}
{'epoch': 72, 'train_loss': 0.0006, 'train_acc': 1.0}
{'epoch': 73, 'train_loss': 0.0004, 'train_acc': 1.0}
{'epoch': 74, 'train_loss': 0.001, 'train_acc': 1.0}
{'epoch': 75, 'train_loss': 0.0006, 'train_acc': 1.0}
{'epoch': 76, 'train_loss': 0.0009, 'train_acc': 1.0}
{'epoch': 77, 'train_loss': 0.0014, 'train_acc': 1.0}
{'epoch': 78, 'train_loss': 0.0004, 'train_acc': 1.0}
{'epoch': 79, 'train_loss': 0.0004, 'train_acc': 1.0}
{'epoch': 80, 'train_loss': 0.0016, 'train_acc': 1.0}
{'epoch': 81, 'train_loss': 0.001, 'train_acc': 1.0}
{'epoch': 82, 'train_loss': 0.001, 'train_acc': 1.0}
{'epoch': 83, 'train_loss': 0.0005, 'train_acc': 1.0}
{'epoch': 84, 'train_loss': 0.0008, 'train_acc': 1.0}
{'epoch': 85, 'train_loss': 0.0005, 'train_acc': 1.0}
{'epoch': 86, 'train_loss': 0.0006, 'train_acc': 1.0}
{'epoch': 87, 'train_loss': 0.0006, 'train_acc': 1.0}
{'epoch': 88, 'train_loss': 0.0006, 'train_acc': 1.0}
{'epoch': 89, 'train_loss': 0.0005, 'train_acc': 1.0}
{'epoch': 90, 'train_loss': 0.0006, 'train_acc': 1.0}
{'epoch': 91, 'train_loss': 0.0005, 'train_acc': 1.0}
{'epoch': 92, 'train_loss': 0.0005, 'train_acc': 1.0}
{'epoch': 93, 'train_loss': 0.0006, 'train_acc': 1.0}
{'epoch': 94, 'train_loss': 0.0004, 'train_acc': 1.0}
{'epoch': 95, 'train_loss': 0.0006, 'train_acc': 1.0}
{'epoch': 96, 'train_loss': 0.0008, 'train_acc': 1.0}
{'epoch': 97, 'train_loss': 0.0005, 'train_acc': 1.0}
{'epoch': 98, 'train_loss': 0.0005, 'train_acc': 1.0}
{'epoch': 99, 'train_loss': 0.0005, 'train_acc': 1.0}
{'epoch': 100, 'train_loss': 0.001, 'train_acc': 1.0}
{'run_num': 5, 'final_test_err': 0.12703583061889245}
Files already downloaded and verified
Files already downloaded and verified
{'epoch': 1, 'train_loss': 0.7207, 'train_acc': 0.58}
{'epoch': 2, 'train_loss': 0.5405, 'train_acc': 0.77}
{'epoch': 3, 'train_loss': 0.3721, 'train_acc': 0.84}
{'epoch': 4, 'train_loss': 0.2389, 'train_acc': 0.87}
{'epoch': 5, 'train_loss': 0.1894, 'train_acc': 0.91}
{'epoch': 6, 'train_loss': 0.0893, 'train_acc': 0.97}
{'epoch': 7, 'train_loss': 0.0719, 'train_acc': 0.98}
{'epoch': 8, 'train_loss': 0.0547, 'train_acc': 0.98}
{'epoch': 9, 'train_loss': 0.0492, 'train_acc': 0.98}
{'epoch': 10, 'train_loss': 0.0353, 'train_acc': 1.0}
{'epoch': 11, 'train_loss': 0.0195, 'train_acc': 1.0}
{'epoch': 12, 'train_loss': 0.017, 'train_acc': 1.0}
{'epoch': 13, 'train_loss': 0.018, 'train_acc': 0.99}
{'epoch': 14, 'train_loss': 0.0147, 'train_acc': 1.0}
{'epoch': 15, 'train_loss': 0.0066, 'train_acc': 1.0}
{'epoch': 16, 'train_loss': 0.0142, 'train_acc': 0.99}
{'epoch': 17, 'train_loss': 0.0213, 'train_acc': 0.99}
{'epoch': 18, 'train_loss': 0.0173, 'train_acc': 1.0}
{'epoch': 19, 'train_loss': 0.0131, 'train_acc': 1.0}
{'epoch': 20, 'train_loss': 0.0168, 'train_acc': 0.99}
{'epoch': 21, 'train_loss': 0.0749, 'train_acc': 0.97}
{'epoch': 22, 'train_loss': 0.0323, 'train_acc': 1.0}
{'epoch': 23, 'train_loss': 0.0302, 'train_acc': 1.0}
{'epoch': 24, 'train_loss': 0.0129, 'train_acc': 1.0}
{'epoch': 25, 'train_loss': 0.0101, 'train_acc': 1.0}
{'epoch': 26, 'train_loss': 0.006, 'train_acc': 1.0}
{'epoch': 27, 'train_loss': 0.0044, 'train_acc': 1.0}
{'epoch': 28, 'train_loss': 0.0036, 'train_acc': 1.0}
{'epoch': 29, 'train_loss': 0.0032, 'train_acc': 1.0}
{'epoch': 30, 'train_loss': 0.0025, 'train_acc': 1.0}
{'epoch': 31, 'train_loss': 0.0024, 'train_acc': 1.0}
{'epoch': 32, 'train_loss': 0.0022, 'train_acc': 1.0}
{'epoch': 33, 'train_loss': 0.0021, 'train_acc': 1.0}
{'epoch': 34, 'train_loss': 0.0017, 'train_acc': 1.0}
{'epoch': 35, 'train_loss': 0.0019, 'train_acc': 1.0}
{'epoch': 36, 'train_loss': 0.0014, 'train_acc': 1.0}
{'epoch': 37, 'train_loss': 0.0014, 'train_acc': 1.0}
{'epoch': 38, 'train_loss': 0.0013, 'train_acc': 1.0}
{'epoch': 39, 'train_loss': 0.0011, 'train_acc': 1.0}
{'epoch': 40, 'train_loss': 0.0011, 'train_acc': 1.0}
{'epoch': 41, 'train_loss': 0.0013, 'train_acc': 1.0}
{'epoch': 42, 'train_loss': 0.001, 'train_acc': 1.0}
{'epoch': 43, 'train_loss': 0.0009, 'train_acc': 1.0}
{'epoch': 44, 'train_loss': 0.0012, 'train_acc': 1.0}
{'epoch': 45, 'train_loss': 0.001, 'train_acc': 1.0}
{'epoch': 46, 'train_loss': 0.0008, 'train_acc': 1.0}
{'epoch': 47, 'train_loss': 0.0009, 'train_acc': 1.0}
{'epoch': 48, 'train_loss': 0.001, 'train_acc': 1.0}
{'epoch': 49, 'train_loss': 0.0008, 'train_acc': 1.0}
{'epoch': 50, 'train_loss': 0.0012, 'train_acc': 1.0}
{'epoch': 51, 'train_loss': 0.0009, 'train_acc': 1.0}
{'epoch': 52, 'train_loss': 0.0008, 'train_acc': 1.0}
{'epoch': 53, 'train_loss': 0.0007, 'train_acc': 1.0}
{'epoch': 54, 'train_loss': 0.001, 'train_acc': 1.0}
{'epoch': 55, 'train_loss': 0.001, 'train_acc': 1.0}
{'epoch': 56, 'train_loss': 0.0007, 'train_acc': 1.0}
{'epoch': 57, 'train_loss': 0.001, 'train_acc': 1.0}
{'epoch': 58, 'train_loss': 0.0007, 'train_acc': 1.0}
{'epoch': 59, 'train_loss': 0.0008, 'train_acc': 1.0}
{'epoch': 60, 'train_loss': 0.0009, 'train_acc': 1.0}
{'epoch': 61, 'train_loss': 0.0004, 'train_acc': 1.0}
{'epoch': 62, 'train_loss': 0.0006, 'train_acc': 1.0}
{'epoch': 63, 'train_loss': 0.0006, 'train_acc': 1.0}
{'epoch': 64, 'train_loss': 0.0006, 'train_acc': 1.0}
{'epoch': 65, 'train_loss': 0.0005, 'train_acc': 1.0}
{'epoch': 66, 'train_loss': 0.0008, 'train_acc': 1.0}
{'epoch': 67, 'train_loss': 0.0006, 'train_acc': 1.0}
{'epoch': 68, 'train_loss': 0.0008, 'train_acc': 1.0}
{'epoch': 69, 'train_loss': 0.0007, 'train_acc': 1.0}
{'epoch': 70, 'train_loss': 0.0011, 'train_acc': 1.0}
{'epoch': 71, 'train_loss': 0.0006, 'train_acc': 1.0}
{'epoch': 72, 'train_loss': 0.0006, 'train_acc': 1.0}
{'epoch': 73, 'train_loss': 0.0005, 'train_acc': 1.0}
{'epoch': 74, 'train_loss': 0.0006, 'train_acc': 1.0}
{'epoch': 75, 'train_loss': 0.0005, 'train_acc': 1.0}
{'epoch': 76, 'train_loss': 0.0006, 'train_acc': 1.0}
{'epoch': 77, 'train_loss': 0.0005, 'train_acc': 1.0}
{'epoch': 78, 'train_loss': 0.0006, 'train_acc': 1.0}
{'epoch': 79, 'train_loss': 0.0005, 'train_acc': 1.0}
{'epoch': 80, 'train_loss': 0.0006, 'train_acc': 1.0}
{'epoch': 81, 'train_loss': 0.0006, 'train_acc': 1.0}
{'epoch': 82, 'train_loss': 0.0006, 'train_acc': 1.0}
{'epoch': 83, 'train_loss': 0.0007, 'train_acc': 1.0}
{'epoch': 84, 'train_loss': 0.0004, 'train_acc': 1.0}
{'epoch': 85, 'train_loss': 0.001, 'train_acc': 1.0}
{'epoch': 86, 'train_loss': 0.0006, 'train_acc': 1.0}
{'epoch': 87, 'train_loss': 0.0005, 'train_acc': 1.0}
{'epoch': 88, 'train_loss': 0.0005, 'train_acc': 1.0}
{'epoch': 89, 'train_loss': 0.0006, 'train_acc': 1.0}
{'epoch': 90, 'train_loss': 0.0006, 'train_acc': 1.0}
{'epoch': 91, 'train_loss': 0.0007, 'train_acc': 1.0}
{'epoch': 92, 'train_loss': 0.0005, 'train_acc': 1.0}
{'epoch': 93, 'train_loss': 0.0006, 'train_acc': 1.0}
{'epoch': 94, 'train_loss': 0.0007, 'train_acc': 1.0}
{'epoch': 95, 'train_loss': 0.0005, 'train_acc': 1.0}
{'epoch': 96, 'train_loss': 0.0006, 'train_acc': 1.0}
{'epoch': 97, 'train_loss': 0.0006, 'train_acc': 1.0}
{'epoch': 98, 'train_loss': 0.0007, 'train_acc': 1.0}
{'epoch': 99, 'train_loss': 0.0005, 'train_acc': 1.0}
{'epoch': 100, 'train_loss': 0.0007, 'train_acc': 1.0}
{'run_num': 6, 'final_test_err': 0.23778501628664495}
Files already downloaded and verified
Files already downloaded and verified
{'epoch': 1, 'train_loss': 0.7087, 'train_acc': 0.61}
{'epoch': 2, 'train_loss': 0.4794, 'train_acc': 0.73}
{'epoch': 3, 'train_loss': 0.3811, 'train_acc': 0.81}
{'epoch': 4, 'train_loss': 0.3409, 'train_acc': 0.85}
{'epoch': 5, 'train_loss': 0.25, 'train_acc': 0.89}
{'epoch': 6, 'train_loss': 0.1673, 'train_acc': 0.92}
{'epoch': 7, 'train_loss': 0.1659, 'train_acc': 0.92}
{'epoch': 8, 'train_loss': 0.0893, 'train_acc': 0.96}
{'epoch': 9, 'train_loss': 0.0641, 'train_acc': 0.98}
{'epoch': 10, 'train_loss': 0.0568, 'train_acc': 0.98}
{'epoch': 11, 'train_loss': 0.0847, 'train_acc': 0.96}
{'epoch': 12, 'train_loss': 0.0802, 'train_acc': 0.97}
{'epoch': 13, 'train_loss': 0.0528, 'train_acc': 0.99}
{'epoch': 14, 'train_loss': 0.0377, 'train_acc': 0.99}
{'epoch': 15, 'train_loss': 0.0293, 'train_acc': 0.99}
{'epoch': 16, 'train_loss': 0.0239, 'train_acc': 0.99}
{'epoch': 17, 'train_loss': 0.0277, 'train_acc': 0.98}
{'epoch': 18, 'train_loss': 0.024, 'train_acc': 0.99}
{'epoch': 19, 'train_loss': 0.0175, 'train_acc': 0.99}
{'epoch': 20, 'train_loss': 0.0135, 'train_acc': 1.0}
{'epoch': 21, 'train_loss': 0.009, 'train_acc': 1.0}
{'epoch': 22, 'train_loss': 0.008, 'train_acc': 1.0}
{'epoch': 23, 'train_loss': 0.0062, 'train_acc': 1.0}
{'epoch': 24, 'train_loss': 0.0061, 'train_acc': 1.0}
{'epoch': 25, 'train_loss': 0.0055, 'train_acc': 1.0}
{'epoch': 26, 'train_loss': 0.0033, 'train_acc': 1.0}
{'epoch': 27, 'train_loss': 0.0048, 'train_acc': 1.0}
{'epoch': 28, 'train_loss': 0.0027, 'train_acc': 1.0}
{'epoch': 29, 'train_loss': 0.0036, 'train_acc': 1.0}
{'epoch': 30, 'train_loss': 0.004, 'train_acc': 1.0}
{'epoch': 31, 'train_loss': 0.0027, 'train_acc': 1.0}
{'epoch': 32, 'train_loss': 0.0023, 'train_acc': 1.0}
{'epoch': 33, 'train_loss': 0.0038, 'train_acc': 1.0}
{'epoch': 34, 'train_loss': 0.0022, 'train_acc': 1.0}
{'epoch': 35, 'train_loss': 0.0021, 'train_acc': 1.0}
{'epoch': 36, 'train_loss': 0.0031, 'train_acc': 1.0}
{'epoch': 37, 'train_loss': 0.0027, 'train_acc': 1.0}
{'epoch': 38, 'train_loss': 0.0025, 'train_acc': 1.0}
{'epoch': 39, 'train_loss': 0.002, 'train_acc': 1.0}
{'epoch': 40, 'train_loss': 0.0017, 'train_acc': 1.0}
{'epoch': 41, 'train_loss': 0.0017, 'train_acc': 1.0}
{'epoch': 42, 'train_loss': 0.0015, 'train_acc': 1.0}
{'epoch': 43, 'train_loss': 0.0016, 'train_acc': 1.0}
{'epoch': 44, 'train_loss': 0.0012, 'train_acc': 1.0}
{'epoch': 45, 'train_loss': 0.0018, 'train_acc': 1.0}
{'epoch': 46, 'train_loss': 0.0015, 'train_acc': 1.0}
{'epoch': 47, 'train_loss': 0.002, 'train_acc': 1.0}
{'epoch': 48, 'train_loss': 0.0014, 'train_acc': 1.0}
{'epoch': 49, 'train_loss': 0.0017, 'train_acc': 1.0}
{'epoch': 50, 'train_loss': 0.0013, 'train_acc': 1.0}
{'epoch': 51, 'train_loss': 0.0039, 'train_acc': 1.0}
{'epoch': 52, 'train_loss': 0.002, 'train_acc': 1.0}
{'epoch': 53, 'train_loss': 0.0022, 'train_acc': 1.0}
{'epoch': 54, 'train_loss': 0.0026, 'train_acc': 1.0}
{'epoch': 55, 'train_loss': 0.0024, 'train_acc': 1.0}
{'epoch': 56, 'train_loss': 0.0022, 'train_acc': 1.0}
{'epoch': 57, 'train_loss': 0.0021, 'train_acc': 1.0}
{'epoch': 58, 'train_loss': 0.0022, 'train_acc': 1.0}
{'epoch': 59, 'train_loss': 0.0015, 'train_acc': 1.0}
{'epoch': 60, 'train_loss': 0.0015, 'train_acc': 1.0}
{'epoch': 61, 'train_loss': 0.0014, 'train_acc': 1.0}
{'epoch': 62, 'train_loss': 0.0014, 'train_acc': 1.0}
{'epoch': 63, 'train_loss': 0.0012, 'train_acc': 1.0}
{'epoch': 64, 'train_loss': 0.0019, 'train_acc': 1.0}
{'epoch': 65, 'train_loss': 0.0013, 'train_acc': 1.0}
{'epoch': 66, 'train_loss': 0.0008, 'train_acc': 1.0}
{'epoch': 67, 'train_loss': 0.001, 'train_acc': 1.0}
{'epoch': 68, 'train_loss': 0.0011, 'train_acc': 1.0}
{'epoch': 69, 'train_loss': 0.0009, 'train_acc': 1.0}
{'epoch': 70, 'train_loss': 0.001, 'train_acc': 1.0}
{'epoch': 71, 'train_loss': 0.0011, 'train_acc': 1.0}
{'epoch': 72, 'train_loss': 0.001, 'train_acc': 1.0}
{'epoch': 73, 'train_loss': 0.0015, 'train_acc': 1.0}
{'epoch': 74, 'train_loss': 0.001, 'train_acc': 1.0}
{'epoch': 75, 'train_loss': 0.0006, 'train_acc': 1.0}
{'epoch': 76, 'train_loss': 0.001, 'train_acc': 1.0}
{'epoch': 77, 'train_loss': 0.001, 'train_acc': 1.0}
{'epoch': 78, 'train_loss': 0.0009, 'train_acc': 1.0}
{'epoch': 79, 'train_loss': 0.0009, 'train_acc': 1.0}
{'epoch': 80, 'train_loss': 0.0009, 'train_acc': 1.0}
{'epoch': 81, 'train_loss': 0.0007, 'train_acc': 1.0}
{'epoch': 82, 'train_loss': 0.0007, 'train_acc': 1.0}
{'epoch': 83, 'train_loss': 0.0012, 'train_acc': 1.0}
{'epoch': 84, 'train_loss': 0.0009, 'train_acc': 1.0}
{'epoch': 85, 'train_loss': 0.0009, 'train_acc': 1.0}
{'epoch': 86, 'train_loss': 0.0009, 'train_acc': 1.0}
{'epoch': 87, 'train_loss': 0.0011, 'train_acc': 1.0}
{'epoch': 88, 'train_loss': 0.0009, 'train_acc': 1.0}
{'epoch': 89, 'train_loss': 0.0009, 'train_acc': 1.0}
{'epoch': 90, 'train_loss': 0.0008, 'train_acc': 1.0}
{'epoch': 91, 'train_loss': 0.0009, 'train_acc': 1.0}
{'epoch': 92, 'train_loss': 0.0008, 'train_acc': 1.0}
{'epoch': 93, 'train_loss': 0.0008, 'train_acc': 1.0}
{'epoch': 94, 'train_loss': 0.0008, 'train_acc': 1.0}
{'epoch': 95, 'train_loss': 0.0008, 'train_acc': 1.0}
{'epoch': 96, 'train_loss': 0.0013, 'train_acc': 1.0}
{'epoch': 97, 'train_loss': 0.0007, 'train_acc': 1.0}
{'epoch': 98, 'train_loss': 0.0009, 'train_acc': 1.0}
{'epoch': 99, 'train_loss': 0.0009, 'train_acc': 1.0}
{'epoch': 100, 'train_loss': 0.0008, 'train_acc': 1.0}
{'run_num': 7, 'final_test_err': 0.18566775244299671}
Files already downloaded and verified
Files already downloaded and verified
{'epoch': 1, 'train_loss': 0.7514, 'train_acc': 0.62}
{'epoch': 2, 'train_loss': 0.4563, 'train_acc': 0.76}
{'epoch': 3, 'train_loss': 0.3359, 'train_acc': 0.84}
{'epoch': 4, 'train_loss': 0.3032, 'train_acc': 0.83}
{'epoch': 5, 'train_loss': 0.3212, 'train_acc': 0.82}
{'epoch': 6, 'train_loss': 0.1694, 'train_acc': 0.93}
{'epoch': 7, 'train_loss': 0.1971, 'train_acc': 0.92}
{'epoch': 8, 'train_loss': 0.112, 'train_acc': 0.95}
{'epoch': 9, 'train_loss': 0.0668, 'train_acc': 0.98}
{'epoch': 10, 'train_loss': 0.0566, 'train_acc': 0.98}
{'epoch': 11, 'train_loss': 0.088, 'train_acc': 0.95}
{'epoch': 12, 'train_loss': 0.0457, 'train_acc': 1.0}
{'epoch': 13, 'train_loss': 0.0329, 'train_acc': 1.0}
{'epoch': 14, 'train_loss': 0.0165, 'train_acc': 1.0}
{'epoch': 15, 'train_loss': 0.0205, 'train_acc': 1.0}
{'epoch': 16, 'train_loss': 0.0099, 'train_acc': 1.0}
{'epoch': 17, 'train_loss': 0.0066, 'train_acc': 1.0}
{'epoch': 18, 'train_loss': 0.006, 'train_acc': 1.0}
{'epoch': 19, 'train_loss': 0.0031, 'train_acc': 1.0}
{'epoch': 20, 'train_loss': 0.0039, 'train_acc': 1.0}
{'epoch': 21, 'train_loss': 0.0043, 'train_acc': 1.0}
{'epoch': 22, 'train_loss': 0.0032, 'train_acc': 1.0}
{'epoch': 23, 'train_loss': 0.0018, 'train_acc': 1.0}
{'epoch': 24, 'train_loss': 0.0025, 'train_acc': 1.0}
{'epoch': 25, 'train_loss': 0.0019, 'train_acc': 1.0}
{'epoch': 26, 'train_loss': 0.0011, 'train_acc': 1.0}
{'epoch': 27, 'train_loss': 0.0019, 'train_acc': 1.0}
{'epoch': 28, 'train_loss': 0.001, 'train_acc': 1.0}
{'epoch': 29, 'train_loss': 0.0013, 'train_acc': 1.0}
{'epoch': 30, 'train_loss': 0.0007, 'train_acc': 1.0}
{'epoch': 31, 'train_loss': 0.0009, 'train_acc': 1.0}
{'epoch': 32, 'train_loss': 0.0012, 'train_acc': 1.0}
{'epoch': 33, 'train_loss': 0.001, 'train_acc': 1.0}
{'epoch': 34, 'train_loss': 0.0006, 'train_acc': 1.0}
{'epoch': 35, 'train_loss': 0.0017, 'train_acc': 1.0}
{'epoch': 36, 'train_loss': 0.001, 'train_acc': 1.0}
{'epoch': 37, 'train_loss': 0.0025, 'train_acc': 1.0}
{'epoch': 38, 'train_loss': 0.0014, 'train_acc': 1.0}
{'epoch': 39, 'train_loss': 0.0013, 'train_acc': 1.0}
{'epoch': 40, 'train_loss': 0.0013, 'train_acc': 1.0}
{'epoch': 41, 'train_loss': 0.001, 'train_acc': 1.0}
{'epoch': 42, 'train_loss': 0.001, 'train_acc': 1.0}
{'epoch': 43, 'train_loss': 0.0012, 'train_acc': 1.0}
{'epoch': 44, 'train_loss': 0.0007, 'train_acc': 1.0}
{'epoch': 45, 'train_loss': 0.0014, 'train_acc': 1.0}
{'epoch': 46, 'train_loss': 0.0008, 'train_acc': 1.0}
{'epoch': 47, 'train_loss': 0.001, 'train_acc': 1.0}
{'epoch': 48, 'train_loss': 0.0007, 'train_acc': 1.0}
{'epoch': 49, 'train_loss': 0.0009, 'train_acc': 1.0}
{'epoch': 50, 'train_loss': 0.0009, 'train_acc': 1.0}
{'epoch': 51, 'train_loss': 0.0015, 'train_acc': 1.0}
{'epoch': 52, 'train_loss': 0.001, 'train_acc': 1.0}
{'epoch': 53, 'train_loss': 0.0015, 'train_acc': 1.0}
{'epoch': 54, 'train_loss': 0.0016, 'train_acc': 1.0}
{'epoch': 55, 'train_loss': 0.0009, 'train_acc': 1.0}
{'epoch': 56, 'train_loss': 0.0009, 'train_acc': 1.0}
{'epoch': 57, 'train_loss': 0.0014, 'train_acc': 1.0}
{'epoch': 58, 'train_loss': 0.0006, 'train_acc': 1.0}
{'epoch': 59, 'train_loss': 0.0006, 'train_acc': 1.0}
{'epoch': 60, 'train_loss': 0.0007, 'train_acc': 1.0}
{'epoch': 61, 'train_loss': 0.0005, 'train_acc': 1.0}
{'epoch': 62, 'train_loss': 0.0005, 'train_acc': 1.0}
{'epoch': 63, 'train_loss': 0.0007, 'train_acc': 1.0}
{'epoch': 64, 'train_loss': 0.0005, 'train_acc': 1.0}
{'epoch': 65, 'train_loss': 0.004, 'train_acc': 1.0}
{'epoch': 66, 'train_loss': 0.0024, 'train_acc': 1.0}
{'epoch': 67, 'train_loss': 0.0105, 'train_acc': 1.0}
{'epoch': 68, 'train_loss': 0.0028, 'train_acc': 1.0}
{'epoch': 69, 'train_loss': 0.0018, 'train_acc': 1.0}
{'epoch': 70, 'train_loss': 0.001, 'train_acc': 1.0}
{'epoch': 71, 'train_loss': 0.0012, 'train_acc': 1.0}
{'epoch': 72, 'train_loss': 0.0011, 'train_acc': 1.0}
{'epoch': 73, 'train_loss': 0.001, 'train_acc': 1.0}
{'epoch': 74, 'train_loss': 0.001, 'train_acc': 1.0}
{'epoch': 75, 'train_loss': 0.0008, 'train_acc': 1.0}
{'epoch': 76, 'train_loss': 0.0007, 'train_acc': 1.0}
{'epoch': 77, 'train_loss': 0.0009, 'train_acc': 1.0}
{'epoch': 78, 'train_loss': 0.0013, 'train_acc': 1.0}
{'epoch': 79, 'train_loss': 0.0007, 'train_acc': 1.0}
{'epoch': 80, 'train_loss': 0.001, 'train_acc': 1.0}
{'epoch': 81, 'train_loss': 0.0009, 'train_acc': 1.0}
{'epoch': 82, 'train_loss': 0.0006, 'train_acc': 1.0}
{'epoch': 83, 'train_loss': 0.0009, 'train_acc': 1.0}
{'epoch': 84, 'train_loss': 0.001, 'train_acc': 1.0}
{'epoch': 85, 'train_loss': 0.0012, 'train_acc': 1.0}
{'epoch': 86, 'train_loss': 0.0008, 'train_acc': 1.0}
{'epoch': 87, 'train_loss': 0.0012, 'train_acc': 1.0}
{'epoch': 88, 'train_loss': 0.0008, 'train_acc': 1.0}
{'epoch': 89, 'train_loss': 0.0006, 'train_acc': 1.0}
{'epoch': 90, 'train_loss': 0.0014, 'train_acc': 1.0}
{'epoch': 91, 'train_loss': 0.0007, 'train_acc': 1.0}
{'epoch': 92, 'train_loss': 0.0008, 'train_acc': 1.0}
{'epoch': 93, 'train_loss': 0.001, 'train_acc': 1.0}
{'epoch': 94, 'train_loss': 0.001, 'train_acc': 1.0}
{'epoch': 95, 'train_loss': 0.0009, 'train_acc': 1.0}
{'epoch': 96, 'train_loss': 0.0006, 'train_acc': 1.0}
{'epoch': 97, 'train_loss': 0.0008, 'train_acc': 1.0}
{'epoch': 98, 'train_loss': 0.0006, 'train_acc': 1.0}
{'epoch': 99, 'train_loss': 0.0008, 'train_acc': 1.0}
{'epoch': 100, 'train_loss': 0.0009, 'train_acc': 1.0}
{'run_num': 8, 'final_test_err': 0.12377850162866455}
Files already downloaded and verified
Files already downloaded and verified
{'epoch': 1, 'train_loss': 0.8337, 'train_acc': 0.59}
{'epoch': 2, 'train_loss': 0.5143, 'train_acc': 0.73}
{'epoch': 3, 'train_loss': 0.3852, 'train_acc': 0.82}
{'epoch': 4, 'train_loss': 0.3631, 'train_acc': 0.8}
{'epoch': 5, 'train_loss': 0.3589, 'train_acc': 0.85}
{'epoch': 6, 'train_loss': 0.1802, 'train_acc': 0.95}
{'epoch': 7, 'train_loss': 0.2079, 'train_acc': 0.91}
{'epoch': 8, 'train_loss': 0.1461, 'train_acc': 0.93}
{'epoch': 9, 'train_loss': 0.1183, 'train_acc': 0.95}
{'epoch': 10, 'train_loss': 0.1062, 'train_acc': 0.96}
{'epoch': 11, 'train_loss': 0.0718, 'train_acc': 0.97}
{'epoch': 12, 'train_loss': 0.0497, 'train_acc': 0.98}
{'epoch': 13, 'train_loss': 0.0613, 'train_acc': 0.98}
{'epoch': 14, 'train_loss': 0.0497, 'train_acc': 0.97}
{'epoch': 15, 'train_loss': 0.0628, 'train_acc': 0.98}
{'epoch': 16, 'train_loss': 0.0419, 'train_acc': 0.98}
{'epoch': 17, 'train_loss': 0.0311, 'train_acc': 1.0}
{'epoch': 18, 'train_loss': 0.0262, 'train_acc': 0.99}
{'epoch': 19, 'train_loss': 0.0221, 'train_acc': 0.99}
{'epoch': 20, 'train_loss': 0.0145, 'train_acc': 1.0}
{'epoch': 21, 'train_loss': 0.0165, 'train_acc': 1.0}
{'epoch': 22, 'train_loss': 0.0079, 'train_acc': 1.0}
{'epoch': 23, 'train_loss': 0.0104, 'train_acc': 1.0}
{'epoch': 24, 'train_loss': 0.0085, 'train_acc': 1.0}
{'epoch': 25, 'train_loss': 0.0108, 'train_acc': 1.0}
{'epoch': 26, 'train_loss': 0.0102, 'train_acc': 1.0}
{'epoch': 27, 'train_loss': 0.0079, 'train_acc': 1.0}
{'epoch': 28, 'train_loss': 0.0061, 'train_acc': 1.0}
{'epoch': 29, 'train_loss': 0.0071, 'train_acc': 1.0}
{'epoch': 30, 'train_loss': 0.0061, 'train_acc': 1.0}
{'epoch': 31, 'train_loss': 0.0046, 'train_acc': 1.0}
{'epoch': 32, 'train_loss': 0.0036, 'train_acc': 1.0}
{'epoch': 33, 'train_loss': 0.0029, 'train_acc': 1.0}
{'epoch': 34, 'train_loss': 0.0031, 'train_acc': 1.0}
{'epoch': 35, 'train_loss': 0.0027, 'train_acc': 1.0}
{'epoch': 36, 'train_loss': 0.0025, 'train_acc': 1.0}
{'epoch': 37, 'train_loss': 0.0015, 'train_acc': 1.0}
{'epoch': 38, 'train_loss': 0.0019, 'train_acc': 1.0}
{'epoch': 39, 'train_loss': 0.0017, 'train_acc': 1.0}
{'epoch': 40, 'train_loss': 0.0019, 'train_acc': 1.0}
{'epoch': 41, 'train_loss': 0.0013, 'train_acc': 1.0}
{'epoch': 42, 'train_loss': 0.0014, 'train_acc': 1.0}
{'epoch': 43, 'train_loss': 0.0023, 'train_acc': 1.0}
{'epoch': 44, 'train_loss': 0.0012, 'train_acc': 1.0}
{'epoch': 45, 'train_loss': 0.0025, 'train_acc': 1.0}
{'epoch': 46, 'train_loss': 0.002, 'train_acc': 1.0}
{'epoch': 47, 'train_loss': 0.003, 'train_acc': 1.0}
{'epoch': 48, 'train_loss': 0.0013, 'train_acc': 1.0}
{'epoch': 49, 'train_loss': 0.0016, 'train_acc': 1.0}
{'epoch': 50, 'train_loss': 0.0015, 'train_acc': 1.0}
{'epoch': 51, 'train_loss': 0.0013, 'train_acc': 1.0}
{'epoch': 52, 'train_loss': 0.0011, 'train_acc': 1.0}
{'epoch': 53, 'train_loss': 0.0011, 'train_acc': 1.0}
{'epoch': 54, 'train_loss': 0.002, 'train_acc': 1.0}
{'epoch': 55, 'train_loss': 0.0015, 'train_acc': 1.0}
{'epoch': 56, 'train_loss': 0.0014, 'train_acc': 1.0}
{'epoch': 57, 'train_loss': 0.0104, 'train_acc': 0.99}
{'epoch': 58, 'train_loss': 0.0011, 'train_acc': 1.0}
{'epoch': 59, 'train_loss': 0.002, 'train_acc': 1.0}
{'epoch': 60, 'train_loss': 0.0011, 'train_acc': 1.0}
{'epoch': 61, 'train_loss': 0.0016, 'train_acc': 1.0}
{'epoch': 62, 'train_loss': 0.0012, 'train_acc': 1.0}
{'epoch': 63, 'train_loss': 0.0009, 'train_acc': 1.0}
{'epoch': 64, 'train_loss': 0.0011, 'train_acc': 1.0}
{'epoch': 65, 'train_loss': 0.0007, 'train_acc': 1.0}
{'epoch': 66, 'train_loss': 0.0009, 'train_acc': 1.0}
{'epoch': 67, 'train_loss': 0.0009, 'train_acc': 1.0}
{'epoch': 68, 'train_loss': 0.0009, 'train_acc': 1.0}
{'epoch': 69, 'train_loss': 0.0009, 'train_acc': 1.0}
{'epoch': 70, 'train_loss': 0.0015, 'train_acc': 1.0}
{'epoch': 71, 'train_loss': 0.0012, 'train_acc': 1.0}
{'epoch': 72, 'train_loss': 0.0009, 'train_acc': 1.0}
{'epoch': 73, 'train_loss': 0.0015, 'train_acc': 1.0}
{'epoch': 74, 'train_loss': 0.002, 'train_acc': 1.0}
{'epoch': 75, 'train_loss': 0.0008, 'train_acc': 1.0}
{'epoch': 76, 'train_loss': 0.0012, 'train_acc': 1.0}
{'epoch': 77, 'train_loss': 0.0013, 'train_acc': 1.0}
{'epoch': 78, 'train_loss': 0.0014, 'train_acc': 1.0}
{'epoch': 79, 'train_loss': 0.0014, 'train_acc': 1.0}
{'epoch': 80, 'train_loss': 0.0008, 'train_acc': 1.0}
{'epoch': 81, 'train_loss': 0.0011, 'train_acc': 1.0}
{'epoch': 82, 'train_loss': 0.0013, 'train_acc': 1.0}
{'epoch': 83, 'train_loss': 0.001, 'train_acc': 1.0}
{'epoch': 84, 'train_loss': 0.001, 'train_acc': 1.0}
{'epoch': 85, 'train_loss': 0.0008, 'train_acc': 1.0}
{'epoch': 86, 'train_loss': 0.0008, 'train_acc': 1.0}
{'epoch': 87, 'train_loss': 0.0007, 'train_acc': 1.0}
{'epoch': 88, 'train_loss': 0.0011, 'train_acc': 1.0}
{'epoch': 89, 'train_loss': 0.0009, 'train_acc': 1.0}
{'epoch': 90, 'train_loss': 0.0009, 'train_acc': 1.0}
{'epoch': 91, 'train_loss': 0.0009, 'train_acc': 1.0}
{'epoch': 92, 'train_loss': 0.0014, 'train_acc': 1.0}
{'epoch': 93, 'train_loss': 0.0008, 'train_acc': 1.0}
{'epoch': 94, 'train_loss': 0.0009, 'train_acc': 1.0}
{'epoch': 95, 'train_loss': 0.001, 'train_acc': 1.0}
{'epoch': 96, 'train_loss': 0.0008, 'train_acc': 1.0}
{'epoch': 97, 'train_loss': 0.001, 'train_acc': 1.0}
{'epoch': 98, 'train_loss': 0.0015, 'train_acc': 1.0}
{'epoch': 99, 'train_loss': 0.001, 'train_acc': 1.0}
{'epoch': 100, 'train_loss': 0.001, 'train_acc': 1.0}
{'run_num': 9, 'final_test_err': 0.2052117263843648}
{'avg_err': 0.1896, 'std_err': 0.0414}
