{'deploy': True, 'tag': '05_ood/00_domain_alpha1', 'seed': 10, 'device': 'cuda:0', 'reps': 10, 'loss': {'alpha': 0.5, 'tune_alpha': False, 'group_task_loss': True}, 'task': {'dataset': 'domain_net', 'task_map': [[0, 1], [2, 3], [4, 5], [6, 7], [8, 9]], 'target': 0, 'ood': [0], 'augment': False, 'n': 100, 'm_n': 5, 'beta': 0.5, 'custom_sampler': False, 'm_cinic': 1, 'm_cinic_neg': 0.0}, 'hp': {'epochs': 100, 'bs': 16, 'lr': 0.01}, 'net': 'conv'}
Files already downloaded and verified
Files already downloaded and verified
{'epoch': 1, 'train_loss': 0.4964, 'train_acc': 0.8052, 'task_loss': (0.2675, 0.2288)}
{'epoch': 2, 'train_loss': 0.2676, 'train_acc': 0.8756, 'task_loss': (0.1024, 0.1652)}
{'epoch': 3, 'train_loss': 0.1547, 'train_acc': 0.9343, 'task_loss': (0.0615, 0.0932)}
{'epoch': 4, 'train_loss': 0.1102, 'train_acc': 0.9472, 'task_loss': (0.0444, 0.0658)}
{'epoch': 5, 'train_loss': 0.1174, 'train_acc': 0.9542, 'task_loss': (0.0463, 0.0711)}
{'epoch': 6, 'train_loss': 0.0559, 'train_acc': 0.973, 'task_loss': (0.0201, 0.0358)}
{'epoch': 7, 'train_loss': 0.0212, 'train_acc': 0.9894, 'task_loss': (0.0042, 0.0169)}
{'epoch': 8, 'train_loss': 0.0155, 'train_acc': 0.9953, 'task_loss': (0.0047, 0.0108)}
{'epoch': 9, 'train_loss': 0.0097, 'train_acc': 0.9965, 'task_loss': (0.0022, 0.0075)}
{'epoch': 10, 'train_loss': 0.0071, 'train_acc': 0.9988, 'task_loss': (0.0019, 0.0052)}
{'epoch': 11, 'train_loss': 0.0047, 'train_acc': 0.9977, 'task_loss': (0.001, 0.0037)}
{'epoch': 12, 'train_loss': 0.0042, 'train_acc': 1.0, 'task_loss': (0.0013, 0.0029)}
{'epoch': 13, 'train_loss': 0.0047, 'train_acc': 1.0, 'task_loss': (0.0014, 0.0033)}
{'epoch': 14, 'train_loss': 0.0044, 'train_acc': 1.0, 'task_loss': (0.0009, 0.0035)}
{'epoch': 15, 'train_loss': 0.0039, 'train_acc': 0.9977, 'task_loss': (0.0006, 0.0033)}
{'epoch': 16, 'train_loss': 0.0081, 'train_acc': 0.9965, 'task_loss': (0.0021, 0.006)}
{'epoch': 17, 'train_loss': 0.0033, 'train_acc': 1.0, 'task_loss': (0.0004, 0.003)}
{'epoch': 18, 'train_loss': 0.002, 'train_acc': 1.0, 'task_loss': (0.0006, 0.0014)}
{'epoch': 19, 'train_loss': 0.003, 'train_acc': 0.9988, 'task_loss': (0.0016, 0.0014)}
{'epoch': 20, 'train_loss': 0.07, 'train_acc': 0.973, 'task_loss': (0.0255, 0.0445)}
{'epoch': 21, 'train_loss': 0.0159, 'train_acc': 0.993, 'task_loss': (0.0039, 0.012)}
{'epoch': 22, 'train_loss': 0.0089, 'train_acc': 0.9965, 'task_loss': (0.0021, 0.0068)}
{'epoch': 23, 'train_loss': 0.0039, 'train_acc': 1.0, 'task_loss': (0.002, 0.0019)}
{'epoch': 24, 'train_loss': 0.0026, 'train_acc': 1.0, 'task_loss': (0.0006, 0.002)}
{'epoch': 25, 'train_loss': 0.0041, 'train_acc': 0.9988, 'task_loss': (0.0004, 0.0037)}
{'epoch': 26, 'train_loss': 0.0067, 'train_acc': 0.9988, 'task_loss': (0.0027, 0.0039)}
{'epoch': 27, 'train_loss': 0.0026, 'train_acc': 1.0, 'task_loss': (0.0005, 0.0021)}
{'epoch': 28, 'train_loss': 0.0013, 'train_acc': 1.0, 'task_loss': (0.0004, 0.001)}
{'epoch': 29, 'train_loss': 0.0011, 'train_acc': 1.0, 'task_loss': (0.0003, 0.0008)}
{'epoch': 30, 'train_loss': 0.0011, 'train_acc': 1.0, 'task_loss': (0.0003, 0.0007)}
{'epoch': 31, 'train_loss': 0.0018, 'train_acc': 0.9988, 'task_loss': (0.0003, 0.0015)}
{'epoch': 32, 'train_loss': 0.003, 'train_acc': 1.0, 'task_loss': (0.0015, 0.0015)}
{'epoch': 33, 'train_loss': 0.0013, 'train_acc': 1.0, 'task_loss': (0.0003, 0.001)}
{'epoch': 34, 'train_loss': 0.001, 'train_acc': 1.0, 'task_loss': (1e-04, 0.0008)}
{'epoch': 35, 'train_loss': 0.0015, 'train_acc': 1.0, 'task_loss': (0.0006, 0.0009)}
{'epoch': 36, 'train_loss': 0.0008, 'train_acc': 1.0, 'task_loss': (0.0002, 0.0006)}
{'epoch': 37, 'train_loss': 0.0008, 'train_acc': 1.0, 'task_loss': (1e-04, 0.0007)}
{'epoch': 38, 'train_loss': 0.0014, 'train_acc': 1.0, 'task_loss': (0.0006, 0.0008)}
{'epoch': 39, 'train_loss': 0.0018, 'train_acc': 1.0, 'task_loss': (0.0002, 0.0016)}
{'epoch': 40, 'train_loss': 0.0049, 'train_acc': 0.9988, 'task_loss': (0.0019, 0.003)}
{'epoch': 41, 'train_loss': 0.0014, 'train_acc': 1.0, 'task_loss': (0.0004, 0.001)}
{'epoch': 42, 'train_loss': 0.001, 'train_acc': 1.0, 'task_loss': (0.0002, 0.0008)}
{'epoch': 43, 'train_loss': 0.0006, 'train_acc': 1.0, 'task_loss': (0.0002, 0.0004)}
{'epoch': 44, 'train_loss': 0.0004, 'train_acc': 1.0, 'task_loss': (0.0002, 0.0003)}
{'epoch': 45, 'train_loss': 0.0006, 'train_acc': 1.0, 'task_loss': (1e-04, 0.0005)}
{'epoch': 46, 'train_loss': 0.0004, 'train_acc': 1.0, 'task_loss': (1e-04, 0.0003)}
{'epoch': 47, 'train_loss': 0.004, 'train_acc': 0.9988, 'task_loss': (0.0027, 0.0013)}
{'epoch': 48, 'train_loss': 0.0012, 'train_acc': 1.0, 'task_loss': (0.0003, 0.0009)}
{'epoch': 49, 'train_loss': 0.0006, 'train_acc': 1.0, 'task_loss': (1e-04, 0.0005)}
{'epoch': 50, 'train_loss': 0.0004, 'train_acc': 1.0, 'task_loss': (1e-04, 0.0003)}
{'epoch': 51, 'train_loss': 0.0008, 'train_acc': 1.0, 'task_loss': (0.0002, 0.0006)}
{'epoch': 52, 'train_loss': 0.0006, 'train_acc': 1.0, 'task_loss': (1e-04, 0.0005)}
{'epoch': 53, 'train_loss': 0.0003, 'train_acc': 1.0, 'task_loss': (1e-04, 0.0002)}
{'epoch': 54, 'train_loss': 0.0005, 'train_acc': 1.0, 'task_loss': (0.0002, 0.0003)}
{'epoch': 55, 'train_loss': 0.0003, 'train_acc': 1.0, 'task_loss': (1e-04, 0.0002)}
{'epoch': 56, 'train_loss': 0.0003, 'train_acc': 1.0, 'task_loss': (1e-04, 0.0002)}
{'epoch': 57, 'train_loss': 0.0003, 'train_acc': 1.0, 'task_loss': (1e-04, 0.0002)}
{'epoch': 58, 'train_loss': 0.0003, 'train_acc': 1.0, 'task_loss': (1e-04, 0.0002)}
{'epoch': 59, 'train_loss': 0.0003, 'train_acc': 1.0, 'task_loss': (1e-04, 0.0003)}
{'epoch': 60, 'train_loss': 0.0003, 'train_acc': 1.0, 'task_loss': (1e-04, 0.0003)}
{'epoch': 61, 'train_loss': 0.0003, 'train_acc': 1.0, 'task_loss': (1e-04, 0.0002)}
{'epoch': 62, 'train_loss': 0.0004, 'train_acc': 1.0, 'task_loss': (1e-04, 0.0003)}
{'epoch': 63, 'train_loss': 0.0003, 'train_acc': 1.0, 'task_loss': (1e-04, 0.0002)}
{'epoch': 64, 'train_loss': 0.0002, 'train_acc': 1.0, 'task_loss': (1e-04, 0.0002)}
{'epoch': 65, 'train_loss': 0.0003, 'train_acc': 1.0, 'task_loss': (1e-04, 0.0002)}
{'epoch': 66, 'train_loss': 0.0005, 'train_acc': 1.0, 'task_loss': (0.0, 0.0004)}
{'epoch': 67, 'train_loss': 0.0006, 'train_acc': 1.0, 'task_loss': (1e-04, 0.0005)}
{'epoch': 68, 'train_loss': 0.0002, 'train_acc': 1.0, 'task_loss': (1e-04, 0.0002)}
{'epoch': 69, 'train_loss': 0.0004, 'train_acc': 1.0, 'task_loss': (1e-04, 0.0003)}
{'epoch': 70, 'train_loss': 0.0003, 'train_acc': 1.0, 'task_loss': (1e-04, 0.0002)}
{'epoch': 71, 'train_loss': 0.0004, 'train_acc': 1.0, 'task_loss': (1e-04, 0.0003)}
{'epoch': 72, 'train_loss': 0.0003, 'train_acc': 1.0, 'task_loss': (1e-04, 0.0002)}
{'epoch': 73, 'train_loss': 0.0002, 'train_acc': 1.0, 'task_loss': (0.0, 0.0002)}
{'epoch': 74, 'train_loss': 0.0003, 'train_acc': 1.0, 'task_loss': (1e-04, 0.0002)}
{'epoch': 75, 'train_loss': 0.0005, 'train_acc': 1.0, 'task_loss': (0.0002, 0.0003)}
{'epoch': 76, 'train_loss': 0.0006, 'train_acc': 1.0, 'task_loss': (0.0003, 0.0002)}
{'epoch': 77, 'train_loss': 0.0005, 'train_acc': 1.0, 'task_loss': (1e-04, 0.0004)}
{'epoch': 78, 'train_loss': 0.0002, 'train_acc': 1.0, 'task_loss': (1e-04, 0.0002)}
{'epoch': 79, 'train_loss': 0.0003, 'train_acc': 1.0, 'task_loss': (1e-04, 0.0002)}
{'epoch': 80, 'train_loss': 0.0002, 'train_acc': 1.0, 'task_loss': (0.0, 1e-04)}
{'epoch': 81, 'train_loss': 0.0002, 'train_acc': 1.0, 'task_loss': (0.0, 0.0002)}
{'epoch': 82, 'train_loss': 0.0002, 'train_acc': 1.0, 'task_loss': (0.0, 0.0002)}
{'epoch': 83, 'train_loss': 0.0003, 'train_acc': 1.0, 'task_loss': (1e-04, 0.0002)}
{'epoch': 84, 'train_loss': 0.0004, 'train_acc': 1.0, 'task_loss': (1e-04, 0.0003)}
{'epoch': 85, 'train_loss': 0.0003, 'train_acc': 1.0, 'task_loss': (1e-04, 0.0002)}
{'epoch': 86, 'train_loss': 0.0003, 'train_acc': 1.0, 'task_loss': (1e-04, 0.0002)}
{'epoch': 87, 'train_loss': 0.0002, 'train_acc': 1.0, 'task_loss': (0.0, 1e-04)}
{'epoch': 88, 'train_loss': 0.0004, 'train_acc': 1.0, 'task_loss': (1e-04, 0.0002)}
{'epoch': 89, 'train_loss': 0.0006, 'train_acc': 1.0, 'task_loss': (1e-04, 0.0004)}
{'epoch': 90, 'train_loss': 0.0004, 'train_acc': 1.0, 'task_loss': (1e-04, 0.0003)}
{'epoch': 91, 'train_loss': 0.0002, 'train_acc': 1.0, 'task_loss': (1e-04, 1e-04)}
{'epoch': 92, 'train_loss': 0.0003, 'train_acc': 1.0, 'task_loss': (1e-04, 0.0002)}
{'epoch': 93, 'train_loss': 0.0003, 'train_acc': 1.0, 'task_loss': (1e-04, 0.0002)}
{'epoch': 94, 'train_loss': 0.0002, 'train_acc': 1.0, 'task_loss': (1e-04, 1e-04)}
{'epoch': 95, 'train_loss': 0.0005, 'train_acc': 1.0, 'task_loss': (0.0004, 1e-04)}
{'epoch': 96, 'train_loss': 0.0002, 'train_acc': 1.0, 'task_loss': (1e-04, 0.0002)}
{'epoch': 97, 'train_loss': 0.0004, 'train_acc': 1.0, 'task_loss': (1e-04, 0.0003)}
{'epoch': 98, 'train_loss': 0.0004, 'train_acc': 1.0, 'task_loss': (1e-04, 0.0003)}
{'epoch': 99, 'train_loss': 0.0003, 'train_acc': 1.0, 'task_loss': (1e-04, 0.0002)}
{'epoch': 100, 'train_loss': 0.0002, 'train_acc': 1.0, 'task_loss': (1e-04, 0.0002)}
{'run_num': 0, 'final_test_err': 0.10097719869706845}
Files already downloaded and verified
Files already downloaded and verified
{'epoch': 1, 'train_loss': 0.5882, 'train_acc': 0.7887, 'task_loss': (0.3418, 0.2464)}
{'epoch': 2, 'train_loss': 0.1936, 'train_acc': 0.9167, 'task_loss': (0.0975, 0.0961)}
{'epoch': 3, 'train_loss': 0.2192, 'train_acc': 0.9143, 'task_loss': (0.1109, 0.1083)}
{'epoch': 4, 'train_loss': 0.0946, 'train_acc': 0.9589, 'task_loss': (0.0392, 0.0554)}
{'epoch': 5, 'train_loss': 0.1454, 'train_acc': 0.9507, 'task_loss': (0.0796, 0.0658)}
{'epoch': 6, 'train_loss': 0.1692, 'train_acc': 0.9331, 'task_loss': (0.088, 0.0812)}
{'epoch': 7, 'train_loss': 0.0991, 'train_acc': 0.9566, 'task_loss': (0.0475, 0.0516)}
{'epoch': 8, 'train_loss': 0.055, 'train_acc': 0.973, 'task_loss': (0.0175, 0.0375)}
{'epoch': 9, 'train_loss': 0.0209, 'train_acc': 0.993, 'task_loss': (0.0074, 0.0136)}
{'epoch': 10, 'train_loss': 0.0159, 'train_acc': 0.9965, 'task_loss': (0.0053, 0.0106)}
{'epoch': 11, 'train_loss': 0.0078, 'train_acc': 0.9977, 'task_loss': (0.0012, 0.0066)}
{'epoch': 12, 'train_loss': 0.0085, 'train_acc': 0.9977, 'task_loss': (0.0014, 0.0071)}
{'epoch': 13, 'train_loss': 0.0067, 'train_acc': 0.9988, 'task_loss': (0.0025, 0.0042)}
{'epoch': 14, 'train_loss': 0.0054, 'train_acc': 1.0, 'task_loss': (0.0012, 0.0041)}
{'epoch': 15, 'train_loss': 0.0032, 'train_acc': 1.0, 'task_loss': (0.0009, 0.0023)}
{'epoch': 16, 'train_loss': 0.0087, 'train_acc': 0.9977, 'task_loss': (0.0021, 0.0066)}
{'epoch': 17, 'train_loss': 0.0058, 'train_acc': 0.9988, 'task_loss': (0.0024, 0.0034)}
{'epoch': 18, 'train_loss': 0.0272, 'train_acc': 0.9894, 'task_loss': (0.0125, 0.0147)}
{'epoch': 19, 'train_loss': 0.0064, 'train_acc': 0.9988, 'task_loss': (0.0016, 0.0047)}
{'epoch': 20, 'train_loss': 0.0045, 'train_acc': 1.0, 'task_loss': (0.0009, 0.0037)}
{'epoch': 21, 'train_loss': 0.0041, 'train_acc': 0.9988, 'task_loss': (0.001, 0.0031)}
{'epoch': 22, 'train_loss': 0.0022, 'train_acc': 1.0, 'task_loss': (0.0006, 0.0016)}
{'epoch': 23, 'train_loss': 0.0043, 'train_acc': 0.9988, 'task_loss': (0.0008, 0.0035)}
{'epoch': 24, 'train_loss': 0.0017, 'train_acc': 1.0, 'task_loss': (0.0006, 0.0011)}
{'epoch': 25, 'train_loss': 0.002, 'train_acc': 1.0, 'task_loss': (0.0005, 0.0015)}
{'epoch': 26, 'train_loss': 0.0019, 'train_acc': 1.0, 'task_loss': (0.001, 0.0009)}
{'epoch': 27, 'train_loss': 0.0013, 'train_acc': 1.0, 'task_loss': (0.0003, 0.001)}
{'epoch': 28, 'train_loss': 0.0008, 'train_acc': 1.0, 'task_loss': (0.0002, 0.0007)}
{'epoch': 29, 'train_loss': 0.0009, 'train_acc': 1.0, 'task_loss': (0.0003, 0.0006)}
{'epoch': 30, 'train_loss': 0.0017, 'train_acc': 1.0, 'task_loss': (0.0004, 0.0013)}
{'epoch': 31, 'train_loss': 0.0017, 'train_acc': 1.0, 'task_loss': (0.0011, 0.0006)}
{'epoch': 32, 'train_loss': 0.0009, 'train_acc': 1.0, 'task_loss': (0.0004, 0.0006)}
{'epoch': 33, 'train_loss': 0.0009, 'train_acc': 1.0, 'task_loss': (0.0002, 0.0006)}
{'epoch': 34, 'train_loss': 0.0017, 'train_acc': 0.9988, 'task_loss': (0.0005, 0.0012)}
{'epoch': 35, 'train_loss': 0.0017, 'train_acc': 0.9988, 'task_loss': (0.0003, 0.0014)}
{'epoch': 36, 'train_loss': 0.002, 'train_acc': 0.9988, 'task_loss': (0.0005, 0.0015)}
{'epoch': 37, 'train_loss': 0.0022, 'train_acc': 1.0, 'task_loss': (0.0012, 0.001)}
{'epoch': 38, 'train_loss': 0.0008, 'train_acc': 1.0, 'task_loss': (0.0003, 0.0005)}
{'epoch': 39, 'train_loss': 0.0008, 'train_acc': 1.0, 'task_loss': (0.0002, 0.0006)}
{'epoch': 40, 'train_loss': 0.0011, 'train_acc': 1.0, 'task_loss': (0.0003, 0.0009)}
{'epoch': 41, 'train_loss': 0.0007, 'train_acc': 1.0, 'task_loss': (0.0002, 0.0005)}
{'epoch': 42, 'train_loss': 0.0005, 'train_acc': 1.0, 'task_loss': (0.0002, 0.0003)}
{'epoch': 43, 'train_loss': 0.0015, 'train_acc': 0.9988, 'task_loss': (0.0002, 0.0014)}
{'epoch': 44, 'train_loss': 0.0006, 'train_acc': 1.0, 'task_loss': (0.0003, 0.0003)}
{'epoch': 45, 'train_loss': 0.0007, 'train_acc': 1.0, 'task_loss': (0.0003, 0.0004)}
{'epoch': 46, 'train_loss': 0.0006, 'train_acc': 1.0, 'task_loss': (0.0003, 0.0003)}
{'epoch': 47, 'train_loss': 0.0005, 'train_acc': 1.0, 'task_loss': (0.0002, 0.0003)}
{'epoch': 48, 'train_loss': 0.0006, 'train_acc': 1.0, 'task_loss': (0.0003, 0.0004)}
{'epoch': 49, 'train_loss': 0.0004, 'train_acc': 1.0, 'task_loss': (1e-04, 0.0003)}
{'epoch': 50, 'train_loss': 0.0005, 'train_acc': 1.0, 'task_loss': (1e-04, 0.0003)}
{'epoch': 51, 'train_loss': 0.0005, 'train_acc': 1.0, 'task_loss': (1e-04, 0.0004)}
{'epoch': 52, 'train_loss': 0.0006, 'train_acc': 1.0, 'task_loss': (0.0002, 0.0004)}
{'epoch': 53, 'train_loss': 0.0004, 'train_acc': 1.0, 'task_loss': (1e-04, 0.0003)}
{'epoch': 54, 'train_loss': 0.0023, 'train_acc': 0.9988, 'task_loss': (1e-04, 0.0021)}
{'epoch': 55, 'train_loss': 0.0039, 'train_acc': 0.9988, 'task_loss': (0.0012, 0.0027)}
{'epoch': 56, 'train_loss': 0.001, 'train_acc': 1.0, 'task_loss': (0.0002, 0.0008)}
{'epoch': 57, 'train_loss': 0.0011, 'train_acc': 1.0, 'task_loss': (0.0004, 0.0007)}
{'epoch': 58, 'train_loss': 0.0009, 'train_acc': 1.0, 'task_loss': (0.0003, 0.0006)}
{'epoch': 59, 'train_loss': 0.0004, 'train_acc': 1.0, 'task_loss': (0.0002, 0.0002)}
{'epoch': 60, 'train_loss': 0.0004, 'train_acc': 1.0, 'task_loss': (1e-04, 0.0003)}
{'epoch': 61, 'train_loss': 0.0008, 'train_acc': 1.0, 'task_loss': (0.0005, 0.0003)}
{'epoch': 62, 'train_loss': 0.0004, 'train_acc': 1.0, 'task_loss': (1e-04, 0.0003)}
{'epoch': 63, 'train_loss': 0.0007, 'train_acc': 1.0, 'task_loss': (0.0002, 0.0005)}
{'epoch': 64, 'train_loss': 0.0008, 'train_acc': 1.0, 'task_loss': (0.0002, 0.0006)}
{'epoch': 65, 'train_loss': 0.0004, 'train_acc': 1.0, 'task_loss': (1e-04, 0.0003)}
{'epoch': 66, 'train_loss': 0.0004, 'train_acc': 1.0, 'task_loss': (1e-04, 0.0003)}
{'epoch': 67, 'train_loss': 0.0003, 'train_acc': 1.0, 'task_loss': (1e-04, 0.0002)}
{'epoch': 68, 'train_loss': 0.0004, 'train_acc': 1.0, 'task_loss': (0.0002, 0.0002)}
{'epoch': 69, 'train_loss': 0.0003, 'train_acc': 1.0, 'task_loss': (1e-04, 0.0002)}
{'epoch': 70, 'train_loss': 0.0006, 'train_acc': 1.0, 'task_loss': (0.0002, 0.0004)}
{'epoch': 71, 'train_loss': 0.0007, 'train_acc': 1.0, 'task_loss': (1e-04, 0.0006)}
{'epoch': 72, 'train_loss': 0.0003, 'train_acc': 1.0, 'task_loss': (1e-04, 0.0002)}
{'epoch': 73, 'train_loss': 0.0004, 'train_acc': 1.0, 'task_loss': (0.0002, 0.0003)}
{'epoch': 74, 'train_loss': 0.0004, 'train_acc': 1.0, 'task_loss': (1e-04, 0.0002)}
{'epoch': 75, 'train_loss': 0.0003, 'train_acc': 1.0, 'task_loss': (1e-04, 0.0002)}
{'epoch': 76, 'train_loss': 0.0003, 'train_acc': 1.0, 'task_loss': (1e-04, 0.0003)}
{'epoch': 77, 'train_loss': 0.0003, 'train_acc': 1.0, 'task_loss': (1e-04, 0.0002)}
{'epoch': 78, 'train_loss': 0.0003, 'train_acc': 1.0, 'task_loss': (1e-04, 0.0002)}
{'epoch': 79, 'train_loss': 0.0004, 'train_acc': 1.0, 'task_loss': (1e-04, 0.0004)}
{'epoch': 80, 'train_loss': 0.0003, 'train_acc': 1.0, 'task_loss': (1e-04, 0.0002)}
{'epoch': 81, 'train_loss': 0.0002, 'train_acc': 1.0, 'task_loss': (1e-04, 1e-04)}
{'epoch': 82, 'train_loss': 0.0003, 'train_acc': 1.0, 'task_loss': (1e-04, 0.0002)}
{'epoch': 83, 'train_loss': 0.0002, 'train_acc': 1.0, 'task_loss': (1e-04, 0.0002)}
{'epoch': 84, 'train_loss': 0.0004, 'train_acc': 1.0, 'task_loss': (0.0002, 0.0002)}
{'epoch': 85, 'train_loss': 0.0003, 'train_acc': 1.0, 'task_loss': (1e-04, 0.0002)}
{'epoch': 86, 'train_loss': 0.0003, 'train_acc': 1.0, 'task_loss': (1e-04, 0.0002)}
{'epoch': 87, 'train_loss': 0.0002, 'train_acc': 1.0, 'task_loss': (1e-04, 0.0002)}
{'epoch': 88, 'train_loss': 0.0003, 'train_acc': 1.0, 'task_loss': (1e-04, 0.0002)}
{'epoch': 89, 'train_loss': 0.0006, 'train_acc': 1.0, 'task_loss': (0.0003, 0.0003)}
{'epoch': 90, 'train_loss': 0.0003, 'train_acc': 1.0, 'task_loss': (1e-04, 0.0002)}
{'epoch': 91, 'train_loss': 0.0002, 'train_acc': 1.0, 'task_loss': (1e-04, 1e-04)}
{'epoch': 92, 'train_loss': 0.0004, 'train_acc': 1.0, 'task_loss': (1e-04, 0.0003)}
{'epoch': 93, 'train_loss': 0.0004, 'train_acc': 1.0, 'task_loss': (1e-04, 0.0003)}
{'epoch': 94, 'train_loss': 0.0003, 'train_acc': 1.0, 'task_loss': (1e-04, 0.0002)}
{'epoch': 95, 'train_loss': 0.0005, 'train_acc': 1.0, 'task_loss': (0.0002, 0.0003)}
{'epoch': 96, 'train_loss': 0.0002, 'train_acc': 1.0, 'task_loss': (1e-04, 1e-04)}
{'epoch': 97, 'train_loss': 0.0003, 'train_acc': 1.0, 'task_loss': (1e-04, 0.0003)}
{'epoch': 98, 'train_loss': 0.0003, 'train_acc': 1.0, 'task_loss': (1e-04, 0.0002)}
{'epoch': 99, 'train_loss': 0.0003, 'train_acc': 1.0, 'task_loss': (1e-04, 0.0003)}
{'epoch': 100, 'train_loss': 0.0003, 'train_acc': 1.0, 'task_loss': (0.0002, 0.0002)}
{'run_num': 1, 'final_test_err': 0.0912052117263844}
Files already downloaded and verified
Files already downloaded and verified
{'epoch': 1, 'train_loss': 0.5237, 'train_acc': 0.7899, 'task_loss': (0.3166, 0.2071)}
{'epoch': 2, 'train_loss': 0.2628, 'train_acc': 0.9061, 'task_loss': (0.1265, 0.1363)}
{'epoch': 3, 'train_loss': 0.1802, 'train_acc': 0.9272, 'task_loss': (0.07, 0.1102)}
{'epoch': 4, 'train_loss': 0.097, 'train_acc': 0.9636, 'task_loss': (0.0384, 0.0586)}
{'epoch': 5, 'train_loss': 0.0575, 'train_acc': 0.973, 'task_loss': (0.0156, 0.0419)}
{'epoch': 6, 'train_loss': 0.0305, 'train_acc': 0.9871, 'task_loss': (0.0094, 0.0211)}
{'epoch': 7, 'train_loss': 0.0264, 'train_acc': 0.9906, 'task_loss': (0.0108, 0.0156)}
{'epoch': 8, 'train_loss': 0.0141, 'train_acc': 0.9977, 'task_loss': (0.0026, 0.0115)}
{'epoch': 9, 'train_loss': 0.0078, 'train_acc': 0.9988, 'task_loss': (0.0023, 0.0054)}
{'epoch': 10, 'train_loss': 0.0139, 'train_acc': 0.9977, 'task_loss': (0.0024, 0.0115)}
{'epoch': 11, 'train_loss': 0.0093, 'train_acc': 0.9965, 'task_loss': (0.0037, 0.0056)}
{'epoch': 12, 'train_loss': 0.0462, 'train_acc': 0.9789, 'task_loss': (0.013, 0.0332)}
{'epoch': 13, 'train_loss': 0.0284, 'train_acc': 0.9894, 'task_loss': (0.0059, 0.0225)}
{'epoch': 14, 'train_loss': 0.011, 'train_acc': 0.9965, 'task_loss': (0.0029, 0.0081)}
{'epoch': 15, 'train_loss': 0.0049, 'train_acc': 1.0, 'task_loss': (0.002, 0.0029)}
{'epoch': 16, 'train_loss': 0.0043, 'train_acc': 0.9988, 'task_loss': (0.001, 0.0033)}
{'epoch': 17, 'train_loss': 0.004, 'train_acc': 0.9988, 'task_loss': (0.0012, 0.0028)}
{'epoch': 18, 'train_loss': 0.002, 'train_acc': 1.0, 'task_loss': (0.0005, 0.0015)}
{'epoch': 19, 'train_loss': 0.0015, 'train_acc': 1.0, 'task_loss': (0.0003, 0.0012)}
{'epoch': 20, 'train_loss': 0.0012, 'train_acc': 1.0, 'task_loss': (0.0003, 0.0009)}
{'epoch': 21, 'train_loss': 0.0008, 'train_acc': 1.0, 'task_loss': (0.0002, 0.0007)}
{'epoch': 22, 'train_loss': 0.002, 'train_acc': 1.0, 'task_loss': (0.0006, 0.0014)}
{'epoch': 23, 'train_loss': 0.0014, 'train_acc': 1.0, 'task_loss': (0.0002, 0.0012)}
{'epoch': 24, 'train_loss': 0.0012, 'train_acc': 1.0, 'task_loss': (0.0003, 0.001)}
{'epoch': 25, 'train_loss': 0.0013, 'train_acc': 1.0, 'task_loss': (0.0006, 0.0007)}
{'epoch': 26, 'train_loss': 0.001, 'train_acc': 1.0, 'task_loss': (0.0004, 0.0007)}
{'epoch': 27, 'train_loss': 0.0009, 'train_acc': 1.0, 'task_loss': (0.0002, 0.0007)}
{'epoch': 28, 'train_loss': 0.0009, 'train_acc': 1.0, 'task_loss': (0.0003, 0.0006)}
{'epoch': 29, 'train_loss': 0.0005, 'train_acc': 1.0, 'task_loss': (1e-04, 0.0004)}
{'epoch': 30, 'train_loss': 0.0008, 'train_acc': 1.0, 'task_loss': (0.0002, 0.0006)}
{'epoch': 31, 'train_loss': 0.0006, 'train_acc': 1.0, 'task_loss': (0.0002, 0.0004)}
{'epoch': 32, 'train_loss': 0.0005, 'train_acc': 1.0, 'task_loss': (0.0002, 0.0003)}
{'epoch': 33, 'train_loss': 0.0006, 'train_acc': 1.0, 'task_loss': (1e-04, 0.0005)}
{'epoch': 34, 'train_loss': 0.0008, 'train_acc': 1.0, 'task_loss': (1e-04, 0.0006)}
{'epoch': 35, 'train_loss': 0.0005, 'train_acc': 1.0, 'task_loss': (0.0003, 0.0003)}
{'epoch': 36, 'train_loss': 0.0004, 'train_acc': 1.0, 'task_loss': (0.0002, 0.0002)}
{'epoch': 37, 'train_loss': 0.0005, 'train_acc': 1.0, 'task_loss': (0.0002, 0.0003)}
{'epoch': 38, 'train_loss': 0.0004, 'train_acc': 1.0, 'task_loss': (1e-04, 0.0003)}
{'epoch': 39, 'train_loss': 0.0004, 'train_acc': 1.0, 'task_loss': (1e-04, 0.0003)}
{'epoch': 40, 'train_loss': 0.0005, 'train_acc': 1.0, 'task_loss': (1e-04, 0.0005)}
{'epoch': 41, 'train_loss': 0.0008, 'train_acc': 1.0, 'task_loss': (1e-04, 0.0007)}
{'epoch': 42, 'train_loss': 0.0004, 'train_acc': 1.0, 'task_loss': (0.0002, 0.0002)}
{'epoch': 43, 'train_loss': 0.0005, 'train_acc': 1.0, 'task_loss': (1e-04, 0.0004)}
{'epoch': 44, 'train_loss': 0.0007, 'train_acc': 1.0, 'task_loss': (0.0002, 0.0005)}
{'epoch': 45, 'train_loss': 0.0005, 'train_acc': 1.0, 'task_loss': (1e-04, 0.0004)}
{'epoch': 46, 'train_loss': 0.0003, 'train_acc': 1.0, 'task_loss': (1e-04, 0.0002)}
{'epoch': 47, 'train_loss': 0.0003, 'train_acc': 1.0, 'task_loss': (1e-04, 0.0003)}
{'epoch': 48, 'train_loss': 0.0003, 'train_acc': 1.0, 'task_loss': (1e-04, 0.0002)}
{'epoch': 49, 'train_loss': 0.0002, 'train_acc': 1.0, 'task_loss': (0.0, 1e-04)}
{'epoch': 50, 'train_loss': 0.0003, 'train_acc': 1.0, 'task_loss': (0.0, 0.0003)}
{'epoch': 51, 'train_loss': 0.0004, 'train_acc': 1.0, 'task_loss': (0.0002, 0.0002)}
{'epoch': 52, 'train_loss': 0.0002, 'train_acc': 1.0, 'task_loss': (1e-04, 0.0002)}
{'epoch': 53, 'train_loss': 0.0003, 'train_acc': 1.0, 'task_loss': (1e-04, 0.0002)}
{'epoch': 54, 'train_loss': 0.0003, 'train_acc': 1.0, 'task_loss': (1e-04, 0.0002)}
{'epoch': 55, 'train_loss': 0.0002, 'train_acc': 1.0, 'task_loss': (1e-04, 0.0002)}
{'epoch': 56, 'train_loss': 0.0003, 'train_acc': 1.0, 'task_loss': (1e-04, 0.0002)}
{'epoch': 57, 'train_loss': 0.0003, 'train_acc': 1.0, 'task_loss': (1e-04, 0.0002)}
{'epoch': 58, 'train_loss': 0.0003, 'train_acc': 1.0, 'task_loss': (0.0002, 0.0002)}
{'epoch': 59, 'train_loss': 0.0002, 'train_acc': 1.0, 'task_loss': (1e-04, 1e-04)}
{'epoch': 60, 'train_loss': 0.0003, 'train_acc': 1.0, 'task_loss': (1e-04, 0.0003)}
{'epoch': 61, 'train_loss': 0.0003, 'train_acc': 1.0, 'task_loss': (1e-04, 0.0002)}
{'epoch': 62, 'train_loss': 0.0004, 'train_acc': 1.0, 'task_loss': (1e-04, 0.0003)}
{'epoch': 63, 'train_loss': 0.0016, 'train_acc': 0.9988, 'task_loss': (0.0013, 0.0002)}
{'epoch': 64, 'train_loss': 0.0004, 'train_acc': 1.0, 'task_loss': (0.0, 0.0004)}
{'epoch': 65, 'train_loss': 0.0008, 'train_acc': 1.0, 'task_loss': (1e-04, 0.0007)}
{'epoch': 66, 'train_loss': 0.0006, 'train_acc': 1.0, 'task_loss': (0.0003, 0.0004)}
{'epoch': 67, 'train_loss': 0.0004, 'train_acc': 1.0, 'task_loss': (1e-04, 0.0003)}
{'epoch': 68, 'train_loss': 0.0004, 'train_acc': 1.0, 'task_loss': (1e-04, 0.0003)}
{'epoch': 69, 'train_loss': 0.0012, 'train_acc': 1.0, 'task_loss': (1e-04, 0.001)}
{'epoch': 70, 'train_loss': 0.0003, 'train_acc': 1.0, 'task_loss': (1e-04, 0.0002)}
{'epoch': 71, 'train_loss': 0.0003, 'train_acc': 1.0, 'task_loss': (1e-04, 0.0002)}
{'epoch': 72, 'train_loss': 0.0002, 'train_acc': 1.0, 'task_loss': (0.0, 0.0002)}
{'epoch': 73, 'train_loss': 0.0004, 'train_acc': 1.0, 'task_loss': (0.0002, 0.0002)}
{'epoch': 74, 'train_loss': 0.0004, 'train_acc': 1.0, 'task_loss': (1e-04, 0.0003)}
{'epoch': 75, 'train_loss': 0.0004, 'train_acc': 1.0, 'task_loss': (1e-04, 0.0003)}
{'epoch': 76, 'train_loss': 0.0005, 'train_acc': 1.0, 'task_loss': (0.0003, 0.0002)}
{'epoch': 77, 'train_loss': 0.0004, 'train_acc': 1.0, 'task_loss': (1e-04, 0.0004)}
{'epoch': 78, 'train_loss': 0.0002, 'train_acc': 1.0, 'task_loss': (1e-04, 1e-04)}
{'epoch': 79, 'train_loss': 0.0003, 'train_acc': 1.0, 'task_loss': (1e-04, 0.0002)}
{'epoch': 80, 'train_loss': 0.0006, 'train_acc': 1.0, 'task_loss': (1e-04, 0.0005)}
{'epoch': 81, 'train_loss': 0.0003, 'train_acc': 1.0, 'task_loss': (0.0, 0.0002)}
{'epoch': 82, 'train_loss': 0.0004, 'train_acc': 1.0, 'task_loss': (1e-04, 0.0003)}
{'epoch': 83, 'train_loss': 0.0002, 'train_acc': 1.0, 'task_loss': (1e-04, 0.0002)}
{'epoch': 84, 'train_loss': 0.0002, 'train_acc': 1.0, 'task_loss': (1e-04, 0.0002)}
{'epoch': 85, 'train_loss': 0.0003, 'train_acc': 1.0, 'task_loss': (1e-04, 0.0002)}
{'epoch': 86, 'train_loss': 0.0004, 'train_acc': 1.0, 'task_loss': (1e-04, 0.0003)}
{'epoch': 87, 'train_loss': 0.0003, 'train_acc': 1.0, 'task_loss': (1e-04, 0.0002)}
{'epoch': 88, 'train_loss': 0.0004, 'train_acc': 1.0, 'task_loss': (1e-04, 0.0003)}
{'epoch': 89, 'train_loss': 0.0003, 'train_acc': 1.0, 'task_loss': (1e-04, 0.0002)}
{'epoch': 90, 'train_loss': 0.0008, 'train_acc': 1.0, 'task_loss': (0.0, 0.0007)}
{'epoch': 91, 'train_loss': 0.0005, 'train_acc': 1.0, 'task_loss': (1e-04, 0.0005)}
{'epoch': 92, 'train_loss': 0.0002, 'train_acc': 1.0, 'task_loss': (1e-04, 1e-04)}
{'epoch': 93, 'train_loss': 0.0003, 'train_acc': 1.0, 'task_loss': (1e-04, 0.0002)}
{'epoch': 94, 'train_loss': 0.0002, 'train_acc': 1.0, 'task_loss': (0.0, 1e-04)}
{'epoch': 95, 'train_loss': 0.0003, 'train_acc': 1.0, 'task_loss': (0.0, 0.0003)}
{'epoch': 96, 'train_loss': 0.0003, 'train_acc': 1.0, 'task_loss': (0.0, 0.0003)}
{'epoch': 97, 'train_loss': 0.0003, 'train_acc': 1.0, 'task_loss': (1e-04, 0.0002)}
{'epoch': 98, 'train_loss': 0.0003, 'train_acc': 1.0, 'task_loss': (1e-04, 0.0002)}
{'epoch': 99, 'train_loss': 0.0004, 'train_acc': 1.0, 'task_loss': (0.0, 0.0004)}
{'epoch': 100, 'train_loss': 0.0001, 'train_acc': 1.0, 'task_loss': (0.0, 1e-04)}
{'run_num': 2, 'final_test_err': 0.10749185667752448}
Files already downloaded and verified
Files already downloaded and verified
{'epoch': 1, 'train_loss': 0.3768, 'train_acc': 0.8322, 'task_loss': (0.1852, 0.1916)}
{'epoch': 2, 'train_loss': 0.198, 'train_acc': 0.9272, 'task_loss': (0.1187, 0.0793)}
{'epoch': 3, 'train_loss': 0.1301, 'train_acc': 0.9566, 'task_loss': (0.0762, 0.0539)}
{'epoch': 4, 'train_loss': 0.3427, 'train_acc': 0.9002, 'task_loss': (0.1786, 0.1641)}
{'epoch': 5, 'train_loss': 0.1832, 'train_acc': 0.9249, 'task_loss': (0.0894, 0.0938)}
{'epoch': 6, 'train_loss': 0.075, 'train_acc': 0.9624, 'task_loss': (0.0264, 0.0486)}
{'epoch': 7, 'train_loss': 0.0525, 'train_acc': 0.9812, 'task_loss': (0.022, 0.0305)}
{'epoch': 8, 'train_loss': 0.0343, 'train_acc': 0.9859, 'task_loss': (0.0112, 0.0231)}
{'epoch': 9, 'train_loss': 0.0089, 'train_acc': 0.9988, 'task_loss': (0.0025, 0.0064)}
{'epoch': 10, 'train_loss': 0.0057, 'train_acc': 0.9988, 'task_loss': (0.0014, 0.0043)}
{'epoch': 11, 'train_loss': 0.0115, 'train_acc': 0.9965, 'task_loss': (0.0034, 0.0081)}
{'epoch': 12, 'train_loss': 0.0061, 'train_acc': 1.0, 'task_loss': (0.003, 0.0031)}
{'epoch': 13, 'train_loss': 0.0043, 'train_acc': 1.0, 'task_loss': (0.0022, 0.0021)}
{'epoch': 14, 'train_loss': 0.0022, 'train_acc': 1.0, 'task_loss': (0.0004, 0.0018)}
{'epoch': 15, 'train_loss': 0.0048, 'train_acc': 0.9965, 'task_loss': (0.0008, 0.004)}
{'epoch': 16, 'train_loss': 0.0026, 'train_acc': 1.0, 'task_loss': (0.0007, 0.0019)}
{'epoch': 17, 'train_loss': 0.0014, 'train_acc': 1.0, 'task_loss': (0.0004, 0.001)}
{'epoch': 18, 'train_loss': 0.0016, 'train_acc': 1.0, 'task_loss': (0.0004, 0.0013)}
{'epoch': 19, 'train_loss': 0.0015, 'train_acc': 1.0, 'task_loss': (0.0006, 0.0009)}
{'epoch': 20, 'train_loss': 0.0018, 'train_acc': 1.0, 'task_loss': (0.0009, 0.0009)}
{'epoch': 21, 'train_loss': 0.0016, 'train_acc': 1.0, 'task_loss': (0.0003, 0.0012)}
{'epoch': 22, 'train_loss': 0.0023, 'train_acc': 1.0, 'task_loss': (0.0012, 0.0011)}
{'epoch': 23, 'train_loss': 0.0045, 'train_acc': 0.9988, 'task_loss': (0.0018, 0.0027)}
{'epoch': 24, 'train_loss': 0.0012, 'train_acc': 1.0, 'task_loss': (0.0004, 0.0008)}
{'epoch': 25, 'train_loss': 0.0009, 'train_acc': 1.0, 'task_loss': (0.0004, 0.0005)}
{'epoch': 26, 'train_loss': 0.0009, 'train_acc': 1.0, 'task_loss': (0.0003, 0.0007)}
{'epoch': 27, 'train_loss': 0.0012, 'train_acc': 1.0, 'task_loss': (0.0002, 0.001)}
{'epoch': 28, 'train_loss': 0.0012, 'train_acc': 1.0, 'task_loss': (0.0003, 0.0009)}
{'epoch': 29, 'train_loss': 0.0074, 'train_acc': 0.9988, 'task_loss': (0.0052, 0.0022)}
{'epoch': 30, 'train_loss': 0.3095, 'train_acc': 0.9002, 'task_loss': (0.153, 0.1565)}
{'epoch': 31, 'train_loss': 0.0621, 'train_acc': 0.9707, 'task_loss': (0.027, 0.0351)}
{'epoch': 32, 'train_loss': 0.0259, 'train_acc': 0.9894, 'task_loss': (0.0118, 0.0141)}
{'epoch': 33, 'train_loss': 0.0188, 'train_acc': 0.9906, 'task_loss': (0.004, 0.0148)}
{'epoch': 34, 'train_loss': 0.0137, 'train_acc': 0.9941, 'task_loss': (0.0052, 0.0085)}
{'epoch': 35, 'train_loss': 0.0122, 'train_acc': 0.9953, 'task_loss': (0.0032, 0.0089)}
{'epoch': 36, 'train_loss': 0.0055, 'train_acc': 1.0, 'task_loss': (0.0021, 0.0034)}
{'epoch': 37, 'train_loss': 0.0049, 'train_acc': 1.0, 'task_loss': (0.0012, 0.0037)}
{'epoch': 38, 'train_loss': 0.0059, 'train_acc': 0.9988, 'task_loss': (0.0016, 0.0043)}
{'epoch': 39, 'train_loss': 0.0042, 'train_acc': 0.9988, 'task_loss': (0.0017, 0.0025)}
{'epoch': 40, 'train_loss': 0.0037, 'train_acc': 0.9988, 'task_loss': (0.0007, 0.003)}
{'epoch': 41, 'train_loss': 0.0028, 'train_acc': 1.0, 'task_loss': (0.0006, 0.0022)}
{'epoch': 42, 'train_loss': 0.0023, 'train_acc': 1.0, 'task_loss': (0.0003, 0.0021)}
{'epoch': 43, 'train_loss': 0.002, 'train_acc': 1.0, 'task_loss': (0.0007, 0.0013)}
{'epoch': 44, 'train_loss': 0.003, 'train_acc': 0.9977, 'task_loss': (0.0007, 0.0023)}
{'epoch': 45, 'train_loss': 0.0017, 'train_acc': 1.0, 'task_loss': (0.0006, 0.0011)}
{'epoch': 46, 'train_loss': 0.0013, 'train_acc': 1.0, 'task_loss': (0.0004, 0.0009)}
{'epoch': 47, 'train_loss': 0.0052, 'train_acc': 0.9988, 'task_loss': (0.0025, 0.0027)}
{'epoch': 48, 'train_loss': 0.0026, 'train_acc': 1.0, 'task_loss': (0.0014, 0.0012)}
{'epoch': 49, 'train_loss': 0.0022, 'train_acc': 0.9988, 'task_loss': (0.0005, 0.0017)}
{'epoch': 50, 'train_loss': 0.0031, 'train_acc': 1.0, 'task_loss': (0.0021, 0.001)}
{'epoch': 51, 'train_loss': 0.0015, 'train_acc': 1.0, 'task_loss': (0.0005, 0.001)}
{'epoch': 52, 'train_loss': 0.0009, 'train_acc': 1.0, 'task_loss': (0.0002, 0.0007)}
{'epoch': 53, 'train_loss': 0.0009, 'train_acc': 1.0, 'task_loss': (0.0002, 0.0007)}
{'epoch': 54, 'train_loss': 0.0008, 'train_acc': 1.0, 'task_loss': (0.0002, 0.0006)}
{'epoch': 55, 'train_loss': 0.0008, 'train_acc': 1.0, 'task_loss': (0.0002, 0.0005)}
{'epoch': 56, 'train_loss': 0.0015, 'train_acc': 1.0, 'task_loss': (0.0003, 0.0012)}
{'epoch': 57, 'train_loss': 0.0028, 'train_acc': 0.9977, 'task_loss': (0.0005, 0.0023)}
{'epoch': 58, 'train_loss': 0.0011, 'train_acc': 1.0, 'task_loss': (0.0002, 0.0009)}
{'epoch': 59, 'train_loss': 0.0007, 'train_acc': 1.0, 'task_loss': (0.0003, 0.0004)}
{'epoch': 60, 'train_loss': 0.001, 'train_acc': 1.0, 'task_loss': (0.0003, 0.0008)}
{'epoch': 61, 'train_loss': 0.0008, 'train_acc': 1.0, 'task_loss': (0.0002, 0.0005)}
{'epoch': 62, 'train_loss': 0.001, 'train_acc': 1.0, 'task_loss': (0.0005, 0.0005)}
{'epoch': 63, 'train_loss': 0.002, 'train_acc': 1.0, 'task_loss': (0.0008, 0.0012)}
{'epoch': 64, 'train_loss': 0.0006, 'train_acc': 1.0, 'task_loss': (0.0002, 0.0004)}
{'epoch': 65, 'train_loss': 0.001, 'train_acc': 1.0, 'task_loss': (0.0004, 0.0005)}
{'epoch': 66, 'train_loss': 0.0006, 'train_acc': 1.0, 'task_loss': (0.0002, 0.0004)}
{'epoch': 67, 'train_loss': 0.0008, 'train_acc': 1.0, 'task_loss': (0.0003, 0.0005)}
{'epoch': 68, 'train_loss': 0.0011, 'train_acc': 1.0, 'task_loss': (0.0003, 0.0008)}
{'epoch': 69, 'train_loss': 0.0014, 'train_acc': 1.0, 'task_loss': (0.0003, 0.0011)}
{'epoch': 70, 'train_loss': 0.0007, 'train_acc': 1.0, 'task_loss': (0.0002, 0.0005)}
{'epoch': 71, 'train_loss': 0.0006, 'train_acc': 1.0, 'task_loss': (1e-04, 0.0005)}
{'epoch': 72, 'train_loss': 0.0006, 'train_acc': 1.0, 'task_loss': (0.0002, 0.0004)}
{'epoch': 73, 'train_loss': 0.0014, 'train_acc': 1.0, 'task_loss': (0.0006, 0.0007)}
{'epoch': 74, 'train_loss': 0.0006, 'train_acc': 1.0, 'task_loss': (0.0002, 0.0004)}
{'epoch': 75, 'train_loss': 0.0008, 'train_acc': 1.0, 'task_loss': (0.0002, 0.0005)}
{'epoch': 76, 'train_loss': 0.0011, 'train_acc': 1.0, 'task_loss': (0.0003, 0.0008)}
{'epoch': 77, 'train_loss': 0.0007, 'train_acc': 1.0, 'task_loss': (0.0003, 0.0004)}
{'epoch': 78, 'train_loss': 0.0008, 'train_acc': 1.0, 'task_loss': (0.0003, 0.0005)}
{'epoch': 79, 'train_loss': 0.0006, 'train_acc': 1.0, 'task_loss': (1e-04, 0.0005)}
{'epoch': 80, 'train_loss': 0.0008, 'train_acc': 1.0, 'task_loss': (1e-04, 0.0007)}
{'epoch': 81, 'train_loss': 0.0011, 'train_acc': 1.0, 'task_loss': (0.0007, 0.0005)}
{'epoch': 82, 'train_loss': 0.0007, 'train_acc': 1.0, 'task_loss': (0.0003, 0.0005)}
{'epoch': 83, 'train_loss': 0.0007, 'train_acc': 1.0, 'task_loss': (1e-04, 0.0006)}
{'epoch': 84, 'train_loss': 0.0008, 'train_acc': 1.0, 'task_loss': (0.0002, 0.0007)}
{'epoch': 85, 'train_loss': 0.002, 'train_acc': 1.0, 'task_loss': (0.0003, 0.0017)}
{'epoch': 86, 'train_loss': 0.0005, 'train_acc': 1.0, 'task_loss': (1e-04, 0.0004)}
{'epoch': 87, 'train_loss': 0.0006, 'train_acc': 1.0, 'task_loss': (1e-04, 0.0004)}
{'epoch': 88, 'train_loss': 0.0012, 'train_acc': 1.0, 'task_loss': (0.0006, 0.0006)}
{'epoch': 89, 'train_loss': 0.0009, 'train_acc': 1.0, 'task_loss': (0.0002, 0.0007)}
{'epoch': 90, 'train_loss': 0.0009, 'train_acc': 1.0, 'task_loss': (0.0002, 0.0006)}
{'epoch': 91, 'train_loss': 0.0007, 'train_acc': 1.0, 'task_loss': (1e-04, 0.0006)}
{'epoch': 92, 'train_loss': 0.0007, 'train_acc': 1.0, 'task_loss': (1e-04, 0.0006)}
{'epoch': 93, 'train_loss': 0.0009, 'train_acc': 1.0, 'task_loss': (0.0003, 0.0005)}
{'epoch': 94, 'train_loss': 0.0008, 'train_acc': 1.0, 'task_loss': (1e-04, 0.0007)}
{'epoch': 95, 'train_loss': 0.0005, 'train_acc': 1.0, 'task_loss': (1e-04, 0.0004)}
{'epoch': 96, 'train_loss': 0.0011, 'train_acc': 1.0, 'task_loss': (0.0005, 0.0006)}
{'epoch': 97, 'train_loss': 0.0008, 'train_acc': 1.0, 'task_loss': (0.0003, 0.0005)}
{'epoch': 98, 'train_loss': 0.0007, 'train_acc': 1.0, 'task_loss': (0.0002, 0.0005)}
{'epoch': 99, 'train_loss': 0.0007, 'train_acc': 1.0, 'task_loss': (1e-04, 0.0005)}
{'epoch': 100, 'train_loss': 0.0009, 'train_acc': 1.0, 'task_loss': (0.0002, 0.0007)}
{'run_num': 3, 'final_test_err': 0.10749185667752448}
Files already downloaded and verified
Files already downloaded and verified
{'epoch': 1, 'train_loss': 0.4164, 'train_acc': 0.8275, 'task_loss': (0.216, 0.2004)}
{'epoch': 2, 'train_loss': 0.2449, 'train_acc': 0.9061, 'task_loss': (0.1179, 0.127)}
{'epoch': 3, 'train_loss': 0.1617, 'train_acc': 0.9319, 'task_loss': (0.0762, 0.0855)}
{'epoch': 4, 'train_loss': 0.0771, 'train_acc': 0.966, 'task_loss': (0.0314, 0.0458)}
{'epoch': 5, 'train_loss': 0.0689, 'train_acc': 0.9671, 'task_loss': (0.0259, 0.0431)}
{'epoch': 6, 'train_loss': 0.0331, 'train_acc': 0.9918, 'task_loss': (0.0144, 0.0187)}
{'epoch': 7, 'train_loss': 0.0391, 'train_acc': 0.9812, 'task_loss': (0.0108, 0.0282)}
{'epoch': 8, 'train_loss': 0.0122, 'train_acc': 0.9953, 'task_loss': (0.0026, 0.0096)}
{'epoch': 9, 'train_loss': 0.0084, 'train_acc': 0.9977, 'task_loss': (0.0025, 0.0059)}
{'epoch': 10, 'train_loss': 0.01, 'train_acc': 0.9988, 'task_loss': (0.0035, 0.0065)}
{'epoch': 11, 'train_loss': 0.1925, 'train_acc': 0.9507, 'task_loss': (0.1282, 0.0643)}
{'epoch': 12, 'train_loss': 0.0715, 'train_acc': 0.9683, 'task_loss': (0.0193, 0.0522)}
{'epoch': 13, 'train_loss': 0.0265, 'train_acc': 0.9894, 'task_loss': (0.0099, 0.0165)}
{'epoch': 14, 'train_loss': 0.0127, 'train_acc': 0.9953, 'task_loss': (0.0025, 0.0102)}
{'epoch': 15, 'train_loss': 0.0149, 'train_acc': 0.993, 'task_loss': (0.0044, 0.0105)}
{'epoch': 16, 'train_loss': 0.026, 'train_acc': 0.9918, 'task_loss': (0.0063, 0.0197)}
{'epoch': 17, 'train_loss': 0.0106, 'train_acc': 0.9965, 'task_loss': (0.0026, 0.008)}
{'epoch': 18, 'train_loss': 0.0035, 'train_acc': 1.0, 'task_loss': (0.001, 0.0025)}
{'epoch': 19, 'train_loss': 0.0024, 'train_acc': 1.0, 'task_loss': (0.0005, 0.0018)}
{'epoch': 20, 'train_loss': 0.0029, 'train_acc': 1.0, 'task_loss': (0.001, 0.0019)}
{'epoch': 21, 'train_loss': 0.0039, 'train_acc': 1.0, 'task_loss': (0.002, 0.0019)}
{'epoch': 22, 'train_loss': 0.0024, 'train_acc': 1.0, 'task_loss': (0.0008, 0.0015)}
{'epoch': 23, 'train_loss': 0.0015, 'train_acc': 1.0, 'task_loss': (0.0004, 0.0012)}
{'epoch': 24, 'train_loss': 0.0012, 'train_acc': 1.0, 'task_loss': (0.0004, 0.0008)}
{'epoch': 25, 'train_loss': 0.0019, 'train_acc': 1.0, 'task_loss': (0.0006, 0.0013)}
{'epoch': 26, 'train_loss': 0.0025, 'train_acc': 0.9988, 'task_loss': (0.0006, 0.0019)}
{'epoch': 27, 'train_loss': 0.001, 'train_acc': 1.0, 'task_loss': (0.0002, 0.0008)}
{'epoch': 28, 'train_loss': 0.0007, 'train_acc': 1.0, 'task_loss': (1e-04, 0.0006)}
{'epoch': 29, 'train_loss': 0.0007, 'train_acc': 1.0, 'task_loss': (0.0002, 0.0006)}
{'epoch': 30, 'train_loss': 0.0012, 'train_acc': 1.0, 'task_loss': (0.0003, 0.0009)}
{'epoch': 31, 'train_loss': 0.0022, 'train_acc': 1.0, 'task_loss': (0.0009, 0.0013)}
{'epoch': 32, 'train_loss': 0.0013, 'train_acc': 1.0, 'task_loss': (0.0004, 0.0009)}
{'epoch': 33, 'train_loss': 0.0015, 'train_acc': 1.0, 'task_loss': (0.0002, 0.0014)}
{'epoch': 34, 'train_loss': 0.001, 'train_acc': 1.0, 'task_loss': (0.0005, 0.0005)}
{'epoch': 35, 'train_loss': 0.0006, 'train_acc': 1.0, 'task_loss': (1e-04, 0.0005)}
{'epoch': 36, 'train_loss': 0.0008, 'train_acc': 1.0, 'task_loss': (0.0002, 0.0006)}
{'epoch': 37, 'train_loss': 0.0004, 'train_acc': 1.0, 'task_loss': (1e-04, 0.0003)}
{'epoch': 38, 'train_loss': 0.0007, 'train_acc': 1.0, 'task_loss': (0.0003, 0.0004)}
{'epoch': 39, 'train_loss': 0.0007, 'train_acc': 1.0, 'task_loss': (0.0002, 0.0005)}
{'epoch': 40, 'train_loss': 0.0012, 'train_acc': 1.0, 'task_loss': (0.0005, 0.0007)}
{'epoch': 41, 'train_loss': 0.0015, 'train_acc': 1.0, 'task_loss': (0.0003, 0.0012)}
{'epoch': 42, 'train_loss': 0.0008, 'train_acc': 1.0, 'task_loss': (1e-04, 0.0006)}
{'epoch': 43, 'train_loss': 0.0005, 'train_acc': 1.0, 'task_loss': (1e-04, 0.0004)}
{'epoch': 44, 'train_loss': 0.0007, 'train_acc': 1.0, 'task_loss': (0.0002, 0.0005)}
{'epoch': 45, 'train_loss': 0.0007, 'train_acc': 1.0, 'task_loss': (1e-04, 0.0006)}
{'epoch': 46, 'train_loss': 0.0004, 'train_acc': 1.0, 'task_loss': (1e-04, 0.0003)}
{'epoch': 47, 'train_loss': 0.0006, 'train_acc': 1.0, 'task_loss': (1e-04, 0.0005)}
{'epoch': 48, 'train_loss': 0.0005, 'train_acc': 1.0, 'task_loss': (1e-04, 0.0004)}
{'epoch': 49, 'train_loss': 0.0005, 'train_acc': 1.0, 'task_loss': (0.0002, 0.0003)}
{'epoch': 50, 'train_loss': 0.0003, 'train_acc': 1.0, 'task_loss': (1e-04, 0.0002)}
{'epoch': 51, 'train_loss': 0.0005, 'train_acc': 1.0, 'task_loss': (1e-04, 0.0004)}
{'epoch': 52, 'train_loss': 0.0005, 'train_acc': 1.0, 'task_loss': (1e-04, 0.0003)}
{'epoch': 53, 'train_loss': 0.0002, 'train_acc': 1.0, 'task_loss': (1e-04, 0.0002)}
{'epoch': 54, 'train_loss': 0.0004, 'train_acc': 1.0, 'task_loss': (1e-04, 0.0003)}
{'epoch': 55, 'train_loss': 0.0006, 'train_acc': 1.0, 'task_loss': (0.0002, 0.0005)}
{'epoch': 56, 'train_loss': 0.0003, 'train_acc': 1.0, 'task_loss': (1e-04, 0.0002)}
{'epoch': 57, 'train_loss': 0.0003, 'train_acc': 1.0, 'task_loss': (1e-04, 0.0002)}
{'epoch': 58, 'train_loss': 0.0005, 'train_acc': 1.0, 'task_loss': (0.0002, 0.0003)}
{'epoch': 59, 'train_loss': 0.0004, 'train_acc': 1.0, 'task_loss': (1e-04, 0.0002)}
{'epoch': 60, 'train_loss': 0.0007, 'train_acc': 1.0, 'task_loss': (0.0003, 0.0004)}
{'epoch': 61, 'train_loss': 0.0007, 'train_acc': 1.0, 'task_loss': (1e-04, 0.0006)}
{'epoch': 62, 'train_loss': 0.0005, 'train_acc': 1.0, 'task_loss': (0.0002, 0.0003)}
{'epoch': 63, 'train_loss': 0.0002, 'train_acc': 1.0, 'task_loss': (1e-04, 1e-04)}
{'epoch': 64, 'train_loss': 0.0004, 'train_acc': 1.0, 'task_loss': (0.0002, 0.0002)}
{'epoch': 65, 'train_loss': 0.0002, 'train_acc': 1.0, 'task_loss': (1e-04, 1e-04)}
{'epoch': 66, 'train_loss': 0.0008, 'train_acc': 1.0, 'task_loss': (0.0006, 0.0002)}
{'epoch': 67, 'train_loss': 0.0019, 'train_acc': 1.0, 'task_loss': (0.0009, 0.0009)}
{'epoch': 68, 'train_loss': 0.0004, 'train_acc': 1.0, 'task_loss': (0.0002, 0.0002)}
{'epoch': 69, 'train_loss': 0.0004, 'train_acc': 1.0, 'task_loss': (1e-04, 0.0003)}
{'epoch': 70, 'train_loss': 0.0008, 'train_acc': 1.0, 'task_loss': (0.0002, 0.0006)}
{'epoch': 71, 'train_loss': 0.0003, 'train_acc': 1.0, 'task_loss': (1e-04, 0.0002)}
{'epoch': 72, 'train_loss': 0.0002, 'train_acc': 1.0, 'task_loss': (1e-04, 0.0002)}
{'epoch': 73, 'train_loss': 0.0004, 'train_acc': 1.0, 'task_loss': (1e-04, 0.0003)}
{'epoch': 74, 'train_loss': 0.0003, 'train_acc': 1.0, 'task_loss': (1e-04, 0.0002)}
{'epoch': 75, 'train_loss': 0.0002, 'train_acc': 1.0, 'task_loss': (1e-04, 0.0002)}
{'epoch': 76, 'train_loss': 0.0003, 'train_acc': 1.0, 'task_loss': (1e-04, 0.0002)}
{'epoch': 77, 'train_loss': 0.0002, 'train_acc': 1.0, 'task_loss': (1e-04, 0.0002)}
{'epoch': 78, 'train_loss': 0.0002, 'train_acc': 1.0, 'task_loss': (1e-04, 1e-04)}
{'epoch': 79, 'train_loss': 0.0002, 'train_acc': 1.0, 'task_loss': (1e-04, 0.0002)}
{'epoch': 80, 'train_loss': 0.0002, 'train_acc': 1.0, 'task_loss': (1e-04, 1e-04)}
{'epoch': 81, 'train_loss': 0.0003, 'train_acc': 1.0, 'task_loss': (1e-04, 0.0003)}
{'epoch': 82, 'train_loss': 0.0003, 'train_acc': 1.0, 'task_loss': (1e-04, 0.0002)}
{'epoch': 83, 'train_loss': 0.0003, 'train_acc': 1.0, 'task_loss': (1e-04, 0.0002)}
{'epoch': 84, 'train_loss': 0.0003, 'train_acc': 1.0, 'task_loss': (1e-04, 0.0002)}
{'epoch': 85, 'train_loss': 0.0002, 'train_acc': 1.0, 'task_loss': (1e-04, 0.0002)}
{'epoch': 86, 'train_loss': 0.0004, 'train_acc': 1.0, 'task_loss': (1e-04, 0.0003)}
{'epoch': 87, 'train_loss': 0.0002, 'train_acc': 1.0, 'task_loss': (1e-04, 1e-04)}
{'epoch': 88, 'train_loss': 0.0005, 'train_acc': 1.0, 'task_loss': (1e-04, 0.0003)}
{'epoch': 89, 'train_loss': 0.0003, 'train_acc': 1.0, 'task_loss': (1e-04, 0.0002)}
{'epoch': 90, 'train_loss': 0.0003, 'train_acc': 1.0, 'task_loss': (1e-04, 0.0002)}
{'epoch': 91, 'train_loss': 0.0002, 'train_acc': 1.0, 'task_loss': (0.0, 1e-04)}
{'epoch': 92, 'train_loss': 0.0003, 'train_acc': 1.0, 'task_loss': (1e-04, 0.0002)}
{'epoch': 93, 'train_loss': 0.0003, 'train_acc': 1.0, 'task_loss': (0.0002, 0.0002)}
{'epoch': 94, 'train_loss': 0.0002, 'train_acc': 1.0, 'task_loss': (1e-04, 1e-04)}
{'epoch': 95, 'train_loss': 0.0002, 'train_acc': 1.0, 'task_loss': (1e-04, 1e-04)}
{'epoch': 96, 'train_loss': 0.0003, 'train_acc': 1.0, 'task_loss': (1e-04, 0.0002)}
{'epoch': 97, 'train_loss': 0.0004, 'train_acc': 1.0, 'task_loss': (1e-04, 0.0003)}
{'epoch': 98, 'train_loss': 0.0002, 'train_acc': 1.0, 'task_loss': (1e-04, 0.0002)}
{'epoch': 99, 'train_loss': 0.0005, 'train_acc': 1.0, 'task_loss': (1e-04, 0.0004)}
{'epoch': 100, 'train_loss': 0.0004, 'train_acc': 1.0, 'task_loss': (1e-04, 0.0003)}
{'run_num': 4, 'final_test_err': 0.10097719869706845}
Files already downloaded and verified
Files already downloaded and verified
{'epoch': 1, 'train_loss': 0.3692, 'train_acc': 0.8298, 'task_loss': (0.1877, 0.1815)}
{'epoch': 2, 'train_loss': 0.3058, 'train_acc': 0.885, 'task_loss': (0.148, 0.1578)}
{'epoch': 3, 'train_loss': 0.2674, 'train_acc': 0.9155, 'task_loss': (0.1421, 0.1253)}
{'epoch': 4, 'train_loss': 0.1424, 'train_acc': 0.9448, 'task_loss': (0.0605, 0.0819)}
{'epoch': 5, 'train_loss': 0.1536, 'train_acc': 0.9448, 'task_loss': (0.0556, 0.0981)}
{'epoch': 6, 'train_loss': 0.103, 'train_acc': 0.9601, 'task_loss': (0.0415, 0.0615)}
{'epoch': 7, 'train_loss': 0.0739, 'train_acc': 0.9613, 'task_loss': (0.0188, 0.0551)}
{'epoch': 8, 'train_loss': 0.0377, 'train_acc': 0.9812, 'task_loss': (0.0094, 0.0283)}
{'epoch': 9, 'train_loss': 0.0283, 'train_acc': 0.9871, 'task_loss': (0.0094, 0.0189)}
{'epoch': 10, 'train_loss': 0.0129, 'train_acc': 0.9965, 'task_loss': (0.0036, 0.0094)}
{'epoch': 11, 'train_loss': 0.015, 'train_acc': 0.9953, 'task_loss': (0.0062, 0.0088)}
{'epoch': 12, 'train_loss': 0.0037, 'train_acc': 1.0, 'task_loss': (0.0008, 0.0029)}
{'epoch': 13, 'train_loss': 0.004, 'train_acc': 1.0, 'task_loss': (0.0013, 0.0027)}
{'epoch': 14, 'train_loss': 0.0034, 'train_acc': 1.0, 'task_loss': (0.0012, 0.0022)}
{'epoch': 15, 'train_loss': 0.0026, 'train_acc': 1.0, 'task_loss': (0.0005, 0.0021)}
{'epoch': 16, 'train_loss': 0.0035, 'train_acc': 1.0, 'task_loss': (0.001, 0.0025)}
{'epoch': 17, 'train_loss': 0.0038, 'train_acc': 1.0, 'task_loss': (0.0013, 0.0025)}
{'epoch': 18, 'train_loss': 0.0014, 'train_acc': 1.0, 'task_loss': (0.0003, 0.0011)}
{'epoch': 19, 'train_loss': 0.0022, 'train_acc': 1.0, 'task_loss': (0.0004, 0.0018)}
{'epoch': 20, 'train_loss': 0.0014, 'train_acc': 1.0, 'task_loss': (0.0003, 0.0011)}
{'epoch': 21, 'train_loss': 0.0015, 'train_acc': 1.0, 'task_loss': (0.0005, 0.0011)}
{'epoch': 22, 'train_loss': 0.0011, 'train_acc': 1.0, 'task_loss': (0.0004, 0.0007)}
{'epoch': 23, 'train_loss': 0.0015, 'train_acc': 1.0, 'task_loss': (0.0002, 0.0013)}
{'epoch': 24, 'train_loss': 0.0011, 'train_acc': 1.0, 'task_loss': (0.0003, 0.0008)}
{'epoch': 25, 'train_loss': 0.0009, 'train_acc': 1.0, 'task_loss': (0.0002, 0.0007)}
{'epoch': 26, 'train_loss': 0.0013, 'train_acc': 1.0, 'task_loss': (0.0003, 0.0011)}
{'epoch': 27, 'train_loss': 0.0024, 'train_acc': 1.0, 'task_loss': (0.0014, 0.001)}
{'epoch': 28, 'train_loss': 0.0007, 'train_acc': 1.0, 'task_loss': (0.0002, 0.0005)}
{'epoch': 29, 'train_loss': 0.001, 'train_acc': 1.0, 'task_loss': (0.0003, 0.0006)}
{'epoch': 30, 'train_loss': 0.0004, 'train_acc': 1.0, 'task_loss': (1e-04, 0.0003)}
{'epoch': 31, 'train_loss': 0.0009, 'train_acc': 1.0, 'task_loss': (0.0002, 0.0007)}
{'epoch': 32, 'train_loss': 0.0009, 'train_acc': 1.0, 'task_loss': (0.0002, 0.0008)}
{'epoch': 33, 'train_loss': 0.0009, 'train_acc': 1.0, 'task_loss': (1e-04, 0.0008)}
{'epoch': 34, 'train_loss': 0.0004, 'train_acc': 1.0, 'task_loss': (1e-04, 0.0003)}
{'epoch': 35, 'train_loss': 0.0006, 'train_acc': 1.0, 'task_loss': (0.0002, 0.0004)}
{'epoch': 36, 'train_loss': 0.0005, 'train_acc': 1.0, 'task_loss': (1e-04, 0.0004)}
{'epoch': 37, 'train_loss': 0.0006, 'train_acc': 1.0, 'task_loss': (0.0002, 0.0003)}
{'epoch': 38, 'train_loss': 0.0012, 'train_acc': 1.0, 'task_loss': (0.0002, 0.001)}
{'epoch': 39, 'train_loss': 0.0007, 'train_acc': 1.0, 'task_loss': (0.0002, 0.0005)}
{'epoch': 40, 'train_loss': 0.0007, 'train_acc': 1.0, 'task_loss': (0.0002, 0.0005)}
{'epoch': 41, 'train_loss': 0.0012, 'train_acc': 1.0, 'task_loss': (0.0003, 0.0009)}
{'epoch': 42, 'train_loss': 0.0005, 'train_acc': 1.0, 'task_loss': (1e-04, 0.0004)}
{'epoch': 43, 'train_loss': 0.0004, 'train_acc': 1.0, 'task_loss': (1e-04, 0.0003)}
{'epoch': 44, 'train_loss': 0.0004, 'train_acc': 1.0, 'task_loss': (1e-04, 0.0003)}
{'epoch': 45, 'train_loss': 0.0005, 'train_acc': 1.0, 'task_loss': (1e-04, 0.0004)}
{'epoch': 46, 'train_loss': 0.0005, 'train_acc': 1.0, 'task_loss': (0.0002, 0.0003)}
{'epoch': 47, 'train_loss': 0.0005, 'train_acc': 1.0, 'task_loss': (1e-04, 0.0004)}
{'epoch': 48, 'train_loss': 0.0004, 'train_acc': 1.0, 'task_loss': (1e-04, 0.0003)}
{'epoch': 49, 'train_loss': 0.0004, 'train_acc': 1.0, 'task_loss': (1e-04, 0.0003)}
{'epoch': 50, 'train_loss': 0.0004, 'train_acc': 1.0, 'task_loss': (1e-04, 0.0003)}
{'epoch': 51, 'train_loss': 0.0003, 'train_acc': 1.0, 'task_loss': (1e-04, 0.0002)}
{'epoch': 52, 'train_loss': 0.0004, 'train_acc': 1.0, 'task_loss': (1e-04, 0.0003)}
{'epoch': 53, 'train_loss': 0.0002, 'train_acc': 1.0, 'task_loss': (0.0, 0.0002)}
{'epoch': 54, 'train_loss': 0.0004, 'train_acc': 1.0, 'task_loss': (1e-04, 0.0003)}
{'epoch': 55, 'train_loss': 0.0003, 'train_acc': 1.0, 'task_loss': (1e-04, 0.0002)}
{'epoch': 56, 'train_loss': 0.0005, 'train_acc': 1.0, 'task_loss': (0.0002, 0.0003)}
{'epoch': 57, 'train_loss': 0.0003, 'train_acc': 1.0, 'task_loss': (1e-04, 0.0002)}
{'epoch': 58, 'train_loss': 0.0003, 'train_acc': 1.0, 'task_loss': (0.0, 0.0002)}
{'epoch': 59, 'train_loss': 0.0004, 'train_acc': 1.0, 'task_loss': (1e-04, 0.0003)}
{'epoch': 60, 'train_loss': 0.0005, 'train_acc': 1.0, 'task_loss': (1e-04, 0.0004)}
{'epoch': 61, 'train_loss': 0.0003, 'train_acc': 1.0, 'task_loss': (1e-04, 0.0002)}
{'epoch': 62, 'train_loss': 0.0004, 'train_acc': 1.0, 'task_loss': (1e-04, 0.0003)}
{'epoch': 63, 'train_loss': 0.0003, 'train_acc': 1.0, 'task_loss': (1e-04, 0.0003)}
{'epoch': 64, 'train_loss': 0.0002, 'train_acc': 1.0, 'task_loss': (0.0, 1e-04)}
{'epoch': 65, 'train_loss': 0.0004, 'train_acc': 1.0, 'task_loss': (0.0002, 0.0003)}
{'epoch': 66, 'train_loss': 0.0002, 'train_acc': 1.0, 'task_loss': (1e-04, 1e-04)}
{'epoch': 67, 'train_loss': 0.0004, 'train_acc': 1.0, 'task_loss': (1e-04, 0.0004)}
{'epoch': 68, 'train_loss': 0.0004, 'train_acc': 1.0, 'task_loss': (1e-04, 0.0003)}
{'epoch': 69, 'train_loss': 0.0003, 'train_acc': 1.0, 'task_loss': (1e-04, 0.0002)}
{'epoch': 70, 'train_loss': 0.0002, 'train_acc': 1.0, 'task_loss': (1e-04, 1e-04)}
{'epoch': 71, 'train_loss': 0.0005, 'train_acc': 1.0, 'task_loss': (1e-04, 0.0003)}
{'epoch': 72, 'train_loss': 0.0006, 'train_acc': 1.0, 'task_loss': (1e-04, 0.0004)}
{'epoch': 73, 'train_loss': 0.0005, 'train_acc': 1.0, 'task_loss': (1e-04, 0.0004)}
{'epoch': 74, 'train_loss': 0.0004, 'train_acc': 1.0, 'task_loss': (0.0002, 0.0003)}
{'epoch': 75, 'train_loss': 0.0002, 'train_acc': 1.0, 'task_loss': (1e-04, 1e-04)}
{'epoch': 76, 'train_loss': 0.0003, 'train_acc': 1.0, 'task_loss': (0.0, 0.0002)}
{'epoch': 77, 'train_loss': 0.0002, 'train_acc': 1.0, 'task_loss': (1e-04, 0.0002)}
{'epoch': 78, 'train_loss': 0.0002, 'train_acc': 1.0, 'task_loss': (1e-04, 1e-04)}
{'epoch': 79, 'train_loss': 0.0004, 'train_acc': 1.0, 'task_loss': (1e-04, 0.0003)}
{'epoch': 80, 'train_loss': 0.0002, 'train_acc': 1.0, 'task_loss': (1e-04, 0.0002)}
{'epoch': 81, 'train_loss': 0.0003, 'train_acc': 1.0, 'task_loss': (1e-04, 0.0002)}
{'epoch': 82, 'train_loss': 0.0008, 'train_acc': 1.0, 'task_loss': (1e-04, 0.0007)}
{'epoch': 83, 'train_loss': 0.0009, 'train_acc': 0.9988, 'task_loss': (0.0007, 1e-04)}
{'epoch': 84, 'train_loss': 0.0003, 'train_acc': 1.0, 'task_loss': (1e-04, 0.0002)}
{'epoch': 85, 'train_loss': 0.0004, 'train_acc': 1.0, 'task_loss': (1e-04, 0.0003)}
{'epoch': 86, 'train_loss': 0.0004, 'train_acc': 1.0, 'task_loss': (0.0002, 0.0002)}
{'epoch': 87, 'train_loss': 0.0003, 'train_acc': 1.0, 'task_loss': (1e-04, 0.0002)}
{'epoch': 88, 'train_loss': 0.0004, 'train_acc': 1.0, 'task_loss': (1e-04, 0.0003)}
{'epoch': 89, 'train_loss': 0.0008, 'train_acc': 1.0, 'task_loss': (0.0005, 0.0003)}
{'epoch': 90, 'train_loss': 0.0004, 'train_acc': 1.0, 'task_loss': (1e-04, 0.0003)}
{'epoch': 91, 'train_loss': 0.0004, 'train_acc': 1.0, 'task_loss': (1e-04, 0.0003)}
{'epoch': 92, 'train_loss': 0.0004, 'train_acc': 1.0, 'task_loss': (1e-04, 0.0004)}
{'epoch': 93, 'train_loss': 0.0004, 'train_acc': 1.0, 'task_loss': (1e-04, 0.0003)}
{'epoch': 94, 'train_loss': 0.0008, 'train_acc': 0.9988, 'task_loss': (1e-04, 0.0007)}
{'epoch': 95, 'train_loss': 0.0003, 'train_acc': 1.0, 'task_loss': (1e-04, 0.0002)}
{'epoch': 96, 'train_loss': 0.0005, 'train_acc': 1.0, 'task_loss': (1e-04, 0.0004)}
{'epoch': 97, 'train_loss': 0.0003, 'train_acc': 1.0, 'task_loss': (1e-04, 0.0003)}
{'epoch': 98, 'train_loss': 0.0002, 'train_acc': 1.0, 'task_loss': (1e-04, 0.0002)}
{'epoch': 99, 'train_loss': 0.0003, 'train_acc': 1.0, 'task_loss': (1e-04, 0.0002)}
{'epoch': 100, 'train_loss': 0.0007, 'train_acc': 1.0, 'task_loss': (0.0003, 0.0004)}
{'run_num': 5, 'final_test_err': 0.08469055374592838}
Files already downloaded and verified
Files already downloaded and verified
{'epoch': 1, 'train_loss': 0.4514, 'train_acc': 0.8286, 'task_loss': (0.2611, 0.1902)}
{'epoch': 2, 'train_loss': 0.2006, 'train_acc': 0.9026, 'task_loss': (0.0852, 0.1154)}
{'epoch': 3, 'train_loss': 0.1306, 'train_acc': 0.9354, 'task_loss': (0.0519, 0.0787)}
{'epoch': 4, 'train_loss': 0.0859, 'train_acc': 0.9613, 'task_loss': (0.0232, 0.0627)}
{'epoch': 5, 'train_loss': 0.0475, 'train_acc': 0.98, 'task_loss': (0.0184, 0.0292)}
{'epoch': 6, 'train_loss': 0.0455, 'train_acc': 0.9789, 'task_loss': (0.0194, 0.0261)}
{'epoch': 7, 'train_loss': 0.0223, 'train_acc': 0.9918, 'task_loss': (0.0079, 0.0144)}
{'epoch': 8, 'train_loss': 0.0131, 'train_acc': 0.9918, 'task_loss': (0.0034, 0.0097)}
{'epoch': 9, 'train_loss': 0.0942, 'train_acc': 0.973, 'task_loss': (0.0518, 0.0424)}
{'epoch': 10, 'train_loss': 0.0514, 'train_acc': 0.9847, 'task_loss': (0.0182, 0.0333)}
{'epoch': 11, 'train_loss': 0.024, 'train_acc': 0.9836, 'task_loss': (0.0052, 0.0188)}
{'epoch': 12, 'train_loss': 0.0233, 'train_acc': 0.9894, 'task_loss': (0.0065, 0.0168)}
{'epoch': 13, 'train_loss': 0.0223, 'train_acc': 0.9941, 'task_loss': (0.0075, 0.0148)}
{'epoch': 14, 'train_loss': 0.0091, 'train_acc': 0.9953, 'task_loss': (0.0013, 0.0078)}
{'epoch': 15, 'train_loss': 0.0136, 'train_acc': 0.9918, 'task_loss': (0.0036, 0.01)}
{'epoch': 16, 'train_loss': 0.0045, 'train_acc': 1.0, 'task_loss': (0.0013, 0.0032)}
{'epoch': 17, 'train_loss': 0.0041, 'train_acc': 0.9988, 'task_loss': (0.0008, 0.0032)}
{'epoch': 18, 'train_loss': 0.0016, 'train_acc': 1.0, 'task_loss': (0.0004, 0.0012)}
{'epoch': 19, 'train_loss': 0.0024, 'train_acc': 1.0, 'task_loss': (0.0005, 0.0019)}
{'epoch': 20, 'train_loss': 0.0036, 'train_acc': 0.9988, 'task_loss': (0.0005, 0.0031)}
{'epoch': 21, 'train_loss': 0.0021, 'train_acc': 1.0, 'task_loss': (0.0005, 0.0015)}
{'epoch': 22, 'train_loss': 0.0023, 'train_acc': 0.9988, 'task_loss': (0.0005, 0.0019)}
{'epoch': 23, 'train_loss': 0.0023, 'train_acc': 0.9988, 'task_loss': (0.0007, 0.0016)}
{'epoch': 24, 'train_loss': 0.0016, 'train_acc': 1.0, 'task_loss': (0.0003, 0.0012)}
{'epoch': 25, 'train_loss': 0.0017, 'train_acc': 1.0, 'task_loss': (0.0004, 0.0013)}
{'epoch': 26, 'train_loss': 0.0209, 'train_acc': 0.9883, 'task_loss': (0.0018, 0.019)}
{'epoch': 27, 'train_loss': 0.0084, 'train_acc': 0.9965, 'task_loss': (0.001, 0.0073)}
{'epoch': 28, 'train_loss': 0.0028, 'train_acc': 0.9988, 'task_loss': (0.0006, 0.0022)}
{'epoch': 29, 'train_loss': 0.0011, 'train_acc': 1.0, 'task_loss': (0.0003, 0.0008)}
{'epoch': 30, 'train_loss': 0.0009, 'train_acc': 1.0, 'task_loss': (0.0002, 0.0007)}
{'epoch': 31, 'train_loss': 0.0017, 'train_acc': 1.0, 'task_loss': (0.0007, 0.001)}
{'epoch': 32, 'train_loss': 0.001, 'train_acc': 1.0, 'task_loss': (0.0002, 0.0007)}
{'epoch': 33, 'train_loss': 0.0006, 'train_acc': 1.0, 'task_loss': (0.0002, 0.0004)}
{'epoch': 34, 'train_loss': 0.0013, 'train_acc': 1.0, 'task_loss': (0.0002, 0.0012)}
{'epoch': 35, 'train_loss': 0.0014, 'train_acc': 1.0, 'task_loss': (0.0007, 0.0007)}
{'epoch': 36, 'train_loss': 0.0006, 'train_acc': 1.0, 'task_loss': (0.0002, 0.0005)}
{'epoch': 37, 'train_loss': 0.0004, 'train_acc': 1.0, 'task_loss': (1e-04, 0.0003)}
{'epoch': 38, 'train_loss': 0.0005, 'train_acc': 1.0, 'task_loss': (1e-04, 0.0004)}
{'epoch': 39, 'train_loss': 0.0007, 'train_acc': 1.0, 'task_loss': (0.0002, 0.0005)}
{'epoch': 40, 'train_loss': 0.0006, 'train_acc': 1.0, 'task_loss': (0.0002, 0.0004)}
{'epoch': 41, 'train_loss': 0.0006, 'train_acc': 1.0, 'task_loss': (0.0002, 0.0004)}
{'epoch': 42, 'train_loss': 0.0007, 'train_acc': 1.0, 'task_loss': (0.0002, 0.0005)}
{'epoch': 43, 'train_loss': 0.0008, 'train_acc': 1.0, 'task_loss': (0.0003, 0.0006)}
{'epoch': 44, 'train_loss': 0.0004, 'train_acc': 1.0, 'task_loss': (1e-04, 0.0003)}
{'epoch': 45, 'train_loss': 0.0004, 'train_acc': 1.0, 'task_loss': (1e-04, 0.0003)}
{'epoch': 46, 'train_loss': 0.0005, 'train_acc': 1.0, 'task_loss': (0.0002, 0.0004)}
{'epoch': 47, 'train_loss': 0.0121, 'train_acc': 0.9977, 'task_loss': (1e-04, 0.012)}
{'epoch': 48, 'train_loss': 0.0065, 'train_acc': 0.9953, 'task_loss': (0.0004, 0.0061)}
{'epoch': 49, 'train_loss': 0.0054, 'train_acc': 0.9977, 'task_loss': (0.0003, 0.0051)}
{'epoch': 50, 'train_loss': 0.0053, 'train_acc': 0.9977, 'task_loss': (0.0016, 0.0037)}
{'epoch': 51, 'train_loss': 0.0014, 'train_acc': 1.0, 'task_loss': (0.0004, 0.001)}
{'epoch': 52, 'train_loss': 0.0008, 'train_acc': 1.0, 'task_loss': (0.0002, 0.0006)}
{'epoch': 53, 'train_loss': 0.0006, 'train_acc': 1.0, 'task_loss': (0.0002, 0.0004)}
{'epoch': 54, 'train_loss': 0.0006, 'train_acc': 1.0, 'task_loss': (0.0002, 0.0004)}
{'epoch': 55, 'train_loss': 0.0006, 'train_acc': 1.0, 'task_loss': (1e-04, 0.0005)}
{'epoch': 56, 'train_loss': 0.0005, 'train_acc': 1.0, 'task_loss': (1e-04, 0.0004)}
{'epoch': 57, 'train_loss': 0.0004, 'train_acc': 1.0, 'task_loss': (1e-04, 0.0002)}
{'epoch': 58, 'train_loss': 0.0006, 'train_acc': 1.0, 'task_loss': (1e-04, 0.0005)}
{'epoch': 59, 'train_loss': 0.0005, 'train_acc': 1.0, 'task_loss': (1e-04, 0.0004)}
{'epoch': 60, 'train_loss': 0.0006, 'train_acc': 1.0, 'task_loss': (0.0002, 0.0004)}
{'epoch': 61, 'train_loss': 0.0007, 'train_acc': 1.0, 'task_loss': (0.0002, 0.0005)}
{'epoch': 62, 'train_loss': 0.0004, 'train_acc': 1.0, 'task_loss': (0.0002, 0.0003)}
{'epoch': 63, 'train_loss': 0.0005, 'train_acc': 1.0, 'task_loss': (0.0002, 0.0003)}
{'epoch': 64, 'train_loss': 0.0003, 'train_acc': 1.0, 'task_loss': (1e-04, 0.0002)}
{'epoch': 65, 'train_loss': 0.0006, 'train_acc': 1.0, 'task_loss': (1e-04, 0.0005)}
{'epoch': 66, 'train_loss': 0.0004, 'train_acc': 1.0, 'task_loss': (1e-04, 0.0002)}
{'epoch': 67, 'train_loss': 0.0005, 'train_acc': 1.0, 'task_loss': (1e-04, 0.0004)}
{'epoch': 68, 'train_loss': 0.0005, 'train_acc': 1.0, 'task_loss': (1e-04, 0.0004)}
{'epoch': 69, 'train_loss': 0.0003, 'train_acc': 1.0, 'task_loss': (0.0002, 0.0002)}
{'epoch': 70, 'train_loss': 0.0003, 'train_acc': 1.0, 'task_loss': (1e-04, 0.0002)}
{'epoch': 71, 'train_loss': 0.0003, 'train_acc': 1.0, 'task_loss': (1e-04, 0.0002)}
{'epoch': 72, 'train_loss': 0.0006, 'train_acc': 1.0, 'task_loss': (0.0002, 0.0004)}
{'epoch': 73, 'train_loss': 0.0004, 'train_acc': 1.0, 'task_loss': (1e-04, 0.0003)}
{'epoch': 74, 'train_loss': 0.0004, 'train_acc': 1.0, 'task_loss': (0.0002, 0.0003)}
{'epoch': 75, 'train_loss': 0.0007, 'train_acc': 1.0, 'task_loss': (0.0006, 0.0002)}
{'epoch': 76, 'train_loss': 0.0002, 'train_acc': 1.0, 'task_loss': (1e-04, 1e-04)}
{'epoch': 77, 'train_loss': 0.0014, 'train_acc': 0.9988, 'task_loss': (0.0011, 0.0003)}
{'epoch': 78, 'train_loss': 0.0006, 'train_acc': 1.0, 'task_loss': (0.0003, 0.0003)}
{'epoch': 79, 'train_loss': 0.0006, 'train_acc': 1.0, 'task_loss': (0.0002, 0.0003)}
{'epoch': 80, 'train_loss': 0.0009, 'train_acc': 1.0, 'task_loss': (0.0002, 0.0007)}
{'epoch': 81, 'train_loss': 0.0007, 'train_acc': 1.0, 'task_loss': (0.0002, 0.0005)}
{'epoch': 82, 'train_loss': 0.0004, 'train_acc': 1.0, 'task_loss': (1e-04, 0.0003)}
{'epoch': 83, 'train_loss': 0.0004, 'train_acc': 1.0, 'task_loss': (1e-04, 0.0002)}
{'epoch': 84, 'train_loss': 0.0004, 'train_acc': 1.0, 'task_loss': (1e-04, 0.0003)}
{'epoch': 85, 'train_loss': 0.0005, 'train_acc': 1.0, 'task_loss': (0.0002, 0.0003)}
{'epoch': 86, 'train_loss': 0.0005, 'train_acc': 1.0, 'task_loss': (0.0002, 0.0003)}
{'epoch': 87, 'train_loss': 0.0005, 'train_acc': 1.0, 'task_loss': (0.0002, 0.0003)}
{'epoch': 88, 'train_loss': 0.0006, 'train_acc': 1.0, 'task_loss': (1e-04, 0.0005)}
{'epoch': 89, 'train_loss': 0.0003, 'train_acc': 1.0, 'task_loss': (1e-04, 0.0002)}
{'epoch': 90, 'train_loss': 0.0004, 'train_acc': 1.0, 'task_loss': (1e-04, 0.0003)}
{'epoch': 91, 'train_loss': 0.0004, 'train_acc': 1.0, 'task_loss': (1e-04, 0.0002)}
{'epoch': 92, 'train_loss': 0.0004, 'train_acc': 1.0, 'task_loss': (1e-04, 0.0003)}
{'epoch': 93, 'train_loss': 0.0003, 'train_acc': 1.0, 'task_loss': (1e-04, 0.0002)}
{'epoch': 94, 'train_loss': 0.0004, 'train_acc': 1.0, 'task_loss': (1e-04, 0.0003)}
{'epoch': 95, 'train_loss': 0.0004, 'train_acc': 1.0, 'task_loss': (0.0002, 0.0002)}
{'epoch': 96, 'train_loss': 0.0003, 'train_acc': 1.0, 'task_loss': (1e-04, 0.0002)}
{'epoch': 97, 'train_loss': 0.0004, 'train_acc': 1.0, 'task_loss': (0.0002, 0.0002)}
{'epoch': 98, 'train_loss': 0.0003, 'train_acc': 1.0, 'task_loss': (1e-04, 0.0002)}
{'epoch': 99, 'train_loss': 0.0005, 'train_acc': 1.0, 'task_loss': (1e-04, 0.0004)}
{'epoch': 100, 'train_loss': 0.0004, 'train_acc': 1.0, 'task_loss': (0.0002, 0.0002)}
{'run_num': 6, 'final_test_err': 0.10097719869706845}
Files already downloaded and verified
Files already downloaded and verified
{'epoch': 1, 'train_loss': 0.4593, 'train_acc': 0.8157, 'task_loss': (0.2707, 0.1886)}
{'epoch': 2, 'train_loss': 0.2498, 'train_acc': 0.8979, 'task_loss': (0.1047, 0.1451)}
{'epoch': 3, 'train_loss': 0.2162, 'train_acc': 0.9155, 'task_loss': (0.1058, 0.1104)}
{'epoch': 4, 'train_loss': 0.1307, 'train_acc': 0.946, 'task_loss': (0.0537, 0.077)}
{'epoch': 5, 'train_loss': 0.0798, 'train_acc': 0.966, 'task_loss': (0.0254, 0.0543)}
{'epoch': 6, 'train_loss': 0.058, 'train_acc': 0.9824, 'task_loss': (0.0267, 0.0313)}
{'epoch': 7, 'train_loss': 0.022, 'train_acc': 0.9918, 'task_loss': (0.0062, 0.0158)}
{'epoch': 8, 'train_loss': 0.0108, 'train_acc': 0.9965, 'task_loss': (0.0035, 0.0073)}
{'epoch': 9, 'train_loss': 0.0118, 'train_acc': 0.9965, 'task_loss': (0.0024, 0.0095)}
{'epoch': 10, 'train_loss': 0.0194, 'train_acc': 0.9953, 'task_loss': (0.0089, 0.0106)}
{'epoch': 11, 'train_loss': 0.0083, 'train_acc': 0.9965, 'task_loss': (0.0016, 0.0067)}
{'epoch': 12, 'train_loss': 0.0085, 'train_acc': 0.9977, 'task_loss': (0.0024, 0.0061)}
{'epoch': 13, 'train_loss': 0.0051, 'train_acc': 1.0, 'task_loss': (0.0014, 0.0037)}
{'epoch': 14, 'train_loss': 0.011, 'train_acc': 0.993, 'task_loss': (0.001, 0.01)}
{'epoch': 15, 'train_loss': 0.0026, 'train_acc': 1.0, 'task_loss': (0.0008, 0.0018)}
{'epoch': 16, 'train_loss': 0.0019, 'train_acc': 1.0, 'task_loss': (0.0006, 0.0013)}
{'epoch': 17, 'train_loss': 0.002, 'train_acc': 0.9988, 'task_loss': (0.0004, 0.0016)}
{'epoch': 18, 'train_loss': 0.0018, 'train_acc': 0.9988, 'task_loss': (0.0003, 0.0015)}
{'epoch': 19, 'train_loss': 0.0016, 'train_acc': 1.0, 'task_loss': (0.0005, 0.0011)}
{'epoch': 20, 'train_loss': 0.001, 'train_acc': 1.0, 'task_loss': (0.0004, 0.0007)}
{'epoch': 21, 'train_loss': 0.001, 'train_acc': 1.0, 'task_loss': (0.0003, 0.0007)}
{'epoch': 22, 'train_loss': 0.0009, 'train_acc': 1.0, 'task_loss': (0.0002, 0.0007)}
{'epoch': 23, 'train_loss': 0.002, 'train_acc': 1.0, 'task_loss': (0.0003, 0.0018)}
{'epoch': 24, 'train_loss': 0.0242, 'train_acc': 0.9941, 'task_loss': (0.0149, 0.0093)}
{'epoch': 25, 'train_loss': 0.0081, 'train_acc': 0.9977, 'task_loss': (0.0021, 0.006)}
{'epoch': 26, 'train_loss': 0.0023, 'train_acc': 1.0, 'task_loss': (0.0004, 0.0019)}
{'epoch': 27, 'train_loss': 0.0031, 'train_acc': 1.0, 'task_loss': (0.0006, 0.0025)}
{'epoch': 28, 'train_loss': 0.0012, 'train_acc': 1.0, 'task_loss': (0.0005, 0.0007)}
{'epoch': 29, 'train_loss': 0.0016, 'train_acc': 1.0, 'task_loss': (0.0008, 0.0009)}
{'epoch': 30, 'train_loss': 0.0014, 'train_acc': 1.0, 'task_loss': (0.0003, 0.0011)}
{'epoch': 31, 'train_loss': 0.0009, 'train_acc': 1.0, 'task_loss': (0.0002, 0.0006)}
{'epoch': 32, 'train_loss': 0.0016, 'train_acc': 1.0, 'task_loss': (0.0004, 0.0012)}
{'epoch': 33, 'train_loss': 0.001, 'train_acc': 1.0, 'task_loss': (0.0002, 0.0008)}
{'epoch': 34, 'train_loss': 0.0006, 'train_acc': 1.0, 'task_loss': (0.0002, 0.0004)}
{'epoch': 35, 'train_loss': 0.0005, 'train_acc': 1.0, 'task_loss': (0.0002, 0.0003)}
{'epoch': 36, 'train_loss': 0.0006, 'train_acc': 1.0, 'task_loss': (1e-04, 0.0004)}
{'epoch': 37, 'train_loss': 0.0008, 'train_acc': 1.0, 'task_loss': (0.0002, 0.0006)}
{'epoch': 38, 'train_loss': 0.0004, 'train_acc': 1.0, 'task_loss': (1e-04, 0.0003)}
{'epoch': 39, 'train_loss': 0.0003, 'train_acc': 1.0, 'task_loss': (1e-04, 0.0002)}
{'epoch': 40, 'train_loss': 0.0008, 'train_acc': 1.0, 'task_loss': (0.0002, 0.0007)}
{'epoch': 41, 'train_loss': 0.0004, 'train_acc': 1.0, 'task_loss': (0.0002, 0.0003)}
{'epoch': 42, 'train_loss': 0.0003, 'train_acc': 1.0, 'task_loss': (1e-04, 0.0002)}
{'epoch': 43, 'train_loss': 0.0007, 'train_acc': 1.0, 'task_loss': (0.0002, 0.0005)}
{'epoch': 44, 'train_loss': 0.0003, 'train_acc': 1.0, 'task_loss': (1e-04, 0.0002)}
{'epoch': 45, 'train_loss': 0.0004, 'train_acc': 1.0, 'task_loss': (1e-04, 0.0002)}
{'epoch': 46, 'train_loss': 0.0005, 'train_acc': 1.0, 'task_loss': (1e-04, 0.0003)}
{'epoch': 47, 'train_loss': 0.0003, 'train_acc': 1.0, 'task_loss': (1e-04, 0.0002)}
{'epoch': 48, 'train_loss': 0.001, 'train_acc': 0.9988, 'task_loss': (0.0002, 0.0008)}
{'epoch': 49, 'train_loss': 0.0004, 'train_acc': 1.0, 'task_loss': (1e-04, 0.0003)}
{'epoch': 50, 'train_loss': 0.0007, 'train_acc': 1.0, 'task_loss': (0.0003, 0.0005)}
{'epoch': 51, 'train_loss': 0.0005, 'train_acc': 1.0, 'task_loss': (1e-04, 0.0003)}
{'epoch': 52, 'train_loss': 0.0003, 'train_acc': 1.0, 'task_loss': (1e-04, 0.0002)}
{'epoch': 53, 'train_loss': 0.0004, 'train_acc': 1.0, 'task_loss': (1e-04, 0.0002)}
{'epoch': 54, 'train_loss': 0.0004, 'train_acc': 1.0, 'task_loss': (1e-04, 0.0003)}
{'epoch': 55, 'train_loss': 0.0003, 'train_acc': 1.0, 'task_loss': (1e-04, 0.0002)}
{'epoch': 56, 'train_loss': 0.0009, 'train_acc': 1.0, 'task_loss': (0.0004, 0.0005)}
{'epoch': 57, 'train_loss': 0.0004, 'train_acc': 1.0, 'task_loss': (1e-04, 0.0003)}
{'epoch': 58, 'train_loss': 0.0004, 'train_acc': 1.0, 'task_loss': (1e-04, 0.0003)}
{'epoch': 59, 'train_loss': 0.0003, 'train_acc': 1.0, 'task_loss': (1e-04, 1e-04)}
{'epoch': 60, 'train_loss': 0.0002, 'train_acc': 1.0, 'task_loss': (1e-04, 1e-04)}
{'epoch': 61, 'train_loss': 0.0002, 'train_acc': 1.0, 'task_loss': (1e-04, 0.0002)}
{'epoch': 62, 'train_loss': 0.0003, 'train_acc': 1.0, 'task_loss': (0.0002, 0.0002)}
{'epoch': 63, 'train_loss': 0.0009, 'train_acc': 1.0, 'task_loss': (0.0007, 0.0002)}
{'epoch': 64, 'train_loss': 0.0003, 'train_acc': 1.0, 'task_loss': (1e-04, 0.0003)}
{'epoch': 65, 'train_loss': 0.0003, 'train_acc': 1.0, 'task_loss': (1e-04, 0.0002)}
{'epoch': 66, 'train_loss': 0.0003, 'train_acc': 1.0, 'task_loss': (1e-04, 0.0002)}
{'epoch': 67, 'train_loss': 0.0002, 'train_acc': 1.0, 'task_loss': (1e-04, 1e-04)}
{'epoch': 68, 'train_loss': 0.0003, 'train_acc': 1.0, 'task_loss': (1e-04, 0.0002)}
{'epoch': 69, 'train_loss': 0.0008, 'train_acc': 1.0, 'task_loss': (0.0006, 0.0002)}
{'epoch': 70, 'train_loss': 0.0003, 'train_acc': 1.0, 'task_loss': (1e-04, 0.0002)}
{'epoch': 71, 'train_loss': 0.0004, 'train_acc': 1.0, 'task_loss': (0.0002, 0.0002)}
{'epoch': 72, 'train_loss': 0.0003, 'train_acc': 1.0, 'task_loss': (0.0002, 0.0002)}
{'epoch': 73, 'train_loss': 0.0003, 'train_acc': 1.0, 'task_loss': (1e-04, 0.0002)}
{'epoch': 74, 'train_loss': 0.0004, 'train_acc': 1.0, 'task_loss': (1e-04, 0.0003)}
{'epoch': 75, 'train_loss': 0.0002, 'train_acc': 1.0, 'task_loss': (1e-04, 0.0002)}
{'epoch': 76, 'train_loss': 0.0003, 'train_acc': 1.0, 'task_loss': (1e-04, 0.0002)}
{'epoch': 77, 'train_loss': 0.0002, 'train_acc': 1.0, 'task_loss': (1e-04, 1e-04)}
{'epoch': 78, 'train_loss': 0.0002, 'train_acc': 1.0, 'task_loss': (1e-04, 1e-04)}
{'epoch': 79, 'train_loss': 0.0002, 'train_acc': 1.0, 'task_loss': (1e-04, 0.0002)}
{'epoch': 80, 'train_loss': 0.0003, 'train_acc': 1.0, 'task_loss': (0.0002, 1e-04)}
{'epoch': 81, 'train_loss': 0.0002, 'train_acc': 1.0, 'task_loss': (1e-04, 1e-04)}
{'epoch': 82, 'train_loss': 0.0003, 'train_acc': 1.0, 'task_loss': (1e-04, 0.0002)}
{'epoch': 83, 'train_loss': 0.0008, 'train_acc': 1.0, 'task_loss': (0.0002, 0.0006)}
{'epoch': 84, 'train_loss': 0.0002, 'train_acc': 1.0, 'task_loss': (1e-04, 1e-04)}
{'epoch': 85, 'train_loss': 0.0003, 'train_acc': 1.0, 'task_loss': (0.0002, 0.0002)}
{'epoch': 86, 'train_loss': 0.0002, 'train_acc': 1.0, 'task_loss': (1e-04, 1e-04)}
{'epoch': 87, 'train_loss': 0.0003, 'train_acc': 1.0, 'task_loss': (1e-04, 0.0002)}
{'epoch': 88, 'train_loss': 0.0002, 'train_acc': 1.0, 'task_loss': (0.0, 1e-04)}
{'epoch': 89, 'train_loss': 0.0007, 'train_acc': 1.0, 'task_loss': (0.0004, 0.0003)}
{'epoch': 90, 'train_loss': 0.0002, 'train_acc': 1.0, 'task_loss': (1e-04, 0.0002)}
{'epoch': 91, 'train_loss': 0.0003, 'train_acc': 1.0, 'task_loss': (1e-04, 0.0003)}
{'epoch': 92, 'train_loss': 0.0003, 'train_acc': 1.0, 'task_loss': (1e-04, 0.0002)}
{'epoch': 93, 'train_loss': 0.0003, 'train_acc': 1.0, 'task_loss': (1e-04, 0.0003)}
{'epoch': 94, 'train_loss': 0.0003, 'train_acc': 1.0, 'task_loss': (1e-04, 1e-04)}
{'epoch': 95, 'train_loss': 0.0002, 'train_acc': 1.0, 'task_loss': (1e-04, 1e-04)}
{'epoch': 96, 'train_loss': 0.0003, 'train_acc': 1.0, 'task_loss': (1e-04, 0.0002)}
{'epoch': 97, 'train_loss': 0.0003, 'train_acc': 1.0, 'task_loss': (0.0, 0.0002)}
{'epoch': 98, 'train_loss': 0.0003, 'train_acc': 1.0, 'task_loss': (1e-04, 0.0002)}
{'epoch': 99, 'train_loss': 0.0003, 'train_acc': 1.0, 'task_loss': (1e-04, 0.0002)}
{'epoch': 100, 'train_loss': 0.0002, 'train_acc': 1.0, 'task_loss': (0.0, 1e-04)}
{'run_num': 7, 'final_test_err': 0.10423452768729646}
Files already downloaded and verified
Files already downloaded and verified
{'epoch': 1, 'train_loss': 0.4907, 'train_acc': 0.7981, 'task_loss': (0.2483, 0.2425)}
{'epoch': 2, 'train_loss': 0.22, 'train_acc': 0.9038, 'task_loss': (0.0985, 0.1215)}
{'epoch': 3, 'train_loss': 0.2093, 'train_acc': 0.9143, 'task_loss': (0.0979, 0.1114)}
{'epoch': 4, 'train_loss': 0.1616, 'train_acc': 0.9214, 'task_loss': (0.0602, 0.1014)}
{'epoch': 5, 'train_loss': 0.096, 'train_acc': 0.9601, 'task_loss': (0.0378, 0.0582)}
{'epoch': 6, 'train_loss': 0.0777, 'train_acc': 0.9613, 'task_loss': (0.0254, 0.0523)}
{'epoch': 7, 'train_loss': 0.0581, 'train_acc': 0.973, 'task_loss': (0.0183, 0.0398)}
{'epoch': 8, 'train_loss': 0.046, 'train_acc': 0.98, 'task_loss': (0.0206, 0.0253)}
{'epoch': 9, 'train_loss': 0.0446, 'train_acc': 0.9812, 'task_loss': (0.0155, 0.0291)}
{'epoch': 10, 'train_loss': 0.0151, 'train_acc': 0.9953, 'task_loss': (0.0045, 0.0107)}
{'epoch': 11, 'train_loss': 0.0155, 'train_acc': 0.9953, 'task_loss': (0.0039, 0.0115)}
{'epoch': 12, 'train_loss': 0.0128, 'train_acc': 0.9941, 'task_loss': (0.002, 0.0108)}
{'epoch': 13, 'train_loss': 0.0074, 'train_acc': 0.9977, 'task_loss': (0.0033, 0.0042)}
{'epoch': 14, 'train_loss': 0.007, 'train_acc': 0.9977, 'task_loss': (0.0011, 0.0058)}
{'epoch': 15, 'train_loss': 0.0083, 'train_acc': 0.9988, 'task_loss': (0.0017, 0.0066)}
{'epoch': 16, 'train_loss': 0.0336, 'train_acc': 0.9859, 'task_loss': (0.0108, 0.0228)}
{'epoch': 17, 'train_loss': 0.0349, 'train_acc': 0.9859, 'task_loss': (0.0104, 0.0245)}
{'epoch': 18, 'train_loss': 0.0106, 'train_acc': 0.9953, 'task_loss': (0.0018, 0.0088)}
{'epoch': 19, 'train_loss': 0.0045, 'train_acc': 0.9988, 'task_loss': (0.0012, 0.0032)}
{'epoch': 20, 'train_loss': 0.0026, 'train_acc': 1.0, 'task_loss': (0.001, 0.0016)}
{'epoch': 21, 'train_loss': 0.0016, 'train_acc': 1.0, 'task_loss': (0.0006, 0.001)}
{'epoch': 22, 'train_loss': 0.0047, 'train_acc': 0.9988, 'task_loss': (0.0019, 0.0028)}
{'epoch': 23, 'train_loss': 0.0018, 'train_acc': 1.0, 'task_loss': (0.0005, 0.0012)}
{'epoch': 24, 'train_loss': 0.0016, 'train_acc': 1.0, 'task_loss': (0.0008, 0.0008)}
{'epoch': 25, 'train_loss': 0.0019, 'train_acc': 0.9988, 'task_loss': (0.0003, 0.0016)}
{'epoch': 26, 'train_loss': 0.0013, 'train_acc': 1.0, 'task_loss': (0.0006, 0.0007)}
{'epoch': 27, 'train_loss': 0.0015, 'train_acc': 1.0, 'task_loss': (0.0003, 0.0012)}
{'epoch': 28, 'train_loss': 0.0008, 'train_acc': 1.0, 'task_loss': (0.0004, 0.0004)}
{'epoch': 29, 'train_loss': 0.0008, 'train_acc': 1.0, 'task_loss': (0.0002, 0.0007)}
{'epoch': 30, 'train_loss': 0.0006, 'train_acc': 1.0, 'task_loss': (1e-04, 0.0005)}
{'epoch': 31, 'train_loss': 0.0007, 'train_acc': 1.0, 'task_loss': (0.0002, 0.0004)}
{'epoch': 32, 'train_loss': 0.0021, 'train_acc': 1.0, 'task_loss': (0.0009, 0.0012)}
{'epoch': 33, 'train_loss': 0.0014, 'train_acc': 1.0, 'task_loss': (0.0005, 0.0009)}
{'epoch': 34, 'train_loss': 0.0005, 'train_acc': 1.0, 'task_loss': (0.0002, 0.0003)}
{'epoch': 35, 'train_loss': 0.0005, 'train_acc': 1.0, 'task_loss': (1e-04, 0.0004)}
{'epoch': 36, 'train_loss': 0.0016, 'train_acc': 1.0, 'task_loss': (0.0007, 0.0009)}
{'epoch': 37, 'train_loss': 0.0015, 'train_acc': 1.0, 'task_loss': (0.0008, 0.0008)}
{'epoch': 38, 'train_loss': 0.0007, 'train_acc': 1.0, 'task_loss': (0.0003, 0.0005)}
{'epoch': 39, 'train_loss': 0.0004, 'train_acc': 1.0, 'task_loss': (1e-04, 0.0003)}
{'epoch': 40, 'train_loss': 0.0005, 'train_acc': 1.0, 'task_loss': (0.0002, 0.0004)}
{'epoch': 41, 'train_loss': 0.0005, 'train_acc': 1.0, 'task_loss': (1e-04, 0.0004)}
{'epoch': 42, 'train_loss': 0.0009, 'train_acc': 1.0, 'task_loss': (0.0002, 0.0007)}
{'epoch': 43, 'train_loss': 0.0002, 'train_acc': 1.0, 'task_loss': (1e-04, 1e-04)}
{'epoch': 44, 'train_loss': 0.0004, 'train_acc': 1.0, 'task_loss': (1e-04, 0.0002)}
{'epoch': 45, 'train_loss': 0.0004, 'train_acc': 1.0, 'task_loss': (0.0002, 0.0002)}
{'epoch': 46, 'train_loss': 0.0004, 'train_acc': 1.0, 'task_loss': (1e-04, 0.0003)}
{'epoch': 47, 'train_loss': 0.0004, 'train_acc': 1.0, 'task_loss': (1e-04, 0.0003)}
{'epoch': 48, 'train_loss': 0.0004, 'train_acc': 1.0, 'task_loss': (1e-04, 0.0003)}
{'epoch': 49, 'train_loss': 0.0004, 'train_acc': 1.0, 'task_loss': (1e-04, 0.0002)}
{'epoch': 50, 'train_loss': 0.0004, 'train_acc': 1.0, 'task_loss': (1e-04, 0.0003)}
{'epoch': 51, 'train_loss': 0.0004, 'train_acc': 1.0, 'task_loss': (0.0002, 0.0003)}
{'epoch': 52, 'train_loss': 0.0005, 'train_acc': 1.0, 'task_loss': (0.0002, 0.0003)}
{'epoch': 53, 'train_loss': 0.0003, 'train_acc': 1.0, 'task_loss': (1e-04, 0.0002)}
{'epoch': 54, 'train_loss': 0.0004, 'train_acc': 1.0, 'task_loss': (1e-04, 0.0002)}
{'epoch': 55, 'train_loss': 0.0004, 'train_acc': 1.0, 'task_loss': (0.0002, 0.0002)}
{'epoch': 56, 'train_loss': 0.0003, 'train_acc': 1.0, 'task_loss': (1e-04, 0.0002)}
{'epoch': 57, 'train_loss': 0.0004, 'train_acc': 1.0, 'task_loss': (1e-04, 0.0003)}
{'epoch': 58, 'train_loss': 0.0003, 'train_acc': 1.0, 'task_loss': (1e-04, 0.0003)}
{'epoch': 59, 'train_loss': 0.0004, 'train_acc': 1.0, 'task_loss': (1e-04, 0.0003)}
{'epoch': 60, 'train_loss': 0.0003, 'train_acc': 1.0, 'task_loss': (1e-04, 0.0002)}
{'epoch': 61, 'train_loss': 0.0003, 'train_acc': 1.0, 'task_loss': (1e-04, 0.0002)}
{'epoch': 62, 'train_loss': 0.0003, 'train_acc': 1.0, 'task_loss': (0.0002, 0.0002)}
{'epoch': 63, 'train_loss': 0.0003, 'train_acc': 1.0, 'task_loss': (1e-04, 0.0002)}
{'epoch': 64, 'train_loss': 0.0003, 'train_acc': 1.0, 'task_loss': (1e-04, 0.0002)}
{'epoch': 65, 'train_loss': 0.0003, 'train_acc': 1.0, 'task_loss': (1e-04, 0.0002)}
{'epoch': 66, 'train_loss': 0.0002, 'train_acc': 1.0, 'task_loss': (0.0, 1e-04)}
{'epoch': 67, 'train_loss': 0.0002, 'train_acc': 1.0, 'task_loss': (1e-04, 1e-04)}
{'epoch': 68, 'train_loss': 0.0003, 'train_acc': 1.0, 'task_loss': (1e-04, 0.0002)}
{'epoch': 69, 'train_loss': 0.0003, 'train_acc': 1.0, 'task_loss': (1e-04, 0.0002)}
{'epoch': 70, 'train_loss': 0.0006, 'train_acc': 1.0, 'task_loss': (1e-04, 0.0004)}
{'epoch': 71, 'train_loss': 0.0002, 'train_acc': 1.0, 'task_loss': (1e-04, 1e-04)}
{'epoch': 72, 'train_loss': 0.0003, 'train_acc': 1.0, 'task_loss': (1e-04, 0.0002)}
{'epoch': 73, 'train_loss': 0.0002, 'train_acc': 1.0, 'task_loss': (0.0, 1e-04)}
{'epoch': 74, 'train_loss': 0.0002, 'train_acc': 1.0, 'task_loss': (1e-04, 1e-04)}
{'epoch': 75, 'train_loss': 0.0002, 'train_acc': 1.0, 'task_loss': (1e-04, 1e-04)}
{'epoch': 76, 'train_loss': 0.0002, 'train_acc': 1.0, 'task_loss': (0.0, 1e-04)}
{'epoch': 77, 'train_loss': 0.0005, 'train_acc': 1.0, 'task_loss': (1e-04, 0.0004)}
{'epoch': 78, 'train_loss': 0.0003, 'train_acc': 1.0, 'task_loss': (1e-04, 0.0002)}
{'epoch': 79, 'train_loss': 0.0003, 'train_acc': 1.0, 'task_loss': (1e-04, 1e-04)}
{'epoch': 80, 'train_loss': 0.0003, 'train_acc': 1.0, 'task_loss': (1e-04, 0.0002)}
{'epoch': 81, 'train_loss': 0.0002, 'train_acc': 1.0, 'task_loss': (1e-04, 1e-04)}
{'epoch': 82, 'train_loss': 0.0002, 'train_acc': 1.0, 'task_loss': (1e-04, 0.0002)}
{'epoch': 83, 'train_loss': 0.0002, 'train_acc': 1.0, 'task_loss': (0.0, 0.0002)}
{'epoch': 84, 'train_loss': 0.0003, 'train_acc': 1.0, 'task_loss': (1e-04, 0.0002)}
{'epoch': 85, 'train_loss': 0.0002, 'train_acc': 1.0, 'task_loss': (1e-04, 0.0002)}
{'epoch': 86, 'train_loss': 0.0003, 'train_acc': 1.0, 'task_loss': (1e-04, 0.0002)}
{'epoch': 87, 'train_loss': 0.0003, 'train_acc': 1.0, 'task_loss': (1e-04, 0.0002)}
{'epoch': 88, 'train_loss': 0.0002, 'train_acc': 1.0, 'task_loss': (1e-04, 1e-04)}
{'epoch': 89, 'train_loss': 0.0003, 'train_acc': 1.0, 'task_loss': (1e-04, 0.0002)}
{'epoch': 90, 'train_loss': 0.0003, 'train_acc': 1.0, 'task_loss': (1e-04, 0.0002)}
{'epoch': 91, 'train_loss': 0.0003, 'train_acc': 1.0, 'task_loss': (1e-04, 0.0002)}
{'epoch': 92, 'train_loss': 0.0002, 'train_acc': 1.0, 'task_loss': (1e-04, 1e-04)}
{'epoch': 93, 'train_loss': 0.0002, 'train_acc': 1.0, 'task_loss': (1e-04, 1e-04)}
{'epoch': 94, 'train_loss': 0.0002, 'train_acc': 1.0, 'task_loss': (0.0, 0.0002)}
{'epoch': 95, 'train_loss': 0.0002, 'train_acc': 1.0, 'task_loss': (1e-04, 1e-04)}
{'epoch': 96, 'train_loss': 0.0002, 'train_acc': 1.0, 'task_loss': (1e-04, 1e-04)}
{'epoch': 97, 'train_loss': 0.0003, 'train_acc': 1.0, 'task_loss': (1e-04, 0.0002)}
{'epoch': 98, 'train_loss': 0.0003, 'train_acc': 1.0, 'task_loss': (1e-04, 0.0002)}
{'epoch': 99, 'train_loss': 0.0003, 'train_acc': 1.0, 'task_loss': (1e-04, 0.0002)}
{'epoch': 100, 'train_loss': 0.0002, 'train_acc': 1.0, 'task_loss': (1e-04, 1e-04)}
{'run_num': 8, 'final_test_err': 0.10423452768729646}
Files already downloaded and verified
Files already downloaded and verified
{'epoch': 1, 'train_loss': 0.4196, 'train_acc': 0.8275, 'task_loss': (0.225, 0.1946)}
{'epoch': 2, 'train_loss': 0.289, 'train_acc': 0.8897, 'task_loss': (0.1604, 0.1286)}
{'epoch': 3, 'train_loss': 0.1162, 'train_acc': 0.9495, 'task_loss': (0.052, 0.0642)}
{'epoch': 4, 'train_loss': 0.0919, 'train_acc': 0.9519, 'task_loss': (0.034, 0.0579)}
{'epoch': 5, 'train_loss': 0.1482, 'train_acc': 0.946, 'task_loss': (0.0584, 0.0898)}
{'epoch': 6, 'train_loss': 0.1471, 'train_acc': 0.9448, 'task_loss': (0.0722, 0.075)}
{'epoch': 7, 'train_loss': 0.0802, 'train_acc': 0.966, 'task_loss': (0.0356, 0.0445)}
{'epoch': 8, 'train_loss': 0.0374, 'train_acc': 0.9859, 'task_loss': (0.0143, 0.0232)}
{'epoch': 9, 'train_loss': 0.0164, 'train_acc': 0.9953, 'task_loss': (0.0036, 0.0128)}
{'epoch': 10, 'train_loss': 0.0213, 'train_acc': 0.9883, 'task_loss': (0.0059, 0.0154)}
{'epoch': 11, 'train_loss': 0.025, 'train_acc': 0.9941, 'task_loss': (0.0087, 0.0163)}
{'epoch': 12, 'train_loss': 0.0179, 'train_acc': 0.993, 'task_loss': (0.0057, 0.0123)}
{'epoch': 13, 'train_loss': 0.004, 'train_acc': 1.0, 'task_loss': (0.0009, 0.0031)}
{'epoch': 14, 'train_loss': 0.0063, 'train_acc': 0.9988, 'task_loss': (0.002, 0.0043)}
{'epoch': 15, 'train_loss': 0.0047, 'train_acc': 0.9988, 'task_loss': (0.0009, 0.0038)}
{'epoch': 16, 'train_loss': 0.01, 'train_acc': 0.9965, 'task_loss': (0.0042, 0.0059)}
{'epoch': 17, 'train_loss': 0.0032, 'train_acc': 1.0, 'task_loss': (0.0009, 0.0023)}
{'epoch': 18, 'train_loss': 0.0045, 'train_acc': 0.9988, 'task_loss': (0.0008, 0.0038)}
{'epoch': 19, 'train_loss': 0.0019, 'train_acc': 1.0, 'task_loss': (0.0002, 0.0017)}
{'epoch': 20, 'train_loss': 0.0015, 'train_acc': 1.0, 'task_loss': (0.0003, 0.0013)}
{'epoch': 21, 'train_loss': 0.0014, 'train_acc': 1.0, 'task_loss': (0.0005, 0.0009)}
{'epoch': 22, 'train_loss': 0.0017, 'train_acc': 1.0, 'task_loss': (0.0009, 0.0008)}
{'epoch': 23, 'train_loss': 0.0014, 'train_acc': 1.0, 'task_loss': (0.0002, 0.0012)}
{'epoch': 24, 'train_loss': 0.0016, 'train_acc': 1.0, 'task_loss': (0.0008, 0.0008)}
{'epoch': 25, 'train_loss': 0.0018, 'train_acc': 0.9988, 'task_loss': (0.0002, 0.0016)}
{'epoch': 26, 'train_loss': 0.0006, 'train_acc': 1.0, 'task_loss': (0.0002, 0.0004)}
{'epoch': 27, 'train_loss': 0.0009, 'train_acc': 1.0, 'task_loss': (1e-04, 0.0007)}
{'epoch': 28, 'train_loss': 0.0006, 'train_acc': 1.0, 'task_loss': (0.0002, 0.0004)}
{'epoch': 29, 'train_loss': 0.0015, 'train_acc': 1.0, 'task_loss': (0.0008, 0.0008)}
{'epoch': 30, 'train_loss': 0.0024, 'train_acc': 0.9988, 'task_loss': (0.0002, 0.0022)}
{'epoch': 31, 'train_loss': 0.0008, 'train_acc': 1.0, 'task_loss': (0.0002, 0.0006)}
{'epoch': 32, 'train_loss': 0.0006, 'train_acc': 1.0, 'task_loss': (1e-04, 0.0005)}
{'epoch': 33, 'train_loss': 0.0006, 'train_acc': 1.0, 'task_loss': (0.0002, 0.0005)}
{'epoch': 34, 'train_loss': 0.0006, 'train_acc': 1.0, 'task_loss': (0.0002, 0.0004)}
{'epoch': 35, 'train_loss': 0.0015, 'train_acc': 1.0, 'task_loss': (0.0006, 0.0009)}
{'epoch': 36, 'train_loss': 0.0024, 'train_acc': 0.9988, 'task_loss': (0.0007, 0.0017)}
{'epoch': 37, 'train_loss': 0.0011, 'train_acc': 1.0, 'task_loss': (0.0002, 0.0009)}
{'epoch': 38, 'train_loss': 0.0007, 'train_acc': 1.0, 'task_loss': (0.0002, 0.0005)}
{'epoch': 39, 'train_loss': 0.0006, 'train_acc': 1.0, 'task_loss': (0.0002, 0.0005)}
{'epoch': 40, 'train_loss': 0.0007, 'train_acc': 1.0, 'task_loss': (1e-04, 0.0006)}
{'epoch': 41, 'train_loss': 0.0004, 'train_acc': 1.0, 'task_loss': (1e-04, 0.0003)}
{'epoch': 42, 'train_loss': 0.0004, 'train_acc': 1.0, 'task_loss': (1e-04, 0.0003)}
{'epoch': 43, 'train_loss': 0.0004, 'train_acc': 1.0, 'task_loss': (1e-04, 0.0003)}
{'epoch': 44, 'train_loss': 0.0005, 'train_acc': 1.0, 'task_loss': (1e-04, 0.0004)}
{'epoch': 45, 'train_loss': 0.0005, 'train_acc': 1.0, 'task_loss': (1e-04, 0.0004)}
{'epoch': 46, 'train_loss': 0.0004, 'train_acc': 1.0, 'task_loss': (1e-04, 0.0002)}
{'epoch': 47, 'train_loss': 0.0004, 'train_acc': 1.0, 'task_loss': (1e-04, 0.0003)}
{'epoch': 48, 'train_loss': 0.0011, 'train_acc': 1.0, 'task_loss': (0.0003, 0.0008)}
{'epoch': 49, 'train_loss': 0.0004, 'train_acc': 1.0, 'task_loss': (1e-04, 0.0003)}
{'epoch': 50, 'train_loss': 0.0004, 'train_acc': 1.0, 'task_loss': (1e-04, 0.0003)}
{'epoch': 51, 'train_loss': 0.0005, 'train_acc': 1.0, 'task_loss': (0.0002, 0.0003)}
{'epoch': 52, 'train_loss': 0.0004, 'train_acc': 1.0, 'task_loss': (1e-04, 0.0004)}
{'epoch': 53, 'train_loss': 0.0006, 'train_acc': 1.0, 'task_loss': (0.0002, 0.0005)}
{'epoch': 54, 'train_loss': 0.0003, 'train_acc': 1.0, 'task_loss': (1e-04, 0.0002)}
{'epoch': 55, 'train_loss': 0.0003, 'train_acc': 1.0, 'task_loss': (1e-04, 0.0002)}
{'epoch': 56, 'train_loss': 0.0004, 'train_acc': 1.0, 'task_loss': (1e-04, 0.0003)}
{'epoch': 57, 'train_loss': 0.0011, 'train_acc': 0.9988, 'task_loss': (1e-04, 0.0011)}
{'epoch': 58, 'train_loss': 0.0032, 'train_acc': 0.9988, 'task_loss': (0.0003, 0.0029)}
{'epoch': 59, 'train_loss': 0.0094, 'train_acc': 0.9953, 'task_loss': (0.0026, 0.0068)}
{'epoch': 60, 'train_loss': 0.0008, 'train_acc': 1.0, 'task_loss': (1e-04, 0.0007)}
{'epoch': 61, 'train_loss': 0.0006, 'train_acc': 1.0, 'task_loss': (1e-04, 0.0005)}
{'epoch': 62, 'train_loss': 0.0006, 'train_acc': 1.0, 'task_loss': (1e-04, 0.0004)}
{'epoch': 63, 'train_loss': 0.0006, 'train_acc': 1.0, 'task_loss': (0.0002, 0.0004)}
{'epoch': 64, 'train_loss': 0.0004, 'train_acc': 1.0, 'task_loss': (1e-04, 0.0003)}
{'epoch': 65, 'train_loss': 0.0006, 'train_acc': 1.0, 'task_loss': (1e-04, 0.0005)}
{'epoch': 66, 'train_loss': 0.0005, 'train_acc': 1.0, 'task_loss': (0.0002, 0.0003)}
{'epoch': 67, 'train_loss': 0.0003, 'train_acc': 1.0, 'task_loss': (1e-04, 0.0003)}
{'epoch': 68, 'train_loss': 0.0008, 'train_acc': 1.0, 'task_loss': (1e-04, 0.0007)}
{'epoch': 69, 'train_loss': 0.0005, 'train_acc': 1.0, 'task_loss': (1e-04, 0.0004)}
{'epoch': 70, 'train_loss': 0.0007, 'train_acc': 1.0, 'task_loss': (0.0002, 0.0005)}
{'epoch': 71, 'train_loss': 0.0006, 'train_acc': 1.0, 'task_loss': (1e-04, 0.0005)}
{'epoch': 72, 'train_loss': 0.0004, 'train_acc': 1.0, 'task_loss': (0.0, 0.0003)}
{'epoch': 73, 'train_loss': 0.0004, 'train_acc': 1.0, 'task_loss': (1e-04, 0.0003)}
{'epoch': 74, 'train_loss': 0.0007, 'train_acc': 1.0, 'task_loss': (1e-04, 0.0005)}
{'epoch': 75, 'train_loss': 0.0003, 'train_acc': 1.0, 'task_loss': (1e-04, 0.0002)}
{'epoch': 76, 'train_loss': 0.0004, 'train_acc': 1.0, 'task_loss': (1e-04, 0.0003)}
{'epoch': 77, 'train_loss': 0.0004, 'train_acc': 1.0, 'task_loss': (0.0003, 1e-04)}
{'epoch': 78, 'train_loss': 0.0006, 'train_acc': 1.0, 'task_loss': (1e-04, 0.0005)}
{'epoch': 79, 'train_loss': 0.0004, 'train_acc': 1.0, 'task_loss': (0.0, 0.0003)}
{'epoch': 80, 'train_loss': 0.0004, 'train_acc': 1.0, 'task_loss': (1e-04, 0.0003)}
{'epoch': 81, 'train_loss': 0.0006, 'train_acc': 1.0, 'task_loss': (1e-04, 0.0005)}
{'epoch': 82, 'train_loss': 0.0003, 'train_acc': 1.0, 'task_loss': (1e-04, 0.0002)}
{'epoch': 83, 'train_loss': 0.0003, 'train_acc': 1.0, 'task_loss': (0.0002, 0.0002)}
{'epoch': 84, 'train_loss': 0.0003, 'train_acc': 1.0, 'task_loss': (0.0, 0.0002)}
{'epoch': 85, 'train_loss': 0.0004, 'train_acc': 1.0, 'task_loss': (1e-04, 0.0003)}
{'epoch': 86, 'train_loss': 0.0003, 'train_acc': 1.0, 'task_loss': (1e-04, 0.0002)}
{'epoch': 87, 'train_loss': 0.0006, 'train_acc': 1.0, 'task_loss': (1e-04, 0.0006)}
{'epoch': 88, 'train_loss': 0.0005, 'train_acc': 1.0, 'task_loss': (1e-04, 0.0004)}
{'epoch': 89, 'train_loss': 0.0003, 'train_acc': 1.0, 'task_loss': (1e-04, 0.0002)}
{'epoch': 90, 'train_loss': 0.0006, 'train_acc': 1.0, 'task_loss': (0.0002, 0.0004)}
{'epoch': 91, 'train_loss': 0.0003, 'train_acc': 1.0, 'task_loss': (0.0, 0.0002)}
{'epoch': 92, 'train_loss': 0.0003, 'train_acc': 1.0, 'task_loss': (1e-04, 0.0003)}
{'epoch': 93, 'train_loss': 0.0002, 'train_acc': 1.0, 'task_loss': (0.0, 0.0002)}
{'epoch': 94, 'train_loss': 0.0003, 'train_acc': 1.0, 'task_loss': (1e-04, 0.0003)}
{'epoch': 95, 'train_loss': 0.0003, 'train_acc': 1.0, 'task_loss': (1e-04, 0.0003)}
{'epoch': 96, 'train_loss': 0.0002, 'train_acc': 1.0, 'task_loss': (1e-04, 0.0002)}
{'epoch': 97, 'train_loss': 0.0004, 'train_acc': 1.0, 'task_loss': (1e-04, 0.0003)}
{'epoch': 98, 'train_loss': 0.0004, 'train_acc': 1.0, 'task_loss': (1e-04, 0.0003)}
{'epoch': 99, 'train_loss': 0.0003, 'train_acc': 1.0, 'task_loss': (1e-04, 0.0003)}
{'epoch': 100, 'train_loss': 0.0004, 'train_acc': 1.0, 'task_loss': (1e-04, 0.0003)}
{'run_num': 9, 'final_test_err': 0.09446254071661242}
{'avg_err': 0.0997, 'std_err': 0.007}
