{'deploy': True, 'tag': '05_ood/00_domain_alpha1', 'seed': 10, 'device': 'cuda:0', 'reps': 10, 'loss': {'alpha': 0.5, 'tune_alpha': False, 'group_task_loss': True}, 'task': {'dataset': 'domain_net', 'task_map': [[0, 1], [2, 3], [4, 5], [6, 7], [8, 9]], 'target': 0, 'ood': [0], 'augment': False, 'n': 100, 'm_n': 4, 'beta': 0.5, 'custom_sampler': False, 'm_cinic': 1, 'm_cinic_neg': 0.0}, 'hp': {'epochs': 100, 'bs': 16, 'lr': 0.01}, 'net': 'conv'}
Files already downloaded and verified
Files already downloaded and verified
{'epoch': 1, 'train_loss': 0.4199, 'train_acc': 0.8351, 'task_loss': (0.2035, 0.2164)}
{'epoch': 2, 'train_loss': 0.2077, 'train_acc': 0.9122, 'task_loss': (0.0889, 0.1188)}
{'epoch': 3, 'train_loss': 0.1425, 'train_acc': 0.9402, 'task_loss': (0.0653, 0.0772)}
{'epoch': 4, 'train_loss': 0.0806, 'train_acc': 0.9654, 'task_loss': (0.0267, 0.0538)}
{'epoch': 5, 'train_loss': 0.0513, 'train_acc': 0.9774, 'task_loss': (0.0186, 0.0327)}
{'epoch': 6, 'train_loss': 0.0235, 'train_acc': 0.9907, 'task_loss': (0.0066, 0.0169)}
{'epoch': 7, 'train_loss': 0.0201, 'train_acc': 0.9934, 'task_loss': (0.0066, 0.0135)}
{'epoch': 8, 'train_loss': 0.0087, 'train_acc': 0.996, 'task_loss': (0.0014, 0.0073)}
{'epoch': 9, 'train_loss': 0.0073, 'train_acc': 1.0, 'task_loss': (0.0024, 0.0049)}
{'epoch': 10, 'train_loss': 0.0055, 'train_acc': 0.9973, 'task_loss': (0.0009, 0.0046)}
{'epoch': 11, 'train_loss': 0.0048, 'train_acc': 0.9987, 'task_loss': (0.0012, 0.0036)}
{'epoch': 12, 'train_loss': 0.0023, 'train_acc': 1.0, 'task_loss': (0.0009, 0.0015)}
{'epoch': 13, 'train_loss': 0.0023, 'train_acc': 1.0, 'task_loss': (0.0005, 0.0018)}
{'epoch': 14, 'train_loss': 0.0015, 'train_acc': 1.0, 'task_loss': (0.0003, 0.0012)}
{'epoch': 15, 'train_loss': 0.0015, 'train_acc': 1.0, 'task_loss': (0.0005, 0.0011)}
{'epoch': 16, 'train_loss': 0.0012, 'train_acc': 1.0, 'task_loss': (0.0004, 0.0009)}
{'epoch': 17, 'train_loss': 0.001, 'train_acc': 1.0, 'task_loss': (0.0003, 0.0007)}
{'epoch': 18, 'train_loss': 0.001, 'train_acc': 1.0, 'task_loss': (0.0002, 0.0008)}
{'epoch': 19, 'train_loss': 0.001, 'train_acc': 1.0, 'task_loss': (0.0002, 0.0008)}
{'epoch': 20, 'train_loss': 0.0008, 'train_acc': 1.0, 'task_loss': (0.0002, 0.0005)}
{'epoch': 21, 'train_loss': 0.0007, 'train_acc': 1.0, 'task_loss': (0.0002, 0.0004)}
{'epoch': 22, 'train_loss': 0.0009, 'train_acc': 1.0, 'task_loss': (0.0002, 0.0006)}
{'epoch': 23, 'train_loss': 0.0006, 'train_acc': 1.0, 'task_loss': (0.0002, 0.0004)}
{'epoch': 24, 'train_loss': 0.0006, 'train_acc': 1.0, 'task_loss': (1e-04, 0.0005)}
{'epoch': 25, 'train_loss': 0.0004, 'train_acc': 1.0, 'task_loss': (1e-04, 0.0003)}
{'epoch': 26, 'train_loss': 0.0005, 'train_acc': 1.0, 'task_loss': (1e-04, 0.0004)}
{'epoch': 27, 'train_loss': 0.0008, 'train_acc': 1.0, 'task_loss': (0.0002, 0.0006)}
{'epoch': 28, 'train_loss': 0.0005, 'train_acc': 1.0, 'task_loss': (0.0002, 0.0004)}
{'epoch': 29, 'train_loss': 0.0006, 'train_acc': 1.0, 'task_loss': (1e-04, 0.0004)}
{'epoch': 30, 'train_loss': 0.0007, 'train_acc': 1.0, 'task_loss': (1e-04, 0.0006)}
{'epoch': 31, 'train_loss': 0.0005, 'train_acc': 1.0, 'task_loss': (1e-04, 0.0004)}
{'epoch': 32, 'train_loss': 0.0003, 'train_acc': 1.0, 'task_loss': (1e-04, 0.0002)}
{'epoch': 33, 'train_loss': 0.0011, 'train_acc': 1.0, 'task_loss': (0.0004, 0.0006)}
{'epoch': 34, 'train_loss': 0.0005, 'train_acc': 1.0, 'task_loss': (1e-04, 0.0004)}
{'epoch': 35, 'train_loss': 0.0006, 'train_acc': 1.0, 'task_loss': (0.0002, 0.0004)}
{'epoch': 36, 'train_loss': 0.0007, 'train_acc': 1.0, 'task_loss': (1e-04, 0.0005)}
{'epoch': 37, 'train_loss': 0.0005, 'train_acc': 1.0, 'task_loss': (1e-04, 0.0004)}
{'epoch': 38, 'train_loss': 0.0004, 'train_acc': 1.0, 'task_loss': (1e-04, 0.0003)}
{'epoch': 39, 'train_loss': 0.0003, 'train_acc': 1.0, 'task_loss': (1e-04, 0.0002)}
{'epoch': 40, 'train_loss': 0.0003, 'train_acc': 1.0, 'task_loss': (1e-04, 0.0002)}
{'epoch': 41, 'train_loss': 0.0003, 'train_acc': 1.0, 'task_loss': (1e-04, 0.0002)}
{'epoch': 42, 'train_loss': 0.0025, 'train_acc': 0.9987, 'task_loss': (0.0005, 0.002)}
{'epoch': 43, 'train_loss': 0.0014, 'train_acc': 1.0, 'task_loss': (0.0005, 0.0009)}
{'epoch': 44, 'train_loss': 0.0006, 'train_acc': 1.0, 'task_loss': (1e-04, 0.0005)}
{'epoch': 45, 'train_loss': 0.0003, 'train_acc': 1.0, 'task_loss': (1e-04, 0.0002)}
{'epoch': 46, 'train_loss': 0.0003, 'train_acc': 1.0, 'task_loss': (1e-04, 0.0002)}
{'epoch': 47, 'train_loss': 0.0004, 'train_acc': 1.0, 'task_loss': (1e-04, 0.0003)}
{'epoch': 48, 'train_loss': 0.0003, 'train_acc': 1.0, 'task_loss': (1e-04, 0.0003)}
{'epoch': 49, 'train_loss': 0.0004, 'train_acc': 1.0, 'task_loss': (1e-04, 0.0003)}
{'epoch': 50, 'train_loss': 0.0003, 'train_acc': 1.0, 'task_loss': (1e-04, 0.0002)}
{'epoch': 51, 'train_loss': 0.0003, 'train_acc': 1.0, 'task_loss': (0.0, 0.0002)}
{'epoch': 52, 'train_loss': 0.0003, 'train_acc': 1.0, 'task_loss': (1e-04, 0.0002)}
{'epoch': 53, 'train_loss': 0.0003, 'train_acc': 1.0, 'task_loss': (1e-04, 0.0002)}
{'epoch': 54, 'train_loss': 0.0005, 'train_acc': 1.0, 'task_loss': (0.0003, 0.0003)}
{'epoch': 55, 'train_loss': 0.0003, 'train_acc': 1.0, 'task_loss': (1e-04, 0.0002)}
{'epoch': 56, 'train_loss': 0.0003, 'train_acc': 1.0, 'task_loss': (1e-04, 0.0003)}
{'epoch': 57, 'train_loss': 0.0002, 'train_acc': 1.0, 'task_loss': (1e-04, 0.0002)}
{'epoch': 58, 'train_loss': 0.0002, 'train_acc': 1.0, 'task_loss': (1e-04, 0.0002)}
{'epoch': 59, 'train_loss': 0.0004, 'train_acc': 1.0, 'task_loss': (0.0002, 0.0002)}
{'epoch': 60, 'train_loss': 0.0004, 'train_acc': 1.0, 'task_loss': (0.0, 0.0003)}
{'epoch': 61, 'train_loss': 0.0004, 'train_acc': 1.0, 'task_loss': (1e-04, 0.0003)}
{'epoch': 62, 'train_loss': 0.0002, 'train_acc': 1.0, 'task_loss': (1e-04, 1e-04)}
{'epoch': 63, 'train_loss': 0.0002, 'train_acc': 1.0, 'task_loss': (1e-04, 1e-04)}
{'epoch': 64, 'train_loss': 0.0002, 'train_acc': 1.0, 'task_loss': (0.0, 0.0002)}
{'epoch': 65, 'train_loss': 0.0003, 'train_acc': 1.0, 'task_loss': (1e-04, 0.0002)}
{'epoch': 66, 'train_loss': 0.0002, 'train_acc': 1.0, 'task_loss': (1e-04, 1e-04)}
{'epoch': 67, 'train_loss': 0.0002, 'train_acc': 1.0, 'task_loss': (1e-04, 1e-04)}
{'epoch': 68, 'train_loss': 0.0002, 'train_acc': 1.0, 'task_loss': (1e-04, 0.0002)}
{'epoch': 69, 'train_loss': 0.0002, 'train_acc': 1.0, 'task_loss': (1e-04, 0.0002)}
{'epoch': 70, 'train_loss': 0.0003, 'train_acc': 1.0, 'task_loss': (1e-04, 0.0002)}
{'epoch': 71, 'train_loss': 0.0002, 'train_acc': 1.0, 'task_loss': (1e-04, 1e-04)}
{'epoch': 72, 'train_loss': 0.0002, 'train_acc': 1.0, 'task_loss': (1e-04, 0.0002)}
{'epoch': 73, 'train_loss': 0.0002, 'train_acc': 1.0, 'task_loss': (0.0, 1e-04)}
{'epoch': 74, 'train_loss': 0.0002, 'train_acc': 1.0, 'task_loss': (1e-04, 0.0002)}
{'epoch': 75, 'train_loss': 0.0003, 'train_acc': 1.0, 'task_loss': (1e-04, 0.0002)}
{'epoch': 76, 'train_loss': 0.0004, 'train_acc': 1.0, 'task_loss': (1e-04, 0.0003)}
{'epoch': 77, 'train_loss': 0.0002, 'train_acc': 1.0, 'task_loss': (1e-04, 0.0002)}
{'epoch': 78, 'train_loss': 0.0003, 'train_acc': 1.0, 'task_loss': (1e-04, 0.0002)}
{'epoch': 79, 'train_loss': 0.0003, 'train_acc': 1.0, 'task_loss': (1e-04, 0.0002)}
{'epoch': 80, 'train_loss': 0.0002, 'train_acc': 1.0, 'task_loss': (0.0, 1e-04)}
{'epoch': 81, 'train_loss': 0.0006, 'train_acc': 1.0, 'task_loss': (0.0, 0.0006)}
{'epoch': 82, 'train_loss': 0.0001, 'train_acc': 1.0, 'task_loss': (0.0, 1e-04)}
{'epoch': 83, 'train_loss': 0.0002, 'train_acc': 1.0, 'task_loss': (1e-04, 1e-04)}
{'epoch': 84, 'train_loss': 0.0002, 'train_acc': 1.0, 'task_loss': (0.0, 1e-04)}
{'epoch': 85, 'train_loss': 0.0003, 'train_acc': 1.0, 'task_loss': (1e-04, 0.0002)}
{'epoch': 86, 'train_loss': 0.0004, 'train_acc': 1.0, 'task_loss': (0.0002, 0.0002)}
{'epoch': 87, 'train_loss': 0.0003, 'train_acc': 1.0, 'task_loss': (1e-04, 0.0002)}
{'epoch': 88, 'train_loss': 0.0002, 'train_acc': 1.0, 'task_loss': (0.0, 0.0002)}
{'epoch': 89, 'train_loss': 0.0002, 'train_acc': 1.0, 'task_loss': (0.0, 1e-04)}
{'epoch': 90, 'train_loss': 0.0002, 'train_acc': 1.0, 'task_loss': (1e-04, 0.0002)}
{'epoch': 91, 'train_loss': 0.0003, 'train_acc': 1.0, 'task_loss': (1e-04, 0.0002)}
{'epoch': 92, 'train_loss': 0.0003, 'train_acc': 1.0, 'task_loss': (0.0, 0.0003)}
{'epoch': 93, 'train_loss': 0.0004, 'train_acc': 1.0, 'task_loss': (1e-04, 0.0003)}
{'epoch': 94, 'train_loss': 0.0002, 'train_acc': 1.0, 'task_loss': (0.0, 0.0002)}
{'epoch': 95, 'train_loss': 0.0003, 'train_acc': 1.0, 'task_loss': (1e-04, 0.0002)}
{'epoch': 96, 'train_loss': 0.0005, 'train_acc': 1.0, 'task_loss': (1e-04, 0.0004)}
{'epoch': 97, 'train_loss': 0.0002, 'train_acc': 1.0, 'task_loss': (1e-04, 1e-04)}
{'epoch': 98, 'train_loss': 0.0003, 'train_acc': 1.0, 'task_loss': (1e-04, 0.0002)}
{'epoch': 99, 'train_loss': 0.0003, 'train_acc': 1.0, 'task_loss': (1e-04, 0.0002)}
{'epoch': 100, 'train_loss': 0.0004, 'train_acc': 1.0, 'task_loss': (1e-04, 0.0003)}
{'run_num': 0, 'final_test_err': 0.10749185667752448}
Files already downloaded and verified
Files already downloaded and verified
{'epoch': 1, 'train_loss': 0.5846, 'train_acc': 0.7846, 'task_loss': (0.3413, 0.2434)}
{'epoch': 2, 'train_loss': 0.2999, 'train_acc': 0.8843, 'task_loss': (0.1456, 0.1543)}
{'epoch': 3, 'train_loss': 0.1657, 'train_acc': 0.9242, 'task_loss': (0.0622, 0.1036)}
{'epoch': 4, 'train_loss': 0.0933, 'train_acc': 0.9508, 'task_loss': (0.0367, 0.0566)}
{'epoch': 5, 'train_loss': 0.051, 'train_acc': 0.9787, 'task_loss': (0.0138, 0.0372)}
{'epoch': 6, 'train_loss': 0.0373, 'train_acc': 0.9801, 'task_loss': (0.0083, 0.0291)}
{'epoch': 7, 'train_loss': 0.0205, 'train_acc': 0.9934, 'task_loss': (0.0051, 0.0154)}
{'epoch': 8, 'train_loss': 0.0143, 'train_acc': 0.9947, 'task_loss': (0.0046, 0.0097)}
{'epoch': 9, 'train_loss': 0.0069, 'train_acc': 0.9987, 'task_loss': (0.0022, 0.0047)}
{'epoch': 10, 'train_loss': 0.0063, 'train_acc': 0.9987, 'task_loss': (0.0019, 0.0044)}
{'epoch': 11, 'train_loss': 0.0067, 'train_acc': 1.0, 'task_loss': (0.0028, 0.0038)}
{'epoch': 12, 'train_loss': 0.0035, 'train_acc': 1.0, 'task_loss': (0.0008, 0.0027)}
{'epoch': 13, 'train_loss': 0.0036, 'train_acc': 1.0, 'task_loss': (0.0012, 0.0023)}
{'epoch': 14, 'train_loss': 0.0058, 'train_acc': 0.9987, 'task_loss': (0.0022, 0.0037)}
{'epoch': 15, 'train_loss': 0.0027, 'train_acc': 0.9987, 'task_loss': (0.0006, 0.0021)}
{'epoch': 16, 'train_loss': 0.0028, 'train_acc': 1.0, 'task_loss': (0.0009, 0.0019)}
{'epoch': 17, 'train_loss': 0.0018, 'train_acc': 1.0, 'task_loss': (0.0003, 0.0015)}
{'epoch': 18, 'train_loss': 0.0042, 'train_acc': 0.9987, 'task_loss': (0.0009, 0.0033)}
{'epoch': 19, 'train_loss': 0.0137, 'train_acc': 0.9947, 'task_loss': (0.0068, 0.0069)}
{'epoch': 20, 'train_loss': 0.0051, 'train_acc': 0.9987, 'task_loss': (0.0015, 0.0036)}
{'epoch': 21, 'train_loss': 0.0053, 'train_acc': 0.9987, 'task_loss': (0.0006, 0.0047)}
{'epoch': 22, 'train_loss': 0.0042, 'train_acc': 0.9987, 'task_loss': (0.0009, 0.0033)}
{'epoch': 23, 'train_loss': 0.0012, 'train_acc': 1.0, 'task_loss': (0.0004, 0.0009)}
{'epoch': 24, 'train_loss': 0.0009, 'train_acc': 1.0, 'task_loss': (0.0003, 0.0006)}
{'epoch': 25, 'train_loss': 0.0007, 'train_acc': 1.0, 'task_loss': (0.0003, 0.0004)}
{'epoch': 26, 'train_loss': 0.0012, 'train_acc': 1.0, 'task_loss': (0.0003, 0.0009)}
{'epoch': 27, 'train_loss': 0.001, 'train_acc': 1.0, 'task_loss': (0.0002, 0.0007)}
{'epoch': 28, 'train_loss': 0.0006, 'train_acc': 1.0, 'task_loss': (0.0003, 0.0004)}
{'epoch': 29, 'train_loss': 0.0006, 'train_acc': 1.0, 'task_loss': (0.0002, 0.0004)}
{'epoch': 30, 'train_loss': 0.0005, 'train_acc': 1.0, 'task_loss': (0.0002, 0.0003)}
{'epoch': 31, 'train_loss': 0.0006, 'train_acc': 1.0, 'task_loss': (0.0002, 0.0004)}
{'epoch': 32, 'train_loss': 0.0011, 'train_acc': 1.0, 'task_loss': (0.0003, 0.0008)}
{'epoch': 33, 'train_loss': 0.0006, 'train_acc': 1.0, 'task_loss': (0.0003, 0.0004)}
{'epoch': 34, 'train_loss': 0.0004, 'train_acc': 1.0, 'task_loss': (1e-04, 0.0003)}
{'epoch': 35, 'train_loss': 0.0006, 'train_acc': 1.0, 'task_loss': (1e-04, 0.0005)}
{'epoch': 36, 'train_loss': 0.0004, 'train_acc': 1.0, 'task_loss': (1e-04, 0.0003)}
{'epoch': 37, 'train_loss': 0.0004, 'train_acc': 1.0, 'task_loss': (0.0002, 0.0002)}
{'epoch': 38, 'train_loss': 0.0004, 'train_acc': 1.0, 'task_loss': (0.0002, 0.0002)}
{'epoch': 39, 'train_loss': 0.0003, 'train_acc': 1.0, 'task_loss': (1e-04, 0.0003)}
{'epoch': 40, 'train_loss': 0.0004, 'train_acc': 1.0, 'task_loss': (1e-04, 0.0002)}
{'epoch': 41, 'train_loss': 0.0002, 'train_acc': 1.0, 'task_loss': (1e-04, 0.0002)}
{'epoch': 42, 'train_loss': 0.0005, 'train_acc': 1.0, 'task_loss': (1e-04, 0.0004)}
{'epoch': 43, 'train_loss': 0.0002, 'train_acc': 1.0, 'task_loss': (1e-04, 1e-04)}
{'epoch': 44, 'train_loss': 0.0003, 'train_acc': 1.0, 'task_loss': (1e-04, 0.0002)}
{'epoch': 45, 'train_loss': 0.0004, 'train_acc': 1.0, 'task_loss': (0.0002, 0.0002)}
{'epoch': 46, 'train_loss': 0.0002, 'train_acc': 1.0, 'task_loss': (1e-04, 1e-04)}
{'epoch': 47, 'train_loss': 0.0003, 'train_acc': 1.0, 'task_loss': (1e-04, 0.0003)}
{'epoch': 48, 'train_loss': 0.0005, 'train_acc': 1.0, 'task_loss': (1e-04, 0.0004)}
{'epoch': 49, 'train_loss': 0.0006, 'train_acc': 1.0, 'task_loss': (1e-04, 0.0005)}
{'epoch': 50, 'train_loss': 0.0002, 'train_acc': 1.0, 'task_loss': (1e-04, 1e-04)}
{'epoch': 51, 'train_loss': 0.001, 'train_acc': 1.0, 'task_loss': (0.0002, 0.0008)}
{'epoch': 52, 'train_loss': 0.0004, 'train_acc': 1.0, 'task_loss': (1e-04, 0.0003)}
{'epoch': 53, 'train_loss': 0.0002, 'train_acc': 1.0, 'task_loss': (1e-04, 1e-04)}
{'epoch': 54, 'train_loss': 0.0003, 'train_acc': 1.0, 'task_loss': (1e-04, 0.0002)}
{'epoch': 55, 'train_loss': 0.0002, 'train_acc': 1.0, 'task_loss': (1e-04, 0.0002)}
{'epoch': 56, 'train_loss': 0.0003, 'train_acc': 1.0, 'task_loss': (1e-04, 0.0002)}
{'epoch': 57, 'train_loss': 0.0002, 'train_acc': 1.0, 'task_loss': (1e-04, 0.0002)}
{'epoch': 58, 'train_loss': 0.0003, 'train_acc': 1.0, 'task_loss': (1e-04, 0.0002)}
{'epoch': 59, 'train_loss': 0.0003, 'train_acc': 1.0, 'task_loss': (1e-04, 0.0002)}
{'epoch': 60, 'train_loss': 0.0007, 'train_acc': 1.0, 'task_loss': (1e-04, 0.0005)}
{'epoch': 61, 'train_loss': 0.0002, 'train_acc': 1.0, 'task_loss': (1e-04, 1e-04)}
{'epoch': 62, 'train_loss': 0.0003, 'train_acc': 1.0, 'task_loss': (1e-04, 0.0002)}
{'epoch': 63, 'train_loss': 0.0002, 'train_acc': 1.0, 'task_loss': (0.0, 0.0002)}
{'epoch': 64, 'train_loss': 0.0003, 'train_acc': 1.0, 'task_loss': (1e-04, 0.0003)}
{'epoch': 65, 'train_loss': 0.0002, 'train_acc': 1.0, 'task_loss': (1e-04, 1e-04)}
{'epoch': 66, 'train_loss': 0.0004, 'train_acc': 1.0, 'task_loss': (0.0002, 0.0002)}
{'epoch': 67, 'train_loss': 0.0004, 'train_acc': 1.0, 'task_loss': (1e-04, 0.0003)}
{'epoch': 68, 'train_loss': 0.0002, 'train_acc': 1.0, 'task_loss': (0.0, 1e-04)}
{'epoch': 69, 'train_loss': 0.0002, 'train_acc': 1.0, 'task_loss': (1e-04, 1e-04)}
{'epoch': 70, 'train_loss': 0.0002, 'train_acc': 1.0, 'task_loss': (1e-04, 1e-04)}
{'epoch': 71, 'train_loss': 0.0002, 'train_acc': 1.0, 'task_loss': (1e-04, 1e-04)}
{'epoch': 72, 'train_loss': 0.0002, 'train_acc': 1.0, 'task_loss': (1e-04, 1e-04)}
{'epoch': 73, 'train_loss': 0.0002, 'train_acc': 1.0, 'task_loss': (0.0, 0.0002)}
{'epoch': 74, 'train_loss': 0.0007, 'train_acc': 1.0, 'task_loss': (0.0002, 0.0005)}
{'epoch': 75, 'train_loss': 0.0002, 'train_acc': 1.0, 'task_loss': (0.0, 1e-04)}
{'epoch': 76, 'train_loss': 0.0002, 'train_acc': 1.0, 'task_loss': (1e-04, 1e-04)}
{'epoch': 77, 'train_loss': 0.0002, 'train_acc': 1.0, 'task_loss': (1e-04, 0.0002)}
{'epoch': 78, 'train_loss': 0.0001, 'train_acc': 1.0, 'task_loss': (0.0, 1e-04)}
{'epoch': 79, 'train_loss': 0.0002, 'train_acc': 1.0, 'task_loss': (1e-04, 1e-04)}
{'epoch': 80, 'train_loss': 0.0003, 'train_acc': 1.0, 'task_loss': (1e-04, 0.0002)}
{'epoch': 81, 'train_loss': 0.0003, 'train_acc': 1.0, 'task_loss': (1e-04, 0.0002)}
{'epoch': 82, 'train_loss': 0.0002, 'train_acc': 1.0, 'task_loss': (1e-04, 1e-04)}
{'epoch': 83, 'train_loss': 0.0001, 'train_acc': 1.0, 'task_loss': (1e-04, 1e-04)}
{'epoch': 84, 'train_loss': 0.0002, 'train_acc': 1.0, 'task_loss': (1e-04, 0.0002)}
{'epoch': 85, 'train_loss': 0.0002, 'train_acc': 1.0, 'task_loss': (1e-04, 0.0002)}
{'epoch': 86, 'train_loss': 0.0002, 'train_acc': 1.0, 'task_loss': (1e-04, 1e-04)}
{'epoch': 87, 'train_loss': 0.0002, 'train_acc': 1.0, 'task_loss': (1e-04, 1e-04)}
{'epoch': 88, 'train_loss': 0.0005, 'train_acc': 1.0, 'task_loss': (0.0002, 0.0003)}
{'epoch': 89, 'train_loss': 0.0001, 'train_acc': 1.0, 'task_loss': (0.0, 1e-04)}
{'epoch': 90, 'train_loss': 0.0002, 'train_acc': 1.0, 'task_loss': (1e-04, 1e-04)}
{'epoch': 91, 'train_loss': 0.0002, 'train_acc': 1.0, 'task_loss': (1e-04, 1e-04)}
{'epoch': 92, 'train_loss': 0.0001, 'train_acc': 1.0, 'task_loss': (0.0, 1e-04)}
{'epoch': 93, 'train_loss': 0.0002, 'train_acc': 1.0, 'task_loss': (0.0, 1e-04)}
{'epoch': 94, 'train_loss': 0.0002, 'train_acc': 1.0, 'task_loss': (0.0, 0.0002)}
{'epoch': 95, 'train_loss': 0.0001, 'train_acc': 1.0, 'task_loss': (0.0, 1e-04)}
{'epoch': 96, 'train_loss': 0.0002, 'train_acc': 1.0, 'task_loss': (1e-04, 0.0002)}
{'epoch': 97, 'train_loss': 0.0007, 'train_acc': 1.0, 'task_loss': (1e-04, 0.0006)}
{'epoch': 98, 'train_loss': 0.0003, 'train_acc': 1.0, 'task_loss': (0.0, 0.0002)}
{'epoch': 99, 'train_loss': 0.0001, 'train_acc': 1.0, 'task_loss': (0.0, 1e-04)}
{'epoch': 100, 'train_loss': 0.0003, 'train_acc': 1.0, 'task_loss': (1e-04, 0.0002)}
{'run_num': 1, 'final_test_err': 0.08469055374592838}
Files already downloaded and verified
Files already downloaded and verified
{'epoch': 1, 'train_loss': 0.3545, 'train_acc': 0.8457, 'task_loss': (0.1736, 0.1809)}
{'epoch': 2, 'train_loss': 0.3022, 'train_acc': 0.8816, 'task_loss': (0.1415, 0.1606)}
{'epoch': 3, 'train_loss': 0.1402, 'train_acc': 0.9402, 'task_loss': (0.0611, 0.0791)}
{'epoch': 4, 'train_loss': 0.0951, 'train_acc': 0.9574, 'task_loss': (0.039, 0.0561)}
{'epoch': 5, 'train_loss': 0.0633, 'train_acc': 0.9747, 'task_loss': (0.0211, 0.0422)}
{'epoch': 6, 'train_loss': 0.037, 'train_acc': 0.9934, 'task_loss': (0.0203, 0.0166)}
{'epoch': 7, 'train_loss': 0.0448, 'train_acc': 0.984, 'task_loss': (0.0215, 0.0233)}
{'epoch': 8, 'train_loss': 0.0459, 'train_acc': 0.9894, 'task_loss': (0.0178, 0.0281)}
{'epoch': 9, 'train_loss': 0.0085, 'train_acc': 0.9987, 'task_loss': (0.003, 0.0055)}
{'epoch': 10, 'train_loss': 0.0148, 'train_acc': 0.9934, 'task_loss': (0.0046, 0.0101)}
{'epoch': 11, 'train_loss': 0.005, 'train_acc': 1.0, 'task_loss': (0.0016, 0.0034)}
{'epoch': 12, 'train_loss': 0.003, 'train_acc': 1.0, 'task_loss': (0.0007, 0.0023)}
{'epoch': 13, 'train_loss': 0.0022, 'train_acc': 1.0, 'task_loss': (0.0006, 0.0016)}
{'epoch': 14, 'train_loss': 0.0029, 'train_acc': 0.9987, 'task_loss': (0.0007, 0.0022)}
{'epoch': 15, 'train_loss': 0.0023, 'train_acc': 1.0, 'task_loss': (0.0005, 0.0018)}
{'epoch': 16, 'train_loss': 0.0019, 'train_acc': 1.0, 'task_loss': (0.0005, 0.0015)}
{'epoch': 17, 'train_loss': 0.0034, 'train_acc': 1.0, 'task_loss': (0.001, 0.0024)}
{'epoch': 18, 'train_loss': 0.0039, 'train_acc': 0.9987, 'task_loss': (0.0012, 0.0027)}
{'epoch': 19, 'train_loss': 0.0014, 'train_acc': 1.0, 'task_loss': (0.0004, 0.001)}
{'epoch': 20, 'train_loss': 0.0011, 'train_acc': 1.0, 'task_loss': (0.0005, 0.0006)}
{'epoch': 21, 'train_loss': 0.0013, 'train_acc': 1.0, 'task_loss': (0.0002, 0.0011)}
{'epoch': 22, 'train_loss': 0.0008, 'train_acc': 1.0, 'task_loss': (0.0002, 0.0006)}
{'epoch': 23, 'train_loss': 0.0007, 'train_acc': 1.0, 'task_loss': (0.0002, 0.0004)}
{'epoch': 24, 'train_loss': 0.0006, 'train_acc': 1.0, 'task_loss': (1e-04, 0.0004)}
{'epoch': 25, 'train_loss': 0.0008, 'train_acc': 1.0, 'task_loss': (0.0002, 0.0006)}
{'epoch': 26, 'train_loss': 0.0007, 'train_acc': 1.0, 'task_loss': (0.0002, 0.0005)}
{'epoch': 27, 'train_loss': 0.0004, 'train_acc': 1.0, 'task_loss': (1e-04, 0.0003)}
{'epoch': 28, 'train_loss': 0.0005, 'train_acc': 1.0, 'task_loss': (0.0002, 0.0003)}
{'epoch': 29, 'train_loss': 0.0004, 'train_acc': 1.0, 'task_loss': (1e-04, 0.0003)}
{'epoch': 30, 'train_loss': 0.0004, 'train_acc': 1.0, 'task_loss': (1e-04, 0.0003)}
{'epoch': 31, 'train_loss': 0.0003, 'train_acc': 1.0, 'task_loss': (1e-04, 0.0002)}
{'epoch': 32, 'train_loss': 0.0006, 'train_acc': 1.0, 'task_loss': (0.0002, 0.0005)}
{'epoch': 33, 'train_loss': 0.0005, 'train_acc': 1.0, 'task_loss': (1e-04, 0.0003)}
{'epoch': 34, 'train_loss': 0.0004, 'train_acc': 1.0, 'task_loss': (0.0002, 0.0003)}
{'epoch': 35, 'train_loss': 0.0004, 'train_acc': 1.0, 'task_loss': (1e-04, 0.0003)}
{'epoch': 36, 'train_loss': 0.0003, 'train_acc': 1.0, 'task_loss': (1e-04, 0.0002)}
{'epoch': 37, 'train_loss': 0.0004, 'train_acc': 1.0, 'task_loss': (1e-04, 0.0004)}
{'epoch': 38, 'train_loss': 0.0003, 'train_acc': 1.0, 'task_loss': (1e-04, 0.0003)}
{'epoch': 39, 'train_loss': 0.0004, 'train_acc': 1.0, 'task_loss': (1e-04, 0.0002)}
{'epoch': 40, 'train_loss': 0.0003, 'train_acc': 1.0, 'task_loss': (1e-04, 0.0002)}
{'epoch': 41, 'train_loss': 0.0005, 'train_acc': 1.0, 'task_loss': (0.0003, 0.0002)}
{'epoch': 42, 'train_loss': 0.0002, 'train_acc': 1.0, 'task_loss': (1e-04, 0.0002)}
{'epoch': 43, 'train_loss': 0.0003, 'train_acc': 1.0, 'task_loss': (1e-04, 0.0002)}
{'epoch': 44, 'train_loss': 0.0004, 'train_acc': 1.0, 'task_loss': (1e-04, 0.0003)}
{'epoch': 45, 'train_loss': 0.0003, 'train_acc': 1.0, 'task_loss': (1e-04, 0.0003)}
{'epoch': 46, 'train_loss': 0.0003, 'train_acc': 1.0, 'task_loss': (1e-04, 0.0002)}
{'epoch': 47, 'train_loss': 0.0003, 'train_acc': 1.0, 'task_loss': (1e-04, 0.0002)}
{'epoch': 48, 'train_loss': 0.0002, 'train_acc': 1.0, 'task_loss': (0.0, 1e-04)}
{'epoch': 49, 'train_loss': 0.0002, 'train_acc': 1.0, 'task_loss': (1e-04, 0.0002)}
{'epoch': 50, 'train_loss': 0.0002, 'train_acc': 1.0, 'task_loss': (1e-04, 0.0002)}
{'epoch': 51, 'train_loss': 0.0004, 'train_acc': 1.0, 'task_loss': (1e-04, 0.0002)}
{'epoch': 52, 'train_loss': 0.0004, 'train_acc': 1.0, 'task_loss': (0.0002, 0.0003)}
{'epoch': 53, 'train_loss': 0.0004, 'train_acc': 1.0, 'task_loss': (1e-04, 0.0003)}
{'epoch': 54, 'train_loss': 0.0003, 'train_acc': 1.0, 'task_loss': (1e-04, 0.0002)}
{'epoch': 55, 'train_loss': 0.0002, 'train_acc': 1.0, 'task_loss': (0.0, 0.0002)}
{'epoch': 56, 'train_loss': 0.0002, 'train_acc': 1.0, 'task_loss': (0.0, 0.0002)}
{'epoch': 57, 'train_loss': 0.0002, 'train_acc': 1.0, 'task_loss': (1e-04, 1e-04)}
{'epoch': 58, 'train_loss': 0.0002, 'train_acc': 1.0, 'task_loss': (0.0, 1e-04)}
{'epoch': 59, 'train_loss': 0.0003, 'train_acc': 1.0, 'task_loss': (1e-04, 0.0003)}
{'epoch': 60, 'train_loss': 0.0002, 'train_acc': 1.0, 'task_loss': (1e-04, 1e-04)}
{'epoch': 61, 'train_loss': 0.0001, 'train_acc': 1.0, 'task_loss': (0.0, 1e-04)}
{'epoch': 62, 'train_loss': 0.0002, 'train_acc': 1.0, 'task_loss': (0.0, 0.0002)}
{'epoch': 63, 'train_loss': 0.0001, 'train_acc': 1.0, 'task_loss': (0.0, 1e-04)}
{'epoch': 64, 'train_loss': 0.0003, 'train_acc': 1.0, 'task_loss': (1e-04, 0.0003)}
{'epoch': 65, 'train_loss': 0.0003, 'train_acc': 1.0, 'task_loss': (1e-04, 0.0002)}
{'epoch': 66, 'train_loss': 0.0002, 'train_acc': 1.0, 'task_loss': (0.0, 1e-04)}
{'epoch': 67, 'train_loss': 0.0003, 'train_acc': 1.0, 'task_loss': (1e-04, 0.0002)}
{'epoch': 68, 'train_loss': 0.0003, 'train_acc': 1.0, 'task_loss': (1e-04, 0.0002)}
{'epoch': 69, 'train_loss': 0.0003, 'train_acc': 1.0, 'task_loss': (1e-04, 0.0002)}
{'epoch': 70, 'train_loss': 0.0002, 'train_acc': 1.0, 'task_loss': (0.0, 0.0002)}
{'epoch': 71, 'train_loss': 0.0002, 'train_acc': 1.0, 'task_loss': (0.0, 0.0002)}
{'epoch': 72, 'train_loss': 0.0004, 'train_acc': 1.0, 'task_loss': (1e-04, 0.0003)}
{'epoch': 73, 'train_loss': 0.0001, 'train_acc': 1.0, 'task_loss': (0.0, 1e-04)}
{'epoch': 74, 'train_loss': 0.0003, 'train_acc': 1.0, 'task_loss': (1e-04, 0.0002)}
{'epoch': 75, 'train_loss': 0.0002, 'train_acc': 1.0, 'task_loss': (0.0, 1e-04)}
{'epoch': 76, 'train_loss': 0.0001, 'train_acc': 1.0, 'task_loss': (0.0, 1e-04)}
{'epoch': 77, 'train_loss': 0.0003, 'train_acc': 1.0, 'task_loss': (1e-04, 0.0002)}
{'epoch': 78, 'train_loss': 0.0002, 'train_acc': 1.0, 'task_loss': (0.0, 1e-04)}
{'epoch': 79, 'train_loss': 0.0003, 'train_acc': 1.0, 'task_loss': (0.0, 0.0002)}
{'epoch': 80, 'train_loss': 0.0002, 'train_acc': 1.0, 'task_loss': (1e-04, 1e-04)}
{'epoch': 81, 'train_loss': 0.0003, 'train_acc': 1.0, 'task_loss': (1e-04, 0.0002)}
{'epoch': 82, 'train_loss': 0.0001, 'train_acc': 1.0, 'task_loss': (0.0, 1e-04)}
{'epoch': 83, 'train_loss': 0.0002, 'train_acc': 1.0, 'task_loss': (0.0, 1e-04)}
{'epoch': 84, 'train_loss': 0.0002, 'train_acc': 1.0, 'task_loss': (1e-04, 1e-04)}
{'epoch': 85, 'train_loss': 0.0002, 'train_acc': 1.0, 'task_loss': (0.0, 1e-04)}
{'epoch': 86, 'train_loss': 0.0002, 'train_acc': 1.0, 'task_loss': (0.0, 0.0002)}
{'epoch': 87, 'train_loss': 0.0003, 'train_acc': 1.0, 'task_loss': (1e-04, 0.0002)}
{'epoch': 88, 'train_loss': 0.0001, 'train_acc': 1.0, 'task_loss': (0.0, 1e-04)}
{'epoch': 89, 'train_loss': 0.0003, 'train_acc': 1.0, 'task_loss': (1e-04, 0.0002)}
{'epoch': 90, 'train_loss': 0.0001, 'train_acc': 1.0, 'task_loss': (0.0, 1e-04)}
{'epoch': 91, 'train_loss': 0.0002, 'train_acc': 1.0, 'task_loss': (0.0, 1e-04)}
{'epoch': 92, 'train_loss': 0.0003, 'train_acc': 1.0, 'task_loss': (1e-04, 0.0002)}
{'epoch': 93, 'train_loss': 0.0002, 'train_acc': 1.0, 'task_loss': (1e-04, 1e-04)}
{'epoch': 94, 'train_loss': 0.0003, 'train_acc': 1.0, 'task_loss': (1e-04, 0.0002)}
{'epoch': 95, 'train_loss': 0.0002, 'train_acc': 1.0, 'task_loss': (0.0, 1e-04)}
{'epoch': 96, 'train_loss': 0.0003, 'train_acc': 1.0, 'task_loss': (1e-04, 0.0002)}
{'epoch': 97, 'train_loss': 0.0002, 'train_acc': 1.0, 'task_loss': (1e-04, 1e-04)}
{'epoch': 98, 'train_loss': 0.0001, 'train_acc': 1.0, 'task_loss': (0.0, 1e-04)}
{'epoch': 99, 'train_loss': 0.0003, 'train_acc': 1.0, 'task_loss': (1e-04, 0.0002)}
{'epoch': 100, 'train_loss': 0.0002, 'train_acc': 1.0, 'task_loss': (1e-04, 1e-04)}
{'run_num': 2, 'final_test_err': 0.09446254071661242}
Files already downloaded and verified
Files already downloaded and verified
{'epoch': 1, 'train_loss': 0.6401, 'train_acc': 0.7633, 'task_loss': (0.3822, 0.2579)}
{'epoch': 2, 'train_loss': 0.2806, 'train_acc': 0.8777, 'task_loss': (0.1408, 0.1399)}
{'epoch': 3, 'train_loss': 0.1634, 'train_acc': 0.9229, 'task_loss': (0.0737, 0.0897)}
{'epoch': 4, 'train_loss': 0.1477, 'train_acc': 0.9415, 'task_loss': (0.0655, 0.0822)}
{'epoch': 5, 'train_loss': 0.1165, 'train_acc': 0.9535, 'task_loss': (0.0624, 0.054)}
{'epoch': 6, 'train_loss': 0.0366, 'train_acc': 0.9854, 'task_loss': (0.013, 0.0236)}
{'epoch': 7, 'train_loss': 0.0369, 'train_acc': 0.9854, 'task_loss': (0.015, 0.022)}
{'epoch': 8, 'train_loss': 0.0197, 'train_acc': 0.9947, 'task_loss': (0.0052, 0.0145)}
{'epoch': 9, 'train_loss': 0.0106, 'train_acc': 0.9973, 'task_loss': (0.0032, 0.0074)}
{'epoch': 10, 'train_loss': 0.0207, 'train_acc': 0.992, 'task_loss': (0.0077, 0.013)}
{'epoch': 11, 'train_loss': 0.008, 'train_acc': 0.9987, 'task_loss': (0.0035, 0.0045)}
{'epoch': 12, 'train_loss': 0.0054, 'train_acc': 0.9987, 'task_loss': (0.0015, 0.004)}
{'epoch': 13, 'train_loss': 0.0048, 'train_acc': 0.9987, 'task_loss': (0.0014, 0.0033)}
{'epoch': 14, 'train_loss': 0.0026, 'train_acc': 1.0, 'task_loss': (0.0009, 0.0017)}
{'epoch': 15, 'train_loss': 0.003, 'train_acc': 1.0, 'task_loss': (0.0008, 0.0022)}
{'epoch': 16, 'train_loss': 0.0037, 'train_acc': 0.9987, 'task_loss': (0.0015, 0.0022)}
{'epoch': 17, 'train_loss': 0.0014, 'train_acc': 1.0, 'task_loss': (0.0006, 0.0008)}
{'epoch': 18, 'train_loss': 0.0015, 'train_acc': 1.0, 'task_loss': (0.0005, 0.001)}
{'epoch': 19, 'train_loss': 0.001, 'train_acc': 1.0, 'task_loss': (0.0003, 0.0007)}
{'epoch': 20, 'train_loss': 0.0017, 'train_acc': 1.0, 'task_loss': (0.0007, 0.001)}
{'epoch': 21, 'train_loss': 0.0014, 'train_acc': 1.0, 'task_loss': (0.0003, 0.0012)}
{'epoch': 22, 'train_loss': 0.0009, 'train_acc': 1.0, 'task_loss': (0.0004, 0.0005)}
{'epoch': 23, 'train_loss': 0.001, 'train_acc': 1.0, 'task_loss': (0.0004, 0.0006)}
{'epoch': 24, 'train_loss': 0.0006, 'train_acc': 1.0, 'task_loss': (0.0002, 0.0004)}
{'epoch': 25, 'train_loss': 0.0009, 'train_acc': 1.0, 'task_loss': (0.0002, 0.0007)}
{'epoch': 26, 'train_loss': 0.001, 'train_acc': 1.0, 'task_loss': (0.0003, 0.0007)}
{'epoch': 27, 'train_loss': 0.001, 'train_acc': 1.0, 'task_loss': (0.0005, 0.0005)}
{'epoch': 28, 'train_loss': 0.0006, 'train_acc': 1.0, 'task_loss': (0.0003, 0.0003)}
{'epoch': 29, 'train_loss': 0.0019, 'train_acc': 1.0, 'task_loss': (0.0002, 0.0017)}
{'epoch': 30, 'train_loss': 0.0008, 'train_acc': 1.0, 'task_loss': (0.0002, 0.0006)}
{'epoch': 31, 'train_loss': 0.0007, 'train_acc': 1.0, 'task_loss': (0.0003, 0.0004)}
{'epoch': 32, 'train_loss': 0.0005, 'train_acc': 1.0, 'task_loss': (0.0002, 0.0003)}
{'epoch': 33, 'train_loss': 0.0003, 'train_acc': 1.0, 'task_loss': (1e-04, 0.0002)}
{'epoch': 34, 'train_loss': 0.0006, 'train_acc': 1.0, 'task_loss': (1e-04, 0.0005)}
{'epoch': 35, 'train_loss': 0.0003, 'train_acc': 1.0, 'task_loss': (1e-04, 0.0002)}
{'epoch': 36, 'train_loss': 0.0006, 'train_acc': 1.0, 'task_loss': (0.0002, 0.0004)}
{'epoch': 37, 'train_loss': 0.0009, 'train_acc': 1.0, 'task_loss': (0.0003, 0.0006)}
{'epoch': 38, 'train_loss': 0.001, 'train_acc': 1.0, 'task_loss': (0.0003, 0.0006)}
{'epoch': 39, 'train_loss': 0.0006, 'train_acc': 1.0, 'task_loss': (1e-04, 0.0005)}
{'epoch': 40, 'train_loss': 0.0004, 'train_acc': 1.0, 'task_loss': (1e-04, 0.0003)}
{'epoch': 41, 'train_loss': 0.0004, 'train_acc': 1.0, 'task_loss': (0.0002, 0.0002)}
{'epoch': 42, 'train_loss': 0.0003, 'train_acc': 1.0, 'task_loss': (1e-04, 0.0002)}
{'epoch': 43, 'train_loss': 0.0003, 'train_acc': 1.0, 'task_loss': (1e-04, 0.0002)}
{'epoch': 44, 'train_loss': 0.0004, 'train_acc': 1.0, 'task_loss': (1e-04, 0.0002)}
{'epoch': 45, 'train_loss': 0.0004, 'train_acc': 1.0, 'task_loss': (1e-04, 0.0003)}
{'epoch': 46, 'train_loss': 0.0005, 'train_acc': 1.0, 'task_loss': (0.0002, 0.0004)}
{'epoch': 47, 'train_loss': 0.0003, 'train_acc': 1.0, 'task_loss': (1e-04, 0.0002)}
{'epoch': 48, 'train_loss': 0.0003, 'train_acc': 1.0, 'task_loss': (1e-04, 1e-04)}
{'epoch': 49, 'train_loss': 0.0008, 'train_acc': 1.0, 'task_loss': (0.0003, 0.0005)}
{'epoch': 50, 'train_loss': 0.0004, 'train_acc': 1.0, 'task_loss': (1e-04, 0.0003)}
{'epoch': 51, 'train_loss': 0.0003, 'train_acc': 1.0, 'task_loss': (1e-04, 0.0002)}
{'epoch': 52, 'train_loss': 0.0002, 'train_acc': 1.0, 'task_loss': (1e-04, 0.0002)}
{'epoch': 53, 'train_loss': 0.0002, 'train_acc': 1.0, 'task_loss': (1e-04, 0.0002)}
{'epoch': 54, 'train_loss': 0.0002, 'train_acc': 1.0, 'task_loss': (1e-04, 0.0002)}
{'epoch': 55, 'train_loss': 0.0003, 'train_acc': 1.0, 'task_loss': (1e-04, 0.0002)}
{'epoch': 56, 'train_loss': 0.0003, 'train_acc': 1.0, 'task_loss': (1e-04, 0.0002)}
{'epoch': 57, 'train_loss': 0.0002, 'train_acc': 1.0, 'task_loss': (1e-04, 1e-04)}
{'epoch': 58, 'train_loss': 0.0002, 'train_acc': 1.0, 'task_loss': (1e-04, 0.0002)}
{'epoch': 59, 'train_loss': 0.0002, 'train_acc': 1.0, 'task_loss': (1e-04, 0.0002)}
{'epoch': 60, 'train_loss': 0.0003, 'train_acc': 1.0, 'task_loss': (1e-04, 0.0002)}
{'epoch': 61, 'train_loss': 0.0003, 'train_acc': 1.0, 'task_loss': (1e-04, 0.0003)}
{'epoch': 62, 'train_loss': 0.0003, 'train_acc': 1.0, 'task_loss': (1e-04, 0.0002)}
{'epoch': 63, 'train_loss': 0.0004, 'train_acc': 1.0, 'task_loss': (1e-04, 0.0003)}
{'epoch': 64, 'train_loss': 0.0004, 'train_acc': 1.0, 'task_loss': (0.0003, 1e-04)}
{'epoch': 65, 'train_loss': 0.0002, 'train_acc': 1.0, 'task_loss': (1e-04, 1e-04)}
{'epoch': 66, 'train_loss': 0.0006, 'train_acc': 1.0, 'task_loss': (1e-04, 0.0005)}
{'epoch': 67, 'train_loss': 0.0004, 'train_acc': 1.0, 'task_loss': (0.0002, 0.0003)}
{'epoch': 68, 'train_loss': 0.0002, 'train_acc': 1.0, 'task_loss': (1e-04, 1e-04)}
{'epoch': 69, 'train_loss': 0.0003, 'train_acc': 1.0, 'task_loss': (1e-04, 0.0002)}
{'epoch': 70, 'train_loss': 0.0003, 'train_acc': 1.0, 'task_loss': (0.0002, 1e-04)}
{'epoch': 71, 'train_loss': 0.0002, 'train_acc': 1.0, 'task_loss': (1e-04, 0.0002)}
{'epoch': 72, 'train_loss': 0.0002, 'train_acc': 1.0, 'task_loss': (0.0, 1e-04)}
{'epoch': 73, 'train_loss': 0.0003, 'train_acc': 1.0, 'task_loss': (1e-04, 0.0002)}
{'epoch': 74, 'train_loss': 0.0005, 'train_acc': 1.0, 'task_loss': (0.0003, 0.0003)}
{'epoch': 75, 'train_loss': 0.0015, 'train_acc': 1.0, 'task_loss': (0.0004, 0.0011)}
{'epoch': 76, 'train_loss': 0.0004, 'train_acc': 1.0, 'task_loss': (1e-04, 0.0003)}
{'epoch': 77, 'train_loss': 0.0002, 'train_acc': 1.0, 'task_loss': (1e-04, 1e-04)}
{'epoch': 78, 'train_loss': 0.0002, 'train_acc': 1.0, 'task_loss': (1e-04, 0.0002)}
{'epoch': 79, 'train_loss': 0.0002, 'train_acc': 1.0, 'task_loss': (1e-04, 1e-04)}
{'epoch': 80, 'train_loss': 0.0004, 'train_acc': 1.0, 'task_loss': (0.0002, 0.0002)}
{'epoch': 81, 'train_loss': 0.0006, 'train_acc': 1.0, 'task_loss': (0.0002, 0.0003)}
{'epoch': 82, 'train_loss': 0.0002, 'train_acc': 1.0, 'task_loss': (1e-04, 0.0002)}
{'epoch': 83, 'train_loss': 0.0004, 'train_acc': 1.0, 'task_loss': (0.0, 0.0003)}
{'epoch': 84, 'train_loss': 0.0003, 'train_acc': 1.0, 'task_loss': (1e-04, 1e-04)}
{'epoch': 85, 'train_loss': 0.0003, 'train_acc': 1.0, 'task_loss': (1e-04, 0.0002)}
{'epoch': 86, 'train_loss': 0.0002, 'train_acc': 1.0, 'task_loss': (1e-04, 1e-04)}
{'epoch': 87, 'train_loss': 0.0003, 'train_acc': 1.0, 'task_loss': (1e-04, 0.0003)}
{'epoch': 88, 'train_loss': 0.0002, 'train_acc': 1.0, 'task_loss': (1e-04, 1e-04)}
{'epoch': 89, 'train_loss': 0.0003, 'train_acc': 1.0, 'task_loss': (1e-04, 0.0002)}
{'epoch': 90, 'train_loss': 0.0004, 'train_acc': 1.0, 'task_loss': (0.0002, 0.0002)}
{'epoch': 91, 'train_loss': 0.0005, 'train_acc': 1.0, 'task_loss': (0.0002, 0.0003)}
{'epoch': 92, 'train_loss': 0.0002, 'train_acc': 1.0, 'task_loss': (1e-04, 1e-04)}
{'epoch': 93, 'train_loss': 0.0002, 'train_acc': 1.0, 'task_loss': (0.0, 1e-04)}
{'epoch': 94, 'train_loss': 0.0002, 'train_acc': 1.0, 'task_loss': (0.0, 1e-04)}
{'epoch': 95, 'train_loss': 0.0002, 'train_acc': 1.0, 'task_loss': (1e-04, 1e-04)}
{'epoch': 96, 'train_loss': 0.0002, 'train_acc': 1.0, 'task_loss': (1e-04, 1e-04)}
{'epoch': 97, 'train_loss': 0.0002, 'train_acc': 1.0, 'task_loss': (1e-04, 1e-04)}
{'epoch': 98, 'train_loss': 0.0002, 'train_acc': 1.0, 'task_loss': (1e-04, 1e-04)}
{'epoch': 99, 'train_loss': 0.0002, 'train_acc': 1.0, 'task_loss': (0.0, 1e-04)}
{'epoch': 100, 'train_loss': 0.0003, 'train_acc': 1.0, 'task_loss': (1e-04, 0.0002)}
{'run_num': 3, 'final_test_err': 0.1140065146579805}
Files already downloaded and verified
Files already downloaded and verified
{'epoch': 1, 'train_loss': 0.4, 'train_acc': 0.8112, 'task_loss': (0.2006, 0.1994)}
{'epoch': 2, 'train_loss': 0.2494, 'train_acc': 0.9096, 'task_loss': (0.1162, 0.1332)}
{'epoch': 3, 'train_loss': 0.1632, 'train_acc': 0.9415, 'task_loss': (0.0692, 0.094)}
{'epoch': 4, 'train_loss': 0.1453, 'train_acc': 0.9335, 'task_loss': (0.0504, 0.0949)}
{'epoch': 5, 'train_loss': 0.1151, 'train_acc': 0.9641, 'task_loss': (0.0536, 0.0615)}
{'epoch': 6, 'train_loss': 0.075, 'train_acc': 0.9681, 'task_loss': (0.0223, 0.0528)}
{'epoch': 7, 'train_loss': 0.0329, 'train_acc': 0.9907, 'task_loss': (0.0093, 0.0236)}
{'epoch': 8, 'train_loss': 0.0128, 'train_acc': 0.9973, 'task_loss': (0.0032, 0.0097)}
{'epoch': 9, 'train_loss': 0.0125, 'train_acc': 0.9947, 'task_loss': (0.0051, 0.0074)}
{'epoch': 10, 'train_loss': 0.0064, 'train_acc': 0.9987, 'task_loss': (0.0017, 0.0047)}
{'epoch': 11, 'train_loss': 0.0062, 'train_acc': 0.9973, 'task_loss': (0.0023, 0.0039)}
{'epoch': 12, 'train_loss': 0.0041, 'train_acc': 0.9987, 'task_loss': (0.0009, 0.0032)}
{'epoch': 13, 'train_loss': 0.0026, 'train_acc': 1.0, 'task_loss': (0.0006, 0.002)}
{'epoch': 14, 'train_loss': 0.003, 'train_acc': 1.0, 'task_loss': (0.0008, 0.0022)}
{'epoch': 15, 'train_loss': 0.0018, 'train_acc': 1.0, 'task_loss': (0.0007, 0.0011)}
{'epoch': 16, 'train_loss': 0.0013, 'train_acc': 1.0, 'task_loss': (0.0005, 0.0008)}
{'epoch': 17, 'train_loss': 0.0036, 'train_acc': 0.9987, 'task_loss': (0.0008, 0.0028)}
{'epoch': 18, 'train_loss': 0.0037, 'train_acc': 0.9987, 'task_loss': (0.0011, 0.0026)}
{'epoch': 19, 'train_loss': 0.0016, 'train_acc': 1.0, 'task_loss': (0.0004, 0.0012)}
{'epoch': 20, 'train_loss': 0.0011, 'train_acc': 1.0, 'task_loss': (0.0003, 0.0008)}
{'epoch': 21, 'train_loss': 0.0014, 'train_acc': 1.0, 'task_loss': (0.0006, 0.0007)}
{'epoch': 22, 'train_loss': 0.0009, 'train_acc': 1.0, 'task_loss': (0.0003, 0.0006)}
{'epoch': 23, 'train_loss': 0.0012, 'train_acc': 1.0, 'task_loss': (0.0004, 0.0008)}
{'epoch': 24, 'train_loss': 0.0013, 'train_acc': 1.0, 'task_loss': (0.0004, 0.0009)}
{'epoch': 25, 'train_loss': 0.0011, 'train_acc': 1.0, 'task_loss': (0.0004, 0.0007)}
{'epoch': 26, 'train_loss': 0.0009, 'train_acc': 1.0, 'task_loss': (0.0002, 0.0006)}
{'epoch': 27, 'train_loss': 0.0005, 'train_acc': 1.0, 'task_loss': (1e-04, 0.0004)}
{'epoch': 28, 'train_loss': 0.0006, 'train_acc': 1.0, 'task_loss': (0.0003, 0.0003)}
{'epoch': 29, 'train_loss': 0.0004, 'train_acc': 1.0, 'task_loss': (1e-04, 0.0003)}
{'epoch': 30, 'train_loss': 0.0005, 'train_acc': 1.0, 'task_loss': (1e-04, 0.0003)}
{'epoch': 31, 'train_loss': 0.0017, 'train_acc': 0.9987, 'task_loss': (0.0005, 0.0012)}
{'epoch': 32, 'train_loss': 0.0011, 'train_acc': 1.0, 'task_loss': (0.0005, 0.0006)}
{'epoch': 33, 'train_loss': 0.0005, 'train_acc': 1.0, 'task_loss': (0.0002, 0.0003)}
{'epoch': 34, 'train_loss': 0.0009, 'train_acc': 1.0, 'task_loss': (0.0002, 0.0007)}
{'epoch': 35, 'train_loss': 0.0004, 'train_acc': 1.0, 'task_loss': (0.0002, 0.0003)}
{'epoch': 36, 'train_loss': 0.0006, 'train_acc': 1.0, 'task_loss': (0.0003, 0.0003)}
{'epoch': 37, 'train_loss': 0.0004, 'train_acc': 1.0, 'task_loss': (1e-04, 0.0003)}
{'epoch': 38, 'train_loss': 0.0003, 'train_acc': 1.0, 'task_loss': (1e-04, 0.0002)}
{'epoch': 39, 'train_loss': 0.0002, 'train_acc': 1.0, 'task_loss': (1e-04, 1e-04)}
{'epoch': 40, 'train_loss': 0.0005, 'train_acc': 1.0, 'task_loss': (1e-04, 0.0004)}
{'epoch': 41, 'train_loss': 0.0002, 'train_acc': 1.0, 'task_loss': (1e-04, 0.0002)}
{'epoch': 42, 'train_loss': 0.0003, 'train_acc': 1.0, 'task_loss': (1e-04, 0.0002)}
{'epoch': 43, 'train_loss': 0.0002, 'train_acc': 1.0, 'task_loss': (1e-04, 1e-04)}
{'epoch': 44, 'train_loss': 0.0002, 'train_acc': 1.0, 'task_loss': (1e-04, 0.0002)}
{'epoch': 45, 'train_loss': 0.0003, 'train_acc': 1.0, 'task_loss': (1e-04, 0.0002)}
{'epoch': 46, 'train_loss': 0.0011, 'train_acc': 1.0, 'task_loss': (0.0008, 0.0003)}
{'epoch': 47, 'train_loss': 0.0004, 'train_acc': 1.0, 'task_loss': (1e-04, 0.0002)}
{'epoch': 48, 'train_loss': 0.0005, 'train_acc': 1.0, 'task_loss': (0.0002, 0.0004)}
{'epoch': 49, 'train_loss': 0.0004, 'train_acc': 1.0, 'task_loss': (1e-04, 0.0003)}
{'epoch': 50, 'train_loss': 0.0002, 'train_acc': 1.0, 'task_loss': (1e-04, 1e-04)}
{'epoch': 51, 'train_loss': 0.0002, 'train_acc': 1.0, 'task_loss': (1e-04, 0.0002)}
{'epoch': 52, 'train_loss': 0.0003, 'train_acc': 1.0, 'task_loss': (1e-04, 0.0002)}
{'epoch': 53, 'train_loss': 0.0002, 'train_acc': 1.0, 'task_loss': (1e-04, 1e-04)}
{'epoch': 54, 'train_loss': 0.0004, 'train_acc': 1.0, 'task_loss': (1e-04, 0.0003)}
{'epoch': 55, 'train_loss': 0.0002, 'train_acc': 1.0, 'task_loss': (1e-04, 1e-04)}
{'epoch': 56, 'train_loss': 0.0003, 'train_acc': 1.0, 'task_loss': (0.0002, 0.0002)}
{'epoch': 57, 'train_loss': 0.0002, 'train_acc': 1.0, 'task_loss': (0.0, 0.0002)}
{'epoch': 58, 'train_loss': 0.0003, 'train_acc': 1.0, 'task_loss': (1e-04, 0.0002)}
{'epoch': 59, 'train_loss': 0.0003, 'train_acc': 1.0, 'task_loss': (1e-04, 0.0002)}
{'epoch': 60, 'train_loss': 0.0002, 'train_acc': 1.0, 'task_loss': (1e-04, 1e-04)}
{'epoch': 61, 'train_loss': 0.0002, 'train_acc': 1.0, 'task_loss': (0.0, 0.0002)}
{'epoch': 62, 'train_loss': 0.0002, 'train_acc': 1.0, 'task_loss': (1e-04, 1e-04)}
{'epoch': 63, 'train_loss': 0.0002, 'train_acc': 1.0, 'task_loss': (1e-04, 1e-04)}
{'epoch': 64, 'train_loss': 0.0002, 'train_acc': 1.0, 'task_loss': (1e-04, 0.0002)}
{'epoch': 65, 'train_loss': 0.0001, 'train_acc': 1.0, 'task_loss': (0.0, 1e-04)}
{'epoch': 66, 'train_loss': 0.0001, 'train_acc': 1.0, 'task_loss': (1e-04, 1e-04)}
{'epoch': 67, 'train_loss': 0.0002, 'train_acc': 1.0, 'task_loss': (1e-04, 1e-04)}
{'epoch': 68, 'train_loss': 0.0001, 'train_acc': 1.0, 'task_loss': (0.0, 1e-04)}
{'epoch': 69, 'train_loss': 0.0006, 'train_acc': 1.0, 'task_loss': (0.0003, 0.0002)}
{'epoch': 70, 'train_loss': 0.0003, 'train_acc': 1.0, 'task_loss': (1e-04, 0.0003)}
{'epoch': 71, 'train_loss': 0.0001, 'train_acc': 1.0, 'task_loss': (1e-04, 1e-04)}
{'epoch': 72, 'train_loss': 0.0002, 'train_acc': 1.0, 'task_loss': (1e-04, 0.0002)}
{'epoch': 73, 'train_loss': 0.0001, 'train_acc': 1.0, 'task_loss': (1e-04, 1e-04)}
{'epoch': 74, 'train_loss': 0.0002, 'train_acc': 1.0, 'task_loss': (0.0, 1e-04)}
{'epoch': 75, 'train_loss': 0.0002, 'train_acc': 1.0, 'task_loss': (1e-04, 0.0002)}
{'epoch': 76, 'train_loss': 0.0002, 'train_acc': 1.0, 'task_loss': (0.0, 1e-04)}
{'epoch': 77, 'train_loss': 0.0002, 'train_acc': 1.0, 'task_loss': (1e-04, 0.0002)}
{'epoch': 78, 'train_loss': 0.0002, 'train_acc': 1.0, 'task_loss': (1e-04, 0.0002)}
{'epoch': 79, 'train_loss': 0.0001, 'train_acc': 1.0, 'task_loss': (0.0, 1e-04)}
{'epoch': 80, 'train_loss': 0.0002, 'train_acc': 1.0, 'task_loss': (1e-04, 0.0002)}
{'epoch': 81, 'train_loss': 0.0002, 'train_acc': 1.0, 'task_loss': (0.0, 0.0002)}
{'epoch': 82, 'train_loss': 0.0002, 'train_acc': 1.0, 'task_loss': (0.0, 0.0002)}
{'epoch': 83, 'train_loss': 0.0002, 'train_acc': 1.0, 'task_loss': (1e-04, 1e-04)}
{'epoch': 84, 'train_loss': 0.0003, 'train_acc': 1.0, 'task_loss': (0.0002, 1e-04)}
{'epoch': 85, 'train_loss': 0.0002, 'train_acc': 1.0, 'task_loss': (1e-04, 1e-04)}
{'epoch': 86, 'train_loss': 0.0002, 'train_acc': 1.0, 'task_loss': (1e-04, 1e-04)}
{'epoch': 87, 'train_loss': 0.0002, 'train_acc': 1.0, 'task_loss': (1e-04, 1e-04)}
{'epoch': 88, 'train_loss': 0.0001, 'train_acc': 1.0, 'task_loss': (0.0, 1e-04)}
{'epoch': 89, 'train_loss': 0.0001, 'train_acc': 1.0, 'task_loss': (0.0, 1e-04)}
{'epoch': 90, 'train_loss': 0.0001, 'train_acc': 1.0, 'task_loss': (0.0, 1e-04)}
{'epoch': 91, 'train_loss': 0.0002, 'train_acc': 1.0, 'task_loss': (1e-04, 0.0002)}
{'epoch': 92, 'train_loss': 0.0002, 'train_acc': 1.0, 'task_loss': (1e-04, 1e-04)}
{'epoch': 93, 'train_loss': 0.0002, 'train_acc': 1.0, 'task_loss': (1e-04, 0.0002)}
{'epoch': 94, 'train_loss': 0.0002, 'train_acc': 1.0, 'task_loss': (1e-04, 0.0002)}
{'epoch': 95, 'train_loss': 0.0003, 'train_acc': 1.0, 'task_loss': (1e-04, 0.0002)}
{'epoch': 96, 'train_loss': 0.0002, 'train_acc': 1.0, 'task_loss': (1e-04, 1e-04)}
{'epoch': 97, 'train_loss': 0.0001, 'train_acc': 1.0, 'task_loss': (0.0, 1e-04)}
{'epoch': 98, 'train_loss': 0.0002, 'train_acc': 1.0, 'task_loss': (1e-04, 1e-04)}
{'epoch': 99, 'train_loss': 0.0001, 'train_acc': 1.0, 'task_loss': (0.0, 1e-04)}
{'epoch': 100, 'train_loss': 0.0003, 'train_acc': 1.0, 'task_loss': (1e-04, 0.0002)}
{'run_num': 4, 'final_test_err': 0.09446254071661242}
Files already downloaded and verified
Files already downloaded and verified
{'epoch': 1, 'train_loss': 0.3843, 'train_acc': 0.8245, 'task_loss': (0.1837, 0.2006)}
{'epoch': 2, 'train_loss': 0.1938, 'train_acc': 0.9189, 'task_loss': (0.0905, 0.1033)}
{'epoch': 3, 'train_loss': 0.1477, 'train_acc': 0.9348, 'task_loss': (0.0637, 0.0841)}
{'epoch': 4, 'train_loss': 0.1159, 'train_acc': 0.9574, 'task_loss': (0.0496, 0.0662)}
{'epoch': 5, 'train_loss': 0.0901, 'train_acc': 0.9668, 'task_loss': (0.033, 0.057)}
{'epoch': 6, 'train_loss': 0.0278, 'train_acc': 0.992, 'task_loss': (0.0056, 0.0222)}
{'epoch': 7, 'train_loss': 0.0158, 'train_acc': 0.996, 'task_loss': (0.0028, 0.0131)}
{'epoch': 8, 'train_loss': 0.0195, 'train_acc': 0.992, 'task_loss': (0.0042, 0.0153)}
{'epoch': 9, 'train_loss': 0.0083, 'train_acc': 0.9973, 'task_loss': (0.0015, 0.0069)}
{'epoch': 10, 'train_loss': 0.0057, 'train_acc': 0.996, 'task_loss': (0.0006, 0.0051)}
{'epoch': 11, 'train_loss': 0.0044, 'train_acc': 0.9987, 'task_loss': (0.0014, 0.003)}
{'epoch': 12, 'train_loss': 0.0086, 'train_acc': 0.9973, 'task_loss': (0.0023, 0.0064)}
{'epoch': 13, 'train_loss': 0.0043, 'train_acc': 1.0, 'task_loss': (0.0019, 0.0025)}
{'epoch': 14, 'train_loss': 0.0065, 'train_acc': 0.9987, 'task_loss': (0.0019, 0.0046)}
{'epoch': 15, 'train_loss': 0.003, 'train_acc': 1.0, 'task_loss': (0.0008, 0.0022)}
{'epoch': 16, 'train_loss': 0.0017, 'train_acc': 1.0, 'task_loss': (0.0006, 0.0011)}
{'epoch': 17, 'train_loss': 0.0014, 'train_acc': 1.0, 'task_loss': (0.0005, 0.0009)}
{'epoch': 18, 'train_loss': 0.0009, 'train_acc': 1.0, 'task_loss': (0.0002, 0.0007)}
{'epoch': 19, 'train_loss': 0.001, 'train_acc': 1.0, 'task_loss': (0.0002, 0.0007)}
{'epoch': 20, 'train_loss': 0.0016, 'train_acc': 1.0, 'task_loss': (0.0004, 0.0011)}
{'epoch': 21, 'train_loss': 0.0005, 'train_acc': 1.0, 'task_loss': (1e-04, 0.0004)}
{'epoch': 22, 'train_loss': 0.0005, 'train_acc': 1.0, 'task_loss': (0.0002, 0.0004)}
{'epoch': 23, 'train_loss': 0.0009, 'train_acc': 1.0, 'task_loss': (0.0002, 0.0007)}
{'epoch': 24, 'train_loss': 0.0013, 'train_acc': 1.0, 'task_loss': (0.0008, 0.0006)}
{'epoch': 25, 'train_loss': 0.0007, 'train_acc': 1.0, 'task_loss': (1e-04, 0.0006)}
{'epoch': 26, 'train_loss': 0.0012, 'train_acc': 1.0, 'task_loss': (0.0002, 0.001)}
{'epoch': 27, 'train_loss': 0.0005, 'train_acc': 1.0, 'task_loss': (0.0002, 0.0004)}
{'epoch': 28, 'train_loss': 0.0017, 'train_acc': 1.0, 'task_loss': (0.0005, 0.0011)}
{'epoch': 29, 'train_loss': 0.0006, 'train_acc': 1.0, 'task_loss': (0.0002, 0.0005)}
{'epoch': 30, 'train_loss': 0.0006, 'train_acc': 1.0, 'task_loss': (0.0002, 0.0004)}
{'epoch': 31, 'train_loss': 0.0016, 'train_acc': 1.0, 'task_loss': (0.0005, 0.0011)}
{'epoch': 32, 'train_loss': 0.0013, 'train_acc': 1.0, 'task_loss': (0.0004, 0.0009)}
{'epoch': 33, 'train_loss': 0.0006, 'train_acc': 1.0, 'task_loss': (0.0002, 0.0004)}
{'epoch': 34, 'train_loss': 0.0004, 'train_acc': 1.0, 'task_loss': (1e-04, 0.0003)}
{'epoch': 35, 'train_loss': 0.0008, 'train_acc': 1.0, 'task_loss': (0.0002, 0.0006)}
{'epoch': 36, 'train_loss': 0.0004, 'train_acc': 1.0, 'task_loss': (1e-04, 0.0003)}
{'epoch': 37, 'train_loss': 0.0004, 'train_acc': 1.0, 'task_loss': (1e-04, 0.0003)}
{'epoch': 38, 'train_loss': 0.0004, 'train_acc': 1.0, 'task_loss': (1e-04, 0.0004)}
{'epoch': 39, 'train_loss': 0.0003, 'train_acc': 1.0, 'task_loss': (1e-04, 0.0002)}
{'epoch': 40, 'train_loss': 0.0012, 'train_acc': 1.0, 'task_loss': (1e-04, 0.0011)}
{'epoch': 41, 'train_loss': 0.0004, 'train_acc': 1.0, 'task_loss': (1e-04, 0.0003)}
{'epoch': 42, 'train_loss': 0.0007, 'train_acc': 1.0, 'task_loss': (1e-04, 0.0005)}
{'epoch': 43, 'train_loss': 0.0004, 'train_acc': 1.0, 'task_loss': (1e-04, 0.0003)}
{'epoch': 44, 'train_loss': 0.0003, 'train_acc': 1.0, 'task_loss': (1e-04, 0.0002)}
{'epoch': 45, 'train_loss': 0.0002, 'train_acc': 1.0, 'task_loss': (1e-04, 0.0002)}
{'epoch': 46, 'train_loss': 0.0003, 'train_acc': 1.0, 'task_loss': (1e-04, 0.0002)}
{'epoch': 47, 'train_loss': 0.0003, 'train_acc': 1.0, 'task_loss': (1e-04, 0.0002)}
{'epoch': 48, 'train_loss': 0.0005, 'train_acc': 1.0, 'task_loss': (1e-04, 0.0004)}
{'epoch': 49, 'train_loss': 0.0003, 'train_acc': 1.0, 'task_loss': (1e-04, 0.0002)}
{'epoch': 50, 'train_loss': 0.0003, 'train_acc': 1.0, 'task_loss': (0.0002, 0.0002)}
{'epoch': 51, 'train_loss': 0.0003, 'train_acc': 1.0, 'task_loss': (1e-04, 0.0002)}
{'epoch': 52, 'train_loss': 0.0002, 'train_acc': 1.0, 'task_loss': (0.0, 0.0002)}
{'epoch': 53, 'train_loss': 0.0002, 'train_acc': 1.0, 'task_loss': (0.0, 0.0002)}
{'epoch': 54, 'train_loss': 0.0002, 'train_acc': 1.0, 'task_loss': (1e-04, 1e-04)}
{'epoch': 55, 'train_loss': 0.0002, 'train_acc': 1.0, 'task_loss': (1e-04, 0.0002)}
{'epoch': 56, 'train_loss': 0.0002, 'train_acc': 1.0, 'task_loss': (0.0, 0.0002)}
{'epoch': 57, 'train_loss': 0.0002, 'train_acc': 1.0, 'task_loss': (1e-04, 0.0002)}
{'epoch': 58, 'train_loss': 0.0002, 'train_acc': 1.0, 'task_loss': (1e-04, 0.0002)}
{'epoch': 59, 'train_loss': 0.0004, 'train_acc': 1.0, 'task_loss': (0.0003, 0.0002)}
{'epoch': 60, 'train_loss': 0.0002, 'train_acc': 1.0, 'task_loss': (1e-04, 1e-04)}
{'epoch': 61, 'train_loss': 0.0002, 'train_acc': 1.0, 'task_loss': (0.0, 1e-04)}
{'epoch': 62, 'train_loss': 0.0002, 'train_acc': 1.0, 'task_loss': (0.0, 1e-04)}
{'epoch': 63, 'train_loss': 0.0004, 'train_acc': 1.0, 'task_loss': (1e-04, 0.0004)}
{'epoch': 64, 'train_loss': 0.0002, 'train_acc': 1.0, 'task_loss': (0.0, 1e-04)}
{'epoch': 65, 'train_loss': 0.0003, 'train_acc': 1.0, 'task_loss': (1e-04, 0.0002)}
{'epoch': 66, 'train_loss': 0.0002, 'train_acc': 1.0, 'task_loss': (0.0, 1e-04)}
{'epoch': 67, 'train_loss': 0.0002, 'train_acc': 1.0, 'task_loss': (1e-04, 1e-04)}
{'epoch': 68, 'train_loss': 0.0003, 'train_acc': 1.0, 'task_loss': (1e-04, 0.0002)}
{'epoch': 69, 'train_loss': 0.0001, 'train_acc': 1.0, 'task_loss': (0.0, 1e-04)}
{'epoch': 70, 'train_loss': 0.0002, 'train_acc': 1.0, 'task_loss': (0.0, 1e-04)}
{'epoch': 71, 'train_loss': 0.0004, 'train_acc': 1.0, 'task_loss': (1e-04, 0.0003)}
{'epoch': 72, 'train_loss': 0.0002, 'train_acc': 1.0, 'task_loss': (1e-04, 1e-04)}
{'epoch': 73, 'train_loss': 0.0002, 'train_acc': 1.0, 'task_loss': (1e-04, 1e-04)}
{'epoch': 74, 'train_loss': 0.0002, 'train_acc': 1.0, 'task_loss': (1e-04, 0.0002)}
{'epoch': 75, 'train_loss': 0.0001, 'train_acc': 1.0, 'task_loss': (0.0, 1e-04)}
{'epoch': 76, 'train_loss': 0.0002, 'train_acc': 1.0, 'task_loss': (1e-04, 0.0002)}
{'epoch': 77, 'train_loss': 0.0002, 'train_acc': 1.0, 'task_loss': (0.0, 1e-04)}
{'epoch': 78, 'train_loss': 0.0003, 'train_acc': 1.0, 'task_loss': (1e-04, 0.0002)}
{'epoch': 79, 'train_loss': 0.0003, 'train_acc': 1.0, 'task_loss': (1e-04, 0.0002)}
{'epoch': 80, 'train_loss': 0.0002, 'train_acc': 1.0, 'task_loss': (0.0, 1e-04)}
{'epoch': 81, 'train_loss': 0.0002, 'train_acc': 1.0, 'task_loss': (1e-04, 1e-04)}
{'epoch': 82, 'train_loss': 0.0001, 'train_acc': 1.0, 'task_loss': (0.0, 1e-04)}
{'epoch': 83, 'train_loss': 0.0002, 'train_acc': 1.0, 'task_loss': (0.0, 1e-04)}
{'epoch': 84, 'train_loss': 0.0003, 'train_acc': 1.0, 'task_loss': (1e-04, 0.0003)}
{'epoch': 85, 'train_loss': 0.001, 'train_acc': 0.9987, 'task_loss': (0.0, 0.0009)}
{'epoch': 86, 'train_loss': 0.0003, 'train_acc': 1.0, 'task_loss': (1e-04, 0.0003)}
{'epoch': 87, 'train_loss': 0.0001, 'train_acc': 1.0, 'task_loss': (0.0, 1e-04)}
{'epoch': 88, 'train_loss': 0.0003, 'train_acc': 1.0, 'task_loss': (0.0, 0.0003)}
{'epoch': 89, 'train_loss': 0.0002, 'train_acc': 1.0, 'task_loss': (1e-04, 1e-04)}
{'epoch': 90, 'train_loss': 0.0002, 'train_acc': 1.0, 'task_loss': (1e-04, 0.0002)}
{'epoch': 91, 'train_loss': 0.0002, 'train_acc': 1.0, 'task_loss': (0.0, 0.0002)}
{'epoch': 92, 'train_loss': 0.0002, 'train_acc': 1.0, 'task_loss': (1e-04, 1e-04)}
{'epoch': 93, 'train_loss': 0.0002, 'train_acc': 1.0, 'task_loss': (0.0, 1e-04)}
{'epoch': 94, 'train_loss': 0.0002, 'train_acc': 1.0, 'task_loss': (1e-04, 1e-04)}
{'epoch': 95, 'train_loss': 0.0001, 'train_acc': 1.0, 'task_loss': (0.0, 1e-04)}
{'epoch': 96, 'train_loss': 0.0002, 'train_acc': 1.0, 'task_loss': (1e-04, 1e-04)}
{'epoch': 97, 'train_loss': 0.0003, 'train_acc': 1.0, 'task_loss': (1e-04, 1e-04)}
{'epoch': 98, 'train_loss': 0.0002, 'train_acc': 1.0, 'task_loss': (1e-04, 1e-04)}
{'epoch': 99, 'train_loss': 0.0004, 'train_acc': 1.0, 'task_loss': (0.0002, 0.0002)}
{'epoch': 100, 'train_loss': 0.0001, 'train_acc': 1.0, 'task_loss': (0.0, 1e-04)}
{'run_num': 5, 'final_test_err': 0.10097719869706845}
Files already downloaded and verified
Files already downloaded and verified
{'epoch': 1, 'train_loss': 0.3737, 'train_acc': 0.8391, 'task_loss': (0.1892, 0.1845)}
{'epoch': 2, 'train_loss': 0.1783, 'train_acc': 0.9295, 'task_loss': (0.0694, 0.109)}
{'epoch': 3, 'train_loss': 0.0991, 'train_acc': 0.9681, 'task_loss': (0.051, 0.0481)}
{'epoch': 4, 'train_loss': 0.0781, 'train_acc': 0.9681, 'task_loss': (0.0227, 0.0554)}
{'epoch': 5, 'train_loss': 0.0552, 'train_acc': 0.9787, 'task_loss': (0.0204, 0.0348)}
{'epoch': 6, 'train_loss': 0.043, 'train_acc': 0.9774, 'task_loss': (0.0098, 0.0332)}
{'epoch': 7, 'train_loss': 0.0277, 'train_acc': 0.9894, 'task_loss': (0.0096, 0.018)}
{'epoch': 8, 'train_loss': 0.0548, 'train_acc': 0.9787, 'task_loss': (0.0197, 0.0351)}
{'epoch': 9, 'train_loss': 0.0263, 'train_acc': 0.992, 'task_loss': (0.0129, 0.0134)}
{'epoch': 10, 'train_loss': 0.0234, 'train_acc': 0.992, 'task_loss': (0.0061, 0.0173)}
{'epoch': 11, 'train_loss': 0.0099, 'train_acc': 0.996, 'task_loss': (0.0028, 0.0071)}
{'epoch': 12, 'train_loss': 0.0055, 'train_acc': 0.9987, 'task_loss': (0.0011, 0.0044)}
{'epoch': 13, 'train_loss': 0.0034, 'train_acc': 1.0, 'task_loss': (0.0008, 0.0026)}
{'epoch': 14, 'train_loss': 0.0038, 'train_acc': 0.9987, 'task_loss': (0.0008, 0.003)}
{'epoch': 15, 'train_loss': 0.0028, 'train_acc': 0.9987, 'task_loss': (0.0007, 0.0021)}
{'epoch': 16, 'train_loss': 0.0021, 'train_acc': 1.0, 'task_loss': (0.0009, 0.0011)}
{'epoch': 17, 'train_loss': 0.0015, 'train_acc': 1.0, 'task_loss': (0.0002, 0.0013)}
{'epoch': 18, 'train_loss': 0.0014, 'train_acc': 1.0, 'task_loss': (0.0005, 0.0009)}
{'epoch': 19, 'train_loss': 0.0009, 'train_acc': 1.0, 'task_loss': (0.0002, 0.0006)}
{'epoch': 20, 'train_loss': 0.0048, 'train_acc': 0.996, 'task_loss': (0.0007, 0.0041)}
{'epoch': 21, 'train_loss': 0.0007, 'train_acc': 1.0, 'task_loss': (0.0002, 0.0005)}
{'epoch': 22, 'train_loss': 0.0009, 'train_acc': 1.0, 'task_loss': (0.0003, 0.0006)}
{'epoch': 23, 'train_loss': 0.0006, 'train_acc': 1.0, 'task_loss': (0.0002, 0.0004)}
{'epoch': 24, 'train_loss': 0.0008, 'train_acc': 1.0, 'task_loss': (0.0002, 0.0006)}
{'epoch': 25, 'train_loss': 0.0006, 'train_acc': 1.0, 'task_loss': (0.0002, 0.0005)}
{'epoch': 26, 'train_loss': 0.0005, 'train_acc': 1.0, 'task_loss': (0.0002, 0.0004)}
{'epoch': 27, 'train_loss': 0.0004, 'train_acc': 1.0, 'task_loss': (1e-04, 0.0003)}
{'epoch': 28, 'train_loss': 0.0006, 'train_acc': 1.0, 'task_loss': (1e-04, 0.0005)}
{'epoch': 29, 'train_loss': 0.0003, 'train_acc': 1.0, 'task_loss': (1e-04, 0.0002)}
{'epoch': 30, 'train_loss': 0.0004, 'train_acc': 1.0, 'task_loss': (1e-04, 0.0003)}
{'epoch': 31, 'train_loss': 0.0004, 'train_acc': 1.0, 'task_loss': (1e-04, 0.0003)}
{'epoch': 32, 'train_loss': 0.0004, 'train_acc': 1.0, 'task_loss': (1e-04, 0.0003)}
{'epoch': 33, 'train_loss': 0.0006, 'train_acc': 1.0, 'task_loss': (0.0003, 0.0003)}
{'epoch': 34, 'train_loss': 0.0007, 'train_acc': 1.0, 'task_loss': (1e-04, 0.0006)}
{'epoch': 35, 'train_loss': 0.0005, 'train_acc': 1.0, 'task_loss': (0.0002, 0.0003)}
{'epoch': 36, 'train_loss': 0.0003, 'train_acc': 1.0, 'task_loss': (1e-04, 0.0002)}
{'epoch': 37, 'train_loss': 0.0004, 'train_acc': 1.0, 'task_loss': (1e-04, 0.0003)}
{'epoch': 38, 'train_loss': 0.0002, 'train_acc': 1.0, 'task_loss': (1e-04, 0.0002)}
{'epoch': 39, 'train_loss': 0.0002, 'train_acc': 1.0, 'task_loss': (1e-04, 1e-04)}
{'epoch': 40, 'train_loss': 0.0002, 'train_acc': 1.0, 'task_loss': (1e-04, 1e-04)}
{'epoch': 41, 'train_loss': 0.0006, 'train_acc': 1.0, 'task_loss': (0.0004, 0.0002)}
{'epoch': 42, 'train_loss': 0.0004, 'train_acc': 1.0, 'task_loss': (1e-04, 0.0003)}
{'epoch': 43, 'train_loss': 0.0005, 'train_acc': 1.0, 'task_loss': (1e-04, 0.0004)}
{'epoch': 44, 'train_loss': 0.0003, 'train_acc': 1.0, 'task_loss': (1e-04, 0.0002)}
{'epoch': 45, 'train_loss': 0.0003, 'train_acc': 1.0, 'task_loss': (1e-04, 0.0002)}
{'epoch': 46, 'train_loss': 0.0003, 'train_acc': 1.0, 'task_loss': (1e-04, 0.0002)}
{'epoch': 47, 'train_loss': 0.0003, 'train_acc': 1.0, 'task_loss': (1e-04, 0.0002)}
{'epoch': 48, 'train_loss': 0.0002, 'train_acc': 1.0, 'task_loss': (0.0, 1e-04)}
{'epoch': 49, 'train_loss': 0.0005, 'train_acc': 1.0, 'task_loss': (1e-04, 0.0004)}
{'epoch': 50, 'train_loss': 0.0003, 'train_acc': 1.0, 'task_loss': (0.0, 0.0002)}
{'epoch': 51, 'train_loss': 0.0002, 'train_acc': 1.0, 'task_loss': (1e-04, 1e-04)}
{'epoch': 52, 'train_loss': 0.0004, 'train_acc': 1.0, 'task_loss': (1e-04, 0.0003)}
{'epoch': 53, 'train_loss': 0.0002, 'train_acc': 1.0, 'task_loss': (1e-04, 1e-04)}
{'epoch': 54, 'train_loss': 0.0003, 'train_acc': 1.0, 'task_loss': (1e-04, 0.0003)}
{'epoch': 55, 'train_loss': 0.0002, 'train_acc': 1.0, 'task_loss': (1e-04, 1e-04)}
{'epoch': 56, 'train_loss': 0.0002, 'train_acc': 1.0, 'task_loss': (1e-04, 0.0002)}
{'epoch': 57, 'train_loss': 0.0004, 'train_acc': 1.0, 'task_loss': (1e-04, 0.0003)}
{'epoch': 58, 'train_loss': 0.0003, 'train_acc': 1.0, 'task_loss': (1e-04, 0.0002)}
{'epoch': 59, 'train_loss': 0.0004, 'train_acc': 1.0, 'task_loss': (1e-04, 0.0003)}
{'epoch': 60, 'train_loss': 0.0008, 'train_acc': 1.0, 'task_loss': (0.0007, 0.0002)}
{'epoch': 61, 'train_loss': 0.0003, 'train_acc': 1.0, 'task_loss': (1e-04, 0.0002)}
{'epoch': 62, 'train_loss': 0.0003, 'train_acc': 1.0, 'task_loss': (1e-04, 0.0002)}
{'epoch': 63, 'train_loss': 0.0002, 'train_acc': 1.0, 'task_loss': (1e-04, 0.0002)}
{'epoch': 64, 'train_loss': 0.0002, 'train_acc': 1.0, 'task_loss': (0.0, 1e-04)}
{'epoch': 65, 'train_loss': 0.0002, 'train_acc': 1.0, 'task_loss': (0.0, 1e-04)}
{'epoch': 66, 'train_loss': 0.0001, 'train_acc': 1.0, 'task_loss': (0.0, 1e-04)}
{'epoch': 67, 'train_loss': 0.0002, 'train_acc': 1.0, 'task_loss': (1e-04, 1e-04)}
{'epoch': 68, 'train_loss': 0.0002, 'train_acc': 1.0, 'task_loss': (1e-04, 1e-04)}
{'epoch': 69, 'train_loss': 0.0002, 'train_acc': 1.0, 'task_loss': (0.0, 1e-04)}
{'epoch': 70, 'train_loss': 0.0003, 'train_acc': 1.0, 'task_loss': (0.0, 0.0003)}
{'epoch': 71, 'train_loss': 0.0001, 'train_acc': 1.0, 'task_loss': (0.0, 1e-04)}
{'epoch': 72, 'train_loss': 0.0001, 'train_acc': 1.0, 'task_loss': (0.0, 1e-04)}
{'epoch': 73, 'train_loss': 0.0002, 'train_acc': 1.0, 'task_loss': (0.0, 1e-04)}
{'epoch': 74, 'train_loss': 0.0001, 'train_acc': 1.0, 'task_loss': (0.0, 1e-04)}
{'epoch': 75, 'train_loss': 0.0002, 'train_acc': 1.0, 'task_loss': (0.0, 0.0002)}
{'epoch': 76, 'train_loss': 0.0002, 'train_acc': 1.0, 'task_loss': (0.0, 1e-04)}
{'epoch': 77, 'train_loss': 0.0001, 'train_acc': 1.0, 'task_loss': (0.0, 1e-04)}
{'epoch': 78, 'train_loss': 0.0003, 'train_acc': 1.0, 'task_loss': (1e-04, 0.0002)}
{'epoch': 79, 'train_loss': 0.0002, 'train_acc': 1.0, 'task_loss': (0.0, 1e-04)}
{'epoch': 80, 'train_loss': 0.0003, 'train_acc': 1.0, 'task_loss': (1e-04, 0.0002)}
{'epoch': 81, 'train_loss': 0.0005, 'train_acc': 1.0, 'task_loss': (1e-04, 0.0004)}
{'epoch': 82, 'train_loss': 0.0002, 'train_acc': 1.0, 'task_loss': (1e-04, 1e-04)}
{'epoch': 83, 'train_loss': 0.0013, 'train_acc': 0.9987, 'task_loss': (1e-04, 0.0012)}
{'epoch': 84, 'train_loss': 0.0002, 'train_acc': 1.0, 'task_loss': (1e-04, 1e-04)}
{'epoch': 85, 'train_loss': 0.0002, 'train_acc': 1.0, 'task_loss': (0.0, 0.0002)}
{'epoch': 86, 'train_loss': 0.0002, 'train_acc': 1.0, 'task_loss': (1e-04, 1e-04)}
{'epoch': 87, 'train_loss': 0.0003, 'train_acc': 1.0, 'task_loss': (1e-04, 0.0002)}
{'epoch': 88, 'train_loss': 0.0006, 'train_acc': 1.0, 'task_loss': (0.0002, 0.0004)}
{'epoch': 89, 'train_loss': 0.0004, 'train_acc': 1.0, 'task_loss': (1e-04, 0.0003)}
{'epoch': 90, 'train_loss': 0.0004, 'train_acc': 1.0, 'task_loss': (1e-04, 0.0002)}
{'epoch': 91, 'train_loss': 0.0001, 'train_acc': 1.0, 'task_loss': (0.0, 1e-04)}
{'epoch': 92, 'train_loss': 0.0002, 'train_acc': 1.0, 'task_loss': (1e-04, 0.0002)}
{'epoch': 93, 'train_loss': 0.0002, 'train_acc': 1.0, 'task_loss': (0.0, 0.0002)}
{'epoch': 94, 'train_loss': 0.0003, 'train_acc': 1.0, 'task_loss': (1e-04, 0.0003)}
{'epoch': 95, 'train_loss': 0.0002, 'train_acc': 1.0, 'task_loss': (1e-04, 1e-04)}
{'epoch': 96, 'train_loss': 0.0002, 'train_acc': 1.0, 'task_loss': (0.0, 1e-04)}
{'epoch': 97, 'train_loss': 0.0002, 'train_acc': 1.0, 'task_loss': (1e-04, 0.0002)}
{'epoch': 98, 'train_loss': 0.0004, 'train_acc': 1.0, 'task_loss': (1e-04, 0.0003)}
{'epoch': 99, 'train_loss': 0.0002, 'train_acc': 1.0, 'task_loss': (0.0, 1e-04)}
{'epoch': 100, 'train_loss': 0.0002, 'train_acc': 1.0, 'task_loss': (0.0, 1e-04)}
{'run_num': 6, 'final_test_err': 0.1140065146579805}
Files already downloaded and verified
Files already downloaded and verified
{'epoch': 1, 'train_loss': 0.3853, 'train_acc': 0.8391, 'task_loss': (0.1988, 0.1865)}
{'epoch': 2, 'train_loss': 0.1662, 'train_acc': 0.9176, 'task_loss': (0.0791, 0.0872)}
{'epoch': 3, 'train_loss': 0.146, 'train_acc': 0.9441, 'task_loss': (0.0544, 0.0916)}
{'epoch': 4, 'train_loss': 0.0792, 'train_acc': 0.9721, 'task_loss': (0.0285, 0.0507)}
{'epoch': 5, 'train_loss': 0.0486, 'train_acc': 0.9814, 'task_loss': (0.0162, 0.0324)}
{'epoch': 6, 'train_loss': 0.0294, 'train_acc': 0.9907, 'task_loss': (0.0099, 0.0195)}
{'epoch': 7, 'train_loss': 0.0371, 'train_acc': 0.9827, 'task_loss': (0.0145, 0.0226)}
{'epoch': 8, 'train_loss': 0.0299, 'train_acc': 0.984, 'task_loss': (0.0123, 0.0176)}
{'epoch': 9, 'train_loss': 0.0112, 'train_acc': 0.9973, 'task_loss': (0.0031, 0.0082)}
{'epoch': 10, 'train_loss': 0.007, 'train_acc': 0.996, 'task_loss': (0.0015, 0.0054)}
{'epoch': 11, 'train_loss': 0.0065, 'train_acc': 0.9987, 'task_loss': (0.0013, 0.0053)}
{'epoch': 12, 'train_loss': 0.0147, 'train_acc': 0.9947, 'task_loss': (0.0072, 0.0075)}
{'epoch': 13, 'train_loss': 0.0118, 'train_acc': 0.9973, 'task_loss': (0.0038, 0.008)}
{'epoch': 14, 'train_loss': 0.0042, 'train_acc': 1.0, 'task_loss': (0.0014, 0.0028)}
{'epoch': 15, 'train_loss': 0.0032, 'train_acc': 1.0, 'task_loss': (0.0012, 0.002)}
{'epoch': 16, 'train_loss': 0.0019, 'train_acc': 1.0, 'task_loss': (0.0006, 0.0013)}
{'epoch': 17, 'train_loss': 0.0008, 'train_acc': 1.0, 'task_loss': (0.0004, 0.0004)}
{'epoch': 18, 'train_loss': 0.0008, 'train_acc': 1.0, 'task_loss': (0.0002, 0.0005)}
{'epoch': 19, 'train_loss': 0.0008, 'train_acc': 1.0, 'task_loss': (0.0003, 0.0006)}
{'epoch': 20, 'train_loss': 0.0012, 'train_acc': 1.0, 'task_loss': (0.0004, 0.0008)}
{'epoch': 21, 'train_loss': 0.0008, 'train_acc': 1.0, 'task_loss': (0.0002, 0.0006)}
{'epoch': 22, 'train_loss': 0.0007, 'train_acc': 1.0, 'task_loss': (0.0003, 0.0004)}
{'epoch': 23, 'train_loss': 0.0011, 'train_acc': 1.0, 'task_loss': (0.0002, 0.0009)}
{'epoch': 24, 'train_loss': 0.0006, 'train_acc': 1.0, 'task_loss': (0.0003, 0.0004)}
{'epoch': 25, 'train_loss': 0.0006, 'train_acc': 1.0, 'task_loss': (0.0002, 0.0003)}
{'epoch': 26, 'train_loss': 0.0004, 'train_acc': 1.0, 'task_loss': (1e-04, 0.0003)}
{'epoch': 27, 'train_loss': 0.0011, 'train_acc': 1.0, 'task_loss': (1e-04, 0.001)}
{'epoch': 28, 'train_loss': 0.0004, 'train_acc': 1.0, 'task_loss': (1e-04, 0.0002)}
{'epoch': 29, 'train_loss': 0.0003, 'train_acc': 1.0, 'task_loss': (1e-04, 0.0002)}
{'epoch': 30, 'train_loss': 0.0003, 'train_acc': 1.0, 'task_loss': (1e-04, 0.0002)}
{'epoch': 31, 'train_loss': 0.0005, 'train_acc': 1.0, 'task_loss': (1e-04, 0.0004)}
{'epoch': 32, 'train_loss': 0.0004, 'train_acc': 1.0, 'task_loss': (1e-04, 0.0003)}
{'epoch': 33, 'train_loss': 0.0004, 'train_acc': 1.0, 'task_loss': (1e-04, 0.0003)}
{'epoch': 34, 'train_loss': 0.0003, 'train_acc': 1.0, 'task_loss': (1e-04, 0.0002)}
{'epoch': 35, 'train_loss': 0.0008, 'train_acc': 1.0, 'task_loss': (0.0002, 0.0006)}
{'epoch': 36, 'train_loss': 0.0005, 'train_acc': 1.0, 'task_loss': (1e-04, 0.0004)}
{'epoch': 37, 'train_loss': 0.0003, 'train_acc': 1.0, 'task_loss': (0.0002, 0.0002)}
{'epoch': 38, 'train_loss': 0.0004, 'train_acc': 1.0, 'task_loss': (0.0002, 0.0003)}
{'epoch': 39, 'train_loss': 0.0003, 'train_acc': 1.0, 'task_loss': (1e-04, 0.0002)}
{'epoch': 40, 'train_loss': 0.0009, 'train_acc': 1.0, 'task_loss': (0.0005, 0.0005)}
{'epoch': 41, 'train_loss': 0.0006, 'train_acc': 1.0, 'task_loss': (1e-04, 0.0004)}
{'epoch': 42, 'train_loss': 0.0006, 'train_acc': 1.0, 'task_loss': (1e-04, 0.0004)}
{'epoch': 43, 'train_loss': 0.0003, 'train_acc': 1.0, 'task_loss': (1e-04, 0.0002)}
{'epoch': 44, 'train_loss': 0.0005, 'train_acc': 1.0, 'task_loss': (1e-04, 0.0003)}
{'epoch': 45, 'train_loss': 0.0003, 'train_acc': 1.0, 'task_loss': (1e-04, 0.0002)}
{'epoch': 46, 'train_loss': 0.0002, 'train_acc': 1.0, 'task_loss': (1e-04, 1e-04)}
{'epoch': 47, 'train_loss': 0.0003, 'train_acc': 1.0, 'task_loss': (1e-04, 0.0002)}
{'epoch': 48, 'train_loss': 0.0004, 'train_acc': 1.0, 'task_loss': (1e-04, 0.0003)}
{'epoch': 49, 'train_loss': 0.0002, 'train_acc': 1.0, 'task_loss': (1e-04, 1e-04)}
{'epoch': 50, 'train_loss': 0.0002, 'train_acc': 1.0, 'task_loss': (1e-04, 1e-04)}
{'epoch': 51, 'train_loss': 0.0006, 'train_acc': 1.0, 'task_loss': (1e-04, 0.0004)}
{'epoch': 52, 'train_loss': 0.0005, 'train_acc': 1.0, 'task_loss': (0.0002, 0.0003)}
{'epoch': 53, 'train_loss': 0.0002, 'train_acc': 1.0, 'task_loss': (1e-04, 1e-04)}
{'epoch': 54, 'train_loss': 0.0004, 'train_acc': 1.0, 'task_loss': (0.0002, 0.0002)}
{'epoch': 55, 'train_loss': 0.0002, 'train_acc': 1.0, 'task_loss': (1e-04, 0.0002)}
{'epoch': 56, 'train_loss': 0.0002, 'train_acc': 1.0, 'task_loss': (1e-04, 1e-04)}
{'epoch': 57, 'train_loss': 0.0005, 'train_acc': 1.0, 'task_loss': (1e-04, 0.0005)}
{'epoch': 58, 'train_loss': 0.0003, 'train_acc': 1.0, 'task_loss': (1e-04, 0.0002)}
{'epoch': 59, 'train_loss': 0.0005, 'train_acc': 1.0, 'task_loss': (0.0003, 0.0003)}
{'epoch': 60, 'train_loss': 0.0002, 'train_acc': 1.0, 'task_loss': (1e-04, 1e-04)}
{'epoch': 61, 'train_loss': 0.0002, 'train_acc': 1.0, 'task_loss': (1e-04, 1e-04)}
{'epoch': 62, 'train_loss': 0.0001, 'train_acc': 1.0, 'task_loss': (1e-04, 1e-04)}
{'epoch': 63, 'train_loss': 0.0003, 'train_acc': 1.0, 'task_loss': (1e-04, 0.0002)}
{'epoch': 64, 'train_loss': 0.0003, 'train_acc': 1.0, 'task_loss': (1e-04, 0.0002)}
{'epoch': 65, 'train_loss': 0.0003, 'train_acc': 1.0, 'task_loss': (1e-04, 0.0002)}
{'epoch': 66, 'train_loss': 0.0002, 'train_acc': 1.0, 'task_loss': (0.0, 0.0002)}
{'epoch': 67, 'train_loss': 0.0002, 'train_acc': 1.0, 'task_loss': (1e-04, 1e-04)}
{'epoch': 68, 'train_loss': 0.0002, 'train_acc': 1.0, 'task_loss': (1e-04, 1e-04)}
{'epoch': 69, 'train_loss': 0.0003, 'train_acc': 1.0, 'task_loss': (1e-04, 0.0002)}
{'epoch': 70, 'train_loss': 0.0003, 'train_acc': 1.0, 'task_loss': (1e-04, 0.0003)}
{'epoch': 71, 'train_loss': 0.0002, 'train_acc': 1.0, 'task_loss': (0.0, 0.0002)}
{'epoch': 72, 'train_loss': 0.0003, 'train_acc': 1.0, 'task_loss': (1e-04, 0.0002)}
{'epoch': 73, 'train_loss': 0.0002, 'train_acc': 1.0, 'task_loss': (0.0, 1e-04)}
{'epoch': 74, 'train_loss': 0.0003, 'train_acc': 1.0, 'task_loss': (0.0002, 0.0002)}
{'epoch': 75, 'train_loss': 0.0002, 'train_acc': 1.0, 'task_loss': (1e-04, 0.0002)}
{'epoch': 76, 'train_loss': 0.0003, 'train_acc': 1.0, 'task_loss': (1e-04, 0.0002)}
{'epoch': 77, 'train_loss': 0.0002, 'train_acc': 1.0, 'task_loss': (1e-04, 1e-04)}
{'epoch': 78, 'train_loss': 0.0003, 'train_acc': 1.0, 'task_loss': (1e-04, 0.0002)}
{'epoch': 79, 'train_loss': 0.0001, 'train_acc': 1.0, 'task_loss': (0.0, 1e-04)}
{'epoch': 80, 'train_loss': 0.0001, 'train_acc': 1.0, 'task_loss': (0.0, 1e-04)}
{'epoch': 81, 'train_loss': 0.0002, 'train_acc': 1.0, 'task_loss': (1e-04, 0.0002)}
{'epoch': 82, 'train_loss': 0.0003, 'train_acc': 1.0, 'task_loss': (1e-04, 0.0002)}
{'epoch': 83, 'train_loss': 0.0002, 'train_acc': 1.0, 'task_loss': (0.0, 1e-04)}
{'epoch': 84, 'train_loss': 0.0002, 'train_acc': 1.0, 'task_loss': (1e-04, 0.0002)}
{'epoch': 85, 'train_loss': 0.0003, 'train_acc': 1.0, 'task_loss': (0.0002, 1e-04)}
{'epoch': 86, 'train_loss': 0.0003, 'train_acc': 1.0, 'task_loss': (1e-04, 0.0002)}
{'epoch': 87, 'train_loss': 0.0002, 'train_acc': 1.0, 'task_loss': (1e-04, 1e-04)}
{'epoch': 88, 'train_loss': 0.0003, 'train_acc': 1.0, 'task_loss': (1e-04, 0.0002)}
{'epoch': 89, 'train_loss': 0.0002, 'train_acc': 1.0, 'task_loss': (1e-04, 1e-04)}
{'epoch': 90, 'train_loss': 0.0002, 'train_acc': 1.0, 'task_loss': (1e-04, 1e-04)}
{'epoch': 91, 'train_loss': 0.0001, 'train_acc': 1.0, 'task_loss': (0.0, 1e-04)}
{'epoch': 92, 'train_loss': 0.0001, 'train_acc': 1.0, 'task_loss': (0.0, 1e-04)}
{'epoch': 93, 'train_loss': 0.0002, 'train_acc': 1.0, 'task_loss': (1e-04, 1e-04)}
{'epoch': 94, 'train_loss': 0.0001, 'train_acc': 1.0, 'task_loss': (0.0, 1e-04)}
{'epoch': 95, 'train_loss': 0.0003, 'train_acc': 1.0, 'task_loss': (1e-04, 0.0003)}
{'epoch': 96, 'train_loss': 0.0002, 'train_acc': 1.0, 'task_loss': (0.0, 1e-04)}
{'epoch': 97, 'train_loss': 0.0002, 'train_acc': 1.0, 'task_loss': (1e-04, 1e-04)}
{'epoch': 98, 'train_loss': 0.0003, 'train_acc': 1.0, 'task_loss': (1e-04, 0.0002)}
{'epoch': 99, 'train_loss': 0.0002, 'train_acc': 1.0, 'task_loss': (1e-04, 0.0002)}
{'epoch': 100, 'train_loss': 0.0002, 'train_acc': 1.0, 'task_loss': (1e-04, 1e-04)}
{'run_num': 7, 'final_test_err': 0.1140065146579805}
Files already downloaded and verified
Files already downloaded and verified
{'epoch': 1, 'train_loss': 0.4345, 'train_acc': 0.8085, 'task_loss': (0.2228, 0.2117)}
{'epoch': 2, 'train_loss': 0.2358, 'train_acc': 0.9122, 'task_loss': (0.1198, 0.1159)}
{'epoch': 3, 'train_loss': 0.192, 'train_acc': 0.9096, 'task_loss': (0.0681, 0.124)}
{'epoch': 4, 'train_loss': 0.0955, 'train_acc': 0.9574, 'task_loss': (0.0358, 0.0597)}
{'epoch': 5, 'train_loss': 0.0743, 'train_acc': 0.9628, 'task_loss': (0.0212, 0.0531)}
{'epoch': 6, 'train_loss': 0.0963, 'train_acc': 0.9561, 'task_loss': (0.044, 0.0524)}
{'epoch': 7, 'train_loss': 0.0975, 'train_acc': 0.9588, 'task_loss': (0.0321, 0.0654)}
{'epoch': 8, 'train_loss': 0.0287, 'train_acc': 0.9894, 'task_loss': (0.0068, 0.0218)}
{'epoch': 9, 'train_loss': 0.0126, 'train_acc': 0.996, 'task_loss': (0.0039, 0.0087)}
{'epoch': 10, 'train_loss': 0.009, 'train_acc': 0.9987, 'task_loss': (0.0026, 0.0064)}
{'epoch': 11, 'train_loss': 0.006, 'train_acc': 1.0, 'task_loss': (0.0025, 0.0035)}
{'epoch': 12, 'train_loss': 0.0063, 'train_acc': 0.9987, 'task_loss': (0.001, 0.0053)}
{'epoch': 13, 'train_loss': 0.0056, 'train_acc': 0.9987, 'task_loss': (0.0016, 0.004)}
{'epoch': 14, 'train_loss': 0.0026, 'train_acc': 1.0, 'task_loss': (0.0006, 0.0019)}
{'epoch': 15, 'train_loss': 0.0021, 'train_acc': 1.0, 'task_loss': (0.0005, 0.0015)}
{'epoch': 16, 'train_loss': 0.0013, 'train_acc': 1.0, 'task_loss': (0.0005, 0.0008)}
{'epoch': 17, 'train_loss': 0.0018, 'train_acc': 1.0, 'task_loss': (0.0006, 0.0012)}
{'epoch': 18, 'train_loss': 0.001, 'train_acc': 1.0, 'task_loss': (0.0003, 0.0007)}
{'epoch': 19, 'train_loss': 0.0009, 'train_acc': 1.0, 'task_loss': (0.0004, 0.0006)}
{'epoch': 20, 'train_loss': 0.0014, 'train_acc': 1.0, 'task_loss': (0.0005, 0.0009)}
{'epoch': 21, 'train_loss': 0.0015, 'train_acc': 1.0, 'task_loss': (0.0002, 0.0013)}
{'epoch': 22, 'train_loss': 0.0022, 'train_acc': 1.0, 'task_loss': (0.0011, 0.0012)}
{'epoch': 23, 'train_loss': 0.0013, 'train_acc': 1.0, 'task_loss': (0.0006, 0.0007)}
{'epoch': 24, 'train_loss': 0.0008, 'train_acc': 1.0, 'task_loss': (0.0004, 0.0004)}
{'epoch': 25, 'train_loss': 0.0012, 'train_acc': 1.0, 'task_loss': (0.0004, 0.0009)}
{'epoch': 26, 'train_loss': 0.0015, 'train_acc': 1.0, 'task_loss': (0.0004, 0.001)}
{'epoch': 27, 'train_loss': 0.0007, 'train_acc': 1.0, 'task_loss': (0.0002, 0.0005)}
{'epoch': 28, 'train_loss': 0.0014, 'train_acc': 1.0, 'task_loss': (0.0005, 0.0009)}
{'epoch': 29, 'train_loss': 0.0018, 'train_acc': 1.0, 'task_loss': (0.0006, 0.0012)}
{'epoch': 30, 'train_loss': 0.0008, 'train_acc': 1.0, 'task_loss': (0.0003, 0.0005)}
{'epoch': 31, 'train_loss': 0.0006, 'train_acc': 1.0, 'task_loss': (1e-04, 0.0005)}
{'epoch': 32, 'train_loss': 0.0023, 'train_acc': 1.0, 'task_loss': (0.0003, 0.002)}
{'epoch': 33, 'train_loss': 0.001, 'train_acc': 1.0, 'task_loss': (0.0004, 0.0006)}
{'epoch': 34, 'train_loss': 0.0005, 'train_acc': 1.0, 'task_loss': (1e-04, 0.0003)}
{'epoch': 35, 'train_loss': 0.0005, 'train_acc': 1.0, 'task_loss': (0.0002, 0.0003)}
{'epoch': 36, 'train_loss': 0.0009, 'train_acc': 1.0, 'task_loss': (0.0002, 0.0007)}
{'epoch': 37, 'train_loss': 0.0005, 'train_acc': 1.0, 'task_loss': (0.0002, 0.0003)}
{'epoch': 38, 'train_loss': 0.0007, 'train_acc': 1.0, 'task_loss': (0.0002, 0.0005)}
{'epoch': 39, 'train_loss': 0.0005, 'train_acc': 1.0, 'task_loss': (1e-04, 0.0003)}
{'epoch': 40, 'train_loss': 0.0006, 'train_acc': 1.0, 'task_loss': (0.0003, 0.0003)}
{'epoch': 41, 'train_loss': 0.0003, 'train_acc': 1.0, 'task_loss': (1e-04, 0.0002)}
{'epoch': 42, 'train_loss': 0.0004, 'train_acc': 1.0, 'task_loss': (1e-04, 0.0003)}
{'epoch': 43, 'train_loss': 0.0004, 'train_acc': 1.0, 'task_loss': (1e-04, 0.0003)}
{'epoch': 44, 'train_loss': 0.0009, 'train_acc': 1.0, 'task_loss': (0.0002, 0.0007)}
{'epoch': 45, 'train_loss': 0.0003, 'train_acc': 1.0, 'task_loss': (1e-04, 0.0003)}
{'epoch': 46, 'train_loss': 0.0005, 'train_acc': 1.0, 'task_loss': (1e-04, 0.0004)}
{'epoch': 47, 'train_loss': 0.0003, 'train_acc': 1.0, 'task_loss': (1e-04, 0.0002)}
{'epoch': 48, 'train_loss': 0.0003, 'train_acc': 1.0, 'task_loss': (1e-04, 0.0002)}
{'epoch': 49, 'train_loss': 0.0003, 'train_acc': 1.0, 'task_loss': (0.0002, 0.0002)}
{'epoch': 50, 'train_loss': 0.0004, 'train_acc': 1.0, 'task_loss': (0.0002, 0.0003)}
{'epoch': 51, 'train_loss': 0.0003, 'train_acc': 1.0, 'task_loss': (1e-04, 0.0002)}
{'epoch': 52, 'train_loss': 0.0003, 'train_acc': 1.0, 'task_loss': (1e-04, 0.0002)}
{'epoch': 53, 'train_loss': 0.0005, 'train_acc': 1.0, 'task_loss': (1e-04, 0.0004)}
{'epoch': 54, 'train_loss': 0.0005, 'train_acc': 1.0, 'task_loss': (0.0003, 0.0002)}
{'epoch': 55, 'train_loss': 0.0004, 'train_acc': 1.0, 'task_loss': (1e-04, 0.0003)}
{'epoch': 56, 'train_loss': 0.0005, 'train_acc': 1.0, 'task_loss': (1e-04, 0.0004)}
{'epoch': 57, 'train_loss': 0.0004, 'train_acc': 1.0, 'task_loss': (0.0002, 0.0002)}
{'epoch': 58, 'train_loss': 0.0002, 'train_acc': 1.0, 'task_loss': (1e-04, 0.0002)}
{'epoch': 59, 'train_loss': 0.0004, 'train_acc': 1.0, 'task_loss': (1e-04, 0.0003)}
{'epoch': 60, 'train_loss': 0.0003, 'train_acc': 1.0, 'task_loss': (1e-04, 0.0002)}
{'epoch': 61, 'train_loss': 0.0003, 'train_acc': 1.0, 'task_loss': (1e-04, 0.0002)}
{'epoch': 62, 'train_loss': 0.0003, 'train_acc': 1.0, 'task_loss': (1e-04, 0.0002)}
{'epoch': 63, 'train_loss': 0.0002, 'train_acc': 1.0, 'task_loss': (1e-04, 0.0002)}
{'epoch': 64, 'train_loss': 0.0005, 'train_acc': 1.0, 'task_loss': (1e-04, 0.0003)}
{'epoch': 65, 'train_loss': 0.0003, 'train_acc': 1.0, 'task_loss': (1e-04, 0.0002)}
{'epoch': 66, 'train_loss': 0.0009, 'train_acc': 1.0, 'task_loss': (0.0003, 0.0006)}
{'epoch': 67, 'train_loss': 0.0006, 'train_acc': 1.0, 'task_loss': (0.0004, 0.0002)}
{'epoch': 68, 'train_loss': 0.0003, 'train_acc': 1.0, 'task_loss': (1e-04, 0.0002)}
{'epoch': 69, 'train_loss': 0.0003, 'train_acc': 1.0, 'task_loss': (1e-04, 0.0002)}
{'epoch': 70, 'train_loss': 0.0003, 'train_acc': 1.0, 'task_loss': (1e-04, 0.0002)}
{'epoch': 71, 'train_loss': 0.0003, 'train_acc': 1.0, 'task_loss': (1e-04, 0.0002)}
{'epoch': 72, 'train_loss': 0.0001, 'train_acc': 1.0, 'task_loss': (1e-04, 1e-04)}
{'epoch': 73, 'train_loss': 0.0007, 'train_acc': 1.0, 'task_loss': (0.0002, 0.0005)}
{'epoch': 74, 'train_loss': 0.0003, 'train_acc': 1.0, 'task_loss': (1e-04, 0.0002)}
{'epoch': 75, 'train_loss': 0.0002, 'train_acc': 1.0, 'task_loss': (1e-04, 1e-04)}
{'epoch': 76, 'train_loss': 0.0002, 'train_acc': 1.0, 'task_loss': (1e-04, 1e-04)}
{'epoch': 77, 'train_loss': 0.0003, 'train_acc': 1.0, 'task_loss': (1e-04, 0.0002)}
{'epoch': 78, 'train_loss': 0.0011, 'train_acc': 1.0, 'task_loss': (1e-04, 0.0009)}
{'epoch': 79, 'train_loss': 0.0002, 'train_acc': 1.0, 'task_loss': (0.0, 1e-04)}
{'epoch': 80, 'train_loss': 0.0008, 'train_acc': 1.0, 'task_loss': (1e-04, 0.0007)}
{'epoch': 81, 'train_loss': 0.0002, 'train_acc': 1.0, 'task_loss': (1e-04, 0.0002)}
{'epoch': 82, 'train_loss': 0.0002, 'train_acc': 1.0, 'task_loss': (1e-04, 0.0002)}
{'epoch': 83, 'train_loss': 0.0003, 'train_acc': 1.0, 'task_loss': (1e-04, 1e-04)}
{'epoch': 84, 'train_loss': 0.0005, 'train_acc': 1.0, 'task_loss': (1e-04, 0.0003)}
{'epoch': 85, 'train_loss': 0.0002, 'train_acc': 1.0, 'task_loss': (0.0, 0.0002)}
{'epoch': 86, 'train_loss': 0.0002, 'train_acc': 1.0, 'task_loss': (1e-04, 1e-04)}
{'epoch': 87, 'train_loss': 0.0002, 'train_acc': 1.0, 'task_loss': (1e-04, 1e-04)}
{'epoch': 88, 'train_loss': 0.0002, 'train_acc': 1.0, 'task_loss': (1e-04, 0.0002)}
{'epoch': 89, 'train_loss': 0.0003, 'train_acc': 1.0, 'task_loss': (1e-04, 1e-04)}
{'epoch': 90, 'train_loss': 0.0006, 'train_acc': 1.0, 'task_loss': (0.0003, 0.0003)}
{'epoch': 91, 'train_loss': 0.0002, 'train_acc': 1.0, 'task_loss': (1e-04, 1e-04)}
{'epoch': 92, 'train_loss': 0.0002, 'train_acc': 1.0, 'task_loss': (1e-04, 1e-04)}
{'epoch': 93, 'train_loss': 0.0003, 'train_acc': 1.0, 'task_loss': (1e-04, 0.0002)}
{'epoch': 94, 'train_loss': 0.0002, 'train_acc': 1.0, 'task_loss': (1e-04, 1e-04)}
{'epoch': 95, 'train_loss': 0.0003, 'train_acc': 1.0, 'task_loss': (1e-04, 0.0002)}
{'epoch': 96, 'train_loss': 0.0008, 'train_acc': 1.0, 'task_loss': (0.0007, 0.0002)}
{'epoch': 97, 'train_loss': 0.0002, 'train_acc': 1.0, 'task_loss': (1e-04, 1e-04)}
{'epoch': 98, 'train_loss': 0.0003, 'train_acc': 1.0, 'task_loss': (1e-04, 0.0002)}
{'epoch': 99, 'train_loss': 0.0002, 'train_acc': 1.0, 'task_loss': (1e-04, 1e-04)}
{'epoch': 100, 'train_loss': 0.0005, 'train_acc': 1.0, 'task_loss': (1e-04, 0.0004)}
{'run_num': 8, 'final_test_err': 0.0912052117263844}
Files already downloaded and verified
Files already downloaded and verified
{'epoch': 1, 'train_loss': 0.4411, 'train_acc': 0.8059, 'task_loss': (0.2163, 0.2247)}
{'epoch': 2, 'train_loss': 0.2648, 'train_acc': 0.9043, 'task_loss': (0.1332, 0.1316)}
{'epoch': 3, 'train_loss': 0.1286, 'train_acc': 0.9508, 'task_loss': (0.0531, 0.0755)}
{'epoch': 4, 'train_loss': 0.0752, 'train_acc': 0.9707, 'task_loss': (0.0155, 0.0597)}
{'epoch': 5, 'train_loss': 0.0394, 'train_acc': 0.9801, 'task_loss': (0.0135, 0.026)}
{'epoch': 6, 'train_loss': 0.0242, 'train_acc': 0.992, 'task_loss': (0.0063, 0.0179)}
{'epoch': 7, 'train_loss': 0.0231, 'train_acc': 0.9854, 'task_loss': (0.0037, 0.0194)}
{'epoch': 8, 'train_loss': 0.0086, 'train_acc': 0.9973, 'task_loss': (0.0016, 0.007)}
{'epoch': 9, 'train_loss': 0.0062, 'train_acc': 0.9987, 'task_loss': (0.0012, 0.005)}
{'epoch': 10, 'train_loss': 0.0029, 'train_acc': 1.0, 'task_loss': (0.0006, 0.0023)}
{'epoch': 11, 'train_loss': 0.0022, 'train_acc': 1.0, 'task_loss': (0.0006, 0.0016)}
{'epoch': 12, 'train_loss': 0.003, 'train_acc': 1.0, 'task_loss': (0.001, 0.0021)}
{'epoch': 13, 'train_loss': 0.0026, 'train_acc': 1.0, 'task_loss': (0.0008, 0.0018)}
{'epoch': 14, 'train_loss': 0.0017, 'train_acc': 1.0, 'task_loss': (0.0006, 0.0011)}
{'epoch': 15, 'train_loss': 0.0024, 'train_acc': 1.0, 'task_loss': (0.0009, 0.0015)}
{'epoch': 16, 'train_loss': 0.0017, 'train_acc': 1.0, 'task_loss': (0.0005, 0.0012)}
{'epoch': 17, 'train_loss': 0.0014, 'train_acc': 1.0, 'task_loss': (0.0007, 0.0007)}
{'epoch': 18, 'train_loss': 0.0015, 'train_acc': 1.0, 'task_loss': (0.0003, 0.0012)}
{'epoch': 19, 'train_loss': 0.001, 'train_acc': 1.0, 'task_loss': (0.0002, 0.0008)}
{'epoch': 20, 'train_loss': 0.0008, 'train_acc': 1.0, 'task_loss': (0.0004, 0.0004)}
{'epoch': 21, 'train_loss': 0.0012, 'train_acc': 1.0, 'task_loss': (0.0004, 0.0008)}
{'epoch': 22, 'train_loss': 0.0007, 'train_acc': 1.0, 'task_loss': (1e-04, 0.0006)}
{'epoch': 23, 'train_loss': 0.0008, 'train_acc': 1.0, 'task_loss': (0.0002, 0.0006)}
{'epoch': 24, 'train_loss': 0.0005, 'train_acc': 1.0, 'task_loss': (1e-04, 0.0003)}
{'epoch': 25, 'train_loss': 0.0006, 'train_acc': 1.0, 'task_loss': (1e-04, 0.0005)}
{'epoch': 26, 'train_loss': 0.0007, 'train_acc': 1.0, 'task_loss': (0.0003, 0.0004)}
{'epoch': 27, 'train_loss': 0.0009, 'train_acc': 1.0, 'task_loss': (0.0003, 0.0006)}
{'epoch': 28, 'train_loss': 0.0006, 'train_acc': 1.0, 'task_loss': (0.0002, 0.0005)}
{'epoch': 29, 'train_loss': 0.0004, 'train_acc': 1.0, 'task_loss': (1e-04, 0.0003)}
{'epoch': 30, 'train_loss': 0.0004, 'train_acc': 1.0, 'task_loss': (1e-04, 0.0003)}
{'epoch': 31, 'train_loss': 0.0006, 'train_acc': 1.0, 'task_loss': (1e-04, 0.0005)}
{'epoch': 32, 'train_loss': 0.0004, 'train_acc': 1.0, 'task_loss': (1e-04, 0.0003)}
{'epoch': 33, 'train_loss': 0.0004, 'train_acc': 1.0, 'task_loss': (1e-04, 0.0003)}
{'epoch': 34, 'train_loss': 0.0006, 'train_acc': 1.0, 'task_loss': (0.0002, 0.0004)}
{'epoch': 35, 'train_loss': 0.0004, 'train_acc': 1.0, 'task_loss': (1e-04, 0.0004)}
{'epoch': 36, 'train_loss': 0.0004, 'train_acc': 1.0, 'task_loss': (1e-04, 0.0003)}
{'epoch': 37, 'train_loss': 0.0006, 'train_acc': 1.0, 'task_loss': (1e-04, 0.0006)}
{'epoch': 38, 'train_loss': 0.0004, 'train_acc': 1.0, 'task_loss': (1e-04, 0.0003)}
{'epoch': 39, 'train_loss': 0.0004, 'train_acc': 1.0, 'task_loss': (1e-04, 0.0003)}
{'epoch': 40, 'train_loss': 0.0005, 'train_acc': 1.0, 'task_loss': (1e-04, 0.0004)}
{'epoch': 41, 'train_loss': 0.0003, 'train_acc': 1.0, 'task_loss': (1e-04, 0.0002)}
{'epoch': 42, 'train_loss': 0.0003, 'train_acc': 1.0, 'task_loss': (1e-04, 0.0002)}
{'epoch': 43, 'train_loss': 0.0004, 'train_acc': 1.0, 'task_loss': (1e-04, 0.0003)}
{'epoch': 44, 'train_loss': 0.0003, 'train_acc': 1.0, 'task_loss': (0.0, 0.0002)}
{'epoch': 45, 'train_loss': 0.0004, 'train_acc': 1.0, 'task_loss': (1e-04, 0.0003)}
{'epoch': 46, 'train_loss': 0.0002, 'train_acc': 1.0, 'task_loss': (1e-04, 1e-04)}
{'epoch': 47, 'train_loss': 0.0004, 'train_acc': 1.0, 'task_loss': (1e-04, 0.0003)}
{'epoch': 48, 'train_loss': 0.0002, 'train_acc': 1.0, 'task_loss': (0.0, 0.0002)}
{'epoch': 49, 'train_loss': 0.0002, 'train_acc': 1.0, 'task_loss': (0.0, 1e-04)}
{'epoch': 50, 'train_loss': 0.0002, 'train_acc': 1.0, 'task_loss': (1e-04, 0.0002)}
{'epoch': 51, 'train_loss': 0.0002, 'train_acc': 1.0, 'task_loss': (1e-04, 1e-04)}
{'epoch': 52, 'train_loss': 0.0002, 'train_acc': 1.0, 'task_loss': (1e-04, 1e-04)}
{'epoch': 53, 'train_loss': 0.0003, 'train_acc': 1.0, 'task_loss': (1e-04, 0.0002)}
{'epoch': 54, 'train_loss': 0.0007, 'train_acc': 1.0, 'task_loss': (1e-04, 0.0006)}
{'epoch': 55, 'train_loss': 0.0003, 'train_acc': 1.0, 'task_loss': (1e-04, 0.0002)}
{'epoch': 56, 'train_loss': 0.0005, 'train_acc': 1.0, 'task_loss': (0.0002, 0.0003)}
{'epoch': 57, 'train_loss': 0.0003, 'train_acc': 1.0, 'task_loss': (1e-04, 0.0002)}
{'epoch': 58, 'train_loss': 0.0002, 'train_acc': 1.0, 'task_loss': (1e-04, 1e-04)}
{'epoch': 59, 'train_loss': 0.0002, 'train_acc': 1.0, 'task_loss': (1e-04, 0.0002)}
{'epoch': 60, 'train_loss': 0.0004, 'train_acc': 1.0, 'task_loss': (1e-04, 0.0003)}
{'epoch': 61, 'train_loss': 0.0002, 'train_acc': 1.0, 'task_loss': (1e-04, 0.0002)}
{'epoch': 62, 'train_loss': 0.0003, 'train_acc': 1.0, 'task_loss': (1e-04, 0.0002)}
{'epoch': 63, 'train_loss': 0.0003, 'train_acc': 1.0, 'task_loss': (1e-04, 0.0002)}
{'epoch': 64, 'train_loss': 0.0002, 'train_acc': 1.0, 'task_loss': (0.0, 1e-04)}
{'epoch': 65, 'train_loss': 0.0002, 'train_acc': 1.0, 'task_loss': (1e-04, 1e-04)}
{'epoch': 66, 'train_loss': 0.0003, 'train_acc': 1.0, 'task_loss': (1e-04, 0.0002)}
{'epoch': 67, 'train_loss': 0.0003, 'train_acc': 1.0, 'task_loss': (0.0, 0.0002)}
{'epoch': 68, 'train_loss': 0.0002, 'train_acc': 1.0, 'task_loss': (1e-04, 1e-04)}
{'epoch': 69, 'train_loss': 0.0002, 'train_acc': 1.0, 'task_loss': (0.0, 0.0002)}
{'epoch': 70, 'train_loss': 0.0002, 'train_acc': 1.0, 'task_loss': (1e-04, 0.0002)}
{'epoch': 71, 'train_loss': 0.0002, 'train_acc': 1.0, 'task_loss': (1e-04, 0.0002)}
{'epoch': 72, 'train_loss': 0.0002, 'train_acc': 1.0, 'task_loss': (1e-04, 0.0002)}
{'epoch': 73, 'train_loss': 0.0002, 'train_acc': 1.0, 'task_loss': (1e-04, 0.0002)}
{'epoch': 74, 'train_loss': 0.0002, 'train_acc': 1.0, 'task_loss': (1e-04, 1e-04)}
{'epoch': 75, 'train_loss': 0.0002, 'train_acc': 1.0, 'task_loss': (0.0, 1e-04)}
{'epoch': 76, 'train_loss': 0.003, 'train_acc': 0.9987, 'task_loss': (0.0021, 0.0009)}
{'epoch': 77, 'train_loss': 0.0002, 'train_acc': 1.0, 'task_loss': (1e-04, 0.0002)}
{'epoch': 78, 'train_loss': 0.0002, 'train_acc': 1.0, 'task_loss': (1e-04, 1e-04)}
{'epoch': 79, 'train_loss': 0.0003, 'train_acc': 1.0, 'task_loss': (1e-04, 0.0002)}
{'epoch': 80, 'train_loss': 0.0003, 'train_acc': 1.0, 'task_loss': (1e-04, 0.0002)}
{'epoch': 81, 'train_loss': 0.0002, 'train_acc': 1.0, 'task_loss': (1e-04, 0.0002)}
{'epoch': 82, 'train_loss': 0.0003, 'train_acc': 1.0, 'task_loss': (1e-04, 0.0002)}
{'epoch': 83, 'train_loss': 0.0002, 'train_acc': 1.0, 'task_loss': (1e-04, 0.0002)}
{'epoch': 84, 'train_loss': 0.0003, 'train_acc': 1.0, 'task_loss': (1e-04, 0.0002)}
{'epoch': 85, 'train_loss': 0.0002, 'train_acc': 1.0, 'task_loss': (1e-04, 1e-04)}
{'epoch': 86, 'train_loss': 0.0002, 'train_acc': 1.0, 'task_loss': (1e-04, 0.0002)}
{'epoch': 87, 'train_loss': 0.0002, 'train_acc': 1.0, 'task_loss': (0.0, 1e-04)}
{'epoch': 88, 'train_loss': 0.0002, 'train_acc': 1.0, 'task_loss': (0.0, 0.0002)}
{'epoch': 89, 'train_loss': 0.0003, 'train_acc': 1.0, 'task_loss': (1e-04, 0.0003)}
{'epoch': 90, 'train_loss': 0.0002, 'train_acc': 1.0, 'task_loss': (1e-04, 1e-04)}
{'epoch': 91, 'train_loss': 0.0004, 'train_acc': 1.0, 'task_loss': (0.0002, 0.0003)}
{'epoch': 92, 'train_loss': 0.0002, 'train_acc': 1.0, 'task_loss': (1e-04, 1e-04)}
{'epoch': 93, 'train_loss': 0.0002, 'train_acc': 1.0, 'task_loss': (1e-04, 0.0002)}
{'epoch': 94, 'train_loss': 0.0003, 'train_acc': 1.0, 'task_loss': (1e-04, 0.0002)}
{'epoch': 95, 'train_loss': 0.0001, 'train_acc': 1.0, 'task_loss': (0.0, 1e-04)}
{'epoch': 96, 'train_loss': 0.0002, 'train_acc': 1.0, 'task_loss': (0.0, 0.0002)}
{'epoch': 97, 'train_loss': 0.0003, 'train_acc': 1.0, 'task_loss': (1e-04, 0.0002)}
{'epoch': 98, 'train_loss': 0.0003, 'train_acc': 1.0, 'task_loss': (1e-04, 0.0002)}
{'epoch': 99, 'train_loss': 0.0002, 'train_acc': 1.0, 'task_loss': (0.0, 0.0002)}
{'epoch': 100, 'train_loss': 0.0002, 'train_acc': 1.0, 'task_loss': (1e-04, 1e-04)}
{'run_num': 9, 'final_test_err': 0.10097719869706845}
{'avg_err': 0.1016, 'std_err': 0.01}
