{'deploy': True, 'tag': '01_prelim/lr', 'seed': 10, 'device': 'cuda:0', 'reps': 1, 'loss': {'α': 0.5, 'tune_α': False, 'group_task_loss': True}, 'task': {'dataset': 'split_cifar10', 'task_map': [[0, 1], [2, 3], [4, 5], [6, 7], [8, 9]], 'target': 0, 'ood': [1], 'augment': True, 'n': 50, 'm_n': 0, 'β': 0.5, 'custom_sampler': True}, 'hp': {'epochs': 100, 'bs': 16, 'lr': 0.01}, 'net': 'conv'}
Files already downloaded and verified
Files already downloaded and verified
{'epoch': 1, 'train_loss': 0.4061, 'train_acc': 0.5, 'task_loss': (0.4061, 0.0)}
{'epoch': 2, 'train_loss': 0.2693, 'train_acc': 0.76, 'task_loss': (0.2693, 0.0)}
{'epoch': 3, 'train_loss': 0.2435, 'train_acc': 0.76, 'task_loss': (0.2435, 0.0)}
{'epoch': 4, 'train_loss': 0.2054, 'train_acc': 0.8, 'task_loss': (0.2054, 0.0)}
{'epoch': 5, 'train_loss': 0.2378, 'train_acc': 0.83, 'task_loss': (0.2378, 0.0)}
{'epoch': 6, 'train_loss': 0.2173, 'train_acc': 0.85, 'task_loss': (0.2173, 0.0)}
{'epoch': 7, 'train_loss': 0.2002, 'train_acc': 0.84, 'task_loss': (0.2002, 0.0)}
{'epoch': 8, 'train_loss': 0.2263, 'train_acc': 0.81, 'task_loss': (0.2263, 0.0)}
{'epoch': 9, 'train_loss': 0.1816, 'train_acc': 0.84, 'task_loss': (0.1816, 0.0)}
{'epoch': 10, 'train_loss': 0.2177, 'train_acc': 0.81, 'task_loss': (0.2177, 0.0)}
{'epoch': 11, 'train_loss': 0.1207, 'train_acc': 0.91, 'task_loss': (0.1207, 0.0)}
{'epoch': 12, 'train_loss': 0.1326, 'train_acc': 0.89, 'task_loss': (0.1326, 0.0)}
{'epoch': 13, 'train_loss': 0.1304, 'train_acc': 0.92, 'task_loss': (0.1304, 0.0)}
{'epoch': 14, 'train_loss': 0.1186, 'train_acc': 0.89, 'task_loss': (0.1186, 0.0)}
{'epoch': 15, 'train_loss': 0.0943, 'train_acc': 0.92, 'task_loss': (0.0943, 0.0)}
{'epoch': 16, 'train_loss': 0.1401, 'train_acc': 0.85, 'task_loss': (0.1401, 0.0)}
{'epoch': 17, 'train_loss': 0.1457, 'train_acc': 0.87, 'task_loss': (0.1457, 0.0)}
{'epoch': 18, 'train_loss': 0.1207, 'train_acc': 0.9, 'task_loss': (0.1207, 0.0)}
{'epoch': 19, 'train_loss': 0.1733, 'train_acc': 0.85, 'task_loss': (0.1733, 0.0)}
{'epoch': 20, 'train_loss': 0.1887, 'train_acc': 0.83, 'task_loss': (0.1887, 0.0)}
{'epoch': 21, 'train_loss': 0.11, 'train_acc': 0.92, 'task_loss': (0.11, 0.0)}
{'epoch': 22, 'train_loss': 0.0921, 'train_acc': 0.94, 'task_loss': (0.0921, 0.0)}
{'epoch': 23, 'train_loss': 0.1295, 'train_acc': 0.89, 'task_loss': (0.1295, 0.0)}
{'epoch': 24, 'train_loss': 0.1007, 'train_acc': 0.91, 'task_loss': (0.1007, 0.0)}
{'epoch': 25, 'train_loss': 0.0847, 'train_acc': 0.92, 'task_loss': (0.0847, 0.0)}
{'epoch': 26, 'train_loss': 0.0748, 'train_acc': 0.92, 'task_loss': (0.0748, 0.0)}
{'epoch': 27, 'train_loss': 0.0701, 'train_acc': 0.94, 'task_loss': (0.0701, 0.0)}
{'epoch': 28, 'train_loss': 0.0911, 'train_acc': 0.93, 'task_loss': (0.0911, 0.0)}
{'epoch': 29, 'train_loss': 0.1388, 'train_acc': 0.87, 'task_loss': (0.1388, 0.0)}
{'epoch': 30, 'train_loss': 0.069, 'train_acc': 0.95, 'task_loss': (0.069, 0.0)}
{'epoch': 31, 'train_loss': 0.0555, 'train_acc': 0.96, 'task_loss': (0.0555, 0.0)}
{'epoch': 32, 'train_loss': 0.0581, 'train_acc': 0.96, 'task_loss': (0.0581, 0.0)}
{'epoch': 33, 'train_loss': 0.049, 'train_acc': 0.95, 'task_loss': (0.049, 0.0)}
{'epoch': 34, 'train_loss': 0.0566, 'train_acc': 0.95, 'task_loss': (0.0566, 0.0)}
{'epoch': 35, 'train_loss': 0.0379, 'train_acc': 0.98, 'task_loss': (0.0379, 0.0)}
{'epoch': 36, 'train_loss': 0.0663, 'train_acc': 0.95, 'task_loss': (0.0663, 0.0)}
{'epoch': 37, 'train_loss': 0.0495, 'train_acc': 0.97, 'task_loss': (0.0495, 0.0)}
{'epoch': 38, 'train_loss': 0.0469, 'train_acc': 0.98, 'task_loss': (0.0469, 0.0)}
{'epoch': 39, 'train_loss': 0.0953, 'train_acc': 0.92, 'task_loss': (0.0953, 0.0)}
{'epoch': 40, 'train_loss': 0.0365, 'train_acc': 0.98, 'task_loss': (0.0365, 0.0)}
{'epoch': 41, 'train_loss': 0.0465, 'train_acc': 0.96, 'task_loss': (0.0465, 0.0)}
{'epoch': 42, 'train_loss': 0.0502, 'train_acc': 0.97, 'task_loss': (0.0502, 0.0)}
{'epoch': 43, 'train_loss': 0.0311, 'train_acc': 0.98, 'task_loss': (0.0311, 0.0)}
{'epoch': 44, 'train_loss': 0.0333, 'train_acc': 0.98, 'task_loss': (0.0333, 0.0)}
{'epoch': 45, 'train_loss': 0.0365, 'train_acc': 0.98, 'task_loss': (0.0365, 0.0)}
{'epoch': 46, 'train_loss': 0.0226, 'train_acc': 0.98, 'task_loss': (0.0226, 0.0)}
{'epoch': 47, 'train_loss': 0.0334, 'train_acc': 0.98, 'task_loss': (0.0334, 0.0)}
{'epoch': 48, 'train_loss': 0.0266, 'train_acc': 0.98, 'task_loss': (0.0266, 0.0)}
{'epoch': 49, 'train_loss': 0.0265, 'train_acc': 0.98, 'task_loss': (0.0265, 0.0)}
{'epoch': 50, 'train_loss': 0.0282, 'train_acc': 0.99, 'task_loss': (0.0282, 0.0)}
{'epoch': 51, 'train_loss': 0.0188, 'train_acc': 1.0, 'task_loss': (0.0188, 0.0)}
{'epoch': 52, 'train_loss': 0.0297, 'train_acc': 0.98, 'task_loss': (0.0297, 0.0)}
{'epoch': 53, 'train_loss': 0.0249, 'train_acc': 0.99, 'task_loss': (0.0249, 0.0)}
{'epoch': 54, 'train_loss': 0.0192, 'train_acc': 0.99, 'task_loss': (0.0192, 0.0)}
{'epoch': 55, 'train_loss': 0.013, 'train_acc': 1.0, 'task_loss': (0.013, 0.0)}
{'epoch': 56, 'train_loss': 0.0205, 'train_acc': 0.98, 'task_loss': (0.0205, 0.0)}
{'epoch': 57, 'train_loss': 0.0185, 'train_acc': 0.99, 'task_loss': (0.0185, 0.0)}
{'epoch': 58, 'train_loss': 0.0267, 'train_acc': 0.97, 'task_loss': (0.0267, 0.0)}
{'epoch': 59, 'train_loss': 0.0185, 'train_acc': 0.98, 'task_loss': (0.0185, 0.0)}
{'epoch': 60, 'train_loss': 0.0111, 'train_acc': 1.0, 'task_loss': (0.0111, 0.0)}
{'epoch': 61, 'train_loss': 0.0192, 'train_acc': 0.99, 'task_loss': (0.0192, 0.0)}
{'epoch': 62, 'train_loss': 0.007, 'train_acc': 1.0, 'task_loss': (0.007, 0.0)}
{'epoch': 63, 'train_loss': 0.0126, 'train_acc': 1.0, 'task_loss': (0.0126, 0.0)}
{'epoch': 64, 'train_loss': 0.0272, 'train_acc': 0.98, 'task_loss': (0.0272, 0.0)}
{'epoch': 65, 'train_loss': 0.0155, 'train_acc': 1.0, 'task_loss': (0.0155, 0.0)}
{'epoch': 66, 'train_loss': 0.0413, 'train_acc': 0.96, 'task_loss': (0.0413, 0.0)}
{'epoch': 67, 'train_loss': 0.0287, 'train_acc': 0.98, 'task_loss': (0.0287, 0.0)}
{'epoch': 68, 'train_loss': 0.0299, 'train_acc': 0.99, 'task_loss': (0.0299, 0.0)}
{'epoch': 69, 'train_loss': 0.0317, 'train_acc': 0.98, 'task_loss': (0.0317, 0.0)}
{'epoch': 70, 'train_loss': 0.0161, 'train_acc': 0.99, 'task_loss': (0.0161, 0.0)}
{'epoch': 71, 'train_loss': 0.0198, 'train_acc': 0.99, 'task_loss': (0.0198, 0.0)}
{'epoch': 72, 'train_loss': 0.0219, 'train_acc': 1.0, 'task_loss': (0.0219, 0.0)}
{'epoch': 73, 'train_loss': 0.0196, 'train_acc': 0.99, 'task_loss': (0.0196, 0.0)}
{'epoch': 74, 'train_loss': 0.0273, 'train_acc': 0.98, 'task_loss': (0.0273, 0.0)}
{'epoch': 75, 'train_loss': 0.0112, 'train_acc': 1.0, 'task_loss': (0.0112, 0.0)}
{'epoch': 76, 'train_loss': 0.0096, 'train_acc': 1.0, 'task_loss': (0.0096, 0.0)}
{'epoch': 77, 'train_loss': 0.0129, 'train_acc': 1.0, 'task_loss': (0.0129, 0.0)}
{'epoch': 78, 'train_loss': 0.021, 'train_acc': 0.99, 'task_loss': (0.021, 0.0)}
{'epoch': 79, 'train_loss': 0.0179, 'train_acc': 0.99, 'task_loss': (0.0179, 0.0)}
{'epoch': 80, 'train_loss': 0.0132, 'train_acc': 1.0, 'task_loss': (0.0132, 0.0)}
{'epoch': 81, 'train_loss': 0.0103, 'train_acc': 1.0, 'task_loss': (0.0103, 0.0)}
{'epoch': 82, 'train_loss': 0.0076, 'train_acc': 1.0, 'task_loss': (0.0076, 0.0)}
{'epoch': 83, 'train_loss': 0.033, 'train_acc': 0.96, 'task_loss': (0.033, 0.0)}
{'epoch': 84, 'train_loss': 0.0077, 'train_acc': 1.0, 'task_loss': (0.0077, 0.0)}
{'epoch': 85, 'train_loss': 0.0082, 'train_acc': 1.0, 'task_loss': (0.0082, 0.0)}
{'epoch': 86, 'train_loss': 0.0132, 'train_acc': 0.99, 'task_loss': (0.0132, 0.0)}
{'epoch': 87, 'train_loss': 0.0159, 'train_acc': 0.99, 'task_loss': (0.0159, 0.0)}
{'epoch': 88, 'train_loss': 0.0078, 'train_acc': 1.0, 'task_loss': (0.0078, 0.0)}
{'epoch': 89, 'train_loss': 0.0247, 'train_acc': 0.99, 'task_loss': (0.0247, 0.0)}
{'epoch': 90, 'train_loss': 0.0067, 'train_acc': 1.0, 'task_loss': (0.0067, 0.0)}
{'epoch': 91, 'train_loss': 0.0101, 'train_acc': 1.0, 'task_loss': (0.0101, 0.0)}
{'epoch': 92, 'train_loss': 0.0121, 'train_acc': 1.0, 'task_loss': (0.0121, 0.0)}
{'epoch': 93, 'train_loss': 0.0192, 'train_acc': 0.99, 'task_loss': (0.0192, 0.0)}
{'epoch': 94, 'train_loss': 0.0049, 'train_acc': 1.0, 'task_loss': (0.0049, 0.0)}
{'epoch': 95, 'train_loss': 0.0156, 'train_acc': 0.99, 'task_loss': (0.0156, 0.0)}
{'epoch': 96, 'train_loss': 0.015, 'train_acc': 0.99, 'task_loss': (0.015, 0.0)}
{'epoch': 97, 'train_loss': 0.0253, 'train_acc': 0.99, 'task_loss': (0.0253, 0.0)}
{'epoch': 98, 'train_loss': 0.0055, 'train_acc': 1.0, 'task_loss': (0.0055, 0.0)}
{'epoch': 99, 'train_loss': 0.0089, 'train_acc': 1.0, 'task_loss': (0.0089, 0.0)}
{'epoch': 100, 'train_loss': 0.0111, 'train_acc': 1.0, 'task_loss': (0.0111, 0.0)}
{'run_num': 0, 'final_test_err': 0.27149999999999996}
{'avg_err': 0.2715, 'std_err': 0.0}
