{'deploy': True, 'tag': '02_beta/task_agnostic', 'seed': 10, 'device': 'cuda:0', 'reps': 10, 'loss': {'α': 0.5, 'tune_α': False, 'group_task_loss': False}, 'task': {'dataset': 'split_cifar10', 'task_map': [[0, 1], [2, 3], [4, 5], [6, 7], [8, 9]], 'target': 0, 'ood': [4], 'augment': False, 'n': 50, 'm_n': 3, 'β': 0.5, 'custom_sampler': False}, 'hp': {'epochs': 100, 'bs': 16, 'lr': 0.01}, 'net': 'conv'}
Files already downloaded and verified
Files already downloaded and verified
{'epoch': 1, 'train_loss': 0.6416, 'train_acc': 0.6975}
{'epoch': 2, 'train_loss': 0.4426, 'train_acc': 0.7975}
{'epoch': 3, 'train_loss': 0.3129, 'train_acc': 0.8475}
{'epoch': 4, 'train_loss': 0.1953, 'train_acc': 0.93}
{'epoch': 5, 'train_loss': 0.1252, 'train_acc': 0.9625}
{'epoch': 6, 'train_loss': 0.0574, 'train_acc': 0.98}
{'epoch': 7, 'train_loss': 0.0357, 'train_acc': 0.9925}
{'epoch': 8, 'train_loss': 0.0298, 'train_acc': 0.995}
{'epoch': 9, 'train_loss': 0.0145, 'train_acc': 1.0}
{'epoch': 10, 'train_loss': 0.0055, 'train_acc': 1.0}
{'epoch': 11, 'train_loss': 0.0042, 'train_acc': 1.0}
{'epoch': 12, 'train_loss': 0.0023, 'train_acc': 1.0}
{'epoch': 13, 'train_loss': 0.002, 'train_acc': 1.0}
{'epoch': 14, 'train_loss': 0.0016, 'train_acc': 1.0}
{'epoch': 15, 'train_loss': 0.0013, 'train_acc': 1.0}
{'epoch': 16, 'train_loss': 0.0011, 'train_acc': 1.0}
{'epoch': 17, 'train_loss': 0.0011, 'train_acc': 1.0}
{'epoch': 18, 'train_loss': 0.0012, 'train_acc': 1.0}
{'epoch': 19, 'train_loss': 0.0009, 'train_acc': 1.0}
{'epoch': 20, 'train_loss': 0.0011, 'train_acc': 1.0}
{'epoch': 21, 'train_loss': 0.0009, 'train_acc': 1.0}
{'epoch': 22, 'train_loss': 0.0009, 'train_acc': 1.0}
{'epoch': 23, 'train_loss': 0.0008, 'train_acc': 1.0}
{'epoch': 24, 'train_loss': 0.001, 'train_acc': 1.0}
{'epoch': 25, 'train_loss': 0.0006, 'train_acc': 1.0}
{'epoch': 26, 'train_loss': 0.0006, 'train_acc': 1.0}
{'epoch': 27, 'train_loss': 0.001, 'train_acc': 1.0}
{'epoch': 28, 'train_loss': 0.0007, 'train_acc': 1.0}
{'epoch': 29, 'train_loss': 0.0008, 'train_acc': 1.0}
{'epoch': 30, 'train_loss': 0.0007, 'train_acc': 1.0}
{'epoch': 31, 'train_loss': 0.0006, 'train_acc': 1.0}
{'epoch': 32, 'train_loss': 0.0006, 'train_acc': 1.0}
{'epoch': 33, 'train_loss': 0.0005, 'train_acc': 1.0}
{'epoch': 34, 'train_loss': 0.0005, 'train_acc': 1.0}
{'epoch': 35, 'train_loss': 0.0006, 'train_acc': 1.0}
{'epoch': 36, 'train_loss': 0.0004, 'train_acc': 1.0}
{'epoch': 37, 'train_loss': 0.0004, 'train_acc': 1.0}
{'epoch': 38, 'train_loss': 0.0005, 'train_acc': 1.0}
{'epoch': 39, 'train_loss': 0.0005, 'train_acc': 1.0}
{'epoch': 40, 'train_loss': 0.0003, 'train_acc': 1.0}
{'epoch': 41, 'train_loss': 0.0006, 'train_acc': 1.0}
{'epoch': 42, 'train_loss': 0.0004, 'train_acc': 1.0}
{'epoch': 43, 'train_loss': 0.0003, 'train_acc': 1.0}
{'epoch': 44, 'train_loss': 0.0005, 'train_acc': 1.0}
{'epoch': 45, 'train_loss': 0.0005, 'train_acc': 1.0}
{'epoch': 46, 'train_loss': 0.0004, 'train_acc': 1.0}
{'epoch': 47, 'train_loss': 0.0004, 'train_acc': 1.0}
{'epoch': 48, 'train_loss': 0.0004, 'train_acc': 1.0}
{'epoch': 49, 'train_loss': 0.0004, 'train_acc': 1.0}
{'epoch': 50, 'train_loss': 0.0003, 'train_acc': 1.0}
{'epoch': 51, 'train_loss': 0.0003, 'train_acc': 1.0}
{'epoch': 52, 'train_loss': 0.0003, 'train_acc': 1.0}
{'epoch': 53, 'train_loss': 0.0003, 'train_acc': 1.0}
{'epoch': 54, 'train_loss': 0.0004, 'train_acc': 1.0}
{'epoch': 55, 'train_loss': 0.0004, 'train_acc': 1.0}
{'epoch': 56, 'train_loss': 0.0003, 'train_acc': 1.0}
{'epoch': 57, 'train_loss': 0.0003, 'train_acc': 1.0}
{'epoch': 58, 'train_loss': 0.0004, 'train_acc': 1.0}
{'epoch': 59, 'train_loss': 0.0003, 'train_acc': 1.0}
{'epoch': 60, 'train_loss': 0.0003, 'train_acc': 1.0}
{'epoch': 61, 'train_loss': 0.0003, 'train_acc': 1.0}
{'epoch': 62, 'train_loss': 0.0003, 'train_acc': 1.0}
{'epoch': 63, 'train_loss': 0.0003, 'train_acc': 1.0}
{'epoch': 64, 'train_loss': 0.0003, 'train_acc': 1.0}
{'epoch': 65, 'train_loss': 0.0004, 'train_acc': 1.0}
{'epoch': 66, 'train_loss': 0.0002, 'train_acc': 1.0}
{'epoch': 67, 'train_loss': 0.0003, 'train_acc': 1.0}
{'epoch': 68, 'train_loss': 0.0003, 'train_acc': 1.0}
{'epoch': 69, 'train_loss': 0.0003, 'train_acc': 1.0}
{'epoch': 70, 'train_loss': 0.0003, 'train_acc': 1.0}
{'epoch': 71, 'train_loss': 0.0004, 'train_acc': 1.0}
{'epoch': 72, 'train_loss': 0.0003, 'train_acc': 1.0}
{'epoch': 73, 'train_loss': 0.0003, 'train_acc': 1.0}
{'epoch': 74, 'train_loss': 0.0003, 'train_acc': 1.0}
{'epoch': 75, 'train_loss': 0.0003, 'train_acc': 1.0}
{'epoch': 76, 'train_loss': 0.0002, 'train_acc': 1.0}
{'epoch': 77, 'train_loss': 0.0003, 'train_acc': 1.0}
{'epoch': 78, 'train_loss': 0.0003, 'train_acc': 1.0}
{'epoch': 79, 'train_loss': 0.0003, 'train_acc': 1.0}
{'epoch': 80, 'train_loss': 0.0003, 'train_acc': 1.0}
{'epoch': 81, 'train_loss': 0.0003, 'train_acc': 1.0}
{'epoch': 82, 'train_loss': 0.0002, 'train_acc': 1.0}
{'epoch': 83, 'train_loss': 0.0002, 'train_acc': 1.0}
{'epoch': 84, 'train_loss': 0.0002, 'train_acc': 1.0}
{'epoch': 85, 'train_loss': 0.0004, 'train_acc': 1.0}
{'epoch': 86, 'train_loss': 0.0002, 'train_acc': 1.0}
{'epoch': 87, 'train_loss': 0.0003, 'train_acc': 1.0}
{'epoch': 88, 'train_loss': 0.0004, 'train_acc': 1.0}
{'epoch': 89, 'train_loss': 0.0003, 'train_acc': 1.0}
{'epoch': 90, 'train_loss': 0.0005, 'train_acc': 1.0}
{'epoch': 91, 'train_loss': 0.0002, 'train_acc': 1.0}
{'epoch': 92, 'train_loss': 0.0002, 'train_acc': 1.0}
{'epoch': 93, 'train_loss': 0.0002, 'train_acc': 1.0}
{'epoch': 94, 'train_loss': 0.0003, 'train_acc': 1.0}
{'epoch': 95, 'train_loss': 0.0003, 'train_acc': 1.0}
{'epoch': 96, 'train_loss': 0.0003, 'train_acc': 1.0}
{'epoch': 97, 'train_loss': 0.0002, 'train_acc': 1.0}
{'epoch': 98, 'train_loss': 0.0003, 'train_acc': 1.0}
{'epoch': 99, 'train_loss': 0.0004, 'train_acc': 1.0}
{'epoch': 100, 'train_loss': 0.0003, 'train_acc': 1.0}
{'run_num': 0, 'final_test_err': 0.1865}
Files already downloaded and verified
Files already downloaded and verified
{'epoch': 1, 'train_loss': 0.6812, 'train_acc': 0.6825}
{'epoch': 2, 'train_loss': 0.4457, 'train_acc': 0.8025}
{'epoch': 3, 'train_loss': 0.2493, 'train_acc': 0.895}
{'epoch': 4, 'train_loss': 0.1769, 'train_acc': 0.9275}
{'epoch': 5, 'train_loss': 0.0893, 'train_acc': 0.975}
{'epoch': 6, 'train_loss': 0.0674, 'train_acc': 0.9775}
{'epoch': 7, 'train_loss': 0.0303, 'train_acc': 0.9925}
{'epoch': 8, 'train_loss': 0.0129, 'train_acc': 1.0}
{'epoch': 9, 'train_loss': 0.0095, 'train_acc': 1.0}
{'epoch': 10, 'train_loss': 0.0052, 'train_acc': 1.0}
{'epoch': 11, 'train_loss': 0.0025, 'train_acc': 1.0}
{'epoch': 12, 'train_loss': 0.0023, 'train_acc': 1.0}
{'epoch': 13, 'train_loss': 0.0021, 'train_acc': 1.0}
{'epoch': 14, 'train_loss': 0.0014, 'train_acc': 1.0}
{'epoch': 15, 'train_loss': 0.0018, 'train_acc': 1.0}
{'epoch': 16, 'train_loss': 0.0014, 'train_acc': 1.0}
{'epoch': 17, 'train_loss': 0.0011, 'train_acc': 1.0}
{'epoch': 18, 'train_loss': 0.0012, 'train_acc': 1.0}
{'epoch': 19, 'train_loss': 0.001, 'train_acc': 1.0}
{'epoch': 20, 'train_loss': 0.0008, 'train_acc': 1.0}
{'epoch': 21, 'train_loss': 0.0014, 'train_acc': 1.0}
{'epoch': 22, 'train_loss': 0.0006, 'train_acc': 1.0}
{'epoch': 23, 'train_loss': 0.0009, 'train_acc': 1.0}
{'epoch': 24, 'train_loss': 0.0008, 'train_acc': 1.0}
{'epoch': 25, 'train_loss': 0.0006, 'train_acc': 1.0}
{'epoch': 26, 'train_loss': 0.0007, 'train_acc': 1.0}
{'epoch': 27, 'train_loss': 0.0008, 'train_acc': 1.0}
{'epoch': 28, 'train_loss': 0.0006, 'train_acc': 1.0}
{'epoch': 29, 'train_loss': 0.0006, 'train_acc': 1.0}
{'epoch': 30, 'train_loss': 0.0005, 'train_acc': 1.0}
{'epoch': 31, 'train_loss': 0.0005, 'train_acc': 1.0}
{'epoch': 32, 'train_loss': 0.0009, 'train_acc': 1.0}
{'epoch': 33, 'train_loss': 0.0005, 'train_acc': 1.0}
{'epoch': 34, 'train_loss': 0.0004, 'train_acc': 1.0}
{'epoch': 35, 'train_loss': 0.0005, 'train_acc': 1.0}
{'epoch': 36, 'train_loss': 0.0004, 'train_acc': 1.0}
{'epoch': 37, 'train_loss': 0.0004, 'train_acc': 1.0}
{'epoch': 38, 'train_loss': 0.0004, 'train_acc': 1.0}
{'epoch': 39, 'train_loss': 0.0004, 'train_acc': 1.0}
{'epoch': 40, 'train_loss': 0.0004, 'train_acc': 1.0}
{'epoch': 41, 'train_loss': 0.0003, 'train_acc': 1.0}
{'epoch': 42, 'train_loss': 0.0004, 'train_acc': 1.0}
{'epoch': 43, 'train_loss': 0.0003, 'train_acc': 1.0}
{'epoch': 44, 'train_loss': 0.0004, 'train_acc': 1.0}
{'epoch': 45, 'train_loss': 0.0004, 'train_acc': 1.0}
{'epoch': 46, 'train_loss': 0.0003, 'train_acc': 1.0}
{'epoch': 47, 'train_loss': 0.0004, 'train_acc': 1.0}
{'epoch': 48, 'train_loss': 0.0003, 'train_acc': 1.0}
{'epoch': 49, 'train_loss': 0.0005, 'train_acc': 1.0}
{'epoch': 50, 'train_loss': 0.0004, 'train_acc': 1.0}
{'epoch': 51, 'train_loss': 0.0004, 'train_acc': 1.0}
{'epoch': 52, 'train_loss': 0.0004, 'train_acc': 1.0}
{'epoch': 53, 'train_loss': 0.0003, 'train_acc': 1.0}
{'epoch': 54, 'train_loss': 0.0003, 'train_acc': 1.0}
{'epoch': 55, 'train_loss': 0.0002, 'train_acc': 1.0}
{'epoch': 56, 'train_loss': 0.0005, 'train_acc': 1.0}
{'epoch': 57, 'train_loss': 0.0003, 'train_acc': 1.0}
{'epoch': 58, 'train_loss': 0.0003, 'train_acc': 1.0}
{'epoch': 59, 'train_loss': 0.0003, 'train_acc': 1.0}
{'epoch': 60, 'train_loss': 0.0003, 'train_acc': 1.0}
{'epoch': 61, 'train_loss': 0.0003, 'train_acc': 1.0}
{'epoch': 62, 'train_loss': 0.0003, 'train_acc': 1.0}
{'epoch': 63, 'train_loss': 0.0003, 'train_acc': 1.0}
{'epoch': 64, 'train_loss': 0.0002, 'train_acc': 1.0}
{'epoch': 65, 'train_loss': 0.0003, 'train_acc': 1.0}
{'epoch': 66, 'train_loss': 0.0002, 'train_acc': 1.0}
{'epoch': 67, 'train_loss': 0.0003, 'train_acc': 1.0}
{'epoch': 68, 'train_loss': 0.0003, 'train_acc': 1.0}
{'epoch': 69, 'train_loss': 0.0003, 'train_acc': 1.0}
{'epoch': 70, 'train_loss': 0.0003, 'train_acc': 1.0}
{'epoch': 71, 'train_loss': 0.0003, 'train_acc': 1.0}
{'epoch': 72, 'train_loss': 0.0003, 'train_acc': 1.0}
{'epoch': 73, 'train_loss': 0.0003, 'train_acc': 1.0}
{'epoch': 74, 'train_loss': 0.0003, 'train_acc': 1.0}
{'epoch': 75, 'train_loss': 0.0003, 'train_acc': 1.0}
{'epoch': 76, 'train_loss': 0.0003, 'train_acc': 1.0}
{'epoch': 77, 'train_loss': 0.0002, 'train_acc': 1.0}
{'epoch': 78, 'train_loss': 0.0002, 'train_acc': 1.0}
{'epoch': 79, 'train_loss': 0.0003, 'train_acc': 1.0}
{'epoch': 80, 'train_loss': 0.0003, 'train_acc': 1.0}
{'epoch': 81, 'train_loss': 0.0002, 'train_acc': 1.0}
{'epoch': 82, 'train_loss': 0.0003, 'train_acc': 1.0}
{'epoch': 83, 'train_loss': 0.0003, 'train_acc': 1.0}
{'epoch': 84, 'train_loss': 0.0003, 'train_acc': 1.0}
{'epoch': 85, 'train_loss': 0.0003, 'train_acc': 1.0}
{'epoch': 86, 'train_loss': 0.0003, 'train_acc': 1.0}
{'epoch': 87, 'train_loss': 0.0002, 'train_acc': 1.0}
{'epoch': 88, 'train_loss': 0.0003, 'train_acc': 1.0}
{'epoch': 89, 'train_loss': 0.0003, 'train_acc': 1.0}
{'epoch': 90, 'train_loss': 0.0002, 'train_acc': 1.0}
{'epoch': 91, 'train_loss': 0.0003, 'train_acc': 1.0}
{'epoch': 92, 'train_loss': 0.0003, 'train_acc': 1.0}
{'epoch': 93, 'train_loss': 0.0002, 'train_acc': 1.0}
{'epoch': 94, 'train_loss': 0.0003, 'train_acc': 1.0}
{'epoch': 95, 'train_loss': 0.0003, 'train_acc': 1.0}
{'epoch': 96, 'train_loss': 0.0003, 'train_acc': 1.0}
{'epoch': 97, 'train_loss': 0.0003, 'train_acc': 1.0}
{'epoch': 98, 'train_loss': 0.0003, 'train_acc': 1.0}
{'epoch': 99, 'train_loss': 0.0003, 'train_acc': 1.0}
{'epoch': 100, 'train_loss': 0.0003, 'train_acc': 1.0}
{'run_num': 1, 'final_test_err': 0.1845}
Files already downloaded and verified
Files already downloaded and verified
{'epoch': 1, 'train_loss': 0.6305, 'train_acc': 0.695}
{'epoch': 2, 'train_loss': 0.466, 'train_acc': 0.7675}
{'epoch': 3, 'train_loss': 0.3353, 'train_acc': 0.8625}
{'epoch': 4, 'train_loss': 0.2142, 'train_acc': 0.9125}
{'epoch': 5, 'train_loss': 0.1145, 'train_acc': 0.9625}
{'epoch': 6, 'train_loss': 0.0762, 'train_acc': 0.9825}
{'epoch': 7, 'train_loss': 0.0406, 'train_acc': 0.9875}
{'epoch': 8, 'train_loss': 0.0209, 'train_acc': 1.0}
{'epoch': 9, 'train_loss': 0.0137, 'train_acc': 1.0}
{'epoch': 10, 'train_loss': 0.0043, 'train_acc': 1.0}
{'epoch': 11, 'train_loss': 0.0049, 'train_acc': 1.0}
{'epoch': 12, 'train_loss': 0.003, 'train_acc': 1.0}
{'epoch': 13, 'train_loss': 0.0033, 'train_acc': 1.0}
{'epoch': 14, 'train_loss': 0.0031, 'train_acc': 1.0}
{'epoch': 15, 'train_loss': 0.0019, 'train_acc': 1.0}
{'epoch': 16, 'train_loss': 0.0016, 'train_acc': 1.0}
{'epoch': 17, 'train_loss': 0.0012, 'train_acc': 1.0}
{'epoch': 18, 'train_loss': 0.001, 'train_acc': 1.0}
{'epoch': 19, 'train_loss': 0.0011, 'train_acc': 1.0}
{'epoch': 20, 'train_loss': 0.0025, 'train_acc': 1.0}
{'epoch': 21, 'train_loss': 0.0014, 'train_acc': 1.0}
{'epoch': 22, 'train_loss': 0.0012, 'train_acc': 1.0}
{'epoch': 23, 'train_loss': 0.0008, 'train_acc': 1.0}
{'epoch': 24, 'train_loss': 0.001, 'train_acc': 1.0}
{'epoch': 25, 'train_loss': 0.0007, 'train_acc': 1.0}
{'epoch': 26, 'train_loss': 0.0009, 'train_acc': 1.0}
{'epoch': 27, 'train_loss': 0.0007, 'train_acc': 1.0}
{'epoch': 28, 'train_loss': 0.0007, 'train_acc': 1.0}
{'epoch': 29, 'train_loss': 0.0006, 'train_acc': 1.0}
{'epoch': 30, 'train_loss': 0.0006, 'train_acc': 1.0}
{'epoch': 31, 'train_loss': 0.0005, 'train_acc': 1.0}
{'epoch': 32, 'train_loss': 0.0008, 'train_acc': 1.0}
{'epoch': 33, 'train_loss': 0.0006, 'train_acc': 1.0}
{'epoch': 34, 'train_loss': 0.0005, 'train_acc': 1.0}
{'epoch': 35, 'train_loss': 0.0005, 'train_acc': 1.0}
{'epoch': 36, 'train_loss': 0.0006, 'train_acc': 1.0}
{'epoch': 37, 'train_loss': 0.0006, 'train_acc': 1.0}
{'epoch': 38, 'train_loss': 0.0004, 'train_acc': 1.0}
{'epoch': 39, 'train_loss': 0.0005, 'train_acc': 1.0}
{'epoch': 40, 'train_loss': 0.0004, 'train_acc': 1.0}
{'epoch': 41, 'train_loss': 0.0004, 'train_acc': 1.0}
{'epoch': 42, 'train_loss': 0.0004, 'train_acc': 1.0}
{'epoch': 43, 'train_loss': 0.0003, 'train_acc': 1.0}
{'epoch': 44, 'train_loss': 0.0004, 'train_acc': 1.0}
{'epoch': 45, 'train_loss': 0.0005, 'train_acc': 1.0}
{'epoch': 46, 'train_loss': 0.0004, 'train_acc': 1.0}
{'epoch': 47, 'train_loss': 0.0003, 'train_acc': 1.0}
{'epoch': 48, 'train_loss': 0.0004, 'train_acc': 1.0}
{'epoch': 49, 'train_loss': 0.0003, 'train_acc': 1.0}
{'epoch': 50, 'train_loss': 0.0003, 'train_acc': 1.0}
{'epoch': 51, 'train_loss': 0.0004, 'train_acc': 1.0}
{'epoch': 52, 'train_loss': 0.0005, 'train_acc': 1.0}
{'epoch': 53, 'train_loss': 0.0004, 'train_acc': 1.0}
{'epoch': 54, 'train_loss': 0.0003, 'train_acc': 1.0}
{'epoch': 55, 'train_loss': 0.0005, 'train_acc': 1.0}
{'epoch': 56, 'train_loss': 0.0005, 'train_acc': 1.0}
{'epoch': 57, 'train_loss': 0.0004, 'train_acc': 1.0}
{'epoch': 58, 'train_loss': 0.0006, 'train_acc': 1.0}
{'epoch': 59, 'train_loss': 0.0003, 'train_acc': 1.0}
{'epoch': 60, 'train_loss': 0.0004, 'train_acc': 1.0}
{'epoch': 61, 'train_loss': 0.0003, 'train_acc': 1.0}
{'epoch': 62, 'train_loss': 0.0004, 'train_acc': 1.0}
{'epoch': 63, 'train_loss': 0.0003, 'train_acc': 1.0}
{'epoch': 64, 'train_loss': 0.0003, 'train_acc': 1.0}
{'epoch': 65, 'train_loss': 0.0004, 'train_acc': 1.0}
{'epoch': 66, 'train_loss': 0.0005, 'train_acc': 1.0}
{'epoch': 67, 'train_loss': 0.0003, 'train_acc': 1.0}
{'epoch': 68, 'train_loss': 0.0003, 'train_acc': 1.0}
{'epoch': 69, 'train_loss': 0.0003, 'train_acc': 1.0}
{'epoch': 70, 'train_loss': 0.0005, 'train_acc': 1.0}
{'epoch': 71, 'train_loss': 0.0003, 'train_acc': 1.0}
{'epoch': 72, 'train_loss': 0.0003, 'train_acc': 1.0}
{'epoch': 73, 'train_loss': 0.0003, 'train_acc': 1.0}
{'epoch': 74, 'train_loss': 0.0004, 'train_acc': 1.0}
{'epoch': 75, 'train_loss': 0.0003, 'train_acc': 1.0}
{'epoch': 76, 'train_loss': 0.0002, 'train_acc': 1.0}
{'epoch': 77, 'train_loss': 0.0003, 'train_acc': 1.0}
{'epoch': 78, 'train_loss': 0.0003, 'train_acc': 1.0}
{'epoch': 79, 'train_loss': 0.0004, 'train_acc': 1.0}
{'epoch': 80, 'train_loss': 0.0003, 'train_acc': 1.0}
{'epoch': 81, 'train_loss': 0.0004, 'train_acc': 1.0}
{'epoch': 82, 'train_loss': 0.0004, 'train_acc': 1.0}
{'epoch': 83, 'train_loss': 0.0003, 'train_acc': 1.0}
{'epoch': 84, 'train_loss': 0.0003, 'train_acc': 1.0}
{'epoch': 85, 'train_loss': 0.0003, 'train_acc': 1.0}
{'epoch': 86, 'train_loss': 0.0003, 'train_acc': 1.0}
{'epoch': 87, 'train_loss': 0.0003, 'train_acc': 1.0}
{'epoch': 88, 'train_loss': 0.0003, 'train_acc': 1.0}
{'epoch': 89, 'train_loss': 0.0003, 'train_acc': 1.0}
{'epoch': 90, 'train_loss': 0.0004, 'train_acc': 1.0}
{'epoch': 91, 'train_loss': 0.0003, 'train_acc': 1.0}
{'epoch': 92, 'train_loss': 0.0003, 'train_acc': 1.0}
{'epoch': 93, 'train_loss': 0.0003, 'train_acc': 1.0}
{'epoch': 94, 'train_loss': 0.0003, 'train_acc': 1.0}
{'epoch': 95, 'train_loss': 0.0004, 'train_acc': 1.0}
{'epoch': 96, 'train_loss': 0.0003, 'train_acc': 1.0}
{'epoch': 97, 'train_loss': 0.0003, 'train_acc': 1.0}
{'epoch': 98, 'train_loss': 0.0003, 'train_acc': 1.0}
{'epoch': 99, 'train_loss': 0.0003, 'train_acc': 1.0}
{'epoch': 100, 'train_loss': 0.0003, 'train_acc': 1.0}
{'run_num': 2, 'final_test_err': 0.18700000000000006}
Files already downloaded and verified
Files already downloaded and verified
{'epoch': 1, 'train_loss': 0.6342, 'train_acc': 0.7025}
{'epoch': 2, 'train_loss': 0.4028, 'train_acc': 0.8475}
{'epoch': 3, 'train_loss': 0.2989, 'train_acc': 0.8775}
{'epoch': 4, 'train_loss': 0.2153, 'train_acc': 0.915}
{'epoch': 5, 'train_loss': 0.1225, 'train_acc': 0.9625}
{'epoch': 6, 'train_loss': 0.0935, 'train_acc': 0.9725}
{'epoch': 7, 'train_loss': 0.0501, 'train_acc': 0.9775}
{'epoch': 8, 'train_loss': 0.0387, 'train_acc': 0.985}
{'epoch': 9, 'train_loss': 0.0136, 'train_acc': 1.0}
{'epoch': 10, 'train_loss': 0.0061, 'train_acc': 1.0}
{'epoch': 11, 'train_loss': 0.0051, 'train_acc': 1.0}
{'epoch': 12, 'train_loss': 0.0031, 'train_acc': 1.0}
{'epoch': 13, 'train_loss': 0.0029, 'train_acc': 1.0}
{'epoch': 14, 'train_loss': 0.0038, 'train_acc': 1.0}
{'epoch': 15, 'train_loss': 0.0021, 'train_acc': 1.0}
{'epoch': 16, 'train_loss': 0.0019, 'train_acc': 1.0}
{'epoch': 17, 'train_loss': 0.002, 'train_acc': 1.0}
{'epoch': 18, 'train_loss': 0.0015, 'train_acc': 1.0}
{'epoch': 19, 'train_loss': 0.0011, 'train_acc': 1.0}
{'epoch': 20, 'train_loss': 0.0014, 'train_acc': 1.0}
{'epoch': 21, 'train_loss': 0.0009, 'train_acc': 1.0}
{'epoch': 22, 'train_loss': 0.0009, 'train_acc': 1.0}
{'epoch': 23, 'train_loss': 0.0012, 'train_acc': 1.0}
{'epoch': 24, 'train_loss': 0.0008, 'train_acc': 1.0}
{'epoch': 25, 'train_loss': 0.0007, 'train_acc': 1.0}
{'epoch': 26, 'train_loss': 0.0006, 'train_acc': 1.0}
{'epoch': 27, 'train_loss': 0.0006, 'train_acc': 1.0}
{'epoch': 28, 'train_loss': 0.0007, 'train_acc': 1.0}
{'epoch': 29, 'train_loss': 0.0006, 'train_acc': 1.0}
{'epoch': 30, 'train_loss': 0.0008, 'train_acc': 1.0}
{'epoch': 31, 'train_loss': 0.0008, 'train_acc': 1.0}
{'epoch': 32, 'train_loss': 0.0007, 'train_acc': 1.0}
{'epoch': 33, 'train_loss': 0.0007, 'train_acc': 1.0}
{'epoch': 34, 'train_loss': 0.0005, 'train_acc': 1.0}
{'epoch': 35, 'train_loss': 0.0005, 'train_acc': 1.0}
{'epoch': 36, 'train_loss': 0.0006, 'train_acc': 1.0}
{'epoch': 37, 'train_loss': 0.0006, 'train_acc': 1.0}
{'epoch': 38, 'train_loss': 0.0004, 'train_acc': 1.0}
{'epoch': 39, 'train_loss': 0.0007, 'train_acc': 1.0}
{'epoch': 40, 'train_loss': 0.0004, 'train_acc': 1.0}
{'epoch': 41, 'train_loss': 0.0006, 'train_acc': 1.0}
{'epoch': 42, 'train_loss': 0.0004, 'train_acc': 1.0}
{'epoch': 43, 'train_loss': 0.0004, 'train_acc': 1.0}
{'epoch': 44, 'train_loss': 0.0004, 'train_acc': 1.0}
{'epoch': 45, 'train_loss': 0.0005, 'train_acc': 1.0}
{'epoch': 46, 'train_loss': 0.0005, 'train_acc': 1.0}
{'epoch': 47, 'train_loss': 0.0003, 'train_acc': 1.0}
{'epoch': 48, 'train_loss': 0.0006, 'train_acc': 1.0}
{'epoch': 49, 'train_loss': 0.0004, 'train_acc': 1.0}
{'epoch': 50, 'train_loss': 0.0003, 'train_acc': 1.0}
{'epoch': 51, 'train_loss': 0.0005, 'train_acc': 1.0}
{'epoch': 52, 'train_loss': 0.0005, 'train_acc': 1.0}
{'epoch': 53, 'train_loss': 0.0005, 'train_acc': 1.0}
{'epoch': 54, 'train_loss': 0.0004, 'train_acc': 1.0}
{'epoch': 55, 'train_loss': 0.0003, 'train_acc': 1.0}
{'epoch': 56, 'train_loss': 0.0003, 'train_acc': 1.0}
{'epoch': 57, 'train_loss': 0.0003, 'train_acc': 1.0}
{'epoch': 58, 'train_loss': 0.0005, 'train_acc': 1.0}
{'epoch': 59, 'train_loss': 0.0005, 'train_acc': 1.0}
{'epoch': 60, 'train_loss': 0.0006, 'train_acc': 1.0}
{'epoch': 61, 'train_loss': 0.0006, 'train_acc': 1.0}
{'epoch': 62, 'train_loss': 0.0004, 'train_acc': 1.0}
{'epoch': 63, 'train_loss': 0.0005, 'train_acc': 1.0}
{'epoch': 64, 'train_loss': 0.0002, 'train_acc': 1.0}
{'epoch': 65, 'train_loss': 0.0004, 'train_acc': 1.0}
{'epoch': 66, 'train_loss': 0.0002, 'train_acc': 1.0}
{'epoch': 67, 'train_loss': 0.0004, 'train_acc': 1.0}
{'epoch': 68, 'train_loss': 0.0002, 'train_acc': 1.0}
{'epoch': 69, 'train_loss': 0.0003, 'train_acc': 1.0}
{'epoch': 70, 'train_loss': 0.0003, 'train_acc': 1.0}
{'epoch': 71, 'train_loss': 0.0003, 'train_acc': 1.0}
{'epoch': 72, 'train_loss': 0.0003, 'train_acc': 1.0}
{'epoch': 73, 'train_loss': 0.0003, 'train_acc': 1.0}
{'epoch': 74, 'train_loss': 0.0003, 'train_acc': 1.0}
{'epoch': 75, 'train_loss': 0.0003, 'train_acc': 1.0}
{'epoch': 76, 'train_loss': 0.0003, 'train_acc': 1.0}
{'epoch': 77, 'train_loss': 0.0002, 'train_acc': 1.0}
{'epoch': 78, 'train_loss': 0.0002, 'train_acc': 1.0}
{'epoch': 79, 'train_loss': 0.0002, 'train_acc': 1.0}
{'epoch': 80, 'train_loss': 0.0002, 'train_acc': 1.0}
{'epoch': 81, 'train_loss': 0.0002, 'train_acc': 1.0}
{'epoch': 82, 'train_loss': 0.0006, 'train_acc': 1.0}
{'epoch': 83, 'train_loss': 0.0003, 'train_acc': 1.0}
{'epoch': 84, 'train_loss': 0.0003, 'train_acc': 1.0}
{'epoch': 85, 'train_loss': 0.0003, 'train_acc': 1.0}
{'epoch': 86, 'train_loss': 0.0002, 'train_acc': 1.0}
{'epoch': 87, 'train_loss': 0.0003, 'train_acc': 1.0}
{'epoch': 88, 'train_loss': 0.0003, 'train_acc': 1.0}
{'epoch': 89, 'train_loss': 0.0002, 'train_acc': 1.0}
{'epoch': 90, 'train_loss': 0.0003, 'train_acc': 1.0}
{'epoch': 91, 'train_loss': 0.0003, 'train_acc': 1.0}
{'epoch': 92, 'train_loss': 0.0002, 'train_acc': 1.0}
{'epoch': 93, 'train_loss': 0.0003, 'train_acc': 1.0}
{'epoch': 94, 'train_loss': 0.0003, 'train_acc': 1.0}
{'epoch': 95, 'train_loss': 0.0003, 'train_acc': 1.0}
{'epoch': 96, 'train_loss': 0.0002, 'train_acc': 1.0}
{'epoch': 97, 'train_loss': 0.0003, 'train_acc': 1.0}
{'epoch': 98, 'train_loss': 0.0003, 'train_acc': 1.0}
{'epoch': 99, 'train_loss': 0.0002, 'train_acc': 1.0}
{'epoch': 100, 'train_loss': 0.0004, 'train_acc': 1.0}
{'run_num': 3, 'final_test_err': 0.17900000000000005}
Files already downloaded and verified
Files already downloaded and verified
{'epoch': 1, 'train_loss': 0.6643, 'train_acc': 0.69}
{'epoch': 2, 'train_loss': 0.4667, 'train_acc': 0.7975}
{'epoch': 3, 'train_loss': 0.3595, 'train_acc': 0.8525}
{'epoch': 4, 'train_loss': 0.2296, 'train_acc': 0.9075}
{'epoch': 5, 'train_loss': 0.1448, 'train_acc': 0.9475}
{'epoch': 6, 'train_loss': 0.1035, 'train_acc': 0.96}
{'epoch': 7, 'train_loss': 0.0655, 'train_acc': 0.985}
{'epoch': 8, 'train_loss': 0.0358, 'train_acc': 0.9875}
{'epoch': 9, 'train_loss': 0.018, 'train_acc': 0.9975}
{'epoch': 10, 'train_loss': 0.0108, 'train_acc': 1.0}
{'epoch': 11, 'train_loss': 0.0067, 'train_acc': 1.0}
{'epoch': 12, 'train_loss': 0.0034, 'train_acc': 1.0}
{'epoch': 13, 'train_loss': 0.0019, 'train_acc': 1.0}
{'epoch': 14, 'train_loss': 0.0016, 'train_acc': 1.0}
{'epoch': 15, 'train_loss': 0.0015, 'train_acc': 1.0}
{'epoch': 16, 'train_loss': 0.0014, 'train_acc': 1.0}
{'epoch': 17, 'train_loss': 0.0012, 'train_acc': 1.0}
{'epoch': 18, 'train_loss': 0.0012, 'train_acc': 1.0}
{'epoch': 19, 'train_loss': 0.0009, 'train_acc': 1.0}
{'epoch': 20, 'train_loss': 0.0013, 'train_acc': 1.0}
{'epoch': 21, 'train_loss': 0.001, 'train_acc': 1.0}
{'epoch': 22, 'train_loss': 0.0007, 'train_acc': 1.0}
{'epoch': 23, 'train_loss': 0.0008, 'train_acc': 1.0}
{'epoch': 24, 'train_loss': 0.0009, 'train_acc': 1.0}
{'epoch': 25, 'train_loss': 0.0008, 'train_acc': 1.0}
{'epoch': 26, 'train_loss': 0.0007, 'train_acc': 1.0}
{'epoch': 27, 'train_loss': 0.0006, 'train_acc': 1.0}
{'epoch': 28, 'train_loss': 0.0004, 'train_acc': 1.0}
{'epoch': 29, 'train_loss': 0.0005, 'train_acc': 1.0}
{'epoch': 30, 'train_loss': 0.0004, 'train_acc': 1.0}
{'epoch': 31, 'train_loss': 0.0004, 'train_acc': 1.0}
{'epoch': 32, 'train_loss': 0.0007, 'train_acc': 1.0}
{'epoch': 33, 'train_loss': 0.0006, 'train_acc': 1.0}
{'epoch': 34, 'train_loss': 0.0005, 'train_acc': 1.0}
{'epoch': 35, 'train_loss': 0.0005, 'train_acc': 1.0}
{'epoch': 36, 'train_loss': 0.0004, 'train_acc': 1.0}
{'epoch': 37, 'train_loss': 0.0005, 'train_acc': 1.0}
{'epoch': 38, 'train_loss': 0.0004, 'train_acc': 1.0}
{'epoch': 39, 'train_loss': 0.0007, 'train_acc': 1.0}
{'epoch': 40, 'train_loss': 0.0006, 'train_acc': 1.0}
{'epoch': 41, 'train_loss': 0.0005, 'train_acc': 1.0}
{'epoch': 42, 'train_loss': 0.0003, 'train_acc': 1.0}
{'epoch': 43, 'train_loss': 0.0004, 'train_acc': 1.0}
{'epoch': 44, 'train_loss': 0.0003, 'train_acc': 1.0}
{'epoch': 45, 'train_loss': 0.0003, 'train_acc': 1.0}
{'epoch': 46, 'train_loss': 0.0004, 'train_acc': 1.0}
{'epoch': 47, 'train_loss': 0.0003, 'train_acc': 1.0}
{'epoch': 48, 'train_loss': 0.0003, 'train_acc': 1.0}
{'epoch': 49, 'train_loss': 0.0003, 'train_acc': 1.0}
{'epoch': 50, 'train_loss': 0.0005, 'train_acc': 1.0}
{'epoch': 51, 'train_loss': 0.0004, 'train_acc': 1.0}
{'epoch': 52, 'train_loss': 0.0003, 'train_acc': 1.0}
{'epoch': 53, 'train_loss': 0.0004, 'train_acc': 1.0}
{'epoch': 54, 'train_loss': 0.0003, 'train_acc': 1.0}
{'epoch': 55, 'train_loss': 0.0003, 'train_acc': 1.0}
{'epoch': 56, 'train_loss': 0.0003, 'train_acc': 1.0}
{'epoch': 57, 'train_loss': 0.0003, 'train_acc': 1.0}
{'epoch': 58, 'train_loss': 0.0004, 'train_acc': 1.0}
{'epoch': 59, 'train_loss': 0.0003, 'train_acc': 1.0}
{'epoch': 60, 'train_loss': 0.0003, 'train_acc': 1.0}
{'epoch': 61, 'train_loss': 0.0003, 'train_acc': 1.0}
{'epoch': 62, 'train_loss': 0.0003, 'train_acc': 1.0}
{'epoch': 63, 'train_loss': 0.0004, 'train_acc': 1.0}
{'epoch': 64, 'train_loss': 0.0003, 'train_acc': 1.0}
{'epoch': 65, 'train_loss': 0.0003, 'train_acc': 1.0}
{'epoch': 66, 'train_loss': 0.0003, 'train_acc': 1.0}
{'epoch': 67, 'train_loss': 0.0003, 'train_acc': 1.0}
{'epoch': 68, 'train_loss': 0.0002, 'train_acc': 1.0}
{'epoch': 69, 'train_loss': 0.0002, 'train_acc': 1.0}
{'epoch': 70, 'train_loss': 0.0003, 'train_acc': 1.0}
{'epoch': 71, 'train_loss': 0.0003, 'train_acc': 1.0}
{'epoch': 72, 'train_loss': 0.0003, 'train_acc': 1.0}
{'epoch': 73, 'train_loss': 0.0003, 'train_acc': 1.0}
{'epoch': 74, 'train_loss': 0.0003, 'train_acc': 1.0}
{'epoch': 75, 'train_loss': 0.0003, 'train_acc': 1.0}
{'epoch': 76, 'train_loss': 0.0003, 'train_acc': 1.0}
{'epoch': 77, 'train_loss': 0.0002, 'train_acc': 1.0}
{'epoch': 78, 'train_loss': 0.0003, 'train_acc': 1.0}
{'epoch': 79, 'train_loss': 0.0003, 'train_acc': 1.0}
{'epoch': 80, 'train_loss': 0.0002, 'train_acc': 1.0}
{'epoch': 81, 'train_loss': 0.0002, 'train_acc': 1.0}
{'epoch': 82, 'train_loss': 0.0002, 'train_acc': 1.0}
{'epoch': 83, 'train_loss': 0.0003, 'train_acc': 1.0}
{'epoch': 84, 'train_loss': 0.0002, 'train_acc': 1.0}
{'epoch': 85, 'train_loss': 0.0002, 'train_acc': 1.0}
{'epoch': 86, 'train_loss': 0.0003, 'train_acc': 1.0}
{'epoch': 87, 'train_loss': 0.0002, 'train_acc': 1.0}
{'epoch': 88, 'train_loss': 0.0002, 'train_acc': 1.0}
{'epoch': 89, 'train_loss': 0.0003, 'train_acc': 1.0}
{'epoch': 90, 'train_loss': 0.0002, 'train_acc': 1.0}
{'epoch': 91, 'train_loss': 0.0003, 'train_acc': 1.0}
{'epoch': 92, 'train_loss': 0.0003, 'train_acc': 1.0}
{'epoch': 93, 'train_loss': 0.0004, 'train_acc': 1.0}
{'epoch': 94, 'train_loss': 0.0004, 'train_acc': 1.0}
{'epoch': 95, 'train_loss': 0.0003, 'train_acc': 1.0}
{'epoch': 96, 'train_loss': 0.0003, 'train_acc': 1.0}
{'epoch': 97, 'train_loss': 0.0002, 'train_acc': 1.0}
{'epoch': 98, 'train_loss': 0.0002, 'train_acc': 1.0}
{'epoch': 99, 'train_loss': 0.0004, 'train_acc': 1.0}
{'epoch': 100, 'train_loss': 0.0002, 'train_acc': 1.0}
{'run_num': 4, 'final_test_err': 0.18174999999999997}
Files already downloaded and verified
Files already downloaded and verified
{'epoch': 1, 'train_loss': 0.617, 'train_acc': 0.71}
{'epoch': 2, 'train_loss': 0.4184, 'train_acc': 0.8125}
{'epoch': 3, 'train_loss': 0.2606, 'train_acc': 0.885}
{'epoch': 4, 'train_loss': 0.1916, 'train_acc': 0.915}
{'epoch': 5, 'train_loss': 0.0861, 'train_acc': 0.9725}
{'epoch': 6, 'train_loss': 0.1333, 'train_acc': 0.9625}
{'epoch': 7, 'train_loss': 0.0667, 'train_acc': 0.98}
{'epoch': 8, 'train_loss': 0.0461, 'train_acc': 0.99}
{'epoch': 9, 'train_loss': 0.0125, 'train_acc': 1.0}
{'epoch': 10, 'train_loss': 0.0103, 'train_acc': 1.0}
{'epoch': 11, 'train_loss': 0.006, 'train_acc': 1.0}
{'epoch': 12, 'train_loss': 0.0088, 'train_acc': 1.0}
{'epoch': 13, 'train_loss': 0.003, 'train_acc': 1.0}
{'epoch': 14, 'train_loss': 0.0032, 'train_acc': 1.0}
{'epoch': 15, 'train_loss': 0.0036, 'train_acc': 1.0}
{'epoch': 16, 'train_loss': 0.0018, 'train_acc': 1.0}
{'epoch': 17, 'train_loss': 0.0016, 'train_acc': 1.0}
{'epoch': 18, 'train_loss': 0.0015, 'train_acc': 1.0}
{'epoch': 19, 'train_loss': 0.0014, 'train_acc': 1.0}
{'epoch': 20, 'train_loss': 0.0009, 'train_acc': 1.0}
{'epoch': 21, 'train_loss': 0.0012, 'train_acc': 1.0}
{'epoch': 22, 'train_loss': 0.001, 'train_acc': 1.0}
{'epoch': 23, 'train_loss': 0.0009, 'train_acc': 1.0}
{'epoch': 24, 'train_loss': 0.0007, 'train_acc': 1.0}
{'epoch': 25, 'train_loss': 0.0008, 'train_acc': 1.0}
{'epoch': 26, 'train_loss': 0.001, 'train_acc': 1.0}
{'epoch': 27, 'train_loss': 0.0008, 'train_acc': 1.0}
{'epoch': 28, 'train_loss': 0.0006, 'train_acc': 1.0}
{'epoch': 29, 'train_loss': 0.0006, 'train_acc': 1.0}
{'epoch': 30, 'train_loss': 0.0006, 'train_acc': 1.0}
{'epoch': 31, 'train_loss': 0.0006, 'train_acc': 1.0}
{'epoch': 32, 'train_loss': 0.0006, 'train_acc': 1.0}
{'epoch': 33, 'train_loss': 0.0005, 'train_acc': 1.0}
{'epoch': 34, 'train_loss': 0.0004, 'train_acc': 1.0}
{'epoch': 35, 'train_loss': 0.0008, 'train_acc': 1.0}
{'epoch': 36, 'train_loss': 0.0004, 'train_acc': 1.0}
{'epoch': 37, 'train_loss': 0.0006, 'train_acc': 1.0}
{'epoch': 38, 'train_loss': 0.0004, 'train_acc': 1.0}
{'epoch': 39, 'train_loss': 0.0004, 'train_acc': 1.0}
{'epoch': 40, 'train_loss': 0.0004, 'train_acc': 1.0}
{'epoch': 41, 'train_loss': 0.0005, 'train_acc': 1.0}
{'epoch': 42, 'train_loss': 0.0004, 'train_acc': 1.0}
{'epoch': 43, 'train_loss': 0.0006, 'train_acc': 1.0}
{'epoch': 44, 'train_loss': 0.0003, 'train_acc': 1.0}
{'epoch': 45, 'train_loss': 0.0006, 'train_acc': 1.0}
{'epoch': 46, 'train_loss': 0.0004, 'train_acc': 1.0}
{'epoch': 47, 'train_loss': 0.0003, 'train_acc': 1.0}
{'epoch': 48, 'train_loss': 0.0004, 'train_acc': 1.0}
{'epoch': 49, 'train_loss': 0.0003, 'train_acc': 1.0}
{'epoch': 50, 'train_loss': 0.0004, 'train_acc': 1.0}
{'epoch': 51, 'train_loss': 0.0004, 'train_acc': 1.0}
{'epoch': 52, 'train_loss': 0.0004, 'train_acc': 1.0}
{'epoch': 53, 'train_loss': 0.0003, 'train_acc': 1.0}
{'epoch': 54, 'train_loss': 0.0005, 'train_acc': 1.0}
{'epoch': 55, 'train_loss': 0.0003, 'train_acc': 1.0}
{'epoch': 56, 'train_loss': 0.0003, 'train_acc': 1.0}
{'epoch': 57, 'train_loss': 0.0003, 'train_acc': 1.0}
{'epoch': 58, 'train_loss': 0.0003, 'train_acc': 1.0}
{'epoch': 59, 'train_loss': 0.0004, 'train_acc': 1.0}
{'epoch': 60, 'train_loss': 0.0004, 'train_acc': 1.0}
{'epoch': 61, 'train_loss': 0.0003, 'train_acc': 1.0}
{'epoch': 62, 'train_loss': 0.0004, 'train_acc': 1.0}
{'epoch': 63, 'train_loss': 0.0003, 'train_acc': 1.0}
{'epoch': 64, 'train_loss': 0.0003, 'train_acc': 1.0}
{'epoch': 65, 'train_loss': 0.0003, 'train_acc': 1.0}
{'epoch': 66, 'train_loss': 0.0002, 'train_acc': 1.0}
{'epoch': 67, 'train_loss': 0.0003, 'train_acc': 1.0}
{'epoch': 68, 'train_loss': 0.0003, 'train_acc': 1.0}
{'epoch': 69, 'train_loss': 0.0003, 'train_acc': 1.0}
{'epoch': 70, 'train_loss': 0.0002, 'train_acc': 1.0}
{'epoch': 71, 'train_loss': 0.0004, 'train_acc': 1.0}
{'epoch': 72, 'train_loss': 0.0003, 'train_acc': 1.0}
{'epoch': 73, 'train_loss': 0.0004, 'train_acc': 1.0}
{'epoch': 74, 'train_loss': 0.0003, 'train_acc': 1.0}
{'epoch': 75, 'train_loss': 0.0003, 'train_acc': 1.0}
{'epoch': 76, 'train_loss': 0.0004, 'train_acc': 1.0}
{'epoch': 77, 'train_loss': 0.0003, 'train_acc': 1.0}
{'epoch': 78, 'train_loss': 0.0003, 'train_acc': 1.0}
{'epoch': 79, 'train_loss': 0.0003, 'train_acc': 1.0}
{'epoch': 80, 'train_loss': 0.0002, 'train_acc': 1.0}
{'epoch': 81, 'train_loss': 0.0004, 'train_acc': 1.0}
{'epoch': 82, 'train_loss': 0.0002, 'train_acc': 1.0}
{'epoch': 83, 'train_loss': 0.0003, 'train_acc': 1.0}
{'epoch': 84, 'train_loss': 0.0003, 'train_acc': 1.0}
{'epoch': 85, 'train_loss': 0.0003, 'train_acc': 1.0}
{'epoch': 86, 'train_loss': 0.0003, 'train_acc': 1.0}
{'epoch': 87, 'train_loss': 0.0003, 'train_acc': 1.0}
{'epoch': 88, 'train_loss': 0.0003, 'train_acc': 1.0}
{'epoch': 89, 'train_loss': 0.0003, 'train_acc': 1.0}
{'epoch': 90, 'train_loss': 0.0004, 'train_acc': 1.0}
{'epoch': 91, 'train_loss': 0.0004, 'train_acc': 1.0}
{'epoch': 92, 'train_loss': 0.0003, 'train_acc': 1.0}
{'epoch': 93, 'train_loss': 0.0003, 'train_acc': 1.0}
{'epoch': 94, 'train_loss': 0.0003, 'train_acc': 1.0}
{'epoch': 95, 'train_loss': 0.0003, 'train_acc': 1.0}
{'epoch': 96, 'train_loss': 0.0003, 'train_acc': 1.0}
{'epoch': 97, 'train_loss': 0.0003, 'train_acc': 1.0}
{'epoch': 98, 'train_loss': 0.0003, 'train_acc': 1.0}
{'epoch': 99, 'train_loss': 0.0003, 'train_acc': 1.0}
{'epoch': 100, 'train_loss': 0.0003, 'train_acc': 1.0}
{'run_num': 5, 'final_test_err': 0.17725000000000002}
Files already downloaded and verified
Files already downloaded and verified
{'epoch': 1, 'train_loss': 0.7493, 'train_acc': 0.67}
{'epoch': 2, 'train_loss': 0.4792, 'train_acc': 0.8}
{'epoch': 3, 'train_loss': 0.3484, 'train_acc': 0.8475}
{'epoch': 4, 'train_loss': 0.2566, 'train_acc': 0.8825}
{'epoch': 5, 'train_loss': 0.1518, 'train_acc': 0.9325}
{'epoch': 6, 'train_loss': 0.0674, 'train_acc': 0.9875}
{'epoch': 7, 'train_loss': 0.0355, 'train_acc': 0.9975}
{'epoch': 8, 'train_loss': 0.0146, 'train_acc': 0.9975}
{'epoch': 9, 'train_loss': 0.0108, 'train_acc': 1.0}
{'epoch': 10, 'train_loss': 0.0118, 'train_acc': 1.0}
{'epoch': 11, 'train_loss': 0.0073, 'train_acc': 1.0}
{'epoch': 12, 'train_loss': 0.0039, 'train_acc': 1.0}
{'epoch': 13, 'train_loss': 0.0023, 'train_acc': 1.0}
{'epoch': 14, 'train_loss': 0.002, 'train_acc': 1.0}
{'epoch': 15, 'train_loss': 0.0024, 'train_acc': 1.0}
{'epoch': 16, 'train_loss': 0.0013, 'train_acc': 1.0}
{'epoch': 17, 'train_loss': 0.0013, 'train_acc': 1.0}
{'epoch': 18, 'train_loss': 0.0026, 'train_acc': 1.0}
{'epoch': 19, 'train_loss': 0.0016, 'train_acc': 1.0}
{'epoch': 20, 'train_loss': 0.0016, 'train_acc': 1.0}
{'epoch': 21, 'train_loss': 0.0011, 'train_acc': 1.0}
{'epoch': 22, 'train_loss': 0.0008, 'train_acc': 1.0}
{'epoch': 23, 'train_loss': 0.0009, 'train_acc': 1.0}
{'epoch': 24, 'train_loss': 0.001, 'train_acc': 1.0}
{'epoch': 25, 'train_loss': 0.0006, 'train_acc': 1.0}
{'epoch': 26, 'train_loss': 0.0005, 'train_acc': 1.0}
{'epoch': 27, 'train_loss': 0.0005, 'train_acc': 1.0}
{'epoch': 28, 'train_loss': 0.0015, 'train_acc': 1.0}
{'epoch': 29, 'train_loss': 0.0006, 'train_acc': 1.0}
{'epoch': 30, 'train_loss': 0.0008, 'train_acc': 1.0}
{'epoch': 31, 'train_loss': 0.0008, 'train_acc': 1.0}
{'epoch': 32, 'train_loss': 0.0005, 'train_acc': 1.0}
{'epoch': 33, 'train_loss': 0.0004, 'train_acc': 1.0}
{'epoch': 34, 'train_loss': 0.0004, 'train_acc': 1.0}
{'epoch': 35, 'train_loss': 0.0004, 'train_acc': 1.0}
{'epoch': 36, 'train_loss': 0.0005, 'train_acc': 1.0}
{'epoch': 37, 'train_loss': 0.0004, 'train_acc': 1.0}
{'epoch': 38, 'train_loss': 0.0003, 'train_acc': 1.0}
{'epoch': 39, 'train_loss': 0.0003, 'train_acc': 1.0}
{'epoch': 40, 'train_loss': 0.0004, 'train_acc': 1.0}
{'epoch': 41, 'train_loss': 0.0003, 'train_acc': 1.0}
{'epoch': 42, 'train_loss': 0.0003, 'train_acc': 1.0}
{'epoch': 43, 'train_loss': 0.0004, 'train_acc': 1.0}
{'epoch': 44, 'train_loss': 0.0003, 'train_acc': 1.0}
{'epoch': 45, 'train_loss': 0.0003, 'train_acc': 1.0}
{'epoch': 46, 'train_loss': 0.0004, 'train_acc': 1.0}
{'epoch': 47, 'train_loss': 0.0003, 'train_acc': 1.0}
{'epoch': 48, 'train_loss': 0.0002, 'train_acc': 1.0}
{'epoch': 49, 'train_loss': 0.0005, 'train_acc': 1.0}
{'epoch': 50, 'train_loss': 0.0002, 'train_acc': 1.0}
{'epoch': 51, 'train_loss': 0.0003, 'train_acc': 1.0}
{'epoch': 52, 'train_loss': 0.0003, 'train_acc': 1.0}
{'epoch': 53, 'train_loss': 0.0003, 'train_acc': 1.0}
{'epoch': 54, 'train_loss': 0.0006, 'train_acc': 1.0}
{'epoch': 55, 'train_loss': 0.0004, 'train_acc': 1.0}
{'epoch': 56, 'train_loss': 0.0003, 'train_acc': 1.0}
{'epoch': 57, 'train_loss': 0.0002, 'train_acc': 1.0}
{'epoch': 58, 'train_loss': 0.0003, 'train_acc': 1.0}
{'epoch': 59, 'train_loss': 0.0003, 'train_acc': 1.0}
{'epoch': 60, 'train_loss': 0.0003, 'train_acc': 1.0}
{'epoch': 61, 'train_loss': 0.0004, 'train_acc': 1.0}
{'epoch': 62, 'train_loss': 0.0003, 'train_acc': 1.0}
{'epoch': 63, 'train_loss': 0.0002, 'train_acc': 1.0}
{'epoch': 64, 'train_loss': 0.0002, 'train_acc': 1.0}
{'epoch': 65, 'train_loss': 0.0002, 'train_acc': 1.0}
{'epoch': 66, 'train_loss': 0.0002, 'train_acc': 1.0}
{'epoch': 67, 'train_loss': 0.0002, 'train_acc': 1.0}
{'epoch': 68, 'train_loss': 0.0003, 'train_acc': 1.0}
{'epoch': 69, 'train_loss': 0.0004, 'train_acc': 1.0}
{'epoch': 70, 'train_loss': 0.0002, 'train_acc': 1.0}
{'epoch': 71, 'train_loss': 0.0002, 'train_acc': 1.0}
{'epoch': 72, 'train_loss': 0.0002, 'train_acc': 1.0}
{'epoch': 73, 'train_loss': 0.0002, 'train_acc': 1.0}
{'epoch': 74, 'train_loss': 0.0002, 'train_acc': 1.0}
{'epoch': 75, 'train_loss': 0.0002, 'train_acc': 1.0}
{'epoch': 76, 'train_loss': 0.0002, 'train_acc': 1.0}
{'epoch': 77, 'train_loss': 0.0003, 'train_acc': 1.0}
{'epoch': 78, 'train_loss': 0.0003, 'train_acc': 1.0}
{'epoch': 79, 'train_loss': 0.0003, 'train_acc': 1.0}
{'epoch': 80, 'train_loss': 0.0002, 'train_acc': 1.0}
{'epoch': 81, 'train_loss': 0.0002, 'train_acc': 1.0}
{'epoch': 82, 'train_loss': 0.0002, 'train_acc': 1.0}
{'epoch': 83, 'train_loss': 0.0002, 'train_acc': 1.0}
{'epoch': 84, 'train_loss': 0.0003, 'train_acc': 1.0}
{'epoch': 85, 'train_loss': 0.0004, 'train_acc': 1.0}
{'epoch': 86, 'train_loss': 0.0002, 'train_acc': 1.0}
{'epoch': 87, 'train_loss': 0.0002, 'train_acc': 1.0}
{'epoch': 88, 'train_loss': 0.0002, 'train_acc': 1.0}
{'epoch': 89, 'train_loss': 0.0003, 'train_acc': 1.0}
{'epoch': 90, 'train_loss': 0.0002, 'train_acc': 1.0}
{'epoch': 91, 'train_loss': 0.0002, 'train_acc': 1.0}
{'epoch': 92, 'train_loss': 0.0002, 'train_acc': 1.0}
{'epoch': 93, 'train_loss': 0.0003, 'train_acc': 1.0}
{'epoch': 94, 'train_loss': 0.0003, 'train_acc': 1.0}
{'epoch': 95, 'train_loss': 0.0005, 'train_acc': 1.0}
{'epoch': 96, 'train_loss': 0.0003, 'train_acc': 1.0}
{'epoch': 97, 'train_loss': 0.0002, 'train_acc': 1.0}
{'epoch': 98, 'train_loss': 0.0003, 'train_acc': 1.0}
{'epoch': 99, 'train_loss': 0.0002, 'train_acc': 1.0}
{'epoch': 100, 'train_loss': 0.0003, 'train_acc': 1.0}
{'run_num': 6, 'final_test_err': 0.1805}
Files already downloaded and verified
Files already downloaded and verified
{'epoch': 1, 'train_loss': 0.6932, 'train_acc': 0.675}
{'epoch': 2, 'train_loss': 0.5145, 'train_acc': 0.7725}
{'epoch': 3, 'train_loss': 0.3106, 'train_acc': 0.88}
{'epoch': 4, 'train_loss': 0.1982, 'train_acc': 0.93}
{'epoch': 5, 'train_loss': 0.1411, 'train_acc': 0.9325}
{'epoch': 6, 'train_loss': 0.1052, 'train_acc': 0.9725}
{'epoch': 7, 'train_loss': 0.049, 'train_acc': 0.9925}
{'epoch': 8, 'train_loss': 0.03, 'train_acc': 0.995}
{'epoch': 9, 'train_loss': 0.0208, 'train_acc': 0.9975}
{'epoch': 10, 'train_loss': 0.0082, 'train_acc': 1.0}
{'epoch': 11, 'train_loss': 0.0042, 'train_acc': 1.0}
{'epoch': 12, 'train_loss': 0.003, 'train_acc': 1.0}
{'epoch': 13, 'train_loss': 0.0024, 'train_acc': 1.0}
{'epoch': 14, 'train_loss': 0.0023, 'train_acc': 1.0}
{'epoch': 15, 'train_loss': 0.0015, 'train_acc': 1.0}
{'epoch': 16, 'train_loss': 0.0014, 'train_acc': 1.0}
{'epoch': 17, 'train_loss': 0.0017, 'train_acc': 1.0}
{'epoch': 18, 'train_loss': 0.0023, 'train_acc': 1.0}
{'epoch': 19, 'train_loss': 0.0021, 'train_acc': 1.0}
{'epoch': 20, 'train_loss': 0.0009, 'train_acc': 1.0}
{'epoch': 21, 'train_loss': 0.0011, 'train_acc': 1.0}
{'epoch': 22, 'train_loss': 0.0009, 'train_acc': 1.0}
{'epoch': 23, 'train_loss': 0.0008, 'train_acc': 1.0}
{'epoch': 24, 'train_loss': 0.0009, 'train_acc': 1.0}
{'epoch': 25, 'train_loss': 0.0007, 'train_acc': 1.0}
{'epoch': 26, 'train_loss': 0.0009, 'train_acc': 1.0}
{'epoch': 27, 'train_loss': 0.0005, 'train_acc': 1.0}
{'epoch': 28, 'train_loss': 0.0007, 'train_acc': 1.0}
{'epoch': 29, 'train_loss': 0.0008, 'train_acc': 1.0}
{'epoch': 30, 'train_loss': 0.0012, 'train_acc': 1.0}
{'epoch': 31, 'train_loss': 0.0007, 'train_acc': 1.0}
{'epoch': 32, 'train_loss': 0.0006, 'train_acc': 1.0}
{'epoch': 33, 'train_loss': 0.0005, 'train_acc': 1.0}
{'epoch': 34, 'train_loss': 0.0005, 'train_acc': 1.0}
{'epoch': 35, 'train_loss': 0.0006, 'train_acc': 1.0}
{'epoch': 36, 'train_loss': 0.0006, 'train_acc': 1.0}
{'epoch': 37, 'train_loss': 0.0007, 'train_acc': 1.0}
{'epoch': 38, 'train_loss': 0.0005, 'train_acc': 1.0}
{'epoch': 39, 'train_loss': 0.0004, 'train_acc': 1.0}
{'epoch': 40, 'train_loss': 0.0004, 'train_acc': 1.0}
{'epoch': 41, 'train_loss': 0.0007, 'train_acc': 1.0}
{'epoch': 42, 'train_loss': 0.0005, 'train_acc': 1.0}
{'epoch': 43, 'train_loss': 0.0005, 'train_acc': 1.0}
{'epoch': 44, 'train_loss': 0.0006, 'train_acc': 1.0}
{'epoch': 45, 'train_loss': 0.0004, 'train_acc': 1.0}
{'epoch': 46, 'train_loss': 0.0004, 'train_acc': 1.0}
{'epoch': 47, 'train_loss': 0.0005, 'train_acc': 1.0}
{'epoch': 48, 'train_loss': 0.0003, 'train_acc': 1.0}
{'epoch': 49, 'train_loss': 0.0004, 'train_acc': 1.0}
{'epoch': 50, 'train_loss': 0.0003, 'train_acc': 1.0}
{'epoch': 51, 'train_loss': 0.0004, 'train_acc': 1.0}
{'epoch': 52, 'train_loss': 0.0004, 'train_acc': 1.0}
{'epoch': 53, 'train_loss': 0.0004, 'train_acc': 1.0}
{'epoch': 54, 'train_loss': 0.0003, 'train_acc': 1.0}
{'epoch': 55, 'train_loss': 0.0004, 'train_acc': 1.0}
{'epoch': 56, 'train_loss': 0.0003, 'train_acc': 1.0}
{'epoch': 57, 'train_loss': 0.0003, 'train_acc': 1.0}
{'epoch': 58, 'train_loss': 0.0004, 'train_acc': 1.0}
{'epoch': 59, 'train_loss': 0.0003, 'train_acc': 1.0}
{'epoch': 60, 'train_loss': 0.0004, 'train_acc': 1.0}
{'epoch': 61, 'train_loss': 0.0003, 'train_acc': 1.0}
{'epoch': 62, 'train_loss': 0.0003, 'train_acc': 1.0}
{'epoch': 63, 'train_loss': 0.0003, 'train_acc': 1.0}
{'epoch': 64, 'train_loss': 0.0003, 'train_acc': 1.0}
{'epoch': 65, 'train_loss': 0.0003, 'train_acc': 1.0}
{'epoch': 66, 'train_loss': 0.0003, 'train_acc': 1.0}
{'epoch': 67, 'train_loss': 0.0003, 'train_acc': 1.0}
{'epoch': 68, 'train_loss': 0.0005, 'train_acc': 1.0}
{'epoch': 69, 'train_loss': 0.0004, 'train_acc': 1.0}
{'epoch': 70, 'train_loss': 0.0003, 'train_acc': 1.0}
{'epoch': 71, 'train_loss': 0.0003, 'train_acc': 1.0}
{'epoch': 72, 'train_loss': 0.0004, 'train_acc': 1.0}
{'epoch': 73, 'train_loss': 0.0003, 'train_acc': 1.0}
{'epoch': 74, 'train_loss': 0.0004, 'train_acc': 1.0}
{'epoch': 75, 'train_loss': 0.0003, 'train_acc': 1.0}
{'epoch': 76, 'train_loss': 0.0003, 'train_acc': 1.0}
{'epoch': 77, 'train_loss': 0.0006, 'train_acc': 1.0}
{'epoch': 78, 'train_loss': 0.0003, 'train_acc': 1.0}
{'epoch': 79, 'train_loss': 0.0002, 'train_acc': 1.0}
{'epoch': 80, 'train_loss': 0.0003, 'train_acc': 1.0}
{'epoch': 81, 'train_loss': 0.0003, 'train_acc': 1.0}
{'epoch': 82, 'train_loss': 0.0004, 'train_acc': 1.0}
{'epoch': 83, 'train_loss': 0.0003, 'train_acc': 1.0}
{'epoch': 84, 'train_loss': 0.0003, 'train_acc': 1.0}
{'epoch': 85, 'train_loss': 0.0004, 'train_acc': 1.0}
{'epoch': 86, 'train_loss': 0.0003, 'train_acc': 1.0}
{'epoch': 87, 'train_loss': 0.0004, 'train_acc': 1.0}
{'epoch': 88, 'train_loss': 0.0003, 'train_acc': 1.0}
{'epoch': 89, 'train_loss': 0.0003, 'train_acc': 1.0}
{'epoch': 90, 'train_loss': 0.0003, 'train_acc': 1.0}
{'epoch': 91, 'train_loss': 0.0003, 'train_acc': 1.0}
{'epoch': 92, 'train_loss': 0.0005, 'train_acc': 1.0}
{'epoch': 93, 'train_loss': 0.0004, 'train_acc': 1.0}
{'epoch': 94, 'train_loss': 0.0002, 'train_acc': 1.0}
{'epoch': 95, 'train_loss': 0.0003, 'train_acc': 1.0}
{'epoch': 96, 'train_loss': 0.0003, 'train_acc': 1.0}
{'epoch': 97, 'train_loss': 0.0003, 'train_acc': 1.0}
{'epoch': 98, 'train_loss': 0.0002, 'train_acc': 1.0}
{'epoch': 99, 'train_loss': 0.0003, 'train_acc': 1.0}
{'epoch': 100, 'train_loss': 0.0003, 'train_acc': 1.0}
{'run_num': 7, 'final_test_err': 0.1835}
Files already downloaded and verified
Files already downloaded and verified
{'epoch': 1, 'train_loss': 0.6982, 'train_acc': 0.65}
{'epoch': 2, 'train_loss': 0.4549, 'train_acc': 0.8025}
{'epoch': 3, 'train_loss': 0.3112, 'train_acc': 0.855}
{'epoch': 4, 'train_loss': 0.1748, 'train_acc': 0.94}
{'epoch': 5, 'train_loss': 0.1024, 'train_acc': 0.97}
{'epoch': 6, 'train_loss': 0.0813, 'train_acc': 0.98}
{'epoch': 7, 'train_loss': 0.0665, 'train_acc': 0.975}
{'epoch': 8, 'train_loss': 0.0364, 'train_acc': 0.99}
{'epoch': 9, 'train_loss': 0.0153, 'train_acc': 1.0}
{'epoch': 10, 'train_loss': 0.0111, 'train_acc': 1.0}
{'epoch': 11, 'train_loss': 0.0033, 'train_acc': 1.0}
{'epoch': 12, 'train_loss': 0.0038, 'train_acc': 1.0}
{'epoch': 13, 'train_loss': 0.0033, 'train_acc': 1.0}
{'epoch': 14, 'train_loss': 0.0018, 'train_acc': 1.0}
{'epoch': 15, 'train_loss': 0.0016, 'train_acc': 1.0}
{'epoch': 16, 'train_loss': 0.0016, 'train_acc': 1.0}
{'epoch': 17, 'train_loss': 0.0014, 'train_acc': 1.0}
{'epoch': 18, 'train_loss': 0.0009, 'train_acc': 1.0}
{'epoch': 19, 'train_loss': 0.0008, 'train_acc': 1.0}
{'epoch': 20, 'train_loss': 0.001, 'train_acc': 1.0}
{'epoch': 21, 'train_loss': 0.001, 'train_acc': 1.0}
{'epoch': 22, 'train_loss': 0.001, 'train_acc': 1.0}
{'epoch': 23, 'train_loss': 0.0012, 'train_acc': 1.0}
{'epoch': 24, 'train_loss': 0.0012, 'train_acc': 1.0}
{'epoch': 25, 'train_loss': 0.0011, 'train_acc': 1.0}
{'epoch': 26, 'train_loss': 0.0007, 'train_acc': 1.0}
{'epoch': 27, 'train_loss': 0.0006, 'train_acc': 1.0}
{'epoch': 28, 'train_loss': 0.0007, 'train_acc': 1.0}
{'epoch': 29, 'train_loss': 0.0005, 'train_acc': 1.0}
{'epoch': 30, 'train_loss': 0.0004, 'train_acc': 1.0}
{'epoch': 31, 'train_loss': 0.0005, 'train_acc': 1.0}
{'epoch': 32, 'train_loss': 0.0005, 'train_acc': 1.0}
{'epoch': 33, 'train_loss': 0.0005, 'train_acc': 1.0}
{'epoch': 34, 'train_loss': 0.0006, 'train_acc': 1.0}
{'epoch': 35, 'train_loss': 0.0005, 'train_acc': 1.0}
{'epoch': 36, 'train_loss': 0.0003, 'train_acc': 1.0}
{'epoch': 37, 'train_loss': 0.0005, 'train_acc': 1.0}
{'epoch': 38, 'train_loss': 0.0003, 'train_acc': 1.0}
{'epoch': 39, 'train_loss': 0.0005, 'train_acc': 1.0}
{'epoch': 40, 'train_loss': 0.0008, 'train_acc': 1.0}
{'epoch': 41, 'train_loss': 0.0004, 'train_acc': 1.0}
{'epoch': 42, 'train_loss': 0.0005, 'train_acc': 1.0}
{'epoch': 43, 'train_loss': 0.0003, 'train_acc': 1.0}
{'epoch': 44, 'train_loss': 0.0004, 'train_acc': 1.0}
{'epoch': 45, 'train_loss': 0.0004, 'train_acc': 1.0}
{'epoch': 46, 'train_loss': 0.0004, 'train_acc': 1.0}
{'epoch': 47, 'train_loss': 0.0004, 'train_acc': 1.0}
{'epoch': 48, 'train_loss': 0.0003, 'train_acc': 1.0}
{'epoch': 49, 'train_loss': 0.0006, 'train_acc': 1.0}
{'epoch': 50, 'train_loss': 0.0007, 'train_acc': 1.0}
{'epoch': 51, 'train_loss': 0.0004, 'train_acc': 1.0}
{'epoch': 52, 'train_loss': 0.0005, 'train_acc': 1.0}
{'epoch': 53, 'train_loss': 0.0003, 'train_acc': 1.0}
{'epoch': 54, 'train_loss': 0.0003, 'train_acc': 1.0}
{'epoch': 55, 'train_loss': 0.0003, 'train_acc': 1.0}
{'epoch': 56, 'train_loss': 0.0003, 'train_acc': 1.0}
{'epoch': 57, 'train_loss': 0.0002, 'train_acc': 1.0}
{'epoch': 58, 'train_loss': 0.0004, 'train_acc': 1.0}
{'epoch': 59, 'train_loss': 0.0003, 'train_acc': 1.0}
{'epoch': 60, 'train_loss': 0.0003, 'train_acc': 1.0}
{'epoch': 61, 'train_loss': 0.0006, 'train_acc': 1.0}
{'epoch': 62, 'train_loss': 0.0003, 'train_acc': 1.0}
{'epoch': 63, 'train_loss': 0.0002, 'train_acc': 1.0}
{'epoch': 64, 'train_loss': 0.0004, 'train_acc': 1.0}
{'epoch': 65, 'train_loss': 0.0003, 'train_acc': 1.0}
{'epoch': 66, 'train_loss': 0.0003, 'train_acc': 1.0}
{'epoch': 67, 'train_loss': 0.0002, 'train_acc': 1.0}
{'epoch': 68, 'train_loss': 0.0003, 'train_acc': 1.0}
{'epoch': 69, 'train_loss': 0.0004, 'train_acc': 1.0}
{'epoch': 70, 'train_loss': 0.0003, 'train_acc': 1.0}
{'epoch': 71, 'train_loss': 0.0002, 'train_acc': 1.0}
{'epoch': 72, 'train_loss': 0.0002, 'train_acc': 1.0}
{'epoch': 73, 'train_loss': 0.0003, 'train_acc': 1.0}
{'epoch': 74, 'train_loss': 0.0003, 'train_acc': 1.0}
{'epoch': 75, 'train_loss': 0.0002, 'train_acc': 1.0}
{'epoch': 76, 'train_loss': 0.0004, 'train_acc': 1.0}
{'epoch': 77, 'train_loss': 0.0003, 'train_acc': 1.0}
{'epoch': 78, 'train_loss': 0.0002, 'train_acc': 1.0}
{'epoch': 79, 'train_loss': 0.0003, 'train_acc': 1.0}
{'epoch': 80, 'train_loss': 0.0003, 'train_acc': 1.0}
{'epoch': 81, 'train_loss': 0.0003, 'train_acc': 1.0}
{'epoch': 82, 'train_loss': 0.0003, 'train_acc': 1.0}
{'epoch': 83, 'train_loss': 0.0003, 'train_acc': 1.0}
{'epoch': 84, 'train_loss': 0.0003, 'train_acc': 1.0}
{'epoch': 85, 'train_loss': 0.0004, 'train_acc': 1.0}
{'epoch': 86, 'train_loss': 0.0003, 'train_acc': 1.0}
{'epoch': 87, 'train_loss': 0.0003, 'train_acc': 1.0}
{'epoch': 88, 'train_loss': 0.0002, 'train_acc': 1.0}
{'epoch': 89, 'train_loss': 0.0002, 'train_acc': 1.0}
{'epoch': 90, 'train_loss': 0.0003, 'train_acc': 1.0}
{'epoch': 91, 'train_loss': 0.0003, 'train_acc': 1.0}
{'epoch': 92, 'train_loss': 0.0004, 'train_acc': 1.0}
{'epoch': 93, 'train_loss': 0.0002, 'train_acc': 1.0}
{'epoch': 94, 'train_loss': 0.0003, 'train_acc': 1.0}
{'epoch': 95, 'train_loss': 0.0003, 'train_acc': 1.0}
{'epoch': 96, 'train_loss': 0.0002, 'train_acc': 1.0}
{'epoch': 97, 'train_loss': 0.0003, 'train_acc': 1.0}
{'epoch': 98, 'train_loss': 0.0003, 'train_acc': 1.0}
{'epoch': 99, 'train_loss': 0.0003, 'train_acc': 1.0}
{'epoch': 100, 'train_loss': 0.0003, 'train_acc': 1.0}
{'run_num': 8, 'final_test_err': 0.19274999999999998}
Files already downloaded and verified
Files already downloaded and verified
{'epoch': 1, 'train_loss': 0.6774, 'train_acc': 0.66}
{'epoch': 2, 'train_loss': 0.5074, 'train_acc': 0.7825}
{'epoch': 3, 'train_loss': 0.3084, 'train_acc': 0.86}
{'epoch': 4, 'train_loss': 0.2038, 'train_acc': 0.9275}
{'epoch': 5, 'train_loss': 0.1712, 'train_acc': 0.9275}
{'epoch': 6, 'train_loss': 0.0994, 'train_acc': 0.9625}
{'epoch': 7, 'train_loss': 0.048, 'train_acc': 0.99}
{'epoch': 8, 'train_loss': 0.0267, 'train_acc': 0.9925}
{'epoch': 9, 'train_loss': 0.013, 'train_acc': 0.9975}
{'epoch': 10, 'train_loss': 0.0217, 'train_acc': 0.9925}
{'epoch': 11, 'train_loss': 0.0161, 'train_acc': 0.9975}
{'epoch': 12, 'train_loss': 0.0061, 'train_acc': 1.0}
{'epoch': 13, 'train_loss': 0.003, 'train_acc': 1.0}
{'epoch': 14, 'train_loss': 0.0027, 'train_acc': 1.0}
{'epoch': 15, 'train_loss': 0.0029, 'train_acc': 1.0}
{'epoch': 16, 'train_loss': 0.0016, 'train_acc': 1.0}
{'epoch': 17, 'train_loss': 0.0017, 'train_acc': 1.0}
{'epoch': 18, 'train_loss': 0.0015, 'train_acc': 1.0}
{'epoch': 19, 'train_loss': 0.001, 'train_acc': 1.0}
{'epoch': 20, 'train_loss': 0.0009, 'train_acc': 1.0}
{'epoch': 21, 'train_loss': 0.0011, 'train_acc': 1.0}
{'epoch': 22, 'train_loss': 0.0007, 'train_acc': 1.0}
{'epoch': 23, 'train_loss': 0.0009, 'train_acc': 1.0}
{'epoch': 24, 'train_loss': 0.0006, 'train_acc': 1.0}
{'epoch': 25, 'train_loss': 0.0006, 'train_acc': 1.0}
{'epoch': 26, 'train_loss': 0.0006, 'train_acc': 1.0}
{'epoch': 27, 'train_loss': 0.0008, 'train_acc': 1.0}
{'epoch': 28, 'train_loss': 0.0007, 'train_acc': 1.0}
{'epoch': 29, 'train_loss': 0.0005, 'train_acc': 1.0}
{'epoch': 30, 'train_loss': 0.0005, 'train_acc': 1.0}
{'epoch': 31, 'train_loss': 0.0005, 'train_acc': 1.0}
{'epoch': 32, 'train_loss': 0.0004, 'train_acc': 1.0}
{'epoch': 33, 'train_loss': 0.0005, 'train_acc': 1.0}
{'epoch': 34, 'train_loss': 0.0008, 'train_acc': 1.0}
{'epoch': 35, 'train_loss': 0.0004, 'train_acc': 1.0}
{'epoch': 36, 'train_loss': 0.0006, 'train_acc': 1.0}
{'epoch': 37, 'train_loss': 0.0006, 'train_acc': 1.0}
{'epoch': 38, 'train_loss': 0.0005, 'train_acc': 1.0}
{'epoch': 39, 'train_loss': 0.0005, 'train_acc': 1.0}
{'epoch': 40, 'train_loss': 0.0004, 'train_acc': 1.0}
{'epoch': 41, 'train_loss': 0.0004, 'train_acc': 1.0}
{'epoch': 42, 'train_loss': 0.0004, 'train_acc': 1.0}
{'epoch': 43, 'train_loss': 0.0003, 'train_acc': 1.0}
{'epoch': 44, 'train_loss': 0.0004, 'train_acc': 1.0}
{'epoch': 45, 'train_loss': 0.0005, 'train_acc': 1.0}
{'epoch': 46, 'train_loss': 0.0004, 'train_acc': 1.0}
{'epoch': 47, 'train_loss': 0.0004, 'train_acc': 1.0}
{'epoch': 48, 'train_loss': 0.0004, 'train_acc': 1.0}
{'epoch': 49, 'train_loss': 0.0004, 'train_acc': 1.0}
{'epoch': 50, 'train_loss': 0.0003, 'train_acc': 1.0}
{'epoch': 51, 'train_loss': 0.0004, 'train_acc': 1.0}
{'epoch': 52, 'train_loss': 0.0003, 'train_acc': 1.0}
{'epoch': 53, 'train_loss': 0.0003, 'train_acc': 1.0}
{'epoch': 54, 'train_loss': 0.0004, 'train_acc': 1.0}
{'epoch': 55, 'train_loss': 0.0004, 'train_acc': 1.0}
{'epoch': 56, 'train_loss': 0.0003, 'train_acc': 1.0}
{'epoch': 57, 'train_loss': 0.0003, 'train_acc': 1.0}
{'epoch': 58, 'train_loss': 0.0007, 'train_acc': 1.0}
{'epoch': 59, 'train_loss': 0.0003, 'train_acc': 1.0}
{'epoch': 60, 'train_loss': 0.0003, 'train_acc': 1.0}
{'epoch': 61, 'train_loss': 0.0004, 'train_acc': 1.0}
{'epoch': 62, 'train_loss': 0.0003, 'train_acc': 1.0}
{'epoch': 63, 'train_loss': 0.0003, 'train_acc': 1.0}
{'epoch': 64, 'train_loss': 0.0003, 'train_acc': 1.0}
{'epoch': 65, 'train_loss': 0.0007, 'train_acc': 1.0}
{'epoch': 66, 'train_loss': 0.0003, 'train_acc': 1.0}
{'epoch': 67, 'train_loss': 0.0003, 'train_acc': 1.0}
{'epoch': 68, 'train_loss': 0.0006, 'train_acc': 1.0}
{'epoch': 69, 'train_loss': 0.0003, 'train_acc': 1.0}
{'epoch': 70, 'train_loss': 0.0004, 'train_acc': 1.0}
{'epoch': 71, 'train_loss': 0.0003, 'train_acc': 1.0}
{'epoch': 72, 'train_loss': 0.0004, 'train_acc': 1.0}
{'epoch': 73, 'train_loss': 0.0004, 'train_acc': 1.0}
{'epoch': 74, 'train_loss': 0.0009, 'train_acc': 1.0}
{'epoch': 75, 'train_loss': 0.0002, 'train_acc': 1.0}
{'epoch': 76, 'train_loss': 0.0003, 'train_acc': 1.0}
{'epoch': 77, 'train_loss': 0.0004, 'train_acc': 1.0}
{'epoch': 78, 'train_loss': 0.0003, 'train_acc': 1.0}
{'epoch': 79, 'train_loss': 0.0003, 'train_acc': 1.0}
{'epoch': 80, 'train_loss': 0.0003, 'train_acc': 1.0}
{'epoch': 81, 'train_loss': 0.0004, 'train_acc': 1.0}
{'epoch': 82, 'train_loss': 0.0003, 'train_acc': 1.0}
{'epoch': 83, 'train_loss': 0.0003, 'train_acc': 1.0}
{'epoch': 84, 'train_loss': 0.0003, 'train_acc': 1.0}
{'epoch': 85, 'train_loss': 0.0004, 'train_acc': 1.0}
{'epoch': 86, 'train_loss': 0.0002, 'train_acc': 1.0}
{'epoch': 87, 'train_loss': 0.0002, 'train_acc': 1.0}
{'epoch': 88, 'train_loss': 0.0002, 'train_acc': 1.0}
{'epoch': 89, 'train_loss': 0.0002, 'train_acc': 1.0}
{'epoch': 90, 'train_loss': 0.0002, 'train_acc': 1.0}
{'epoch': 91, 'train_loss': 0.0004, 'train_acc': 1.0}
{'epoch': 92, 'train_loss': 0.0003, 'train_acc': 1.0}
{'epoch': 93, 'train_loss': 0.0002, 'train_acc': 1.0}
{'epoch': 94, 'train_loss': 0.0003, 'train_acc': 1.0}
{'epoch': 95, 'train_loss': 0.0005, 'train_acc': 1.0}
{'epoch': 96, 'train_loss': 0.0003, 'train_acc': 1.0}
{'epoch': 97, 'train_loss': 0.0002, 'train_acc': 1.0}
{'epoch': 98, 'train_loss': 0.0002, 'train_acc': 1.0}
{'epoch': 99, 'train_loss': 0.0003, 'train_acc': 1.0}
{'epoch': 100, 'train_loss': 0.0003, 'train_acc': 1.0}
{'run_num': 9, 'final_test_err': 0.18825000000000003}
{'avg_err': 0.1841, 'std_err': 0.0045}
