{'deploy': True, 'tag': '02_beta/task_agnostic', 'seed': 10, 'device': 'cuda:0', 'reps': 10, 'loss': {'α': 0.5, 'tune_α': False, 'group_task_loss': False}, 'task': {'dataset': 'split_cifar10', 'task_map': [[0, 1], [2, 3], [4, 5], [6, 7], [8, 9]], 'target': 0, 'ood': [4], 'augment': True, 'n': 50, 'm_n': 10, 'β': 0.5, 'custom_sampler': False}, 'hp': {'epochs': 100, 'bs': 16, 'lr': 0.01}, 'net': 'conv'}
Files already downloaded and verified
Files already downloaded and verified
{'epoch': 1, 'train_loss': 0.6195, 'train_acc': 0.7164}
{'epoch': 2, 'train_loss': 0.5219, 'train_acc': 0.7755}
{'epoch': 3, 'train_loss': 0.4432, 'train_acc': 0.7982}
{'epoch': 4, 'train_loss': 0.4348, 'train_acc': 0.82}
{'epoch': 5, 'train_loss': 0.3997, 'train_acc': 0.8245}
{'epoch': 6, 'train_loss': 0.3672, 'train_acc': 0.8455}
{'epoch': 7, 'train_loss': 0.3944, 'train_acc': 0.8364}
{'epoch': 8, 'train_loss': 0.3694, 'train_acc': 0.8464}
{'epoch': 9, 'train_loss': 0.3292, 'train_acc': 0.8627}
{'epoch': 10, 'train_loss': 0.3395, 'train_acc': 0.8618}
{'epoch': 11, 'train_loss': 0.295, 'train_acc': 0.8791}
{'epoch': 12, 'train_loss': 0.3015, 'train_acc': 0.8745}
{'epoch': 13, 'train_loss': 0.2813, 'train_acc': 0.87}
{'epoch': 14, 'train_loss': 0.2561, 'train_acc': 0.8927}
{'epoch': 15, 'train_loss': 0.2742, 'train_acc': 0.8973}
{'epoch': 16, 'train_loss': 0.2556, 'train_acc': 0.8873}
{'epoch': 17, 'train_loss': 0.264, 'train_acc': 0.8955}
{'epoch': 18, 'train_loss': 0.2694, 'train_acc': 0.8927}
{'epoch': 19, 'train_loss': 0.2545, 'train_acc': 0.8909}
{'epoch': 20, 'train_loss': 0.2535, 'train_acc': 0.8964}
{'epoch': 21, 'train_loss': 0.2431, 'train_acc': 0.8936}
{'epoch': 22, 'train_loss': 0.2197, 'train_acc': 0.9118}
{'epoch': 23, 'train_loss': 0.2123, 'train_acc': 0.9055}
{'epoch': 24, 'train_loss': 0.2049, 'train_acc': 0.9182}
{'epoch': 25, 'train_loss': 0.2016, 'train_acc': 0.9227}
{'epoch': 26, 'train_loss': 0.2057, 'train_acc': 0.9155}
{'epoch': 27, 'train_loss': 0.1925, 'train_acc': 0.9182}
{'epoch': 28, 'train_loss': 0.1809, 'train_acc': 0.9264}
{'epoch': 29, 'train_loss': 0.1838, 'train_acc': 0.9227}
{'epoch': 30, 'train_loss': 0.1697, 'train_acc': 0.93}
{'epoch': 31, 'train_loss': 0.1595, 'train_acc': 0.9382}
{'epoch': 32, 'train_loss': 0.2187, 'train_acc': 0.9191}
{'epoch': 33, 'train_loss': 0.167, 'train_acc': 0.9436}
{'epoch': 34, 'train_loss': 0.1501, 'train_acc': 0.9382}
{'epoch': 35, 'train_loss': 0.1298, 'train_acc': 0.9482}
{'epoch': 36, 'train_loss': 0.1384, 'train_acc': 0.9436}
{'epoch': 37, 'train_loss': 0.1211, 'train_acc': 0.9518}
{'epoch': 38, 'train_loss': 0.1355, 'train_acc': 0.9382}
{'epoch': 39, 'train_loss': 0.1146, 'train_acc': 0.9582}
{'epoch': 40, 'train_loss': 0.1238, 'train_acc': 0.9464}
{'epoch': 41, 'train_loss': 0.1397, 'train_acc': 0.9482}
{'epoch': 42, 'train_loss': 0.1501, 'train_acc': 0.9418}
{'epoch': 43, 'train_loss': 0.1278, 'train_acc': 0.9482}
{'epoch': 44, 'train_loss': 0.1354, 'train_acc': 0.9418}
{'epoch': 45, 'train_loss': 0.1254, 'train_acc': 0.9509}
{'epoch': 46, 'train_loss': 0.1111, 'train_acc': 0.9555}
{'epoch': 47, 'train_loss': 0.0928, 'train_acc': 0.9645}
{'epoch': 48, 'train_loss': 0.1022, 'train_acc': 0.9636}
{'epoch': 49, 'train_loss': 0.1028, 'train_acc': 0.9564}
{'epoch': 50, 'train_loss': 0.0965, 'train_acc': 0.9673}
{'epoch': 51, 'train_loss': 0.0964, 'train_acc': 0.9618}
{'epoch': 52, 'train_loss': 0.0992, 'train_acc': 0.9627}
{'epoch': 53, 'train_loss': 0.1066, 'train_acc': 0.9609}
{'epoch': 54, 'train_loss': 0.0799, 'train_acc': 0.9664}
{'epoch': 55, 'train_loss': 0.0628, 'train_acc': 0.9773}
{'epoch': 56, 'train_loss': 0.0599, 'train_acc': 0.9782}
{'epoch': 57, 'train_loss': 0.0772, 'train_acc': 0.9655}
{'epoch': 58, 'train_loss': 0.0755, 'train_acc': 0.9736}
{'epoch': 59, 'train_loss': 0.0784, 'train_acc': 0.97}
{'epoch': 60, 'train_loss': 0.0984, 'train_acc': 0.9609}
{'epoch': 61, 'train_loss': 0.0578, 'train_acc': 0.9773}
{'epoch': 62, 'train_loss': 0.0673, 'train_acc': 0.9736}
{'epoch': 63, 'train_loss': 0.0613, 'train_acc': 0.9764}
{'epoch': 64, 'train_loss': 0.0457, 'train_acc': 0.9855}
{'epoch': 65, 'train_loss': 0.0528, 'train_acc': 0.9827}
{'epoch': 66, 'train_loss': 0.0519, 'train_acc': 0.9864}
{'epoch': 67, 'train_loss': 0.0516, 'train_acc': 0.9864}
{'epoch': 68, 'train_loss': 0.05, 'train_acc': 0.9836}
{'epoch': 69, 'train_loss': 0.0518, 'train_acc': 0.9764}
{'epoch': 70, 'train_loss': 0.0404, 'train_acc': 0.9918}
{'epoch': 71, 'train_loss': 0.0525, 'train_acc': 0.9809}
{'epoch': 72, 'train_loss': 0.0436, 'train_acc': 0.9891}
{'epoch': 73, 'train_loss': 0.0409, 'train_acc': 0.9845}
{'epoch': 74, 'train_loss': 0.0382, 'train_acc': 0.9864}
{'epoch': 75, 'train_loss': 0.0364, 'train_acc': 0.9855}
{'epoch': 76, 'train_loss': 0.0343, 'train_acc': 0.9918}
{'epoch': 77, 'train_loss': 0.0396, 'train_acc': 0.9845}
{'epoch': 78, 'train_loss': 0.0612, 'train_acc': 0.9791}
{'epoch': 79, 'train_loss': 0.039, 'train_acc': 0.9909}
{'epoch': 80, 'train_loss': 0.0349, 'train_acc': 0.9918}
{'epoch': 81, 'train_loss': 0.044, 'train_acc': 0.9827}
{'epoch': 82, 'train_loss': 0.0346, 'train_acc': 0.9918}
{'epoch': 83, 'train_loss': 0.0464, 'train_acc': 0.9827}
{'epoch': 84, 'train_loss': 0.0408, 'train_acc': 0.9891}
{'epoch': 85, 'train_loss': 0.0371, 'train_acc': 0.9855}
{'epoch': 86, 'train_loss': 0.0363, 'train_acc': 0.9891}
{'epoch': 87, 'train_loss': 0.0332, 'train_acc': 0.9918}
{'epoch': 88, 'train_loss': 0.0421, 'train_acc': 0.9909}
{'epoch': 89, 'train_loss': 0.0313, 'train_acc': 0.9882}
{'epoch': 90, 'train_loss': 0.0386, 'train_acc': 0.9855}
{'epoch': 91, 'train_loss': 0.0408, 'train_acc': 0.9845}
{'epoch': 92, 'train_loss': 0.0311, 'train_acc': 0.99}
{'epoch': 93, 'train_loss': 0.0347, 'train_acc': 0.99}
{'epoch': 94, 'train_loss': 0.0419, 'train_acc': 0.9891}
{'epoch': 95, 'train_loss': 0.0339, 'train_acc': 0.9918}
{'epoch': 96, 'train_loss': 0.0446, 'train_acc': 0.9882}
{'epoch': 97, 'train_loss': 0.0325, 'train_acc': 0.99}
{'epoch': 98, 'train_loss': 0.0315, 'train_acc': 0.99}
{'epoch': 99, 'train_loss': 0.0288, 'train_acc': 0.9936}
{'epoch': 100, 'train_loss': 0.0322, 'train_acc': 0.99}
{'run_num': 0, 'final_test_err': 0.11550000000000005}
Files already downloaded and verified
Files already downloaded and verified
{'epoch': 1, 'train_loss': 0.5938, 'train_acc': 0.7318}
{'epoch': 2, 'train_loss': 0.5394, 'train_acc': 0.7682}
{'epoch': 3, 'train_loss': 0.4468, 'train_acc': 0.8127}
{'epoch': 4, 'train_loss': 0.4245, 'train_acc': 0.8327}
{'epoch': 5, 'train_loss': 0.3785, 'train_acc': 0.8418}
{'epoch': 6, 'train_loss': 0.4177, 'train_acc': 0.8318}
{'epoch': 7, 'train_loss': 0.3884, 'train_acc': 0.8409}
{'epoch': 8, 'train_loss': 0.3596, 'train_acc': 0.8518}
{'epoch': 9, 'train_loss': 0.3014, 'train_acc': 0.8727}
{'epoch': 10, 'train_loss': 0.331, 'train_acc': 0.8664}
{'epoch': 11, 'train_loss': 0.3163, 'train_acc': 0.8709}
{'epoch': 12, 'train_loss': 0.3205, 'train_acc': 0.87}
{'epoch': 13, 'train_loss': 0.3137, 'train_acc': 0.8673}
{'epoch': 14, 'train_loss': 0.2601, 'train_acc': 0.8936}
{'epoch': 15, 'train_loss': 0.2957, 'train_acc': 0.8836}
{'epoch': 16, 'train_loss': 0.2626, 'train_acc': 0.8964}
{'epoch': 17, 'train_loss': 0.2586, 'train_acc': 0.8955}
{'epoch': 18, 'train_loss': 0.2073, 'train_acc': 0.92}
{'epoch': 19, 'train_loss': 0.2725, 'train_acc': 0.8855}
{'epoch': 20, 'train_loss': 0.2523, 'train_acc': 0.8945}
{'epoch': 21, 'train_loss': 0.2216, 'train_acc': 0.9136}
{'epoch': 22, 'train_loss': 0.2186, 'train_acc': 0.9109}
{'epoch': 23, 'train_loss': 0.2164, 'train_acc': 0.9136}
{'epoch': 24, 'train_loss': 0.2204, 'train_acc': 0.9091}
{'epoch': 25, 'train_loss': 0.2222, 'train_acc': 0.9073}
{'epoch': 26, 'train_loss': 0.1946, 'train_acc': 0.9164}
{'epoch': 27, 'train_loss': 0.2062, 'train_acc': 0.9155}
{'epoch': 28, 'train_loss': 0.1906, 'train_acc': 0.9191}
{'epoch': 29, 'train_loss': 0.1791, 'train_acc': 0.9273}
{'epoch': 30, 'train_loss': 0.1767, 'train_acc': 0.9355}
{'epoch': 31, 'train_loss': 0.1912, 'train_acc': 0.92}
{'epoch': 32, 'train_loss': 0.1769, 'train_acc': 0.9355}
{'epoch': 33, 'train_loss': 0.1963, 'train_acc': 0.9227}
{'epoch': 34, 'train_loss': 0.1611, 'train_acc': 0.93}
{'epoch': 35, 'train_loss': 0.1485, 'train_acc': 0.9327}
{'epoch': 36, 'train_loss': 0.1449, 'train_acc': 0.9409}
{'epoch': 37, 'train_loss': 0.149, 'train_acc': 0.9409}
{'epoch': 38, 'train_loss': 0.1339, 'train_acc': 0.9464}
{'epoch': 39, 'train_loss': 0.1499, 'train_acc': 0.9427}
{'epoch': 40, 'train_loss': 0.1581, 'train_acc': 0.9373}
{'epoch': 41, 'train_loss': 0.1295, 'train_acc': 0.9473}
{'epoch': 42, 'train_loss': 0.1272, 'train_acc': 0.95}
{'epoch': 43, 'train_loss': 0.1244, 'train_acc': 0.9582}
{'epoch': 44, 'train_loss': 0.0997, 'train_acc': 0.9645}
{'epoch': 45, 'train_loss': 0.1063, 'train_acc': 0.96}
{'epoch': 46, 'train_loss': 0.1241, 'train_acc': 0.9436}
{'epoch': 47, 'train_loss': 0.1229, 'train_acc': 0.9482}
{'epoch': 48, 'train_loss': 0.0971, 'train_acc': 0.9645}
{'epoch': 49, 'train_loss': 0.0747, 'train_acc': 0.97}
{'epoch': 50, 'train_loss': 0.0956, 'train_acc': 0.9555}
{'epoch': 51, 'train_loss': 0.0914, 'train_acc': 0.9691}
{'epoch': 52, 'train_loss': 0.0991, 'train_acc': 0.9582}
{'epoch': 53, 'train_loss': 0.1, 'train_acc': 0.9555}
{'epoch': 54, 'train_loss': 0.0971, 'train_acc': 0.96}
{'epoch': 55, 'train_loss': 0.0932, 'train_acc': 0.9645}
{'epoch': 56, 'train_loss': 0.1071, 'train_acc': 0.9582}
{'epoch': 57, 'train_loss': 0.074, 'train_acc': 0.9736}
{'epoch': 58, 'train_loss': 0.08, 'train_acc': 0.9673}
{'epoch': 59, 'train_loss': 0.0716, 'train_acc': 0.9782}
{'epoch': 60, 'train_loss': 0.0545, 'train_acc': 0.9836}
{'epoch': 61, 'train_loss': 0.0734, 'train_acc': 0.9727}
{'epoch': 62, 'train_loss': 0.0637, 'train_acc': 0.9755}
{'epoch': 63, 'train_loss': 0.0698, 'train_acc': 0.9755}
{'epoch': 64, 'train_loss': 0.0575, 'train_acc': 0.9818}
{'epoch': 65, 'train_loss': 0.0496, 'train_acc': 0.9827}
{'epoch': 66, 'train_loss': 0.0674, 'train_acc': 0.9736}
{'epoch': 67, 'train_loss': 0.0634, 'train_acc': 0.97}
{'epoch': 68, 'train_loss': 0.0542, 'train_acc': 0.9773}
{'epoch': 69, 'train_loss': 0.0499, 'train_acc': 0.9836}
{'epoch': 70, 'train_loss': 0.0497, 'train_acc': 0.9818}
{'epoch': 71, 'train_loss': 0.0416, 'train_acc': 0.9909}
{'epoch': 72, 'train_loss': 0.042, 'train_acc': 0.9845}
{'epoch': 73, 'train_loss': 0.0525, 'train_acc': 0.9864}
{'epoch': 74, 'train_loss': 0.0383, 'train_acc': 0.99}
{'epoch': 75, 'train_loss': 0.0477, 'train_acc': 0.9845}
{'epoch': 76, 'train_loss': 0.0421, 'train_acc': 0.9873}
{'epoch': 77, 'train_loss': 0.0354, 'train_acc': 0.99}
{'epoch': 78, 'train_loss': 0.0493, 'train_acc': 0.9864}
{'epoch': 79, 'train_loss': 0.0279, 'train_acc': 0.9927}
{'epoch': 80, 'train_loss': 0.0336, 'train_acc': 0.9891}
{'epoch': 81, 'train_loss': 0.0302, 'train_acc': 0.9945}
{'epoch': 82, 'train_loss': 0.0303, 'train_acc': 0.9909}
{'epoch': 83, 'train_loss': 0.0391, 'train_acc': 0.9882}
{'epoch': 84, 'train_loss': 0.0345, 'train_acc': 0.9918}
{'epoch': 85, 'train_loss': 0.0389, 'train_acc': 0.9891}
{'epoch': 86, 'train_loss': 0.0328, 'train_acc': 0.9873}
{'epoch': 87, 'train_loss': 0.0252, 'train_acc': 0.9945}
{'epoch': 88, 'train_loss': 0.0449, 'train_acc': 0.9818}
{'epoch': 89, 'train_loss': 0.0366, 'train_acc': 0.9891}
{'epoch': 90, 'train_loss': 0.0386, 'train_acc': 0.9882}
{'epoch': 91, 'train_loss': 0.0311, 'train_acc': 0.9918}
{'epoch': 92, 'train_loss': 0.0344, 'train_acc': 0.9873}
{'epoch': 93, 'train_loss': 0.0323, 'train_acc': 0.99}
{'epoch': 94, 'train_loss': 0.0289, 'train_acc': 0.9918}
{'epoch': 95, 'train_loss': 0.0301, 'train_acc': 0.99}
{'epoch': 96, 'train_loss': 0.0289, 'train_acc': 0.9891}
{'epoch': 97, 'train_loss': 0.0422, 'train_acc': 0.9855}
{'epoch': 98, 'train_loss': 0.0248, 'train_acc': 0.9955}
{'epoch': 99, 'train_loss': 0.0273, 'train_acc': 0.99}
{'epoch': 100, 'train_loss': 0.0358, 'train_acc': 0.9909}
{'run_num': 1, 'final_test_err': 0.10750000000000004}
Files already downloaded and verified
Files already downloaded and verified
{'epoch': 1, 'train_loss': 0.5937, 'train_acc': 0.7309}
{'epoch': 2, 'train_loss': 0.5164, 'train_acc': 0.7827}
{'epoch': 3, 'train_loss': 0.4527, 'train_acc': 0.7955}
{'epoch': 4, 'train_loss': 0.4332, 'train_acc': 0.8055}
{'epoch': 5, 'train_loss': 0.3807, 'train_acc': 0.84}
{'epoch': 6, 'train_loss': 0.3959, 'train_acc': 0.8318}
{'epoch': 7, 'train_loss': 0.3565, 'train_acc': 0.8464}
{'epoch': 8, 'train_loss': 0.3655, 'train_acc': 0.8436}
{'epoch': 9, 'train_loss': 0.3237, 'train_acc': 0.8664}
{'epoch': 10, 'train_loss': 0.3323, 'train_acc': 0.8427}
{'epoch': 11, 'train_loss': 0.3329, 'train_acc': 0.8709}
{'epoch': 12, 'train_loss': 0.3247, 'train_acc': 0.8609}
{'epoch': 13, 'train_loss': 0.3048, 'train_acc': 0.8655}
{'epoch': 14, 'train_loss': 0.2609, 'train_acc': 0.88}
{'epoch': 15, 'train_loss': 0.3066, 'train_acc': 0.8782}
{'epoch': 16, 'train_loss': 0.2897, 'train_acc': 0.88}
{'epoch': 17, 'train_loss': 0.2889, 'train_acc': 0.8782}
{'epoch': 18, 'train_loss': 0.2606, 'train_acc': 0.8955}
{'epoch': 19, 'train_loss': 0.2559, 'train_acc': 0.9073}
{'epoch': 20, 'train_loss': 0.2576, 'train_acc': 0.8973}
{'epoch': 21, 'train_loss': 0.2768, 'train_acc': 0.8836}
{'epoch': 22, 'train_loss': 0.2126, 'train_acc': 0.9036}
{'epoch': 23, 'train_loss': 0.2258, 'train_acc': 0.9109}
{'epoch': 24, 'train_loss': 0.251, 'train_acc': 0.8955}
{'epoch': 25, 'train_loss': 0.2132, 'train_acc': 0.92}
{'epoch': 26, 'train_loss': 0.2332, 'train_acc': 0.91}
{'epoch': 27, 'train_loss': 0.2547, 'train_acc': 0.9009}
{'epoch': 28, 'train_loss': 0.1934, 'train_acc': 0.9245}
{'epoch': 29, 'train_loss': 0.1903, 'train_acc': 0.9182}
{'epoch': 30, 'train_loss': 0.2028, 'train_acc': 0.9245}
{'epoch': 31, 'train_loss': 0.1694, 'train_acc': 0.9455}
{'epoch': 32, 'train_loss': 0.1941, 'train_acc': 0.9209}
{'epoch': 33, 'train_loss': 0.163, 'train_acc': 0.9364}
{'epoch': 34, 'train_loss': 0.1593, 'train_acc': 0.9364}
{'epoch': 35, 'train_loss': 0.1568, 'train_acc': 0.9409}
{'epoch': 36, 'train_loss': 0.1959, 'train_acc': 0.9218}
{'epoch': 37, 'train_loss': 0.2117, 'train_acc': 0.9145}
{'epoch': 38, 'train_loss': 0.1547, 'train_acc': 0.9382}
{'epoch': 39, 'train_loss': 0.1408, 'train_acc': 0.9427}
{'epoch': 40, 'train_loss': 0.1551, 'train_acc': 0.9291}
{'epoch': 41, 'train_loss': 0.1318, 'train_acc': 0.9482}
{'epoch': 42, 'train_loss': 0.1461, 'train_acc': 0.9464}
{'epoch': 43, 'train_loss': 0.1186, 'train_acc': 0.9482}
{'epoch': 44, 'train_loss': 0.1164, 'train_acc': 0.9545}
{'epoch': 45, 'train_loss': 0.1417, 'train_acc': 0.9527}
{'epoch': 46, 'train_loss': 0.1345, 'train_acc': 0.9482}
{'epoch': 47, 'train_loss': 0.1237, 'train_acc': 0.9509}
{'epoch': 48, 'train_loss': 0.0961, 'train_acc': 0.9645}
{'epoch': 49, 'train_loss': 0.1129, 'train_acc': 0.9655}
{'epoch': 50, 'train_loss': 0.1151, 'train_acc': 0.9527}
{'epoch': 51, 'train_loss': 0.1011, 'train_acc': 0.9627}
{'epoch': 52, 'train_loss': 0.1001, 'train_acc': 0.9609}
{'epoch': 53, 'train_loss': 0.102, 'train_acc': 0.96}
{'epoch': 54, 'train_loss': 0.117, 'train_acc': 0.9564}
{'epoch': 55, 'train_loss': 0.083, 'train_acc': 0.97}
{'epoch': 56, 'train_loss': 0.0734, 'train_acc': 0.97}
{'epoch': 57, 'train_loss': 0.0681, 'train_acc': 0.9736}
{'epoch': 58, 'train_loss': 0.098, 'train_acc': 0.9664}
{'epoch': 59, 'train_loss': 0.0675, 'train_acc': 0.9764}
{'epoch': 60, 'train_loss': 0.0992, 'train_acc': 0.9582}
{'epoch': 61, 'train_loss': 0.0687, 'train_acc': 0.9773}
{'epoch': 62, 'train_loss': 0.0695, 'train_acc': 0.9755}
{'epoch': 63, 'train_loss': 0.0526, 'train_acc': 0.9836}
{'epoch': 64, 'train_loss': 0.083, 'train_acc': 0.9718}
{'epoch': 65, 'train_loss': 0.0808, 'train_acc': 0.9718}
{'epoch': 66, 'train_loss': 0.049, 'train_acc': 0.9818}
{'epoch': 67, 'train_loss': 0.0555, 'train_acc': 0.9818}
{'epoch': 68, 'train_loss': 0.0655, 'train_acc': 0.9782}
{'epoch': 69, 'train_loss': 0.0529, 'train_acc': 0.9845}
{'epoch': 70, 'train_loss': 0.0554, 'train_acc': 0.9809}
{'epoch': 71, 'train_loss': 0.0489, 'train_acc': 0.9791}
{'epoch': 72, 'train_loss': 0.0534, 'train_acc': 0.98}
{'epoch': 73, 'train_loss': 0.0528, 'train_acc': 0.9818}
{'epoch': 74, 'train_loss': 0.0404, 'train_acc': 0.9864}
{'epoch': 75, 'train_loss': 0.0503, 'train_acc': 0.9791}
{'epoch': 76, 'train_loss': 0.0571, 'train_acc': 0.9827}
{'epoch': 77, 'train_loss': 0.0496, 'train_acc': 0.9791}
{'epoch': 78, 'train_loss': 0.0515, 'train_acc': 0.9855}
{'epoch': 79, 'train_loss': 0.0473, 'train_acc': 0.9864}
{'epoch': 80, 'train_loss': 0.0432, 'train_acc': 0.9855}
{'epoch': 81, 'train_loss': 0.0449, 'train_acc': 0.9836}
{'epoch': 82, 'train_loss': 0.0392, 'train_acc': 0.99}
{'epoch': 83, 'train_loss': 0.0438, 'train_acc': 0.9827}
{'epoch': 84, 'train_loss': 0.0528, 'train_acc': 0.9836}
{'epoch': 85, 'train_loss': 0.0476, 'train_acc': 0.9864}
{'epoch': 86, 'train_loss': 0.0377, 'train_acc': 0.9882}
{'epoch': 87, 'train_loss': 0.0295, 'train_acc': 0.9945}
{'epoch': 88, 'train_loss': 0.0377, 'train_acc': 0.9882}
{'epoch': 89, 'train_loss': 0.0473, 'train_acc': 0.9827}
{'epoch': 90, 'train_loss': 0.0395, 'train_acc': 0.9873}
{'epoch': 91, 'train_loss': 0.0337, 'train_acc': 0.9873}
{'epoch': 92, 'train_loss': 0.0379, 'train_acc': 0.9873}
{'epoch': 93, 'train_loss': 0.0299, 'train_acc': 0.9927}
{'epoch': 94, 'train_loss': 0.0344, 'train_acc': 0.9918}
{'epoch': 95, 'train_loss': 0.042, 'train_acc': 0.9855}
{'epoch': 96, 'train_loss': 0.0322, 'train_acc': 0.9909}
{'epoch': 97, 'train_loss': 0.0332, 'train_acc': 0.9891}
{'epoch': 98, 'train_loss': 0.0363, 'train_acc': 0.9891}
{'epoch': 99, 'train_loss': 0.0372, 'train_acc': 0.9918}
{'epoch': 100, 'train_loss': 0.036, 'train_acc': 0.9882}
{'run_num': 2, 'final_test_err': 0.11524999999999996}
Files already downloaded and verified
Files already downloaded and verified
{'epoch': 1, 'train_loss': 0.605, 'train_acc': 0.7273}
{'epoch': 2, 'train_loss': 0.4881, 'train_acc': 0.7682}
{'epoch': 3, 'train_loss': 0.4676, 'train_acc': 0.7945}
{'epoch': 4, 'train_loss': 0.4845, 'train_acc': 0.7818}
{'epoch': 5, 'train_loss': 0.4174, 'train_acc': 0.8291}
{'epoch': 6, 'train_loss': 0.3556, 'train_acc': 0.8445}
{'epoch': 7, 'train_loss': 0.4124, 'train_acc': 0.8491}
{'epoch': 8, 'train_loss': 0.3377, 'train_acc': 0.8536}
{'epoch': 9, 'train_loss': 0.3291, 'train_acc': 0.8618}
{'epoch': 10, 'train_loss': 0.2841, 'train_acc': 0.8818}
{'epoch': 11, 'train_loss': 0.3069, 'train_acc': 0.8664}
{'epoch': 12, 'train_loss': 0.3151, 'train_acc': 0.8727}
{'epoch': 13, 'train_loss': 0.3309, 'train_acc': 0.8609}
{'epoch': 14, 'train_loss': 0.3156, 'train_acc': 0.8718}
{'epoch': 15, 'train_loss': 0.2994, 'train_acc': 0.8764}
{'epoch': 16, 'train_loss': 0.2678, 'train_acc': 0.8927}
{'epoch': 17, 'train_loss': 0.2717, 'train_acc': 0.8909}
{'epoch': 18, 'train_loss': 0.2539, 'train_acc': 0.8945}
{'epoch': 19, 'train_loss': 0.2284, 'train_acc': 0.9036}
{'epoch': 20, 'train_loss': 0.2509, 'train_acc': 0.8918}
{'epoch': 21, 'train_loss': 0.2394, 'train_acc': 0.9109}
{'epoch': 22, 'train_loss': 0.2228, 'train_acc': 0.91}
{'epoch': 23, 'train_loss': 0.2141, 'train_acc': 0.9182}
{'epoch': 24, 'train_loss': 0.1973, 'train_acc': 0.92}
{'epoch': 25, 'train_loss': 0.2249, 'train_acc': 0.91}
{'epoch': 26, 'train_loss': 0.2078, 'train_acc': 0.9173}
{'epoch': 27, 'train_loss': 0.1903, 'train_acc': 0.9218}
{'epoch': 28, 'train_loss': 0.1981, 'train_acc': 0.9155}
{'epoch': 29, 'train_loss': 0.1813, 'train_acc': 0.9282}
{'epoch': 30, 'train_loss': 0.1752, 'train_acc': 0.9264}
{'epoch': 31, 'train_loss': 0.1742, 'train_acc': 0.9282}
{'epoch': 32, 'train_loss': 0.1775, 'train_acc': 0.9236}
{'epoch': 33, 'train_loss': 0.1558, 'train_acc': 0.9409}
{'epoch': 34, 'train_loss': 0.179, 'train_acc': 0.9336}
{'epoch': 35, 'train_loss': 0.1719, 'train_acc': 0.9345}
{'epoch': 36, 'train_loss': 0.1517, 'train_acc': 0.9409}
{'epoch': 37, 'train_loss': 0.1506, 'train_acc': 0.94}
{'epoch': 38, 'train_loss': 0.1493, 'train_acc': 0.9391}
{'epoch': 39, 'train_loss': 0.159, 'train_acc': 0.9318}
{'epoch': 40, 'train_loss': 0.1448, 'train_acc': 0.94}
{'epoch': 41, 'train_loss': 0.1315, 'train_acc': 0.9455}
{'epoch': 42, 'train_loss': 0.1161, 'train_acc': 0.96}
{'epoch': 43, 'train_loss': 0.1161, 'train_acc': 0.9545}
{'epoch': 44, 'train_loss': 0.1316, 'train_acc': 0.9482}
{'epoch': 45, 'train_loss': 0.1053, 'train_acc': 0.9636}
{'epoch': 46, 'train_loss': 0.1366, 'train_acc': 0.9445}
{'epoch': 47, 'train_loss': 0.1146, 'train_acc': 0.9545}
{'epoch': 48, 'train_loss': 0.1117, 'train_acc': 0.9627}
{'epoch': 49, 'train_loss': 0.1161, 'train_acc': 0.9527}
{'epoch': 50, 'train_loss': 0.1185, 'train_acc': 0.9527}
{'epoch': 51, 'train_loss': 0.1, 'train_acc': 0.9573}
{'epoch': 52, 'train_loss': 0.1031, 'train_acc': 0.9636}
{'epoch': 53, 'train_loss': 0.102, 'train_acc': 0.9591}
{'epoch': 54, 'train_loss': 0.082, 'train_acc': 0.9709}
{'epoch': 55, 'train_loss': 0.0831, 'train_acc': 0.9691}
{'epoch': 56, 'train_loss': 0.0802, 'train_acc': 0.9664}
{'epoch': 57, 'train_loss': 0.0761, 'train_acc': 0.97}
{'epoch': 58, 'train_loss': 0.0841, 'train_acc': 0.9636}
{'epoch': 59, 'train_loss': 0.0777, 'train_acc': 0.97}
{'epoch': 60, 'train_loss': 0.0725, 'train_acc': 0.9736}
{'epoch': 61, 'train_loss': 0.0718, 'train_acc': 0.9736}
{'epoch': 62, 'train_loss': 0.0588, 'train_acc': 0.9782}
{'epoch': 63, 'train_loss': 0.0611, 'train_acc': 0.9764}
{'epoch': 64, 'train_loss': 0.0633, 'train_acc': 0.98}
{'epoch': 65, 'train_loss': 0.0616, 'train_acc': 0.9782}
{'epoch': 66, 'train_loss': 0.0617, 'train_acc': 0.9782}
{'epoch': 67, 'train_loss': 0.063, 'train_acc': 0.9773}
{'epoch': 68, 'train_loss': 0.0525, 'train_acc': 0.9809}
{'epoch': 69, 'train_loss': 0.0554, 'train_acc': 0.9809}
{'epoch': 70, 'train_loss': 0.0497, 'train_acc': 0.9873}
{'epoch': 71, 'train_loss': 0.0517, 'train_acc': 0.9818}
{'epoch': 72, 'train_loss': 0.0495, 'train_acc': 0.9855}
{'epoch': 73, 'train_loss': 0.0594, 'train_acc': 0.9827}
{'epoch': 74, 'train_loss': 0.0508, 'train_acc': 0.9882}
{'epoch': 75, 'train_loss': 0.0446, 'train_acc': 0.9845}
{'epoch': 76, 'train_loss': 0.0419, 'train_acc': 0.9873}
{'epoch': 77, 'train_loss': 0.0494, 'train_acc': 0.9818}
{'epoch': 78, 'train_loss': 0.053, 'train_acc': 0.9827}
{'epoch': 79, 'train_loss': 0.0485, 'train_acc': 0.9827}
{'epoch': 80, 'train_loss': 0.0419, 'train_acc': 0.9873}
{'epoch': 81, 'train_loss': 0.0511, 'train_acc': 0.9782}
{'epoch': 82, 'train_loss': 0.0362, 'train_acc': 0.9891}
{'epoch': 83, 'train_loss': 0.043, 'train_acc': 0.9845}
{'epoch': 84, 'train_loss': 0.0286, 'train_acc': 0.9955}
{'epoch': 85, 'train_loss': 0.027, 'train_acc': 0.9927}
{'epoch': 86, 'train_loss': 0.0295, 'train_acc': 0.9945}
{'epoch': 87, 'train_loss': 0.0327, 'train_acc': 0.9909}
{'epoch': 88, 'train_loss': 0.0359, 'train_acc': 0.9845}
{'epoch': 89, 'train_loss': 0.0243, 'train_acc': 0.9982}
{'epoch': 90, 'train_loss': 0.0296, 'train_acc': 0.9918}
{'epoch': 91, 'train_loss': 0.0517, 'train_acc': 0.9782}
{'epoch': 92, 'train_loss': 0.0312, 'train_acc': 0.9918}
{'epoch': 93, 'train_loss': 0.0315, 'train_acc': 0.99}
{'epoch': 94, 'train_loss': 0.0263, 'train_acc': 0.9936}
{'epoch': 95, 'train_loss': 0.0298, 'train_acc': 0.9927}
{'epoch': 96, 'train_loss': 0.045, 'train_acc': 0.9836}
{'epoch': 97, 'train_loss': 0.0273, 'train_acc': 0.9927}
{'epoch': 98, 'train_loss': 0.0308, 'train_acc': 0.9891}
{'epoch': 99, 'train_loss': 0.0389, 'train_acc': 0.99}
{'epoch': 100, 'train_loss': 0.0267, 'train_acc': 0.9918}
{'run_num': 3, 'final_test_err': 0.11650000000000005}
Files already downloaded and verified
Files already downloaded and verified
{'epoch': 1, 'train_loss': 0.5935, 'train_acc': 0.7218}
{'epoch': 2, 'train_loss': 0.4984, 'train_acc': 0.7882}
{'epoch': 3, 'train_loss': 0.5098, 'train_acc': 0.7873}
{'epoch': 4, 'train_loss': 0.4722, 'train_acc': 0.8082}
{'epoch': 5, 'train_loss': 0.4364, 'train_acc': 0.8127}
{'epoch': 6, 'train_loss': 0.3684, 'train_acc': 0.8473}
{'epoch': 7, 'train_loss': 0.3713, 'train_acc': 0.8436}
{'epoch': 8, 'train_loss': 0.3448, 'train_acc': 0.8464}
{'epoch': 9, 'train_loss': 0.3378, 'train_acc': 0.86}
{'epoch': 10, 'train_loss': 0.3371, 'train_acc': 0.8564}
{'epoch': 11, 'train_loss': 0.3298, 'train_acc': 0.8627}
{'epoch': 12, 'train_loss': 0.3228, 'train_acc': 0.8736}
{'epoch': 13, 'train_loss': 0.2947, 'train_acc': 0.8782}
{'epoch': 14, 'train_loss': 0.2897, 'train_acc': 0.8673}
{'epoch': 15, 'train_loss': 0.3121, 'train_acc': 0.8636}
{'epoch': 16, 'train_loss': 0.3171, 'train_acc': 0.8755}
{'epoch': 17, 'train_loss': 0.2856, 'train_acc': 0.8773}
{'epoch': 18, 'train_loss': 0.265, 'train_acc': 0.9009}
{'epoch': 19, 'train_loss': 0.2142, 'train_acc': 0.9064}
{'epoch': 20, 'train_loss': 0.2326, 'train_acc': 0.9055}
{'epoch': 21, 'train_loss': 0.2039, 'train_acc': 0.9173}
{'epoch': 22, 'train_loss': 0.2465, 'train_acc': 0.8982}
{'epoch': 23, 'train_loss': 0.2362, 'train_acc': 0.8945}
{'epoch': 24, 'train_loss': 0.2107, 'train_acc': 0.9127}
{'epoch': 25, 'train_loss': 0.1992, 'train_acc': 0.9155}
{'epoch': 26, 'train_loss': 0.204, 'train_acc': 0.9218}
{'epoch': 27, 'train_loss': 0.18, 'train_acc': 0.9282}
{'epoch': 28, 'train_loss': 0.168, 'train_acc': 0.9318}
{'epoch': 29, 'train_loss': 0.1544, 'train_acc': 0.9382}
{'epoch': 30, 'train_loss': 0.2062, 'train_acc': 0.9182}
{'epoch': 31, 'train_loss': 0.14, 'train_acc': 0.9473}
{'epoch': 32, 'train_loss': 0.1786, 'train_acc': 0.9264}
{'epoch': 33, 'train_loss': 0.1692, 'train_acc': 0.9318}
{'epoch': 34, 'train_loss': 0.1921, 'train_acc': 0.9236}
{'epoch': 35, 'train_loss': 0.139, 'train_acc': 0.9409}
{'epoch': 36, 'train_loss': 0.1397, 'train_acc': 0.9382}
{'epoch': 37, 'train_loss': 0.1616, 'train_acc': 0.9382}
{'epoch': 38, 'train_loss': 0.157, 'train_acc': 0.9373}
{'epoch': 39, 'train_loss': 0.1432, 'train_acc': 0.9445}
{'epoch': 40, 'train_loss': 0.1446, 'train_acc': 0.9409}
{'epoch': 41, 'train_loss': 0.1417, 'train_acc': 0.9545}
{'epoch': 42, 'train_loss': 0.1255, 'train_acc': 0.9491}
{'epoch': 43, 'train_loss': 0.1083, 'train_acc': 0.9582}
{'epoch': 44, 'train_loss': 0.1225, 'train_acc': 0.9527}
{'epoch': 45, 'train_loss': 0.0908, 'train_acc': 0.9664}
{'epoch': 46, 'train_loss': 0.098, 'train_acc': 0.9609}
{'epoch': 47, 'train_loss': 0.1162, 'train_acc': 0.95}
{'epoch': 48, 'train_loss': 0.121, 'train_acc': 0.9482}
{'epoch': 49, 'train_loss': 0.0768, 'train_acc': 0.9727}
{'epoch': 50, 'train_loss': 0.094, 'train_acc': 0.9655}
{'epoch': 51, 'train_loss': 0.0811, 'train_acc': 0.9736}
{'epoch': 52, 'train_loss': 0.095, 'train_acc': 0.9618}
{'epoch': 53, 'train_loss': 0.083, 'train_acc': 0.9691}
{'epoch': 54, 'train_loss': 0.1083, 'train_acc': 0.9555}
{'epoch': 55, 'train_loss': 0.0893, 'train_acc': 0.9609}
{'epoch': 56, 'train_loss': 0.0921, 'train_acc': 0.9691}
{'epoch': 57, 'train_loss': 0.0788, 'train_acc': 0.97}
{'epoch': 58, 'train_loss': 0.0633, 'train_acc': 0.9782}
{'epoch': 59, 'train_loss': 0.0736, 'train_acc': 0.9745}
{'epoch': 60, 'train_loss': 0.0709, 'train_acc': 0.9682}
{'epoch': 61, 'train_loss': 0.0904, 'train_acc': 0.9655}
{'epoch': 62, 'train_loss': 0.0632, 'train_acc': 0.98}
{'epoch': 63, 'train_loss': 0.0621, 'train_acc': 0.98}
{'epoch': 64, 'train_loss': 0.0594, 'train_acc': 0.9791}
{'epoch': 65, 'train_loss': 0.0632, 'train_acc': 0.9809}
{'epoch': 66, 'train_loss': 0.0442, 'train_acc': 0.9864}
{'epoch': 67, 'train_loss': 0.0556, 'train_acc': 0.98}
{'epoch': 68, 'train_loss': 0.0584, 'train_acc': 0.9827}
{'epoch': 69, 'train_loss': 0.0422, 'train_acc': 0.9882}
{'epoch': 70, 'train_loss': 0.0474, 'train_acc': 0.9845}
{'epoch': 71, 'train_loss': 0.0469, 'train_acc': 0.9845}
{'epoch': 72, 'train_loss': 0.0515, 'train_acc': 0.9773}
{'epoch': 73, 'train_loss': 0.0578, 'train_acc': 0.9745}
{'epoch': 74, 'train_loss': 0.0585, 'train_acc': 0.9791}
{'epoch': 75, 'train_loss': 0.032, 'train_acc': 0.9918}
{'epoch': 76, 'train_loss': 0.0405, 'train_acc': 0.9864}
{'epoch': 77, 'train_loss': 0.0378, 'train_acc': 0.9918}
{'epoch': 78, 'train_loss': 0.0451, 'train_acc': 0.9827}
{'epoch': 79, 'train_loss': 0.0336, 'train_acc': 0.99}
{'epoch': 80, 'train_loss': 0.0318, 'train_acc': 0.99}
{'epoch': 81, 'train_loss': 0.0497, 'train_acc': 0.9836}
{'epoch': 82, 'train_loss': 0.0428, 'train_acc': 0.9855}
{'epoch': 83, 'train_loss': 0.0419, 'train_acc': 0.9873}
{'epoch': 84, 'train_loss': 0.0337, 'train_acc': 0.9927}
{'epoch': 85, 'train_loss': 0.0449, 'train_acc': 0.9855}
{'epoch': 86, 'train_loss': 0.0369, 'train_acc': 0.9909}
{'epoch': 87, 'train_loss': 0.0343, 'train_acc': 0.9882}
{'epoch': 88, 'train_loss': 0.0304, 'train_acc': 0.9909}
{'epoch': 89, 'train_loss': 0.0363, 'train_acc': 0.99}
{'epoch': 90, 'train_loss': 0.0397, 'train_acc': 0.9855}
{'epoch': 91, 'train_loss': 0.0355, 'train_acc': 0.9909}
{'epoch': 92, 'train_loss': 0.0303, 'train_acc': 0.9918}
{'epoch': 93, 'train_loss': 0.0366, 'train_acc': 0.9873}
{'epoch': 94, 'train_loss': 0.041, 'train_acc': 0.9845}
{'epoch': 95, 'train_loss': 0.0353, 'train_acc': 0.99}
{'epoch': 96, 'train_loss': 0.0323, 'train_acc': 0.9882}
{'epoch': 97, 'train_loss': 0.0345, 'train_acc': 0.9918}
{'epoch': 98, 'train_loss': 0.0303, 'train_acc': 0.9927}
{'epoch': 99, 'train_loss': 0.0261, 'train_acc': 0.9955}
{'epoch': 100, 'train_loss': 0.0379, 'train_acc': 0.9873}
{'run_num': 4, 'final_test_err': 0.11199999999999999}
Files already downloaded and verified
Files already downloaded and verified
{'epoch': 1, 'train_loss': 0.6233, 'train_acc': 0.6945}
{'epoch': 2, 'train_loss': 0.4926, 'train_acc': 0.7836}
{'epoch': 3, 'train_loss': 0.4599, 'train_acc': 0.8082}
{'epoch': 4, 'train_loss': 0.4649, 'train_acc': 0.7991}
{'epoch': 5, 'train_loss': 0.3753, 'train_acc': 0.8418}
{'epoch': 6, 'train_loss': 0.372, 'train_acc': 0.8536}
{'epoch': 7, 'train_loss': 0.3494, 'train_acc': 0.8564}
{'epoch': 8, 'train_loss': 0.3795, 'train_acc': 0.8445}
{'epoch': 9, 'train_loss': 0.3356, 'train_acc': 0.8582}
{'epoch': 10, 'train_loss': 0.3089, 'train_acc': 0.8718}
{'epoch': 11, 'train_loss': 0.3165, 'train_acc': 0.8682}
{'epoch': 12, 'train_loss': 0.3088, 'train_acc': 0.8709}
{'epoch': 13, 'train_loss': 0.3134, 'train_acc': 0.8764}
{'epoch': 14, 'train_loss': 0.284, 'train_acc': 0.8873}
{'epoch': 15, 'train_loss': 0.3064, 'train_acc': 0.8764}
{'epoch': 16, 'train_loss': 0.2591, 'train_acc': 0.8918}
{'epoch': 17, 'train_loss': 0.2606, 'train_acc': 0.8955}
{'epoch': 18, 'train_loss': 0.266, 'train_acc': 0.8827}
{'epoch': 19, 'train_loss': 0.2588, 'train_acc': 0.8982}
{'epoch': 20, 'train_loss': 0.2554, 'train_acc': 0.8891}
{'epoch': 21, 'train_loss': 0.2334, 'train_acc': 0.91}
{'epoch': 22, 'train_loss': 0.2386, 'train_acc': 0.8927}
{'epoch': 23, 'train_loss': 0.2494, 'train_acc': 0.8955}
{'epoch': 24, 'train_loss': 0.2403, 'train_acc': 0.9018}
{'epoch': 25, 'train_loss': 0.2306, 'train_acc': 0.9155}
{'epoch': 26, 'train_loss': 0.1712, 'train_acc': 0.9345}
{'epoch': 27, 'train_loss': 0.2108, 'train_acc': 0.9145}
{'epoch': 28, 'train_loss': 0.2462, 'train_acc': 0.9018}
{'epoch': 29, 'train_loss': 0.1845, 'train_acc': 0.9273}
{'epoch': 30, 'train_loss': 0.1857, 'train_acc': 0.9273}
{'epoch': 31, 'train_loss': 0.2087, 'train_acc': 0.9155}
{'epoch': 32, 'train_loss': 0.1723, 'train_acc': 0.9345}
{'epoch': 33, 'train_loss': 0.1703, 'train_acc': 0.93}
{'epoch': 34, 'train_loss': 0.1725, 'train_acc': 0.9291}
{'epoch': 35, 'train_loss': 0.1589, 'train_acc': 0.9409}
{'epoch': 36, 'train_loss': 0.1425, 'train_acc': 0.94}
{'epoch': 37, 'train_loss': 0.1498, 'train_acc': 0.9445}
{'epoch': 38, 'train_loss': 0.1331, 'train_acc': 0.9445}
{'epoch': 39, 'train_loss': 0.1417, 'train_acc': 0.9409}
{'epoch': 40, 'train_loss': 0.1331, 'train_acc': 0.9464}
{'epoch': 41, 'train_loss': 0.1368, 'train_acc': 0.9482}
{'epoch': 42, 'train_loss': 0.1086, 'train_acc': 0.9573}
{'epoch': 43, 'train_loss': 0.1389, 'train_acc': 0.9527}
{'epoch': 44, 'train_loss': 0.1095, 'train_acc': 0.9591}
{'epoch': 45, 'train_loss': 0.1048, 'train_acc': 0.9636}
{'epoch': 46, 'train_loss': 0.1538, 'train_acc': 0.9427}
{'epoch': 47, 'train_loss': 0.1265, 'train_acc': 0.9482}
{'epoch': 48, 'train_loss': 0.1078, 'train_acc': 0.9627}
{'epoch': 49, 'train_loss': 0.1037, 'train_acc': 0.96}
{'epoch': 50, 'train_loss': 0.0961, 'train_acc': 0.9618}
{'epoch': 51, 'train_loss': 0.1225, 'train_acc': 0.9482}
{'epoch': 52, 'train_loss': 0.0985, 'train_acc': 0.96}
{'epoch': 53, 'train_loss': 0.1039, 'train_acc': 0.9591}
{'epoch': 54, 'train_loss': 0.0698, 'train_acc': 0.9755}
{'epoch': 55, 'train_loss': 0.0985, 'train_acc': 0.9618}
{'epoch': 56, 'train_loss': 0.0908, 'train_acc': 0.9618}
{'epoch': 57, 'train_loss': 0.0964, 'train_acc': 0.96}
{'epoch': 58, 'train_loss': 0.0693, 'train_acc': 0.9791}
{'epoch': 59, 'train_loss': 0.0643, 'train_acc': 0.98}
{'epoch': 60, 'train_loss': 0.0715, 'train_acc': 0.9718}
{'epoch': 61, 'train_loss': 0.0648, 'train_acc': 0.9755}
{'epoch': 62, 'train_loss': 0.0703, 'train_acc': 0.9727}
{'epoch': 63, 'train_loss': 0.0785, 'train_acc': 0.9636}
{'epoch': 64, 'train_loss': 0.059, 'train_acc': 0.9818}
{'epoch': 65, 'train_loss': 0.056, 'train_acc': 0.9827}
{'epoch': 66, 'train_loss': 0.0747, 'train_acc': 0.9709}
{'epoch': 67, 'train_loss': 0.0536, 'train_acc': 0.98}
{'epoch': 68, 'train_loss': 0.0463, 'train_acc': 0.9855}
{'epoch': 69, 'train_loss': 0.0607, 'train_acc': 0.9773}
{'epoch': 70, 'train_loss': 0.0438, 'train_acc': 0.9845}
{'epoch': 71, 'train_loss': 0.0544, 'train_acc': 0.9791}
{'epoch': 72, 'train_loss': 0.0548, 'train_acc': 0.9827}
{'epoch': 73, 'train_loss': 0.0524, 'train_acc': 0.98}
{'epoch': 74, 'train_loss': 0.0424, 'train_acc': 0.9873}
{'epoch': 75, 'train_loss': 0.0443, 'train_acc': 0.9882}
{'epoch': 76, 'train_loss': 0.0479, 'train_acc': 0.9836}
{'epoch': 77, 'train_loss': 0.0461, 'train_acc': 0.9809}
{'epoch': 78, 'train_loss': 0.0597, 'train_acc': 0.9791}
{'epoch': 79, 'train_loss': 0.0463, 'train_acc': 0.9836}
{'epoch': 80, 'train_loss': 0.045, 'train_acc': 0.9827}
{'epoch': 81, 'train_loss': 0.0398, 'train_acc': 0.9836}
{'epoch': 82, 'train_loss': 0.0453, 'train_acc': 0.9845}
{'epoch': 83, 'train_loss': 0.0345, 'train_acc': 0.9909}
{'epoch': 84, 'train_loss': 0.0357, 'train_acc': 0.9891}
{'epoch': 85, 'train_loss': 0.0417, 'train_acc': 0.9873}
{'epoch': 86, 'train_loss': 0.042, 'train_acc': 0.9882}
{'epoch': 87, 'train_loss': 0.0415, 'train_acc': 0.9864}
{'epoch': 88, 'train_loss': 0.0382, 'train_acc': 0.99}
{'epoch': 89, 'train_loss': 0.0402, 'train_acc': 0.9855}
{'epoch': 90, 'train_loss': 0.042, 'train_acc': 0.9827}
{'epoch': 91, 'train_loss': 0.041, 'train_acc': 0.9873}
{'epoch': 92, 'train_loss': 0.0418, 'train_acc': 0.9845}
{'epoch': 93, 'train_loss': 0.0375, 'train_acc': 0.9873}
{'epoch': 94, 'train_loss': 0.0438, 'train_acc': 0.9873}
{'epoch': 95, 'train_loss': 0.0361, 'train_acc': 0.99}
{'epoch': 96, 'train_loss': 0.034, 'train_acc': 0.99}
{'epoch': 97, 'train_loss': 0.0332, 'train_acc': 0.99}
{'epoch': 98, 'train_loss': 0.0265, 'train_acc': 0.9927}
{'epoch': 99, 'train_loss': 0.0262, 'train_acc': 0.9918}
{'epoch': 100, 'train_loss': 0.0382, 'train_acc': 0.9836}
{'run_num': 5, 'final_test_err': 0.11375000000000002}
Files already downloaded and verified
Files already downloaded and verified
{'epoch': 1, 'train_loss': 0.6294, 'train_acc': 0.7027}
{'epoch': 2, 'train_loss': 0.5229, 'train_acc': 0.7691}
{'epoch': 3, 'train_loss': 0.4698, 'train_acc': 0.7891}
{'epoch': 4, 'train_loss': 0.4283, 'train_acc': 0.8209}
{'epoch': 5, 'train_loss': 0.4043, 'train_acc': 0.8345}
{'epoch': 6, 'train_loss': 0.412, 'train_acc': 0.8091}
{'epoch': 7, 'train_loss': 0.3557, 'train_acc': 0.8464}
{'epoch': 8, 'train_loss': 0.3349, 'train_acc': 0.8609}
{'epoch': 9, 'train_loss': 0.3214, 'train_acc': 0.8691}
{'epoch': 10, 'train_loss': 0.3492, 'train_acc': 0.8555}
{'epoch': 11, 'train_loss': 0.3283, 'train_acc': 0.8627}
{'epoch': 12, 'train_loss': 0.2972, 'train_acc': 0.88}
{'epoch': 13, 'train_loss': 0.289, 'train_acc': 0.8864}
{'epoch': 14, 'train_loss': 0.2897, 'train_acc': 0.88}
{'epoch': 15, 'train_loss': 0.2788, 'train_acc': 0.8818}
{'epoch': 16, 'train_loss': 0.2495, 'train_acc': 0.9}
{'epoch': 17, 'train_loss': 0.2649, 'train_acc': 0.8882}
{'epoch': 18, 'train_loss': 0.2712, 'train_acc': 0.8836}
{'epoch': 19, 'train_loss': 0.252, 'train_acc': 0.8991}
{'epoch': 20, 'train_loss': 0.2595, 'train_acc': 0.9}
{'epoch': 21, 'train_loss': 0.2278, 'train_acc': 0.9036}
{'epoch': 22, 'train_loss': 0.2191, 'train_acc': 0.9118}
{'epoch': 23, 'train_loss': 0.2274, 'train_acc': 0.9055}
{'epoch': 24, 'train_loss': 0.1974, 'train_acc': 0.92}
{'epoch': 25, 'train_loss': 0.1958, 'train_acc': 0.9218}
{'epoch': 26, 'train_loss': 0.2123, 'train_acc': 0.9036}
{'epoch': 27, 'train_loss': 0.1874, 'train_acc': 0.9209}
{'epoch': 28, 'train_loss': 0.1827, 'train_acc': 0.9264}
{'epoch': 29, 'train_loss': 0.1833, 'train_acc': 0.9218}
{'epoch': 30, 'train_loss': 0.1936, 'train_acc': 0.9255}
{'epoch': 31, 'train_loss': 0.1794, 'train_acc': 0.9327}
{'epoch': 32, 'train_loss': 0.1851, 'train_acc': 0.9191}
{'epoch': 33, 'train_loss': 0.1822, 'train_acc': 0.9282}
{'epoch': 34, 'train_loss': 0.1558, 'train_acc': 0.9355}
{'epoch': 35, 'train_loss': 0.1428, 'train_acc': 0.9427}
{'epoch': 36, 'train_loss': 0.1341, 'train_acc': 0.9436}
{'epoch': 37, 'train_loss': 0.1442, 'train_acc': 0.9436}
{'epoch': 38, 'train_loss': 0.1333, 'train_acc': 0.9555}
{'epoch': 39, 'train_loss': 0.1307, 'train_acc': 0.9491}
{'epoch': 40, 'train_loss': 0.1263, 'train_acc': 0.9518}
{'epoch': 41, 'train_loss': 0.1224, 'train_acc': 0.9509}
{'epoch': 42, 'train_loss': 0.1104, 'train_acc': 0.9545}
{'epoch': 43, 'train_loss': 0.1186, 'train_acc': 0.95}
{'epoch': 44, 'train_loss': 0.1234, 'train_acc': 0.9536}
{'epoch': 45, 'train_loss': 0.1053, 'train_acc': 0.9591}
{'epoch': 46, 'train_loss': 0.1126, 'train_acc': 0.9582}
{'epoch': 47, 'train_loss': 0.1063, 'train_acc': 0.9573}
{'epoch': 48, 'train_loss': 0.1112, 'train_acc': 0.9536}
{'epoch': 49, 'train_loss': 0.0879, 'train_acc': 0.9645}
{'epoch': 50, 'train_loss': 0.083, 'train_acc': 0.97}
{'epoch': 51, 'train_loss': 0.1039, 'train_acc': 0.9573}
{'epoch': 52, 'train_loss': 0.0829, 'train_acc': 0.97}
{'epoch': 53, 'train_loss': 0.0824, 'train_acc': 0.9673}
{'epoch': 54, 'train_loss': 0.0981, 'train_acc': 0.9591}
{'epoch': 55, 'train_loss': 0.0958, 'train_acc': 0.9545}
{'epoch': 56, 'train_loss': 0.1081, 'train_acc': 0.96}
{'epoch': 57, 'train_loss': 0.0708, 'train_acc': 0.9736}
{'epoch': 58, 'train_loss': 0.0639, 'train_acc': 0.9764}
{'epoch': 59, 'train_loss': 0.0631, 'train_acc': 0.9745}
{'epoch': 60, 'train_loss': 0.0618, 'train_acc': 0.9764}
{'epoch': 61, 'train_loss': 0.0922, 'train_acc': 0.9664}
{'epoch': 62, 'train_loss': 0.065, 'train_acc': 0.9764}
{'epoch': 63, 'train_loss': 0.0668, 'train_acc': 0.9745}
{'epoch': 64, 'train_loss': 0.0749, 'train_acc': 0.9673}
{'epoch': 65, 'train_loss': 0.0638, 'train_acc': 0.9755}
{'epoch': 66, 'train_loss': 0.0515, 'train_acc': 0.98}
{'epoch': 67, 'train_loss': 0.0487, 'train_acc': 0.9809}
{'epoch': 68, 'train_loss': 0.0649, 'train_acc': 0.9755}
{'epoch': 69, 'train_loss': 0.0395, 'train_acc': 0.9918}
{'epoch': 70, 'train_loss': 0.0598, 'train_acc': 0.9755}
{'epoch': 71, 'train_loss': 0.0437, 'train_acc': 0.9882}
{'epoch': 72, 'train_loss': 0.04, 'train_acc': 0.9855}
{'epoch': 73, 'train_loss': 0.0445, 'train_acc': 0.9864}
{'epoch': 74, 'train_loss': 0.047, 'train_acc': 0.9827}
{'epoch': 75, 'train_loss': 0.0359, 'train_acc': 0.99}
{'epoch': 76, 'train_loss': 0.0318, 'train_acc': 0.9882}
{'epoch': 77, 'train_loss': 0.0477, 'train_acc': 0.9845}
{'epoch': 78, 'train_loss': 0.0373, 'train_acc': 0.9855}
{'epoch': 79, 'train_loss': 0.0438, 'train_acc': 0.9855}
{'epoch': 80, 'train_loss': 0.0573, 'train_acc': 0.9782}
{'epoch': 81, 'train_loss': 0.036, 'train_acc': 0.9909}
{'epoch': 82, 'train_loss': 0.0331, 'train_acc': 0.99}
{'epoch': 83, 'train_loss': 0.0387, 'train_acc': 0.99}
{'epoch': 84, 'train_loss': 0.0474, 'train_acc': 0.9827}
{'epoch': 85, 'train_loss': 0.0401, 'train_acc': 0.9836}
{'epoch': 86, 'train_loss': 0.025, 'train_acc': 0.9936}
{'epoch': 87, 'train_loss': 0.0304, 'train_acc': 0.9891}
{'epoch': 88, 'train_loss': 0.0322, 'train_acc': 0.9936}
{'epoch': 89, 'train_loss': 0.0312, 'train_acc': 0.9936}
{'epoch': 90, 'train_loss': 0.0324, 'train_acc': 0.9918}
{'epoch': 91, 'train_loss': 0.0276, 'train_acc': 0.9936}
{'epoch': 92, 'train_loss': 0.0317, 'train_acc': 0.9891}
{'epoch': 93, 'train_loss': 0.0383, 'train_acc': 0.9845}
{'epoch': 94, 'train_loss': 0.0243, 'train_acc': 0.9945}
{'epoch': 95, 'train_loss': 0.0294, 'train_acc': 0.99}
{'epoch': 96, 'train_loss': 0.0308, 'train_acc': 0.99}
{'epoch': 97, 'train_loss': 0.0363, 'train_acc': 0.9882}
{'epoch': 98, 'train_loss': 0.0346, 'train_acc': 0.9909}
{'epoch': 99, 'train_loss': 0.0351, 'train_acc': 0.9882}
{'epoch': 100, 'train_loss': 0.0405, 'train_acc': 0.9873}
{'run_num': 6, 'final_test_err': 0.119}
Files already downloaded and verified
Files already downloaded and verified
{'epoch': 1, 'train_loss': 0.5928, 'train_acc': 0.7191}
{'epoch': 2, 'train_loss': 0.5341, 'train_acc': 0.7664}
{'epoch': 3, 'train_loss': 0.4366, 'train_acc': 0.8218}
{'epoch': 4, 'train_loss': 0.4199, 'train_acc': 0.8227}
{'epoch': 5, 'train_loss': 0.4273, 'train_acc': 0.8182}
{'epoch': 6, 'train_loss': 0.3952, 'train_acc': 0.8309}
{'epoch': 7, 'train_loss': 0.3518, 'train_acc': 0.8536}
{'epoch': 8, 'train_loss': 0.3721, 'train_acc': 0.8427}
{'epoch': 9, 'train_loss': 0.3884, 'train_acc': 0.8364}
{'epoch': 10, 'train_loss': 0.3279, 'train_acc': 0.8627}
{'epoch': 11, 'train_loss': 0.37, 'train_acc': 0.8536}
{'epoch': 12, 'train_loss': 0.2661, 'train_acc': 0.8927}
{'epoch': 13, 'train_loss': 0.2721, 'train_acc': 0.9009}
{'epoch': 14, 'train_loss': 0.2865, 'train_acc': 0.8809}
{'epoch': 15, 'train_loss': 0.303, 'train_acc': 0.8727}
{'epoch': 16, 'train_loss': 0.238, 'train_acc': 0.9091}
{'epoch': 17, 'train_loss': 0.2791, 'train_acc': 0.8864}
{'epoch': 18, 'train_loss': 0.2385, 'train_acc': 0.9018}
{'epoch': 19, 'train_loss': 0.2279, 'train_acc': 0.9055}
{'epoch': 20, 'train_loss': 0.2562, 'train_acc': 0.8991}
{'epoch': 21, 'train_loss': 0.2318, 'train_acc': 0.9}
{'epoch': 22, 'train_loss': 0.2318, 'train_acc': 0.8964}
{'epoch': 23, 'train_loss': 0.2191, 'train_acc': 0.9118}
{'epoch': 24, 'train_loss': 0.1999, 'train_acc': 0.9209}
{'epoch': 25, 'train_loss': 0.2044, 'train_acc': 0.9264}
{'epoch': 26, 'train_loss': 0.2179, 'train_acc': 0.9127}
{'epoch': 27, 'train_loss': 0.1729, 'train_acc': 0.9373}
{'epoch': 28, 'train_loss': 0.1834, 'train_acc': 0.9282}
{'epoch': 29, 'train_loss': 0.1892, 'train_acc': 0.9273}
{'epoch': 30, 'train_loss': 0.1876, 'train_acc': 0.9209}
{'epoch': 31, 'train_loss': 0.1625, 'train_acc': 0.93}
{'epoch': 32, 'train_loss': 0.1883, 'train_acc': 0.9209}
{'epoch': 33, 'train_loss': 0.1712, 'train_acc': 0.93}
{'epoch': 34, 'train_loss': 0.1567, 'train_acc': 0.9309}
{'epoch': 35, 'train_loss': 0.1427, 'train_acc': 0.95}
{'epoch': 36, 'train_loss': 0.1525, 'train_acc': 0.9373}
{'epoch': 37, 'train_loss': 0.148, 'train_acc': 0.9427}
{'epoch': 38, 'train_loss': 0.1493, 'train_acc': 0.9327}
{'epoch': 39, 'train_loss': 0.1148, 'train_acc': 0.9536}
{'epoch': 40, 'train_loss': 0.1512, 'train_acc': 0.9391}
{'epoch': 41, 'train_loss': 0.127, 'train_acc': 0.9455}
{'epoch': 42, 'train_loss': 0.1324, 'train_acc': 0.9509}
{'epoch': 43, 'train_loss': 0.127, 'train_acc': 0.9455}
{'epoch': 44, 'train_loss': 0.1351, 'train_acc': 0.9418}
{'epoch': 45, 'train_loss': 0.1222, 'train_acc': 0.9518}
{'epoch': 46, 'train_loss': 0.1211, 'train_acc': 0.9518}
{'epoch': 47, 'train_loss': 0.1267, 'train_acc': 0.9473}
{'epoch': 48, 'train_loss': 0.1272, 'train_acc': 0.9509}
{'epoch': 49, 'train_loss': 0.115, 'train_acc': 0.9545}
{'epoch': 50, 'train_loss': 0.1113, 'train_acc': 0.9545}
{'epoch': 51, 'train_loss': 0.0745, 'train_acc': 0.9755}
{'epoch': 52, 'train_loss': 0.0927, 'train_acc': 0.9682}
{'epoch': 53, 'train_loss': 0.084, 'train_acc': 0.97}
{'epoch': 54, 'train_loss': 0.0745, 'train_acc': 0.9727}
{'epoch': 55, 'train_loss': 0.11, 'train_acc': 0.9564}
{'epoch': 56, 'train_loss': 0.0789, 'train_acc': 0.9673}
{'epoch': 57, 'train_loss': 0.0695, 'train_acc': 0.9773}
{'epoch': 58, 'train_loss': 0.0592, 'train_acc': 0.98}
{'epoch': 59, 'train_loss': 0.0722, 'train_acc': 0.9718}
{'epoch': 60, 'train_loss': 0.0744, 'train_acc': 0.97}
{'epoch': 61, 'train_loss': 0.0887, 'train_acc': 0.9591}
{'epoch': 62, 'train_loss': 0.0746, 'train_acc': 0.9745}
{'epoch': 63, 'train_loss': 0.0661, 'train_acc': 0.9745}
{'epoch': 64, 'train_loss': 0.0702, 'train_acc': 0.9736}
{'epoch': 65, 'train_loss': 0.0548, 'train_acc': 0.9845}
{'epoch': 66, 'train_loss': 0.0679, 'train_acc': 0.9782}
{'epoch': 67, 'train_loss': 0.0605, 'train_acc': 0.9845}
{'epoch': 68, 'train_loss': 0.0522, 'train_acc': 0.9809}
{'epoch': 69, 'train_loss': 0.0503, 'train_acc': 0.9818}
{'epoch': 70, 'train_loss': 0.0525, 'train_acc': 0.9782}
{'epoch': 71, 'train_loss': 0.0367, 'train_acc': 0.9864}
{'epoch': 72, 'train_loss': 0.0574, 'train_acc': 0.9791}
{'epoch': 73, 'train_loss': 0.0521, 'train_acc': 0.9809}
{'epoch': 74, 'train_loss': 0.047, 'train_acc': 0.9827}
{'epoch': 75, 'train_loss': 0.0484, 'train_acc': 0.9873}
{'epoch': 76, 'train_loss': 0.049, 'train_acc': 0.9864}
{'epoch': 77, 'train_loss': 0.048, 'train_acc': 0.9873}
{'epoch': 78, 'train_loss': 0.0476, 'train_acc': 0.9836}
{'epoch': 79, 'train_loss': 0.0475, 'train_acc': 0.9827}
{'epoch': 80, 'train_loss': 0.0479, 'train_acc': 0.9818}
{'epoch': 81, 'train_loss': 0.0326, 'train_acc': 0.9909}
{'epoch': 82, 'train_loss': 0.0401, 'train_acc': 0.9909}
{'epoch': 83, 'train_loss': 0.0444, 'train_acc': 0.9855}
{'epoch': 84, 'train_loss': 0.0297, 'train_acc': 0.9927}
{'epoch': 85, 'train_loss': 0.0394, 'train_acc': 0.9845}
{'epoch': 86, 'train_loss': 0.0331, 'train_acc': 0.9927}
{'epoch': 87, 'train_loss': 0.0449, 'train_acc': 0.9809}
{'epoch': 88, 'train_loss': 0.0424, 'train_acc': 0.9864}
{'epoch': 89, 'train_loss': 0.0344, 'train_acc': 0.9918}
{'epoch': 90, 'train_loss': 0.0275, 'train_acc': 0.9936}
{'epoch': 91, 'train_loss': 0.0353, 'train_acc': 0.9882}
{'epoch': 92, 'train_loss': 0.0363, 'train_acc': 0.9864}
{'epoch': 93, 'train_loss': 0.0323, 'train_acc': 0.9909}
{'epoch': 94, 'train_loss': 0.0312, 'train_acc': 0.9909}
{'epoch': 95, 'train_loss': 0.0346, 'train_acc': 0.9873}
{'epoch': 96, 'train_loss': 0.0355, 'train_acc': 0.99}
{'epoch': 97, 'train_loss': 0.0309, 'train_acc': 0.99}
{'epoch': 98, 'train_loss': 0.0365, 'train_acc': 0.9873}
{'epoch': 99, 'train_loss': 0.0466, 'train_acc': 0.9855}
{'epoch': 100, 'train_loss': 0.0418, 'train_acc': 0.9836}
{'run_num': 7, 'final_test_err': 0.10750000000000004}
Files already downloaded and verified
Files already downloaded and verified
{'epoch': 1, 'train_loss': 0.5987, 'train_acc': 0.7282}
{'epoch': 2, 'train_loss': 0.5018, 'train_acc': 0.7864}
{'epoch': 3, 'train_loss': 0.4523, 'train_acc': 0.8091}
{'epoch': 4, 'train_loss': 0.4353, 'train_acc': 0.8109}
{'epoch': 5, 'train_loss': 0.4591, 'train_acc': 0.8127}
{'epoch': 6, 'train_loss': 0.4143, 'train_acc': 0.82}
{'epoch': 7, 'train_loss': 0.3475, 'train_acc': 0.8418}
{'epoch': 8, 'train_loss': 0.3647, 'train_acc': 0.8482}
{'epoch': 9, 'train_loss': 0.3722, 'train_acc': 0.8364}
{'epoch': 10, 'train_loss': 0.3232, 'train_acc': 0.8727}
{'epoch': 11, 'train_loss': 0.2977, 'train_acc': 0.8755}
{'epoch': 12, 'train_loss': 0.2762, 'train_acc': 0.8864}
{'epoch': 13, 'train_loss': 0.3218, 'train_acc': 0.8745}
{'epoch': 14, 'train_loss': 0.2848, 'train_acc': 0.8909}
{'epoch': 15, 'train_loss': 0.2725, 'train_acc': 0.8864}
{'epoch': 16, 'train_loss': 0.266, 'train_acc': 0.89}
{'epoch': 17, 'train_loss': 0.2885, 'train_acc': 0.8918}
{'epoch': 18, 'train_loss': 0.2509, 'train_acc': 0.9045}
{'epoch': 19, 'train_loss': 0.2461, 'train_acc': 0.8973}
{'epoch': 20, 'train_loss': 0.249, 'train_acc': 0.9009}
{'epoch': 21, 'train_loss': 0.2384, 'train_acc': 0.9027}
{'epoch': 22, 'train_loss': 0.2304, 'train_acc': 0.9055}
{'epoch': 23, 'train_loss': 0.201, 'train_acc': 0.9164}
{'epoch': 24, 'train_loss': 0.2074, 'train_acc': 0.9173}
{'epoch': 25, 'train_loss': 0.1957, 'train_acc': 0.9109}
{'epoch': 26, 'train_loss': 0.2222, 'train_acc': 0.9118}
{'epoch': 27, 'train_loss': 0.1882, 'train_acc': 0.92}
{'epoch': 28, 'train_loss': 0.2307, 'train_acc': 0.9}
{'epoch': 29, 'train_loss': 0.1981, 'train_acc': 0.92}
{'epoch': 30, 'train_loss': 0.1969, 'train_acc': 0.9255}
{'epoch': 31, 'train_loss': 0.1943, 'train_acc': 0.9245}
{'epoch': 32, 'train_loss': 0.1691, 'train_acc': 0.9309}
{'epoch': 33, 'train_loss': 0.1819, 'train_acc': 0.9264}
{'epoch': 34, 'train_loss': 0.1653, 'train_acc': 0.9336}
{'epoch': 35, 'train_loss': 0.185, 'train_acc': 0.9273}
{'epoch': 36, 'train_loss': 0.1442, 'train_acc': 0.9355}
{'epoch': 37, 'train_loss': 0.1479, 'train_acc': 0.9355}
{'epoch': 38, 'train_loss': 0.1511, 'train_acc': 0.9345}
{'epoch': 39, 'train_loss': 0.1442, 'train_acc': 0.9427}
{'epoch': 40, 'train_loss': 0.1532, 'train_acc': 0.9355}
{'epoch': 41, 'train_loss': 0.1322, 'train_acc': 0.9427}
{'epoch': 42, 'train_loss': 0.1451, 'train_acc': 0.94}
{'epoch': 43, 'train_loss': 0.1116, 'train_acc': 0.9527}
{'epoch': 44, 'train_loss': 0.1109, 'train_acc': 0.9555}
{'epoch': 45, 'train_loss': 0.1012, 'train_acc': 0.9664}
{'epoch': 46, 'train_loss': 0.1231, 'train_acc': 0.9545}
{'epoch': 47, 'train_loss': 0.0931, 'train_acc': 0.9636}
{'epoch': 48, 'train_loss': 0.1167, 'train_acc': 0.9536}
{'epoch': 49, 'train_loss': 0.1068, 'train_acc': 0.9518}
{'epoch': 50, 'train_loss': 0.1057, 'train_acc': 0.9591}
{'epoch': 51, 'train_loss': 0.1053, 'train_acc': 0.9591}
{'epoch': 52, 'train_loss': 0.1143, 'train_acc': 0.9664}
{'epoch': 53, 'train_loss': 0.0695, 'train_acc': 0.9773}
{'epoch': 54, 'train_loss': 0.08, 'train_acc': 0.9709}
{'epoch': 55, 'train_loss': 0.0746, 'train_acc': 0.9718}
{'epoch': 56, 'train_loss': 0.0804, 'train_acc': 0.9645}
{'epoch': 57, 'train_loss': 0.0911, 'train_acc': 0.97}
{'epoch': 58, 'train_loss': 0.0722, 'train_acc': 0.9691}
{'epoch': 59, 'train_loss': 0.0745, 'train_acc': 0.9718}
{'epoch': 60, 'train_loss': 0.0744, 'train_acc': 0.9782}
{'epoch': 61, 'train_loss': 0.0618, 'train_acc': 0.9745}
{'epoch': 62, 'train_loss': 0.084, 'train_acc': 0.9673}
{'epoch': 63, 'train_loss': 0.0673, 'train_acc': 0.9755}
{'epoch': 64, 'train_loss': 0.0835, 'train_acc': 0.9727}
{'epoch': 65, 'train_loss': 0.0627, 'train_acc': 0.9755}
{'epoch': 66, 'train_loss': 0.0562, 'train_acc': 0.9773}
{'epoch': 67, 'train_loss': 0.0439, 'train_acc': 0.9864}
{'epoch': 68, 'train_loss': 0.0461, 'train_acc': 0.9855}
{'epoch': 69, 'train_loss': 0.0482, 'train_acc': 0.9818}
{'epoch': 70, 'train_loss': 0.0622, 'train_acc': 0.9764}
{'epoch': 71, 'train_loss': 0.0477, 'train_acc': 0.9855}
{'epoch': 72, 'train_loss': 0.0454, 'train_acc': 0.9864}
{'epoch': 73, 'train_loss': 0.0357, 'train_acc': 0.9891}
{'epoch': 74, 'train_loss': 0.0442, 'train_acc': 0.9855}
{'epoch': 75, 'train_loss': 0.0484, 'train_acc': 0.9791}
{'epoch': 76, 'train_loss': 0.0525, 'train_acc': 0.9773}
{'epoch': 77, 'train_loss': 0.0453, 'train_acc': 0.9845}
{'epoch': 78, 'train_loss': 0.0357, 'train_acc': 0.9909}
{'epoch': 79, 'train_loss': 0.042, 'train_acc': 0.9891}
{'epoch': 80, 'train_loss': 0.0468, 'train_acc': 0.9827}
{'epoch': 81, 'train_loss': 0.0361, 'train_acc': 0.99}
{'epoch': 82, 'train_loss': 0.0315, 'train_acc': 0.9927}
{'epoch': 83, 'train_loss': 0.0358, 'train_acc': 0.9927}
{'epoch': 84, 'train_loss': 0.0343, 'train_acc': 0.9873}
{'epoch': 85, 'train_loss': 0.0395, 'train_acc': 0.9882}
{'epoch': 86, 'train_loss': 0.0323, 'train_acc': 0.9909}
{'epoch': 87, 'train_loss': 0.0421, 'train_acc': 0.9864}
{'epoch': 88, 'train_loss': 0.039, 'train_acc': 0.9845}
{'epoch': 89, 'train_loss': 0.0369, 'train_acc': 0.9845}
{'epoch': 90, 'train_loss': 0.0371, 'train_acc': 0.9873}
{'epoch': 91, 'train_loss': 0.0329, 'train_acc': 0.9909}
{'epoch': 92, 'train_loss': 0.0305, 'train_acc': 0.99}
{'epoch': 93, 'train_loss': 0.0414, 'train_acc': 0.9882}
{'epoch': 94, 'train_loss': 0.0319, 'train_acc': 0.9918}
{'epoch': 95, 'train_loss': 0.0253, 'train_acc': 0.9955}
{'epoch': 96, 'train_loss': 0.0338, 'train_acc': 0.9927}
{'epoch': 97, 'train_loss': 0.0481, 'train_acc': 0.9855}
{'epoch': 98, 'train_loss': 0.0296, 'train_acc': 0.9909}
{'epoch': 99, 'train_loss': 0.0322, 'train_acc': 0.9918}
{'epoch': 100, 'train_loss': 0.0386, 'train_acc': 0.9882}
{'run_num': 8, 'final_test_err': 0.10924999999999996}
Files already downloaded and verified
Files already downloaded and verified
{'epoch': 1, 'train_loss': 0.593, 'train_acc': 0.7227}
{'epoch': 2, 'train_loss': 0.5173, 'train_acc': 0.7745}
{'epoch': 3, 'train_loss': 0.462, 'train_acc': 0.8073}
{'epoch': 4, 'train_loss': 0.4416, 'train_acc': 0.8073}
{'epoch': 5, 'train_loss': 0.4508, 'train_acc': 0.8073}
{'epoch': 6, 'train_loss': 0.3728, 'train_acc': 0.8391}
{'epoch': 7, 'train_loss': 0.3264, 'train_acc': 0.8718}
{'epoch': 8, 'train_loss': 0.3343, 'train_acc': 0.8527}
{'epoch': 9, 'train_loss': 0.3198, 'train_acc': 0.8691}
{'epoch': 10, 'train_loss': 0.3806, 'train_acc': 0.8355}
{'epoch': 11, 'train_loss': 0.2817, 'train_acc': 0.8855}
{'epoch': 12, 'train_loss': 0.3125, 'train_acc': 0.8773}
{'epoch': 13, 'train_loss': 0.298, 'train_acc': 0.8727}
{'epoch': 14, 'train_loss': 0.2866, 'train_acc': 0.8882}
{'epoch': 15, 'train_loss': 0.2534, 'train_acc': 0.8991}
{'epoch': 16, 'train_loss': 0.283, 'train_acc': 0.8891}
{'epoch': 17, 'train_loss': 0.2756, 'train_acc': 0.8882}
{'epoch': 18, 'train_loss': 0.2783, 'train_acc': 0.8818}
{'epoch': 19, 'train_loss': 0.2389, 'train_acc': 0.8973}
{'epoch': 20, 'train_loss': 0.2159, 'train_acc': 0.92}
{'epoch': 21, 'train_loss': 0.2199, 'train_acc': 0.9109}
{'epoch': 22, 'train_loss': 0.2482, 'train_acc': 0.9073}
{'epoch': 23, 'train_loss': 0.1779, 'train_acc': 0.93}
{'epoch': 24, 'train_loss': 0.2205, 'train_acc': 0.91}
{'epoch': 25, 'train_loss': 0.204, 'train_acc': 0.9145}
{'epoch': 26, 'train_loss': 0.1859, 'train_acc': 0.9164}
{'epoch': 27, 'train_loss': 0.1888, 'train_acc': 0.9255}
{'epoch': 28, 'train_loss': 0.213, 'train_acc': 0.91}
{'epoch': 29, 'train_loss': 0.1705, 'train_acc': 0.9345}
{'epoch': 30, 'train_loss': 0.1798, 'train_acc': 0.9291}
{'epoch': 31, 'train_loss': 0.1593, 'train_acc': 0.9373}
{'epoch': 32, 'train_loss': 0.1649, 'train_acc': 0.9336}
{'epoch': 33, 'train_loss': 0.1661, 'train_acc': 0.9355}
{'epoch': 34, 'train_loss': 0.1567, 'train_acc': 0.93}
{'epoch': 35, 'train_loss': 0.1673, 'train_acc': 0.9391}
{'epoch': 36, 'train_loss': 0.1743, 'train_acc': 0.9182}
{'epoch': 37, 'train_loss': 0.1532, 'train_acc': 0.9427}
{'epoch': 38, 'train_loss': 0.1598, 'train_acc': 0.94}
{'epoch': 39, 'train_loss': 0.107, 'train_acc': 0.96}
{'epoch': 40, 'train_loss': 0.1265, 'train_acc': 0.9518}
{'epoch': 41, 'train_loss': 0.1432, 'train_acc': 0.9373}
{'epoch': 42, 'train_loss': 0.1234, 'train_acc': 0.9573}
{'epoch': 43, 'train_loss': 0.1202, 'train_acc': 0.9618}
{'epoch': 44, 'train_loss': 0.0904, 'train_acc': 0.9655}
{'epoch': 45, 'train_loss': 0.1178, 'train_acc': 0.9473}
{'epoch': 46, 'train_loss': 0.0852, 'train_acc': 0.9745}
{'epoch': 47, 'train_loss': 0.1061, 'train_acc': 0.9564}
{'epoch': 48, 'train_loss': 0.111, 'train_acc': 0.9573}
{'epoch': 49, 'train_loss': 0.1038, 'train_acc': 0.9582}
{'epoch': 50, 'train_loss': 0.0953, 'train_acc': 0.9627}
{'epoch': 51, 'train_loss': 0.0855, 'train_acc': 0.9718}
{'epoch': 52, 'train_loss': 0.0854, 'train_acc': 0.9655}
{'epoch': 53, 'train_loss': 0.0877, 'train_acc': 0.9682}
{'epoch': 54, 'train_loss': 0.0772, 'train_acc': 0.9691}
{'epoch': 55, 'train_loss': 0.07, 'train_acc': 0.98}
{'epoch': 56, 'train_loss': 0.0695, 'train_acc': 0.9782}
{'epoch': 57, 'train_loss': 0.061, 'train_acc': 0.9773}
{'epoch': 58, 'train_loss': 0.0587, 'train_acc': 0.9836}
{'epoch': 59, 'train_loss': 0.0646, 'train_acc': 0.9782}
{'epoch': 60, 'train_loss': 0.0694, 'train_acc': 0.9718}
{'epoch': 61, 'train_loss': 0.0567, 'train_acc': 0.9782}
{'epoch': 62, 'train_loss': 0.0631, 'train_acc': 0.9818}
{'epoch': 63, 'train_loss': 0.07, 'train_acc': 0.9755}
{'epoch': 64, 'train_loss': 0.0542, 'train_acc': 0.9845}
{'epoch': 65, 'train_loss': 0.0678, 'train_acc': 0.9745}
{'epoch': 66, 'train_loss': 0.0562, 'train_acc': 0.9791}
{'epoch': 67, 'train_loss': 0.07, 'train_acc': 0.97}
{'epoch': 68, 'train_loss': 0.0575, 'train_acc': 0.9773}
{'epoch': 69, 'train_loss': 0.0804, 'train_acc': 0.9673}
{'epoch': 70, 'train_loss': 0.0433, 'train_acc': 0.9873}
{'epoch': 71, 'train_loss': 0.0607, 'train_acc': 0.9755}
{'epoch': 72, 'train_loss': 0.0435, 'train_acc': 0.9855}
{'epoch': 73, 'train_loss': 0.048, 'train_acc': 0.9827}
{'epoch': 74, 'train_loss': 0.0434, 'train_acc': 0.9836}
{'epoch': 75, 'train_loss': 0.0494, 'train_acc': 0.9827}
{'epoch': 76, 'train_loss': 0.0476, 'train_acc': 0.9836}
{'epoch': 77, 'train_loss': 0.044, 'train_acc': 0.9855}
{'epoch': 78, 'train_loss': 0.0478, 'train_acc': 0.9845}
{'epoch': 79, 'train_loss': 0.0355, 'train_acc': 0.99}
{'epoch': 80, 'train_loss': 0.0412, 'train_acc': 0.9845}
{'epoch': 81, 'train_loss': 0.0422, 'train_acc': 0.9855}
{'epoch': 82, 'train_loss': 0.0421, 'train_acc': 0.9845}
{'epoch': 83, 'train_loss': 0.0351, 'train_acc': 0.99}
{'epoch': 84, 'train_loss': 0.0366, 'train_acc': 0.9882}
{'epoch': 85, 'train_loss': 0.0387, 'train_acc': 0.9873}
{'epoch': 86, 'train_loss': 0.0359, 'train_acc': 0.9891}
{'epoch': 87, 'train_loss': 0.0426, 'train_acc': 0.9873}
{'epoch': 88, 'train_loss': 0.0386, 'train_acc': 0.9873}
{'epoch': 89, 'train_loss': 0.0326, 'train_acc': 0.9918}
{'epoch': 90, 'train_loss': 0.0339, 'train_acc': 0.9882}
{'epoch': 91, 'train_loss': 0.0334, 'train_acc': 0.9891}
{'epoch': 92, 'train_loss': 0.0375, 'train_acc': 0.9891}
{'epoch': 93, 'train_loss': 0.0311, 'train_acc': 0.9909}
{'epoch': 94, 'train_loss': 0.0369, 'train_acc': 0.9909}
{'epoch': 95, 'train_loss': 0.0339, 'train_acc': 0.9864}
{'epoch': 96, 'train_loss': 0.0309, 'train_acc': 0.9909}
{'epoch': 97, 'train_loss': 0.0331, 'train_acc': 0.9882}
{'epoch': 98, 'train_loss': 0.0291, 'train_acc': 0.9927}
{'epoch': 99, 'train_loss': 0.0342, 'train_acc': 0.9918}
{'epoch': 100, 'train_loss': 0.0301, 'train_acc': 0.99}
{'run_num': 9, 'final_test_err': 0.11375000000000002}
{'avg_err': 0.113, 'std_err': 0.0037}
