{'deploy': True, 'tag': '02_beta/task_agnostic', 'seed': 10, 'device': 'cuda:0', 'reps': 10, 'loss': {'α': 0.5, 'tune_α': False, 'group_task_loss': False}, 'task': {'dataset': 'split_cifar10', 'task_map': [[0, 1], [2, 3], [4, 5], [6, 7], [8, 9]], 'target': 0, 'ood': [4], 'augment': True, 'n': 50, 'm_n': 12.5, 'β': 0.5, 'custom_sampler': False}, 'hp': {'epochs': 100, 'bs': 16, 'lr': 0.01}, 'net': 'conv'}
Files already downloaded and verified
Files already downloaded and verified
{'epoch': 1, 'train_loss': 0.5963, 'train_acc': 0.7274}
{'epoch': 2, 'train_loss': 0.536, 'train_acc': 0.7733}
{'epoch': 3, 'train_loss': 0.4486, 'train_acc': 0.8133}
{'epoch': 4, 'train_loss': 0.4114, 'train_acc': 0.8244}
{'epoch': 5, 'train_loss': 0.3973, 'train_acc': 0.8281}
{'epoch': 6, 'train_loss': 0.3669, 'train_acc': 0.8526}
{'epoch': 7, 'train_loss': 0.3594, 'train_acc': 0.837}
{'epoch': 8, 'train_loss': 0.3314, 'train_acc': 0.86}
{'epoch': 9, 'train_loss': 0.3083, 'train_acc': 0.8733}
{'epoch': 10, 'train_loss': 0.3139, 'train_acc': 0.8726}
{'epoch': 11, 'train_loss': 0.3132, 'train_acc': 0.8704}
{'epoch': 12, 'train_loss': 0.2813, 'train_acc': 0.8815}
{'epoch': 13, 'train_loss': 0.2697, 'train_acc': 0.8904}
{'epoch': 14, 'train_loss': 0.2894, 'train_acc': 0.8785}
{'epoch': 15, 'train_loss': 0.2569, 'train_acc': 0.8978}
{'epoch': 16, 'train_loss': 0.2362, 'train_acc': 0.8993}
{'epoch': 17, 'train_loss': 0.2341, 'train_acc': 0.897}
{'epoch': 18, 'train_loss': 0.2349, 'train_acc': 0.9022}
{'epoch': 19, 'train_loss': 0.2606, 'train_acc': 0.8963}
{'epoch': 20, 'train_loss': 0.1942, 'train_acc': 0.923}
{'epoch': 21, 'train_loss': 0.2189, 'train_acc': 0.9104}
{'epoch': 22, 'train_loss': 0.2537, 'train_acc': 0.8985}
{'epoch': 23, 'train_loss': 0.1901, 'train_acc': 0.9207}
{'epoch': 24, 'train_loss': 0.1982, 'train_acc': 0.9259}
{'epoch': 25, 'train_loss': 0.1994, 'train_acc': 0.92}
{'epoch': 26, 'train_loss': 0.1969, 'train_acc': 0.9252}
{'epoch': 27, 'train_loss': 0.2083, 'train_acc': 0.9111}
{'epoch': 28, 'train_loss': 0.1619, 'train_acc': 0.9296}
{'epoch': 29, 'train_loss': 0.1769, 'train_acc': 0.9341}
{'epoch': 30, 'train_loss': 0.1739, 'train_acc': 0.9281}
{'epoch': 31, 'train_loss': 0.1561, 'train_acc': 0.9363}
{'epoch': 32, 'train_loss': 0.1475, 'train_acc': 0.9378}
{'epoch': 33, 'train_loss': 0.1551, 'train_acc': 0.9341}
{'epoch': 34, 'train_loss': 0.1598, 'train_acc': 0.9348}
{'epoch': 35, 'train_loss': 0.1301, 'train_acc': 0.9504}
{'epoch': 36, 'train_loss': 0.1688, 'train_acc': 0.9252}
{'epoch': 37, 'train_loss': 0.1535, 'train_acc': 0.9356}
{'epoch': 38, 'train_loss': 0.1286, 'train_acc': 0.9533}
{'epoch': 39, 'train_loss': 0.1397, 'train_acc': 0.9467}
{'epoch': 40, 'train_loss': 0.1278, 'train_acc': 0.9444}
{'epoch': 41, 'train_loss': 0.1194, 'train_acc': 0.9541}
{'epoch': 42, 'train_loss': 0.1166, 'train_acc': 0.9489}
{'epoch': 43, 'train_loss': 0.1261, 'train_acc': 0.9467}
{'epoch': 44, 'train_loss': 0.1207, 'train_acc': 0.9526}
{'epoch': 45, 'train_loss': 0.1177, 'train_acc': 0.9585}
{'epoch': 46, 'train_loss': 0.1087, 'train_acc': 0.957}
{'epoch': 47, 'train_loss': 0.0977, 'train_acc': 0.9578}
{'epoch': 48, 'train_loss': 0.0905, 'train_acc': 0.9644}
{'epoch': 49, 'train_loss': 0.0887, 'train_acc': 0.96}
{'epoch': 50, 'train_loss': 0.1159, 'train_acc': 0.9526}
{'epoch': 51, 'train_loss': 0.1045, 'train_acc': 0.9548}
{'epoch': 52, 'train_loss': 0.1126, 'train_acc': 0.9452}
{'epoch': 53, 'train_loss': 0.0915, 'train_acc': 0.9607}
{'epoch': 54, 'train_loss': 0.0876, 'train_acc': 0.9652}
{'epoch': 55, 'train_loss': 0.0867, 'train_acc': 0.9674}
{'epoch': 56, 'train_loss': 0.0907, 'train_acc': 0.9652}
{'epoch': 57, 'train_loss': 0.0757, 'train_acc': 0.9711}
{'epoch': 58, 'train_loss': 0.0685, 'train_acc': 0.9741}
{'epoch': 59, 'train_loss': 0.0776, 'train_acc': 0.9704}
{'epoch': 60, 'train_loss': 0.0629, 'train_acc': 0.9785}
{'epoch': 61, 'train_loss': 0.0601, 'train_acc': 0.9748}
{'epoch': 62, 'train_loss': 0.0789, 'train_acc': 0.9681}
{'epoch': 63, 'train_loss': 0.0743, 'train_acc': 0.9733}
{'epoch': 64, 'train_loss': 0.0621, 'train_acc': 0.9822}
{'epoch': 65, 'train_loss': 0.0641, 'train_acc': 0.9763}
{'epoch': 66, 'train_loss': 0.0657, 'train_acc': 0.9763}
{'epoch': 67, 'train_loss': 0.0533, 'train_acc': 0.9785}
{'epoch': 68, 'train_loss': 0.0561, 'train_acc': 0.9807}
{'epoch': 69, 'train_loss': 0.0545, 'train_acc': 0.98}
{'epoch': 70, 'train_loss': 0.0509, 'train_acc': 0.9844}
{'epoch': 71, 'train_loss': 0.0608, 'train_acc': 0.9756}
{'epoch': 72, 'train_loss': 0.045, 'train_acc': 0.9837}
{'epoch': 73, 'train_loss': 0.0593, 'train_acc': 0.977}
{'epoch': 74, 'train_loss': 0.0442, 'train_acc': 0.9844}
{'epoch': 75, 'train_loss': 0.0566, 'train_acc': 0.9807}
{'epoch': 76, 'train_loss': 0.0437, 'train_acc': 0.9852}
{'epoch': 77, 'train_loss': 0.0436, 'train_acc': 0.9852}
{'epoch': 78, 'train_loss': 0.0372, 'train_acc': 0.9874}
{'epoch': 79, 'train_loss': 0.0405, 'train_acc': 0.983}
{'epoch': 80, 'train_loss': 0.0414, 'train_acc': 0.983}
{'epoch': 81, 'train_loss': 0.0449, 'train_acc': 0.983}
{'epoch': 82, 'train_loss': 0.0364, 'train_acc': 0.9874}
{'epoch': 83, 'train_loss': 0.0479, 'train_acc': 0.9822}
{'epoch': 84, 'train_loss': 0.038, 'train_acc': 0.9911}
{'epoch': 85, 'train_loss': 0.0475, 'train_acc': 0.9844}
{'epoch': 86, 'train_loss': 0.0481, 'train_acc': 0.9852}
{'epoch': 87, 'train_loss': 0.0407, 'train_acc': 0.9837}
{'epoch': 88, 'train_loss': 0.0383, 'train_acc': 0.9859}
{'epoch': 89, 'train_loss': 0.033, 'train_acc': 0.9904}
{'epoch': 90, 'train_loss': 0.0372, 'train_acc': 0.9904}
{'epoch': 91, 'train_loss': 0.0411, 'train_acc': 0.9896}
{'epoch': 92, 'train_loss': 0.0391, 'train_acc': 0.9881}
{'epoch': 93, 'train_loss': 0.0351, 'train_acc': 0.9859}
{'epoch': 94, 'train_loss': 0.0282, 'train_acc': 0.9926}
{'epoch': 95, 'train_loss': 0.039, 'train_acc': 0.9837}
{'epoch': 96, 'train_loss': 0.0344, 'train_acc': 0.9904}
{'epoch': 97, 'train_loss': 0.0399, 'train_acc': 0.9837}
{'epoch': 98, 'train_loss': 0.0372, 'train_acc': 0.9896}
{'epoch': 99, 'train_loss': 0.0308, 'train_acc': 0.9904}
{'epoch': 100, 'train_loss': 0.0421, 'train_acc': 0.9837}
{'run_num': 0, 'final_test_err': 0.11199999999999999}
Files already downloaded and verified
Files already downloaded and verified
{'epoch': 1, 'train_loss': 0.6057, 'train_acc': 0.7111}
{'epoch': 2, 'train_loss': 0.4898, 'train_acc': 0.797}
{'epoch': 3, 'train_loss': 0.4384, 'train_acc': 0.8081}
{'epoch': 4, 'train_loss': 0.383, 'train_acc': 0.8326}
{'epoch': 5, 'train_loss': 0.3632, 'train_acc': 0.8393}
{'epoch': 6, 'train_loss': 0.357, 'train_acc': 0.8541}
{'epoch': 7, 'train_loss': 0.3585, 'train_acc': 0.8541}
{'epoch': 8, 'train_loss': 0.3298, 'train_acc': 0.86}
{'epoch': 9, 'train_loss': 0.2958, 'train_acc': 0.8867}
{'epoch': 10, 'train_loss': 0.3232, 'train_acc': 0.857}
{'epoch': 11, 'train_loss': 0.2684, 'train_acc': 0.8948}
{'epoch': 12, 'train_loss': 0.2663, 'train_acc': 0.8874}
{'epoch': 13, 'train_loss': 0.248, 'train_acc': 0.8948}
{'epoch': 14, 'train_loss': 0.2655, 'train_acc': 0.897}
{'epoch': 15, 'train_loss': 0.2563, 'train_acc': 0.903}
{'epoch': 16, 'train_loss': 0.2232, 'train_acc': 0.9104}
{'epoch': 17, 'train_loss': 0.2334, 'train_acc': 0.8911}
{'epoch': 18, 'train_loss': 0.2443, 'train_acc': 0.8978}
{'epoch': 19, 'train_loss': 0.2234, 'train_acc': 0.9037}
{'epoch': 20, 'train_loss': 0.2059, 'train_acc': 0.9148}
{'epoch': 21, 'train_loss': 0.2133, 'train_acc': 0.9141}
{'epoch': 22, 'train_loss': 0.2219, 'train_acc': 0.9133}
{'epoch': 23, 'train_loss': 0.1994, 'train_acc': 0.9148}
{'epoch': 24, 'train_loss': 0.1824, 'train_acc': 0.9244}
{'epoch': 25, 'train_loss': 0.1756, 'train_acc': 0.9304}
{'epoch': 26, 'train_loss': 0.184, 'train_acc': 0.9311}
{'epoch': 27, 'train_loss': 0.1631, 'train_acc': 0.9304}
{'epoch': 28, 'train_loss': 0.1797, 'train_acc': 0.9244}
{'epoch': 29, 'train_loss': 0.1668, 'train_acc': 0.9281}
{'epoch': 30, 'train_loss': 0.1626, 'train_acc': 0.9289}
{'epoch': 31, 'train_loss': 0.1726, 'train_acc': 0.9348}
{'epoch': 32, 'train_loss': 0.1735, 'train_acc': 0.9281}
{'epoch': 33, 'train_loss': 0.1439, 'train_acc': 0.9437}
{'epoch': 34, 'train_loss': 0.1479, 'train_acc': 0.94}
{'epoch': 35, 'train_loss': 0.1396, 'train_acc': 0.9467}
{'epoch': 36, 'train_loss': 0.1184, 'train_acc': 0.9526}
{'epoch': 37, 'train_loss': 0.1465, 'train_acc': 0.9452}
{'epoch': 38, 'train_loss': 0.1525, 'train_acc': 0.9459}
{'epoch': 39, 'train_loss': 0.121, 'train_acc': 0.9533}
{'epoch': 40, 'train_loss': 0.1393, 'train_acc': 0.9496}
{'epoch': 41, 'train_loss': 0.1295, 'train_acc': 0.9489}
{'epoch': 42, 'train_loss': 0.1179, 'train_acc': 0.9504}
{'epoch': 43, 'train_loss': 0.1161, 'train_acc': 0.9533}
{'epoch': 44, 'train_loss': 0.1013, 'train_acc': 0.9622}
{'epoch': 45, 'train_loss': 0.1205, 'train_acc': 0.9496}
{'epoch': 46, 'train_loss': 0.087, 'train_acc': 0.9689}
{'epoch': 47, 'train_loss': 0.0949, 'train_acc': 0.963}
{'epoch': 48, 'train_loss': 0.0987, 'train_acc': 0.9652}
{'epoch': 49, 'train_loss': 0.0915, 'train_acc': 0.9615}
{'epoch': 50, 'train_loss': 0.0898, 'train_acc': 0.9659}
{'epoch': 51, 'train_loss': 0.096, 'train_acc': 0.963}
{'epoch': 52, 'train_loss': 0.0907, 'train_acc': 0.9659}
{'epoch': 53, 'train_loss': 0.0677, 'train_acc': 0.9778}
{'epoch': 54, 'train_loss': 0.0845, 'train_acc': 0.9659}
{'epoch': 55, 'train_loss': 0.0864, 'train_acc': 0.9689}
{'epoch': 56, 'train_loss': 0.0655, 'train_acc': 0.9726}
{'epoch': 57, 'train_loss': 0.0934, 'train_acc': 0.9659}
{'epoch': 58, 'train_loss': 0.0663, 'train_acc': 0.9741}
{'epoch': 59, 'train_loss': 0.0679, 'train_acc': 0.977}
{'epoch': 60, 'train_loss': 0.0502, 'train_acc': 0.9852}
{'epoch': 61, 'train_loss': 0.074, 'train_acc': 0.9763}
{'epoch': 62, 'train_loss': 0.0792, 'train_acc': 0.9667}
{'epoch': 63, 'train_loss': 0.0581, 'train_acc': 0.9785}
{'epoch': 64, 'train_loss': 0.0559, 'train_acc': 0.9785}
{'epoch': 65, 'train_loss': 0.0401, 'train_acc': 0.9889}
{'epoch': 66, 'train_loss': 0.0445, 'train_acc': 0.9844}
{'epoch': 67, 'train_loss': 0.0491, 'train_acc': 0.9822}
{'epoch': 68, 'train_loss': 0.0502, 'train_acc': 0.9822}
{'epoch': 69, 'train_loss': 0.0653, 'train_acc': 0.9704}
{'epoch': 70, 'train_loss': 0.0416, 'train_acc': 0.9859}
{'epoch': 71, 'train_loss': 0.0419, 'train_acc': 0.9852}
{'epoch': 72, 'train_loss': 0.0399, 'train_acc': 0.9867}
{'epoch': 73, 'train_loss': 0.0662, 'train_acc': 0.9741}
{'epoch': 74, 'train_loss': 0.0432, 'train_acc': 0.983}
{'epoch': 75, 'train_loss': 0.0437, 'train_acc': 0.9874}
{'epoch': 76, 'train_loss': 0.0427, 'train_acc': 0.9859}
{'epoch': 77, 'train_loss': 0.0319, 'train_acc': 0.9881}
{'epoch': 78, 'train_loss': 0.0288, 'train_acc': 0.9919}
{'epoch': 79, 'train_loss': 0.0412, 'train_acc': 0.9874}
{'epoch': 80, 'train_loss': 0.0445, 'train_acc': 0.9807}
{'epoch': 81, 'train_loss': 0.0534, 'train_acc': 0.983}
{'epoch': 82, 'train_loss': 0.0325, 'train_acc': 0.9889}
{'epoch': 83, 'train_loss': 0.0375, 'train_acc': 0.9926}
{'epoch': 84, 'train_loss': 0.032, 'train_acc': 0.9874}
{'epoch': 85, 'train_loss': 0.0339, 'train_acc': 0.9874}
{'epoch': 86, 'train_loss': 0.0332, 'train_acc': 0.9904}
{'epoch': 87, 'train_loss': 0.0301, 'train_acc': 0.9926}
{'epoch': 88, 'train_loss': 0.0348, 'train_acc': 0.9874}
{'epoch': 89, 'train_loss': 0.0353, 'train_acc': 0.9867}
{'epoch': 90, 'train_loss': 0.0349, 'train_acc': 0.9881}
{'epoch': 91, 'train_loss': 0.0311, 'train_acc': 0.9911}
{'epoch': 92, 'train_loss': 0.0349, 'train_acc': 0.9852}
{'epoch': 93, 'train_loss': 0.0298, 'train_acc': 0.9904}
{'epoch': 94, 'train_loss': 0.0326, 'train_acc': 0.9904}
{'epoch': 95, 'train_loss': 0.0398, 'train_acc': 0.9867}
{'epoch': 96, 'train_loss': 0.0407, 'train_acc': 0.9889}
{'epoch': 97, 'train_loss': 0.03, 'train_acc': 0.9919}
{'epoch': 98, 'train_loss': 0.039, 'train_acc': 0.9881}
{'epoch': 99, 'train_loss': 0.0303, 'train_acc': 0.9904}
{'epoch': 100, 'train_loss': 0.0323, 'train_acc': 0.9911}
{'run_num': 1, 'final_test_err': 0.11875000000000002}
Files already downloaded and verified
Files already downloaded and verified
{'epoch': 1, 'train_loss': 0.5491, 'train_acc': 0.74}
{'epoch': 2, 'train_loss': 0.5077, 'train_acc': 0.7948}
{'epoch': 3, 'train_loss': 0.4821, 'train_acc': 0.8052}
{'epoch': 4, 'train_loss': 0.4406, 'train_acc': 0.8289}
{'epoch': 5, 'train_loss': 0.3936, 'train_acc': 0.8296}
{'epoch': 6, 'train_loss': 0.331, 'train_acc': 0.8704}
{'epoch': 7, 'train_loss': 0.3487, 'train_acc': 0.8459}
{'epoch': 8, 'train_loss': 0.3464, 'train_acc': 0.8593}
{'epoch': 9, 'train_loss': 0.3073, 'train_acc': 0.8696}
{'epoch': 10, 'train_loss': 0.3015, 'train_acc': 0.8748}
{'epoch': 11, 'train_loss': 0.2992, 'train_acc': 0.8822}
{'epoch': 12, 'train_loss': 0.2661, 'train_acc': 0.8963}
{'epoch': 13, 'train_loss': 0.2787, 'train_acc': 0.8889}
{'epoch': 14, 'train_loss': 0.2758, 'train_acc': 0.883}
{'epoch': 15, 'train_loss': 0.2872, 'train_acc': 0.8822}
{'epoch': 16, 'train_loss': 0.2453, 'train_acc': 0.8993}
{'epoch': 17, 'train_loss': 0.2433, 'train_acc': 0.8978}
{'epoch': 18, 'train_loss': 0.2228, 'train_acc': 0.9096}
{'epoch': 19, 'train_loss': 0.2016, 'train_acc': 0.9178}
{'epoch': 20, 'train_loss': 0.2438, 'train_acc': 0.8985}
{'epoch': 21, 'train_loss': 0.1829, 'train_acc': 0.9222}
{'epoch': 22, 'train_loss': 0.2031, 'train_acc': 0.9156}
{'epoch': 23, 'train_loss': 0.2463, 'train_acc': 0.9081}
{'epoch': 24, 'train_loss': 0.1796, 'train_acc': 0.9267}
{'epoch': 25, 'train_loss': 0.1873, 'train_acc': 0.9237}
{'epoch': 26, 'train_loss': 0.1943, 'train_acc': 0.9237}
{'epoch': 27, 'train_loss': 0.1565, 'train_acc': 0.937}
{'epoch': 28, 'train_loss': 0.1665, 'train_acc': 0.937}
{'epoch': 29, 'train_loss': 0.1695, 'train_acc': 0.9215}
{'epoch': 30, 'train_loss': 0.1789, 'train_acc': 0.9252}
{'epoch': 31, 'train_loss': 0.1494, 'train_acc': 0.9437}
{'epoch': 32, 'train_loss': 0.1568, 'train_acc': 0.9333}
{'epoch': 33, 'train_loss': 0.1402, 'train_acc': 0.9459}
{'epoch': 34, 'train_loss': 0.1753, 'train_acc': 0.9237}
{'epoch': 35, 'train_loss': 0.1183, 'train_acc': 0.9519}
{'epoch': 36, 'train_loss': 0.1502, 'train_acc': 0.9422}
{'epoch': 37, 'train_loss': 0.1379, 'train_acc': 0.9459}
{'epoch': 38, 'train_loss': 0.1686, 'train_acc': 0.9356}
{'epoch': 39, 'train_loss': 0.1499, 'train_acc': 0.9407}
{'epoch': 40, 'train_loss': 0.1342, 'train_acc': 0.9489}
{'epoch': 41, 'train_loss': 0.1281, 'train_acc': 0.9474}
{'epoch': 42, 'train_loss': 0.1056, 'train_acc': 0.9585}
{'epoch': 43, 'train_loss': 0.1294, 'train_acc': 0.9526}
{'epoch': 44, 'train_loss': 0.1004, 'train_acc': 0.9615}
{'epoch': 45, 'train_loss': 0.1084, 'train_acc': 0.9563}
{'epoch': 46, 'train_loss': 0.1074, 'train_acc': 0.9548}
{'epoch': 47, 'train_loss': 0.113, 'train_acc': 0.957}
{'epoch': 48, 'train_loss': 0.0952, 'train_acc': 0.9585}
{'epoch': 49, 'train_loss': 0.1162, 'train_acc': 0.9556}
{'epoch': 50, 'train_loss': 0.0778, 'train_acc': 0.9711}
{'epoch': 51, 'train_loss': 0.1087, 'train_acc': 0.957}
{'epoch': 52, 'train_loss': 0.0768, 'train_acc': 0.9696}
{'epoch': 53, 'train_loss': 0.1044, 'train_acc': 0.963}
{'epoch': 54, 'train_loss': 0.0713, 'train_acc': 0.9741}
{'epoch': 55, 'train_loss': 0.1094, 'train_acc': 0.9548}
{'epoch': 56, 'train_loss': 0.0679, 'train_acc': 0.9778}
{'epoch': 57, 'train_loss': 0.0756, 'train_acc': 0.9741}
{'epoch': 58, 'train_loss': 0.0738, 'train_acc': 0.9726}
{'epoch': 59, 'train_loss': 0.0838, 'train_acc': 0.9719}
{'epoch': 60, 'train_loss': 0.0596, 'train_acc': 0.9756}
{'epoch': 61, 'train_loss': 0.0627, 'train_acc': 0.977}
{'epoch': 62, 'train_loss': 0.0601, 'train_acc': 0.9793}
{'epoch': 63, 'train_loss': 0.0606, 'train_acc': 0.9785}
{'epoch': 64, 'train_loss': 0.051, 'train_acc': 0.9844}
{'epoch': 65, 'train_loss': 0.0468, 'train_acc': 0.9807}
{'epoch': 66, 'train_loss': 0.0567, 'train_acc': 0.9785}
{'epoch': 67, 'train_loss': 0.06, 'train_acc': 0.9785}
{'epoch': 68, 'train_loss': 0.0574, 'train_acc': 0.983}
{'epoch': 69, 'train_loss': 0.0498, 'train_acc': 0.9822}
{'epoch': 70, 'train_loss': 0.0427, 'train_acc': 0.9896}
{'epoch': 71, 'train_loss': 0.0422, 'train_acc': 0.9859}
{'epoch': 72, 'train_loss': 0.0424, 'train_acc': 0.9874}
{'epoch': 73, 'train_loss': 0.0347, 'train_acc': 0.9874}
{'epoch': 74, 'train_loss': 0.0451, 'train_acc': 0.9852}
{'epoch': 75, 'train_loss': 0.0402, 'train_acc': 0.9881}
{'epoch': 76, 'train_loss': 0.0456, 'train_acc': 0.9837}
{'epoch': 77, 'train_loss': 0.0318, 'train_acc': 0.9911}
{'epoch': 78, 'train_loss': 0.0449, 'train_acc': 0.9874}
{'epoch': 79, 'train_loss': 0.0361, 'train_acc': 0.9881}
{'epoch': 80, 'train_loss': 0.0425, 'train_acc': 0.9867}
{'epoch': 81, 'train_loss': 0.0357, 'train_acc': 0.9896}
{'epoch': 82, 'train_loss': 0.0464, 'train_acc': 0.98}
{'epoch': 83, 'train_loss': 0.0344, 'train_acc': 0.9889}
{'epoch': 84, 'train_loss': 0.0334, 'train_acc': 0.9933}
{'epoch': 85, 'train_loss': 0.0286, 'train_acc': 0.9926}
{'epoch': 86, 'train_loss': 0.0314, 'train_acc': 0.9904}
{'epoch': 87, 'train_loss': 0.0346, 'train_acc': 0.9896}
{'epoch': 88, 'train_loss': 0.0336, 'train_acc': 0.9904}
{'epoch': 89, 'train_loss': 0.0365, 'train_acc': 0.9896}
{'epoch': 90, 'train_loss': 0.0367, 'train_acc': 0.9859}
{'epoch': 91, 'train_loss': 0.0344, 'train_acc': 0.9896}
{'epoch': 92, 'train_loss': 0.0254, 'train_acc': 0.9941}
{'epoch': 93, 'train_loss': 0.0306, 'train_acc': 0.9896}
{'epoch': 94, 'train_loss': 0.0267, 'train_acc': 0.9926}
{'epoch': 95, 'train_loss': 0.0374, 'train_acc': 0.9881}
{'epoch': 96, 'train_loss': 0.0283, 'train_acc': 0.9926}
{'epoch': 97, 'train_loss': 0.0282, 'train_acc': 0.9911}
{'epoch': 98, 'train_loss': 0.0314, 'train_acc': 0.9889}
{'epoch': 99, 'train_loss': 0.0266, 'train_acc': 0.9933}
{'epoch': 100, 'train_loss': 0.0289, 'train_acc': 0.9926}
{'run_num': 2, 'final_test_err': 0.11124999999999996}
Files already downloaded and verified
Files already downloaded and verified
{'epoch': 1, 'train_loss': 0.5942, 'train_acc': 0.7415}
{'epoch': 2, 'train_loss': 0.5045, 'train_acc': 0.8052}
{'epoch': 3, 'train_loss': 0.4416, 'train_acc': 0.8178}
{'epoch': 4, 'train_loss': 0.3594, 'train_acc': 0.8444}
{'epoch': 5, 'train_loss': 0.3961, 'train_acc': 0.8467}
{'epoch': 6, 'train_loss': 0.3858, 'train_acc': 0.84}
{'epoch': 7, 'train_loss': 0.3328, 'train_acc': 0.8556}
{'epoch': 8, 'train_loss': 0.2974, 'train_acc': 0.8748}
{'epoch': 9, 'train_loss': 0.2923, 'train_acc': 0.8704}
{'epoch': 10, 'train_loss': 0.2897, 'train_acc': 0.8807}
{'epoch': 11, 'train_loss': 0.2871, 'train_acc': 0.8837}
{'epoch': 12, 'train_loss': 0.2871, 'train_acc': 0.8785}
{'epoch': 13, 'train_loss': 0.2778, 'train_acc': 0.883}
{'epoch': 14, 'train_loss': 0.245, 'train_acc': 0.9037}
{'epoch': 15, 'train_loss': 0.2511, 'train_acc': 0.8926}
{'epoch': 16, 'train_loss': 0.2624, 'train_acc': 0.8896}
{'epoch': 17, 'train_loss': 0.2247, 'train_acc': 0.9089}
{'epoch': 18, 'train_loss': 0.2387, 'train_acc': 0.9044}
{'epoch': 19, 'train_loss': 0.2306, 'train_acc': 0.9126}
{'epoch': 20, 'train_loss': 0.2257, 'train_acc': 0.9104}
{'epoch': 21, 'train_loss': 0.1922, 'train_acc': 0.9237}
{'epoch': 22, 'train_loss': 0.2079, 'train_acc': 0.9207}
{'epoch': 23, 'train_loss': 0.1948, 'train_acc': 0.9319}
{'epoch': 24, 'train_loss': 0.1993, 'train_acc': 0.92}
{'epoch': 25, 'train_loss': 0.1676, 'train_acc': 0.9304}
{'epoch': 26, 'train_loss': 0.1674, 'train_acc': 0.9326}
{'epoch': 27, 'train_loss': 0.1903, 'train_acc': 0.92}
{'epoch': 28, 'train_loss': 0.1948, 'train_acc': 0.9178}
{'epoch': 29, 'train_loss': 0.1665, 'train_acc': 0.9326}
{'epoch': 30, 'train_loss': 0.1773, 'train_acc': 0.9356}
{'epoch': 31, 'train_loss': 0.1686, 'train_acc': 0.937}
{'epoch': 32, 'train_loss': 0.1443, 'train_acc': 0.9437}
{'epoch': 33, 'train_loss': 0.1334, 'train_acc': 0.9467}
{'epoch': 34, 'train_loss': 0.1411, 'train_acc': 0.9422}
{'epoch': 35, 'train_loss': 0.1568, 'train_acc': 0.94}
{'epoch': 36, 'train_loss': 0.1449, 'train_acc': 0.943}
{'epoch': 37, 'train_loss': 0.1397, 'train_acc': 0.943}
{'epoch': 38, 'train_loss': 0.1314, 'train_acc': 0.9452}
{'epoch': 39, 'train_loss': 0.1367, 'train_acc': 0.9467}
{'epoch': 40, 'train_loss': 0.1249, 'train_acc': 0.9526}
{'epoch': 41, 'train_loss': 0.1267, 'train_acc': 0.9496}
{'epoch': 42, 'train_loss': 0.1184, 'train_acc': 0.9526}
{'epoch': 43, 'train_loss': 0.1108, 'train_acc': 0.9556}
{'epoch': 44, 'train_loss': 0.1239, 'train_acc': 0.9563}
{'epoch': 45, 'train_loss': 0.0934, 'train_acc': 0.9615}
{'epoch': 46, 'train_loss': 0.0978, 'train_acc': 0.9615}
{'epoch': 47, 'train_loss': 0.1139, 'train_acc': 0.9526}
{'epoch': 48, 'train_loss': 0.1003, 'train_acc': 0.9615}
{'epoch': 49, 'train_loss': 0.0959, 'train_acc': 0.963}
{'epoch': 50, 'train_loss': 0.087, 'train_acc': 0.9689}
{'epoch': 51, 'train_loss': 0.0896, 'train_acc': 0.9681}
{'epoch': 52, 'train_loss': 0.0846, 'train_acc': 0.9741}
{'epoch': 53, 'train_loss': 0.0719, 'train_acc': 0.9726}
{'epoch': 54, 'train_loss': 0.0812, 'train_acc': 0.9681}
{'epoch': 55, 'train_loss': 0.1049, 'train_acc': 0.9578}
{'epoch': 56, 'train_loss': 0.0767, 'train_acc': 0.9689}
{'epoch': 57, 'train_loss': 0.0627, 'train_acc': 0.98}
{'epoch': 58, 'train_loss': 0.0857, 'train_acc': 0.9593}
{'epoch': 59, 'train_loss': 0.0711, 'train_acc': 0.9674}
{'epoch': 60, 'train_loss': 0.0653, 'train_acc': 0.9793}
{'epoch': 61, 'train_loss': 0.0682, 'train_acc': 0.9711}
{'epoch': 62, 'train_loss': 0.0646, 'train_acc': 0.9748}
{'epoch': 63, 'train_loss': 0.057, 'train_acc': 0.9756}
{'epoch': 64, 'train_loss': 0.0638, 'train_acc': 0.9711}
{'epoch': 65, 'train_loss': 0.0508, 'train_acc': 0.9852}
{'epoch': 66, 'train_loss': 0.0528, 'train_acc': 0.98}
{'epoch': 67, 'train_loss': 0.0694, 'train_acc': 0.9763}
{'epoch': 68, 'train_loss': 0.0482, 'train_acc': 0.9859}
{'epoch': 69, 'train_loss': 0.0584, 'train_acc': 0.983}
{'epoch': 70, 'train_loss': 0.0572, 'train_acc': 0.9785}
{'epoch': 71, 'train_loss': 0.0428, 'train_acc': 0.9867}
{'epoch': 72, 'train_loss': 0.0437, 'train_acc': 0.9867}
{'epoch': 73, 'train_loss': 0.0511, 'train_acc': 0.98}
{'epoch': 74, 'train_loss': 0.0604, 'train_acc': 0.9748}
{'epoch': 75, 'train_loss': 0.0461, 'train_acc': 0.9837}
{'epoch': 76, 'train_loss': 0.0386, 'train_acc': 0.9874}
{'epoch': 77, 'train_loss': 0.0465, 'train_acc': 0.9793}
{'epoch': 78, 'train_loss': 0.0394, 'train_acc': 0.9881}
{'epoch': 79, 'train_loss': 0.0444, 'train_acc': 0.9837}
{'epoch': 80, 'train_loss': 0.034, 'train_acc': 0.9919}
{'epoch': 81, 'train_loss': 0.0349, 'train_acc': 0.9859}
{'epoch': 82, 'train_loss': 0.0447, 'train_acc': 0.9852}
{'epoch': 83, 'train_loss': 0.0335, 'train_acc': 0.9889}
{'epoch': 84, 'train_loss': 0.0307, 'train_acc': 0.9889}
{'epoch': 85, 'train_loss': 0.0427, 'train_acc': 0.9822}
{'epoch': 86, 'train_loss': 0.0311, 'train_acc': 0.9956}
{'epoch': 87, 'train_loss': 0.0338, 'train_acc': 0.9896}
{'epoch': 88, 'train_loss': 0.0411, 'train_acc': 0.9874}
{'epoch': 89, 'train_loss': 0.0334, 'train_acc': 0.9889}
{'epoch': 90, 'train_loss': 0.0299, 'train_acc': 0.9926}
{'epoch': 91, 'train_loss': 0.0378, 'train_acc': 0.9881}
{'epoch': 92, 'train_loss': 0.0377, 'train_acc': 0.9874}
{'epoch': 93, 'train_loss': 0.0329, 'train_acc': 0.9889}
{'epoch': 94, 'train_loss': 0.037, 'train_acc': 0.9859}
{'epoch': 95, 'train_loss': 0.031, 'train_acc': 0.9911}
{'epoch': 96, 'train_loss': 0.0351, 'train_acc': 0.9881}
{'epoch': 97, 'train_loss': 0.0375, 'train_acc': 0.9889}
{'epoch': 98, 'train_loss': 0.0236, 'train_acc': 0.9948}
{'epoch': 99, 'train_loss': 0.031, 'train_acc': 0.9919}
{'epoch': 100, 'train_loss': 0.0373, 'train_acc': 0.9874}
{'run_num': 3, 'final_test_err': 0.12224999999999997}
Files already downloaded and verified
Files already downloaded and verified
{'epoch': 1, 'train_loss': 0.6346, 'train_acc': 0.7185}
{'epoch': 2, 'train_loss': 0.4975, 'train_acc': 0.7822}
{'epoch': 3, 'train_loss': 0.4356, 'train_acc': 0.8267}
{'epoch': 4, 'train_loss': 0.434, 'train_acc': 0.8148}
{'epoch': 5, 'train_loss': 0.4035, 'train_acc': 0.8341}
{'epoch': 6, 'train_loss': 0.3497, 'train_acc': 0.8563}
{'epoch': 7, 'train_loss': 0.3494, 'train_acc': 0.8563}
{'epoch': 8, 'train_loss': 0.3874, 'train_acc': 0.8415}
{'epoch': 9, 'train_loss': 0.2991, 'train_acc': 0.8867}
{'epoch': 10, 'train_loss': 0.2883, 'train_acc': 0.8785}
{'epoch': 11, 'train_loss': 0.2902, 'train_acc': 0.8756}
{'epoch': 12, 'train_loss': 0.2969, 'train_acc': 0.8756}
{'epoch': 13, 'train_loss': 0.2608, 'train_acc': 0.8874}
{'epoch': 14, 'train_loss': 0.2375, 'train_acc': 0.8963}
{'epoch': 15, 'train_loss': 0.2663, 'train_acc': 0.8859}
{'epoch': 16, 'train_loss': 0.2221, 'train_acc': 0.9096}
{'epoch': 17, 'train_loss': 0.2498, 'train_acc': 0.9052}
{'epoch': 18, 'train_loss': 0.225, 'train_acc': 0.9081}
{'epoch': 19, 'train_loss': 0.2367, 'train_acc': 0.9126}
{'epoch': 20, 'train_loss': 0.2418, 'train_acc': 0.8985}
{'epoch': 21, 'train_loss': 0.201, 'train_acc': 0.9296}
{'epoch': 22, 'train_loss': 0.2054, 'train_acc': 0.917}
{'epoch': 23, 'train_loss': 0.2027, 'train_acc': 0.9193}
{'epoch': 24, 'train_loss': 0.1807, 'train_acc': 0.9274}
{'epoch': 25, 'train_loss': 0.1747, 'train_acc': 0.9267}
{'epoch': 26, 'train_loss': 0.1828, 'train_acc': 0.9281}
{'epoch': 27, 'train_loss': 0.1832, 'train_acc': 0.9207}
{'epoch': 28, 'train_loss': 0.1906, 'train_acc': 0.9237}
{'epoch': 29, 'train_loss': 0.1694, 'train_acc': 0.9333}
{'epoch': 30, 'train_loss': 0.1525, 'train_acc': 0.9348}
{'epoch': 31, 'train_loss': 0.17, 'train_acc': 0.9326}
{'epoch': 32, 'train_loss': 0.131, 'train_acc': 0.9511}
{'epoch': 33, 'train_loss': 0.1277, 'train_acc': 0.9533}
{'epoch': 34, 'train_loss': 0.1283, 'train_acc': 0.9481}
{'epoch': 35, 'train_loss': 0.1448, 'train_acc': 0.9385}
{'epoch': 36, 'train_loss': 0.1223, 'train_acc': 0.9526}
{'epoch': 37, 'train_loss': 0.1345, 'train_acc': 0.9452}
{'epoch': 38, 'train_loss': 0.1448, 'train_acc': 0.9474}
{'epoch': 39, 'train_loss': 0.1315, 'train_acc': 0.9504}
{'epoch': 40, 'train_loss': 0.1232, 'train_acc': 0.9504}
{'epoch': 41, 'train_loss': 0.103, 'train_acc': 0.9659}
{'epoch': 42, 'train_loss': 0.1077, 'train_acc': 0.9607}
{'epoch': 43, 'train_loss': 0.0992, 'train_acc': 0.9578}
{'epoch': 44, 'train_loss': 0.1035, 'train_acc': 0.9607}
{'epoch': 45, 'train_loss': 0.1042, 'train_acc': 0.9578}
{'epoch': 46, 'train_loss': 0.109, 'train_acc': 0.9556}
{'epoch': 47, 'train_loss': 0.1056, 'train_acc': 0.9519}
{'epoch': 48, 'train_loss': 0.1109, 'train_acc': 0.9637}
{'epoch': 49, 'train_loss': 0.0917, 'train_acc': 0.96}
{'epoch': 50, 'train_loss': 0.0711, 'train_acc': 0.9719}
{'epoch': 51, 'train_loss': 0.1035, 'train_acc': 0.96}
{'epoch': 52, 'train_loss': 0.0867, 'train_acc': 0.9652}
{'epoch': 53, 'train_loss': 0.1153, 'train_acc': 0.957}
{'epoch': 54, 'train_loss': 0.0903, 'train_acc': 0.9667}
{'epoch': 55, 'train_loss': 0.0632, 'train_acc': 0.9778}
{'epoch': 56, 'train_loss': 0.0977, 'train_acc': 0.9607}
{'epoch': 57, 'train_loss': 0.0649, 'train_acc': 0.9748}
{'epoch': 58, 'train_loss': 0.0689, 'train_acc': 0.9778}
{'epoch': 59, 'train_loss': 0.0773, 'train_acc': 0.9733}
{'epoch': 60, 'train_loss': 0.064, 'train_acc': 0.9756}
{'epoch': 61, 'train_loss': 0.0602, 'train_acc': 0.9785}
{'epoch': 62, 'train_loss': 0.0642, 'train_acc': 0.9807}
{'epoch': 63, 'train_loss': 0.0497, 'train_acc': 0.9844}
{'epoch': 64, 'train_loss': 0.0647, 'train_acc': 0.9778}
{'epoch': 65, 'train_loss': 0.0526, 'train_acc': 0.98}
{'epoch': 66, 'train_loss': 0.0487, 'train_acc': 0.983}
{'epoch': 67, 'train_loss': 0.0524, 'train_acc': 0.9807}
{'epoch': 68, 'train_loss': 0.0412, 'train_acc': 0.983}
{'epoch': 69, 'train_loss': 0.039, 'train_acc': 0.9837}
{'epoch': 70, 'train_loss': 0.0491, 'train_acc': 0.9874}
{'epoch': 71, 'train_loss': 0.033, 'train_acc': 0.9911}
{'epoch': 72, 'train_loss': 0.0451, 'train_acc': 0.9844}
{'epoch': 73, 'train_loss': 0.0489, 'train_acc': 0.9837}
{'epoch': 74, 'train_loss': 0.0403, 'train_acc': 0.9881}
{'epoch': 75, 'train_loss': 0.0411, 'train_acc': 0.9881}
{'epoch': 76, 'train_loss': 0.0468, 'train_acc': 0.9822}
{'epoch': 77, 'train_loss': 0.0374, 'train_acc': 0.9867}
{'epoch': 78, 'train_loss': 0.039, 'train_acc': 0.9904}
{'epoch': 79, 'train_loss': 0.0269, 'train_acc': 0.9948}
{'epoch': 80, 'train_loss': 0.0432, 'train_acc': 0.9837}
{'epoch': 81, 'train_loss': 0.0351, 'train_acc': 0.9867}
{'epoch': 82, 'train_loss': 0.0376, 'train_acc': 0.9896}
{'epoch': 83, 'train_loss': 0.029, 'train_acc': 0.9911}
{'epoch': 84, 'train_loss': 0.0393, 'train_acc': 0.9859}
{'epoch': 85, 'train_loss': 0.0303, 'train_acc': 0.9919}
{'epoch': 86, 'train_loss': 0.0418, 'train_acc': 0.9859}
{'epoch': 87, 'train_loss': 0.034, 'train_acc': 0.9874}
{'epoch': 88, 'train_loss': 0.0451, 'train_acc': 0.9822}
{'epoch': 89, 'train_loss': 0.0289, 'train_acc': 0.9919}
{'epoch': 90, 'train_loss': 0.0338, 'train_acc': 0.9881}
{'epoch': 91, 'train_loss': 0.0268, 'train_acc': 0.9948}
{'epoch': 92, 'train_loss': 0.0265, 'train_acc': 0.9948}
{'epoch': 93, 'train_loss': 0.0358, 'train_acc': 0.9881}
{'epoch': 94, 'train_loss': 0.0314, 'train_acc': 0.9919}
{'epoch': 95, 'train_loss': 0.04, 'train_acc': 0.9889}
{'epoch': 96, 'train_loss': 0.033, 'train_acc': 0.9881}
{'epoch': 97, 'train_loss': 0.0318, 'train_acc': 0.9881}
{'epoch': 98, 'train_loss': 0.03, 'train_acc': 0.9904}
{'epoch': 99, 'train_loss': 0.025, 'train_acc': 0.9926}
{'epoch': 100, 'train_loss': 0.0363, 'train_acc': 0.9896}
{'run_num': 4, 'final_test_err': 0.121}
Files already downloaded and verified
Files already downloaded and verified
{'epoch': 1, 'train_loss': 0.5891, 'train_acc': 0.7281}
{'epoch': 2, 'train_loss': 0.4862, 'train_acc': 0.7919}
{'epoch': 3, 'train_loss': 0.4296, 'train_acc': 0.8133}
{'epoch': 4, 'train_loss': 0.3961, 'train_acc': 0.8311}
{'epoch': 5, 'train_loss': 0.3719, 'train_acc': 0.843}
{'epoch': 6, 'train_loss': 0.3356, 'train_acc': 0.8622}
{'epoch': 7, 'train_loss': 0.3498, 'train_acc': 0.8674}
{'epoch': 8, 'train_loss': 0.3531, 'train_acc': 0.8496}
{'epoch': 9, 'train_loss': 0.3154, 'train_acc': 0.8637}
{'epoch': 10, 'train_loss': 0.2927, 'train_acc': 0.8807}
{'epoch': 11, 'train_loss': 0.2892, 'train_acc': 0.8763}
{'epoch': 12, 'train_loss': 0.3086, 'train_acc': 0.8763}
{'epoch': 13, 'train_loss': 0.2739, 'train_acc': 0.8896}
{'epoch': 14, 'train_loss': 0.2595, 'train_acc': 0.8911}
{'epoch': 15, 'train_loss': 0.2698, 'train_acc': 0.8837}
{'epoch': 16, 'train_loss': 0.2651, 'train_acc': 0.9007}
{'epoch': 17, 'train_loss': 0.2192, 'train_acc': 0.9163}
{'epoch': 18, 'train_loss': 0.2303, 'train_acc': 0.9133}
{'epoch': 19, 'train_loss': 0.2542, 'train_acc': 0.8963}
{'epoch': 20, 'train_loss': 0.2412, 'train_acc': 0.9067}
{'epoch': 21, 'train_loss': 0.1945, 'train_acc': 0.9163}
{'epoch': 22, 'train_loss': 0.2074, 'train_acc': 0.9163}
{'epoch': 23, 'train_loss': 0.1858, 'train_acc': 0.9281}
{'epoch': 24, 'train_loss': 0.1838, 'train_acc': 0.9244}
{'epoch': 25, 'train_loss': 0.1777, 'train_acc': 0.9304}
{'epoch': 26, 'train_loss': 0.1869, 'train_acc': 0.9185}
{'epoch': 27, 'train_loss': 0.1992, 'train_acc': 0.9185}
{'epoch': 28, 'train_loss': 0.1856, 'train_acc': 0.9281}
{'epoch': 29, 'train_loss': 0.1952, 'train_acc': 0.9215}
{'epoch': 30, 'train_loss': 0.1651, 'train_acc': 0.9296}
{'epoch': 31, 'train_loss': 0.1689, 'train_acc': 0.9333}
{'epoch': 32, 'train_loss': 0.1574, 'train_acc': 0.9422}
{'epoch': 33, 'train_loss': 0.1684, 'train_acc': 0.9311}
{'epoch': 34, 'train_loss': 0.1186, 'train_acc': 0.9548}
{'epoch': 35, 'train_loss': 0.1302, 'train_acc': 0.9467}
{'epoch': 36, 'train_loss': 0.1236, 'train_acc': 0.9459}
{'epoch': 37, 'train_loss': 0.1327, 'train_acc': 0.9504}
{'epoch': 38, 'train_loss': 0.1291, 'train_acc': 0.9467}
{'epoch': 39, 'train_loss': 0.1414, 'train_acc': 0.9474}
{'epoch': 40, 'train_loss': 0.1322, 'train_acc': 0.9489}
{'epoch': 41, 'train_loss': 0.1113, 'train_acc': 0.9563}
{'epoch': 42, 'train_loss': 0.1123, 'train_acc': 0.9556}
{'epoch': 43, 'train_loss': 0.1236, 'train_acc': 0.9489}
{'epoch': 44, 'train_loss': 0.1124, 'train_acc': 0.9556}
{'epoch': 45, 'train_loss': 0.1105, 'train_acc': 0.9556}
{'epoch': 46, 'train_loss': 0.0943, 'train_acc': 0.9622}
{'epoch': 47, 'train_loss': 0.0963, 'train_acc': 0.9659}
{'epoch': 48, 'train_loss': 0.0907, 'train_acc': 0.9667}
{'epoch': 49, 'train_loss': 0.102, 'train_acc': 0.9556}
{'epoch': 50, 'train_loss': 0.0881, 'train_acc': 0.9637}
{'epoch': 51, 'train_loss': 0.0962, 'train_acc': 0.9622}
{'epoch': 52, 'train_loss': 0.0835, 'train_acc': 0.9696}
{'epoch': 53, 'train_loss': 0.0834, 'train_acc': 0.9667}
{'epoch': 54, 'train_loss': 0.0864, 'train_acc': 0.9637}
{'epoch': 55, 'train_loss': 0.067, 'train_acc': 0.9785}
{'epoch': 56, 'train_loss': 0.0851, 'train_acc': 0.9704}
{'epoch': 57, 'train_loss': 0.0666, 'train_acc': 0.9726}
{'epoch': 58, 'train_loss': 0.0584, 'train_acc': 0.98}
{'epoch': 59, 'train_loss': 0.0736, 'train_acc': 0.9763}
{'epoch': 60, 'train_loss': 0.0604, 'train_acc': 0.9815}
{'epoch': 61, 'train_loss': 0.0721, 'train_acc': 0.9726}
{'epoch': 62, 'train_loss': 0.0622, 'train_acc': 0.98}
{'epoch': 63, 'train_loss': 0.0674, 'train_acc': 0.9748}
{'epoch': 64, 'train_loss': 0.0597, 'train_acc': 0.9785}
{'epoch': 65, 'train_loss': 0.0594, 'train_acc': 0.9763}
{'epoch': 66, 'train_loss': 0.0611, 'train_acc': 0.9778}
{'epoch': 67, 'train_loss': 0.0555, 'train_acc': 0.98}
{'epoch': 68, 'train_loss': 0.057, 'train_acc': 0.9741}
{'epoch': 69, 'train_loss': 0.0503, 'train_acc': 0.983}
{'epoch': 70, 'train_loss': 0.0491, 'train_acc': 0.9807}
{'epoch': 71, 'train_loss': 0.0561, 'train_acc': 0.9785}
{'epoch': 72, 'train_loss': 0.0475, 'train_acc': 0.9837}
{'epoch': 73, 'train_loss': 0.0409, 'train_acc': 0.9837}
{'epoch': 74, 'train_loss': 0.0463, 'train_acc': 0.9896}
{'epoch': 75, 'train_loss': 0.0581, 'train_acc': 0.977}
{'epoch': 76, 'train_loss': 0.0393, 'train_acc': 0.9881}
{'epoch': 77, 'train_loss': 0.0346, 'train_acc': 0.9867}
{'epoch': 78, 'train_loss': 0.0391, 'train_acc': 0.9859}
{'epoch': 79, 'train_loss': 0.0426, 'train_acc': 0.9852}
{'epoch': 80, 'train_loss': 0.0442, 'train_acc': 0.9837}
{'epoch': 81, 'train_loss': 0.047, 'train_acc': 0.9837}
{'epoch': 82, 'train_loss': 0.0341, 'train_acc': 0.9881}
{'epoch': 83, 'train_loss': 0.0378, 'train_acc': 0.9881}
{'epoch': 84, 'train_loss': 0.0499, 'train_acc': 0.9807}
{'epoch': 85, 'train_loss': 0.0379, 'train_acc': 0.9896}
{'epoch': 86, 'train_loss': 0.0361, 'train_acc': 0.9889}
{'epoch': 87, 'train_loss': 0.0388, 'train_acc': 0.9859}
{'epoch': 88, 'train_loss': 0.0346, 'train_acc': 0.9904}
{'epoch': 89, 'train_loss': 0.0356, 'train_acc': 0.9881}
{'epoch': 90, 'train_loss': 0.0367, 'train_acc': 0.9852}
{'epoch': 91, 'train_loss': 0.0352, 'train_acc': 0.9896}
{'epoch': 92, 'train_loss': 0.0297, 'train_acc': 0.9911}
{'epoch': 93, 'train_loss': 0.0304, 'train_acc': 0.9948}
{'epoch': 94, 'train_loss': 0.0375, 'train_acc': 0.9837}
{'epoch': 95, 'train_loss': 0.0305, 'train_acc': 0.9919}
{'epoch': 96, 'train_loss': 0.0377, 'train_acc': 0.9859}
{'epoch': 97, 'train_loss': 0.0281, 'train_acc': 0.9904}
{'epoch': 98, 'train_loss': 0.0387, 'train_acc': 0.9889}
{'epoch': 99, 'train_loss': 0.0336, 'train_acc': 0.9904}
{'epoch': 100, 'train_loss': 0.0367, 'train_acc': 0.9896}
{'run_num': 5, 'final_test_err': 0.11450000000000005}
Files already downloaded and verified
Files already downloaded and verified
{'epoch': 1, 'train_loss': 0.5872, 'train_acc': 0.72}
{'epoch': 2, 'train_loss': 0.5151, 'train_acc': 0.78}
{'epoch': 3, 'train_loss': 0.4808, 'train_acc': 0.7859}
{'epoch': 4, 'train_loss': 0.4114, 'train_acc': 0.8333}
{'epoch': 5, 'train_loss': 0.3806, 'train_acc': 0.8393}
{'epoch': 6, 'train_loss': 0.3547, 'train_acc': 0.8548}
{'epoch': 7, 'train_loss': 0.3585, 'train_acc': 0.8519}
{'epoch': 8, 'train_loss': 0.3135, 'train_acc': 0.877}
{'epoch': 9, 'train_loss': 0.3227, 'train_acc': 0.8756}
{'epoch': 10, 'train_loss': 0.315, 'train_acc': 0.8726}
{'epoch': 11, 'train_loss': 0.3165, 'train_acc': 0.8726}
{'epoch': 12, 'train_loss': 0.2784, 'train_acc': 0.8926}
{'epoch': 13, 'train_loss': 0.2708, 'train_acc': 0.883}
{'epoch': 14, 'train_loss': 0.2701, 'train_acc': 0.8919}
{'epoch': 15, 'train_loss': 0.2755, 'train_acc': 0.8919}
{'epoch': 16, 'train_loss': 0.2293, 'train_acc': 0.9126}
{'epoch': 17, 'train_loss': 0.2322, 'train_acc': 0.9111}
{'epoch': 18, 'train_loss': 0.2144, 'train_acc': 0.9104}
{'epoch': 19, 'train_loss': 0.2452, 'train_acc': 0.8985}
{'epoch': 20, 'train_loss': 0.2048, 'train_acc': 0.9215}
{'epoch': 21, 'train_loss': 0.2127, 'train_acc': 0.9126}
{'epoch': 22, 'train_loss': 0.2364, 'train_acc': 0.9022}
{'epoch': 23, 'train_loss': 0.2334, 'train_acc': 0.9126}
{'epoch': 24, 'train_loss': 0.1793, 'train_acc': 0.9259}
{'epoch': 25, 'train_loss': 0.1843, 'train_acc': 0.9252}
{'epoch': 26, 'train_loss': 0.1947, 'train_acc': 0.92}
{'epoch': 27, 'train_loss': 0.2012, 'train_acc': 0.92}
{'epoch': 28, 'train_loss': 0.1747, 'train_acc': 0.9281}
{'epoch': 29, 'train_loss': 0.1856, 'train_acc': 0.9163}
{'epoch': 30, 'train_loss': 0.1585, 'train_acc': 0.94}
{'epoch': 31, 'train_loss': 0.1552, 'train_acc': 0.9452}
{'epoch': 32, 'train_loss': 0.1411, 'train_acc': 0.9415}
{'epoch': 33, 'train_loss': 0.1612, 'train_acc': 0.9348}
{'epoch': 34, 'train_loss': 0.1656, 'train_acc': 0.9311}
{'epoch': 35, 'train_loss': 0.1658, 'train_acc': 0.9304}
{'epoch': 36, 'train_loss': 0.1551, 'train_acc': 0.9363}
{'epoch': 37, 'train_loss': 0.1533, 'train_acc': 0.94}
{'epoch': 38, 'train_loss': 0.1154, 'train_acc': 0.9556}
{'epoch': 39, 'train_loss': 0.1146, 'train_acc': 0.9519}
{'epoch': 40, 'train_loss': 0.1288, 'train_acc': 0.9474}
{'epoch': 41, 'train_loss': 0.1278, 'train_acc': 0.9504}
{'epoch': 42, 'train_loss': 0.0966, 'train_acc': 0.96}
{'epoch': 43, 'train_loss': 0.1187, 'train_acc': 0.9556}
{'epoch': 44, 'train_loss': 0.0991, 'train_acc': 0.9593}
{'epoch': 45, 'train_loss': 0.1195, 'train_acc': 0.9511}
{'epoch': 46, 'train_loss': 0.1133, 'train_acc': 0.957}
{'epoch': 47, 'train_loss': 0.1134, 'train_acc': 0.9526}
{'epoch': 48, 'train_loss': 0.1128, 'train_acc': 0.96}
{'epoch': 49, 'train_loss': 0.1124, 'train_acc': 0.9526}
{'epoch': 50, 'train_loss': 0.113, 'train_acc': 0.9533}
{'epoch': 51, 'train_loss': 0.1229, 'train_acc': 0.9526}
{'epoch': 52, 'train_loss': 0.0876, 'train_acc': 0.9644}
{'epoch': 53, 'train_loss': 0.0784, 'train_acc': 0.9689}
{'epoch': 54, 'train_loss': 0.0812, 'train_acc': 0.9674}
{'epoch': 55, 'train_loss': 0.071, 'train_acc': 0.9733}
{'epoch': 56, 'train_loss': 0.0671, 'train_acc': 0.9763}
{'epoch': 57, 'train_loss': 0.0613, 'train_acc': 0.977}
{'epoch': 58, 'train_loss': 0.0725, 'train_acc': 0.9719}
{'epoch': 59, 'train_loss': 0.0706, 'train_acc': 0.977}
{'epoch': 60, 'train_loss': 0.0713, 'train_acc': 0.9741}
{'epoch': 61, 'train_loss': 0.0635, 'train_acc': 0.9704}
{'epoch': 62, 'train_loss': 0.0806, 'train_acc': 0.9674}
{'epoch': 63, 'train_loss': 0.0529, 'train_acc': 0.9815}
{'epoch': 64, 'train_loss': 0.0641, 'train_acc': 0.9741}
{'epoch': 65, 'train_loss': 0.0473, 'train_acc': 0.9867}
{'epoch': 66, 'train_loss': 0.0605, 'train_acc': 0.9778}
{'epoch': 67, 'train_loss': 0.0628, 'train_acc': 0.98}
{'epoch': 68, 'train_loss': 0.0567, 'train_acc': 0.9807}
{'epoch': 69, 'train_loss': 0.0464, 'train_acc': 0.9844}
{'epoch': 70, 'train_loss': 0.046, 'train_acc': 0.9807}
{'epoch': 71, 'train_loss': 0.0407, 'train_acc': 0.9881}
{'epoch': 72, 'train_loss': 0.0598, 'train_acc': 0.9793}
{'epoch': 73, 'train_loss': 0.0512, 'train_acc': 0.9793}
{'epoch': 74, 'train_loss': 0.0479, 'train_acc': 0.9807}
{'epoch': 75, 'train_loss': 0.0428, 'train_acc': 0.9867}
{'epoch': 76, 'train_loss': 0.0465, 'train_acc': 0.9859}
{'epoch': 77, 'train_loss': 0.042, 'train_acc': 0.9837}
{'epoch': 78, 'train_loss': 0.0398, 'train_acc': 0.9874}
{'epoch': 79, 'train_loss': 0.0342, 'train_acc': 0.9881}
{'epoch': 80, 'train_loss': 0.0375, 'train_acc': 0.9874}
{'epoch': 81, 'train_loss': 0.0358, 'train_acc': 0.9874}
{'epoch': 82, 'train_loss': 0.0421, 'train_acc': 0.9837}
{'epoch': 83, 'train_loss': 0.0383, 'train_acc': 0.9889}
{'epoch': 84, 'train_loss': 0.0366, 'train_acc': 0.9859}
{'epoch': 85, 'train_loss': 0.0342, 'train_acc': 0.9896}
{'epoch': 86, 'train_loss': 0.0393, 'train_acc': 0.9881}
{'epoch': 87, 'train_loss': 0.0317, 'train_acc': 0.9889}
{'epoch': 88, 'train_loss': 0.0318, 'train_acc': 0.9904}
{'epoch': 89, 'train_loss': 0.0362, 'train_acc': 0.9889}
{'epoch': 90, 'train_loss': 0.0337, 'train_acc': 0.9919}
{'epoch': 91, 'train_loss': 0.0279, 'train_acc': 0.9919}
{'epoch': 92, 'train_loss': 0.0336, 'train_acc': 0.9889}
{'epoch': 93, 'train_loss': 0.0328, 'train_acc': 0.9896}
{'epoch': 94, 'train_loss': 0.0395, 'train_acc': 0.9881}
{'epoch': 95, 'train_loss': 0.034, 'train_acc': 0.9889}
{'epoch': 96, 'train_loss': 0.0392, 'train_acc': 0.9822}
{'epoch': 97, 'train_loss': 0.0312, 'train_acc': 0.9896}
{'epoch': 98, 'train_loss': 0.0444, 'train_acc': 0.9837}
{'epoch': 99, 'train_loss': 0.0267, 'train_acc': 0.9926}
{'epoch': 100, 'train_loss': 0.0258, 'train_acc': 0.9919}
{'run_num': 6, 'final_test_err': 0.11075000000000002}
Files already downloaded and verified
Files already downloaded and verified
{'epoch': 1, 'train_loss': 0.6196, 'train_acc': 0.7252}
{'epoch': 2, 'train_loss': 0.518, 'train_acc': 0.7793}
{'epoch': 3, 'train_loss': 0.4651, 'train_acc': 0.8022}
{'epoch': 4, 'train_loss': 0.4108, 'train_acc': 0.8274}
{'epoch': 5, 'train_loss': 0.39, 'train_acc': 0.8326}
{'epoch': 6, 'train_loss': 0.3621, 'train_acc': 0.8578}
{'epoch': 7, 'train_loss': 0.377, 'train_acc': 0.8407}
{'epoch': 8, 'train_loss': 0.3877, 'train_acc': 0.843}
{'epoch': 9, 'train_loss': 0.2949, 'train_acc': 0.88}
{'epoch': 10, 'train_loss': 0.3062, 'train_acc': 0.877}
{'epoch': 11, 'train_loss': 0.278, 'train_acc': 0.8778}
{'epoch': 12, 'train_loss': 0.2863, 'train_acc': 0.8807}
{'epoch': 13, 'train_loss': 0.2383, 'train_acc': 0.9007}
{'epoch': 14, 'train_loss': 0.2545, 'train_acc': 0.8911}
{'epoch': 15, 'train_loss': 0.2403, 'train_acc': 0.9059}
{'epoch': 16, 'train_loss': 0.2319, 'train_acc': 0.9037}
{'epoch': 17, 'train_loss': 0.2392, 'train_acc': 0.9067}
{'epoch': 18, 'train_loss': 0.2543, 'train_acc': 0.9015}
{'epoch': 19, 'train_loss': 0.2285, 'train_acc': 0.8993}
{'epoch': 20, 'train_loss': 0.2053, 'train_acc': 0.9163}
{'epoch': 21, 'train_loss': 0.2164, 'train_acc': 0.9193}
{'epoch': 22, 'train_loss': 0.191, 'train_acc': 0.9193}
{'epoch': 23, 'train_loss': 0.1948, 'train_acc': 0.9215}
{'epoch': 24, 'train_loss': 0.2098, 'train_acc': 0.9237}
{'epoch': 25, 'train_loss': 0.2089, 'train_acc': 0.9126}
{'epoch': 26, 'train_loss': 0.1862, 'train_acc': 0.9267}
{'epoch': 27, 'train_loss': 0.1883, 'train_acc': 0.9244}
{'epoch': 28, 'train_loss': 0.1716, 'train_acc': 0.9281}
{'epoch': 29, 'train_loss': 0.1766, 'train_acc': 0.9289}
{'epoch': 30, 'train_loss': 0.1837, 'train_acc': 0.9281}
{'epoch': 31, 'train_loss': 0.1604, 'train_acc': 0.9348}
{'epoch': 32, 'train_loss': 0.1399, 'train_acc': 0.9459}
{'epoch': 33, 'train_loss': 0.1432, 'train_acc': 0.9415}
{'epoch': 34, 'train_loss': 0.1324, 'train_acc': 0.9541}
{'epoch': 35, 'train_loss': 0.1443, 'train_acc': 0.9437}
{'epoch': 36, 'train_loss': 0.1273, 'train_acc': 0.9489}
{'epoch': 37, 'train_loss': 0.1302, 'train_acc': 0.9526}
{'epoch': 38, 'train_loss': 0.1348, 'train_acc': 0.9467}
{'epoch': 39, 'train_loss': 0.1119, 'train_acc': 0.9556}
{'epoch': 40, 'train_loss': 0.1385, 'train_acc': 0.9467}
{'epoch': 41, 'train_loss': 0.1272, 'train_acc': 0.9504}
{'epoch': 42, 'train_loss': 0.1392, 'train_acc': 0.9444}
{'epoch': 43, 'train_loss': 0.1254, 'train_acc': 0.9496}
{'epoch': 44, 'train_loss': 0.0973, 'train_acc': 0.9667}
{'epoch': 45, 'train_loss': 0.1286, 'train_acc': 0.9526}
{'epoch': 46, 'train_loss': 0.1174, 'train_acc': 0.9541}
{'epoch': 47, 'train_loss': 0.1124, 'train_acc': 0.9593}
{'epoch': 48, 'train_loss': 0.0755, 'train_acc': 0.9741}
{'epoch': 49, 'train_loss': 0.0871, 'train_acc': 0.9689}
{'epoch': 50, 'train_loss': 0.1119, 'train_acc': 0.9585}
{'epoch': 51, 'train_loss': 0.095, 'train_acc': 0.9607}
{'epoch': 52, 'train_loss': 0.0938, 'train_acc': 0.9667}
{'epoch': 53, 'train_loss': 0.0919, 'train_acc': 0.963}
{'epoch': 54, 'train_loss': 0.0669, 'train_acc': 0.9741}
{'epoch': 55, 'train_loss': 0.1177, 'train_acc': 0.9481}
{'epoch': 56, 'train_loss': 0.0809, 'train_acc': 0.9667}
{'epoch': 57, 'train_loss': 0.0744, 'train_acc': 0.9741}
{'epoch': 58, 'train_loss': 0.0871, 'train_acc': 0.9644}
{'epoch': 59, 'train_loss': 0.0726, 'train_acc': 0.9711}
{'epoch': 60, 'train_loss': 0.0597, 'train_acc': 0.9793}
{'epoch': 61, 'train_loss': 0.0684, 'train_acc': 0.9726}
{'epoch': 62, 'train_loss': 0.0533, 'train_acc': 0.98}
{'epoch': 63, 'train_loss': 0.0686, 'train_acc': 0.9726}
{'epoch': 64, 'train_loss': 0.0746, 'train_acc': 0.9726}
{'epoch': 65, 'train_loss': 0.0567, 'train_acc': 0.9778}
{'epoch': 66, 'train_loss': 0.0453, 'train_acc': 0.9867}
{'epoch': 67, 'train_loss': 0.0575, 'train_acc': 0.9778}
{'epoch': 68, 'train_loss': 0.0466, 'train_acc': 0.983}
{'epoch': 69, 'train_loss': 0.0532, 'train_acc': 0.9815}
{'epoch': 70, 'train_loss': 0.0487, 'train_acc': 0.9852}
{'epoch': 71, 'train_loss': 0.049, 'train_acc': 0.9815}
{'epoch': 72, 'train_loss': 0.0425, 'train_acc': 0.9881}
{'epoch': 73, 'train_loss': 0.0507, 'train_acc': 0.9815}
{'epoch': 74, 'train_loss': 0.0453, 'train_acc': 0.9867}
{'epoch': 75, 'train_loss': 0.0402, 'train_acc': 0.9859}
{'epoch': 76, 'train_loss': 0.0402, 'train_acc': 0.9874}
{'epoch': 77, 'train_loss': 0.0392, 'train_acc': 0.9889}
{'epoch': 78, 'train_loss': 0.039, 'train_acc': 0.9874}
{'epoch': 79, 'train_loss': 0.0665, 'train_acc': 0.977}
{'epoch': 80, 'train_loss': 0.0318, 'train_acc': 0.9904}
{'epoch': 81, 'train_loss': 0.041, 'train_acc': 0.9881}
{'epoch': 82, 'train_loss': 0.0354, 'train_acc': 0.9904}
{'epoch': 83, 'train_loss': 0.0381, 'train_acc': 0.983}
{'epoch': 84, 'train_loss': 0.0475, 'train_acc': 0.9793}
{'epoch': 85, 'train_loss': 0.0389, 'train_acc': 0.9881}
{'epoch': 86, 'train_loss': 0.0416, 'train_acc': 0.9896}
{'epoch': 87, 'train_loss': 0.0399, 'train_acc': 0.9881}
{'epoch': 88, 'train_loss': 0.0331, 'train_acc': 0.9926}
{'epoch': 89, 'train_loss': 0.0347, 'train_acc': 0.9874}
{'epoch': 90, 'train_loss': 0.0402, 'train_acc': 0.9896}
{'epoch': 91, 'train_loss': 0.0367, 'train_acc': 0.9889}
{'epoch': 92, 'train_loss': 0.0327, 'train_acc': 0.9904}
{'epoch': 93, 'train_loss': 0.0287, 'train_acc': 0.9941}
{'epoch': 94, 'train_loss': 0.0377, 'train_acc': 0.9904}
{'epoch': 95, 'train_loss': 0.0298, 'train_acc': 0.9919}
{'epoch': 96, 'train_loss': 0.0273, 'train_acc': 0.9919}
{'epoch': 97, 'train_loss': 0.0286, 'train_acc': 0.9919}
{'epoch': 98, 'train_loss': 0.0345, 'train_acc': 0.9904}
{'epoch': 99, 'train_loss': 0.0409, 'train_acc': 0.9852}
{'epoch': 100, 'train_loss': 0.033, 'train_acc': 0.9933}
{'run_num': 7, 'final_test_err': 0.12350000000000005}
Files already downloaded and verified
Files already downloaded and verified
{'epoch': 1, 'train_loss': 0.593, 'train_acc': 0.7215}
{'epoch': 2, 'train_loss': 0.4897, 'train_acc': 0.7896}
{'epoch': 3, 'train_loss': 0.4566, 'train_acc': 0.8089}
{'epoch': 4, 'train_loss': 0.4038, 'train_acc': 0.82}
{'epoch': 5, 'train_loss': 0.4247, 'train_acc': 0.8237}
{'epoch': 6, 'train_loss': 0.3858, 'train_acc': 0.843}
{'epoch': 7, 'train_loss': 0.3413, 'train_acc': 0.857}
{'epoch': 8, 'train_loss': 0.3538, 'train_acc': 0.8385}
{'epoch': 9, 'train_loss': 0.3133, 'train_acc': 0.8622}
{'epoch': 10, 'train_loss': 0.3213, 'train_acc': 0.8659}
{'epoch': 11, 'train_loss': 0.2984, 'train_acc': 0.877}
{'epoch': 12, 'train_loss': 0.2598, 'train_acc': 0.9007}
{'epoch': 13, 'train_loss': 0.2646, 'train_acc': 0.8741}
{'epoch': 14, 'train_loss': 0.263, 'train_acc': 0.8837}
{'epoch': 15, 'train_loss': 0.2731, 'train_acc': 0.8844}
{'epoch': 16, 'train_loss': 0.2613, 'train_acc': 0.8948}
{'epoch': 17, 'train_loss': 0.2239, 'train_acc': 0.9111}
{'epoch': 18, 'train_loss': 0.2345, 'train_acc': 0.8956}
{'epoch': 19, 'train_loss': 0.2084, 'train_acc': 0.9185}
{'epoch': 20, 'train_loss': 0.2298, 'train_acc': 0.9067}
{'epoch': 21, 'train_loss': 0.2337, 'train_acc': 0.9126}
{'epoch': 22, 'train_loss': 0.2248, 'train_acc': 0.9163}
{'epoch': 23, 'train_loss': 0.2054, 'train_acc': 0.9207}
{'epoch': 24, 'train_loss': 0.2029, 'train_acc': 0.9148}
{'epoch': 25, 'train_loss': 0.1777, 'train_acc': 0.9326}
{'epoch': 26, 'train_loss': 0.1829, 'train_acc': 0.9252}
{'epoch': 27, 'train_loss': 0.1891, 'train_acc': 0.9215}
{'epoch': 28, 'train_loss': 0.1843, 'train_acc': 0.9304}
{'epoch': 29, 'train_loss': 0.1659, 'train_acc': 0.9356}
{'epoch': 30, 'train_loss': 0.1657, 'train_acc': 0.9326}
{'epoch': 31, 'train_loss': 0.1845, 'train_acc': 0.9289}
{'epoch': 32, 'train_loss': 0.1532, 'train_acc': 0.9378}
{'epoch': 33, 'train_loss': 0.1671, 'train_acc': 0.9378}
{'epoch': 34, 'train_loss': 0.1332, 'train_acc': 0.9548}
{'epoch': 35, 'train_loss': 0.1516, 'train_acc': 0.9407}
{'epoch': 36, 'train_loss': 0.1473, 'train_acc': 0.9467}
{'epoch': 37, 'train_loss': 0.1089, 'train_acc': 0.9607}
{'epoch': 38, 'train_loss': 0.1311, 'train_acc': 0.9452}
{'epoch': 39, 'train_loss': 0.1188, 'train_acc': 0.9533}
{'epoch': 40, 'train_loss': 0.1125, 'train_acc': 0.9593}
{'epoch': 41, 'train_loss': 0.1244, 'train_acc': 0.9481}
{'epoch': 42, 'train_loss': 0.1216, 'train_acc': 0.9519}
{'epoch': 43, 'train_loss': 0.1287, 'train_acc': 0.9474}
{'epoch': 44, 'train_loss': 0.1361, 'train_acc': 0.9459}
{'epoch': 45, 'train_loss': 0.1256, 'train_acc': 0.9467}
{'epoch': 46, 'train_loss': 0.121, 'train_acc': 0.9519}
{'epoch': 47, 'train_loss': 0.1147, 'train_acc': 0.96}
{'epoch': 48, 'train_loss': 0.0973, 'train_acc': 0.963}
{'epoch': 49, 'train_loss': 0.082, 'train_acc': 0.9689}
{'epoch': 50, 'train_loss': 0.1017, 'train_acc': 0.9622}
{'epoch': 51, 'train_loss': 0.0831, 'train_acc': 0.9689}
{'epoch': 52, 'train_loss': 0.102, 'train_acc': 0.96}
{'epoch': 53, 'train_loss': 0.0748, 'train_acc': 0.9763}
{'epoch': 54, 'train_loss': 0.0757, 'train_acc': 0.9793}
{'epoch': 55, 'train_loss': 0.0845, 'train_acc': 0.9644}
{'epoch': 56, 'train_loss': 0.078, 'train_acc': 0.9711}
{'epoch': 57, 'train_loss': 0.0858, 'train_acc': 0.9674}
{'epoch': 58, 'train_loss': 0.0622, 'train_acc': 0.9793}
{'epoch': 59, 'train_loss': 0.0625, 'train_acc': 0.9778}
{'epoch': 60, 'train_loss': 0.0968, 'train_acc': 0.963}
{'epoch': 61, 'train_loss': 0.0652, 'train_acc': 0.9741}
{'epoch': 62, 'train_loss': 0.0742, 'train_acc': 0.9756}
{'epoch': 63, 'train_loss': 0.0729, 'train_acc': 0.9726}
{'epoch': 64, 'train_loss': 0.0496, 'train_acc': 0.983}
{'epoch': 65, 'train_loss': 0.0571, 'train_acc': 0.9807}
{'epoch': 66, 'train_loss': 0.0703, 'train_acc': 0.9748}
{'epoch': 67, 'train_loss': 0.0558, 'train_acc': 0.983}
{'epoch': 68, 'train_loss': 0.0416, 'train_acc': 0.9904}
{'epoch': 69, 'train_loss': 0.0573, 'train_acc': 0.9793}
{'epoch': 70, 'train_loss': 0.0519, 'train_acc': 0.9807}
{'epoch': 71, 'train_loss': 0.0684, 'train_acc': 0.9756}
{'epoch': 72, 'train_loss': 0.0553, 'train_acc': 0.9837}
{'epoch': 73, 'train_loss': 0.0524, 'train_acc': 0.9837}
{'epoch': 74, 'train_loss': 0.04, 'train_acc': 0.9881}
{'epoch': 75, 'train_loss': 0.0528, 'train_acc': 0.977}
{'epoch': 76, 'train_loss': 0.0454, 'train_acc': 0.9874}
{'epoch': 77, 'train_loss': 0.0462, 'train_acc': 0.9844}
{'epoch': 78, 'train_loss': 0.0418, 'train_acc': 0.9896}
{'epoch': 79, 'train_loss': 0.0423, 'train_acc': 0.9867}
{'epoch': 80, 'train_loss': 0.0469, 'train_acc': 0.9844}
{'epoch': 81, 'train_loss': 0.0482, 'train_acc': 0.9837}
{'epoch': 82, 'train_loss': 0.0436, 'train_acc': 0.9852}
{'epoch': 83, 'train_loss': 0.036, 'train_acc': 0.9904}
{'epoch': 84, 'train_loss': 0.0386, 'train_acc': 0.9881}
{'epoch': 85, 'train_loss': 0.0386, 'train_acc': 0.9874}
{'epoch': 86, 'train_loss': 0.025, 'train_acc': 0.9933}
{'epoch': 87, 'train_loss': 0.0322, 'train_acc': 0.9926}
{'epoch': 88, 'train_loss': 0.032, 'train_acc': 0.9904}
{'epoch': 89, 'train_loss': 0.0333, 'train_acc': 0.9919}
{'epoch': 90, 'train_loss': 0.0364, 'train_acc': 0.9896}
{'epoch': 91, 'train_loss': 0.0449, 'train_acc': 0.9815}
{'epoch': 92, 'train_loss': 0.0331, 'train_acc': 0.9896}
{'epoch': 93, 'train_loss': 0.0366, 'train_acc': 0.9874}
{'epoch': 94, 'train_loss': 0.0401, 'train_acc': 0.9881}
{'epoch': 95, 'train_loss': 0.0368, 'train_acc': 0.9904}
{'epoch': 96, 'train_loss': 0.0446, 'train_acc': 0.9837}
{'epoch': 97, 'train_loss': 0.0386, 'train_acc': 0.9911}
{'epoch': 98, 'train_loss': 0.0328, 'train_acc': 0.9867}
{'epoch': 99, 'train_loss': 0.035, 'train_acc': 0.9859}
{'epoch': 100, 'train_loss': 0.0363, 'train_acc': 0.9874}
{'run_num': 8, 'final_test_err': 0.11650000000000005}
Files already downloaded and verified
Files already downloaded and verified
{'epoch': 1, 'train_loss': 0.5913, 'train_acc': 0.7326}
{'epoch': 2, 'train_loss': 0.4856, 'train_acc': 0.7926}
{'epoch': 3, 'train_loss': 0.4356, 'train_acc': 0.803}
{'epoch': 4, 'train_loss': 0.3893, 'train_acc': 0.8222}
{'epoch': 5, 'train_loss': 0.3948, 'train_acc': 0.8363}
{'epoch': 6, 'train_loss': 0.3466, 'train_acc': 0.8667}
{'epoch': 7, 'train_loss': 0.36, 'train_acc': 0.857}
{'epoch': 8, 'train_loss': 0.3199, 'train_acc': 0.8719}
{'epoch': 9, 'train_loss': 0.3152, 'train_acc': 0.8622}
{'epoch': 10, 'train_loss': 0.3034, 'train_acc': 0.8844}
{'epoch': 11, 'train_loss': 0.2911, 'train_acc': 0.88}
{'epoch': 12, 'train_loss': 0.2894, 'train_acc': 0.8733}
{'epoch': 13, 'train_loss': 0.2641, 'train_acc': 0.8889}
{'epoch': 14, 'train_loss': 0.258, 'train_acc': 0.8933}
{'epoch': 15, 'train_loss': 0.2595, 'train_acc': 0.8993}
{'epoch': 16, 'train_loss': 0.2519, 'train_acc': 0.8948}
{'epoch': 17, 'train_loss': 0.242, 'train_acc': 0.9081}
{'epoch': 18, 'train_loss': 0.2282, 'train_acc': 0.9111}
{'epoch': 19, 'train_loss': 0.2123, 'train_acc': 0.9089}
{'epoch': 20, 'train_loss': 0.2077, 'train_acc': 0.9148}
{'epoch': 21, 'train_loss': 0.1947, 'train_acc': 0.9126}
{'epoch': 22, 'train_loss': 0.2121, 'train_acc': 0.9089}
{'epoch': 23, 'train_loss': 0.2019, 'train_acc': 0.9156}
{'epoch': 24, 'train_loss': 0.2021, 'train_acc': 0.9148}
{'epoch': 25, 'train_loss': 0.1752, 'train_acc': 0.9311}
{'epoch': 26, 'train_loss': 0.2086, 'train_acc': 0.9178}
{'epoch': 27, 'train_loss': 0.1834, 'train_acc': 0.9311}
{'epoch': 28, 'train_loss': 0.1725, 'train_acc': 0.9356}
{'epoch': 29, 'train_loss': 0.1779, 'train_acc': 0.9356}
{'epoch': 30, 'train_loss': 0.168, 'train_acc': 0.9348}
{'epoch': 31, 'train_loss': 0.1508, 'train_acc': 0.9422}
{'epoch': 32, 'train_loss': 0.1581, 'train_acc': 0.9407}
{'epoch': 33, 'train_loss': 0.1524, 'train_acc': 0.9459}
{'epoch': 34, 'train_loss': 0.1507, 'train_acc': 0.9326}
{'epoch': 35, 'train_loss': 0.1557, 'train_acc': 0.9333}
{'epoch': 36, 'train_loss': 0.1466, 'train_acc': 0.9341}
{'epoch': 37, 'train_loss': 0.1381, 'train_acc': 0.9415}
{'epoch': 38, 'train_loss': 0.1447, 'train_acc': 0.9437}
{'epoch': 39, 'train_loss': 0.1202, 'train_acc': 0.9563}
{'epoch': 40, 'train_loss': 0.1346, 'train_acc': 0.9481}
{'epoch': 41, 'train_loss': 0.1153, 'train_acc': 0.957}
{'epoch': 42, 'train_loss': 0.1634, 'train_acc': 0.9319}
{'epoch': 43, 'train_loss': 0.1313, 'train_acc': 0.9422}
{'epoch': 44, 'train_loss': 0.1207, 'train_acc': 0.9541}
{'epoch': 45, 'train_loss': 0.1168, 'train_acc': 0.9511}
{'epoch': 46, 'train_loss': 0.1366, 'train_acc': 0.943}
{'epoch': 47, 'train_loss': 0.1104, 'train_acc': 0.9607}
{'epoch': 48, 'train_loss': 0.0941, 'train_acc': 0.9667}
{'epoch': 49, 'train_loss': 0.0746, 'train_acc': 0.9733}
{'epoch': 50, 'train_loss': 0.0855, 'train_acc': 0.9644}
{'epoch': 51, 'train_loss': 0.0963, 'train_acc': 0.9615}
{'epoch': 52, 'train_loss': 0.1031, 'train_acc': 0.957}
{'epoch': 53, 'train_loss': 0.0962, 'train_acc': 0.9622}
{'epoch': 54, 'train_loss': 0.0763, 'train_acc': 0.9667}
{'epoch': 55, 'train_loss': 0.0719, 'train_acc': 0.9741}
{'epoch': 56, 'train_loss': 0.0736, 'train_acc': 0.9726}
{'epoch': 57, 'train_loss': 0.0848, 'train_acc': 0.9652}
{'epoch': 58, 'train_loss': 0.0741, 'train_acc': 0.9726}
{'epoch': 59, 'train_loss': 0.0762, 'train_acc': 0.9711}
{'epoch': 60, 'train_loss': 0.0778, 'train_acc': 0.9711}
{'epoch': 61, 'train_loss': 0.0824, 'train_acc': 0.9689}
{'epoch': 62, 'train_loss': 0.0687, 'train_acc': 0.9741}
{'epoch': 63, 'train_loss': 0.0522, 'train_acc': 0.9793}
{'epoch': 64, 'train_loss': 0.0522, 'train_acc': 0.9837}
{'epoch': 65, 'train_loss': 0.0605, 'train_acc': 0.9763}
{'epoch': 66, 'train_loss': 0.0711, 'train_acc': 0.9733}
{'epoch': 67, 'train_loss': 0.0686, 'train_acc': 0.9704}
{'epoch': 68, 'train_loss': 0.0616, 'train_acc': 0.9748}
{'epoch': 69, 'train_loss': 0.0646, 'train_acc': 0.9763}
{'epoch': 70, 'train_loss': 0.0635, 'train_acc': 0.977}
{'epoch': 71, 'train_loss': 0.0463, 'train_acc': 0.9852}
{'epoch': 72, 'train_loss': 0.0791, 'train_acc': 0.9719}
{'epoch': 73, 'train_loss': 0.0495, 'train_acc': 0.9844}
{'epoch': 74, 'train_loss': 0.0456, 'train_acc': 0.9822}
{'epoch': 75, 'train_loss': 0.0427, 'train_acc': 0.9822}
{'epoch': 76, 'train_loss': 0.0427, 'train_acc': 0.9837}
{'epoch': 77, 'train_loss': 0.0482, 'train_acc': 0.9844}
{'epoch': 78, 'train_loss': 0.0439, 'train_acc': 0.9852}
{'epoch': 79, 'train_loss': 0.0469, 'train_acc': 0.9867}
{'epoch': 80, 'train_loss': 0.0485, 'train_acc': 0.9837}
{'epoch': 81, 'train_loss': 0.0482, 'train_acc': 0.983}
{'epoch': 82, 'train_loss': 0.0287, 'train_acc': 0.9933}
{'epoch': 83, 'train_loss': 0.0375, 'train_acc': 0.9867}
{'epoch': 84, 'train_loss': 0.0414, 'train_acc': 0.9859}
{'epoch': 85, 'train_loss': 0.0357, 'train_acc': 0.9889}
{'epoch': 86, 'train_loss': 0.0375, 'train_acc': 0.9881}
{'epoch': 87, 'train_loss': 0.0405, 'train_acc': 0.9881}
{'epoch': 88, 'train_loss': 0.0335, 'train_acc': 0.9926}
{'epoch': 89, 'train_loss': 0.0411, 'train_acc': 0.9874}
{'epoch': 90, 'train_loss': 0.0344, 'train_acc': 0.9911}
{'epoch': 91, 'train_loss': 0.0443, 'train_acc': 0.9859}
{'epoch': 92, 'train_loss': 0.0288, 'train_acc': 0.9941}
{'epoch': 93, 'train_loss': 0.0333, 'train_acc': 0.9904}
{'epoch': 94, 'train_loss': 0.0404, 'train_acc': 0.9844}
{'epoch': 95, 'train_loss': 0.0437, 'train_acc': 0.9852}
{'epoch': 96, 'train_loss': 0.0324, 'train_acc': 0.9881}
{'epoch': 97, 'train_loss': 0.0451, 'train_acc': 0.9807}
{'epoch': 98, 'train_loss': 0.0346, 'train_acc': 0.9889}
{'epoch': 99, 'train_loss': 0.0329, 'train_acc': 0.9919}
{'epoch': 100, 'train_loss': 0.0332, 'train_acc': 0.9919}
{'run_num': 9, 'final_test_err': 0.10999999999999999}
{'avg_err': 0.116, 'std_err': 0.0048}
