{'deploy': True, 'tag': '02_beta/task_agnostic', 'seed': 10, 'device': 'cuda:0', 'reps': 10, 'loss': {'α': 0.5, 'tune_α': False, 'group_task_loss': False}, 'task': {'dataset': 'split_cifar10', 'task_map': [[0, 1], [2, 3], [4, 5], [6, 7], [8, 9]], 'target': 0, 'ood': [4], 'augment': True, 'n': 50, 'm_n': 7.5, 'β': 0.5, 'custom_sampler': False}, 'hp': {'epochs': 100, 'bs': 16, 'lr': 0.01}, 'net': 'conv'}
Files already downloaded and verified
Files already downloaded and verified
{'epoch': 1, 'train_loss': 0.6578, 'train_acc': 0.6812}
{'epoch': 2, 'train_loss': 0.5602, 'train_acc': 0.7776}
{'epoch': 3, 'train_loss': 0.4841, 'train_acc': 0.7682}
{'epoch': 4, 'train_loss': 0.4326, 'train_acc': 0.8118}
{'epoch': 5, 'train_loss': 0.4731, 'train_acc': 0.8024}
{'epoch': 6, 'train_loss': 0.4404, 'train_acc': 0.8094}
{'epoch': 7, 'train_loss': 0.4686, 'train_acc': 0.8059}
{'epoch': 8, 'train_loss': 0.3965, 'train_acc': 0.8235}
{'epoch': 9, 'train_loss': 0.3584, 'train_acc': 0.8565}
{'epoch': 10, 'train_loss': 0.353, 'train_acc': 0.8541}
{'epoch': 11, 'train_loss': 0.3571, 'train_acc': 0.8482}
{'epoch': 12, 'train_loss': 0.3225, 'train_acc': 0.8694}
{'epoch': 13, 'train_loss': 0.3295, 'train_acc': 0.8518}
{'epoch': 14, 'train_loss': 0.3297, 'train_acc': 0.8624}
{'epoch': 15, 'train_loss': 0.2948, 'train_acc': 0.8835}
{'epoch': 16, 'train_loss': 0.2824, 'train_acc': 0.8776}
{'epoch': 17, 'train_loss': 0.2987, 'train_acc': 0.8788}
{'epoch': 18, 'train_loss': 0.2575, 'train_acc': 0.8882}
{'epoch': 19, 'train_loss': 0.2707, 'train_acc': 0.9024}
{'epoch': 20, 'train_loss': 0.3693, 'train_acc': 0.8612}
{'epoch': 21, 'train_loss': 0.2692, 'train_acc': 0.8847}
{'epoch': 22, 'train_loss': 0.2196, 'train_acc': 0.9071}
{'epoch': 23, 'train_loss': 0.2169, 'train_acc': 0.9153}
{'epoch': 24, 'train_loss': 0.2356, 'train_acc': 0.9106}
{'epoch': 25, 'train_loss': 0.2265, 'train_acc': 0.9035}
{'epoch': 26, 'train_loss': 0.2653, 'train_acc': 0.9082}
{'epoch': 27, 'train_loss': 0.1943, 'train_acc': 0.92}
{'epoch': 28, 'train_loss': 0.2954, 'train_acc': 0.8847}
{'epoch': 29, 'train_loss': 0.2551, 'train_acc': 0.9012}
{'epoch': 30, 'train_loss': 0.2854, 'train_acc': 0.8788}
{'epoch': 31, 'train_loss': 0.2062, 'train_acc': 0.9082}
{'epoch': 32, 'train_loss': 0.183, 'train_acc': 0.9282}
{'epoch': 33, 'train_loss': 0.1933, 'train_acc': 0.9235}
{'epoch': 34, 'train_loss': 0.2062, 'train_acc': 0.9047}
{'epoch': 35, 'train_loss': 0.1912, 'train_acc': 0.9247}
{'epoch': 36, 'train_loss': 0.1575, 'train_acc': 0.9353}
{'epoch': 37, 'train_loss': 0.2206, 'train_acc': 0.9035}
{'epoch': 38, 'train_loss': 0.1786, 'train_acc': 0.9294}
{'epoch': 39, 'train_loss': 0.2195, 'train_acc': 0.9224}
{'epoch': 40, 'train_loss': 0.1872, 'train_acc': 0.9212}
{'epoch': 41, 'train_loss': 0.2184, 'train_acc': 0.9094}
{'epoch': 42, 'train_loss': 0.1464, 'train_acc': 0.9388}
{'epoch': 43, 'train_loss': 0.1509, 'train_acc': 0.9388}
{'epoch': 44, 'train_loss': 0.1542, 'train_acc': 0.94}
{'epoch': 45, 'train_loss': 0.1486, 'train_acc': 0.9365}
{'epoch': 46, 'train_loss': 0.1389, 'train_acc': 0.9518}
{'epoch': 47, 'train_loss': 0.1123, 'train_acc': 0.9494}
{'epoch': 48, 'train_loss': 0.1351, 'train_acc': 0.9447}
{'epoch': 49, 'train_loss': 0.1399, 'train_acc': 0.9471}
{'epoch': 50, 'train_loss': 0.1682, 'train_acc': 0.9271}
{'epoch': 51, 'train_loss': 0.1225, 'train_acc': 0.9529}
{'epoch': 52, 'train_loss': 0.0955, 'train_acc': 0.9647}
{'epoch': 53, 'train_loss': 0.1256, 'train_acc': 0.9471}
{'epoch': 54, 'train_loss': 0.1192, 'train_acc': 0.9494}
{'epoch': 55, 'train_loss': 0.1239, 'train_acc': 0.9529}
{'epoch': 56, 'train_loss': 0.1166, 'train_acc': 0.9541}
{'epoch': 57, 'train_loss': 0.1, 'train_acc': 0.96}
{'epoch': 58, 'train_loss': 0.1149, 'train_acc': 0.9576}
{'epoch': 59, 'train_loss': 0.1306, 'train_acc': 0.9494}
{'epoch': 60, 'train_loss': 0.0964, 'train_acc': 0.9635}
{'epoch': 61, 'train_loss': 0.0952, 'train_acc': 0.9635}
{'epoch': 62, 'train_loss': 0.0871, 'train_acc': 0.9671}
{'epoch': 63, 'train_loss': 0.0819, 'train_acc': 0.9718}
{'epoch': 64, 'train_loss': 0.0841, 'train_acc': 0.9671}
{'epoch': 65, 'train_loss': 0.0853, 'train_acc': 0.9753}
{'epoch': 66, 'train_loss': 0.0679, 'train_acc': 0.9729}
{'epoch': 67, 'train_loss': 0.0878, 'train_acc': 0.9694}
{'epoch': 68, 'train_loss': 0.0833, 'train_acc': 0.9706}
{'epoch': 69, 'train_loss': 0.0687, 'train_acc': 0.9835}
{'epoch': 70, 'train_loss': 0.0795, 'train_acc': 0.9706}
{'epoch': 71, 'train_loss': 0.0782, 'train_acc': 0.9753}
{'epoch': 72, 'train_loss': 0.0634, 'train_acc': 0.98}
{'epoch': 73, 'train_loss': 0.0659, 'train_acc': 0.9753}
{'epoch': 74, 'train_loss': 0.0608, 'train_acc': 0.98}
{'epoch': 75, 'train_loss': 0.0555, 'train_acc': 0.9812}
{'epoch': 76, 'train_loss': 0.0584, 'train_acc': 0.9788}
{'epoch': 77, 'train_loss': 0.0497, 'train_acc': 0.9882}
{'epoch': 78, 'train_loss': 0.0595, 'train_acc': 0.9788}
{'epoch': 79, 'train_loss': 0.0689, 'train_acc': 0.9776}
{'epoch': 80, 'train_loss': 0.0702, 'train_acc': 0.9729}
{'epoch': 81, 'train_loss': 0.047, 'train_acc': 0.9871}
{'epoch': 82, 'train_loss': 0.0585, 'train_acc': 0.9824}
{'epoch': 83, 'train_loss': 0.0529, 'train_acc': 0.9812}
{'epoch': 84, 'train_loss': 0.0672, 'train_acc': 0.9671}
{'epoch': 85, 'train_loss': 0.0674, 'train_acc': 0.9776}
{'epoch': 86, 'train_loss': 0.0483, 'train_acc': 0.98}
{'epoch': 87, 'train_loss': 0.0575, 'train_acc': 0.98}
{'epoch': 88, 'train_loss': 0.0456, 'train_acc': 0.9882}
{'epoch': 89, 'train_loss': 0.0473, 'train_acc': 0.9871}
{'epoch': 90, 'train_loss': 0.0551, 'train_acc': 0.9835}
{'epoch': 91, 'train_loss': 0.0651, 'train_acc': 0.9706}
{'epoch': 92, 'train_loss': 0.0644, 'train_acc': 0.9729}
{'epoch': 93, 'train_loss': 0.0598, 'train_acc': 0.9824}
{'epoch': 94, 'train_loss': 0.0536, 'train_acc': 0.9835}
{'epoch': 95, 'train_loss': 0.0511, 'train_acc': 0.9824}
{'epoch': 96, 'train_loss': 0.0661, 'train_acc': 0.9718}
{'epoch': 97, 'train_loss': 0.0479, 'train_acc': 0.9847}
{'epoch': 98, 'train_loss': 0.0488, 'train_acc': 0.9847}
{'epoch': 99, 'train_loss': 0.055, 'train_acc': 0.98}
{'epoch': 100, 'train_loss': 0.0577, 'train_acc': 0.9812}
{'run_num': 0, 'final_test_err': 0.11750000000000005}
Files already downloaded and verified
Files already downloaded and verified
{'epoch': 1, 'train_loss': 0.6118, 'train_acc': 0.7176}
{'epoch': 2, 'train_loss': 0.5783, 'train_acc': 0.7482}
{'epoch': 3, 'train_loss': 0.4919, 'train_acc': 0.7965}
{'epoch': 4, 'train_loss': 0.4509, 'train_acc': 0.8047}
{'epoch': 5, 'train_loss': 0.473, 'train_acc': 0.7976}
{'epoch': 6, 'train_loss': 0.4241, 'train_acc': 0.8224}
{'epoch': 7, 'train_loss': 0.3859, 'train_acc': 0.8329}
{'epoch': 8, 'train_loss': 0.3527, 'train_acc': 0.8506}
{'epoch': 9, 'train_loss': 0.3829, 'train_acc': 0.8388}
{'epoch': 10, 'train_loss': 0.3393, 'train_acc': 0.8588}
{'epoch': 11, 'train_loss': 0.3272, 'train_acc': 0.8682}
{'epoch': 12, 'train_loss': 0.3071, 'train_acc': 0.8835}
{'epoch': 13, 'train_loss': 0.3059, 'train_acc': 0.88}
{'epoch': 14, 'train_loss': 0.2916, 'train_acc': 0.8871}
{'epoch': 15, 'train_loss': 0.369, 'train_acc': 0.8612}
{'epoch': 16, 'train_loss': 0.2774, 'train_acc': 0.8859}
{'epoch': 17, 'train_loss': 0.2336, 'train_acc': 0.9059}
{'epoch': 18, 'train_loss': 0.2857, 'train_acc': 0.8953}
{'epoch': 19, 'train_loss': 0.2496, 'train_acc': 0.9012}
{'epoch': 20, 'train_loss': 0.2137, 'train_acc': 0.9153}
{'epoch': 21, 'train_loss': 0.2825, 'train_acc': 0.8918}
{'epoch': 22, 'train_loss': 0.1982, 'train_acc': 0.9176}
{'epoch': 23, 'train_loss': 0.3089, 'train_acc': 0.8741}
{'epoch': 24, 'train_loss': 0.2583, 'train_acc': 0.8906}
{'epoch': 25, 'train_loss': 0.2461, 'train_acc': 0.8918}
{'epoch': 26, 'train_loss': 0.2037, 'train_acc': 0.9118}
{'epoch': 27, 'train_loss': 0.2006, 'train_acc': 0.92}
{'epoch': 28, 'train_loss': 0.1914, 'train_acc': 0.9212}
{'epoch': 29, 'train_loss': 0.1906, 'train_acc': 0.92}
{'epoch': 30, 'train_loss': 0.2254, 'train_acc': 0.8988}
{'epoch': 31, 'train_loss': 0.2598, 'train_acc': 0.8941}
{'epoch': 32, 'train_loss': 0.2133, 'train_acc': 0.9106}
{'epoch': 33, 'train_loss': 0.2378, 'train_acc': 0.9}
{'epoch': 34, 'train_loss': 0.2071, 'train_acc': 0.9176}
{'epoch': 35, 'train_loss': 0.1783, 'train_acc': 0.9212}
{'epoch': 36, 'train_loss': 0.1625, 'train_acc': 0.9435}
{'epoch': 37, 'train_loss': 0.1693, 'train_acc': 0.9282}
{'epoch': 38, 'train_loss': 0.2158, 'train_acc': 0.9106}
{'epoch': 39, 'train_loss': 0.1427, 'train_acc': 0.9424}
{'epoch': 40, 'train_loss': 0.2315, 'train_acc': 0.9047}
{'epoch': 41, 'train_loss': 0.1549, 'train_acc': 0.9388}
{'epoch': 42, 'train_loss': 0.1278, 'train_acc': 0.9471}
{'epoch': 43, 'train_loss': 0.1894, 'train_acc': 0.9212}
{'epoch': 44, 'train_loss': 0.1714, 'train_acc': 0.9412}
{'epoch': 45, 'train_loss': 0.1285, 'train_acc': 0.9506}
{'epoch': 46, 'train_loss': 0.13, 'train_acc': 0.9412}
{'epoch': 47, 'train_loss': 0.1703, 'train_acc': 0.9353}
{'epoch': 48, 'train_loss': 0.1361, 'train_acc': 0.9424}
{'epoch': 49, 'train_loss': 0.1452, 'train_acc': 0.9435}
{'epoch': 50, 'train_loss': 0.1145, 'train_acc': 0.9553}
{'epoch': 51, 'train_loss': 0.1246, 'train_acc': 0.9447}
{'epoch': 52, 'train_loss': 0.154, 'train_acc': 0.9353}
{'epoch': 53, 'train_loss': 0.12, 'train_acc': 0.9588}
{'epoch': 54, 'train_loss': 0.1052, 'train_acc': 0.9576}
{'epoch': 55, 'train_loss': 0.0979, 'train_acc': 0.96}
{'epoch': 56, 'train_loss': 0.0964, 'train_acc': 0.96}
{'epoch': 57, 'train_loss': 0.0838, 'train_acc': 0.9718}
{'epoch': 58, 'train_loss': 0.1069, 'train_acc': 0.9565}
{'epoch': 59, 'train_loss': 0.0847, 'train_acc': 0.9694}
{'epoch': 60, 'train_loss': 0.0784, 'train_acc': 0.9706}
{'epoch': 61, 'train_loss': 0.0872, 'train_acc': 0.9729}
{'epoch': 62, 'train_loss': 0.0885, 'train_acc': 0.9647}
{'epoch': 63, 'train_loss': 0.0705, 'train_acc': 0.9718}
{'epoch': 64, 'train_loss': 0.0672, 'train_acc': 0.9788}
{'epoch': 65, 'train_loss': 0.1164, 'train_acc': 0.9506}
{'epoch': 66, 'train_loss': 0.0783, 'train_acc': 0.9694}
{'epoch': 67, 'train_loss': 0.0763, 'train_acc': 0.9753}
{'epoch': 68, 'train_loss': 0.0603, 'train_acc': 0.9812}
{'epoch': 69, 'train_loss': 0.0787, 'train_acc': 0.9765}
{'epoch': 70, 'train_loss': 0.0884, 'train_acc': 0.9659}
{'epoch': 71, 'train_loss': 0.0701, 'train_acc': 0.9753}
{'epoch': 72, 'train_loss': 0.0783, 'train_acc': 0.9776}
{'epoch': 73, 'train_loss': 0.0944, 'train_acc': 0.9682}
{'epoch': 74, 'train_loss': 0.0706, 'train_acc': 0.9729}
{'epoch': 75, 'train_loss': 0.058, 'train_acc': 0.9824}
{'epoch': 76, 'train_loss': 0.0624, 'train_acc': 0.9835}
{'epoch': 77, 'train_loss': 0.0729, 'train_acc': 0.9718}
{'epoch': 78, 'train_loss': 0.0625, 'train_acc': 0.9753}
{'epoch': 79, 'train_loss': 0.0656, 'train_acc': 0.9753}
{'epoch': 80, 'train_loss': 0.0615, 'train_acc': 0.9812}
{'epoch': 81, 'train_loss': 0.0624, 'train_acc': 0.9788}
{'epoch': 82, 'train_loss': 0.0515, 'train_acc': 0.9835}
{'epoch': 83, 'train_loss': 0.0483, 'train_acc': 0.9859}
{'epoch': 84, 'train_loss': 0.0479, 'train_acc': 0.9847}
{'epoch': 85, 'train_loss': 0.0511, 'train_acc': 0.9824}
{'epoch': 86, 'train_loss': 0.0446, 'train_acc': 0.9859}
{'epoch': 87, 'train_loss': 0.0431, 'train_acc': 0.9871}
{'epoch': 88, 'train_loss': 0.0465, 'train_acc': 0.9847}
{'epoch': 89, 'train_loss': 0.0549, 'train_acc': 0.9859}
{'epoch': 90, 'train_loss': 0.0471, 'train_acc': 0.9847}
{'epoch': 91, 'train_loss': 0.0402, 'train_acc': 0.9882}
{'epoch': 92, 'train_loss': 0.0514, 'train_acc': 0.9835}
{'epoch': 93, 'train_loss': 0.0482, 'train_acc': 0.9847}
{'epoch': 94, 'train_loss': 0.0528, 'train_acc': 0.9859}
{'epoch': 95, 'train_loss': 0.0501, 'train_acc': 0.9847}
{'epoch': 96, 'train_loss': 0.0562, 'train_acc': 0.9776}
{'epoch': 97, 'train_loss': 0.0519, 'train_acc': 0.9812}
{'epoch': 98, 'train_loss': 0.051, 'train_acc': 0.9788}
{'epoch': 99, 'train_loss': 0.0433, 'train_acc': 0.9824}
{'epoch': 100, 'train_loss': 0.0392, 'train_acc': 0.9918}
{'run_num': 1, 'final_test_err': 0.12450000000000006}
Files already downloaded and verified
Files already downloaded and verified
{'epoch': 1, 'train_loss': 0.6165, 'train_acc': 0.72}
{'epoch': 2, 'train_loss': 0.5446, 'train_acc': 0.7553}
{'epoch': 3, 'train_loss': 0.4398, 'train_acc': 0.8129}
{'epoch': 4, 'train_loss': 0.4892, 'train_acc': 0.7859}
{'epoch': 5, 'train_loss': 0.4394, 'train_acc': 0.8224}
{'epoch': 6, 'train_loss': 0.4651, 'train_acc': 0.7988}
{'epoch': 7, 'train_loss': 0.3607, 'train_acc': 0.8412}
{'epoch': 8, 'train_loss': 0.4555, 'train_acc': 0.8153}
{'epoch': 9, 'train_loss': 0.3525, 'train_acc': 0.8612}
{'epoch': 10, 'train_loss': 0.4926, 'train_acc': 0.7941}
{'epoch': 11, 'train_loss': 0.4008, 'train_acc': 0.8388}
{'epoch': 12, 'train_loss': 0.3666, 'train_acc': 0.8518}
{'epoch': 13, 'train_loss': 0.3248, 'train_acc': 0.8494}
{'epoch': 14, 'train_loss': 0.349, 'train_acc': 0.8588}
{'epoch': 15, 'train_loss': 0.3067, 'train_acc': 0.8671}
{'epoch': 16, 'train_loss': 0.3011, 'train_acc': 0.8753}
{'epoch': 17, 'train_loss': 0.4001, 'train_acc': 0.8412}
{'epoch': 18, 'train_loss': 0.2645, 'train_acc': 0.8918}
{'epoch': 19, 'train_loss': 0.3242, 'train_acc': 0.8671}
{'epoch': 20, 'train_loss': 0.2879, 'train_acc': 0.8918}
{'epoch': 21, 'train_loss': 0.2976, 'train_acc': 0.8835}
{'epoch': 22, 'train_loss': 0.2862, 'train_acc': 0.8776}
{'epoch': 23, 'train_loss': 0.3004, 'train_acc': 0.8882}
{'epoch': 24, 'train_loss': 0.2668, 'train_acc': 0.8976}
{'epoch': 25, 'train_loss': 0.2216, 'train_acc': 0.9141}
{'epoch': 26, 'train_loss': 0.2403, 'train_acc': 0.8906}
{'epoch': 27, 'train_loss': 0.2209, 'train_acc': 0.9153}
{'epoch': 28, 'train_loss': 0.2996, 'train_acc': 0.8741}
{'epoch': 29, 'train_loss': 0.2598, 'train_acc': 0.8988}
{'epoch': 30, 'train_loss': 0.2011, 'train_acc': 0.9165}
{'epoch': 31, 'train_loss': 0.2298, 'train_acc': 0.9176}
{'epoch': 32, 'train_loss': 0.1877, 'train_acc': 0.92}
{'epoch': 33, 'train_loss': 0.1827, 'train_acc': 0.9306}
{'epoch': 34, 'train_loss': 0.2057, 'train_acc': 0.9094}
{'epoch': 35, 'train_loss': 0.2229, 'train_acc': 0.9024}
{'epoch': 36, 'train_loss': 0.2145, 'train_acc': 0.9141}
{'epoch': 37, 'train_loss': 0.1927, 'train_acc': 0.9188}
{'epoch': 38, 'train_loss': 0.1686, 'train_acc': 0.9388}
{'epoch': 39, 'train_loss': 0.1814, 'train_acc': 0.9329}
{'epoch': 40, 'train_loss': 0.1536, 'train_acc': 0.9376}
{'epoch': 41, 'train_loss': 0.1621, 'train_acc': 0.9306}
{'epoch': 42, 'train_loss': 0.2013, 'train_acc': 0.9224}
{'epoch': 43, 'train_loss': 0.2192, 'train_acc': 0.9176}
{'epoch': 44, 'train_loss': 0.1512, 'train_acc': 0.94}
{'epoch': 45, 'train_loss': 0.228, 'train_acc': 0.92}
{'epoch': 46, 'train_loss': 0.1764, 'train_acc': 0.9306}
{'epoch': 47, 'train_loss': 0.1256, 'train_acc': 0.9518}
{'epoch': 48, 'train_loss': 0.1474, 'train_acc': 0.94}
{'epoch': 49, 'train_loss': 0.1417, 'train_acc': 0.9341}
{'epoch': 50, 'train_loss': 0.1694, 'train_acc': 0.9259}
{'epoch': 51, 'train_loss': 0.1473, 'train_acc': 0.9376}
{'epoch': 52, 'train_loss': 0.1035, 'train_acc': 0.96}
{'epoch': 53, 'train_loss': 0.1264, 'train_acc': 0.9471}
{'epoch': 54, 'train_loss': 0.1239, 'train_acc': 0.9565}
{'epoch': 55, 'train_loss': 0.1109, 'train_acc': 0.9518}
{'epoch': 56, 'train_loss': 0.122, 'train_acc': 0.9506}
{'epoch': 57, 'train_loss': 0.0842, 'train_acc': 0.9729}
{'epoch': 58, 'train_loss': 0.0987, 'train_acc': 0.9565}
{'epoch': 59, 'train_loss': 0.099, 'train_acc': 0.9647}
{'epoch': 60, 'train_loss': 0.0839, 'train_acc': 0.9706}
{'epoch': 61, 'train_loss': 0.1052, 'train_acc': 0.9624}
{'epoch': 62, 'train_loss': 0.0832, 'train_acc': 0.9706}
{'epoch': 63, 'train_loss': 0.0876, 'train_acc': 0.9694}
{'epoch': 64, 'train_loss': 0.096, 'train_acc': 0.9682}
{'epoch': 65, 'train_loss': 0.0957, 'train_acc': 0.9635}
{'epoch': 66, 'train_loss': 0.1034, 'train_acc': 0.9541}
{'epoch': 67, 'train_loss': 0.0827, 'train_acc': 0.9612}
{'epoch': 68, 'train_loss': 0.0885, 'train_acc': 0.9612}
{'epoch': 69, 'train_loss': 0.0827, 'train_acc': 0.9671}
{'epoch': 70, 'train_loss': 0.1064, 'train_acc': 0.9671}
{'epoch': 71, 'train_loss': 0.0731, 'train_acc': 0.9753}
{'epoch': 72, 'train_loss': 0.0796, 'train_acc': 0.9647}
{'epoch': 73, 'train_loss': 0.078, 'train_acc': 0.9765}
{'epoch': 74, 'train_loss': 0.0622, 'train_acc': 0.9824}
{'epoch': 75, 'train_loss': 0.0857, 'train_acc': 0.9635}
{'epoch': 76, 'train_loss': 0.0598, 'train_acc': 0.9812}
{'epoch': 77, 'train_loss': 0.0628, 'train_acc': 0.9776}
{'epoch': 78, 'train_loss': 0.0654, 'train_acc': 0.9788}
{'epoch': 79, 'train_loss': 0.0665, 'train_acc': 0.9765}
{'epoch': 80, 'train_loss': 0.0662, 'train_acc': 0.9776}
{'epoch': 81, 'train_loss': 0.0606, 'train_acc': 0.9776}
{'epoch': 82, 'train_loss': 0.0539, 'train_acc': 0.9847}
{'epoch': 83, 'train_loss': 0.0679, 'train_acc': 0.9741}
{'epoch': 84, 'train_loss': 0.0607, 'train_acc': 0.98}
{'epoch': 85, 'train_loss': 0.0551, 'train_acc': 0.9894}
{'epoch': 86, 'train_loss': 0.0848, 'train_acc': 0.9682}
{'epoch': 87, 'train_loss': 0.0664, 'train_acc': 0.9718}
{'epoch': 88, 'train_loss': 0.0685, 'train_acc': 0.9765}
{'epoch': 89, 'train_loss': 0.0533, 'train_acc': 0.98}
{'epoch': 90, 'train_loss': 0.0569, 'train_acc': 0.9812}
{'epoch': 91, 'train_loss': 0.0521, 'train_acc': 0.9847}
{'epoch': 92, 'train_loss': 0.0697, 'train_acc': 0.9788}
{'epoch': 93, 'train_loss': 0.0596, 'train_acc': 0.9753}
{'epoch': 94, 'train_loss': 0.0631, 'train_acc': 0.9776}
{'epoch': 95, 'train_loss': 0.0602, 'train_acc': 0.9871}
{'epoch': 96, 'train_loss': 0.0637, 'train_acc': 0.9765}
{'epoch': 97, 'train_loss': 0.0547, 'train_acc': 0.9824}
{'epoch': 98, 'train_loss': 0.0522, 'train_acc': 0.9859}
{'epoch': 99, 'train_loss': 0.0625, 'train_acc': 0.98}
{'epoch': 100, 'train_loss': 0.0697, 'train_acc': 0.9776}
{'run_num': 2, 'final_test_err': 0.13575000000000004}
Files already downloaded and verified
Files already downloaded and verified
{'epoch': 1, 'train_loss': 0.6311, 'train_acc': 0.7}
{'epoch': 2, 'train_loss': 0.5414, 'train_acc': 0.7482}
{'epoch': 3, 'train_loss': 0.4954, 'train_acc': 0.7953}
{'epoch': 4, 'train_loss': 0.5021, 'train_acc': 0.7859}
{'epoch': 5, 'train_loss': 0.5576, 'train_acc': 0.7765}
{'epoch': 6, 'train_loss': 0.4727, 'train_acc': 0.8035}
{'epoch': 7, 'train_loss': 0.462, 'train_acc': 0.8106}
{'epoch': 8, 'train_loss': 0.4126, 'train_acc': 0.8365}
{'epoch': 9, 'train_loss': 0.5026, 'train_acc': 0.8}
{'epoch': 10, 'train_loss': 0.3841, 'train_acc': 0.8424}
{'epoch': 11, 'train_loss': 0.3376, 'train_acc': 0.8494}
{'epoch': 12, 'train_loss': 0.3856, 'train_acc': 0.8459}
{'epoch': 13, 'train_loss': 0.4046, 'train_acc': 0.8318}
{'epoch': 14, 'train_loss': 0.3526, 'train_acc': 0.8388}
{'epoch': 15, 'train_loss': 0.3192, 'train_acc': 0.8647}
{'epoch': 16, 'train_loss': 0.3407, 'train_acc': 0.8553}
{'epoch': 17, 'train_loss': 0.3121, 'train_acc': 0.8765}
{'epoch': 18, 'train_loss': 0.372, 'train_acc': 0.8341}
{'epoch': 19, 'train_loss': 0.3407, 'train_acc': 0.8576}
{'epoch': 20, 'train_loss': 0.2795, 'train_acc': 0.8824}
{'epoch': 21, 'train_loss': 0.267, 'train_acc': 0.8894}
{'epoch': 22, 'train_loss': 0.2771, 'train_acc': 0.8859}
{'epoch': 23, 'train_loss': 0.2619, 'train_acc': 0.8929}
{'epoch': 24, 'train_loss': 0.2956, 'train_acc': 0.8706}
{'epoch': 25, 'train_loss': 0.2236, 'train_acc': 0.9035}
{'epoch': 26, 'train_loss': 0.2004, 'train_acc': 0.9153}
{'epoch': 27, 'train_loss': 0.256, 'train_acc': 0.8918}
{'epoch': 28, 'train_loss': 0.2769, 'train_acc': 0.8976}
{'epoch': 29, 'train_loss': 0.2387, 'train_acc': 0.9047}
{'epoch': 30, 'train_loss': 0.2119, 'train_acc': 0.9165}
{'epoch': 31, 'train_loss': 0.2167, 'train_acc': 0.9141}
{'epoch': 32, 'train_loss': 0.2191, 'train_acc': 0.9035}
{'epoch': 33, 'train_loss': 0.2115, 'train_acc': 0.92}
{'epoch': 34, 'train_loss': 0.1489, 'train_acc': 0.9388}
{'epoch': 35, 'train_loss': 0.1902, 'train_acc': 0.9294}
{'epoch': 36, 'train_loss': 0.1663, 'train_acc': 0.9259}
{'epoch': 37, 'train_loss': 0.182, 'train_acc': 0.9271}
{'epoch': 38, 'train_loss': 0.1579, 'train_acc': 0.9259}
{'epoch': 39, 'train_loss': 0.1589, 'train_acc': 0.9341}
{'epoch': 40, 'train_loss': 0.1644, 'train_acc': 0.9353}
{'epoch': 41, 'train_loss': 0.1916, 'train_acc': 0.9282}
{'epoch': 42, 'train_loss': 0.1399, 'train_acc': 0.9435}
{'epoch': 43, 'train_loss': 0.156, 'train_acc': 0.9412}
{'epoch': 44, 'train_loss': 0.1357, 'train_acc': 0.9412}
{'epoch': 45, 'train_loss': 0.1658, 'train_acc': 0.9235}
{'epoch': 46, 'train_loss': 0.2282, 'train_acc': 0.9129}
{'epoch': 47, 'train_loss': 0.1323, 'train_acc': 0.9541}
{'epoch': 48, 'train_loss': 0.1481, 'train_acc': 0.9365}
{'epoch': 49, 'train_loss': 0.1432, 'train_acc': 0.9435}
{'epoch': 50, 'train_loss': 0.1292, 'train_acc': 0.9435}
{'epoch': 51, 'train_loss': 0.1114, 'train_acc': 0.9518}
{'epoch': 52, 'train_loss': 0.1067, 'train_acc': 0.9553}
{'epoch': 53, 'train_loss': 0.1266, 'train_acc': 0.9494}
{'epoch': 54, 'train_loss': 0.1309, 'train_acc': 0.9494}
{'epoch': 55, 'train_loss': 0.1176, 'train_acc': 0.9576}
{'epoch': 56, 'train_loss': 0.1051, 'train_acc': 0.9612}
{'epoch': 57, 'train_loss': 0.0951, 'train_acc': 0.96}
{'epoch': 58, 'train_loss': 0.1134, 'train_acc': 0.9553}
{'epoch': 59, 'train_loss': 0.0933, 'train_acc': 0.9671}
{'epoch': 60, 'train_loss': 0.0971, 'train_acc': 0.96}
{'epoch': 61, 'train_loss': 0.129, 'train_acc': 0.9576}
{'epoch': 62, 'train_loss': 0.0944, 'train_acc': 0.9671}
{'epoch': 63, 'train_loss': 0.0829, 'train_acc': 0.9718}
{'epoch': 64, 'train_loss': 0.0776, 'train_acc': 0.9694}
{'epoch': 65, 'train_loss': 0.0906, 'train_acc': 0.9624}
{'epoch': 66, 'train_loss': 0.0667, 'train_acc': 0.9765}
{'epoch': 67, 'train_loss': 0.0853, 'train_acc': 0.9659}
{'epoch': 68, 'train_loss': 0.0865, 'train_acc': 0.9694}
{'epoch': 69, 'train_loss': 0.0745, 'train_acc': 0.9729}
{'epoch': 70, 'train_loss': 0.0937, 'train_acc': 0.9659}
{'epoch': 71, 'train_loss': 0.0946, 'train_acc': 0.9671}
{'epoch': 72, 'train_loss': 0.0773, 'train_acc': 0.9659}
{'epoch': 73, 'train_loss': 0.0798, 'train_acc': 0.9671}
{'epoch': 74, 'train_loss': 0.0726, 'train_acc': 0.9765}
{'epoch': 75, 'train_loss': 0.0868, 'train_acc': 0.9706}
{'epoch': 76, 'train_loss': 0.0558, 'train_acc': 0.9812}
{'epoch': 77, 'train_loss': 0.0828, 'train_acc': 0.9741}
{'epoch': 78, 'train_loss': 0.0676, 'train_acc': 0.9788}
{'epoch': 79, 'train_loss': 0.082, 'train_acc': 0.9635}
{'epoch': 80, 'train_loss': 0.0981, 'train_acc': 0.9553}
{'epoch': 81, 'train_loss': 0.0767, 'train_acc': 0.9718}
{'epoch': 82, 'train_loss': 0.0778, 'train_acc': 0.9671}
{'epoch': 83, 'train_loss': 0.0605, 'train_acc': 0.9824}
{'epoch': 84, 'train_loss': 0.08, 'train_acc': 0.9729}
{'epoch': 85, 'train_loss': 0.0601, 'train_acc': 0.9729}
{'epoch': 86, 'train_loss': 0.0658, 'train_acc': 0.9765}
{'epoch': 87, 'train_loss': 0.0576, 'train_acc': 0.9776}
{'epoch': 88, 'train_loss': 0.0615, 'train_acc': 0.9788}
{'epoch': 89, 'train_loss': 0.044, 'train_acc': 0.9906}
{'epoch': 90, 'train_loss': 0.0574, 'train_acc': 0.98}
{'epoch': 91, 'train_loss': 0.053, 'train_acc': 0.9812}
{'epoch': 92, 'train_loss': 0.052, 'train_acc': 0.9882}
{'epoch': 93, 'train_loss': 0.073, 'train_acc': 0.9765}
{'epoch': 94, 'train_loss': 0.0684, 'train_acc': 0.9776}
{'epoch': 95, 'train_loss': 0.0483, 'train_acc': 0.9871}
{'epoch': 96, 'train_loss': 0.0597, 'train_acc': 0.98}
{'epoch': 97, 'train_loss': 0.0505, 'train_acc': 0.9812}
{'epoch': 98, 'train_loss': 0.0709, 'train_acc': 0.9753}
{'epoch': 99, 'train_loss': 0.0604, 'train_acc': 0.9776}
{'epoch': 100, 'train_loss': 0.0656, 'train_acc': 0.9765}
{'run_num': 3, 'final_test_err': 0.11975000000000002}
Files already downloaded and verified
Files already downloaded and verified
{'epoch': 1, 'train_loss': 0.6964, 'train_acc': 0.6882}
{'epoch': 2, 'train_loss': 0.5797, 'train_acc': 0.7376}
{'epoch': 3, 'train_loss': 0.497, 'train_acc': 0.7824}
{'epoch': 4, 'train_loss': 0.5391, 'train_acc': 0.7729}
{'epoch': 5, 'train_loss': 0.4165, 'train_acc': 0.8165}
{'epoch': 6, 'train_loss': 0.3848, 'train_acc': 0.8435}
{'epoch': 7, 'train_loss': 0.3803, 'train_acc': 0.8376}
{'epoch': 8, 'train_loss': 0.4463, 'train_acc': 0.8188}
{'epoch': 9, 'train_loss': 0.3556, 'train_acc': 0.8376}
{'epoch': 10, 'train_loss': 0.36, 'train_acc': 0.8459}
{'epoch': 11, 'train_loss': 0.3493, 'train_acc': 0.86}
{'epoch': 12, 'train_loss': 0.3116, 'train_acc': 0.8776}
{'epoch': 13, 'train_loss': 0.2799, 'train_acc': 0.8729}
{'epoch': 14, 'train_loss': 0.3371, 'train_acc': 0.8635}
{'epoch': 15, 'train_loss': 0.2446, 'train_acc': 0.8976}
{'epoch': 16, 'train_loss': 0.2797, 'train_acc': 0.8812}
{'epoch': 17, 'train_loss': 0.3033, 'train_acc': 0.8765}
{'epoch': 18, 'train_loss': 0.2778, 'train_acc': 0.8835}
{'epoch': 19, 'train_loss': 0.3235, 'train_acc': 0.8718}
{'epoch': 20, 'train_loss': 0.2578, 'train_acc': 0.9035}
{'epoch': 21, 'train_loss': 0.2555, 'train_acc': 0.8882}
{'epoch': 22, 'train_loss': 0.2432, 'train_acc': 0.9035}
{'epoch': 23, 'train_loss': 0.2592, 'train_acc': 0.8941}
{'epoch': 24, 'train_loss': 0.2068, 'train_acc': 0.9188}
{'epoch': 25, 'train_loss': 0.1856, 'train_acc': 0.9294}
{'epoch': 26, 'train_loss': 0.2271, 'train_acc': 0.9153}
{'epoch': 27, 'train_loss': 0.2052, 'train_acc': 0.9165}
{'epoch': 28, 'train_loss': 0.1827, 'train_acc': 0.9294}
{'epoch': 29, 'train_loss': 0.202, 'train_acc': 0.9271}
{'epoch': 30, 'train_loss': 0.1654, 'train_acc': 0.9376}
{'epoch': 31, 'train_loss': 0.1716, 'train_acc': 0.9271}
{'epoch': 32, 'train_loss': 0.1882, 'train_acc': 0.9259}
{'epoch': 33, 'train_loss': 0.1609, 'train_acc': 0.94}
{'epoch': 34, 'train_loss': 0.1661, 'train_acc': 0.9353}
{'epoch': 35, 'train_loss': 0.1593, 'train_acc': 0.9388}
{'epoch': 36, 'train_loss': 0.1383, 'train_acc': 0.9435}
{'epoch': 37, 'train_loss': 0.1434, 'train_acc': 0.9506}
{'epoch': 38, 'train_loss': 0.1558, 'train_acc': 0.9376}
{'epoch': 39, 'train_loss': 0.1678, 'train_acc': 0.9376}
{'epoch': 40, 'train_loss': 0.1858, 'train_acc': 0.9224}
{'epoch': 41, 'train_loss': 0.1527, 'train_acc': 0.94}
{'epoch': 42, 'train_loss': 0.1232, 'train_acc': 0.9447}
{'epoch': 43, 'train_loss': 0.2587, 'train_acc': 0.9024}
{'epoch': 44, 'train_loss': 0.1327, 'train_acc': 0.9412}
{'epoch': 45, 'train_loss': 0.1673, 'train_acc': 0.9388}
{'epoch': 46, 'train_loss': 0.139, 'train_acc': 0.9506}
{'epoch': 47, 'train_loss': 0.1024, 'train_acc': 0.9659}
{'epoch': 48, 'train_loss': 0.1603, 'train_acc': 0.9329}
{'epoch': 49, 'train_loss': 0.1295, 'train_acc': 0.9471}
{'epoch': 50, 'train_loss': 0.1596, 'train_acc': 0.9259}
{'epoch': 51, 'train_loss': 0.1483, 'train_acc': 0.9365}
{'epoch': 52, 'train_loss': 0.127, 'train_acc': 0.9506}
{'epoch': 53, 'train_loss': 0.1253, 'train_acc': 0.9576}
{'epoch': 54, 'train_loss': 0.1236, 'train_acc': 0.9541}
{'epoch': 55, 'train_loss': 0.1353, 'train_acc': 0.9424}
{'epoch': 56, 'train_loss': 0.1123, 'train_acc': 0.9624}
{'epoch': 57, 'train_loss': 0.0941, 'train_acc': 0.9624}
{'epoch': 58, 'train_loss': 0.1204, 'train_acc': 0.9482}
{'epoch': 59, 'train_loss': 0.0841, 'train_acc': 0.9729}
{'epoch': 60, 'train_loss': 0.0819, 'train_acc': 0.9741}
{'epoch': 61, 'train_loss': 0.0712, 'train_acc': 0.9718}
{'epoch': 62, 'train_loss': 0.0795, 'train_acc': 0.9718}
{'epoch': 63, 'train_loss': 0.0772, 'train_acc': 0.9706}
{'epoch': 64, 'train_loss': 0.1161, 'train_acc': 0.9576}
{'epoch': 65, 'train_loss': 0.0887, 'train_acc': 0.9671}
{'epoch': 66, 'train_loss': 0.0742, 'train_acc': 0.9765}
{'epoch': 67, 'train_loss': 0.0734, 'train_acc': 0.9741}
{'epoch': 68, 'train_loss': 0.0964, 'train_acc': 0.9565}
{'epoch': 69, 'train_loss': 0.0966, 'train_acc': 0.9624}
{'epoch': 70, 'train_loss': 0.069, 'train_acc': 0.9788}
{'epoch': 71, 'train_loss': 0.0475, 'train_acc': 0.9882}
{'epoch': 72, 'train_loss': 0.0656, 'train_acc': 0.9776}
{'epoch': 73, 'train_loss': 0.0682, 'train_acc': 0.9729}
{'epoch': 74, 'train_loss': 0.0592, 'train_acc': 0.9788}
{'epoch': 75, 'train_loss': 0.0698, 'train_acc': 0.9741}
{'epoch': 76, 'train_loss': 0.0458, 'train_acc': 0.9824}
{'epoch': 77, 'train_loss': 0.0603, 'train_acc': 0.9776}
{'epoch': 78, 'train_loss': 0.0656, 'train_acc': 0.9729}
{'epoch': 79, 'train_loss': 0.0556, 'train_acc': 0.9835}
{'epoch': 80, 'train_loss': 0.0483, 'train_acc': 0.9871}
{'epoch': 81, 'train_loss': 0.0512, 'train_acc': 0.9847}
{'epoch': 82, 'train_loss': 0.0619, 'train_acc': 0.9753}
{'epoch': 83, 'train_loss': 0.0563, 'train_acc': 0.9788}
{'epoch': 84, 'train_loss': 0.0539, 'train_acc': 0.9847}
{'epoch': 85, 'train_loss': 0.0603, 'train_acc': 0.9788}
{'epoch': 86, 'train_loss': 0.0355, 'train_acc': 0.9929}
{'epoch': 87, 'train_loss': 0.0517, 'train_acc': 0.9824}
{'epoch': 88, 'train_loss': 0.057, 'train_acc': 0.9753}
{'epoch': 89, 'train_loss': 0.0431, 'train_acc': 0.9847}
{'epoch': 90, 'train_loss': 0.0487, 'train_acc': 0.9882}
{'epoch': 91, 'train_loss': 0.0648, 'train_acc': 0.98}
{'epoch': 92, 'train_loss': 0.0703, 'train_acc': 0.9788}
{'epoch': 93, 'train_loss': 0.0545, 'train_acc': 0.9776}
{'epoch': 94, 'train_loss': 0.0484, 'train_acc': 0.9871}
{'epoch': 95, 'train_loss': 0.0541, 'train_acc': 0.98}
{'epoch': 96, 'train_loss': 0.0501, 'train_acc': 0.9906}
{'epoch': 97, 'train_loss': 0.05, 'train_acc': 0.9847}
{'epoch': 98, 'train_loss': 0.0465, 'train_acc': 0.9847}
{'epoch': 99, 'train_loss': 0.0491, 'train_acc': 0.9824}
{'epoch': 100, 'train_loss': 0.0513, 'train_acc': 0.9847}
{'run_num': 4, 'final_test_err': 0.11850000000000005}
Files already downloaded and verified
Files already downloaded and verified
{'epoch': 1, 'train_loss': 0.6666, 'train_acc': 0.6965}
{'epoch': 2, 'train_loss': 0.5528, 'train_acc': 0.7624}
{'epoch': 3, 'train_loss': 0.4981, 'train_acc': 0.7847}
{'epoch': 4, 'train_loss': 0.4145, 'train_acc': 0.8224}
{'epoch': 5, 'train_loss': 0.4681, 'train_acc': 0.8094}
{'epoch': 6, 'train_loss': 0.386, 'train_acc': 0.8353}
{'epoch': 7, 'train_loss': 0.3968, 'train_acc': 0.8435}
{'epoch': 8, 'train_loss': 0.3474, 'train_acc': 0.8518}
{'epoch': 9, 'train_loss': 0.3847, 'train_acc': 0.8294}
{'epoch': 10, 'train_loss': 0.3258, 'train_acc': 0.8612}
{'epoch': 11, 'train_loss': 0.3371, 'train_acc': 0.8565}
{'epoch': 12, 'train_loss': 0.28, 'train_acc': 0.8765}
{'epoch': 13, 'train_loss': 0.2817, 'train_acc': 0.8859}
{'epoch': 14, 'train_loss': 0.3358, 'train_acc': 0.8553}
{'epoch': 15, 'train_loss': 0.3505, 'train_acc': 0.8482}
{'epoch': 16, 'train_loss': 0.3093, 'train_acc': 0.8812}
{'epoch': 17, 'train_loss': 0.3115, 'train_acc': 0.8765}
{'epoch': 18, 'train_loss': 0.361, 'train_acc': 0.8588}
{'epoch': 19, 'train_loss': 0.3066, 'train_acc': 0.88}
{'epoch': 20, 'train_loss': 0.2509, 'train_acc': 0.8918}
{'epoch': 21, 'train_loss': 0.2608, 'train_acc': 0.8965}
{'epoch': 22, 'train_loss': 0.2962, 'train_acc': 0.8729}
{'epoch': 23, 'train_loss': 0.2478, 'train_acc': 0.8965}
{'epoch': 24, 'train_loss': 0.2122, 'train_acc': 0.9071}
{'epoch': 25, 'train_loss': 0.2419, 'train_acc': 0.9071}
{'epoch': 26, 'train_loss': 0.2352, 'train_acc': 0.8976}
{'epoch': 27, 'train_loss': 0.175, 'train_acc': 0.9318}
{'epoch': 28, 'train_loss': 0.2089, 'train_acc': 0.9153}
{'epoch': 29, 'train_loss': 0.1942, 'train_acc': 0.9247}
{'epoch': 30, 'train_loss': 0.1713, 'train_acc': 0.9341}
{'epoch': 31, 'train_loss': 0.1911, 'train_acc': 0.9259}
{'epoch': 32, 'train_loss': 0.184, 'train_acc': 0.9282}
{'epoch': 33, 'train_loss': 0.1899, 'train_acc': 0.9129}
{'epoch': 34, 'train_loss': 0.1969, 'train_acc': 0.9165}
{'epoch': 35, 'train_loss': 0.1712, 'train_acc': 0.9329}
{'epoch': 36, 'train_loss': 0.1625, 'train_acc': 0.9376}
{'epoch': 37, 'train_loss': 0.18, 'train_acc': 0.9365}
{'epoch': 38, 'train_loss': 0.1881, 'train_acc': 0.9212}
{'epoch': 39, 'train_loss': 0.2633, 'train_acc': 0.9071}
{'epoch': 40, 'train_loss': 0.1935, 'train_acc': 0.9188}
{'epoch': 41, 'train_loss': 0.127, 'train_acc': 0.9553}
{'epoch': 42, 'train_loss': 0.1624, 'train_acc': 0.9353}
{'epoch': 43, 'train_loss': 0.1538, 'train_acc': 0.9341}
{'epoch': 44, 'train_loss': 0.2203, 'train_acc': 0.9165}
{'epoch': 45, 'train_loss': 0.1279, 'train_acc': 0.9424}
{'epoch': 46, 'train_loss': 0.1415, 'train_acc': 0.9506}
{'epoch': 47, 'train_loss': 0.1269, 'train_acc': 0.9553}
{'epoch': 48, 'train_loss': 0.1175, 'train_acc': 0.9565}
{'epoch': 49, 'train_loss': 0.1122, 'train_acc': 0.96}
{'epoch': 50, 'train_loss': 0.1071, 'train_acc': 0.9541}
{'epoch': 51, 'train_loss': 0.1408, 'train_acc': 0.9435}
{'epoch': 52, 'train_loss': 0.0965, 'train_acc': 0.9647}
{'epoch': 53, 'train_loss': 0.1048, 'train_acc': 0.9635}
{'epoch': 54, 'train_loss': 0.1112, 'train_acc': 0.9588}
{'epoch': 55, 'train_loss': 0.107, 'train_acc': 0.9576}
{'epoch': 56, 'train_loss': 0.1272, 'train_acc': 0.9506}
{'epoch': 57, 'train_loss': 0.0915, 'train_acc': 0.9659}
{'epoch': 58, 'train_loss': 0.1276, 'train_acc': 0.9553}
{'epoch': 59, 'train_loss': 0.0916, 'train_acc': 0.9635}
{'epoch': 60, 'train_loss': 0.0824, 'train_acc': 0.9694}
{'epoch': 61, 'train_loss': 0.1115, 'train_acc': 0.9553}
{'epoch': 62, 'train_loss': 0.0896, 'train_acc': 0.9647}
{'epoch': 63, 'train_loss': 0.0677, 'train_acc': 0.9753}
{'epoch': 64, 'train_loss': 0.1014, 'train_acc': 0.9565}
{'epoch': 65, 'train_loss': 0.0764, 'train_acc': 0.9659}
{'epoch': 66, 'train_loss': 0.0763, 'train_acc': 0.9694}
{'epoch': 67, 'train_loss': 0.0804, 'train_acc': 0.9635}
{'epoch': 68, 'train_loss': 0.0707, 'train_acc': 0.9753}
{'epoch': 69, 'train_loss': 0.0628, 'train_acc': 0.9788}
{'epoch': 70, 'train_loss': 0.0593, 'train_acc': 0.9765}
{'epoch': 71, 'train_loss': 0.0782, 'train_acc': 0.9706}
{'epoch': 72, 'train_loss': 0.0557, 'train_acc': 0.9788}
{'epoch': 73, 'train_loss': 0.0642, 'train_acc': 0.9729}
{'epoch': 74, 'train_loss': 0.0601, 'train_acc': 0.9776}
{'epoch': 75, 'train_loss': 0.0583, 'train_acc': 0.9824}
{'epoch': 76, 'train_loss': 0.0891, 'train_acc': 0.9588}
{'epoch': 77, 'train_loss': 0.0413, 'train_acc': 0.9894}
{'epoch': 78, 'train_loss': 0.056, 'train_acc': 0.9847}
{'epoch': 79, 'train_loss': 0.0411, 'train_acc': 0.9894}
{'epoch': 80, 'train_loss': 0.0574, 'train_acc': 0.9765}
{'epoch': 81, 'train_loss': 0.0428, 'train_acc': 0.9859}
{'epoch': 82, 'train_loss': 0.0722, 'train_acc': 0.9741}
{'epoch': 83, 'train_loss': 0.0489, 'train_acc': 0.9882}
{'epoch': 84, 'train_loss': 0.0566, 'train_acc': 0.9776}
{'epoch': 85, 'train_loss': 0.0358, 'train_acc': 0.9894}
{'epoch': 86, 'train_loss': 0.0414, 'train_acc': 0.9894}
{'epoch': 87, 'train_loss': 0.0404, 'train_acc': 0.9882}
{'epoch': 88, 'train_loss': 0.0455, 'train_acc': 0.9847}
{'epoch': 89, 'train_loss': 0.0517, 'train_acc': 0.9847}
{'epoch': 90, 'train_loss': 0.0507, 'train_acc': 0.9882}
{'epoch': 91, 'train_loss': 0.0502, 'train_acc': 0.9835}
{'epoch': 92, 'train_loss': 0.0454, 'train_acc': 0.9847}
{'epoch': 93, 'train_loss': 0.0559, 'train_acc': 0.9776}
{'epoch': 94, 'train_loss': 0.0434, 'train_acc': 0.9882}
{'epoch': 95, 'train_loss': 0.0415, 'train_acc': 0.9882}
{'epoch': 96, 'train_loss': 0.0415, 'train_acc': 0.9918}
{'epoch': 97, 'train_loss': 0.0491, 'train_acc': 0.9871}
{'epoch': 98, 'train_loss': 0.0594, 'train_acc': 0.9788}
{'epoch': 99, 'train_loss': 0.0438, 'train_acc': 0.9894}
{'epoch': 100, 'train_loss': 0.0499, 'train_acc': 0.9835}
{'run_num': 5, 'final_test_err': 0.11675000000000002}
Files already downloaded and verified
Files already downloaded and verified
{'epoch': 1, 'train_loss': 0.593, 'train_acc': 0.7176}
{'epoch': 2, 'train_loss': 0.5161, 'train_acc': 0.7847}
{'epoch': 3, 'train_loss': 0.49, 'train_acc': 0.7847}
{'epoch': 4, 'train_loss': 0.4176, 'train_acc': 0.8271}
{'epoch': 5, 'train_loss': 0.4345, 'train_acc': 0.8141}
{'epoch': 6, 'train_loss': 0.3829, 'train_acc': 0.8282}
{'epoch': 7, 'train_loss': 0.3544, 'train_acc': 0.8435}
{'epoch': 8, 'train_loss': 0.3459, 'train_acc': 0.8635}
{'epoch': 9, 'train_loss': 0.37, 'train_acc': 0.8518}
{'epoch': 10, 'train_loss': 0.3171, 'train_acc': 0.8776}
{'epoch': 11, 'train_loss': 0.342, 'train_acc': 0.8706}
{'epoch': 12, 'train_loss': 0.2974, 'train_acc': 0.8847}
{'epoch': 13, 'train_loss': 0.3906, 'train_acc': 0.8447}
{'epoch': 14, 'train_loss': 0.2988, 'train_acc': 0.8741}
{'epoch': 15, 'train_loss': 0.2728, 'train_acc': 0.8847}
{'epoch': 16, 'train_loss': 0.2765, 'train_acc': 0.9012}
{'epoch': 17, 'train_loss': 0.2599, 'train_acc': 0.8965}
{'epoch': 18, 'train_loss': 0.4314, 'train_acc': 0.8376}
{'epoch': 19, 'train_loss': 0.2885, 'train_acc': 0.8941}
{'epoch': 20, 'train_loss': 0.2893, 'train_acc': 0.8741}
{'epoch': 21, 'train_loss': 0.2663, 'train_acc': 0.8906}
{'epoch': 22, 'train_loss': 0.2321, 'train_acc': 0.9047}
{'epoch': 23, 'train_loss': 0.2404, 'train_acc': 0.8976}
{'epoch': 24, 'train_loss': 0.221, 'train_acc': 0.92}
{'epoch': 25, 'train_loss': 0.2342, 'train_acc': 0.9071}
{'epoch': 26, 'train_loss': 0.2719, 'train_acc': 0.8859}
{'epoch': 27, 'train_loss': 0.2282, 'train_acc': 0.9106}
{'epoch': 28, 'train_loss': 0.2348, 'train_acc': 0.9106}
{'epoch': 29, 'train_loss': 0.1905, 'train_acc': 0.9294}
{'epoch': 30, 'train_loss': 0.1661, 'train_acc': 0.9271}
{'epoch': 31, 'train_loss': 0.1779, 'train_acc': 0.9271}
{'epoch': 32, 'train_loss': 0.1807, 'train_acc': 0.9176}
{'epoch': 33, 'train_loss': 0.2545, 'train_acc': 0.8953}
{'epoch': 34, 'train_loss': 0.2427, 'train_acc': 0.9118}
{'epoch': 35, 'train_loss': 0.2035, 'train_acc': 0.92}
{'epoch': 36, 'train_loss': 0.2274, 'train_acc': 0.9047}
{'epoch': 37, 'train_loss': 0.1681, 'train_acc': 0.9294}
{'epoch': 38, 'train_loss': 0.1906, 'train_acc': 0.9176}
{'epoch': 39, 'train_loss': 0.1611, 'train_acc': 0.9388}
{'epoch': 40, 'train_loss': 0.1303, 'train_acc': 0.9518}
{'epoch': 41, 'train_loss': 0.1662, 'train_acc': 0.9282}
{'epoch': 42, 'train_loss': 0.1116, 'train_acc': 0.9624}
{'epoch': 43, 'train_loss': 0.1405, 'train_acc': 0.9424}
{'epoch': 44, 'train_loss': 0.1674, 'train_acc': 0.9318}
{'epoch': 45, 'train_loss': 0.1672, 'train_acc': 0.9459}
{'epoch': 46, 'train_loss': 0.1163, 'train_acc': 0.9576}
{'epoch': 47, 'train_loss': 0.1084, 'train_acc': 0.9553}
{'epoch': 48, 'train_loss': 0.1205, 'train_acc': 0.9529}
{'epoch': 49, 'train_loss': 0.1256, 'train_acc': 0.9529}
{'epoch': 50, 'train_loss': 0.1285, 'train_acc': 0.9553}
{'epoch': 51, 'train_loss': 0.1029, 'train_acc': 0.9612}
{'epoch': 52, 'train_loss': 0.1353, 'train_acc': 0.9471}
{'epoch': 53, 'train_loss': 0.1196, 'train_acc': 0.9518}
{'epoch': 54, 'train_loss': 0.1732, 'train_acc': 0.9353}
{'epoch': 55, 'train_loss': 0.148, 'train_acc': 0.9471}
{'epoch': 56, 'train_loss': 0.1109, 'train_acc': 0.96}
{'epoch': 57, 'train_loss': 0.1094, 'train_acc': 0.9541}
{'epoch': 58, 'train_loss': 0.1289, 'train_acc': 0.9506}
{'epoch': 59, 'train_loss': 0.0966, 'train_acc': 0.9612}
{'epoch': 60, 'train_loss': 0.0803, 'train_acc': 0.9718}
{'epoch': 61, 'train_loss': 0.0716, 'train_acc': 0.9753}
{'epoch': 62, 'train_loss': 0.0718, 'train_acc': 0.9741}
{'epoch': 63, 'train_loss': 0.0629, 'train_acc': 0.9812}
{'epoch': 64, 'train_loss': 0.0914, 'train_acc': 0.9659}
{'epoch': 65, 'train_loss': 0.09, 'train_acc': 0.9659}
{'epoch': 66, 'train_loss': 0.0854, 'train_acc': 0.9659}
{'epoch': 67, 'train_loss': 0.0663, 'train_acc': 0.9765}
{'epoch': 68, 'train_loss': 0.1014, 'train_acc': 0.9565}
{'epoch': 69, 'train_loss': 0.0693, 'train_acc': 0.9706}
{'epoch': 70, 'train_loss': 0.0758, 'train_acc': 0.9753}
{'epoch': 71, 'train_loss': 0.088, 'train_acc': 0.9647}
{'epoch': 72, 'train_loss': 0.0614, 'train_acc': 0.9753}
{'epoch': 73, 'train_loss': 0.0764, 'train_acc': 0.9776}
{'epoch': 74, 'train_loss': 0.0613, 'train_acc': 0.9788}
{'epoch': 75, 'train_loss': 0.062, 'train_acc': 0.9812}
{'epoch': 76, 'train_loss': 0.0567, 'train_acc': 0.9859}
{'epoch': 77, 'train_loss': 0.0478, 'train_acc': 0.9847}
{'epoch': 78, 'train_loss': 0.0441, 'train_acc': 0.9894}
{'epoch': 79, 'train_loss': 0.0566, 'train_acc': 0.9776}
{'epoch': 80, 'train_loss': 0.0484, 'train_acc': 0.9824}
{'epoch': 81, 'train_loss': 0.0559, 'train_acc': 0.98}
{'epoch': 82, 'train_loss': 0.0715, 'train_acc': 0.9706}
{'epoch': 83, 'train_loss': 0.0528, 'train_acc': 0.9765}
{'epoch': 84, 'train_loss': 0.0612, 'train_acc': 0.9753}
{'epoch': 85, 'train_loss': 0.0608, 'train_acc': 0.9788}
{'epoch': 86, 'train_loss': 0.0546, 'train_acc': 0.9812}
{'epoch': 87, 'train_loss': 0.0583, 'train_acc': 0.9824}
{'epoch': 88, 'train_loss': 0.0538, 'train_acc': 0.9824}
{'epoch': 89, 'train_loss': 0.0456, 'train_acc': 0.9882}
{'epoch': 90, 'train_loss': 0.0584, 'train_acc': 0.9776}
{'epoch': 91, 'train_loss': 0.0572, 'train_acc': 0.9835}
{'epoch': 92, 'train_loss': 0.0488, 'train_acc': 0.9824}
{'epoch': 93, 'train_loss': 0.0494, 'train_acc': 0.9859}
{'epoch': 94, 'train_loss': 0.0475, 'train_acc': 0.98}
{'epoch': 95, 'train_loss': 0.0591, 'train_acc': 0.9812}
{'epoch': 96, 'train_loss': 0.0432, 'train_acc': 0.9871}
{'epoch': 97, 'train_loss': 0.0448, 'train_acc': 0.98}
{'epoch': 98, 'train_loss': 0.0483, 'train_acc': 0.9812}
{'epoch': 99, 'train_loss': 0.0299, 'train_acc': 0.9988}
{'epoch': 100, 'train_loss': 0.0455, 'train_acc': 0.9871}
{'run_num': 6, 'final_test_err': 0.12524999999999997}
Files already downloaded and verified
Files already downloaded and verified
{'epoch': 1, 'train_loss': 0.5991, 'train_acc': 0.7271}
{'epoch': 2, 'train_loss': 0.5105, 'train_acc': 0.7682}
{'epoch': 3, 'train_loss': 0.5487, 'train_acc': 0.7694}
{'epoch': 4, 'train_loss': 0.529, 'train_acc': 0.7871}
{'epoch': 5, 'train_loss': 0.4137, 'train_acc': 0.8365}
{'epoch': 6, 'train_loss': 0.3896, 'train_acc': 0.8353}
{'epoch': 7, 'train_loss': 0.3806, 'train_acc': 0.8482}
{'epoch': 8, 'train_loss': 0.3351, 'train_acc': 0.86}
{'epoch': 9, 'train_loss': 0.4822, 'train_acc': 0.8}
{'epoch': 10, 'train_loss': 0.4172, 'train_acc': 0.8424}
{'epoch': 11, 'train_loss': 0.344, 'train_acc': 0.8706}
{'epoch': 12, 'train_loss': 0.2825, 'train_acc': 0.8812}
{'epoch': 13, 'train_loss': 0.3204, 'train_acc': 0.8706}
{'epoch': 14, 'train_loss': 0.2883, 'train_acc': 0.8682}
{'epoch': 15, 'train_loss': 0.317, 'train_acc': 0.8706}
{'epoch': 16, 'train_loss': 0.3257, 'train_acc': 0.8612}
{'epoch': 17, 'train_loss': 0.3842, 'train_acc': 0.8494}
{'epoch': 18, 'train_loss': 0.2751, 'train_acc': 0.8941}
{'epoch': 19, 'train_loss': 0.3095, 'train_acc': 0.8741}
{'epoch': 20, 'train_loss': 0.2757, 'train_acc': 0.8871}
{'epoch': 21, 'train_loss': 0.3097, 'train_acc': 0.8682}
{'epoch': 22, 'train_loss': 0.3314, 'train_acc': 0.8718}
{'epoch': 23, 'train_loss': 0.284, 'train_acc': 0.8741}
{'epoch': 24, 'train_loss': 0.2456, 'train_acc': 0.9035}
{'epoch': 25, 'train_loss': 0.2658, 'train_acc': 0.8776}
{'epoch': 26, 'train_loss': 0.2181, 'train_acc': 0.9071}
{'epoch': 27, 'train_loss': 0.2166, 'train_acc': 0.9118}
{'epoch': 28, 'train_loss': 0.2112, 'train_acc': 0.9176}
{'epoch': 29, 'train_loss': 0.1792, 'train_acc': 0.9188}
{'epoch': 30, 'train_loss': 0.2381, 'train_acc': 0.9012}
{'epoch': 31, 'train_loss': 0.1469, 'train_acc': 0.9388}
{'epoch': 32, 'train_loss': 0.2142, 'train_acc': 0.9106}
{'epoch': 33, 'train_loss': 0.1858, 'train_acc': 0.9224}
{'epoch': 34, 'train_loss': 0.1973, 'train_acc': 0.9224}
{'epoch': 35, 'train_loss': 0.1691, 'train_acc': 0.9318}
{'epoch': 36, 'train_loss': 0.2307, 'train_acc': 0.9082}
{'epoch': 37, 'train_loss': 0.1802, 'train_acc': 0.9306}
{'epoch': 38, 'train_loss': 0.1974, 'train_acc': 0.9188}
{'epoch': 39, 'train_loss': 0.1659, 'train_acc': 0.9318}
{'epoch': 40, 'train_loss': 0.1521, 'train_acc': 0.9412}
{'epoch': 41, 'train_loss': 0.1434, 'train_acc': 0.9435}
{'epoch': 42, 'train_loss': 0.1555, 'train_acc': 0.94}
{'epoch': 43, 'train_loss': 0.139, 'train_acc': 0.94}
{'epoch': 44, 'train_loss': 0.1302, 'train_acc': 0.9482}
{'epoch': 45, 'train_loss': 0.1325, 'train_acc': 0.9471}
{'epoch': 46, 'train_loss': 0.1666, 'train_acc': 0.9341}
{'epoch': 47, 'train_loss': 0.1224, 'train_acc': 0.9518}
{'epoch': 48, 'train_loss': 0.134, 'train_acc': 0.9471}
{'epoch': 49, 'train_loss': 0.1051, 'train_acc': 0.9612}
{'epoch': 50, 'train_loss': 0.177, 'train_acc': 0.9294}
{'epoch': 51, 'train_loss': 0.1523, 'train_acc': 0.9435}
{'epoch': 52, 'train_loss': 0.129, 'train_acc': 0.9482}
{'epoch': 53, 'train_loss': 0.11, 'train_acc': 0.9565}
{'epoch': 54, 'train_loss': 0.115, 'train_acc': 0.9541}
{'epoch': 55, 'train_loss': 0.1247, 'train_acc': 0.9506}
{'epoch': 56, 'train_loss': 0.1321, 'train_acc': 0.94}
{'epoch': 57, 'train_loss': 0.1221, 'train_acc': 0.9565}
{'epoch': 58, 'train_loss': 0.0939, 'train_acc': 0.9659}
{'epoch': 59, 'train_loss': 0.0951, 'train_acc': 0.9635}
{'epoch': 60, 'train_loss': 0.1048, 'train_acc': 0.9647}
{'epoch': 61, 'train_loss': 0.0862, 'train_acc': 0.9682}
{'epoch': 62, 'train_loss': 0.092, 'train_acc': 0.9647}
{'epoch': 63, 'train_loss': 0.0903, 'train_acc': 0.9671}
{'epoch': 64, 'train_loss': 0.0702, 'train_acc': 0.9753}
{'epoch': 65, 'train_loss': 0.0806, 'train_acc': 0.9729}
{'epoch': 66, 'train_loss': 0.0666, 'train_acc': 0.9788}
{'epoch': 67, 'train_loss': 0.1154, 'train_acc': 0.9494}
{'epoch': 68, 'train_loss': 0.0977, 'train_acc': 0.9671}
{'epoch': 69, 'train_loss': 0.062, 'train_acc': 0.9753}
{'epoch': 70, 'train_loss': 0.0899, 'train_acc': 0.9694}
{'epoch': 71, 'train_loss': 0.0693, 'train_acc': 0.9765}
{'epoch': 72, 'train_loss': 0.0532, 'train_acc': 0.9847}
{'epoch': 73, 'train_loss': 0.0782, 'train_acc': 0.9659}
{'epoch': 74, 'train_loss': 0.0751, 'train_acc': 0.9659}
{'epoch': 75, 'train_loss': 0.0598, 'train_acc': 0.9812}
{'epoch': 76, 'train_loss': 0.0579, 'train_acc': 0.9824}
{'epoch': 77, 'train_loss': 0.0761, 'train_acc': 0.9694}
{'epoch': 78, 'train_loss': 0.0681, 'train_acc': 0.9671}
{'epoch': 79, 'train_loss': 0.0558, 'train_acc': 0.9776}
{'epoch': 80, 'train_loss': 0.0709, 'train_acc': 0.9765}
{'epoch': 81, 'train_loss': 0.0633, 'train_acc': 0.98}
{'epoch': 82, 'train_loss': 0.0759, 'train_acc': 0.9753}
{'epoch': 83, 'train_loss': 0.0624, 'train_acc': 0.9729}
{'epoch': 84, 'train_loss': 0.0474, 'train_acc': 0.9859}
{'epoch': 85, 'train_loss': 0.0504, 'train_acc': 0.9835}
{'epoch': 86, 'train_loss': 0.0436, 'train_acc': 0.9847}
{'epoch': 87, 'train_loss': 0.0472, 'train_acc': 0.9835}
{'epoch': 88, 'train_loss': 0.0478, 'train_acc': 0.9847}
{'epoch': 89, 'train_loss': 0.0561, 'train_acc': 0.9847}
{'epoch': 90, 'train_loss': 0.0576, 'train_acc': 0.9847}
{'epoch': 91, 'train_loss': 0.0551, 'train_acc': 0.9812}
{'epoch': 92, 'train_loss': 0.042, 'train_acc': 0.9882}
{'epoch': 93, 'train_loss': 0.0469, 'train_acc': 0.9835}
{'epoch': 94, 'train_loss': 0.0578, 'train_acc': 0.98}
{'epoch': 95, 'train_loss': 0.053, 'train_acc': 0.9835}
{'epoch': 96, 'train_loss': 0.0522, 'train_acc': 0.9835}
{'epoch': 97, 'train_loss': 0.0574, 'train_acc': 0.9776}
{'epoch': 98, 'train_loss': 0.0445, 'train_acc': 0.9871}
{'epoch': 99, 'train_loss': 0.0559, 'train_acc': 0.9812}
{'epoch': 100, 'train_loss': 0.0454, 'train_acc': 0.9859}
{'run_num': 7, 'final_test_err': 0.12350000000000005}
Files already downloaded and verified
Files already downloaded and verified
{'epoch': 1, 'train_loss': 0.6304, 'train_acc': 0.7071}
{'epoch': 2, 'train_loss': 0.5372, 'train_acc': 0.7812}
{'epoch': 3, 'train_loss': 0.4785, 'train_acc': 0.7824}
{'epoch': 4, 'train_loss': 0.4934, 'train_acc': 0.7871}
{'epoch': 5, 'train_loss': 0.4537, 'train_acc': 0.8047}
{'epoch': 6, 'train_loss': 0.4268, 'train_acc': 0.8153}
{'epoch': 7, 'train_loss': 0.4101, 'train_acc': 0.8188}
{'epoch': 8, 'train_loss': 0.4156, 'train_acc': 0.8329}
{'epoch': 9, 'train_loss': 0.429, 'train_acc': 0.8259}
{'epoch': 10, 'train_loss': 0.4016, 'train_acc': 0.8341}
{'epoch': 11, 'train_loss': 0.3728, 'train_acc': 0.8529}
{'epoch': 12, 'train_loss': 0.3181, 'train_acc': 0.8588}
{'epoch': 13, 'train_loss': 0.2933, 'train_acc': 0.8706}
{'epoch': 14, 'train_loss': 0.3164, 'train_acc': 0.8706}
{'epoch': 15, 'train_loss': 0.3071, 'train_acc': 0.8729}
{'epoch': 16, 'train_loss': 0.2965, 'train_acc': 0.8812}
{'epoch': 17, 'train_loss': 0.3016, 'train_acc': 0.8788}
{'epoch': 18, 'train_loss': 0.2736, 'train_acc': 0.8871}
{'epoch': 19, 'train_loss': 0.2695, 'train_acc': 0.8941}
{'epoch': 20, 'train_loss': 0.2541, 'train_acc': 0.8847}
{'epoch': 21, 'train_loss': 0.2819, 'train_acc': 0.8812}
{'epoch': 22, 'train_loss': 0.2528, 'train_acc': 0.8882}
{'epoch': 23, 'train_loss': 0.2759, 'train_acc': 0.8812}
{'epoch': 24, 'train_loss': 0.2355, 'train_acc': 0.9082}
{'epoch': 25, 'train_loss': 0.2338, 'train_acc': 0.9212}
{'epoch': 26, 'train_loss': 0.186, 'train_acc': 0.9235}
{'epoch': 27, 'train_loss': 0.2147, 'train_acc': 0.9141}
{'epoch': 28, 'train_loss': 0.2483, 'train_acc': 0.9059}
{'epoch': 29, 'train_loss': 0.2246, 'train_acc': 0.9071}
{'epoch': 30, 'train_loss': 0.2109, 'train_acc': 0.9176}
{'epoch': 31, 'train_loss': 0.2516, 'train_acc': 0.8929}
{'epoch': 32, 'train_loss': 0.1955, 'train_acc': 0.9129}
{'epoch': 33, 'train_loss': 0.189, 'train_acc': 0.9247}
{'epoch': 34, 'train_loss': 0.1707, 'train_acc': 0.9282}
{'epoch': 35, 'train_loss': 0.1728, 'train_acc': 0.9306}
{'epoch': 36, 'train_loss': 0.1792, 'train_acc': 0.9259}
{'epoch': 37, 'train_loss': 0.156, 'train_acc': 0.9424}
{'epoch': 38, 'train_loss': 0.1723, 'train_acc': 0.9365}
{'epoch': 39, 'train_loss': 0.1784, 'train_acc': 0.9294}
{'epoch': 40, 'train_loss': 0.1714, 'train_acc': 0.9365}
{'epoch': 41, 'train_loss': 0.1519, 'train_acc': 0.9412}
{'epoch': 42, 'train_loss': 0.1185, 'train_acc': 0.9576}
{'epoch': 43, 'train_loss': 0.1286, 'train_acc': 0.9518}
{'epoch': 44, 'train_loss': 0.1348, 'train_acc': 0.9459}
{'epoch': 45, 'train_loss': 0.1926, 'train_acc': 0.9341}
{'epoch': 46, 'train_loss': 0.141, 'train_acc': 0.9435}
{'epoch': 47, 'train_loss': 0.1181, 'train_acc': 0.9494}
{'epoch': 48, 'train_loss': 0.1062, 'train_acc': 0.9624}
{'epoch': 49, 'train_loss': 0.126, 'train_acc': 0.9412}
{'epoch': 50, 'train_loss': 0.1241, 'train_acc': 0.9553}
{'epoch': 51, 'train_loss': 0.1487, 'train_acc': 0.9459}
{'epoch': 52, 'train_loss': 0.1684, 'train_acc': 0.9318}
{'epoch': 53, 'train_loss': 0.1147, 'train_acc': 0.9565}
{'epoch': 54, 'train_loss': 0.1211, 'train_acc': 0.9565}
{'epoch': 55, 'train_loss': 0.1061, 'train_acc': 0.9624}
{'epoch': 56, 'train_loss': 0.1192, 'train_acc': 0.9529}
{'epoch': 57, 'train_loss': 0.1244, 'train_acc': 0.9482}
{'epoch': 58, 'train_loss': 0.0846, 'train_acc': 0.9718}
{'epoch': 59, 'train_loss': 0.0974, 'train_acc': 0.9612}
{'epoch': 60, 'train_loss': 0.0981, 'train_acc': 0.9541}
{'epoch': 61, 'train_loss': 0.0842, 'train_acc': 0.9694}
{'epoch': 62, 'train_loss': 0.1048, 'train_acc': 0.9647}
{'epoch': 63, 'train_loss': 0.1407, 'train_acc': 0.9365}
{'epoch': 64, 'train_loss': 0.0837, 'train_acc': 0.9694}
{'epoch': 65, 'train_loss': 0.0935, 'train_acc': 0.9671}
{'epoch': 66, 'train_loss': 0.1065, 'train_acc': 0.9624}
{'epoch': 67, 'train_loss': 0.0924, 'train_acc': 0.9671}
{'epoch': 68, 'train_loss': 0.11, 'train_acc': 0.9565}
{'epoch': 69, 'train_loss': 0.0813, 'train_acc': 0.9741}
{'epoch': 70, 'train_loss': 0.1063, 'train_acc': 0.9635}
{'epoch': 71, 'train_loss': 0.0791, 'train_acc': 0.9694}
{'epoch': 72, 'train_loss': 0.0729, 'train_acc': 0.9729}
{'epoch': 73, 'train_loss': 0.0823, 'train_acc': 0.9765}
{'epoch': 74, 'train_loss': 0.0706, 'train_acc': 0.9753}
{'epoch': 75, 'train_loss': 0.0772, 'train_acc': 0.9718}
{'epoch': 76, 'train_loss': 0.064, 'train_acc': 0.9812}
{'epoch': 77, 'train_loss': 0.0628, 'train_acc': 0.9729}
{'epoch': 78, 'train_loss': 0.0626, 'train_acc': 0.9765}
{'epoch': 79, 'train_loss': 0.0819, 'train_acc': 0.9682}
{'epoch': 80, 'train_loss': 0.0637, 'train_acc': 0.9824}
{'epoch': 81, 'train_loss': 0.0656, 'train_acc': 0.9765}
{'epoch': 82, 'train_loss': 0.0665, 'train_acc': 0.9753}
{'epoch': 83, 'train_loss': 0.054, 'train_acc': 0.9824}
{'epoch': 84, 'train_loss': 0.0472, 'train_acc': 0.9859}
{'epoch': 85, 'train_loss': 0.0561, 'train_acc': 0.9824}
{'epoch': 86, 'train_loss': 0.0632, 'train_acc': 0.9812}
{'epoch': 87, 'train_loss': 0.0472, 'train_acc': 0.9847}
{'epoch': 88, 'train_loss': 0.0543, 'train_acc': 0.9847}
{'epoch': 89, 'train_loss': 0.05, 'train_acc': 0.9847}
{'epoch': 90, 'train_loss': 0.0717, 'train_acc': 0.9788}
{'epoch': 91, 'train_loss': 0.0662, 'train_acc': 0.9765}
{'epoch': 92, 'train_loss': 0.0626, 'train_acc': 0.9765}
{'epoch': 93, 'train_loss': 0.0521, 'train_acc': 0.9812}
{'epoch': 94, 'train_loss': 0.0738, 'train_acc': 0.9706}
{'epoch': 95, 'train_loss': 0.0482, 'train_acc': 0.9859}
{'epoch': 96, 'train_loss': 0.0598, 'train_acc': 0.9788}
{'epoch': 97, 'train_loss': 0.0582, 'train_acc': 0.9788}
{'epoch': 98, 'train_loss': 0.0573, 'train_acc': 0.9812}
{'epoch': 99, 'train_loss': 0.0608, 'train_acc': 0.9765}
{'epoch': 100, 'train_loss': 0.0411, 'train_acc': 0.9871}
{'run_num': 8, 'final_test_err': 0.12424999999999997}
Files already downloaded and verified
Files already downloaded and verified
{'epoch': 1, 'train_loss': 0.6383, 'train_acc': 0.6976}
{'epoch': 2, 'train_loss': 0.5041, 'train_acc': 0.7776}
{'epoch': 3, 'train_loss': 0.4453, 'train_acc': 0.8071}
{'epoch': 4, 'train_loss': 0.5309, 'train_acc': 0.7953}
{'epoch': 5, 'train_loss': 0.4985, 'train_acc': 0.7988}
{'epoch': 6, 'train_loss': 0.3741, 'train_acc': 0.8471}
{'epoch': 7, 'train_loss': 0.3966, 'train_acc': 0.8388}
{'epoch': 8, 'train_loss': 0.3679, 'train_acc': 0.8447}
{'epoch': 9, 'train_loss': 0.3378, 'train_acc': 0.8576}
{'epoch': 10, 'train_loss': 0.4217, 'train_acc': 0.8294}
{'epoch': 11, 'train_loss': 0.2957, 'train_acc': 0.8776}
{'epoch': 12, 'train_loss': 0.3221, 'train_acc': 0.8776}
{'epoch': 13, 'train_loss': 0.2864, 'train_acc': 0.8847}
{'epoch': 14, 'train_loss': 0.2711, 'train_acc': 0.8824}
{'epoch': 15, 'train_loss': 0.3435, 'train_acc': 0.8529}
{'epoch': 16, 'train_loss': 0.3001, 'train_acc': 0.8647}
{'epoch': 17, 'train_loss': 0.2944, 'train_acc': 0.8871}
{'epoch': 18, 'train_loss': 0.3199, 'train_acc': 0.8635}
{'epoch': 19, 'train_loss': 0.3267, 'train_acc': 0.8671}
{'epoch': 20, 'train_loss': 0.2948, 'train_acc': 0.8741}
{'epoch': 21, 'train_loss': 0.2279, 'train_acc': 0.9094}
{'epoch': 22, 'train_loss': 0.3176, 'train_acc': 0.8918}
{'epoch': 23, 'train_loss': 0.2586, 'train_acc': 0.8988}
{'epoch': 24, 'train_loss': 0.2237, 'train_acc': 0.9059}
{'epoch': 25, 'train_loss': 0.214, 'train_acc': 0.9129}
{'epoch': 26, 'train_loss': 0.2405, 'train_acc': 0.8965}
{'epoch': 27, 'train_loss': 0.1823, 'train_acc': 0.9271}
{'epoch': 28, 'train_loss': 0.2721, 'train_acc': 0.8953}
{'epoch': 29, 'train_loss': 0.1931, 'train_acc': 0.9188}
{'epoch': 30, 'train_loss': 0.2135, 'train_acc': 0.9235}
{'epoch': 31, 'train_loss': 0.2567, 'train_acc': 0.8953}
{'epoch': 32, 'train_loss': 0.2962, 'train_acc': 0.8753}
{'epoch': 33, 'train_loss': 0.212, 'train_acc': 0.9118}
{'epoch': 34, 'train_loss': 0.205, 'train_acc': 0.9188}
{'epoch': 35, 'train_loss': 0.1769, 'train_acc': 0.9259}
{'epoch': 36, 'train_loss': 0.2339, 'train_acc': 0.9047}
{'epoch': 37, 'train_loss': 0.2086, 'train_acc': 0.9176}
{'epoch': 38, 'train_loss': 0.1956, 'train_acc': 0.9271}
{'epoch': 39, 'train_loss': 0.1503, 'train_acc': 0.9424}
{'epoch': 40, 'train_loss': 0.1837, 'train_acc': 0.9212}
{'epoch': 41, 'train_loss': 0.1503, 'train_acc': 0.9306}
{'epoch': 42, 'train_loss': 0.1711, 'train_acc': 0.9329}
{'epoch': 43, 'train_loss': 0.133, 'train_acc': 0.9447}
{'epoch': 44, 'train_loss': 0.1374, 'train_acc': 0.9494}
{'epoch': 45, 'train_loss': 0.1687, 'train_acc': 0.9435}
{'epoch': 46, 'train_loss': 0.1372, 'train_acc': 0.9412}
{'epoch': 47, 'train_loss': 0.1562, 'train_acc': 0.9365}
{'epoch': 48, 'train_loss': 0.1728, 'train_acc': 0.9318}
{'epoch': 49, 'train_loss': 0.1154, 'train_acc': 0.9471}
{'epoch': 50, 'train_loss': 0.1437, 'train_acc': 0.9424}
{'epoch': 51, 'train_loss': 0.1441, 'train_acc': 0.9494}
{'epoch': 52, 'train_loss': 0.127, 'train_acc': 0.9494}
{'epoch': 53, 'train_loss': 0.1332, 'train_acc': 0.9459}
{'epoch': 54, 'train_loss': 0.1295, 'train_acc': 0.9447}
{'epoch': 55, 'train_loss': 0.0929, 'train_acc': 0.9624}
{'epoch': 56, 'train_loss': 0.0998, 'train_acc': 0.9588}
{'epoch': 57, 'train_loss': 0.1294, 'train_acc': 0.9459}
{'epoch': 58, 'train_loss': 0.1116, 'train_acc': 0.9588}
{'epoch': 59, 'train_loss': 0.1398, 'train_acc': 0.9459}
{'epoch': 60, 'train_loss': 0.0861, 'train_acc': 0.9765}
{'epoch': 61, 'train_loss': 0.0952, 'train_acc': 0.9647}
{'epoch': 62, 'train_loss': 0.1004, 'train_acc': 0.9612}
{'epoch': 63, 'train_loss': 0.0927, 'train_acc': 0.96}
{'epoch': 64, 'train_loss': 0.1044, 'train_acc': 0.9529}
{'epoch': 65, 'train_loss': 0.0745, 'train_acc': 0.9765}
{'epoch': 66, 'train_loss': 0.0822, 'train_acc': 0.9718}
{'epoch': 67, 'train_loss': 0.083, 'train_acc': 0.9694}
{'epoch': 68, 'train_loss': 0.0957, 'train_acc': 0.9635}
{'epoch': 69, 'train_loss': 0.0796, 'train_acc': 0.9753}
{'epoch': 70, 'train_loss': 0.0674, 'train_acc': 0.9765}
{'epoch': 71, 'train_loss': 0.0882, 'train_acc': 0.9612}
{'epoch': 72, 'train_loss': 0.0658, 'train_acc': 0.9788}
{'epoch': 73, 'train_loss': 0.0811, 'train_acc': 0.9635}
{'epoch': 74, 'train_loss': 0.0902, 'train_acc': 0.9671}
{'epoch': 75, 'train_loss': 0.057, 'train_acc': 0.9812}
{'epoch': 76, 'train_loss': 0.0497, 'train_acc': 0.9894}
{'epoch': 77, 'train_loss': 0.0752, 'train_acc': 0.9765}
{'epoch': 78, 'train_loss': 0.0685, 'train_acc': 0.9729}
{'epoch': 79, 'train_loss': 0.0582, 'train_acc': 0.9847}
{'epoch': 80, 'train_loss': 0.0579, 'train_acc': 0.9859}
{'epoch': 81, 'train_loss': 0.0669, 'train_acc': 0.9741}
{'epoch': 82, 'train_loss': 0.0494, 'train_acc': 0.9824}
{'epoch': 83, 'train_loss': 0.0781, 'train_acc': 0.9671}
{'epoch': 84, 'train_loss': 0.0614, 'train_acc': 0.9835}
{'epoch': 85, 'train_loss': 0.0596, 'train_acc': 0.9741}
{'epoch': 86, 'train_loss': 0.0598, 'train_acc': 0.9776}
{'epoch': 87, 'train_loss': 0.0508, 'train_acc': 0.9859}
{'epoch': 88, 'train_loss': 0.0563, 'train_acc': 0.9776}
{'epoch': 89, 'train_loss': 0.0505, 'train_acc': 0.9871}
{'epoch': 90, 'train_loss': 0.0485, 'train_acc': 0.9894}
{'epoch': 91, 'train_loss': 0.0561, 'train_acc': 0.9859}
{'epoch': 92, 'train_loss': 0.0563, 'train_acc': 0.9812}
{'epoch': 93, 'train_loss': 0.0606, 'train_acc': 0.98}
{'epoch': 94, 'train_loss': 0.0548, 'train_acc': 0.9812}
{'epoch': 95, 'train_loss': 0.0488, 'train_acc': 0.9824}
{'epoch': 96, 'train_loss': 0.0411, 'train_acc': 0.9894}
{'epoch': 97, 'train_loss': 0.0534, 'train_acc': 0.98}
{'epoch': 98, 'train_loss': 0.0481, 'train_acc': 0.9847}
{'epoch': 99, 'train_loss': 0.06, 'train_acc': 0.9753}
{'epoch': 100, 'train_loss': 0.048, 'train_acc': 0.9812}
{'run_num': 9, 'final_test_err': 0.11699999999999999}
{'avg_err': 0.1223, 'std_err': 0.0055}
