{'deploy': True, 'tag': '01_prelim_v2/lr', 'seed': 10, 'device': 'cuda:0', 'reps': 10, 'loss': {'alpha': 0.5, 'tune_alpha': False, 'group_task_loss': True}, 'task': {'dataset': 'split_cifar10', 'task_map': [[0, 1], [2, 3], [4, 5], [6, 7], [8, 9]], 'target': 0, 'ood': [4], 'augment': True, 'n': 50, 'm_n': 0, 'beta': 0.5, 'custom_sampler': True}, 'hp': {'epochs': 100, 'bs': 16, 'lr': 0.1}, 'net': 'conv'}
Files already downloaded and verified
Files already downloaded and verified
{'epoch': 1, 'train_loss': 2.1063, 'train_acc': 0.48, 'task_loss': (2.1063, 0.0)}
{'epoch': 2, 'train_loss': 0.6016, 'train_acc': 0.72, 'task_loss': (0.6016, 0.0)}
{'epoch': 3, 'train_loss': 0.3932, 'train_acc': 0.71, 'task_loss': (0.3932, 0.0)}
{'epoch': 4, 'train_loss': 0.6794, 'train_acc': 0.75, 'task_loss': (0.6794, 0.0)}
{'epoch': 5, 'train_loss': 0.4914, 'train_acc': 0.68, 'task_loss': (0.4914, 0.0)}
{'epoch': 6, 'train_loss': 0.4008, 'train_acc': 0.78, 'task_loss': (0.4008, 0.0)}
{'epoch': 7, 'train_loss': 0.3051, 'train_acc': 0.77, 'task_loss': (0.3051, 0.0)}
{'epoch': 8, 'train_loss': 0.2409, 'train_acc': 0.8, 'task_loss': (0.2409, 0.0)}
{'epoch': 9, 'train_loss': 0.3054, 'train_acc': 0.77, 'task_loss': (0.3054, 0.0)}
{'epoch': 10, 'train_loss': 0.2425, 'train_acc': 0.76, 'task_loss': (0.2425, 0.0)}
{'epoch': 11, 'train_loss': 0.2445, 'train_acc': 0.79, 'task_loss': (0.2445, 0.0)}
{'epoch': 12, 'train_loss': 0.1919, 'train_acc': 0.8, 'task_loss': (0.1919, 0.0)}
{'epoch': 13, 'train_loss': 0.167, 'train_acc': 0.88, 'task_loss': (0.167, 0.0)}
{'epoch': 14, 'train_loss': 0.1545, 'train_acc': 0.87, 'task_loss': (0.1545, 0.0)}
{'epoch': 15, 'train_loss': 0.1784, 'train_acc': 0.82, 'task_loss': (0.1784, 0.0)}
{'epoch': 16, 'train_loss': 0.1758, 'train_acc': 0.86, 'task_loss': (0.1758, 0.0)}
{'epoch': 17, 'train_loss': 0.2059, 'train_acc': 0.85, 'task_loss': (0.2059, 0.0)}
{'epoch': 18, 'train_loss': 0.2246, 'train_acc': 0.81, 'task_loss': (0.2246, 0.0)}
{'epoch': 19, 'train_loss': 0.2137, 'train_acc': 0.82, 'task_loss': (0.2137, 0.0)}
{'epoch': 20, 'train_loss': 0.1846, 'train_acc': 0.85, 'task_loss': (0.1846, 0.0)}
{'epoch': 21, 'train_loss': 0.12, 'train_acc': 0.91, 'task_loss': (0.12, 0.0)}
{'epoch': 22, 'train_loss': 0.129, 'train_acc': 0.89, 'task_loss': (0.129, 0.0)}
{'epoch': 23, 'train_loss': 0.1511, 'train_acc': 0.86, 'task_loss': (0.1511, 0.0)}
{'epoch': 24, 'train_loss': 0.1804, 'train_acc': 0.87, 'task_loss': (0.1804, 0.0)}
{'epoch': 25, 'train_loss': 0.1688, 'train_acc': 0.87, 'task_loss': (0.1688, 0.0)}
{'epoch': 26, 'train_loss': 0.1307, 'train_acc': 0.91, 'task_loss': (0.1307, 0.0)}
{'epoch': 27, 'train_loss': 0.1207, 'train_acc': 0.87, 'task_loss': (0.1207, 0.0)}
{'epoch': 28, 'train_loss': 0.1212, 'train_acc': 0.9, 'task_loss': (0.1212, 0.0)}
{'epoch': 29, 'train_loss': 0.1329, 'train_acc': 0.91, 'task_loss': (0.1329, 0.0)}
{'epoch': 30, 'train_loss': 0.1141, 'train_acc': 0.91, 'task_loss': (0.1141, 0.0)}
{'epoch': 31, 'train_loss': 0.096, 'train_acc': 0.9, 'task_loss': (0.096, 0.0)}
{'epoch': 32, 'train_loss': 0.0611, 'train_acc': 0.93, 'task_loss': (0.0611, 0.0)}
{'epoch': 33, 'train_loss': 0.108, 'train_acc': 0.94, 'task_loss': (0.108, 0.0)}
{'epoch': 34, 'train_loss': 0.0744, 'train_acc': 0.91, 'task_loss': (0.0744, 0.0)}
{'epoch': 35, 'train_loss': 0.0644, 'train_acc': 0.97, 'task_loss': (0.0644, 0.0)}
{'epoch': 36, 'train_loss': 0.1059, 'train_acc': 0.9, 'task_loss': (0.1059, 0.0)}
{'epoch': 37, 'train_loss': 0.2225, 'train_acc': 0.79, 'task_loss': (0.2225, 0.0)}
{'epoch': 38, 'train_loss': 0.1153, 'train_acc': 0.9, 'task_loss': (0.1153, 0.0)}
{'epoch': 39, 'train_loss': 0.1121, 'train_acc': 0.9, 'task_loss': (0.1121, 0.0)}
{'epoch': 40, 'train_loss': 0.0825, 'train_acc': 0.95, 'task_loss': (0.0825, 0.0)}
{'epoch': 41, 'train_loss': 0.0795, 'train_acc': 0.94, 'task_loss': (0.0795, 0.0)}
{'epoch': 42, 'train_loss': 0.081, 'train_acc': 0.94, 'task_loss': (0.081, 0.0)}
{'epoch': 43, 'train_loss': 0.0643, 'train_acc': 0.95, 'task_loss': (0.0643, 0.0)}
{'epoch': 44, 'train_loss': 0.0664, 'train_acc': 0.96, 'task_loss': (0.0664, 0.0)}
{'epoch': 45, 'train_loss': 0.0554, 'train_acc': 0.97, 'task_loss': (0.0554, 0.0)}
{'epoch': 46, 'train_loss': 0.0398, 'train_acc': 0.97, 'task_loss': (0.0398, 0.0)}
{'epoch': 47, 'train_loss': 0.0681, 'train_acc': 0.95, 'task_loss': (0.0681, 0.0)}
{'epoch': 48, 'train_loss': 0.0513, 'train_acc': 0.98, 'task_loss': (0.0513, 0.0)}
{'epoch': 49, 'train_loss': 0.0466, 'train_acc': 0.97, 'task_loss': (0.0466, 0.0)}
{'epoch': 50, 'train_loss': 0.0493, 'train_acc': 0.96, 'task_loss': (0.0493, 0.0)}
{'epoch': 51, 'train_loss': 0.0345, 'train_acc': 0.99, 'task_loss': (0.0345, 0.0)}
{'epoch': 52, 'train_loss': 0.0215, 'train_acc': 1.0, 'task_loss': (0.0215, 0.0)}
{'epoch': 53, 'train_loss': 0.046, 'train_acc': 0.96, 'task_loss': (0.046, 0.0)}
{'epoch': 54, 'train_loss': 0.0354, 'train_acc': 0.98, 'task_loss': (0.0354, 0.0)}
{'epoch': 55, 'train_loss': 0.0285, 'train_acc': 0.99, 'task_loss': (0.0285, 0.0)}
{'epoch': 56, 'train_loss': 0.03, 'train_acc': 0.98, 'task_loss': (0.03, 0.0)}
{'epoch': 57, 'train_loss': 0.0403, 'train_acc': 0.98, 'task_loss': (0.0403, 0.0)}
{'epoch': 58, 'train_loss': 0.0661, 'train_acc': 0.97, 'task_loss': (0.0661, 0.0)}
{'epoch': 59, 'train_loss': 0.0424, 'train_acc': 0.97, 'task_loss': (0.0424, 0.0)}
{'epoch': 60, 'train_loss': 0.0488, 'train_acc': 0.96, 'task_loss': (0.0488, 0.0)}
{'epoch': 61, 'train_loss': 0.0472, 'train_acc': 0.96, 'task_loss': (0.0472, 0.0)}
{'epoch': 62, 'train_loss': 0.017, 'train_acc': 1.0, 'task_loss': (0.017, 0.0)}
{'epoch': 63, 'train_loss': 0.0428, 'train_acc': 0.96, 'task_loss': (0.0428, 0.0)}
{'epoch': 64, 'train_loss': 0.0467, 'train_acc': 0.98, 'task_loss': (0.0467, 0.0)}
{'epoch': 65, 'train_loss': 0.0406, 'train_acc': 0.97, 'task_loss': (0.0406, 0.0)}
{'epoch': 66, 'train_loss': 0.0934, 'train_acc': 0.93, 'task_loss': (0.0934, 0.0)}
{'epoch': 67, 'train_loss': 0.0439, 'train_acc': 0.97, 'task_loss': (0.0439, 0.0)}
{'epoch': 68, 'train_loss': 0.0727, 'train_acc': 0.95, 'task_loss': (0.0727, 0.0)}
{'epoch': 69, 'train_loss': 0.0437, 'train_acc': 0.96, 'task_loss': (0.0437, 0.0)}
{'epoch': 70, 'train_loss': 0.0546, 'train_acc': 0.95, 'task_loss': (0.0546, 0.0)}
{'epoch': 71, 'train_loss': 0.0457, 'train_acc': 0.97, 'task_loss': (0.0457, 0.0)}
{'epoch': 72, 'train_loss': 0.0482, 'train_acc': 0.96, 'task_loss': (0.0482, 0.0)}
{'epoch': 73, 'train_loss': 0.0361, 'train_acc': 0.98, 'task_loss': (0.0361, 0.0)}
{'epoch': 74, 'train_loss': 0.0553, 'train_acc': 0.95, 'task_loss': (0.0553, 0.0)}
{'epoch': 75, 'train_loss': 0.0376, 'train_acc': 0.97, 'task_loss': (0.0376, 0.0)}
{'epoch': 76, 'train_loss': 0.025, 'train_acc': 0.98, 'task_loss': (0.025, 0.0)}
{'epoch': 77, 'train_loss': 0.023, 'train_acc': 0.99, 'task_loss': (0.023, 0.0)}
{'epoch': 78, 'train_loss': 0.0329, 'train_acc': 0.99, 'task_loss': (0.0329, 0.0)}
{'epoch': 79, 'train_loss': 0.03, 'train_acc': 0.99, 'task_loss': (0.03, 0.0)}
{'epoch': 80, 'train_loss': 0.0162, 'train_acc': 1.0, 'task_loss': (0.0162, 0.0)}
{'epoch': 81, 'train_loss': 0.0151, 'train_acc': 0.99, 'task_loss': (0.0151, 0.0)}
{'epoch': 82, 'train_loss': 0.0395, 'train_acc': 0.97, 'task_loss': (0.0395, 0.0)}
{'epoch': 83, 'train_loss': 0.0257, 'train_acc': 0.99, 'task_loss': (0.0257, 0.0)}
{'epoch': 84, 'train_loss': 0.0148, 'train_acc': 1.0, 'task_loss': (0.0148, 0.0)}
{'epoch': 85, 'train_loss': 0.0124, 'train_acc': 1.0, 'task_loss': (0.0124, 0.0)}
{'epoch': 86, 'train_loss': 0.0202, 'train_acc': 1.0, 'task_loss': (0.0202, 0.0)}
{'epoch': 87, 'train_loss': 0.0412, 'train_acc': 0.98, 'task_loss': (0.0412, 0.0)}
{'epoch': 88, 'train_loss': 0.0148, 'train_acc': 0.99, 'task_loss': (0.0148, 0.0)}
{'epoch': 89, 'train_loss': 0.0316, 'train_acc': 0.98, 'task_loss': (0.0316, 0.0)}
{'epoch': 90, 'train_loss': 0.018, 'train_acc': 1.0, 'task_loss': (0.018, 0.0)}
{'epoch': 91, 'train_loss': 0.0253, 'train_acc': 0.99, 'task_loss': (0.0253, 0.0)}
{'epoch': 92, 'train_loss': 0.0354, 'train_acc': 0.98, 'task_loss': (0.0354, 0.0)}
{'epoch': 93, 'train_loss': 0.0277, 'train_acc': 0.98, 'task_loss': (0.0277, 0.0)}
{'epoch': 94, 'train_loss': 0.0106, 'train_acc': 1.0, 'task_loss': (0.0106, 0.0)}
{'epoch': 95, 'train_loss': 0.0123, 'train_acc': 1.0, 'task_loss': (0.0123, 0.0)}
{'epoch': 96, 'train_loss': 0.027, 'train_acc': 0.98, 'task_loss': (0.027, 0.0)}
{'epoch': 97, 'train_loss': 0.0499, 'train_acc': 0.95, 'task_loss': (0.0499, 0.0)}
{'epoch': 98, 'train_loss': 0.0115, 'train_acc': 1.0, 'task_loss': (0.0115, 0.0)}
{'epoch': 99, 'train_loss': 0.0124, 'train_acc': 1.0, 'task_loss': (0.0124, 0.0)}
{'epoch': 100, 'train_loss': 0.0196, 'train_acc': 0.99, 'task_loss': (0.0196, 0.0)}
{'run_num': 0, 'final_test_err': 0.16649999999999998}
Files already downloaded and verified
Files already downloaded and verified
{'epoch': 1, 'train_loss': 1.6679, 'train_acc': 0.53, 'task_loss': (1.6679, 0.0)}
{'epoch': 2, 'train_loss': 0.7609, 'train_acc': 0.67, 'task_loss': (0.7609, 0.0)}
{'epoch': 3, 'train_loss': 0.7539, 'train_acc': 0.64, 'task_loss': (0.7539, 0.0)}
{'epoch': 4, 'train_loss': 0.7577, 'train_acc': 0.64, 'task_loss': (0.7577, 0.0)}
{'epoch': 5, 'train_loss': 0.5954, 'train_acc': 0.67, 'task_loss': (0.5954, 0.0)}
{'epoch': 6, 'train_loss': 0.55, 'train_acc': 0.68, 'task_loss': (0.55, 0.0)}
{'epoch': 7, 'train_loss': 0.4071, 'train_acc': 0.67, 'task_loss': (0.4071, 0.0)}
{'epoch': 8, 'train_loss': 0.3368, 'train_acc': 0.75, 'task_loss': (0.3368, 0.0)}
{'epoch': 9, 'train_loss': 0.2906, 'train_acc': 0.79, 'task_loss': (0.2906, 0.0)}
{'epoch': 10, 'train_loss': 0.1884, 'train_acc': 0.83, 'task_loss': (0.1884, 0.0)}
{'epoch': 11, 'train_loss': 0.231, 'train_acc': 0.8, 'task_loss': (0.231, 0.0)}
{'epoch': 12, 'train_loss': 0.1864, 'train_acc': 0.84, 'task_loss': (0.1864, 0.0)}
{'epoch': 13, 'train_loss': 0.2208, 'train_acc': 0.83, 'task_loss': (0.2208, 0.0)}
{'epoch': 14, 'train_loss': 0.2017, 'train_acc': 0.82, 'task_loss': (0.2017, 0.0)}
{'epoch': 15, 'train_loss': 0.2612, 'train_acc': 0.8, 'task_loss': (0.2612, 0.0)}
{'epoch': 16, 'train_loss': 0.2061, 'train_acc': 0.78, 'task_loss': (0.2061, 0.0)}
{'epoch': 17, 'train_loss': 0.1291, 'train_acc': 0.9, 'task_loss': (0.1291, 0.0)}
{'epoch': 18, 'train_loss': 0.1593, 'train_acc': 0.85, 'task_loss': (0.1593, 0.0)}
{'epoch': 19, 'train_loss': 0.1327, 'train_acc': 0.9, 'task_loss': (0.1327, 0.0)}
{'epoch': 20, 'train_loss': 0.161, 'train_acc': 0.89, 'task_loss': (0.161, 0.0)}
{'epoch': 21, 'train_loss': 0.1769, 'train_acc': 0.88, 'task_loss': (0.1769, 0.0)}
{'epoch': 22, 'train_loss': 0.1468, 'train_acc': 0.89, 'task_loss': (0.1468, 0.0)}
{'epoch': 23, 'train_loss': 0.2025, 'train_acc': 0.81, 'task_loss': (0.2025, 0.0)}
{'epoch': 24, 'train_loss': 0.1726, 'train_acc': 0.88, 'task_loss': (0.1726, 0.0)}
{'epoch': 25, 'train_loss': 0.2124, 'train_acc': 0.81, 'task_loss': (0.2124, 0.0)}
{'epoch': 26, 'train_loss': 0.1591, 'train_acc': 0.86, 'task_loss': (0.1591, 0.0)}
{'epoch': 27, 'train_loss': 0.1474, 'train_acc': 0.88, 'task_loss': (0.1474, 0.0)}
{'epoch': 28, 'train_loss': 0.1517, 'train_acc': 0.89, 'task_loss': (0.1517, 0.0)}
{'epoch': 29, 'train_loss': 0.153, 'train_acc': 0.86, 'task_loss': (0.153, 0.0)}
{'epoch': 30, 'train_loss': 0.1331, 'train_acc': 0.87, 'task_loss': (0.1331, 0.0)}
{'epoch': 31, 'train_loss': 0.0979, 'train_acc': 0.92, 'task_loss': (0.0979, 0.0)}
{'epoch': 32, 'train_loss': 0.0801, 'train_acc': 0.95, 'task_loss': (0.0801, 0.0)}
{'epoch': 33, 'train_loss': 0.0928, 'train_acc': 0.9, 'task_loss': (0.0928, 0.0)}
{'epoch': 34, 'train_loss': 0.0815, 'train_acc': 0.93, 'task_loss': (0.0815, 0.0)}
{'epoch': 35, 'train_loss': 0.1043, 'train_acc': 0.92, 'task_loss': (0.1043, 0.0)}
{'epoch': 36, 'train_loss': 0.1789, 'train_acc': 0.85, 'task_loss': (0.1789, 0.0)}
{'epoch': 37, 'train_loss': 0.1012, 'train_acc': 0.95, 'task_loss': (0.1012, 0.0)}
{'epoch': 38, 'train_loss': 0.0983, 'train_acc': 0.9, 'task_loss': (0.0983, 0.0)}
{'epoch': 39, 'train_loss': 0.1111, 'train_acc': 0.88, 'task_loss': (0.1111, 0.0)}
{'epoch': 40, 'train_loss': 0.1346, 'train_acc': 0.9, 'task_loss': (0.1346, 0.0)}
{'epoch': 41, 'train_loss': 0.1452, 'train_acc': 0.9, 'task_loss': (0.1452, 0.0)}
{'epoch': 42, 'train_loss': 0.0927, 'train_acc': 0.91, 'task_loss': (0.0927, 0.0)}
{'epoch': 43, 'train_loss': 0.087, 'train_acc': 0.92, 'task_loss': (0.087, 0.0)}
{'epoch': 44, 'train_loss': 0.0712, 'train_acc': 0.94, 'task_loss': (0.0712, 0.0)}
{'epoch': 45, 'train_loss': 0.0737, 'train_acc': 0.95, 'task_loss': (0.0737, 0.0)}
{'epoch': 46, 'train_loss': 0.0828, 'train_acc': 0.94, 'task_loss': (0.0828, 0.0)}
{'epoch': 47, 'train_loss': 0.0634, 'train_acc': 0.96, 'task_loss': (0.0634, 0.0)}
{'epoch': 48, 'train_loss': 0.0832, 'train_acc': 0.95, 'task_loss': (0.0832, 0.0)}
{'epoch': 49, 'train_loss': 0.059, 'train_acc': 0.95, 'task_loss': (0.059, 0.0)}
{'epoch': 50, 'train_loss': 0.0768, 'train_acc': 0.94, 'task_loss': (0.0768, 0.0)}
{'epoch': 51, 'train_loss': 0.1066, 'train_acc': 0.94, 'task_loss': (0.1066, 0.0)}
{'epoch': 52, 'train_loss': 0.0645, 'train_acc': 0.96, 'task_loss': (0.0645, 0.0)}
{'epoch': 53, 'train_loss': 0.0544, 'train_acc': 0.95, 'task_loss': (0.0544, 0.0)}
{'epoch': 54, 'train_loss': 0.037, 'train_acc': 0.97, 'task_loss': (0.037, 0.0)}
{'epoch': 55, 'train_loss': 0.0314, 'train_acc': 0.98, 'task_loss': (0.0314, 0.0)}
{'epoch': 56, 'train_loss': 0.0469, 'train_acc': 0.96, 'task_loss': (0.0469, 0.0)}
{'epoch': 57, 'train_loss': 0.0563, 'train_acc': 0.95, 'task_loss': (0.0563, 0.0)}
{'epoch': 58, 'train_loss': 0.0458, 'train_acc': 0.98, 'task_loss': (0.0458, 0.0)}
{'epoch': 59, 'train_loss': 0.0664, 'train_acc': 0.95, 'task_loss': (0.0664, 0.0)}
{'epoch': 60, 'train_loss': 0.0746, 'train_acc': 0.94, 'task_loss': (0.0746, 0.0)}
{'epoch': 61, 'train_loss': 0.0469, 'train_acc': 0.95, 'task_loss': (0.0469, 0.0)}
{'epoch': 62, 'train_loss': 0.0829, 'train_acc': 0.93, 'task_loss': (0.0829, 0.0)}
{'epoch': 63, 'train_loss': 0.0413, 'train_acc': 0.97, 'task_loss': (0.0413, 0.0)}
{'epoch': 64, 'train_loss': 0.041, 'train_acc': 0.98, 'task_loss': (0.041, 0.0)}
{'epoch': 65, 'train_loss': 0.0365, 'train_acc': 0.97, 'task_loss': (0.0365, 0.0)}
{'epoch': 66, 'train_loss': 0.0408, 'train_acc': 0.97, 'task_loss': (0.0408, 0.0)}
{'epoch': 67, 'train_loss': 0.0324, 'train_acc': 0.99, 'task_loss': (0.0324, 0.0)}
{'epoch': 68, 'train_loss': 0.016, 'train_acc': 1.0, 'task_loss': (0.016, 0.0)}
{'epoch': 69, 'train_loss': 0.0426, 'train_acc': 0.98, 'task_loss': (0.0426, 0.0)}
{'epoch': 70, 'train_loss': 0.0233, 'train_acc': 0.99, 'task_loss': (0.0233, 0.0)}
{'epoch': 71, 'train_loss': 0.0183, 'train_acc': 1.0, 'task_loss': (0.0183, 0.0)}
{'epoch': 72, 'train_loss': 0.033, 'train_acc': 0.97, 'task_loss': (0.033, 0.0)}
{'epoch': 73, 'train_loss': 0.0292, 'train_acc': 0.99, 'task_loss': (0.0292, 0.0)}
{'epoch': 74, 'train_loss': 0.0248, 'train_acc': 0.99, 'task_loss': (0.0248, 0.0)}
{'epoch': 75, 'train_loss': 0.0215, 'train_acc': 0.99, 'task_loss': (0.0215, 0.0)}
{'epoch': 76, 'train_loss': 0.0642, 'train_acc': 0.97, 'task_loss': (0.0642, 0.0)}
{'epoch': 77, 'train_loss': 0.022, 'train_acc': 0.98, 'task_loss': (0.022, 0.0)}
{'epoch': 78, 'train_loss': 0.033, 'train_acc': 0.98, 'task_loss': (0.033, 0.0)}
{'epoch': 79, 'train_loss': 0.0204, 'train_acc': 0.99, 'task_loss': (0.0204, 0.0)}
{'epoch': 80, 'train_loss': 0.023, 'train_acc': 0.99, 'task_loss': (0.023, 0.0)}
{'epoch': 81, 'train_loss': 0.0247, 'train_acc': 0.98, 'task_loss': (0.0247, 0.0)}
{'epoch': 82, 'train_loss': 0.012, 'train_acc': 1.0, 'task_loss': (0.012, 0.0)}
{'epoch': 83, 'train_loss': 0.0306, 'train_acc': 0.98, 'task_loss': (0.0306, 0.0)}
{'epoch': 84, 'train_loss': 0.0339, 'train_acc': 0.99, 'task_loss': (0.0339, 0.0)}
{'epoch': 85, 'train_loss': 0.0329, 'train_acc': 0.99, 'task_loss': (0.0329, 0.0)}
{'epoch': 86, 'train_loss': 0.038, 'train_acc': 0.99, 'task_loss': (0.038, 0.0)}
{'epoch': 87, 'train_loss': 0.0221, 'train_acc': 0.99, 'task_loss': (0.0221, 0.0)}
{'epoch': 88, 'train_loss': 0.0207, 'train_acc': 1.0, 'task_loss': (0.0207, 0.0)}
{'epoch': 89, 'train_loss': 0.0138, 'train_acc': 0.99, 'task_loss': (0.0138, 0.0)}
{'epoch': 90, 'train_loss': 0.0236, 'train_acc': 1.0, 'task_loss': (0.0236, 0.0)}
{'epoch': 91, 'train_loss': 0.0359, 'train_acc': 0.97, 'task_loss': (0.0359, 0.0)}
{'epoch': 92, 'train_loss': 0.0276, 'train_acc': 0.98, 'task_loss': (0.0276, 0.0)}
{'epoch': 93, 'train_loss': 0.0394, 'train_acc': 0.97, 'task_loss': (0.0394, 0.0)}
{'epoch': 94, 'train_loss': 0.0352, 'train_acc': 0.97, 'task_loss': (0.0352, 0.0)}
{'epoch': 95, 'train_loss': 0.0234, 'train_acc': 0.99, 'task_loss': (0.0234, 0.0)}
{'epoch': 96, 'train_loss': 0.0602, 'train_acc': 0.96, 'task_loss': (0.0602, 0.0)}
{'epoch': 97, 'train_loss': 0.0161, 'train_acc': 0.99, 'task_loss': (0.0161, 0.0)}
{'epoch': 98, 'train_loss': 0.0262, 'train_acc': 0.99, 'task_loss': (0.0262, 0.0)}
{'epoch': 99, 'train_loss': 0.0274, 'train_acc': 0.99, 'task_loss': (0.0274, 0.0)}
{'epoch': 100, 'train_loss': 0.0136, 'train_acc': 1.0, 'task_loss': (0.0136, 0.0)}
{'run_num': 1, 'final_test_err': 0.15400000000000003}
Files already downloaded and verified
Files already downloaded and verified
{'epoch': 1, 'train_loss': 1.1362, 'train_acc': 0.53, 'task_loss': (1.1362, 0.0)}
{'epoch': 2, 'train_loss': 0.99, 'train_acc': 0.64, 'task_loss': (0.99, 0.0)}
{'epoch': 3, 'train_loss': 0.4847, 'train_acc': 0.68, 'task_loss': (0.4847, 0.0)}
{'epoch': 4, 'train_loss': 0.7288, 'train_acc': 0.54, 'task_loss': (0.7288, 0.0)}
{'epoch': 5, 'train_loss': 0.5574, 'train_acc': 0.65, 'task_loss': (0.5574, 0.0)}
{'epoch': 6, 'train_loss': 0.3704, 'train_acc': 0.75, 'task_loss': (0.3704, 0.0)}
{'epoch': 7, 'train_loss': 0.3438, 'train_acc': 0.71, 'task_loss': (0.3438, 0.0)}
{'epoch': 8, 'train_loss': 0.2559, 'train_acc': 0.79, 'task_loss': (0.2559, 0.0)}
{'epoch': 9, 'train_loss': 0.2552, 'train_acc': 0.8, 'task_loss': (0.2552, 0.0)}
{'epoch': 10, 'train_loss': 0.2194, 'train_acc': 0.77, 'task_loss': (0.2194, 0.0)}
{'epoch': 11, 'train_loss': 0.2029, 'train_acc': 0.83, 'task_loss': (0.2029, 0.0)}
{'epoch': 12, 'train_loss': 0.2759, 'train_acc': 0.82, 'task_loss': (0.2759, 0.0)}
{'epoch': 13, 'train_loss': 0.2553, 'train_acc': 0.73, 'task_loss': (0.2553, 0.0)}
{'epoch': 14, 'train_loss': 0.1648, 'train_acc': 0.81, 'task_loss': (0.1648, 0.0)}
{'epoch': 15, 'train_loss': 0.1429, 'train_acc': 0.91, 'task_loss': (0.1429, 0.0)}
{'epoch': 16, 'train_loss': 0.2014, 'train_acc': 0.8, 'task_loss': (0.2014, 0.0)}
{'epoch': 17, 'train_loss': 0.197, 'train_acc': 0.88, 'task_loss': (0.197, 0.0)}
{'epoch': 18, 'train_loss': 0.1519, 'train_acc': 0.88, 'task_loss': (0.1519, 0.0)}
{'epoch': 19, 'train_loss': 0.1067, 'train_acc': 0.94, 'task_loss': (0.1067, 0.0)}
{'epoch': 20, 'train_loss': 0.1547, 'train_acc': 0.88, 'task_loss': (0.1547, 0.0)}
{'epoch': 21, 'train_loss': 0.1586, 'train_acc': 0.9, 'task_loss': (0.1586, 0.0)}
{'epoch': 22, 'train_loss': 0.1566, 'train_acc': 0.86, 'task_loss': (0.1566, 0.0)}
{'epoch': 23, 'train_loss': 0.1891, 'train_acc': 0.86, 'task_loss': (0.1891, 0.0)}
{'epoch': 24, 'train_loss': 0.1164, 'train_acc': 0.9, 'task_loss': (0.1164, 0.0)}
{'epoch': 25, 'train_loss': 0.1217, 'train_acc': 0.92, 'task_loss': (0.1217, 0.0)}
{'epoch': 26, 'train_loss': 0.1162, 'train_acc': 0.9, 'task_loss': (0.1162, 0.0)}
{'epoch': 27, 'train_loss': 0.1161, 'train_acc': 0.89, 'task_loss': (0.1161, 0.0)}
{'epoch': 28, 'train_loss': 0.0793, 'train_acc': 0.94, 'task_loss': (0.0793, 0.0)}
{'epoch': 29, 'train_loss': 0.1173, 'train_acc': 0.91, 'task_loss': (0.1173, 0.0)}
{'epoch': 30, 'train_loss': 0.0853, 'train_acc': 0.94, 'task_loss': (0.0853, 0.0)}
{'epoch': 31, 'train_loss': 0.0706, 'train_acc': 0.93, 'task_loss': (0.0706, 0.0)}
{'epoch': 32, 'train_loss': 0.0641, 'train_acc': 0.96, 'task_loss': (0.0641, 0.0)}
{'epoch': 33, 'train_loss': 0.0707, 'train_acc': 0.94, 'task_loss': (0.0707, 0.0)}
{'epoch': 34, 'train_loss': 0.0981, 'train_acc': 0.95, 'task_loss': (0.0981, 0.0)}
{'epoch': 35, 'train_loss': 0.1096, 'train_acc': 0.9, 'task_loss': (0.1096, 0.0)}
{'epoch': 36, 'train_loss': 0.1633, 'train_acc': 0.85, 'task_loss': (0.1633, 0.0)}
{'epoch': 37, 'train_loss': 0.1252, 'train_acc': 0.87, 'task_loss': (0.1252, 0.0)}
{'epoch': 38, 'train_loss': 0.137, 'train_acc': 0.9, 'task_loss': (0.137, 0.0)}
{'epoch': 39, 'train_loss': 0.1007, 'train_acc': 0.92, 'task_loss': (0.1007, 0.0)}
{'epoch': 40, 'train_loss': 0.0824, 'train_acc': 0.92, 'task_loss': (0.0824, 0.0)}
{'epoch': 41, 'train_loss': 0.09, 'train_acc': 0.93, 'task_loss': (0.09, 0.0)}
{'epoch': 42, 'train_loss': 0.0998, 'train_acc': 0.92, 'task_loss': (0.0998, 0.0)}
{'epoch': 43, 'train_loss': 0.0615, 'train_acc': 0.96, 'task_loss': (0.0615, 0.0)}
{'epoch': 44, 'train_loss': 0.1109, 'train_acc': 0.9, 'task_loss': (0.1109, 0.0)}
{'epoch': 45, 'train_loss': 0.1303, 'train_acc': 0.91, 'task_loss': (0.1303, 0.0)}
{'epoch': 46, 'train_loss': 0.1891, 'train_acc': 0.85, 'task_loss': (0.1891, 0.0)}
{'epoch': 47, 'train_loss': 0.1656, 'train_acc': 0.86, 'task_loss': (0.1656, 0.0)}
{'epoch': 48, 'train_loss': 0.064, 'train_acc': 0.97, 'task_loss': (0.064, 0.0)}
{'epoch': 49, 'train_loss': 0.097, 'train_acc': 0.93, 'task_loss': (0.097, 0.0)}
{'epoch': 50, 'train_loss': 0.091, 'train_acc': 0.93, 'task_loss': (0.091, 0.0)}
{'epoch': 51, 'train_loss': 0.0468, 'train_acc': 0.95, 'task_loss': (0.0468, 0.0)}
{'epoch': 52, 'train_loss': 0.0749, 'train_acc': 0.94, 'task_loss': (0.0749, 0.0)}
{'epoch': 53, 'train_loss': 0.0435, 'train_acc': 0.97, 'task_loss': (0.0435, 0.0)}
{'epoch': 54, 'train_loss': 0.063, 'train_acc': 0.97, 'task_loss': (0.063, 0.0)}
{'epoch': 55, 'train_loss': 0.0775, 'train_acc': 0.95, 'task_loss': (0.0775, 0.0)}
{'epoch': 56, 'train_loss': 0.0642, 'train_acc': 0.95, 'task_loss': (0.0642, 0.0)}
{'epoch': 57, 'train_loss': 0.0464, 'train_acc': 0.97, 'task_loss': (0.0464, 0.0)}
{'epoch': 58, 'train_loss': 0.0284, 'train_acc': 0.98, 'task_loss': (0.0284, 0.0)}
{'epoch': 59, 'train_loss': 0.0372, 'train_acc': 0.97, 'task_loss': (0.0372, 0.0)}
{'epoch': 60, 'train_loss': 0.0242, 'train_acc': 0.99, 'task_loss': (0.0242, 0.0)}
{'epoch': 61, 'train_loss': 0.0663, 'train_acc': 0.95, 'task_loss': (0.0663, 0.0)}
{'epoch': 62, 'train_loss': 0.0294, 'train_acc': 0.99, 'task_loss': (0.0294, 0.0)}
{'epoch': 63, 'train_loss': 0.0287, 'train_acc': 0.98, 'task_loss': (0.0287, 0.0)}
{'epoch': 64, 'train_loss': 0.0263, 'train_acc': 0.99, 'task_loss': (0.0263, 0.0)}
{'epoch': 65, 'train_loss': 0.0215, 'train_acc': 0.98, 'task_loss': (0.0215, 0.0)}
{'epoch': 66, 'train_loss': 0.0296, 'train_acc': 0.97, 'task_loss': (0.0296, 0.0)}
{'epoch': 67, 'train_loss': 0.0389, 'train_acc': 0.97, 'task_loss': (0.0389, 0.0)}
{'epoch': 68, 'train_loss': 0.0345, 'train_acc': 0.96, 'task_loss': (0.0345, 0.0)}
{'epoch': 69, 'train_loss': 0.0559, 'train_acc': 0.96, 'task_loss': (0.0559, 0.0)}
{'epoch': 70, 'train_loss': 0.0273, 'train_acc': 0.98, 'task_loss': (0.0273, 0.0)}
{'epoch': 71, 'train_loss': 0.0174, 'train_acc': 0.99, 'task_loss': (0.0174, 0.0)}
{'epoch': 72, 'train_loss': 0.0283, 'train_acc': 0.99, 'task_loss': (0.0283, 0.0)}
{'epoch': 73, 'train_loss': 0.048, 'train_acc': 0.95, 'task_loss': (0.048, 0.0)}
{'epoch': 74, 'train_loss': 0.0157, 'train_acc': 1.0, 'task_loss': (0.0157, 0.0)}
{'epoch': 75, 'train_loss': 0.0406, 'train_acc': 0.96, 'task_loss': (0.0406, 0.0)}
{'epoch': 76, 'train_loss': 0.0462, 'train_acc': 0.96, 'task_loss': (0.0462, 0.0)}
{'epoch': 77, 'train_loss': 0.0202, 'train_acc': 1.0, 'task_loss': (0.0202, 0.0)}
{'epoch': 78, 'train_loss': 0.0247, 'train_acc': 0.99, 'task_loss': (0.0247, 0.0)}
{'epoch': 79, 'train_loss': 0.0413, 'train_acc': 0.96, 'task_loss': (0.0413, 0.0)}
{'epoch': 80, 'train_loss': 0.0083, 'train_acc': 1.0, 'task_loss': (0.0083, 0.0)}
{'epoch': 81, 'train_loss': 0.0419, 'train_acc': 0.97, 'task_loss': (0.0419, 0.0)}
{'epoch': 82, 'train_loss': 0.0208, 'train_acc': 0.99, 'task_loss': (0.0208, 0.0)}
{'epoch': 83, 'train_loss': 0.026, 'train_acc': 0.99, 'task_loss': (0.026, 0.0)}
{'epoch': 84, 'train_loss': 0.0144, 'train_acc': 1.0, 'task_loss': (0.0144, 0.0)}
{'epoch': 85, 'train_loss': 0.0564, 'train_acc': 0.96, 'task_loss': (0.0564, 0.0)}
{'epoch': 86, 'train_loss': 0.0429, 'train_acc': 0.97, 'task_loss': (0.0429, 0.0)}
{'epoch': 87, 'train_loss': 0.0193, 'train_acc': 0.99, 'task_loss': (0.0193, 0.0)}
{'epoch': 88, 'train_loss': 0.0332, 'train_acc': 0.97, 'task_loss': (0.0332, 0.0)}
{'epoch': 89, 'train_loss': 0.0282, 'train_acc': 0.97, 'task_loss': (0.0282, 0.0)}
{'epoch': 90, 'train_loss': 0.0488, 'train_acc': 0.96, 'task_loss': (0.0488, 0.0)}
{'epoch': 91, 'train_loss': 0.0136, 'train_acc': 1.0, 'task_loss': (0.0136, 0.0)}
{'epoch': 92, 'train_loss': 0.0102, 'train_acc': 1.0, 'task_loss': (0.0102, 0.0)}
{'epoch': 93, 'train_loss': 0.0206, 'train_acc': 0.99, 'task_loss': (0.0206, 0.0)}
{'epoch': 94, 'train_loss': 0.0347, 'train_acc': 0.97, 'task_loss': (0.0347, 0.0)}
{'epoch': 95, 'train_loss': 0.0193, 'train_acc': 1.0, 'task_loss': (0.0193, 0.0)}
{'epoch': 96, 'train_loss': 0.0199, 'train_acc': 1.0, 'task_loss': (0.0199, 0.0)}
{'epoch': 97, 'train_loss': 0.0181, 'train_acc': 1.0, 'task_loss': (0.0181, 0.0)}
{'epoch': 98, 'train_loss': 0.0144, 'train_acc': 1.0, 'task_loss': (0.0144, 0.0)}
{'epoch': 99, 'train_loss': 0.0335, 'train_acc': 0.98, 'task_loss': (0.0335, 0.0)}
{'epoch': 100, 'train_loss': 0.0465, 'train_acc': 0.96, 'task_loss': (0.0465, 0.0)}
{'run_num': 2, 'final_test_err': 0.1795}
Files already downloaded and verified
Files already downloaded and verified
{'epoch': 1, 'train_loss': 1.2838, 'train_acc': 0.48, 'task_loss': (1.2838, 0.0)}
{'epoch': 2, 'train_loss': 0.5482, 'train_acc': 0.7, 'task_loss': (0.5482, 0.0)}
{'epoch': 3, 'train_loss': 0.4919, 'train_acc': 0.7, 'task_loss': (0.4919, 0.0)}
{'epoch': 4, 'train_loss': 0.4549, 'train_acc': 0.68, 'task_loss': (0.4549, 0.0)}
{'epoch': 5, 'train_loss': 0.4462, 'train_acc': 0.73, 'task_loss': (0.4462, 0.0)}
{'epoch': 6, 'train_loss': 0.3297, 'train_acc': 0.78, 'task_loss': (0.3297, 0.0)}
{'epoch': 7, 'train_loss': 0.4982, 'train_acc': 0.66, 'task_loss': (0.4982, 0.0)}
{'epoch': 8, 'train_loss': 0.1862, 'train_acc': 0.79, 'task_loss': (0.1862, 0.0)}
{'epoch': 9, 'train_loss': 0.187, 'train_acc': 0.83, 'task_loss': (0.187, 0.0)}
{'epoch': 10, 'train_loss': 0.2211, 'train_acc': 0.8, 'task_loss': (0.2211, 0.0)}
{'epoch': 11, 'train_loss': 0.2696, 'train_acc': 0.81, 'task_loss': (0.2696, 0.0)}
{'epoch': 12, 'train_loss': 0.3034, 'train_acc': 0.76, 'task_loss': (0.3034, 0.0)}
{'epoch': 13, 'train_loss': 0.2745, 'train_acc': 0.79, 'task_loss': (0.2745, 0.0)}
{'epoch': 14, 'train_loss': 0.2655, 'train_acc': 0.77, 'task_loss': (0.2655, 0.0)}
{'epoch': 15, 'train_loss': 0.2422, 'train_acc': 0.78, 'task_loss': (0.2422, 0.0)}
{'epoch': 16, 'train_loss': 0.1611, 'train_acc': 0.89, 'task_loss': (0.1611, 0.0)}
{'epoch': 17, 'train_loss': 0.1702, 'train_acc': 0.82, 'task_loss': (0.1702, 0.0)}
{'epoch': 18, 'train_loss': 0.1644, 'train_acc': 0.86, 'task_loss': (0.1644, 0.0)}
{'epoch': 19, 'train_loss': 0.134, 'train_acc': 0.85, 'task_loss': (0.134, 0.0)}
{'epoch': 20, 'train_loss': 0.1819, 'train_acc': 0.84, 'task_loss': (0.1819, 0.0)}
{'epoch': 21, 'train_loss': 0.1536, 'train_acc': 0.87, 'task_loss': (0.1536, 0.0)}
{'epoch': 22, 'train_loss': 0.1095, 'train_acc': 0.9, 'task_loss': (0.1095, 0.0)}
{'epoch': 23, 'train_loss': 0.1177, 'train_acc': 0.88, 'task_loss': (0.1177, 0.0)}
{'epoch': 24, 'train_loss': 0.0955, 'train_acc': 0.94, 'task_loss': (0.0955, 0.0)}
{'epoch': 25, 'train_loss': 0.0815, 'train_acc': 0.94, 'task_loss': (0.0815, 0.0)}
{'epoch': 26, 'train_loss': 0.1234, 'train_acc': 0.91, 'task_loss': (0.1234, 0.0)}
{'epoch': 27, 'train_loss': 0.0857, 'train_acc': 0.95, 'task_loss': (0.0857, 0.0)}
{'epoch': 28, 'train_loss': 0.1168, 'train_acc': 0.9, 'task_loss': (0.1168, 0.0)}
{'epoch': 29, 'train_loss': 0.2176, 'train_acc': 0.85, 'task_loss': (0.2176, 0.0)}
{'epoch': 30, 'train_loss': 0.126, 'train_acc': 0.9, 'task_loss': (0.126, 0.0)}
{'epoch': 31, 'train_loss': 0.0916, 'train_acc': 0.93, 'task_loss': (0.0916, 0.0)}
{'epoch': 32, 'train_loss': 0.1391, 'train_acc': 0.91, 'task_loss': (0.1391, 0.0)}
{'epoch': 33, 'train_loss': 0.1092, 'train_acc': 0.9, 'task_loss': (0.1092, 0.0)}
{'epoch': 34, 'train_loss': 0.0882, 'train_acc': 0.92, 'task_loss': (0.0882, 0.0)}
{'epoch': 35, 'train_loss': 0.1007, 'train_acc': 0.91, 'task_loss': (0.1007, 0.0)}
{'epoch': 36, 'train_loss': 0.1, 'train_acc': 0.92, 'task_loss': (0.1, 0.0)}
{'epoch': 37, 'train_loss': 0.0867, 'train_acc': 0.93, 'task_loss': (0.0867, 0.0)}
{'epoch': 38, 'train_loss': 0.0561, 'train_acc': 0.97, 'task_loss': (0.0561, 0.0)}
{'epoch': 39, 'train_loss': 0.0537, 'train_acc': 0.97, 'task_loss': (0.0537, 0.0)}
{'epoch': 40, 'train_loss': 0.0505, 'train_acc': 0.96, 'task_loss': (0.0505, 0.0)}
{'epoch': 41, 'train_loss': 0.1231, 'train_acc': 0.84, 'task_loss': (0.1231, 0.0)}
{'epoch': 42, 'train_loss': 0.0761, 'train_acc': 0.92, 'task_loss': (0.0761, 0.0)}
{'epoch': 43, 'train_loss': 0.098, 'train_acc': 0.93, 'task_loss': (0.098, 0.0)}
{'epoch': 44, 'train_loss': 0.0889, 'train_acc': 0.94, 'task_loss': (0.0889, 0.0)}
{'epoch': 45, 'train_loss': 0.0719, 'train_acc': 0.95, 'task_loss': (0.0719, 0.0)}
{'epoch': 46, 'train_loss': 0.0752, 'train_acc': 0.94, 'task_loss': (0.0752, 0.0)}
{'epoch': 47, 'train_loss': 0.0744, 'train_acc': 0.95, 'task_loss': (0.0744, 0.0)}
{'epoch': 48, 'train_loss': 0.0963, 'train_acc': 0.93, 'task_loss': (0.0963, 0.0)}
{'epoch': 49, 'train_loss': 0.0762, 'train_acc': 0.95, 'task_loss': (0.0762, 0.0)}
{'epoch': 50, 'train_loss': 0.0571, 'train_acc': 0.96, 'task_loss': (0.0571, 0.0)}
{'epoch': 51, 'train_loss': 0.0377, 'train_acc': 0.98, 'task_loss': (0.0377, 0.0)}
{'epoch': 52, 'train_loss': 0.0365, 'train_acc': 0.97, 'task_loss': (0.0365, 0.0)}
{'epoch': 53, 'train_loss': 0.0475, 'train_acc': 0.98, 'task_loss': (0.0475, 0.0)}
{'epoch': 54, 'train_loss': 0.0812, 'train_acc': 0.95, 'task_loss': (0.0812, 0.0)}
{'epoch': 55, 'train_loss': 0.05, 'train_acc': 0.96, 'task_loss': (0.05, 0.0)}
{'epoch': 56, 'train_loss': 0.0362, 'train_acc': 0.99, 'task_loss': (0.0362, 0.0)}
{'epoch': 57, 'train_loss': 0.0714, 'train_acc': 0.94, 'task_loss': (0.0714, 0.0)}
{'epoch': 58, 'train_loss': 0.0412, 'train_acc': 0.97, 'task_loss': (0.0412, 0.0)}
{'epoch': 59, 'train_loss': 0.0208, 'train_acc': 1.0, 'task_loss': (0.0208, 0.0)}
{'epoch': 60, 'train_loss': 0.0211, 'train_acc': 1.0, 'task_loss': (0.0211, 0.0)}
{'epoch': 61, 'train_loss': 0.0599, 'train_acc': 0.96, 'task_loss': (0.0599, 0.0)}
{'epoch': 62, 'train_loss': 0.0267, 'train_acc': 0.99, 'task_loss': (0.0267, 0.0)}
{'epoch': 63, 'train_loss': 0.049, 'train_acc': 0.97, 'task_loss': (0.049, 0.0)}
{'epoch': 64, 'train_loss': 0.0386, 'train_acc': 0.98, 'task_loss': (0.0386, 0.0)}
{'epoch': 65, 'train_loss': 0.0291, 'train_acc': 0.98, 'task_loss': (0.0291, 0.0)}
{'epoch': 66, 'train_loss': 0.0306, 'train_acc': 0.99, 'task_loss': (0.0306, 0.0)}
{'epoch': 67, 'train_loss': 0.0143, 'train_acc': 0.99, 'task_loss': (0.0143, 0.0)}
{'epoch': 68, 'train_loss': 0.0461, 'train_acc': 0.96, 'task_loss': (0.0461, 0.0)}
{'epoch': 69, 'train_loss': 0.0371, 'train_acc': 0.98, 'task_loss': (0.0371, 0.0)}
{'epoch': 70, 'train_loss': 0.0568, 'train_acc': 0.96, 'task_loss': (0.0568, 0.0)}
{'epoch': 71, 'train_loss': 0.0603, 'train_acc': 0.95, 'task_loss': (0.0603, 0.0)}
{'epoch': 72, 'train_loss': 0.0214, 'train_acc': 0.98, 'task_loss': (0.0214, 0.0)}
{'epoch': 73, 'train_loss': 0.0213, 'train_acc': 0.99, 'task_loss': (0.0213, 0.0)}
{'epoch': 74, 'train_loss': 0.0227, 'train_acc': 0.98, 'task_loss': (0.0227, 0.0)}
{'epoch': 75, 'train_loss': 0.0115, 'train_acc': 1.0, 'task_loss': (0.0115, 0.0)}
{'epoch': 76, 'train_loss': 0.0224, 'train_acc': 0.99, 'task_loss': (0.0224, 0.0)}
{'epoch': 77, 'train_loss': 0.0281, 'train_acc': 0.99, 'task_loss': (0.0281, 0.0)}
{'epoch': 78, 'train_loss': 0.0231, 'train_acc': 0.97, 'task_loss': (0.0231, 0.0)}
{'epoch': 79, 'train_loss': 0.0519, 'train_acc': 0.97, 'task_loss': (0.0519, 0.0)}
{'epoch': 80, 'train_loss': 0.0274, 'train_acc': 0.98, 'task_loss': (0.0274, 0.0)}
{'epoch': 81, 'train_loss': 0.0256, 'train_acc': 0.99, 'task_loss': (0.0256, 0.0)}
{'epoch': 82, 'train_loss': 0.0173, 'train_acc': 1.0, 'task_loss': (0.0173, 0.0)}
{'epoch': 83, 'train_loss': 0.017, 'train_acc': 1.0, 'task_loss': (0.017, 0.0)}
{'epoch': 84, 'train_loss': 0.0145, 'train_acc': 0.99, 'task_loss': (0.0145, 0.0)}
{'epoch': 85, 'train_loss': 0.0229, 'train_acc': 0.98, 'task_loss': (0.0229, 0.0)}
{'epoch': 86, 'train_loss': 0.0189, 'train_acc': 0.99, 'task_loss': (0.0189, 0.0)}
{'epoch': 87, 'train_loss': 0.0133, 'train_acc': 1.0, 'task_loss': (0.0133, 0.0)}
{'epoch': 88, 'train_loss': 0.021, 'train_acc': 0.99, 'task_loss': (0.021, 0.0)}
{'epoch': 89, 'train_loss': 0.0176, 'train_acc': 0.99, 'task_loss': (0.0176, 0.0)}
{'epoch': 90, 'train_loss': 0.0219, 'train_acc': 0.99, 'task_loss': (0.0219, 0.0)}
{'epoch': 91, 'train_loss': 0.0211, 'train_acc': 0.99, 'task_loss': (0.0211, 0.0)}
{'epoch': 92, 'train_loss': 0.0145, 'train_acc': 1.0, 'task_loss': (0.0145, 0.0)}
{'epoch': 93, 'train_loss': 0.022, 'train_acc': 0.99, 'task_loss': (0.022, 0.0)}
{'epoch': 94, 'train_loss': 0.0321, 'train_acc': 0.98, 'task_loss': (0.0321, 0.0)}
{'epoch': 95, 'train_loss': 0.0242, 'train_acc': 0.97, 'task_loss': (0.0242, 0.0)}
{'epoch': 96, 'train_loss': 0.0153, 'train_acc': 1.0, 'task_loss': (0.0153, 0.0)}
{'epoch': 97, 'train_loss': 0.0177, 'train_acc': 1.0, 'task_loss': (0.0177, 0.0)}
{'epoch': 98, 'train_loss': 0.018, 'train_acc': 0.99, 'task_loss': (0.018, 0.0)}
{'epoch': 99, 'train_loss': 0.0145, 'train_acc': 0.99, 'task_loss': (0.0145, 0.0)}
{'epoch': 100, 'train_loss': 0.0178, 'train_acc': 0.99, 'task_loss': (0.0178, 0.0)}
{'run_num': 3, 'final_test_err': 0.15349999999999997}
Files already downloaded and verified
Files already downloaded and verified
{'epoch': 1, 'train_loss': 1.154, 'train_acc': 0.54, 'task_loss': (1.154, 0.0)}
{'epoch': 2, 'train_loss': 1.2793, 'train_acc': 0.53, 'task_loss': (1.2793, 0.0)}
{'epoch': 3, 'train_loss': 0.3525, 'train_acc': 0.76, 'task_loss': (0.3525, 0.0)}
{'epoch': 4, 'train_loss': 0.4837, 'train_acc': 0.67, 'task_loss': (0.4837, 0.0)}
{'epoch': 5, 'train_loss': 0.8165, 'train_acc': 0.64, 'task_loss': (0.8165, 0.0)}
{'epoch': 6, 'train_loss': 0.3986, 'train_acc': 0.68, 'task_loss': (0.3986, 0.0)}
{'epoch': 7, 'train_loss': 0.2738, 'train_acc': 0.71, 'task_loss': (0.2738, 0.0)}
{'epoch': 8, 'train_loss': 0.4405, 'train_acc': 0.65, 'task_loss': (0.4405, 0.0)}
{'epoch': 9, 'train_loss': 0.3036, 'train_acc': 0.7, 'task_loss': (0.3036, 0.0)}
{'epoch': 10, 'train_loss': 0.3688, 'train_acc': 0.7, 'task_loss': (0.3688, 0.0)}
{'epoch': 11, 'train_loss': 0.3066, 'train_acc': 0.65, 'task_loss': (0.3066, 0.0)}
{'epoch': 12, 'train_loss': 0.2614, 'train_acc': 0.7, 'task_loss': (0.2614, 0.0)}
{'epoch': 13, 'train_loss': 0.266, 'train_acc': 0.73, 'task_loss': (0.266, 0.0)}
{'epoch': 14, 'train_loss': 0.1853, 'train_acc': 0.84, 'task_loss': (0.1853, 0.0)}
{'epoch': 15, 'train_loss': 0.2097, 'train_acc': 0.83, 'task_loss': (0.2097, 0.0)}
{'epoch': 16, 'train_loss': 0.2267, 'train_acc': 0.77, 'task_loss': (0.2267, 0.0)}
{'epoch': 17, 'train_loss': 0.2285, 'train_acc': 0.8, 'task_loss': (0.2285, 0.0)}
{'epoch': 18, 'train_loss': 0.2168, 'train_acc': 0.8, 'task_loss': (0.2168, 0.0)}
{'epoch': 19, 'train_loss': 0.2044, 'train_acc': 0.83, 'task_loss': (0.2044, 0.0)}
{'epoch': 20, 'train_loss': 0.1878, 'train_acc': 0.83, 'task_loss': (0.1878, 0.0)}
{'epoch': 21, 'train_loss': 0.2257, 'train_acc': 0.8, 'task_loss': (0.2257, 0.0)}
{'epoch': 22, 'train_loss': 0.183, 'train_acc': 0.84, 'task_loss': (0.183, 0.0)}
{'epoch': 23, 'train_loss': 0.1864, 'train_acc': 0.86, 'task_loss': (0.1864, 0.0)}
{'epoch': 24, 'train_loss': 0.135, 'train_acc': 0.95, 'task_loss': (0.135, 0.0)}
{'epoch': 25, 'train_loss': 0.1814, 'train_acc': 0.83, 'task_loss': (0.1814, 0.0)}
{'epoch': 26, 'train_loss': 0.1543, 'train_acc': 0.85, 'task_loss': (0.1543, 0.0)}
{'epoch': 27, 'train_loss': 0.136, 'train_acc': 0.87, 'task_loss': (0.136, 0.0)}
{'epoch': 28, 'train_loss': 0.1307, 'train_acc': 0.89, 'task_loss': (0.1307, 0.0)}
{'epoch': 29, 'train_loss': 0.1435, 'train_acc': 0.88, 'task_loss': (0.1435, 0.0)}
{'epoch': 30, 'train_loss': 0.1306, 'train_acc': 0.89, 'task_loss': (0.1306, 0.0)}
{'epoch': 31, 'train_loss': 0.1171, 'train_acc': 0.87, 'task_loss': (0.1171, 0.0)}
{'epoch': 32, 'train_loss': 0.1182, 'train_acc': 0.92, 'task_loss': (0.1182, 0.0)}
{'epoch': 33, 'train_loss': 0.1332, 'train_acc': 0.89, 'task_loss': (0.1332, 0.0)}
{'epoch': 34, 'train_loss': 0.1379, 'train_acc': 0.89, 'task_loss': (0.1379, 0.0)}
{'epoch': 35, 'train_loss': 0.1042, 'train_acc': 0.89, 'task_loss': (0.1042, 0.0)}
{'epoch': 36, 'train_loss': 0.1169, 'train_acc': 0.9, 'task_loss': (0.1169, 0.0)}
{'epoch': 37, 'train_loss': 0.1226, 'train_acc': 0.9, 'task_loss': (0.1226, 0.0)}
{'epoch': 38, 'train_loss': 0.1074, 'train_acc': 0.92, 'task_loss': (0.1074, 0.0)}
{'epoch': 39, 'train_loss': 0.1173, 'train_acc': 0.88, 'task_loss': (0.1173, 0.0)}
{'epoch': 40, 'train_loss': 0.1472, 'train_acc': 0.9, 'task_loss': (0.1472, 0.0)}
{'epoch': 41, 'train_loss': 0.1266, 'train_acc': 0.91, 'task_loss': (0.1266, 0.0)}
{'epoch': 42, 'train_loss': 0.1061, 'train_acc': 0.93, 'task_loss': (0.1061, 0.0)}
{'epoch': 43, 'train_loss': 0.163, 'train_acc': 0.84, 'task_loss': (0.163, 0.0)}
{'epoch': 44, 'train_loss': 0.0793, 'train_acc': 0.93, 'task_loss': (0.0793, 0.0)}
{'epoch': 45, 'train_loss': 0.0868, 'train_acc': 0.92, 'task_loss': (0.0868, 0.0)}
{'epoch': 46, 'train_loss': 0.0934, 'train_acc': 0.94, 'task_loss': (0.0934, 0.0)}
{'epoch': 47, 'train_loss': 0.0752, 'train_acc': 0.93, 'task_loss': (0.0752, 0.0)}
{'epoch': 48, 'train_loss': 0.0484, 'train_acc': 0.97, 'task_loss': (0.0484, 0.0)}
{'epoch': 49, 'train_loss': 0.0791, 'train_acc': 0.94, 'task_loss': (0.0791, 0.0)}
{'epoch': 50, 'train_loss': 0.0838, 'train_acc': 0.93, 'task_loss': (0.0838, 0.0)}
{'epoch': 51, 'train_loss': 0.0993, 'train_acc': 0.93, 'task_loss': (0.0993, 0.0)}
{'epoch': 52, 'train_loss': 0.0512, 'train_acc': 0.95, 'task_loss': (0.0512, 0.0)}
{'epoch': 53, 'train_loss': 0.1261, 'train_acc': 0.88, 'task_loss': (0.1261, 0.0)}
{'epoch': 54, 'train_loss': 0.084, 'train_acc': 0.95, 'task_loss': (0.084, 0.0)}
{'epoch': 55, 'train_loss': 0.0663, 'train_acc': 0.96, 'task_loss': (0.0663, 0.0)}
{'epoch': 56, 'train_loss': 0.0898, 'train_acc': 0.9, 'task_loss': (0.0898, 0.0)}
{'epoch': 57, 'train_loss': 0.0734, 'train_acc': 0.94, 'task_loss': (0.0734, 0.0)}
{'epoch': 58, 'train_loss': 0.0629, 'train_acc': 0.97, 'task_loss': (0.0629, 0.0)}
{'epoch': 59, 'train_loss': 0.0773, 'train_acc': 0.93, 'task_loss': (0.0773, 0.0)}
{'epoch': 60, 'train_loss': 0.0886, 'train_acc': 0.92, 'task_loss': (0.0886, 0.0)}
{'epoch': 61, 'train_loss': 0.0906, 'train_acc': 0.92, 'task_loss': (0.0906, 0.0)}
{'epoch': 62, 'train_loss': 0.0908, 'train_acc': 0.92, 'task_loss': (0.0908, 0.0)}
{'epoch': 63, 'train_loss': 0.0694, 'train_acc': 0.97, 'task_loss': (0.0694, 0.0)}
{'epoch': 64, 'train_loss': 0.0579, 'train_acc': 0.96, 'task_loss': (0.0579, 0.0)}
{'epoch': 65, 'train_loss': 0.0714, 'train_acc': 0.96, 'task_loss': (0.0714, 0.0)}
{'epoch': 66, 'train_loss': 0.068, 'train_acc': 0.97, 'task_loss': (0.068, 0.0)}
{'epoch': 67, 'train_loss': 0.0519, 'train_acc': 0.97, 'task_loss': (0.0519, 0.0)}
{'epoch': 68, 'train_loss': 0.0665, 'train_acc': 0.95, 'task_loss': (0.0665, 0.0)}
{'epoch': 69, 'train_loss': 0.0706, 'train_acc': 0.94, 'task_loss': (0.0706, 0.0)}
{'epoch': 70, 'train_loss': 0.027, 'train_acc': 0.99, 'task_loss': (0.027, 0.0)}
{'epoch': 71, 'train_loss': 0.0344, 'train_acc': 0.99, 'task_loss': (0.0344, 0.0)}
{'epoch': 72, 'train_loss': 0.0413, 'train_acc': 0.98, 'task_loss': (0.0413, 0.0)}
{'epoch': 73, 'train_loss': 0.0221, 'train_acc': 0.99, 'task_loss': (0.0221, 0.0)}
{'epoch': 74, 'train_loss': 0.0335, 'train_acc': 0.98, 'task_loss': (0.0335, 0.0)}
{'epoch': 75, 'train_loss': 0.0565, 'train_acc': 0.95, 'task_loss': (0.0565, 0.0)}
{'epoch': 76, 'train_loss': 0.0332, 'train_acc': 0.98, 'task_loss': (0.0332, 0.0)}
{'epoch': 77, 'train_loss': 0.0288, 'train_acc': 0.99, 'task_loss': (0.0288, 0.0)}
{'epoch': 78, 'train_loss': 0.055, 'train_acc': 0.95, 'task_loss': (0.055, 0.0)}
{'epoch': 79, 'train_loss': 0.0219, 'train_acc': 1.0, 'task_loss': (0.0219, 0.0)}
{'epoch': 80, 'train_loss': 0.0372, 'train_acc': 0.98, 'task_loss': (0.0372, 0.0)}
{'epoch': 81, 'train_loss': 0.0562, 'train_acc': 0.96, 'task_loss': (0.0562, 0.0)}
{'epoch': 82, 'train_loss': 0.0273, 'train_acc': 0.99, 'task_loss': (0.0273, 0.0)}
{'epoch': 83, 'train_loss': 0.0408, 'train_acc': 0.98, 'task_loss': (0.0408, 0.0)}
{'epoch': 84, 'train_loss': 0.0459, 'train_acc': 0.97, 'task_loss': (0.0459, 0.0)}
{'epoch': 85, 'train_loss': 0.0448, 'train_acc': 0.96, 'task_loss': (0.0448, 0.0)}
{'epoch': 86, 'train_loss': 0.0453, 'train_acc': 0.95, 'task_loss': (0.0453, 0.0)}
{'epoch': 87, 'train_loss': 0.0233, 'train_acc': 0.99, 'task_loss': (0.0233, 0.0)}
{'epoch': 88, 'train_loss': 0.0311, 'train_acc': 0.98, 'task_loss': (0.0311, 0.0)}
{'epoch': 89, 'train_loss': 0.0666, 'train_acc': 0.96, 'task_loss': (0.0666, 0.0)}
{'epoch': 90, 'train_loss': 0.0162, 'train_acc': 1.0, 'task_loss': (0.0162, 0.0)}
{'epoch': 91, 'train_loss': 0.0438, 'train_acc': 0.98, 'task_loss': (0.0438, 0.0)}
{'epoch': 92, 'train_loss': 0.022, 'train_acc': 0.99, 'task_loss': (0.022, 0.0)}
{'epoch': 93, 'train_loss': 0.0317, 'train_acc': 0.98, 'task_loss': (0.0317, 0.0)}
{'epoch': 94, 'train_loss': 0.0217, 'train_acc': 0.99, 'task_loss': (0.0217, 0.0)}
{'epoch': 95, 'train_loss': 0.0349, 'train_acc': 0.98, 'task_loss': (0.0349, 0.0)}
{'epoch': 96, 'train_loss': 0.0451, 'train_acc': 0.98, 'task_loss': (0.0451, 0.0)}
{'epoch': 97, 'train_loss': 0.0576, 'train_acc': 0.95, 'task_loss': (0.0576, 0.0)}
{'epoch': 98, 'train_loss': 0.0233, 'train_acc': 0.99, 'task_loss': (0.0233, 0.0)}
{'epoch': 99, 'train_loss': 0.0329, 'train_acc': 0.97, 'task_loss': (0.0329, 0.0)}
{'epoch': 100, 'train_loss': 0.0393, 'train_acc': 0.97, 'task_loss': (0.0393, 0.0)}
{'run_num': 4, 'final_test_err': 0.22050000000000003}
Files already downloaded and verified
Files already downloaded and verified
{'epoch': 1, 'train_loss': 1.0787, 'train_acc': 0.58, 'task_loss': (1.0787, 0.0)}
{'epoch': 2, 'train_loss': 1.2137, 'train_acc': 0.57, 'task_loss': (1.2137, 0.0)}
{'epoch': 3, 'train_loss': 0.5792, 'train_acc': 0.64, 'task_loss': (0.5792, 0.0)}
{'epoch': 4, 'train_loss': 0.426, 'train_acc': 0.71, 'task_loss': (0.426, 0.0)}
{'epoch': 5, 'train_loss': 0.3544, 'train_acc': 0.72, 'task_loss': (0.3544, 0.0)}
{'epoch': 6, 'train_loss': 0.3176, 'train_acc': 0.79, 'task_loss': (0.3176, 0.0)}
{'epoch': 7, 'train_loss': 0.3243, 'train_acc': 0.73, 'task_loss': (0.3243, 0.0)}
{'epoch': 8, 'train_loss': 0.3782, 'train_acc': 0.67, 'task_loss': (0.3782, 0.0)}
{'epoch': 9, 'train_loss': 0.2726, 'train_acc': 0.73, 'task_loss': (0.2726, 0.0)}
{'epoch': 10, 'train_loss': 0.2137, 'train_acc': 0.85, 'task_loss': (0.2137, 0.0)}
{'epoch': 11, 'train_loss': 0.2247, 'train_acc': 0.83, 'task_loss': (0.2247, 0.0)}
{'epoch': 12, 'train_loss': 0.1939, 'train_acc': 0.83, 'task_loss': (0.1939, 0.0)}
{'epoch': 13, 'train_loss': 0.2266, 'train_acc': 0.82, 'task_loss': (0.2266, 0.0)}
{'epoch': 14, 'train_loss': 0.169, 'train_acc': 0.85, 'task_loss': (0.169, 0.0)}
{'epoch': 15, 'train_loss': 0.1553, 'train_acc': 0.86, 'task_loss': (0.1553, 0.0)}
{'epoch': 16, 'train_loss': 0.196, 'train_acc': 0.84, 'task_loss': (0.196, 0.0)}
{'epoch': 17, 'train_loss': 0.1733, 'train_acc': 0.82, 'task_loss': (0.1733, 0.0)}
{'epoch': 18, 'train_loss': 0.1777, 'train_acc': 0.87, 'task_loss': (0.1777, 0.0)}
{'epoch': 19, 'train_loss': 0.1176, 'train_acc': 0.89, 'task_loss': (0.1176, 0.0)}
{'epoch': 20, 'train_loss': 0.1565, 'train_acc': 0.86, 'task_loss': (0.1565, 0.0)}
{'epoch': 21, 'train_loss': 0.1662, 'train_acc': 0.86, 'task_loss': (0.1662, 0.0)}
{'epoch': 22, 'train_loss': 0.1686, 'train_acc': 0.86, 'task_loss': (0.1686, 0.0)}
{'epoch': 23, 'train_loss': 0.1057, 'train_acc': 0.91, 'task_loss': (0.1057, 0.0)}
{'epoch': 24, 'train_loss': 0.1059, 'train_acc': 0.91, 'task_loss': (0.1059, 0.0)}
{'epoch': 25, 'train_loss': 0.1142, 'train_acc': 0.89, 'task_loss': (0.1142, 0.0)}
{'epoch': 26, 'train_loss': 0.1697, 'train_acc': 0.87, 'task_loss': (0.1697, 0.0)}
{'epoch': 27, 'train_loss': 0.2003, 'train_acc': 0.82, 'task_loss': (0.2003, 0.0)}
{'epoch': 28, 'train_loss': 0.0952, 'train_acc': 0.91, 'task_loss': (0.0952, 0.0)}
{'epoch': 29, 'train_loss': 0.1204, 'train_acc': 0.89, 'task_loss': (0.1204, 0.0)}
{'epoch': 30, 'train_loss': 0.091, 'train_acc': 0.91, 'task_loss': (0.091, 0.0)}
{'epoch': 31, 'train_loss': 0.0642, 'train_acc': 0.95, 'task_loss': (0.0642, 0.0)}
{'epoch': 32, 'train_loss': 0.1005, 'train_acc': 0.95, 'task_loss': (0.1005, 0.0)}
{'epoch': 33, 'train_loss': 0.0947, 'train_acc': 0.92, 'task_loss': (0.0947, 0.0)}
{'epoch': 34, 'train_loss': 0.1592, 'train_acc': 0.87, 'task_loss': (0.1592, 0.0)}
{'epoch': 35, 'train_loss': 0.0688, 'train_acc': 0.94, 'task_loss': (0.0688, 0.0)}
{'epoch': 36, 'train_loss': 0.1327, 'train_acc': 0.88, 'task_loss': (0.1327, 0.0)}
{'epoch': 37, 'train_loss': 0.1819, 'train_acc': 0.88, 'task_loss': (0.1819, 0.0)}
{'epoch': 38, 'train_loss': 0.0844, 'train_acc': 0.94, 'task_loss': (0.0844, 0.0)}
{'epoch': 39, 'train_loss': 0.0723, 'train_acc': 0.93, 'task_loss': (0.0723, 0.0)}
{'epoch': 40, 'train_loss': 0.1009, 'train_acc': 0.94, 'task_loss': (0.1009, 0.0)}
{'epoch': 41, 'train_loss': 0.1246, 'train_acc': 0.93, 'task_loss': (0.1246, 0.0)}
{'epoch': 42, 'train_loss': 0.081, 'train_acc': 0.95, 'task_loss': (0.081, 0.0)}
{'epoch': 43, 'train_loss': 0.1122, 'train_acc': 0.91, 'task_loss': (0.1122, 0.0)}
{'epoch': 44, 'train_loss': 0.0614, 'train_acc': 0.95, 'task_loss': (0.0614, 0.0)}
{'epoch': 45, 'train_loss': 0.0944, 'train_acc': 0.93, 'task_loss': (0.0944, 0.0)}
{'epoch': 46, 'train_loss': 0.0887, 'train_acc': 0.93, 'task_loss': (0.0887, 0.0)}
{'epoch': 47, 'train_loss': 0.0549, 'train_acc': 0.96, 'task_loss': (0.0549, 0.0)}
{'epoch': 48, 'train_loss': 0.0407, 'train_acc': 0.97, 'task_loss': (0.0407, 0.0)}
{'epoch': 49, 'train_loss': 0.055, 'train_acc': 0.97, 'task_loss': (0.055, 0.0)}
{'epoch': 50, 'train_loss': 0.0553, 'train_acc': 0.97, 'task_loss': (0.0553, 0.0)}
{'epoch': 51, 'train_loss': 0.077, 'train_acc': 0.92, 'task_loss': (0.077, 0.0)}
{'epoch': 52, 'train_loss': 0.0732, 'train_acc': 0.95, 'task_loss': (0.0732, 0.0)}
{'epoch': 53, 'train_loss': 0.0459, 'train_acc': 0.97, 'task_loss': (0.0459, 0.0)}
{'epoch': 54, 'train_loss': 0.0401, 'train_acc': 0.98, 'task_loss': (0.0401, 0.0)}
{'epoch': 55, 'train_loss': 0.0488, 'train_acc': 0.96, 'task_loss': (0.0488, 0.0)}
{'epoch': 56, 'train_loss': 0.0724, 'train_acc': 0.93, 'task_loss': (0.0724, 0.0)}
{'epoch': 57, 'train_loss': 0.0596, 'train_acc': 0.95, 'task_loss': (0.0596, 0.0)}
{'epoch': 58, 'train_loss': 0.0253, 'train_acc': 0.97, 'task_loss': (0.0253, 0.0)}
{'epoch': 59, 'train_loss': 0.0294, 'train_acc': 0.97, 'task_loss': (0.0294, 0.0)}
{'epoch': 60, 'train_loss': 0.0381, 'train_acc': 0.97, 'task_loss': (0.0381, 0.0)}
{'epoch': 61, 'train_loss': 0.0944, 'train_acc': 0.92, 'task_loss': (0.0944, 0.0)}
{'epoch': 62, 'train_loss': 0.0974, 'train_acc': 0.94, 'task_loss': (0.0974, 0.0)}
{'epoch': 63, 'train_loss': 0.0529, 'train_acc': 0.95, 'task_loss': (0.0529, 0.0)}
{'epoch': 64, 'train_loss': 0.0335, 'train_acc': 0.97, 'task_loss': (0.0335, 0.0)}
{'epoch': 65, 'train_loss': 0.0311, 'train_acc': 0.98, 'task_loss': (0.0311, 0.0)}
{'epoch': 66, 'train_loss': 0.0199, 'train_acc': 1.0, 'task_loss': (0.0199, 0.0)}
{'epoch': 67, 'train_loss': 0.0538, 'train_acc': 0.94, 'task_loss': (0.0538, 0.0)}
{'epoch': 68, 'train_loss': 0.0254, 'train_acc': 0.99, 'task_loss': (0.0254, 0.0)}
{'epoch': 69, 'train_loss': 0.0157, 'train_acc': 1.0, 'task_loss': (0.0157, 0.0)}
{'epoch': 70, 'train_loss': 0.028, 'train_acc': 1.0, 'task_loss': (0.028, 0.0)}
{'epoch': 71, 'train_loss': 0.031, 'train_acc': 0.99, 'task_loss': (0.031, 0.0)}
{'epoch': 72, 'train_loss': 0.0367, 'train_acc': 0.98, 'task_loss': (0.0367, 0.0)}
{'epoch': 73, 'train_loss': 0.0185, 'train_acc': 0.98, 'task_loss': (0.0185, 0.0)}
{'epoch': 74, 'train_loss': 0.0274, 'train_acc': 0.98, 'task_loss': (0.0274, 0.0)}
{'epoch': 75, 'train_loss': 0.0234, 'train_acc': 0.99, 'task_loss': (0.0234, 0.0)}
{'epoch': 76, 'train_loss': 0.0242, 'train_acc': 0.99, 'task_loss': (0.0242, 0.0)}
{'epoch': 77, 'train_loss': 0.0257, 'train_acc': 0.98, 'task_loss': (0.0257, 0.0)}
{'epoch': 78, 'train_loss': 0.0217, 'train_acc': 0.99, 'task_loss': (0.0217, 0.0)}
{'epoch': 79, 'train_loss': 0.0113, 'train_acc': 1.0, 'task_loss': (0.0113, 0.0)}
{'epoch': 80, 'train_loss': 0.0295, 'train_acc': 0.98, 'task_loss': (0.0295, 0.0)}
{'epoch': 81, 'train_loss': 0.013, 'train_acc': 0.99, 'task_loss': (0.013, 0.0)}
{'epoch': 82, 'train_loss': 0.0205, 'train_acc': 0.98, 'task_loss': (0.0205, 0.0)}
{'epoch': 83, 'train_loss': 0.0136, 'train_acc': 0.99, 'task_loss': (0.0136, 0.0)}
{'epoch': 84, 'train_loss': 0.0274, 'train_acc': 0.97, 'task_loss': (0.0274, 0.0)}
{'epoch': 85, 'train_loss': 0.0128, 'train_acc': 1.0, 'task_loss': (0.0128, 0.0)}
{'epoch': 86, 'train_loss': 0.0444, 'train_acc': 0.97, 'task_loss': (0.0444, 0.0)}
{'epoch': 87, 'train_loss': 0.0288, 'train_acc': 0.97, 'task_loss': (0.0288, 0.0)}
{'epoch': 88, 'train_loss': 0.024, 'train_acc': 0.99, 'task_loss': (0.024, 0.0)}
{'epoch': 89, 'train_loss': 0.0288, 'train_acc': 0.99, 'task_loss': (0.0288, 0.0)}
{'epoch': 90, 'train_loss': 0.0137, 'train_acc': 0.98, 'task_loss': (0.0137, 0.0)}
{'epoch': 91, 'train_loss': 0.0195, 'train_acc': 0.98, 'task_loss': (0.0195, 0.0)}
{'epoch': 92, 'train_loss': 0.0248, 'train_acc': 0.99, 'task_loss': (0.0248, 0.0)}
{'epoch': 93, 'train_loss': 0.0172, 'train_acc': 0.99, 'task_loss': (0.0172, 0.0)}
{'epoch': 94, 'train_loss': 0.0097, 'train_acc': 1.0, 'task_loss': (0.0097, 0.0)}
{'epoch': 95, 'train_loss': 0.0143, 'train_acc': 1.0, 'task_loss': (0.0143, 0.0)}
{'epoch': 96, 'train_loss': 0.0129, 'train_acc': 1.0, 'task_loss': (0.0129, 0.0)}
{'epoch': 97, 'train_loss': 0.0189, 'train_acc': 1.0, 'task_loss': (0.0189, 0.0)}
{'epoch': 98, 'train_loss': 0.0174, 'train_acc': 0.99, 'task_loss': (0.0174, 0.0)}
{'epoch': 99, 'train_loss': 0.0192, 'train_acc': 0.98, 'task_loss': (0.0192, 0.0)}
{'epoch': 100, 'train_loss': 0.0504, 'train_acc': 0.96, 'task_loss': (0.0504, 0.0)}
{'run_num': 5, 'final_test_err': 0.138}
Files already downloaded and verified
Files already downloaded and verified
{'epoch': 1, 'train_loss': 1.4898, 'train_acc': 0.49, 'task_loss': (1.4898, 0.0)}
{'epoch': 2, 'train_loss': 0.547, 'train_acc': 0.7, 'task_loss': (0.547, 0.0)}
{'epoch': 3, 'train_loss': 0.5754, 'train_acc': 0.67, 'task_loss': (0.5754, 0.0)}
{'epoch': 4, 'train_loss': 0.3072, 'train_acc': 0.74, 'task_loss': (0.3072, 0.0)}
{'epoch': 5, 'train_loss': 0.4451, 'train_acc': 0.64, 'task_loss': (0.4451, 0.0)}
{'epoch': 6, 'train_loss': 0.4197, 'train_acc': 0.73, 'task_loss': (0.4197, 0.0)}
{'epoch': 7, 'train_loss': 0.2644, 'train_acc': 0.77, 'task_loss': (0.2644, 0.0)}
{'epoch': 8, 'train_loss': 0.2929, 'train_acc': 0.75, 'task_loss': (0.2929, 0.0)}
{'epoch': 9, 'train_loss': 0.2738, 'train_acc': 0.77, 'task_loss': (0.2738, 0.0)}
{'epoch': 10, 'train_loss': 0.3141, 'train_acc': 0.75, 'task_loss': (0.3141, 0.0)}
{'epoch': 11, 'train_loss': 0.2362, 'train_acc': 0.78, 'task_loss': (0.2362, 0.0)}
{'epoch': 12, 'train_loss': 0.2301, 'train_acc': 0.83, 'task_loss': (0.2301, 0.0)}
{'epoch': 13, 'train_loss': 0.21, 'train_acc': 0.79, 'task_loss': (0.21, 0.0)}
{'epoch': 14, 'train_loss': 0.2287, 'train_acc': 0.78, 'task_loss': (0.2287, 0.0)}
{'epoch': 15, 'train_loss': 0.2137, 'train_acc': 0.8, 'task_loss': (0.2137, 0.0)}
{'epoch': 16, 'train_loss': 0.2552, 'train_acc': 0.77, 'task_loss': (0.2552, 0.0)}
{'epoch': 17, 'train_loss': 0.2433, 'train_acc': 0.79, 'task_loss': (0.2433, 0.0)}
{'epoch': 18, 'train_loss': 0.1552, 'train_acc': 0.89, 'task_loss': (0.1552, 0.0)}
{'epoch': 19, 'train_loss': 0.1914, 'train_acc': 0.84, 'task_loss': (0.1914, 0.0)}
{'epoch': 20, 'train_loss': 0.1657, 'train_acc': 0.86, 'task_loss': (0.1657, 0.0)}
{'epoch': 21, 'train_loss': 0.172, 'train_acc': 0.83, 'task_loss': (0.172, 0.0)}
{'epoch': 22, 'train_loss': 0.1308, 'train_acc': 0.9, 'task_loss': (0.1308, 0.0)}
{'epoch': 23, 'train_loss': 0.1485, 'train_acc': 0.87, 'task_loss': (0.1485, 0.0)}
{'epoch': 24, 'train_loss': 0.237, 'train_acc': 0.77, 'task_loss': (0.237, 0.0)}
{'epoch': 25, 'train_loss': 0.232, 'train_acc': 0.79, 'task_loss': (0.232, 0.0)}
{'epoch': 26, 'train_loss': 0.1382, 'train_acc': 0.88, 'task_loss': (0.1382, 0.0)}
{'epoch': 27, 'train_loss': 0.1455, 'train_acc': 0.86, 'task_loss': (0.1455, 0.0)}
{'epoch': 28, 'train_loss': 0.1571, 'train_acc': 0.88, 'task_loss': (0.1571, 0.0)}
{'epoch': 29, 'train_loss': 0.1655, 'train_acc': 0.83, 'task_loss': (0.1655, 0.0)}
{'epoch': 30, 'train_loss': 0.1262, 'train_acc': 0.89, 'task_loss': (0.1262, 0.0)}
{'epoch': 31, 'train_loss': 0.0866, 'train_acc': 0.92, 'task_loss': (0.0866, 0.0)}
{'epoch': 32, 'train_loss': 0.0846, 'train_acc': 0.95, 'task_loss': (0.0846, 0.0)}
{'epoch': 33, 'train_loss': 0.1501, 'train_acc': 0.88, 'task_loss': (0.1501, 0.0)}
{'epoch': 34, 'train_loss': 0.1247, 'train_acc': 0.9, 'task_loss': (0.1247, 0.0)}
{'epoch': 35, 'train_loss': 0.1048, 'train_acc': 0.92, 'task_loss': (0.1048, 0.0)}
{'epoch': 36, 'train_loss': 0.1118, 'train_acc': 0.92, 'task_loss': (0.1118, 0.0)}
{'epoch': 37, 'train_loss': 0.1144, 'train_acc': 0.89, 'task_loss': (0.1144, 0.0)}
{'epoch': 38, 'train_loss': 0.1177, 'train_acc': 0.89, 'task_loss': (0.1177, 0.0)}
{'epoch': 39, 'train_loss': 0.1079, 'train_acc': 0.91, 'task_loss': (0.1079, 0.0)}
{'epoch': 40, 'train_loss': 0.2139, 'train_acc': 0.83, 'task_loss': (0.2139, 0.0)}
{'epoch': 41, 'train_loss': 0.0989, 'train_acc': 0.92, 'task_loss': (0.0989, 0.0)}
{'epoch': 42, 'train_loss': 0.0808, 'train_acc': 0.94, 'task_loss': (0.0808, 0.0)}
{'epoch': 43, 'train_loss': 0.1143, 'train_acc': 0.9, 'task_loss': (0.1143, 0.0)}
{'epoch': 44, 'train_loss': 0.1085, 'train_acc': 0.89, 'task_loss': (0.1085, 0.0)}
{'epoch': 45, 'train_loss': 0.1003, 'train_acc': 0.91, 'task_loss': (0.1003, 0.0)}
{'epoch': 46, 'train_loss': 0.0668, 'train_acc': 0.94, 'task_loss': (0.0668, 0.0)}
{'epoch': 47, 'train_loss': 0.0798, 'train_acc': 0.96, 'task_loss': (0.0798, 0.0)}
{'epoch': 48, 'train_loss': 0.069, 'train_acc': 0.93, 'task_loss': (0.069, 0.0)}
{'epoch': 49, 'train_loss': 0.0859, 'train_acc': 0.93, 'task_loss': (0.0859, 0.0)}
{'epoch': 50, 'train_loss': 0.0443, 'train_acc': 0.97, 'task_loss': (0.0443, 0.0)}
{'epoch': 51, 'train_loss': 0.0445, 'train_acc': 0.96, 'task_loss': (0.0445, 0.0)}
{'epoch': 52, 'train_loss': 0.0549, 'train_acc': 0.96, 'task_loss': (0.0549, 0.0)}
{'epoch': 53, 'train_loss': 0.0496, 'train_acc': 0.94, 'task_loss': (0.0496, 0.0)}
{'epoch': 54, 'train_loss': 0.0343, 'train_acc': 0.97, 'task_loss': (0.0343, 0.0)}
{'epoch': 55, 'train_loss': 0.0308, 'train_acc': 0.99, 'task_loss': (0.0308, 0.0)}
{'epoch': 56, 'train_loss': 0.0279, 'train_acc': 0.97, 'task_loss': (0.0279, 0.0)}
{'epoch': 57, 'train_loss': 0.0458, 'train_acc': 0.96, 'task_loss': (0.0458, 0.0)}
{'epoch': 58, 'train_loss': 0.0411, 'train_acc': 0.98, 'task_loss': (0.0411, 0.0)}
{'epoch': 59, 'train_loss': 0.0393, 'train_acc': 0.98, 'task_loss': (0.0393, 0.0)}
{'epoch': 60, 'train_loss': 0.0425, 'train_acc': 0.96, 'task_loss': (0.0425, 0.0)}
{'epoch': 61, 'train_loss': 0.0339, 'train_acc': 0.97, 'task_loss': (0.0339, 0.0)}
{'epoch': 62, 'train_loss': 0.0524, 'train_acc': 0.97, 'task_loss': (0.0524, 0.0)}
{'epoch': 63, 'train_loss': 0.0442, 'train_acc': 0.96, 'task_loss': (0.0442, 0.0)}
{'epoch': 64, 'train_loss': 0.0275, 'train_acc': 0.98, 'task_loss': (0.0275, 0.0)}
{'epoch': 65, 'train_loss': 0.0283, 'train_acc': 0.99, 'task_loss': (0.0283, 0.0)}
{'epoch': 66, 'train_loss': 0.0433, 'train_acc': 0.96, 'task_loss': (0.0433, 0.0)}
{'epoch': 67, 'train_loss': 0.0236, 'train_acc': 0.98, 'task_loss': (0.0236, 0.0)}
{'epoch': 68, 'train_loss': 0.0363, 'train_acc': 0.98, 'task_loss': (0.0363, 0.0)}
{'epoch': 69, 'train_loss': 0.0175, 'train_acc': 1.0, 'task_loss': (0.0175, 0.0)}
{'epoch': 70, 'train_loss': 0.028, 'train_acc': 0.97, 'task_loss': (0.028, 0.0)}
{'epoch': 71, 'train_loss': 0.0301, 'train_acc': 0.99, 'task_loss': (0.0301, 0.0)}
{'epoch': 72, 'train_loss': 0.0222, 'train_acc': 0.98, 'task_loss': (0.0222, 0.0)}
{'epoch': 73, 'train_loss': 0.0348, 'train_acc': 0.98, 'task_loss': (0.0348, 0.0)}
{'epoch': 74, 'train_loss': 0.0256, 'train_acc': 0.97, 'task_loss': (0.0256, 0.0)}
{'epoch': 75, 'train_loss': 0.0164, 'train_acc': 1.0, 'task_loss': (0.0164, 0.0)}
{'epoch': 76, 'train_loss': 0.029, 'train_acc': 0.97, 'task_loss': (0.029, 0.0)}
{'epoch': 77, 'train_loss': 0.0178, 'train_acc': 0.99, 'task_loss': (0.0178, 0.0)}
{'epoch': 78, 'train_loss': 0.0142, 'train_acc': 0.99, 'task_loss': (0.0142, 0.0)}
{'epoch': 79, 'train_loss': 0.0287, 'train_acc': 0.98, 'task_loss': (0.0287, 0.0)}
{'epoch': 80, 'train_loss': 0.0104, 'train_acc': 1.0, 'task_loss': (0.0104, 0.0)}
{'epoch': 81, 'train_loss': 0.0187, 'train_acc': 0.99, 'task_loss': (0.0187, 0.0)}
{'epoch': 82, 'train_loss': 0.0204, 'train_acc': 0.99, 'task_loss': (0.0204, 0.0)}
{'epoch': 83, 'train_loss': 0.0146, 'train_acc': 0.99, 'task_loss': (0.0146, 0.0)}
{'epoch': 84, 'train_loss': 0.0156, 'train_acc': 0.99, 'task_loss': (0.0156, 0.0)}
{'epoch': 85, 'train_loss': 0.0215, 'train_acc': 0.99, 'task_loss': (0.0215, 0.0)}
{'epoch': 86, 'train_loss': 0.0213, 'train_acc': 0.99, 'task_loss': (0.0213, 0.0)}
{'epoch': 87, 'train_loss': 0.0166, 'train_acc': 0.99, 'task_loss': (0.0166, 0.0)}
{'epoch': 88, 'train_loss': 0.0277, 'train_acc': 0.99, 'task_loss': (0.0277, 0.0)}
{'epoch': 89, 'train_loss': 0.0151, 'train_acc': 0.99, 'task_loss': (0.0151, 0.0)}
{'epoch': 90, 'train_loss': 0.0112, 'train_acc': 1.0, 'task_loss': (0.0112, 0.0)}
{'epoch': 91, 'train_loss': 0.0295, 'train_acc': 0.99, 'task_loss': (0.0295, 0.0)}
{'epoch': 92, 'train_loss': 0.023, 'train_acc': 0.97, 'task_loss': (0.023, 0.0)}
{'epoch': 93, 'train_loss': 0.0182, 'train_acc': 0.99, 'task_loss': (0.0182, 0.0)}
{'epoch': 94, 'train_loss': 0.0158, 'train_acc': 1.0, 'task_loss': (0.0158, 0.0)}
{'epoch': 95, 'train_loss': 0.0162, 'train_acc': 0.99, 'task_loss': (0.0162, 0.0)}
{'epoch': 96, 'train_loss': 0.0091, 'train_acc': 1.0, 'task_loss': (0.0091, 0.0)}
{'epoch': 97, 'train_loss': 0.0121, 'train_acc': 0.99, 'task_loss': (0.0121, 0.0)}
{'epoch': 98, 'train_loss': 0.0246, 'train_acc': 0.99, 'task_loss': (0.0246, 0.0)}
{'epoch': 99, 'train_loss': 0.0191, 'train_acc': 0.98, 'task_loss': (0.0191, 0.0)}
{'epoch': 100, 'train_loss': 0.0211, 'train_acc': 0.99, 'task_loss': (0.0211, 0.0)}
{'run_num': 6, 'final_test_err': 0.15049999999999997}
Files already downloaded and verified
Files already downloaded and verified
{'epoch': 1, 'train_loss': 0.8449, 'train_acc': 0.64, 'task_loss': (0.8449, 0.0)}
{'epoch': 2, 'train_loss': 1.1336, 'train_acc': 0.56, 'task_loss': (1.1336, 0.0)}
{'epoch': 3, 'train_loss': 0.8126, 'train_acc': 0.63, 'task_loss': (0.8126, 0.0)}
{'epoch': 4, 'train_loss': 0.5411, 'train_acc': 0.68, 'task_loss': (0.5411, 0.0)}
{'epoch': 5, 'train_loss': 0.3082, 'train_acc': 0.74, 'task_loss': (0.3082, 0.0)}
{'epoch': 6, 'train_loss': 0.4079, 'train_acc': 0.64, 'task_loss': (0.4079, 0.0)}
{'epoch': 7, 'train_loss': 0.3116, 'train_acc': 0.77, 'task_loss': (0.3116, 0.0)}
{'epoch': 8, 'train_loss': 0.4597, 'train_acc': 0.7, 'task_loss': (0.4597, 0.0)}
{'epoch': 9, 'train_loss': 0.3468, 'train_acc': 0.75, 'task_loss': (0.3468, 0.0)}
{'epoch': 10, 'train_loss': 0.2518, 'train_acc': 0.75, 'task_loss': (0.2518, 0.0)}
{'epoch': 11, 'train_loss': 0.287, 'train_acc': 0.77, 'task_loss': (0.287, 0.0)}
{'epoch': 12, 'train_loss': 0.2074, 'train_acc': 0.84, 'task_loss': (0.2074, 0.0)}
{'epoch': 13, 'train_loss': 0.1669, 'train_acc': 0.83, 'task_loss': (0.1669, 0.0)}
{'epoch': 14, 'train_loss': 0.2184, 'train_acc': 0.8, 'task_loss': (0.2184, 0.0)}
{'epoch': 15, 'train_loss': 0.1818, 'train_acc': 0.84, 'task_loss': (0.1818, 0.0)}
{'epoch': 16, 'train_loss': 0.1104, 'train_acc': 0.91, 'task_loss': (0.1104, 0.0)}
{'epoch': 17, 'train_loss': 0.118, 'train_acc': 0.88, 'task_loss': (0.118, 0.0)}
{'epoch': 18, 'train_loss': 0.1653, 'train_acc': 0.86, 'task_loss': (0.1653, 0.0)}
{'epoch': 19, 'train_loss': 0.1327, 'train_acc': 0.87, 'task_loss': (0.1327, 0.0)}
{'epoch': 20, 'train_loss': 0.1805, 'train_acc': 0.84, 'task_loss': (0.1805, 0.0)}
{'epoch': 21, 'train_loss': 0.1043, 'train_acc': 0.94, 'task_loss': (0.1043, 0.0)}
{'epoch': 22, 'train_loss': 0.1922, 'train_acc': 0.84, 'task_loss': (0.1922, 0.0)}
{'epoch': 23, 'train_loss': 0.1209, 'train_acc': 0.92, 'task_loss': (0.1209, 0.0)}
{'epoch': 24, 'train_loss': 0.1511, 'train_acc': 0.88, 'task_loss': (0.1511, 0.0)}
{'epoch': 25, 'train_loss': 0.1226, 'train_acc': 0.92, 'task_loss': (0.1226, 0.0)}
{'epoch': 26, 'train_loss': 0.1206, 'train_acc': 0.92, 'task_loss': (0.1206, 0.0)}
{'epoch': 27, 'train_loss': 0.0987, 'train_acc': 0.91, 'task_loss': (0.0987, 0.0)}
{'epoch': 28, 'train_loss': 0.0837, 'train_acc': 0.96, 'task_loss': (0.0837, 0.0)}
{'epoch': 29, 'train_loss': 0.1664, 'train_acc': 0.85, 'task_loss': (0.1664, 0.0)}
{'epoch': 30, 'train_loss': 0.1294, 'train_acc': 0.87, 'task_loss': (0.1294, 0.0)}
{'epoch': 31, 'train_loss': 0.1561, 'train_acc': 0.86, 'task_loss': (0.1561, 0.0)}
{'epoch': 32, 'train_loss': 0.1039, 'train_acc': 0.91, 'task_loss': (0.1039, 0.0)}
{'epoch': 33, 'train_loss': 0.0956, 'train_acc': 0.92, 'task_loss': (0.0956, 0.0)}
{'epoch': 34, 'train_loss': 0.1402, 'train_acc': 0.89, 'task_loss': (0.1402, 0.0)}
{'epoch': 35, 'train_loss': 0.0828, 'train_acc': 0.91, 'task_loss': (0.0828, 0.0)}
{'epoch': 36, 'train_loss': 0.1481, 'train_acc': 0.88, 'task_loss': (0.1481, 0.0)}
{'epoch': 37, 'train_loss': 0.1187, 'train_acc': 0.92, 'task_loss': (0.1187, 0.0)}
{'epoch': 38, 'train_loss': 0.0936, 'train_acc': 0.92, 'task_loss': (0.0936, 0.0)}
{'epoch': 39, 'train_loss': 0.1211, 'train_acc': 0.89, 'task_loss': (0.1211, 0.0)}
{'epoch': 40, 'train_loss': 0.089, 'train_acc': 0.92, 'task_loss': (0.089, 0.0)}
{'epoch': 41, 'train_loss': 0.0881, 'train_acc': 0.92, 'task_loss': (0.0881, 0.0)}
{'epoch': 42, 'train_loss': 0.0943, 'train_acc': 0.91, 'task_loss': (0.0943, 0.0)}
{'epoch': 43, 'train_loss': 0.0862, 'train_acc': 0.92, 'task_loss': (0.0862, 0.0)}
{'epoch': 44, 'train_loss': 0.0578, 'train_acc': 0.94, 'task_loss': (0.0578, 0.0)}
{'epoch': 45, 'train_loss': 0.0457, 'train_acc': 0.96, 'task_loss': (0.0457, 0.0)}
{'epoch': 46, 'train_loss': 0.0311, 'train_acc': 0.99, 'task_loss': (0.0311, 0.0)}
{'epoch': 47, 'train_loss': 0.0811, 'train_acc': 0.94, 'task_loss': (0.0811, 0.0)}
{'epoch': 48, 'train_loss': 0.0481, 'train_acc': 0.95, 'task_loss': (0.0481, 0.0)}
{'epoch': 49, 'train_loss': 0.0669, 'train_acc': 0.92, 'task_loss': (0.0669, 0.0)}
{'epoch': 50, 'train_loss': 0.0311, 'train_acc': 1.0, 'task_loss': (0.0311, 0.0)}
{'epoch': 51, 'train_loss': 0.0425, 'train_acc': 0.98, 'task_loss': (0.0425, 0.0)}
{'epoch': 52, 'train_loss': 0.0339, 'train_acc': 1.0, 'task_loss': (0.0339, 0.0)}
{'epoch': 53, 'train_loss': 0.0543, 'train_acc': 0.97, 'task_loss': (0.0543, 0.0)}
{'epoch': 54, 'train_loss': 0.0447, 'train_acc': 0.96, 'task_loss': (0.0447, 0.0)}
{'epoch': 55, 'train_loss': 0.0271, 'train_acc': 0.98, 'task_loss': (0.0271, 0.0)}
{'epoch': 56, 'train_loss': 0.0307, 'train_acc': 0.99, 'task_loss': (0.0307, 0.0)}
{'epoch': 57, 'train_loss': 0.0388, 'train_acc': 0.97, 'task_loss': (0.0388, 0.0)}
{'epoch': 58, 'train_loss': 0.0228, 'train_acc': 0.99, 'task_loss': (0.0228, 0.0)}
{'epoch': 59, 'train_loss': 0.0213, 'train_acc': 0.98, 'task_loss': (0.0213, 0.0)}
{'epoch': 60, 'train_loss': 0.0436, 'train_acc': 0.98, 'task_loss': (0.0436, 0.0)}
{'epoch': 61, 'train_loss': 0.0182, 'train_acc': 0.99, 'task_loss': (0.0182, 0.0)}
{'epoch': 62, 'train_loss': 0.0344, 'train_acc': 0.97, 'task_loss': (0.0344, 0.0)}
{'epoch': 63, 'train_loss': 0.015, 'train_acc': 0.99, 'task_loss': (0.015, 0.0)}
{'epoch': 64, 'train_loss': 0.0395, 'train_acc': 0.96, 'task_loss': (0.0395, 0.0)}
{'epoch': 65, 'train_loss': 0.0229, 'train_acc': 0.98, 'task_loss': (0.0229, 0.0)}
{'epoch': 66, 'train_loss': 0.0201, 'train_acc': 0.99, 'task_loss': (0.0201, 0.0)}
{'epoch': 67, 'train_loss': 0.0054, 'train_acc': 1.0, 'task_loss': (0.0054, 0.0)}
{'epoch': 68, 'train_loss': 0.0107, 'train_acc': 1.0, 'task_loss': (0.0107, 0.0)}
{'epoch': 69, 'train_loss': 0.0456, 'train_acc': 0.95, 'task_loss': (0.0456, 0.0)}
{'epoch': 70, 'train_loss': 0.0128, 'train_acc': 1.0, 'task_loss': (0.0128, 0.0)}
{'epoch': 71, 'train_loss': 0.0269, 'train_acc': 0.99, 'task_loss': (0.0269, 0.0)}
{'epoch': 72, 'train_loss': 0.025, 'train_acc': 0.99, 'task_loss': (0.025, 0.0)}
{'epoch': 73, 'train_loss': 0.0273, 'train_acc': 0.97, 'task_loss': (0.0273, 0.0)}
{'epoch': 74, 'train_loss': 0.0195, 'train_acc': 0.99, 'task_loss': (0.0195, 0.0)}
{'epoch': 75, 'train_loss': 0.0114, 'train_acc': 0.99, 'task_loss': (0.0114, 0.0)}
{'epoch': 76, 'train_loss': 0.046, 'train_acc': 0.98, 'task_loss': (0.046, 0.0)}
{'epoch': 77, 'train_loss': 0.0252, 'train_acc': 0.98, 'task_loss': (0.0252, 0.0)}
{'epoch': 78, 'train_loss': 0.0258, 'train_acc': 0.99, 'task_loss': (0.0258, 0.0)}
{'epoch': 79, 'train_loss': 0.0371, 'train_acc': 0.98, 'task_loss': (0.0371, 0.0)}
{'epoch': 80, 'train_loss': 0.0128, 'train_acc': 0.99, 'task_loss': (0.0128, 0.0)}
{'epoch': 81, 'train_loss': 0.011, 'train_acc': 1.0, 'task_loss': (0.011, 0.0)}
{'epoch': 82, 'train_loss': 0.0553, 'train_acc': 0.97, 'task_loss': (0.0553, 0.0)}
{'epoch': 83, 'train_loss': 0.0283, 'train_acc': 0.98, 'task_loss': (0.0283, 0.0)}
{'epoch': 84, 'train_loss': 0.0258, 'train_acc': 0.98, 'task_loss': (0.0258, 0.0)}
{'epoch': 85, 'train_loss': 0.0261, 'train_acc': 0.99, 'task_loss': (0.0261, 0.0)}
{'epoch': 86, 'train_loss': 0.0137, 'train_acc': 0.99, 'task_loss': (0.0137, 0.0)}
{'epoch': 87, 'train_loss': 0.0236, 'train_acc': 0.98, 'task_loss': (0.0236, 0.0)}
{'epoch': 88, 'train_loss': 0.0128, 'train_acc': 1.0, 'task_loss': (0.0128, 0.0)}
{'epoch': 89, 'train_loss': 0.0101, 'train_acc': 1.0, 'task_loss': (0.0101, 0.0)}
{'epoch': 90, 'train_loss': 0.0176, 'train_acc': 1.0, 'task_loss': (0.0176, 0.0)}
{'epoch': 91, 'train_loss': 0.0253, 'train_acc': 0.98, 'task_loss': (0.0253, 0.0)}
{'epoch': 92, 'train_loss': 0.0143, 'train_acc': 0.99, 'task_loss': (0.0143, 0.0)}
{'epoch': 93, 'train_loss': 0.0134, 'train_acc': 1.0, 'task_loss': (0.0134, 0.0)}
{'epoch': 94, 'train_loss': 0.0084, 'train_acc': 1.0, 'task_loss': (0.0084, 0.0)}
{'epoch': 95, 'train_loss': 0.0078, 'train_acc': 1.0, 'task_loss': (0.0078, 0.0)}
{'epoch': 96, 'train_loss': 0.0069, 'train_acc': 1.0, 'task_loss': (0.0069, 0.0)}
{'epoch': 97, 'train_loss': 0.0107, 'train_acc': 1.0, 'task_loss': (0.0107, 0.0)}
{'epoch': 98, 'train_loss': 0.0054, 'train_acc': 1.0, 'task_loss': (0.0054, 0.0)}
{'epoch': 99, 'train_loss': 0.0263, 'train_acc': 0.97, 'task_loss': (0.0263, 0.0)}
{'epoch': 100, 'train_loss': 0.0307, 'train_acc': 0.98, 'task_loss': (0.0307, 0.0)}
{'run_num': 7, 'final_test_err': 0.16749999999999998}
Files already downloaded and verified
Files already downloaded and verified
{'epoch': 1, 'train_loss': 1.349, 'train_acc': 0.49, 'task_loss': (1.349, 0.0)}
{'epoch': 2, 'train_loss': 0.6858, 'train_acc': 0.65, 'task_loss': (0.6858, 0.0)}
{'epoch': 3, 'train_loss': 0.6115, 'train_acc': 0.63, 'task_loss': (0.6115, 0.0)}
{'epoch': 4, 'train_loss': 0.3474, 'train_acc': 0.72, 'task_loss': (0.3474, 0.0)}
{'epoch': 5, 'train_loss': 0.3497, 'train_acc': 0.66, 'task_loss': (0.3497, 0.0)}
{'epoch': 6, 'train_loss': 0.3982, 'train_acc': 0.74, 'task_loss': (0.3982, 0.0)}
{'epoch': 7, 'train_loss': 0.2522, 'train_acc': 0.76, 'task_loss': (0.2522, 0.0)}
{'epoch': 8, 'train_loss': 0.2836, 'train_acc': 0.75, 'task_loss': (0.2836, 0.0)}
{'epoch': 9, 'train_loss': 0.1449, 'train_acc': 0.87, 'task_loss': (0.1449, 0.0)}
{'epoch': 10, 'train_loss': 0.2173, 'train_acc': 0.88, 'task_loss': (0.2173, 0.0)}
{'epoch': 11, 'train_loss': 0.3363, 'train_acc': 0.76, 'task_loss': (0.3363, 0.0)}
{'epoch': 12, 'train_loss': 0.263, 'train_acc': 0.84, 'task_loss': (0.263, 0.0)}
{'epoch': 13, 'train_loss': 0.1747, 'train_acc': 0.82, 'task_loss': (0.1747, 0.0)}
{'epoch': 14, 'train_loss': 0.17, 'train_acc': 0.86, 'task_loss': (0.17, 0.0)}
{'epoch': 15, 'train_loss': 0.24, 'train_acc': 0.87, 'task_loss': (0.24, 0.0)}
{'epoch': 16, 'train_loss': 0.1412, 'train_acc': 0.9, 'task_loss': (0.1412, 0.0)}
{'epoch': 17, 'train_loss': 0.069, 'train_acc': 0.94, 'task_loss': (0.069, 0.0)}
{'epoch': 18, 'train_loss': 0.1084, 'train_acc': 0.95, 'task_loss': (0.1084, 0.0)}
{'epoch': 19, 'train_loss': 0.1807, 'train_acc': 0.86, 'task_loss': (0.1807, 0.0)}
{'epoch': 20, 'train_loss': 0.2137, 'train_acc': 0.84, 'task_loss': (0.2137, 0.0)}
{'epoch': 21, 'train_loss': 0.1822, 'train_acc': 0.85, 'task_loss': (0.1822, 0.0)}
{'epoch': 22, 'train_loss': 0.1484, 'train_acc': 0.87, 'task_loss': (0.1484, 0.0)}
{'epoch': 23, 'train_loss': 0.1359, 'train_acc': 0.9, 'task_loss': (0.1359, 0.0)}
{'epoch': 24, 'train_loss': 0.1272, 'train_acc': 0.88, 'task_loss': (0.1272, 0.0)}
{'epoch': 25, 'train_loss': 0.1295, 'train_acc': 0.88, 'task_loss': (0.1295, 0.0)}
{'epoch': 26, 'train_loss': 0.086, 'train_acc': 0.94, 'task_loss': (0.086, 0.0)}
{'epoch': 27, 'train_loss': 0.123, 'train_acc': 0.89, 'task_loss': (0.123, 0.0)}
{'epoch': 28, 'train_loss': 0.1405, 'train_acc': 0.94, 'task_loss': (0.1405, 0.0)}
{'epoch': 29, 'train_loss': 0.1324, 'train_acc': 0.92, 'task_loss': (0.1324, 0.0)}
{'epoch': 30, 'train_loss': 0.1245, 'train_acc': 0.91, 'task_loss': (0.1245, 0.0)}
{'epoch': 31, 'train_loss': 0.114, 'train_acc': 0.91, 'task_loss': (0.114, 0.0)}
{'epoch': 32, 'train_loss': 0.0922, 'train_acc': 0.94, 'task_loss': (0.0922, 0.0)}
{'epoch': 33, 'train_loss': 0.074, 'train_acc': 0.92, 'task_loss': (0.074, 0.0)}
{'epoch': 34, 'train_loss': 0.0879, 'train_acc': 0.95, 'task_loss': (0.0879, 0.0)}
{'epoch': 35, 'train_loss': 0.1117, 'train_acc': 0.92, 'task_loss': (0.1117, 0.0)}
{'epoch': 36, 'train_loss': 0.1565, 'train_acc': 0.85, 'task_loss': (0.1565, 0.0)}
{'epoch': 37, 'train_loss': 0.0662, 'train_acc': 0.95, 'task_loss': (0.0662, 0.0)}
{'epoch': 38, 'train_loss': 0.11, 'train_acc': 0.89, 'task_loss': (0.11, 0.0)}
{'epoch': 39, 'train_loss': 0.1122, 'train_acc': 0.9, 'task_loss': (0.1122, 0.0)}
{'epoch': 40, 'train_loss': 0.1007, 'train_acc': 0.94, 'task_loss': (0.1007, 0.0)}
{'epoch': 41, 'train_loss': 0.0595, 'train_acc': 0.94, 'task_loss': (0.0595, 0.0)}
{'epoch': 42, 'train_loss': 0.0421, 'train_acc': 0.98, 'task_loss': (0.0421, 0.0)}
{'epoch': 43, 'train_loss': 0.078, 'train_acc': 0.97, 'task_loss': (0.078, 0.0)}
{'epoch': 44, 'train_loss': 0.0991, 'train_acc': 0.88, 'task_loss': (0.0991, 0.0)}
{'epoch': 45, 'train_loss': 0.0955, 'train_acc': 0.93, 'task_loss': (0.0955, 0.0)}
{'epoch': 46, 'train_loss': 0.0772, 'train_acc': 0.95, 'task_loss': (0.0772, 0.0)}
{'epoch': 47, 'train_loss': 0.1106, 'train_acc': 0.88, 'task_loss': (0.1106, 0.0)}
{'epoch': 48, 'train_loss': 0.0934, 'train_acc': 0.94, 'task_loss': (0.0934, 0.0)}
{'epoch': 49, 'train_loss': 0.0599, 'train_acc': 0.95, 'task_loss': (0.0599, 0.0)}
{'epoch': 50, 'train_loss': 0.0921, 'train_acc': 0.94, 'task_loss': (0.0921, 0.0)}
{'epoch': 51, 'train_loss': 0.0335, 'train_acc': 0.98, 'task_loss': (0.0335, 0.0)}
{'epoch': 52, 'train_loss': 0.0618, 'train_acc': 0.94, 'task_loss': (0.0618, 0.0)}
{'epoch': 53, 'train_loss': 0.0739, 'train_acc': 0.95, 'task_loss': (0.0739, 0.0)}
{'epoch': 54, 'train_loss': 0.065, 'train_acc': 0.94, 'task_loss': (0.065, 0.0)}
{'epoch': 55, 'train_loss': 0.0891, 'train_acc': 0.93, 'task_loss': (0.0891, 0.0)}
{'epoch': 56, 'train_loss': 0.0818, 'train_acc': 0.93, 'task_loss': (0.0818, 0.0)}
{'epoch': 57, 'train_loss': 0.0589, 'train_acc': 0.97, 'task_loss': (0.0589, 0.0)}
{'epoch': 58, 'train_loss': 0.0806, 'train_acc': 0.92, 'task_loss': (0.0806, 0.0)}
{'epoch': 59, 'train_loss': 0.0488, 'train_acc': 0.96, 'task_loss': (0.0488, 0.0)}
{'epoch': 60, 'train_loss': 0.0517, 'train_acc': 0.96, 'task_loss': (0.0517, 0.0)}
{'epoch': 61, 'train_loss': 0.0557, 'train_acc': 0.95, 'task_loss': (0.0557, 0.0)}
{'epoch': 62, 'train_loss': 0.0413, 'train_acc': 0.97, 'task_loss': (0.0413, 0.0)}
{'epoch': 63, 'train_loss': 0.0506, 'train_acc': 0.96, 'task_loss': (0.0506, 0.0)}
{'epoch': 64, 'train_loss': 0.0878, 'train_acc': 0.94, 'task_loss': (0.0878, 0.0)}
{'epoch': 65, 'train_loss': 0.0894, 'train_acc': 0.91, 'task_loss': (0.0894, 0.0)}
{'epoch': 66, 'train_loss': 0.037, 'train_acc': 0.99, 'task_loss': (0.037, 0.0)}
{'epoch': 67, 'train_loss': 0.0384, 'train_acc': 0.96, 'task_loss': (0.0384, 0.0)}
{'epoch': 68, 'train_loss': 0.0263, 'train_acc': 1.0, 'task_loss': (0.0263, 0.0)}
{'epoch': 69, 'train_loss': 0.0385, 'train_acc': 0.98, 'task_loss': (0.0385, 0.0)}
{'epoch': 70, 'train_loss': 0.0533, 'train_acc': 0.97, 'task_loss': (0.0533, 0.0)}
{'epoch': 71, 'train_loss': 0.0358, 'train_acc': 0.98, 'task_loss': (0.0358, 0.0)}
{'epoch': 72, 'train_loss': 0.0285, 'train_acc': 0.98, 'task_loss': (0.0285, 0.0)}
{'epoch': 73, 'train_loss': 0.0722, 'train_acc': 0.95, 'task_loss': (0.0722, 0.0)}
{'epoch': 74, 'train_loss': 0.0349, 'train_acc': 0.97, 'task_loss': (0.0349, 0.0)}
{'epoch': 75, 'train_loss': 0.0628, 'train_acc': 0.96, 'task_loss': (0.0628, 0.0)}
{'epoch': 76, 'train_loss': 0.0484, 'train_acc': 0.96, 'task_loss': (0.0484, 0.0)}
{'epoch': 77, 'train_loss': 0.0504, 'train_acc': 0.98, 'task_loss': (0.0504, 0.0)}
{'epoch': 78, 'train_loss': 0.0885, 'train_acc': 0.94, 'task_loss': (0.0885, 0.0)}
{'epoch': 79, 'train_loss': 0.0302, 'train_acc': 0.98, 'task_loss': (0.0302, 0.0)}
{'epoch': 80, 'train_loss': 0.0315, 'train_acc': 0.97, 'task_loss': (0.0315, 0.0)}
{'epoch': 81, 'train_loss': 0.035, 'train_acc': 0.97, 'task_loss': (0.035, 0.0)}
{'epoch': 82, 'train_loss': 0.0601, 'train_acc': 0.96, 'task_loss': (0.0601, 0.0)}
{'epoch': 83, 'train_loss': 0.0325, 'train_acc': 0.99, 'task_loss': (0.0325, 0.0)}
{'epoch': 84, 'train_loss': 0.0179, 'train_acc': 1.0, 'task_loss': (0.0179, 0.0)}
{'epoch': 85, 'train_loss': 0.023, 'train_acc': 0.99, 'task_loss': (0.023, 0.0)}
{'epoch': 86, 'train_loss': 0.0573, 'train_acc': 0.96, 'task_loss': (0.0573, 0.0)}
{'epoch': 87, 'train_loss': 0.0955, 'train_acc': 0.94, 'task_loss': (0.0955, 0.0)}
{'epoch': 88, 'train_loss': 0.0405, 'train_acc': 0.98, 'task_loss': (0.0405, 0.0)}
{'epoch': 89, 'train_loss': 0.0139, 'train_acc': 1.0, 'task_loss': (0.0139, 0.0)}
{'epoch': 90, 'train_loss': 0.027, 'train_acc': 0.98, 'task_loss': (0.027, 0.0)}
{'epoch': 91, 'train_loss': 0.0218, 'train_acc': 1.0, 'task_loss': (0.0218, 0.0)}
{'epoch': 92, 'train_loss': 0.0242, 'train_acc': 0.99, 'task_loss': (0.0242, 0.0)}
{'epoch': 93, 'train_loss': 0.0348, 'train_acc': 0.97, 'task_loss': (0.0348, 0.0)}
{'epoch': 94, 'train_loss': 0.0252, 'train_acc': 0.99, 'task_loss': (0.0252, 0.0)}
{'epoch': 95, 'train_loss': 0.0644, 'train_acc': 0.97, 'task_loss': (0.0644, 0.0)}
{'epoch': 96, 'train_loss': 0.0227, 'train_acc': 0.98, 'task_loss': (0.0227, 0.0)}
{'epoch': 97, 'train_loss': 0.0679, 'train_acc': 0.97, 'task_loss': (0.0679, 0.0)}
{'epoch': 98, 'train_loss': 0.032, 'train_acc': 0.98, 'task_loss': (0.032, 0.0)}
{'epoch': 99, 'train_loss': 0.0234, 'train_acc': 0.99, 'task_loss': (0.0234, 0.0)}
{'epoch': 100, 'train_loss': 0.024, 'train_acc': 1.0, 'task_loss': (0.024, 0.0)}
{'run_num': 8, 'final_test_err': 0.1835}
Files already downloaded and verified
Files already downloaded and verified
{'epoch': 1, 'train_loss': 0.9767, 'train_acc': 0.51, 'task_loss': (0.9767, 0.0)}
{'epoch': 2, 'train_loss': 0.7247, 'train_acc': 0.55, 'task_loss': (0.7247, 0.0)}
{'epoch': 3, 'train_loss': 1.026, 'train_acc': 0.44, 'task_loss': (1.026, 0.0)}
{'epoch': 4, 'train_loss': 0.8456, 'train_acc': 0.55, 'task_loss': (0.8456, 0.0)}
{'epoch': 5, 'train_loss': 0.4421, 'train_acc': 0.63, 'task_loss': (0.4421, 0.0)}
{'epoch': 6, 'train_loss': 0.4011, 'train_acc': 0.63, 'task_loss': (0.4011, 0.0)}
{'epoch': 7, 'train_loss': 0.3243, 'train_acc': 0.71, 'task_loss': (0.3243, 0.0)}
{'epoch': 8, 'train_loss': 0.4692, 'train_acc': 0.56, 'task_loss': (0.4692, 0.0)}
{'epoch': 9, 'train_loss': 0.3257, 'train_acc': 0.69, 'task_loss': (0.3257, 0.0)}
{'epoch': 10, 'train_loss': 0.3771, 'train_acc': 0.57, 'task_loss': (0.3771, 0.0)}
{'epoch': 11, 'train_loss': 0.3144, 'train_acc': 0.67, 'task_loss': (0.3144, 0.0)}
{'epoch': 12, 'train_loss': 0.314, 'train_acc': 0.67, 'task_loss': (0.314, 0.0)}
{'epoch': 13, 'train_loss': 0.2709, 'train_acc': 0.74, 'task_loss': (0.2709, 0.0)}
{'epoch': 14, 'train_loss': 0.2635, 'train_acc': 0.75, 'task_loss': (0.2635, 0.0)}
{'epoch': 15, 'train_loss': 0.2456, 'train_acc': 0.8, 'task_loss': (0.2456, 0.0)}
{'epoch': 16, 'train_loss': 0.2286, 'train_acc': 0.81, 'task_loss': (0.2286, 0.0)}
{'epoch': 17, 'train_loss': 0.2441, 'train_acc': 0.8, 'task_loss': (0.2441, 0.0)}
{'epoch': 18, 'train_loss': 0.1966, 'train_acc': 0.86, 'task_loss': (0.1966, 0.0)}
{'epoch': 19, 'train_loss': 0.2535, 'train_acc': 0.73, 'task_loss': (0.2535, 0.0)}
{'epoch': 20, 'train_loss': 0.2386, 'train_acc': 0.74, 'task_loss': (0.2386, 0.0)}
{'epoch': 21, 'train_loss': 0.2034, 'train_acc': 0.82, 'task_loss': (0.2034, 0.0)}
{'epoch': 22, 'train_loss': 0.2439, 'train_acc': 0.8, 'task_loss': (0.2439, 0.0)}
{'epoch': 23, 'train_loss': 0.2396, 'train_acc': 0.77, 'task_loss': (0.2396, 0.0)}
{'epoch': 24, 'train_loss': 0.2397, 'train_acc': 0.78, 'task_loss': (0.2397, 0.0)}
{'epoch': 25, 'train_loss': 0.2014, 'train_acc': 0.86, 'task_loss': (0.2014, 0.0)}
{'epoch': 26, 'train_loss': 0.1943, 'train_acc': 0.84, 'task_loss': (0.1943, 0.0)}
{'epoch': 27, 'train_loss': 0.1843, 'train_acc': 0.87, 'task_loss': (0.1843, 0.0)}
{'epoch': 28, 'train_loss': 0.1802, 'train_acc': 0.84, 'task_loss': (0.1802, 0.0)}
{'epoch': 29, 'train_loss': 0.1995, 'train_acc': 0.81, 'task_loss': (0.1995, 0.0)}
{'epoch': 30, 'train_loss': 0.2228, 'train_acc': 0.79, 'task_loss': (0.2228, 0.0)}
{'epoch': 31, 'train_loss': 0.1737, 'train_acc': 0.85, 'task_loss': (0.1737, 0.0)}
{'epoch': 32, 'train_loss': 0.1578, 'train_acc': 0.84, 'task_loss': (0.1578, 0.0)}
{'epoch': 33, 'train_loss': 0.1722, 'train_acc': 0.85, 'task_loss': (0.1722, 0.0)}
{'epoch': 34, 'train_loss': 0.1585, 'train_acc': 0.87, 'task_loss': (0.1585, 0.0)}
{'epoch': 35, 'train_loss': 0.1326, 'train_acc': 0.9, 'task_loss': (0.1326, 0.0)}
{'epoch': 36, 'train_loss': 0.139, 'train_acc': 0.9, 'task_loss': (0.139, 0.0)}
{'epoch': 37, 'train_loss': 0.1382, 'train_acc': 0.84, 'task_loss': (0.1382, 0.0)}
{'epoch': 38, 'train_loss': 0.134, 'train_acc': 0.92, 'task_loss': (0.134, 0.0)}
{'epoch': 39, 'train_loss': 0.1162, 'train_acc': 0.93, 'task_loss': (0.1162, 0.0)}
{'epoch': 40, 'train_loss': 0.1376, 'train_acc': 0.87, 'task_loss': (0.1376, 0.0)}
{'epoch': 41, 'train_loss': 0.1425, 'train_acc': 0.91, 'task_loss': (0.1425, 0.0)}
{'epoch': 42, 'train_loss': 0.1121, 'train_acc': 0.88, 'task_loss': (0.1121, 0.0)}
{'epoch': 43, 'train_loss': 0.1204, 'train_acc': 0.89, 'task_loss': (0.1204, 0.0)}
{'epoch': 44, 'train_loss': 0.0871, 'train_acc': 0.96, 'task_loss': (0.0871, 0.0)}
{'epoch': 45, 'train_loss': 0.1317, 'train_acc': 0.89, 'task_loss': (0.1317, 0.0)}
{'epoch': 46, 'train_loss': 0.1278, 'train_acc': 0.91, 'task_loss': (0.1278, 0.0)}
{'epoch': 47, 'train_loss': 0.0975, 'train_acc': 0.92, 'task_loss': (0.0975, 0.0)}
{'epoch': 48, 'train_loss': 0.0891, 'train_acc': 0.98, 'task_loss': (0.0891, 0.0)}
{'epoch': 49, 'train_loss': 0.0979, 'train_acc': 0.93, 'task_loss': (0.0979, 0.0)}
{'epoch': 50, 'train_loss': 0.1052, 'train_acc': 0.89, 'task_loss': (0.1052, 0.0)}
{'epoch': 51, 'train_loss': 0.0972, 'train_acc': 0.92, 'task_loss': (0.0972, 0.0)}
{'epoch': 52, 'train_loss': 0.1044, 'train_acc': 0.91, 'task_loss': (0.1044, 0.0)}
{'epoch': 53, 'train_loss': 0.0707, 'train_acc': 0.97, 'task_loss': (0.0707, 0.0)}
{'epoch': 54, 'train_loss': 0.057, 'train_acc': 0.96, 'task_loss': (0.057, 0.0)}
{'epoch': 55, 'train_loss': 0.0663, 'train_acc': 0.93, 'task_loss': (0.0663, 0.0)}
{'epoch': 56, 'train_loss': 0.0613, 'train_acc': 0.93, 'task_loss': (0.0613, 0.0)}
{'epoch': 57, 'train_loss': 0.0858, 'train_acc': 0.9, 'task_loss': (0.0858, 0.0)}
{'epoch': 58, 'train_loss': 0.0337, 'train_acc': 0.99, 'task_loss': (0.0337, 0.0)}
{'epoch': 59, 'train_loss': 0.1048, 'train_acc': 0.88, 'task_loss': (0.1048, 0.0)}
{'epoch': 60, 'train_loss': 0.055, 'train_acc': 0.96, 'task_loss': (0.055, 0.0)}
{'epoch': 61, 'train_loss': 0.0676, 'train_acc': 0.95, 'task_loss': (0.0676, 0.0)}
{'epoch': 62, 'train_loss': 0.0688, 'train_acc': 0.96, 'task_loss': (0.0688, 0.0)}
{'epoch': 63, 'train_loss': 0.0417, 'train_acc': 0.97, 'task_loss': (0.0417, 0.0)}
{'epoch': 64, 'train_loss': 0.0613, 'train_acc': 0.94, 'task_loss': (0.0613, 0.0)}
{'epoch': 65, 'train_loss': 0.0559, 'train_acc': 0.97, 'task_loss': (0.0559, 0.0)}
{'epoch': 66, 'train_loss': 0.0656, 'train_acc': 0.95, 'task_loss': (0.0656, 0.0)}
{'epoch': 67, 'train_loss': 0.0823, 'train_acc': 0.95, 'task_loss': (0.0823, 0.0)}
{'epoch': 68, 'train_loss': 0.0556, 'train_acc': 0.98, 'task_loss': (0.0556, 0.0)}
{'epoch': 69, 'train_loss': 0.0502, 'train_acc': 0.95, 'task_loss': (0.0502, 0.0)}
{'epoch': 70, 'train_loss': 0.0798, 'train_acc': 0.96, 'task_loss': (0.0798, 0.0)}
{'epoch': 71, 'train_loss': 0.0428, 'train_acc': 0.96, 'task_loss': (0.0428, 0.0)}
{'epoch': 72, 'train_loss': 0.043, 'train_acc': 0.96, 'task_loss': (0.043, 0.0)}
{'epoch': 73, 'train_loss': 0.0322, 'train_acc': 0.98, 'task_loss': (0.0322, 0.0)}
{'epoch': 74, 'train_loss': 0.0478, 'train_acc': 0.96, 'task_loss': (0.0478, 0.0)}
{'epoch': 75, 'train_loss': 0.0294, 'train_acc': 0.99, 'task_loss': (0.0294, 0.0)}
{'epoch': 76, 'train_loss': 0.0351, 'train_acc': 0.99, 'task_loss': (0.0351, 0.0)}
{'epoch': 77, 'train_loss': 0.0403, 'train_acc': 0.98, 'task_loss': (0.0403, 0.0)}
{'epoch': 78, 'train_loss': 0.0541, 'train_acc': 0.97, 'task_loss': (0.0541, 0.0)}
{'epoch': 79, 'train_loss': 0.033, 'train_acc': 0.97, 'task_loss': (0.033, 0.0)}
{'epoch': 80, 'train_loss': 0.0449, 'train_acc': 0.95, 'task_loss': (0.0449, 0.0)}
{'epoch': 81, 'train_loss': 0.0372, 'train_acc': 0.97, 'task_loss': (0.0372, 0.0)}
{'epoch': 82, 'train_loss': 0.0285, 'train_acc': 0.99, 'task_loss': (0.0285, 0.0)}
{'epoch': 83, 'train_loss': 0.0339, 'train_acc': 0.97, 'task_loss': (0.0339, 0.0)}
{'epoch': 84, 'train_loss': 0.0198, 'train_acc': 1.0, 'task_loss': (0.0198, 0.0)}
{'epoch': 85, 'train_loss': 0.0215, 'train_acc': 1.0, 'task_loss': (0.0215, 0.0)}
{'epoch': 86, 'train_loss': 0.016, 'train_acc': 1.0, 'task_loss': (0.016, 0.0)}
{'epoch': 87, 'train_loss': 0.05, 'train_acc': 0.96, 'task_loss': (0.05, 0.0)}
{'epoch': 88, 'train_loss': 0.022, 'train_acc': 1.0, 'task_loss': (0.022, 0.0)}
{'epoch': 89, 'train_loss': 0.0358, 'train_acc': 0.98, 'task_loss': (0.0358, 0.0)}
{'epoch': 90, 'train_loss': 0.0356, 'train_acc': 0.98, 'task_loss': (0.0356, 0.0)}
{'epoch': 91, 'train_loss': 0.029, 'train_acc': 0.99, 'task_loss': (0.029, 0.0)}
{'epoch': 92, 'train_loss': 0.0436, 'train_acc': 0.98, 'task_loss': (0.0436, 0.0)}
{'epoch': 93, 'train_loss': 0.0266, 'train_acc': 0.98, 'task_loss': (0.0266, 0.0)}
{'epoch': 94, 'train_loss': 0.0285, 'train_acc': 0.99, 'task_loss': (0.0285, 0.0)}
{'epoch': 95, 'train_loss': 0.0153, 'train_acc': 1.0, 'task_loss': (0.0153, 0.0)}
{'epoch': 96, 'train_loss': 0.0268, 'train_acc': 0.99, 'task_loss': (0.0268, 0.0)}
{'epoch': 97, 'train_loss': 0.0242, 'train_acc': 0.99, 'task_loss': (0.0242, 0.0)}
{'epoch': 98, 'train_loss': 0.0317, 'train_acc': 0.99, 'task_loss': (0.0317, 0.0)}
{'epoch': 99, 'train_loss': 0.0289, 'train_acc': 0.98, 'task_loss': (0.0289, 0.0)}
{'epoch': 100, 'train_loss': 0.0421, 'train_acc': 0.96, 'task_loss': (0.0421, 0.0)}
{'run_num': 9, 'final_test_err': 0.15600000000000003}
{'avg_err': 0.167, 'std_err': 0.0221}
