{'deploy': True, 'tag': '06_ood/02_cifar10_exponent', 'seed': 10, 'device': 'cuda:0', 'reps': 10, 'loss': {'alpha': 0.5, 'tune_alpha': False, 'group_task_loss': False}, 'task': {'dataset': 'split_cifar10', 'task_map': [[0, 1], [2, 3], [4, 5], [6, 7], [8, 9]], 'target': 1, 'ood': [4], 'augment': False, 'n': 50, 'm_n': 5, 'beta': 0.5, 'custom_sampler': False, 'm_cinic': 1, 'm_cinic_neg': 0.0}, 'hp': {'epochs': 100, 'bs': 16, 'lr': 0.01}, 'net': 'wrn10_2'}
Files already downloaded and verified
Files already downloaded and verified
0 0.346 {'lr': 0.004081347863511167, 'wd': 0.011142839086924513, 'bs': 5.595971121235388}
Files already downloaded and verified
Files already downloaded and verified
1 0.36550000000000005 {'lr': 0.00415069984343484, 'wd': 0.001607404313333279, 'bs': 5.429434786388915}
Files already downloaded and verified
Files already downloaded and verified
[2m[36m(func pid=28048)[0m E0924 06:35:36.999593211   28519 chttp2_transport.cc:1103]   Received a GOAWAY with error code ENHANCE_YOUR_CALM and debug data equal to "too_many_pings"
[2m[36m(func pid=20644)[0m E0924 06:39:12.256606891   20670 chttp2_transport.cc:1103]   Received a GOAWAY with error code ENHANCE_YOUR_CALM and debug data equal to "too_many_pings"
2 0.358 {'lr': 0.01568626218019941, 'wd': 0.015600296039099928, 'bs': 4.493292420985183}
Files already downloaded and verified
Files already downloaded and verified
3 0.351 {'lr': 0.008285908309858704, 'wd': 0.0018917156272087383, 'bs': 4.547341598078824}
Files already downloaded and verified
Files already downloaded and verified
4 0.3375 {'lr': 0.021312677156759788, 'wd': 0.018183314895742857, 'bs': 5.662213204002109}
Files already downloaded and verified
Files already downloaded and verified
5 0.32599999999999996 {'lr': 0.0011090699236540851, 'wd': 0.004395157230899232, 'bs': 4.250675441489269}
Files already downloaded and verified
Files already downloaded and verified
6 0.3395 {'lr': 0.008669458948007627, 'wd': 0.016298450691150254, 'bs': 4.489711037503357}
Files already downloaded and verified
Files already downloaded and verified
7 0.36050000000000004 {'lr': 0.0021563909801506644, 'wd': 0.09699101530634728, 'bs': 5.040362888980227}
Files already downloaded and verified
Files already downloaded and verified
8 0.34199999999999997 {'lr': 0.007101508715680756, 'wd': 0.007810113509243293, 'bs': 4.482092221981235}
Files already downloaded and verified
Files already downloaded and verified
9 0.34650000000000003 {'lr': 0.008763395215568917, 'wd': 0.05120985491408756, 'bs': 4.018215175948574}
{'avg_err': 0.3472, 'std_err': 0.0113}
