{'deploy': True, 'tag': '05_ood/03_domain_alpha1', 'seed': 10, 'device': 'cuda:0', 'reps': 10, 'loss': {'alpha': 0.5, 'tune_alpha': False, 'group_task_loss': True}, 'task': {'dataset': 'domain_net', 'task_map': [[0, 1], [2, 3], [4, 5], [6, 7], [8, 9]], 'target': 0, 'ood': [3], 'augment': False, 'n': 100, 'm_n': 5, 'beta': 0.5, 'custom_sampler': False, 'm_cinic': 1, 'm_cinic_neg': 0.0}, 'hp': {'epochs': 100, 'bs': 16, 'lr': 0.01}, 'net': 'conv'}
Files already downloaded and verified
Files already downloaded and verified
{'epoch': 1, 'train_loss': 0.5678, 'train_acc': 0.7273, 'task_loss': (0.2615, 0.3063)}
{'epoch': 2, 'train_loss': 0.4297, 'train_acc': 0.7766, 'task_loss': (0.1722, 0.2575)}
{'epoch': 3, 'train_loss': 0.3949, 'train_acc': 0.8312, 'task_loss': (0.1401, 0.2548)}
{'epoch': 4, 'train_loss': 0.384, 'train_acc': 0.839, 'task_loss': (0.167, 0.217)}
{'epoch': 5, 'train_loss': 0.24, 'train_acc': 0.8909, 'task_loss': (0.1048, 0.1352)}
{'epoch': 6, 'train_loss': 0.233, 'train_acc': 0.9143, 'task_loss': (0.1187, 0.1144)}
{'epoch': 7, 'train_loss': 0.1676, 'train_acc': 0.9273, 'task_loss': (0.062, 0.1056)}
{'epoch': 8, 'train_loss': 0.1496, 'train_acc': 0.9377, 'task_loss': (0.0311, 0.1185)}
{'epoch': 9, 'train_loss': 0.0936, 'train_acc': 0.9662, 'task_loss': (0.0377, 0.0559)}
{'epoch': 10, 'train_loss': 0.0418, 'train_acc': 0.9922, 'task_loss': (0.0068, 0.035)}
{'epoch': 11, 'train_loss': 0.0326, 'train_acc': 0.9948, 'task_loss': (0.0097, 0.0229)}
{'epoch': 12, 'train_loss': 0.0388, 'train_acc': 0.987, 'task_loss': (0.0128, 0.026)}
{'epoch': 13, 'train_loss': 0.0263, 'train_acc': 0.9948, 'task_loss': (0.0117, 0.0146)}
{'epoch': 14, 'train_loss': 0.014, 'train_acc': 1.0, 'task_loss': (0.004, 0.01)}
{'epoch': 15, 'train_loss': 0.0071, 'train_acc': 1.0, 'task_loss': (0.003, 0.004)}
{'epoch': 16, 'train_loss': 0.0039, 'train_acc': 1.0, 'task_loss': (0.0014, 0.0025)}
{'epoch': 17, 'train_loss': 0.0045, 'train_acc': 1.0, 'task_loss': (0.0008, 0.0037)}
{'epoch': 18, 'train_loss': 0.0027, 'train_acc': 1.0, 'task_loss': (0.0008, 0.0019)}
{'epoch': 19, 'train_loss': 0.0015, 'train_acc': 1.0, 'task_loss': (0.0005, 0.001)}
{'epoch': 20, 'train_loss': 0.0049, 'train_acc': 0.9974, 'task_loss': (0.0006, 0.0043)}
{'epoch': 21, 'train_loss': 0.0029, 'train_acc': 1.0, 'task_loss': (0.0013, 0.0016)}
{'epoch': 22, 'train_loss': 0.0037, 'train_acc': 1.0, 'task_loss': (0.0008, 0.0029)}
{'epoch': 23, 'train_loss': 0.0018, 'train_acc': 1.0, 'task_loss': (0.0007, 0.0011)}
{'epoch': 24, 'train_loss': 0.0013, 'train_acc': 1.0, 'task_loss': (0.0003, 0.001)}
{'epoch': 25, 'train_loss': 0.0011, 'train_acc': 1.0, 'task_loss': (0.0004, 0.0007)}
{'epoch': 26, 'train_loss': 0.0011, 'train_acc': 1.0, 'task_loss': (0.0003, 0.0008)}
{'epoch': 27, 'train_loss': 0.001, 'train_acc': 1.0, 'task_loss': (0.0003, 0.0008)}
{'epoch': 28, 'train_loss': 0.0009, 'train_acc': 1.0, 'task_loss': (0.0004, 0.0005)}
{'epoch': 29, 'train_loss': 0.0008, 'train_acc': 1.0, 'task_loss': (0.0002, 0.0006)}
{'epoch': 30, 'train_loss': 0.0008, 'train_acc': 1.0, 'task_loss': (0.0002, 0.0006)}
{'epoch': 31, 'train_loss': 0.0009, 'train_acc': 1.0, 'task_loss': (0.0002, 0.0007)}
{'epoch': 32, 'train_loss': 0.0061, 'train_acc': 0.9974, 'task_loss': (0.0056, 0.0005)}
{'epoch': 33, 'train_loss': 0.0007, 'train_acc': 1.0, 'task_loss': (0.0004, 0.0003)}
{'epoch': 34, 'train_loss': 0.002, 'train_acc': 0.9974, 'task_loss': (0.0002, 0.0018)}
{'epoch': 35, 'train_loss': 0.3887, 'train_acc': 0.8597, 'task_loss': (0.1252, 0.2635)}
{'epoch': 36, 'train_loss': 0.1362, 'train_acc': 0.9506, 'task_loss': (0.0356, 0.1006)}
{'epoch': 37, 'train_loss': 0.0508, 'train_acc': 0.9948, 'task_loss': (0.0121, 0.0387)}
{'epoch': 38, 'train_loss': 0.037, 'train_acc': 0.9844, 'task_loss': (0.0095, 0.0275)}
{'epoch': 39, 'train_loss': 0.0219, 'train_acc': 1.0, 'task_loss': (0.0073, 0.0146)}
{'epoch': 40, 'train_loss': 0.011, 'train_acc': 1.0, 'task_loss': (0.0047, 0.0063)}
{'epoch': 41, 'train_loss': 0.0106, 'train_acc': 0.9974, 'task_loss': (0.0024, 0.0082)}
{'epoch': 42, 'train_loss': 0.0081, 'train_acc': 1.0, 'task_loss': (0.0016, 0.0065)}
{'epoch': 43, 'train_loss': 0.0056, 'train_acc': 1.0, 'task_loss': (0.0013, 0.0043)}
{'epoch': 44, 'train_loss': 0.0049, 'train_acc': 1.0, 'task_loss': (0.0021, 0.0029)}
{'epoch': 45, 'train_loss': 0.0867, 'train_acc': 0.9584, 'task_loss': (0.0398, 0.0469)}
{'epoch': 46, 'train_loss': 0.043, 'train_acc': 0.987, 'task_loss': (0.0167, 0.0263)}
{'epoch': 47, 'train_loss': 0.0158, 'train_acc': 0.9974, 'task_loss': (0.0098, 0.006)}
{'epoch': 48, 'train_loss': 0.0157, 'train_acc': 0.9974, 'task_loss': (0.0075, 0.0082)}
{'epoch': 49, 'train_loss': 0.0086, 'train_acc': 1.0, 'task_loss': (0.0031, 0.0056)}
{'epoch': 50, 'train_loss': 0.0079, 'train_acc': 1.0, 'task_loss': (0.0025, 0.0054)}
{'epoch': 51, 'train_loss': 0.0047, 'train_acc': 1.0, 'task_loss': (0.0015, 0.0032)}
{'epoch': 52, 'train_loss': 0.0031, 'train_acc': 1.0, 'task_loss': (0.0009, 0.0022)}
{'epoch': 53, 'train_loss': 0.0034, 'train_acc': 1.0, 'task_loss': (0.0011, 0.0023)}
{'epoch': 54, 'train_loss': 0.004, 'train_acc': 1.0, 'task_loss': (0.001, 0.0031)}
{'epoch': 55, 'train_loss': 0.0023, 'train_acc': 1.0, 'task_loss': (0.0009, 0.0015)}
{'epoch': 56, 'train_loss': 0.003, 'train_acc': 1.0, 'task_loss': (0.0015, 0.0015)}
{'epoch': 57, 'train_loss': 0.003, 'train_acc': 1.0, 'task_loss': (0.0011, 0.0018)}
{'epoch': 58, 'train_loss': 0.007, 'train_acc': 0.9974, 'task_loss': (0.0005, 0.0065)}
{'epoch': 59, 'train_loss': 0.0787, 'train_acc': 0.9714, 'task_loss': (0.0548, 0.0239)}
{'epoch': 60, 'train_loss': 0.0313, 'train_acc': 0.9896, 'task_loss': (0.0088, 0.0224)}
{'epoch': 61, 'train_loss': 0.0166, 'train_acc': 0.9974, 'task_loss': (0.01, 0.0065)}
{'epoch': 62, 'train_loss': 0.0793, 'train_acc': 0.974, 'task_loss': (0.0286, 0.0507)}
{'epoch': 63, 'train_loss': 0.035, 'train_acc': 0.9922, 'task_loss': (0.0123, 0.0227)}
{'epoch': 64, 'train_loss': 0.0128, 'train_acc': 1.0, 'task_loss': (0.0042, 0.0085)}
{'epoch': 65, 'train_loss': 0.0085, 'train_acc': 1.0, 'task_loss': (0.002, 0.0065)}
{'epoch': 66, 'train_loss': 0.0068, 'train_acc': 1.0, 'task_loss': (0.0014, 0.0054)}
{'epoch': 67, 'train_loss': 0.0083, 'train_acc': 1.0, 'task_loss': (0.0026, 0.0057)}
{'epoch': 68, 'train_loss': 0.0103, 'train_acc': 0.9974, 'task_loss': (0.0057, 0.0046)}
{'epoch': 69, 'train_loss': 0.0908, 'train_acc': 0.9558, 'task_loss': (0.0365, 0.0543)}
{'epoch': 70, 'train_loss': 0.0339, 'train_acc': 0.9922, 'task_loss': (0.0233, 0.0106)}
{'epoch': 71, 'train_loss': 0.0127, 'train_acc': 1.0, 'task_loss': (0.0028, 0.0099)}
{'epoch': 72, 'train_loss': 0.0096, 'train_acc': 1.0, 'task_loss': (0.0037, 0.0059)}
{'epoch': 73, 'train_loss': 0.0135, 'train_acc': 0.9974, 'task_loss': (0.003, 0.0105)}
{'epoch': 74, 'train_loss': 0.0313, 'train_acc': 0.9922, 'task_loss': (0.0099, 0.0214)}
{'epoch': 75, 'train_loss': 0.0613, 'train_acc': 0.9818, 'task_loss': (0.0116, 0.0497)}
{'epoch': 76, 'train_loss': 0.0172, 'train_acc': 0.9974, 'task_loss': (0.0064, 0.0108)}
{'epoch': 77, 'train_loss': 0.0113, 'train_acc': 1.0, 'task_loss': (0.0047, 0.0066)}
{'epoch': 78, 'train_loss': 0.0135, 'train_acc': 0.9974, 'task_loss': (0.0051, 0.0084)}
{'epoch': 79, 'train_loss': 0.0108, 'train_acc': 1.0, 'task_loss': (0.002, 0.0088)}
{'epoch': 80, 'train_loss': 0.0142, 'train_acc': 0.9974, 'task_loss': (0.0024, 0.0118)}
{'epoch': 81, 'train_loss': 0.0126, 'train_acc': 1.0, 'task_loss': (0.003, 0.0096)}
{'epoch': 82, 'train_loss': 0.0109, 'train_acc': 1.0, 'task_loss': (0.0029, 0.008)}
{'epoch': 83, 'train_loss': 0.0097, 'train_acc': 1.0, 'task_loss': (0.0039, 0.0058)}
{'epoch': 84, 'train_loss': 0.0088, 'train_acc': 1.0, 'task_loss': (0.0035, 0.0053)}
{'epoch': 85, 'train_loss': 0.0102, 'train_acc': 1.0, 'task_loss': (0.003, 0.0072)}
{'epoch': 86, 'train_loss': 0.0091, 'train_acc': 0.9974, 'task_loss': (0.0028, 0.0063)}
{'epoch': 87, 'train_loss': 0.01, 'train_acc': 1.0, 'task_loss': (0.0028, 0.0072)}
{'epoch': 88, 'train_loss': 0.0095, 'train_acc': 1.0, 'task_loss': (0.002, 0.0075)}
{'epoch': 89, 'train_loss': 0.0068, 'train_acc': 1.0, 'task_loss': (0.0021, 0.0047)}
{'epoch': 90, 'train_loss': 0.0069, 'train_acc': 1.0, 'task_loss': (0.0017, 0.0052)}
{'epoch': 91, 'train_loss': 0.0078, 'train_acc': 1.0, 'task_loss': (0.002, 0.0058)}
{'epoch': 92, 'train_loss': 0.0055, 'train_acc': 1.0, 'task_loss': (0.0024, 0.0031)}
{'epoch': 93, 'train_loss': 0.0079, 'train_acc': 1.0, 'task_loss': (0.0028, 0.0052)}
{'epoch': 94, 'train_loss': 0.0084, 'train_acc': 0.9974, 'task_loss': (0.0035, 0.0049)}
{'epoch': 95, 'train_loss': 0.0057, 'train_acc': 1.0, 'task_loss': (0.0022, 0.0035)}
{'epoch': 96, 'train_loss': 0.006, 'train_acc': 1.0, 'task_loss': (0.0022, 0.0038)}
{'epoch': 97, 'train_loss': 0.0055, 'train_acc': 1.0, 'task_loss': (0.0016, 0.0039)}
{'epoch': 98, 'train_loss': 0.0075, 'train_acc': 1.0, 'task_loss': (0.0026, 0.0049)}
{'epoch': 99, 'train_loss': 0.0068, 'train_acc': 1.0, 'task_loss': (0.0017, 0.0051)}
{'epoch': 100, 'train_loss': 0.005, 'train_acc': 1.0, 'task_loss': (0.0012, 0.0037)}
{'run_num': 0, 'final_test_err': 0.2052117263843648}
Files already downloaded and verified
Files already downloaded and verified
{'epoch': 1, 'train_loss': 0.6403, 'train_acc': 0.7039, 'task_loss': (0.3104, 0.3299)}
{'epoch': 2, 'train_loss': 0.4838, 'train_acc': 0.774, 'task_loss': (0.2228, 0.2611)}
{'epoch': 3, 'train_loss': 0.3432, 'train_acc': 0.813, 'task_loss': (0.1388, 0.2044)}
{'epoch': 4, 'train_loss': 0.2844, 'train_acc': 0.8649, 'task_loss': (0.1286, 0.1557)}
{'epoch': 5, 'train_loss': 0.2208, 'train_acc': 0.8909, 'task_loss': (0.0924, 0.1284)}
{'epoch': 6, 'train_loss': 0.2215, 'train_acc': 0.8883, 'task_loss': (0.0678, 0.1537)}
{'epoch': 7, 'train_loss': 0.0953, 'train_acc': 0.9792, 'task_loss': (0.0354, 0.0599)}
{'epoch': 8, 'train_loss': 0.0679, 'train_acc': 0.9766, 'task_loss': (0.0255, 0.0423)}
{'epoch': 9, 'train_loss': 0.0541, 'train_acc': 0.9792, 'task_loss': (0.0233, 0.0308)}
{'epoch': 10, 'train_loss': 0.0389, 'train_acc': 0.987, 'task_loss': (0.0138, 0.0251)}
{'epoch': 11, 'train_loss': 0.1293, 'train_acc': 0.9532, 'task_loss': (0.0771, 0.0522)}
{'epoch': 12, 'train_loss': 0.0743, 'train_acc': 0.9792, 'task_loss': (0.0239, 0.0504)}
{'epoch': 13, 'train_loss': 0.0544, 'train_acc': 0.9792, 'task_loss': (0.0305, 0.0239)}
{'epoch': 14, 'train_loss': 0.0369, 'train_acc': 0.987, 'task_loss': (0.013, 0.0239)}
{'epoch': 15, 'train_loss': 0.0168, 'train_acc': 0.9974, 'task_loss': (0.004, 0.0129)}
{'epoch': 16, 'train_loss': 0.0061, 'train_acc': 1.0, 'task_loss': (0.0018, 0.0043)}
{'epoch': 17, 'train_loss': 0.0045, 'train_acc': 1.0, 'task_loss': (0.0015, 0.003)}
{'epoch': 18, 'train_loss': 0.0047, 'train_acc': 1.0, 'task_loss': (0.0013, 0.0035)}
{'epoch': 19, 'train_loss': 0.065, 'train_acc': 0.9792, 'task_loss': (0.0208, 0.0442)}
{'epoch': 20, 'train_loss': 0.0937, 'train_acc': 0.961, 'task_loss': (0.0577, 0.036)}
{'epoch': 21, 'train_loss': 0.0794, 'train_acc': 0.9818, 'task_loss': (0.0436, 0.0358)}
{'epoch': 22, 'train_loss': 0.0357, 'train_acc': 0.987, 'task_loss': (0.0152, 0.0205)}
{'epoch': 23, 'train_loss': 0.0071, 'train_acc': 1.0, 'task_loss': (0.0023, 0.0048)}
{'epoch': 24, 'train_loss': 0.024, 'train_acc': 0.9896, 'task_loss': (0.0139, 0.01)}
{'epoch': 25, 'train_loss': 0.1498, 'train_acc': 0.9506, 'task_loss': (0.086, 0.0637)}
{'epoch': 26, 'train_loss': 0.4858, 'train_acc': 0.8494, 'task_loss': (0.193, 0.2928)}
{'epoch': 27, 'train_loss': 0.2683, 'train_acc': 0.8805, 'task_loss': (0.0781, 0.1902)}
{'epoch': 28, 'train_loss': 0.1641, 'train_acc': 0.9273, 'task_loss': (0.0651, 0.0991)}
{'epoch': 29, 'train_loss': 0.0683, 'train_acc': 0.9766, 'task_loss': (0.0247, 0.0435)}
{'epoch': 30, 'train_loss': 0.0352, 'train_acc': 0.9922, 'task_loss': (0.0093, 0.0258)}
{'epoch': 31, 'train_loss': 0.0167, 'train_acc': 1.0, 'task_loss': (0.0044, 0.0124)}
{'epoch': 32, 'train_loss': 0.0154, 'train_acc': 0.9974, 'task_loss': (0.0033, 0.0121)}
{'epoch': 33, 'train_loss': 0.0155, 'train_acc': 1.0, 'task_loss': (0.0043, 0.0112)}
{'epoch': 34, 'train_loss': 0.0189, 'train_acc': 0.9948, 'task_loss': (0.0051, 0.0138)}
{'epoch': 35, 'train_loss': 0.0103, 'train_acc': 1.0, 'task_loss': (0.0033, 0.007)}
{'epoch': 36, 'train_loss': 0.0067, 'train_acc': 1.0, 'task_loss': (0.0021, 0.0046)}
{'epoch': 37, 'train_loss': 0.0065, 'train_acc': 1.0, 'task_loss': (0.0021, 0.0045)}
{'epoch': 38, 'train_loss': 0.0055, 'train_acc': 1.0, 'task_loss': (0.002, 0.0035)}
{'epoch': 39, 'train_loss': 0.0051, 'train_acc': 1.0, 'task_loss': (0.0021, 0.003)}
{'epoch': 40, 'train_loss': 0.0108, 'train_acc': 0.9974, 'task_loss': (0.0059, 0.0049)}
{'epoch': 41, 'train_loss': 0.1531, 'train_acc': 0.9532, 'task_loss': (0.0811, 0.072)}
{'epoch': 42, 'train_loss': 0.12, 'train_acc': 0.9558, 'task_loss': (0.0309, 0.0891)}
{'epoch': 43, 'train_loss': 0.056, 'train_acc': 0.9844, 'task_loss': (0.0146, 0.0414)}
{'epoch': 44, 'train_loss': 0.0321, 'train_acc': 0.9948, 'task_loss': (0.0132, 0.019)}
{'epoch': 45, 'train_loss': 0.0163, 'train_acc': 0.9974, 'task_loss': (0.005, 0.0114)}
{'epoch': 46, 'train_loss': 0.0112, 'train_acc': 1.0, 'task_loss': (0.0038, 0.0073)}
{'epoch': 47, 'train_loss': 0.0115, 'train_acc': 0.9974, 'task_loss': (0.0042, 0.0072)}
{'epoch': 48, 'train_loss': 0.0109, 'train_acc': 0.9948, 'task_loss': (0.005, 0.0059)}
{'epoch': 49, 'train_loss': 0.0259, 'train_acc': 0.9948, 'task_loss': (0.0176, 0.0083)}
{'epoch': 50, 'train_loss': 0.2688, 'train_acc': 0.9195, 'task_loss': (0.1068, 0.162)}
{'epoch': 51, 'train_loss': 0.0918, 'train_acc': 0.9636, 'task_loss': (0.0467, 0.0452)}
{'epoch': 52, 'train_loss': 0.0472, 'train_acc': 0.9792, 'task_loss': (0.0151, 0.0321)}
{'epoch': 53, 'train_loss': 0.0313, 'train_acc': 0.987, 'task_loss': (0.0076, 0.0237)}
{'epoch': 54, 'train_loss': 0.0213, 'train_acc': 0.9974, 'task_loss': (0.0083, 0.013)}
{'epoch': 55, 'train_loss': 0.0901, 'train_acc': 0.9636, 'task_loss': (0.0545, 0.0355)}
{'epoch': 56, 'train_loss': 0.0449, 'train_acc': 0.987, 'task_loss': (0.0139, 0.031)}
{'epoch': 57, 'train_loss': 0.0226, 'train_acc': 0.9948, 'task_loss': (0.006, 0.0166)}
{'epoch': 58, 'train_loss': 0.0188, 'train_acc': 0.9922, 'task_loss': (0.0091, 0.0097)}
{'epoch': 59, 'train_loss': 0.0087, 'train_acc': 0.9974, 'task_loss': (0.0045, 0.0042)}
{'epoch': 60, 'train_loss': 0.0888, 'train_acc': 0.9688, 'task_loss': (0.0605, 0.0282)}
{'epoch': 61, 'train_loss': 0.025, 'train_acc': 0.9922, 'task_loss': (0.0133, 0.0117)}
{'epoch': 62, 'train_loss': 0.0092, 'train_acc': 1.0, 'task_loss': (0.0035, 0.0058)}
{'epoch': 63, 'train_loss': 0.0104, 'train_acc': 0.9974, 'task_loss': (0.0064, 0.004)}
{'epoch': 64, 'train_loss': 0.005, 'train_acc': 1.0, 'task_loss': (0.0018, 0.0032)}
{'epoch': 65, 'train_loss': 0.0149, 'train_acc': 0.9948, 'task_loss': (0.0074, 0.0075)}
{'epoch': 66, 'train_loss': 0.0173, 'train_acc': 0.9922, 'task_loss': (0.0119, 0.0055)}
{'epoch': 67, 'train_loss': 0.0258, 'train_acc': 0.9922, 'task_loss': (0.0106, 0.0152)}
{'epoch': 68, 'train_loss': 0.0092, 'train_acc': 1.0, 'task_loss': (0.0035, 0.0057)}
{'epoch': 69, 'train_loss': 0.0055, 'train_acc': 1.0, 'task_loss': (0.0017, 0.0038)}
{'epoch': 70, 'train_loss': 0.0052, 'train_acc': 1.0, 'task_loss': (0.0022, 0.0029)}
{'epoch': 71, 'train_loss': 0.0079, 'train_acc': 1.0, 'task_loss': (0.0031, 0.0048)}
{'epoch': 72, 'train_loss': 0.0046, 'train_acc': 1.0, 'task_loss': (0.0014, 0.0033)}
{'epoch': 73, 'train_loss': 0.0063, 'train_acc': 0.9974, 'task_loss': (0.001, 0.0053)}
{'epoch': 74, 'train_loss': 0.0107, 'train_acc': 0.9974, 'task_loss': (0.0035, 0.0072)}
{'epoch': 75, 'train_loss': 0.0142, 'train_acc': 0.9974, 'task_loss': (0.0031, 0.0111)}
{'epoch': 76, 'train_loss': 0.0077, 'train_acc': 1.0, 'task_loss': (0.0028, 0.0048)}
{'epoch': 77, 'train_loss': 0.0104, 'train_acc': 1.0, 'task_loss': (0.0046, 0.0058)}
{'epoch': 78, 'train_loss': 0.0209, 'train_acc': 0.9974, 'task_loss': (0.018, 0.0029)}
{'epoch': 79, 'train_loss': 0.0152, 'train_acc': 1.0, 'task_loss': (0.0108, 0.0044)}
{'epoch': 80, 'train_loss': 0.0213, 'train_acc': 0.9922, 'task_loss': (0.0158, 0.0056)}
{'epoch': 81, 'train_loss': 0.0135, 'train_acc': 0.9974, 'task_loss': (0.0081, 0.0054)}
{'epoch': 82, 'train_loss': 0.0084, 'train_acc': 1.0, 'task_loss': (0.0038, 0.0046)}
{'epoch': 83, 'train_loss': 0.0067, 'train_acc': 1.0, 'task_loss': (0.002, 0.0047)}
{'epoch': 84, 'train_loss': 0.0121, 'train_acc': 0.9974, 'task_loss': (0.0033, 0.0088)}
{'epoch': 85, 'train_loss': 0.0057, 'train_acc': 1.0, 'task_loss': (0.0022, 0.0035)}
{'epoch': 86, 'train_loss': 0.007, 'train_acc': 1.0, 'task_loss': (0.003, 0.004)}
{'epoch': 87, 'train_loss': 0.0069, 'train_acc': 1.0, 'task_loss': (0.0017, 0.0051)}
{'epoch': 88, 'train_loss': 0.0057, 'train_acc': 1.0, 'task_loss': (0.0019, 0.0038)}
{'epoch': 89, 'train_loss': 0.009, 'train_acc': 1.0, 'task_loss': (0.0033, 0.0057)}
{'epoch': 90, 'train_loss': 0.0053, 'train_acc': 0.9974, 'task_loss': (0.003, 0.0023)}
{'epoch': 91, 'train_loss': 0.0052, 'train_acc': 1.0, 'task_loss': (0.0014, 0.0038)}
{'epoch': 92, 'train_loss': 0.0069, 'train_acc': 1.0, 'task_loss': (0.0019, 0.005)}
{'epoch': 93, 'train_loss': 0.0037, 'train_acc': 1.0, 'task_loss': (0.0014, 0.0023)}
{'epoch': 94, 'train_loss': 0.0045, 'train_acc': 1.0, 'task_loss': (0.0016, 0.0029)}
{'epoch': 95, 'train_loss': 0.0062, 'train_acc': 1.0, 'task_loss': (0.0029, 0.0033)}
{'epoch': 96, 'train_loss': 0.0074, 'train_acc': 1.0, 'task_loss': (0.0014, 0.006)}
{'epoch': 97, 'train_loss': 0.0083, 'train_acc': 1.0, 'task_loss': (0.0034, 0.0049)}
{'epoch': 98, 'train_loss': 0.0054, 'train_acc': 1.0, 'task_loss': (0.0016, 0.0038)}
{'epoch': 99, 'train_loss': 0.0079, 'train_acc': 0.9974, 'task_loss': (0.0034, 0.0045)}
{'epoch': 100, 'train_loss': 0.0058, 'train_acc': 1.0, 'task_loss': (0.0027, 0.0031)}
{'run_num': 1, 'final_test_err': 0.15635179153094458}
Files already downloaded and verified
Files already downloaded and verified
{'epoch': 1, 'train_loss': 0.5422, 'train_acc': 0.7299, 'task_loss': (0.255, 0.2872)}
{'epoch': 2, 'train_loss': 0.4207, 'train_acc': 0.787, 'task_loss': (0.1944, 0.2264)}
{'epoch': 3, 'train_loss': 0.3222, 'train_acc': 0.8468, 'task_loss': (0.1371, 0.185)}
{'epoch': 4, 'train_loss': 0.2889, 'train_acc': 0.8623, 'task_loss': (0.103, 0.1859)}
{'epoch': 5, 'train_loss': 0.2511, 'train_acc': 0.8857, 'task_loss': (0.1087, 0.1424)}
{'epoch': 6, 'train_loss': 0.1403, 'train_acc': 0.9351, 'task_loss': (0.0564, 0.0839)}
{'epoch': 7, 'train_loss': 0.2844, 'train_acc': 0.8571, 'task_loss': (0.1234, 0.161)}
{'epoch': 8, 'train_loss': 0.199, 'train_acc': 0.9169, 'task_loss': (0.0571, 0.1419)}
{'epoch': 9, 'train_loss': 0.1185, 'train_acc': 0.9532, 'task_loss': (0.061, 0.0575)}
{'epoch': 10, 'train_loss': 0.0826, 'train_acc': 0.9792, 'task_loss': (0.0311, 0.0515)}
{'epoch': 11, 'train_loss': 0.0407, 'train_acc': 0.9896, 'task_loss': (0.0125, 0.0282)}
{'epoch': 12, 'train_loss': 0.0272, 'train_acc': 0.9948, 'task_loss': (0.0129, 0.0143)}
{'epoch': 13, 'train_loss': 0.0382, 'train_acc': 0.987, 'task_loss': (0.0131, 0.0251)}
{'epoch': 14, 'train_loss': 0.036, 'train_acc': 0.987, 'task_loss': (0.0117, 0.0243)}
{'epoch': 15, 'train_loss': 0.032, 'train_acc': 0.9896, 'task_loss': (0.0059, 0.0261)}
{'epoch': 16, 'train_loss': 0.0297, 'train_acc': 0.9948, 'task_loss': (0.0091, 0.0206)}
{'epoch': 17, 'train_loss': 0.0133, 'train_acc': 0.9974, 'task_loss': (0.0054, 0.0079)}
{'epoch': 18, 'train_loss': 0.0085, 'train_acc': 0.9974, 'task_loss': (0.0032, 0.0053)}
{'epoch': 19, 'train_loss': 0.0074, 'train_acc': 1.0, 'task_loss': (0.0033, 0.0041)}
{'epoch': 20, 'train_loss': 0.0045, 'train_acc': 1.0, 'task_loss': (0.0013, 0.0031)}
{'epoch': 21, 'train_loss': 0.0032, 'train_acc': 1.0, 'task_loss': (0.0008, 0.0023)}
{'epoch': 22, 'train_loss': 0.0024, 'train_acc': 1.0, 'task_loss': (0.0008, 0.0016)}
{'epoch': 23, 'train_loss': 0.0028, 'train_acc': 1.0, 'task_loss': (0.0009, 0.0019)}
{'epoch': 24, 'train_loss': 0.0032, 'train_acc': 1.0, 'task_loss': (0.001, 0.0021)}
{'epoch': 25, 'train_loss': 0.0051, 'train_acc': 1.0, 'task_loss': (0.0024, 0.0027)}
{'epoch': 26, 'train_loss': 0.006, 'train_acc': 0.9974, 'task_loss': (0.0032, 0.0028)}
{'epoch': 27, 'train_loss': 0.2909, 'train_acc': 0.9143, 'task_loss': (0.1644, 0.1265)}
{'epoch': 28, 'train_loss': 0.1625, 'train_acc': 0.9273, 'task_loss': (0.0732, 0.0893)}
{'epoch': 29, 'train_loss': 0.0667, 'train_acc': 0.974, 'task_loss': (0.0314, 0.0353)}
{'epoch': 30, 'train_loss': 0.0369, 'train_acc': 0.9896, 'task_loss': (0.0149, 0.022)}
{'epoch': 31, 'train_loss': 0.3069, 'train_acc': 0.8597, 'task_loss': (0.115, 0.1919)}
{'epoch': 32, 'train_loss': 0.1599, 'train_acc': 0.9403, 'task_loss': (0.0615, 0.0984)}
{'epoch': 33, 'train_loss': 0.0862, 'train_acc': 0.9584, 'task_loss': (0.0396, 0.0465)}
{'epoch': 34, 'train_loss': 0.0275, 'train_acc': 0.9948, 'task_loss': (0.0086, 0.0189)}
{'epoch': 35, 'train_loss': 0.0176, 'train_acc': 0.9974, 'task_loss': (0.0059, 0.0117)}
{'epoch': 36, 'train_loss': 0.012, 'train_acc': 0.9974, 'task_loss': (0.0045, 0.0075)}
{'epoch': 37, 'train_loss': 0.0229, 'train_acc': 0.9948, 'task_loss': (0.015, 0.0079)}
{'epoch': 38, 'train_loss': 0.0118, 'train_acc': 1.0, 'task_loss': (0.0049, 0.0069)}
{'epoch': 39, 'train_loss': 0.0074, 'train_acc': 1.0, 'task_loss': (0.0014, 0.006)}
{'epoch': 40, 'train_loss': 0.007, 'train_acc': 0.9974, 'task_loss': (0.0041, 0.0029)}
{'epoch': 41, 'train_loss': 0.2218, 'train_acc': 0.9325, 'task_loss': (0.1429, 0.079)}
{'epoch': 42, 'train_loss': 0.0598, 'train_acc': 0.974, 'task_loss': (0.0223, 0.0375)}
{'epoch': 43, 'train_loss': 0.0316, 'train_acc': 0.9896, 'task_loss': (0.0085, 0.0232)}
{'epoch': 44, 'train_loss': 0.0159, 'train_acc': 0.9974, 'task_loss': (0.0048, 0.0111)}
{'epoch': 45, 'train_loss': 0.009, 'train_acc': 1.0, 'task_loss': (0.0018, 0.0071)}
{'epoch': 46, 'train_loss': 0.0099, 'train_acc': 1.0, 'task_loss': (0.0039, 0.0059)}
{'epoch': 47, 'train_loss': 0.0085, 'train_acc': 1.0, 'task_loss': (0.0044, 0.0041)}
{'epoch': 48, 'train_loss': 0.0074, 'train_acc': 1.0, 'task_loss': (0.0018, 0.0055)}
{'epoch': 49, 'train_loss': 0.0068, 'train_acc': 1.0, 'task_loss': (0.0028, 0.004)}
{'epoch': 50, 'train_loss': 0.0054, 'train_acc': 1.0, 'task_loss': (0.0018, 0.0036)}
{'epoch': 51, 'train_loss': 0.0039, 'train_acc': 1.0, 'task_loss': (0.001, 0.0029)}
{'epoch': 52, 'train_loss': 0.0086, 'train_acc': 0.9974, 'task_loss': (0.0063, 0.0023)}
{'epoch': 53, 'train_loss': 0.0642, 'train_acc': 0.9792, 'task_loss': (0.0351, 0.0291)}
{'epoch': 54, 'train_loss': 0.0429, 'train_acc': 0.9844, 'task_loss': (0.0305, 0.0123)}
{'epoch': 55, 'train_loss': 0.0161, 'train_acc': 0.9948, 'task_loss': (0.0062, 0.0099)}
{'epoch': 56, 'train_loss': 0.0075, 'train_acc': 1.0, 'task_loss': (0.0033, 0.0042)}
{'epoch': 57, 'train_loss': 0.0071, 'train_acc': 1.0, 'task_loss': (0.0029, 0.0042)}
{'epoch': 58, 'train_loss': 0.026, 'train_acc': 0.9948, 'task_loss': (0.0165, 0.0095)}
{'epoch': 59, 'train_loss': 0.1186, 'train_acc': 0.9532, 'task_loss': (0.0191, 0.0995)}
{'epoch': 60, 'train_loss': 0.0166, 'train_acc': 1.0, 'task_loss': (0.0067, 0.0099)}
{'epoch': 61, 'train_loss': 0.0106, 'train_acc': 1.0, 'task_loss': (0.0042, 0.0065)}
{'epoch': 62, 'train_loss': 0.016, 'train_acc': 0.9948, 'task_loss': (0.0061, 0.0099)}
{'epoch': 63, 'train_loss': 0.0071, 'train_acc': 1.0, 'task_loss': (0.0023, 0.0048)}
{'epoch': 64, 'train_loss': 0.006, 'train_acc': 1.0, 'task_loss': (0.0023, 0.0037)}
{'epoch': 65, 'train_loss': 0.0068, 'train_acc': 1.0, 'task_loss': (0.0018, 0.005)}
{'epoch': 66, 'train_loss': 0.0047, 'train_acc': 1.0, 'task_loss': (0.0017, 0.0029)}
{'epoch': 67, 'train_loss': 0.0052, 'train_acc': 1.0, 'task_loss': (0.002, 0.0032)}
{'epoch': 68, 'train_loss': 0.0051, 'train_acc': 1.0, 'task_loss': (0.0017, 0.0034)}
{'epoch': 69, 'train_loss': 0.0062, 'train_acc': 1.0, 'task_loss': (0.0023, 0.0039)}
{'epoch': 70, 'train_loss': 0.007, 'train_acc': 1.0, 'task_loss': (0.0028, 0.0042)}
{'epoch': 71, 'train_loss': 0.0053, 'train_acc': 1.0, 'task_loss': (0.0014, 0.0039)}
{'epoch': 72, 'train_loss': 0.0037, 'train_acc': 1.0, 'task_loss': (0.001, 0.0027)}
{'epoch': 73, 'train_loss': 0.0045, 'train_acc': 1.0, 'task_loss': (0.0017, 0.0028)}
{'epoch': 74, 'train_loss': 0.0042, 'train_acc': 1.0, 'task_loss': (0.0011, 0.003)}
{'epoch': 75, 'train_loss': 0.0046, 'train_acc': 1.0, 'task_loss': (0.0017, 0.0029)}
{'epoch': 76, 'train_loss': 0.0045, 'train_acc': 1.0, 'task_loss': (0.0021, 0.0024)}
{'epoch': 77, 'train_loss': 0.0043, 'train_acc': 1.0, 'task_loss': (0.0019, 0.0024)}
{'epoch': 78, 'train_loss': 0.0043, 'train_acc': 1.0, 'task_loss': (0.0013, 0.003)}
{'epoch': 79, 'train_loss': 0.0047, 'train_acc': 1.0, 'task_loss': (0.0016, 0.0031)}
{'epoch': 80, 'train_loss': 0.0033, 'train_acc': 1.0, 'task_loss': (0.0012, 0.0021)}
{'epoch': 81, 'train_loss': 0.0042, 'train_acc': 1.0, 'task_loss': (0.0012, 0.0031)}
{'epoch': 82, 'train_loss': 0.0083, 'train_acc': 0.9974, 'task_loss': (0.0062, 0.002)}
{'epoch': 83, 'train_loss': 0.0055, 'train_acc': 1.0, 'task_loss': (0.0011, 0.0044)}
{'epoch': 84, 'train_loss': 0.0055, 'train_acc': 1.0, 'task_loss': (0.0015, 0.0039)}
{'epoch': 85, 'train_loss': 0.0051, 'train_acc': 1.0, 'task_loss': (0.0022, 0.003)}
{'epoch': 86, 'train_loss': 0.0092, 'train_acc': 0.9974, 'task_loss': (0.0017, 0.0074)}
{'epoch': 87, 'train_loss': 0.0063, 'train_acc': 1.0, 'task_loss': (0.0015, 0.0048)}
{'epoch': 88, 'train_loss': 0.0038, 'train_acc': 1.0, 'task_loss': (0.0011, 0.0027)}
{'epoch': 89, 'train_loss': 0.0042, 'train_acc': 1.0, 'task_loss': (0.0017, 0.0024)}
{'epoch': 90, 'train_loss': 0.0045, 'train_acc': 1.0, 'task_loss': (0.0017, 0.0028)}
{'epoch': 91, 'train_loss': 0.0057, 'train_acc': 1.0, 'task_loss': (0.0019, 0.0038)}
{'epoch': 92, 'train_loss': 0.0036, 'train_acc': 1.0, 'task_loss': (0.0012, 0.0024)}
{'epoch': 93, 'train_loss': 0.0047, 'train_acc': 1.0, 'task_loss': (0.0012, 0.0035)}
{'epoch': 94, 'train_loss': 0.0039, 'train_acc': 1.0, 'task_loss': (0.0009, 0.003)}
{'epoch': 95, 'train_loss': 0.0042, 'train_acc': 1.0, 'task_loss': (0.0011, 0.0031)}
{'epoch': 96, 'train_loss': 0.0034, 'train_acc': 1.0, 'task_loss': (0.001, 0.0024)}
{'epoch': 97, 'train_loss': 0.0054, 'train_acc': 1.0, 'task_loss': (0.0018, 0.0036)}
{'epoch': 98, 'train_loss': 0.0048, 'train_acc': 1.0, 'task_loss': (0.0014, 0.0033)}
{'epoch': 99, 'train_loss': 0.0031, 'train_acc': 1.0, 'task_loss': (0.001, 0.0022)}
{'epoch': 100, 'train_loss': 0.0165, 'train_acc': 0.9974, 'task_loss': (0.0014, 0.0151)}
{'run_num': 2, 'final_test_err': 0.14332247557003253}
Files already downloaded and verified
Files already downloaded and verified
{'epoch': 1, 'train_loss': 0.5414, 'train_acc': 0.7377, 'task_loss': (0.2528, 0.2885)}
{'epoch': 2, 'train_loss': 0.4716, 'train_acc': 0.787, 'task_loss': (0.2251, 0.2465)}
{'epoch': 3, 'train_loss': 0.325, 'train_acc': 0.8442, 'task_loss': (0.1298, 0.1951)}
{'epoch': 4, 'train_loss': 0.2176, 'train_acc': 0.9013, 'task_loss': (0.0885, 0.1291)}
{'epoch': 5, 'train_loss': 0.1544, 'train_acc': 0.9221, 'task_loss': (0.0543, 0.1)}
{'epoch': 6, 'train_loss': 0.1737, 'train_acc': 0.9221, 'task_loss': (0.0784, 0.0953)}
{'epoch': 7, 'train_loss': 0.1849, 'train_acc': 0.9195, 'task_loss': (0.058, 0.1268)}
{'epoch': 8, 'train_loss': 0.0835, 'train_acc': 0.9766, 'task_loss': (0.0345, 0.049)}
{'epoch': 9, 'train_loss': 0.0312, 'train_acc': 0.9974, 'task_loss': (0.0124, 0.0188)}
{'epoch': 10, 'train_loss': 0.0154, 'train_acc': 1.0, 'task_loss': (0.0036, 0.0117)}
{'epoch': 11, 'train_loss': 0.1449, 'train_acc': 0.9506, 'task_loss': (0.0875, 0.0574)}
{'epoch': 12, 'train_loss': 0.1679, 'train_acc': 0.9455, 'task_loss': (0.1045, 0.0635)}
{'epoch': 13, 'train_loss': 0.117, 'train_acc': 0.9558, 'task_loss': (0.0615, 0.0554)}
{'epoch': 14, 'train_loss': 0.0591, 'train_acc': 0.987, 'task_loss': (0.0291, 0.0299)}
{'epoch': 15, 'train_loss': 0.0256, 'train_acc': 0.9948, 'task_loss': (0.0112, 0.0144)}
{'epoch': 16, 'train_loss': 0.0221, 'train_acc': 0.9922, 'task_loss': (0.0063, 0.0158)}
{'epoch': 17, 'train_loss': 0.0105, 'train_acc': 1.0, 'task_loss': (0.0042, 0.0063)}
{'epoch': 18, 'train_loss': 0.0055, 'train_acc': 1.0, 'task_loss': (0.0016, 0.0038)}
{'epoch': 19, 'train_loss': 0.0039, 'train_acc': 1.0, 'task_loss': (0.0014, 0.0025)}
{'epoch': 20, 'train_loss': 0.0054, 'train_acc': 1.0, 'task_loss': (0.003, 0.0024)}
{'epoch': 21, 'train_loss': 0.0027, 'train_acc': 1.0, 'task_loss': (0.0012, 0.0015)}
{'epoch': 22, 'train_loss': 0.0022, 'train_acc': 1.0, 'task_loss': (0.001, 0.0012)}
{'epoch': 23, 'train_loss': 0.002, 'train_acc': 1.0, 'task_loss': (0.0005, 0.0015)}
{'epoch': 24, 'train_loss': 0.0023, 'train_acc': 1.0, 'task_loss': (0.0008, 0.0015)}
{'epoch': 25, 'train_loss': 0.0014, 'train_acc': 1.0, 'task_loss': (0.0004, 0.001)}
{'epoch': 26, 'train_loss': 0.0019, 'train_acc': 1.0, 'task_loss': (0.0005, 0.0014)}
{'epoch': 27, 'train_loss': 0.0031, 'train_acc': 1.0, 'task_loss': (0.0021, 0.001)}
{'epoch': 28, 'train_loss': 0.2222, 'train_acc': 0.9403, 'task_loss': (0.0669, 0.1553)}
{'epoch': 29, 'train_loss': 0.0481, 'train_acc': 0.9818, 'task_loss': (0.0166, 0.0315)}
{'epoch': 30, 'train_loss': 0.0147, 'train_acc': 1.0, 'task_loss': (0.0055, 0.0092)}
{'epoch': 31, 'train_loss': 0.008, 'train_acc': 1.0, 'task_loss': (0.0023, 0.0057)}
{'epoch': 32, 'train_loss': 0.0063, 'train_acc': 0.9974, 'task_loss': (0.0031, 0.0032)}
{'epoch': 33, 'train_loss': 0.0034, 'train_acc': 1.0, 'task_loss': (0.0009, 0.0025)}
{'epoch': 34, 'train_loss': 0.0037, 'train_acc': 1.0, 'task_loss': (0.001, 0.0027)}
{'epoch': 35, 'train_loss': 0.0039, 'train_acc': 1.0, 'task_loss': (0.0014, 0.0025)}
{'epoch': 36, 'train_loss': 0.0093, 'train_acc': 0.9974, 'task_loss': (0.0032, 0.0061)}
{'epoch': 37, 'train_loss': 0.0065, 'train_acc': 1.0, 'task_loss': (0.0036, 0.0029)}
{'epoch': 38, 'train_loss': 0.0052, 'train_acc': 1.0, 'task_loss': (0.0015, 0.0037)}
{'epoch': 39, 'train_loss': 0.0031, 'train_acc': 1.0, 'task_loss': (0.0007, 0.0024)}
{'epoch': 40, 'train_loss': 0.0016, 'train_acc': 1.0, 'task_loss': (0.0004, 0.0012)}
{'epoch': 41, 'train_loss': 0.0016, 'train_acc': 1.0, 'task_loss': (0.0006, 0.001)}
{'epoch': 42, 'train_loss': 0.0067, 'train_acc': 0.9974, 'task_loss': (0.006, 0.0007)}
{'epoch': 43, 'train_loss': 0.3253, 'train_acc': 0.8909, 'task_loss': (0.1909, 0.1343)}
{'epoch': 44, 'train_loss': 0.0764, 'train_acc': 0.9714, 'task_loss': (0.044, 0.0324)}
{'epoch': 45, 'train_loss': 0.0378, 'train_acc': 0.987, 'task_loss': (0.0204, 0.0174)}
{'epoch': 46, 'train_loss': 0.014, 'train_acc': 0.9974, 'task_loss': (0.0061, 0.0079)}
{'epoch': 47, 'train_loss': 0.0088, 'train_acc': 1.0, 'task_loss': (0.0047, 0.0041)}
{'epoch': 48, 'train_loss': 0.0058, 'train_acc': 1.0, 'task_loss': (0.0031, 0.0027)}
{'epoch': 49, 'train_loss': 0.0062, 'train_acc': 1.0, 'task_loss': (0.0015, 0.0046)}
{'epoch': 50, 'train_loss': 0.0057, 'train_acc': 0.9974, 'task_loss': (0.0026, 0.0031)}
{'epoch': 51, 'train_loss': 0.0875, 'train_acc': 0.9688, 'task_loss': (0.033, 0.0545)}
{'epoch': 52, 'train_loss': 0.0402, 'train_acc': 0.9844, 'task_loss': (0.0082, 0.032)}
{'epoch': 53, 'train_loss': 0.0195, 'train_acc': 0.9948, 'task_loss': (0.0113, 0.0083)}
{'epoch': 54, 'train_loss': 0.0064, 'train_acc': 1.0, 'task_loss': (0.0028, 0.0036)}
{'epoch': 55, 'train_loss': 0.0046, 'train_acc': 1.0, 'task_loss': (0.0016, 0.0029)}
{'epoch': 56, 'train_loss': 0.0072, 'train_acc': 1.0, 'task_loss': (0.0016, 0.0056)}
{'epoch': 57, 'train_loss': 0.0084, 'train_acc': 1.0, 'task_loss': (0.0048, 0.0036)}
{'epoch': 58, 'train_loss': 0.0113, 'train_acc': 0.9974, 'task_loss': (0.0073, 0.004)}
{'epoch': 59, 'train_loss': 0.0063, 'train_acc': 1.0, 'task_loss': (0.0024, 0.0039)}
{'epoch': 60, 'train_loss': 0.0034, 'train_acc': 1.0, 'task_loss': (0.0013, 0.002)}
{'epoch': 61, 'train_loss': 0.0032, 'train_acc': 1.0, 'task_loss': (0.0009, 0.0023)}
{'epoch': 62, 'train_loss': 0.0045, 'train_acc': 1.0, 'task_loss': (0.001, 0.0035)}
{'epoch': 63, 'train_loss': 0.0046, 'train_acc': 0.9974, 'task_loss': (0.0021, 0.0025)}
{'epoch': 64, 'train_loss': 0.0469, 'train_acc': 0.9896, 'task_loss': (0.0347, 0.0121)}
{'epoch': 65, 'train_loss': 0.0143, 'train_acc': 0.9948, 'task_loss': (0.0108, 0.0035)}
{'epoch': 66, 'train_loss': 0.0039, 'train_acc': 1.0, 'task_loss': (0.0016, 0.0022)}
{'epoch': 67, 'train_loss': 0.004, 'train_acc': 1.0, 'task_loss': (0.0013, 0.0027)}
{'epoch': 68, 'train_loss': 0.0044, 'train_acc': 1.0, 'task_loss': (0.0012, 0.0032)}
{'epoch': 69, 'train_loss': 0.0047, 'train_acc': 1.0, 'task_loss': (0.0019, 0.0028)}
{'epoch': 70, 'train_loss': 0.0043, 'train_acc': 0.9974, 'task_loss': (0.0012, 0.0031)}
{'epoch': 71, 'train_loss': 0.0097, 'train_acc': 1.0, 'task_loss': (0.0027, 0.007)}
{'epoch': 72, 'train_loss': 0.0095, 'train_acc': 0.9974, 'task_loss': (0.003, 0.0064)}
{'epoch': 73, 'train_loss': 0.0087, 'train_acc': 0.9974, 'task_loss': (0.0051, 0.0036)}
{'epoch': 74, 'train_loss': 0.0084, 'train_acc': 1.0, 'task_loss': (0.0035, 0.0049)}
{'epoch': 75, 'train_loss': 0.0049, 'train_acc': 1.0, 'task_loss': (0.0017, 0.0032)}
{'epoch': 76, 'train_loss': 0.0063, 'train_acc': 1.0, 'task_loss': (0.0035, 0.0028)}
{'epoch': 77, 'train_loss': 0.0109, 'train_acc': 0.9974, 'task_loss': (0.0093, 0.0016)}
{'epoch': 78, 'train_loss': 0.0098, 'train_acc': 1.0, 'task_loss': (0.0043, 0.0055)}
{'epoch': 79, 'train_loss': 0.0124, 'train_acc': 0.9974, 'task_loss': (0.0071, 0.0053)}
{'epoch': 80, 'train_loss': 0.0064, 'train_acc': 1.0, 'task_loss': (0.0038, 0.0026)}
{'epoch': 81, 'train_loss': 0.0065, 'train_acc': 1.0, 'task_loss': (0.0027, 0.0038)}
{'epoch': 82, 'train_loss': 0.0051, 'train_acc': 1.0, 'task_loss': (0.0014, 0.0038)}
{'epoch': 83, 'train_loss': 0.0043, 'train_acc': 1.0, 'task_loss': (0.0018, 0.0024)}
{'epoch': 84, 'train_loss': 0.0053, 'train_acc': 1.0, 'task_loss': (0.0024, 0.0029)}
{'epoch': 85, 'train_loss': 0.0044, 'train_acc': 1.0, 'task_loss': (0.0025, 0.002)}
{'epoch': 86, 'train_loss': 0.0028, 'train_acc': 1.0, 'task_loss': (0.0011, 0.0017)}
{'epoch': 87, 'train_loss': 0.0056, 'train_acc': 0.9974, 'task_loss': (0.0034, 0.0022)}
{'epoch': 88, 'train_loss': 0.0033, 'train_acc': 1.0, 'task_loss': (0.0017, 0.0016)}
{'epoch': 89, 'train_loss': 0.0036, 'train_acc': 1.0, 'task_loss': (0.0014, 0.0022)}
{'epoch': 90, 'train_loss': 0.003, 'train_acc': 1.0, 'task_loss': (0.0014, 0.0015)}
{'epoch': 91, 'train_loss': 0.0063, 'train_acc': 1.0, 'task_loss': (0.0017, 0.0046)}
{'epoch': 92, 'train_loss': 0.0039, 'train_acc': 1.0, 'task_loss': (0.0014, 0.0024)}
{'epoch': 93, 'train_loss': 0.0082, 'train_acc': 1.0, 'task_loss': (0.0039, 0.0043)}
{'epoch': 94, 'train_loss': 0.0033, 'train_acc': 1.0, 'task_loss': (0.0014, 0.0019)}
{'epoch': 95, 'train_loss': 0.0109, 'train_acc': 0.9974, 'task_loss': (0.0077, 0.0033)}
{'epoch': 96, 'train_loss': 0.0028, 'train_acc': 1.0, 'task_loss': (0.0008, 0.0019)}
{'epoch': 97, 'train_loss': 0.0028, 'train_acc': 1.0, 'task_loss': (0.001, 0.0018)}
{'epoch': 98, 'train_loss': 0.0029, 'train_acc': 1.0, 'task_loss': (0.0012, 0.0017)}
{'epoch': 99, 'train_loss': 0.0033, 'train_acc': 1.0, 'task_loss': (0.0011, 0.0022)}
{'epoch': 100, 'train_loss': 0.0038, 'train_acc': 1.0, 'task_loss': (0.0015, 0.0023)}
{'run_num': 3, 'final_test_err': 0.16938110749185664}
Files already downloaded and verified
Files already downloaded and verified
{'epoch': 1, 'train_loss': 0.5337, 'train_acc': 0.7532, 'task_loss': (0.2529, 0.2808)}
{'epoch': 2, 'train_loss': 0.378, 'train_acc': 0.839, 'task_loss': (0.1336, 0.2444)}
{'epoch': 3, 'train_loss': 0.3207, 'train_acc': 0.8675, 'task_loss': (0.1258, 0.1949)}
{'epoch': 4, 'train_loss': 0.2185, 'train_acc': 0.9169, 'task_loss': (0.0609, 0.1576)}
{'epoch': 5, 'train_loss': 0.1381, 'train_acc': 0.9455, 'task_loss': (0.0427, 0.0954)}
{'epoch': 6, 'train_loss': 0.0984, 'train_acc': 0.9662, 'task_loss': (0.0383, 0.0601)}
{'epoch': 7, 'train_loss': 0.067, 'train_acc': 0.9792, 'task_loss': (0.0263, 0.0406)}
{'epoch': 8, 'train_loss': 0.0599, 'train_acc': 0.9818, 'task_loss': (0.0365, 0.0234)}
{'epoch': 9, 'train_loss': 0.0357, 'train_acc': 0.9974, 'task_loss': (0.0142, 0.0215)}
{'epoch': 10, 'train_loss': 0.018, 'train_acc': 0.9974, 'task_loss': (0.0065, 0.0115)}
{'epoch': 11, 'train_loss': 0.0124, 'train_acc': 0.9974, 'task_loss': (0.002, 0.0104)}
{'epoch': 12, 'train_loss': 0.0054, 'train_acc': 1.0, 'task_loss': (0.0018, 0.0037)}
{'epoch': 13, 'train_loss': 0.0051, 'train_acc': 1.0, 'task_loss': (0.0013, 0.0038)}
{'epoch': 14, 'train_loss': 0.0035, 'train_acc': 1.0, 'task_loss': (0.001, 0.0025)}
{'epoch': 15, 'train_loss': 0.0023, 'train_acc': 1.0, 'task_loss': (0.001, 0.0013)}
{'epoch': 16, 'train_loss': 0.0018, 'train_acc': 1.0, 'task_loss': (0.0005, 0.0013)}
{'epoch': 17, 'train_loss': 0.0034, 'train_acc': 1.0, 'task_loss': (0.0008, 0.0026)}
{'epoch': 18, 'train_loss': 0.004, 'train_acc': 1.0, 'task_loss': (0.0009, 0.0031)}
{'epoch': 19, 'train_loss': 0.0021, 'train_acc': 1.0, 'task_loss': (0.0006, 0.0015)}
{'epoch': 20, 'train_loss': 0.0021, 'train_acc': 1.0, 'task_loss': (0.0009, 0.0012)}
{'epoch': 21, 'train_loss': 0.0034, 'train_acc': 1.0, 'task_loss': (0.0022, 0.0011)}
{'epoch': 22, 'train_loss': 0.0417, 'train_acc': 0.9896, 'task_loss': (0.0087, 0.033)}
{'epoch': 23, 'train_loss': 0.0414, 'train_acc': 0.9896, 'task_loss': (0.0088, 0.0327)}
{'epoch': 24, 'train_loss': 0.0244, 'train_acc': 0.9922, 'task_loss': (0.0085, 0.0159)}
{'epoch': 25, 'train_loss': 0.0389, 'train_acc': 0.987, 'task_loss': (0.0187, 0.0202)}
{'epoch': 26, 'train_loss': 0.1157, 'train_acc': 0.9558, 'task_loss': (0.0518, 0.0639)}
{'epoch': 27, 'train_loss': 0.0888, 'train_acc': 0.9662, 'task_loss': (0.0412, 0.0476)}
{'epoch': 28, 'train_loss': 0.0903, 'train_acc': 0.9636, 'task_loss': (0.0432, 0.0471)}
{'epoch': 29, 'train_loss': 0.1686, 'train_acc': 0.9325, 'task_loss': (0.0721, 0.0966)}
{'epoch': 30, 'train_loss': 0.4202, 'train_acc': 0.8494, 'task_loss': (0.1828, 0.2374)}
{'epoch': 31, 'train_loss': 0.3047, 'train_acc': 0.8935, 'task_loss': (0.1341, 0.1707)}
{'epoch': 32, 'train_loss': 0.1098, 'train_acc': 0.9662, 'task_loss': (0.0512, 0.0586)}
{'epoch': 33, 'train_loss': 0.1221, 'train_acc': 0.9636, 'task_loss': (0.0303, 0.0919)}
{'epoch': 34, 'train_loss': 0.0302, 'train_acc': 1.0, 'task_loss': (0.0115, 0.0187)}
{'epoch': 35, 'train_loss': 0.0259, 'train_acc': 0.9948, 'task_loss': (0.009, 0.0168)}
{'epoch': 36, 'train_loss': 0.1197, 'train_acc': 0.9532, 'task_loss': (0.0548, 0.0649)}
{'epoch': 37, 'train_loss': 0.0411, 'train_acc': 0.9896, 'task_loss': (0.0146, 0.0264)}
{'epoch': 38, 'train_loss': 0.0236, 'train_acc': 0.9974, 'task_loss': (0.0048, 0.0188)}
{'epoch': 39, 'train_loss': 0.0112, 'train_acc': 0.9948, 'task_loss': (0.0034, 0.0079)}
{'epoch': 40, 'train_loss': 0.1032, 'train_acc': 0.9558, 'task_loss': (0.0547, 0.0485)}
{'epoch': 41, 'train_loss': 0.0322, 'train_acc': 0.9922, 'task_loss': (0.0117, 0.0205)}
{'epoch': 42, 'train_loss': 0.0148, 'train_acc': 1.0, 'task_loss': (0.0045, 0.0103)}
{'epoch': 43, 'train_loss': 0.0113, 'train_acc': 0.9974, 'task_loss': (0.002, 0.0094)}
{'epoch': 44, 'train_loss': 0.0099, 'train_acc': 1.0, 'task_loss': (0.0026, 0.0073)}
{'epoch': 45, 'train_loss': 0.0058, 'train_acc': 1.0, 'task_loss': (0.0021, 0.0037)}
{'epoch': 46, 'train_loss': 0.0058, 'train_acc': 1.0, 'task_loss': (0.0022, 0.0035)}
{'epoch': 47, 'train_loss': 0.0044, 'train_acc': 1.0, 'task_loss': (0.0016, 0.0028)}
{'epoch': 48, 'train_loss': 0.0035, 'train_acc': 1.0, 'task_loss': (0.0007, 0.0028)}
{'epoch': 49, 'train_loss': 0.0033, 'train_acc': 1.0, 'task_loss': (0.0012, 0.002)}
{'epoch': 50, 'train_loss': 0.005, 'train_acc': 1.0, 'task_loss': (0.0016, 0.0035)}
{'epoch': 51, 'train_loss': 0.0318, 'train_acc': 0.9948, 'task_loss': (0.0064, 0.0254)}
{'epoch': 52, 'train_loss': 0.0109, 'train_acc': 0.9974, 'task_loss': (0.0062, 0.0047)}
{'epoch': 53, 'train_loss': 0.0068, 'train_acc': 1.0, 'task_loss': (0.0026, 0.0041)}
{'epoch': 54, 'train_loss': 0.0036, 'train_acc': 1.0, 'task_loss': (0.0009, 0.0026)}
{'epoch': 55, 'train_loss': 0.005, 'train_acc': 1.0, 'task_loss': (0.002, 0.003)}
{'epoch': 56, 'train_loss': 0.0027, 'train_acc': 1.0, 'task_loss': (0.0007, 0.002)}
{'epoch': 57, 'train_loss': 0.0034, 'train_acc': 1.0, 'task_loss': (0.0012, 0.0022)}
{'epoch': 58, 'train_loss': 0.003, 'train_acc': 1.0, 'task_loss': (0.0013, 0.0016)}
{'epoch': 59, 'train_loss': 0.0031, 'train_acc': 1.0, 'task_loss': (0.0012, 0.0019)}
{'epoch': 60, 'train_loss': 0.0025, 'train_acc': 1.0, 'task_loss': (0.0006, 0.0019)}
{'epoch': 61, 'train_loss': 0.0144, 'train_acc': 0.9974, 'task_loss': (0.0009, 0.0135)}
{'epoch': 62, 'train_loss': 0.0028, 'train_acc': 1.0, 'task_loss': (0.0004, 0.0024)}
{'epoch': 63, 'train_loss': 0.0021, 'train_acc': 1.0, 'task_loss': (0.0006, 0.0014)}
{'epoch': 64, 'train_loss': 0.0171, 'train_acc': 0.9974, 'task_loss': (0.0157, 0.0014)}
{'epoch': 65, 'train_loss': 0.0661, 'train_acc': 0.9688, 'task_loss': (0.0345, 0.0317)}
{'epoch': 66, 'train_loss': 0.0143, 'train_acc': 0.9974, 'task_loss': (0.0058, 0.0085)}
{'epoch': 67, 'train_loss': 0.0094, 'train_acc': 1.0, 'task_loss': (0.0027, 0.0067)}
{'epoch': 68, 'train_loss': 0.0052, 'train_acc': 1.0, 'task_loss': (0.0019, 0.0034)}
{'epoch': 69, 'train_loss': 0.0092, 'train_acc': 0.9974, 'task_loss': (0.0062, 0.0031)}
{'epoch': 70, 'train_loss': 0.0329, 'train_acc': 0.987, 'task_loss': (0.0253, 0.0076)}
{'epoch': 71, 'train_loss': 0.0238, 'train_acc': 0.9922, 'task_loss': (0.0136, 0.0102)}
{'epoch': 72, 'train_loss': 0.0274, 'train_acc': 0.9922, 'task_loss': (0.0118, 0.0155)}
{'epoch': 73, 'train_loss': 0.0159, 'train_acc': 0.9948, 'task_loss': (0.0066, 0.0093)}
{'epoch': 74, 'train_loss': 0.0081, 'train_acc': 1.0, 'task_loss': (0.0022, 0.0059)}
{'epoch': 75, 'train_loss': 0.0069, 'train_acc': 1.0, 'task_loss': (0.0021, 0.0049)}
{'epoch': 76, 'train_loss': 0.0083, 'train_acc': 1.0, 'task_loss': (0.0034, 0.0049)}
{'epoch': 77, 'train_loss': 0.0057, 'train_acc': 1.0, 'task_loss': (0.0016, 0.004)}
{'epoch': 78, 'train_loss': 0.0053, 'train_acc': 1.0, 'task_loss': (0.0012, 0.0041)}
{'epoch': 79, 'train_loss': 0.0045, 'train_acc': 1.0, 'task_loss': (0.0013, 0.0032)}
{'epoch': 80, 'train_loss': 0.0041, 'train_acc': 1.0, 'task_loss': (0.0012, 0.0028)}
{'epoch': 81, 'train_loss': 0.0033, 'train_acc': 1.0, 'task_loss': (0.001, 0.0023)}
{'epoch': 82, 'train_loss': 0.0036, 'train_acc': 1.0, 'task_loss': (0.0009, 0.0027)}
{'epoch': 83, 'train_loss': 0.0059, 'train_acc': 0.9974, 'task_loss': (0.0011, 0.0048)}
{'epoch': 84, 'train_loss': 0.0052, 'train_acc': 1.0, 'task_loss': (0.0009, 0.0044)}
{'epoch': 85, 'train_loss': 0.0028, 'train_acc': 1.0, 'task_loss': (0.001, 0.0019)}
{'epoch': 86, 'train_loss': 0.0057, 'train_acc': 1.0, 'task_loss': (0.003, 0.0026)}
{'epoch': 87, 'train_loss': 0.0042, 'train_acc': 1.0, 'task_loss': (0.002, 0.0022)}
{'epoch': 88, 'train_loss': 0.0038, 'train_acc': 1.0, 'task_loss': (0.0014, 0.0024)}
{'epoch': 89, 'train_loss': 0.0023, 'train_acc': 1.0, 'task_loss': (0.0008, 0.0015)}
{'epoch': 90, 'train_loss': 0.0114, 'train_acc': 0.9974, 'task_loss': (0.0008, 0.0105)}
{'epoch': 91, 'train_loss': 0.0038, 'train_acc': 1.0, 'task_loss': (0.0011, 0.0027)}
{'epoch': 92, 'train_loss': 0.0022, 'train_acc': 1.0, 'task_loss': (0.0005, 0.0017)}
{'epoch': 93, 'train_loss': 0.0025, 'train_acc': 1.0, 'task_loss': (0.0008, 0.0017)}
{'epoch': 94, 'train_loss': 0.003, 'train_acc': 1.0, 'task_loss': (0.0009, 0.0022)}
{'epoch': 95, 'train_loss': 0.0066, 'train_acc': 0.9974, 'task_loss': (0.0046, 0.002)}
{'epoch': 96, 'train_loss': 0.0047, 'train_acc': 1.0, 'task_loss': (0.0019, 0.0027)}
{'epoch': 97, 'train_loss': 0.0025, 'train_acc': 1.0, 'task_loss': (0.0009, 0.0017)}
{'epoch': 98, 'train_loss': 0.0052, 'train_acc': 1.0, 'task_loss': (0.0016, 0.0037)}
{'epoch': 99, 'train_loss': 0.0071, 'train_acc': 0.9974, 'task_loss': (0.0014, 0.0058)}
{'epoch': 100, 'train_loss': 0.0063, 'train_acc': 1.0, 'task_loss': (0.0015, 0.0048)}
{'run_num': 4, 'final_test_err': 0.16612377850162863}
Files already downloaded and verified
Files already downloaded and verified
{'epoch': 1, 'train_loss': 0.5208, 'train_acc': 0.7273, 'task_loss': (0.2395, 0.2813)}
{'epoch': 2, 'train_loss': 0.3494, 'train_acc': 0.8312, 'task_loss': (0.1333, 0.2161)}
{'epoch': 3, 'train_loss': 0.3296, 'train_acc': 0.8416, 'task_loss': (0.1138, 0.2158)}
{'epoch': 4, 'train_loss': 0.2207, 'train_acc': 0.9143, 'task_loss': (0.0626, 0.1581)}
{'epoch': 5, 'train_loss': 0.202, 'train_acc': 0.9247, 'task_loss': (0.0565, 0.1456)}
{'epoch': 6, 'train_loss': 0.1493, 'train_acc': 0.9481, 'task_loss': (0.0506, 0.0987)}
{'epoch': 7, 'train_loss': 0.1035, 'train_acc': 0.9662, 'task_loss': (0.0329, 0.0707)}
{'epoch': 8, 'train_loss': 0.0771, 'train_acc': 0.9714, 'task_loss': (0.0159, 0.0612)}
{'epoch': 9, 'train_loss': 0.038, 'train_acc': 0.987, 'task_loss': (0.0074, 0.0306)}
{'epoch': 10, 'train_loss': 0.0286, 'train_acc': 0.9948, 'task_loss': (0.008, 0.0206)}
{'epoch': 11, 'train_loss': 0.011, 'train_acc': 1.0, 'task_loss': (0.0018, 0.0093)}
{'epoch': 12, 'train_loss': 0.0127, 'train_acc': 1.0, 'task_loss': (0.0044, 0.0082)}
{'epoch': 13, 'train_loss': 0.0086, 'train_acc': 1.0, 'task_loss': (0.0027, 0.0059)}
{'epoch': 14, 'train_loss': 0.009, 'train_acc': 0.9974, 'task_loss': (0.0011, 0.0079)}
{'epoch': 15, 'train_loss': 0.0054, 'train_acc': 1.0, 'task_loss': (0.0016, 0.0037)}
{'epoch': 16, 'train_loss': 0.0035, 'train_acc': 1.0, 'task_loss': (0.0007, 0.0028)}
{'epoch': 17, 'train_loss': 0.0028, 'train_acc': 1.0, 'task_loss': (0.001, 0.0018)}
{'epoch': 18, 'train_loss': 0.0025, 'train_acc': 1.0, 'task_loss': (0.0006, 0.0019)}
{'epoch': 19, 'train_loss': 0.0034, 'train_acc': 1.0, 'task_loss': (0.0014, 0.002)}
{'epoch': 20, 'train_loss': 0.0036, 'train_acc': 1.0, 'task_loss': (0.0018, 0.0017)}
{'epoch': 21, 'train_loss': 0.1058, 'train_acc': 0.9688, 'task_loss': (0.0787, 0.0271)}
{'epoch': 22, 'train_loss': 0.3122, 'train_acc': 0.9143, 'task_loss': (0.123, 0.1892)}
{'epoch': 23, 'train_loss': 0.1561, 'train_acc': 0.9506, 'task_loss': (0.0559, 0.1002)}
{'epoch': 24, 'train_loss': 0.2115, 'train_acc': 0.9273, 'task_loss': (0.0862, 0.1253)}
{'epoch': 25, 'train_loss': 0.0765, 'train_acc': 0.9688, 'task_loss': (0.0205, 0.056)}
{'epoch': 26, 'train_loss': 0.0353, 'train_acc': 0.9896, 'task_loss': (0.0058, 0.0296)}
{'epoch': 27, 'train_loss': 0.1266, 'train_acc': 0.9455, 'task_loss': (0.0767, 0.0499)}
{'epoch': 28, 'train_loss': 0.0769, 'train_acc': 0.974, 'task_loss': (0.0183, 0.0587)}
{'epoch': 29, 'train_loss': 0.0449, 'train_acc': 0.9922, 'task_loss': (0.0173, 0.0276)}
{'epoch': 30, 'train_loss': 0.0249, 'train_acc': 0.9974, 'task_loss': (0.0081, 0.0168)}
{'epoch': 31, 'train_loss': 0.0164, 'train_acc': 0.9974, 'task_loss': (0.0066, 0.0098)}
{'epoch': 32, 'train_loss': 0.0073, 'train_acc': 1.0, 'task_loss': (0.0027, 0.0047)}
{'epoch': 33, 'train_loss': 0.0072, 'train_acc': 0.9974, 'task_loss': (0.0026, 0.0046)}
{'epoch': 34, 'train_loss': 0.0056, 'train_acc': 1.0, 'task_loss': (0.0019, 0.0037)}
{'epoch': 35, 'train_loss': 0.0039, 'train_acc': 1.0, 'task_loss': (0.0006, 0.0033)}
{'epoch': 36, 'train_loss': 0.0034, 'train_acc': 1.0, 'task_loss': (0.0007, 0.0027)}
{'epoch': 37, 'train_loss': 0.003, 'train_acc': 1.0, 'task_loss': (0.0006, 0.0025)}
{'epoch': 38, 'train_loss': 0.0112, 'train_acc': 0.9974, 'task_loss': (0.0026, 0.0086)}
{'epoch': 39, 'train_loss': 0.0063, 'train_acc': 1.0, 'task_loss': (0.002, 0.0043)}
{'epoch': 40, 'train_loss': 0.0059, 'train_acc': 1.0, 'task_loss': (0.0025, 0.0034)}
{'epoch': 41, 'train_loss': 0.0035, 'train_acc': 1.0, 'task_loss': (0.0006, 0.0028)}
{'epoch': 42, 'train_loss': 0.0027, 'train_acc': 1.0, 'task_loss': (0.0007, 0.002)}
{'epoch': 43, 'train_loss': 0.0027, 'train_acc': 1.0, 'task_loss': (0.0013, 0.0015)}
{'epoch': 44, 'train_loss': 0.0476, 'train_acc': 0.9844, 'task_loss': (0.0352, 0.0124)}
{'epoch': 45, 'train_loss': 0.0323, 'train_acc': 0.9896, 'task_loss': (0.0193, 0.013)}
{'epoch': 46, 'train_loss': 0.1571, 'train_acc': 0.9532, 'task_loss': (0.0802, 0.0769)}
{'epoch': 47, 'train_loss': 0.0448, 'train_acc': 0.9922, 'task_loss': (0.0095, 0.0353)}
{'epoch': 48, 'train_loss': 0.013, 'train_acc': 1.0, 'task_loss': (0.0036, 0.0094)}
{'epoch': 49, 'train_loss': 0.0119, 'train_acc': 0.9974, 'task_loss': (0.0055, 0.0064)}
{'epoch': 50, 'train_loss': 0.0071, 'train_acc': 1.0, 'task_loss': (0.0034, 0.0037)}
{'epoch': 51, 'train_loss': 0.0069, 'train_acc': 1.0, 'task_loss': (0.003, 0.0039)}
{'epoch': 52, 'train_loss': 0.0034, 'train_acc': 1.0, 'task_loss': (0.0012, 0.0023)}
{'epoch': 53, 'train_loss': 0.0039, 'train_acc': 1.0, 'task_loss': (0.0012, 0.0027)}
{'epoch': 54, 'train_loss': 0.0064, 'train_acc': 0.9974, 'task_loss': (0.0031, 0.0033)}
{'epoch': 55, 'train_loss': 0.0038, 'train_acc': 1.0, 'task_loss': (0.0017, 0.0021)}
{'epoch': 56, 'train_loss': 0.0027, 'train_acc': 1.0, 'task_loss': (0.0006, 0.0021)}
{'epoch': 57, 'train_loss': 0.0027, 'train_acc': 1.0, 'task_loss': (0.0012, 0.0015)}
{'epoch': 58, 'train_loss': 0.0026, 'train_acc': 1.0, 'task_loss': (0.0012, 0.0014)}
{'epoch': 59, 'train_loss': 0.0031, 'train_acc': 1.0, 'task_loss': (0.0012, 0.002)}
{'epoch': 60, 'train_loss': 0.0074, 'train_acc': 0.9974, 'task_loss': (0.0052, 0.0022)}
{'epoch': 61, 'train_loss': 0.026, 'train_acc': 0.9974, 'task_loss': (0.0009, 0.0251)}
{'epoch': 62, 'train_loss': 0.0235, 'train_acc': 0.9896, 'task_loss': (0.0061, 0.0174)}
{'epoch': 63, 'train_loss': 0.0202, 'train_acc': 0.9974, 'task_loss': (0.0077, 0.0125)}
{'epoch': 64, 'train_loss': 0.0074, 'train_acc': 1.0, 'task_loss': (0.0033, 0.0041)}
{'epoch': 65, 'train_loss': 0.0068, 'train_acc': 1.0, 'task_loss': (0.0029, 0.0038)}
{'epoch': 66, 'train_loss': 0.0082, 'train_acc': 0.9974, 'task_loss': (0.0014, 0.0067)}
{'epoch': 67, 'train_loss': 0.0672, 'train_acc': 0.974, 'task_loss': (0.0216, 0.0456)}
{'epoch': 68, 'train_loss': 0.0159, 'train_acc': 0.9974, 'task_loss': (0.0071, 0.0088)}
{'epoch': 69, 'train_loss': 0.0091, 'train_acc': 1.0, 'task_loss': (0.0014, 0.0078)}
{'epoch': 70, 'train_loss': 0.01, 'train_acc': 1.0, 'task_loss': (0.0023, 0.0077)}
{'epoch': 71, 'train_loss': 0.0081, 'train_acc': 1.0, 'task_loss': (0.0025, 0.0057)}
{'epoch': 72, 'train_loss': 0.0067, 'train_acc': 1.0, 'task_loss': (0.0012, 0.0054)}
{'epoch': 73, 'train_loss': 0.0039, 'train_acc': 1.0, 'task_loss': (0.0011, 0.0028)}
{'epoch': 74, 'train_loss': 0.0043, 'train_acc': 1.0, 'task_loss': (0.0013, 0.003)}
{'epoch': 75, 'train_loss': 0.004, 'train_acc': 1.0, 'task_loss': (0.0012, 0.0027)}
{'epoch': 76, 'train_loss': 0.0059, 'train_acc': 1.0, 'task_loss': (0.0029, 0.003)}
{'epoch': 77, 'train_loss': 0.0067, 'train_acc': 0.9974, 'task_loss': (0.004, 0.0026)}
{'epoch': 78, 'train_loss': 0.004, 'train_acc': 1.0, 'task_loss': (0.0008, 0.0032)}
{'epoch': 79, 'train_loss': 0.0048, 'train_acc': 1.0, 'task_loss': (0.0007, 0.0041)}
{'epoch': 80, 'train_loss': 0.0053, 'train_acc': 1.0, 'task_loss': (0.0008, 0.0045)}
{'epoch': 81, 'train_loss': 0.0056, 'train_acc': 0.9974, 'task_loss': (0.001, 0.0046)}
{'epoch': 82, 'train_loss': 0.0067, 'train_acc': 1.0, 'task_loss': (0.0012, 0.0054)}
{'epoch': 83, 'train_loss': 0.0052, 'train_acc': 1.0, 'task_loss': (0.0025, 0.0026)}
{'epoch': 84, 'train_loss': 0.0037, 'train_acc': 1.0, 'task_loss': (0.0015, 0.0022)}
{'epoch': 85, 'train_loss': 0.0038, 'train_acc': 1.0, 'task_loss': (0.0015, 0.0023)}
{'epoch': 86, 'train_loss': 0.0037, 'train_acc': 1.0, 'task_loss': (0.0008, 0.0029)}
{'epoch': 87, 'train_loss': 0.0028, 'train_acc': 1.0, 'task_loss': (0.001, 0.0018)}
{'epoch': 88, 'train_loss': 0.0035, 'train_acc': 1.0, 'task_loss': (0.0008, 0.0027)}
{'epoch': 89, 'train_loss': 0.0034, 'train_acc': 1.0, 'task_loss': (0.0008, 0.0026)}
{'epoch': 90, 'train_loss': 0.0032, 'train_acc': 1.0, 'task_loss': (0.0013, 0.0019)}
{'epoch': 91, 'train_loss': 0.0026, 'train_acc': 1.0, 'task_loss': (0.0005, 0.0021)}
{'epoch': 92, 'train_loss': 0.0046, 'train_acc': 0.9974, 'task_loss': (0.0027, 0.0019)}
{'epoch': 93, 'train_loss': 0.0092, 'train_acc': 0.9974, 'task_loss': (0.0069, 0.0023)}
{'epoch': 94, 'train_loss': 0.0031, 'train_acc': 1.0, 'task_loss': (0.0007, 0.0023)}
{'epoch': 95, 'train_loss': 0.0057, 'train_acc': 0.9974, 'task_loss': (0.0035, 0.0021)}
{'epoch': 96, 'train_loss': 0.0043, 'train_acc': 1.0, 'task_loss': (0.001, 0.0032)}
{'epoch': 97, 'train_loss': 0.0027, 'train_acc': 1.0, 'task_loss': (0.0005, 0.0022)}
{'epoch': 98, 'train_loss': 0.0027, 'train_acc': 1.0, 'task_loss': (0.0006, 0.0021)}
{'epoch': 99, 'train_loss': 0.0028, 'train_acc': 1.0, 'task_loss': (0.0005, 0.0023)}
{'epoch': 100, 'train_loss': 0.0038, 'train_acc': 1.0, 'task_loss': (0.0012, 0.0026)}
{'run_num': 5, 'final_test_err': 0.19543973941368076}
Files already downloaded and verified
Files already downloaded and verified
{'epoch': 1, 'train_loss': 0.5257, 'train_acc': 0.7429, 'task_loss': (0.2397, 0.286)}
{'epoch': 2, 'train_loss': 0.388, 'train_acc': 0.813, 'task_loss': (0.1768, 0.2113)}
{'epoch': 3, 'train_loss': 0.3648, 'train_acc': 0.8338, 'task_loss': (0.1456, 0.2192)}
{'epoch': 4, 'train_loss': 0.2855, 'train_acc': 0.8675, 'task_loss': (0.1034, 0.1821)}
{'epoch': 5, 'train_loss': 0.2376, 'train_acc': 0.9039, 'task_loss': (0.0941, 0.1434)}
{'epoch': 6, 'train_loss': 0.1461, 'train_acc': 0.9247, 'task_loss': (0.0414, 0.1048)}
{'epoch': 7, 'train_loss': 0.064, 'train_acc': 0.9792, 'task_loss': (0.0167, 0.0473)}
{'epoch': 8, 'train_loss': 0.0597, 'train_acc': 0.9766, 'task_loss': (0.0162, 0.0435)}
{'epoch': 9, 'train_loss': 0.0323, 'train_acc': 0.9948, 'task_loss': (0.0144, 0.0179)}
{'epoch': 10, 'train_loss': 0.0584, 'train_acc': 0.9818, 'task_loss': (0.0211, 0.0373)}
{'epoch': 11, 'train_loss': 0.044, 'train_acc': 0.9766, 'task_loss': (0.0201, 0.0239)}
{'epoch': 12, 'train_loss': 0.3681, 'train_acc': 0.8623, 'task_loss': (0.1614, 0.2068)}
{'epoch': 13, 'train_loss': 0.3634, 'train_acc': 0.8519, 'task_loss': (0.1136, 0.2498)}
{'epoch': 14, 'train_loss': 0.3179, 'train_acc': 0.8727, 'task_loss': (0.1091, 0.2087)}
{'epoch': 15, 'train_loss': 0.2217, 'train_acc': 0.9299, 'task_loss': (0.0932, 0.1285)}
{'epoch': 16, 'train_loss': 0.1046, 'train_acc': 0.9481, 'task_loss': (0.027, 0.0775)}
{'epoch': 17, 'train_loss': 0.0561, 'train_acc': 0.9766, 'task_loss': (0.0191, 0.037)}
{'epoch': 18, 'train_loss': 0.0387, 'train_acc': 0.9948, 'task_loss': (0.0143, 0.0244)}
{'epoch': 19, 'train_loss': 0.0275, 'train_acc': 0.9948, 'task_loss': (0.0044, 0.0232)}
{'epoch': 20, 'train_loss': 0.0153, 'train_acc': 1.0, 'task_loss': (0.002, 0.0132)}
{'epoch': 21, 'train_loss': 0.0093, 'train_acc': 1.0, 'task_loss': (0.0029, 0.0064)}
{'epoch': 22, 'train_loss': 0.0173, 'train_acc': 0.9948, 'task_loss': (0.0076, 0.0097)}
{'epoch': 23, 'train_loss': 0.0116, 'train_acc': 1.0, 'task_loss': (0.004, 0.0076)}
{'epoch': 24, 'train_loss': 0.0083, 'train_acc': 0.9974, 'task_loss': (0.0018, 0.0065)}
{'epoch': 25, 'train_loss': 0.0078, 'train_acc': 1.0, 'task_loss': (0.0033, 0.0045)}
{'epoch': 26, 'train_loss': 0.0096, 'train_acc': 0.9974, 'task_loss': (0.0064, 0.0032)}
{'epoch': 27, 'train_loss': 0.2177, 'train_acc': 0.9065, 'task_loss': (0.0818, 0.1359)}
{'epoch': 28, 'train_loss': 0.1198, 'train_acc': 0.9584, 'task_loss': (0.0411, 0.0787)}
{'epoch': 29, 'train_loss': 0.0635, 'train_acc': 0.9766, 'task_loss': (0.0228, 0.0406)}
{'epoch': 30, 'train_loss': 0.0357, 'train_acc': 0.9922, 'task_loss': (0.0133, 0.0224)}
{'epoch': 31, 'train_loss': 0.0237, 'train_acc': 1.0, 'task_loss': (0.0076, 0.0161)}
{'epoch': 32, 'train_loss': 0.016, 'train_acc': 1.0, 'task_loss': (0.0046, 0.0113)}
{'epoch': 33, 'train_loss': 0.0092, 'train_acc': 1.0, 'task_loss': (0.0016, 0.0075)}
{'epoch': 34, 'train_loss': 0.0081, 'train_acc': 1.0, 'task_loss': (0.0018, 0.0063)}
{'epoch': 35, 'train_loss': 0.0087, 'train_acc': 0.9974, 'task_loss': (0.0036, 0.005)}
{'epoch': 36, 'train_loss': 0.0046, 'train_acc': 1.0, 'task_loss': (0.001, 0.0037)}
{'epoch': 37, 'train_loss': 0.0068, 'train_acc': 1.0, 'task_loss': (0.0027, 0.0041)}
{'epoch': 38, 'train_loss': 0.0071, 'train_acc': 0.9974, 'task_loss': (0.0007, 0.0065)}
{'epoch': 39, 'train_loss': 0.0036, 'train_acc': 1.0, 'task_loss': (0.0009, 0.0026)}
{'epoch': 40, 'train_loss': 0.0036, 'train_acc': 1.0, 'task_loss': (0.0014, 0.0022)}
{'epoch': 41, 'train_loss': 0.0046, 'train_acc': 1.0, 'task_loss': (0.0009, 0.0037)}
{'epoch': 42, 'train_loss': 0.0052, 'train_acc': 1.0, 'task_loss': (0.0013, 0.0039)}
{'epoch': 43, 'train_loss': 0.0027, 'train_acc': 1.0, 'task_loss': (0.0007, 0.002)}
{'epoch': 44, 'train_loss': 0.0024, 'train_acc': 1.0, 'task_loss': (0.0008, 0.0016)}
{'epoch': 45, 'train_loss': 0.0028, 'train_acc': 1.0, 'task_loss': (0.0009, 0.002)}
{'epoch': 46, 'train_loss': 0.0037, 'train_acc': 1.0, 'task_loss': (0.0006, 0.0031)}
{'epoch': 47, 'train_loss': 0.0045, 'train_acc': 0.9974, 'task_loss': (0.0024, 0.0021)}
{'epoch': 48, 'train_loss': 0.0501, 'train_acc': 0.987, 'task_loss': (0.021, 0.0291)}
{'epoch': 49, 'train_loss': 0.0255, 'train_acc': 0.9896, 'task_loss': (0.0056, 0.0199)}
{'epoch': 50, 'train_loss': 0.0066, 'train_acc': 1.0, 'task_loss': (0.0018, 0.0047)}
{'epoch': 51, 'train_loss': 0.0043, 'train_acc': 1.0, 'task_loss': (0.0015, 0.0028)}
{'epoch': 52, 'train_loss': 0.004, 'train_acc': 1.0, 'task_loss': (0.0013, 0.0027)}
{'epoch': 53, 'train_loss': 0.0034, 'train_acc': 1.0, 'task_loss': (0.0008, 0.0026)}
{'epoch': 54, 'train_loss': 0.0033, 'train_acc': 1.0, 'task_loss': (0.001, 0.0023)}
{'epoch': 55, 'train_loss': 0.0034, 'train_acc': 1.0, 'task_loss': (0.0019, 0.0015)}
{'epoch': 56, 'train_loss': 0.0029, 'train_acc': 1.0, 'task_loss': (0.0006, 0.0024)}
{'epoch': 57, 'train_loss': 0.0041, 'train_acc': 1.0, 'task_loss': (0.0013, 0.0028)}
{'epoch': 58, 'train_loss': 0.0039, 'train_acc': 1.0, 'task_loss': (0.0012, 0.0027)}
{'epoch': 59, 'train_loss': 0.0033, 'train_acc': 1.0, 'task_loss': (0.0011, 0.0022)}
{'epoch': 60, 'train_loss': 0.0028, 'train_acc': 1.0, 'task_loss': (0.0003, 0.0025)}
{'epoch': 61, 'train_loss': 0.003, 'train_acc': 1.0, 'task_loss': (0.0014, 0.0016)}
{'epoch': 62, 'train_loss': 0.0025, 'train_acc': 1.0, 'task_loss': (0.0004, 0.002)}
{'epoch': 63, 'train_loss': 0.0097, 'train_acc': 0.9974, 'task_loss': (0.0074, 0.0023)}
{'epoch': 64, 'train_loss': 0.0036, 'train_acc': 1.0, 'task_loss': (0.0005, 0.003)}
{'epoch': 65, 'train_loss': 0.0026, 'train_acc': 1.0, 'task_loss': (0.0007, 0.0019)}
{'epoch': 66, 'train_loss': 0.002, 'train_acc': 1.0, 'task_loss': (0.0008, 0.0012)}
{'epoch': 67, 'train_loss': 0.003, 'train_acc': 1.0, 'task_loss': (0.0007, 0.0022)}
{'epoch': 68, 'train_loss': 0.002, 'train_acc': 1.0, 'task_loss': (0.0004, 0.0016)}
{'epoch': 69, 'train_loss': 0.0018, 'train_acc': 1.0, 'task_loss': (0.0006, 0.0012)}
{'epoch': 70, 'train_loss': 0.0037, 'train_acc': 1.0, 'task_loss': (0.0016, 0.0021)}
{'epoch': 71, 'train_loss': 0.0018, 'train_acc': 1.0, 'task_loss': (0.0004, 0.0014)}
{'epoch': 72, 'train_loss': 0.0015, 'train_acc': 1.0, 'task_loss': (0.0004, 0.001)}
{'epoch': 73, 'train_loss': 0.0013, 'train_acc': 1.0, 'task_loss': (0.0003, 0.001)}
{'epoch': 74, 'train_loss': 0.0018, 'train_acc': 1.0, 'task_loss': (0.0005, 0.0012)}
{'epoch': 75, 'train_loss': 0.0017, 'train_acc': 1.0, 'task_loss': (0.0003, 0.0014)}
{'epoch': 76, 'train_loss': 0.0016, 'train_acc': 1.0, 'task_loss': (0.0004, 0.0011)}
{'epoch': 77, 'train_loss': 0.0024, 'train_acc': 1.0, 'task_loss': (0.0005, 0.002)}
{'epoch': 78, 'train_loss': 0.0019, 'train_acc': 1.0, 'task_loss': (0.0006, 0.0013)}
{'epoch': 79, 'train_loss': 0.0012, 'train_acc': 1.0, 'task_loss': (0.0004, 0.0008)}
{'epoch': 80, 'train_loss': 0.0046, 'train_acc': 0.9974, 'task_loss': (0.0035, 0.0011)}
{'epoch': 81, 'train_loss': 0.0031, 'train_acc': 1.0, 'task_loss': (0.0013, 0.0018)}
{'epoch': 82, 'train_loss': 0.005, 'train_acc': 1.0, 'task_loss': (0.0012, 0.0038)}
{'epoch': 83, 'train_loss': 0.0044, 'train_acc': 1.0, 'task_loss': (0.0022, 0.0022)}
{'epoch': 84, 'train_loss': 0.0045, 'train_acc': 1.0, 'task_loss': (0.0015, 0.0029)}
{'epoch': 85, 'train_loss': 0.0083, 'train_acc': 0.9974, 'task_loss': (0.0059, 0.0024)}
{'epoch': 86, 'train_loss': 0.0033, 'train_acc': 1.0, 'task_loss': (0.0007, 0.0026)}
{'epoch': 87, 'train_loss': 0.0029, 'train_acc': 1.0, 'task_loss': (0.0009, 0.002)}
{'epoch': 88, 'train_loss': 0.004, 'train_acc': 1.0, 'task_loss': (0.0016, 0.0024)}
{'epoch': 89, 'train_loss': 0.0029, 'train_acc': 1.0, 'task_loss': (0.0011, 0.0018)}
{'epoch': 90, 'train_loss': 0.0023, 'train_acc': 1.0, 'task_loss': (0.001, 0.0013)}
{'epoch': 91, 'train_loss': 0.0022, 'train_acc': 1.0, 'task_loss': (0.0006, 0.0016)}
{'epoch': 92, 'train_loss': 0.0029, 'train_acc': 1.0, 'task_loss': (0.0012, 0.0017)}
{'epoch': 93, 'train_loss': 0.0047, 'train_acc': 1.0, 'task_loss': (0.001, 0.0037)}
{'epoch': 94, 'train_loss': 0.0025, 'train_acc': 1.0, 'task_loss': (0.0007, 0.0018)}
{'epoch': 95, 'train_loss': 0.0031, 'train_acc': 1.0, 'task_loss': (0.0009, 0.0021)}
{'epoch': 96, 'train_loss': 0.0071, 'train_acc': 0.9974, 'task_loss': (0.0005, 0.0066)}
{'epoch': 97, 'train_loss': 0.0026, 'train_acc': 1.0, 'task_loss': (0.001, 0.0016)}
{'epoch': 98, 'train_loss': 0.0022, 'train_acc': 1.0, 'task_loss': (0.0012, 0.0011)}
{'epoch': 99, 'train_loss': 0.0016, 'train_acc': 1.0, 'task_loss': (0.0003, 0.0013)}
{'epoch': 100, 'train_loss': 0.0051, 'train_acc': 0.9974, 'task_loss': (0.0039, 0.0012)}
{'run_num': 6, 'final_test_err': 0.1596091205211726}
Files already downloaded and verified
Files already downloaded and verified
{'epoch': 1, 'train_loss': 0.6258, 'train_acc': 0.6779, 'task_loss': (0.3164, 0.3094)}
{'epoch': 2, 'train_loss': 0.4656, 'train_acc': 0.761, 'task_loss': (0.2256, 0.24)}
{'epoch': 3, 'train_loss': 0.3738, 'train_acc': 0.8234, 'task_loss': (0.1401, 0.2338)}
{'epoch': 4, 'train_loss': 0.3863, 'train_acc': 0.8442, 'task_loss': (0.1835, 0.2028)}
{'epoch': 5, 'train_loss': 0.249, 'train_acc': 0.8727, 'task_loss': (0.1172, 0.1319)}
{'epoch': 6, 'train_loss': 0.2493, 'train_acc': 0.9013, 'task_loss': (0.091, 0.1583)}
{'epoch': 7, 'train_loss': 0.151, 'train_acc': 0.9247, 'task_loss': (0.07, 0.081)}
{'epoch': 8, 'train_loss': 0.1518, 'train_acc': 0.9299, 'task_loss': (0.0584, 0.0933)}
{'epoch': 9, 'train_loss': 0.0794, 'train_acc': 0.9662, 'task_loss': (0.0306, 0.0488)}
{'epoch': 10, 'train_loss': 0.0454, 'train_acc': 0.9818, 'task_loss': (0.0142, 0.0311)}
{'epoch': 11, 'train_loss': 0.021, 'train_acc': 0.9948, 'task_loss': (0.0085, 0.0126)}
{'epoch': 12, 'train_loss': 0.163, 'train_acc': 0.9403, 'task_loss': (0.0919, 0.0711)}
{'epoch': 13, 'train_loss': 0.0749, 'train_acc': 0.9792, 'task_loss': (0.0341, 0.0407)}
{'epoch': 14, 'train_loss': 0.0356, 'train_acc': 0.9896, 'task_loss': (0.0133, 0.0223)}
{'epoch': 15, 'train_loss': 0.0252, 'train_acc': 0.9974, 'task_loss': (0.0127, 0.0124)}
{'epoch': 16, 'train_loss': 0.0097, 'train_acc': 0.9974, 'task_loss': (0.0023, 0.0074)}
{'epoch': 17, 'train_loss': 0.0193, 'train_acc': 0.9974, 'task_loss': (0.0086, 0.0107)}
{'epoch': 18, 'train_loss': 0.0109, 'train_acc': 1.0, 'task_loss': (0.0037, 0.0072)}
{'epoch': 19, 'train_loss': 0.0171, 'train_acc': 0.9948, 'task_loss': (0.01, 0.0072)}
{'epoch': 20, 'train_loss': 0.3269, 'train_acc': 0.8961, 'task_loss': (0.1815, 0.1453)}
{'epoch': 21, 'train_loss': 0.1634, 'train_acc': 0.9506, 'task_loss': (0.1002, 0.0632)}
{'epoch': 22, 'train_loss': 0.0975, 'train_acc': 0.9688, 'task_loss': (0.0466, 0.0509)}
{'epoch': 23, 'train_loss': 0.0413, 'train_acc': 0.9896, 'task_loss': (0.0216, 0.0197)}
{'epoch': 24, 'train_loss': 0.0179, 'train_acc': 0.9974, 'task_loss': (0.0039, 0.0139)}
{'epoch': 25, 'train_loss': 0.01, 'train_acc': 0.9974, 'task_loss': (0.0023, 0.0076)}
{'epoch': 26, 'train_loss': 0.0054, 'train_acc': 1.0, 'task_loss': (0.0018, 0.0036)}
{'epoch': 27, 'train_loss': 0.0045, 'train_acc': 1.0, 'task_loss': (0.0019, 0.0026)}
{'epoch': 28, 'train_loss': 0.0044, 'train_acc': 1.0, 'task_loss': (0.0014, 0.003)}
{'epoch': 29, 'train_loss': 0.003, 'train_acc': 1.0, 'task_loss': (0.0011, 0.0019)}
{'epoch': 30, 'train_loss': 0.0038, 'train_acc': 1.0, 'task_loss': (0.0019, 0.0019)}
{'epoch': 31, 'train_loss': 0.0037, 'train_acc': 0.9974, 'task_loss': (0.002, 0.0017)}
{'epoch': 32, 'train_loss': 0.051, 'train_acc': 0.9792, 'task_loss': (0.0278, 0.0232)}
{'epoch': 33, 'train_loss': 0.019, 'train_acc': 0.9974, 'task_loss': (0.0049, 0.0141)}
{'epoch': 34, 'train_loss': 0.0124, 'train_acc': 0.9974, 'task_loss': (0.0079, 0.0045)}
{'epoch': 35, 'train_loss': 0.0145, 'train_acc': 0.9974, 'task_loss': (0.0031, 0.0114)}
{'epoch': 36, 'train_loss': 0.0057, 'train_acc': 1.0, 'task_loss': (0.0027, 0.003)}
{'epoch': 37, 'train_loss': 0.0031, 'train_acc': 1.0, 'task_loss': (0.0007, 0.0023)}
{'epoch': 38, 'train_loss': 0.0027, 'train_acc': 1.0, 'task_loss': (0.001, 0.0017)}
{'epoch': 39, 'train_loss': 0.0029, 'train_acc': 1.0, 'task_loss': (0.0011, 0.0018)}
{'epoch': 40, 'train_loss': 0.0016, 'train_acc': 1.0, 'task_loss': (0.0005, 0.0012)}
{'epoch': 41, 'train_loss': 0.002, 'train_acc': 1.0, 'task_loss': (0.0006, 0.0014)}
{'epoch': 42, 'train_loss': 0.0024, 'train_acc': 1.0, 'task_loss': (0.0008, 0.0016)}
{'epoch': 43, 'train_loss': 0.0163, 'train_acc': 0.9974, 'task_loss': (0.0006, 0.0157)}
{'epoch': 44, 'train_loss': 0.148, 'train_acc': 0.9455, 'task_loss': (0.055, 0.093)}
{'epoch': 45, 'train_loss': 0.0635, 'train_acc': 0.987, 'task_loss': (0.0386, 0.0249)}
{'epoch': 46, 'train_loss': 0.0278, 'train_acc': 0.9922, 'task_loss': (0.0169, 0.0109)}
{'epoch': 47, 'train_loss': 0.0155, 'train_acc': 0.9974, 'task_loss': (0.0059, 0.0096)}
{'epoch': 48, 'train_loss': 0.0097, 'train_acc': 1.0, 'task_loss': (0.0045, 0.0052)}
{'epoch': 49, 'train_loss': 0.0255, 'train_acc': 0.9922, 'task_loss': (0.0073, 0.0182)}
{'epoch': 50, 'train_loss': 0.0131, 'train_acc': 0.9974, 'task_loss': (0.0077, 0.0054)}
{'epoch': 51, 'train_loss': 0.0088, 'train_acc': 1.0, 'task_loss': (0.0021, 0.0067)}
{'epoch': 52, 'train_loss': 0.0086, 'train_acc': 1.0, 'task_loss': (0.0026, 0.006)}
{'epoch': 53, 'train_loss': 0.0045, 'train_acc': 1.0, 'task_loss': (0.0011, 0.0034)}
{'epoch': 54, 'train_loss': 0.0037, 'train_acc': 1.0, 'task_loss': (0.0011, 0.0026)}
{'epoch': 55, 'train_loss': 0.0041, 'train_acc': 1.0, 'task_loss': (0.0012, 0.0029)}
{'epoch': 56, 'train_loss': 0.0045, 'train_acc': 1.0, 'task_loss': (0.0013, 0.0032)}
{'epoch': 57, 'train_loss': 0.0028, 'train_acc': 1.0, 'task_loss': (0.001, 0.0018)}
{'epoch': 58, 'train_loss': 0.0033, 'train_acc': 1.0, 'task_loss': (0.0008, 0.0025)}
{'epoch': 59, 'train_loss': 0.0028, 'train_acc': 1.0, 'task_loss': (0.0007, 0.0021)}
{'epoch': 60, 'train_loss': 0.003, 'train_acc': 1.0, 'task_loss': (0.0011, 0.0019)}
{'epoch': 61, 'train_loss': 0.0042, 'train_acc': 1.0, 'task_loss': (0.0022, 0.002)}
{'epoch': 62, 'train_loss': 0.0036, 'train_acc': 1.0, 'task_loss': (0.0011, 0.0025)}
{'epoch': 63, 'train_loss': 0.0041, 'train_acc': 1.0, 'task_loss': (0.0018, 0.0023)}
{'epoch': 64, 'train_loss': 0.0038, 'train_acc': 1.0, 'task_loss': (0.0017, 0.0021)}
{'epoch': 65, 'train_loss': 0.0034, 'train_acc': 1.0, 'task_loss': (0.0015, 0.0018)}
{'epoch': 66, 'train_loss': 0.0028, 'train_acc': 1.0, 'task_loss': (0.0015, 0.0013)}
{'epoch': 67, 'train_loss': 0.0024, 'train_acc': 1.0, 'task_loss': (0.0008, 0.0016)}
{'epoch': 68, 'train_loss': 0.0025, 'train_acc': 1.0, 'task_loss': (0.001, 0.0014)}
{'epoch': 69, 'train_loss': 0.0024, 'train_acc': 1.0, 'task_loss': (0.0006, 0.0018)}
{'epoch': 70, 'train_loss': 0.0083, 'train_acc': 0.9974, 'task_loss': (0.007, 0.0013)}
{'epoch': 71, 'train_loss': 0.0479, 'train_acc': 0.9766, 'task_loss': (0.0254, 0.0224)}
{'epoch': 72, 'train_loss': 0.0138, 'train_acc': 0.9974, 'task_loss': (0.0058, 0.0079)}
{'epoch': 73, 'train_loss': 0.0057, 'train_acc': 1.0, 'task_loss': (0.0017, 0.004)}
{'epoch': 74, 'train_loss': 0.0038, 'train_acc': 1.0, 'task_loss': (0.0016, 0.0022)}
{'epoch': 75, 'train_loss': 0.0061, 'train_acc': 1.0, 'task_loss': (0.003, 0.0031)}
{'epoch': 76, 'train_loss': 0.0065, 'train_acc': 1.0, 'task_loss': (0.0037, 0.0028)}
{'epoch': 77, 'train_loss': 0.0049, 'train_acc': 1.0, 'task_loss': (0.002, 0.0029)}
{'epoch': 78, 'train_loss': 0.0054, 'train_acc': 1.0, 'task_loss': (0.0027, 0.0027)}
{'epoch': 79, 'train_loss': 0.003, 'train_acc': 1.0, 'task_loss': (0.0009, 0.0021)}
{'epoch': 80, 'train_loss': 0.0043, 'train_acc': 1.0, 'task_loss': (0.0021, 0.0023)}
{'epoch': 81, 'train_loss': 0.0028, 'train_acc': 1.0, 'task_loss': (0.0012, 0.0016)}
{'epoch': 82, 'train_loss': 0.0038, 'train_acc': 1.0, 'task_loss': (0.0013, 0.0025)}
{'epoch': 83, 'train_loss': 0.0031, 'train_acc': 1.0, 'task_loss': (0.0008, 0.0023)}
{'epoch': 84, 'train_loss': 0.0043, 'train_acc': 1.0, 'task_loss': (0.0012, 0.0031)}
{'epoch': 85, 'train_loss': 0.0026, 'train_acc': 1.0, 'task_loss': (0.0009, 0.0017)}
{'epoch': 86, 'train_loss': 0.0032, 'train_acc': 1.0, 'task_loss': (0.0013, 0.0019)}
{'epoch': 87, 'train_loss': 0.0026, 'train_acc': 1.0, 'task_loss': (0.0009, 0.0016)}
{'epoch': 88, 'train_loss': 0.0033, 'train_acc': 1.0, 'task_loss': (0.0016, 0.0017)}
{'epoch': 89, 'train_loss': 0.0054, 'train_acc': 0.9974, 'task_loss': (0.0024, 0.0029)}
{'epoch': 90, 'train_loss': 0.0032, 'train_acc': 1.0, 'task_loss': (0.0009, 0.0024)}
{'epoch': 91, 'train_loss': 0.0114, 'train_acc': 0.9974, 'task_loss': (0.0102, 0.0012)}
{'epoch': 92, 'train_loss': 0.002, 'train_acc': 1.0, 'task_loss': (0.0006, 0.0014)}
{'epoch': 93, 'train_loss': 0.0028, 'train_acc': 1.0, 'task_loss': (0.001, 0.0018)}
{'epoch': 94, 'train_loss': 0.0028, 'train_acc': 1.0, 'task_loss': (0.0008, 0.002)}
{'epoch': 95, 'train_loss': 0.0024, 'train_acc': 1.0, 'task_loss': (0.0008, 0.0016)}
{'epoch': 96, 'train_loss': 0.0043, 'train_acc': 1.0, 'task_loss': (0.0017, 0.0025)}
{'epoch': 97, 'train_loss': 0.003, 'train_acc': 1.0, 'task_loss': (0.0013, 0.0018)}
{'epoch': 98, 'train_loss': 0.0025, 'train_acc': 1.0, 'task_loss': (0.0006, 0.0018)}
{'epoch': 99, 'train_loss': 0.0031, 'train_acc': 1.0, 'task_loss': (0.0008, 0.0023)}
{'epoch': 100, 'train_loss': 0.0082, 'train_acc': 0.9974, 'task_loss': (0.0032, 0.0051)}
{'run_num': 7, 'final_test_err': 0.21824104234527686}
Files already downloaded and verified
Files already downloaded and verified
{'epoch': 1, 'train_loss': 0.6725, 'train_acc': 0.6597, 'task_loss': (0.3481, 0.3244)}
{'epoch': 2, 'train_loss': 0.4602, 'train_acc': 0.813, 'task_loss': (0.2034, 0.2568)}
{'epoch': 3, 'train_loss': 0.3918, 'train_acc': 0.8234, 'task_loss': (0.1551, 0.2366)}
{'epoch': 4, 'train_loss': 0.3088, 'train_acc': 0.8468, 'task_loss': (0.1185, 0.1903)}
{'epoch': 5, 'train_loss': 0.2176, 'train_acc': 0.9091, 'task_loss': (0.0689, 0.1488)}
{'epoch': 6, 'train_loss': 0.1906, 'train_acc': 0.9091, 'task_loss': (0.0634, 0.1272)}
{'epoch': 7, 'train_loss': 0.1225, 'train_acc': 0.9506, 'task_loss': (0.0415, 0.081)}
{'epoch': 8, 'train_loss': 0.0863, 'train_acc': 0.974, 'task_loss': (0.0263, 0.0601)}
{'epoch': 9, 'train_loss': 0.0681, 'train_acc': 0.9844, 'task_loss': (0.0262, 0.0419)}
{'epoch': 10, 'train_loss': 0.0679, 'train_acc': 0.974, 'task_loss': (0.0338, 0.0341)}
{'epoch': 11, 'train_loss': 0.0698, 'train_acc': 0.9844, 'task_loss': (0.0272, 0.0426)}
{'epoch': 12, 'train_loss': 0.0926, 'train_acc': 0.9532, 'task_loss': (0.0328, 0.0598)}
{'epoch': 13, 'train_loss': 0.1041, 'train_acc': 0.961, 'task_loss': (0.0447, 0.0593)}
{'epoch': 14, 'train_loss': 0.2891, 'train_acc': 0.9013, 'task_loss': (0.0928, 0.1963)}
{'epoch': 15, 'train_loss': 0.115, 'train_acc': 0.9532, 'task_loss': (0.049, 0.066)}
{'epoch': 16, 'train_loss': 0.0427, 'train_acc': 0.9922, 'task_loss': (0.0243, 0.0184)}
{'epoch': 17, 'train_loss': 0.0275, 'train_acc': 0.9974, 'task_loss': (0.0137, 0.0138)}
{'epoch': 18, 'train_loss': 0.0184, 'train_acc': 0.9974, 'task_loss': (0.0068, 0.0116)}
{'epoch': 19, 'train_loss': 0.0106, 'train_acc': 1.0, 'task_loss': (0.0037, 0.0069)}
{'epoch': 20, 'train_loss': 0.0079, 'train_acc': 1.0, 'task_loss': (0.0028, 0.0052)}
{'epoch': 21, 'train_loss': 0.0454, 'train_acc': 0.987, 'task_loss': (0.0254, 0.02)}
{'epoch': 22, 'train_loss': 0.0535, 'train_acc': 0.9818, 'task_loss': (0.0312, 0.0223)}
{'epoch': 23, 'train_loss': 0.4682, 'train_acc': 0.8675, 'task_loss': (0.2992, 0.169)}
{'epoch': 24, 'train_loss': 0.1955, 'train_acc': 0.9221, 'task_loss': (0.0789, 0.1166)}
{'epoch': 25, 'train_loss': 0.1157, 'train_acc': 0.9636, 'task_loss': (0.0333, 0.0824)}
{'epoch': 26, 'train_loss': 0.0434, 'train_acc': 0.9896, 'task_loss': (0.0147, 0.0287)}
{'epoch': 27, 'train_loss': 0.0177, 'train_acc': 0.9974, 'task_loss': (0.0053, 0.0124)}
{'epoch': 28, 'train_loss': 0.0167, 'train_acc': 0.9974, 'task_loss': (0.0072, 0.0094)}
{'epoch': 29, 'train_loss': 0.048, 'train_acc': 0.9818, 'task_loss': (0.0162, 0.0318)}
{'epoch': 30, 'train_loss': 0.4304, 'train_acc': 0.8571, 'task_loss': (0.2326, 0.1978)}
{'epoch': 31, 'train_loss': 0.2155, 'train_acc': 0.9143, 'task_loss': (0.0943, 0.1211)}
{'epoch': 32, 'train_loss': 0.0995, 'train_acc': 0.9584, 'task_loss': (0.0302, 0.0692)}
{'epoch': 33, 'train_loss': 0.0385, 'train_acc': 0.9948, 'task_loss': (0.0129, 0.0256)}
{'epoch': 34, 'train_loss': 0.0392, 'train_acc': 0.9922, 'task_loss': (0.0136, 0.0257)}
{'epoch': 35, 'train_loss': 0.0178, 'train_acc': 1.0, 'task_loss': (0.0083, 0.0095)}
{'epoch': 36, 'train_loss': 0.0141, 'train_acc': 1.0, 'task_loss': (0.0042, 0.0099)}
{'epoch': 37, 'train_loss': 0.013, 'train_acc': 0.9974, 'task_loss': (0.0056, 0.0074)}
{'epoch': 38, 'train_loss': 0.0222, 'train_acc': 0.9922, 'task_loss': (0.011, 0.0112)}
{'epoch': 39, 'train_loss': 0.0179, 'train_acc': 0.9974, 'task_loss': (0.0084, 0.0095)}
{'epoch': 40, 'train_loss': 0.0192, 'train_acc': 0.9948, 'task_loss': (0.0083, 0.0109)}
{'epoch': 41, 'train_loss': 0.1845, 'train_acc': 0.9273, 'task_loss': (0.0969, 0.0876)}
{'epoch': 42, 'train_loss': 0.2208, 'train_acc': 0.9169, 'task_loss': (0.0991, 0.1216)}
{'epoch': 43, 'train_loss': 0.1237, 'train_acc': 0.9532, 'task_loss': (0.0502, 0.0735)}
{'epoch': 44, 'train_loss': 0.0425, 'train_acc': 0.987, 'task_loss': (0.0152, 0.0273)}
{'epoch': 45, 'train_loss': 0.2116, 'train_acc': 0.9169, 'task_loss': (0.0802, 0.1313)}
{'epoch': 46, 'train_loss': 0.1072, 'train_acc': 0.9558, 'task_loss': (0.0604, 0.0468)}
{'epoch': 47, 'train_loss': 0.0515, 'train_acc': 0.9818, 'task_loss': (0.0172, 0.0343)}
{'epoch': 48, 'train_loss': 0.0216, 'train_acc': 0.9948, 'task_loss': (0.0112, 0.0104)}
{'epoch': 49, 'train_loss': 0.0154, 'train_acc': 1.0, 'task_loss': (0.0047, 0.0107)}
{'epoch': 50, 'train_loss': 0.0218, 'train_acc': 0.987, 'task_loss': (0.012, 0.0098)}
{'epoch': 51, 'train_loss': 0.0391, 'train_acc': 0.987, 'task_loss': (0.0162, 0.0229)}
{'epoch': 52, 'train_loss': 0.0204, 'train_acc': 0.9948, 'task_loss': (0.0102, 0.0102)}
{'epoch': 53, 'train_loss': 0.0165, 'train_acc': 0.9948, 'task_loss': (0.0114, 0.005)}
{'epoch': 54, 'train_loss': 0.0149, 'train_acc': 0.9948, 'task_loss': (0.0059, 0.0089)}
{'epoch': 55, 'train_loss': 0.0962, 'train_acc': 0.9714, 'task_loss': (0.0385, 0.0577)}
{'epoch': 56, 'train_loss': 0.0378, 'train_acc': 0.9844, 'task_loss': (0.018, 0.0198)}
{'epoch': 57, 'train_loss': 0.0108, 'train_acc': 0.9974, 'task_loss': (0.0044, 0.0064)}
{'epoch': 58, 'train_loss': 0.0128, 'train_acc': 1.0, 'task_loss': (0.0049, 0.0079)}
{'epoch': 59, 'train_loss': 0.0077, 'train_acc': 1.0, 'task_loss': (0.0027, 0.0049)}
{'epoch': 60, 'train_loss': 0.0095, 'train_acc': 0.9974, 'task_loss': (0.0022, 0.0072)}
{'epoch': 61, 'train_loss': 0.105, 'train_acc': 0.974, 'task_loss': (0.0503, 0.0547)}
{'epoch': 62, 'train_loss': 0.0367, 'train_acc': 0.9896, 'task_loss': (0.0248, 0.0118)}
{'epoch': 63, 'train_loss': 0.0306, 'train_acc': 0.9922, 'task_loss': (0.0192, 0.0114)}
{'epoch': 64, 'train_loss': 0.0578, 'train_acc': 0.9896, 'task_loss': (0.0115, 0.0463)}
{'epoch': 65, 'train_loss': 0.015, 'train_acc': 0.9948, 'task_loss': (0.0072, 0.0078)}
{'epoch': 66, 'train_loss': 0.0081, 'train_acc': 1.0, 'task_loss': (0.0042, 0.0039)}
{'epoch': 67, 'train_loss': 0.0119, 'train_acc': 1.0, 'task_loss': (0.0035, 0.0085)}
{'epoch': 68, 'train_loss': 0.0097, 'train_acc': 1.0, 'task_loss': (0.0039, 0.0058)}
{'epoch': 69, 'train_loss': 0.0086, 'train_acc': 0.9974, 'task_loss': (0.0027, 0.006)}
{'epoch': 70, 'train_loss': 0.0087, 'train_acc': 1.0, 'task_loss': (0.0033, 0.0054)}
{'epoch': 71, 'train_loss': 0.008, 'train_acc': 1.0, 'task_loss': (0.0032, 0.0048)}
{'epoch': 72, 'train_loss': 0.0046, 'train_acc': 1.0, 'task_loss': (0.0014, 0.0032)}
{'epoch': 73, 'train_loss': 0.0087, 'train_acc': 1.0, 'task_loss': (0.0051, 0.0036)}
{'epoch': 74, 'train_loss': 0.0069, 'train_acc': 1.0, 'task_loss': (0.0021, 0.0048)}
{'epoch': 75, 'train_loss': 0.0074, 'train_acc': 1.0, 'task_loss': (0.0025, 0.0049)}
{'epoch': 76, 'train_loss': 0.0092, 'train_acc': 0.9974, 'task_loss': (0.0062, 0.003)}
{'epoch': 77, 'train_loss': 0.0142, 'train_acc': 0.9974, 'task_loss': (0.0029, 0.0113)}
{'epoch': 78, 'train_loss': 0.0098, 'train_acc': 1.0, 'task_loss': (0.0039, 0.0058)}
{'epoch': 79, 'train_loss': 0.0078, 'train_acc': 1.0, 'task_loss': (0.004, 0.0038)}
{'epoch': 80, 'train_loss': 0.0055, 'train_acc': 1.0, 'task_loss': (0.0015, 0.004)}
{'epoch': 81, 'train_loss': 0.0126, 'train_acc': 0.9974, 'task_loss': (0.0084, 0.0042)}
{'epoch': 82, 'train_loss': 0.0092, 'train_acc': 1.0, 'task_loss': (0.0026, 0.0066)}
{'epoch': 83, 'train_loss': 0.0081, 'train_acc': 1.0, 'task_loss': (0.0046, 0.0035)}
{'epoch': 84, 'train_loss': 0.0061, 'train_acc': 1.0, 'task_loss': (0.0022, 0.004)}
{'epoch': 85, 'train_loss': 0.0067, 'train_acc': 1.0, 'task_loss': (0.0027, 0.004)}
{'epoch': 86, 'train_loss': 0.0094, 'train_acc': 0.9974, 'task_loss': (0.0058, 0.0036)}
{'epoch': 87, 'train_loss': 0.0062, 'train_acc': 1.0, 'task_loss': (0.0033, 0.0029)}
{'epoch': 88, 'train_loss': 0.0066, 'train_acc': 1.0, 'task_loss': (0.0022, 0.0044)}
{'epoch': 89, 'train_loss': 0.0048, 'train_acc': 1.0, 'task_loss': (0.0018, 0.003)}
{'epoch': 90, 'train_loss': 0.004, 'train_acc': 1.0, 'task_loss': (0.0014, 0.0026)}
{'epoch': 91, 'train_loss': 0.0083, 'train_acc': 0.9974, 'task_loss': (0.005, 0.0033)}
{'epoch': 92, 'train_loss': 0.0058, 'train_acc': 1.0, 'task_loss': (0.0018, 0.004)}
{'epoch': 93, 'train_loss': 0.0049, 'train_acc': 1.0, 'task_loss': (0.0024, 0.0025)}
{'epoch': 94, 'train_loss': 0.0074, 'train_acc': 1.0, 'task_loss': (0.0026, 0.0048)}
{'epoch': 95, 'train_loss': 0.0044, 'train_acc': 1.0, 'task_loss': (0.0015, 0.0029)}
{'epoch': 96, 'train_loss': 0.0041, 'train_acc': 1.0, 'task_loss': (0.0015, 0.0026)}
{'epoch': 97, 'train_loss': 0.0074, 'train_acc': 0.9974, 'task_loss': (0.0033, 0.0042)}
{'epoch': 98, 'train_loss': 0.0056, 'train_acc': 1.0, 'task_loss': (0.0012, 0.0044)}
{'epoch': 99, 'train_loss': 0.0051, 'train_acc': 1.0, 'task_loss': (0.0018, 0.0033)}
{'epoch': 100, 'train_loss': 0.0126, 'train_acc': 0.9974, 'task_loss': (0.0032, 0.0094)}
{'run_num': 8, 'final_test_err': 0.13029315960912047}
Files already downloaded and verified
Files already downloaded and verified
{'epoch': 1, 'train_loss': 0.659, 'train_acc': 0.6805, 'task_loss': (0.269, 0.3901)}
{'epoch': 2, 'train_loss': 0.444, 'train_acc': 0.7818, 'task_loss': (0.2056, 0.2384)}
{'epoch': 3, 'train_loss': 0.3708, 'train_acc': 0.8286, 'task_loss': (0.1513, 0.2195)}
{'epoch': 4, 'train_loss': 0.4016, 'train_acc': 0.8494, 'task_loss': (0.1835, 0.2181)}
{'epoch': 5, 'train_loss': 0.4445, 'train_acc': 0.8, 'task_loss': (0.2068, 0.2376)}
{'epoch': 6, 'train_loss': 0.3502, 'train_acc': 0.8312, 'task_loss': (0.127, 0.2232)}
{'epoch': 7, 'train_loss': 0.2824, 'train_acc': 0.8805, 'task_loss': (0.102, 0.1804)}
{'epoch': 8, 'train_loss': 0.1671, 'train_acc': 0.9325, 'task_loss': (0.0672, 0.0999)}
{'epoch': 9, 'train_loss': 0.1163, 'train_acc': 0.961, 'task_loss': (0.0293, 0.0871)}
{'epoch': 10, 'train_loss': 0.0772, 'train_acc': 0.974, 'task_loss': (0.0206, 0.0566)}
{'epoch': 11, 'train_loss': 0.0421, 'train_acc': 0.9922, 'task_loss': (0.0127, 0.0294)}
{'epoch': 12, 'train_loss': 0.0247, 'train_acc': 1.0, 'task_loss': (0.0056, 0.0191)}
{'epoch': 13, 'train_loss': 0.0466, 'train_acc': 0.9844, 'task_loss': (0.0148, 0.0318)}
{'epoch': 14, 'train_loss': 0.0212, 'train_acc': 0.9974, 'task_loss': (0.0048, 0.0164)}
{'epoch': 15, 'train_loss': 0.0169, 'train_acc': 0.9974, 'task_loss': (0.0069, 0.0101)}
{'epoch': 16, 'train_loss': 0.0192, 'train_acc': 0.9974, 'task_loss': (0.0044, 0.0149)}
{'epoch': 17, 'train_loss': 0.0082, 'train_acc': 1.0, 'task_loss': (0.0035, 0.0047)}
{'epoch': 18, 'train_loss': 0.006, 'train_acc': 1.0, 'task_loss': (0.0026, 0.0034)}
{'epoch': 19, 'train_loss': 0.0052, 'train_acc': 1.0, 'task_loss': (0.0018, 0.0034)}
{'epoch': 20, 'train_loss': 0.0907, 'train_acc': 0.9818, 'task_loss': (0.0328, 0.0579)}
{'epoch': 21, 'train_loss': 0.0666, 'train_acc': 0.9818, 'task_loss': (0.0184, 0.0483)}
{'epoch': 22, 'train_loss': 0.0411, 'train_acc': 0.9818, 'task_loss': (0.0073, 0.0338)}
{'epoch': 23, 'train_loss': 0.0207, 'train_acc': 0.9948, 'task_loss': (0.0057, 0.015)}
{'epoch': 24, 'train_loss': 0.0251, 'train_acc': 0.9948, 'task_loss': (0.0124, 0.0128)}
{'epoch': 25, 'train_loss': 0.0127, 'train_acc': 1.0, 'task_loss': (0.0044, 0.0083)}
{'epoch': 26, 'train_loss': 0.0214, 'train_acc': 0.9948, 'task_loss': (0.0073, 0.014)}
{'epoch': 27, 'train_loss': 0.014, 'train_acc': 0.9974, 'task_loss': (0.0086, 0.0054)}
{'epoch': 28, 'train_loss': 0.0072, 'train_acc': 0.9974, 'task_loss': (0.0018, 0.0054)}
{'epoch': 29, 'train_loss': 0.0041, 'train_acc': 1.0, 'task_loss': (0.0016, 0.0025)}
{'epoch': 30, 'train_loss': 0.0032, 'train_acc': 1.0, 'task_loss': (0.0015, 0.0017)}
{'epoch': 31, 'train_loss': 0.0018, 'train_acc': 1.0, 'task_loss': (0.0005, 0.0014)}
{'epoch': 32, 'train_loss': 0.0022, 'train_acc': 1.0, 'task_loss': (0.0008, 0.0014)}
{'epoch': 33, 'train_loss': 0.0019, 'train_acc': 1.0, 'task_loss': (0.0004, 0.0015)}
{'epoch': 34, 'train_loss': 0.0292, 'train_acc': 0.9896, 'task_loss': (0.0182, 0.011)}
{'epoch': 35, 'train_loss': 0.0228, 'train_acc': 0.9948, 'task_loss': (0.011, 0.0117)}
{'epoch': 36, 'train_loss': 0.0185, 'train_acc': 1.0, 'task_loss': (0.0062, 0.0123)}
{'epoch': 37, 'train_loss': 0.007, 'train_acc': 1.0, 'task_loss': (0.0023, 0.0047)}
{'epoch': 38, 'train_loss': 0.0046, 'train_acc': 1.0, 'task_loss': (0.001, 0.0036)}
{'epoch': 39, 'train_loss': 0.0035, 'train_acc': 1.0, 'task_loss': (0.001, 0.0025)}
{'epoch': 40, 'train_loss': 0.0069, 'train_acc': 0.9974, 'task_loss': (0.0023, 0.0046)}
{'epoch': 41, 'train_loss': 0.3398, 'train_acc': 0.8935, 'task_loss': (0.1465, 0.1933)}
{'epoch': 42, 'train_loss': 0.2409, 'train_acc': 0.9195, 'task_loss': (0.0925, 0.1484)}
{'epoch': 43, 'train_loss': 0.1228, 'train_acc': 0.9584, 'task_loss': (0.0451, 0.0776)}
{'epoch': 44, 'train_loss': 0.1375, 'train_acc': 0.9455, 'task_loss': (0.0565, 0.081)}
{'epoch': 45, 'train_loss': 0.0841, 'train_acc': 0.9818, 'task_loss': (0.0337, 0.0505)}
{'epoch': 46, 'train_loss': 0.0578, 'train_acc': 0.9792, 'task_loss': (0.0076, 0.0502)}
{'epoch': 47, 'train_loss': 0.03, 'train_acc': 0.9948, 'task_loss': (0.0099, 0.0201)}
{'epoch': 48, 'train_loss': 0.0212, 'train_acc': 0.9974, 'task_loss': (0.004, 0.0172)}
{'epoch': 49, 'train_loss': 0.0149, 'train_acc': 1.0, 'task_loss': (0.0058, 0.009)}
{'epoch': 50, 'train_loss': 0.0117, 'train_acc': 1.0, 'task_loss': (0.0025, 0.0092)}
{'epoch': 51, 'train_loss': 0.0123, 'train_acc': 1.0, 'task_loss': (0.0038, 0.0084)}
{'epoch': 52, 'train_loss': 0.0077, 'train_acc': 1.0, 'task_loss': (0.0014, 0.0062)}
{'epoch': 53, 'train_loss': 0.006, 'train_acc': 1.0, 'task_loss': (0.0013, 0.0047)}
{'epoch': 54, 'train_loss': 0.0081, 'train_acc': 0.9974, 'task_loss': (0.0033, 0.0048)}
{'epoch': 55, 'train_loss': 0.0071, 'train_acc': 1.0, 'task_loss': (0.0028, 0.0043)}
{'epoch': 56, 'train_loss': 0.0061, 'train_acc': 1.0, 'task_loss': (0.002, 0.004)}
{'epoch': 57, 'train_loss': 0.0066, 'train_acc': 1.0, 'task_loss': (0.0012, 0.0053)}
{'epoch': 58, 'train_loss': 0.0046, 'train_acc': 1.0, 'task_loss': (0.0013, 0.0033)}
{'epoch': 59, 'train_loss': 0.0053, 'train_acc': 1.0, 'task_loss': (0.0021, 0.0032)}
{'epoch': 60, 'train_loss': 0.0055, 'train_acc': 1.0, 'task_loss': (0.0015, 0.004)}
{'epoch': 61, 'train_loss': 0.0047, 'train_acc': 1.0, 'task_loss': (0.0013, 0.0035)}
{'epoch': 62, 'train_loss': 0.0042, 'train_acc': 1.0, 'task_loss': (0.0006, 0.0036)}
{'epoch': 63, 'train_loss': 0.0031, 'train_acc': 1.0, 'task_loss': (0.0008, 0.0023)}
{'epoch': 64, 'train_loss': 0.0065, 'train_acc': 1.0, 'task_loss': (0.0025, 0.004)}
{'epoch': 65, 'train_loss': 0.0035, 'train_acc': 1.0, 'task_loss': (0.0016, 0.0019)}
{'epoch': 66, 'train_loss': 0.003, 'train_acc': 1.0, 'task_loss': (0.0011, 0.0019)}
{'epoch': 67, 'train_loss': 0.003, 'train_acc': 1.0, 'task_loss': (0.0009, 0.002)}
{'epoch': 68, 'train_loss': 0.0045, 'train_acc': 1.0, 'task_loss': (0.0009, 0.0036)}
{'epoch': 69, 'train_loss': 0.0044, 'train_acc': 1.0, 'task_loss': (0.0009, 0.0034)}
{'epoch': 70, 'train_loss': 0.0037, 'train_acc': 1.0, 'task_loss': (0.0009, 0.0027)}
{'epoch': 71, 'train_loss': 0.0037, 'train_acc': 1.0, 'task_loss': (0.0011, 0.0026)}
{'epoch': 72, 'train_loss': 0.0054, 'train_acc': 0.9974, 'task_loss': (0.0012, 0.0042)}
{'epoch': 73, 'train_loss': 0.0268, 'train_acc': 0.9974, 'task_loss': (0.0051, 0.0218)}
{'epoch': 74, 'train_loss': 0.0251, 'train_acc': 0.9922, 'task_loss': (0.0115, 0.0137)}
{'epoch': 75, 'train_loss': 0.0094, 'train_acc': 1.0, 'task_loss': (0.0022, 0.0072)}
{'epoch': 76, 'train_loss': 0.0098, 'train_acc': 1.0, 'task_loss': (0.0033, 0.0065)}
{'epoch': 77, 'train_loss': 0.0066, 'train_acc': 1.0, 'task_loss': (0.0021, 0.0045)}
{'epoch': 78, 'train_loss': 0.0053, 'train_acc': 1.0, 'task_loss': (0.0017, 0.0036)}
{'epoch': 79, 'train_loss': 0.0054, 'train_acc': 1.0, 'task_loss': (0.002, 0.0033)}
{'epoch': 80, 'train_loss': 0.0057, 'train_acc': 0.9974, 'task_loss': (0.0014, 0.0043)}
{'epoch': 81, 'train_loss': 0.0066, 'train_acc': 1.0, 'task_loss': (0.002, 0.0045)}
{'epoch': 82, 'train_loss': 0.0067, 'train_acc': 0.9974, 'task_loss': (0.0016, 0.0052)}
{'epoch': 83, 'train_loss': 0.0085, 'train_acc': 1.0, 'task_loss': (0.0034, 0.0051)}
{'epoch': 84, 'train_loss': 0.0066, 'train_acc': 1.0, 'task_loss': (0.0022, 0.0044)}
{'epoch': 85, 'train_loss': 0.0085, 'train_acc': 1.0, 'task_loss': (0.0035, 0.0049)}
{'epoch': 86, 'train_loss': 0.0078, 'train_acc': 1.0, 'task_loss': (0.0027, 0.0051)}
{'epoch': 87, 'train_loss': 0.0058, 'train_acc': 1.0, 'task_loss': (0.0024, 0.0033)}
{'epoch': 88, 'train_loss': 0.005, 'train_acc': 1.0, 'task_loss': (0.0017, 0.0033)}
{'epoch': 89, 'train_loss': 0.0069, 'train_acc': 1.0, 'task_loss': (0.0018, 0.0052)}
{'epoch': 90, 'train_loss': 0.0119, 'train_acc': 0.9974, 'task_loss': (0.0066, 0.0053)}
{'epoch': 91, 'train_loss': 0.0055, 'train_acc': 1.0, 'task_loss': (0.0018, 0.0038)}
{'epoch': 92, 'train_loss': 0.0056, 'train_acc': 1.0, 'task_loss': (0.0023, 0.0033)}
{'epoch': 93, 'train_loss': 0.0051, 'train_acc': 1.0, 'task_loss': (0.0014, 0.0036)}
{'epoch': 94, 'train_loss': 0.0035, 'train_acc': 1.0, 'task_loss': (0.001, 0.0025)}
{'epoch': 95, 'train_loss': 0.008, 'train_acc': 1.0, 'task_loss': (0.0026, 0.0054)}
{'epoch': 96, 'train_loss': 0.0144, 'train_acc': 0.9974, 'task_loss': (0.0022, 0.0122)}
{'epoch': 97, 'train_loss': 0.0044, 'train_acc': 1.0, 'task_loss': (0.0014, 0.003)}
{'epoch': 98, 'train_loss': 0.0054, 'train_acc': 1.0, 'task_loss': (0.002, 0.0034)}
{'epoch': 99, 'train_loss': 0.0052, 'train_acc': 1.0, 'task_loss': (0.0015, 0.0037)}
{'epoch': 100, 'train_loss': 0.0049, 'train_acc': 1.0, 'task_loss': (0.0015, 0.0034)}
{'run_num': 9, 'final_test_err': 0.1628664495114006}
{'avg_err': 0.1707, 'std_err': 0.0262}
