{'deploy': True, 'tag': '05_ood/03_domain_alpha1', 'seed': 10, 'device': 'cuda:0', 'reps': 10, 'loss': {'alpha': 0.5, 'tune_alpha': False, 'group_task_loss': True}, 'task': {'dataset': 'domain_net', 'task_map': [[0, 1], [2, 3], [4, 5], [6, 7], [8, 9]], 'target': 0, 'ood': [3], 'augment': False, 'n': 100, 'm_n': 1, 'beta': 0.5, 'custom_sampler': False, 'm_cinic': 1, 'm_cinic_neg': 0.0}, 'hp': {'epochs': 100, 'bs': 16, 'lr': 0.01}, 'net': 'conv'}
Files already downloaded and verified
Files already downloaded and verified
{'epoch': 1, 'train_loss': 0.8433, 'train_acc': 0.6239, 'task_loss': (0.4161, 0.4272)}
{'epoch': 2, 'train_loss': 0.481, 'train_acc': 0.7755, 'task_loss': (0.2016, 0.2794)}
{'epoch': 3, 'train_loss': 0.3948, 'train_acc': 0.8105, 'task_loss': (0.1784, 0.2164)}
{'epoch': 4, 'train_loss': 0.2772, 'train_acc': 0.8805, 'task_loss': (0.1119, 0.1653)}
{'epoch': 5, 'train_loss': 0.2493, 'train_acc': 0.9125, 'task_loss': (0.0799, 0.1695)}
{'epoch': 6, 'train_loss': 0.1661, 'train_acc': 0.9388, 'task_loss': (0.0582, 0.1079)}
{'epoch': 7, 'train_loss': 0.1231, 'train_acc': 0.9592, 'task_loss': (0.0336, 0.0895)}
{'epoch': 8, 'train_loss': 0.1311, 'train_acc': 0.9388, 'task_loss': (0.0561, 0.0749)}
{'epoch': 9, 'train_loss': 0.1801, 'train_acc': 0.9271, 'task_loss': (0.0765, 0.1036)}
{'epoch': 10, 'train_loss': 0.1398, 'train_acc': 0.9475, 'task_loss': (0.05, 0.0899)}
{'epoch': 11, 'train_loss': 0.0748, 'train_acc': 0.9708, 'task_loss': (0.0282, 0.0466)}
{'epoch': 12, 'train_loss': 0.0319, 'train_acc': 0.9913, 'task_loss': (0.0152, 0.0167)}
{'epoch': 13, 'train_loss': 0.0242, 'train_acc': 0.9942, 'task_loss': (0.009, 0.0152)}
{'epoch': 14, 'train_loss': 0.0124, 'train_acc': 1.0, 'task_loss': (0.0053, 0.0071)}
{'epoch': 15, 'train_loss': 0.0067, 'train_acc': 1.0, 'task_loss': (0.0019, 0.0048)}
{'epoch': 16, 'train_loss': 0.0106, 'train_acc': 1.0, 'task_loss': (0.0034, 0.0072)}
{'epoch': 17, 'train_loss': 0.0084, 'train_acc': 1.0, 'task_loss': (0.0047, 0.0036)}
{'epoch': 18, 'train_loss': 0.0061, 'train_acc': 1.0, 'task_loss': (0.003, 0.0031)}
{'epoch': 19, 'train_loss': 0.0029, 'train_acc': 1.0, 'task_loss': (0.0006, 0.0023)}
{'epoch': 20, 'train_loss': 0.0029, 'train_acc': 1.0, 'task_loss': (0.0009, 0.0021)}
{'epoch': 21, 'train_loss': 0.002, 'train_acc': 1.0, 'task_loss': (0.0008, 0.0012)}
{'epoch': 22, 'train_loss': 0.0031, 'train_acc': 1.0, 'task_loss': (0.0008, 0.0023)}
{'epoch': 23, 'train_loss': 0.01, 'train_acc': 0.9971, 'task_loss': (0.0071, 0.0028)}
{'epoch': 24, 'train_loss': 0.0076, 'train_acc': 1.0, 'task_loss': (0.0049, 0.0027)}
{'epoch': 25, 'train_loss': 0.0022, 'train_acc': 1.0, 'task_loss': (0.0005, 0.0017)}
{'epoch': 26, 'train_loss': 0.0018, 'train_acc': 1.0, 'task_loss': (0.0008, 0.001)}
{'epoch': 27, 'train_loss': 0.0032, 'train_acc': 1.0, 'task_loss': (0.001, 0.0023)}
{'epoch': 28, 'train_loss': 0.0015, 'train_acc': 1.0, 'task_loss': (0.0004, 0.0011)}
{'epoch': 29, 'train_loss': 0.0011, 'train_acc': 1.0, 'task_loss': (0.0005, 0.0006)}
{'epoch': 30, 'train_loss': 0.0014, 'train_acc': 1.0, 'task_loss': (0.0005, 0.0009)}
{'epoch': 31, 'train_loss': 0.0009, 'train_acc': 1.0, 'task_loss': (0.0003, 0.0006)}
{'epoch': 32, 'train_loss': 0.0013, 'train_acc': 1.0, 'task_loss': (0.0006, 0.0008)}
{'epoch': 33, 'train_loss': 0.0007, 'train_acc': 1.0, 'task_loss': (0.0003, 0.0004)}
{'epoch': 34, 'train_loss': 0.0008, 'train_acc': 1.0, 'task_loss': (0.0002, 0.0006)}
{'epoch': 35, 'train_loss': 0.0009, 'train_acc': 1.0, 'task_loss': (0.0003, 0.0006)}
{'epoch': 36, 'train_loss': 0.0008, 'train_acc': 1.0, 'task_loss': (0.0003, 0.0005)}
{'epoch': 37, 'train_loss': 0.0006, 'train_acc': 1.0, 'task_loss': (0.0002, 0.0004)}
{'epoch': 38, 'train_loss': 0.0007, 'train_acc': 1.0, 'task_loss': (0.0002, 0.0005)}
{'epoch': 39, 'train_loss': 0.0008, 'train_acc': 1.0, 'task_loss': (0.0002, 0.0007)}
{'epoch': 40, 'train_loss': 0.0006, 'train_acc': 1.0, 'task_loss': (0.0002, 0.0004)}
{'epoch': 41, 'train_loss': 0.0006, 'train_acc': 1.0, 'task_loss': (0.0002, 0.0004)}
{'epoch': 42, 'train_loss': 0.0013, 'train_acc': 1.0, 'task_loss': (0.0009, 0.0004)}
{'epoch': 43, 'train_loss': 0.0021, 'train_acc': 1.0, 'task_loss': (0.0017, 0.0005)}
{'epoch': 44, 'train_loss': 0.0018, 'train_acc': 1.0, 'task_loss': (0.0013, 0.0005)}
{'epoch': 45, 'train_loss': 0.003, 'train_acc': 1.0, 'task_loss': (0.0005, 0.0025)}
{'epoch': 46, 'train_loss': 0.005, 'train_acc': 1.0, 'task_loss': (0.0014, 0.0036)}
{'epoch': 47, 'train_loss': 0.0019, 'train_acc': 1.0, 'task_loss': (0.0006, 0.0014)}
{'epoch': 48, 'train_loss': 0.0017, 'train_acc': 1.0, 'task_loss': (0.0009, 0.0008)}
{'epoch': 49, 'train_loss': 0.0012, 'train_acc': 1.0, 'task_loss': (0.0003, 0.0009)}
{'epoch': 50, 'train_loss': 0.0008, 'train_acc': 1.0, 'task_loss': (0.0002, 0.0006)}
{'epoch': 51, 'train_loss': 0.0007, 'train_acc': 1.0, 'task_loss': (0.0003, 0.0004)}
{'epoch': 52, 'train_loss': 0.0006, 'train_acc': 1.0, 'task_loss': (0.0002, 0.0004)}
{'epoch': 53, 'train_loss': 0.0008, 'train_acc': 1.0, 'task_loss': (0.0004, 0.0004)}
{'epoch': 54, 'train_loss': 0.0006, 'train_acc': 1.0, 'task_loss': (0.0002, 0.0004)}
{'epoch': 55, 'train_loss': 0.0006, 'train_acc': 1.0, 'task_loss': (0.0002, 0.0004)}
{'epoch': 56, 'train_loss': 0.0006, 'train_acc': 1.0, 'task_loss': (0.0002, 0.0004)}
{'epoch': 57, 'train_loss': 0.0006, 'train_acc': 1.0, 'task_loss': (0.0002, 0.0004)}
{'epoch': 58, 'train_loss': 0.001, 'train_acc': 1.0, 'task_loss': (0.0002, 0.0008)}
{'epoch': 59, 'train_loss': 0.0006, 'train_acc': 1.0, 'task_loss': (0.0002, 0.0004)}
{'epoch': 60, 'train_loss': 0.0008, 'train_acc': 1.0, 'task_loss': (1e-04, 0.0006)}
{'epoch': 61, 'train_loss': 0.0004, 'train_acc': 1.0, 'task_loss': (0.0002, 0.0003)}
{'epoch': 62, 'train_loss': 0.0004, 'train_acc': 1.0, 'task_loss': (0.0002, 0.0003)}
{'epoch': 63, 'train_loss': 0.0004, 'train_acc': 1.0, 'task_loss': (0.0002, 0.0002)}
{'epoch': 64, 'train_loss': 0.0005, 'train_acc': 1.0, 'task_loss': (0.0002, 0.0003)}
{'epoch': 65, 'train_loss': 0.0004, 'train_acc': 1.0, 'task_loss': (1e-04, 0.0002)}
{'epoch': 66, 'train_loss': 0.0004, 'train_acc': 1.0, 'task_loss': (0.0002, 0.0002)}
{'epoch': 67, 'train_loss': 0.0004, 'train_acc': 1.0, 'task_loss': (1e-04, 0.0003)}
{'epoch': 68, 'train_loss': 0.0003, 'train_acc': 1.0, 'task_loss': (1e-04, 0.0002)}
{'epoch': 69, 'train_loss': 0.0012, 'train_acc': 1.0, 'task_loss': (0.0005, 0.0007)}
{'epoch': 70, 'train_loss': 0.0005, 'train_acc': 1.0, 'task_loss': (0.0002, 0.0002)}
{'epoch': 71, 'train_loss': 0.0004, 'train_acc': 1.0, 'task_loss': (1e-04, 0.0002)}
{'epoch': 72, 'train_loss': 0.0005, 'train_acc': 1.0, 'task_loss': (0.0002, 0.0003)}
{'epoch': 73, 'train_loss': 0.0004, 'train_acc': 1.0, 'task_loss': (0.0002, 0.0002)}
{'epoch': 74, 'train_loss': 0.0004, 'train_acc': 1.0, 'task_loss': (1e-04, 0.0003)}
{'epoch': 75, 'train_loss': 0.0003, 'train_acc': 1.0, 'task_loss': (1e-04, 0.0002)}
{'epoch': 76, 'train_loss': 0.0004, 'train_acc': 1.0, 'task_loss': (0.0002, 0.0002)}
{'epoch': 77, 'train_loss': 0.0005, 'train_acc': 1.0, 'task_loss': (1e-04, 0.0004)}
{'epoch': 78, 'train_loss': 0.0004, 'train_acc': 1.0, 'task_loss': (1e-04, 0.0002)}
{'epoch': 79, 'train_loss': 0.0022, 'train_acc': 1.0, 'task_loss': (0.0019, 0.0003)}
{'epoch': 80, 'train_loss': 0.0003, 'train_acc': 1.0, 'task_loss': (1e-04, 0.0002)}
{'epoch': 81, 'train_loss': 0.0008, 'train_acc': 1.0, 'task_loss': (0.0005, 0.0003)}
{'epoch': 82, 'train_loss': 0.0004, 'train_acc': 1.0, 'task_loss': (1e-04, 0.0002)}
{'epoch': 83, 'train_loss': 0.0005, 'train_acc': 1.0, 'task_loss': (0.0002, 0.0003)}
{'epoch': 84, 'train_loss': 0.0006, 'train_acc': 1.0, 'task_loss': (0.0003, 0.0004)}
{'epoch': 85, 'train_loss': 0.0005, 'train_acc': 1.0, 'task_loss': (0.0002, 0.0003)}
{'epoch': 86, 'train_loss': 0.0005, 'train_acc': 1.0, 'task_loss': (0.0002, 0.0003)}
{'epoch': 87, 'train_loss': 0.0005, 'train_acc': 1.0, 'task_loss': (0.0002, 0.0003)}
{'epoch': 88, 'train_loss': 0.0004, 'train_acc': 1.0, 'task_loss': (0.0002, 0.0002)}
{'epoch': 89, 'train_loss': 0.0004, 'train_acc': 1.0, 'task_loss': (1e-04, 0.0003)}
{'epoch': 90, 'train_loss': 0.0005, 'train_acc': 1.0, 'task_loss': (0.0002, 0.0003)}
{'epoch': 91, 'train_loss': 0.0007, 'train_acc': 1.0, 'task_loss': (0.0003, 0.0003)}
{'epoch': 92, 'train_loss': 0.0006, 'train_acc': 1.0, 'task_loss': (0.0003, 0.0003)}
{'epoch': 93, 'train_loss': 0.0004, 'train_acc': 1.0, 'task_loss': (1e-04, 0.0003)}
{'epoch': 94, 'train_loss': 0.0005, 'train_acc': 1.0, 'task_loss': (0.0002, 0.0003)}
{'epoch': 95, 'train_loss': 0.0004, 'train_acc': 1.0, 'task_loss': (1e-04, 0.0003)}
{'epoch': 96, 'train_loss': 0.0007, 'train_acc': 1.0, 'task_loss': (0.0005, 0.0003)}
{'epoch': 97, 'train_loss': 0.0005, 'train_acc': 1.0, 'task_loss': (0.0002, 0.0003)}
{'epoch': 98, 'train_loss': 0.0005, 'train_acc': 1.0, 'task_loss': (1e-04, 0.0004)}
{'epoch': 99, 'train_loss': 0.0006, 'train_acc': 1.0, 'task_loss': (0.0003, 0.0003)}
{'epoch': 100, 'train_loss': 0.0005, 'train_acc': 1.0, 'task_loss': (0.0002, 0.0003)}
{'run_num': 0, 'final_test_err': 0.2019543973941368}
Files already downloaded and verified
Files already downloaded and verified
{'epoch': 1, 'train_loss': 0.6843, 'train_acc': 0.6327, 'task_loss': (0.321, 0.3633)}
{'epoch': 2, 'train_loss': 0.5168, 'train_acc': 0.7813, 'task_loss': (0.2334, 0.2834)}
{'epoch': 3, 'train_loss': 0.3783, 'train_acc': 0.8222, 'task_loss': (0.1611, 0.2173)}
{'epoch': 4, 'train_loss': 0.3446, 'train_acc': 0.863, 'task_loss': (0.1278, 0.2168)}
{'epoch': 5, 'train_loss': 0.2899, 'train_acc': 0.8571, 'task_loss': (0.1034, 0.1865)}
{'epoch': 6, 'train_loss': 0.1488, 'train_acc': 0.9504, 'task_loss': (0.0496, 0.0992)}
{'epoch': 7, 'train_loss': 0.1094, 'train_acc': 0.9417, 'task_loss': (0.0477, 0.0617)}
{'epoch': 8, 'train_loss': 0.0774, 'train_acc': 0.9708, 'task_loss': (0.0271, 0.0503)}
{'epoch': 9, 'train_loss': 0.0509, 'train_acc': 0.9854, 'task_loss': (0.0144, 0.0365)}
{'epoch': 10, 'train_loss': 0.026, 'train_acc': 0.9942, 'task_loss': (0.0098, 0.0162)}
{'epoch': 11, 'train_loss': 0.0194, 'train_acc': 0.9971, 'task_loss': (0.0094, 0.0101)}
{'epoch': 12, 'train_loss': 0.0131, 'train_acc': 0.9942, 'task_loss': (0.0054, 0.0077)}
{'epoch': 13, 'train_loss': 0.0052, 'train_acc': 1.0, 'task_loss': (0.002, 0.0032)}
{'epoch': 14, 'train_loss': 0.0043, 'train_acc': 1.0, 'task_loss': (0.0018, 0.0025)}
{'epoch': 15, 'train_loss': 0.0046, 'train_acc': 1.0, 'task_loss': (0.0021, 0.0026)}
{'epoch': 16, 'train_loss': 0.0028, 'train_acc': 1.0, 'task_loss': (0.001, 0.0018)}
{'epoch': 17, 'train_loss': 0.0025, 'train_acc': 1.0, 'task_loss': (0.0012, 0.0013)}
{'epoch': 18, 'train_loss': 0.0019, 'train_acc': 1.0, 'task_loss': (0.0007, 0.0012)}
{'epoch': 19, 'train_loss': 0.0023, 'train_acc': 1.0, 'task_loss': (0.0008, 0.0015)}
{'epoch': 20, 'train_loss': 0.0015, 'train_acc': 1.0, 'task_loss': (0.0006, 0.001)}
{'epoch': 21, 'train_loss': 0.0012, 'train_acc': 1.0, 'task_loss': (0.0004, 0.0008)}
{'epoch': 22, 'train_loss': 0.0011, 'train_acc': 1.0, 'task_loss': (0.0006, 0.0006)}
{'epoch': 23, 'train_loss': 0.001, 'train_acc': 1.0, 'task_loss': (0.0005, 0.0005)}
{'epoch': 24, 'train_loss': 0.0009, 'train_acc': 1.0, 'task_loss': (0.0002, 0.0007)}
{'epoch': 25, 'train_loss': 0.001, 'train_acc': 1.0, 'task_loss': (0.0005, 0.0005)}
{'epoch': 26, 'train_loss': 0.0007, 'train_acc': 1.0, 'task_loss': (0.0003, 0.0004)}
{'epoch': 27, 'train_loss': 0.0008, 'train_acc': 1.0, 'task_loss': (0.0004, 0.0004)}
{'epoch': 28, 'train_loss': 0.0006, 'train_acc': 1.0, 'task_loss': (0.0003, 0.0004)}
{'epoch': 29, 'train_loss': 0.0016, 'train_acc': 1.0, 'task_loss': (0.0011, 0.0006)}
{'epoch': 30, 'train_loss': 0.0008, 'train_acc': 1.0, 'task_loss': (0.0003, 0.0005)}
{'epoch': 31, 'train_loss': 0.0005, 'train_acc': 1.0, 'task_loss': (0.0002, 0.0003)}
{'epoch': 32, 'train_loss': 0.0007, 'train_acc': 1.0, 'task_loss': (0.0002, 0.0005)}
{'epoch': 33, 'train_loss': 0.0007, 'train_acc': 1.0, 'task_loss': (0.0004, 0.0003)}
{'epoch': 34, 'train_loss': 0.0008, 'train_acc': 1.0, 'task_loss': (0.0002, 0.0006)}
{'epoch': 35, 'train_loss': 0.0006, 'train_acc': 1.0, 'task_loss': (0.0003, 0.0003)}
{'epoch': 36, 'train_loss': 0.0006, 'train_acc': 1.0, 'task_loss': (0.0003, 0.0003)}
{'epoch': 37, 'train_loss': 0.0004, 'train_acc': 1.0, 'task_loss': (1e-04, 0.0003)}
{'epoch': 38, 'train_loss': 0.0008, 'train_acc': 1.0, 'task_loss': (0.0005, 0.0002)}
{'epoch': 39, 'train_loss': 0.0007, 'train_acc': 1.0, 'task_loss': (0.0002, 0.0005)}
{'epoch': 40, 'train_loss': 0.0004, 'train_acc': 1.0, 'task_loss': (1e-04, 0.0003)}
{'epoch': 41, 'train_loss': 0.0004, 'train_acc': 1.0, 'task_loss': (0.0002, 0.0002)}
{'epoch': 42, 'train_loss': 0.0004, 'train_acc': 1.0, 'task_loss': (1e-04, 0.0003)}
{'epoch': 43, 'train_loss': 0.0003, 'train_acc': 1.0, 'task_loss': (1e-04, 0.0002)}
{'epoch': 44, 'train_loss': 0.0005, 'train_acc': 1.0, 'task_loss': (0.0003, 0.0002)}
{'epoch': 45, 'train_loss': 0.0004, 'train_acc': 1.0, 'task_loss': (1e-04, 0.0003)}
{'epoch': 46, 'train_loss': 0.0004, 'train_acc': 1.0, 'task_loss': (0.0002, 0.0002)}
{'epoch': 47, 'train_loss': 0.0003, 'train_acc': 1.0, 'task_loss': (1e-04, 0.0002)}
{'epoch': 48, 'train_loss': 0.0005, 'train_acc': 1.0, 'task_loss': (0.0002, 0.0004)}
{'epoch': 49, 'train_loss': 0.0003, 'train_acc': 1.0, 'task_loss': (1e-04, 0.0002)}
{'epoch': 50, 'train_loss': 0.0004, 'train_acc': 1.0, 'task_loss': (0.0002, 0.0002)}
{'epoch': 51, 'train_loss': 0.0002, 'train_acc': 1.0, 'task_loss': (1e-04, 1e-04)}
{'epoch': 52, 'train_loss': 0.0003, 'train_acc': 1.0, 'task_loss': (1e-04, 0.0002)}
{'epoch': 53, 'train_loss': 0.0004, 'train_acc': 1.0, 'task_loss': (0.0002, 0.0003)}
{'epoch': 54, 'train_loss': 0.0002, 'train_acc': 1.0, 'task_loss': (1e-04, 0.0002)}
{'epoch': 55, 'train_loss': 0.0003, 'train_acc': 1.0, 'task_loss': (1e-04, 0.0002)}
{'epoch': 56, 'train_loss': 0.0003, 'train_acc': 1.0, 'task_loss': (1e-04, 0.0002)}
{'epoch': 57, 'train_loss': 0.0005, 'train_acc': 1.0, 'task_loss': (1e-04, 0.0004)}
{'epoch': 58, 'train_loss': 0.0003, 'train_acc': 1.0, 'task_loss': (1e-04, 0.0002)}
{'epoch': 59, 'train_loss': 0.0003, 'train_acc': 1.0, 'task_loss': (1e-04, 0.0002)}
{'epoch': 60, 'train_loss': 0.0004, 'train_acc': 1.0, 'task_loss': (0.0002, 0.0003)}
{'epoch': 61, 'train_loss': 0.0003, 'train_acc': 1.0, 'task_loss': (1e-04, 0.0002)}
{'epoch': 62, 'train_loss': 0.0003, 'train_acc': 1.0, 'task_loss': (1e-04, 0.0002)}
{'epoch': 63, 'train_loss': 0.0003, 'train_acc': 1.0, 'task_loss': (1e-04, 0.0002)}
{'epoch': 64, 'train_loss': 0.0003, 'train_acc': 1.0, 'task_loss': (1e-04, 0.0002)}
{'epoch': 65, 'train_loss': 0.001, 'train_acc': 1.0, 'task_loss': (0.0006, 0.0003)}
{'epoch': 66, 'train_loss': 0.0003, 'train_acc': 1.0, 'task_loss': (0.0002, 0.0002)}
{'epoch': 67, 'train_loss': 0.0004, 'train_acc': 1.0, 'task_loss': (1e-04, 0.0003)}
{'epoch': 68, 'train_loss': 0.0002, 'train_acc': 1.0, 'task_loss': (1e-04, 1e-04)}
{'epoch': 69, 'train_loss': 0.0003, 'train_acc': 1.0, 'task_loss': (1e-04, 0.0002)}
{'epoch': 70, 'train_loss': 0.0003, 'train_acc': 1.0, 'task_loss': (1e-04, 0.0002)}
{'epoch': 71, 'train_loss': 0.0004, 'train_acc': 1.0, 'task_loss': (0.0002, 0.0002)}
{'epoch': 72, 'train_loss': 0.0002, 'train_acc': 1.0, 'task_loss': (1e-04, 1e-04)}
{'epoch': 73, 'train_loss': 0.0003, 'train_acc': 1.0, 'task_loss': (1e-04, 0.0002)}
{'epoch': 74, 'train_loss': 0.0003, 'train_acc': 1.0, 'task_loss': (1e-04, 0.0002)}
{'epoch': 75, 'train_loss': 0.0003, 'train_acc': 1.0, 'task_loss': (1e-04, 1e-04)}
{'epoch': 76, 'train_loss': 0.0004, 'train_acc': 1.0, 'task_loss': (1e-04, 0.0003)}
{'epoch': 77, 'train_loss': 0.0002, 'train_acc': 1.0, 'task_loss': (1e-04, 1e-04)}
{'epoch': 78, 'train_loss': 0.0003, 'train_acc': 1.0, 'task_loss': (0.0002, 1e-04)}
{'epoch': 79, 'train_loss': 0.0002, 'train_acc': 1.0, 'task_loss': (1e-04, 1e-04)}
{'epoch': 80, 'train_loss': 0.0004, 'train_acc': 1.0, 'task_loss': (1e-04, 0.0002)}
{'epoch': 81, 'train_loss': 0.0003, 'train_acc': 1.0, 'task_loss': (1e-04, 0.0002)}
{'epoch': 82, 'train_loss': 0.0002, 'train_acc': 1.0, 'task_loss': (1e-04, 1e-04)}
{'epoch': 83, 'train_loss': 0.0003, 'train_acc': 1.0, 'task_loss': (1e-04, 0.0002)}
{'epoch': 84, 'train_loss': 0.0002, 'train_acc': 1.0, 'task_loss': (1e-04, 1e-04)}
{'epoch': 85, 'train_loss': 0.0002, 'train_acc': 1.0, 'task_loss': (1e-04, 1e-04)}
{'epoch': 86, 'train_loss': 0.0003, 'train_acc': 1.0, 'task_loss': (0.0002, 0.0002)}
{'epoch': 87, 'train_loss': 0.0003, 'train_acc': 1.0, 'task_loss': (0.0002, 0.0002)}
{'epoch': 88, 'train_loss': 0.0003, 'train_acc': 1.0, 'task_loss': (1e-04, 1e-04)}
{'epoch': 89, 'train_loss': 0.0003, 'train_acc': 1.0, 'task_loss': (1e-04, 0.0002)}
{'epoch': 90, 'train_loss': 0.0003, 'train_acc': 1.0, 'task_loss': (0.0002, 1e-04)}
{'epoch': 91, 'train_loss': 0.0002, 'train_acc': 1.0, 'task_loss': (1e-04, 1e-04)}
{'epoch': 92, 'train_loss': 0.0003, 'train_acc': 1.0, 'task_loss': (1e-04, 1e-04)}
{'epoch': 93, 'train_loss': 0.0003, 'train_acc': 1.0, 'task_loss': (1e-04, 0.0002)}
{'epoch': 94, 'train_loss': 0.0002, 'train_acc': 1.0, 'task_loss': (1e-04, 1e-04)}
{'epoch': 95, 'train_loss': 0.0003, 'train_acc': 1.0, 'task_loss': (1e-04, 0.0002)}
{'epoch': 96, 'train_loss': 0.0002, 'train_acc': 1.0, 'task_loss': (1e-04, 1e-04)}
{'epoch': 97, 'train_loss': 0.0003, 'train_acc': 1.0, 'task_loss': (1e-04, 0.0002)}
{'epoch': 98, 'train_loss': 0.0002, 'train_acc': 1.0, 'task_loss': (1e-04, 1e-04)}
{'epoch': 99, 'train_loss': 0.0003, 'train_acc': 1.0, 'task_loss': (1e-04, 0.0002)}
{'epoch': 100, 'train_loss': 0.0003, 'train_acc': 1.0, 'task_loss': (0.0002, 1e-04)}
{'run_num': 1, 'final_test_err': 0.15635179153094458}
Files already downloaded and verified
Files already downloaded and verified
{'epoch': 1, 'train_loss': 0.6169, 'train_acc': 0.6997, 'task_loss': (0.255, 0.3619)}
{'epoch': 2, 'train_loss': 0.4616, 'train_acc': 0.758, 'task_loss': (0.2045, 0.2571)}
{'epoch': 3, 'train_loss': 0.4205, 'train_acc': 0.8134, 'task_loss': (0.1774, 0.2431)}
{'epoch': 4, 'train_loss': 0.3115, 'train_acc': 0.8717, 'task_loss': (0.1044, 0.2071)}
{'epoch': 5, 'train_loss': 0.2697, 'train_acc': 0.8834, 'task_loss': (0.1128, 0.1569)}
{'epoch': 6, 'train_loss': 0.2437, 'train_acc': 0.8892, 'task_loss': (0.121, 0.1227)}
{'epoch': 7, 'train_loss': 0.2202, 'train_acc': 0.9009, 'task_loss': (0.0709, 0.1493)}
{'epoch': 8, 'train_loss': 0.1456, 'train_acc': 0.9388, 'task_loss': (0.0655, 0.0802)}
{'epoch': 9, 'train_loss': 0.0814, 'train_acc': 0.9767, 'task_loss': (0.0326, 0.0488)}
{'epoch': 10, 'train_loss': 0.0607, 'train_acc': 0.9825, 'task_loss': (0.0215, 0.0392)}
{'epoch': 11, 'train_loss': 0.0461, 'train_acc': 0.9883, 'task_loss': (0.0148, 0.0313)}
{'epoch': 12, 'train_loss': 0.0189, 'train_acc': 0.9942, 'task_loss': (0.0103, 0.0087)}
{'epoch': 13, 'train_loss': 0.0116, 'train_acc': 0.9971, 'task_loss': (0.0066, 0.005)}
{'epoch': 14, 'train_loss': 0.0388, 'train_acc': 0.9913, 'task_loss': (0.027, 0.0118)}
{'epoch': 15, 'train_loss': 0.0729, 'train_acc': 0.9796, 'task_loss': (0.0184, 0.0545)}
{'epoch': 16, 'train_loss': 0.0368, 'train_acc': 0.9942, 'task_loss': (0.013, 0.0238)}
{'epoch': 17, 'train_loss': 0.0174, 'train_acc': 0.9942, 'task_loss': (0.0053, 0.0121)}
{'epoch': 18, 'train_loss': 0.011, 'train_acc': 0.9971, 'task_loss': (0.0063, 0.0047)}
{'epoch': 19, 'train_loss': 0.0064, 'train_acc': 1.0, 'task_loss': (0.0033, 0.0031)}
{'epoch': 20, 'train_loss': 0.0048, 'train_acc': 1.0, 'task_loss': (0.0021, 0.0027)}
{'epoch': 21, 'train_loss': 0.003, 'train_acc': 1.0, 'task_loss': (0.001, 0.002)}
{'epoch': 22, 'train_loss': 0.0063, 'train_acc': 0.9971, 'task_loss': (0.004, 0.0024)}
{'epoch': 23, 'train_loss': 0.0068, 'train_acc': 1.0, 'task_loss': (0.0026, 0.0042)}
{'epoch': 24, 'train_loss': 0.0032, 'train_acc': 1.0, 'task_loss': (0.0016, 0.0015)}
{'epoch': 25, 'train_loss': 0.0024, 'train_acc': 1.0, 'task_loss': (0.0008, 0.0015)}
{'epoch': 26, 'train_loss': 0.0019, 'train_acc': 1.0, 'task_loss': (0.001, 0.0009)}
{'epoch': 27, 'train_loss': 0.0019, 'train_acc': 1.0, 'task_loss': (0.0009, 0.001)}
{'epoch': 28, 'train_loss': 0.0016, 'train_acc': 1.0, 'task_loss': (0.0007, 0.0009)}
{'epoch': 29, 'train_loss': 0.0015, 'train_acc': 1.0, 'task_loss': (0.0006, 0.0008)}
{'epoch': 30, 'train_loss': 0.001, 'train_acc': 1.0, 'task_loss': (0.0004, 0.0006)}
{'epoch': 31, 'train_loss': 0.0009, 'train_acc': 1.0, 'task_loss': (0.0003, 0.0007)}
{'epoch': 32, 'train_loss': 0.0008, 'train_acc': 1.0, 'task_loss': (0.0004, 0.0005)}
{'epoch': 33, 'train_loss': 0.0008, 'train_acc': 1.0, 'task_loss': (0.0003, 0.0005)}
{'epoch': 34, 'train_loss': 0.0009, 'train_acc': 1.0, 'task_loss': (0.0004, 0.0005)}
{'epoch': 35, 'train_loss': 0.0006, 'train_acc': 1.0, 'task_loss': (0.0002, 0.0004)}
{'epoch': 36, 'train_loss': 0.0006, 'train_acc': 1.0, 'task_loss': (0.0003, 0.0003)}
{'epoch': 37, 'train_loss': 0.0006, 'train_acc': 1.0, 'task_loss': (0.0002, 0.0003)}
{'epoch': 38, 'train_loss': 0.0006, 'train_acc': 1.0, 'task_loss': (0.0003, 0.0004)}
{'epoch': 39, 'train_loss': 0.0008, 'train_acc': 1.0, 'task_loss': (0.0002, 0.0005)}
{'epoch': 40, 'train_loss': 0.0007, 'train_acc': 1.0, 'task_loss': (0.0002, 0.0004)}
{'epoch': 41, 'train_loss': 0.0005, 'train_acc': 1.0, 'task_loss': (0.0002, 0.0003)}
{'epoch': 42, 'train_loss': 0.0008, 'train_acc': 1.0, 'task_loss': (0.0002, 0.0006)}
{'epoch': 43, 'train_loss': 0.0005, 'train_acc': 1.0, 'task_loss': (0.0002, 0.0004)}
{'epoch': 44, 'train_loss': 0.001, 'train_acc': 1.0, 'task_loss': (0.0005, 0.0004)}
{'epoch': 45, 'train_loss': 0.0007, 'train_acc': 1.0, 'task_loss': (0.0002, 0.0004)}
{'epoch': 46, 'train_loss': 0.0005, 'train_acc': 1.0, 'task_loss': (0.0003, 0.0003)}
{'epoch': 47, 'train_loss': 0.0004, 'train_acc': 1.0, 'task_loss': (1e-04, 0.0003)}
{'epoch': 48, 'train_loss': 0.0005, 'train_acc': 1.0, 'task_loss': (0.0002, 0.0003)}
{'epoch': 49, 'train_loss': 0.0006, 'train_acc': 1.0, 'task_loss': (0.0003, 0.0003)}
{'epoch': 50, 'train_loss': 0.0005, 'train_acc': 1.0, 'task_loss': (0.0002, 0.0003)}
{'epoch': 51, 'train_loss': 0.0005, 'train_acc': 1.0, 'task_loss': (0.0002, 0.0003)}
{'epoch': 52, 'train_loss': 0.0005, 'train_acc': 1.0, 'task_loss': (1e-04, 0.0003)}
{'epoch': 53, 'train_loss': 0.0006, 'train_acc': 1.0, 'task_loss': (0.0002, 0.0004)}
{'epoch': 54, 'train_loss': 0.0005, 'train_acc': 1.0, 'task_loss': (0.0002, 0.0003)}
{'epoch': 55, 'train_loss': 0.0004, 'train_acc': 1.0, 'task_loss': (0.0002, 0.0002)}
{'epoch': 56, 'train_loss': 0.0004, 'train_acc': 1.0, 'task_loss': (1e-04, 0.0003)}
{'epoch': 57, 'train_loss': 0.0005, 'train_acc': 1.0, 'task_loss': (0.0002, 0.0003)}
{'epoch': 58, 'train_loss': 0.0004, 'train_acc': 1.0, 'task_loss': (0.0002, 0.0002)}
{'epoch': 59, 'train_loss': 0.0004, 'train_acc': 1.0, 'task_loss': (1e-04, 0.0002)}
{'epoch': 60, 'train_loss': 0.0004, 'train_acc': 1.0, 'task_loss': (0.0002, 0.0002)}
{'epoch': 61, 'train_loss': 0.0004, 'train_acc': 1.0, 'task_loss': (1e-04, 0.0003)}
{'epoch': 62, 'train_loss': 0.0006, 'train_acc': 1.0, 'task_loss': (0.0002, 0.0004)}
{'epoch': 63, 'train_loss': 0.0005, 'train_acc': 1.0, 'task_loss': (0.0003, 0.0002)}
{'epoch': 64, 'train_loss': 0.0003, 'train_acc': 1.0, 'task_loss': (1e-04, 0.0002)}
{'epoch': 65, 'train_loss': 0.0004, 'train_acc': 1.0, 'task_loss': (1e-04, 0.0003)}
{'epoch': 66, 'train_loss': 0.0004, 'train_acc': 1.0, 'task_loss': (0.0002, 0.0002)}
{'epoch': 67, 'train_loss': 0.0003, 'train_acc': 1.0, 'task_loss': (1e-04, 0.0002)}
{'epoch': 68, 'train_loss': 0.0005, 'train_acc': 1.0, 'task_loss': (0.0002, 0.0003)}
{'epoch': 69, 'train_loss': 0.0005, 'train_acc': 1.0, 'task_loss': (0.0002, 0.0003)}
{'epoch': 70, 'train_loss': 0.0004, 'train_acc': 1.0, 'task_loss': (1e-04, 0.0002)}
{'epoch': 71, 'train_loss': 0.0003, 'train_acc': 1.0, 'task_loss': (1e-04, 0.0002)}
{'epoch': 72, 'train_loss': 0.0004, 'train_acc': 1.0, 'task_loss': (0.0002, 0.0002)}
{'epoch': 73, 'train_loss': 0.0003, 'train_acc': 1.0, 'task_loss': (1e-04, 0.0003)}
{'epoch': 74, 'train_loss': 0.0003, 'train_acc': 1.0, 'task_loss': (1e-04, 0.0002)}
{'epoch': 75, 'train_loss': 0.0003, 'train_acc': 1.0, 'task_loss': (0.0002, 0.0002)}
{'epoch': 76, 'train_loss': 0.0003, 'train_acc': 1.0, 'task_loss': (1e-04, 0.0002)}
{'epoch': 77, 'train_loss': 0.0003, 'train_acc': 1.0, 'task_loss': (1e-04, 0.0002)}
{'epoch': 78, 'train_loss': 0.0003, 'train_acc': 1.0, 'task_loss': (1e-04, 0.0002)}
{'epoch': 79, 'train_loss': 0.0003, 'train_acc': 1.0, 'task_loss': (1e-04, 0.0002)}
{'epoch': 80, 'train_loss': 0.0004, 'train_acc': 1.0, 'task_loss': (1e-04, 0.0003)}
{'epoch': 81, 'train_loss': 0.0003, 'train_acc': 1.0, 'task_loss': (1e-04, 0.0002)}
{'epoch': 82, 'train_loss': 0.0004, 'train_acc': 1.0, 'task_loss': (0.0002, 0.0002)}
{'epoch': 83, 'train_loss': 0.0004, 'train_acc': 1.0, 'task_loss': (0.0002, 0.0002)}
{'epoch': 84, 'train_loss': 0.0005, 'train_acc': 1.0, 'task_loss': (1e-04, 0.0004)}
{'epoch': 85, 'train_loss': 0.0003, 'train_acc': 1.0, 'task_loss': (1e-04, 0.0002)}
{'epoch': 86, 'train_loss': 0.0003, 'train_acc': 1.0, 'task_loss': (0.0002, 0.0002)}
{'epoch': 87, 'train_loss': 0.0005, 'train_acc': 1.0, 'task_loss': (1e-04, 0.0004)}
{'epoch': 88, 'train_loss': 0.0005, 'train_acc': 1.0, 'task_loss': (0.0002, 0.0003)}
{'epoch': 89, 'train_loss': 0.0004, 'train_acc': 1.0, 'task_loss': (0.0002, 0.0003)}
{'epoch': 90, 'train_loss': 0.0003, 'train_acc': 1.0, 'task_loss': (1e-04, 0.0002)}
{'epoch': 91, 'train_loss': 0.0004, 'train_acc': 1.0, 'task_loss': (1e-04, 0.0003)}
{'epoch': 92, 'train_loss': 0.0004, 'train_acc': 1.0, 'task_loss': (0.0002, 0.0002)}
{'epoch': 93, 'train_loss': 0.0003, 'train_acc': 1.0, 'task_loss': (1e-04, 0.0002)}
{'epoch': 94, 'train_loss': 0.0003, 'train_acc': 1.0, 'task_loss': (1e-04, 0.0002)}
{'epoch': 95, 'train_loss': 0.0004, 'train_acc': 1.0, 'task_loss': (1e-04, 0.0003)}
{'epoch': 96, 'train_loss': 0.0004, 'train_acc': 1.0, 'task_loss': (1e-04, 0.0002)}
{'epoch': 97, 'train_loss': 0.0004, 'train_acc': 1.0, 'task_loss': (0.0002, 0.0002)}
{'epoch': 98, 'train_loss': 0.0003, 'train_acc': 1.0, 'task_loss': (1e-04, 0.0002)}
{'epoch': 99, 'train_loss': 0.0003, 'train_acc': 1.0, 'task_loss': (1e-04, 0.0002)}
{'epoch': 100, 'train_loss': 0.0004, 'train_acc': 1.0, 'task_loss': (0.0002, 0.0002)}
{'run_num': 2, 'final_test_err': 0.14332247557003253}
Files already downloaded and verified
Files already downloaded and verified
{'epoch': 1, 'train_loss': 0.5691, 'train_acc': 0.7172, 'task_loss': (0.2804, 0.2888)}
{'epoch': 2, 'train_loss': 0.4727, 'train_acc': 0.7813, 'task_loss': (0.1981, 0.2747)}
{'epoch': 3, 'train_loss': 0.3354, 'train_acc': 0.8542, 'task_loss': (0.1451, 0.1903)}
{'epoch': 4, 'train_loss': 0.2997, 'train_acc': 0.8863, 'task_loss': (0.1065, 0.1932)}
{'epoch': 5, 'train_loss': 0.1943, 'train_acc': 0.9271, 'task_loss': (0.0855, 0.1088)}
{'epoch': 6, 'train_loss': 0.1313, 'train_acc': 0.9417, 'task_loss': (0.0542, 0.077)}
{'epoch': 7, 'train_loss': 0.1442, 'train_acc': 0.9475, 'task_loss': (0.0416, 0.1026)}
{'epoch': 8, 'train_loss': 0.0924, 'train_acc': 0.9738, 'task_loss': (0.0474, 0.045)}
{'epoch': 9, 'train_loss': 0.0876, 'train_acc': 0.9767, 'task_loss': (0.049, 0.0386)}
{'epoch': 10, 'train_loss': 0.0321, 'train_acc': 0.9942, 'task_loss': (0.0113, 0.0209)}
{'epoch': 11, 'train_loss': 0.0314, 'train_acc': 0.9883, 'task_loss': (0.0123, 0.0191)}
{'epoch': 12, 'train_loss': 0.0296, 'train_acc': 0.9883, 'task_loss': (0.012, 0.0175)}
{'epoch': 13, 'train_loss': 0.014, 'train_acc': 1.0, 'task_loss': (0.006, 0.008)}
{'epoch': 14, 'train_loss': 0.009, 'train_acc': 1.0, 'task_loss': (0.0051, 0.0039)}
{'epoch': 15, 'train_loss': 0.0057, 'train_acc': 1.0, 'task_loss': (0.0029, 0.0028)}
{'epoch': 16, 'train_loss': 0.0059, 'train_acc': 1.0, 'task_loss': (0.0032, 0.0026)}
{'epoch': 17, 'train_loss': 0.0102, 'train_acc': 1.0, 'task_loss': (0.0041, 0.0061)}
{'epoch': 18, 'train_loss': 0.0051, 'train_acc': 1.0, 'task_loss': (0.0023, 0.0028)}
{'epoch': 19, 'train_loss': 0.0037, 'train_acc': 1.0, 'task_loss': (0.0014, 0.0024)}
{'epoch': 20, 'train_loss': 0.0047, 'train_acc': 1.0, 'task_loss': (0.0025, 0.0022)}
{'epoch': 21, 'train_loss': 0.0077, 'train_acc': 1.0, 'task_loss': (0.0025, 0.0052)}
{'epoch': 22, 'train_loss': 0.0042, 'train_acc': 1.0, 'task_loss': (0.0011, 0.003)}
{'epoch': 23, 'train_loss': 0.0435, 'train_acc': 0.9854, 'task_loss': (0.0236, 0.0198)}
{'epoch': 24, 'train_loss': 0.0078, 'train_acc': 1.0, 'task_loss': (0.0018, 0.006)}
{'epoch': 25, 'train_loss': 0.005, 'train_acc': 1.0, 'task_loss': (0.0025, 0.0025)}
{'epoch': 26, 'train_loss': 0.0022, 'train_acc': 1.0, 'task_loss': (0.0012, 0.0011)}
{'epoch': 27, 'train_loss': 0.0019, 'train_acc': 1.0, 'task_loss': (0.0009, 0.001)}
{'epoch': 28, 'train_loss': 0.0012, 'train_acc': 1.0, 'task_loss': (0.0005, 0.0007)}
{'epoch': 29, 'train_loss': 0.0012, 'train_acc': 1.0, 'task_loss': (0.0004, 0.0009)}
{'epoch': 30, 'train_loss': 0.0015, 'train_acc': 1.0, 'task_loss': (0.0006, 0.0009)}
{'epoch': 31, 'train_loss': 0.0015, 'train_acc': 1.0, 'task_loss': (0.0008, 0.0006)}
{'epoch': 32, 'train_loss': 0.0009, 'train_acc': 1.0, 'task_loss': (0.0004, 0.0005)}
{'epoch': 33, 'train_loss': 0.0009, 'train_acc': 1.0, 'task_loss': (0.0005, 0.0003)}
{'epoch': 34, 'train_loss': 0.0013, 'train_acc': 1.0, 'task_loss': (0.0008, 0.0005)}
{'epoch': 35, 'train_loss': 0.0014, 'train_acc': 1.0, 'task_loss': (0.0006, 0.0008)}
{'epoch': 36, 'train_loss': 0.001, 'train_acc': 1.0, 'task_loss': (0.0005, 0.0005)}
{'epoch': 37, 'train_loss': 0.0118, 'train_acc': 0.9971, 'task_loss': (0.0073, 0.0045)}
{'epoch': 38, 'train_loss': 0.0263, 'train_acc': 0.9913, 'task_loss': (0.0133, 0.013)}
{'epoch': 39, 'train_loss': 0.0076, 'train_acc': 1.0, 'task_loss': (0.0031, 0.0044)}
{'epoch': 40, 'train_loss': 0.0039, 'train_acc': 1.0, 'task_loss': (0.0015, 0.0025)}
{'epoch': 41, 'train_loss': 0.0058, 'train_acc': 0.9971, 'task_loss': (0.0028, 0.003)}
{'epoch': 42, 'train_loss': 0.003, 'train_acc': 1.0, 'task_loss': (0.0013, 0.0016)}
{'epoch': 43, 'train_loss': 0.0016, 'train_acc': 1.0, 'task_loss': (0.0009, 0.0008)}
{'epoch': 44, 'train_loss': 0.0019, 'train_acc': 1.0, 'task_loss': (0.0009, 0.001)}
{'epoch': 45, 'train_loss': 0.0013, 'train_acc': 1.0, 'task_loss': (0.0007, 0.0006)}
{'epoch': 46, 'train_loss': 0.0011, 'train_acc': 1.0, 'task_loss': (0.0006, 0.0005)}
{'epoch': 47, 'train_loss': 0.0015, 'train_acc': 1.0, 'task_loss': (0.0007, 0.0008)}
{'epoch': 48, 'train_loss': 0.0019, 'train_acc': 1.0, 'task_loss': (0.0015, 0.0004)}
{'epoch': 49, 'train_loss': 0.0008, 'train_acc': 1.0, 'task_loss': (0.0004, 0.0004)}
{'epoch': 50, 'train_loss': 0.0008, 'train_acc': 1.0, 'task_loss': (0.0004, 0.0004)}
{'epoch': 51, 'train_loss': 0.0009, 'train_acc': 1.0, 'task_loss': (0.0005, 0.0004)}
{'epoch': 52, 'train_loss': 0.0008, 'train_acc': 1.0, 'task_loss': (0.0003, 0.0005)}
{'epoch': 53, 'train_loss': 0.0005, 'train_acc': 1.0, 'task_loss': (0.0002, 0.0003)}
{'epoch': 54, 'train_loss': 0.0007, 'train_acc': 1.0, 'task_loss': (0.0004, 0.0003)}
{'epoch': 55, 'train_loss': 0.0006, 'train_acc': 1.0, 'task_loss': (0.0003, 0.0003)}
{'epoch': 56, 'train_loss': 0.0006, 'train_acc': 1.0, 'task_loss': (0.0003, 0.0002)}
{'epoch': 57, 'train_loss': 0.0004, 'train_acc': 1.0, 'task_loss': (0.0002, 0.0002)}
{'epoch': 58, 'train_loss': 0.0006, 'train_acc': 1.0, 'task_loss': (0.0003, 0.0003)}
{'epoch': 59, 'train_loss': 0.0007, 'train_acc': 1.0, 'task_loss': (0.0003, 0.0004)}
{'epoch': 60, 'train_loss': 0.0006, 'train_acc': 1.0, 'task_loss': (0.0003, 0.0003)}
{'epoch': 61, 'train_loss': 0.0008, 'train_acc': 1.0, 'task_loss': (0.0004, 0.0003)}
{'epoch': 62, 'train_loss': 0.0003, 'train_acc': 1.0, 'task_loss': (1e-04, 0.0002)}
{'epoch': 63, 'train_loss': 0.0005, 'train_acc': 1.0, 'task_loss': (0.0002, 0.0003)}
{'epoch': 64, 'train_loss': 0.0006, 'train_acc': 1.0, 'task_loss': (0.0003, 0.0003)}
{'epoch': 65, 'train_loss': 0.0006, 'train_acc': 1.0, 'task_loss': (0.0003, 0.0003)}
{'epoch': 66, 'train_loss': 0.0004, 'train_acc': 1.0, 'task_loss': (1e-04, 0.0003)}
{'epoch': 67, 'train_loss': 0.0004, 'train_acc': 1.0, 'task_loss': (0.0002, 0.0002)}
{'epoch': 68, 'train_loss': 0.0005, 'train_acc': 1.0, 'task_loss': (0.0002, 0.0003)}
{'epoch': 69, 'train_loss': 0.0003, 'train_acc': 1.0, 'task_loss': (1e-04, 0.0002)}
{'epoch': 70, 'train_loss': 0.0005, 'train_acc': 1.0, 'task_loss': (0.0002, 0.0002)}
{'epoch': 71, 'train_loss': 0.0004, 'train_acc': 1.0, 'task_loss': (0.0003, 0.0002)}
{'epoch': 72, 'train_loss': 0.0004, 'train_acc': 1.0, 'task_loss': (0.0002, 0.0002)}
{'epoch': 73, 'train_loss': 0.0004, 'train_acc': 1.0, 'task_loss': (0.0002, 0.0002)}
{'epoch': 74, 'train_loss': 0.0003, 'train_acc': 1.0, 'task_loss': (0.0002, 0.0002)}
{'epoch': 75, 'train_loss': 0.0003, 'train_acc': 1.0, 'task_loss': (0.0002, 1e-04)}
{'epoch': 76, 'train_loss': 0.0004, 'train_acc': 1.0, 'task_loss': (0.0002, 0.0002)}
{'epoch': 77, 'train_loss': 0.0009, 'train_acc': 1.0, 'task_loss': (0.0005, 0.0005)}
{'epoch': 78, 'train_loss': 0.0003, 'train_acc': 1.0, 'task_loss': (1e-04, 0.0002)}
{'epoch': 79, 'train_loss': 0.0004, 'train_acc': 1.0, 'task_loss': (0.0002, 0.0002)}
{'epoch': 80, 'train_loss': 0.0006, 'train_acc': 1.0, 'task_loss': (0.0004, 0.0002)}
{'epoch': 81, 'train_loss': 0.0005, 'train_acc': 1.0, 'task_loss': (0.0002, 0.0003)}
{'epoch': 82, 'train_loss': 0.0003, 'train_acc': 1.0, 'task_loss': (1e-04, 0.0002)}
{'epoch': 83, 'train_loss': 0.0008, 'train_acc': 1.0, 'task_loss': (0.0006, 0.0002)}
{'epoch': 84, 'train_loss': 0.0004, 'train_acc': 1.0, 'task_loss': (0.0002, 0.0002)}
{'epoch': 85, 'train_loss': 0.0003, 'train_acc': 1.0, 'task_loss': (0.0002, 0.0002)}
{'epoch': 86, 'train_loss': 0.0003, 'train_acc': 1.0, 'task_loss': (0.0002, 1e-04)}
{'epoch': 87, 'train_loss': 0.0003, 'train_acc': 1.0, 'task_loss': (1e-04, 0.0002)}
{'epoch': 88, 'train_loss': 0.0003, 'train_acc': 1.0, 'task_loss': (1e-04, 0.0002)}
{'epoch': 89, 'train_loss': 0.0003, 'train_acc': 1.0, 'task_loss': (1e-04, 0.0002)}
{'epoch': 90, 'train_loss': 0.0005, 'train_acc': 1.0, 'task_loss': (0.0002, 0.0003)}
{'epoch': 91, 'train_loss': 0.0003, 'train_acc': 1.0, 'task_loss': (0.0002, 1e-04)}
{'epoch': 92, 'train_loss': 0.0003, 'train_acc': 1.0, 'task_loss': (0.0002, 1e-04)}
{'epoch': 93, 'train_loss': 0.0002, 'train_acc': 1.0, 'task_loss': (1e-04, 1e-04)}
{'epoch': 94, 'train_loss': 0.0005, 'train_acc': 1.0, 'task_loss': (0.0002, 0.0002)}
{'epoch': 95, 'train_loss': 0.0006, 'train_acc': 1.0, 'task_loss': (0.0003, 0.0003)}
{'epoch': 96, 'train_loss': 0.0006, 'train_acc': 1.0, 'task_loss': (0.0003, 0.0003)}
{'epoch': 97, 'train_loss': 0.0006, 'train_acc': 1.0, 'task_loss': (0.0002, 0.0004)}
{'epoch': 98, 'train_loss': 0.0009, 'train_acc': 1.0, 'task_loss': (0.0005, 0.0004)}
{'epoch': 99, 'train_loss': 0.0003, 'train_acc': 1.0, 'task_loss': (1e-04, 0.0002)}
{'epoch': 100, 'train_loss': 0.0003, 'train_acc': 1.0, 'task_loss': (1e-04, 1e-04)}
{'run_num': 3, 'final_test_err': 0.16938110749185664}
Files already downloaded and verified
Files already downloaded and verified
{'epoch': 1, 'train_loss': 0.6404, 'train_acc': 0.688, 'task_loss': (0.3039, 0.3364)}
{'epoch': 2, 'train_loss': 0.4642, 'train_acc': 0.8047, 'task_loss': (0.1699, 0.2943)}
{'epoch': 3, 'train_loss': 0.3367, 'train_acc': 0.8484, 'task_loss': (0.1265, 0.2102)}
{'epoch': 4, 'train_loss': 0.2458, 'train_acc': 0.8921, 'task_loss': (0.0989, 0.1469)}
{'epoch': 5, 'train_loss': 0.2398, 'train_acc': 0.9155, 'task_loss': (0.0854, 0.1544)}
{'epoch': 6, 'train_loss': 0.1269, 'train_acc': 0.9534, 'task_loss': (0.0515, 0.0753)}
{'epoch': 7, 'train_loss': 0.0999, 'train_acc': 0.9621, 'task_loss': (0.0338, 0.0661)}
{'epoch': 8, 'train_loss': 0.0486, 'train_acc': 0.9854, 'task_loss': (0.0228, 0.0257)}
{'epoch': 9, 'train_loss': 0.0316, 'train_acc': 0.9913, 'task_loss': (0.0128, 0.0188)}
{'epoch': 10, 'train_loss': 0.0197, 'train_acc': 0.9971, 'task_loss': (0.006, 0.0137)}
{'epoch': 11, 'train_loss': 0.0098, 'train_acc': 1.0, 'task_loss': (0.0023, 0.0075)}
{'epoch': 12, 'train_loss': 0.013, 'train_acc': 0.9942, 'task_loss': (0.004, 0.0091)}
{'epoch': 13, 'train_loss': 0.0065, 'train_acc': 1.0, 'task_loss': (0.0028, 0.0037)}
{'epoch': 14, 'train_loss': 0.0058, 'train_acc': 1.0, 'task_loss': (0.0034, 0.0024)}
{'epoch': 15, 'train_loss': 0.0039, 'train_acc': 1.0, 'task_loss': (0.0017, 0.0022)}
{'epoch': 16, 'train_loss': 0.0025, 'train_acc': 1.0, 'task_loss': (0.0008, 0.0017)}
{'epoch': 17, 'train_loss': 0.0022, 'train_acc': 1.0, 'task_loss': (0.0005, 0.0017)}
{'epoch': 18, 'train_loss': 0.0015, 'train_acc': 1.0, 'task_loss': (0.0006, 0.001)}
{'epoch': 19, 'train_loss': 0.0014, 'train_acc': 1.0, 'task_loss': (0.0006, 0.0008)}
{'epoch': 20, 'train_loss': 0.0014, 'train_acc': 1.0, 'task_loss': (0.0006, 0.0008)}
{'epoch': 21, 'train_loss': 0.0014, 'train_acc': 1.0, 'task_loss': (0.0005, 0.0009)}
{'epoch': 22, 'train_loss': 0.0011, 'train_acc': 1.0, 'task_loss': (0.0006, 0.0004)}
{'epoch': 23, 'train_loss': 0.0038, 'train_acc': 0.9971, 'task_loss': (0.0006, 0.0033)}
{'epoch': 24, 'train_loss': 0.0202, 'train_acc': 0.9942, 'task_loss': (0.0088, 0.0114)}
{'epoch': 25, 'train_loss': 0.0146, 'train_acc': 0.9971, 'task_loss': (0.0057, 0.0089)}
{'epoch': 26, 'train_loss': 0.0124, 'train_acc': 1.0, 'task_loss': (0.0034, 0.009)}
{'epoch': 27, 'train_loss': 0.009, 'train_acc': 0.9971, 'task_loss': (0.0025, 0.0065)}
{'epoch': 28, 'train_loss': 0.0037, 'train_acc': 1.0, 'task_loss': (0.0014, 0.0024)}
{'epoch': 29, 'train_loss': 0.003, 'train_acc': 1.0, 'task_loss': (0.0017, 0.0013)}
{'epoch': 30, 'train_loss': 0.0013, 'train_acc': 1.0, 'task_loss': (0.0006, 0.0007)}
{'epoch': 31, 'train_loss': 0.0013, 'train_acc': 1.0, 'task_loss': (0.0005, 0.0008)}
{'epoch': 32, 'train_loss': 0.0012, 'train_acc': 1.0, 'task_loss': (0.0007, 0.0006)}
{'epoch': 33, 'train_loss': 0.0012, 'train_acc': 1.0, 'task_loss': (0.0004, 0.0008)}
{'epoch': 34, 'train_loss': 0.0011, 'train_acc': 1.0, 'task_loss': (0.0004, 0.0007)}
{'epoch': 35, 'train_loss': 0.0017, 'train_acc': 1.0, 'task_loss': (0.0012, 0.0006)}
{'epoch': 36, 'train_loss': 0.001, 'train_acc': 1.0, 'task_loss': (0.0007, 0.0004)}
{'epoch': 37, 'train_loss': 0.0007, 'train_acc': 1.0, 'task_loss': (0.0004, 0.0003)}
{'epoch': 38, 'train_loss': 0.0007, 'train_acc': 1.0, 'task_loss': (0.0003, 0.0004)}
{'epoch': 39, 'train_loss': 0.0008, 'train_acc': 1.0, 'task_loss': (0.0003, 0.0006)}
{'epoch': 40, 'train_loss': 0.0009, 'train_acc': 1.0, 'task_loss': (0.0005, 0.0004)}
{'epoch': 41, 'train_loss': 0.0006, 'train_acc': 1.0, 'task_loss': (0.0003, 0.0003)}
{'epoch': 42, 'train_loss': 0.0004, 'train_acc': 1.0, 'task_loss': (0.0002, 0.0002)}
{'epoch': 43, 'train_loss': 0.0007, 'train_acc': 1.0, 'task_loss': (0.0004, 0.0003)}
{'epoch': 44, 'train_loss': 0.0008, 'train_acc': 1.0, 'task_loss': (0.0004, 0.0003)}
{'epoch': 45, 'train_loss': 0.0005, 'train_acc': 1.0, 'task_loss': (0.0002, 0.0003)}
{'epoch': 46, 'train_loss': 0.0008, 'train_acc': 1.0, 'task_loss': (0.0006, 0.0003)}
{'epoch': 47, 'train_loss': 0.0012, 'train_acc': 1.0, 'task_loss': (0.0009, 0.0003)}
{'epoch': 48, 'train_loss': 0.0004, 'train_acc': 1.0, 'task_loss': (0.0002, 0.0002)}
{'epoch': 49, 'train_loss': 0.0009, 'train_acc': 1.0, 'task_loss': (0.0003, 0.0006)}
{'epoch': 50, 'train_loss': 0.0006, 'train_acc': 1.0, 'task_loss': (1e-04, 0.0004)}
{'epoch': 51, 'train_loss': 0.0005, 'train_acc': 1.0, 'task_loss': (0.0003, 0.0002)}
{'epoch': 52, 'train_loss': 0.0005, 'train_acc': 1.0, 'task_loss': (0.0003, 0.0003)}
{'epoch': 53, 'train_loss': 0.0006, 'train_acc': 1.0, 'task_loss': (1e-04, 0.0004)}
{'epoch': 54, 'train_loss': 0.0003, 'train_acc': 1.0, 'task_loss': (1e-04, 0.0002)}
{'epoch': 55, 'train_loss': 0.0006, 'train_acc': 1.0, 'task_loss': (0.0003, 0.0003)}
{'epoch': 56, 'train_loss': 0.0005, 'train_acc': 1.0, 'task_loss': (0.0002, 0.0003)}
{'epoch': 57, 'train_loss': 0.0004, 'train_acc': 1.0, 'task_loss': (0.0002, 0.0002)}
{'epoch': 58, 'train_loss': 0.0005, 'train_acc': 1.0, 'task_loss': (0.0002, 0.0002)}
{'epoch': 59, 'train_loss': 0.0003, 'train_acc': 1.0, 'task_loss': (1e-04, 0.0002)}
{'epoch': 60, 'train_loss': 0.0005, 'train_acc': 1.0, 'task_loss': (0.0002, 0.0003)}
{'epoch': 61, 'train_loss': 0.0003, 'train_acc': 1.0, 'task_loss': (1e-04, 0.0002)}
{'epoch': 62, 'train_loss': 0.0004, 'train_acc': 1.0, 'task_loss': (0.0002, 0.0002)}
{'epoch': 63, 'train_loss': 0.0013, 'train_acc': 1.0, 'task_loss': (1e-04, 0.0012)}
{'epoch': 64, 'train_loss': 0.0003, 'train_acc': 1.0, 'task_loss': (0.0002, 0.0002)}
{'epoch': 65, 'train_loss': 0.0004, 'train_acc': 1.0, 'task_loss': (0.0002, 0.0002)}
{'epoch': 66, 'train_loss': 0.0006, 'train_acc': 1.0, 'task_loss': (0.0004, 0.0002)}
{'epoch': 67, 'train_loss': 0.0004, 'train_acc': 1.0, 'task_loss': (0.0002, 0.0002)}
{'epoch': 68, 'train_loss': 0.0005, 'train_acc': 1.0, 'task_loss': (1e-04, 0.0004)}
{'epoch': 69, 'train_loss': 0.001, 'train_acc': 1.0, 'task_loss': (0.0002, 0.0008)}
{'epoch': 70, 'train_loss': 0.0003, 'train_acc': 1.0, 'task_loss': (1e-04, 0.0002)}
{'epoch': 71, 'train_loss': 0.0003, 'train_acc': 1.0, 'task_loss': (1e-04, 0.0002)}
{'epoch': 72, 'train_loss': 0.0004, 'train_acc': 1.0, 'task_loss': (1e-04, 0.0003)}
{'epoch': 73, 'train_loss': 0.0004, 'train_acc': 1.0, 'task_loss': (0.0002, 0.0003)}
{'epoch': 74, 'train_loss': 0.0002, 'train_acc': 1.0, 'task_loss': (1e-04, 1e-04)}
{'epoch': 75, 'train_loss': 0.0003, 'train_acc': 1.0, 'task_loss': (1e-04, 0.0002)}
{'epoch': 76, 'train_loss': 0.0004, 'train_acc': 1.0, 'task_loss': (1e-04, 0.0002)}
{'epoch': 77, 'train_loss': 0.0002, 'train_acc': 1.0, 'task_loss': (1e-04, 1e-04)}
{'epoch': 78, 'train_loss': 0.0002, 'train_acc': 1.0, 'task_loss': (1e-04, 0.0002)}
{'epoch': 79, 'train_loss': 0.0003, 'train_acc': 1.0, 'task_loss': (1e-04, 0.0002)}
{'epoch': 80, 'train_loss': 0.0003, 'train_acc': 1.0, 'task_loss': (1e-04, 0.0002)}
{'epoch': 81, 'train_loss': 0.0003, 'train_acc': 1.0, 'task_loss': (1e-04, 0.0002)}
{'epoch': 82, 'train_loss': 0.0005, 'train_acc': 1.0, 'task_loss': (0.0003, 0.0002)}
{'epoch': 83, 'train_loss': 0.0003, 'train_acc': 1.0, 'task_loss': (1e-04, 0.0002)}
{'epoch': 84, 'train_loss': 0.0003, 'train_acc': 1.0, 'task_loss': (1e-04, 0.0002)}
{'epoch': 85, 'train_loss': 0.0003, 'train_acc': 1.0, 'task_loss': (1e-04, 0.0002)}
{'epoch': 86, 'train_loss': 0.0004, 'train_acc': 1.0, 'task_loss': (1e-04, 0.0003)}
{'epoch': 87, 'train_loss': 0.0002, 'train_acc': 1.0, 'task_loss': (1e-04, 1e-04)}
{'epoch': 88, 'train_loss': 0.0005, 'train_acc': 1.0, 'task_loss': (0.0003, 0.0003)}
{'epoch': 89, 'train_loss': 0.0002, 'train_acc': 1.0, 'task_loss': (1e-04, 1e-04)}
{'epoch': 90, 'train_loss': 0.0005, 'train_acc': 1.0, 'task_loss': (0.0002, 0.0003)}
{'epoch': 91, 'train_loss': 0.0003, 'train_acc': 1.0, 'task_loss': (0.0002, 1e-04)}
{'epoch': 92, 'train_loss': 0.0004, 'train_acc': 1.0, 'task_loss': (0.0002, 0.0003)}
{'epoch': 93, 'train_loss': 0.0002, 'train_acc': 1.0, 'task_loss': (1e-04, 1e-04)}
{'epoch': 94, 'train_loss': 0.0002, 'train_acc': 1.0, 'task_loss': (1e-04, 1e-04)}
{'epoch': 95, 'train_loss': 0.0003, 'train_acc': 1.0, 'task_loss': (1e-04, 0.0002)}
{'epoch': 96, 'train_loss': 0.0007, 'train_acc': 1.0, 'task_loss': (0.0002, 0.0005)}
{'epoch': 97, 'train_loss': 0.0002, 'train_acc': 1.0, 'task_loss': (1e-04, 1e-04)}
{'epoch': 98, 'train_loss': 0.0005, 'train_acc': 1.0, 'task_loss': (0.0002, 0.0002)}
{'epoch': 99, 'train_loss': 0.0003, 'train_acc': 1.0, 'task_loss': (0.0002, 1e-04)}
{'epoch': 100, 'train_loss': 0.0003, 'train_acc': 1.0, 'task_loss': (1e-04, 0.0002)}
{'run_num': 4, 'final_test_err': 0.16612377850162863}
Files already downloaded and verified
Files already downloaded and verified
{'epoch': 1, 'train_loss': 0.5567, 'train_acc': 0.7201, 'task_loss': (0.2443, 0.3124)}
{'epoch': 2, 'train_loss': 0.39, 'train_acc': 0.8047, 'task_loss': (0.1601, 0.2299)}
{'epoch': 3, 'train_loss': 0.3638, 'train_acc': 0.863, 'task_loss': (0.1119, 0.2519)}
{'epoch': 4, 'train_loss': 0.3255, 'train_acc': 0.8659, 'task_loss': (0.1331, 0.1924)}
{'epoch': 5, 'train_loss': 0.2475, 'train_acc': 0.9125, 'task_loss': (0.0798, 0.1677)}
{'epoch': 6, 'train_loss': 0.1766, 'train_acc': 0.9242, 'task_loss': (0.0418, 0.1348)}
{'epoch': 7, 'train_loss': 0.1224, 'train_acc': 0.9679, 'task_loss': (0.0265, 0.096)}
{'epoch': 8, 'train_loss': 0.0904, 'train_acc': 0.9738, 'task_loss': (0.028, 0.0623)}
{'epoch': 9, 'train_loss': 0.0703, 'train_acc': 0.9825, 'task_loss': (0.0272, 0.0431)}
{'epoch': 10, 'train_loss': 0.0334, 'train_acc': 1.0, 'task_loss': (0.0091, 0.0243)}
{'epoch': 11, 'train_loss': 0.0252, 'train_acc': 0.9883, 'task_loss': (0.0099, 0.0153)}
{'epoch': 12, 'train_loss': 0.0387, 'train_acc': 0.9883, 'task_loss': (0.0229, 0.0158)}
{'epoch': 13, 'train_loss': 0.0376, 'train_acc': 0.9883, 'task_loss': (0.0236, 0.014)}
{'epoch': 14, 'train_loss': 0.0565, 'train_acc': 0.9854, 'task_loss': (0.0177, 0.0388)}
{'epoch': 15, 'train_loss': 0.0474, 'train_acc': 0.9854, 'task_loss': (0.0141, 0.0333)}
{'epoch': 16, 'train_loss': 0.013, 'train_acc': 0.9971, 'task_loss': (0.0029, 0.0101)}
{'epoch': 17, 'train_loss': 0.009, 'train_acc': 1.0, 'task_loss': (0.0013, 0.0077)}
{'epoch': 18, 'train_loss': 0.0077, 'train_acc': 0.9971, 'task_loss': (0.0044, 0.0033)}
{'epoch': 19, 'train_loss': 0.0038, 'train_acc': 1.0, 'task_loss': (0.0009, 0.003)}
{'epoch': 20, 'train_loss': 0.0025, 'train_acc': 1.0, 'task_loss': (0.0004, 0.0021)}
{'epoch': 21, 'train_loss': 0.0018, 'train_acc': 1.0, 'task_loss': (0.0004, 0.0014)}
{'epoch': 22, 'train_loss': 0.002, 'train_acc': 1.0, 'task_loss': (0.0008, 0.0012)}
{'epoch': 23, 'train_loss': 0.0012, 'train_acc': 1.0, 'task_loss': (0.0004, 0.0008)}
{'epoch': 24, 'train_loss': 0.0022, 'train_acc': 1.0, 'task_loss': (0.0005, 0.0017)}
{'epoch': 25, 'train_loss': 0.0011, 'train_acc': 1.0, 'task_loss': (0.0004, 0.0007)}
{'epoch': 26, 'train_loss': 0.0012, 'train_acc': 1.0, 'task_loss': (0.0004, 0.0008)}
{'epoch': 27, 'train_loss': 0.0014, 'train_acc': 1.0, 'task_loss': (0.0005, 0.0009)}
{'epoch': 28, 'train_loss': 0.0007, 'train_acc': 1.0, 'task_loss': (0.0002, 0.0005)}
{'epoch': 29, 'train_loss': 0.0008, 'train_acc': 1.0, 'task_loss': (0.0002, 0.0006)}
{'epoch': 30, 'train_loss': 0.0008, 'train_acc': 1.0, 'task_loss': (0.0003, 0.0004)}
{'epoch': 31, 'train_loss': 0.0008, 'train_acc': 1.0, 'task_loss': (0.0003, 0.0005)}
{'epoch': 32, 'train_loss': 0.003, 'train_acc': 1.0, 'task_loss': (0.0011, 0.002)}
{'epoch': 33, 'train_loss': 0.0016, 'train_acc': 1.0, 'task_loss': (0.0004, 0.0013)}
{'epoch': 34, 'train_loss': 0.0008, 'train_acc': 1.0, 'task_loss': (0.0002, 0.0005)}
{'epoch': 35, 'train_loss': 0.0009, 'train_acc': 1.0, 'task_loss': (0.0004, 0.0005)}
{'epoch': 36, 'train_loss': 0.0008, 'train_acc': 1.0, 'task_loss': (0.0002, 0.0006)}
{'epoch': 37, 'train_loss': 0.0006, 'train_acc': 1.0, 'task_loss': (0.0003, 0.0004)}
{'epoch': 38, 'train_loss': 0.0005, 'train_acc': 1.0, 'task_loss': (1e-04, 0.0004)}
{'epoch': 39, 'train_loss': 0.0005, 'train_acc': 1.0, 'task_loss': (0.0002, 0.0004)}
{'epoch': 40, 'train_loss': 0.0005, 'train_acc': 1.0, 'task_loss': (0.0002, 0.0003)}
{'epoch': 41, 'train_loss': 0.0005, 'train_acc': 1.0, 'task_loss': (1e-04, 0.0003)}
{'epoch': 42, 'train_loss': 0.0005, 'train_acc': 1.0, 'task_loss': (0.0002, 0.0004)}
{'epoch': 43, 'train_loss': 0.0006, 'train_acc': 1.0, 'task_loss': (0.0002, 0.0004)}
{'epoch': 44, 'train_loss': 0.0004, 'train_acc': 1.0, 'task_loss': (1e-04, 0.0003)}
{'epoch': 45, 'train_loss': 0.0006, 'train_acc': 1.0, 'task_loss': (0.0002, 0.0004)}
{'epoch': 46, 'train_loss': 0.001, 'train_acc': 1.0, 'task_loss': (0.0007, 0.0003)}
{'epoch': 47, 'train_loss': 0.0004, 'train_acc': 1.0, 'task_loss': (1e-04, 0.0003)}
{'epoch': 48, 'train_loss': 0.0005, 'train_acc': 1.0, 'task_loss': (0.0002, 0.0003)}
{'epoch': 49, 'train_loss': 0.0003, 'train_acc': 1.0, 'task_loss': (1e-04, 0.0002)}
{'epoch': 50, 'train_loss': 0.0007, 'train_acc': 1.0, 'task_loss': (1e-04, 0.0006)}
{'epoch': 51, 'train_loss': 0.0005, 'train_acc': 1.0, 'task_loss': (0.0002, 0.0003)}
{'epoch': 52, 'train_loss': 0.0004, 'train_acc': 1.0, 'task_loss': (1e-04, 0.0003)}
{'epoch': 53, 'train_loss': 0.0005, 'train_acc': 1.0, 'task_loss': (1e-04, 0.0003)}
{'epoch': 54, 'train_loss': 0.0006, 'train_acc': 1.0, 'task_loss': (0.0002, 0.0004)}
{'epoch': 55, 'train_loss': 0.0004, 'train_acc': 1.0, 'task_loss': (1e-04, 0.0002)}
{'epoch': 56, 'train_loss': 0.0003, 'train_acc': 1.0, 'task_loss': (1e-04, 0.0002)}
{'epoch': 57, 'train_loss': 0.0003, 'train_acc': 1.0, 'task_loss': (1e-04, 0.0002)}
{'epoch': 58, 'train_loss': 0.0003, 'train_acc': 1.0, 'task_loss': (1e-04, 0.0002)}
{'epoch': 59, 'train_loss': 0.0003, 'train_acc': 1.0, 'task_loss': (1e-04, 0.0002)}
{'epoch': 60, 'train_loss': 0.0003, 'train_acc': 1.0, 'task_loss': (1e-04, 0.0002)}
{'epoch': 61, 'train_loss': 0.0011, 'train_acc': 1.0, 'task_loss': (1e-04, 0.0011)}
{'epoch': 62, 'train_loss': 0.0009, 'train_acc': 1.0, 'task_loss': (0.0003, 0.0006)}
{'epoch': 63, 'train_loss': 0.0011, 'train_acc': 1.0, 'task_loss': (0.0002, 0.0009)}
{'epoch': 64, 'train_loss': 0.0005, 'train_acc': 1.0, 'task_loss': (0.0002, 0.0003)}
{'epoch': 65, 'train_loss': 0.0003, 'train_acc': 1.0, 'task_loss': (1e-04, 0.0002)}
{'epoch': 66, 'train_loss': 0.0005, 'train_acc': 1.0, 'task_loss': (1e-04, 0.0003)}
{'epoch': 67, 'train_loss': 0.0005, 'train_acc': 1.0, 'task_loss': (1e-04, 0.0003)}
{'epoch': 68, 'train_loss': 0.0004, 'train_acc': 1.0, 'task_loss': (0.0002, 0.0002)}
{'epoch': 69, 'train_loss': 0.0015, 'train_acc': 1.0, 'task_loss': (1e-04, 0.0014)}
{'epoch': 70, 'train_loss': 0.0004, 'train_acc': 1.0, 'task_loss': (0.0002, 0.0002)}
{'epoch': 71, 'train_loss': 0.0003, 'train_acc': 1.0, 'task_loss': (1e-04, 0.0002)}
{'epoch': 72, 'train_loss': 0.0003, 'train_acc': 1.0, 'task_loss': (1e-04, 0.0002)}
{'epoch': 73, 'train_loss': 0.0005, 'train_acc': 1.0, 'task_loss': (0.0002, 0.0003)}
{'epoch': 74, 'train_loss': 0.0005, 'train_acc': 1.0, 'task_loss': (0.0002, 0.0003)}
{'epoch': 75, 'train_loss': 0.0003, 'train_acc': 1.0, 'task_loss': (0.0002, 0.0002)}
{'epoch': 76, 'train_loss': 0.0003, 'train_acc': 1.0, 'task_loss': (1e-04, 0.0002)}
{'epoch': 77, 'train_loss': 0.0004, 'train_acc': 1.0, 'task_loss': (0.0002, 0.0002)}
{'epoch': 78, 'train_loss': 0.0004, 'train_acc': 1.0, 'task_loss': (1e-04, 0.0003)}
{'epoch': 79, 'train_loss': 0.0004, 'train_acc': 1.0, 'task_loss': (0.0002, 0.0002)}
{'epoch': 80, 'train_loss': 0.0005, 'train_acc': 1.0, 'task_loss': (0.0002, 0.0003)}
{'epoch': 81, 'train_loss': 0.0011, 'train_acc': 1.0, 'task_loss': (0.0003, 0.0008)}
{'epoch': 82, 'train_loss': 0.0004, 'train_acc': 1.0, 'task_loss': (1e-04, 0.0002)}
{'epoch': 83, 'train_loss': 0.0006, 'train_acc': 1.0, 'task_loss': (1e-04, 0.0005)}
{'epoch': 84, 'train_loss': 0.0004, 'train_acc': 1.0, 'task_loss': (0.0002, 0.0002)}
{'epoch': 85, 'train_loss': 0.0003, 'train_acc': 1.0, 'task_loss': (1e-04, 0.0002)}
{'epoch': 86, 'train_loss': 0.0003, 'train_acc': 1.0, 'task_loss': (0.0002, 0.0002)}
{'epoch': 87, 'train_loss': 0.0003, 'train_acc': 1.0, 'task_loss': (1e-04, 0.0002)}
{'epoch': 88, 'train_loss': 0.0004, 'train_acc': 1.0, 'task_loss': (0.0002, 0.0002)}
{'epoch': 89, 'train_loss': 0.0004, 'train_acc': 1.0, 'task_loss': (0.0003, 0.0002)}
{'epoch': 90, 'train_loss': 0.0003, 'train_acc': 1.0, 'task_loss': (0.0002, 1e-04)}
{'epoch': 91, 'train_loss': 0.0003, 'train_acc': 1.0, 'task_loss': (1e-04, 0.0002)}
{'epoch': 92, 'train_loss': 0.0002, 'train_acc': 1.0, 'task_loss': (1e-04, 1e-04)}
{'epoch': 93, 'train_loss': 0.0004, 'train_acc': 1.0, 'task_loss': (1e-04, 0.0003)}
{'epoch': 94, 'train_loss': 0.0004, 'train_acc': 1.0, 'task_loss': (0.0002, 0.0002)}
{'epoch': 95, 'train_loss': 0.0003, 'train_acc': 1.0, 'task_loss': (1e-04, 0.0002)}
{'epoch': 96, 'train_loss': 0.0005, 'train_acc': 1.0, 'task_loss': (0.0003, 0.0002)}
{'epoch': 97, 'train_loss': 0.0006, 'train_acc': 1.0, 'task_loss': (0.0004, 0.0002)}
{'epoch': 98, 'train_loss': 0.0005, 'train_acc': 1.0, 'task_loss': (0.0003, 0.0002)}
{'epoch': 99, 'train_loss': 0.0004, 'train_acc': 1.0, 'task_loss': (1e-04, 0.0003)}
{'epoch': 100, 'train_loss': 0.0003, 'train_acc': 1.0, 'task_loss': (1e-04, 0.0002)}
{'run_num': 5, 'final_test_err': 0.16612377850162863}
Files already downloaded and verified
Files already downloaded and verified
{'epoch': 1, 'train_loss': 0.6219, 'train_acc': 0.6939, 'task_loss': (0.2515, 0.3704)}
{'epoch': 2, 'train_loss': 0.4188, 'train_acc': 0.8251, 'task_loss': (0.1694, 0.2494)}
{'epoch': 3, 'train_loss': 0.314, 'train_acc': 0.8601, 'task_loss': (0.1046, 0.2094)}
{'epoch': 4, 'train_loss': 0.2243, 'train_acc': 0.9155, 'task_loss': (0.0763, 0.148)}
{'epoch': 5, 'train_loss': 0.2073, 'train_acc': 0.9125, 'task_loss': (0.0634, 0.144)}
{'epoch': 6, 'train_loss': 0.1109, 'train_acc': 0.9621, 'task_loss': (0.0306, 0.0803)}
{'epoch': 7, 'train_loss': 0.0998, 'train_acc': 0.9679, 'task_loss': (0.0325, 0.0673)}
{'epoch': 8, 'train_loss': 0.0453, 'train_acc': 0.9913, 'task_loss': (0.0141, 0.0312)}
{'epoch': 9, 'train_loss': 0.0201, 'train_acc': 1.0, 'task_loss': (0.0054, 0.0146)}
{'epoch': 10, 'train_loss': 0.0117, 'train_acc': 1.0, 'task_loss': (0.004, 0.0077)}
{'epoch': 11, 'train_loss': 0.0178, 'train_acc': 0.9971, 'task_loss': (0.0112, 0.0066)}
{'epoch': 12, 'train_loss': 0.0106, 'train_acc': 1.0, 'task_loss': (0.0053, 0.0053)}
{'epoch': 13, 'train_loss': 0.0112, 'train_acc': 0.9971, 'task_loss': (0.0062, 0.005)}
{'epoch': 14, 'train_loss': 0.005, 'train_acc': 1.0, 'task_loss': (0.001, 0.0039)}
{'epoch': 15, 'train_loss': 0.0031, 'train_acc': 1.0, 'task_loss': (0.0012, 0.0018)}
{'epoch': 16, 'train_loss': 0.0018, 'train_acc': 1.0, 'task_loss': (0.0009, 0.0009)}
{'epoch': 17, 'train_loss': 0.0024, 'train_acc': 1.0, 'task_loss': (0.0008, 0.0016)}
{'epoch': 18, 'train_loss': 0.0028, 'train_acc': 1.0, 'task_loss': (0.0007, 0.002)}
{'epoch': 19, 'train_loss': 0.0018, 'train_acc': 1.0, 'task_loss': (0.0008, 0.001)}
{'epoch': 20, 'train_loss': 0.0017, 'train_acc': 1.0, 'task_loss': (0.0007, 0.001)}
{'epoch': 21, 'train_loss': 0.0013, 'train_acc': 1.0, 'task_loss': (0.0006, 0.0007)}
{'epoch': 22, 'train_loss': 0.0026, 'train_acc': 1.0, 'task_loss': (0.0011, 0.0015)}
{'epoch': 23, 'train_loss': 0.002, 'train_acc': 1.0, 'task_loss': (0.0009, 0.0011)}
{'epoch': 24, 'train_loss': 0.0023, 'train_acc': 1.0, 'task_loss': (0.0013, 0.001)}
{'epoch': 25, 'train_loss': 0.0013, 'train_acc': 1.0, 'task_loss': (0.0006, 0.0006)}
{'epoch': 26, 'train_loss': 0.0008, 'train_acc': 1.0, 'task_loss': (0.0003, 0.0005)}
{'epoch': 27, 'train_loss': 0.0011, 'train_acc': 1.0, 'task_loss': (0.0005, 0.0007)}
{'epoch': 28, 'train_loss': 0.001, 'train_acc': 1.0, 'task_loss': (0.0004, 0.0007)}
{'epoch': 29, 'train_loss': 0.0007, 'train_acc': 1.0, 'task_loss': (0.0003, 0.0003)}
{'epoch': 30, 'train_loss': 0.0007, 'train_acc': 1.0, 'task_loss': (0.0003, 0.0005)}
{'epoch': 31, 'train_loss': 0.0009, 'train_acc': 1.0, 'task_loss': (0.0002, 0.0007)}
{'epoch': 32, 'train_loss': 0.0021, 'train_acc': 1.0, 'task_loss': (0.0006, 0.0015)}
{'epoch': 33, 'train_loss': 0.001, 'train_acc': 1.0, 'task_loss': (0.0004, 0.0006)}
{'epoch': 34, 'train_loss': 0.0005, 'train_acc': 1.0, 'task_loss': (0.0002, 0.0003)}
{'epoch': 35, 'train_loss': 0.0008, 'train_acc': 1.0, 'task_loss': (0.0003, 0.0005)}
{'epoch': 36, 'train_loss': 0.0004, 'train_acc': 1.0, 'task_loss': (1e-04, 0.0003)}
{'epoch': 37, 'train_loss': 0.0005, 'train_acc': 1.0, 'task_loss': (0.0002, 0.0003)}
{'epoch': 38, 'train_loss': 0.0005, 'train_acc': 1.0, 'task_loss': (0.0002, 0.0002)}
{'epoch': 39, 'train_loss': 0.0005, 'train_acc': 1.0, 'task_loss': (0.0002, 0.0003)}
{'epoch': 40, 'train_loss': 0.0005, 'train_acc': 1.0, 'task_loss': (1e-04, 0.0004)}
{'epoch': 41, 'train_loss': 0.0004, 'train_acc': 1.0, 'task_loss': (0.0002, 0.0002)}
{'epoch': 42, 'train_loss': 0.0003, 'train_acc': 1.0, 'task_loss': (1e-04, 0.0002)}
{'epoch': 43, 'train_loss': 0.0008, 'train_acc': 1.0, 'task_loss': (0.0005, 0.0003)}
{'epoch': 44, 'train_loss': 0.0004, 'train_acc': 1.0, 'task_loss': (0.0002, 0.0002)}
{'epoch': 45, 'train_loss': 0.0015, 'train_acc': 1.0, 'task_loss': (0.0008, 0.0007)}
{'epoch': 46, 'train_loss': 0.0005, 'train_acc': 1.0, 'task_loss': (0.0003, 0.0002)}
{'epoch': 47, 'train_loss': 0.0005, 'train_acc': 1.0, 'task_loss': (0.0003, 0.0003)}
{'epoch': 48, 'train_loss': 0.0004, 'train_acc': 1.0, 'task_loss': (1e-04, 0.0002)}
{'epoch': 49, 'train_loss': 0.0005, 'train_acc': 1.0, 'task_loss': (0.0002, 0.0002)}
{'epoch': 50, 'train_loss': 0.0004, 'train_acc': 1.0, 'task_loss': (0.0002, 0.0002)}
{'epoch': 51, 'train_loss': 0.0013, 'train_acc': 1.0, 'task_loss': (0.0009, 0.0004)}
{'epoch': 52, 'train_loss': 0.0007, 'train_acc': 1.0, 'task_loss': (0.0002, 0.0005)}
{'epoch': 53, 'train_loss': 0.001, 'train_acc': 1.0, 'task_loss': (0.0004, 0.0006)}
{'epoch': 54, 'train_loss': 0.001, 'train_acc': 1.0, 'task_loss': (0.0004, 0.0006)}
{'epoch': 55, 'train_loss': 0.0006, 'train_acc': 1.0, 'task_loss': (0.0002, 0.0003)}
{'epoch': 56, 'train_loss': 0.0004, 'train_acc': 1.0, 'task_loss': (1e-04, 0.0002)}
{'epoch': 57, 'train_loss': 0.0004, 'train_acc': 1.0, 'task_loss': (1e-04, 0.0003)}
{'epoch': 58, 'train_loss': 0.0003, 'train_acc': 1.0, 'task_loss': (1e-04, 0.0002)}
{'epoch': 59, 'train_loss': 0.0004, 'train_acc': 1.0, 'task_loss': (0.0002, 0.0002)}
{'epoch': 60, 'train_loss': 0.0011, 'train_acc': 1.0, 'task_loss': (0.0005, 0.0006)}
{'epoch': 61, 'train_loss': 0.0003, 'train_acc': 1.0, 'task_loss': (1e-04, 0.0002)}
{'epoch': 62, 'train_loss': 0.0009, 'train_acc': 1.0, 'task_loss': (0.0002, 0.0007)}
{'epoch': 63, 'train_loss': 0.0003, 'train_acc': 1.0, 'task_loss': (1e-04, 0.0002)}
{'epoch': 64, 'train_loss': 0.0005, 'train_acc': 1.0, 'task_loss': (0.0003, 0.0002)}
{'epoch': 65, 'train_loss': 0.0009, 'train_acc': 1.0, 'task_loss': (0.0006, 0.0004)}
{'epoch': 66, 'train_loss': 0.003, 'train_acc': 1.0, 'task_loss': (0.0009, 0.0021)}
{'epoch': 67, 'train_loss': 0.0037, 'train_acc': 1.0, 'task_loss': (0.0009, 0.0028)}
{'epoch': 68, 'train_loss': 0.0009, 'train_acc': 1.0, 'task_loss': (0.0004, 0.0005)}
{'epoch': 69, 'train_loss': 0.0006, 'train_acc': 1.0, 'task_loss': (0.0002, 0.0004)}
{'epoch': 70, 'train_loss': 0.0006, 'train_acc': 1.0, 'task_loss': (0.0002, 0.0004)}
{'epoch': 71, 'train_loss': 0.0006, 'train_acc': 1.0, 'task_loss': (0.0002, 0.0004)}
{'epoch': 72, 'train_loss': 0.0005, 'train_acc': 1.0, 'task_loss': (0.0003, 0.0002)}
{'epoch': 73, 'train_loss': 0.0003, 'train_acc': 1.0, 'task_loss': (1e-04, 0.0002)}
{'epoch': 74, 'train_loss': 0.0005, 'train_acc': 1.0, 'task_loss': (0.0002, 0.0003)}
{'epoch': 75, 'train_loss': 0.0006, 'train_acc': 1.0, 'task_loss': (0.0004, 0.0002)}
{'epoch': 76, 'train_loss': 0.0005, 'train_acc': 1.0, 'task_loss': (0.0002, 0.0003)}
{'epoch': 77, 'train_loss': 0.0003, 'train_acc': 1.0, 'task_loss': (1e-04, 0.0002)}
{'epoch': 78, 'train_loss': 0.0006, 'train_acc': 1.0, 'task_loss': (0.0002, 0.0004)}
{'epoch': 79, 'train_loss': 0.0005, 'train_acc': 1.0, 'task_loss': (0.0002, 0.0003)}
{'epoch': 80, 'train_loss': 0.0004, 'train_acc': 1.0, 'task_loss': (1e-04, 0.0002)}
{'epoch': 81, 'train_loss': 0.0004, 'train_acc': 1.0, 'task_loss': (0.0002, 0.0002)}
{'epoch': 82, 'train_loss': 0.0003, 'train_acc': 1.0, 'task_loss': (1e-04, 0.0002)}
{'epoch': 83, 'train_loss': 0.0004, 'train_acc': 1.0, 'task_loss': (1e-04, 0.0003)}
{'epoch': 84, 'train_loss': 0.0004, 'train_acc': 1.0, 'task_loss': (0.0002, 0.0003)}
{'epoch': 85, 'train_loss': 0.0004, 'train_acc': 1.0, 'task_loss': (0.0002, 0.0003)}
{'epoch': 86, 'train_loss': 0.0004, 'train_acc': 1.0, 'task_loss': (0.0002, 0.0002)}
{'epoch': 87, 'train_loss': 0.0004, 'train_acc': 1.0, 'task_loss': (0.0002, 0.0002)}
{'epoch': 88, 'train_loss': 0.0003, 'train_acc': 1.0, 'task_loss': (1e-04, 0.0002)}
{'epoch': 89, 'train_loss': 0.0004, 'train_acc': 1.0, 'task_loss': (0.0002, 0.0002)}
{'epoch': 90, 'train_loss': 0.0005, 'train_acc': 1.0, 'task_loss': (0.0004, 0.0002)}
{'epoch': 91, 'train_loss': 0.0008, 'train_acc': 1.0, 'task_loss': (0.0005, 0.0003)}
{'epoch': 92, 'train_loss': 0.0004, 'train_acc': 1.0, 'task_loss': (0.0002, 0.0002)}
{'epoch': 93, 'train_loss': 0.0004, 'train_acc': 1.0, 'task_loss': (0.0002, 0.0002)}
{'epoch': 94, 'train_loss': 0.0004, 'train_acc': 1.0, 'task_loss': (0.0002, 0.0002)}
{'epoch': 95, 'train_loss': 0.0003, 'train_acc': 1.0, 'task_loss': (0.0002, 1e-04)}
{'epoch': 96, 'train_loss': 0.0004, 'train_acc': 1.0, 'task_loss': (1e-04, 0.0002)}
{'epoch': 97, 'train_loss': 0.0003, 'train_acc': 1.0, 'task_loss': (1e-04, 0.0002)}
{'epoch': 98, 'train_loss': 0.0005, 'train_acc': 1.0, 'task_loss': (0.0002, 0.0003)}
{'epoch': 99, 'train_loss': 0.0004, 'train_acc': 1.0, 'task_loss': (0.0002, 0.0002)}
{'epoch': 100, 'train_loss': 0.0003, 'train_acc': 1.0, 'task_loss': (1e-04, 0.0002)}
{'run_num': 6, 'final_test_err': 0.17263843648208466}
Files already downloaded and verified
Files already downloaded and verified
{'epoch': 1, 'train_loss': 0.6136, 'train_acc': 0.6997, 'task_loss': (0.2897, 0.3238)}
{'epoch': 2, 'train_loss': 0.4102, 'train_acc': 0.8134, 'task_loss': (0.1812, 0.2291)}
{'epoch': 3, 'train_loss': 0.3791, 'train_acc': 0.8397, 'task_loss': (0.1756, 0.2035)}
{'epoch': 4, 'train_loss': 0.3493, 'train_acc': 0.8601, 'task_loss': (0.1407, 0.2085)}
{'epoch': 5, 'train_loss': 0.2504, 'train_acc': 0.895, 'task_loss': (0.0879, 0.1625)}
{'epoch': 6, 'train_loss': 0.1507, 'train_acc': 0.9388, 'task_loss': (0.0513, 0.0994)}
{'epoch': 7, 'train_loss': 0.1012, 'train_acc': 0.965, 'task_loss': (0.055, 0.0461)}
{'epoch': 8, 'train_loss': 0.0774, 'train_acc': 0.9708, 'task_loss': (0.0244, 0.053)}
{'epoch': 9, 'train_loss': 0.0358, 'train_acc': 0.9883, 'task_loss': (0.0191, 0.0167)}
{'epoch': 10, 'train_loss': 0.0178, 'train_acc': 0.9971, 'task_loss': (0.0051, 0.0127)}
{'epoch': 11, 'train_loss': 0.0219, 'train_acc': 0.9942, 'task_loss': (0.0057, 0.0162)}
{'epoch': 12, 'train_loss': 0.0244, 'train_acc': 0.9971, 'task_loss': (0.0098, 0.0145)}
{'epoch': 13, 'train_loss': 0.0094, 'train_acc': 1.0, 'task_loss': (0.0046, 0.0048)}
{'epoch': 14, 'train_loss': 0.0034, 'train_acc': 1.0, 'task_loss': (0.0015, 0.0019)}
{'epoch': 15, 'train_loss': 0.0053, 'train_acc': 1.0, 'task_loss': (0.0029, 0.0024)}
{'epoch': 16, 'train_loss': 0.0073, 'train_acc': 1.0, 'task_loss': (0.0042, 0.0031)}
{'epoch': 17, 'train_loss': 0.0025, 'train_acc': 1.0, 'task_loss': (0.0008, 0.0017)}
{'epoch': 18, 'train_loss': 0.002, 'train_acc': 1.0, 'task_loss': (0.0009, 0.0011)}
{'epoch': 19, 'train_loss': 0.0012, 'train_acc': 1.0, 'task_loss': (0.0005, 0.0008)}
{'epoch': 20, 'train_loss': 0.0014, 'train_acc': 1.0, 'task_loss': (0.0007, 0.0007)}
{'epoch': 21, 'train_loss': 0.0018, 'train_acc': 1.0, 'task_loss': (0.0005, 0.0013)}
{'epoch': 22, 'train_loss': 0.0013, 'train_acc': 1.0, 'task_loss': (0.0007, 0.0006)}
{'epoch': 23, 'train_loss': 0.0019, 'train_acc': 1.0, 'task_loss': (0.0008, 0.0011)}
{'epoch': 24, 'train_loss': 0.001, 'train_acc': 1.0, 'task_loss': (0.0004, 0.0006)}
{'epoch': 25, 'train_loss': 0.0009, 'train_acc': 1.0, 'task_loss': (0.0003, 0.0006)}
{'epoch': 26, 'train_loss': 0.0011, 'train_acc': 1.0, 'task_loss': (0.0004, 0.0007)}
{'epoch': 27, 'train_loss': 0.0011, 'train_acc': 1.0, 'task_loss': (0.0005, 0.0006)}
{'epoch': 28, 'train_loss': 0.0009, 'train_acc': 1.0, 'task_loss': (0.0003, 0.0006)}
{'epoch': 29, 'train_loss': 0.001, 'train_acc': 1.0, 'task_loss': (0.0003, 0.0008)}
{'epoch': 30, 'train_loss': 0.0013, 'train_acc': 1.0, 'task_loss': (0.0002, 0.001)}
{'epoch': 31, 'train_loss': 0.0008, 'train_acc': 1.0, 'task_loss': (0.0004, 0.0004)}
{'epoch': 32, 'train_loss': 0.0014, 'train_acc': 1.0, 'task_loss': (0.0007, 0.0007)}
{'epoch': 33, 'train_loss': 0.0012, 'train_acc': 1.0, 'task_loss': (0.0006, 0.0006)}
{'epoch': 34, 'train_loss': 0.0006, 'train_acc': 1.0, 'task_loss': (0.0002, 0.0004)}
{'epoch': 35, 'train_loss': 0.0009, 'train_acc': 1.0, 'task_loss': (0.0005, 0.0003)}
{'epoch': 36, 'train_loss': 0.0007, 'train_acc': 1.0, 'task_loss': (0.0003, 0.0004)}
{'epoch': 37, 'train_loss': 0.0009, 'train_acc': 1.0, 'task_loss': (0.0006, 0.0003)}
{'epoch': 38, 'train_loss': 0.0015, 'train_acc': 1.0, 'task_loss': (0.0011, 0.0004)}
{'epoch': 39, 'train_loss': 0.0006, 'train_acc': 1.0, 'task_loss': (0.0002, 0.0003)}
{'epoch': 40, 'train_loss': 0.0005, 'train_acc': 1.0, 'task_loss': (0.0002, 0.0003)}
{'epoch': 41, 'train_loss': 0.0005, 'train_acc': 1.0, 'task_loss': (0.0002, 0.0003)}
{'epoch': 42, 'train_loss': 0.0009, 'train_acc': 1.0, 'task_loss': (0.0003, 0.0006)}
{'epoch': 43, 'train_loss': 0.0014, 'train_acc': 1.0, 'task_loss': (0.0002, 0.0012)}
{'epoch': 44, 'train_loss': 0.0008, 'train_acc': 1.0, 'task_loss': (0.0004, 0.0003)}
{'epoch': 45, 'train_loss': 0.0009, 'train_acc': 1.0, 'task_loss': (0.0005, 0.0004)}
{'epoch': 46, 'train_loss': 0.0006, 'train_acc': 1.0, 'task_loss': (0.0002, 0.0004)}
{'epoch': 47, 'train_loss': 0.0004, 'train_acc': 1.0, 'task_loss': (0.0002, 0.0002)}
{'epoch': 48, 'train_loss': 0.0006, 'train_acc': 1.0, 'task_loss': (0.0002, 0.0004)}
{'epoch': 49, 'train_loss': 0.0005, 'train_acc': 1.0, 'task_loss': (0.0002, 0.0003)}
{'epoch': 50, 'train_loss': 0.0003, 'train_acc': 1.0, 'task_loss': (1e-04, 0.0002)}
{'epoch': 51, 'train_loss': 0.0005, 'train_acc': 1.0, 'task_loss': (0.0003, 0.0002)}
{'epoch': 52, 'train_loss': 0.0003, 'train_acc': 1.0, 'task_loss': (1e-04, 0.0002)}
{'epoch': 53, 'train_loss': 0.0006, 'train_acc': 1.0, 'task_loss': (0.0002, 0.0004)}
{'epoch': 54, 'train_loss': 0.0004, 'train_acc': 1.0, 'task_loss': (0.0002, 0.0002)}
{'epoch': 55, 'train_loss': 0.0004, 'train_acc': 1.0, 'task_loss': (0.0002, 0.0003)}
{'epoch': 56, 'train_loss': 0.0012, 'train_acc': 1.0, 'task_loss': (0.0008, 0.0004)}
{'epoch': 57, 'train_loss': 0.0008, 'train_acc': 1.0, 'task_loss': (0.0005, 0.0003)}
{'epoch': 58, 'train_loss': 0.0004, 'train_acc': 1.0, 'task_loss': (0.0002, 0.0002)}
{'epoch': 59, 'train_loss': 0.001, 'train_acc': 1.0, 'task_loss': (0.0004, 0.0006)}
{'epoch': 60, 'train_loss': 0.0003, 'train_acc': 1.0, 'task_loss': (0.0002, 1e-04)}
{'epoch': 61, 'train_loss': 0.0003, 'train_acc': 1.0, 'task_loss': (0.0002, 0.0002)}
{'epoch': 62, 'train_loss': 0.0009, 'train_acc': 1.0, 'task_loss': (0.0005, 0.0003)}
{'epoch': 63, 'train_loss': 0.0004, 'train_acc': 1.0, 'task_loss': (0.0002, 0.0002)}
{'epoch': 64, 'train_loss': 0.0005, 'train_acc': 1.0, 'task_loss': (0.0002, 0.0003)}
{'epoch': 65, 'train_loss': 0.0003, 'train_acc': 1.0, 'task_loss': (1e-04, 0.0002)}
{'epoch': 66, 'train_loss': 0.0009, 'train_acc': 1.0, 'task_loss': (0.0006, 0.0003)}
{'epoch': 67, 'train_loss': 0.0003, 'train_acc': 1.0, 'task_loss': (1e-04, 0.0002)}
{'epoch': 68, 'train_loss': 0.0003, 'train_acc': 1.0, 'task_loss': (1e-04, 0.0002)}
{'epoch': 69, 'train_loss': 0.0005, 'train_acc': 1.0, 'task_loss': (0.0002, 0.0002)}
{'epoch': 70, 'train_loss': 0.0003, 'train_acc': 1.0, 'task_loss': (1e-04, 0.0002)}
{'epoch': 71, 'train_loss': 0.0003, 'train_acc': 1.0, 'task_loss': (1e-04, 0.0003)}
{'epoch': 72, 'train_loss': 0.0003, 'train_acc': 1.0, 'task_loss': (1e-04, 0.0002)}
{'epoch': 73, 'train_loss': 0.0003, 'train_acc': 1.0, 'task_loss': (1e-04, 0.0002)}
{'epoch': 74, 'train_loss': 0.0003, 'train_acc': 1.0, 'task_loss': (1e-04, 0.0002)}
{'epoch': 75, 'train_loss': 0.0002, 'train_acc': 1.0, 'task_loss': (1e-04, 1e-04)}
{'epoch': 76, 'train_loss': 0.0003, 'train_acc': 1.0, 'task_loss': (1e-04, 0.0002)}
{'epoch': 77, 'train_loss': 0.0003, 'train_acc': 1.0, 'task_loss': (1e-04, 0.0002)}
{'epoch': 78, 'train_loss': 0.0003, 'train_acc': 1.0, 'task_loss': (1e-04, 0.0002)}
{'epoch': 79, 'train_loss': 0.0004, 'train_acc': 1.0, 'task_loss': (0.0002, 0.0002)}
{'epoch': 80, 'train_loss': 0.0002, 'train_acc': 1.0, 'task_loss': (1e-04, 0.0002)}
{'epoch': 81, 'train_loss': 0.0003, 'train_acc': 1.0, 'task_loss': (1e-04, 1e-04)}
{'epoch': 82, 'train_loss': 0.0003, 'train_acc': 1.0, 'task_loss': (1e-04, 0.0002)}
{'epoch': 83, 'train_loss': 0.0003, 'train_acc': 1.0, 'task_loss': (1e-04, 0.0002)}
{'epoch': 84, 'train_loss': 0.0002, 'train_acc': 1.0, 'task_loss': (1e-04, 1e-04)}
{'epoch': 85, 'train_loss': 0.0004, 'train_acc': 1.0, 'task_loss': (0.0002, 0.0002)}
{'epoch': 86, 'train_loss': 0.0003, 'train_acc': 1.0, 'task_loss': (1e-04, 0.0002)}
{'epoch': 87, 'train_loss': 0.0003, 'train_acc': 1.0, 'task_loss': (0.0002, 0.0002)}
{'epoch': 88, 'train_loss': 0.0002, 'train_acc': 1.0, 'task_loss': (1e-04, 0.0002)}
{'epoch': 89, 'train_loss': 0.0004, 'train_acc': 1.0, 'task_loss': (1e-04, 0.0003)}
{'epoch': 90, 'train_loss': 0.0004, 'train_acc': 1.0, 'task_loss': (0.0002, 0.0002)}
{'epoch': 91, 'train_loss': 0.0003, 'train_acc': 1.0, 'task_loss': (0.0002, 0.0002)}
{'epoch': 92, 'train_loss': 0.0003, 'train_acc': 1.0, 'task_loss': (0.0002, 0.0002)}
{'epoch': 93, 'train_loss': 0.0002, 'train_acc': 1.0, 'task_loss': (1e-04, 1e-04)}
{'epoch': 94, 'train_loss': 0.0002, 'train_acc': 1.0, 'task_loss': (1e-04, 1e-04)}
{'epoch': 95, 'train_loss': 0.0004, 'train_acc': 1.0, 'task_loss': (1e-04, 0.0002)}
{'epoch': 96, 'train_loss': 0.0002, 'train_acc': 1.0, 'task_loss': (1e-04, 1e-04)}
{'epoch': 97, 'train_loss': 0.0004, 'train_acc': 1.0, 'task_loss': (0.0002, 0.0003)}
{'epoch': 98, 'train_loss': 0.0003, 'train_acc': 1.0, 'task_loss': (1e-04, 0.0002)}
{'epoch': 99, 'train_loss': 0.0003, 'train_acc': 1.0, 'task_loss': (1e-04, 0.0002)}
{'epoch': 100, 'train_loss': 0.0003, 'train_acc': 1.0, 'task_loss': (1e-04, 0.0002)}
{'run_num': 7, 'final_test_err': 0.16938110749185664}
Files already downloaded and verified
Files already downloaded and verified
{'epoch': 1, 'train_loss': 0.6261, 'train_acc': 0.7085, 'task_loss': (0.2716, 0.3545)}
{'epoch': 2, 'train_loss': 0.5087, 'train_acc': 0.7522, 'task_loss': (0.1843, 0.3244)}
{'epoch': 3, 'train_loss': 0.364, 'train_acc': 0.8484, 'task_loss': (0.1497, 0.2143)}
{'epoch': 4, 'train_loss': 0.3181, 'train_acc': 0.8397, 'task_loss': (0.1125, 0.2056)}
{'epoch': 5, 'train_loss': 0.2539, 'train_acc': 0.895, 'task_loss': (0.0852, 0.1687)}
{'epoch': 6, 'train_loss': 0.1884, 'train_acc': 0.9213, 'task_loss': (0.0589, 0.1295)}
{'epoch': 7, 'train_loss': 0.1373, 'train_acc': 0.9359, 'task_loss': (0.0541, 0.0833)}
{'epoch': 8, 'train_loss': 0.1055, 'train_acc': 0.9563, 'task_loss': (0.038, 0.0674)}
{'epoch': 9, 'train_loss': 0.0652, 'train_acc': 0.9738, 'task_loss': (0.0219, 0.0433)}
{'epoch': 10, 'train_loss': 0.0309, 'train_acc': 0.9971, 'task_loss': (0.0145, 0.0164)}
{'epoch': 11, 'train_loss': 0.0455, 'train_acc': 0.9854, 'task_loss': (0.0209, 0.0245)}
{'epoch': 12, 'train_loss': 0.0348, 'train_acc': 0.9942, 'task_loss': (0.0161, 0.0186)}
{'epoch': 13, 'train_loss': 0.031, 'train_acc': 0.9942, 'task_loss': (0.0089, 0.0221)}
{'epoch': 14, 'train_loss': 0.0196, 'train_acc': 0.9971, 'task_loss': (0.0071, 0.0125)}
{'epoch': 15, 'train_loss': 0.0103, 'train_acc': 0.9971, 'task_loss': (0.0047, 0.0055)}
{'epoch': 16, 'train_loss': 0.0073, 'train_acc': 1.0, 'task_loss': (0.0035, 0.0039)}
{'epoch': 17, 'train_loss': 0.0056, 'train_acc': 1.0, 'task_loss': (0.0024, 0.0032)}
{'epoch': 18, 'train_loss': 0.0068, 'train_acc': 1.0, 'task_loss': (0.003, 0.0038)}
{'epoch': 19, 'train_loss': 0.003, 'train_acc': 1.0, 'task_loss': (0.0016, 0.0014)}
{'epoch': 20, 'train_loss': 0.0022, 'train_acc': 1.0, 'task_loss': (0.0008, 0.0013)}
{'epoch': 21, 'train_loss': 0.0019, 'train_acc': 1.0, 'task_loss': (0.001, 0.0009)}
{'epoch': 22, 'train_loss': 0.0022, 'train_acc': 1.0, 'task_loss': (0.0007, 0.0015)}
{'epoch': 23, 'train_loss': 0.0016, 'train_acc': 1.0, 'task_loss': (0.0008, 0.0007)}
{'epoch': 24, 'train_loss': 0.0012, 'train_acc': 1.0, 'task_loss': (0.0006, 0.0006)}
{'epoch': 25, 'train_loss': 0.0016, 'train_acc': 1.0, 'task_loss': (0.0009, 0.0007)}
{'epoch': 26, 'train_loss': 0.001, 'train_acc': 1.0, 'task_loss': (0.0005, 0.0004)}
{'epoch': 27, 'train_loss': 0.0009, 'train_acc': 1.0, 'task_loss': (0.0004, 0.0004)}
{'epoch': 28, 'train_loss': 0.0008, 'train_acc': 1.0, 'task_loss': (0.0004, 0.0004)}
{'epoch': 29, 'train_loss': 0.0018, 'train_acc': 1.0, 'task_loss': (0.0011, 0.0008)}
{'epoch': 30, 'train_loss': 0.0017, 'train_acc': 1.0, 'task_loss': (0.0012, 0.0005)}
{'epoch': 31, 'train_loss': 0.0012, 'train_acc': 1.0, 'task_loss': (0.0005, 0.0006)}
{'epoch': 32, 'train_loss': 0.0009, 'train_acc': 1.0, 'task_loss': (0.0004, 0.0006)}
{'epoch': 33, 'train_loss': 0.0008, 'train_acc': 1.0, 'task_loss': (0.0004, 0.0004)}
{'epoch': 34, 'train_loss': 0.0006, 'train_acc': 1.0, 'task_loss': (0.0002, 0.0003)}
{'epoch': 35, 'train_loss': 0.0008, 'train_acc': 1.0, 'task_loss': (0.0004, 0.0004)}
{'epoch': 36, 'train_loss': 0.0007, 'train_acc': 1.0, 'task_loss': (0.0003, 0.0004)}
{'epoch': 37, 'train_loss': 0.0004, 'train_acc': 1.0, 'task_loss': (0.0002, 0.0002)}
{'epoch': 38, 'train_loss': 0.0013, 'train_acc': 1.0, 'task_loss': (0.001, 0.0003)}
{'epoch': 39, 'train_loss': 0.0009, 'train_acc': 1.0, 'task_loss': (0.0004, 0.0005)}
{'epoch': 40, 'train_loss': 0.0006, 'train_acc': 1.0, 'task_loss': (0.0002, 0.0004)}
{'epoch': 41, 'train_loss': 0.0006, 'train_acc': 1.0, 'task_loss': (0.0003, 0.0003)}
{'epoch': 42, 'train_loss': 0.0009, 'train_acc': 1.0, 'task_loss': (0.0006, 0.0004)}
{'epoch': 43, 'train_loss': 0.0006, 'train_acc': 1.0, 'task_loss': (0.0002, 0.0004)}
{'epoch': 44, 'train_loss': 0.0008, 'train_acc': 1.0, 'task_loss': (0.0003, 0.0005)}
{'epoch': 45, 'train_loss': 0.0007, 'train_acc': 1.0, 'task_loss': (0.0003, 0.0004)}
{'epoch': 46, 'train_loss': 0.0006, 'train_acc': 1.0, 'task_loss': (0.0003, 0.0003)}
{'epoch': 47, 'train_loss': 0.0008, 'train_acc': 1.0, 'task_loss': (0.0004, 0.0004)}
{'epoch': 48, 'train_loss': 0.0004, 'train_acc': 1.0, 'task_loss': (1e-04, 0.0002)}
{'epoch': 49, 'train_loss': 0.0004, 'train_acc': 1.0, 'task_loss': (1e-04, 0.0002)}
{'epoch': 50, 'train_loss': 0.0004, 'train_acc': 1.0, 'task_loss': (0.0002, 0.0003)}
{'epoch': 51, 'train_loss': 0.0004, 'train_acc': 1.0, 'task_loss': (0.0002, 0.0002)}
{'epoch': 52, 'train_loss': 0.0006, 'train_acc': 1.0, 'task_loss': (0.0002, 0.0004)}
{'epoch': 53, 'train_loss': 0.0004, 'train_acc': 1.0, 'task_loss': (0.0002, 0.0002)}
{'epoch': 54, 'train_loss': 0.0004, 'train_acc': 1.0, 'task_loss': (0.0002, 0.0002)}
{'epoch': 55, 'train_loss': 0.0003, 'train_acc': 1.0, 'task_loss': (1e-04, 0.0002)}
{'epoch': 56, 'train_loss': 0.0003, 'train_acc': 1.0, 'task_loss': (0.0002, 0.0002)}
{'epoch': 57, 'train_loss': 0.0003, 'train_acc': 1.0, 'task_loss': (1e-04, 0.0002)}
{'epoch': 58, 'train_loss': 0.0005, 'train_acc': 1.0, 'task_loss': (0.0002, 0.0003)}
{'epoch': 59, 'train_loss': 0.0004, 'train_acc': 1.0, 'task_loss': (0.0002, 0.0002)}
{'epoch': 60, 'train_loss': 0.0004, 'train_acc': 1.0, 'task_loss': (0.0002, 0.0003)}
{'epoch': 61, 'train_loss': 0.0004, 'train_acc': 1.0, 'task_loss': (0.0002, 0.0002)}
{'epoch': 62, 'train_loss': 0.0007, 'train_acc': 1.0, 'task_loss': (0.0005, 0.0002)}
{'epoch': 63, 'train_loss': 0.0004, 'train_acc': 1.0, 'task_loss': (1e-04, 0.0002)}
{'epoch': 64, 'train_loss': 0.0003, 'train_acc': 1.0, 'task_loss': (1e-04, 0.0002)}
{'epoch': 65, 'train_loss': 0.0006, 'train_acc': 1.0, 'task_loss': (1e-04, 0.0005)}
{'epoch': 66, 'train_loss': 0.0011, 'train_acc': 1.0, 'task_loss': (0.0002, 0.0008)}
{'epoch': 67, 'train_loss': 0.0004, 'train_acc': 1.0, 'task_loss': (0.0002, 0.0002)}
{'epoch': 68, 'train_loss': 0.0003, 'train_acc': 1.0, 'task_loss': (1e-04, 0.0002)}
{'epoch': 69, 'train_loss': 0.0004, 'train_acc': 1.0, 'task_loss': (0.0002, 0.0002)}
{'epoch': 70, 'train_loss': 0.0005, 'train_acc': 1.0, 'task_loss': (0.0003, 0.0003)}
{'epoch': 71, 'train_loss': 0.0005, 'train_acc': 1.0, 'task_loss': (0.0003, 1e-04)}
{'epoch': 72, 'train_loss': 0.0003, 'train_acc': 1.0, 'task_loss': (1e-04, 0.0002)}
{'epoch': 73, 'train_loss': 0.0003, 'train_acc': 1.0, 'task_loss': (1e-04, 0.0002)}
{'epoch': 74, 'train_loss': 0.0003, 'train_acc': 1.0, 'task_loss': (1e-04, 1e-04)}
{'epoch': 75, 'train_loss': 0.0005, 'train_acc': 1.0, 'task_loss': (0.0003, 0.0002)}
{'epoch': 76, 'train_loss': 0.0004, 'train_acc': 1.0, 'task_loss': (0.0003, 1e-04)}
{'epoch': 77, 'train_loss': 0.0004, 'train_acc': 1.0, 'task_loss': (0.0002, 0.0002)}
{'epoch': 78, 'train_loss': 0.0005, 'train_acc': 1.0, 'task_loss': (0.0003, 0.0002)}
{'epoch': 79, 'train_loss': 0.0004, 'train_acc': 1.0, 'task_loss': (1e-04, 0.0003)}
{'epoch': 80, 'train_loss': 0.0003, 'train_acc': 1.0, 'task_loss': (1e-04, 1e-04)}
{'epoch': 81, 'train_loss': 0.0002, 'train_acc': 1.0, 'task_loss': (1e-04, 1e-04)}
{'epoch': 82, 'train_loss': 0.0003, 'train_acc': 1.0, 'task_loss': (0.0002, 0.0002)}
{'epoch': 83, 'train_loss': 0.0003, 'train_acc': 1.0, 'task_loss': (1e-04, 1e-04)}
{'epoch': 84, 'train_loss': 0.0002, 'train_acc': 1.0, 'task_loss': (1e-04, 1e-04)}
{'epoch': 85, 'train_loss': 0.0006, 'train_acc': 1.0, 'task_loss': (0.0004, 1e-04)}
{'epoch': 86, 'train_loss': 0.0003, 'train_acc': 1.0, 'task_loss': (1e-04, 0.0002)}
{'epoch': 87, 'train_loss': 0.0002, 'train_acc': 1.0, 'task_loss': (1e-04, 1e-04)}
{'epoch': 88, 'train_loss': 0.0006, 'train_acc': 1.0, 'task_loss': (0.0004, 0.0002)}
{'epoch': 89, 'train_loss': 0.0003, 'train_acc': 1.0, 'task_loss': (1e-04, 0.0002)}
{'epoch': 90, 'train_loss': 0.0003, 'train_acc': 1.0, 'task_loss': (1e-04, 1e-04)}
{'epoch': 91, 'train_loss': 0.0003, 'train_acc': 1.0, 'task_loss': (0.0002, 1e-04)}
{'epoch': 92, 'train_loss': 0.0003, 'train_acc': 1.0, 'task_loss': (0.0002, 1e-04)}
{'epoch': 93, 'train_loss': 0.0004, 'train_acc': 1.0, 'task_loss': (0.0002, 0.0002)}
{'epoch': 94, 'train_loss': 0.0003, 'train_acc': 1.0, 'task_loss': (1e-04, 0.0002)}
{'epoch': 95, 'train_loss': 0.0005, 'train_acc': 1.0, 'task_loss': (0.0003, 0.0002)}
{'epoch': 96, 'train_loss': 0.0003, 'train_acc': 1.0, 'task_loss': (1e-04, 1e-04)}
{'epoch': 97, 'train_loss': 0.0003, 'train_acc': 1.0, 'task_loss': (1e-04, 0.0002)}
{'epoch': 98, 'train_loss': 0.0002, 'train_acc': 1.0, 'task_loss': (1e-04, 1e-04)}
{'epoch': 99, 'train_loss': 0.0003, 'train_acc': 1.0, 'task_loss': (1e-04, 0.0002)}
{'epoch': 100, 'train_loss': 0.0014, 'train_acc': 1.0, 'task_loss': (0.0003, 0.0011)}
{'run_num': 8, 'final_test_err': 0.15309446254071657}
Files already downloaded and verified
Files already downloaded and verified
{'epoch': 1, 'train_loss': 0.5916, 'train_acc': 0.6851, 'task_loss': (0.3072, 0.2844)}
{'epoch': 2, 'train_loss': 0.4886, 'train_acc': 0.7843, 'task_loss': (0.2211, 0.2675)}
{'epoch': 3, 'train_loss': 0.3446, 'train_acc': 0.8513, 'task_loss': (0.1428, 0.2018)}
{'epoch': 4, 'train_loss': 0.276, 'train_acc': 0.8776, 'task_loss': (0.1089, 0.1671)}
{'epoch': 5, 'train_loss': 0.2618, 'train_acc': 0.9009, 'task_loss': (0.1029, 0.159)}
{'epoch': 6, 'train_loss': 0.2417, 'train_acc': 0.9067, 'task_loss': (0.0667, 0.175)}
{'epoch': 7, 'train_loss': 0.0916, 'train_acc': 0.9621, 'task_loss': (0.0308, 0.0608)}
{'epoch': 8, 'train_loss': 0.0545, 'train_acc': 0.9825, 'task_loss': (0.0251, 0.0295)}
{'epoch': 9, 'train_loss': 0.0324, 'train_acc': 1.0, 'task_loss': (0.0089, 0.0235)}
{'epoch': 10, 'train_loss': 0.0346, 'train_acc': 0.9883, 'task_loss': (0.0154, 0.0193)}
{'epoch': 11, 'train_loss': 0.1888, 'train_acc': 0.9359, 'task_loss': (0.0666, 0.1222)}
{'epoch': 12, 'train_loss': 0.1492, 'train_acc': 0.9388, 'task_loss': (0.0662, 0.083)}
{'epoch': 13, 'train_loss': 0.0919, 'train_acc': 0.9679, 'task_loss': (0.0369, 0.055)}
{'epoch': 14, 'train_loss': 0.0292, 'train_acc': 0.9971, 'task_loss': (0.0123, 0.0169)}
{'epoch': 15, 'train_loss': 0.03, 'train_acc': 0.9883, 'task_loss': (0.0135, 0.0165)}
{'epoch': 16, 'train_loss': 0.0106, 'train_acc': 0.9971, 'task_loss': (0.0055, 0.0051)}
{'epoch': 17, 'train_loss': 0.0088, 'train_acc': 1.0, 'task_loss': (0.0036, 0.0052)}
{'epoch': 18, 'train_loss': 0.0046, 'train_acc': 1.0, 'task_loss': (0.0016, 0.0029)}
{'epoch': 19, 'train_loss': 0.0036, 'train_acc': 1.0, 'task_loss': (0.0014, 0.0023)}
{'epoch': 20, 'train_loss': 0.0024, 'train_acc': 1.0, 'task_loss': (0.0011, 0.0013)}
{'epoch': 21, 'train_loss': 0.0021, 'train_acc': 1.0, 'task_loss': (0.0006, 0.0015)}
{'epoch': 22, 'train_loss': 0.002, 'train_acc': 1.0, 'task_loss': (0.0011, 0.0009)}
{'epoch': 23, 'train_loss': 0.0016, 'train_acc': 1.0, 'task_loss': (0.0007, 0.001)}
{'epoch': 24, 'train_loss': 0.0042, 'train_acc': 0.9971, 'task_loss': (0.0007, 0.0035)}
{'epoch': 25, 'train_loss': 0.0033, 'train_acc': 1.0, 'task_loss': (0.0021, 0.0012)}
{'epoch': 26, 'train_loss': 0.0023, 'train_acc': 1.0, 'task_loss': (0.0013, 0.001)}
{'epoch': 27, 'train_loss': 0.0018, 'train_acc': 1.0, 'task_loss': (0.0008, 0.001)}
{'epoch': 28, 'train_loss': 0.0018, 'train_acc': 1.0, 'task_loss': (0.0005, 0.0013)}
{'epoch': 29, 'train_loss': 0.0008, 'train_acc': 1.0, 'task_loss': (0.0003, 0.0005)}
{'epoch': 30, 'train_loss': 0.0011, 'train_acc': 1.0, 'task_loss': (0.0005, 0.0006)}
{'epoch': 31, 'train_loss': 0.0009, 'train_acc': 1.0, 'task_loss': (0.0003, 0.0005)}
{'epoch': 32, 'train_loss': 0.0011, 'train_acc': 1.0, 'task_loss': (0.0004, 0.0007)}
{'epoch': 33, 'train_loss': 0.0006, 'train_acc': 1.0, 'task_loss': (0.0002, 0.0004)}
{'epoch': 34, 'train_loss': 0.0009, 'train_acc': 1.0, 'task_loss': (0.0003, 0.0006)}
{'epoch': 35, 'train_loss': 0.0006, 'train_acc': 1.0, 'task_loss': (0.0003, 0.0004)}
{'epoch': 36, 'train_loss': 0.0005, 'train_acc': 1.0, 'task_loss': (0.0002, 0.0003)}
{'epoch': 37, 'train_loss': 0.0005, 'train_acc': 1.0, 'task_loss': (0.0003, 0.0003)}
{'epoch': 38, 'train_loss': 0.0006, 'train_acc': 1.0, 'task_loss': (0.0002, 0.0004)}
{'epoch': 39, 'train_loss': 0.0006, 'train_acc': 1.0, 'task_loss': (0.0003, 0.0003)}
{'epoch': 40, 'train_loss': 0.0005, 'train_acc': 1.0, 'task_loss': (0.0002, 0.0003)}
{'epoch': 41, 'train_loss': 0.0005, 'train_acc': 1.0, 'task_loss': (0.0002, 0.0003)}
{'epoch': 42, 'train_loss': 0.0005, 'train_acc': 1.0, 'task_loss': (0.0002, 0.0003)}
{'epoch': 43, 'train_loss': 0.0005, 'train_acc': 1.0, 'task_loss': (0.0002, 0.0003)}
{'epoch': 44, 'train_loss': 0.0006, 'train_acc': 1.0, 'task_loss': (0.0003, 0.0003)}
{'epoch': 45, 'train_loss': 0.0004, 'train_acc': 1.0, 'task_loss': (0.0002, 0.0002)}
{'epoch': 46, 'train_loss': 0.0004, 'train_acc': 1.0, 'task_loss': (1e-04, 0.0002)}
{'epoch': 47, 'train_loss': 0.0004, 'train_acc': 1.0, 'task_loss': (1e-04, 0.0003)}
{'epoch': 48, 'train_loss': 0.0005, 'train_acc': 1.0, 'task_loss': (0.0002, 0.0003)}
{'epoch': 49, 'train_loss': 0.0004, 'train_acc': 1.0, 'task_loss': (0.0002, 0.0003)}
{'epoch': 50, 'train_loss': 0.0005, 'train_acc': 1.0, 'task_loss': (0.0002, 0.0003)}
{'epoch': 51, 'train_loss': 0.0004, 'train_acc': 1.0, 'task_loss': (0.0002, 0.0003)}
{'epoch': 52, 'train_loss': 0.0005, 'train_acc': 1.0, 'task_loss': (0.0002, 0.0003)}
{'epoch': 53, 'train_loss': 0.0004, 'train_acc': 1.0, 'task_loss': (0.0002, 0.0003)}
{'epoch': 54, 'train_loss': 0.0004, 'train_acc': 1.0, 'task_loss': (0.0002, 0.0002)}
{'epoch': 55, 'train_loss': 0.0009, 'train_acc': 1.0, 'task_loss': (0.0004, 0.0005)}
{'epoch': 56, 'train_loss': 0.0004, 'train_acc': 1.0, 'task_loss': (0.0002, 0.0002)}
{'epoch': 57, 'train_loss': 0.0009, 'train_acc': 1.0, 'task_loss': (0.0006, 0.0003)}
{'epoch': 58, 'train_loss': 0.0005, 'train_acc': 1.0, 'task_loss': (0.0002, 0.0003)}
{'epoch': 59, 'train_loss': 0.0004, 'train_acc': 1.0, 'task_loss': (0.0002, 0.0003)}
{'epoch': 60, 'train_loss': 0.0004, 'train_acc': 1.0, 'task_loss': (0.0002, 0.0003)}
{'epoch': 61, 'train_loss': 0.001, 'train_acc': 1.0, 'task_loss': (0.0006, 0.0003)}
{'epoch': 62, 'train_loss': 0.0004, 'train_acc': 1.0, 'task_loss': (0.0002, 0.0002)}
{'epoch': 63, 'train_loss': 0.0005, 'train_acc': 1.0, 'task_loss': (0.0003, 0.0002)}
{'epoch': 64, 'train_loss': 0.0003, 'train_acc': 1.0, 'task_loss': (1e-04, 0.0002)}
{'epoch': 65, 'train_loss': 0.0004, 'train_acc': 1.0, 'task_loss': (0.0002, 0.0002)}
{'epoch': 66, 'train_loss': 0.0005, 'train_acc': 1.0, 'task_loss': (0.0002, 0.0002)}
{'epoch': 67, 'train_loss': 0.0004, 'train_acc': 1.0, 'task_loss': (0.0002, 0.0002)}
{'epoch': 68, 'train_loss': 0.0004, 'train_acc': 1.0, 'task_loss': (1e-04, 0.0002)}
{'epoch': 69, 'train_loss': 0.0004, 'train_acc': 1.0, 'task_loss': (0.0002, 0.0002)}
{'epoch': 70, 'train_loss': 0.0003, 'train_acc': 1.0, 'task_loss': (1e-04, 0.0002)}
{'epoch': 71, 'train_loss': 0.0003, 'train_acc': 1.0, 'task_loss': (1e-04, 0.0002)}
{'epoch': 72, 'train_loss': 0.0003, 'train_acc': 1.0, 'task_loss': (1e-04, 0.0002)}
{'epoch': 73, 'train_loss': 0.0003, 'train_acc': 1.0, 'task_loss': (1e-04, 0.0002)}
{'epoch': 74, 'train_loss': 0.0003, 'train_acc': 1.0, 'task_loss': (0.0002, 0.0002)}
{'epoch': 75, 'train_loss': 0.0003, 'train_acc': 1.0, 'task_loss': (1e-04, 0.0002)}
{'epoch': 76, 'train_loss': 0.0003, 'train_acc': 1.0, 'task_loss': (1e-04, 0.0002)}
{'epoch': 77, 'train_loss': 0.0004, 'train_acc': 1.0, 'task_loss': (0.0002, 0.0002)}
{'epoch': 78, 'train_loss': 0.0003, 'train_acc': 1.0, 'task_loss': (1e-04, 0.0002)}
{'epoch': 79, 'train_loss': 0.0004, 'train_acc': 1.0, 'task_loss': (1e-04, 0.0003)}
{'epoch': 80, 'train_loss': 0.0004, 'train_acc': 1.0, 'task_loss': (0.0002, 0.0002)}
{'epoch': 81, 'train_loss': 0.0003, 'train_acc': 1.0, 'task_loss': (1e-04, 1e-04)}
{'epoch': 82, 'train_loss': 0.0002, 'train_acc': 1.0, 'task_loss': (1e-04, 0.0002)}
{'epoch': 83, 'train_loss': 0.0004, 'train_acc': 1.0, 'task_loss': (1e-04, 0.0002)}
{'epoch': 84, 'train_loss': 0.0003, 'train_acc': 1.0, 'task_loss': (1e-04, 0.0002)}
{'epoch': 85, 'train_loss': 0.0004, 'train_acc': 1.0, 'task_loss': (0.0002, 0.0002)}
{'epoch': 86, 'train_loss': 0.0003, 'train_acc': 1.0, 'task_loss': (1e-04, 0.0002)}
{'epoch': 87, 'train_loss': 0.0003, 'train_acc': 1.0, 'task_loss': (1e-04, 0.0002)}
{'epoch': 88, 'train_loss': 0.0004, 'train_acc': 1.0, 'task_loss': (0.0002, 0.0002)}
{'epoch': 89, 'train_loss': 0.0002, 'train_acc': 1.0, 'task_loss': (1e-04, 1e-04)}
{'epoch': 90, 'train_loss': 0.0003, 'train_acc': 1.0, 'task_loss': (1e-04, 0.0002)}
{'epoch': 91, 'train_loss': 0.0003, 'train_acc': 1.0, 'task_loss': (1e-04, 1e-04)}
{'epoch': 92, 'train_loss': 0.0006, 'train_acc': 1.0, 'task_loss': (0.0002, 0.0003)}
{'epoch': 93, 'train_loss': 0.0003, 'train_acc': 1.0, 'task_loss': (1e-04, 0.0002)}
{'epoch': 94, 'train_loss': 0.0003, 'train_acc': 1.0, 'task_loss': (1e-04, 0.0002)}
{'epoch': 95, 'train_loss': 0.0004, 'train_acc': 1.0, 'task_loss': (1e-04, 0.0003)}
{'epoch': 96, 'train_loss': 0.0005, 'train_acc': 1.0, 'task_loss': (0.0002, 0.0003)}
{'epoch': 97, 'train_loss': 0.0003, 'train_acc': 1.0, 'task_loss': (0.0002, 1e-04)}
{'epoch': 98, 'train_loss': 0.0004, 'train_acc': 1.0, 'task_loss': (1e-04, 0.0003)}
{'epoch': 99, 'train_loss': 0.0003, 'train_acc': 1.0, 'task_loss': (1e-04, 0.0002)}
{'epoch': 100, 'train_loss': 0.0003, 'train_acc': 1.0, 'task_loss': (1e-04, 0.0002)}
{'run_num': 9, 'final_test_err': 0.18892508143322473}
{'avg_err': 0.1687, 'std_err': 0.0161}
