{'deploy': True, 'tag': '05_ood/02_domain_net', 'seed': 10, 'device': 'cuda:0', 'reps': 10, 'loss': {'alpha': 0.5, 'tune_alpha': False, 'group_task_loss': False}, 'task': {'dataset': 'domain_net', 'task_map': [[0, 1], [2, 3], [4, 5], [6, 7], [8, 9]], 'target': 0, 'ood': [2], 'augment': False, 'n': 25, 'm_n': 8, 'beta': 0.5, 'custom_sampler': False, 'm_cinic': 1, 'm_cinic_neg': 0.0}, 'hp': {'epochs': 100, 'bs': 16, 'lr': 0.01}, 'net': 'conv'}
Files already downloaded and verified
Files already downloaded and verified
{'epoch': 1, 'train_loss': 0.5594, 'train_acc': 0.7542}
{'epoch': 2, 'train_loss': 0.3234, 'train_acc': 0.8738}
{'epoch': 3, 'train_loss': 0.2177, 'train_acc': 0.9203}
{'epoch': 4, 'train_loss': 0.161, 'train_acc': 0.9336}
{'epoch': 5, 'train_loss': 0.1105, 'train_acc': 0.9502}
{'epoch': 6, 'train_loss': 0.1003, 'train_acc': 0.9668}
{'epoch': 7, 'train_loss': 0.0854, 'train_acc': 0.9668}
{'epoch': 8, 'train_loss': 0.0943, 'train_acc': 0.9535}
{'epoch': 9, 'train_loss': 0.079, 'train_acc': 0.9801}
{'epoch': 10, 'train_loss': 0.0361, 'train_acc': 0.99}
{'epoch': 11, 'train_loss': 0.0161, 'train_acc': 1.0}
{'epoch': 12, 'train_loss': 0.0101, 'train_acc': 1.0}
{'epoch': 13, 'train_loss': 0.0052, 'train_acc': 1.0}
{'epoch': 14, 'train_loss': 0.0031, 'train_acc': 1.0}
{'epoch': 15, 'train_loss': 0.003, 'train_acc': 1.0}
{'epoch': 16, 'train_loss': 0.0027, 'train_acc': 1.0}
{'epoch': 17, 'train_loss': 0.0015, 'train_acc': 1.0}
{'epoch': 18, 'train_loss': 0.0017, 'train_acc': 1.0}
{'epoch': 19, 'train_loss': 0.0019, 'train_acc': 1.0}
{'epoch': 20, 'train_loss': 0.0013, 'train_acc': 1.0}
{'epoch': 21, 'train_loss': 0.0008, 'train_acc': 1.0}
{'epoch': 22, 'train_loss': 0.0013, 'train_acc': 1.0}
{'epoch': 23, 'train_loss': 0.0014, 'train_acc': 1.0}
{'epoch': 24, 'train_loss': 0.0009, 'train_acc': 1.0}
{'epoch': 25, 'train_loss': 0.0008, 'train_acc': 1.0}
{'epoch': 26, 'train_loss': 0.0009, 'train_acc': 1.0}
{'epoch': 27, 'train_loss': 0.0012, 'train_acc': 1.0}
{'epoch': 28, 'train_loss': 0.0008, 'train_acc': 1.0}
{'epoch': 29, 'train_loss': 0.0012, 'train_acc': 1.0}
{'epoch': 30, 'train_loss': 0.001, 'train_acc': 1.0}
{'epoch': 31, 'train_loss': 0.0008, 'train_acc': 1.0}
{'epoch': 32, 'train_loss': 0.0005, 'train_acc': 1.0}
{'epoch': 33, 'train_loss': 0.0008, 'train_acc': 1.0}
{'epoch': 34, 'train_loss': 0.0006, 'train_acc': 1.0}
{'epoch': 35, 'train_loss': 0.0007, 'train_acc': 1.0}
{'epoch': 36, 'train_loss': 0.0005, 'train_acc': 1.0}
{'epoch': 37, 'train_loss': 0.0005, 'train_acc': 1.0}
{'epoch': 38, 'train_loss': 0.0005, 'train_acc': 1.0}
{'epoch': 39, 'train_loss': 0.0004, 'train_acc': 1.0}
{'epoch': 40, 'train_loss': 0.0005, 'train_acc': 1.0}
{'epoch': 41, 'train_loss': 0.0004, 'train_acc': 1.0}
{'epoch': 42, 'train_loss': 0.0005, 'train_acc': 1.0}
{'epoch': 43, 'train_loss': 0.0004, 'train_acc': 1.0}
{'epoch': 44, 'train_loss': 0.0004, 'train_acc': 1.0}
{'epoch': 45, 'train_loss': 0.0004, 'train_acc': 1.0}
{'epoch': 46, 'train_loss': 0.0004, 'train_acc': 1.0}
{'epoch': 47, 'train_loss': 0.0004, 'train_acc': 1.0}
{'epoch': 48, 'train_loss': 0.0004, 'train_acc': 1.0}
{'epoch': 49, 'train_loss': 0.0006, 'train_acc': 1.0}
{'epoch': 50, 'train_loss': 0.0004, 'train_acc': 1.0}
{'epoch': 51, 'train_loss': 0.0003, 'train_acc': 1.0}
{'epoch': 52, 'train_loss': 0.0004, 'train_acc': 1.0}
{'epoch': 53, 'train_loss': 0.0003, 'train_acc': 1.0}
{'epoch': 54, 'train_loss': 0.0004, 'train_acc': 1.0}
{'epoch': 55, 'train_loss': 0.0003, 'train_acc': 1.0}
{'epoch': 56, 'train_loss': 0.0004, 'train_acc': 1.0}
{'epoch': 57, 'train_loss': 0.0003, 'train_acc': 1.0}
{'epoch': 58, 'train_loss': 0.0004, 'train_acc': 1.0}
{'epoch': 59, 'train_loss': 0.0004, 'train_acc': 1.0}
{'epoch': 60, 'train_loss': 0.0005, 'train_acc': 1.0}
{'epoch': 61, 'train_loss': 0.0004, 'train_acc': 1.0}
{'epoch': 62, 'train_loss': 0.0003, 'train_acc': 1.0}
{'epoch': 63, 'train_loss': 0.001, 'train_acc': 1.0}
{'epoch': 64, 'train_loss': 0.0004, 'train_acc': 1.0}
{'epoch': 65, 'train_loss': 0.0004, 'train_acc': 1.0}
{'epoch': 66, 'train_loss': 0.0003, 'train_acc': 1.0}
{'epoch': 67, 'train_loss': 0.0004, 'train_acc': 1.0}
{'epoch': 68, 'train_loss': 0.0004, 'train_acc': 1.0}
{'epoch': 69, 'train_loss': 0.0003, 'train_acc': 1.0}
{'epoch': 70, 'train_loss': 0.0003, 'train_acc': 1.0}
{'epoch': 71, 'train_loss': 0.0003, 'train_acc': 1.0}
{'epoch': 72, 'train_loss': 0.0003, 'train_acc': 1.0}
{'epoch': 73, 'train_loss': 0.0002, 'train_acc': 1.0}
{'epoch': 74, 'train_loss': 0.0004, 'train_acc': 1.0}
{'epoch': 75, 'train_loss': 0.0003, 'train_acc': 1.0}
{'epoch': 76, 'train_loss': 0.0004, 'train_acc': 1.0}
{'epoch': 77, 'train_loss': 0.0002, 'train_acc': 1.0}
{'epoch': 78, 'train_loss': 0.0003, 'train_acc': 1.0}
{'epoch': 79, 'train_loss': 0.0004, 'train_acc': 1.0}
{'epoch': 80, 'train_loss': 0.0003, 'train_acc': 1.0}
{'epoch': 81, 'train_loss': 0.0003, 'train_acc': 1.0}
{'epoch': 82, 'train_loss': 0.0003, 'train_acc': 1.0}
{'epoch': 83, 'train_loss': 0.0003, 'train_acc': 1.0}
{'epoch': 84, 'train_loss': 0.0003, 'train_acc': 1.0}
{'epoch': 85, 'train_loss': 0.0003, 'train_acc': 1.0}
{'epoch': 86, 'train_loss': 0.0002, 'train_acc': 1.0}
{'epoch': 87, 'train_loss': 0.0002, 'train_acc': 1.0}
{'epoch': 88, 'train_loss': 0.0002, 'train_acc': 1.0}
{'epoch': 89, 'train_loss': 0.0002, 'train_acc': 1.0}
{'epoch': 90, 'train_loss': 0.0003, 'train_acc': 1.0}
{'epoch': 91, 'train_loss': 0.0003, 'train_acc': 1.0}
{'epoch': 92, 'train_loss': 0.0003, 'train_acc': 1.0}
{'epoch': 93, 'train_loss': 0.0002, 'train_acc': 1.0}
{'epoch': 94, 'train_loss': 0.0003, 'train_acc': 1.0}
{'epoch': 95, 'train_loss': 0.0002, 'train_acc': 1.0}
{'epoch': 96, 'train_loss': 0.0007, 'train_acc': 1.0}
{'epoch': 97, 'train_loss': 0.0003, 'train_acc': 1.0}
{'epoch': 98, 'train_loss': 0.0002, 'train_acc': 1.0}
{'epoch': 99, 'train_loss': 0.0002, 'train_acc': 1.0}
{'epoch': 100, 'train_loss': 0.0003, 'train_acc': 1.0}
{'run_num': 0, 'final_test_err': 0.15309446254071657}
Files already downloaded and verified
Files already downloaded and verified
{'epoch': 1, 'train_loss': 0.5154, 'train_acc': 0.7608}
{'epoch': 2, 'train_loss': 0.3646, 'train_acc': 0.8405}
{'epoch': 3, 'train_loss': 0.2188, 'train_acc': 0.9203}
{'epoch': 4, 'train_loss': 0.1218, 'train_acc': 0.9601}
{'epoch': 5, 'train_loss': 0.1311, 'train_acc': 0.9502}
{'epoch': 6, 'train_loss': 0.0547, 'train_acc': 0.9867}
{'epoch': 7, 'train_loss': 0.0257, 'train_acc': 0.99}
{'epoch': 8, 'train_loss': 0.0235, 'train_acc': 0.99}
{'epoch': 9, 'train_loss': 0.0098, 'train_acc': 1.0}
{'epoch': 10, 'train_loss': 0.0089, 'train_acc': 0.9967}
{'epoch': 11, 'train_loss': 0.0052, 'train_acc': 1.0}
{'epoch': 12, 'train_loss': 0.0039, 'train_acc': 1.0}
{'epoch': 13, 'train_loss': 0.0026, 'train_acc': 1.0}
{'epoch': 14, 'train_loss': 0.0018, 'train_acc': 1.0}
{'epoch': 15, 'train_loss': 0.0019, 'train_acc': 1.0}
{'epoch': 16, 'train_loss': 0.0014, 'train_acc': 1.0}
{'epoch': 17, 'train_loss': 0.0016, 'train_acc': 1.0}
{'epoch': 18, 'train_loss': 0.0014, 'train_acc': 1.0}
{'epoch': 19, 'train_loss': 0.0012, 'train_acc': 1.0}
{'epoch': 20, 'train_loss': 0.0009, 'train_acc': 1.0}
{'epoch': 21, 'train_loss': 0.0009, 'train_acc': 1.0}
{'epoch': 22, 'train_loss': 0.0013, 'train_acc': 1.0}
{'epoch': 23, 'train_loss': 0.0008, 'train_acc': 1.0}
{'epoch': 24, 'train_loss': 0.0012, 'train_acc': 1.0}
{'epoch': 25, 'train_loss': 0.0008, 'train_acc': 1.0}
{'epoch': 26, 'train_loss': 0.0016, 'train_acc': 1.0}
{'epoch': 27, 'train_loss': 0.0007, 'train_acc': 1.0}
{'epoch': 28, 'train_loss': 0.0006, 'train_acc': 1.0}
{'epoch': 29, 'train_loss': 0.0007, 'train_acc': 1.0}
{'epoch': 30, 'train_loss': 0.0004, 'train_acc': 1.0}
{'epoch': 31, 'train_loss': 0.0004, 'train_acc': 1.0}
{'epoch': 32, 'train_loss': 0.0009, 'train_acc': 1.0}
{'epoch': 33, 'train_loss': 0.0005, 'train_acc': 1.0}
{'epoch': 34, 'train_loss': 0.0006, 'train_acc': 1.0}
{'epoch': 35, 'train_loss': 0.0005, 'train_acc': 1.0}
{'epoch': 36, 'train_loss': 0.0006, 'train_acc': 1.0}
{'epoch': 37, 'train_loss': 0.0004, 'train_acc': 1.0}
{'epoch': 38, 'train_loss': 0.0006, 'train_acc': 1.0}
{'epoch': 39, 'train_loss': 0.0005, 'train_acc': 1.0}
{'epoch': 40, 'train_loss': 0.0004, 'train_acc': 1.0}
{'epoch': 41, 'train_loss': 0.0005, 'train_acc': 1.0}
{'epoch': 42, 'train_loss': 0.0004, 'train_acc': 1.0}
{'epoch': 43, 'train_loss': 0.0006, 'train_acc': 1.0}
{'epoch': 44, 'train_loss': 0.0003, 'train_acc': 1.0}
{'epoch': 45, 'train_loss': 0.0004, 'train_acc': 1.0}
{'epoch': 46, 'train_loss': 0.0003, 'train_acc': 1.0}
{'epoch': 47, 'train_loss': 0.0005, 'train_acc': 1.0}
{'epoch': 48, 'train_loss': 0.0003, 'train_acc': 1.0}
{'epoch': 49, 'train_loss': 0.0003, 'train_acc': 1.0}
{'epoch': 50, 'train_loss': 0.0004, 'train_acc': 1.0}
{'epoch': 51, 'train_loss': 0.0002, 'train_acc': 1.0}
{'epoch': 52, 'train_loss': 0.0007, 'train_acc': 1.0}
{'epoch': 53, 'train_loss': 0.0003, 'train_acc': 1.0}
{'epoch': 54, 'train_loss': 0.0004, 'train_acc': 1.0}
{'epoch': 55, 'train_loss': 0.0003, 'train_acc': 1.0}
{'epoch': 56, 'train_loss': 0.0004, 'train_acc': 1.0}
{'epoch': 57, 'train_loss': 0.0002, 'train_acc': 1.0}
{'epoch': 58, 'train_loss': 0.0003, 'train_acc': 1.0}
{'epoch': 59, 'train_loss': 0.0004, 'train_acc': 1.0}
{'epoch': 60, 'train_loss': 0.0003, 'train_acc': 1.0}
{'epoch': 61, 'train_loss': 0.0002, 'train_acc': 1.0}
{'epoch': 62, 'train_loss': 0.0003, 'train_acc': 1.0}
{'epoch': 63, 'train_loss': 0.0004, 'train_acc': 1.0}
{'epoch': 64, 'train_loss': 0.0003, 'train_acc': 1.0}
{'epoch': 65, 'train_loss': 0.0003, 'train_acc': 1.0}
{'epoch': 66, 'train_loss': 0.0004, 'train_acc': 1.0}
{'epoch': 67, 'train_loss': 0.0005, 'train_acc': 1.0}
{'epoch': 68, 'train_loss': 0.0003, 'train_acc': 1.0}
{'epoch': 69, 'train_loss': 0.0003, 'train_acc': 1.0}
{'epoch': 70, 'train_loss': 0.0003, 'train_acc': 1.0}
{'epoch': 71, 'train_loss': 0.0002, 'train_acc': 1.0}
{'epoch': 72, 'train_loss': 0.0003, 'train_acc': 1.0}
{'epoch': 73, 'train_loss': 0.0002, 'train_acc': 1.0}
{'epoch': 74, 'train_loss': 0.0002, 'train_acc': 1.0}
{'epoch': 75, 'train_loss': 0.0003, 'train_acc': 1.0}
{'epoch': 76, 'train_loss': 0.0002, 'train_acc': 1.0}
{'epoch': 77, 'train_loss': 0.0003, 'train_acc': 1.0}
{'epoch': 78, 'train_loss': 0.0002, 'train_acc': 1.0}
{'epoch': 79, 'train_loss': 0.0004, 'train_acc': 1.0}
{'epoch': 80, 'train_loss': 0.0003, 'train_acc': 1.0}
{'epoch': 81, 'train_loss': 0.0002, 'train_acc': 1.0}
{'epoch': 82, 'train_loss': 0.0003, 'train_acc': 1.0}
{'epoch': 83, 'train_loss': 0.0002, 'train_acc': 1.0}
{'epoch': 84, 'train_loss': 0.0002, 'train_acc': 1.0}
{'epoch': 85, 'train_loss': 0.0003, 'train_acc': 1.0}
{'epoch': 86, 'train_loss': 0.0003, 'train_acc': 1.0}
{'epoch': 87, 'train_loss': 0.0003, 'train_acc': 1.0}
{'epoch': 88, 'train_loss': 0.0003, 'train_acc': 1.0}
{'epoch': 89, 'train_loss': 0.0004, 'train_acc': 1.0}
{'epoch': 90, 'train_loss': 0.0002, 'train_acc': 1.0}
{'epoch': 91, 'train_loss': 0.0003, 'train_acc': 1.0}
{'epoch': 92, 'train_loss': 0.0002, 'train_acc': 1.0}
{'epoch': 93, 'train_loss': 0.0002, 'train_acc': 1.0}
{'epoch': 94, 'train_loss': 0.0002, 'train_acc': 1.0}
{'epoch': 95, 'train_loss': 0.0002, 'train_acc': 1.0}
{'epoch': 96, 'train_loss': 0.0003, 'train_acc': 1.0}
{'epoch': 97, 'train_loss': 0.0004, 'train_acc': 1.0}
{'epoch': 98, 'train_loss': 0.0003, 'train_acc': 1.0}
{'epoch': 99, 'train_loss': 0.0003, 'train_acc': 1.0}
{'epoch': 100, 'train_loss': 0.0003, 'train_acc': 1.0}
{'run_num': 1, 'final_test_err': 0.17589576547231267}
Files already downloaded and verified
Files already downloaded and verified
{'epoch': 1, 'train_loss': 0.5507, 'train_acc': 0.7409}
{'epoch': 2, 'train_loss': 0.4017, 'train_acc': 0.8272}
{'epoch': 3, 'train_loss': 0.212, 'train_acc': 0.9103}
{'epoch': 4, 'train_loss': 0.1594, 'train_acc': 0.9369}
{'epoch': 5, 'train_loss': 0.0962, 'train_acc': 0.9568}
{'epoch': 6, 'train_loss': 0.045, 'train_acc': 0.9867}
{'epoch': 7, 'train_loss': 0.0395, 'train_acc': 0.99}
{'epoch': 8, 'train_loss': 0.0231, 'train_acc': 0.99}
{'epoch': 9, 'train_loss': 0.0153, 'train_acc': 0.9934}
{'epoch': 10, 'train_loss': 0.0258, 'train_acc': 0.9967}
{'epoch': 11, 'train_loss': 0.0098, 'train_acc': 1.0}
{'epoch': 12, 'train_loss': 0.0057, 'train_acc': 1.0}
{'epoch': 13, 'train_loss': 0.0038, 'train_acc': 1.0}
{'epoch': 14, 'train_loss': 0.0042, 'train_acc': 1.0}
{'epoch': 15, 'train_loss': 0.0018, 'train_acc': 1.0}
{'epoch': 16, 'train_loss': 0.0013, 'train_acc': 1.0}
{'epoch': 17, 'train_loss': 0.0015, 'train_acc': 1.0}
{'epoch': 18, 'train_loss': 0.0011, 'train_acc': 1.0}
{'epoch': 19, 'train_loss': 0.0013, 'train_acc': 1.0}
{'epoch': 20, 'train_loss': 0.0009, 'train_acc': 1.0}
{'epoch': 21, 'train_loss': 0.0008, 'train_acc': 1.0}
{'epoch': 22, 'train_loss': 0.0008, 'train_acc': 1.0}
{'epoch': 23, 'train_loss': 0.0007, 'train_acc': 1.0}
{'epoch': 24, 'train_loss': 0.0007, 'train_acc': 1.0}
{'epoch': 25, 'train_loss': 0.0008, 'train_acc': 1.0}
{'epoch': 26, 'train_loss': 0.0007, 'train_acc': 1.0}
{'epoch': 27, 'train_loss': 0.0006, 'train_acc': 1.0}
{'epoch': 28, 'train_loss': 0.0005, 'train_acc': 1.0}
{'epoch': 29, 'train_loss': 0.0006, 'train_acc': 1.0}
{'epoch': 30, 'train_loss': 0.0005, 'train_acc': 1.0}
{'epoch': 31, 'train_loss': 0.0004, 'train_acc': 1.0}
{'epoch': 32, 'train_loss': 0.0006, 'train_acc': 1.0}
{'epoch': 33, 'train_loss': 0.0004, 'train_acc': 1.0}
{'epoch': 34, 'train_loss': 0.0006, 'train_acc': 1.0}
{'epoch': 35, 'train_loss': 0.0013, 'train_acc': 1.0}
{'epoch': 36, 'train_loss': 0.0008, 'train_acc': 1.0}
{'epoch': 37, 'train_loss': 0.0004, 'train_acc': 1.0}
{'epoch': 38, 'train_loss': 0.0005, 'train_acc': 1.0}
{'epoch': 39, 'train_loss': 0.0004, 'train_acc': 1.0}
{'epoch': 40, 'train_loss': 0.0006, 'train_acc': 1.0}
{'epoch': 41, 'train_loss': 0.0004, 'train_acc': 1.0}
{'epoch': 42, 'train_loss': 0.0004, 'train_acc': 1.0}
{'epoch': 43, 'train_loss': 0.0005, 'train_acc': 1.0}
{'epoch': 44, 'train_loss': 0.0004, 'train_acc': 1.0}
{'epoch': 45, 'train_loss': 0.0003, 'train_acc': 1.0}
{'epoch': 46, 'train_loss': 0.0005, 'train_acc': 1.0}
{'epoch': 47, 'train_loss': 0.0005, 'train_acc': 1.0}
{'epoch': 48, 'train_loss': 0.0006, 'train_acc': 1.0}
{'epoch': 49, 'train_loss': 0.0003, 'train_acc': 1.0}
{'epoch': 50, 'train_loss': 0.0004, 'train_acc': 1.0}
{'epoch': 51, 'train_loss': 0.0003, 'train_acc': 1.0}
{'epoch': 52, 'train_loss': 0.0003, 'train_acc': 1.0}
{'epoch': 53, 'train_loss': 0.0003, 'train_acc': 1.0}
{'epoch': 54, 'train_loss': 0.0003, 'train_acc': 1.0}
{'epoch': 55, 'train_loss': 0.0003, 'train_acc': 1.0}
{'epoch': 56, 'train_loss': 0.0003, 'train_acc': 1.0}
{'epoch': 57, 'train_loss': 0.0003, 'train_acc': 1.0}
{'epoch': 58, 'train_loss': 0.0003, 'train_acc': 1.0}
{'epoch': 59, 'train_loss': 0.0004, 'train_acc': 1.0}
{'epoch': 60, 'train_loss': 0.0003, 'train_acc': 1.0}
{'epoch': 61, 'train_loss': 0.0002, 'train_acc': 1.0}
{'epoch': 62, 'train_loss': 0.0004, 'train_acc': 1.0}
{'epoch': 63, 'train_loss': 0.0002, 'train_acc': 1.0}
{'epoch': 64, 'train_loss': 0.0003, 'train_acc': 1.0}
{'epoch': 65, 'train_loss': 0.0005, 'train_acc': 1.0}
{'epoch': 66, 'train_loss': 0.0002, 'train_acc': 1.0}
{'epoch': 67, 'train_loss': 0.0003, 'train_acc': 1.0}
{'epoch': 68, 'train_loss': 0.0003, 'train_acc': 1.0}
{'epoch': 69, 'train_loss': 0.0002, 'train_acc': 1.0}
{'epoch': 70, 'train_loss': 0.0003, 'train_acc': 1.0}
{'epoch': 71, 'train_loss': 0.0002, 'train_acc': 1.0}
{'epoch': 72, 'train_loss': 0.0003, 'train_acc': 1.0}
{'epoch': 73, 'train_loss': 0.0002, 'train_acc': 1.0}
{'epoch': 74, 'train_loss': 0.0003, 'train_acc': 1.0}
{'epoch': 75, 'train_loss': 0.0003, 'train_acc': 1.0}
{'epoch': 76, 'train_loss': 0.0003, 'train_acc': 1.0}
{'epoch': 77, 'train_loss': 0.0002, 'train_acc': 1.0}
{'epoch': 78, 'train_loss': 0.0002, 'train_acc': 1.0}
{'epoch': 79, 'train_loss': 0.0002, 'train_acc': 1.0}
{'epoch': 80, 'train_loss': 0.0002, 'train_acc': 1.0}
{'epoch': 81, 'train_loss': 0.0002, 'train_acc': 1.0}
{'epoch': 82, 'train_loss': 0.0003, 'train_acc': 1.0}
{'epoch': 83, 'train_loss': 0.0003, 'train_acc': 1.0}
{'epoch': 84, 'train_loss': 0.0003, 'train_acc': 1.0}
{'epoch': 85, 'train_loss': 0.0003, 'train_acc': 1.0}
{'epoch': 86, 'train_loss': 0.0003, 'train_acc': 1.0}
{'epoch': 87, 'train_loss': 0.0002, 'train_acc': 1.0}
{'epoch': 88, 'train_loss': 0.0002, 'train_acc': 1.0}
{'epoch': 89, 'train_loss': 0.0003, 'train_acc': 1.0}
{'epoch': 90, 'train_loss': 0.0003, 'train_acc': 1.0}
{'epoch': 91, 'train_loss': 0.0002, 'train_acc': 1.0}
{'epoch': 92, 'train_loss': 0.0002, 'train_acc': 1.0}
{'epoch': 93, 'train_loss': 0.0002, 'train_acc': 1.0}
{'epoch': 94, 'train_loss': 0.0003, 'train_acc': 1.0}
{'epoch': 95, 'train_loss': 0.0003, 'train_acc': 1.0}
{'epoch': 96, 'train_loss': 0.0003, 'train_acc': 1.0}
{'epoch': 97, 'train_loss': 0.0003, 'train_acc': 1.0}
{'epoch': 98, 'train_loss': 0.0003, 'train_acc': 1.0}
{'epoch': 99, 'train_loss': 0.0002, 'train_acc': 1.0}
{'epoch': 100, 'train_loss': 0.0002, 'train_acc': 1.0}
{'run_num': 2, 'final_test_err': 0.15309446254071657}
Files already downloaded and verified
Files already downloaded and verified
{'epoch': 1, 'train_loss': 0.5245, 'train_acc': 0.7342}
{'epoch': 2, 'train_loss': 0.3481, 'train_acc': 0.8405}
{'epoch': 3, 'train_loss': 0.2611, 'train_acc': 0.8904}
{'epoch': 4, 'train_loss': 0.2581, 'train_acc': 0.897}
{'epoch': 5, 'train_loss': 0.1325, 'train_acc': 0.9468}
{'epoch': 6, 'train_loss': 0.1118, 'train_acc': 0.9568}
{'epoch': 7, 'train_loss': 0.0868, 'train_acc': 0.9635}
{'epoch': 8, 'train_loss': 0.0491, 'train_acc': 0.9834}
{'epoch': 9, 'train_loss': 0.0237, 'train_acc': 0.9967}
{'epoch': 10, 'train_loss': 0.0125, 'train_acc': 1.0}
{'epoch': 11, 'train_loss': 0.0083, 'train_acc': 0.9967}
{'epoch': 12, 'train_loss': 0.0064, 'train_acc': 1.0}
{'epoch': 13, 'train_loss': 0.0099, 'train_acc': 1.0}
{'epoch': 14, 'train_loss': 0.0048, 'train_acc': 1.0}
{'epoch': 15, 'train_loss': 0.0039, 'train_acc': 1.0}
{'epoch': 16, 'train_loss': 0.0025, 'train_acc': 1.0}
{'epoch': 17, 'train_loss': 0.0054, 'train_acc': 0.9967}
{'epoch': 18, 'train_loss': 0.0034, 'train_acc': 1.0}
{'epoch': 19, 'train_loss': 0.0018, 'train_acc': 1.0}
{'epoch': 20, 'train_loss': 0.0021, 'train_acc': 1.0}
{'epoch': 21, 'train_loss': 0.0016, 'train_acc': 1.0}
{'epoch': 22, 'train_loss': 0.0018, 'train_acc': 1.0}
{'epoch': 23, 'train_loss': 0.0019, 'train_acc': 1.0}
{'epoch': 24, 'train_loss': 0.0015, 'train_acc': 1.0}
{'epoch': 25, 'train_loss': 0.0009, 'train_acc': 1.0}
{'epoch': 26, 'train_loss': 0.0008, 'train_acc': 1.0}
{'epoch': 27, 'train_loss': 0.0009, 'train_acc': 1.0}
{'epoch': 28, 'train_loss': 0.0007, 'train_acc': 1.0}
{'epoch': 29, 'train_loss': 0.0007, 'train_acc': 1.0}
{'epoch': 30, 'train_loss': 0.0008, 'train_acc': 1.0}
{'epoch': 31, 'train_loss': 0.0006, 'train_acc': 1.0}
{'epoch': 32, 'train_loss': 0.0005, 'train_acc': 1.0}
{'epoch': 33, 'train_loss': 0.0007, 'train_acc': 1.0}
{'epoch': 34, 'train_loss': 0.0005, 'train_acc': 1.0}
{'epoch': 35, 'train_loss': 0.0004, 'train_acc': 1.0}
{'epoch': 36, 'train_loss': 0.0005, 'train_acc': 1.0}
{'epoch': 37, 'train_loss': 0.0006, 'train_acc': 1.0}
{'epoch': 38, 'train_loss': 0.0005, 'train_acc': 1.0}
{'epoch': 39, 'train_loss': 0.0005, 'train_acc': 1.0}
{'epoch': 40, 'train_loss': 0.0006, 'train_acc': 1.0}
{'epoch': 41, 'train_loss': 0.0005, 'train_acc': 1.0}
{'epoch': 42, 'train_loss': 0.0004, 'train_acc': 1.0}
{'epoch': 43, 'train_loss': 0.0006, 'train_acc': 1.0}
{'epoch': 44, 'train_loss': 0.0004, 'train_acc': 1.0}
{'epoch': 45, 'train_loss': 0.0003, 'train_acc': 1.0}
{'epoch': 46, 'train_loss': 0.0004, 'train_acc': 1.0}
{'epoch': 47, 'train_loss': 0.0006, 'train_acc': 1.0}
{'epoch': 48, 'train_loss': 0.0006, 'train_acc': 1.0}
{'epoch': 49, 'train_loss': 0.0004, 'train_acc': 1.0}
{'epoch': 50, 'train_loss': 0.0005, 'train_acc': 1.0}
{'epoch': 51, 'train_loss': 0.0005, 'train_acc': 1.0}
{'epoch': 52, 'train_loss': 0.0005, 'train_acc': 1.0}
{'epoch': 53, 'train_loss': 0.0003, 'train_acc': 1.0}
{'epoch': 54, 'train_loss': 0.0004, 'train_acc': 1.0}
{'epoch': 55, 'train_loss': 0.0004, 'train_acc': 1.0}
{'epoch': 56, 'train_loss': 0.0004, 'train_acc': 1.0}
{'epoch': 57, 'train_loss': 0.0004, 'train_acc': 1.0}
{'epoch': 58, 'train_loss': 0.0004, 'train_acc': 1.0}
{'epoch': 59, 'train_loss': 0.0004, 'train_acc': 1.0}
{'epoch': 60, 'train_loss': 0.0003, 'train_acc': 1.0}
{'epoch': 61, 'train_loss': 0.0004, 'train_acc': 1.0}
{'epoch': 62, 'train_loss': 0.0003, 'train_acc': 1.0}
{'epoch': 63, 'train_loss': 0.0003, 'train_acc': 1.0}
{'epoch': 64, 'train_loss': 0.0002, 'train_acc': 1.0}
{'epoch': 65, 'train_loss': 0.0004, 'train_acc': 1.0}
{'epoch': 66, 'train_loss': 0.0002, 'train_acc': 1.0}
{'epoch': 67, 'train_loss': 0.0004, 'train_acc': 1.0}
{'epoch': 68, 'train_loss': 0.0004, 'train_acc': 1.0}
{'epoch': 69, 'train_loss': 0.0004, 'train_acc': 1.0}
{'epoch': 70, 'train_loss': 0.0003, 'train_acc': 1.0}
{'epoch': 71, 'train_loss': 0.0003, 'train_acc': 1.0}
{'epoch': 72, 'train_loss': 0.0003, 'train_acc': 1.0}
{'epoch': 73, 'train_loss': 0.0003, 'train_acc': 1.0}
{'epoch': 74, 'train_loss': 0.0003, 'train_acc': 1.0}
{'epoch': 75, 'train_loss': 0.0003, 'train_acc': 1.0}
{'epoch': 76, 'train_loss': 0.0003, 'train_acc': 1.0}
{'epoch': 77, 'train_loss': 0.0002, 'train_acc': 1.0}
{'epoch': 78, 'train_loss': 0.0003, 'train_acc': 1.0}
{'epoch': 79, 'train_loss': 0.0002, 'train_acc': 1.0}
{'epoch': 80, 'train_loss': 0.0003, 'train_acc': 1.0}
{'epoch': 81, 'train_loss': 0.0002, 'train_acc': 1.0}
{'epoch': 82, 'train_loss': 0.0005, 'train_acc': 1.0}
{'epoch': 83, 'train_loss': 0.0003, 'train_acc': 1.0}
{'epoch': 84, 'train_loss': 0.0003, 'train_acc': 1.0}
{'epoch': 85, 'train_loss': 0.0004, 'train_acc': 1.0}
{'epoch': 86, 'train_loss': 0.0003, 'train_acc': 1.0}
{'epoch': 87, 'train_loss': 0.0003, 'train_acc': 1.0}
{'epoch': 88, 'train_loss': 0.0004, 'train_acc': 1.0}
{'epoch': 89, 'train_loss': 0.0003, 'train_acc': 1.0}
{'epoch': 90, 'train_loss': 0.0004, 'train_acc': 1.0}
{'epoch': 91, 'train_loss': 0.0004, 'train_acc': 1.0}
{'epoch': 92, 'train_loss': 0.0003, 'train_acc': 1.0}
{'epoch': 93, 'train_loss': 0.0002, 'train_acc': 1.0}
{'epoch': 94, 'train_loss': 0.0002, 'train_acc': 1.0}
{'epoch': 95, 'train_loss': 0.0002, 'train_acc': 1.0}
{'epoch': 96, 'train_loss': 0.0004, 'train_acc': 1.0}
{'epoch': 97, 'train_loss': 0.0003, 'train_acc': 1.0}
{'epoch': 98, 'train_loss': 0.0003, 'train_acc': 1.0}
{'epoch': 99, 'train_loss': 0.0002, 'train_acc': 1.0}
{'epoch': 100, 'train_loss': 0.0002, 'train_acc': 1.0}
{'run_num': 3, 'final_test_err': 0.17589576547231267}
Files already downloaded and verified
Files already downloaded and verified
{'epoch': 1, 'train_loss': 0.5472, 'train_acc': 0.7575}
{'epoch': 2, 'train_loss': 0.2683, 'train_acc': 0.887}
{'epoch': 3, 'train_loss': 0.2195, 'train_acc': 0.9136}
{'epoch': 4, 'train_loss': 0.174, 'train_acc': 0.9203}
{'epoch': 5, 'train_loss': 0.1042, 'train_acc': 0.9701}
{'epoch': 6, 'train_loss': 0.0649, 'train_acc': 0.9834}
{'epoch': 7, 'train_loss': 0.033, 'train_acc': 0.9967}
{'epoch': 8, 'train_loss': 0.017, 'train_acc': 1.0}
{'epoch': 9, 'train_loss': 0.0155, 'train_acc': 0.9967}
{'epoch': 10, 'train_loss': 0.0116, 'train_acc': 0.9967}
{'epoch': 11, 'train_loss': 0.009, 'train_acc': 1.0}
{'epoch': 12, 'train_loss': 0.0042, 'train_acc': 1.0}
{'epoch': 13, 'train_loss': 0.0024, 'train_acc': 1.0}
{'epoch': 14, 'train_loss': 0.0018, 'train_acc': 1.0}
{'epoch': 15, 'train_loss': 0.0021, 'train_acc': 1.0}
{'epoch': 16, 'train_loss': 0.002, 'train_acc': 1.0}
{'epoch': 17, 'train_loss': 0.0013, 'train_acc': 1.0}
{'epoch': 18, 'train_loss': 0.0011, 'train_acc': 1.0}
{'epoch': 19, 'train_loss': 0.001, 'train_acc': 1.0}
{'epoch': 20, 'train_loss': 0.0007, 'train_acc': 1.0}
{'epoch': 21, 'train_loss': 0.001, 'train_acc': 1.0}
{'epoch': 22, 'train_loss': 0.0007, 'train_acc': 1.0}
{'epoch': 23, 'train_loss': 0.0006, 'train_acc': 1.0}
{'epoch': 24, 'train_loss': 0.0006, 'train_acc': 1.0}
{'epoch': 25, 'train_loss': 0.0007, 'train_acc': 1.0}
{'epoch': 26, 'train_loss': 0.0007, 'train_acc': 1.0}
{'epoch': 27, 'train_loss': 0.0008, 'train_acc': 1.0}
{'epoch': 28, 'train_loss': 0.0005, 'train_acc': 1.0}
{'epoch': 29, 'train_loss': 0.0007, 'train_acc': 1.0}
{'epoch': 30, 'train_loss': 0.0006, 'train_acc': 1.0}
{'epoch': 31, 'train_loss': 0.0006, 'train_acc': 1.0}
{'epoch': 32, 'train_loss': 0.0006, 'train_acc': 1.0}
{'epoch': 33, 'train_loss': 0.0006, 'train_acc': 1.0}
{'epoch': 34, 'train_loss': 0.0004, 'train_acc': 1.0}
{'epoch': 35, 'train_loss': 0.0005, 'train_acc': 1.0}
{'epoch': 36, 'train_loss': 0.0007, 'train_acc': 1.0}
{'epoch': 37, 'train_loss': 0.0004, 'train_acc': 1.0}
{'epoch': 38, 'train_loss': 0.0004, 'train_acc': 1.0}
{'epoch': 39, 'train_loss': 0.0004, 'train_acc': 1.0}
{'epoch': 40, 'train_loss': 0.0004, 'train_acc': 1.0}
{'epoch': 41, 'train_loss': 0.0004, 'train_acc': 1.0}
{'epoch': 42, 'train_loss': 0.0004, 'train_acc': 1.0}
{'epoch': 43, 'train_loss': 0.0005, 'train_acc': 1.0}
{'epoch': 44, 'train_loss': 0.0003, 'train_acc': 1.0}
{'epoch': 45, 'train_loss': 0.0003, 'train_acc': 1.0}
{'epoch': 46, 'train_loss': 0.0004, 'train_acc': 1.0}
{'epoch': 47, 'train_loss': 0.0004, 'train_acc': 1.0}
{'epoch': 48, 'train_loss': 0.0006, 'train_acc': 1.0}
{'epoch': 49, 'train_loss': 0.0004, 'train_acc': 1.0}
{'epoch': 50, 'train_loss': 0.0003, 'train_acc': 1.0}
{'epoch': 51, 'train_loss': 0.0003, 'train_acc': 1.0}
{'epoch': 52, 'train_loss': 0.0003, 'train_acc': 1.0}
{'epoch': 53, 'train_loss': 0.0003, 'train_acc': 1.0}
{'epoch': 54, 'train_loss': 0.0004, 'train_acc': 1.0}
{'epoch': 55, 'train_loss': 0.0003, 'train_acc': 1.0}
{'epoch': 56, 'train_loss': 0.0004, 'train_acc': 1.0}
{'epoch': 57, 'train_loss': 0.0005, 'train_acc': 1.0}
{'epoch': 58, 'train_loss': 0.0004, 'train_acc': 1.0}
{'epoch': 59, 'train_loss': 0.0003, 'train_acc': 1.0}
{'epoch': 60, 'train_loss': 0.0002, 'train_acc': 1.0}
{'epoch': 61, 'train_loss': 0.0003, 'train_acc': 1.0}
{'epoch': 62, 'train_loss': 0.0008, 'train_acc': 1.0}
{'epoch': 63, 'train_loss': 0.0003, 'train_acc': 1.0}
{'epoch': 64, 'train_loss': 0.0003, 'train_acc': 1.0}
{'epoch': 65, 'train_loss': 0.0002, 'train_acc': 1.0}
{'epoch': 66, 'train_loss': 0.0003, 'train_acc': 1.0}
{'epoch': 67, 'train_loss': 0.0003, 'train_acc': 1.0}
{'epoch': 68, 'train_loss': 0.0019, 'train_acc': 1.0}
{'epoch': 69, 'train_loss': 0.0005, 'train_acc': 1.0}
{'epoch': 70, 'train_loss': 0.0005, 'train_acc': 1.0}
{'epoch': 71, 'train_loss': 0.0003, 'train_acc': 1.0}
{'epoch': 72, 'train_loss': 0.0004, 'train_acc': 1.0}
{'epoch': 73, 'train_loss': 0.0003, 'train_acc': 1.0}
{'epoch': 74, 'train_loss': 0.0003, 'train_acc': 1.0}
{'epoch': 75, 'train_loss': 0.0002, 'train_acc': 1.0}
{'epoch': 76, 'train_loss': 0.0002, 'train_acc': 1.0}
{'epoch': 77, 'train_loss': 0.0004, 'train_acc': 1.0}
{'epoch': 78, 'train_loss': 0.0003, 'train_acc': 1.0}
{'epoch': 79, 'train_loss': 0.0004, 'train_acc': 1.0}
{'epoch': 80, 'train_loss': 0.0003, 'train_acc': 1.0}
{'epoch': 81, 'train_loss': 0.0003, 'train_acc': 1.0}
{'epoch': 82, 'train_loss': 0.0002, 'train_acc': 1.0}
{'epoch': 83, 'train_loss': 0.0003, 'train_acc': 1.0}
{'epoch': 84, 'train_loss': 0.0003, 'train_acc': 1.0}
{'epoch': 85, 'train_loss': 0.0003, 'train_acc': 1.0}
{'epoch': 86, 'train_loss': 0.0003, 'train_acc': 1.0}
{'epoch': 87, 'train_loss': 0.0003, 'train_acc': 1.0}
{'epoch': 88, 'train_loss': 0.0004, 'train_acc': 1.0}
{'epoch': 89, 'train_loss': 0.0003, 'train_acc': 1.0}
{'epoch': 90, 'train_loss': 0.0007, 'train_acc': 1.0}
{'epoch': 91, 'train_loss': 0.0003, 'train_acc': 1.0}
{'epoch': 92, 'train_loss': 0.0003, 'train_acc': 1.0}
{'epoch': 93, 'train_loss': 0.0002, 'train_acc': 1.0}
{'epoch': 94, 'train_loss': 0.0006, 'train_acc': 1.0}
{'epoch': 95, 'train_loss': 0.0002, 'train_acc': 1.0}
{'epoch': 96, 'train_loss': 0.0002, 'train_acc': 1.0}
{'epoch': 97, 'train_loss': 0.0002, 'train_acc': 1.0}
{'epoch': 98, 'train_loss': 0.0002, 'train_acc': 1.0}
{'epoch': 99, 'train_loss': 0.0003, 'train_acc': 1.0}
{'epoch': 100, 'train_loss': 0.0005, 'train_acc': 1.0}
{'run_num': 4, 'final_test_err': 0.14983713355048855}
Files already downloaded and verified
Files already downloaded and verified
{'epoch': 1, 'train_loss': 0.5535, 'train_acc': 0.7176}
{'epoch': 2, 'train_loss': 0.3191, 'train_acc': 0.8605}
{'epoch': 3, 'train_loss': 0.1678, 'train_acc': 0.9302}
{'epoch': 4, 'train_loss': 0.1535, 'train_acc': 0.9369}
{'epoch': 5, 'train_loss': 0.0794, 'train_acc': 0.9668}
{'epoch': 6, 'train_loss': 0.0772, 'train_acc': 0.9734}
{'epoch': 7, 'train_loss': 0.0491, 'train_acc': 0.9867}
{'epoch': 8, 'train_loss': 0.0319, 'train_acc': 0.9934}
{'epoch': 9, 'train_loss': 0.0165, 'train_acc': 0.9934}
{'epoch': 10, 'train_loss': 0.0152, 'train_acc': 1.0}
{'epoch': 11, 'train_loss': 0.006, 'train_acc': 1.0}
{'epoch': 12, 'train_loss': 0.0047, 'train_acc': 1.0}
{'epoch': 13, 'train_loss': 0.0021, 'train_acc': 1.0}
{'epoch': 14, 'train_loss': 0.0031, 'train_acc': 1.0}
{'epoch': 15, 'train_loss': 0.0029, 'train_acc': 1.0}
{'epoch': 16, 'train_loss': 0.0018, 'train_acc': 1.0}
{'epoch': 17, 'train_loss': 0.0022, 'train_acc': 1.0}
{'epoch': 18, 'train_loss': 0.0033, 'train_acc': 1.0}
{'epoch': 19, 'train_loss': 0.0017, 'train_acc': 1.0}
{'epoch': 20, 'train_loss': 0.0013, 'train_acc': 1.0}
{'epoch': 21, 'train_loss': 0.0013, 'train_acc': 1.0}
{'epoch': 22, 'train_loss': 0.0011, 'train_acc': 1.0}
{'epoch': 23, 'train_loss': 0.0011, 'train_acc': 1.0}
{'epoch': 24, 'train_loss': 0.0006, 'train_acc': 1.0}
{'epoch': 25, 'train_loss': 0.0007, 'train_acc': 1.0}
{'epoch': 26, 'train_loss': 0.0012, 'train_acc': 1.0}
{'epoch': 27, 'train_loss': 0.0007, 'train_acc': 1.0}
{'epoch': 28, 'train_loss': 0.0005, 'train_acc': 1.0}
{'epoch': 29, 'train_loss': 0.0006, 'train_acc': 1.0}
{'epoch': 30, 'train_loss': 0.0014, 'train_acc': 1.0}
{'epoch': 31, 'train_loss': 0.0006, 'train_acc': 1.0}
{'epoch': 32, 'train_loss': 0.0006, 'train_acc': 1.0}
{'epoch': 33, 'train_loss': 0.0005, 'train_acc': 1.0}
{'epoch': 34, 'train_loss': 0.0006, 'train_acc': 1.0}
{'epoch': 35, 'train_loss': 0.0008, 'train_acc': 1.0}
{'epoch': 36, 'train_loss': 0.0004, 'train_acc': 1.0}
{'epoch': 37, 'train_loss': 0.0004, 'train_acc': 1.0}
{'epoch': 38, 'train_loss': 0.0005, 'train_acc': 1.0}
{'epoch': 39, 'train_loss': 0.0004, 'train_acc': 1.0}
{'epoch': 40, 'train_loss': 0.0003, 'train_acc': 1.0}
{'epoch': 41, 'train_loss': 0.0005, 'train_acc': 1.0}
{'epoch': 42, 'train_loss': 0.0006, 'train_acc': 1.0}
{'epoch': 43, 'train_loss': 0.0005, 'train_acc': 1.0}
{'epoch': 44, 'train_loss': 0.0004, 'train_acc': 1.0}
{'epoch': 45, 'train_loss': 0.0004, 'train_acc': 1.0}
{'epoch': 46, 'train_loss': 0.0006, 'train_acc': 1.0}
{'epoch': 47, 'train_loss': 0.0004, 'train_acc': 1.0}
{'epoch': 48, 'train_loss': 0.0006, 'train_acc': 1.0}
{'epoch': 49, 'train_loss': 0.0007, 'train_acc': 1.0}
{'epoch': 50, 'train_loss': 0.0005, 'train_acc': 1.0}
{'epoch': 51, 'train_loss': 0.0004, 'train_acc': 1.0}
{'epoch': 52, 'train_loss': 0.0004, 'train_acc': 1.0}
{'epoch': 53, 'train_loss': 0.0003, 'train_acc': 1.0}
{'epoch': 54, 'train_loss': 0.0003, 'train_acc': 1.0}
{'epoch': 55, 'train_loss': 0.0003, 'train_acc': 1.0}
{'epoch': 56, 'train_loss': 0.0005, 'train_acc': 1.0}
{'epoch': 57, 'train_loss': 0.0004, 'train_acc': 1.0}
{'epoch': 58, 'train_loss': 0.0003, 'train_acc': 1.0}
{'epoch': 59, 'train_loss': 0.0004, 'train_acc': 1.0}
{'epoch': 60, 'train_loss': 0.0003, 'train_acc': 1.0}
{'epoch': 61, 'train_loss': 0.0002, 'train_acc': 1.0}
{'epoch': 62, 'train_loss': 0.0002, 'train_acc': 1.0}
{'epoch': 63, 'train_loss': 0.0003, 'train_acc': 1.0}
{'epoch': 64, 'train_loss': 0.0004, 'train_acc': 1.0}
{'epoch': 65, 'train_loss': 0.0002, 'train_acc': 1.0}
{'epoch': 66, 'train_loss': 0.0003, 'train_acc': 1.0}
{'epoch': 67, 'train_loss': 0.0003, 'train_acc': 1.0}
{'epoch': 68, 'train_loss': 0.0004, 'train_acc': 1.0}
{'epoch': 69, 'train_loss': 0.0005, 'train_acc': 1.0}
{'epoch': 70, 'train_loss': 0.0005, 'train_acc': 1.0}
{'epoch': 71, 'train_loss': 0.0002, 'train_acc': 1.0}
{'epoch': 72, 'train_loss': 0.0003, 'train_acc': 1.0}
{'epoch': 73, 'train_loss': 0.0004, 'train_acc': 1.0}
{'epoch': 74, 'train_loss': 0.0003, 'train_acc': 1.0}
{'epoch': 75, 'train_loss': 0.0003, 'train_acc': 1.0}
{'epoch': 76, 'train_loss': 0.0003, 'train_acc': 1.0}
{'epoch': 77, 'train_loss': 0.0003, 'train_acc': 1.0}
{'epoch': 78, 'train_loss': 0.0002, 'train_acc': 1.0}
{'epoch': 79, 'train_loss': 0.0002, 'train_acc': 1.0}
{'epoch': 80, 'train_loss': 0.0003, 'train_acc': 1.0}
{'epoch': 81, 'train_loss': 0.0002, 'train_acc': 1.0}
{'epoch': 82, 'train_loss': 0.0002, 'train_acc': 1.0}
{'epoch': 83, 'train_loss': 0.0003, 'train_acc': 1.0}
{'epoch': 84, 'train_loss': 0.0004, 'train_acc': 1.0}
{'epoch': 85, 'train_loss': 0.0002, 'train_acc': 1.0}
{'epoch': 86, 'train_loss': 0.0003, 'train_acc': 1.0}
{'epoch': 87, 'train_loss': 0.0003, 'train_acc': 1.0}
{'epoch': 88, 'train_loss': 0.0003, 'train_acc': 1.0}
{'epoch': 89, 'train_loss': 0.0003, 'train_acc': 1.0}
{'epoch': 90, 'train_loss': 0.0003, 'train_acc': 1.0}
{'epoch': 91, 'train_loss': 0.0002, 'train_acc': 1.0}
{'epoch': 92, 'train_loss': 0.0003, 'train_acc': 1.0}
{'epoch': 93, 'train_loss': 0.0002, 'train_acc': 1.0}
{'epoch': 94, 'train_loss': 0.0003, 'train_acc': 1.0}
{'epoch': 95, 'train_loss': 0.0003, 'train_acc': 1.0}
{'epoch': 96, 'train_loss': 0.0003, 'train_acc': 1.0}
{'epoch': 97, 'train_loss': 0.0003, 'train_acc': 1.0}
{'epoch': 98, 'train_loss': 0.0003, 'train_acc': 1.0}
{'epoch': 99, 'train_loss': 0.0003, 'train_acc': 1.0}
{'epoch': 100, 'train_loss': 0.0002, 'train_acc': 1.0}
{'run_num': 5, 'final_test_err': 0.17263843648208466}
Files already downloaded and verified
Files already downloaded and verified
{'epoch': 1, 'train_loss': 0.4621, 'train_acc': 0.7575}
{'epoch': 2, 'train_loss': 0.2428, 'train_acc': 0.9103}
{'epoch': 3, 'train_loss': 0.1249, 'train_acc': 0.9601}
{'epoch': 4, 'train_loss': 0.0716, 'train_acc': 0.99}
{'epoch': 5, 'train_loss': 0.073, 'train_acc': 0.9867}
{'epoch': 6, 'train_loss': 0.0207, 'train_acc': 1.0}
{'epoch': 7, 'train_loss': 0.0116, 'train_acc': 1.0}
{'epoch': 8, 'train_loss': 0.0069, 'train_acc': 1.0}
{'epoch': 9, 'train_loss': 0.0063, 'train_acc': 1.0}
{'epoch': 10, 'train_loss': 0.0035, 'train_acc': 1.0}
{'epoch': 11, 'train_loss': 0.003, 'train_acc': 1.0}
{'epoch': 12, 'train_loss': 0.0019, 'train_acc': 1.0}
{'epoch': 13, 'train_loss': 0.0016, 'train_acc': 1.0}
{'epoch': 14, 'train_loss': 0.0013, 'train_acc': 1.0}
{'epoch': 15, 'train_loss': 0.0015, 'train_acc': 1.0}
{'epoch': 16, 'train_loss': 0.0012, 'train_acc': 1.0}
{'epoch': 17, 'train_loss': 0.0014, 'train_acc': 1.0}
{'epoch': 18, 'train_loss': 0.0011, 'train_acc': 1.0}
{'epoch': 19, 'train_loss': 0.0008, 'train_acc': 1.0}
{'epoch': 20, 'train_loss': 0.0008, 'train_acc': 1.0}
{'epoch': 21, 'train_loss': 0.0007, 'train_acc': 1.0}
{'epoch': 22, 'train_loss': 0.0006, 'train_acc': 1.0}
{'epoch': 23, 'train_loss': 0.0006, 'train_acc': 1.0}
{'epoch': 24, 'train_loss': 0.0006, 'train_acc': 1.0}
{'epoch': 25, 'train_loss': 0.0004, 'train_acc': 1.0}
{'epoch': 26, 'train_loss': 0.0007, 'train_acc': 1.0}
{'epoch': 27, 'train_loss': 0.0005, 'train_acc': 1.0}
{'epoch': 28, 'train_loss': 0.0006, 'train_acc': 1.0}
{'epoch': 29, 'train_loss': 0.0005, 'train_acc': 1.0}
{'epoch': 30, 'train_loss': 0.0005, 'train_acc': 1.0}
{'epoch': 31, 'train_loss': 0.0015, 'train_acc': 1.0}
{'epoch': 32, 'train_loss': 0.0004, 'train_acc': 1.0}
{'epoch': 33, 'train_loss': 0.0005, 'train_acc': 1.0}
{'epoch': 34, 'train_loss': 0.0005, 'train_acc': 1.0}
{'epoch': 35, 'train_loss': 0.0005, 'train_acc': 1.0}
{'epoch': 36, 'train_loss': 0.0005, 'train_acc': 1.0}
{'epoch': 37, 'train_loss': 0.0004, 'train_acc': 1.0}
{'epoch': 38, 'train_loss': 0.0004, 'train_acc': 1.0}
{'epoch': 39, 'train_loss': 0.0004, 'train_acc': 1.0}
{'epoch': 40, 'train_loss': 0.0004, 'train_acc': 1.0}
{'epoch': 41, 'train_loss': 0.0003, 'train_acc': 1.0}
{'epoch': 42, 'train_loss': 0.0004, 'train_acc': 1.0}
{'epoch': 43, 'train_loss': 0.0004, 'train_acc': 1.0}
{'epoch': 44, 'train_loss': 0.0003, 'train_acc': 1.0}
{'epoch': 45, 'train_loss': 0.0003, 'train_acc': 1.0}
{'epoch': 46, 'train_loss': 0.0003, 'train_acc': 1.0}
{'epoch': 47, 'train_loss': 0.0004, 'train_acc': 1.0}
{'epoch': 48, 'train_loss': 0.0002, 'train_acc': 1.0}
{'epoch': 49, 'train_loss': 0.0003, 'train_acc': 1.0}
{'epoch': 50, 'train_loss': 0.0004, 'train_acc': 1.0}
{'epoch': 51, 'train_loss': 0.0003, 'train_acc': 1.0}
{'epoch': 52, 'train_loss': 0.0003, 'train_acc': 1.0}
{'epoch': 53, 'train_loss': 0.0002, 'train_acc': 1.0}
{'epoch': 54, 'train_loss': 0.0005, 'train_acc': 1.0}
{'epoch': 55, 'train_loss': 0.0002, 'train_acc': 1.0}
{'epoch': 56, 'train_loss': 0.0003, 'train_acc': 1.0}
{'epoch': 57, 'train_loss': 0.0002, 'train_acc': 1.0}
{'epoch': 58, 'train_loss': 0.0003, 'train_acc': 1.0}
{'epoch': 59, 'train_loss': 0.0003, 'train_acc': 1.0}
{'epoch': 60, 'train_loss': 0.0004, 'train_acc': 1.0}
{'epoch': 61, 'train_loss': 0.0002, 'train_acc': 1.0}
{'epoch': 62, 'train_loss': 0.0002, 'train_acc': 1.0}
{'epoch': 63, 'train_loss': 0.0003, 'train_acc': 1.0}
{'epoch': 64, 'train_loss': 0.0002, 'train_acc': 1.0}
{'epoch': 65, 'train_loss': 0.0003, 'train_acc': 1.0}
{'epoch': 66, 'train_loss': 0.0003, 'train_acc': 1.0}
{'epoch': 67, 'train_loss': 0.0002, 'train_acc': 1.0}
{'epoch': 68, 'train_loss': 0.0002, 'train_acc': 1.0}
{'epoch': 69, 'train_loss': 0.0002, 'train_acc': 1.0}
{'epoch': 70, 'train_loss': 0.0003, 'train_acc': 1.0}
{'epoch': 71, 'train_loss': 0.0003, 'train_acc': 1.0}
{'epoch': 72, 'train_loss': 0.0002, 'train_acc': 1.0}
{'epoch': 73, 'train_loss': 0.0003, 'train_acc': 1.0}
{'epoch': 74, 'train_loss': 0.0002, 'train_acc': 1.0}
{'epoch': 75, 'train_loss': 0.0002, 'train_acc': 1.0}
{'epoch': 76, 'train_loss': 0.0002, 'train_acc': 1.0}
{'epoch': 77, 'train_loss': 0.0002, 'train_acc': 1.0}
{'epoch': 78, 'train_loss': 0.0002, 'train_acc': 1.0}
{'epoch': 79, 'train_loss': 0.0002, 'train_acc': 1.0}
{'epoch': 80, 'train_loss': 0.0002, 'train_acc': 1.0}
{'epoch': 81, 'train_loss': 0.0003, 'train_acc': 1.0}
{'epoch': 82, 'train_loss': 0.0002, 'train_acc': 1.0}
{'epoch': 83, 'train_loss': 0.0003, 'train_acc': 1.0}
{'epoch': 84, 'train_loss': 0.0002, 'train_acc': 1.0}
{'epoch': 85, 'train_loss': 0.0003, 'train_acc': 1.0}
{'epoch': 86, 'train_loss': 0.0003, 'train_acc': 1.0}
{'epoch': 87, 'train_loss': 0.0002, 'train_acc': 1.0}
{'epoch': 88, 'train_loss': 0.0002, 'train_acc': 1.0}
{'epoch': 89, 'train_loss': 0.0002, 'train_acc': 1.0}
{'epoch': 90, 'train_loss': 0.0002, 'train_acc': 1.0}
{'epoch': 91, 'train_loss': 0.0002, 'train_acc': 1.0}
{'epoch': 92, 'train_loss': 0.0002, 'train_acc': 1.0}
{'epoch': 93, 'train_loss': 0.0002, 'train_acc': 1.0}
{'epoch': 94, 'train_loss': 0.0002, 'train_acc': 1.0}
{'epoch': 95, 'train_loss': 0.0002, 'train_acc': 1.0}
{'epoch': 96, 'train_loss': 0.0002, 'train_acc': 1.0}
{'epoch': 97, 'train_loss': 0.0003, 'train_acc': 1.0}
{'epoch': 98, 'train_loss': 0.0002, 'train_acc': 1.0}
{'epoch': 99, 'train_loss': 0.0003, 'train_acc': 1.0}
{'epoch': 100, 'train_loss': 0.0002, 'train_acc': 1.0}
{'run_num': 6, 'final_test_err': 0.17263843648208466}
Files already downloaded and verified
Files already downloaded and verified
{'epoch': 1, 'train_loss': 0.4937, 'train_acc': 0.794}
{'epoch': 2, 'train_loss': 0.3266, 'train_acc': 0.8704}
{'epoch': 3, 'train_loss': 0.1869, 'train_acc': 0.9269}
{'epoch': 4, 'train_loss': 0.1354, 'train_acc': 0.9435}
{'epoch': 5, 'train_loss': 0.1022, 'train_acc': 0.9601}
{'epoch': 6, 'train_loss': 0.0433, 'train_acc': 0.9934}
{'epoch': 7, 'train_loss': 0.0265, 'train_acc': 0.99}
{'epoch': 8, 'train_loss': 0.0212, 'train_acc': 0.9967}
{'epoch': 9, 'train_loss': 0.0088, 'train_acc': 1.0}
{'epoch': 10, 'train_loss': 0.0065, 'train_acc': 1.0}
{'epoch': 11, 'train_loss': 0.0031, 'train_acc': 1.0}
{'epoch': 12, 'train_loss': 0.0025, 'train_acc': 1.0}
{'epoch': 13, 'train_loss': 0.0024, 'train_acc': 1.0}
{'epoch': 14, 'train_loss': 0.002, 'train_acc': 1.0}
{'epoch': 15, 'train_loss': 0.0019, 'train_acc': 1.0}
{'epoch': 16, 'train_loss': 0.0021, 'train_acc': 1.0}
{'epoch': 17, 'train_loss': 0.0022, 'train_acc': 1.0}
{'epoch': 18, 'train_loss': 0.0015, 'train_acc': 1.0}
{'epoch': 19, 'train_loss': 0.0011, 'train_acc': 1.0}
{'epoch': 20, 'train_loss': 0.0017, 'train_acc': 1.0}
{'epoch': 21, 'train_loss': 0.0011, 'train_acc': 1.0}
{'epoch': 22, 'train_loss': 0.0008, 'train_acc': 1.0}
{'epoch': 23, 'train_loss': 0.0008, 'train_acc': 1.0}
{'epoch': 24, 'train_loss': 0.0009, 'train_acc': 1.0}
{'epoch': 25, 'train_loss': 0.0007, 'train_acc': 1.0}
{'epoch': 26, 'train_loss': 0.0007, 'train_acc': 1.0}
{'epoch': 27, 'train_loss': 0.0017, 'train_acc': 1.0}
{'epoch': 28, 'train_loss': 0.0008, 'train_acc': 1.0}
{'epoch': 29, 'train_loss': 0.0006, 'train_acc': 1.0}
{'epoch': 30, 'train_loss': 0.0006, 'train_acc': 1.0}
{'epoch': 31, 'train_loss': 0.0005, 'train_acc': 1.0}
{'epoch': 32, 'train_loss': 0.0008, 'train_acc': 1.0}
{'epoch': 33, 'train_loss': 0.0006, 'train_acc': 1.0}
{'epoch': 34, 'train_loss': 0.0005, 'train_acc': 1.0}
{'epoch': 35, 'train_loss': 0.0007, 'train_acc': 1.0}
{'epoch': 36, 'train_loss': 0.0004, 'train_acc': 1.0}
{'epoch': 37, 'train_loss': 0.0006, 'train_acc': 1.0}
{'epoch': 38, 'train_loss': 0.0004, 'train_acc': 1.0}
{'epoch': 39, 'train_loss': 0.0005, 'train_acc': 1.0}
{'epoch': 40, 'train_loss': 0.0004, 'train_acc': 1.0}
{'epoch': 41, 'train_loss': 0.0005, 'train_acc': 1.0}
{'epoch': 42, 'train_loss': 0.0004, 'train_acc': 1.0}
{'epoch': 43, 'train_loss': 0.0006, 'train_acc': 1.0}
{'epoch': 44, 'train_loss': 0.0004, 'train_acc': 1.0}
{'epoch': 45, 'train_loss': 0.0005, 'train_acc': 1.0}
{'epoch': 46, 'train_loss': 0.0004, 'train_acc': 1.0}
{'epoch': 47, 'train_loss': 0.0003, 'train_acc': 1.0}
{'epoch': 48, 'train_loss': 0.001, 'train_acc': 1.0}
{'epoch': 49, 'train_loss': 0.0005, 'train_acc': 1.0}
{'epoch': 50, 'train_loss': 0.0004, 'train_acc': 1.0}
{'epoch': 51, 'train_loss': 0.0003, 'train_acc': 1.0}
{'epoch': 52, 'train_loss': 0.0003, 'train_acc': 1.0}
{'epoch': 53, 'train_loss': 0.0003, 'train_acc': 1.0}
{'epoch': 54, 'train_loss': 0.0004, 'train_acc': 1.0}
{'epoch': 55, 'train_loss': 0.0003, 'train_acc': 1.0}
{'epoch': 56, 'train_loss': 0.0004, 'train_acc': 1.0}
{'epoch': 57, 'train_loss': 0.0002, 'train_acc': 1.0}
{'epoch': 58, 'train_loss': 0.0003, 'train_acc': 1.0}
{'epoch': 59, 'train_loss': 0.0003, 'train_acc': 1.0}
{'epoch': 60, 'train_loss': 0.0003, 'train_acc': 1.0}
{'epoch': 61, 'train_loss': 0.0003, 'train_acc': 1.0}
{'epoch': 62, 'train_loss': 0.0003, 'train_acc': 1.0}
{'epoch': 63, 'train_loss': 0.0003, 'train_acc': 1.0}
{'epoch': 64, 'train_loss': 0.0003, 'train_acc': 1.0}
{'epoch': 65, 'train_loss': 0.0003, 'train_acc': 1.0}
{'epoch': 66, 'train_loss': 0.0003, 'train_acc': 1.0}
{'epoch': 67, 'train_loss': 0.0003, 'train_acc': 1.0}
{'epoch': 68, 'train_loss': 0.0003, 'train_acc': 1.0}
{'epoch': 69, 'train_loss': 0.0003, 'train_acc': 1.0}
{'epoch': 70, 'train_loss': 0.0003, 'train_acc': 1.0}
{'epoch': 71, 'train_loss': 0.0003, 'train_acc': 1.0}
{'epoch': 72, 'train_loss': 0.0003, 'train_acc': 1.0}
{'epoch': 73, 'train_loss': 0.0002, 'train_acc': 1.0}
{'epoch': 74, 'train_loss': 0.0003, 'train_acc': 1.0}
{'epoch': 75, 'train_loss': 0.0003, 'train_acc': 1.0}
{'epoch': 76, 'train_loss': 0.0004, 'train_acc': 1.0}
{'epoch': 77, 'train_loss': 0.0003, 'train_acc': 1.0}
{'epoch': 78, 'train_loss': 0.0002, 'train_acc': 1.0}
{'epoch': 79, 'train_loss': 0.0003, 'train_acc': 1.0}
{'epoch': 80, 'train_loss': 0.0003, 'train_acc': 1.0}
{'epoch': 81, 'train_loss': 0.0002, 'train_acc': 1.0}
{'epoch': 82, 'train_loss': 0.0002, 'train_acc': 1.0}
{'epoch': 83, 'train_loss': 0.0003, 'train_acc': 1.0}
{'epoch': 84, 'train_loss': 0.0002, 'train_acc': 1.0}
{'epoch': 85, 'train_loss': 0.0003, 'train_acc': 1.0}
{'epoch': 86, 'train_loss': 0.0003, 'train_acc': 1.0}
{'epoch': 87, 'train_loss': 0.0003, 'train_acc': 1.0}
{'epoch': 88, 'train_loss': 0.0002, 'train_acc': 1.0}
{'epoch': 89, 'train_loss': 0.0005, 'train_acc': 1.0}
{'epoch': 90, 'train_loss': 0.0003, 'train_acc': 1.0}
{'epoch': 91, 'train_loss': 0.0002, 'train_acc': 1.0}
{'epoch': 92, 'train_loss': 0.0003, 'train_acc': 1.0}
{'epoch': 93, 'train_loss': 0.0003, 'train_acc': 1.0}
{'epoch': 94, 'train_loss': 0.0003, 'train_acc': 1.0}
{'epoch': 95, 'train_loss': 0.0003, 'train_acc': 1.0}
{'epoch': 96, 'train_loss': 0.0002, 'train_acc': 1.0}
{'epoch': 97, 'train_loss': 0.0003, 'train_acc': 1.0}
{'epoch': 98, 'train_loss': 0.0003, 'train_acc': 1.0}
{'epoch': 99, 'train_loss': 0.0007, 'train_acc': 1.0}
{'epoch': 100, 'train_loss': 0.0002, 'train_acc': 1.0}
{'run_num': 7, 'final_test_err': 0.14657980456026054}
Files already downloaded and verified
Files already downloaded and verified
{'epoch': 1, 'train_loss': 0.5727, 'train_acc': 0.7542}
{'epoch': 2, 'train_loss': 0.3003, 'train_acc': 0.8804}
{'epoch': 3, 'train_loss': 0.2256, 'train_acc': 0.9037}
{'epoch': 4, 'train_loss': 0.1587, 'train_acc': 0.9502}
{'epoch': 5, 'train_loss': 0.1163, 'train_acc': 0.9535}
{'epoch': 6, 'train_loss': 0.0442, 'train_acc': 0.9934}
{'epoch': 7, 'train_loss': 0.0308, 'train_acc': 0.9867}
{'epoch': 8, 'train_loss': 0.0196, 'train_acc': 1.0}
{'epoch': 9, 'train_loss': 0.0078, 'train_acc': 1.0}
{'epoch': 10, 'train_loss': 0.0064, 'train_acc': 1.0}
{'epoch': 11, 'train_loss': 0.0118, 'train_acc': 0.9967}
{'epoch': 12, 'train_loss': 0.0065, 'train_acc': 1.0}
{'epoch': 13, 'train_loss': 0.0234, 'train_acc': 0.9867}
{'epoch': 14, 'train_loss': 0.0152, 'train_acc': 0.9967}
{'epoch': 15, 'train_loss': 0.0041, 'train_acc': 1.0}
{'epoch': 16, 'train_loss': 0.0044, 'train_acc': 1.0}
{'epoch': 17, 'train_loss': 0.0021, 'train_acc': 1.0}
{'epoch': 18, 'train_loss': 0.0016, 'train_acc': 1.0}
{'epoch': 19, 'train_loss': 0.0011, 'train_acc': 1.0}
{'epoch': 20, 'train_loss': 0.0011, 'train_acc': 1.0}
{'epoch': 21, 'train_loss': 0.0011, 'train_acc': 1.0}
{'epoch': 22, 'train_loss': 0.0009, 'train_acc': 1.0}
{'epoch': 23, 'train_loss': 0.0015, 'train_acc': 1.0}
{'epoch': 24, 'train_loss': 0.0008, 'train_acc': 1.0}
{'epoch': 25, 'train_loss': 0.0013, 'train_acc': 1.0}
{'epoch': 26, 'train_loss': 0.0007, 'train_acc': 1.0}
{'epoch': 27, 'train_loss': 0.0005, 'train_acc': 1.0}
{'epoch': 28, 'train_loss': 0.0007, 'train_acc': 1.0}
{'epoch': 29, 'train_loss': 0.0008, 'train_acc': 1.0}
{'epoch': 30, 'train_loss': 0.0005, 'train_acc': 1.0}
{'epoch': 31, 'train_loss': 0.0006, 'train_acc': 1.0}
{'epoch': 32, 'train_loss': 0.0005, 'train_acc': 1.0}
{'epoch': 33, 'train_loss': 0.0005, 'train_acc': 1.0}
{'epoch': 34, 'train_loss': 0.0005, 'train_acc': 1.0}
{'epoch': 35, 'train_loss': 0.0004, 'train_acc': 1.0}
{'epoch': 36, 'train_loss': 0.0005, 'train_acc': 1.0}
{'epoch': 37, 'train_loss': 0.0004, 'train_acc': 1.0}
{'epoch': 38, 'train_loss': 0.0006, 'train_acc': 1.0}
{'epoch': 39, 'train_loss': 0.0004, 'train_acc': 1.0}
{'epoch': 40, 'train_loss': 0.0003, 'train_acc': 1.0}
{'epoch': 41, 'train_loss': 0.0004, 'train_acc': 1.0}
{'epoch': 42, 'train_loss': 0.0004, 'train_acc': 1.0}
{'epoch': 43, 'train_loss': 0.0004, 'train_acc': 1.0}
{'epoch': 44, 'train_loss': 0.0004, 'train_acc': 1.0}
{'epoch': 45, 'train_loss': 0.0003, 'train_acc': 1.0}
{'epoch': 46, 'train_loss': 0.0002, 'train_acc': 1.0}
{'epoch': 47, 'train_loss': 0.0003, 'train_acc': 1.0}
{'epoch': 48, 'train_loss': 0.0003, 'train_acc': 1.0}
{'epoch': 49, 'train_loss': 0.0002, 'train_acc': 1.0}
{'epoch': 50, 'train_loss': 0.0003, 'train_acc': 1.0}
{'epoch': 51, 'train_loss': 0.0005, 'train_acc': 1.0}
{'epoch': 52, 'train_loss': 0.0003, 'train_acc': 1.0}
{'epoch': 53, 'train_loss': 0.0003, 'train_acc': 1.0}
{'epoch': 54, 'train_loss': 0.0003, 'train_acc': 1.0}
{'epoch': 55, 'train_loss': 0.0003, 'train_acc': 1.0}
{'epoch': 56, 'train_loss': 0.0002, 'train_acc': 1.0}
{'epoch': 57, 'train_loss': 0.0003, 'train_acc': 1.0}
{'epoch': 58, 'train_loss': 0.0004, 'train_acc': 1.0}
{'epoch': 59, 'train_loss': 0.0003, 'train_acc': 1.0}
{'epoch': 60, 'train_loss': 0.0003, 'train_acc': 1.0}
{'epoch': 61, 'train_loss': 0.0002, 'train_acc': 1.0}
{'epoch': 62, 'train_loss': 0.0003, 'train_acc': 1.0}
{'epoch': 63, 'train_loss': 0.0002, 'train_acc': 1.0}
{'epoch': 64, 'train_loss': 0.0003, 'train_acc': 1.0}
{'epoch': 65, 'train_loss': 0.0002, 'train_acc': 1.0}
{'epoch': 66, 'train_loss': 0.0003, 'train_acc': 1.0}
{'epoch': 67, 'train_loss': 0.0003, 'train_acc': 1.0}
{'epoch': 68, 'train_loss': 0.0002, 'train_acc': 1.0}
{'epoch': 69, 'train_loss': 0.0004, 'train_acc': 1.0}
{'epoch': 70, 'train_loss': 0.0003, 'train_acc': 1.0}
{'epoch': 71, 'train_loss': 0.0005, 'train_acc': 1.0}
{'epoch': 72, 'train_loss': 0.0002, 'train_acc': 1.0}
{'epoch': 73, 'train_loss': 0.0003, 'train_acc': 1.0}
{'epoch': 74, 'train_loss': 0.0002, 'train_acc': 1.0}
{'epoch': 75, 'train_loss': 0.0004, 'train_acc': 1.0}
{'epoch': 76, 'train_loss': 0.0002, 'train_acc': 1.0}
{'epoch': 77, 'train_loss': 0.0003, 'train_acc': 1.0}
{'epoch': 78, 'train_loss': 0.0003, 'train_acc': 1.0}
{'epoch': 79, 'train_loss': 0.0003, 'train_acc': 1.0}
{'epoch': 80, 'train_loss': 0.0002, 'train_acc': 1.0}
{'epoch': 81, 'train_loss': 0.0002, 'train_acc': 1.0}
{'epoch': 82, 'train_loss': 0.0003, 'train_acc': 1.0}
{'epoch': 83, 'train_loss': 0.0003, 'train_acc': 1.0}
{'epoch': 84, 'train_loss': 0.0002, 'train_acc': 1.0}
{'epoch': 85, 'train_loss': 0.0004, 'train_acc': 1.0}
{'epoch': 86, 'train_loss': 0.0003, 'train_acc': 1.0}
{'epoch': 87, 'train_loss': 0.0003, 'train_acc': 1.0}
{'epoch': 88, 'train_loss': 0.0002, 'train_acc': 1.0}
{'epoch': 89, 'train_loss': 0.0002, 'train_acc': 1.0}
{'epoch': 90, 'train_loss': 0.0003, 'train_acc': 1.0}
{'epoch': 91, 'train_loss': 0.0003, 'train_acc': 1.0}
{'epoch': 92, 'train_loss': 0.0002, 'train_acc': 1.0}
{'epoch': 93, 'train_loss': 0.0002, 'train_acc': 1.0}
{'epoch': 94, 'train_loss': 0.0002, 'train_acc': 1.0}
{'epoch': 95, 'train_loss': 0.0002, 'train_acc': 1.0}
{'epoch': 96, 'train_loss': 0.0002, 'train_acc': 1.0}
{'epoch': 97, 'train_loss': 0.0002, 'train_acc': 1.0}
{'epoch': 98, 'train_loss': 0.0002, 'train_acc': 1.0}
{'epoch': 99, 'train_loss': 0.0002, 'train_acc': 1.0}
{'epoch': 100, 'train_loss': 0.0003, 'train_acc': 1.0}
{'run_num': 8, 'final_test_err': 0.13355048859934848}
Files already downloaded and verified
Files already downloaded and verified
{'epoch': 1, 'train_loss': 0.4982, 'train_acc': 0.7674}
{'epoch': 2, 'train_loss': 0.3054, 'train_acc': 0.8671}
{'epoch': 3, 'train_loss': 0.1519, 'train_acc': 0.9402}
{'epoch': 4, 'train_loss': 0.1362, 'train_acc': 0.9502}
{'epoch': 5, 'train_loss': 0.0993, 'train_acc': 0.9468}
{'epoch': 6, 'train_loss': 0.0598, 'train_acc': 0.9834}
{'epoch': 7, 'train_loss': 0.0347, 'train_acc': 0.99}
{'epoch': 8, 'train_loss': 0.0304, 'train_acc': 0.9934}
{'epoch': 9, 'train_loss': 0.0282, 'train_acc': 0.9934}
{'epoch': 10, 'train_loss': 0.0138, 'train_acc': 1.0}
{'epoch': 11, 'train_loss': 0.0058, 'train_acc': 1.0}
{'epoch': 12, 'train_loss': 0.0124, 'train_acc': 0.9967}
{'epoch': 13, 'train_loss': 0.0057, 'train_acc': 1.0}
{'epoch': 14, 'train_loss': 0.0031, 'train_acc': 1.0}
{'epoch': 15, 'train_loss': 0.002, 'train_acc': 1.0}
{'epoch': 16, 'train_loss': 0.0018, 'train_acc': 1.0}
{'epoch': 17, 'train_loss': 0.0022, 'train_acc': 1.0}
{'epoch': 18, 'train_loss': 0.0025, 'train_acc': 1.0}
{'epoch': 19, 'train_loss': 0.0017, 'train_acc': 1.0}
{'epoch': 20, 'train_loss': 0.0012, 'train_acc': 1.0}
{'epoch': 21, 'train_loss': 0.001, 'train_acc': 1.0}
{'epoch': 22, 'train_loss': 0.0021, 'train_acc': 1.0}
{'epoch': 23, 'train_loss': 0.0034, 'train_acc': 1.0}
{'epoch': 24, 'train_loss': 0.0022, 'train_acc': 1.0}
{'epoch': 25, 'train_loss': 0.0008, 'train_acc': 1.0}
{'epoch': 26, 'train_loss': 0.0013, 'train_acc': 1.0}
{'epoch': 27, 'train_loss': 0.0012, 'train_acc': 1.0}
{'epoch': 28, 'train_loss': 0.0009, 'train_acc': 1.0}
{'epoch': 29, 'train_loss': 0.0005, 'train_acc': 1.0}
{'epoch': 30, 'train_loss': 0.0005, 'train_acc': 1.0}
{'epoch': 31, 'train_loss': 0.0006, 'train_acc': 1.0}
{'epoch': 32, 'train_loss': 0.0004, 'train_acc': 1.0}
{'epoch': 33, 'train_loss': 0.0005, 'train_acc': 1.0}
{'epoch': 34, 'train_loss': 0.0003, 'train_acc': 1.0}
{'epoch': 35, 'train_loss': 0.0004, 'train_acc': 1.0}
{'epoch': 36, 'train_loss': 0.0006, 'train_acc': 1.0}
{'epoch': 37, 'train_loss': 0.0005, 'train_acc': 1.0}
{'epoch': 38, 'train_loss': 0.0004, 'train_acc': 1.0}
{'epoch': 39, 'train_loss': 0.0003, 'train_acc': 1.0}
{'epoch': 40, 'train_loss': 0.0004, 'train_acc': 1.0}
{'epoch': 41, 'train_loss': 0.0005, 'train_acc': 1.0}
{'epoch': 42, 'train_loss': 0.0004, 'train_acc': 1.0}
{'epoch': 43, 'train_loss': 0.0003, 'train_acc': 1.0}
{'epoch': 44, 'train_loss': 0.0004, 'train_acc': 1.0}
{'epoch': 45, 'train_loss': 0.0003, 'train_acc': 1.0}
{'epoch': 46, 'train_loss': 0.0004, 'train_acc': 1.0}
{'epoch': 47, 'train_loss': 0.0002, 'train_acc': 1.0}
{'epoch': 48, 'train_loss': 0.0004, 'train_acc': 1.0}
{'epoch': 49, 'train_loss': 0.0003, 'train_acc': 1.0}
{'epoch': 50, 'train_loss': 0.0003, 'train_acc': 1.0}
{'epoch': 51, 'train_loss': 0.0003, 'train_acc': 1.0}
{'epoch': 52, 'train_loss': 0.0002, 'train_acc': 1.0}
{'epoch': 53, 'train_loss': 0.0003, 'train_acc': 1.0}
{'epoch': 54, 'train_loss': 0.0003, 'train_acc': 1.0}
{'epoch': 55, 'train_loss': 0.0003, 'train_acc': 1.0}
{'epoch': 56, 'train_loss': 0.0003, 'train_acc': 1.0}
{'epoch': 57, 'train_loss': 0.0002, 'train_acc': 1.0}
{'epoch': 58, 'train_loss': 0.0003, 'train_acc': 1.0}
{'epoch': 59, 'train_loss': 0.0003, 'train_acc': 1.0}
{'epoch': 60, 'train_loss': 0.0002, 'train_acc': 1.0}
{'epoch': 61, 'train_loss': 0.0003, 'train_acc': 1.0}
{'epoch': 62, 'train_loss': 0.0002, 'train_acc': 1.0}
{'epoch': 63, 'train_loss': 0.0003, 'train_acc': 1.0}
{'epoch': 64, 'train_loss': 0.0002, 'train_acc': 1.0}
{'epoch': 65, 'train_loss': 0.0003, 'train_acc': 1.0}
{'epoch': 66, 'train_loss': 0.0003, 'train_acc': 1.0}
{'epoch': 67, 'train_loss': 0.0003, 'train_acc': 1.0}
{'epoch': 68, 'train_loss': 0.0002, 'train_acc': 1.0}
{'epoch': 69, 'train_loss': 0.0002, 'train_acc': 1.0}
{'epoch': 70, 'train_loss': 0.0002, 'train_acc': 1.0}
{'epoch': 71, 'train_loss': 0.0002, 'train_acc': 1.0}
{'epoch': 72, 'train_loss': 0.0003, 'train_acc': 1.0}
{'epoch': 73, 'train_loss': 0.0005, 'train_acc': 1.0}
{'epoch': 74, 'train_loss': 0.0002, 'train_acc': 1.0}
{'epoch': 75, 'train_loss': 0.0002, 'train_acc': 1.0}
{'epoch': 76, 'train_loss': 0.0002, 'train_acc': 1.0}
{'epoch': 77, 'train_loss': 0.0003, 'train_acc': 1.0}
{'epoch': 78, 'train_loss': 0.0002, 'train_acc': 1.0}
{'epoch': 79, 'train_loss': 0.0003, 'train_acc': 1.0}
{'epoch': 80, 'train_loss': 0.0003, 'train_acc': 1.0}
{'epoch': 81, 'train_loss': 0.0002, 'train_acc': 1.0}
{'epoch': 82, 'train_loss': 0.0002, 'train_acc': 1.0}
{'epoch': 83, 'train_loss': 0.0002, 'train_acc': 1.0}
{'epoch': 84, 'train_loss': 0.0002, 'train_acc': 1.0}
{'epoch': 85, 'train_loss': 0.0003, 'train_acc': 1.0}
{'epoch': 86, 'train_loss': 0.0002, 'train_acc': 1.0}
{'epoch': 87, 'train_loss': 0.0003, 'train_acc': 1.0}
{'epoch': 88, 'train_loss': 0.0002, 'train_acc': 1.0}
{'epoch': 89, 'train_loss': 0.0002, 'train_acc': 1.0}
{'epoch': 90, 'train_loss': 0.0002, 'train_acc': 1.0}
{'epoch': 91, 'train_loss': 0.0003, 'train_acc': 1.0}
{'epoch': 92, 'train_loss': 0.0002, 'train_acc': 1.0}
{'epoch': 93, 'train_loss': 0.0003, 'train_acc': 1.0}
{'epoch': 94, 'train_loss': 0.0004, 'train_acc': 1.0}
{'epoch': 95, 'train_loss': 0.0005, 'train_acc': 1.0}
{'epoch': 96, 'train_loss': 0.0002, 'train_acc': 1.0}
{'epoch': 97, 'train_loss': 0.0002, 'train_acc': 1.0}
{'epoch': 98, 'train_loss': 0.0003, 'train_acc': 1.0}
{'epoch': 99, 'train_loss': 0.0002, 'train_acc': 1.0}
{'epoch': 100, 'train_loss': 0.0003, 'train_acc': 1.0}
{'run_num': 9, 'final_test_err': 0.1400651465798045}
{'avg_err': 0.1573, 'std_err': 0.0149}
