{'deploy': True, 'tag': '05_ood/02_domain_net', 'seed': 10, 'device': 'cuda:0', 'reps': 10, 'loss': {'alpha': 0.5, 'tune_alpha': False, 'group_task_loss': False}, 'task': {'dataset': 'domain_net', 'task_map': [[0, 1], [2, 3], [4, 5], [6, 7], [8, 9]], 'target': 0, 'ood': [2], 'augment': False, 'n': 25, 'm_n': 7, 'beta': 0.5, 'custom_sampler': False, 'm_cinic': 1, 'm_cinic_neg': 0.0}, 'hp': {'epochs': 100, 'bs': 16, 'lr': 0.01}, 'net': 'conv'}
Files already downloaded and verified
Files already downloaded and verified
{'epoch': 1, 'train_loss': 0.6371, 'train_acc': 0.7029}
{'epoch': 2, 'train_loss': 0.3596, 'train_acc': 0.8587}
{'epoch': 3, 'train_loss': 0.2957, 'train_acc': 0.8913}
{'epoch': 4, 'train_loss': 0.2716, 'train_acc': 0.8986}
{'epoch': 5, 'train_loss': 0.171, 'train_acc': 0.9348}
{'epoch': 6, 'train_loss': 0.1489, 'train_acc': 0.9457}
{'epoch': 7, 'train_loss': 0.1269, 'train_acc': 0.942}
{'epoch': 8, 'train_loss': 0.1245, 'train_acc': 0.9565}
{'epoch': 9, 'train_loss': 0.1618, 'train_acc': 0.9275}
{'epoch': 10, 'train_loss': 0.0683, 'train_acc': 0.9783}
{'epoch': 11, 'train_loss': 0.0321, 'train_acc': 0.9928}
{'epoch': 12, 'train_loss': 0.0155, 'train_acc': 1.0}
{'epoch': 13, 'train_loss': 0.0096, 'train_acc': 1.0}
{'epoch': 14, 'train_loss': 0.0106, 'train_acc': 0.9964}
{'epoch': 15, 'train_loss': 0.0046, 'train_acc': 1.0}
{'epoch': 16, 'train_loss': 0.0036, 'train_acc': 1.0}
{'epoch': 17, 'train_loss': 0.0037, 'train_acc': 1.0}
{'epoch': 18, 'train_loss': 0.0132, 'train_acc': 0.9964}
{'epoch': 19, 'train_loss': 0.0165, 'train_acc': 0.9964}
{'epoch': 20, 'train_loss': 0.0081, 'train_acc': 0.9964}
{'epoch': 21, 'train_loss': 0.0069, 'train_acc': 1.0}
{'epoch': 22, 'train_loss': 0.0033, 'train_acc': 1.0}
{'epoch': 23, 'train_loss': 0.0023, 'train_acc': 1.0}
{'epoch': 24, 'train_loss': 0.0019, 'train_acc': 1.0}
{'epoch': 25, 'train_loss': 0.0013, 'train_acc': 1.0}
{'epoch': 26, 'train_loss': 0.003, 'train_acc': 1.0}
{'epoch': 27, 'train_loss': 0.0066, 'train_acc': 1.0}
{'epoch': 28, 'train_loss': 0.0036, 'train_acc': 1.0}
{'epoch': 29, 'train_loss': 0.0019, 'train_acc': 1.0}
{'epoch': 30, 'train_loss': 0.0019, 'train_acc': 1.0}
{'epoch': 31, 'train_loss': 0.0018, 'train_acc': 1.0}
{'epoch': 32, 'train_loss': 0.0017, 'train_acc': 1.0}
{'epoch': 33, 'train_loss': 0.0011, 'train_acc': 1.0}
{'epoch': 34, 'train_loss': 0.0014, 'train_acc': 1.0}
{'epoch': 35, 'train_loss': 0.0015, 'train_acc': 1.0}
{'epoch': 36, 'train_loss': 0.0008, 'train_acc': 1.0}
{'epoch': 37, 'train_loss': 0.0009, 'train_acc': 1.0}
{'epoch': 38, 'train_loss': 0.0007, 'train_acc': 1.0}
{'epoch': 39, 'train_loss': 0.0006, 'train_acc': 1.0}
{'epoch': 40, 'train_loss': 0.0009, 'train_acc': 1.0}
{'epoch': 41, 'train_loss': 0.0006, 'train_acc': 1.0}
{'epoch': 42, 'train_loss': 0.0009, 'train_acc': 1.0}
{'epoch': 43, 'train_loss': 0.0007, 'train_acc': 1.0}
{'epoch': 44, 'train_loss': 0.0005, 'train_acc': 1.0}
{'epoch': 45, 'train_loss': 0.0008, 'train_acc': 1.0}
{'epoch': 46, 'train_loss': 0.0055, 'train_acc': 0.9964}
{'epoch': 47, 'train_loss': 0.0169, 'train_acc': 0.9928}
{'epoch': 48, 'train_loss': 0.0046, 'train_acc': 1.0}
{'epoch': 49, 'train_loss': 0.0018, 'train_acc': 1.0}
{'epoch': 50, 'train_loss': 0.0017, 'train_acc': 1.0}
{'epoch': 51, 'train_loss': 0.0014, 'train_acc': 1.0}
{'epoch': 52, 'train_loss': 0.0013, 'train_acc': 1.0}
{'epoch': 53, 'train_loss': 0.0012, 'train_acc': 1.0}
{'epoch': 54, 'train_loss': 0.0008, 'train_acc': 1.0}
{'epoch': 55, 'train_loss': 0.0009, 'train_acc': 1.0}
{'epoch': 56, 'train_loss': 0.0008, 'train_acc': 1.0}
{'epoch': 57, 'train_loss': 0.0007, 'train_acc': 1.0}
{'epoch': 58, 'train_loss': 0.0007, 'train_acc': 1.0}
{'epoch': 59, 'train_loss': 0.0006, 'train_acc': 1.0}
{'epoch': 60, 'train_loss': 0.0009, 'train_acc': 1.0}
{'epoch': 61, 'train_loss': 0.001, 'train_acc': 1.0}
{'epoch': 62, 'train_loss': 0.0007, 'train_acc': 1.0}
{'epoch': 63, 'train_loss': 0.0007, 'train_acc': 1.0}
{'epoch': 64, 'train_loss': 0.0005, 'train_acc': 1.0}
{'epoch': 65, 'train_loss': 0.0006, 'train_acc': 1.0}
{'epoch': 66, 'train_loss': 0.0007, 'train_acc': 1.0}
{'epoch': 67, 'train_loss': 0.0007, 'train_acc': 1.0}
{'epoch': 68, 'train_loss': 0.0004, 'train_acc': 1.0}
{'epoch': 69, 'train_loss': 0.0006, 'train_acc': 1.0}
{'epoch': 70, 'train_loss': 0.0006, 'train_acc': 1.0}
{'epoch': 71, 'train_loss': 0.0008, 'train_acc': 1.0}
{'epoch': 72, 'train_loss': 0.0004, 'train_acc': 1.0}
{'epoch': 73, 'train_loss': 0.0007, 'train_acc': 1.0}
{'epoch': 74, 'train_loss': 0.0005, 'train_acc': 1.0}
{'epoch': 75, 'train_loss': 0.0011, 'train_acc': 1.0}
{'epoch': 76, 'train_loss': 0.0006, 'train_acc': 1.0}
{'epoch': 77, 'train_loss': 0.0006, 'train_acc': 1.0}
{'epoch': 78, 'train_loss': 0.0005, 'train_acc': 1.0}
{'epoch': 79, 'train_loss': 0.0004, 'train_acc': 1.0}
{'epoch': 80, 'train_loss': 0.0007, 'train_acc': 1.0}
{'epoch': 81, 'train_loss': 0.0005, 'train_acc': 1.0}
{'epoch': 82, 'train_loss': 0.0005, 'train_acc': 1.0}
{'epoch': 83, 'train_loss': 0.0004, 'train_acc': 1.0}
{'epoch': 84, 'train_loss': 0.0005, 'train_acc': 1.0}
{'epoch': 85, 'train_loss': 0.0006, 'train_acc': 1.0}
{'epoch': 86, 'train_loss': 0.0005, 'train_acc': 1.0}
{'epoch': 87, 'train_loss': 0.0005, 'train_acc': 1.0}
{'epoch': 88, 'train_loss': 0.0007, 'train_acc': 1.0}
{'epoch': 89, 'train_loss': 0.0005, 'train_acc': 1.0}
{'epoch': 90, 'train_loss': 0.0005, 'train_acc': 1.0}
{'epoch': 91, 'train_loss': 0.0004, 'train_acc': 1.0}
{'epoch': 92, 'train_loss': 0.0007, 'train_acc': 1.0}
{'epoch': 93, 'train_loss': 0.0005, 'train_acc': 1.0}
{'epoch': 94, 'train_loss': 0.0005, 'train_acc': 1.0}
{'epoch': 95, 'train_loss': 0.0005, 'train_acc': 1.0}
{'epoch': 96, 'train_loss': 0.0008, 'train_acc': 1.0}
{'epoch': 97, 'train_loss': 0.0005, 'train_acc': 1.0}
{'epoch': 98, 'train_loss': 0.0005, 'train_acc': 1.0}
{'epoch': 99, 'train_loss': 0.0004, 'train_acc': 1.0}
{'epoch': 100, 'train_loss': 0.0006, 'train_acc': 1.0}
{'run_num': 0, 'final_test_err': 0.1596091205211726}
Files already downloaded and verified
Files already downloaded and verified
{'epoch': 1, 'train_loss': 0.6077, 'train_acc': 0.6993}
{'epoch': 2, 'train_loss': 0.34, 'train_acc': 0.8442}
{'epoch': 3, 'train_loss': 0.2915, 'train_acc': 0.8877}
{'epoch': 4, 'train_loss': 0.1232, 'train_acc': 0.9529}
{'epoch': 5, 'train_loss': 0.119, 'train_acc': 0.9457}
{'epoch': 6, 'train_loss': 0.0511, 'train_acc': 0.9891}
{'epoch': 7, 'train_loss': 0.0975, 'train_acc': 0.9674}
{'epoch': 8, 'train_loss': 0.0417, 'train_acc': 0.9855}
{'epoch': 9, 'train_loss': 0.0465, 'train_acc': 0.9891}
{'epoch': 10, 'train_loss': 0.025, 'train_acc': 0.9964}
{'epoch': 11, 'train_loss': 0.0091, 'train_acc': 1.0}
{'epoch': 12, 'train_loss': 0.0049, 'train_acc': 1.0}
{'epoch': 13, 'train_loss': 0.004, 'train_acc': 1.0}
{'epoch': 14, 'train_loss': 0.0023, 'train_acc': 1.0}
{'epoch': 15, 'train_loss': 0.0047, 'train_acc': 1.0}
{'epoch': 16, 'train_loss': 0.008, 'train_acc': 1.0}
{'epoch': 17, 'train_loss': 0.0156, 'train_acc': 0.9964}
{'epoch': 18, 'train_loss': 0.0062, 'train_acc': 1.0}
{'epoch': 19, 'train_loss': 0.0031, 'train_acc': 1.0}
{'epoch': 20, 'train_loss': 0.0045, 'train_acc': 1.0}
{'epoch': 21, 'train_loss': 0.0019, 'train_acc': 1.0}
{'epoch': 22, 'train_loss': 0.0012, 'train_acc': 1.0}
{'epoch': 23, 'train_loss': 0.0013, 'train_acc': 1.0}
{'epoch': 24, 'train_loss': 0.0016, 'train_acc': 1.0}
{'epoch': 25, 'train_loss': 0.0007, 'train_acc': 1.0}
{'epoch': 26, 'train_loss': 0.0006, 'train_acc': 1.0}
{'epoch': 27, 'train_loss': 0.0009, 'train_acc': 1.0}
{'epoch': 28, 'train_loss': 0.0008, 'train_acc': 1.0}
{'epoch': 29, 'train_loss': 0.0006, 'train_acc': 1.0}
{'epoch': 30, 'train_loss': 0.0005, 'train_acc': 1.0}
{'epoch': 31, 'train_loss': 0.0006, 'train_acc': 1.0}
{'epoch': 32, 'train_loss': 0.0006, 'train_acc': 1.0}
{'epoch': 33, 'train_loss': 0.0016, 'train_acc': 1.0}
{'epoch': 34, 'train_loss': 0.0016, 'train_acc': 1.0}
{'epoch': 35, 'train_loss': 0.0008, 'train_acc': 1.0}
{'epoch': 36, 'train_loss': 0.0017, 'train_acc': 1.0}
{'epoch': 37, 'train_loss': 0.0012, 'train_acc': 1.0}
{'epoch': 38, 'train_loss': 0.0005, 'train_acc': 1.0}
{'epoch': 39, 'train_loss': 0.0008, 'train_acc': 1.0}
{'epoch': 40, 'train_loss': 0.0006, 'train_acc': 1.0}
{'epoch': 41, 'train_loss': 0.0004, 'train_acc': 1.0}
{'epoch': 42, 'train_loss': 0.001, 'train_acc': 1.0}
{'epoch': 43, 'train_loss': 0.0014, 'train_acc': 1.0}
{'epoch': 44, 'train_loss': 0.0016, 'train_acc': 1.0}
{'epoch': 45, 'train_loss': 0.0005, 'train_acc': 1.0}
{'epoch': 46, 'train_loss': 0.0005, 'train_acc': 1.0}
{'epoch': 47, 'train_loss': 0.0006, 'train_acc': 1.0}
{'epoch': 48, 'train_loss': 0.0005, 'train_acc': 1.0}
{'epoch': 49, 'train_loss': 0.0003, 'train_acc': 1.0}
{'epoch': 50, 'train_loss': 0.0004, 'train_acc': 1.0}
{'epoch': 51, 'train_loss': 0.0007, 'train_acc': 1.0}
{'epoch': 52, 'train_loss': 0.0006, 'train_acc': 1.0}
{'epoch': 53, 'train_loss': 0.0004, 'train_acc': 1.0}
{'epoch': 54, 'train_loss': 0.0004, 'train_acc': 1.0}
{'epoch': 55, 'train_loss': 0.0003, 'train_acc': 1.0}
{'epoch': 56, 'train_loss': 0.0004, 'train_acc': 1.0}
{'epoch': 57, 'train_loss': 0.0002, 'train_acc': 1.0}
{'epoch': 58, 'train_loss': 0.0002, 'train_acc': 1.0}
{'epoch': 59, 'train_loss': 0.0003, 'train_acc': 1.0}
{'epoch': 60, 'train_loss': 0.0002, 'train_acc': 1.0}
{'epoch': 61, 'train_loss': 0.0002, 'train_acc': 1.0}
{'epoch': 62, 'train_loss': 0.0003, 'train_acc': 1.0}
{'epoch': 63, 'train_loss': 0.0004, 'train_acc': 1.0}
{'epoch': 64, 'train_loss': 0.0002, 'train_acc': 1.0}
{'epoch': 65, 'train_loss': 0.0009, 'train_acc': 1.0}
{'epoch': 66, 'train_loss': 0.0005, 'train_acc': 1.0}
{'epoch': 67, 'train_loss': 0.0008, 'train_acc': 1.0}
{'epoch': 68, 'train_loss': 0.0005, 'train_acc': 1.0}
{'epoch': 69, 'train_loss': 0.0008, 'train_acc': 1.0}
{'epoch': 70, 'train_loss': 0.0006, 'train_acc': 1.0}
{'epoch': 71, 'train_loss': 0.0003, 'train_acc': 1.0}
{'epoch': 72, 'train_loss': 0.0004, 'train_acc': 1.0}
{'epoch': 73, 'train_loss': 0.0003, 'train_acc': 1.0}
{'epoch': 74, 'train_loss': 0.0004, 'train_acc': 1.0}
{'epoch': 75, 'train_loss': 0.0004, 'train_acc': 1.0}
{'epoch': 76, 'train_loss': 0.0004, 'train_acc': 1.0}
{'epoch': 77, 'train_loss': 0.0004, 'train_acc': 1.0}
{'epoch': 78, 'train_loss': 0.0004, 'train_acc': 1.0}
{'epoch': 79, 'train_loss': 0.0002, 'train_acc': 1.0}
{'epoch': 80, 'train_loss': 0.0002, 'train_acc': 1.0}
{'epoch': 81, 'train_loss': 0.0003, 'train_acc': 1.0}
{'epoch': 82, 'train_loss': 0.0005, 'train_acc': 1.0}
{'epoch': 83, 'train_loss': 0.0004, 'train_acc': 1.0}
{'epoch': 84, 'train_loss': 0.0002, 'train_acc': 1.0}
{'epoch': 85, 'train_loss': 0.0003, 'train_acc': 1.0}
{'epoch': 86, 'train_loss': 0.0004, 'train_acc': 1.0}
{'epoch': 87, 'train_loss': 0.0004, 'train_acc': 1.0}
{'epoch': 88, 'train_loss': 0.0002, 'train_acc': 1.0}
{'epoch': 89, 'train_loss': 0.0003, 'train_acc': 1.0}
{'epoch': 90, 'train_loss': 0.0003, 'train_acc': 1.0}
{'epoch': 91, 'train_loss': 0.0004, 'train_acc': 1.0}
{'epoch': 92, 'train_loss': 0.0002, 'train_acc': 1.0}
{'epoch': 93, 'train_loss': 0.0005, 'train_acc': 1.0}
{'epoch': 94, 'train_loss': 0.0002, 'train_acc': 1.0}
{'epoch': 95, 'train_loss': 0.0004, 'train_acc': 1.0}
{'epoch': 96, 'train_loss': 0.0004, 'train_acc': 1.0}
{'epoch': 97, 'train_loss': 0.0003, 'train_acc': 1.0}
{'epoch': 98, 'train_loss': 0.0003, 'train_acc': 1.0}
{'epoch': 99, 'train_loss': 0.0002, 'train_acc': 1.0}
{'epoch': 100, 'train_loss': 0.0004, 'train_acc': 1.0}
{'run_num': 1, 'final_test_err': 0.19543973941368076}
Files already downloaded and verified
Files already downloaded and verified
{'epoch': 1, 'train_loss': 0.59, 'train_acc': 0.7101}
{'epoch': 2, 'train_loss': 0.3607, 'train_acc': 0.8442}
{'epoch': 3, 'train_loss': 0.2101, 'train_acc': 0.9022}
{'epoch': 4, 'train_loss': 0.1591, 'train_acc': 0.9312}
{'epoch': 5, 'train_loss': 0.0878, 'train_acc': 0.9819}
{'epoch': 6, 'train_loss': 0.0564, 'train_acc': 0.9819}
{'epoch': 7, 'train_loss': 0.0748, 'train_acc': 0.9819}
{'epoch': 8, 'train_loss': 0.0389, 'train_acc': 0.9891}
{'epoch': 9, 'train_loss': 0.0211, 'train_acc': 0.9964}
{'epoch': 10, 'train_loss': 0.0112, 'train_acc': 1.0}
{'epoch': 11, 'train_loss': 0.006, 'train_acc': 1.0}
{'epoch': 12, 'train_loss': 0.0042, 'train_acc': 1.0}
{'epoch': 13, 'train_loss': 0.0037, 'train_acc': 1.0}
{'epoch': 14, 'train_loss': 0.003, 'train_acc': 1.0}
{'epoch': 15, 'train_loss': 0.0026, 'train_acc': 1.0}
{'epoch': 16, 'train_loss': 0.0033, 'train_acc': 1.0}
{'epoch': 17, 'train_loss': 0.0024, 'train_acc': 1.0}
{'epoch': 18, 'train_loss': 0.0018, 'train_acc': 1.0}
{'epoch': 19, 'train_loss': 0.0035, 'train_acc': 1.0}
{'epoch': 20, 'train_loss': 0.0233, 'train_acc': 0.9928}
{'epoch': 21, 'train_loss': 0.0185, 'train_acc': 0.9928}
{'epoch': 22, 'train_loss': 0.0045, 'train_acc': 1.0}
{'epoch': 23, 'train_loss': 0.0031, 'train_acc': 1.0}
{'epoch': 24, 'train_loss': 0.0019, 'train_acc': 1.0}
{'epoch': 25, 'train_loss': 0.0025, 'train_acc': 1.0}
{'epoch': 26, 'train_loss': 0.0028, 'train_acc': 1.0}
{'epoch': 27, 'train_loss': 0.0013, 'train_acc': 1.0}
{'epoch': 28, 'train_loss': 0.0012, 'train_acc': 1.0}
{'epoch': 29, 'train_loss': 0.0009, 'train_acc': 1.0}
{'epoch': 30, 'train_loss': 0.0011, 'train_acc': 1.0}
{'epoch': 31, 'train_loss': 0.0008, 'train_acc': 1.0}
{'epoch': 32, 'train_loss': 0.0007, 'train_acc': 1.0}
{'epoch': 33, 'train_loss': 0.001, 'train_acc': 1.0}
{'epoch': 34, 'train_loss': 0.0007, 'train_acc': 1.0}
{'epoch': 35, 'train_loss': 0.0006, 'train_acc': 1.0}
{'epoch': 36, 'train_loss': 0.0006, 'train_acc': 1.0}
{'epoch': 37, 'train_loss': 0.0007, 'train_acc': 1.0}
{'epoch': 38, 'train_loss': 0.0006, 'train_acc': 1.0}
{'epoch': 39, 'train_loss': 0.0005, 'train_acc': 1.0}
{'epoch': 40, 'train_loss': 0.0011, 'train_acc': 1.0}
{'epoch': 41, 'train_loss': 0.0006, 'train_acc': 1.0}
{'epoch': 42, 'train_loss': 0.0012, 'train_acc': 1.0}
{'epoch': 43, 'train_loss': 0.0013, 'train_acc': 1.0}
{'epoch': 44, 'train_loss': 0.0016, 'train_acc': 1.0}
{'epoch': 45, 'train_loss': 0.0007, 'train_acc': 1.0}
{'epoch': 46, 'train_loss': 0.0006, 'train_acc': 1.0}
{'epoch': 47, 'train_loss': 0.0005, 'train_acc': 1.0}
{'epoch': 48, 'train_loss': 0.0007, 'train_acc': 1.0}
{'epoch': 49, 'train_loss': 0.0007, 'train_acc': 1.0}
{'epoch': 50, 'train_loss': 0.0005, 'train_acc': 1.0}
{'epoch': 51, 'train_loss': 0.0005, 'train_acc': 1.0}
{'epoch': 52, 'train_loss': 0.0004, 'train_acc': 1.0}
{'epoch': 53, 'train_loss': 0.0005, 'train_acc': 1.0}
{'epoch': 54, 'train_loss': 0.0004, 'train_acc': 1.0}
{'epoch': 55, 'train_loss': 0.0004, 'train_acc': 1.0}
{'epoch': 56, 'train_loss': 0.0004, 'train_acc': 1.0}
{'epoch': 57, 'train_loss': 0.0005, 'train_acc': 1.0}
{'epoch': 58, 'train_loss': 0.0004, 'train_acc': 1.0}
{'epoch': 59, 'train_loss': 0.0005, 'train_acc': 1.0}
{'epoch': 60, 'train_loss': 0.0007, 'train_acc': 1.0}
{'epoch': 61, 'train_loss': 0.0005, 'train_acc': 1.0}
{'epoch': 62, 'train_loss': 0.0003, 'train_acc': 1.0}
{'epoch': 63, 'train_loss': 0.0003, 'train_acc': 1.0}
{'epoch': 64, 'train_loss': 0.0003, 'train_acc': 1.0}
{'epoch': 65, 'train_loss': 0.0003, 'train_acc': 1.0}
{'epoch': 66, 'train_loss': 0.0004, 'train_acc': 1.0}
{'epoch': 67, 'train_loss': 0.0003, 'train_acc': 1.0}
{'epoch': 68, 'train_loss': 0.0003, 'train_acc': 1.0}
{'epoch': 69, 'train_loss': 0.0007, 'train_acc': 1.0}
{'epoch': 70, 'train_loss': 0.0003, 'train_acc': 1.0}
{'epoch': 71, 'train_loss': 0.0004, 'train_acc': 1.0}
{'epoch': 72, 'train_loss': 0.0005, 'train_acc': 1.0}
{'epoch': 73, 'train_loss': 0.0004, 'train_acc': 1.0}
{'epoch': 74, 'train_loss': 0.0004, 'train_acc': 1.0}
{'epoch': 75, 'train_loss': 0.0003, 'train_acc': 1.0}
{'epoch': 76, 'train_loss': 0.0004, 'train_acc': 1.0}
{'epoch': 77, 'train_loss': 0.0004, 'train_acc': 1.0}
{'epoch': 78, 'train_loss': 0.0003, 'train_acc': 1.0}
{'epoch': 79, 'train_loss': 0.0003, 'train_acc': 1.0}
{'epoch': 80, 'train_loss': 0.0003, 'train_acc': 1.0}
{'epoch': 81, 'train_loss': 0.0004, 'train_acc': 1.0}
{'epoch': 82, 'train_loss': 0.0003, 'train_acc': 1.0}
{'epoch': 83, 'train_loss': 0.0003, 'train_acc': 1.0}
{'epoch': 84, 'train_loss': 0.0003, 'train_acc': 1.0}
{'epoch': 85, 'train_loss': 0.0003, 'train_acc': 1.0}
{'epoch': 86, 'train_loss': 0.0003, 'train_acc': 1.0}
{'epoch': 87, 'train_loss': 0.0003, 'train_acc': 1.0}
{'epoch': 88, 'train_loss': 0.0003, 'train_acc': 1.0}
{'epoch': 89, 'train_loss': 0.0003, 'train_acc': 1.0}
{'epoch': 90, 'train_loss': 0.0003, 'train_acc': 1.0}
{'epoch': 91, 'train_loss': 0.0003, 'train_acc': 1.0}
{'epoch': 92, 'train_loss': 0.0003, 'train_acc': 1.0}
{'epoch': 93, 'train_loss': 0.0002, 'train_acc': 1.0}
{'epoch': 94, 'train_loss': 0.0004, 'train_acc': 1.0}
{'epoch': 95, 'train_loss': 0.0004, 'train_acc': 1.0}
{'epoch': 96, 'train_loss': 0.0003, 'train_acc': 1.0}
{'epoch': 97, 'train_loss': 0.0003, 'train_acc': 1.0}
{'epoch': 98, 'train_loss': 0.0004, 'train_acc': 1.0}
{'epoch': 99, 'train_loss': 0.0003, 'train_acc': 1.0}
{'epoch': 100, 'train_loss': 0.0003, 'train_acc': 1.0}
{'run_num': 2, 'final_test_err': 0.19543973941368076}
Files already downloaded and verified
Files already downloaded and verified
{'epoch': 1, 'train_loss': 0.6149, 'train_acc': 0.7065}
{'epoch': 2, 'train_loss': 0.3293, 'train_acc': 0.8406}
{'epoch': 3, 'train_loss': 0.2851, 'train_acc': 0.8841}
{'epoch': 4, 'train_loss': 0.1702, 'train_acc': 0.9384}
{'epoch': 5, 'train_loss': 0.1619, 'train_acc': 0.9312}
{'epoch': 6, 'train_loss': 0.0746, 'train_acc': 0.9783}
{'epoch': 7, 'train_loss': 0.0369, 'train_acc': 0.9928}
{'epoch': 8, 'train_loss': 0.0294, 'train_acc': 0.9891}
{'epoch': 9, 'train_loss': 0.0157, 'train_acc': 1.0}
{'epoch': 10, 'train_loss': 0.0085, 'train_acc': 1.0}
{'epoch': 11, 'train_loss': 0.0082, 'train_acc': 1.0}
{'epoch': 12, 'train_loss': 0.0108, 'train_acc': 1.0}
{'epoch': 13, 'train_loss': 0.0064, 'train_acc': 1.0}
{'epoch': 14, 'train_loss': 0.0085, 'train_acc': 0.9964}
{'epoch': 15, 'train_loss': 0.0076, 'train_acc': 1.0}
{'epoch': 16, 'train_loss': 0.0043, 'train_acc': 1.0}
{'epoch': 17, 'train_loss': 0.0029, 'train_acc': 1.0}
{'epoch': 18, 'train_loss': 0.003, 'train_acc': 1.0}
{'epoch': 19, 'train_loss': 0.0086, 'train_acc': 1.0}
{'epoch': 20, 'train_loss': 0.0171, 'train_acc': 0.9964}
{'epoch': 21, 'train_loss': 0.1161, 'train_acc': 0.9674}
{'epoch': 22, 'train_loss': 0.1373, 'train_acc': 0.9529}
{'epoch': 23, 'train_loss': 0.071, 'train_acc': 0.9638}
{'epoch': 24, 'train_loss': 0.0387, 'train_acc': 0.9783}
{'epoch': 25, 'train_loss': 0.0228, 'train_acc': 0.9964}
{'epoch': 26, 'train_loss': 0.0139, 'train_acc': 0.9964}
{'epoch': 27, 'train_loss': 0.0133, 'train_acc': 0.9964}
{'epoch': 28, 'train_loss': 0.0092, 'train_acc': 1.0}
{'epoch': 29, 'train_loss': 0.0036, 'train_acc': 1.0}
{'epoch': 30, 'train_loss': 0.003, 'train_acc': 1.0}
{'epoch': 31, 'train_loss': 0.0022, 'train_acc': 1.0}
{'epoch': 32, 'train_loss': 0.0029, 'train_acc': 1.0}
{'epoch': 33, 'train_loss': 0.0017, 'train_acc': 1.0}
{'epoch': 34, 'train_loss': 0.0022, 'train_acc': 1.0}
{'epoch': 35, 'train_loss': 0.0014, 'train_acc': 1.0}
{'epoch': 36, 'train_loss': 0.0016, 'train_acc': 1.0}
{'epoch': 37, 'train_loss': 0.0015, 'train_acc': 1.0}
{'epoch': 38, 'train_loss': 0.0022, 'train_acc': 1.0}
{'epoch': 39, 'train_loss': 0.0094, 'train_acc': 0.9964}
{'epoch': 40, 'train_loss': 0.0016, 'train_acc': 1.0}
{'epoch': 41, 'train_loss': 0.002, 'train_acc': 1.0}
{'epoch': 42, 'train_loss': 0.0015, 'train_acc': 1.0}
{'epoch': 43, 'train_loss': 0.0011, 'train_acc': 1.0}
{'epoch': 44, 'train_loss': 0.0014, 'train_acc': 1.0}
{'epoch': 45, 'train_loss': 0.0011, 'train_acc': 1.0}
{'epoch': 46, 'train_loss': 0.0014, 'train_acc': 1.0}
{'epoch': 47, 'train_loss': 0.0011, 'train_acc': 1.0}
{'epoch': 48, 'train_loss': 0.0009, 'train_acc': 1.0}
{'epoch': 49, 'train_loss': 0.0008, 'train_acc': 1.0}
{'epoch': 50, 'train_loss': 0.0008, 'train_acc': 1.0}
{'epoch': 51, 'train_loss': 0.0006, 'train_acc': 1.0}
{'epoch': 52, 'train_loss': 0.0008, 'train_acc': 1.0}
{'epoch': 53, 'train_loss': 0.0008, 'train_acc': 1.0}
{'epoch': 54, 'train_loss': 0.0008, 'train_acc': 1.0}
{'epoch': 55, 'train_loss': 0.0008, 'train_acc': 1.0}
{'epoch': 56, 'train_loss': 0.0006, 'train_acc': 1.0}
{'epoch': 57, 'train_loss': 0.0006, 'train_acc': 1.0}
{'epoch': 58, 'train_loss': 0.0008, 'train_acc': 1.0}
{'epoch': 59, 'train_loss': 0.0008, 'train_acc': 1.0}
{'epoch': 60, 'train_loss': 0.0006, 'train_acc': 1.0}
{'epoch': 61, 'train_loss': 0.0006, 'train_acc': 1.0}
{'epoch': 62, 'train_loss': 0.0007, 'train_acc': 1.0}
{'epoch': 63, 'train_loss': 0.0005, 'train_acc': 1.0}
{'epoch': 64, 'train_loss': 0.0007, 'train_acc': 1.0}
{'epoch': 65, 'train_loss': 0.0005, 'train_acc': 1.0}
{'epoch': 66, 'train_loss': 0.0006, 'train_acc': 1.0}
{'epoch': 67, 'train_loss': 0.0006, 'train_acc': 1.0}
{'epoch': 68, 'train_loss': 0.0006, 'train_acc': 1.0}
{'epoch': 69, 'train_loss': 0.0005, 'train_acc': 1.0}
{'epoch': 70, 'train_loss': 0.0006, 'train_acc': 1.0}
{'epoch': 71, 'train_loss': 0.0005, 'train_acc': 1.0}
{'epoch': 72, 'train_loss': 0.0005, 'train_acc': 1.0}
{'epoch': 73, 'train_loss': 0.0005, 'train_acc': 1.0}
{'epoch': 74, 'train_loss': 0.0005, 'train_acc': 1.0}
{'epoch': 75, 'train_loss': 0.0004, 'train_acc': 1.0}
{'epoch': 76, 'train_loss': 0.0005, 'train_acc': 1.0}
{'epoch': 77, 'train_loss': 0.0006, 'train_acc': 1.0}
{'epoch': 78, 'train_loss': 0.0005, 'train_acc': 1.0}
{'epoch': 79, 'train_loss': 0.0004, 'train_acc': 1.0}
{'epoch': 80, 'train_loss': 0.0004, 'train_acc': 1.0}
{'epoch': 81, 'train_loss': 0.0006, 'train_acc': 1.0}
{'epoch': 82, 'train_loss': 0.0006, 'train_acc': 1.0}
{'epoch': 83, 'train_loss': 0.0005, 'train_acc': 1.0}
{'epoch': 84, 'train_loss': 0.0005, 'train_acc': 1.0}
{'epoch': 85, 'train_loss': 0.0004, 'train_acc': 1.0}
{'epoch': 86, 'train_loss': 0.0005, 'train_acc': 1.0}
{'epoch': 87, 'train_loss': 0.0005, 'train_acc': 1.0}
{'epoch': 88, 'train_loss': 0.0004, 'train_acc': 1.0}
{'epoch': 89, 'train_loss': 0.0004, 'train_acc': 1.0}
{'epoch': 90, 'train_loss': 0.0007, 'train_acc': 1.0}
{'epoch': 91, 'train_loss': 0.0005, 'train_acc': 1.0}
{'epoch': 92, 'train_loss': 0.0006, 'train_acc': 1.0}
{'epoch': 93, 'train_loss': 0.0005, 'train_acc': 1.0}
{'epoch': 94, 'train_loss': 0.0004, 'train_acc': 1.0}
{'epoch': 95, 'train_loss': 0.0004, 'train_acc': 1.0}
{'epoch': 96, 'train_loss': 0.0006, 'train_acc': 1.0}
{'epoch': 97, 'train_loss': 0.0004, 'train_acc': 1.0}
{'epoch': 98, 'train_loss': 0.0004, 'train_acc': 1.0}
{'epoch': 99, 'train_loss': 0.0004, 'train_acc': 1.0}
{'epoch': 100, 'train_loss': 0.0006, 'train_acc': 1.0}
{'run_num': 3, 'final_test_err': 0.2280130293159609}
Files already downloaded and verified
Files already downloaded and verified
{'epoch': 1, 'train_loss': 0.5523, 'train_acc': 0.7355}
{'epoch': 2, 'train_loss': 0.369, 'train_acc': 0.837}
{'epoch': 3, 'train_loss': 0.2426, 'train_acc': 0.8913}
{'epoch': 4, 'train_loss': 0.1452, 'train_acc': 0.9312}
{'epoch': 5, 'train_loss': 0.1545, 'train_acc': 0.9493}
{'epoch': 6, 'train_loss': 0.1056, 'train_acc': 0.9529}
{'epoch': 7, 'train_loss': 0.0968, 'train_acc': 0.9746}
{'epoch': 8, 'train_loss': 0.056, 'train_acc': 0.9746}
{'epoch': 9, 'train_loss': 0.0309, 'train_acc': 0.9819}
{'epoch': 10, 'train_loss': 0.034, 'train_acc': 0.9928}
{'epoch': 11, 'train_loss': 0.0201, 'train_acc': 0.9964}
{'epoch': 12, 'train_loss': 0.0149, 'train_acc': 1.0}
{'epoch': 13, 'train_loss': 0.0122, 'train_acc': 0.9964}
{'epoch': 14, 'train_loss': 0.0056, 'train_acc': 1.0}
{'epoch': 15, 'train_loss': 0.0037, 'train_acc': 1.0}
{'epoch': 16, 'train_loss': 0.0024, 'train_acc': 1.0}
{'epoch': 17, 'train_loss': 0.0021, 'train_acc': 1.0}
{'epoch': 18, 'train_loss': 0.0018, 'train_acc': 1.0}
{'epoch': 19, 'train_loss': 0.0019, 'train_acc': 1.0}
{'epoch': 20, 'train_loss': 0.0012, 'train_acc': 1.0}
{'epoch': 21, 'train_loss': 0.0025, 'train_acc': 1.0}
{'epoch': 22, 'train_loss': 0.022, 'train_acc': 0.9928}
{'epoch': 23, 'train_loss': 0.0268, 'train_acc': 0.9928}
{'epoch': 24, 'train_loss': 0.0071, 'train_acc': 1.0}
{'epoch': 25, 'train_loss': 0.0087, 'train_acc': 0.9964}
{'epoch': 26, 'train_loss': 0.0055, 'train_acc': 1.0}
{'epoch': 27, 'train_loss': 0.0032, 'train_acc': 1.0}
{'epoch': 28, 'train_loss': 0.0023, 'train_acc': 1.0}
{'epoch': 29, 'train_loss': 0.0013, 'train_acc': 1.0}
{'epoch': 30, 'train_loss': 0.0043, 'train_acc': 1.0}
{'epoch': 31, 'train_loss': 0.003, 'train_acc': 1.0}
{'epoch': 32, 'train_loss': 0.0025, 'train_acc': 1.0}
{'epoch': 33, 'train_loss': 0.0008, 'train_acc': 1.0}
{'epoch': 34, 'train_loss': 0.0008, 'train_acc': 1.0}
{'epoch': 35, 'train_loss': 0.0009, 'train_acc': 1.0}
{'epoch': 36, 'train_loss': 0.0005, 'train_acc': 1.0}
{'epoch': 37, 'train_loss': 0.0007, 'train_acc': 1.0}
{'epoch': 38, 'train_loss': 0.0005, 'train_acc': 1.0}
{'epoch': 39, 'train_loss': 0.0007, 'train_acc': 1.0}
{'epoch': 40, 'train_loss': 0.0008, 'train_acc': 1.0}
{'epoch': 41, 'train_loss': 0.0005, 'train_acc': 1.0}
{'epoch': 42, 'train_loss': 0.0004, 'train_acc': 1.0}
{'epoch': 43, 'train_loss': 0.0006, 'train_acc': 1.0}
{'epoch': 44, 'train_loss': 0.0006, 'train_acc': 1.0}
{'epoch': 45, 'train_loss': 0.0011, 'train_acc': 1.0}
{'epoch': 46, 'train_loss': 0.0014, 'train_acc': 1.0}
{'epoch': 47, 'train_loss': 0.0007, 'train_acc': 1.0}
{'epoch': 48, 'train_loss': 0.001, 'train_acc': 1.0}
{'epoch': 49, 'train_loss': 0.0008, 'train_acc': 1.0}
{'epoch': 50, 'train_loss': 0.0005, 'train_acc': 1.0}
{'epoch': 51, 'train_loss': 0.0004, 'train_acc': 1.0}
{'epoch': 52, 'train_loss': 0.0003, 'train_acc': 1.0}
{'epoch': 53, 'train_loss': 0.0019, 'train_acc': 1.0}
{'epoch': 54, 'train_loss': 0.0022, 'train_acc': 1.0}
{'epoch': 55, 'train_loss': 0.0024, 'train_acc': 1.0}
{'epoch': 56, 'train_loss': 0.0008, 'train_acc': 1.0}
{'epoch': 57, 'train_loss': 0.0007, 'train_acc': 1.0}
{'epoch': 58, 'train_loss': 0.0004, 'train_acc': 1.0}
{'epoch': 59, 'train_loss': 0.0004, 'train_acc': 1.0}
{'epoch': 60, 'train_loss': 0.0005, 'train_acc': 1.0}
{'epoch': 61, 'train_loss': 0.0005, 'train_acc': 1.0}
{'epoch': 62, 'train_loss': 0.0004, 'train_acc': 1.0}
{'epoch': 63, 'train_loss': 0.0011, 'train_acc': 1.0}
{'epoch': 64, 'train_loss': 0.0006, 'train_acc': 1.0}
{'epoch': 65, 'train_loss': 0.0006, 'train_acc': 1.0}
{'epoch': 66, 'train_loss': 0.0004, 'train_acc': 1.0}
{'epoch': 67, 'train_loss': 0.0004, 'train_acc': 1.0}
{'epoch': 68, 'train_loss': 0.0003, 'train_acc': 1.0}
{'epoch': 69, 'train_loss': 0.0004, 'train_acc': 1.0}
{'epoch': 70, 'train_loss': 0.0006, 'train_acc': 1.0}
{'epoch': 71, 'train_loss': 0.0004, 'train_acc': 1.0}
{'epoch': 72, 'train_loss': 0.0005, 'train_acc': 1.0}
{'epoch': 73, 'train_loss': 0.0004, 'train_acc': 1.0}
{'epoch': 74, 'train_loss': 0.0003, 'train_acc': 1.0}
{'epoch': 75, 'train_loss': 0.0005, 'train_acc': 1.0}
{'epoch': 76, 'train_loss': 0.0005, 'train_acc': 1.0}
{'epoch': 77, 'train_loss': 0.0004, 'train_acc': 1.0}
{'epoch': 78, 'train_loss': 0.0003, 'train_acc': 1.0}
{'epoch': 79, 'train_loss': 0.0004, 'train_acc': 1.0}
{'epoch': 80, 'train_loss': 0.0004, 'train_acc': 1.0}
{'epoch': 81, 'train_loss': 0.0005, 'train_acc': 1.0}
{'epoch': 82, 'train_loss': 0.0004, 'train_acc': 1.0}
{'epoch': 83, 'train_loss': 0.0003, 'train_acc': 1.0}
{'epoch': 84, 'train_loss': 0.0004, 'train_acc': 1.0}
{'epoch': 85, 'train_loss': 0.0003, 'train_acc': 1.0}
{'epoch': 86, 'train_loss': 0.0005, 'train_acc': 1.0}
{'epoch': 87, 'train_loss': 0.0004, 'train_acc': 1.0}
{'epoch': 88, 'train_loss': 0.0003, 'train_acc': 1.0}
{'epoch': 89, 'train_loss': 0.0003, 'train_acc': 1.0}
{'epoch': 90, 'train_loss': 0.0003, 'train_acc': 1.0}
{'epoch': 91, 'train_loss': 0.0003, 'train_acc': 1.0}
{'epoch': 92, 'train_loss': 0.0002, 'train_acc': 1.0}
{'epoch': 93, 'train_loss': 0.0004, 'train_acc': 1.0}
{'epoch': 94, 'train_loss': 0.0008, 'train_acc': 1.0}
{'epoch': 95, 'train_loss': 0.0008, 'train_acc': 1.0}
{'epoch': 96, 'train_loss': 0.0005, 'train_acc': 1.0}
{'epoch': 97, 'train_loss': 0.0003, 'train_acc': 1.0}
{'epoch': 98, 'train_loss': 0.0003, 'train_acc': 1.0}
{'epoch': 99, 'train_loss': 0.0003, 'train_acc': 1.0}
{'epoch': 100, 'train_loss': 0.0005, 'train_acc': 1.0}
{'run_num': 4, 'final_test_err': 0.16938110749185664}
Files already downloaded and verified
Files already downloaded and verified
{'epoch': 1, 'train_loss': 0.5253, 'train_acc': 0.7138}
{'epoch': 2, 'train_loss': 0.3168, 'train_acc': 0.8732}
{'epoch': 3, 'train_loss': 0.2192, 'train_acc': 0.9094}
{'epoch': 4, 'train_loss': 0.1395, 'train_acc': 0.9493}
{'epoch': 5, 'train_loss': 0.1532, 'train_acc': 0.9312}
{'epoch': 6, 'train_loss': 0.0558, 'train_acc': 0.9746}
{'epoch': 7, 'train_loss': 0.1032, 'train_acc': 0.9601}
{'epoch': 8, 'train_loss': 0.0624, 'train_acc': 0.9855}
{'epoch': 9, 'train_loss': 0.0418, 'train_acc': 0.9855}
{'epoch': 10, 'train_loss': 0.015, 'train_acc': 1.0}
{'epoch': 11, 'train_loss': 0.0062, 'train_acc': 1.0}
{'epoch': 12, 'train_loss': 0.005, 'train_acc': 1.0}
{'epoch': 13, 'train_loss': 0.0092, 'train_acc': 0.9964}
{'epoch': 14, 'train_loss': 0.0031, 'train_acc': 1.0}
{'epoch': 15, 'train_loss': 0.0034, 'train_acc': 1.0}
{'epoch': 16, 'train_loss': 0.0032, 'train_acc': 1.0}
{'epoch': 17, 'train_loss': 0.0019, 'train_acc': 1.0}
{'epoch': 18, 'train_loss': 0.0029, 'train_acc': 1.0}
{'epoch': 19, 'train_loss': 0.002, 'train_acc': 1.0}
{'epoch': 20, 'train_loss': 0.0024, 'train_acc': 1.0}
{'epoch': 21, 'train_loss': 0.0017, 'train_acc': 1.0}
{'epoch': 22, 'train_loss': 0.0014, 'train_acc': 1.0}
{'epoch': 23, 'train_loss': 0.001, 'train_acc': 1.0}
{'epoch': 24, 'train_loss': 0.0011, 'train_acc': 1.0}
{'epoch': 25, 'train_loss': 0.0016, 'train_acc': 1.0}
{'epoch': 26, 'train_loss': 0.002, 'train_acc': 1.0}
{'epoch': 27, 'train_loss': 0.0011, 'train_acc': 1.0}
{'epoch': 28, 'train_loss': 0.0119, 'train_acc': 0.9964}
{'epoch': 29, 'train_loss': 0.1197, 'train_acc': 0.9601}
{'epoch': 30, 'train_loss': 0.0733, 'train_acc': 0.9819}
{'epoch': 31, 'train_loss': 0.0235, 'train_acc': 0.9928}
{'epoch': 32, 'train_loss': 0.011, 'train_acc': 1.0}
{'epoch': 33, 'train_loss': 0.0282, 'train_acc': 0.9891}
{'epoch': 34, 'train_loss': 0.0091, 'train_acc': 1.0}
{'epoch': 35, 'train_loss': 0.0043, 'train_acc': 1.0}
{'epoch': 36, 'train_loss': 0.0024, 'train_acc': 1.0}
{'epoch': 37, 'train_loss': 0.0021, 'train_acc': 1.0}
{'epoch': 38, 'train_loss': 0.0019, 'train_acc': 1.0}
{'epoch': 39, 'train_loss': 0.0015, 'train_acc': 1.0}
{'epoch': 40, 'train_loss': 0.0014, 'train_acc': 1.0}
{'epoch': 41, 'train_loss': 0.0016, 'train_acc': 1.0}
{'epoch': 42, 'train_loss': 0.0019, 'train_acc': 1.0}
{'epoch': 43, 'train_loss': 0.0013, 'train_acc': 1.0}
{'epoch': 44, 'train_loss': 0.0014, 'train_acc': 1.0}
{'epoch': 45, 'train_loss': 0.0009, 'train_acc': 1.0}
{'epoch': 46, 'train_loss': 0.0011, 'train_acc': 1.0}
{'epoch': 47, 'train_loss': 0.0009, 'train_acc': 1.0}
{'epoch': 48, 'train_loss': 0.0008, 'train_acc': 1.0}
{'epoch': 49, 'train_loss': 0.0009, 'train_acc': 1.0}
{'epoch': 50, 'train_loss': 0.0008, 'train_acc': 1.0}
{'epoch': 51, 'train_loss': 0.0011, 'train_acc': 1.0}
{'epoch': 52, 'train_loss': 0.0008, 'train_acc': 1.0}
{'epoch': 53, 'train_loss': 0.0008, 'train_acc': 1.0}
{'epoch': 54, 'train_loss': 0.0006, 'train_acc': 1.0}
{'epoch': 55, 'train_loss': 0.0006, 'train_acc': 1.0}
{'epoch': 56, 'train_loss': 0.0007, 'train_acc': 1.0}
{'epoch': 57, 'train_loss': 0.0007, 'train_acc': 1.0}
{'epoch': 58, 'train_loss': 0.0006, 'train_acc': 1.0}
{'epoch': 59, 'train_loss': 0.0008, 'train_acc': 1.0}
{'epoch': 60, 'train_loss': 0.0009, 'train_acc': 1.0}
{'epoch': 61, 'train_loss': 0.0007, 'train_acc': 1.0}
{'epoch': 62, 'train_loss': 0.0008, 'train_acc': 1.0}
{'epoch': 63, 'train_loss': 0.0005, 'train_acc': 1.0}
{'epoch': 64, 'train_loss': 0.0006, 'train_acc': 1.0}
{'epoch': 65, 'train_loss': 0.0008, 'train_acc': 1.0}
{'epoch': 66, 'train_loss': 0.0004, 'train_acc': 1.0}
{'epoch': 67, 'train_loss': 0.0007, 'train_acc': 1.0}
{'epoch': 68, 'train_loss': 0.0004, 'train_acc': 1.0}
{'epoch': 69, 'train_loss': 0.0005, 'train_acc': 1.0}
{'epoch': 70, 'train_loss': 0.0006, 'train_acc': 1.0}
{'epoch': 71, 'train_loss': 0.0005, 'train_acc': 1.0}
{'epoch': 72, 'train_loss': 0.0007, 'train_acc': 1.0}
{'epoch': 73, 'train_loss': 0.0005, 'train_acc': 1.0}
{'epoch': 74, 'train_loss': 0.0006, 'train_acc': 1.0}
{'epoch': 75, 'train_loss': 0.0005, 'train_acc': 1.0}
{'epoch': 76, 'train_loss': 0.0005, 'train_acc': 1.0}
{'epoch': 77, 'train_loss': 0.0005, 'train_acc': 1.0}
{'epoch': 78, 'train_loss': 0.0005, 'train_acc': 1.0}
{'epoch': 79, 'train_loss': 0.0005, 'train_acc': 1.0}
{'epoch': 80, 'train_loss': 0.0005, 'train_acc': 1.0}
{'epoch': 81, 'train_loss': 0.0006, 'train_acc': 1.0}
{'epoch': 82, 'train_loss': 0.0005, 'train_acc': 1.0}
{'epoch': 83, 'train_loss': 0.0005, 'train_acc': 1.0}
{'epoch': 84, 'train_loss': 0.0004, 'train_acc': 1.0}
{'epoch': 85, 'train_loss': 0.0004, 'train_acc': 1.0}
{'epoch': 86, 'train_loss': 0.0006, 'train_acc': 1.0}
{'epoch': 87, 'train_loss': 0.0004, 'train_acc': 1.0}
{'epoch': 88, 'train_loss': 0.0005, 'train_acc': 1.0}
{'epoch': 89, 'train_loss': 0.0005, 'train_acc': 1.0}
{'epoch': 90, 'train_loss': 0.0004, 'train_acc': 1.0}
{'epoch': 91, 'train_loss': 0.0005, 'train_acc': 1.0}
{'epoch': 92, 'train_loss': 0.0006, 'train_acc': 1.0}
{'epoch': 93, 'train_loss': 0.0005, 'train_acc': 1.0}
{'epoch': 94, 'train_loss': 0.0005, 'train_acc': 1.0}
{'epoch': 95, 'train_loss': 0.0005, 'train_acc': 1.0}
{'epoch': 96, 'train_loss': 0.0004, 'train_acc': 1.0}
{'epoch': 97, 'train_loss': 0.0004, 'train_acc': 1.0}
{'epoch': 98, 'train_loss': 0.0005, 'train_acc': 1.0}
{'epoch': 99, 'train_loss': 0.0007, 'train_acc': 1.0}
{'epoch': 100, 'train_loss': 0.0005, 'train_acc': 1.0}
{'run_num': 5, 'final_test_err': 0.17915309446254069}
Files already downloaded and verified
Files already downloaded and verified
{'epoch': 1, 'train_loss': 0.5362, 'train_acc': 0.7609}
{'epoch': 2, 'train_loss': 0.3269, 'train_acc': 0.8478}
{'epoch': 3, 'train_loss': 0.1609, 'train_acc': 0.9457}
{'epoch': 4, 'train_loss': 0.084, 'train_acc': 0.9674}
{'epoch': 5, 'train_loss': 0.0567, 'train_acc': 0.9855}
{'epoch': 6, 'train_loss': 0.0376, 'train_acc': 0.9891}
{'epoch': 7, 'train_loss': 0.0241, 'train_acc': 0.9964}
{'epoch': 8, 'train_loss': 0.0103, 'train_acc': 1.0}
{'epoch': 9, 'train_loss': 0.01, 'train_acc': 1.0}
{'epoch': 10, 'train_loss': 0.0038, 'train_acc': 1.0}
{'epoch': 11, 'train_loss': 0.0019, 'train_acc': 1.0}
{'epoch': 12, 'train_loss': 0.0025, 'train_acc': 1.0}
{'epoch': 13, 'train_loss': 0.0027, 'train_acc': 1.0}
{'epoch': 14, 'train_loss': 0.0024, 'train_acc': 1.0}
{'epoch': 15, 'train_loss': 0.0018, 'train_acc': 1.0}
{'epoch': 16, 'train_loss': 0.0018, 'train_acc': 1.0}
{'epoch': 17, 'train_loss': 0.0029, 'train_acc': 1.0}
{'epoch': 18, 'train_loss': 0.0016, 'train_acc': 1.0}
{'epoch': 19, 'train_loss': 0.0011, 'train_acc': 1.0}
{'epoch': 20, 'train_loss': 0.0015, 'train_acc': 1.0}
{'epoch': 21, 'train_loss': 0.0008, 'train_acc': 1.0}
{'epoch': 22, 'train_loss': 0.0006, 'train_acc': 1.0}
{'epoch': 23, 'train_loss': 0.0008, 'train_acc': 1.0}
{'epoch': 24, 'train_loss': 0.0005, 'train_acc': 1.0}
{'epoch': 25, 'train_loss': 0.001, 'train_acc': 1.0}
{'epoch': 26, 'train_loss': 0.0009, 'train_acc': 1.0}
{'epoch': 27, 'train_loss': 0.0008, 'train_acc': 1.0}
{'epoch': 28, 'train_loss': 0.0007, 'train_acc': 1.0}
{'epoch': 29, 'train_loss': 0.0006, 'train_acc': 1.0}
{'epoch': 30, 'train_loss': 0.0004, 'train_acc': 1.0}
{'epoch': 31, 'train_loss': 0.0005, 'train_acc': 1.0}
{'epoch': 32, 'train_loss': 0.0005, 'train_acc': 1.0}
{'epoch': 33, 'train_loss': 0.0004, 'train_acc': 1.0}
{'epoch': 34, 'train_loss': 0.0005, 'train_acc': 1.0}
{'epoch': 35, 'train_loss': 0.0004, 'train_acc': 1.0}
{'epoch': 36, 'train_loss': 0.0005, 'train_acc': 1.0}
{'epoch': 37, 'train_loss': 0.0003, 'train_acc': 1.0}
{'epoch': 38, 'train_loss': 0.0005, 'train_acc': 1.0}
{'epoch': 39, 'train_loss': 0.0005, 'train_acc': 1.0}
{'epoch': 40, 'train_loss': 0.0005, 'train_acc': 1.0}
{'epoch': 41, 'train_loss': 0.0005, 'train_acc': 1.0}
{'epoch': 42, 'train_loss': 0.0003, 'train_acc': 1.0}
{'epoch': 43, 'train_loss': 0.0005, 'train_acc': 1.0}
{'epoch': 44, 'train_loss': 0.0006, 'train_acc': 1.0}
{'epoch': 45, 'train_loss': 0.0005, 'train_acc': 1.0}
{'epoch': 46, 'train_loss': 0.0006, 'train_acc': 1.0}
{'epoch': 47, 'train_loss': 0.0004, 'train_acc': 1.0}
{'epoch': 48, 'train_loss': 0.0004, 'train_acc': 1.0}
{'epoch': 49, 'train_loss': 0.0003, 'train_acc': 1.0}
{'epoch': 50, 'train_loss': 0.0003, 'train_acc': 1.0}
{'epoch': 51, 'train_loss': 0.0004, 'train_acc': 1.0}
{'epoch': 52, 'train_loss': 0.0003, 'train_acc': 1.0}
{'epoch': 53, 'train_loss': 0.0004, 'train_acc': 1.0}
{'epoch': 54, 'train_loss': 0.0004, 'train_acc': 1.0}
{'epoch': 55, 'train_loss': 0.0003, 'train_acc': 1.0}
{'epoch': 56, 'train_loss': 0.0005, 'train_acc': 1.0}
{'epoch': 57, 'train_loss': 0.0003, 'train_acc': 1.0}
{'epoch': 58, 'train_loss': 0.0003, 'train_acc': 1.0}
{'epoch': 59, 'train_loss': 0.0002, 'train_acc': 1.0}
{'epoch': 60, 'train_loss': 0.0003, 'train_acc': 1.0}
{'epoch': 61, 'train_loss': 0.0002, 'train_acc': 1.0}
{'epoch': 62, 'train_loss': 0.0003, 'train_acc': 1.0}
{'epoch': 63, 'train_loss': 0.0003, 'train_acc': 1.0}
{'epoch': 64, 'train_loss': 0.0003, 'train_acc': 1.0}
{'epoch': 65, 'train_loss': 0.0002, 'train_acc': 1.0}
{'epoch': 66, 'train_loss': 0.0004, 'train_acc': 1.0}
{'epoch': 67, 'train_loss': 0.0003, 'train_acc': 1.0}
{'epoch': 68, 'train_loss': 0.0002, 'train_acc': 1.0}
{'epoch': 69, 'train_loss': 0.0005, 'train_acc': 1.0}
{'epoch': 70, 'train_loss': 0.0002, 'train_acc': 1.0}
{'epoch': 71, 'train_loss': 0.0003, 'train_acc': 1.0}
{'epoch': 72, 'train_loss': 0.0002, 'train_acc': 1.0}
{'epoch': 73, 'train_loss': 0.0003, 'train_acc': 1.0}
{'epoch': 74, 'train_loss': 0.0018, 'train_acc': 1.0}
{'epoch': 75, 'train_loss': 0.0004, 'train_acc': 1.0}
{'epoch': 76, 'train_loss': 0.0005, 'train_acc': 1.0}
{'epoch': 77, 'train_loss': 0.0005, 'train_acc': 1.0}
{'epoch': 78, 'train_loss': 0.0009, 'train_acc': 1.0}
{'epoch': 79, 'train_loss': 0.0003, 'train_acc': 1.0}
{'epoch': 80, 'train_loss': 0.0006, 'train_acc': 1.0}
{'epoch': 81, 'train_loss': 0.0003, 'train_acc': 1.0}
{'epoch': 82, 'train_loss': 0.0003, 'train_acc': 1.0}
{'epoch': 83, 'train_loss': 0.0003, 'train_acc': 1.0}
{'epoch': 84, 'train_loss': 0.0004, 'train_acc': 1.0}
{'epoch': 85, 'train_loss': 0.0004, 'train_acc': 1.0}
{'epoch': 86, 'train_loss': 0.0004, 'train_acc': 1.0}
{'epoch': 87, 'train_loss': 0.0004, 'train_acc': 1.0}
{'epoch': 88, 'train_loss': 0.0006, 'train_acc': 1.0}
{'epoch': 89, 'train_loss': 0.0006, 'train_acc': 1.0}
{'epoch': 90, 'train_loss': 0.0004, 'train_acc': 1.0}
{'epoch': 91, 'train_loss': 0.0009, 'train_acc': 1.0}
{'epoch': 92, 'train_loss': 0.0004, 'train_acc': 1.0}
{'epoch': 93, 'train_loss': 0.0004, 'train_acc': 1.0}
{'epoch': 94, 'train_loss': 0.0003, 'train_acc': 1.0}
{'epoch': 95, 'train_loss': 0.0004, 'train_acc': 1.0}
{'epoch': 96, 'train_loss': 0.0004, 'train_acc': 1.0}
{'epoch': 97, 'train_loss': 0.0003, 'train_acc': 1.0}
{'epoch': 98, 'train_loss': 0.0004, 'train_acc': 1.0}
{'epoch': 99, 'train_loss': 0.0003, 'train_acc': 1.0}
{'epoch': 100, 'train_loss': 0.0003, 'train_acc': 1.0}
{'run_num': 6, 'final_test_err': 0.14983713355048855}
Files already downloaded and verified
Files already downloaded and verified
{'epoch': 1, 'train_loss': 0.5572, 'train_acc': 0.7536}
{'epoch': 2, 'train_loss': 0.3767, 'train_acc': 0.8297}
{'epoch': 3, 'train_loss': 0.2552, 'train_acc': 0.8949}
{'epoch': 4, 'train_loss': 0.1604, 'train_acc': 0.9348}
{'epoch': 5, 'train_loss': 0.0798, 'train_acc': 0.9783}
{'epoch': 6, 'train_loss': 0.0432, 'train_acc': 0.9891}
{'epoch': 7, 'train_loss': 0.0261, 'train_acc': 0.9964}
{'epoch': 8, 'train_loss': 0.0129, 'train_acc': 1.0}
{'epoch': 9, 'train_loss': 0.0088, 'train_acc': 1.0}
{'epoch': 10, 'train_loss': 0.005, 'train_acc': 1.0}
{'epoch': 11, 'train_loss': 0.0078, 'train_acc': 1.0}
{'epoch': 12, 'train_loss': 0.0046, 'train_acc': 1.0}
{'epoch': 13, 'train_loss': 0.004, 'train_acc': 1.0}
{'epoch': 14, 'train_loss': 0.0036, 'train_acc': 1.0}
{'epoch': 15, 'train_loss': 0.003, 'train_acc': 1.0}
{'epoch': 16, 'train_loss': 0.0024, 'train_acc': 1.0}
{'epoch': 17, 'train_loss': 0.0063, 'train_acc': 1.0}
{'epoch': 18, 'train_loss': 0.0038, 'train_acc': 1.0}
{'epoch': 19, 'train_loss': 0.0022, 'train_acc': 1.0}
{'epoch': 20, 'train_loss': 0.0013, 'train_acc': 1.0}
{'epoch': 21, 'train_loss': 0.0013, 'train_acc': 1.0}
{'epoch': 22, 'train_loss': 0.0014, 'train_acc': 1.0}
{'epoch': 23, 'train_loss': 0.0011, 'train_acc': 1.0}
{'epoch': 24, 'train_loss': 0.001, 'train_acc': 1.0}
{'epoch': 25, 'train_loss': 0.0018, 'train_acc': 1.0}
{'epoch': 26, 'train_loss': 0.0009, 'train_acc': 1.0}
{'epoch': 27, 'train_loss': 0.0006, 'train_acc': 1.0}
{'epoch': 28, 'train_loss': 0.0006, 'train_acc': 1.0}
{'epoch': 29, 'train_loss': 0.0007, 'train_acc': 1.0}
{'epoch': 30, 'train_loss': 0.0005, 'train_acc': 1.0}
{'epoch': 31, 'train_loss': 0.0004, 'train_acc': 1.0}
{'epoch': 32, 'train_loss': 0.0006, 'train_acc': 1.0}
{'epoch': 33, 'train_loss': 0.0006, 'train_acc': 1.0}
{'epoch': 34, 'train_loss': 0.0005, 'train_acc': 1.0}
{'epoch': 35, 'train_loss': 0.0006, 'train_acc': 1.0}
{'epoch': 36, 'train_loss': 0.0005, 'train_acc': 1.0}
{'epoch': 37, 'train_loss': 0.0005, 'train_acc': 1.0}
{'epoch': 38, 'train_loss': 0.0005, 'train_acc': 1.0}
{'epoch': 39, 'train_loss': 0.0006, 'train_acc': 1.0}
{'epoch': 40, 'train_loss': 0.0004, 'train_acc': 1.0}
{'epoch': 41, 'train_loss': 0.0003, 'train_acc': 1.0}
{'epoch': 42, 'train_loss': 0.0004, 'train_acc': 1.0}
{'epoch': 43, 'train_loss': 0.0003, 'train_acc': 1.0}
{'epoch': 44, 'train_loss': 0.0005, 'train_acc': 1.0}
{'epoch': 45, 'train_loss': 0.0006, 'train_acc': 1.0}
{'epoch': 46, 'train_loss': 0.0004, 'train_acc': 1.0}
{'epoch': 47, 'train_loss': 0.0003, 'train_acc': 1.0}
{'epoch': 48, 'train_loss': 0.0003, 'train_acc': 1.0}
{'epoch': 49, 'train_loss': 0.0005, 'train_acc': 1.0}
{'epoch': 50, 'train_loss': 0.0004, 'train_acc': 1.0}
{'epoch': 51, 'train_loss': 0.0003, 'train_acc': 1.0}
{'epoch': 52, 'train_loss': 0.0003, 'train_acc': 1.0}
{'epoch': 53, 'train_loss': 0.0003, 'train_acc': 1.0}
{'epoch': 54, 'train_loss': 0.0003, 'train_acc': 1.0}
{'epoch': 55, 'train_loss': 0.0003, 'train_acc': 1.0}
{'epoch': 56, 'train_loss': 0.0003, 'train_acc': 1.0}
{'epoch': 57, 'train_loss': 0.0003, 'train_acc': 1.0}
{'epoch': 58, 'train_loss': 0.0003, 'train_acc': 1.0}
{'epoch': 59, 'train_loss': 0.0003, 'train_acc': 1.0}
{'epoch': 60, 'train_loss': 0.0004, 'train_acc': 1.0}
{'epoch': 61, 'train_loss': 0.0003, 'train_acc': 1.0}
{'epoch': 62, 'train_loss': 0.0003, 'train_acc': 1.0}
{'epoch': 63, 'train_loss': 0.0006, 'train_acc': 1.0}
{'epoch': 64, 'train_loss': 0.0003, 'train_acc': 1.0}
{'epoch': 65, 'train_loss': 0.0005, 'train_acc': 1.0}
{'epoch': 66, 'train_loss': 0.0003, 'train_acc': 1.0}
{'epoch': 67, 'train_loss': 0.0004, 'train_acc': 1.0}
{'epoch': 68, 'train_loss': 0.0005, 'train_acc': 1.0}
{'epoch': 69, 'train_loss': 0.0003, 'train_acc': 1.0}
{'epoch': 70, 'train_loss': 0.0004, 'train_acc': 1.0}
{'epoch': 71, 'train_loss': 0.0002, 'train_acc': 1.0}
{'epoch': 72, 'train_loss': 0.0003, 'train_acc': 1.0}
{'epoch': 73, 'train_loss': 0.0003, 'train_acc': 1.0}
{'epoch': 74, 'train_loss': 0.0003, 'train_acc': 1.0}
{'epoch': 75, 'train_loss': 0.0003, 'train_acc': 1.0}
{'epoch': 76, 'train_loss': 0.0002, 'train_acc': 1.0}
{'epoch': 77, 'train_loss': 0.0003, 'train_acc': 1.0}
{'epoch': 78, 'train_loss': 0.0003, 'train_acc': 1.0}
{'epoch': 79, 'train_loss': 0.0002, 'train_acc': 1.0}
{'epoch': 80, 'train_loss': 0.0003, 'train_acc': 1.0}
{'epoch': 81, 'train_loss': 0.0004, 'train_acc': 1.0}
{'epoch': 82, 'train_loss': 0.0002, 'train_acc': 1.0}
{'epoch': 83, 'train_loss': 0.0003, 'train_acc': 1.0}
{'epoch': 84, 'train_loss': 0.0003, 'train_acc': 1.0}
{'epoch': 85, 'train_loss': 0.0003, 'train_acc': 1.0}
{'epoch': 86, 'train_loss': 0.0003, 'train_acc': 1.0}
{'epoch': 87, 'train_loss': 0.0003, 'train_acc': 1.0}
{'epoch': 88, 'train_loss': 0.0003, 'train_acc': 1.0}
{'epoch': 89, 'train_loss': 0.0003, 'train_acc': 1.0}
{'epoch': 90, 'train_loss': 0.0002, 'train_acc': 1.0}
{'epoch': 91, 'train_loss': 0.0004, 'train_acc': 1.0}
{'epoch': 92, 'train_loss': 0.0002, 'train_acc': 1.0}
{'epoch': 93, 'train_loss': 0.0002, 'train_acc': 1.0}
{'epoch': 94, 'train_loss': 0.0004, 'train_acc': 1.0}
{'epoch': 95, 'train_loss': 0.0004, 'train_acc': 1.0}
{'epoch': 96, 'train_loss': 0.0003, 'train_acc': 1.0}
{'epoch': 97, 'train_loss': 0.0004, 'train_acc': 1.0}
{'epoch': 98, 'train_loss': 0.0003, 'train_acc': 1.0}
{'epoch': 99, 'train_loss': 0.0003, 'train_acc': 1.0}
{'epoch': 100, 'train_loss': 0.0002, 'train_acc': 1.0}
{'run_num': 7, 'final_test_err': 0.17589576547231267}
Files already downloaded and verified
Files already downloaded and verified
{'epoch': 1, 'train_loss': 0.5045, 'train_acc': 0.7464}
{'epoch': 2, 'train_loss': 0.2949, 'train_acc': 0.8623}
{'epoch': 3, 'train_loss': 0.2234, 'train_acc': 0.913}
{'epoch': 4, 'train_loss': 0.2012, 'train_acc': 0.9239}
{'epoch': 5, 'train_loss': 0.1646, 'train_acc': 0.9312}
{'epoch': 6, 'train_loss': 0.1424, 'train_acc': 0.9457}
{'epoch': 7, 'train_loss': 0.0517, 'train_acc': 0.9746}
{'epoch': 8, 'train_loss': 0.0367, 'train_acc': 0.9855}
{'epoch': 9, 'train_loss': 0.016, 'train_acc': 1.0}
{'epoch': 10, 'train_loss': 0.0113, 'train_acc': 0.9964}
{'epoch': 11, 'train_loss': 0.0074, 'train_acc': 1.0}
{'epoch': 12, 'train_loss': 0.0057, 'train_acc': 1.0}
{'epoch': 13, 'train_loss': 0.0042, 'train_acc': 1.0}
{'epoch': 14, 'train_loss': 0.0029, 'train_acc': 1.0}
{'epoch': 15, 'train_loss': 0.0024, 'train_acc': 1.0}
{'epoch': 16, 'train_loss': 0.002, 'train_acc': 1.0}
{'epoch': 17, 'train_loss': 0.0014, 'train_acc': 1.0}
{'epoch': 18, 'train_loss': 0.0015, 'train_acc': 1.0}
{'epoch': 19, 'train_loss': 0.0013, 'train_acc': 1.0}
{'epoch': 20, 'train_loss': 0.0014, 'train_acc': 1.0}
{'epoch': 21, 'train_loss': 0.0012, 'train_acc': 1.0}
{'epoch': 22, 'train_loss': 0.0012, 'train_acc': 1.0}
{'epoch': 23, 'train_loss': 0.0009, 'train_acc': 1.0}
{'epoch': 24, 'train_loss': 0.001, 'train_acc': 1.0}
{'epoch': 25, 'train_loss': 0.0009, 'train_acc': 1.0}
{'epoch': 26, 'train_loss': 0.0006, 'train_acc': 1.0}
{'epoch': 27, 'train_loss': 0.0014, 'train_acc': 1.0}
{'epoch': 28, 'train_loss': 0.0008, 'train_acc': 1.0}
{'epoch': 29, 'train_loss': 0.0009, 'train_acc': 1.0}
{'epoch': 30, 'train_loss': 0.0006, 'train_acc': 1.0}
{'epoch': 31, 'train_loss': 0.0005, 'train_acc': 1.0}
{'epoch': 32, 'train_loss': 0.0008, 'train_acc': 1.0}
{'epoch': 33, 'train_loss': 0.0009, 'train_acc': 1.0}
{'epoch': 34, 'train_loss': 0.0006, 'train_acc': 1.0}
{'epoch': 35, 'train_loss': 0.0008, 'train_acc': 1.0}
{'epoch': 36, 'train_loss': 0.0004, 'train_acc': 1.0}
{'epoch': 37, 'train_loss': 0.0006, 'train_acc': 1.0}
{'epoch': 38, 'train_loss': 0.0006, 'train_acc': 1.0}
{'epoch': 39, 'train_loss': 0.0005, 'train_acc': 1.0}
{'epoch': 40, 'train_loss': 0.0008, 'train_acc': 1.0}
{'epoch': 41, 'train_loss': 0.0005, 'train_acc': 1.0}
{'epoch': 42, 'train_loss': 0.0005, 'train_acc': 1.0}
{'epoch': 43, 'train_loss': 0.0006, 'train_acc': 1.0}
{'epoch': 44, 'train_loss': 0.0006, 'train_acc': 1.0}
{'epoch': 45, 'train_loss': 0.0004, 'train_acc': 1.0}
{'epoch': 46, 'train_loss': 0.0003, 'train_acc': 1.0}
{'epoch': 47, 'train_loss': 0.0003, 'train_acc': 1.0}
{'epoch': 48, 'train_loss': 0.0004, 'train_acc': 1.0}
{'epoch': 49, 'train_loss': 0.0004, 'train_acc': 1.0}
{'epoch': 50, 'train_loss': 0.0006, 'train_acc': 1.0}
{'epoch': 51, 'train_loss': 0.0006, 'train_acc': 1.0}
{'epoch': 52, 'train_loss': 0.0006, 'train_acc': 1.0}
{'epoch': 53, 'train_loss': 0.0005, 'train_acc': 1.0}
{'epoch': 54, 'train_loss': 0.0003, 'train_acc': 1.0}
{'epoch': 55, 'train_loss': 0.0004, 'train_acc': 1.0}
{'epoch': 56, 'train_loss': 0.0004, 'train_acc': 1.0}
{'epoch': 57, 'train_loss': 0.0003, 'train_acc': 1.0}
{'epoch': 58, 'train_loss': 0.0003, 'train_acc': 1.0}
{'epoch': 59, 'train_loss': 0.0004, 'train_acc': 1.0}
{'epoch': 60, 'train_loss': 0.0004, 'train_acc': 1.0}
{'epoch': 61, 'train_loss': 0.0005, 'train_acc': 1.0}
{'epoch': 62, 'train_loss': 0.0004, 'train_acc': 1.0}
{'epoch': 63, 'train_loss': 0.0004, 'train_acc': 1.0}
{'epoch': 64, 'train_loss': 0.0003, 'train_acc': 1.0}
{'epoch': 65, 'train_loss': 0.0004, 'train_acc': 1.0}
{'epoch': 66, 'train_loss': 0.0004, 'train_acc': 1.0}
{'epoch': 67, 'train_loss': 0.0002, 'train_acc': 1.0}
{'epoch': 68, 'train_loss': 0.0003, 'train_acc': 1.0}
{'epoch': 69, 'train_loss': 0.0002, 'train_acc': 1.0}
{'epoch': 70, 'train_loss': 0.0004, 'train_acc': 1.0}
{'epoch': 71, 'train_loss': 0.0008, 'train_acc': 1.0}
{'epoch': 72, 'train_loss': 0.0002, 'train_acc': 1.0}
{'epoch': 73, 'train_loss': 0.0008, 'train_acc': 1.0}
{'epoch': 74, 'train_loss': 0.0003, 'train_acc': 1.0}
{'epoch': 75, 'train_loss': 0.0003, 'train_acc': 1.0}
{'epoch': 76, 'train_loss': 0.0003, 'train_acc': 1.0}
{'epoch': 77, 'train_loss': 0.0003, 'train_acc': 1.0}
{'epoch': 78, 'train_loss': 0.0004, 'train_acc': 1.0}
{'epoch': 79, 'train_loss': 0.0002, 'train_acc': 1.0}
{'epoch': 80, 'train_loss': 0.0004, 'train_acc': 1.0}
{'epoch': 81, 'train_loss': 0.0003, 'train_acc': 1.0}
{'epoch': 82, 'train_loss': 0.0003, 'train_acc': 1.0}
{'epoch': 83, 'train_loss': 0.0003, 'train_acc': 1.0}
{'epoch': 84, 'train_loss': 0.0003, 'train_acc': 1.0}
{'epoch': 85, 'train_loss': 0.0002, 'train_acc': 1.0}
{'epoch': 86, 'train_loss': 0.0004, 'train_acc': 1.0}
{'epoch': 87, 'train_loss': 0.0003, 'train_acc': 1.0}
{'epoch': 88, 'train_loss': 0.0004, 'train_acc': 1.0}
{'epoch': 89, 'train_loss': 0.0005, 'train_acc': 1.0}
{'epoch': 90, 'train_loss': 0.0004, 'train_acc': 1.0}
{'epoch': 91, 'train_loss': 0.0002, 'train_acc': 1.0}
{'epoch': 92, 'train_loss': 0.0003, 'train_acc': 1.0}
{'epoch': 93, 'train_loss': 0.0003, 'train_acc': 1.0}
{'epoch': 94, 'train_loss': 0.0003, 'train_acc': 1.0}
{'epoch': 95, 'train_loss': 0.0003, 'train_acc': 1.0}
{'epoch': 96, 'train_loss': 0.0002, 'train_acc': 1.0}
{'epoch': 97, 'train_loss': 0.0008, 'train_acc': 1.0}
{'epoch': 98, 'train_loss': 0.0012, 'train_acc': 1.0}
{'epoch': 99, 'train_loss': 0.0003, 'train_acc': 1.0}
{'epoch': 100, 'train_loss': 0.0002, 'train_acc': 1.0}
{'run_num': 8, 'final_test_err': 0.15309446254071657}
Files already downloaded and verified
Files already downloaded and verified
{'epoch': 1, 'train_loss': 0.5748, 'train_acc': 0.7319}
{'epoch': 2, 'train_loss': 0.318, 'train_acc': 0.8804}
{'epoch': 3, 'train_loss': 0.1604, 'train_acc': 0.9529}
{'epoch': 4, 'train_loss': 0.0938, 'train_acc': 0.971}
{'epoch': 5, 'train_loss': 0.0886, 'train_acc': 0.9565}
{'epoch': 6, 'train_loss': 0.1161, 'train_acc': 0.9529}
{'epoch': 7, 'train_loss': 0.0905, 'train_acc': 0.971}
{'epoch': 8, 'train_loss': 0.0949, 'train_acc': 0.9674}
{'epoch': 9, 'train_loss': 0.0495, 'train_acc': 0.9819}
{'epoch': 10, 'train_loss': 0.0675, 'train_acc': 0.971}
{'epoch': 11, 'train_loss': 0.1046, 'train_acc': 0.971}
{'epoch': 12, 'train_loss': 0.0377, 'train_acc': 0.9964}
{'epoch': 13, 'train_loss': 0.0155, 'train_acc': 0.9928}
{'epoch': 14, 'train_loss': 0.0118, 'train_acc': 1.0}
{'epoch': 15, 'train_loss': 0.0041, 'train_acc': 1.0}
{'epoch': 16, 'train_loss': 0.0036, 'train_acc': 1.0}
{'epoch': 17, 'train_loss': 0.0062, 'train_acc': 1.0}
{'epoch': 18, 'train_loss': 0.0031, 'train_acc': 1.0}
{'epoch': 19, 'train_loss': 0.0029, 'train_acc': 1.0}
{'epoch': 20, 'train_loss': 0.0022, 'train_acc': 1.0}
{'epoch': 21, 'train_loss': 0.0011, 'train_acc': 1.0}
{'epoch': 22, 'train_loss': 0.0017, 'train_acc': 1.0}
{'epoch': 23, 'train_loss': 0.0011, 'train_acc': 1.0}
{'epoch': 24, 'train_loss': 0.001, 'train_acc': 1.0}
{'epoch': 25, 'train_loss': 0.0008, 'train_acc': 1.0}
{'epoch': 26, 'train_loss': 0.0006, 'train_acc': 1.0}
{'epoch': 27, 'train_loss': 0.0013, 'train_acc': 1.0}
{'epoch': 28, 'train_loss': 0.001, 'train_acc': 1.0}
{'epoch': 29, 'train_loss': 0.0007, 'train_acc': 1.0}
{'epoch': 30, 'train_loss': 0.0006, 'train_acc': 1.0}
{'epoch': 31, 'train_loss': 0.0007, 'train_acc': 1.0}
{'epoch': 32, 'train_loss': 0.0008, 'train_acc': 1.0}
{'epoch': 33, 'train_loss': 0.025, 'train_acc': 0.9928}
{'epoch': 34, 'train_loss': 0.0074, 'train_acc': 0.9964}
{'epoch': 35, 'train_loss': 0.0059, 'train_acc': 0.9964}
{'epoch': 36, 'train_loss': 0.0026, 'train_acc': 1.0}
{'epoch': 37, 'train_loss': 0.0015, 'train_acc': 1.0}
{'epoch': 38, 'train_loss': 0.002, 'train_acc': 1.0}
{'epoch': 39, 'train_loss': 0.0011, 'train_acc': 1.0}
{'epoch': 40, 'train_loss': 0.0013, 'train_acc': 1.0}
{'epoch': 41, 'train_loss': 0.0031, 'train_acc': 1.0}
{'epoch': 42, 'train_loss': 0.0067, 'train_acc': 1.0}
{'epoch': 43, 'train_loss': 0.0046, 'train_acc': 1.0}
{'epoch': 44, 'train_loss': 0.002, 'train_acc': 1.0}
{'epoch': 45, 'train_loss': 0.0014, 'train_acc': 1.0}
{'epoch': 46, 'train_loss': 0.0011, 'train_acc': 1.0}
{'epoch': 47, 'train_loss': 0.0011, 'train_acc': 1.0}
{'epoch': 48, 'train_loss': 0.0018, 'train_acc': 1.0}
{'epoch': 49, 'train_loss': 0.0012, 'train_acc': 1.0}
{'epoch': 50, 'train_loss': 0.0006, 'train_acc': 1.0}
{'epoch': 51, 'train_loss': 0.0007, 'train_acc': 1.0}
{'epoch': 52, 'train_loss': 0.0006, 'train_acc': 1.0}
{'epoch': 53, 'train_loss': 0.0007, 'train_acc': 1.0}
{'epoch': 54, 'train_loss': 0.0009, 'train_acc': 1.0}
{'epoch': 55, 'train_loss': 0.0006, 'train_acc': 1.0}
{'epoch': 56, 'train_loss': 0.0006, 'train_acc': 1.0}
{'epoch': 57, 'train_loss': 0.0006, 'train_acc': 1.0}
{'epoch': 58, 'train_loss': 0.0005, 'train_acc': 1.0}
{'epoch': 59, 'train_loss': 0.0008, 'train_acc': 1.0}
{'epoch': 60, 'train_loss': 0.0008, 'train_acc': 1.0}
{'epoch': 61, 'train_loss': 0.0005, 'train_acc': 1.0}
{'epoch': 62, 'train_loss': 0.0007, 'train_acc': 1.0}
{'epoch': 63, 'train_loss': 0.0003, 'train_acc': 1.0}
{'epoch': 64, 'train_loss': 0.0006, 'train_acc': 1.0}
{'epoch': 65, 'train_loss': 0.0004, 'train_acc': 1.0}
{'epoch': 66, 'train_loss': 0.0008, 'train_acc': 1.0}
{'epoch': 67, 'train_loss': 0.001, 'train_acc': 1.0}
{'epoch': 68, 'train_loss': 0.0007, 'train_acc': 1.0}
{'epoch': 69, 'train_loss': 0.0007, 'train_acc': 1.0}
{'epoch': 70, 'train_loss': 0.0005, 'train_acc': 1.0}
{'epoch': 71, 'train_loss': 0.0005, 'train_acc': 1.0}
{'epoch': 72, 'train_loss': 0.0004, 'train_acc': 1.0}
{'epoch': 73, 'train_loss': 0.0004, 'train_acc': 1.0}
{'epoch': 74, 'train_loss': 0.0003, 'train_acc': 1.0}
{'epoch': 75, 'train_loss': 0.0004, 'train_acc': 1.0}
{'epoch': 76, 'train_loss': 0.0003, 'train_acc': 1.0}
{'epoch': 77, 'train_loss': 0.0004, 'train_acc': 1.0}
{'epoch': 78, 'train_loss': 0.0003, 'train_acc': 1.0}
{'epoch': 79, 'train_loss': 0.0006, 'train_acc': 1.0}
{'epoch': 80, 'train_loss': 0.0005, 'train_acc': 1.0}
{'epoch': 81, 'train_loss': 0.0004, 'train_acc': 1.0}
{'epoch': 82, 'train_loss': 0.0004, 'train_acc': 1.0}
{'epoch': 83, 'train_loss': 0.0003, 'train_acc': 1.0}
{'epoch': 84, 'train_loss': 0.0004, 'train_acc': 1.0}
{'epoch': 85, 'train_loss': 0.0005, 'train_acc': 1.0}
{'epoch': 86, 'train_loss': 0.0007, 'train_acc': 1.0}
{'epoch': 87, 'train_loss': 0.0004, 'train_acc': 1.0}
{'epoch': 88, 'train_loss': 0.0005, 'train_acc': 1.0}
{'epoch': 89, 'train_loss': 0.0004, 'train_acc': 1.0}
{'epoch': 90, 'train_loss': 0.0005, 'train_acc': 1.0}
{'epoch': 91, 'train_loss': 0.001, 'train_acc': 1.0}
{'epoch': 92, 'train_loss': 0.0004, 'train_acc': 1.0}
{'epoch': 93, 'train_loss': 0.0005, 'train_acc': 1.0}
{'epoch': 94, 'train_loss': 0.0004, 'train_acc': 1.0}
{'epoch': 95, 'train_loss': 0.0004, 'train_acc': 1.0}
{'epoch': 96, 'train_loss': 0.0004, 'train_acc': 1.0}
{'epoch': 97, 'train_loss': 0.0004, 'train_acc': 1.0}
{'epoch': 98, 'train_loss': 0.0005, 'train_acc': 1.0}
{'epoch': 99, 'train_loss': 0.0003, 'train_acc': 1.0}
{'epoch': 100, 'train_loss': 0.0004, 'train_acc': 1.0}
{'run_num': 9, 'final_test_err': 0.1368078175895765}
{'avg_err': 0.1743, 'std_err': 0.0255}
