{'deploy': True, 'tag': '01_prelim/nsamples', 'seed': 10, 'device': 'cuda:0', 'reps': 1, 'loss': {'α': 0.5, 'tune_α': False, 'group_task_loss': True}, 'task': {'dataset': 'split_cifar10', 'task_map': [[0, 1], [2, 3], [4, 5], [6, 7], [8, 9]], 'target': 0, 'ood': [1], 'augment': True, 'n': 750, 'm_n': 0, 'β': 0.5, 'custom_sampler': True}, 'hp': {'epochs': 100, 'bs': 16, 'lr': 0.01}, 'net': 'conv'}
Files already downloaded and verified
Files already downloaded and verified
{'epoch': 1, 'train_loss': 0.2412, 'train_acc': 0.7753, 'task_loss': (0.2412, 0.0)}
{'epoch': 2, 'train_loss': 0.203, 'train_acc': 0.8227, 'task_loss': (0.203, 0.0)}
{'epoch': 3, 'train_loss': 0.1752, 'train_acc': 0.848, 'task_loss': (0.1752, 0.0)}
{'epoch': 4, 'train_loss': 0.1732, 'train_acc': 0.8527, 'task_loss': (0.1732, 0.0)}
{'epoch': 5, 'train_loss': 0.1588, 'train_acc': 0.8727, 'task_loss': (0.1588, 0.0)}
{'epoch': 6, 'train_loss': 0.1465, 'train_acc': 0.8687, 'task_loss': (0.1465, 0.0)}
{'epoch': 7, 'train_loss': 0.1502, 'train_acc': 0.87, 'task_loss': (0.1502, 0.0)}
{'epoch': 8, 'train_loss': 0.1346, 'train_acc': 0.8847, 'task_loss': (0.1346, 0.0)}
{'epoch': 9, 'train_loss': 0.1294, 'train_acc': 0.8893, 'task_loss': (0.1294, 0.0)}
{'epoch': 10, 'train_loss': 0.1328, 'train_acc': 0.886, 'task_loss': (0.1328, 0.0)}
{'epoch': 11, 'train_loss': 0.1174, 'train_acc': 0.906, 'task_loss': (0.1174, 0.0)}
{'epoch': 12, 'train_loss': 0.1086, 'train_acc': 0.9027, 'task_loss': (0.1086, 0.0)}
{'epoch': 13, 'train_loss': 0.1079, 'train_acc': 0.9087, 'task_loss': (0.1079, 0.0)}
{'epoch': 14, 'train_loss': 0.1011, 'train_acc': 0.9153, 'task_loss': (0.1011, 0.0)}
{'epoch': 15, 'train_loss': 0.1017, 'train_acc': 0.9167, 'task_loss': (0.1017, 0.0)}
{'epoch': 16, 'train_loss': 0.0939, 'train_acc': 0.9267, 'task_loss': (0.0939, 0.0)}
{'epoch': 17, 'train_loss': 0.1014, 'train_acc': 0.9133, 'task_loss': (0.1014, 0.0)}
{'epoch': 18, 'train_loss': 0.0913, 'train_acc': 0.9267, 'task_loss': (0.0913, 0.0)}
{'epoch': 19, 'train_loss': 0.0845, 'train_acc': 0.9267, 'task_loss': (0.0845, 0.0)}
{'epoch': 20, 'train_loss': 0.0786, 'train_acc': 0.9367, 'task_loss': (0.0786, 0.0)}
{'epoch': 21, 'train_loss': 0.0877, 'train_acc': 0.9253, 'task_loss': (0.0877, 0.0)}
{'epoch': 22, 'train_loss': 0.0582, 'train_acc': 0.9493, 'task_loss': (0.0582, 0.0)}
{'epoch': 23, 'train_loss': 0.0712, 'train_acc': 0.9473, 'task_loss': (0.0712, 0.0)}
{'epoch': 24, 'train_loss': 0.0684, 'train_acc': 0.9413, 'task_loss': (0.0684, 0.0)}
{'epoch': 25, 'train_loss': 0.0839, 'train_acc': 0.93, 'task_loss': (0.0839, 0.0)}
{'epoch': 26, 'train_loss': 0.0608, 'train_acc': 0.952, 'task_loss': (0.0608, 0.0)}
{'epoch': 27, 'train_loss': 0.0701, 'train_acc': 0.9487, 'task_loss': (0.0701, 0.0)}
{'epoch': 28, 'train_loss': 0.0615, 'train_acc': 0.9487, 'task_loss': (0.0615, 0.0)}
{'epoch': 29, 'train_loss': 0.0531, 'train_acc': 0.9587, 'task_loss': (0.0531, 0.0)}
{'epoch': 30, 'train_loss': 0.0667, 'train_acc': 0.9453, 'task_loss': (0.0667, 0.0)}
{'epoch': 31, 'train_loss': 0.0561, 'train_acc': 0.966, 'task_loss': (0.0561, 0.0)}
{'epoch': 32, 'train_loss': 0.051, 'train_acc': 0.964, 'task_loss': (0.051, 0.0)}
{'epoch': 33, 'train_loss': 0.0531, 'train_acc': 0.9527, 'task_loss': (0.0531, 0.0)}
{'epoch': 34, 'train_loss': 0.0436, 'train_acc': 0.9653, 'task_loss': (0.0436, 0.0)}
{'epoch': 35, 'train_loss': 0.0561, 'train_acc': 0.9573, 'task_loss': (0.0561, 0.0)}
{'epoch': 36, 'train_loss': 0.0454, 'train_acc': 0.9647, 'task_loss': (0.0454, 0.0)}
{'epoch': 37, 'train_loss': 0.045, 'train_acc': 0.966, 'task_loss': (0.045, 0.0)}
{'epoch': 38, 'train_loss': 0.0373, 'train_acc': 0.9707, 'task_loss': (0.0373, 0.0)}
{'epoch': 39, 'train_loss': 0.0395, 'train_acc': 0.9713, 'task_loss': (0.0395, 0.0)}
{'epoch': 40, 'train_loss': 0.0388, 'train_acc': 0.974, 'task_loss': (0.0388, 0.0)}
{'epoch': 41, 'train_loss': 0.0378, 'train_acc': 0.97, 'task_loss': (0.0378, 0.0)}
{'epoch': 42, 'train_loss': 0.0391, 'train_acc': 0.974, 'task_loss': (0.0391, 0.0)}
{'epoch': 43, 'train_loss': 0.0366, 'train_acc': 0.978, 'task_loss': (0.0366, 0.0)}
{'epoch': 44, 'train_loss': 0.0322, 'train_acc': 0.9767, 'task_loss': (0.0322, 0.0)}
{'epoch': 45, 'train_loss': 0.0407, 'train_acc': 0.9673, 'task_loss': (0.0407, 0.0)}
{'epoch': 46, 'train_loss': 0.0322, 'train_acc': 0.9747, 'task_loss': (0.0322, 0.0)}
{'epoch': 47, 'train_loss': 0.0324, 'train_acc': 0.9767, 'task_loss': (0.0324, 0.0)}
{'epoch': 48, 'train_loss': 0.0272, 'train_acc': 0.9847, 'task_loss': (0.0272, 0.0)}
{'epoch': 49, 'train_loss': 0.0299, 'train_acc': 0.9753, 'task_loss': (0.0299, 0.0)}
{'epoch': 50, 'train_loss': 0.0331, 'train_acc': 0.9767, 'task_loss': (0.0331, 0.0)}
{'epoch': 51, 'train_loss': 0.0268, 'train_acc': 0.9793, 'task_loss': (0.0268, 0.0)}
{'epoch': 52, 'train_loss': 0.0307, 'train_acc': 0.9753, 'task_loss': (0.0307, 0.0)}
{'epoch': 53, 'train_loss': 0.0293, 'train_acc': 0.9767, 'task_loss': (0.0293, 0.0)}
{'epoch': 54, 'train_loss': 0.0231, 'train_acc': 0.9833, 'task_loss': (0.0231, 0.0)}
{'epoch': 55, 'train_loss': 0.0269, 'train_acc': 0.9793, 'task_loss': (0.0269, 0.0)}
{'epoch': 56, 'train_loss': 0.0241, 'train_acc': 0.9847, 'task_loss': (0.0241, 0.0)}
{'epoch': 57, 'train_loss': 0.0278, 'train_acc': 0.9807, 'task_loss': (0.0278, 0.0)}
{'epoch': 58, 'train_loss': 0.0215, 'train_acc': 0.9847, 'task_loss': (0.0215, 0.0)}
{'epoch': 59, 'train_loss': 0.019, 'train_acc': 0.9873, 'task_loss': (0.019, 0.0)}
{'epoch': 60, 'train_loss': 0.0196, 'train_acc': 0.986, 'task_loss': (0.0196, 0.0)}
{'epoch': 61, 'train_loss': 0.0171, 'train_acc': 0.9873, 'task_loss': (0.0171, 0.0)}
{'epoch': 62, 'train_loss': 0.0217, 'train_acc': 0.9853, 'task_loss': (0.0217, 0.0)}
{'epoch': 63, 'train_loss': 0.0176, 'train_acc': 0.99, 'task_loss': (0.0176, 0.0)}
{'epoch': 64, 'train_loss': 0.0188, 'train_acc': 0.988, 'task_loss': (0.0188, 0.0)}
{'epoch': 65, 'train_loss': 0.0192, 'train_acc': 0.9833, 'task_loss': (0.0192, 0.0)}
{'epoch': 66, 'train_loss': 0.0218, 'train_acc': 0.9873, 'task_loss': (0.0218, 0.0)}
{'epoch': 67, 'train_loss': 0.0136, 'train_acc': 0.9933, 'task_loss': (0.0136, 0.0)}
{'epoch': 68, 'train_loss': 0.0148, 'train_acc': 0.99, 'task_loss': (0.0148, 0.0)}
{'epoch': 69, 'train_loss': 0.0125, 'train_acc': 0.9927, 'task_loss': (0.0125, 0.0)}
{'epoch': 70, 'train_loss': 0.0112, 'train_acc': 0.9947, 'task_loss': (0.0112, 0.0)}
{'epoch': 71, 'train_loss': 0.0149, 'train_acc': 0.99, 'task_loss': (0.0149, 0.0)}
{'epoch': 72, 'train_loss': 0.0176, 'train_acc': 0.9907, 'task_loss': (0.0176, 0.0)}
{'epoch': 73, 'train_loss': 0.0101, 'train_acc': 0.994, 'task_loss': (0.0101, 0.0)}
{'epoch': 74, 'train_loss': 0.0149, 'train_acc': 0.9893, 'task_loss': (0.0149, 0.0)}
{'epoch': 75, 'train_loss': 0.0122, 'train_acc': 0.994, 'task_loss': (0.0122, 0.0)}
{'epoch': 76, 'train_loss': 0.0132, 'train_acc': 0.992, 'task_loss': (0.0132, 0.0)}
{'epoch': 77, 'train_loss': 0.0152, 'train_acc': 0.9907, 'task_loss': (0.0152, 0.0)}
{'epoch': 78, 'train_loss': 0.0136, 'train_acc': 0.9913, 'task_loss': (0.0136, 0.0)}
{'epoch': 79, 'train_loss': 0.0162, 'train_acc': 0.9887, 'task_loss': (0.0162, 0.0)}
{'epoch': 80, 'train_loss': 0.0126, 'train_acc': 0.9913, 'task_loss': (0.0126, 0.0)}
{'epoch': 81, 'train_loss': 0.0142, 'train_acc': 0.99, 'task_loss': (0.0142, 0.0)}
{'epoch': 82, 'train_loss': 0.0114, 'train_acc': 0.9933, 'task_loss': (0.0114, 0.0)}
{'epoch': 83, 'train_loss': 0.0108, 'train_acc': 0.9953, 'task_loss': (0.0108, 0.0)}
{'epoch': 84, 'train_loss': 0.0095, 'train_acc': 0.9933, 'task_loss': (0.0095, 0.0)}
{'epoch': 85, 'train_loss': 0.0108, 'train_acc': 0.994, 'task_loss': (0.0108, 0.0)}
{'epoch': 86, 'train_loss': 0.0131, 'train_acc': 0.9913, 'task_loss': (0.0131, 0.0)}
{'epoch': 87, 'train_loss': 0.0082, 'train_acc': 0.9967, 'task_loss': (0.0082, 0.0)}
{'epoch': 88, 'train_loss': 0.013, 'train_acc': 0.9927, 'task_loss': (0.013, 0.0)}
{'epoch': 89, 'train_loss': 0.0103, 'train_acc': 0.994, 'task_loss': (0.0103, 0.0)}
{'epoch': 90, 'train_loss': 0.015, 'train_acc': 0.9873, 'task_loss': (0.015, 0.0)}
{'epoch': 91, 'train_loss': 0.0119, 'train_acc': 0.994, 'task_loss': (0.0119, 0.0)}
{'epoch': 92, 'train_loss': 0.0108, 'train_acc': 0.9933, 'task_loss': (0.0108, 0.0)}
{'epoch': 93, 'train_loss': 0.0108, 'train_acc': 0.9947, 'task_loss': (0.0108, 0.0)}
{'epoch': 94, 'train_loss': 0.0106, 'train_acc': 0.9947, 'task_loss': (0.0106, 0.0)}
{'epoch': 95, 'train_loss': 0.0117, 'train_acc': 0.992, 'task_loss': (0.0117, 0.0)}
{'epoch': 96, 'train_loss': 0.0128, 'train_acc': 0.9927, 'task_loss': (0.0128, 0.0)}
{'epoch': 97, 'train_loss': 0.0117, 'train_acc': 0.9927, 'task_loss': (0.0117, 0.0)}
{'epoch': 98, 'train_loss': 0.0089, 'train_acc': 0.996, 'task_loss': (0.0089, 0.0)}
{'epoch': 99, 'train_loss': 0.0138, 'train_acc': 0.992, 'task_loss': (0.0138, 0.0)}
{'epoch': 100, 'train_loss': 0.0116, 'train_acc': 0.994, 'task_loss': (0.0116, 0.0)}
{'run_num': 0, 'final_test_err': 0.24824999999999997}
{'avg_err': 0.2482, 'std_err': 0.0}
